
          -------------------------------------------------------
          Amber 16 PMEMD                              2016
          -------------------------------------------------------

| PMEMD implementation of SANDER, Release 16

| Run on 09/27/2017 at 10:04:31

|   Executable path: /apps/amber16/bin/pmemd.cuda
| Working directory: /scratch/pbarletta/pdz/run/lb/neq/data/1
|          Hostname: isengard

  [-O]verwriting output

File Assignments:
|   MDIN: pdt.in                                                                
|  MDOUT: 102plb_1.out                                                          
| INPCRD: /scratch/pbarletta/pdz/run/lb/neq/starting_frames/102_lb.rst7         
|   PARM: /scratch/pbarletta/pdz/top_files/lb.prmtop                            
| RESTRT: 102plb_1.rst7                                                         
|   REFC: refc                                                                  
|  MDVEL: mdvel                                                                 
|   MDEN: mden                                                                  
|  MDCRD: 102plb_1.nc                                                           
| MDINFO: mdinfo                                                                
|  MDFRC: mdfrc                                                                 


 Here is the input file:

!NVE run                                                                       
&cntrl                                                                         
imin = 0,                           ! No Minimization                          
nmropt = 0,                         ! No NMR restraints read                   
                                                                               
! Nature and format of the input                                               
ntx = 5,                            ! Coordinates and velocities will be read  
irest = 1,                          ! Restart simulation                       
                                                                               
! Nature and format of the output                                              
ioutfm = 1,			    ! NetCDF format for output files                             
ntxo = 1,                           ! rstrt file in ASCII format               
ntpr = 500,                         ! inf in output every ntpr steps           
ntwr = 500,                         ! rstrt file every ntwr steps              
ntwx = 20,                          ! mdcrd file every ntwx steps              
ntwv = -1,                          ! mdvel with velocities                    
ntwe = 0,                           ! Energies and temperatures not written in 
idecomp = 0,                        ! No energy decomposition                  
iwrap = 1,                          ! Coordinates of the restart and mdcrd file
                                                                               
! Frozen or restrained atoms                                                   
ibelly = 0,                         ! No frozen atoms                          
ntr=0,                              ! Harmonic potential restraints            
                                                                               
! Molecular dynamics                                                           
nstlim = 20000,                     ! Number of MD-steps                       
dt = 0.0005,                        ! Time step                                
                                                                               
! Temperature regulation                                                       
ntt = 3,                            ! Langevin thermostat                      
gamma_ln = 2,                       ! Gamma constant for Langevin              
temp0 = 300.0,                      ! Reference T at which the system is to be 
tempi = 300.0,                      ! Initial T                                
                                                                               
! P and V regulation                                                           
ntp = 0,                            ! No P control                             
ntb = 1,                            ! constant V                               
                                                                               
! SHAKE variables                                                              
ntc = 1,                            ! No SHAKE                                 
ntf = 1,                            ! Get E with allatom                       
                                                                               
cut = 9.0,                          ! Nonbonded cutoff                         
/                                                                              
&end                                                                           


Note: ig = -1. Setting random seed to   768678 based on wallclock time in 
      microseconds.
| irandom = 1, using AMBER's internal random number generator (default).
 
|--------------------- INFORMATION ----------------------
| GPU (CUDA) Version of PMEMD in use: NVIDIA GPU IN USE.
|                    Version 16.0.0
| 
|                      02/25/2016
| 
| Implementation by:
|                    Ross C. Walker     (SDSC)
|                    Scott Le Grand     (nVIDIA)
| 
| Precision model in use:
|      [SPFP] - Single Precision Forces, 64-bit Fixed Point
|               Accumulation. (Default)
| 
|--------------------------------------------------------
 
|----------------- CITATION INFORMATION -----------------
|
|    When publishing work that utilized the CUDA version
|    of AMBER, please cite the following in addition to
|    the regular AMBER citations:
|
|  - Romelia Salomon-Ferrer; Andreas W. Goetz; Duncan
|    Poole; Scott Le Grand; Ross C. Walker "Routine
|    microsecond molecular dynamics simulations with
|    AMBER - Part II: Particle Mesh Ewald", J. Chem.
|    Theory Comput., 2013, 9 (9), pp3878-3888,
|    DOI: 10.1021/ct400314y.
|
|  - Andreas W. Goetz; Mark J. Williamson; Dong Xu;
|    Duncan Poole; Scott Le Grand; Ross C. Walker
|    "Routine microsecond molecular dynamics simulations
|    with AMBER - Part I: Generalized Born", J. Chem.
|    Theory Comput., 2012, 8 (5), pp1542-1555.
|
|  - Scott Le Grand; Andreas W. Goetz; Ross C. Walker
|    "SPFP: Speed without compromise - a mixed precision
|    model for GPU accelerated molecular dynamics
|    simulations.", Comp. Phys. Comm., 2013, 184
|    pp374-380, DOI: 10.1016/j.cpc.2012.09.022
|
|--------------------------------------------------------
 
|------------------- GPU DEVICE INFO --------------------
|
|            CUDA_VISIBLE_DEVICES: 0
|   CUDA Capable Devices Detected:      1
|           CUDA Device ID in use:      0
|                CUDA Device Name: Quadro GP100
|     CUDA Device Global Mem Size:  16273 MB
| CUDA Device Num Multiprocessors:     56
|           CUDA Device Core Freq:   1.44 GHz
|
|--------------------------------------------------------
 
 
| Conditional Compilation Defines Used:
| PUBFFT
| BINTRAJ
| CUDA
| EMIL

| Largest sphere to fit in unit cell has radius =    29.652

| New format PARM file being parsed.
| Version =    1.000 Date = 09/01/17 Time = 19:23:45

| Note: 1-4 EEL scale factors are being read from the topology file.

| Note: 1-4 VDW scale factors are being read from the topology file.
| Duplicated    0 dihedrals

| Duplicated    0 dihedrals

--------------------------------------------------------------------------------
   1.  RESOURCE   USE: 
--------------------------------------------------------------------------------

 getting new box info from bottom of inpcrd
 NATOM  =   29433 NTYPES =      16 NBONH =   28406 MBONA  =    1038
 NTHETH =    2390 MTHETA =    1396 NPHIH =    4771 MPHIA  =    4486
 NHPARM =       0 NPARM  =       0 NNB   =   47902 NRES   =    9251
 NBONA  =    1038 NTHETA =    1396 NPHIA =    4486 NUMBND =      69
 NUMANG =     160 NPTRA  =     189 NATYP =      34 NPHB   =       1
 IFBOX  =       2 NMXRS  =      24 IFCAP =       0 NEXTRA =       0
 NCOPY  =       0

| Coordinate Index Table dimensions:    12   12   12
| Direct force subcell size =     6.0528    6.0528    6.0528

     BOX TYPE: TRUNCATED OCTAHEDRON

--------------------------------------------------------------------------------
   2.  CONTROL  DATA  FOR  THE  RUN
--------------------------------------------------------------------------------

default_name                                                                    

General flags:
     imin    =       0, nmropt  =       0

Nature and format of input:
     ntx     =       5, irest   =       1, ntrx    =       1

Nature and format of output:
     ntxo    =       1, ntpr    =     500, ntrx    =       1, ntwr    =     500
     iwrap   =       1, ntwx    =      20, ntwv    =      -1, ntwe    =       0
     ioutfm  =       1, ntwprt  =       0, idecomp =       0, rbornstat=      0

Potential function:
     ntf     =       1, ntb     =       1, igb     =       0, nsnb    =      25
     ipol    =       0, gbsa    =       0, iesp    =       0
     dielc   =   1.00000, cut     =   9.00000, intdiel =   1.00000

Frozen or restrained atoms:
     ibelly  =       0, ntr     =       0

Molecular dynamics:
     nstlim  =     20000, nscm    =      1000, nrespa  =         1
     t       =   0.00000, dt      =   0.00050, vlimit  =  -1.00000

Langevin dynamics temperature regulation:
     ig      =  768678
     temp0   = 300.00000, tempi   = 300.00000, gamma_ln=   2.00000

| Intermolecular bonds treatment:
|     no_intermolecular_bonds =       1

| Energy averages sample interval:
|     ene_avg_sampling =     500

Ewald parameters:
     verbose =       0, ew_type =       0, nbflag  =       1, use_pme =       1
     vdwmeth =       1, eedmeth =       1, netfrc  =       1
     Box X =   72.633   Box Y =   72.633   Box Z =   72.633
     Alpha =  109.471   Beta  =  109.471   Gamma =  109.471
     NFFT1 =   80       NFFT2 =   80       NFFT3 =   80
     Cutoff=    9.000   Tol   =0.100E-04
     Ewald Coefficient =  0.30768
     Interpolation order =    4

--------------------------------------------------------------------------------
   3.  ATOMIC COORDINATES AND VELOCITIES
--------------------------------------------------------------------------------

Cpptraj Generated Restart                                                       
 begin time read from input coords =209000.000 ps

 
 Number of triangulated 3-point waters found:     9119

     Sum of charges from parm topology file =  -0.00000008
     Forcing neutrality...

| Dynamic Memory, Types Used:
| Reals              870797
| Integers           902230

| Nonbonded Pairs Initial Allocation:     6710724

| GPU memory information (estimate):
| KB of GPU memory in use:    190142
| KB of CPU memory in use:     45122

--------------------------------------------------------------------------------
   4.  RESULTS
--------------------------------------------------------------------------------

 ---------------------------------------------------
 APPROXIMATING switch and d/dx switch using CUBIC SPLINE INTERPOLATION
 using   5000.0 points per unit in tabled values
 TESTING RELATIVE ERROR over r ranging from 0.0 to cutoff
| CHECK switch(x): max rel err =   0.2738E-14   at   2.422500
| CHECK d/dx switch(x): max rel err =   0.8314E-11   at   2.736960
 ---------------------------------------------------
|---------------------------------------------------
| APPROXIMATING direct energy using CUBIC SPLINE INTERPOLATION
|  with   50.0 points per unit in tabled values
| Relative Error Limit not exceeded for r .gt.   2.39
| APPROXIMATING direct force using CUBIC SPLINE INTERPOLATION
|  with   50.0 points per unit in tabled values
| Relative Error Limit not exceeded for r .gt.   2.84
|---------------------------------------------------

 NSTEP =      500   TIME(PS) =  209000.250  TEMP(K) =   272.00  PRESS =     0.0
 Etot   =    -69896.3976  EKtot   =     23863.2422  EPtot      =    -93759.6398
 BOND   =      8848.7669  ANGLE   =      1001.4247  DIHED      =      1651.3850
 1-4 NB =       438.8295  1-4 EEL =      4509.7055  VDWAALS    =     15801.3736
 EELEC  =   -126011.1250  EHBOND  =         0.0000  RESTRAINT  =         0.0000
 ------------------------------------------------------------------------------


 NSTEP =     1000   TIME(PS) =  209000.500  TEMP(K) =   284.11  PRESS =     0.0
 Etot   =    -68193.0541  EKtot   =     24926.3906  EPtot      =    -93119.4447
 BOND   =     13043.8391  ANGLE   =      1001.0439  DIHED      =      1652.1446
 1-4 NB =       435.4780  1-4 EEL =      4520.7906  VDWAALS    =     16190.0146
 EELEC  =   -129962.7556  EHBOND  =         0.0000  RESTRAINT  =         0.0000
 ------------------------------------------------------------------------------


 NSTEP =     1500   TIME(PS) =  209000.750  TEMP(K) =   290.63  PRESS =     0.0
 Etot   =    -67044.6194  EKtot   =     25497.6016  EPtot      =    -92542.2209
 BOND   =     14849.9558  ANGLE   =      1059.3435  DIHED      =      1618.5594
 1-4 NB =       419.5878  1-4 EEL =      4502.8011  VDWAALS    =     16100.6721
 EELEC  =   -131093.1406  EHBOND  =         0.0000  RESTRAINT  =         0.0000
 ------------------------------------------------------------------------------


 NSTEP =     2000   TIME(PS) =  209001.000  TEMP(K) =   296.02  PRESS =     0.0
 Etot   =    -66742.6394  EKtot   =     25970.8301  EPtot      =    -92713.4694
 BOND   =     15289.0272  ANGLE   =      1036.4827  DIHED      =      1662.8417
 1-4 NB =       434.7165  1-4 EEL =      4543.9662  VDWAALS    =     16292.7570
 EELEC  =   -131973.2608  EHBOND  =         0.0000  RESTRAINT  =         0.0000
 ------------------------------------------------------------------------------


 NSTEP =     2500   TIME(PS) =  209001.250  TEMP(K) =   296.87  PRESS =     0.0
 Etot   =    -66615.5905  EKtot   =     26045.8281  EPtot      =    -92661.4186
 BOND   =     15536.6818  ANGLE   =      1034.1679  DIHED      =      1644.0517
 1-4 NB =       445.4588  1-4 EEL =      4480.7964  VDWAALS    =     16770.1273
 EELEC  =   -132572.7024  EHBOND  =         0.0000  RESTRAINT  =         0.0000
 ------------------------------------------------------------------------------


 NSTEP =     3000   TIME(PS) =  209001.500  TEMP(K) =   300.28  PRESS =     0.0
 Etot   =    -66243.8530  EKtot   =     26344.4648  EPtot      =    -92588.3179
 BOND   =     15955.8031  ANGLE   =      1069.8447  DIHED      =      1637.9642
 1-4 NB =       462.5243  1-4 EEL =      4520.0318  VDWAALS    =     16519.5871
 EELEC  =   -132754.0731  EHBOND  =         0.0000  RESTRAINT  =         0.0000
 ------------------------------------------------------------------------------


 NSTEP =     3500   TIME(PS) =  209001.750  TEMP(K) =   300.43  PRESS =     0.0
 Etot   =    -66447.8018  EKtot   =     26357.9648  EPtot      =    -92805.7666
 BOND   =     16218.4868  ANGLE   =      1021.5282  DIHED      =      1636.2213
 1-4 NB =       452.1909  1-4 EEL =      4526.6764  VDWAALS    =     16586.0398
 EELEC  =   -133246.9100  EHBOND  =         0.0000  RESTRAINT  =         0.0000
 ------------------------------------------------------------------------------


 NSTEP =     4000   TIME(PS) =  209002.000  TEMP(K) =   300.54  PRESS =     0.0
 Etot   =    -66319.7322  EKtot   =     26367.4531  EPtot      =    -92687.1853
 BOND   =     16334.5260  ANGLE   =      1055.5010  DIHED      =      1661.8617
 1-4 NB =       425.9955  1-4 EEL =      4519.9649  VDWAALS    =     16625.6654
 EELEC  =   -133310.6998  EHBOND  =         0.0000  RESTRAINT  =         0.0000
 ------------------------------------------------------------------------------


 NSTEP =     4500   TIME(PS) =  209002.250  TEMP(K) =   298.47  PRESS =     0.0
 Etot   =    -66506.0547  EKtot   =     26185.4746  EPtot      =    -92691.5293
 BOND   =     16190.4245  ANGLE   =      1047.5577  DIHED      =      1668.3445
 1-4 NB =       429.7550  1-4 EEL =      4520.5800  VDWAALS    =     16591.7962
 EELEC  =   -133139.9872  EHBOND  =         0.0000  RESTRAINT  =         0.0000
 ------------------------------------------------------------------------------


 NSTEP =     5000   TIME(PS) =  209002.500  TEMP(K) =   300.59  PRESS =     0.0
 Etot   =    -66617.5729  EKtot   =     26372.1562  EPtot      =    -92989.7292
 BOND   =     16200.0998  ANGLE   =      1035.9978  DIHED      =      1651.4456
 1-4 NB =       443.6827  1-4 EEL =      4501.0721  VDWAALS    =     16907.1074
 EELEC  =   -133729.1347  EHBOND  =         0.0000  RESTRAINT  =         0.0000
 ------------------------------------------------------------------------------


 NSTEP =     5500   TIME(PS) =  209002.750  TEMP(K) =   298.05  PRESS =     0.0
 Etot   =    -66735.5118  EKtot   =     26149.1055  EPtot      =    -92884.6173
 BOND   =     16275.5687  ANGLE   =      1044.9592  DIHED      =      1673.2596
 1-4 NB =       445.0278  1-4 EEL =      4496.1429  VDWAALS    =     17173.5221
 EELEC  =   -133993.0977  EHBOND  =         0.0000  RESTRAINT  =         0.0000
 ------------------------------------------------------------------------------


 NSTEP =     6000   TIME(PS) =  209003.000  TEMP(K) =   299.34  PRESS =     0.0
 Etot   =    -66734.7298  EKtot   =     26262.1914  EPtot      =    -92996.9212
 BOND   =     16337.8912  ANGLE   =      1025.5998  DIHED      =      1658.5971
 1-4 NB =       458.0667  1-4 EEL =      4515.8124  VDWAALS    =     16739.0150
 EELEC  =   -133731.9033  EHBOND  =         0.0000  RESTRAINT  =         0.0000
 ------------------------------------------------------------------------------


 NSTEP =     6500   TIME(PS) =  209003.250  TEMP(K) =   298.57  PRESS =     0.0
 Etot   =    -66741.5703  EKtot   =     26194.5938  EPtot      =    -92936.1640
 BOND   =     16361.6431  ANGLE   =      1058.8789  DIHED      =      1674.5921
 1-4 NB =       432.7747  1-4 EEL =      4506.7754  VDWAALS    =     17067.6188
 EELEC  =   -134038.4470  EHBOND  =         0.0000  RESTRAINT  =         0.0000
 ------------------------------------------------------------------------------


 NSTEP =     7000   TIME(PS) =  209003.500  TEMP(K) =   297.72  PRESS =     0.0
 Etot   =    -66788.2000  EKtot   =     26120.0977  EPtot      =    -92908.2977
 BOND   =     16461.6361  ANGLE   =      1044.7225  DIHED      =      1667.7166
 1-4 NB =       433.4640  1-4 EEL =      4500.5310  VDWAALS    =     16875.3917
 EELEC  =   -133891.7596  EHBOND  =         0.0000  RESTRAINT  =         0.0000
 ------------------------------------------------------------------------------


 NSTEP =     7500   TIME(PS) =  209003.750  TEMP(K) =   300.94  PRESS =     0.0
 Etot   =    -66752.9248  EKtot   =     26402.2715  EPtot      =    -93155.1963
 BOND   =     16465.8181  ANGLE   =      1108.8185  DIHED      =      1631.0953
 1-4 NB =       438.5641  1-4 EEL =      4525.1540  VDWAALS    =     17076.0819
 EELEC  =   -134400.7280  EHBOND  =         0.0000  RESTRAINT  =         0.0000
 ------------------------------------------------------------------------------


 NSTEP =     8000   TIME(PS) =  209004.000  TEMP(K) =   295.30  PRESS =     0.0
 Etot   =    -67014.8555  EKtot   =     25907.5723  EPtot      =    -92922.4278
 BOND   =     16314.3707  ANGLE   =      1076.1940  DIHED      =      1642.5223
 1-4 NB =       429.9263  1-4 EEL =      4485.4335  VDWAALS    =     16925.6098
 EELEC  =   -133796.4843  EHBOND  =         0.0000  RESTRAINT  =         0.0000
 ------------------------------------------------------------------------------


 NSTEP =     8500   TIME(PS) =  209004.250  TEMP(K) =   299.32  PRESS =     0.0
 Etot   =    -66766.0155  EKtot   =     26260.2695  EPtot      =    -93026.2851
 BOND   =     16308.6852  ANGLE   =      1070.2678  DIHED      =      1644.6767
 1-4 NB =       427.8372  1-4 EEL =      4541.5152  VDWAALS    =     16846.9514
 EELEC  =   -133866.2187  EHBOND  =         0.0000  RESTRAINT  =         0.0000
 ------------------------------------------------------------------------------


 NSTEP =     9000   TIME(PS) =  209004.500  TEMP(K) =   298.57  PRESS =     0.0
 Etot   =    -66773.4044  EKtot   =     26194.8125  EPtot      =    -92968.2169
 BOND   =     16398.6507  ANGLE   =      1032.2342  DIHED      =      1659.0872
 1-4 NB =       437.2374  1-4 EEL =      4513.7192  VDWAALS    =     16624.0834
 EELEC  =   -133633.2290  EHBOND  =         0.0000  RESTRAINT  =         0.0000
 ------------------------------------------------------------------------------


 NSTEP =     9500   TIME(PS) =  209004.750  TEMP(K) =   299.70  PRESS =     0.0
 Etot   =    -66501.3647  EKtot   =     26294.0215  EPtot      =    -92795.3862
 BOND   =     16426.0719  ANGLE   =      1042.2095  DIHED      =      1645.0124
 1-4 NB =       435.6159  1-4 EEL =      4526.3453  VDWAALS    =     17178.8972
 EELEC  =   -134049.5384  EHBOND  =         0.0000  RESTRAINT  =         0.0000
 ------------------------------------------------------------------------------


 NSTEP =    10000   TIME(PS) =  209005.000  TEMP(K) =   299.83  PRESS =     0.0
 Etot   =    -66684.0588  EKtot   =     26305.1230  EPtot      =    -92989.1818
 BOND   =     16490.2759  ANGLE   =      1016.6904  DIHED      =      1666.4441
 1-4 NB =       445.8209  1-4 EEL =      4520.2675  VDWAALS    =     16850.0853
 EELEC  =   -133978.7659  EHBOND  =         0.0000  RESTRAINT  =         0.0000
 ------------------------------------------------------------------------------


 NSTEP =    10500   TIME(PS) =  209005.250  TEMP(K) =   299.71  PRESS =     0.0
 Etot   =    -66803.1320  EKtot   =     26294.6660  EPtot      =    -93097.7980
 BOND   =     16508.4926  ANGLE   =      1040.9986  DIHED      =      1652.1881
 1-4 NB =       445.8134  1-4 EEL =      4517.8466  VDWAALS    =     17143.8504
 EELEC  =   -134406.9878  EHBOND  =         0.0000  RESTRAINT  =         0.0000
 ------------------------------------------------------------------------------


 NSTEP =    11000   TIME(PS) =  209005.500  TEMP(K) =   298.11  PRESS =     0.0
 Etot   =    -66930.3507  EKtot   =     26153.9570  EPtot      =    -93084.3077
 BOND   =     16394.4128  ANGLE   =      1023.5494  DIHED      =      1638.5642
 1-4 NB =       449.9156  1-4 EEL =      4503.0721  VDWAALS    =     16826.7007
 EELEC  =   -133920.5226  EHBOND  =         0.0000  RESTRAINT  =         0.0000
 ------------------------------------------------------------------------------


 NSTEP =    11500   TIME(PS) =  209005.750  TEMP(K) =   300.40  PRESS =     0.0
 Etot   =    -66745.6175  EKtot   =     26355.1562  EPtot      =    -93100.7737
 BOND   =     16561.7986  ANGLE   =       994.2035  DIHED      =      1674.7602
 1-4 NB =       456.5940  1-4 EEL =      4555.3711  VDWAALS    =     17068.7310
 EELEC  =   -134412.2320  EHBOND  =         0.0000  RESTRAINT  =         0.0000
 ------------------------------------------------------------------------------


 NSTEP =    12000   TIME(PS) =  209006.000  TEMP(K) =   301.38  PRESS =     0.0
 Etot   =    -66658.0165  EKtot   =     26441.4785  EPtot      =    -93099.4950
 BOND   =     16630.6685  ANGLE   =      1023.3501  DIHED      =      1660.0261
 1-4 NB =       449.3450  1-4 EEL =      4540.5249  VDWAALS    =     16660.8172
 EELEC  =   -134064.2268  EHBOND  =         0.0000  RESTRAINT  =         0.0000
 ------------------------------------------------------------------------------


 NSTEP =    12500   TIME(PS) =  209006.250  TEMP(K) =   296.75  PRESS =     0.0
 Etot   =    -66641.2559  EKtot   =     26034.7656  EPtot      =    -92676.0215
 BOND   =     16690.9022  ANGLE   =      1023.2990  DIHED      =      1652.6687
 1-4 NB =       441.5071  1-4 EEL =      4522.8125  VDWAALS    =     16864.8898
 EELEC  =   -133872.1009  EHBOND  =         0.0000  RESTRAINT  =         0.0000
 ------------------------------------------------------------------------------


 NSTEP =    13000   TIME(PS) =  209006.500  TEMP(K) =   301.73  PRESS =     0.0
 Etot   =    -66280.0164  EKtot   =     26471.4551  EPtot      =    -92751.4715
 BOND   =     16522.3104  ANGLE   =      1046.5183  DIHED      =      1667.9318
 1-4 NB =       449.7882  1-4 EEL =      4523.5075  VDWAALS    =     17292.0824
 EELEC  =   -134253.6102  EHBOND  =         0.0000  RESTRAINT  =         0.0000
 ------------------------------------------------------------------------------


 NSTEP =    13500   TIME(PS) =  209006.750  TEMP(K) =   302.06  PRESS =     0.0
 Etot   =    -66416.3184  EKtot   =     26500.7617  EPtot      =    -92917.0802
 BOND   =     16263.9896  ANGLE   =      1039.0386  DIHED      =      1658.1679
 1-4 NB =       441.1321  1-4 EEL =      4513.9795  VDWAALS    =     17161.2083
 EELEC  =   -133994.5962  EHBOND  =         0.0000  RESTRAINT  =         0.0000
 ------------------------------------------------------------------------------


 NSTEP =    14000   TIME(PS) =  209007.000  TEMP(K) =   302.87  PRESS =     0.0
 Etot   =    -66323.5888  EKtot   =     26571.5527  EPtot      =    -92895.1415
 BOND   =     16429.1041  ANGLE   =      1028.5390  DIHED      =      1662.9171
 1-4 NB =       440.9456  1-4 EEL =      4495.8833  VDWAALS    =     17035.8020
 EELEC  =   -133988.3327  EHBOND  =         0.0000  RESTRAINT  =         0.0000
 ------------------------------------------------------------------------------


 NSTEP =    14500   TIME(PS) =  209007.250  TEMP(K) =   301.12  PRESS =     0.0
 Etot   =    -66292.0976  EKtot   =     26418.2422  EPtot      =    -92710.3398
 BOND   =     16528.0560  ANGLE   =      1061.3666  DIHED      =      1682.3654
 1-4 NB =       460.4051  1-4 EEL =      4521.6011  VDWAALS    =     17024.9708
 EELEC  =   -133989.1048  EHBOND  =         0.0000  RESTRAINT  =         0.0000
 ------------------------------------------------------------------------------


 NSTEP =    15000   TIME(PS) =  209007.500  TEMP(K) =   300.95  PRESS =     0.0
 Etot   =    -66341.2274  EKtot   =     26403.7773  EPtot      =    -92745.0047
 BOND   =     16551.9043  ANGLE   =      1054.1321  DIHED      =      1658.6023
 1-4 NB =       459.0830  1-4 EEL =      4546.2694  VDWAALS    =     16874.4895
 EELEC  =   -133889.4853  EHBOND  =         0.0000  RESTRAINT  =         0.0000
 ------------------------------------------------------------------------------


 NSTEP =    15500   TIME(PS) =  209007.750  TEMP(K) =   299.93  PRESS =     0.0
 Etot   =    -66406.7314  EKtot   =     26314.2637  EPtot      =    -92720.9951
 BOND   =     16539.8019  ANGLE   =      1053.9815  DIHED      =      1666.7279
 1-4 NB =       433.0268  1-4 EEL =      4510.6990  VDWAALS    =     16736.1875
 EELEC  =   -133661.4197  EHBOND  =         0.0000  RESTRAINT  =         0.0000
 ------------------------------------------------------------------------------


 NSTEP =    16000   TIME(PS) =  209008.000  TEMP(K) =   300.80  PRESS =     0.0
 Etot   =    -66494.5396  EKtot   =     26390.3203  EPtot      =    -92884.8599
 BOND   =     16366.4319  ANGLE   =      1053.6621  DIHED      =      1637.2120
 1-4 NB =       436.9110  1-4 EEL =      4490.1961  VDWAALS    =     16801.4661
 EELEC  =   -133670.7391  EHBOND  =         0.0000  RESTRAINT  =         0.0000
 ------------------------------------------------------------------------------


 NSTEP =    16500   TIME(PS) =  209008.250  TEMP(K) =   300.27  PRESS =     0.0
 Etot   =    -66461.4996  EKtot   =     26343.9395  EPtot      =    -92805.4391
 BOND   =     16642.2886  ANGLE   =      1037.1575  DIHED      =      1662.2658
 1-4 NB =       434.4226  1-4 EEL =      4508.1123  VDWAALS    =     16879.7614
 EELEC  =   -133969.4472  EHBOND  =         0.0000  RESTRAINT  =         0.0000
 ------------------------------------------------------------------------------


 NSTEP =    17000   TIME(PS) =  209008.500  TEMP(K) =   300.67  PRESS =     0.0
 Etot   =    -66490.2419  EKtot   =     26378.7422  EPtot      =    -92868.9841
 BOND   =     16381.9119  ANGLE   =      1037.8089  DIHED      =      1666.7703
 1-4 NB =       444.5008  1-4 EEL =      4525.5793  VDWAALS    =     16896.2955
 EELEC  =   -133821.8507  EHBOND  =         0.0000  RESTRAINT  =         0.0000
 ------------------------------------------------------------------------------


 NSTEP =    17500   TIME(PS) =  209008.750  TEMP(K) =   300.95  PRESS =     0.0
 Etot   =    -66308.4093  EKtot   =     26403.2246  EPtot      =    -92711.6339
 BOND   =     16389.0569  ANGLE   =      1042.4620  DIHED      =      1667.3659
 1-4 NB =       440.0462  1-4 EEL =      4490.9645  VDWAALS    =     16861.7429
 EELEC  =   -133603.2723  EHBOND  =         0.0000  RESTRAINT  =         0.0000
 ------------------------------------------------------------------------------


 NSTEP =    18000   TIME(PS) =  209009.000  TEMP(K) =   300.61  PRESS =     0.0
 Etot   =    -66349.1871  EKtot   =     26373.4766  EPtot      =    -92722.6636
 BOND   =     16387.5169  ANGLE   =      1047.0038  DIHED      =      1646.9396
 1-4 NB =       430.9387  1-4 EEL =      4494.8530  VDWAALS    =     16802.9634
 EELEC  =   -133532.8791  EHBOND  =         0.0000  RESTRAINT  =         0.0000
 ------------------------------------------------------------------------------


 NSTEP =    18500   TIME(PS) =  209009.250  TEMP(K) =   299.46  PRESS =     0.0
 Etot   =    -66470.9567  EKtot   =     26273.0938  EPtot      =    -92744.0504
 BOND   =     16449.3823  ANGLE   =      1052.5773  DIHED      =      1653.5714
 1-4 NB =       443.1637  1-4 EEL =      4524.9069  VDWAALS    =     16783.2783
 EELEC  =   -133650.9303  EHBOND  =         0.0000  RESTRAINT  =         0.0000
 ------------------------------------------------------------------------------


 NSTEP =    19000   TIME(PS) =  209009.500  TEMP(K) =   299.30  PRESS =     0.0
 Etot   =    -66495.3230  EKtot   =     26258.9414  EPtot      =    -92754.2644
 BOND   =     16403.3712  ANGLE   =      1063.0039  DIHED      =      1661.7513
 1-4 NB =       443.9255  1-4 EEL =      4496.4840  VDWAALS    =     17122.9351
 EELEC  =   -133945.7354  EHBOND  =         0.0000  RESTRAINT  =         0.0000
 ------------------------------------------------------------------------------


 NSTEP =    19500   TIME(PS) =  209009.750  TEMP(K) =   298.53  PRESS =     0.0
 Etot   =    -66865.5827  EKtot   =     26191.1680  EPtot      =    -93056.7507
 BOND   =     16537.3104  ANGLE   =      1029.1774  DIHED      =      1641.6097
 1-4 NB =       445.1614  1-4 EEL =      4456.6767  VDWAALS    =     16927.7897
 EELEC  =   -134094.4760  EHBOND  =         0.0000  RESTRAINT  =         0.0000
 ------------------------------------------------------------------------------


 NSTEP =    20000   TIME(PS) =  209010.000  TEMP(K) =   298.75  PRESS =     0.0
 Etot   =    -66734.1370  EKtot   =     26210.5430  EPtot      =    -92944.6800
 BOND   =     16521.4704  ANGLE   =      1010.6088  DIHED      =      1629.1292
 1-4 NB =       431.7855  1-4 EEL =      4519.9391  VDWAALS    =     16731.5992
 EELEC  =   -133789.2122  EHBOND  =         0.0000  RESTRAINT  =         0.0000
 ------------------------------------------------------------------------------


      A V E R A G E S   O V E R      40 S T E P S


 NSTEP =    20000   TIME(PS) =  209010.000  TEMP(K) =   298.29  PRESS =     0.0
 Etot   =    -66715.7045  EKtot   =     26170.1248  EPtot      =    -92885.8293
 BOND   =     16050.2101  ANGLE   =      1041.1476  DIHED      =      1654.7340
 1-4 NB =       441.2741  1-4 EEL =      4513.4340  VDWAALS    =     16805.9990
 EELEC  =   -133392.6281  EHBOND  =         0.0000  RESTRAINT  =         0.0000
 ------------------------------------------------------------------------------


      R M S  F L U C T U A T I O N S


 NSTEP =    20000   TIME(PS) =  209010.000  TEMP(K) =     5.28  PRESS =     0.0
 Etot   =       603.7622  EKtot   =       463.0739  EPtot      =       211.2319
 BOND   =      1308.7259  ANGLE   =        21.7800  DIHED      =        14.0015
 1-4 NB =         9.8075  1-4 EEL =        19.1056  VDWAALS    =       302.6864
 EELEC  =      1458.2423  EHBOND  =         0.0000  RESTRAINT  =         0.0000
 ------------------------------------------------------------------------------

--------------------------------------------------------------------------------
   5.  TIMINGS
--------------------------------------------------------------------------------

|  NonSetup CPU Time in Major Routines:
|
|     Routine           Sec        %
|     ------------------------------
|     Nonbond           3.03   10.53
|     Bond              0.00    0.00
|     Angle             0.00    0.00
|     Dihedral          0.00    0.00
|     Shake             0.00    0.00
|     RunMD            25.73   89.36
|     Other             0.03    0.11
|     ------------------------------
|     Total            28.79

|  PME Nonbond Pairlist CPU Time:
|
|     Routine              Sec        %
|     ---------------------------------
|     Set Up Cit           0.00    0.00
|     Build List           0.00    0.00
|     ---------------------------------
|     Total                0.00    0.00

|  PME Direct Force CPU Time:
|
|     Routine              Sec        %
|     ---------------------------------
|     NonBonded Calc       0.00    0.00
|     Exclude Masked       0.00    0.00
|     Other                0.00    0.00
|     ---------------------------------
|     Total                0.00    0.00

|  PME Reciprocal Force CPU Time:
|
|     Routine              Sec        %
|     ---------------------------------
|     1D bspline           0.00    0.00
|     Grid Charges         0.00    0.00
|     Scalar Sum           0.00    0.00
|     Gradient Sum         0.00    0.00
|     FFT                  0.00    0.00
|     ---------------------------------
|     Total                0.00    0.00

|  Final Performance Info:
|     -----------------------------------------------------
|     Average timings for last   19500 steps:
|     Elapsed(s) =      28.57 Per Step(ms) =       1.47
|         ns/day =      29.48   seconds/ns =    2930.44
|
|     Average timings for all steps:
|     Elapsed(s) =      29.28 Per Step(ms) =       1.46
|         ns/day =      29.50   seconds/ns =    2928.36
|     -----------------------------------------------------

|  Setup CPU time:            0.92 seconds
|  NonSetup CPU time:        28.79 seconds
|  Total CPU time:           29.72 seconds     0.01 hours

|  Setup wall time:           1    seconds
|  NonSetup wall time:       29    seconds
|  Total wall time:          30    seconds     0.01 hours
