
          -------------------------------------------------------
          Amber 16 PMEMD                              2016
          -------------------------------------------------------

| PMEMD implementation of SANDER, Release 16

| Run on 09/27/2017 at 10:12:36

|   Executable path: /apps/amber16/bin/pmemd.cuda
| Working directory: /scratch/pbarletta/pdz/run/lb/neq/data/1
|          Hostname: isengard

  [-O]verwriting output

File Assignments:
|   MDIN: pdt.in                                                                
|  MDOUT: 118plb_1.out                                                          
| INPCRD: /scratch/pbarletta/pdz/run/lb/neq/starting_frames/118_lb.rst7         
|   PARM: /scratch/pbarletta/pdz/top_files/lb.prmtop                            
| RESTRT: 118plb_1.rst7                                                         
|   REFC: refc                                                                  
|  MDVEL: mdvel                                                                 
|   MDEN: mden                                                                  
|  MDCRD: 118plb_1.nc                                                           
| MDINFO: mdinfo                                                                
|  MDFRC: mdfrc                                                                 


 Here is the input file:

!NVE run                                                                       
&cntrl                                                                         
imin = 0,                           ! No Minimization                          
nmropt = 0,                         ! No NMR restraints read                   
                                                                               
! Nature and format of the input                                               
ntx = 5,                            ! Coordinates and velocities will be read  
irest = 1,                          ! Restart simulation                       
                                                                               
! Nature and format of the output                                              
ioutfm = 1,			    ! NetCDF format for output files                             
ntxo = 1,                           ! rstrt file in ASCII format               
ntpr = 500,                         ! inf in output every ntpr steps           
ntwr = 500,                         ! rstrt file every ntwr steps              
ntwx = 20,                          ! mdcrd file every ntwx steps              
ntwv = -1,                          ! mdvel with velocities                    
ntwe = 0,                           ! Energies and temperatures not written in 
idecomp = 0,                        ! No energy decomposition                  
iwrap = 1,                          ! Coordinates of the restart and mdcrd file
                                                                               
! Frozen or restrained atoms                                                   
ibelly = 0,                         ! No frozen atoms                          
ntr=0,                              ! Harmonic potential restraints            
                                                                               
! Molecular dynamics                                                           
nstlim = 20000,                     ! Number of MD-steps                       
dt = 0.0005,                        ! Time step                                
                                                                               
! Temperature regulation                                                       
ntt = 3,                            ! Langevin thermostat                      
gamma_ln = 2,                       ! Gamma constant for Langevin              
temp0 = 300.0,                      ! Reference T at which the system is to be 
tempi = 300.0,                      ! Initial T                                
                                                                               
! P and V regulation                                                           
ntp = 0,                            ! No P control                             
ntb = 1,                            ! constant V                               
                                                                               
! SHAKE variables                                                              
ntc = 1,                            ! No SHAKE                                 
ntf = 1,                            ! Get E with allatom                       
                                                                               
cut = 9.0,                          ! Nonbonded cutoff                         
/                                                                              
&end                                                                           


Note: ig = -1. Setting random seed to   669775 based on wallclock time in 
      microseconds.
| irandom = 1, using AMBER's internal random number generator (default).
 
|--------------------- INFORMATION ----------------------
| GPU (CUDA) Version of PMEMD in use: NVIDIA GPU IN USE.
|                    Version 16.0.0
| 
|                      02/25/2016
| 
| Implementation by:
|                    Ross C. Walker     (SDSC)
|                    Scott Le Grand     (nVIDIA)
| 
| Precision model in use:
|      [SPFP] - Single Precision Forces, 64-bit Fixed Point
|               Accumulation. (Default)
| 
|--------------------------------------------------------
 
|----------------- CITATION INFORMATION -----------------
|
|    When publishing work that utilized the CUDA version
|    of AMBER, please cite the following in addition to
|    the regular AMBER citations:
|
|  - Romelia Salomon-Ferrer; Andreas W. Goetz; Duncan
|    Poole; Scott Le Grand; Ross C. Walker "Routine
|    microsecond molecular dynamics simulations with
|    AMBER - Part II: Particle Mesh Ewald", J. Chem.
|    Theory Comput., 2013, 9 (9), pp3878-3888,
|    DOI: 10.1021/ct400314y.
|
|  - Andreas W. Goetz; Mark J. Williamson; Dong Xu;
|    Duncan Poole; Scott Le Grand; Ross C. Walker
|    "Routine microsecond molecular dynamics simulations
|    with AMBER - Part I: Generalized Born", J. Chem.
|    Theory Comput., 2012, 8 (5), pp1542-1555.
|
|  - Scott Le Grand; Andreas W. Goetz; Ross C. Walker
|    "SPFP: Speed without compromise - a mixed precision
|    model for GPU accelerated molecular dynamics
|    simulations.", Comp. Phys. Comm., 2013, 184
|    pp374-380, DOI: 10.1016/j.cpc.2012.09.022
|
|--------------------------------------------------------
 
|------------------- GPU DEVICE INFO --------------------
|
|            CUDA_VISIBLE_DEVICES: 0
|   CUDA Capable Devices Detected:      1
|           CUDA Device ID in use:      0
|                CUDA Device Name: Quadro GP100
|     CUDA Device Global Mem Size:  16273 MB
| CUDA Device Num Multiprocessors:     56
|           CUDA Device Core Freq:   1.44 GHz
|
|--------------------------------------------------------
 
 
| Conditional Compilation Defines Used:
| PUBFFT
| BINTRAJ
| CUDA
| EMIL

| Largest sphere to fit in unit cell has radius =    29.657

| New format PARM file being parsed.
| Version =    1.000 Date = 09/01/17 Time = 19:23:45

| Note: 1-4 EEL scale factors are being read from the topology file.

| Note: 1-4 VDW scale factors are being read from the topology file.
| Duplicated    0 dihedrals

| Duplicated    0 dihedrals

--------------------------------------------------------------------------------
   1.  RESOURCE   USE: 
--------------------------------------------------------------------------------

 getting new box info from bottom of inpcrd
 NATOM  =   29433 NTYPES =      16 NBONH =   28406 MBONA  =    1038
 NTHETH =    2390 MTHETA =    1396 NPHIH =    4771 MPHIA  =    4486
 NHPARM =       0 NPARM  =       0 NNB   =   47902 NRES   =    9251
 NBONA  =    1038 NTHETA =    1396 NPHIA =    4486 NUMBND =      69
 NUMANG =     160 NPTRA  =     189 NATYP =      34 NPHB   =       1
 IFBOX  =       2 NMXRS  =      24 IFCAP =       0 NEXTRA =       0
 NCOPY  =       0

| Coordinate Index Table dimensions:    12   12   12
| Direct force subcell size =     6.0537    6.0537    6.0537

     BOX TYPE: TRUNCATED OCTAHEDRON

--------------------------------------------------------------------------------
   2.  CONTROL  DATA  FOR  THE  RUN
--------------------------------------------------------------------------------

default_name                                                                    

General flags:
     imin    =       0, nmropt  =       0

Nature and format of input:
     ntx     =       5, irest   =       1, ntrx    =       1

Nature and format of output:
     ntxo    =       1, ntpr    =     500, ntrx    =       1, ntwr    =     500
     iwrap   =       1, ntwx    =      20, ntwv    =      -1, ntwe    =       0
     ioutfm  =       1, ntwprt  =       0, idecomp =       0, rbornstat=      0

Potential function:
     ntf     =       1, ntb     =       1, igb     =       0, nsnb    =      25
     ipol    =       0, gbsa    =       0, iesp    =       0
     dielc   =   1.00000, cut     =   9.00000, intdiel =   1.00000

Frozen or restrained atoms:
     ibelly  =       0, ntr     =       0

Molecular dynamics:
     nstlim  =     20000, nscm    =      1000, nrespa  =         1
     t       =   0.00000, dt      =   0.00050, vlimit  =  -1.00000

Langevin dynamics temperature regulation:
     ig      =  669775
     temp0   = 300.00000, tempi   = 300.00000, gamma_ln=   2.00000

| Intermolecular bonds treatment:
|     no_intermolecular_bonds =       1

| Energy averages sample interval:
|     ene_avg_sampling =     500

Ewald parameters:
     verbose =       0, ew_type =       0, nbflag  =       1, use_pme =       1
     vdwmeth =       1, eedmeth =       1, netfrc  =       1
     Box X =   72.644   Box Y =   72.644   Box Z =   72.644
     Alpha =  109.471   Beta  =  109.471   Gamma =  109.471
     NFFT1 =   80       NFFT2 =   80       NFFT3 =   80
     Cutoff=    9.000   Tol   =0.100E-04
     Ewald Coefficient =  0.30768
     Interpolation order =    4

--------------------------------------------------------------------------------
   3.  ATOMIC COORDINATES AND VELOCITIES
--------------------------------------------------------------------------------

Cpptraj Generated Restart                                                       
 begin time read from input coords =241000.000 ps

 
 Number of triangulated 3-point waters found:     9119

     Sum of charges from parm topology file =  -0.00000008
     Forcing neutrality...

| Dynamic Memory, Types Used:
| Reals              870797
| Integers           902230

| Nonbonded Pairs Initial Allocation:     6710724

| GPU memory information (estimate):
| KB of GPU memory in use:    190142
| KB of CPU memory in use:     45122

--------------------------------------------------------------------------------
   4.  RESULTS
--------------------------------------------------------------------------------

 ---------------------------------------------------
 APPROXIMATING switch and d/dx switch using CUBIC SPLINE INTERPOLATION
 using   5000.0 points per unit in tabled values
 TESTING RELATIVE ERROR over r ranging from 0.0 to cutoff
| CHECK switch(x): max rel err =   0.2738E-14   at   2.422500
| CHECK d/dx switch(x): max rel err =   0.8314E-11   at   2.736960
 ---------------------------------------------------
|---------------------------------------------------
| APPROXIMATING direct energy using CUBIC SPLINE INTERPOLATION
|  with   50.0 points per unit in tabled values
| Relative Error Limit not exceeded for r .gt.   2.39
| APPROXIMATING direct force using CUBIC SPLINE INTERPOLATION
|  with   50.0 points per unit in tabled values
| Relative Error Limit not exceeded for r .gt.   2.84
|---------------------------------------------------

 NSTEP =      500   TIME(PS) =  241000.250  TEMP(K) =   272.48  PRESS =     0.0
 Etot   =    -70012.9721  EKtot   =     23906.0117  EPtot      =    -93918.9838
 BOND   =      9029.5603  ANGLE   =      1036.9917  DIHED      =      1648.8925
 1-4 NB =       435.4700  1-4 EEL =      4558.6894  VDWAALS    =     15792.3258
 EELEC  =   -126420.9135  EHBOND  =         0.0000  RESTRAINT  =         0.0000
 ------------------------------------------------------------------------------


 NSTEP =     1000   TIME(PS) =  241000.500  TEMP(K) =   282.19  PRESS =     0.0
 Etot   =    -68273.9213  EKtot   =     24757.5410  EPtot      =    -93031.4623
 BOND   =     13179.8441  ANGLE   =      1018.6068  DIHED      =      1653.6348
 1-4 NB =       445.8484  1-4 EEL =      4534.1969  VDWAALS    =     15960.4251
 EELEC  =   -129824.0184  EHBOND  =         0.0000  RESTRAINT  =         0.0000
 ------------------------------------------------------------------------------


 NSTEP =     1500   TIME(PS) =  241000.750  TEMP(K) =   290.33  PRESS =     0.0
 Etot   =    -67251.4531  EKtot   =     25471.9551  EPtot      =    -92723.4082
 BOND   =     14867.2745  ANGLE   =       974.1267  DIHED      =      1670.1636
 1-4 NB =       454.2059  1-4 EEL =      4594.6824  VDWAALS    =     16039.7888
 EELEC  =   -131323.6501  EHBOND  =         0.0000  RESTRAINT  =         0.0000
 ------------------------------------------------------------------------------


 NSTEP =     2000   TIME(PS) =  241001.000  TEMP(K) =   294.40  PRESS =     0.0
 Etot   =    -66659.7812  EKtot   =     25828.4004  EPtot      =    -92488.1816
 BOND   =     15654.6336  ANGLE   =       987.3391  DIHED      =      1675.5690
 1-4 NB =       442.7693  1-4 EEL =      4559.9225  VDWAALS    =     16362.6994
 EELEC  =   -132171.1145  EHBOND  =         0.0000  RESTRAINT  =         0.0000
 ------------------------------------------------------------------------------


 NSTEP =     2500   TIME(PS) =  241001.250  TEMP(K) =   296.65  PRESS =     0.0
 Etot   =    -66365.9819  EKtot   =     26026.2266  EPtot      =    -92392.2085
 BOND   =     15679.5392  ANGLE   =      1018.9206  DIHED      =      1666.8697
 1-4 NB =       447.7513  1-4 EEL =      4570.6097  VDWAALS    =     16464.0388
 EELEC  =   -132239.9378  EHBOND  =         0.0000  RESTRAINT  =         0.0000
 ------------------------------------------------------------------------------


 NSTEP =     3000   TIME(PS) =  241001.500  TEMP(K) =   299.42  PRESS =     0.0
 Etot   =    -66096.7676  EKtot   =     26269.1602  EPtot      =    -92365.9278
 BOND   =     16091.5623  ANGLE   =       986.5636  DIHED      =      1670.9944
 1-4 NB =       441.3000  1-4 EEL =      4507.3288  VDWAALS    =     16756.4360
 EELEC  =   -132820.1130  EHBOND  =         0.0000  RESTRAINT  =         0.0000
 ------------------------------------------------------------------------------


 NSTEP =     3500   TIME(PS) =  241001.750  TEMP(K) =   298.22  PRESS =     0.0
 Etot   =    -66231.3700  EKtot   =     26163.7656  EPtot      =    -92395.1357
 BOND   =     16112.8945  ANGLE   =       997.5983  DIHED      =      1658.6248
 1-4 NB =       454.4555  1-4 EEL =      4555.7379  VDWAALS    =     16605.4351
 EELEC  =   -132779.8817  EHBOND  =         0.0000  RESTRAINT  =         0.0000
 ------------------------------------------------------------------------------


 NSTEP =     4000   TIME(PS) =  241002.000  TEMP(K) =   299.44  PRESS =     0.0
 Etot   =    -66289.6115  EKtot   =     26271.1875  EPtot      =    -92560.7990
 BOND   =     16215.2885  ANGLE   =      1011.8290  DIHED      =      1671.4541
 1-4 NB =       428.5230  1-4 EEL =      4573.6628  VDWAALS    =     16869.0801
 EELEC  =   -133330.6365  EHBOND  =         0.0000  RESTRAINT  =         0.0000
 ------------------------------------------------------------------------------


 NSTEP =     4500   TIME(PS) =  241002.250  TEMP(K) =   297.81  PRESS =     0.0
 Etot   =    -66311.4182  EKtot   =     26128.2168  EPtot      =    -92439.6350
 BOND   =     16350.2257  ANGLE   =      1023.2046  DIHED      =      1670.5579
 1-4 NB =       443.7924  1-4 EEL =      4508.3285  VDWAALS    =     16739.2293
 EELEC  =   -133174.9735  EHBOND  =         0.0000  RESTRAINT  =         0.0000
 ------------------------------------------------------------------------------


 NSTEP =     5000   TIME(PS) =  241002.500  TEMP(K) =   301.95  PRESS =     0.0
 Etot   =    -66168.6570  EKtot   =     26490.8828  EPtot      =    -92659.5398
 BOND   =     16174.3325  ANGLE   =       995.5368  DIHED      =      1689.4601
 1-4 NB =       440.3406  1-4 EEL =      4588.6202  VDWAALS    =     16583.5170
 EELEC  =   -133131.3471  EHBOND  =         0.0000  RESTRAINT  =         0.0000
 ------------------------------------------------------------------------------


 NSTEP =     5500   TIME(PS) =  241002.750  TEMP(K) =   298.76  PRESS =     0.0
 Etot   =    -66224.4456  EKtot   =     26211.6328  EPtot      =    -92436.0784
 BOND   =     16449.1971  ANGLE   =      1064.8760  DIHED      =      1659.2831
 1-4 NB =       441.2828  1-4 EEL =      4507.8931  VDWAALS    =     16990.9664
 EELEC  =   -133549.5769  EHBOND  =         0.0000  RESTRAINT  =         0.0000
 ------------------------------------------------------------------------------


 NSTEP =     6000   TIME(PS) =  241003.000  TEMP(K) =   301.84  PRESS =     0.0
 Etot   =    -66317.0619  EKtot   =     26481.1211  EPtot      =    -92798.1830
 BOND   =     16580.6785  ANGLE   =      1063.5733  DIHED      =      1673.3506
 1-4 NB =       430.8289  1-4 EEL =      4533.1664  VDWAALS    =     16920.7723
 EELEC  =   -134000.5531  EHBOND  =         0.0000  RESTRAINT  =         0.0000
 ------------------------------------------------------------------------------


 NSTEP =     6500   TIME(PS) =  241003.250  TEMP(K) =   300.06  PRESS =     0.0
 Etot   =    -66550.8506  EKtot   =     26325.7500  EPtot      =    -92876.6006
 BOND   =     16492.2128  ANGLE   =      1051.3006  DIHED      =      1655.9286
 1-4 NB =       443.7775  1-4 EEL =      4537.5744  VDWAALS    =     16836.4327
 EELEC  =   -133893.8271  EHBOND  =         0.0000  RESTRAINT  =         0.0000
 ------------------------------------------------------------------------------


 NSTEP =     7000   TIME(PS) =  241003.500  TEMP(K) =   298.06  PRESS =     0.0
 Etot   =    -66540.5426  EKtot   =     26149.8066  EPtot      =    -92690.3492
 BOND   =     16493.9352  ANGLE   =      1017.0399  DIHED      =      1665.6663
 1-4 NB =       448.2820  1-4 EEL =      4563.1000  VDWAALS    =     17066.0652
 EELEC  =   -133944.4379  EHBOND  =         0.0000  RESTRAINT  =         0.0000
 ------------------------------------------------------------------------------


 NSTEP =     7500   TIME(PS) =  241003.750  TEMP(K) =   300.20  PRESS =     0.0
 Etot   =    -66491.5662  EKtot   =     26337.6348  EPtot      =    -92829.2009
 BOND   =     16311.5234  ANGLE   =      1035.9377  DIHED      =      1665.6305
 1-4 NB =       448.0261  1-4 EEL =      4581.7433  VDWAALS    =     16912.5388
 EELEC  =   -133784.6008  EHBOND  =         0.0000  RESTRAINT  =         0.0000
 ------------------------------------------------------------------------------


 NSTEP =     8000   TIME(PS) =  241004.000  TEMP(K) =   300.84  PRESS =     0.0
 Etot   =    -66264.4152  EKtot   =     26393.9688  EPtot      =    -92658.3840
 BOND   =     16306.4666  ANGLE   =      1050.5649  DIHED      =      1614.8556
 1-4 NB =       446.3315  1-4 EEL =      4558.9430  VDWAALS    =     16974.9166
 EELEC  =   -133610.4621  EHBOND  =         0.0000  RESTRAINT  =         0.0000
 ------------------------------------------------------------------------------


 NSTEP =     8500   TIME(PS) =  241004.250  TEMP(K) =   300.38  PRESS =     0.0
 Etot   =    -66199.0059  EKtot   =     26353.6719  EPtot      =    -92552.6778
 BOND   =     16354.1397  ANGLE   =      1022.3508  DIHED      =      1658.2122
 1-4 NB =       438.7761  1-4 EEL =      4541.4274  VDWAALS    =     16730.9476
 EELEC  =   -133298.5316  EHBOND  =         0.0000  RESTRAINT  =         0.0000
 ------------------------------------------------------------------------------


 NSTEP =     9000   TIME(PS) =  241004.500  TEMP(K) =   299.95  PRESS =     0.0
 Etot   =    -66386.2322  EKtot   =     26315.9395  EPtot      =    -92702.1716
 BOND   =     16341.0644  ANGLE   =      1046.3964  DIHED      =      1666.6610
 1-4 NB =       441.0771  1-4 EEL =      4589.5669  VDWAALS    =     16841.1362
 EELEC  =   -133628.0736  EHBOND  =         0.0000  RESTRAINT  =         0.0000
 ------------------------------------------------------------------------------


 NSTEP =     9500   TIME(PS) =  241004.750  TEMP(K) =   299.42  PRESS =     0.0
 Etot   =    -66462.3749  EKtot   =     26269.1621  EPtot      =    -92731.5370
 BOND   =     16497.6441  ANGLE   =      1071.5071  DIHED      =      1652.6395
 1-4 NB =       439.9440  1-4 EEL =      4562.7688  VDWAALS    =     16873.7287
 EELEC  =   -133829.7692  EHBOND  =         0.0000  RESTRAINT  =         0.0000
 ------------------------------------------------------------------------------


 NSTEP =    10000   TIME(PS) =  241005.000  TEMP(K) =   300.87  PRESS =     0.0
 Etot   =    -66643.3069  EKtot   =     26396.7559  EPtot      =    -93040.0628
 BOND   =     16389.2417  ANGLE   =      1046.6164  DIHED      =      1628.9620
 1-4 NB =       446.6238  1-4 EEL =      4520.3986  VDWAALS    =     17126.3304
 EELEC  =   -134198.2356  EHBOND  =         0.0000  RESTRAINT  =         0.0000
 ------------------------------------------------------------------------------


 NSTEP =    10500   TIME(PS) =  241005.250  TEMP(K) =   299.81  PRESS =     0.0
 Etot   =    -66790.9677  EKtot   =     26303.7188  EPtot      =    -93094.6864
 BOND   =     16337.4382  ANGLE   =      1017.8366  DIHED      =      1644.0657
 1-4 NB =       450.4069  1-4 EEL =      4578.5419  VDWAALS    =     17176.0166
 EELEC  =   -134298.9923  EHBOND  =         0.0000  RESTRAINT  =         0.0000
 ------------------------------------------------------------------------------


 NSTEP =    11000   TIME(PS) =  241005.500  TEMP(K) =   300.40  PRESS =     0.0
 Etot   =    -66463.8423  EKtot   =     26355.5820  EPtot      =    -92819.4243
 BOND   =     16372.0038  ANGLE   =      1014.0533  DIHED      =      1639.5108
 1-4 NB =       457.1846  1-4 EEL =      4573.7406  VDWAALS    =     16961.7455
 EELEC  =   -133837.6629  EHBOND  =         0.0000  RESTRAINT  =         0.0000
 ------------------------------------------------------------------------------


 NSTEP =    11500   TIME(PS) =  241005.750  TEMP(K) =   301.99  PRESS =     0.0
 Etot   =    -66426.1615  EKtot   =     26494.8242  EPtot      =    -92920.9857
 BOND   =     16452.6460  ANGLE   =      1047.1791  DIHED      =      1669.7981
 1-4 NB =       420.2298  1-4 EEL =      4528.8629  VDWAALS    =     16817.3200
 EELEC  =   -133857.0215  EHBOND  =         0.0000  RESTRAINT  =         0.0000
 ------------------------------------------------------------------------------


 NSTEP =    12000   TIME(PS) =  241006.000  TEMP(K) =   301.18  PRESS =     0.0
 Etot   =    -66659.9780  EKtot   =     26423.7871  EPtot      =    -93083.7651
 BOND   =     16595.2414  ANGLE   =      1078.2024  DIHED      =      1647.1754
 1-4 NB =       430.7752  1-4 EEL =      4574.8617  VDWAALS    =     17279.6952
 EELEC  =   -134689.7163  EHBOND  =         0.0000  RESTRAINT  =         0.0000
 ------------------------------------------------------------------------------


 NSTEP =    12500   TIME(PS) =  241006.250  TEMP(K) =   298.52  PRESS =     0.0
 Etot   =    -66793.4306  EKtot   =     26190.4785  EPtot      =    -92983.9091
 BOND   =     16454.7354  ANGLE   =      1063.2716  DIHED      =      1662.9576
 1-4 NB =       451.4026  1-4 EEL =      4544.9003  VDWAALS    =     16862.5623
 EELEC  =   -134023.7389  EHBOND  =         0.0000  RESTRAINT  =         0.0000
 ------------------------------------------------------------------------------


 NSTEP =    13000   TIME(PS) =  241006.500  TEMP(K) =   300.69  PRESS =     0.0
 Etot   =    -66632.7151  EKtot   =     26380.1816  EPtot      =    -93012.8968
 BOND   =     16461.8736  ANGLE   =      1033.3734  DIHED      =      1679.6697
 1-4 NB =       444.2011  1-4 EEL =      4576.3477  VDWAALS    =     16944.6344
 EELEC  =   -134152.9966  EHBOND  =         0.0000  RESTRAINT  =         0.0000
 ------------------------------------------------------------------------------


 NSTEP =    13500   TIME(PS) =  241006.750  TEMP(K) =   301.20  PRESS =     0.0
 Etot   =    -66592.9368  EKtot   =     26425.5781  EPtot      =    -93018.5149
 BOND   =     16288.7978  ANGLE   =      1080.3976  DIHED      =      1659.8128
 1-4 NB =       439.8735  1-4 EEL =      4530.9260  VDWAALS    =     16939.5769
 EELEC  =   -133957.8995  EHBOND  =         0.0000  RESTRAINT  =         0.0000
 ------------------------------------------------------------------------------


 NSTEP =    14000   TIME(PS) =  241007.000  TEMP(K) =   300.35  PRESS =     0.0
 Etot   =    -66655.3519  EKtot   =     26350.8867  EPtot      =    -93006.2386
 BOND   =     16391.1436  ANGLE   =      1099.9811  DIHED      =      1633.4371
 1-4 NB =       440.5510  1-4 EEL =      4543.1507  VDWAALS    =     16993.5624
 EELEC  =   -134108.0646  EHBOND  =         0.0000  RESTRAINT  =         0.0000
 ------------------------------------------------------------------------------


 NSTEP =    14500   TIME(PS) =  241007.250  TEMP(K) =   300.22  PRESS =     0.0
 Etot   =    -66535.0201  EKtot   =     26339.1152  EPtot      =    -92874.1353
 BOND   =     16402.1740  ANGLE   =      1057.1848  DIHED      =      1673.4874
 1-4 NB =       446.3195  1-4 EEL =      4549.1331  VDWAALS    =     17373.3693
 EELEC  =   -134375.8034  EHBOND  =         0.0000  RESTRAINT  =         0.0000
 ------------------------------------------------------------------------------


 NSTEP =    15000   TIME(PS) =  241007.500  TEMP(K) =   301.25  PRESS =     0.0
 Etot   =    -66371.3940  EKtot   =     26429.5742  EPtot      =    -92800.9682
 BOND   =     16594.8145  ANGLE   =      1025.2348  DIHED      =      1663.2457
 1-4 NB =       475.4014  1-4 EEL =      4558.0673  VDWAALS    =     17137.5921
 EELEC  =   -134255.3239  EHBOND  =         0.0000  RESTRAINT  =         0.0000
 ------------------------------------------------------------------------------


 NSTEP =    15500   TIME(PS) =  241007.750  TEMP(K) =   301.09  PRESS =     0.0
 Etot   =    -66489.1547  EKtot   =     26415.2676  EPtot      =    -92904.4223
 BOND   =     16443.9285  ANGLE   =      1074.4204  DIHED      =      1652.7018
 1-4 NB =       440.5154  1-4 EEL =      4570.0457  VDWAALS    =     17117.4454
 EELEC  =   -134203.4795  EHBOND  =         0.0000  RESTRAINT  =         0.0000
 ------------------------------------------------------------------------------


 NSTEP =    16000   TIME(PS) =  241008.000  TEMP(K) =   301.51  PRESS =     0.0
 Etot   =    -66631.6363  EKtot   =     26452.8145  EPtot      =    -93084.4508
 BOND   =     16417.0622  ANGLE   =      1065.3365  DIHED      =      1659.2968
 1-4 NB =       445.1575  1-4 EEL =      4530.7403  VDWAALS    =     17237.2310
 EELEC  =   -134439.2751  EHBOND  =         0.0000  RESTRAINT  =         0.0000
 ------------------------------------------------------------------------------


 NSTEP =    16500   TIME(PS) =  241008.250  TEMP(K) =   299.62  PRESS =     0.0
 Etot   =    -66666.1251  EKtot   =     26286.7422  EPtot      =    -92952.8673
 BOND   =     16534.9768  ANGLE   =      1031.7498  DIHED      =      1661.0133
 1-4 NB =       441.7161  1-4 EEL =      4512.0345  VDWAALS    =     17292.1174
 EELEC  =   -134426.4752  EHBOND  =         0.0000  RESTRAINT  =         0.0000
 ------------------------------------------------------------------------------


 NSTEP =    17000   TIME(PS) =  241008.500  TEMP(K) =   299.57  PRESS =     0.0
 Etot   =    -66690.5857  EKtot   =     26282.2812  EPtot      =    -92972.8670
 BOND   =     16526.8182  ANGLE   =      1033.8365  DIHED      =      1648.2806
 1-4 NB =       424.9215  1-4 EEL =      4560.8648  VDWAALS    =     16849.2385
 EELEC  =   -134016.8271  EHBOND  =         0.0000  RESTRAINT  =         0.0000
 ------------------------------------------------------------------------------


 NSTEP =    17500   TIME(PS) =  241008.750  TEMP(K) =   300.56  PRESS =     0.0
 Etot   =    -66633.3888  EKtot   =     26369.5156  EPtot      =    -93002.9045
 BOND   =     16389.6759  ANGLE   =      1017.3669  DIHED      =      1633.7445
 1-4 NB =       446.6598  1-4 EEL =      4561.9359  VDWAALS    =     16931.3961
 EELEC  =   -133983.6835  EHBOND  =         0.0000  RESTRAINT  =         0.0000
 ------------------------------------------------------------------------------


 NSTEP =    18000   TIME(PS) =  241009.000  TEMP(K) =   299.77  PRESS =     0.0
 Etot   =    -66575.7209  EKtot   =     26299.5488  EPtot      =    -92875.2697
 BOND   =     16346.5466  ANGLE   =      1068.5715  DIHED      =      1655.0648
 1-4 NB =       433.8842  1-4 EEL =      4538.9711  VDWAALS    =     17010.1977
 EELEC  =   -133928.5056  EHBOND  =         0.0000  RESTRAINT  =         0.0000
 ------------------------------------------------------------------------------


 NSTEP =    18500   TIME(PS) =  241009.250  TEMP(K) =   299.65  PRESS =     0.0
 Etot   =    -66468.9474  EKtot   =     26289.7578  EPtot      =    -92758.7052
 BOND   =     16357.6539  ANGLE   =      1026.2755  DIHED      =      1661.3324
 1-4 NB =       448.8236  1-4 EEL =      4541.8537  VDWAALS    =     16913.6317
 EELEC  =   -133708.2761  EHBOND  =         0.0000  RESTRAINT  =         0.0000
 ------------------------------------------------------------------------------


 NSTEP =    19000   TIME(PS) =  241009.500  TEMP(K) =   300.10  PRESS =     0.0
 Etot   =    -66574.1147  EKtot   =     26328.5469  EPtot      =    -92902.6615
 BOND   =     16509.5386  ANGLE   =      1026.8864  DIHED      =      1656.6902
 1-4 NB =       447.6807  1-4 EEL =      4559.1519  VDWAALS    =     16862.2027
 EELEC  =   -133964.8120  EHBOND  =         0.0000  RESTRAINT  =         0.0000
 ------------------------------------------------------------------------------


 NSTEP =    19500   TIME(PS) =  241009.750  TEMP(K) =   297.55  PRESS =     0.0
 Etot   =    -66676.9185  EKtot   =     26105.4824  EPtot      =    -92782.4009
 BOND   =     16459.5771  ANGLE   =      1016.3999  DIHED      =      1656.8185
 1-4 NB =       436.1834  1-4 EEL =      4561.7795  VDWAALS    =     17137.9120
 EELEC  =   -134051.0714  EHBOND  =         0.0000  RESTRAINT  =         0.0000
 ------------------------------------------------------------------------------


 NSTEP =    20000   TIME(PS) =  241010.000  TEMP(K) =   301.73  PRESS =     0.0
 Etot   =    -66550.7558  EKtot   =     26471.5059  EPtot      =    -93022.2617
 BOND   =     16585.8487  ANGLE   =      1018.0615  DIHED      =      1641.4720
 1-4 NB =       443.2520  1-4 EEL =      4574.1359  VDWAALS    =     17052.1715
 EELEC  =   -134337.2034  EHBOND  =         0.0000  RESTRAINT  =         0.0000
 ------------------------------------------------------------------------------


      A V E R A G E S   O V E R      40 S T E P S


 NSTEP =    20000   TIME(PS) =  241010.000  TEMP(K) =   298.50  PRESS =     0.0
 Etot   =    -66640.5220  EKtot   =     26188.5995  EPtot      =    -92829.1216
 BOND   =     16062.3438  ANGLE   =      1035.4125  DIHED      =      1657.9246
 1-4 NB =       443.1136  1-4 EEL =      4552.9602  VDWAALS    =     16858.4107
 EELEC  =   -133439.2871  EHBOND  =         0.0000  RESTRAINT  =         0.0000
 ------------------------------------------------------------------------------


      R M S  F L U C T U A T I O N S


 NSTEP =    20000   TIME(PS) =  241010.000  TEMP(K) =     5.40  PRESS =     0.0
 Etot   =       641.1248  EKtot   =       474.1415  EPtot      =       274.5802
 BOND   =      1265.8956  ANGLE   =        28.2391  DIHED      =        14.5602
 1-4 NB =         9.2665  1-4 EEL =        23.1258  VDWAALS    =       337.6669
 EELEC  =      1442.8214  EHBOND  =         0.0000  RESTRAINT  =         0.0000
 ------------------------------------------------------------------------------

--------------------------------------------------------------------------------
   5.  TIMINGS
--------------------------------------------------------------------------------

|  NonSetup CPU Time in Major Routines:
|
|     Routine           Sec        %
|     ------------------------------
|     Nonbond           3.19   11.08
|     Bond              0.00    0.00
|     Angle             0.00    0.00
|     Dihedral          0.00    0.00
|     Shake             0.00    0.00
|     RunMD            25.60   88.83
|     Other             0.03    0.10
|     ------------------------------
|     Total            28.82

|  PME Nonbond Pairlist CPU Time:
|
|     Routine              Sec        %
|     ---------------------------------
|     Set Up Cit           0.00    0.00
|     Build List           0.00    0.00
|     ---------------------------------
|     Total                0.00    0.00

|  PME Direct Force CPU Time:
|
|     Routine              Sec        %
|     ---------------------------------
|     NonBonded Calc       0.00    0.00
|     Exclude Masked       0.00    0.00
|     Other                0.02    0.06
|     ---------------------------------
|     Total                0.02    0.06

|  PME Reciprocal Force CPU Time:
|
|     Routine              Sec        %
|     ---------------------------------
|     1D bspline           0.00    0.00
|     Grid Charges         0.00    0.00
|     Scalar Sum           0.00    0.00
|     Gradient Sum         0.00    0.00
|     FFT                  0.00    0.00
|     ---------------------------------
|     Total                0.00    0.00

|  Final Performance Info:
|     -----------------------------------------------------
|     Average timings for last   19500 steps:
|     Elapsed(s) =      29.03 Per Step(ms) =       1.49
|         ns/day =      29.02   seconds/ns =    2977.27
|
|     Average timings for all steps:
|     Elapsed(s) =      29.75 Per Step(ms) =       1.49
|         ns/day =      29.04   seconds/ns =    2974.94
|     -----------------------------------------------------

|  Setup CPU time:            0.92 seconds
|  NonSetup CPU time:        28.82 seconds
|  Total CPU time:           29.74 seconds     0.01 hours

|  Setup wall time:           1    seconds
|  NonSetup wall time:       29    seconds
|  Total wall time:          30    seconds     0.01 hours
