
          -------------------------------------------------------
          Amber 16 PMEMD                              2016
          -------------------------------------------------------

| PMEMD implementation of SANDER, Release 16

| Run on 09/27/2017 at 10:33:27

|   Executable path: /apps/amber16/bin/pmemd.cuda
| Working directory: /scratch/pbarletta/pdz/run/lb/neq/data/1
|          Hostname: isengard

  [-O]verwriting output

File Assignments:
|   MDIN: pdt.in                                                                
|  MDOUT: 159plb_1.out                                                          
| INPCRD: /scratch/pbarletta/pdz/run/lb/neq/starting_frames/159_lb.rst7         
|   PARM: /scratch/pbarletta/pdz/top_files/lb.prmtop                            
| RESTRT: 159plb_1.rst7                                                         
|   REFC: refc                                                                  
|  MDVEL: mdvel                                                                 
|   MDEN: mden                                                                  
|  MDCRD: 159plb_1.nc                                                           
| MDINFO: mdinfo                                                                
|  MDFRC: mdfrc                                                                 


 Here is the input file:

!NVE run                                                                       
&cntrl                                                                         
imin = 0,                           ! No Minimization                          
nmropt = 0,                         ! No NMR restraints read                   
                                                                               
! Nature and format of the input                                               
ntx = 5,                            ! Coordinates and velocities will be read  
irest = 1,                          ! Restart simulation                       
                                                                               
! Nature and format of the output                                              
ioutfm = 1,			    ! NetCDF format for output files                             
ntxo = 1,                           ! rstrt file in ASCII format               
ntpr = 500,                         ! inf in output every ntpr steps           
ntwr = 500,                         ! rstrt file every ntwr steps              
ntwx = 20,                          ! mdcrd file every ntwx steps              
ntwv = -1,                          ! mdvel with velocities                    
ntwe = 0,                           ! Energies and temperatures not written in 
idecomp = 0,                        ! No energy decomposition                  
iwrap = 1,                          ! Coordinates of the restart and mdcrd file
                                                                               
! Frozen or restrained atoms                                                   
ibelly = 0,                         ! No frozen atoms                          
ntr=0,                              ! Harmonic potential restraints            
                                                                               
! Molecular dynamics                                                           
nstlim = 20000,                     ! Number of MD-steps                       
dt = 0.0005,                        ! Time step                                
                                                                               
! Temperature regulation                                                       
ntt = 3,                            ! Langevin thermostat                      
gamma_ln = 2,                       ! Gamma constant for Langevin              
temp0 = 300.0,                      ! Reference T at which the system is to be 
tempi = 300.0,                      ! Initial T                                
                                                                               
! P and V regulation                                                           
ntp = 0,                            ! No P control                             
ntb = 1,                            ! constant V                               
                                                                               
! SHAKE variables                                                              
ntc = 1,                            ! No SHAKE                                 
ntf = 1,                            ! Get E with allatom                       
                                                                               
cut = 9.0,                          ! Nonbonded cutoff                         
/                                                                              
&end                                                                           


Note: ig = -1. Setting random seed to   757925 based on wallclock time in 
      microseconds.
| irandom = 1, using AMBER's internal random number generator (default).
 
|--------------------- INFORMATION ----------------------
| GPU (CUDA) Version of PMEMD in use: NVIDIA GPU IN USE.
|                    Version 16.0.0
| 
|                      02/25/2016
| 
| Implementation by:
|                    Ross C. Walker     (SDSC)
|                    Scott Le Grand     (nVIDIA)
| 
| Precision model in use:
|      [SPFP] - Single Precision Forces, 64-bit Fixed Point
|               Accumulation. (Default)
| 
|--------------------------------------------------------
 
|----------------- CITATION INFORMATION -----------------
|
|    When publishing work that utilized the CUDA version
|    of AMBER, please cite the following in addition to
|    the regular AMBER citations:
|
|  - Romelia Salomon-Ferrer; Andreas W. Goetz; Duncan
|    Poole; Scott Le Grand; Ross C. Walker "Routine
|    microsecond molecular dynamics simulations with
|    AMBER - Part II: Particle Mesh Ewald", J. Chem.
|    Theory Comput., 2013, 9 (9), pp3878-3888,
|    DOI: 10.1021/ct400314y.
|
|  - Andreas W. Goetz; Mark J. Williamson; Dong Xu;
|    Duncan Poole; Scott Le Grand; Ross C. Walker
|    "Routine microsecond molecular dynamics simulations
|    with AMBER - Part I: Generalized Born", J. Chem.
|    Theory Comput., 2012, 8 (5), pp1542-1555.
|
|  - Scott Le Grand; Andreas W. Goetz; Ross C. Walker
|    "SPFP: Speed without compromise - a mixed precision
|    model for GPU accelerated molecular dynamics
|    simulations.", Comp. Phys. Comm., 2013, 184
|    pp374-380, DOI: 10.1016/j.cpc.2012.09.022
|
|--------------------------------------------------------
 
|------------------- GPU DEVICE INFO --------------------
|
|            CUDA_VISIBLE_DEVICES: 0
|   CUDA Capable Devices Detected:      1
|           CUDA Device ID in use:      0
|                CUDA Device Name: Quadro GP100
|     CUDA Device Global Mem Size:  16273 MB
| CUDA Device Num Multiprocessors:     56
|           CUDA Device Core Freq:   1.44 GHz
|
|--------------------------------------------------------
 
 
| Conditional Compilation Defines Used:
| PUBFFT
| BINTRAJ
| CUDA
| EMIL

| Largest sphere to fit in unit cell has radius =    29.652

| New format PARM file being parsed.
| Version =    1.000 Date = 09/01/17 Time = 19:23:45

| Note: 1-4 EEL scale factors are being read from the topology file.

| Note: 1-4 VDW scale factors are being read from the topology file.
| Duplicated    0 dihedrals

| Duplicated    0 dihedrals

--------------------------------------------------------------------------------
   1.  RESOURCE   USE: 
--------------------------------------------------------------------------------

 getting new box info from bottom of inpcrd
 NATOM  =   29433 NTYPES =      16 NBONH =   28406 MBONA  =    1038
 NTHETH =    2390 MTHETA =    1396 NPHIH =    4771 MPHIA  =    4486
 NHPARM =       0 NPARM  =       0 NNB   =   47902 NRES   =    9251
 NBONA  =    1038 NTHETA =    1396 NPHIA =    4486 NUMBND =      69
 NUMANG =     160 NPTRA  =     189 NATYP =      34 NPHB   =       1
 IFBOX  =       2 NMXRS  =      24 IFCAP =       0 NEXTRA =       0
 NCOPY  =       0

| Coordinate Index Table dimensions:    12   12   12
| Direct force subcell size =     6.0527    6.0527    6.0527

     BOX TYPE: TRUNCATED OCTAHEDRON

--------------------------------------------------------------------------------
   2.  CONTROL  DATA  FOR  THE  RUN
--------------------------------------------------------------------------------

default_name                                                                    

General flags:
     imin    =       0, nmropt  =       0

Nature and format of input:
     ntx     =       5, irest   =       1, ntrx    =       1

Nature and format of output:
     ntxo    =       1, ntpr    =     500, ntrx    =       1, ntwr    =     500
     iwrap   =       1, ntwx    =      20, ntwv    =      -1, ntwe    =       0
     ioutfm  =       1, ntwprt  =       0, idecomp =       0, rbornstat=      0

Potential function:
     ntf     =       1, ntb     =       1, igb     =       0, nsnb    =      25
     ipol    =       0, gbsa    =       0, iesp    =       0
     dielc   =   1.00000, cut     =   9.00000, intdiel =   1.00000

Frozen or restrained atoms:
     ibelly  =       0, ntr     =       0

Molecular dynamics:
     nstlim  =     20000, nscm    =      1000, nrespa  =         1
     t       =   0.00000, dt      =   0.00050, vlimit  =  -1.00000

Langevin dynamics temperature regulation:
     ig      =  757925
     temp0   = 300.00000, tempi   = 300.00000, gamma_ln=   2.00000

| Intermolecular bonds treatment:
|     no_intermolecular_bonds =       1

| Energy averages sample interval:
|     ene_avg_sampling =     500

Ewald parameters:
     verbose =       0, ew_type =       0, nbflag  =       1, use_pme =       1
     vdwmeth =       1, eedmeth =       1, netfrc  =       1
     Box X =   72.633   Box Y =   72.633   Box Z =   72.633
     Alpha =  109.471   Beta  =  109.471   Gamma =  109.471
     NFFT1 =   80       NFFT2 =   80       NFFT3 =   80
     Cutoff=    9.000   Tol   =0.100E-04
     Ewald Coefficient =  0.30768
     Interpolation order =    4

--------------------------------------------------------------------------------
   3.  ATOMIC COORDINATES AND VELOCITIES
--------------------------------------------------------------------------------

Cpptraj Generated Restart                                                       
 begin time read from input coords =323000.000 ps

 
 Number of triangulated 3-point waters found:     9119

     Sum of charges from parm topology file =  -0.00000008
     Forcing neutrality...

| Dynamic Memory, Types Used:
| Reals              870797
| Integers           902230

| Nonbonded Pairs Initial Allocation:     6710724

| GPU memory information (estimate):
| KB of GPU memory in use:    190142
| KB of CPU memory in use:     45122

--------------------------------------------------------------------------------
   4.  RESULTS
--------------------------------------------------------------------------------

 ---------------------------------------------------
 APPROXIMATING switch and d/dx switch using CUBIC SPLINE INTERPOLATION
 using   5000.0 points per unit in tabled values
 TESTING RELATIVE ERROR over r ranging from 0.0 to cutoff
| CHECK switch(x): max rel err =   0.2738E-14   at   2.422500
| CHECK d/dx switch(x): max rel err =   0.8314E-11   at   2.736960
 ---------------------------------------------------
|---------------------------------------------------
| APPROXIMATING direct energy using CUBIC SPLINE INTERPOLATION
|  with   50.0 points per unit in tabled values
| Relative Error Limit not exceeded for r .gt.   2.39
| APPROXIMATING direct force using CUBIC SPLINE INTERPOLATION
|  with   50.0 points per unit in tabled values
| Relative Error Limit not exceeded for r .gt.   2.84
|---------------------------------------------------

 NSTEP =      500   TIME(PS) =  323000.250  TEMP(K) =   271.30  PRESS =     0.0
 Etot   =    -69958.2097  EKtot   =     23801.7500  EPtot      =    -93759.9597
 BOND   =      8991.4026  ANGLE   =      1021.5027  DIHED      =      1664.8489
 1-4 NB =       438.3267  1-4 EEL =      4510.4022  VDWAALS    =     15968.4162
 EELEC  =   -126354.8590  EHBOND  =         0.0000  RESTRAINT  =         0.0000
 ------------------------------------------------------------------------------


 NSTEP =     1000   TIME(PS) =  323000.500  TEMP(K) =   284.43  PRESS =     0.0
 Etot   =    -68180.0660  EKtot   =     24953.8926  EPtot      =    -93133.9586
 BOND   =     13213.3633  ANGLE   =      1021.5991  DIHED      =      1627.1645
 1-4 NB =       452.2251  1-4 EEL =      4501.6452  VDWAALS    =     16397.9066
 EELEC  =   -130347.8624  EHBOND  =         0.0000  RESTRAINT  =         0.0000
 ------------------------------------------------------------------------------


 NSTEP =     1500   TIME(PS) =  323000.750  TEMP(K) =   290.46  PRESS =     0.0
 Etot   =    -67030.4739  EKtot   =     25483.5156  EPtot      =    -92513.9895
 BOND   =     14726.7391  ANGLE   =      1034.4376  DIHED      =      1662.3927
 1-4 NB =       464.3144  1-4 EEL =      4530.3830  VDWAALS    =     16359.1737
 EELEC  =   -131291.4300  EHBOND  =         0.0000  RESTRAINT  =         0.0000
 ------------------------------------------------------------------------------


 NSTEP =     2000   TIME(PS) =  323001.000  TEMP(K) =   296.52  PRESS =     0.0
 Etot   =    -66312.6375  EKtot   =     26014.3359  EPtot      =    -92326.9734
 BOND   =     15571.1821  ANGLE   =      1051.1195  DIHED      =      1646.0911
 1-4 NB =       434.3649  1-4 EEL =      4455.2934  VDWAALS    =     16488.6715
 EELEC  =   -131973.6960  EHBOND  =         0.0000  RESTRAINT  =         0.0000
 ------------------------------------------------------------------------------


 NSTEP =     2500   TIME(PS) =  323001.250  TEMP(K) =   297.69  PRESS =     0.0
 Etot   =    -66015.6634  EKtot   =     26117.2578  EPtot      =    -92132.9212
 BOND   =     15710.9496  ANGLE   =      1064.9625  DIHED      =      1644.9031
 1-4 NB =       453.3501  1-4 EEL =      4452.2280  VDWAALS    =     16399.5298
 EELEC  =   -131858.8444  EHBOND  =         0.0000  RESTRAINT  =         0.0000
 ------------------------------------------------------------------------------


 NSTEP =     3000   TIME(PS) =  323001.500  TEMP(K) =   298.81  PRESS =     0.0
 Etot   =    -65941.8251  EKtot   =     26215.5176  EPtot      =    -92157.3427
 BOND   =     16028.2986  ANGLE   =      1054.8452  DIHED      =      1643.5319
 1-4 NB =       446.4551  1-4 EEL =      4458.3396  VDWAALS    =     16646.6395
 EELEC  =   -132435.4526  EHBOND  =         0.0000  RESTRAINT  =         0.0000
 ------------------------------------------------------------------------------


 NSTEP =     3500   TIME(PS) =  323001.750  TEMP(K) =   301.31  PRESS =     0.0
 Etot   =    -65936.4669  EKtot   =     26434.7070  EPtot      =    -92371.1740
 BOND   =     16006.5694  ANGLE   =      1064.9948  DIHED      =      1663.8789
 1-4 NB =       460.5598  1-4 EEL =      4461.9865  VDWAALS    =     17187.0082
 EELEC  =   -133216.1715  EHBOND  =         0.0000  RESTRAINT  =         0.0000
 ------------------------------------------------------------------------------


 NSTEP =     4000   TIME(PS) =  323002.000  TEMP(K) =   301.43  PRESS =     0.0
 Etot   =    -66172.6787  EKtot   =     26445.3926  EPtot      =    -92618.0712
 BOND   =     16064.2035  ANGLE   =      1053.6051  DIHED      =      1677.3660
 1-4 NB =       437.8710  1-4 EEL =      4451.8463  VDWAALS    =     16529.4412
 EELEC  =   -132832.4044  EHBOND  =         0.0000  RESTRAINT  =         0.0000
 ------------------------------------------------------------------------------


 NSTEP =     4500   TIME(PS) =  323002.250  TEMP(K) =   298.16  PRESS =     0.0
 Etot   =    -66479.8383  EKtot   =     26158.8105  EPtot      =    -92638.6488
 BOND   =     16479.5748  ANGLE   =      1034.8062  DIHED      =      1661.4350
 1-4 NB =       455.5378  1-4 EEL =      4472.3469  VDWAALS    =     16913.1542
 EELEC  =   -133655.5036  EHBOND  =         0.0000  RESTRAINT  =         0.0000
 ------------------------------------------------------------------------------


 NSTEP =     5000   TIME(PS) =  323002.500  TEMP(K) =   300.85  PRESS =     0.0
 Etot   =    -66269.4601  EKtot   =     26394.8418  EPtot      =    -92664.3019
 BOND   =     16199.3469  ANGLE   =      1063.1266  DIHED      =      1632.6226
 1-4 NB =       442.4624  1-4 EEL =      4476.7544  VDWAALS    =     16724.5963
 EELEC  =   -133203.2110  EHBOND  =         0.0000  RESTRAINT  =         0.0000
 ------------------------------------------------------------------------------


 NSTEP =     5500   TIME(PS) =  323002.750  TEMP(K) =   300.04  PRESS =     0.0
 Etot   =    -66235.9610  EKtot   =     26323.6387  EPtot      =    -92559.5997
 BOND   =     16593.8134  ANGLE   =      1034.1916  DIHED      =      1656.6678
 1-4 NB =       436.9845  1-4 EEL =      4498.2826  VDWAALS    =     16927.8795
 EELEC  =   -133707.4191  EHBOND  =         0.0000  RESTRAINT  =         0.0000
 ------------------------------------------------------------------------------


 NSTEP =     6000   TIME(PS) =  323003.000  TEMP(K) =   299.82  PRESS =     0.0
 Etot   =    -66195.9849  EKtot   =     26303.8672  EPtot      =    -92499.8521
 BOND   =     16404.5667  ANGLE   =      1015.2701  DIHED      =      1680.9079
 1-4 NB =       456.0848  1-4 EEL =      4472.4521  VDWAALS    =     16803.3278
 EELEC  =   -133332.4615  EHBOND  =         0.0000  RESTRAINT  =         0.0000
 ------------------------------------------------------------------------------


 NSTEP =     6500   TIME(PS) =  323003.250  TEMP(K) =   301.03  PRESS =     0.0
 Etot   =    -66397.5874  EKtot   =     26410.0312  EPtot      =    -92807.6186
 BOND   =     16537.5967  ANGLE   =      1065.4860  DIHED      =      1652.1477
 1-4 NB =       441.1180  1-4 EEL =      4471.8346  VDWAALS    =     17002.3459
 EELEC  =   -133978.1474  EHBOND  =         0.0000  RESTRAINT  =         0.0000
 ------------------------------------------------------------------------------


 NSTEP =     7000   TIME(PS) =  323003.500  TEMP(K) =   301.29  PRESS =     0.0
 Etot   =    -66427.0319  EKtot   =     26433.5410  EPtot      =    -92860.5729
 BOND   =     16598.1261  ANGLE   =      1077.8595  DIHED      =      1670.4479
 1-4 NB =       429.7560  1-4 EEL =      4474.4613  VDWAALS    =     17166.8421
 EELEC  =   -134278.0658  EHBOND  =         0.0000  RESTRAINT  =         0.0000
 ------------------------------------------------------------------------------


 NSTEP =     7500   TIME(PS) =  323003.750  TEMP(K) =   301.68  PRESS =     0.0
 Etot   =    -66435.7989  EKtot   =     26467.6016  EPtot      =    -92903.4004
 BOND   =     16431.6332  ANGLE   =      1029.4739  DIHED      =      1642.4320
 1-4 NB =       452.4581  1-4 EEL =      4532.2353  VDWAALS    =     16775.6921
 EELEC  =   -133767.3250  EHBOND  =         0.0000  RESTRAINT  =         0.0000
 ------------------------------------------------------------------------------


 NSTEP =     8000   TIME(PS) =  323004.000  TEMP(K) =   300.56  PRESS =     0.0
 Etot   =    -66480.8825  EKtot   =     26369.3828  EPtot      =    -92850.2653
 BOND   =     16539.4249  ANGLE   =      1043.2623  DIHED      =      1665.2569
 1-4 NB =       466.7206  1-4 EEL =      4477.2136  VDWAALS    =     16929.4737
 EELEC  =   -133971.6173  EHBOND  =         0.0000  RESTRAINT  =         0.0000
 ------------------------------------------------------------------------------


 NSTEP =     8500   TIME(PS) =  323004.250  TEMP(K) =   298.14  PRESS =     0.0
 Etot   =    -66786.8676  EKtot   =     26156.4355  EPtot      =    -92943.3031
 BOND   =     16593.6471  ANGLE   =      1037.0845  DIHED      =      1668.8540
 1-4 NB =       449.0547  1-4 EEL =      4459.2302  VDWAALS    =     17214.3359
 EELEC  =   -134365.5097  EHBOND  =         0.0000  RESTRAINT  =         0.0000
 ------------------------------------------------------------------------------


 NSTEP =     9000   TIME(PS) =  323004.500  TEMP(K) =   299.61  PRESS =     0.0
 Etot   =    -66640.1093  EKtot   =     26285.4785  EPtot      =    -92925.5878
 BOND   =     16635.0041  ANGLE   =      1053.2490  DIHED      =      1668.3475
 1-4 NB =       449.7741  1-4 EEL =      4452.3342  VDWAALS    =     17146.6172
 EELEC  =   -134330.9140  EHBOND  =         0.0000  RESTRAINT  =         0.0000
 ------------------------------------------------------------------------------


 NSTEP =     9500   TIME(PS) =  323004.750  TEMP(K) =   300.79  PRESS =     0.0
 Etot   =    -66714.7410  EKtot   =     26388.9609  EPtot      =    -93103.7019
 BOND   =     16367.1104  ANGLE   =      1018.2360  DIHED      =      1654.7652
 1-4 NB =       442.4363  1-4 EEL =      4443.5953  VDWAALS    =     17065.9039
 EELEC  =   -134095.7491  EHBOND  =         0.0000  RESTRAINT  =         0.0000
 ------------------------------------------------------------------------------


 NSTEP =    10000   TIME(PS) =  323005.000  TEMP(K) =   299.37  PRESS =     0.0
 Etot   =    -66468.3815  EKtot   =     26264.6680  EPtot      =    -92733.0494
 BOND   =     16313.3943  ANGLE   =      1020.8357  DIHED      =      1625.4310
 1-4 NB =       453.8417  1-4 EEL =      4516.7139  VDWAALS    =     17090.1914
 EELEC  =   -133753.4575  EHBOND  =         0.0000  RESTRAINT  =         0.0000
 ------------------------------------------------------------------------------


 NSTEP =    10500   TIME(PS) =  323005.250  TEMP(K) =   300.37  PRESS =     0.0
 Etot   =    -66393.5505  EKtot   =     26352.3359  EPtot      =    -92745.8865
 BOND   =     16344.6861  ANGLE   =      1052.6379  DIHED      =      1669.2467
 1-4 NB =       448.3164  1-4 EEL =      4472.5418  VDWAALS    =     16727.6905
 EELEC  =   -133461.0059  EHBOND  =         0.0000  RESTRAINT  =         0.0000
 ------------------------------------------------------------------------------


 NSTEP =    11000   TIME(PS) =  323005.500  TEMP(K) =   302.62  PRESS =     0.0
 Etot   =    -66472.3713  EKtot   =     26550.0156  EPtot      =    -93022.3869
 BOND   =     16287.3442  ANGLE   =      1076.3052  DIHED      =      1622.6775
 1-4 NB =       433.8242  1-4 EEL =      4467.2386  VDWAALS    =     16940.8869
 EELEC  =   -133850.6636  EHBOND  =         0.0000  RESTRAINT  =         0.0000
 ------------------------------------------------------------------------------


 NSTEP =    11500   TIME(PS) =  323005.750  TEMP(K) =   301.93  PRESS =     0.0
 Etot   =    -66319.4542  EKtot   =     26489.3691  EPtot      =    -92808.8234
 BOND   =     16611.3155  ANGLE   =      1035.0195  DIHED      =      1650.0171
 1-4 NB =       449.2530  1-4 EEL =      4488.6157  VDWAALS    =     17021.1338
 EELEC  =   -134064.1780  EHBOND  =         0.0000  RESTRAINT  =         0.0000
 ------------------------------------------------------------------------------


 NSTEP =    12000   TIME(PS) =  323006.000  TEMP(K) =   298.38  PRESS =     0.0
 Etot   =    -66504.6179  EKtot   =     26178.3574  EPtot      =    -92682.9754
 BOND   =     16488.7483  ANGLE   =      1049.9112  DIHED      =      1657.9931
 1-4 NB =       442.9193  1-4 EEL =      4457.4488  VDWAALS    =     16895.0864
 EELEC  =   -133675.0825  EHBOND  =         0.0000  RESTRAINT  =         0.0000
 ------------------------------------------------------------------------------


 NSTEP =    12500   TIME(PS) =  323006.250  TEMP(K) =   298.99  PRESS =     0.0
 Etot   =    -66382.8536  EKtot   =     26231.7480  EPtot      =    -92614.6016
 BOND   =     16293.3314  ANGLE   =      1045.3663  DIHED      =      1655.4385
 1-4 NB =       428.9599  1-4 EEL =      4462.1211  VDWAALS    =     16702.0427
 EELEC  =   -133201.8616  EHBOND  =         0.0000  RESTRAINT  =         0.0000
 ------------------------------------------------------------------------------


 NSTEP =    13000   TIME(PS) =  323006.500  TEMP(K) =   300.01  PRESS =     0.0
 Etot   =    -66373.8251  EKtot   =     26321.1973  EPtot      =    -92695.0223
 BOND   =     16445.4223  ANGLE   =      1037.8850  DIHED      =      1649.9022
 1-4 NB =       449.3708  1-4 EEL =      4506.3534  VDWAALS    =     17099.6454
 EELEC  =   -133883.6014  EHBOND  =         0.0000  RESTRAINT  =         0.0000
 ------------------------------------------------------------------------------


 NSTEP =    13500   TIME(PS) =  323006.750  TEMP(K) =   300.36  PRESS =     0.0
 Etot   =    -66309.4450  EKtot   =     26351.5664  EPtot      =    -92661.0114
 BOND   =     16363.1359  ANGLE   =      1022.5275  DIHED      =      1673.1250
 1-4 NB =       446.6091  1-4 EEL =      4494.8479  VDWAALS    =     17104.5190
 EELEC  =   -133765.7757  EHBOND  =         0.0000  RESTRAINT  =         0.0000
 ------------------------------------------------------------------------------


 NSTEP =    14000   TIME(PS) =  323007.000  TEMP(K) =   300.24  PRESS =     0.0
 Etot   =    -66258.4469  EKtot   =     26340.6738  EPtot      =    -92599.1207
 BOND   =     16278.5433  ANGLE   =      1053.9266  DIHED      =      1649.2608
 1-4 NB =       439.6215  1-4 EEL =      4486.2293  VDWAALS    =     16968.6533
 EELEC  =   -133475.3554  EHBOND  =         0.0000  RESTRAINT  =         0.0000
 ------------------------------------------------------------------------------


 NSTEP =    14500   TIME(PS) =  323007.250  TEMP(K) =   301.34  PRESS =     0.0
 Etot   =    -66405.1668  EKtot   =     26437.2207  EPtot      =    -92842.3875
 BOND   =     16366.7041  ANGLE   =       995.3735  DIHED      =      1679.2507
 1-4 NB =       445.3951  1-4 EEL =      4476.8335  VDWAALS    =     16887.8351
 EELEC  =   -133693.7795  EHBOND  =         0.0000  RESTRAINT  =         0.0000
 ------------------------------------------------------------------------------


 NSTEP =    15000   TIME(PS) =  323007.500  TEMP(K) =   300.73  PRESS =     0.0
 Etot   =    -66342.8928  EKtot   =     26384.1895  EPtot      =    -92727.0823
 BOND   =     16386.3237  ANGLE   =      1040.8352  DIHED      =      1647.9075
 1-4 NB =       456.1382  1-4 EEL =      4426.9743  VDWAALS    =     16811.4195
 EELEC  =   -133496.6808  EHBOND  =         0.0000  RESTRAINT  =         0.0000
 ------------------------------------------------------------------------------


 NSTEP =    15500   TIME(PS) =  323007.750  TEMP(K) =   301.48  PRESS =     0.0
 Etot   =    -66374.7778  EKtot   =     26450.0879  EPtot      =    -92824.8656
 BOND   =     16590.9551  ANGLE   =      1066.3393  DIHED      =      1643.5325
 1-4 NB =       446.2994  1-4 EEL =      4437.7432  VDWAALS    =     17164.4793
 EELEC  =   -134174.2145  EHBOND  =         0.0000  RESTRAINT  =         0.0000
 ------------------------------------------------------------------------------


 NSTEP =    16000   TIME(PS) =  323008.000  TEMP(K) =   299.49  PRESS =     0.0
 Etot   =    -66358.3467  EKtot   =     26275.5508  EPtot      =    -92633.8975
 BOND   =     16403.7964  ANGLE   =      1096.1456  DIHED      =      1654.4358
 1-4 NB =       454.6207  1-4 EEL =      4478.5736  VDWAALS    =     16873.2711
 EELEC  =   -133594.7407  EHBOND  =         0.0000  RESTRAINT  =         0.0000
 ------------------------------------------------------------------------------


 NSTEP =    16500   TIME(PS) =  323008.250  TEMP(K) =   301.93  PRESS =     0.0
 Etot   =    -66290.0968  EKtot   =     26489.4219  EPtot      =    -92779.5187
 BOND   =     16562.0140  ANGLE   =      1026.0336  DIHED      =      1639.1603
 1-4 NB =       448.1518  1-4 EEL =      4487.1851  VDWAALS    =     16841.5390
 EELEC  =   -133783.6025  EHBOND  =         0.0000  RESTRAINT  =         0.0000
 ------------------------------------------------------------------------------


 NSTEP =    17000   TIME(PS) =  323008.500  TEMP(K) =   300.80  PRESS =     0.0
 Etot   =    -66488.1472  EKtot   =     26389.8594  EPtot      =    -92878.0065
 BOND   =     16507.4030  ANGLE   =      1051.9465  DIHED      =      1659.3809
 1-4 NB =       434.3482  1-4 EEL =      4436.8547  VDWAALS    =     16937.5650
 EELEC  =   -133905.5049  EHBOND  =         0.0000  RESTRAINT  =         0.0000
 ------------------------------------------------------------------------------


 NSTEP =    17500   TIME(PS) =  323008.750  TEMP(K) =   298.86  PRESS =     0.0
 Etot   =    -66635.1605  EKtot   =     26220.1211  EPtot      =    -92855.2816
 BOND   =     16334.6474  ANGLE   =      1041.3995  DIHED      =      1657.6422
 1-4 NB =       444.4053  1-4 EEL =      4498.6060  VDWAALS    =     16748.5632
 EELEC  =   -133580.5451  EHBOND  =         0.0000  RESTRAINT  =         0.0000
 ------------------------------------------------------------------------------


 NSTEP =    18000   TIME(PS) =  323009.000  TEMP(K) =   297.76  PRESS =     0.0
 Etot   =    -66753.7638  EKtot   =     26123.7363  EPtot      =    -92877.5001
 BOND   =     16386.9885  ANGLE   =      1034.2711  DIHED      =      1643.0610
 1-4 NB =       435.0134  1-4 EEL =      4437.6311  VDWAALS    =     16995.7336
 EELEC  =   -133810.1989  EHBOND  =         0.0000  RESTRAINT  =         0.0000
 ------------------------------------------------------------------------------


 NSTEP =    18500   TIME(PS) =  323009.250  TEMP(K) =   297.33  PRESS =     0.0
 Etot   =    -66880.4571  EKtot   =     26085.9199  EPtot      =    -92966.3770
 BOND   =     16507.2871  ANGLE   =      1029.8286  DIHED      =      1635.4500
 1-4 NB =       441.3952  1-4 EEL =      4484.8001  VDWAALS    =     16981.9285
 EELEC  =   -134047.0665  EHBOND  =         0.0000  RESTRAINT  =         0.0000
 ------------------------------------------------------------------------------


 NSTEP =    19000   TIME(PS) =  323009.500  TEMP(K) =   298.88  PRESS =     0.0
 Etot   =    -66849.2114  EKtot   =     26221.6289  EPtot      =    -93070.8403
 BOND   =     16484.5905  ANGLE   =      1051.3794  DIHED      =      1631.8687
 1-4 NB =       433.5647  1-4 EEL =      4431.6294  VDWAALS    =     17189.8601
 EELEC  =   -134293.7330  EHBOND  =         0.0000  RESTRAINT  =         0.0000
 ------------------------------------------------------------------------------


 NSTEP =    19500   TIME(PS) =  323009.750  TEMP(K) =   298.39  PRESS =     0.0
 Etot   =    -66553.0086  EKtot   =     26178.7344  EPtot      =    -92731.7430
 BOND   =     16427.4126  ANGLE   =      1039.6958  DIHED      =      1646.9112
 1-4 NB =       439.2081  1-4 EEL =      4450.3977  VDWAALS    =     16795.8000
 EELEC  =   -133531.1683  EHBOND  =         0.0000  RESTRAINT  =         0.0000
 ------------------------------------------------------------------------------


 NSTEP =    20000   TIME(PS) =  323010.000  TEMP(K) =   302.25  PRESS =     0.0
 Etot   =    -66523.5780  EKtot   =     26517.1309  EPtot      =    -93040.7089
 BOND   =     16214.6471  ANGLE   =      1043.4788  DIHED      =      1640.8742
 1-4 NB =       447.5066  1-4 EEL =      4471.2043  VDWAALS    =     17033.4974
 EELEC  =   -133891.9173  EHBOND  =         0.0000  RESTRAINT  =         0.0000
 ------------------------------------------------------------------------------


      A V E R A G E S   O V E R      40 S T E P S


 NSTEP =    20000   TIME(PS) =  323010.000  TEMP(K) =   298.64  PRESS =     0.0
 Etot   =    -66563.7459  EKtot   =     26200.3123  EPtot      =    -92764.0582
 BOND   =     16057.2811  ANGLE   =      1043.7564  DIHED      =      1652.9157
 1-4 NB =       445.7154  1-4 EEL =      4473.0852  VDWAALS    =     16861.4574
 EELEC  =   -133298.2694  EHBOND  =         0.0000  RESTRAINT  =         0.0000
 ------------------------------------------------------------------------------


      R M S  F L U C T U A T I O N S


 NSTEP =    20000   TIME(PS) =  323010.000  TEMP(K) =     5.40  PRESS =     0.0
 Etot   =       650.5200  EKtot   =       473.7021  EPtot      =       277.9376
 BOND   =      1276.7799  ANGLE   =        19.3326  DIHED      =        14.7108
 1-4 NB =         8.9755  1-4 EEL =        25.5957  VDWAALS    =       265.7813
 EELEC  =      1385.6829  EHBOND  =         0.0000  RESTRAINT  =         0.0000
 ------------------------------------------------------------------------------

--------------------------------------------------------------------------------
   5.  TIMINGS
--------------------------------------------------------------------------------

|  NonSetup CPU Time in Major Routines:
|
|     Routine           Sec        %
|     ------------------------------
|     Nonbond           3.00   10.52
|     Bond              0.00    0.00
|     Angle             0.00    0.00
|     Dihedral          0.00    0.00
|     Shake             0.00    0.00
|     RunMD            25.50   89.43
|     Other             0.01    0.04
|     ------------------------------
|     Total            28.51

|  PME Nonbond Pairlist CPU Time:
|
|     Routine              Sec        %
|     ---------------------------------
|     Set Up Cit           0.00    0.00
|     Build List           0.00    0.00
|     ---------------------------------
|     Total                0.00    0.00

|  PME Direct Force CPU Time:
|
|     Routine              Sec        %
|     ---------------------------------
|     NonBonded Calc       0.00    0.00
|     Exclude Masked       0.00    0.00
|     Other                0.00    0.01
|     ---------------------------------
|     Total                0.00    0.01

|  PME Reciprocal Force CPU Time:
|
|     Routine              Sec        %
|     ---------------------------------
|     1D bspline           0.00    0.00
|     Grid Charges         0.00    0.00
|     Scalar Sum           0.00    0.00
|     Gradient Sum         0.00    0.00
|     FFT                  0.00    0.00
|     ---------------------------------
|     Total                0.00    0.00

|  Final Performance Info:
|     -----------------------------------------------------
|     Average timings for last   19500 steps:
|     Elapsed(s) =      28.30 Per Step(ms) =       1.45
|         ns/day =      29.76   seconds/ns =    2902.92
|
|     Average timings for all steps:
|     Elapsed(s) =      29.09 Per Step(ms) =       1.45
|         ns/day =      29.70   seconds/ns =    2909.48
|     -----------------------------------------------------

|  Setup CPU time:            0.96 seconds
|  NonSetup CPU time:        28.51 seconds
|  Total CPU time:           29.47 seconds     0.01 hours

|  Setup wall time:           1    seconds
|  NonSetup wall time:       29    seconds
|  Total wall time:          30    seconds     0.01 hours
