
          -------------------------------------------------------
          Amber 16 PMEMD                              2016
          -------------------------------------------------------

| PMEMD implementation of SANDER, Release 16

| Run on 08/25/2017 at 16:25:22

|   Executable path: /apps/amber16/bin/pmemd.cuda
| Working directory: /scratch/pbarletta/pdz/run/lb/neq/data/1
|          Hostname: mordor

  [-O]verwriting output

File Assignments:
|   MDIN: pdt.in                                                                
|  MDOUT: 224plb_1.out                                                          
| INPCRD: /scratch/pbarletta/pdz/run/lb/neq/starting_frames/224_lb.rst7         
|   PARM: /scratch/pbarletta/pdz/top_files/lb.prmtop                            
| RESTRT: 224plb_1.rst7                                                         
|   REFC: refc                                                                  
|  MDVEL: mdvel                                                                 
|   MDEN: mden                                                                  
|  MDCRD: 224plb_1.nc                                                           
| MDINFO: mdinfo                                                                
|  MDFRC: mdfrc                                                                 


 Here is the input file:

!NVT run. P/ recuperar velocidades                                             
&cntrl                                                                         
imin = 0,                           ! No Minimization                          
nmropt = 0,                         ! No NMR restraints read                   
                                                                               
! Nature and format of the input                                               
ntx = 1,                            ! Coordinates will be read, assign new velo
irest = 0,                          ! Run a new simulation                     
                                                                               
! Nature and format of the output                                              
ioutfm = 1,			    ! NetCDF format for output files                             
ntxo = 1,                           ! rstrt file in ASCII format               
ntpr = 125,                         ! inf in output every ntpr steps           
ntwr = 500,                         ! rstrt file every ntwr steps              
ntwx = 0,                           ! mdcrd file every ntwx steps              
ntwv = 0,                           ! mdvel without velocities                 
ntwe = 0,                           ! Energies and temperatures not written in 
idecomp = 0,                        ! No energy decomposition                  
iwrap = 1,                          ! Coordinates of the restart and mdcrd file
                                                                               
! Frozen or restrained atoms                                                   
ibelly = 0,                         ! No frozen atoms                          
ntr=0,                              ! Harmonic potential restraints            
                                                                               
! Molecular dynamics                                                           
nstlim = 5000,                      ! Number of MD-steps                       
dt = 0.002,                         ! Time step                                
                                                                               
! Temperature regulation                                                       
ntt = 3,                            ! Langevin thermostat                      
gamma_ln = 2,                       ! Gamma constant for Langevin              
temp0 = 300.0,                     ! Reference T at which the system is to be k
tempi = 300.0,                      ! Initial T                                
                                                                               
! P and V regulation                                                           
ntp = 0,                            ! No P control                             
ntb = 1,                            ! constant V                               
                                                                               
! SHAKE variables                                                              
ntc = 2,                            ! Bonds involving H are constrained        
ntf = 2,                            ! Bond interaction involving H are ommited.
                                                                               
cut = 9.0,                          ! Nonbonded cutoff                         
/                                                                              
&end                                                                           


Note: ig = -1. Setting random seed to   150511 based on wallclock time in 
      microseconds.
| irandom = 1, using AMBER's internal random number generator (default).
 
|--------------------- INFORMATION ----------------------
| GPU (CUDA) Version of PMEMD in use: NVIDIA GPU IN USE.
|                    Version 16.0.0
| 
|                      02/25/2016
| 
| Implementation by:
|                    Ross C. Walker     (SDSC)
|                    Scott Le Grand     (nVIDIA)
| 
| Precision model in use:
|      [SPFP] - Single Precision Forces, 64-bit Fixed Point
|               Accumulation. (Default)
| 
|--------------------------------------------------------
 
|----------------- CITATION INFORMATION -----------------
|
|    When publishing work that utilized the CUDA version
|    of AMBER, please cite the following in addition to
|    the regular AMBER citations:
|
|  - Romelia Salomon-Ferrer; Andreas W. Goetz; Duncan
|    Poole; Scott Le Grand; Ross C. Walker "Routine
|    microsecond molecular dynamics simulations with
|    AMBER - Part II: Particle Mesh Ewald", J. Chem.
|    Theory Comput., 2013, 9 (9), pp3878-3888,
|    DOI: 10.1021/ct400314y.
|
|  - Andreas W. Goetz; Mark J. Williamson; Dong Xu;
|    Duncan Poole; Scott Le Grand; Ross C. Walker
|    "Routine microsecond molecular dynamics simulations
|    with AMBER - Part I: Generalized Born", J. Chem.
|    Theory Comput., 2012, 8 (5), pp1542-1555.
|
|  - Scott Le Grand; Andreas W. Goetz; Ross C. Walker
|    "SPFP: Speed without compromise - a mixed precision
|    model for GPU accelerated molecular dynamics
|    simulations.", Comp. Phys. Comm., 2013, 184
|    pp374-380, DOI: 10.1016/j.cpc.2012.09.022
|
|--------------------------------------------------------
 
|------------------- GPU DEVICE INFO --------------------
|
|            CUDA_VISIBLE_DEVICES: 3
|   CUDA Capable Devices Detected:      1
|           CUDA Device ID in use:      0
|                CUDA Device Name: GeForce GTX TITAN
|     CUDA Device Global Mem Size:   6082 MB
| CUDA Device Num Multiprocessors:     14
|           CUDA Device Core Freq:   0.93 GHz
|
|--------------------------------------------------------
 
 
| Conditional Compilation Defines Used:
| PUBFFT
| BINTRAJ
| CUDA
| EMIL

| Largest sphere to fit in unit cell has radius =    26.281

| New format PARM file being parsed.
| Version =    1.000 Date = 09/04/12 Time = 16:08:43

| Note: 1-4 EEL scale factors are being read from the topology file.

| Note: 1-4 VDW scale factors are being read from the topology file.
| Duplicated    0 dihedrals

| Duplicated    0 dihedrals

--------------------------------------------------------------------------------
   1.  RESOURCE   USE: 
--------------------------------------------------------------------------------

 getting new box info from bottom of inpcrd
 NATOM  =   23082 NTYPES =      16 NBONH =   22055 MBONA  =    1038
 NTHETH =    2390 MTHETA =    1396 NPHIH =    4631 MPHIA  =    3488
 NHPARM =       0 NPARM  =       0 NNB   =   39434 NRES   =    7134
 NBONA  =    1038 NTHETA =    1396 NPHIA =    3488 NUMBND =      41
 NUMANG =      86 NPTRA  =      41 NATYP =      28 NPHB   =       1
 IFBOX  =       1 NMXRS  =      24 IFCAP =       0 NEXTRA =       0
 NCOPY  =       0

| Coordinate Index Table dimensions:    12   14   10
| Direct force subcell size =     5.0212    5.2012    5.2562

     BOX TYPE: RECTILINEAR

--------------------------------------------------------------------------------
   2.  CONTROL  DATA  FOR  THE  RUN
--------------------------------------------------------------------------------

default_name                                                                    

General flags:
     imin    =       0, nmropt  =       0

Nature and format of input:
     ntx     =       1, irest   =       0, ntrx    =       1

Nature and format of output:
     ntxo    =       1, ntpr    =     125, ntrx    =       1, ntwr    =     500
     iwrap   =       1, ntwx    =       0, ntwv    =       0, ntwe    =       0
     ioutfm  =       1, ntwprt  =       0, idecomp =       0, rbornstat=      0

Potential function:
     ntf     =       2, ntb     =       1, igb     =       0, nsnb    =      25
     ipol    =       0, gbsa    =       0, iesp    =       0
     dielc   =   1.00000, cut     =   9.00000, intdiel =   1.00000

Frozen or restrained atoms:
     ibelly  =       0, ntr     =       0

Molecular dynamics:
     nstlim  =      5000, nscm    =      1000, nrespa  =         1
     t       =   0.00000, dt      =   0.00200, vlimit  =  -1.00000

Langevin dynamics temperature regulation:
     ig      =  150511
     temp0   = 300.00000, tempi   = 300.00000, gamma_ln=   2.00000

SHAKE:
     ntc     =       2, jfastw  =       0
     tol     =   0.00001

| Intermolecular bonds treatment:
|     no_intermolecular_bonds =       1

| Energy averages sample interval:
|     ene_avg_sampling =     125

Ewald parameters:
     verbose =       0, ew_type =       0, nbflag  =       1, use_pme =       1
     vdwmeth =       1, eedmeth =       1, netfrc  =       1
     Box X =   60.254   Box Y =   72.816   Box Z =   52.562
     Alpha =   90.000   Beta  =   90.000   Gamma =   90.000
     NFFT1 =   64       NFFT2 =   80       NFFT3 =   56
     Cutoff=    9.000   Tol   =0.100E-04
     Ewald Coefficient =  0.30768
     Interpolation order =    4

--------------------------------------------------------------------------------
   3.  ATOMIC COORDINATES AND VELOCITIES
--------------------------------------------------------------------------------

Cpptraj Generated Restart                                                       
 begin time read from input coords =448000.000 ps

 
 Number of triangulated 3-point waters found:     7002

     Sum of charges from parm topology file =  -0.00000008
     Forcing neutrality...

| Dynamic Memory, Types Used:
| Reals              711627
| Integers           739238

| Nonbonded Pairs Initial Allocation:     5262696

| GPU memory information (estimate):
| KB of GPU memory in use:    131824
| KB of CPU memory in use:     27232

--------------------------------------------------------------------------------
   4.  RESULTS
--------------------------------------------------------------------------------

 ---------------------------------------------------
 APPROXIMATING switch and d/dx switch using CUBIC SPLINE INTERPOLATION
 using   5000.0 points per unit in tabled values
 TESTING RELATIVE ERROR over r ranging from 0.0 to cutoff
| CHECK switch(x): max rel err =   0.2738E-14   at   2.422500
| CHECK d/dx switch(x): max rel err =   0.8314E-11   at   2.736960
 ---------------------------------------------------
|---------------------------------------------------
| APPROXIMATING direct energy using CUBIC SPLINE INTERPOLATION
|  with   50.0 points per unit in tabled values
| Relative Error Limit not exceeded for r .gt.   2.39
| APPROXIMATING direct force using CUBIC SPLINE INTERPOLATION
|  with   50.0 points per unit in tabled values
| Relative Error Limit not exceeded for r .gt.   2.84
|---------------------------------------------------

 NSTEP =        0   TIME(PS) =       0.000  TEMP(K) =   443.38  PRESS =     0.0
 Etot   =    -50718.4246  EKtot   =     20789.6036  EPtot      =    -71508.0282
 BOND   =       376.3752  ANGLE   =      1089.6193  DIHED      =      1335.2466
 1-4 NB =       448.5355  1-4 EEL =      4601.3138  VDWAALS    =      8660.0768
 EELEC  =    -88019.1954  EHBOND  =         0.0000  RESTRAINT  =         0.0000
 ------------------------------------------------------------------------------


 NSTEP =      125   TIME(PS) =       0.250  TEMP(K) =   298.40  PRESS =     0.0
 Etot   =    -57484.2873  EKtot   =     13991.8037  EPtot      =    -71476.0910
 BOND   =       384.0973  ANGLE   =      1091.7370  DIHED      =      1327.9695
 1-4 NB =       466.5366  1-4 EEL =      4605.8009  VDWAALS    =      8568.0727
 EELEC  =    -87920.3049  EHBOND  =         0.0000  RESTRAINT  =         0.0000
 ------------------------------------------------------------------------------


 NSTEP =      250   TIME(PS) =       0.500  TEMP(K) =   298.95  PRESS =     0.0
 Etot   =    -57610.9818  EKtot   =     14017.5576  EPtot      =    -71628.5395
 BOND   =       427.2606  ANGLE   =      1096.3306  DIHED      =      1316.4966
 1-4 NB =       439.5213  1-4 EEL =      4639.5428  VDWAALS    =      8753.1802
 EELEC  =    -88300.8715  EHBOND  =         0.0000  RESTRAINT  =         0.0000
 ------------------------------------------------------------------------------


 NSTEP =      375   TIME(PS) =       0.750  TEMP(K) =   300.73  PRESS =     0.0
 Etot   =    -57593.1589  EKtot   =     14101.0146  EPtot      =    -71694.1736
 BOND   =       401.6698  ANGLE   =      1109.2733  DIHED      =      1324.4625
 1-4 NB =       425.8503  1-4 EEL =      4589.6429  VDWAALS    =      8792.7737
 EELEC  =    -88337.8460  EHBOND  =         0.0000  RESTRAINT  =         0.0000
 ------------------------------------------------------------------------------


 NSTEP =      500   TIME(PS) =       1.000  TEMP(K) =   300.50  PRESS =     0.0
 Etot   =    -57443.6793  EKtot   =     14090.1494  EPtot      =    -71533.8287
 BOND   =       419.3688  ANGLE   =      1059.6527  DIHED      =      1312.6048
 1-4 NB =       440.8274  1-4 EEL =      4582.6541  VDWAALS    =      8823.2840
 EELEC  =    -88172.2205  EHBOND  =         0.0000  RESTRAINT  =         0.0000
 ------------------------------------------------------------------------------


 NSTEP =      625   TIME(PS) =       1.250  TEMP(K) =   301.37  PRESS =     0.0
 Etot   =    -57593.3124  EKtot   =     14131.0205  EPtot      =    -71724.3329
 BOND   =       390.8455  ANGLE   =      1055.5566  DIHED      =      1297.0774
 1-4 NB =       459.8067  1-4 EEL =      4616.2026  VDWAALS    =      8903.2953
 EELEC  =    -88447.1170  EHBOND  =         0.0000  RESTRAINT  =         0.0000
 ------------------------------------------------------------------------------


 NSTEP =      750   TIME(PS) =       1.500  TEMP(K) =   298.58  PRESS =     0.0
 Etot   =    -57756.2550  EKtot   =     13999.9297  EPtot      =    -71756.1847
 BOND   =       371.5986  ANGLE   =      1089.2738  DIHED      =      1316.8481
 1-4 NB =       455.7590  1-4 EEL =      4622.0112  VDWAALS    =      8907.0005
 EELEC  =    -88518.6758  EHBOND  =         0.0000  RESTRAINT  =         0.0000
 ------------------------------------------------------------------------------


 NSTEP =      875   TIME(PS) =       1.750  TEMP(K) =   298.61  PRESS =     0.0
 Etot   =    -57727.1228  EKtot   =     14001.2295  EPtot      =    -71728.3523
 BOND   =       394.5345  ANGLE   =      1061.5466  DIHED      =      1320.6101
 1-4 NB =       450.1171  1-4 EEL =      4608.9047  VDWAALS    =      8845.3978
 EELEC  =    -88409.4631  EHBOND  =         0.0000  RESTRAINT  =         0.0000
 ------------------------------------------------------------------------------


 NSTEP =     1000   TIME(PS) =       2.000  TEMP(K) =   298.83  PRESS =     0.0
 Etot   =    -57742.0019  EKtot   =     14011.7568  EPtot      =    -71753.7588
 BOND   =       380.9814  ANGLE   =      1059.5677  DIHED      =      1312.4538
 1-4 NB =       439.1401  1-4 EEL =      4613.5625  VDWAALS    =      8587.1426
 EELEC  =    -88146.6068  EHBOND  =         0.0000  RESTRAINT  =         0.0000
 ------------------------------------------------------------------------------


 NSTEP =     1125   TIME(PS) =       2.250  TEMP(K) =   302.43  PRESS =     0.0
 Etot   =    -57693.8155  EKtot   =     14180.6797  EPtot      =    -71874.4952
 BOND   =       392.6094  ANGLE   =      1041.8947  DIHED      =      1318.3636
 1-4 NB =       438.1527  1-4 EEL =      4629.8666  VDWAALS    =      8826.9918
 EELEC  =    -88522.3739  EHBOND  =         0.0000  RESTRAINT  =         0.0000
 ------------------------------------------------------------------------------


 NSTEP =     1250   TIME(PS) =       2.500  TEMP(K) =   301.81  PRESS =     0.0
 Etot   =    -57558.4436  EKtot   =     14151.3965  EPtot      =    -71709.8400
 BOND   =       373.7907  ANGLE   =      1072.6195  DIHED      =      1311.3732
 1-4 NB =       450.9319  1-4 EEL =      4601.1322  VDWAALS    =      8887.5988
 EELEC  =    -88407.2864  EHBOND  =         0.0000  RESTRAINT  =         0.0000
 ------------------------------------------------------------------------------


 NSTEP =     1375   TIME(PS) =       2.750  TEMP(K) =   300.32  PRESS =     0.0
 Etot   =    -57580.2914  EKtot   =     14081.5996  EPtot      =    -71661.8910
 BOND   =       401.8512  ANGLE   =      1058.0482  DIHED      =      1317.7908
 1-4 NB =       454.4012  1-4 EEL =      4603.1854  VDWAALS    =      8651.4000
 EELEC  =    -88148.5677  EHBOND  =         0.0000  RESTRAINT  =         0.0000
 ------------------------------------------------------------------------------


 NSTEP =     1500   TIME(PS) =       3.000  TEMP(K) =   298.15  PRESS =     0.0
 Etot   =    -57438.0090  EKtot   =     13980.1113  EPtot      =    -71418.1204
 BOND   =       419.2876  ANGLE   =      1042.4294  DIHED      =      1325.9744
 1-4 NB =       429.2352  1-4 EEL =      4592.7737  VDWAALS    =      8581.9967
 EELEC  =    -87809.8173  EHBOND  =         0.0000  RESTRAINT  =         0.0000
 ------------------------------------------------------------------------------


 NSTEP =     1625   TIME(PS) =       3.250  TEMP(K) =   299.46  PRESS =     0.0
 Etot   =    -57452.6398  EKtot   =     14041.2021  EPtot      =    -71493.8420
 BOND   =       389.6857  ANGLE   =      1068.1101  DIHED      =      1322.3826
 1-4 NB =       454.0225  1-4 EEL =      4616.4514  VDWAALS    =      8794.1549
 EELEC  =    -88138.6491  EHBOND  =         0.0000  RESTRAINT  =         0.0000
 ------------------------------------------------------------------------------


 NSTEP =     1750   TIME(PS) =       3.500  TEMP(K) =   299.95  PRESS =     0.0
 Etot   =    -57512.3931  EKtot   =     14064.1064  EPtot      =    -71576.4996
 BOND   =       396.6014  ANGLE   =      1118.5149  DIHED      =      1331.8027
 1-4 NB =       442.0742  1-4 EEL =      4556.2842  VDWAALS    =      8827.2992
 EELEC  =    -88249.0762  EHBOND  =         0.0000  RESTRAINT  =         0.0000
 ------------------------------------------------------------------------------


 NSTEP =     1875   TIME(PS) =       3.750  TEMP(K) =   299.13  PRESS =     0.0
 Etot   =    -57442.5683  EKtot   =     14026.0439  EPtot      =    -71468.6122
 BOND   =       380.0076  ANGLE   =      1098.0578  DIHED      =      1308.8721
 1-4 NB =       450.4991  1-4 EEL =      4619.8401  VDWAALS    =      8637.9755
 EELEC  =    -87963.8644  EHBOND  =         0.0000  RESTRAINT  =         0.0000
 ------------------------------------------------------------------------------


 NSTEP =     2000   TIME(PS) =       4.000  TEMP(K) =   303.21  PRESS =     0.0
 Etot   =    -57280.8350  EKtot   =     14216.9326  EPtot      =    -71497.7677
 BOND   =       410.0702  ANGLE   =      1074.1865  DIHED      =      1317.2604
 1-4 NB =       453.0475  1-4 EEL =      4603.7301  VDWAALS    =      8935.2720
 EELEC  =    -88291.3343  EHBOND  =         0.0000  RESTRAINT  =         0.0000
 ------------------------------------------------------------------------------


 NSTEP =     2125   TIME(PS) =       4.250  TEMP(K) =   299.70  PRESS =     0.0
 Etot   =    -57390.9972  EKtot   =     14052.5205  EPtot      =    -71443.5178
 BOND   =       391.2088  ANGLE   =      1113.2203  DIHED      =      1326.2040
 1-4 NB =       448.4447  1-4 EEL =      4562.1692  VDWAALS    =      8626.1917
 EELEC  =    -87910.9566  EHBOND  =         0.0000  RESTRAINT  =         0.0000
 ------------------------------------------------------------------------------


 NSTEP =     2250   TIME(PS) =       4.500  TEMP(K) =   304.41  PRESS =     0.0
 Etot   =    -57311.0175  EKtot   =     14273.3877  EPtot      =    -71584.4052
 BOND   =       384.7161  ANGLE   =      1123.8467  DIHED      =      1323.1418
 1-4 NB =       438.0073  1-4 EEL =      4581.2414  VDWAALS    =      8772.4664
 EELEC  =    -88207.8249  EHBOND  =         0.0000  RESTRAINT  =         0.0000
 ------------------------------------------------------------------------------


 NSTEP =     2375   TIME(PS) =       4.750  TEMP(K) =   304.34  PRESS =     0.0
 Etot   =    -57305.5841  EKtot   =     14270.0488  EPtot      =    -71575.6329
 BOND   =       386.3451  ANGLE   =      1069.8455  DIHED      =      1323.7090
 1-4 NB =       441.4174  1-4 EEL =      4603.4593  VDWAALS    =      8622.9972
 EELEC  =    -88023.4063  EHBOND  =         0.0000  RESTRAINT  =         0.0000
 ------------------------------------------------------------------------------


 NSTEP =     2500   TIME(PS) =       5.000  TEMP(K) =   301.23  PRESS =     0.0
 Etot   =    -57432.1351  EKtot   =     14124.5059  EPtot      =    -71556.6410
 BOND   =       383.3715  ANGLE   =      1083.5927  DIHED      =      1280.9781
 1-4 NB =       444.5871  1-4 EEL =      4564.7121  VDWAALS    =      8774.1367
 EELEC  =    -88088.0192  EHBOND  =         0.0000  RESTRAINT  =         0.0000
 ------------------------------------------------------------------------------


 NSTEP =     2625   TIME(PS) =       5.250  TEMP(K) =   300.05  PRESS =     0.0
 Etot   =    -57433.0602  EKtot   =     14068.7578  EPtot      =    -71501.8180
 BOND   =       406.5389  ANGLE   =      1059.8456  DIHED      =      1308.0189
 1-4 NB =       444.8338  1-4 EEL =      4605.9000  VDWAALS    =      8543.5609
 EELEC  =    -87870.5162  EHBOND  =         0.0000  RESTRAINT  =         0.0000
 ------------------------------------------------------------------------------


 NSTEP =     2750   TIME(PS) =       5.500  TEMP(K) =   299.85  PRESS =     0.0
 Etot   =    -57465.7236  EKtot   =     14059.7324  EPtot      =    -71525.4560
 BOND   =       408.3783  ANGLE   =      1091.2150  DIHED      =      1298.4135
 1-4 NB =       439.7815  1-4 EEL =      4586.5622  VDWAALS    =      8516.9187
 EELEC  =    -87866.7252  EHBOND  =         0.0000  RESTRAINT  =         0.0000
 ------------------------------------------------------------------------------


 NSTEP =     2875   TIME(PS) =       5.750  TEMP(K) =   299.55  PRESS =     0.0
 Etot   =    -57503.1624  EKtot   =     14045.6094  EPtot      =    -71548.7718
 BOND   =       387.1765  ANGLE   =      1054.2226  DIHED      =      1306.1128
 1-4 NB =       452.9401  1-4 EEL =      4602.0553  VDWAALS    =      8778.5828
 EELEC  =    -88129.8620  EHBOND  =         0.0000  RESTRAINT  =         0.0000
 ------------------------------------------------------------------------------


 NSTEP =     3000   TIME(PS) =       6.000  TEMP(K) =   298.15  PRESS =     0.0
 Etot   =    -57637.1544  EKtot   =     13980.0781  EPtot      =    -71617.2325
 BOND   =       383.4966  ANGLE   =      1052.5985  DIHED      =      1317.4035
 1-4 NB =       451.0120  1-4 EEL =      4606.8288  VDWAALS    =      8795.2712
 EELEC  =    -88223.8431  EHBOND  =         0.0000  RESTRAINT  =         0.0000
 ------------------------------------------------------------------------------


 NSTEP =     3125   TIME(PS) =       6.250  TEMP(K) =   297.01  PRESS =     0.0
 Etot   =    -57742.5871  EKtot   =     13926.6211  EPtot      =    -71669.2082
 BOND   =       394.2028  ANGLE   =      1031.7471  DIHED      =      1333.4211
 1-4 NB =       456.2799  1-4 EEL =      4603.4748  VDWAALS    =      8910.8443
 EELEC  =    -88399.1781  EHBOND  =         0.0000  RESTRAINT  =         0.0000
 ------------------------------------------------------------------------------


 NSTEP =     3250   TIME(PS) =       6.500  TEMP(K) =   298.72  PRESS =     0.0
 Etot   =    -57627.4446  EKtot   =     14006.4648  EPtot      =    -71633.9094
 BOND   =       378.5194  ANGLE   =      1069.8566  DIHED      =      1312.9161
 1-4 NB =       460.7638  1-4 EEL =      4609.5468  VDWAALS    =      8648.3702
 EELEC  =    -88113.8824  EHBOND  =         0.0000  RESTRAINT  =         0.0000
 ------------------------------------------------------------------------------


 NSTEP =     3375   TIME(PS) =       6.750  TEMP(K) =   299.38  PRESS =     0.0
 Etot   =    -57636.0427  EKtot   =     14037.4463  EPtot      =    -71673.4890
 BOND   =       388.3118  ANGLE   =      1053.2337  DIHED      =      1321.0068
 1-4 NB =       453.9153  1-4 EEL =      4586.9272  VDWAALS    =      8966.0451
 EELEC  =    -88442.9290  EHBOND  =         0.0000  RESTRAINT  =         0.0000
 ------------------------------------------------------------------------------


 NSTEP =     3500   TIME(PS) =       7.000  TEMP(K) =   298.44  PRESS =     0.0
 Etot   =    -57536.6762  EKtot   =     13993.4805  EPtot      =    -71530.1567
 BOND   =       415.2252  ANGLE   =      1066.8343  DIHED      =      1302.2720
 1-4 NB =       458.7787  1-4 EEL =      4618.1316  VDWAALS    =      8740.0170
 EELEC  =    -88131.4154  EHBOND  =         0.0000  RESTRAINT  =         0.0000
 ------------------------------------------------------------------------------


 NSTEP =     3625   TIME(PS) =       7.250  TEMP(K) =   302.22  PRESS =     0.0
 Etot   =    -57493.7556  EKtot   =     14170.6689  EPtot      =    -71664.4245
 BOND   =       389.7174  ANGLE   =      1145.0681  DIHED      =      1326.3558
 1-4 NB =       443.2347  1-4 EEL =      4592.1041  VDWAALS    =      8525.8932
 EELEC  =    -88086.7979  EHBOND  =         0.0000  RESTRAINT  =         0.0000
 ------------------------------------------------------------------------------


 NSTEP =     3750   TIME(PS) =       7.500  TEMP(K) =   301.87  PRESS =     0.0
 Etot   =    -57386.3421  EKtot   =     14154.0947  EPtot      =    -71540.4368
 BOND   =       415.9994  ANGLE   =      1043.2996  DIHED      =      1306.7846
 1-4 NB =       442.4567  1-4 EEL =      4577.9138  VDWAALS    =      8670.4798
 EELEC  =    -87997.3707  EHBOND  =         0.0000  RESTRAINT  =         0.0000
 ------------------------------------------------------------------------------


 NSTEP =     3875   TIME(PS) =       7.750  TEMP(K) =   299.34  PRESS =     0.0
 Etot   =    -57404.3300  EKtot   =     14035.8809  EPtot      =    -71440.2109
 BOND   =       371.1545  ANGLE   =      1037.5331  DIHED      =      1300.2450
 1-4 NB =       452.2171  1-4 EEL =      4642.4543  VDWAALS    =      8678.4700
 EELEC  =    -87922.2848  EHBOND  =         0.0000  RESTRAINT  =         0.0000
 ------------------------------------------------------------------------------


 NSTEP =     4000   TIME(PS) =       8.000  TEMP(K) =   300.19  PRESS =     0.0
 Etot   =    -57536.8169  EKtot   =     14075.7480  EPtot      =    -71612.5650
 BOND   =       342.6740  ANGLE   =      1059.7871  DIHED      =      1324.3903
 1-4 NB =       448.2645  1-4 EEL =      4628.0304  VDWAALS    =      8538.7607
 EELEC  =    -87954.4720  EHBOND  =         0.0000  RESTRAINT  =         0.0000
 ------------------------------------------------------------------------------


 NSTEP =     4125   TIME(PS) =       8.250  TEMP(K) =   299.49  PRESS =     0.0
 Etot   =    -57490.3680  EKtot   =     14042.8428  EPtot      =    -71533.2108
 BOND   =       389.1300  ANGLE   =      1061.7837  DIHED      =      1302.6725
 1-4 NB =       437.3252  1-4 EEL =      4575.4720  VDWAALS    =      8672.6286
 EELEC  =    -87972.2229  EHBOND  =         0.0000  RESTRAINT  =         0.0000
 ------------------------------------------------------------------------------


 NSTEP =     4250   TIME(PS) =       8.500  TEMP(K) =   302.34  PRESS =     0.0
 Etot   =    -57440.8621  EKtot   =     14176.4980  EPtot      =    -71617.3601
 BOND   =       398.1230  ANGLE   =      1058.6369  DIHED      =      1299.5397
 1-4 NB =       434.9131  1-4 EEL =      4577.0223  VDWAALS    =      8758.7765
 EELEC  =    -88144.3716  EHBOND  =         0.0000  RESTRAINT  =         0.0000
 ------------------------------------------------------------------------------


 NSTEP =     4375   TIME(PS) =       8.750  TEMP(K) =   300.63  PRESS =     0.0
 Etot   =    -57455.6071  EKtot   =     14096.2598  EPtot      =    -71551.8669
 BOND   =       394.1131  ANGLE   =      1055.8978  DIHED      =      1316.1711
 1-4 NB =       455.6250  1-4 EEL =      4621.1433  VDWAALS    =      8670.5440
 EELEC  =    -88065.3612  EHBOND  =         0.0000  RESTRAINT  =         0.0000
 ------------------------------------------------------------------------------


 NSTEP =     4500   TIME(PS) =       9.000  TEMP(K) =   298.54  PRESS =     0.0
 Etot   =    -57480.0720  EKtot   =     13998.3047  EPtot      =    -71478.3767
 BOND   =       396.0332  ANGLE   =      1071.8166  DIHED      =      1322.9557
 1-4 NB =       438.8937  1-4 EEL =      4602.6090  VDWAALS    =      8685.2403
 EELEC  =    -87995.9254  EHBOND  =         0.0000  RESTRAINT  =         0.0000
 ------------------------------------------------------------------------------


 NSTEP =     4625   TIME(PS) =       9.250  TEMP(K) =   297.74  PRESS =     0.0
 Etot   =    -57740.2793  EKtot   =     13960.7568  EPtot      =    -71701.0362
 BOND   =       413.3154  ANGLE   =      1044.7218  DIHED      =      1332.9778
 1-4 NB =       458.4648  1-4 EEL =      4614.1673  VDWAALS    =      8690.9828
 EELEC  =    -88255.6661  EHBOND  =         0.0000  RESTRAINT  =         0.0000
 ------------------------------------------------------------------------------


 NSTEP =     4750   TIME(PS) =       9.500  TEMP(K) =   301.15  PRESS =     0.0
 Etot   =    -57559.1560  EKtot   =     14120.7188  EPtot      =    -71679.8747
 BOND   =       401.7400  ANGLE   =      1070.4148  DIHED      =      1312.9111
 1-4 NB =       450.3426  1-4 EEL =      4638.8037  VDWAALS    =      8725.0430
 EELEC  =    -88279.1300  EHBOND  =         0.0000  RESTRAINT  =         0.0000
 ------------------------------------------------------------------------------


 NSTEP =     4875   TIME(PS) =       9.750  TEMP(K) =   298.70  PRESS =     0.0
 Etot   =    -57640.5569  EKtot   =     14005.7637  EPtot      =    -71646.3206
 BOND   =       387.0534  ANGLE   =      1076.9066  DIHED      =      1320.0443
 1-4 NB =       442.9043  1-4 EEL =      4611.2621  VDWAALS    =      8761.2867
 EELEC  =    -88245.7780  EHBOND  =         0.0000  RESTRAINT  =         0.0000
 ------------------------------------------------------------------------------


 NSTEP =     5000   TIME(PS) =      10.000  TEMP(K) =   298.28  PRESS =     0.0
 Etot   =    -57696.1769  EKtot   =     13986.1426  EPtot      =    -71682.3195
 BOND   =       384.1930  ANGLE   =      1073.5671  DIHED      =      1325.4914
 1-4 NB =       461.1607  1-4 EEL =      4629.0837  VDWAALS    =      8718.8614
 EELEC  =    -88274.6768  EHBOND  =         0.0000  RESTRAINT  =         0.0000
 ------------------------------------------------------------------------------


      A V E R A G E S   O V E R      40 S T E P S


 NSTEP =     5000   TIME(PS) =      10.000  TEMP(K) =   300.04  PRESS =     0.0
 Etot   =    -57531.3926  EKtot   =     14068.7217  EPtot      =    -71600.1143
 BOND   =       393.1249  ANGLE   =      1071.6573  DIHED      =      1315.6620
 1-4 NB =       447.6622  1-4 EEL =      4603.5665  VDWAALS    =      8727.8801
 EELEC  =    -88159.6673  EHBOND  =         0.0000  RESTRAINT  =         0.0000
 ------------------------------------------------------------------------------


      R M S  F L U C T U A T I O N S


 NSTEP =     5000   TIME(PS) =      10.000  TEMP(K) =     1.74  PRESS =     0.0
 Etot   =       125.7810  EKtot   =        81.4455  EPtot      =       101.9255
 BOND   =        15.7626  ANGLE   =        24.8717  DIHED      =        11.1126
 1-4 NB =         9.0799  1-4 EEL =        20.8339  VDWAALS    =       118.9019
 EELEC  =       187.8054  EHBOND  =         0.0000  RESTRAINT  =         0.0000
 ------------------------------------------------------------------------------

--------------------------------------------------------------------------------
   5.  TIMINGS
--------------------------------------------------------------------------------

|  NonSetup CPU Time in Major Routines:
|
|     Routine           Sec        %
|     ------------------------------
|     Nonbond           1.21   13.70
|     Bond              0.00    0.00
|     Angle             0.00    0.00
|     Dihedral          0.00    0.00
|     Shake             0.06    0.68
|     RunMD             7.56   85.44
|     Other             0.02    0.18
|     ------------------------------
|     Total             8.85

|  PME Nonbond Pairlist CPU Time:
|
|     Routine              Sec        %
|     ---------------------------------
|     Set Up Cit           0.00    0.00
|     Build List           0.00    0.00
|     ---------------------------------
|     Total                0.00    0.00

|  PME Direct Force CPU Time:
|
|     Routine              Sec        %
|     ---------------------------------
|     NonBonded Calc       0.00    0.00
|     Exclude Masked       0.00    0.00
|     Other                0.01    0.09
|     ---------------------------------
|     Total                0.01    0.09

|  PME Reciprocal Force CPU Time:
|
|     Routine              Sec        %
|     ---------------------------------
|     1D bspline           0.00    0.00
|     Grid Charges         0.00    0.00
|     Scalar Sum           0.00    0.00
|     Gradient Sum         0.00    0.00
|     FFT                  0.00    0.00
|     ---------------------------------
|     Total                0.00    0.00

|  Final Performance Info:
|     -----------------------------------------------------
|     Average timings for last    5000 steps:
|     Elapsed(s) =       8.85 Per Step(ms) =       1.77
|         ns/day =      97.62   seconds/ns =     885.09
|
|     Average timings for all steps:
|     Elapsed(s) =       8.85 Per Step(ms) =       1.77
|         ns/day =      97.62   seconds/ns =     885.09
|     -----------------------------------------------------

|  Setup CPU time:            2.97 seconds
|  NonSetup CPU time:         8.85 seconds
|  Total CPU time:           11.82 seconds     0.00 hours

|  Setup wall time:           3    seconds
|  NonSetup wall time:        9    seconds
|  Total wall time:          12    seconds     0.00 hours
