
          -------------------------------------------------------
          Amber 16 PMEMD                              2016
          -------------------------------------------------------

| PMEMD implementation of SANDER, Release 16

| Run on 09/27/2017 at 11:08:00

|   Executable path: /apps/amber16/bin/pmemd.cuda
| Working directory: /scratch/pbarletta/pdz/run/lb/neq/data/1
|          Hostname: isengard

  [-O]verwriting output

File Assignments:
|   MDIN: pdt.in                                                                
|  MDOUT: 227plb_1.out                                                          
| INPCRD: /scratch/pbarletta/pdz/run/lb/neq/starting_frames/227_lb.rst7         
|   PARM: /scratch/pbarletta/pdz/top_files/lb.prmtop                            
| RESTRT: 227plb_1.rst7                                                         
|   REFC: refc                                                                  
|  MDVEL: mdvel                                                                 
|   MDEN: mden                                                                  
|  MDCRD: 227plb_1.nc                                                           
| MDINFO: mdinfo                                                                
|  MDFRC: mdfrc                                                                 


 Here is the input file:

!NVE run                                                                       
&cntrl                                                                         
imin = 0,                           ! No Minimization                          
nmropt = 0,                         ! No NMR restraints read                   
                                                                               
! Nature and format of the input                                               
ntx = 5,                            ! Coordinates and velocities will be read  
irest = 1,                          ! Restart simulation                       
                                                                               
! Nature and format of the output                                              
ioutfm = 1,			    ! NetCDF format for output files                             
ntxo = 1,                           ! rstrt file in ASCII format               
ntpr = 500,                         ! inf in output every ntpr steps           
ntwr = 500,                         ! rstrt file every ntwr steps              
ntwx = 20,                          ! mdcrd file every ntwx steps              
ntwv = -1,                          ! mdvel with velocities                    
ntwe = 0,                           ! Energies and temperatures not written in 
idecomp = 0,                        ! No energy decomposition                  
iwrap = 1,                          ! Coordinates of the restart and mdcrd file
                                                                               
! Frozen or restrained atoms                                                   
ibelly = 0,                         ! No frozen atoms                          
ntr=0,                              ! Harmonic potential restraints            
                                                                               
! Molecular dynamics                                                           
nstlim = 20000,                     ! Number of MD-steps                       
dt = 0.0005,                        ! Time step                                
                                                                               
! Temperature regulation                                                       
ntt = 3,                            ! Langevin thermostat                      
gamma_ln = 2,                       ! Gamma constant for Langevin              
temp0 = 300.0,                      ! Reference T at which the system is to be 
tempi = 300.0,                      ! Initial T                                
                                                                               
! P and V regulation                                                           
ntp = 0,                            ! No P control                             
ntb = 1,                            ! constant V                               
                                                                               
! SHAKE variables                                                              
ntc = 1,                            ! No SHAKE                                 
ntf = 1,                            ! Get E with allatom                       
                                                                               
cut = 9.0,                          ! Nonbonded cutoff                         
/                                                                              
&end                                                                           


Note: ig = -1. Setting random seed to   242757 based on wallclock time in 
      microseconds.
| irandom = 1, using AMBER's internal random number generator (default).
 
|--------------------- INFORMATION ----------------------
| GPU (CUDA) Version of PMEMD in use: NVIDIA GPU IN USE.
|                    Version 16.0.0
| 
|                      02/25/2016
| 
| Implementation by:
|                    Ross C. Walker     (SDSC)
|                    Scott Le Grand     (nVIDIA)
| 
| Precision model in use:
|      [SPFP] - Single Precision Forces, 64-bit Fixed Point
|               Accumulation. (Default)
| 
|--------------------------------------------------------
 
|----------------- CITATION INFORMATION -----------------
|
|    When publishing work that utilized the CUDA version
|    of AMBER, please cite the following in addition to
|    the regular AMBER citations:
|
|  - Romelia Salomon-Ferrer; Andreas W. Goetz; Duncan
|    Poole; Scott Le Grand; Ross C. Walker "Routine
|    microsecond molecular dynamics simulations with
|    AMBER - Part II: Particle Mesh Ewald", J. Chem.
|    Theory Comput., 2013, 9 (9), pp3878-3888,
|    DOI: 10.1021/ct400314y.
|
|  - Andreas W. Goetz; Mark J. Williamson; Dong Xu;
|    Duncan Poole; Scott Le Grand; Ross C. Walker
|    "Routine microsecond molecular dynamics simulations
|    with AMBER - Part I: Generalized Born", J. Chem.
|    Theory Comput., 2012, 8 (5), pp1542-1555.
|
|  - Scott Le Grand; Andreas W. Goetz; Ross C. Walker
|    "SPFP: Speed without compromise - a mixed precision
|    model for GPU accelerated molecular dynamics
|    simulations.", Comp. Phys. Comm., 2013, 184
|    pp374-380, DOI: 10.1016/j.cpc.2012.09.022
|
|--------------------------------------------------------
 
|------------------- GPU DEVICE INFO --------------------
|
|            CUDA_VISIBLE_DEVICES: 0
|   CUDA Capable Devices Detected:      1
|           CUDA Device ID in use:      0
|                CUDA Device Name: Quadro GP100
|     CUDA Device Global Mem Size:  16273 MB
| CUDA Device Num Multiprocessors:     56
|           CUDA Device Core Freq:   1.44 GHz
|
|--------------------------------------------------------
 
 
| Conditional Compilation Defines Used:
| PUBFFT
| BINTRAJ
| CUDA
| EMIL

| Largest sphere to fit in unit cell has radius =    29.637

| New format PARM file being parsed.
| Version =    1.000 Date = 09/01/17 Time = 19:23:45

| Note: 1-4 EEL scale factors are being read from the topology file.

| Note: 1-4 VDW scale factors are being read from the topology file.
| Duplicated    0 dihedrals

| Duplicated    0 dihedrals

--------------------------------------------------------------------------------
   1.  RESOURCE   USE: 
--------------------------------------------------------------------------------

 getting new box info from bottom of inpcrd
 NATOM  =   29433 NTYPES =      16 NBONH =   28406 MBONA  =    1038
 NTHETH =    2390 MTHETA =    1396 NPHIH =    4771 MPHIA  =    4486
 NHPARM =       0 NPARM  =       0 NNB   =   47902 NRES   =    9251
 NBONA  =    1038 NTHETA =    1396 NPHIA =    4486 NUMBND =      69
 NUMANG =     160 NPTRA  =     189 NATYP =      34 NPHB   =       1
 IFBOX  =       2 NMXRS  =      24 IFCAP =       0 NEXTRA =       0
 NCOPY  =       0

| Coordinate Index Table dimensions:    12   12   12
| Direct force subcell size =     6.0496    6.0496    6.0496

     BOX TYPE: TRUNCATED OCTAHEDRON

--------------------------------------------------------------------------------
   2.  CONTROL  DATA  FOR  THE  RUN
--------------------------------------------------------------------------------

default_name                                                                    

General flags:
     imin    =       0, nmropt  =       0

Nature and format of input:
     ntx     =       5, irest   =       1, ntrx    =       1

Nature and format of output:
     ntxo    =       1, ntpr    =     500, ntrx    =       1, ntwr    =     500
     iwrap   =       1, ntwx    =      20, ntwv    =      -1, ntwe    =       0
     ioutfm  =       1, ntwprt  =       0, idecomp =       0, rbornstat=      0

Potential function:
     ntf     =       1, ntb     =       1, igb     =       0, nsnb    =      25
     ipol    =       0, gbsa    =       0, iesp    =       0
     dielc   =   1.00000, cut     =   9.00000, intdiel =   1.00000

Frozen or restrained atoms:
     ibelly  =       0, ntr     =       0

Molecular dynamics:
     nstlim  =     20000, nscm    =      1000, nrespa  =         1
     t       =   0.00000, dt      =   0.00050, vlimit  =  -1.00000

Langevin dynamics temperature regulation:
     ig      =  242757
     temp0   = 300.00000, tempi   = 300.00000, gamma_ln=   2.00000

| Intermolecular bonds treatment:
|     no_intermolecular_bonds =       1

| Energy averages sample interval:
|     ene_avg_sampling =     500

Ewald parameters:
     verbose =       0, ew_type =       0, nbflag  =       1, use_pme =       1
     vdwmeth =       1, eedmeth =       1, netfrc  =       1
     Box X =   72.595   Box Y =   72.595   Box Z =   72.595
     Alpha =  109.471   Beta  =  109.471   Gamma =  109.471
     NFFT1 =   80       NFFT2 =   80       NFFT3 =   80
     Cutoff=    9.000   Tol   =0.100E-04
     Ewald Coefficient =  0.30768
     Interpolation order =    4

--------------------------------------------------------------------------------
   3.  ATOMIC COORDINATES AND VELOCITIES
--------------------------------------------------------------------------------

Cpptraj Generated Restart                                                       
 begin time read from input coords =459000.000 ps

 
 Number of triangulated 3-point waters found:     9119

     Sum of charges from parm topology file =  -0.00000008
     Forcing neutrality...

| Dynamic Memory, Types Used:
| Reals              870797
| Integers           902230

| Nonbonded Pairs Initial Allocation:     6710724

| GPU memory information (estimate):
| KB of GPU memory in use:    190142
| KB of CPU memory in use:     45122

--------------------------------------------------------------------------------
   4.  RESULTS
--------------------------------------------------------------------------------

 ---------------------------------------------------
 APPROXIMATING switch and d/dx switch using CUBIC SPLINE INTERPOLATION
 using   5000.0 points per unit in tabled values
 TESTING RELATIVE ERROR over r ranging from 0.0 to cutoff
| CHECK switch(x): max rel err =   0.2738E-14   at   2.422500
| CHECK d/dx switch(x): max rel err =   0.8314E-11   at   2.736960
 ---------------------------------------------------
|---------------------------------------------------
| APPROXIMATING direct energy using CUBIC SPLINE INTERPOLATION
|  with   50.0 points per unit in tabled values
| Relative Error Limit not exceeded for r .gt.   2.39
| APPROXIMATING direct force using CUBIC SPLINE INTERPOLATION
|  with   50.0 points per unit in tabled values
| Relative Error Limit not exceeded for r .gt.   2.84
|---------------------------------------------------

 NSTEP =      500   TIME(PS) =  459000.250  TEMP(K) =   271.82  PRESS =     0.0
 Etot   =    -69717.4472  EKtot   =     23847.6504  EPtot      =    -93565.0976
 BOND   =      8771.3062  ANGLE   =       969.1243  DIHED      =      1628.3048
 1-4 NB =       448.8554  1-4 EEL =      4480.4330  VDWAALS    =     15849.5708
 EELEC  =   -125712.6919  EHBOND  =         0.0000  RESTRAINT  =         0.0000
 ------------------------------------------------------------------------------


 NSTEP =     1000   TIME(PS) =  459000.500  TEMP(K) =   282.68  PRESS =     0.0
 Etot   =    -68024.7570  EKtot   =     24800.8945  EPtot      =    -92825.6516
 BOND   =     12980.4503  ANGLE   =      1025.2561  DIHED      =      1631.5457
 1-4 NB =       441.9114  1-4 EEL =      4495.8889  VDWAALS    =     15897.0789
 EELEC  =   -129297.7828  EHBOND  =         0.0000  RESTRAINT  =         0.0000
 ------------------------------------------------------------------------------


 NSTEP =     1500   TIME(PS) =  459000.750  TEMP(K) =   292.04  PRESS =     0.0
 Etot   =    -66910.0099  EKtot   =     25621.8887  EPtot      =    -92531.8985
 BOND   =     14631.3344  ANGLE   =      1000.2907  DIHED      =      1617.2558
 1-4 NB =       438.2034  1-4 EEL =      4461.5729  VDWAALS    =     16437.1972
 EELEC  =   -131117.7529  EHBOND  =         0.0000  RESTRAINT  =         0.0000
 ------------------------------------------------------------------------------


 NSTEP =     2000   TIME(PS) =  459001.000  TEMP(K) =   297.12  PRESS =     0.0
 Etot   =    -66322.2333  EKtot   =     26067.1914  EPtot      =    -92389.4247
 BOND   =     15358.0995  ANGLE   =      1039.0824  DIHED      =      1625.4859
 1-4 NB =       439.5842  1-4 EEL =      4461.6601  VDWAALS    =     16380.6829
 EELEC  =   -131694.0197  EHBOND  =         0.0000  RESTRAINT  =         0.0000
 ------------------------------------------------------------------------------


 NSTEP =     2500   TIME(PS) =  459001.250  TEMP(K) =   299.23  PRESS =     0.0
 Etot   =    -65950.8804  EKtot   =     26252.8320  EPtot      =    -92203.7124
 BOND   =     15670.4553  ANGLE   =      1020.6169  DIHED      =      1648.2249
 1-4 NB =       444.9194  1-4 EEL =      4477.3828  VDWAALS    =     16619.2920
 EELEC  =   -132084.6037  EHBOND  =         0.0000  RESTRAINT  =         0.0000
 ------------------------------------------------------------------------------


 NSTEP =     3000   TIME(PS) =  459001.500  TEMP(K) =   302.32  PRESS =     0.0
 Etot   =    -65747.3783  EKtot   =     26523.5195  EPtot      =    -92270.8978
 BOND   =     15820.2718  ANGLE   =      1023.1652  DIHED      =      1637.0489
 1-4 NB =       452.9552  1-4 EEL =      4449.5980  VDWAALS    =     16454.2402
 EELEC  =   -132108.1770  EHBOND  =         0.0000  RESTRAINT  =         0.0000
 ------------------------------------------------------------------------------


 NSTEP =     3500   TIME(PS) =  459001.750  TEMP(K) =   299.06  PRESS =     0.0
 Etot   =    -66205.0324  EKtot   =     26237.3809  EPtot      =    -92442.4133
 BOND   =     16448.0090  ANGLE   =      1023.5377  DIHED      =      1630.1960
 1-4 NB =       448.8207  1-4 EEL =      4473.4184  VDWAALS    =     16851.8729
 EELEC  =   -133318.2680  EHBOND  =         0.0000  RESTRAINT  =         0.0000
 ------------------------------------------------------------------------------


 NSTEP =     4000   TIME(PS) =  459002.000  TEMP(K) =   299.38  PRESS =     0.0
 Etot   =    -66330.3315  EKtot   =     26265.4199  EPtot      =    -92595.7514
 BOND   =     16287.4841  ANGLE   =      1032.3056  DIHED      =      1628.9337
 1-4 NB =       416.5003  1-4 EEL =      4468.3616  VDWAALS    =     16764.8655
 EELEC  =   -133194.2022  EHBOND  =         0.0000  RESTRAINT  =         0.0000
 ------------------------------------------------------------------------------


 NSTEP =     4500   TIME(PS) =  459002.250  TEMP(K) =   299.33  PRESS =     0.0
 Etot   =    -66275.2467  EKtot   =     26261.2754  EPtot      =    -92536.5220
 BOND   =     16430.4751  ANGLE   =      1072.9258  DIHED      =      1659.3471
 1-4 NB =       436.5244  1-4 EEL =      4450.7135  VDWAALS    =     16669.6762
 EELEC  =   -133256.1841  EHBOND  =         0.0000  RESTRAINT  =         0.0000
 ------------------------------------------------------------------------------


 NSTEP =     5000   TIME(PS) =  459002.500  TEMP(K) =   300.72  PRESS =     0.0
 Etot   =    -66234.4140  EKtot   =     26383.0195  EPtot      =    -92617.4336
 BOND   =     16588.3118  ANGLE   =      1069.0538  DIHED      =      1650.3843
 1-4 NB =       442.3407  1-4 EEL =      4458.9279  VDWAALS    =     17060.8032
 EELEC  =   -133887.2552  EHBOND  =         0.0000  RESTRAINT  =         0.0000
 ------------------------------------------------------------------------------


 NSTEP =     5500   TIME(PS) =  459002.750  TEMP(K) =   298.60  PRESS =     0.0
 Etot   =    -66302.1758  EKtot   =     26197.4160  EPtot      =    -92499.5918
 BOND   =     16357.9760  ANGLE   =      1031.4098  DIHED      =      1646.9573
 1-4 NB =       447.8341  1-4 EEL =      4480.3264  VDWAALS    =     16639.3833
 EELEC  =   -133103.4788  EHBOND  =         0.0000  RESTRAINT  =         0.0000
 ------------------------------------------------------------------------------


 NSTEP =     6000   TIME(PS) =  459003.000  TEMP(K) =   301.32  PRESS =     0.0
 Etot   =    -66281.5785  EKtot   =     26435.4648  EPtot      =    -92717.0433
 BOND   =     16486.3123  ANGLE   =       996.5727  DIHED      =      1631.2971
 1-4 NB =       444.7647  1-4 EEL =      4474.7381  VDWAALS    =     16728.5590
 EELEC  =   -133479.2872  EHBOND  =         0.0000  RESTRAINT  =         0.0000
 ------------------------------------------------------------------------------


 NSTEP =     6500   TIME(PS) =  459003.250  TEMP(K) =   299.62  PRESS =     0.0
 Etot   =    -66240.9733  EKtot   =     26286.2852  EPtot      =    -92527.2585
 BOND   =     16422.3532  ANGLE   =      1041.9960  DIHED      =      1617.7279
 1-4 NB =       438.4620  1-4 EEL =      4480.2775  VDWAALS    =     17025.2941
 EELEC  =   -133553.3691  EHBOND  =         0.0000  RESTRAINT  =         0.0000
 ------------------------------------------------------------------------------


 NSTEP =     7000   TIME(PS) =  459003.500  TEMP(K) =   301.28  PRESS =     0.0
 Etot   =    -66269.0553  EKtot   =     26432.4102  EPtot      =    -92701.4655
 BOND   =     16312.6242  ANGLE   =      1071.9517  DIHED      =      1607.8883
 1-4 NB =       448.6770  1-4 EEL =      4505.9575  VDWAALS    =     16995.0452
 EELEC  =   -133643.6092  EHBOND  =         0.0000  RESTRAINT  =         0.0000
 ------------------------------------------------------------------------------


 NSTEP =     7500   TIME(PS) =  459003.750  TEMP(K) =   300.77  PRESS =     0.0
 Etot   =    -66351.7013  EKtot   =     26387.4258  EPtot      =    -92739.1271
 BOND   =     16347.6968  ANGLE   =      1054.9160  DIHED      =      1628.3324
 1-4 NB =       441.7184  1-4 EEL =      4466.7840  VDWAALS    =     16721.1190
 EELEC  =   -133399.6937  EHBOND  =         0.0000  RESTRAINT  =         0.0000
 ------------------------------------------------------------------------------


 NSTEP =     8000   TIME(PS) =  459004.000  TEMP(K) =   299.38  PRESS =     0.0
 Etot   =    -66527.3750  EKtot   =     26265.2539  EPtot      =    -92792.6289
 BOND   =     16278.1461  ANGLE   =      1086.9942  DIHED      =      1616.0121
 1-4 NB =       440.9018  1-4 EEL =      4497.1707  VDWAALS    =     16534.0755
 EELEC  =   -133245.9293  EHBOND  =         0.0000  RESTRAINT  =         0.0000
 ------------------------------------------------------------------------------


 NSTEP =     8500   TIME(PS) =  459004.250  TEMP(K) =   300.73  PRESS =     0.0
 Etot   =    -66316.7325  EKtot   =     26384.0312  EPtot      =    -92700.7638
 BOND   =     16541.5942  ANGLE   =      1057.8742  DIHED      =      1636.6092
 1-4 NB =       444.0059  1-4 EEL =      4490.3597  VDWAALS    =     16735.3112
 EELEC  =   -133606.5183  EHBOND  =         0.0000  RESTRAINT  =         0.0000
 ------------------------------------------------------------------------------


 NSTEP =     9000   TIME(PS) =  459004.500  TEMP(K) =   300.02  PRESS =     0.0
 Etot   =    -66332.0282  EKtot   =     26321.7520  EPtot      =    -92653.7801
 BOND   =     16548.2900  ANGLE   =      1051.5976  DIHED      =      1618.6708
 1-4 NB =       454.3987  1-4 EEL =      4502.2436  VDWAALS    =     16775.3865
 EELEC  =   -133604.3672  EHBOND  =         0.0000  RESTRAINT  =         0.0000
 ------------------------------------------------------------------------------


 NSTEP =     9500   TIME(PS) =  459004.750  TEMP(K) =   301.30  PRESS =     0.0
 Etot   =    -66542.6869  EKtot   =     26434.1289  EPtot      =    -92976.8158
 BOND   =     16374.4237  ANGLE   =      1032.2039  DIHED      =      1653.4746
 1-4 NB =       447.7514  1-4 EEL =      4456.2659  VDWAALS    =     16741.4894
 EELEC  =   -133682.4246  EHBOND  =         0.0000  RESTRAINT  =         0.0000
 ------------------------------------------------------------------------------


 NSTEP =    10000   TIME(PS) =  459005.000  TEMP(K) =   300.47  PRESS =     0.0
 Etot   =    -66645.5207  EKtot   =     26361.4023  EPtot      =    -93006.9230
 BOND   =     16303.7816  ANGLE   =      1061.6661  DIHED      =      1656.3313
 1-4 NB =       434.9663  1-4 EEL =      4454.8444  VDWAALS    =     17075.8313
 EELEC  =   -133994.3439  EHBOND  =         0.0000  RESTRAINT  =         0.0000
 ------------------------------------------------------------------------------


 NSTEP =    10500   TIME(PS) =  459005.250  TEMP(K) =   299.52  PRESS =     0.0
 Etot   =    -66707.9648  EKtot   =     26278.2988  EPtot      =    -92986.2636
 BOND   =     16416.8411  ANGLE   =      1035.2797  DIHED      =      1640.6781
 1-4 NB =       444.1847  1-4 EEL =      4476.5353  VDWAALS    =     17005.4452
 EELEC  =   -134005.2278  EHBOND  =         0.0000  RESTRAINT  =         0.0000
 ------------------------------------------------------------------------------


 NSTEP =    11000   TIME(PS) =  459005.500  TEMP(K) =   300.50  PRESS =     0.0
 Etot   =    -66769.1311  EKtot   =     26364.2031  EPtot      =    -93133.3342
 BOND   =     16307.3763  ANGLE   =      1043.2945  DIHED      =      1655.4086
 1-4 NB =       434.3416  1-4 EEL =      4420.3828  VDWAALS    =     16982.8368
 EELEC  =   -133976.9749  EHBOND  =         0.0000  RESTRAINT  =         0.0000
 ------------------------------------------------------------------------------


 NSTEP =    11500   TIME(PS) =  459005.750  TEMP(K) =   298.58  PRESS =     0.0
 Etot   =    -66852.4033  EKtot   =     26195.7109  EPtot      =    -93048.1142
 BOND   =     16566.3805  ANGLE   =      1075.4112  DIHED      =      1645.1682
 1-4 NB =       450.9525  1-4 EEL =      4469.7854  VDWAALS    =     16905.8862
 EELEC  =   -134161.6982  EHBOND  =         0.0000  RESTRAINT  =         0.0000
 ------------------------------------------------------------------------------


 NSTEP =    12000   TIME(PS) =  459006.000  TEMP(K) =   296.73  PRESS =     0.0
 Etot   =    -67085.6415  EKtot   =     26033.3262  EPtot      =    -93118.9677
 BOND   =     16510.2203  ANGLE   =      1054.7363  DIHED      =      1640.1433
 1-4 NB =       432.8804  1-4 EEL =      4450.8748  VDWAALS    =     17064.4407
 EELEC  =   -134272.2636  EHBOND  =         0.0000  RESTRAINT  =         0.0000
 ------------------------------------------------------------------------------


 NSTEP =    12500   TIME(PS) =  459006.250  TEMP(K) =   298.76  PRESS =     0.0
 Etot   =    -66849.0763  EKtot   =     26211.6055  EPtot      =    -93060.6818
 BOND   =     16687.4153  ANGLE   =      1072.0552  DIHED      =      1633.7461
 1-4 NB =       446.6138  1-4 EEL =      4454.1694  VDWAALS    =     17218.7794
 EELEC  =   -134573.4610  EHBOND  =         0.0000  RESTRAINT  =         0.0000
 ------------------------------------------------------------------------------


 NSTEP =    13000   TIME(PS) =  459006.500  TEMP(K) =   299.98  PRESS =     0.0
 Etot   =    -66835.4011  EKtot   =     26318.3984  EPtot      =    -93153.7996
 BOND   =     16407.8386  ANGLE   =      1030.0358  DIHED      =      1627.2027
 1-4 NB =       441.1563  1-4 EEL =      4450.2512  VDWAALS    =     16824.2553
 EELEC  =   -133934.5395  EHBOND  =         0.0000  RESTRAINT  =         0.0000
 ------------------------------------------------------------------------------


 NSTEP =    13500   TIME(PS) =  459006.750  TEMP(K) =   299.89  PRESS =     0.0
 Etot   =    -66768.6032  EKtot   =     26310.0059  EPtot      =    -93078.6091
 BOND   =     16260.0481  ANGLE   =      1077.1493  DIHED      =      1646.3214
 1-4 NB =       443.4483  1-4 EEL =      4451.2786  VDWAALS    =     16794.2793
 EELEC  =   -133751.1339  EHBOND  =         0.0000  RESTRAINT  =         0.0000
 ------------------------------------------------------------------------------


 NSTEP =    14000   TIME(PS) =  459007.000  TEMP(K) =   300.42  PRESS =     0.0
 Etot   =    -66661.2355  EKtot   =     26356.5547  EPtot      =    -93017.7902
 BOND   =     16641.9486  ANGLE   =      1039.5382  DIHED      =      1641.3611
 1-4 NB =       448.7935  1-4 EEL =      4484.7796  VDWAALS    =     17018.5056
 EELEC  =   -134292.7169  EHBOND  =         0.0000  RESTRAINT  =         0.0000
 ------------------------------------------------------------------------------


 NSTEP =    14500   TIME(PS) =  459007.250  TEMP(K) =   297.86  PRESS =     0.0
 Etot   =    -66854.3348  EKtot   =     26131.9141  EPtot      =    -92986.2488
 BOND   =     16654.8651  ANGLE   =      1037.5752  DIHED      =      1654.7589
 1-4 NB =       440.2904  1-4 EEL =      4475.5291  VDWAALS    =     17309.4740
 EELEC  =   -134558.7415  EHBOND  =         0.0000  RESTRAINT  =         0.0000
 ------------------------------------------------------------------------------


 NSTEP =    15000   TIME(PS) =  459007.500  TEMP(K) =   301.18  PRESS =     0.0
 Etot   =    -66630.3441  EKtot   =     26423.4414  EPtot      =    -93053.7855
 BOND   =     16582.2084  ANGLE   =      1020.7955  DIHED      =      1623.2504
 1-4 NB =       433.7516  1-4 EEL =      4439.9951  VDWAALS    =     17223.9095
 EELEC  =   -134377.6961  EHBOND  =         0.0000  RESTRAINT  =         0.0000
 ------------------------------------------------------------------------------


 NSTEP =    15500   TIME(PS) =  459007.750  TEMP(K) =   299.93  PRESS =     0.0
 Etot   =    -66826.7234  EKtot   =     26314.0820  EPtot      =    -93140.8054
 BOND   =     16479.1351  ANGLE   =      1044.6290  DIHED      =      1613.6917
 1-4 NB =       445.8713  1-4 EEL =      4466.3776  VDWAALS    =     17101.3006
 EELEC  =   -134291.8108  EHBOND  =         0.0000  RESTRAINT  =         0.0000
 ------------------------------------------------------------------------------


 NSTEP =    16000   TIME(PS) =  459008.000  TEMP(K) =   301.91  PRESS =     0.0
 Etot   =    -66705.6647  EKtot   =     26487.5957  EPtot      =    -93193.2604
 BOND   =     16448.4577  ANGLE   =      1076.2791  DIHED      =      1643.9923
 1-4 NB =       430.6297  1-4 EEL =      4454.2607  VDWAALS    =     17169.1010
 EELEC  =   -134415.9809  EHBOND  =         0.0000  RESTRAINT  =         0.0000
 ------------------------------------------------------------------------------


 NSTEP =    16500   TIME(PS) =  459008.250  TEMP(K) =   299.98  PRESS =     0.0
 Etot   =    -66698.1872  EKtot   =     26318.0879  EPtot      =    -93016.2751
 BOND   =     16791.3465  ANGLE   =      1065.6284  DIHED      =      1658.2155
 1-4 NB =       435.0191  1-4 EEL =      4479.5685  VDWAALS    =     16920.8798
 EELEC  =   -134366.9328  EHBOND  =         0.0000  RESTRAINT  =         0.0000
 ------------------------------------------------------------------------------


 NSTEP =    17000   TIME(PS) =  459008.500  TEMP(K) =   299.42  PRESS =     0.0
 Etot   =    -66648.3105  EKtot   =     26269.0293  EPtot      =    -92917.3398
 BOND   =     16465.0291  ANGLE   =      1018.5165  DIHED      =      1633.7547
 1-4 NB =       438.0885  1-4 EEL =      4454.0135  VDWAALS    =     17042.0506
 EELEC  =   -133968.7927  EHBOND  =         0.0000  RESTRAINT  =         0.0000
 ------------------------------------------------------------------------------


 NSTEP =    17500   TIME(PS) =  459008.750  TEMP(K) =   301.16  PRESS =     0.0
 Etot   =    -66438.7528  EKtot   =     26421.4785  EPtot      =    -92860.2313
 BOND   =     16648.3495  ANGLE   =      1028.4153  DIHED      =      1629.3174
 1-4 NB =       438.0171  1-4 EEL =      4485.8237  VDWAALS    =     17096.7052
 EELEC  =   -134186.8595  EHBOND  =         0.0000  RESTRAINT  =         0.0000
 ------------------------------------------------------------------------------


 NSTEP =    18000   TIME(PS) =  459009.000  TEMP(K) =   302.47  PRESS =     0.0
 Etot   =    -66349.3167  EKtot   =     26536.6094  EPtot      =    -92885.9261
 BOND   =     16515.1753  ANGLE   =      1045.4699  DIHED      =      1650.6226
 1-4 NB =       444.2425  1-4 EEL =      4487.9218  VDWAALS    =     17380.9588
 EELEC  =   -134410.3170  EHBOND  =         0.0000  RESTRAINT  =         0.0000
 ------------------------------------------------------------------------------


 NSTEP =    18500   TIME(PS) =  459009.250  TEMP(K) =   300.79  PRESS =     0.0
 Etot   =    -66349.4800  EKtot   =     26389.7637  EPtot      =    -92739.2437
 BOND   =     16490.3491  ANGLE   =      1034.1853  DIHED      =      1651.4232
 1-4 NB =       433.2022  1-4 EEL =      4467.7462  VDWAALS    =     16768.5135
 EELEC  =   -133584.6632  EHBOND  =         0.0000  RESTRAINT  =         0.0000
 ------------------------------------------------------------------------------


 NSTEP =    19000   TIME(PS) =  459009.500  TEMP(K) =   301.75  PRESS =     0.0
 Etot   =    -66399.5785  EKtot   =     26473.7891  EPtot      =    -92873.3676
 BOND   =     16493.6092  ANGLE   =      1037.7305  DIHED      =      1659.0436
 1-4 NB =       443.8932  1-4 EEL =      4479.7572  VDWAALS    =     16872.1107
 EELEC  =   -133859.5119  EHBOND  =         0.0000  RESTRAINT  =         0.0000
 ------------------------------------------------------------------------------


 NSTEP =    19500   TIME(PS) =  459009.750  TEMP(K) =   301.53  PRESS =     0.0
 Etot   =    -66435.1103  EKtot   =     26454.1289  EPtot      =    -92889.2392
 BOND   =     16641.4654  ANGLE   =      1016.4953  DIHED      =      1643.3989
 1-4 NB =       451.4226  1-4 EEL =      4464.0856  VDWAALS    =     16805.9985
 EELEC  =   -133912.1054  EHBOND  =         0.0000  RESTRAINT  =         0.0000
 ------------------------------------------------------------------------------


 NSTEP =    20000   TIME(PS) =  459010.000  TEMP(K) =   302.65  PRESS =     0.0
 Etot   =    -66445.7934  EKtot   =     26552.1523  EPtot      =    -92997.9458
 BOND   =     16479.4839  ANGLE   =       988.8120  DIHED      =      1623.8946
 1-4 NB =       439.1496  1-4 EEL =      4488.3207  VDWAALS    =     16942.1315
 EELEC  =   -133959.7383  EHBOND  =         0.0000  RESTRAINT  =         0.0000
 ------------------------------------------------------------------------------


      A V E R A G E S   O V E R      40 S T E P S


 NSTEP =    20000   TIME(PS) =  459010.000  TEMP(K) =   298.80  PRESS =     0.0
 Etot   =    -66620.9653  EKtot   =     26215.1705  EPtot      =    -92836.1357
 BOND   =     16086.1735  ANGLE   =      1040.1143  DIHED      =      1637.1355
 1-4 NB =       441.7511  1-4 EEL =      4469.7095  VDWAALS    =     16835.1084
 EELEC  =   -133346.1281  EHBOND  =         0.0000  RESTRAINT  =         0.0000
 ------------------------------------------------------------------------------


      R M S  F L U C T U A T I O N S


 NSTEP =    20000   TIME(PS) =  459010.000  TEMP(K) =     5.41  PRESS =     0.0
 Etot   =       613.2991  EKtot   =       474.6710  EPtot      =       278.2693
 BOND   =      1339.7876  ANGLE   =        25.6676  DIHED      =        13.9107
 1-4 NB =         7.1337  1-4 EEL =        17.8227  VDWAALS    =       319.0132
 EELEC  =      1587.5987  EHBOND  =         0.0000  RESTRAINT  =         0.0000
 ------------------------------------------------------------------------------

--------------------------------------------------------------------------------
   5.  TIMINGS
--------------------------------------------------------------------------------

|  NonSetup CPU Time in Major Routines:
|
|     Routine           Sec        %
|     ------------------------------
|     Nonbond           2.91   10.10
|     Bond              0.00    0.00
|     Angle             0.00    0.00
|     Dihedral          0.00    0.00
|     Shake             0.00    0.00
|     RunMD            25.87   89.83
|     Other             0.02    0.07
|     ------------------------------
|     Total            28.80

|  PME Nonbond Pairlist CPU Time:
|
|     Routine              Sec        %
|     ---------------------------------
|     Set Up Cit           0.00    0.00
|     Build List           0.00    0.00
|     ---------------------------------
|     Total                0.00    0.00

|  PME Direct Force CPU Time:
|
|     Routine              Sec        %
|     ---------------------------------
|     NonBonded Calc       0.00    0.00
|     Exclude Masked       0.00    0.00
|     Other                0.00    0.01
|     ---------------------------------
|     Total                0.00    0.01

|  PME Reciprocal Force CPU Time:
|
|     Routine              Sec        %
|     ---------------------------------
|     1D bspline           0.00    0.00
|     Grid Charges         0.00    0.00
|     Scalar Sum           0.00    0.00
|     Gradient Sum         0.00    0.00
|     FFT                  0.00    0.00
|     ---------------------------------
|     Total                0.00    0.00

|  Final Performance Info:
|     -----------------------------------------------------
|     Average timings for last   19500 steps:
|     Elapsed(s) =      28.95 Per Step(ms) =       1.48
|         ns/day =      29.09   seconds/ns =    2969.65
|
|     Average timings for all steps:
|     Elapsed(s) =      29.73 Per Step(ms) =       1.49
|         ns/day =      29.06   seconds/ns =    2972.73
|     -----------------------------------------------------

|  Setup CPU time:            0.96 seconds
|  NonSetup CPU time:        28.80 seconds
|  Total CPU time:           29.76 seconds     0.01 hours

|  Setup wall time:           1    seconds
|  NonSetup wall time:       30    seconds
|  Total wall time:          31    seconds     0.01 hours
