
          -------------------------------------------------------
          Amber 16 PMEMD                              2016
          -------------------------------------------------------

| PMEMD implementation of SANDER, Release 16

| Run on 08/25/2017 at 16:29:04

|   Executable path: /apps/amber16/bin/pmemd.cuda
| Working directory: /scratch/pbarletta/pdz/run/lb/neq/data/1
|          Hostname: mordor

  [-O]verwriting output

File Assignments:
|   MDIN: pdt.in                                                                
|  MDOUT: 243plb_1.out                                                          
| INPCRD: /scratch/pbarletta/pdz/run/lb/neq/starting_frames/243_lb.rst7         
|   PARM: /scratch/pbarletta/pdz/top_files/lb.prmtop                            
| RESTRT: 243plb_1.rst7                                                         
|   REFC: refc                                                                  
|  MDVEL: mdvel                                                                 
|   MDEN: mden                                                                  
|  MDCRD: 243plb_1.nc                                                           
| MDINFO: mdinfo                                                                
|  MDFRC: mdfrc                                                                 


 Here is the input file:

!NVT run. P/ recuperar velocidades                                             
&cntrl                                                                         
imin = 0,                           ! No Minimization                          
nmropt = 0,                         ! No NMR restraints read                   
                                                                               
! Nature and format of the input                                               
ntx = 1,                            ! Coordinates will be read, assign new velo
irest = 0,                          ! Run a new simulation                     
                                                                               
! Nature and format of the output                                              
ioutfm = 1,			    ! NetCDF format for output files                             
ntxo = 1,                           ! rstrt file in ASCII format               
ntpr = 125,                         ! inf in output every ntpr steps           
ntwr = 500,                         ! rstrt file every ntwr steps              
ntwx = 0,                           ! mdcrd file every ntwx steps              
ntwv = 0,                           ! mdvel without velocities                 
ntwe = 0,                           ! Energies and temperatures not written in 
idecomp = 0,                        ! No energy decomposition                  
iwrap = 1,                          ! Coordinates of the restart and mdcrd file
                                                                               
! Frozen or restrained atoms                                                   
ibelly = 0,                         ! No frozen atoms                          
ntr=0,                              ! Harmonic potential restraints            
                                                                               
! Molecular dynamics                                                           
nstlim = 5000,                      ! Number of MD-steps                       
dt = 0.002,                         ! Time step                                
                                                                               
! Temperature regulation                                                       
ntt = 3,                            ! Langevin thermostat                      
gamma_ln = 2,                       ! Gamma constant for Langevin              
temp0 = 300.0,                     ! Reference T at which the system is to be k
tempi = 300.0,                      ! Initial T                                
                                                                               
! P and V regulation                                                           
ntp = 0,                            ! No P control                             
ntb = 1,                            ! constant V                               
                                                                               
! SHAKE variables                                                              
ntc = 2,                            ! Bonds involving H are constrained        
ntf = 2,                            ! Bond interaction involving H are ommited.
                                                                               
cut = 9.0,                          ! Nonbonded cutoff                         
/                                                                              
&end                                                                           


Note: ig = -1. Setting random seed to    14838 based on wallclock time in 
      microseconds.
| irandom = 1, using AMBER's internal random number generator (default).
 
|--------------------- INFORMATION ----------------------
| GPU (CUDA) Version of PMEMD in use: NVIDIA GPU IN USE.
|                    Version 16.0.0
| 
|                      02/25/2016
| 
| Implementation by:
|                    Ross C. Walker     (SDSC)
|                    Scott Le Grand     (nVIDIA)
| 
| Precision model in use:
|      [SPFP] - Single Precision Forces, 64-bit Fixed Point
|               Accumulation. (Default)
| 
|--------------------------------------------------------
 
|----------------- CITATION INFORMATION -----------------
|
|    When publishing work that utilized the CUDA version
|    of AMBER, please cite the following in addition to
|    the regular AMBER citations:
|
|  - Romelia Salomon-Ferrer; Andreas W. Goetz; Duncan
|    Poole; Scott Le Grand; Ross C. Walker "Routine
|    microsecond molecular dynamics simulations with
|    AMBER - Part II: Particle Mesh Ewald", J. Chem.
|    Theory Comput., 2013, 9 (9), pp3878-3888,
|    DOI: 10.1021/ct400314y.
|
|  - Andreas W. Goetz; Mark J. Williamson; Dong Xu;
|    Duncan Poole; Scott Le Grand; Ross C. Walker
|    "Routine microsecond molecular dynamics simulations
|    with AMBER - Part I: Generalized Born", J. Chem.
|    Theory Comput., 2012, 8 (5), pp1542-1555.
|
|  - Scott Le Grand; Andreas W. Goetz; Ross C. Walker
|    "SPFP: Speed without compromise - a mixed precision
|    model for GPU accelerated molecular dynamics
|    simulations.", Comp. Phys. Comm., 2013, 184
|    pp374-380, DOI: 10.1016/j.cpc.2012.09.022
|
|--------------------------------------------------------
 
|------------------- GPU DEVICE INFO --------------------
|
|            CUDA_VISIBLE_DEVICES: 3
|   CUDA Capable Devices Detected:      1
|           CUDA Device ID in use:      0
|                CUDA Device Name: GeForce GTX TITAN
|     CUDA Device Global Mem Size:   6082 MB
| CUDA Device Num Multiprocessors:     14
|           CUDA Device Core Freq:   0.93 GHz
|
|--------------------------------------------------------
 
 
| Conditional Compilation Defines Used:
| PUBFFT
| BINTRAJ
| CUDA
| EMIL

| Largest sphere to fit in unit cell has radius =    26.281

| New format PARM file being parsed.
| Version =    1.000 Date = 09/04/12 Time = 16:08:43

| Note: 1-4 EEL scale factors are being read from the topology file.

| Note: 1-4 VDW scale factors are being read from the topology file.
| Duplicated    0 dihedrals

| Duplicated    0 dihedrals

--------------------------------------------------------------------------------
   1.  RESOURCE   USE: 
--------------------------------------------------------------------------------

 getting new box info from bottom of inpcrd
 NATOM  =   23082 NTYPES =      16 NBONH =   22055 MBONA  =    1038
 NTHETH =    2390 MTHETA =    1396 NPHIH =    4631 MPHIA  =    3488
 NHPARM =       0 NPARM  =       0 NNB   =   39434 NRES   =    7134
 NBONA  =    1038 NTHETA =    1396 NPHIA =    3488 NUMBND =      41
 NUMANG =      86 NPTRA  =      41 NATYP =      28 NPHB   =       1
 IFBOX  =       1 NMXRS  =      24 IFCAP =       0 NEXTRA =       0
 NCOPY  =       0

| Coordinate Index Table dimensions:    12   14   10
| Direct force subcell size =     5.0212    5.2012    5.2562

     BOX TYPE: RECTILINEAR

--------------------------------------------------------------------------------
   2.  CONTROL  DATA  FOR  THE  RUN
--------------------------------------------------------------------------------

default_name                                                                    

General flags:
     imin    =       0, nmropt  =       0

Nature and format of input:
     ntx     =       1, irest   =       0, ntrx    =       1

Nature and format of output:
     ntxo    =       1, ntpr    =     125, ntrx    =       1, ntwr    =     500
     iwrap   =       1, ntwx    =       0, ntwv    =       0, ntwe    =       0
     ioutfm  =       1, ntwprt  =       0, idecomp =       0, rbornstat=      0

Potential function:
     ntf     =       2, ntb     =       1, igb     =       0, nsnb    =      25
     ipol    =       0, gbsa    =       0, iesp    =       0
     dielc   =   1.00000, cut     =   9.00000, intdiel =   1.00000

Frozen or restrained atoms:
     ibelly  =       0, ntr     =       0

Molecular dynamics:
     nstlim  =      5000, nscm    =      1000, nrespa  =         1
     t       =   0.00000, dt      =   0.00200, vlimit  =  -1.00000

Langevin dynamics temperature regulation:
     ig      =   14838
     temp0   = 300.00000, tempi   = 300.00000, gamma_ln=   2.00000

SHAKE:
     ntc     =       2, jfastw  =       0
     tol     =   0.00001

| Intermolecular bonds treatment:
|     no_intermolecular_bonds =       1

| Energy averages sample interval:
|     ene_avg_sampling =     125

Ewald parameters:
     verbose =       0, ew_type =       0, nbflag  =       1, use_pme =       1
     vdwmeth =       1, eedmeth =       1, netfrc  =       1
     Box X =   60.254   Box Y =   72.816   Box Z =   52.562
     Alpha =   90.000   Beta  =   90.000   Gamma =   90.000
     NFFT1 =   64       NFFT2 =   80       NFFT3 =   56
     Cutoff=    9.000   Tol   =0.100E-04
     Ewald Coefficient =  0.30768
     Interpolation order =    4

--------------------------------------------------------------------------------
   3.  ATOMIC COORDINATES AND VELOCITIES
--------------------------------------------------------------------------------

Cpptraj Generated Restart                                                       
 begin time read from input coords =486000.000 ps

 
 Number of triangulated 3-point waters found:     7002

     Sum of charges from parm topology file =  -0.00000008
     Forcing neutrality...

| Dynamic Memory, Types Used:
| Reals              711627
| Integers           739238

| Nonbonded Pairs Initial Allocation:     5262696

| GPU memory information (estimate):
| KB of GPU memory in use:    131824
| KB of CPU memory in use:     27232

--------------------------------------------------------------------------------
   4.  RESULTS
--------------------------------------------------------------------------------

 ---------------------------------------------------
 APPROXIMATING switch and d/dx switch using CUBIC SPLINE INTERPOLATION
 using   5000.0 points per unit in tabled values
 TESTING RELATIVE ERROR over r ranging from 0.0 to cutoff
| CHECK switch(x): max rel err =   0.2738E-14   at   2.422500
| CHECK d/dx switch(x): max rel err =   0.8314E-11   at   2.736960
 ---------------------------------------------------
|---------------------------------------------------
| APPROXIMATING direct energy using CUBIC SPLINE INTERPOLATION
|  with   50.0 points per unit in tabled values
| Relative Error Limit not exceeded for r .gt.   2.39
| APPROXIMATING direct force using CUBIC SPLINE INTERPOLATION
|  with   50.0 points per unit in tabled values
| Relative Error Limit not exceeded for r .gt.   2.84
|---------------------------------------------------

 NSTEP =        0   TIME(PS) =       0.000  TEMP(K) =   439.94  PRESS =     0.0
 Etot   =    -51002.3672  EKtot   =     20628.4477  EPtot      =    -71630.8149
 BOND   =       424.7916  ANGLE   =      1067.6980  DIHED      =      1316.9182
 1-4 NB =       436.1825  1-4 EEL =      4643.7380  VDWAALS    =      8712.7784
 EELEC  =    -88232.9216  EHBOND  =         0.0000  RESTRAINT  =         0.0000
 ------------------------------------------------------------------------------


 NSTEP =      125   TIME(PS) =       0.250  TEMP(K) =   299.59  PRESS =     0.0
 Etot   =    -57461.9877  EKtot   =     14047.2256  EPtot      =    -71509.2133
 BOND   =       362.6080  ANGLE   =      1094.3335  DIHED      =      1352.4189
 1-4 NB =       459.8763  1-4 EEL =      4687.3601  VDWAALS    =      8845.6685
 EELEC  =    -88311.4786  EHBOND  =         0.0000  RESTRAINT  =         0.0000
 ------------------------------------------------------------------------------


 NSTEP =      250   TIME(PS) =       0.500  TEMP(K) =   300.32  PRESS =     0.0
 Etot   =    -57551.8822  EKtot   =     14081.7285  EPtot      =    -71633.6107
 BOND   =       387.7663  ANGLE   =      1049.0928  DIHED      =      1325.8141
 1-4 NB =       445.1295  1-4 EEL =      4699.5728  VDWAALS    =      8781.9169
 EELEC  =    -88322.9031  EHBOND  =         0.0000  RESTRAINT  =         0.0000
 ------------------------------------------------------------------------------


 NSTEP =      375   TIME(PS) =       0.750  TEMP(K) =   296.80  PRESS =     0.0
 Etot   =    -57378.0629  EKtot   =     13916.4551  EPtot      =    -71294.5180
 BOND   =       409.9094  ANGLE   =      1083.3256  DIHED      =      1341.4361
 1-4 NB =       439.3758  1-4 EEL =      4660.1632  VDWAALS    =      8853.4590
 EELEC  =    -88082.1871  EHBOND  =         0.0000  RESTRAINT  =         0.0000
 ------------------------------------------------------------------------------

wrapping first mol.:      -60.25380        0.00000        0.00000

 NSTEP =      500   TIME(PS) =       1.000  TEMP(K) =   302.28  PRESS =     0.0
 Etot   =    -57280.7071  EKtot   =     14173.5762  EPtot      =    -71454.2832
 BOND   =       408.3083  ANGLE   =      1090.4812  DIHED      =      1348.0332
 1-4 NB =       433.9450  1-4 EEL =      4676.2618  VDWAALS    =      8705.7396
 EELEC  =    -88117.0524  EHBOND  =         0.0000  RESTRAINT  =         0.0000
 ------------------------------------------------------------------------------


 NSTEP =      625   TIME(PS) =       1.250  TEMP(K) =   298.93  PRESS =     0.0
 Etot   =    -57491.7671  EKtot   =     14016.2861  EPtot      =    -71508.0532
 BOND   =       388.6840  ANGLE   =      1112.9890  DIHED      =      1342.6948
 1-4 NB =       454.7929  1-4 EEL =      4648.1278  VDWAALS    =      8621.5441
 EELEC  =    -88076.8858  EHBOND  =         0.0000  RESTRAINT  =         0.0000
 ------------------------------------------------------------------------------


 NSTEP =      750   TIME(PS) =       1.500  TEMP(K) =   294.78  PRESS =     0.0
 Etot   =    -57696.7316  EKtot   =     13821.9570  EPtot      =    -71518.6887
 BOND   =       407.4986  ANGLE   =      1114.2440  DIHED      =      1321.1526
 1-4 NB =       442.5785  1-4 EEL =      4649.8966  VDWAALS    =      8859.5633
 EELEC  =    -88313.6222  EHBOND  =         0.0000  RESTRAINT  =         0.0000
 ------------------------------------------------------------------------------


 NSTEP =      875   TIME(PS) =       1.750  TEMP(K) =   300.26  PRESS =     0.0
 Etot   =    -57683.3599  EKtot   =     14078.7285  EPtot      =    -71762.0884
 BOND   =       398.9937  ANGLE   =      1038.2430  DIHED      =      1342.7054
 1-4 NB =       443.4577  1-4 EEL =      4628.3868  VDWAALS    =      8840.3578
 EELEC  =    -88454.2329  EHBOND  =         0.0000  RESTRAINT  =         0.0000
 ------------------------------------------------------------------------------


 NSTEP =     1000   TIME(PS) =       2.000  TEMP(K) =   300.78  PRESS =     0.0
 Etot   =    -57599.0342  EKtot   =     14103.0840  EPtot      =    -71702.1182
 BOND   =       403.0350  ANGLE   =      1078.9927  DIHED      =      1321.4928
 1-4 NB =       440.7485  1-4 EEL =      4668.8495  VDWAALS    =      8757.8137
 EELEC  =    -88373.0504  EHBOND  =         0.0000  RESTRAINT  =         0.0000
 ------------------------------------------------------------------------------


 NSTEP =     1125   TIME(PS) =       2.250  TEMP(K) =   297.00  PRESS =     0.0
 Etot   =    -57570.8494  EKtot   =     13926.1250  EPtot      =    -71496.9744
 BOND   =       395.3440  ANGLE   =      1053.6535  DIHED      =      1331.9585
 1-4 NB =       435.9256  1-4 EEL =      4655.3929  VDWAALS    =      8681.2692
 EELEC  =    -88050.5181  EHBOND  =         0.0000  RESTRAINT  =         0.0000
 ------------------------------------------------------------------------------


 NSTEP =     1250   TIME(PS) =       2.500  TEMP(K) =   298.51  PRESS =     0.0
 Etot   =    -57707.3348  EKtot   =     13996.6445  EPtot      =    -71703.9793
 BOND   =       382.3647  ANGLE   =      1083.6005  DIHED      =      1344.7407
 1-4 NB =       444.6855  1-4 EEL =      4654.1387  VDWAALS    =      8740.4815
 EELEC  =    -88353.9910  EHBOND  =         0.0000  RESTRAINT  =         0.0000
 ------------------------------------------------------------------------------


 NSTEP =     1375   TIME(PS) =       2.750  TEMP(K) =   300.97  PRESS =     0.0
 Etot   =    -57556.6909  EKtot   =     14112.1309  EPtot      =    -71668.8217
 BOND   =       369.7080  ANGLE   =      1060.8257  DIHED      =      1323.1922
 1-4 NB =       463.1896  1-4 EEL =      4662.8670  VDWAALS    =      8756.9432
 EELEC  =    -88305.5475  EHBOND  =         0.0000  RESTRAINT  =         0.0000
 ------------------------------------------------------------------------------


 NSTEP =     1500   TIME(PS) =       3.000  TEMP(K) =   299.77  PRESS =     0.0
 Etot   =    -57509.7731  EKtot   =     14056.0400  EPtot      =    -71565.8132
 BOND   =       390.5552  ANGLE   =      1019.4426  DIHED      =      1357.1881
 1-4 NB =       447.4879  1-4 EEL =      4670.4526  VDWAALS    =      8761.7242
 EELEC  =    -88212.6639  EHBOND  =         0.0000  RESTRAINT  =         0.0000
 ------------------------------------------------------------------------------


 NSTEP =     1625   TIME(PS) =       3.250  TEMP(K) =   300.84  PRESS =     0.0
 Etot   =    -57421.0746  EKtot   =     14106.1494  EPtot      =    -71527.2240
 BOND   =       368.2662  ANGLE   =      1065.3766  DIHED      =      1344.9485
 1-4 NB =       451.5853  1-4 EEL =      4669.6780  VDWAALS    =      8655.5794
 EELEC  =    -88082.6581  EHBOND  =         0.0000  RESTRAINT  =         0.0000
 ------------------------------------------------------------------------------


 NSTEP =     1750   TIME(PS) =       3.500  TEMP(K) =   301.56  PRESS =     0.0
 Etot   =    -57523.6202  EKtot   =     14139.6240  EPtot      =    -71663.2442
 BOND   =       403.5041  ANGLE   =      1041.7790  DIHED      =      1340.7198
 1-4 NB =       439.8591  1-4 EEL =      4675.0327  VDWAALS    =      8703.2138
 EELEC  =    -88267.3528  EHBOND  =         0.0000  RESTRAINT  =         0.0000
 ------------------------------------------------------------------------------


 NSTEP =     1875   TIME(PS) =       3.750  TEMP(K) =   298.16  PRESS =     0.0
 Etot   =    -57625.6436  EKtot   =     13980.3770  EPtot      =    -71606.0206
 BOND   =       397.2144  ANGLE   =      1053.4285  DIHED      =      1339.7244
 1-4 NB =       445.4038  1-4 EEL =      4692.7771  VDWAALS    =      8841.4125
 EELEC  =    -88375.9813  EHBOND  =         0.0000  RESTRAINT  =         0.0000
 ------------------------------------------------------------------------------

wrapping first mol.:      -60.25380        0.00000        0.00000

 NSTEP =     2000   TIME(PS) =       4.000  TEMP(K) =   300.65  PRESS =     0.0
 Etot   =    -57532.6292  EKtot   =     14097.2178  EPtot      =    -71629.8469
 BOND   =       416.1009  ANGLE   =      1047.0193  DIHED      =      1332.2033
 1-4 NB =       450.1477  1-4 EEL =      4689.3297  VDWAALS    =      8854.5635
 EELEC  =    -88419.2112  EHBOND  =         0.0000  RESTRAINT  =         0.0000
 ------------------------------------------------------------------------------


 NSTEP =     2125   TIME(PS) =       4.250  TEMP(K) =   298.22  PRESS =     0.0
 Etot   =    -57677.5018  EKtot   =     13983.0859  EPtot      =    -71660.5877
 BOND   =       410.2180  ANGLE   =      1058.6996  DIHED      =      1344.5949
 1-4 NB =       430.6261  1-4 EEL =      4665.9266  VDWAALS    =      8662.5934
 EELEC  =    -88233.2464  EHBOND  =         0.0000  RESTRAINT  =         0.0000
 ------------------------------------------------------------------------------


 NSTEP =     2250   TIME(PS) =       4.500  TEMP(K) =   302.03  PRESS =     0.0
 Etot   =    -57588.5904  EKtot   =     14161.6455  EPtot      =    -71750.2360
 BOND   =       384.9534  ANGLE   =      1038.7931  DIHED      =      1318.8067
 1-4 NB =       454.7766  1-4 EEL =      4647.2737  VDWAALS    =      8550.0990
 EELEC  =    -88144.9385  EHBOND  =         0.0000  RESTRAINT  =         0.0000
 ------------------------------------------------------------------------------


 NSTEP =     2375   TIME(PS) =       4.750  TEMP(K) =   301.68  PRESS =     0.0
 Etot   =    -57474.2853  EKtot   =     14145.3389  EPtot      =    -71619.6241
 BOND   =       412.4772  ANGLE   =      1079.4513  DIHED      =      1322.5401
 1-4 NB =       446.3985  1-4 EEL =      4661.5529  VDWAALS    =      8658.4035
 EELEC  =    -88200.4476  EHBOND  =         0.0000  RESTRAINT  =         0.0000
 ------------------------------------------------------------------------------

wrapping first mol.:      -60.25380        0.00000        0.00000

 NSTEP =     2500   TIME(PS) =       5.000  TEMP(K) =   299.45  PRESS =     0.0
 Etot   =    -57521.7947  EKtot   =     14040.8359  EPtot      =    -71562.6306
 BOND   =       422.8637  ANGLE   =      1089.8558  DIHED      =      1332.4820
 1-4 NB =       451.7614  1-4 EEL =      4661.3696  VDWAALS    =      8873.7149
 EELEC  =    -88394.6778  EHBOND  =         0.0000  RESTRAINT  =         0.0000
 ------------------------------------------------------------------------------


 NSTEP =     2625   TIME(PS) =       5.250  TEMP(K) =   299.03  PRESS =     0.0
 Etot   =    -57687.3099  EKtot   =     14021.1396  EPtot      =    -71708.4495
 BOND   =       401.5400  ANGLE   =      1098.9207  DIHED      =      1342.2159
 1-4 NB =       450.9989  1-4 EEL =      4650.3367  VDWAALS    =      8818.3647
 EELEC  =    -88470.8264  EHBOND  =         0.0000  RESTRAINT  =         0.0000
 ------------------------------------------------------------------------------


 NSTEP =     2750   TIME(PS) =       5.500  TEMP(K) =   300.23  PRESS =     0.0
 Etot   =    -57569.2954  EKtot   =     14077.5273  EPtot      =    -71646.8228
 BOND   =       414.1938  ANGLE   =      1114.1476  DIHED      =      1327.1727
 1-4 NB =       446.0648  1-4 EEL =      4654.6166  VDWAALS    =      8670.3652
 EELEC  =    -88273.3835  EHBOND  =         0.0000  RESTRAINT  =         0.0000
 ------------------------------------------------------------------------------


 NSTEP =     2875   TIME(PS) =       5.750  TEMP(K) =   297.05  PRESS =     0.0
 Etot   =    -57640.5301  EKtot   =     13928.3320  EPtot      =    -71568.8622
 BOND   =       421.2335  ANGLE   =      1085.0839  DIHED      =      1313.2764
 1-4 NB =       441.1795  1-4 EEL =      4662.5652  VDWAALS    =      8688.3064
 EELEC  =    -88180.5070  EHBOND  =         0.0000  RESTRAINT  =         0.0000
 ------------------------------------------------------------------------------

wrapping first mol.:      -60.25380        0.00000        0.00000

 NSTEP =     3000   TIME(PS) =       6.000  TEMP(K) =   299.85  PRESS =     0.0
 Etot   =    -57553.5277  EKtot   =     14059.7217  EPtot      =    -71613.2494
 BOND   =       401.4891  ANGLE   =      1055.6796  DIHED      =      1313.4722
 1-4 NB =       451.7767  1-4 EEL =      4670.6180  VDWAALS    =      8787.6947
 EELEC  =    -88293.9797  EHBOND  =         0.0000  RESTRAINT  =         0.0000
 ------------------------------------------------------------------------------


 NSTEP =     3125   TIME(PS) =       6.250  TEMP(K) =   300.82  PRESS =     0.0
 Etot   =    -57629.8972  EKtot   =     14105.1729  EPtot      =    -71735.0701
 BOND   =       389.4083  ANGLE   =      1061.0531  DIHED      =      1313.3299
 1-4 NB =       450.1818  1-4 EEL =      4717.1975  VDWAALS    =      8689.8220
 EELEC  =    -88356.0627  EHBOND  =         0.0000  RESTRAINT  =         0.0000
 ------------------------------------------------------------------------------


 NSTEP =     3250   TIME(PS) =       6.500  TEMP(K) =   301.60  PRESS =     0.0
 Etot   =    -57412.8895  EKtot   =     14141.5391  EPtot      =    -71554.4286
 BOND   =       404.5407  ANGLE   =      1051.3771  DIHED      =      1329.9318
 1-4 NB =       449.5500  1-4 EEL =      4695.6859  VDWAALS    =      8737.5779
 EELEC  =    -88223.0919  EHBOND  =         0.0000  RESTRAINT  =         0.0000
 ------------------------------------------------------------------------------


 NSTEP =     3375   TIME(PS) =       6.750  TEMP(K) =   301.34  PRESS =     0.0
 Etot   =    -57305.6984  EKtot   =     14129.5811  EPtot      =    -71435.2794
 BOND   =       405.7321  ANGLE   =      1075.7553  DIHED      =      1320.1042
 1-4 NB =       450.5225  1-4 EEL =      4630.2679  VDWAALS    =      8699.1052
 EELEC  =    -88016.7667  EHBOND  =         0.0000  RESTRAINT  =         0.0000
 ------------------------------------------------------------------------------


 NSTEP =     3500   TIME(PS) =       7.000  TEMP(K) =   303.09  PRESS =     0.0
 Etot   =    -57569.1026  EKtot   =     14211.3740  EPtot      =    -71780.4766
 BOND   =       395.9346  ANGLE   =      1024.2922  DIHED      =      1328.0699
 1-4 NB =       452.1231  1-4 EEL =      4680.2520  VDWAALS    =      8891.5765
 EELEC  =    -88552.7249  EHBOND  =         0.0000  RESTRAINT  =         0.0000
 ------------------------------------------------------------------------------


 NSTEP =     3625   TIME(PS) =       7.250  TEMP(K) =   299.52  PRESS =     0.0
 Etot   =    -57596.5704  EKtot   =     14044.1143  EPtot      =    -71640.6846
 BOND   =       401.6958  ANGLE   =       996.7972  DIHED      =      1328.3725
 1-4 NB =       464.8756  1-4 EEL =      4718.9264  VDWAALS    =      8670.5954
 EELEC  =    -88221.9474  EHBOND  =         0.0000  RESTRAINT  =         0.0000
 ------------------------------------------------------------------------------


 NSTEP =     3750   TIME(PS) =       7.500  TEMP(K) =   301.38  PRESS =     0.0
 Etot   =    -57563.8304  EKtot   =     14131.1758  EPtot      =    -71695.0062
 BOND   =       390.4273  ANGLE   =      1058.8879  DIHED      =      1323.6661
 1-4 NB =       452.2235  1-4 EEL =      4662.7108  VDWAALS    =      8674.3576
 EELEC  =    -88257.2794  EHBOND  =         0.0000  RESTRAINT  =         0.0000
 ------------------------------------------------------------------------------


 NSTEP =     3875   TIME(PS) =       7.750  TEMP(K) =   300.61  PRESS =     0.0
 Etot   =    -57570.1822  EKtot   =     14095.1992  EPtot      =    -71665.3814
 BOND   =       374.4690  ANGLE   =      1080.5686  DIHED      =      1303.5869
 1-4 NB =       442.9645  1-4 EEL =      4670.5770  VDWAALS    =      8670.6954
 EELEC  =    -88208.2429  EHBOND  =         0.0000  RESTRAINT  =         0.0000
 ------------------------------------------------------------------------------


 NSTEP =     4000   TIME(PS) =       8.000  TEMP(K) =   300.08  PRESS =     0.0
 Etot   =    -57511.7157  EKtot   =     14070.2197  EPtot      =    -71581.9354
 BOND   =       386.6112  ANGLE   =      1032.8230  DIHED      =      1328.1446
 1-4 NB =       459.0353  1-4 EEL =      4679.7688  VDWAALS    =      8873.1922
 EELEC  =    -88341.5104  EHBOND  =         0.0000  RESTRAINT  =         0.0000
 ------------------------------------------------------------------------------


 NSTEP =     4125   TIME(PS) =       8.250  TEMP(K) =   299.49  PRESS =     0.0
 Etot   =    -57413.8261  EKtot   =     14042.6963  EPtot      =    -71456.5224
 BOND   =       376.3877  ANGLE   =      1085.9984  DIHED      =      1362.6486
 1-4 NB =       435.4283  1-4 EEL =      4671.5708  VDWAALS    =      8647.7526
 EELEC  =    -88036.3088  EHBOND  =         0.0000  RESTRAINT  =         0.0000
 ------------------------------------------------------------------------------


 NSTEP =     4250   TIME(PS) =       8.500  TEMP(K) =   305.26  PRESS =     0.0
 Etot   =    -57258.5410  EKtot   =     14313.0625  EPtot      =    -71571.6035
 BOND   =       383.0703  ANGLE   =      1078.3953  DIHED      =      1327.6403
 1-4 NB =       440.3837  1-4 EEL =      4667.8457  VDWAALS    =      8752.7591
 EELEC  =    -88221.6980  EHBOND  =         0.0000  RESTRAINT  =         0.0000
 ------------------------------------------------------------------------------


 NSTEP =     4375   TIME(PS) =       8.750  TEMP(K) =   299.86  PRESS =     0.0
 Etot   =    -57346.3163  EKtot   =     14060.1377  EPtot      =    -71406.4540
 BOND   =       408.0209  ANGLE   =      1092.3876  DIHED      =      1343.9135
 1-4 NB =       456.5726  1-4 EEL =      4682.9220  VDWAALS    =      8749.8588
 EELEC  =    -88140.1293  EHBOND  =         0.0000  RESTRAINT  =         0.0000
 ------------------------------------------------------------------------------


 NSTEP =     4500   TIME(PS) =       9.000  TEMP(K) =   299.23  PRESS =     0.0
 Etot   =    -57424.0887  EKtot   =     14030.4307  EPtot      =    -71454.5194
 BOND   =       439.5632  ANGLE   =      1062.8198  DIHED      =      1339.5935
 1-4 NB =       461.3480  1-4 EEL =      4622.4628  VDWAALS    =      8968.4447
 EELEC  =    -88348.7513  EHBOND  =         0.0000  RESTRAINT  =         0.0000
 ------------------------------------------------------------------------------


 NSTEP =     4625   TIME(PS) =       9.250  TEMP(K) =   304.63  PRESS =     0.0
 Etot   =    -57359.8728  EKtot   =     14283.9082  EPtot      =    -71643.7810
 BOND   =       389.4794  ANGLE   =      1052.2520  DIHED      =      1323.8905
 1-4 NB =       437.2974  1-4 EEL =      4671.6750  VDWAALS    =      8674.8273
 EELEC  =    -88193.2027  EHBOND  =         0.0000  RESTRAINT  =         0.0000
 ------------------------------------------------------------------------------


 NSTEP =     4750   TIME(PS) =       9.500  TEMP(K) =   303.80  PRESS =     0.0
 Etot   =    -57260.8000  EKtot   =     14244.7695  EPtot      =    -71505.5695
 BOND   =       364.7872  ANGLE   =      1077.3545  DIHED      =      1314.2494
 1-4 NB =       454.3652  1-4 EEL =      4651.7497  VDWAALS    =      8550.2205
 EELEC  =    -87918.2961  EHBOND  =         0.0000  RESTRAINT  =         0.0000
 ------------------------------------------------------------------------------


 NSTEP =     4875   TIME(PS) =       9.750  TEMP(K) =   300.75  PRESS =     0.0
 Etot   =    -57406.0825  EKtot   =     14101.7852  EPtot      =    -71507.8676
 BOND   =       395.3094  ANGLE   =      1046.7696  DIHED      =      1312.8066
 1-4 NB =       465.7250  1-4 EEL =      4677.4604  VDWAALS    =      8527.2139
 EELEC  =    -87933.1527  EHBOND  =         0.0000  RESTRAINT  =         0.0000
 ------------------------------------------------------------------------------


 NSTEP =     5000   TIME(PS) =      10.000  TEMP(K) =   298.46  PRESS =     0.0
 Etot   =    -57498.6279  EKtot   =     13994.2725  EPtot      =    -71492.9003
 BOND   =       401.1606  ANGLE   =      1090.5599  DIHED      =      1326.5458
 1-4 NB =       450.8997  1-4 EEL =      4674.2813  VDWAALS    =      8549.4895
 EELEC  =    -87985.8372  EHBOND  =         0.0000  RESTRAINT  =         0.0000
 ------------------------------------------------------------------------------


      A V E R A G E S   O V E R      40 S T E P S


 NSTEP =     5000   TIME(PS) =      10.000  TEMP(K) =   300.22  PRESS =     0.0
 Etot   =    -57510.8006  EKtot   =     14076.7604  EPtot      =    -71587.5610
 BOND   =       396.6357  ANGLE   =      1066.8888  DIHED      =      1331.2870
 1-4 NB =       448.3817  1-4 EEL =      4668.4475  VDWAALS    =      8732.4570
 EELEC  =    -88231.6586  EHBOND  =         0.0000  RESTRAINT  =         0.0000
 ------------------------------------------------------------------------------


      R M S  F L U C T U A T I O N S


 NSTEP =     5000   TIME(PS) =      10.000  TEMP(K) =     2.04  PRESS =     0.0
 Etot   =       121.3273  EKtot   =        95.6901  EPtot      =       106.8054
 BOND   =        16.3587  ANGLE   =        26.1658  DIHED      =        13.2393
 1-4 NB =         8.5235  1-4 EEL =        20.3595  VDWAALS    =       102.9162
 EELEC  =       147.6233  EHBOND  =         0.0000  RESTRAINT  =         0.0000
 ------------------------------------------------------------------------------

--------------------------------------------------------------------------------
   5.  TIMINGS
--------------------------------------------------------------------------------

|  NonSetup CPU Time in Major Routines:
|
|     Routine           Sec        %
|     ------------------------------
|     Nonbond           1.23   13.84
|     Bond              0.00    0.00
|     Angle             0.00    0.00
|     Dihedral          0.00    0.00
|     Shake             0.09    0.99
|     RunMD             7.54   84.94
|     Other             0.02    0.23
|     ------------------------------
|     Total             8.87

|  PME Nonbond Pairlist CPU Time:
|
|     Routine              Sec        %
|     ---------------------------------
|     Set Up Cit           0.00    0.00
|     Build List           0.00    0.00
|     ---------------------------------
|     Total                0.00    0.00

|  PME Direct Force CPU Time:
|
|     Routine              Sec        %
|     ---------------------------------
|     NonBonded Calc       0.00    0.00
|     Exclude Masked       0.00    0.00
|     Other                0.00    0.00
|     ---------------------------------
|     Total                0.00    0.00

|  PME Reciprocal Force CPU Time:
|
|     Routine              Sec        %
|     ---------------------------------
|     1D bspline           0.00    0.00
|     Grid Charges         0.00    0.00
|     Scalar Sum           0.00    0.00
|     Gradient Sum         0.00    0.00
|     FFT                  0.00    0.00
|     ---------------------------------
|     Total                0.00    0.00

|  Final Performance Info:
|     -----------------------------------------------------
|     Average timings for last    5000 steps:
|     Elapsed(s) =       8.87 Per Step(ms) =       1.77
|         ns/day =      97.38   seconds/ns =     887.21
|
|     Average timings for all steps:
|     Elapsed(s) =       8.87 Per Step(ms) =       1.77
|         ns/day =      97.38   seconds/ns =     887.21
|     -----------------------------------------------------

|  Setup CPU time:            1.94 seconds
|  NonSetup CPU time:         8.87 seconds
|  Total CPU time:           10.82 seconds     0.00 hours

|  Setup wall time:           2    seconds
|  NonSetup wall time:        9    seconds
|  Total wall time:          11    seconds     0.00 hours
