
          -------------------------------------------------------
          Amber 16 PMEMD                              2016
          -------------------------------------------------------

| PMEMD implementation of SANDER, Release 16

| Run on 08/25/2017 at 16:29:15

|   Executable path: /apps/amber16/bin/pmemd.cuda
| Working directory: /scratch/pbarletta/pdz/run/lb/neq/data/1
|          Hostname: mordor

  [-O]verwriting output

File Assignments:
|   MDIN: pdt.in                                                                
|  MDOUT: 244plb_1.out                                                          
| INPCRD: /scratch/pbarletta/pdz/run/lb/neq/starting_frames/244_lb.rst7         
|   PARM: /scratch/pbarletta/pdz/top_files/lb.prmtop                            
| RESTRT: 244plb_1.rst7                                                         
|   REFC: refc                                                                  
|  MDVEL: mdvel                                                                 
|   MDEN: mden                                                                  
|  MDCRD: 244plb_1.nc                                                           
| MDINFO: mdinfo                                                                
|  MDFRC: mdfrc                                                                 


 Here is the input file:

!NVT run. P/ recuperar velocidades                                             
&cntrl                                                                         
imin = 0,                           ! No Minimization                          
nmropt = 0,                         ! No NMR restraints read                   
                                                                               
! Nature and format of the input                                               
ntx = 1,                            ! Coordinates will be read, assign new velo
irest = 0,                          ! Run a new simulation                     
                                                                               
! Nature and format of the output                                              
ioutfm = 1,			    ! NetCDF format for output files                             
ntxo = 1,                           ! rstrt file in ASCII format               
ntpr = 125,                         ! inf in output every ntpr steps           
ntwr = 500,                         ! rstrt file every ntwr steps              
ntwx = 0,                           ! mdcrd file every ntwx steps              
ntwv = 0,                           ! mdvel without velocities                 
ntwe = 0,                           ! Energies and temperatures not written in 
idecomp = 0,                        ! No energy decomposition                  
iwrap = 1,                          ! Coordinates of the restart and mdcrd file
                                                                               
! Frozen or restrained atoms                                                   
ibelly = 0,                         ! No frozen atoms                          
ntr=0,                              ! Harmonic potential restraints            
                                                                               
! Molecular dynamics                                                           
nstlim = 5000,                      ! Number of MD-steps                       
dt = 0.002,                         ! Time step                                
                                                                               
! Temperature regulation                                                       
ntt = 3,                            ! Langevin thermostat                      
gamma_ln = 2,                       ! Gamma constant for Langevin              
temp0 = 300.0,                     ! Reference T at which the system is to be k
tempi = 300.0,                      ! Initial T                                
                                                                               
! P and V regulation                                                           
ntp = 0,                            ! No P control                             
ntb = 1,                            ! constant V                               
                                                                               
! SHAKE variables                                                              
ntc = 2,                            ! Bonds involving H are constrained        
ntf = 2,                            ! Bond interaction involving H are ommited.
                                                                               
cut = 9.0,                          ! Nonbonded cutoff                         
/                                                                              
&end                                                                           


Note: ig = -1. Setting random seed to   282924 based on wallclock time in 
      microseconds.
| irandom = 1, using AMBER's internal random number generator (default).
 
|--------------------- INFORMATION ----------------------
| GPU (CUDA) Version of PMEMD in use: NVIDIA GPU IN USE.
|                    Version 16.0.0
| 
|                      02/25/2016
| 
| Implementation by:
|                    Ross C. Walker     (SDSC)
|                    Scott Le Grand     (nVIDIA)
| 
| Precision model in use:
|      [SPFP] - Single Precision Forces, 64-bit Fixed Point
|               Accumulation. (Default)
| 
|--------------------------------------------------------
 
|----------------- CITATION INFORMATION -----------------
|
|    When publishing work that utilized the CUDA version
|    of AMBER, please cite the following in addition to
|    the regular AMBER citations:
|
|  - Romelia Salomon-Ferrer; Andreas W. Goetz; Duncan
|    Poole; Scott Le Grand; Ross C. Walker "Routine
|    microsecond molecular dynamics simulations with
|    AMBER - Part II: Particle Mesh Ewald", J. Chem.
|    Theory Comput., 2013, 9 (9), pp3878-3888,
|    DOI: 10.1021/ct400314y.
|
|  - Andreas W. Goetz; Mark J. Williamson; Dong Xu;
|    Duncan Poole; Scott Le Grand; Ross C. Walker
|    "Routine microsecond molecular dynamics simulations
|    with AMBER - Part I: Generalized Born", J. Chem.
|    Theory Comput., 2012, 8 (5), pp1542-1555.
|
|  - Scott Le Grand; Andreas W. Goetz; Ross C. Walker
|    "SPFP: Speed without compromise - a mixed precision
|    model for GPU accelerated molecular dynamics
|    simulations.", Comp. Phys. Comm., 2013, 184
|    pp374-380, DOI: 10.1016/j.cpc.2012.09.022
|
|--------------------------------------------------------
 
|------------------- GPU DEVICE INFO --------------------
|
|            CUDA_VISIBLE_DEVICES: 3
|   CUDA Capable Devices Detected:      1
|           CUDA Device ID in use:      0
|                CUDA Device Name: GeForce GTX TITAN
|     CUDA Device Global Mem Size:   6082 MB
| CUDA Device Num Multiprocessors:     14
|           CUDA Device Core Freq:   0.93 GHz
|
|--------------------------------------------------------
 
 
| Conditional Compilation Defines Used:
| PUBFFT
| BINTRAJ
| CUDA
| EMIL

| Largest sphere to fit in unit cell has radius =    26.281

| New format PARM file being parsed.
| Version =    1.000 Date = 09/04/12 Time = 16:08:43

| Note: 1-4 EEL scale factors are being read from the topology file.

| Note: 1-4 VDW scale factors are being read from the topology file.
| Duplicated    0 dihedrals

| Duplicated    0 dihedrals

--------------------------------------------------------------------------------
   1.  RESOURCE   USE: 
--------------------------------------------------------------------------------

 getting new box info from bottom of inpcrd
 NATOM  =   23082 NTYPES =      16 NBONH =   22055 MBONA  =    1038
 NTHETH =    2390 MTHETA =    1396 NPHIH =    4631 MPHIA  =    3488
 NHPARM =       0 NPARM  =       0 NNB   =   39434 NRES   =    7134
 NBONA  =    1038 NTHETA =    1396 NPHIA =    3488 NUMBND =      41
 NUMANG =      86 NPTRA  =      41 NATYP =      28 NPHB   =       1
 IFBOX  =       1 NMXRS  =      24 IFCAP =       0 NEXTRA =       0
 NCOPY  =       0

| Coordinate Index Table dimensions:    12   14   10
| Direct force subcell size =     5.0212    5.2012    5.2562

     BOX TYPE: RECTILINEAR

--------------------------------------------------------------------------------
   2.  CONTROL  DATA  FOR  THE  RUN
--------------------------------------------------------------------------------

default_name                                                                    

General flags:
     imin    =       0, nmropt  =       0

Nature and format of input:
     ntx     =       1, irest   =       0, ntrx    =       1

Nature and format of output:
     ntxo    =       1, ntpr    =     125, ntrx    =       1, ntwr    =     500
     iwrap   =       1, ntwx    =       0, ntwv    =       0, ntwe    =       0
     ioutfm  =       1, ntwprt  =       0, idecomp =       0, rbornstat=      0

Potential function:
     ntf     =       2, ntb     =       1, igb     =       0, nsnb    =      25
     ipol    =       0, gbsa    =       0, iesp    =       0
     dielc   =   1.00000, cut     =   9.00000, intdiel =   1.00000

Frozen or restrained atoms:
     ibelly  =       0, ntr     =       0

Molecular dynamics:
     nstlim  =      5000, nscm    =      1000, nrespa  =         1
     t       =   0.00000, dt      =   0.00200, vlimit  =  -1.00000

Langevin dynamics temperature regulation:
     ig      =  282924
     temp0   = 300.00000, tempi   = 300.00000, gamma_ln=   2.00000

SHAKE:
     ntc     =       2, jfastw  =       0
     tol     =   0.00001

| Intermolecular bonds treatment:
|     no_intermolecular_bonds =       1

| Energy averages sample interval:
|     ene_avg_sampling =     125

Ewald parameters:
     verbose =       0, ew_type =       0, nbflag  =       1, use_pme =       1
     vdwmeth =       1, eedmeth =       1, netfrc  =       1
     Box X =   60.254   Box Y =   72.816   Box Z =   52.562
     Alpha =   90.000   Beta  =   90.000   Gamma =   90.000
     NFFT1 =   64       NFFT2 =   80       NFFT3 =   56
     Cutoff=    9.000   Tol   =0.100E-04
     Ewald Coefficient =  0.30768
     Interpolation order =    4

--------------------------------------------------------------------------------
   3.  ATOMIC COORDINATES AND VELOCITIES
--------------------------------------------------------------------------------

Cpptraj Generated Restart                                                       
 begin time read from input coords =488000.000 ps

 
 Number of triangulated 3-point waters found:     7002

     Sum of charges from parm topology file =  -0.00000008
     Forcing neutrality...

| Dynamic Memory, Types Used:
| Reals              711627
| Integers           739238

| Nonbonded Pairs Initial Allocation:     5262696

| GPU memory information (estimate):
| KB of GPU memory in use:    131824
| KB of CPU memory in use:     27232

--------------------------------------------------------------------------------
   4.  RESULTS
--------------------------------------------------------------------------------

 ---------------------------------------------------
 APPROXIMATING switch and d/dx switch using CUBIC SPLINE INTERPOLATION
 using   5000.0 points per unit in tabled values
 TESTING RELATIVE ERROR over r ranging from 0.0 to cutoff
| CHECK switch(x): max rel err =   0.2738E-14   at   2.422500
| CHECK d/dx switch(x): max rel err =   0.8314E-11   at   2.736960
 ---------------------------------------------------
|---------------------------------------------------
| APPROXIMATING direct energy using CUBIC SPLINE INTERPOLATION
|  with   50.0 points per unit in tabled values
| Relative Error Limit not exceeded for r .gt.   2.39
| APPROXIMATING direct force using CUBIC SPLINE INTERPOLATION
|  with   50.0 points per unit in tabled values
| Relative Error Limit not exceeded for r .gt.   2.84
|---------------------------------------------------

 NSTEP =        0   TIME(PS) =       0.000  TEMP(K) =   441.94  PRESS =     0.0
 Etot   =    -51068.1196  EKtot   =     20721.8146  EPtot      =    -71789.9342
 BOND   =       400.6552  ANGLE   =      1070.0726  DIHED      =      1322.5150
 1-4 NB =       447.2143  1-4 EEL =      4613.8679  VDWAALS    =      8728.2928
 EELEC  =    -88372.5521  EHBOND  =         0.0000  RESTRAINT  =         0.0000
 ------------------------------------------------------------------------------


 NSTEP =      125   TIME(PS) =       0.250  TEMP(K) =   296.47  PRESS =     0.0
 Etot   =    -57749.9476  EKtot   =     13900.9316  EPtot      =    -71650.8792
 BOND   =       401.8711  ANGLE   =      1066.0734  DIHED      =      1340.4773
 1-4 NB =       440.1827  1-4 EEL =      4611.7338  VDWAALS    =      8741.7684
 EELEC  =    -88252.9859  EHBOND  =         0.0000  RESTRAINT  =         0.0000
 ------------------------------------------------------------------------------


 NSTEP =      250   TIME(PS) =       0.500  TEMP(K) =   298.93  PRESS =     0.0
 Etot   =    -57647.1196  EKtot   =     14016.2598  EPtot      =    -71663.3794
 BOND   =       364.6882  ANGLE   =      1120.1642  DIHED      =      1335.6921
 1-4 NB =       443.9172  1-4 EEL =      4642.1302  VDWAALS    =      8566.6798
 EELEC  =    -88136.6511  EHBOND  =         0.0000  RESTRAINT  =         0.0000
 ------------------------------------------------------------------------------


 NSTEP =      375   TIME(PS) =       0.750  TEMP(K) =   302.92  PRESS =     0.0
 Etot   =    -57585.5902  EKtot   =     14203.7744  EPtot      =    -71789.3646
 BOND   =       402.4591  ANGLE   =      1076.0826  DIHED      =      1308.2592
 1-4 NB =       436.8032  1-4 EEL =      4606.7373  VDWAALS    =      8656.7243
 EELEC  =    -88276.4303  EHBOND  =         0.0000  RESTRAINT  =         0.0000
 ------------------------------------------------------------------------------


 NSTEP =      500   TIME(PS) =       1.000  TEMP(K) =   298.97  PRESS =     0.0
 Etot   =    -57629.5514  EKtot   =     14018.1641  EPtot      =    -71647.7155
 BOND   =       420.1802  ANGLE   =      1086.6922  DIHED      =      1305.1728
 1-4 NB =       438.8668  1-4 EEL =      4653.8792  VDWAALS    =      8561.5669
 EELEC  =    -88114.0735  EHBOND  =         0.0000  RESTRAINT  =         0.0000
 ------------------------------------------------------------------------------


 NSTEP =      625   TIME(PS) =       1.250  TEMP(K) =   300.68  PRESS =     0.0
 Etot   =    -57371.2008  EKtot   =     14098.4062  EPtot      =    -71469.6071
 BOND   =       388.0136  ANGLE   =      1094.9963  DIHED      =      1350.0581
 1-4 NB =       441.8733  1-4 EEL =      4571.6246  VDWAALS    =      8713.6684
 EELEC  =    -88029.8413  EHBOND  =         0.0000  RESTRAINT  =         0.0000
 ------------------------------------------------------------------------------


 NSTEP =      750   TIME(PS) =       1.500  TEMP(K) =   300.56  PRESS =     0.0
 Etot   =    -57374.7693  EKtot   =     14092.9023  EPtot      =    -71467.6716
 BOND   =       369.3341  ANGLE   =      1106.2903  DIHED      =      1347.2408
 1-4 NB =       450.1999  1-4 EEL =      4670.5177  VDWAALS    =      8530.2214
 EELEC  =    -87941.4759  EHBOND  =         0.0000  RESTRAINT  =         0.0000
 ------------------------------------------------------------------------------


 NSTEP =      875   TIME(PS) =       1.750  TEMP(K) =   299.39  PRESS =     0.0
 Etot   =    -57431.8690  EKtot   =     14038.1484  EPtot      =    -71470.0175
 BOND   =       395.8513  ANGLE   =      1079.6148  DIHED      =      1315.9192
 1-4 NB =       431.4673  1-4 EEL =      4660.8366  VDWAALS    =      8659.3168
 EELEC  =    -88013.0235  EHBOND  =         0.0000  RESTRAINT  =         0.0000
 ------------------------------------------------------------------------------


 NSTEP =     1000   TIME(PS) =       2.000  TEMP(K) =   298.12  PRESS =     0.0
 Etot   =    -57545.8869  EKtot   =     13978.4971  EPtot      =    -71524.3839
 BOND   =       360.7677  ANGLE   =      1111.5154  DIHED      =      1318.6929
 1-4 NB =       453.4939  1-4 EEL =      4652.6022  VDWAALS    =      8889.8680
 EELEC  =    -88311.3241  EHBOND  =         0.0000  RESTRAINT  =         0.0000
 ------------------------------------------------------------------------------


 NSTEP =     1125   TIME(PS) =       2.250  TEMP(K) =   299.98  PRESS =     0.0
 Etot   =    -57693.5780  EKtot   =     14065.5117  EPtot      =    -71759.0898
 BOND   =       386.9727  ANGLE   =      1066.3896  DIHED      =      1327.8614
 1-4 NB =       448.9231  1-4 EEL =      4643.9932  VDWAALS    =      8776.1239
 EELEC  =    -88409.3536  EHBOND  =         0.0000  RESTRAINT  =         0.0000
 ------------------------------------------------------------------------------


 NSTEP =     1250   TIME(PS) =       2.500  TEMP(K) =   301.85  PRESS =     0.0
 Etot   =    -57519.5657  EKtot   =     14153.5479  EPtot      =    -71673.1135
 BOND   =       386.7815  ANGLE   =      1068.6454  DIHED      =      1323.8182
 1-4 NB =       438.0517  1-4 EEL =      4599.8741  VDWAALS    =      8944.9594
 EELEC  =    -88435.2436  EHBOND  =         0.0000  RESTRAINT  =         0.0000
 ------------------------------------------------------------------------------


 NSTEP =     1375   TIME(PS) =       2.750  TEMP(K) =   300.39  PRESS =     0.0
 Etot   =    -57545.4646  EKtot   =     14085.0791  EPtot      =    -71630.5437
 BOND   =       382.3974  ANGLE   =      1046.5340  DIHED      =      1322.2544
 1-4 NB =       452.6587  1-4 EEL =      4694.0714  VDWAALS    =      8855.0794
 EELEC  =    -88383.5390  EHBOND  =         0.0000  RESTRAINT  =         0.0000
 ------------------------------------------------------------------------------


 NSTEP =     1500   TIME(PS) =       3.000  TEMP(K) =   300.75  PRESS =     0.0
 Etot   =    -57575.0726  EKtot   =     14101.9951  EPtot      =    -71677.0677
 BOND   =       381.2158  ANGLE   =      1074.0913  DIHED      =      1345.8442
 1-4 NB =       449.5375  1-4 EEL =      4662.3611  VDWAALS    =      8791.1068
 EELEC  =    -88381.2244  EHBOND  =         0.0000  RESTRAINT  =         0.0000
 ------------------------------------------------------------------------------


 NSTEP =     1625   TIME(PS) =       3.250  TEMP(K) =   298.29  PRESS =     0.0
 Etot   =    -57648.6369  EKtot   =     13986.5615  EPtot      =    -71635.1984
 BOND   =       387.9734  ANGLE   =      1082.0162  DIHED      =      1311.7257
 1-4 NB =       454.9556  1-4 EEL =      4631.6363  VDWAALS    =      8803.4548
 EELEC  =    -88306.9603  EHBOND  =         0.0000  RESTRAINT  =         0.0000
 ------------------------------------------------------------------------------


 NSTEP =     1750   TIME(PS) =       3.500  TEMP(K) =   300.17  PRESS =     0.0
 Etot   =    -57604.0102  EKtot   =     14074.6680  EPtot      =    -71678.6782
 BOND   =       370.3533  ANGLE   =      1069.5847  DIHED      =      1327.0810
 1-4 NB =       446.2299  1-4 EEL =      4670.3279  VDWAALS    =      8650.1575
 EELEC  =    -88212.4125  EHBOND  =         0.0000  RESTRAINT  =         0.0000
 ------------------------------------------------------------------------------


 NSTEP =     1875   TIME(PS) =       3.750  TEMP(K) =   297.02  PRESS =     0.0
 Etot   =    -57700.5859  EKtot   =     13927.0986  EPtot      =    -71627.6846
 BOND   =       408.8699  ANGLE   =      1038.4979  DIHED      =      1338.4813
 1-4 NB =       457.8678  1-4 EEL =      4678.6999  VDWAALS    =      8747.3280
 EELEC  =    -88297.4294  EHBOND  =         0.0000  RESTRAINT  =         0.0000
 ------------------------------------------------------------------------------


 NSTEP =     2000   TIME(PS) =       4.000  TEMP(K) =   298.74  PRESS =     0.0
 Etot   =    -57685.0674  EKtot   =     14007.7344  EPtot      =    -71692.8018
 BOND   =       395.8654  ANGLE   =      1069.8880  DIHED      =      1336.8196
 1-4 NB =       460.1255  1-4 EEL =      4626.5508  VDWAALS    =      8844.9732
 EELEC  =    -88427.0243  EHBOND  =         0.0000  RESTRAINT  =         0.0000
 ------------------------------------------------------------------------------


 NSTEP =     2125   TIME(PS) =       4.250  TEMP(K) =   299.41  PRESS =     0.0
 Etot   =    -57632.4646  EKtot   =     14038.7568  EPtot      =    -71671.2215
 BOND   =       383.6958  ANGLE   =      1078.5053  DIHED      =      1333.3147
 1-4 NB =       428.9866  1-4 EEL =      4618.6879  VDWAALS    =      8637.5435
 EELEC  =    -88151.9552  EHBOND  =         0.0000  RESTRAINT  =         0.0000
 ------------------------------------------------------------------------------


 NSTEP =     2250   TIME(PS) =       4.500  TEMP(K) =   298.47  PRESS =     0.0
 Etot   =    -57871.4130  EKtot   =     13994.9473  EPtot      =    -71866.3603
 BOND   =       377.2711  ANGLE   =      1032.4659  DIHED      =      1308.6384
 1-4 NB =       457.3108  1-4 EEL =      4644.8537  VDWAALS    =      8665.5954
 EELEC  =    -88352.4956  EHBOND  =         0.0000  RESTRAINT  =         0.0000
 ------------------------------------------------------------------------------


 NSTEP =     2375   TIME(PS) =       4.750  TEMP(K) =   298.11  PRESS =     0.0
 Etot   =    -57765.0021  EKtot   =     13977.8311  EPtot      =    -71742.8331
 BOND   =       397.2754  ANGLE   =      1048.3712  DIHED      =      1305.3666
 1-4 NB =       440.1703  1-4 EEL =      4657.5453  VDWAALS    =      8576.6148
 EELEC  =    -88168.1767  EHBOND  =         0.0000  RESTRAINT  =         0.0000
 ------------------------------------------------------------------------------


 NSTEP =     2500   TIME(PS) =       5.000  TEMP(K) =   296.52  PRESS =     0.0
 Etot   =    -57838.1549  EKtot   =     13903.6182  EPtot      =    -71741.7731
 BOND   =       371.2616  ANGLE   =      1055.0125  DIHED      =      1330.5511
 1-4 NB =       446.9864  1-4 EEL =      4627.4899  VDWAALS    =      8812.2358
 EELEC  =    -88385.3104  EHBOND  =         0.0000  RESTRAINT  =         0.0000
 ------------------------------------------------------------------------------


 NSTEP =     2625   TIME(PS) =       5.250  TEMP(K) =   297.13  PRESS =     0.0
 Etot   =    -57758.1543  EKtot   =     13932.2783  EPtot      =    -71690.4326
 BOND   =       392.5925  ANGLE   =      1124.4593  DIHED      =      1324.2572
 1-4 NB =       432.9918  1-4 EEL =      4692.2697  VDWAALS    =      8766.2870
 EELEC  =    -88423.2901  EHBOND  =         0.0000  RESTRAINT  =         0.0000
 ------------------------------------------------------------------------------


 NSTEP =     2750   TIME(PS) =       5.500  TEMP(K) =   298.94  PRESS =     0.0
 Etot   =    -57626.5122  EKtot   =     14016.8613  EPtot      =    -71643.3736
 BOND   =       383.8219  ANGLE   =      1087.3137  DIHED      =      1325.5917
 1-4 NB =       455.1204  1-4 EEL =      4627.3545  VDWAALS    =      9018.2882
 EELEC  =    -88540.8639  EHBOND  =         0.0000  RESTRAINT  =         0.0000
 ------------------------------------------------------------------------------


 NSTEP =     2875   TIME(PS) =       5.750  TEMP(K) =   299.40  PRESS =     0.0
 Etot   =    -57589.0564  EKtot   =     14038.5576  EPtot      =    -71627.6141
 BOND   =       390.0567  ANGLE   =      1044.6739  DIHED      =      1359.8166
 1-4 NB =       457.7569  1-4 EEL =      4671.6436  VDWAALS    =      8885.3981
 EELEC  =    -88436.9599  EHBOND  =         0.0000  RESTRAINT  =         0.0000
 ------------------------------------------------------------------------------


 NSTEP =     3000   TIME(PS) =       6.000  TEMP(K) =   298.66  PRESS =     0.0
 Etot   =    -57521.2307  EKtot   =     14003.9297  EPtot      =    -71525.1604
 BOND   =       415.2352  ANGLE   =      1087.3939  DIHED      =      1325.0090
 1-4 NB =       439.3497  1-4 EEL =      4665.9715  VDWAALS    =      8629.4084
 EELEC  =    -88087.5280  EHBOND  =         0.0000  RESTRAINT  =         0.0000
 ------------------------------------------------------------------------------


 NSTEP =     3125   TIME(PS) =       6.250  TEMP(K) =   301.21  PRESS =     0.0
 Etot   =    -57438.8015  EKtot   =     14123.4580  EPtot      =    -71562.2595
 BOND   =       411.8362  ANGLE   =      1078.8007  DIHED      =      1335.1845
 1-4 NB =       456.5783  1-4 EEL =      4659.3778  VDWAALS    =      8723.6387
 EELEC  =    -88227.6757  EHBOND  =         0.0000  RESTRAINT  =         0.0000
 ------------------------------------------------------------------------------


 NSTEP =     3250   TIME(PS) =       6.500  TEMP(K) =   303.90  PRESS =     0.0
 Etot   =    -57277.1229  EKtot   =     14249.3945  EPtot      =    -71526.5174
 BOND   =       440.1959  ANGLE   =      1094.4857  DIHED      =      1339.0484
 1-4 NB =       444.4800  1-4 EEL =      4602.6590  VDWAALS    =      8502.9218
 EELEC  =    -87950.3082  EHBOND  =         0.0000  RESTRAINT  =         0.0000
 ------------------------------------------------------------------------------


 NSTEP =     3375   TIME(PS) =       6.750  TEMP(K) =   301.75  PRESS =     0.0
 Etot   =    -57256.5151  EKtot   =     14148.7139  EPtot      =    -71405.2289
 BOND   =       409.9816  ANGLE   =      1125.2732  DIHED      =      1339.7157
 1-4 NB =       427.9314  1-4 EEL =      4614.2453  VDWAALS    =      8344.3414
 EELEC  =    -87666.7177  EHBOND  =         0.0000  RESTRAINT  =         0.0000
 ------------------------------------------------------------------------------


 NSTEP =     3500   TIME(PS) =       7.000  TEMP(K) =   300.51  PRESS =     0.0
 Etot   =    -57342.2311  EKtot   =     14090.5176  EPtot      =    -71432.7487
 BOND   =       407.2968  ANGLE   =      1102.2254  DIHED      =      1329.5879
 1-4 NB =       443.3845  1-4 EEL =      4638.2379  VDWAALS    =      8732.7775
 EELEC  =    -88086.2587  EHBOND  =         0.0000  RESTRAINT  =         0.0000
 ------------------------------------------------------------------------------


 NSTEP =     3625   TIME(PS) =       7.250  TEMP(K) =   303.33  PRESS =     0.0
 Etot   =    -57271.4487  EKtot   =     14222.7734  EPtot      =    -71494.2222
 BOND   =       424.7649  ANGLE   =      1107.5871  DIHED      =      1315.6069
 1-4 NB =       451.1154  1-4 EEL =      4604.9465  VDWAALS    =      8882.4298
 EELEC  =    -88280.6728  EHBOND  =         0.0000  RESTRAINT  =         0.0000
 ------------------------------------------------------------------------------


 NSTEP =     3750   TIME(PS) =       7.500  TEMP(K) =   298.82  PRESS =     0.0
 Etot   =    -57439.7111  EKtot   =     14011.0771  EPtot      =    -71450.7883
 BOND   =       420.7374  ANGLE   =      1075.5099  DIHED      =      1339.5149
 1-4 NB =       447.4784  1-4 EEL =      4612.1994  VDWAALS    =      8627.5167
 EELEC  =    -87973.7450  EHBOND  =         0.0000  RESTRAINT  =         0.0000
 ------------------------------------------------------------------------------


 NSTEP =     3875   TIME(PS) =       7.750  TEMP(K) =   298.03  PRESS =     0.0
 Etot   =    -57623.3543  EKtot   =     13974.2168  EPtot      =    -71597.5711
 BOND   =       421.4996  ANGLE   =      1067.1044  DIHED      =      1355.9285
 1-4 NB =       443.8800  1-4 EEL =      4599.5541  VDWAALS    =      8652.4748
 EELEC  =    -88138.0127  EHBOND  =         0.0000  RESTRAINT  =         0.0000
 ------------------------------------------------------------------------------


 NSTEP =     4000   TIME(PS) =       8.000  TEMP(K) =   300.72  PRESS =     0.0
 Etot   =    -57454.3771  EKtot   =     14100.5762  EPtot      =    -71554.9533
 BOND   =       421.8363  ANGLE   =      1070.4150  DIHED      =      1341.2782
 1-4 NB =       451.9270  1-4 EEL =      4619.2991  VDWAALS    =      8664.4084
 EELEC  =    -88124.1171  EHBOND  =         0.0000  RESTRAINT  =         0.0000
 ------------------------------------------------------------------------------


 NSTEP =     4125   TIME(PS) =       8.250  TEMP(K) =   300.22  PRESS =     0.0
 Etot   =    -57560.8572  EKtot   =     14076.8760  EPtot      =    -71637.7332
 BOND   =       396.5580  ANGLE   =      1088.1592  DIHED      =      1335.8800
 1-4 NB =       446.9348  1-4 EEL =      4647.5460  VDWAALS    =      8817.9560
 EELEC  =    -88370.7673  EHBOND  =         0.0000  RESTRAINT  =         0.0000
 ------------------------------------------------------------------------------


 NSTEP =     4250   TIME(PS) =       8.500  TEMP(K) =   296.18  PRESS =     0.0
 Etot   =    -57488.8683  EKtot   =     13887.4219  EPtot      =    -71376.2902
 BOND   =       381.7143  ANGLE   =      1109.6363  DIHED      =      1340.6683
 1-4 NB =       447.7254  1-4 EEL =      4643.7269  VDWAALS    =      8655.0170
 EELEC  =    -87954.7783  EHBOND  =         0.0000  RESTRAINT  =         0.0000
 ------------------------------------------------------------------------------


 NSTEP =     4375   TIME(PS) =       8.750  TEMP(K) =   299.42  PRESS =     0.0
 Etot   =    -57609.7869  EKtot   =     14039.2354  EPtot      =    -71649.0222
 BOND   =       390.8085  ANGLE   =      1020.5620  DIHED      =      1334.6888
 1-4 NB =       447.5064  1-4 EEL =      4658.4883  VDWAALS    =      8760.1885
 EELEC  =    -88261.2648  EHBOND  =         0.0000  RESTRAINT  =         0.0000
 ------------------------------------------------------------------------------


 NSTEP =     4500   TIME(PS) =       9.000  TEMP(K) =   297.92  PRESS =     0.0
 Etot   =    -57608.4652  EKtot   =     13969.2051  EPtot      =    -71577.6703
 BOND   =       425.4748  ANGLE   =      1052.4847  DIHED      =      1354.3990
 1-4 NB =       441.7124  1-4 EEL =      4619.4116  VDWAALS    =      8590.5023
 EELEC  =    -88061.6551  EHBOND  =         0.0000  RESTRAINT  =         0.0000
 ------------------------------------------------------------------------------


 NSTEP =     4625   TIME(PS) =       9.250  TEMP(K) =   298.96  PRESS =     0.0
 Etot   =    -57588.3825  EKtot   =     14017.7227  EPtot      =    -71606.1051
 BOND   =       396.6918  ANGLE   =      1057.4233  DIHED      =      1318.2644
 1-4 NB =       450.6280  1-4 EEL =      4633.9869  VDWAALS    =      8883.2151
 EELEC  =    -88346.3146  EHBOND  =         0.0000  RESTRAINT  =         0.0000
 ------------------------------------------------------------------------------


 NSTEP =     4750   TIME(PS) =       9.500  TEMP(K) =   299.68  PRESS =     0.0
 Etot   =    -57441.6881  EKtot   =     14051.7295  EPtot      =    -71493.4176
 BOND   =       375.2463  ANGLE   =      1084.6057  DIHED      =      1333.4730
 1-4 NB =       450.2889  1-4 EEL =      4651.0317  VDWAALS    =      8651.4726
 EELEC  =    -88039.5358  EHBOND  =         0.0000  RESTRAINT  =         0.0000
 ------------------------------------------------------------------------------


 NSTEP =     4875   TIME(PS) =       9.750  TEMP(K) =   298.90  PRESS =     0.0
 Etot   =    -57295.7099  EKtot   =     14015.1143  EPtot      =    -71310.8242
 BOND   =       425.0346  ANGLE   =      1072.8268  DIHED      =      1332.5662
 1-4 NB =       436.9827  1-4 EEL =      4621.9125  VDWAALS    =      8428.9961
 EELEC  =    -87629.1431  EHBOND  =         0.0000  RESTRAINT  =         0.0000
 ------------------------------------------------------------------------------


 NSTEP =     5000   TIME(PS) =      10.000  TEMP(K) =   302.86  PRESS =     0.0
 Etot   =    -57259.9815  EKtot   =     14200.6973  EPtot      =    -71460.6788
 BOND   =       386.8000  ANGLE   =      1111.6525  DIHED      =      1330.2172
 1-4 NB =       463.6304  1-4 EEL =      4647.3399  VDWAALS    =      8908.0234
 EELEC  =    -88308.3421  EHBOND  =         0.0000  RESTRAINT  =         0.0000
 ------------------------------------------------------------------------------


      A V E R A G E S   O V E R      40 S T E P S


 NSTEP =     5000   TIME(PS) =      10.000  TEMP(K) =   299.56  PRESS =     0.0
 Etot   =    -57546.6801  EKtot   =     14045.8698  EPtot      =    -71592.5499
 BOND   =       396.2820  ANGLE   =      1078.3506  DIHED      =      1331.0991
 1-4 NB =       446.4003  1-4 EEL =      4638.9339  VDWAALS    =      8713.7562
 EELEC  =    -88197.3720  EHBOND  =         0.0000  RESTRAINT  =         0.0000
 ------------------------------------------------------------------------------


      R M S  F L U C T U A T I O N S


 NSTEP =     5000   TIME(PS) =      10.000  TEMP(K) =     1.83  PRESS =     0.0
 Etot   =       157.5677  EKtot   =        85.9032  EPtot      =       118.7381
 BOND   =        19.0633  ANGLE   =        24.9533  DIHED      =        13.4969
 1-4 NB =         8.4818  1-4 EEL =        27.0935  VDWAALS    =       141.9044
 EELEC  =       201.3515  EHBOND  =         0.0000  RESTRAINT  =         0.0000
 ------------------------------------------------------------------------------

--------------------------------------------------------------------------------
   5.  TIMINGS
--------------------------------------------------------------------------------

|  NonSetup CPU Time in Major Routines:
|
|     Routine           Sec        %
|     ------------------------------
|     Nonbond           1.24   13.86
|     Bond              0.00    0.00
|     Angle             0.00    0.00
|     Dihedral          0.00    0.00
|     Shake             0.06    0.67
|     RunMD             7.64   85.34
|     Other             0.01    0.13
|     ------------------------------
|     Total             8.95

|  PME Nonbond Pairlist CPU Time:
|
|     Routine              Sec        %
|     ---------------------------------
|     Set Up Cit           0.00    0.00
|     Build List           0.00    0.00
|     ---------------------------------
|     Total                0.00    0.00

|  PME Direct Force CPU Time:
|
|     Routine              Sec        %
|     ---------------------------------
|     NonBonded Calc       0.00    0.00
|     Exclude Masked       0.00    0.00
|     Other                0.01    0.09
|     ---------------------------------
|     Total                0.01    0.09

|  PME Reciprocal Force CPU Time:
|
|     Routine              Sec        %
|     ---------------------------------
|     1D bspline           0.00    0.00
|     Grid Charges         0.00    0.00
|     Scalar Sum           0.00    0.00
|     Gradient Sum         0.00    0.00
|     FFT                  0.00    0.00
|     ---------------------------------
|     Total                0.00    0.00

|  Final Performance Info:
|     -----------------------------------------------------
|     Average timings for last    5000 steps:
|     Elapsed(s) =       8.95 Per Step(ms) =       1.79
|         ns/day =      96.59   seconds/ns =     894.51
|
|     Average timings for all steps:
|     Elapsed(s) =       8.95 Per Step(ms) =       1.79
|         ns/day =      96.59   seconds/ns =     894.51
|     -----------------------------------------------------

|  Setup CPU time:            2.06 seconds
|  NonSetup CPU time:         8.95 seconds
|  Total CPU time:           11.00 seconds     0.00 hours

|  Setup wall time:           2    seconds
|  NonSetup wall time:        9    seconds
|  Total wall time:          11    seconds     0.00 hours
