
          -------------------------------------------------------
          Amber 16 PMEMD                              2016
          -------------------------------------------------------

| PMEMD implementation of SANDER, Release 16

| Run on 08/25/2017 at 16:29:26

|   Executable path: /apps/amber16/bin/pmemd.cuda
| Working directory: /scratch/pbarletta/pdz/run/lb/neq/data/1
|          Hostname: mordor

  [-O]verwriting output

File Assignments:
|   MDIN: pdt.in                                                                
|  MDOUT: 245plb_1.out                                                          
| INPCRD: /scratch/pbarletta/pdz/run/lb/neq/starting_frames/245_lb.rst7         
|   PARM: /scratch/pbarletta/pdz/top_files/lb.prmtop                            
| RESTRT: 245plb_1.rst7                                                         
|   REFC: refc                                                                  
|  MDVEL: mdvel                                                                 
|   MDEN: mden                                                                  
|  MDCRD: 245plb_1.nc                                                           
| MDINFO: mdinfo                                                                
|  MDFRC: mdfrc                                                                 


 Here is the input file:

!NVT run. P/ recuperar velocidades                                             
&cntrl                                                                         
imin = 0,                           ! No Minimization                          
nmropt = 0,                         ! No NMR restraints read                   
                                                                               
! Nature and format of the input                                               
ntx = 1,                            ! Coordinates will be read, assign new velo
irest = 0,                          ! Run a new simulation                     
                                                                               
! Nature and format of the output                                              
ioutfm = 1,			    ! NetCDF format for output files                             
ntxo = 1,                           ! rstrt file in ASCII format               
ntpr = 125,                         ! inf in output every ntpr steps           
ntwr = 500,                         ! rstrt file every ntwr steps              
ntwx = 0,                           ! mdcrd file every ntwx steps              
ntwv = 0,                           ! mdvel without velocities                 
ntwe = 0,                           ! Energies and temperatures not written in 
idecomp = 0,                        ! No energy decomposition                  
iwrap = 1,                          ! Coordinates of the restart and mdcrd file
                                                                               
! Frozen or restrained atoms                                                   
ibelly = 0,                         ! No frozen atoms                          
ntr=0,                              ! Harmonic potential restraints            
                                                                               
! Molecular dynamics                                                           
nstlim = 5000,                      ! Number of MD-steps                       
dt = 0.002,                         ! Time step                                
                                                                               
! Temperature regulation                                                       
ntt = 3,                            ! Langevin thermostat                      
gamma_ln = 2,                       ! Gamma constant for Langevin              
temp0 = 300.0,                     ! Reference T at which the system is to be k
tempi = 300.0,                      ! Initial T                                
                                                                               
! P and V regulation                                                           
ntp = 0,                            ! No P control                             
ntb = 1,                            ! constant V                               
                                                                               
! SHAKE variables                                                              
ntc = 2,                            ! Bonds involving H are constrained        
ntf = 2,                            ! Bond interaction involving H are ommited.
                                                                               
cut = 9.0,                          ! Nonbonded cutoff                         
/                                                                              
&end                                                                           


Note: ig = -1. Setting random seed to   705176 based on wallclock time in 
      microseconds.
| irandom = 1, using AMBER's internal random number generator (default).
 
|--------------------- INFORMATION ----------------------
| GPU (CUDA) Version of PMEMD in use: NVIDIA GPU IN USE.
|                    Version 16.0.0
| 
|                      02/25/2016
| 
| Implementation by:
|                    Ross C. Walker     (SDSC)
|                    Scott Le Grand     (nVIDIA)
| 
| Precision model in use:
|      [SPFP] - Single Precision Forces, 64-bit Fixed Point
|               Accumulation. (Default)
| 
|--------------------------------------------------------
 
|----------------- CITATION INFORMATION -----------------
|
|    When publishing work that utilized the CUDA version
|    of AMBER, please cite the following in addition to
|    the regular AMBER citations:
|
|  - Romelia Salomon-Ferrer; Andreas W. Goetz; Duncan
|    Poole; Scott Le Grand; Ross C. Walker "Routine
|    microsecond molecular dynamics simulations with
|    AMBER - Part II: Particle Mesh Ewald", J. Chem.
|    Theory Comput., 2013, 9 (9), pp3878-3888,
|    DOI: 10.1021/ct400314y.
|
|  - Andreas W. Goetz; Mark J. Williamson; Dong Xu;
|    Duncan Poole; Scott Le Grand; Ross C. Walker
|    "Routine microsecond molecular dynamics simulations
|    with AMBER - Part I: Generalized Born", J. Chem.
|    Theory Comput., 2012, 8 (5), pp1542-1555.
|
|  - Scott Le Grand; Andreas W. Goetz; Ross C. Walker
|    "SPFP: Speed without compromise - a mixed precision
|    model for GPU accelerated molecular dynamics
|    simulations.", Comp. Phys. Comm., 2013, 184
|    pp374-380, DOI: 10.1016/j.cpc.2012.09.022
|
|--------------------------------------------------------
 
|------------------- GPU DEVICE INFO --------------------
|
|            CUDA_VISIBLE_DEVICES: 3
|   CUDA Capable Devices Detected:      1
|           CUDA Device ID in use:      0
|                CUDA Device Name: GeForce GTX TITAN
|     CUDA Device Global Mem Size:   6082 MB
| CUDA Device Num Multiprocessors:     14
|           CUDA Device Core Freq:   0.93 GHz
|
|--------------------------------------------------------
 
 
| Conditional Compilation Defines Used:
| PUBFFT
| BINTRAJ
| CUDA
| EMIL

| Largest sphere to fit in unit cell has radius =    26.281

| New format PARM file being parsed.
| Version =    1.000 Date = 09/04/12 Time = 16:08:43

| Note: 1-4 EEL scale factors are being read from the topology file.

| Note: 1-4 VDW scale factors are being read from the topology file.
| Duplicated    0 dihedrals

| Duplicated    0 dihedrals

--------------------------------------------------------------------------------
   1.  RESOURCE   USE: 
--------------------------------------------------------------------------------

 getting new box info from bottom of inpcrd
 NATOM  =   23082 NTYPES =      16 NBONH =   22055 MBONA  =    1038
 NTHETH =    2390 MTHETA =    1396 NPHIH =    4631 MPHIA  =    3488
 NHPARM =       0 NPARM  =       0 NNB   =   39434 NRES   =    7134
 NBONA  =    1038 NTHETA =    1396 NPHIA =    3488 NUMBND =      41
 NUMANG =      86 NPTRA  =      41 NATYP =      28 NPHB   =       1
 IFBOX  =       1 NMXRS  =      24 IFCAP =       0 NEXTRA =       0
 NCOPY  =       0

| Coordinate Index Table dimensions:    12   14   10
| Direct force subcell size =     5.0212    5.2012    5.2562

     BOX TYPE: RECTILINEAR

--------------------------------------------------------------------------------
   2.  CONTROL  DATA  FOR  THE  RUN
--------------------------------------------------------------------------------

default_name                                                                    

General flags:
     imin    =       0, nmropt  =       0

Nature and format of input:
     ntx     =       1, irest   =       0, ntrx    =       1

Nature and format of output:
     ntxo    =       1, ntpr    =     125, ntrx    =       1, ntwr    =     500
     iwrap   =       1, ntwx    =       0, ntwv    =       0, ntwe    =       0
     ioutfm  =       1, ntwprt  =       0, idecomp =       0, rbornstat=      0

Potential function:
     ntf     =       2, ntb     =       1, igb     =       0, nsnb    =      25
     ipol    =       0, gbsa    =       0, iesp    =       0
     dielc   =   1.00000, cut     =   9.00000, intdiel =   1.00000

Frozen or restrained atoms:
     ibelly  =       0, ntr     =       0

Molecular dynamics:
     nstlim  =      5000, nscm    =      1000, nrespa  =         1
     t       =   0.00000, dt      =   0.00200, vlimit  =  -1.00000

Langevin dynamics temperature regulation:
     ig      =  705176
     temp0   = 300.00000, tempi   = 300.00000, gamma_ln=   2.00000

SHAKE:
     ntc     =       2, jfastw  =       0
     tol     =   0.00001

| Intermolecular bonds treatment:
|     no_intermolecular_bonds =       1

| Energy averages sample interval:
|     ene_avg_sampling =     125

Ewald parameters:
     verbose =       0, ew_type =       0, nbflag  =       1, use_pme =       1
     vdwmeth =       1, eedmeth =       1, netfrc  =       1
     Box X =   60.254   Box Y =   72.816   Box Z =   52.562
     Alpha =   90.000   Beta  =   90.000   Gamma =   90.000
     NFFT1 =   64       NFFT2 =   80       NFFT3 =   56
     Cutoff=    9.000   Tol   =0.100E-04
     Ewald Coefficient =  0.30768
     Interpolation order =    4

--------------------------------------------------------------------------------
   3.  ATOMIC COORDINATES AND VELOCITIES
--------------------------------------------------------------------------------

Cpptraj Generated Restart                                                       
 begin time read from input coords =490000.000 ps

 
 Number of triangulated 3-point waters found:     7002

     Sum of charges from parm topology file =  -0.00000008
     Forcing neutrality...

| Dynamic Memory, Types Used:
| Reals              711627
| Integers           739238

| Nonbonded Pairs Initial Allocation:     5262696

| GPU memory information (estimate):
| KB of GPU memory in use:    131824
| KB of CPU memory in use:     27232

--------------------------------------------------------------------------------
   4.  RESULTS
--------------------------------------------------------------------------------

 ---------------------------------------------------
 APPROXIMATING switch and d/dx switch using CUBIC SPLINE INTERPOLATION
 using   5000.0 points per unit in tabled values
 TESTING RELATIVE ERROR over r ranging from 0.0 to cutoff
| CHECK switch(x): max rel err =   0.2738E-14   at   2.422500
| CHECK d/dx switch(x): max rel err =   0.8314E-11   at   2.736960
 ---------------------------------------------------
|---------------------------------------------------
| APPROXIMATING direct energy using CUBIC SPLINE INTERPOLATION
|  with   50.0 points per unit in tabled values
| Relative Error Limit not exceeded for r .gt.   2.39
| APPROXIMATING direct force using CUBIC SPLINE INTERPOLATION
|  with   50.0 points per unit in tabled values
| Relative Error Limit not exceeded for r .gt.   2.84
|---------------------------------------------------

 NSTEP =        0   TIME(PS) =       0.000  TEMP(K) =   438.48  PRESS =     0.0
 Etot   =    -51144.7966  EKtot   =     20559.6340  EPtot      =    -71704.4306
 BOND   =       407.3210  ANGLE   =      1078.9515  DIHED      =      1336.7975
 1-4 NB =       435.1923  1-4 EEL =      4693.1371  VDWAALS    =      8801.6410
 EELEC  =    -88457.4711  EHBOND  =         0.0000  RESTRAINT  =         0.0000
 ------------------------------------------------------------------------------


 NSTEP =      125   TIME(PS) =       0.250  TEMP(K) =   299.71  PRESS =     0.0
 Etot   =    -57774.5964  EKtot   =     14053.0986  EPtot      =    -71827.6951
 BOND   =       380.9640  ANGLE   =      1078.3588  DIHED      =      1324.9860
 1-4 NB =       441.4048  1-4 EEL =      4617.3752  VDWAALS    =      8784.9299
 EELEC  =    -88455.7138  EHBOND  =         0.0000  RESTRAINT  =         0.0000
 ------------------------------------------------------------------------------


 NSTEP =      250   TIME(PS) =       0.500  TEMP(K) =   298.02  PRESS =     0.0
 Etot   =    -57812.1328  EKtot   =     13973.9805  EPtot      =    -71786.1133
 BOND   =       438.3577  ANGLE   =      1050.4403  DIHED      =      1338.1525
 1-4 NB =       439.3896  1-4 EEL =      4648.4473  VDWAALS    =      8931.1609
 EELEC  =    -88632.0614  EHBOND  =         0.0000  RESTRAINT  =         0.0000
 ------------------------------------------------------------------------------


 NSTEP =      375   TIME(PS) =       0.750  TEMP(K) =   299.06  PRESS =     0.0
 Etot   =    -57697.6994  EKtot   =     14022.7363  EPtot      =    -71720.4357
 BOND   =       432.4932  ANGLE   =      1123.0878  DIHED      =      1315.1065
 1-4 NB =       463.4308  1-4 EEL =      4633.5065  VDWAALS    =      8774.6723
 EELEC  =    -88462.7327  EHBOND  =         0.0000  RESTRAINT  =         0.0000
 ------------------------------------------------------------------------------


 NSTEP =      500   TIME(PS) =       1.000  TEMP(K) =   301.86  PRESS =     0.0
 Etot   =    -57707.9578  EKtot   =     14153.7334  EPtot      =    -71861.6912
 BOND   =       383.5192  ANGLE   =      1105.7789  DIHED      =      1315.2755
 1-4 NB =       440.3587  1-4 EEL =      4648.2876  VDWAALS    =      8937.6671
 EELEC  =    -88692.5783  EHBOND  =         0.0000  RESTRAINT  =         0.0000
 ------------------------------------------------------------------------------


 NSTEP =      625   TIME(PS) =       1.250  TEMP(K) =   300.86  PRESS =     0.0
 Etot   =    -57655.1085  EKtot   =     14107.1377  EPtot      =    -71762.2461
 BOND   =       413.0694  ANGLE   =      1068.7519  DIHED      =      1324.1959
 1-4 NB =       430.6389  1-4 EEL =      4668.5778  VDWAALS    =      8876.4668
 EELEC  =    -88543.9468  EHBOND  =         0.0000  RESTRAINT  =         0.0000
 ------------------------------------------------------------------------------


 NSTEP =      750   TIME(PS) =       1.500  TEMP(K) =   301.18  PRESS =     0.0
 Etot   =    -57621.6883  EKtot   =     14121.9463  EPtot      =    -71743.6346
 BOND   =       395.1629  ANGLE   =      1114.8276  DIHED      =      1319.0658
 1-4 NB =       438.6296  1-4 EEL =      4635.1557  VDWAALS    =      8701.2423
 EELEC  =    -88347.7184  EHBOND  =         0.0000  RESTRAINT  =         0.0000
 ------------------------------------------------------------------------------


 NSTEP =      875   TIME(PS) =       1.750  TEMP(K) =   296.57  PRESS =     0.0
 Etot   =    -57784.0744  EKtot   =     13906.0000  EPtot      =    -71690.0744
 BOND   =       415.9465  ANGLE   =      1074.0441  DIHED      =      1312.7680
 1-4 NB =       450.7917  1-4 EEL =      4626.0001  VDWAALS    =      8506.4681
 EELEC  =    -88076.0929  EHBOND  =         0.0000  RESTRAINT  =         0.0000
 ------------------------------------------------------------------------------


 NSTEP =     1000   TIME(PS) =       2.000  TEMP(K) =   299.34  PRESS =     0.0
 Etot   =    -57649.6347  EKtot   =     14035.6191  EPtot      =    -71685.2538
 BOND   =       405.4455  ANGLE   =      1105.6669  DIHED      =      1309.2255
 1-4 NB =       452.7495  1-4 EEL =      4656.6787  VDWAALS    =      8764.5368
 EELEC  =    -88379.5568  EHBOND  =         0.0000  RESTRAINT  =         0.0000
 ------------------------------------------------------------------------------


 NSTEP =     1125   TIME(PS) =       2.250  TEMP(K) =   298.43  PRESS =     0.0
 Etot   =    -57747.4419  EKtot   =     13993.1260  EPtot      =    -71740.5679
 BOND   =       396.8840  ANGLE   =      1106.9402  DIHED      =      1315.5063
 1-4 NB =       430.2957  1-4 EEL =      4639.2902  VDWAALS    =      8802.7638
 EELEC  =    -88432.2480  EHBOND  =         0.0000  RESTRAINT  =         0.0000
 ------------------------------------------------------------------------------


 NSTEP =     1250   TIME(PS) =       2.500  TEMP(K) =   298.00  PRESS =     0.0
 Etot   =    -57693.0110  EKtot   =     13972.9336  EPtot      =    -71665.9446
 BOND   =       380.4294  ANGLE   =      1051.6074  DIHED      =      1323.3212
 1-4 NB =       453.7254  1-4 EEL =      4678.5188  VDWAALS    =      8904.7646
 EELEC  =    -88458.3114  EHBOND  =         0.0000  RESTRAINT  =         0.0000
 ------------------------------------------------------------------------------


 NSTEP =     1375   TIME(PS) =       2.750  TEMP(K) =   301.41  PRESS =     0.0
 Etot   =    -57614.4423  EKtot   =     14132.6543  EPtot      =    -71747.0966
 BOND   =       440.5762  ANGLE   =      1041.4681  DIHED      =      1322.7793
 1-4 NB =       438.3978  1-4 EEL =      4657.0259  VDWAALS    =      8869.2387
 EELEC  =    -88516.5826  EHBOND  =         0.0000  RESTRAINT  =         0.0000
 ------------------------------------------------------------------------------


 NSTEP =     1500   TIME(PS) =       3.000  TEMP(K) =   297.32  PRESS =     0.0
 Etot   =    -57778.9452  EKtot   =     13941.1543  EPtot      =    -71720.0995
 BOND   =       400.3395  ANGLE   =      1075.1318  DIHED      =      1310.1883
 1-4 NB =       446.0647  1-4 EEL =      4612.7290  VDWAALS    =      8913.3542
 EELEC  =    -88477.9069  EHBOND  =         0.0000  RESTRAINT  =         0.0000
 ------------------------------------------------------------------------------


 NSTEP =     1625   TIME(PS) =       3.250  TEMP(K) =   297.86  PRESS =     0.0
 Etot   =    -57824.6330  EKtot   =     13966.1406  EPtot      =    -71790.7737
 BOND   =       428.9417  ANGLE   =      1037.9851  DIHED      =      1340.3734
 1-4 NB =       446.1332  1-4 EEL =      4670.0119  VDWAALS    =      8746.2449
 EELEC  =    -88460.4639  EHBOND  =         0.0000  RESTRAINT  =         0.0000
 ------------------------------------------------------------------------------


 NSTEP =     1750   TIME(PS) =       3.500  TEMP(K) =   299.28  PRESS =     0.0
 Etot   =    -57777.5158  EKtot   =     14032.8916  EPtot      =    -71810.4074
 BOND   =       430.9710  ANGLE   =      1051.6884  DIHED      =      1336.8062
 1-4 NB =       452.0113  1-4 EEL =      4673.5841  VDWAALS    =      8659.0444
 EELEC  =    -88414.5128  EHBOND  =         0.0000  RESTRAINT  =         0.0000
 ------------------------------------------------------------------------------


 NSTEP =     1875   TIME(PS) =       3.750  TEMP(K) =   297.71  PRESS =     0.0
 Etot   =    -57692.5108  EKtot   =     13959.3691  EPtot      =    -71651.8800
 BOND   =       382.9672  ANGLE   =      1055.8748  DIHED      =      1305.1941
 1-4 NB =       440.1271  1-4 EEL =      4640.6005  VDWAALS    =      8772.6719
 EELEC  =    -88249.3155  EHBOND  =         0.0000  RESTRAINT  =         0.0000
 ------------------------------------------------------------------------------


 NSTEP =     2000   TIME(PS) =       4.000  TEMP(K) =   299.60  PRESS =     0.0
 Etot   =    -57748.9288  EKtot   =     14048.1123  EPtot      =    -71797.0411
 BOND   =       339.7125  ANGLE   =      1090.2384  DIHED      =      1300.3771
 1-4 NB =       445.0003  1-4 EEL =      4693.3091  VDWAALS    =      8788.1726
 EELEC  =    -88453.8512  EHBOND  =         0.0000  RESTRAINT  =         0.0000
 ------------------------------------------------------------------------------


 NSTEP =     2125   TIME(PS) =       4.250  TEMP(K) =   299.30  PRESS =     0.0
 Etot   =    -57733.6449  EKtot   =     14033.9600  EPtot      =    -71767.6049
 BOND   =       407.3733  ANGLE   =      1033.7361  DIHED      =      1313.5685
 1-4 NB =       453.4089  1-4 EEL =      4663.1216  VDWAALS    =      8694.7750
 EELEC  =    -88333.5884  EHBOND  =         0.0000  RESTRAINT  =         0.0000
 ------------------------------------------------------------------------------


 NSTEP =     2250   TIME(PS) =       4.500  TEMP(K) =   302.40  PRESS =     0.0
 Etot   =    -57585.3743  EKtot   =     14179.0605  EPtot      =    -71764.4348
 BOND   =       403.0931  ANGLE   =      1057.9524  DIHED      =      1325.0428
 1-4 NB =       453.4302  1-4 EEL =      4659.0905  VDWAALS    =      8885.3307
 EELEC  =    -88548.3745  EHBOND  =         0.0000  RESTRAINT  =         0.0000
 ------------------------------------------------------------------------------


 NSTEP =     2375   TIME(PS) =       4.750  TEMP(K) =   299.25  PRESS =     0.0
 Etot   =    -57788.4828  EKtot   =     14031.5088  EPtot      =    -71819.9916
 BOND   =       397.2968  ANGLE   =      1081.7178  DIHED      =      1321.2170
 1-4 NB =       443.2519  1-4 EEL =      4682.7457  VDWAALS    =      8863.5868
 EELEC  =    -88609.8075  EHBOND  =         0.0000  RESTRAINT  =         0.0000
 ------------------------------------------------------------------------------


 NSTEP =     2500   TIME(PS) =       5.000  TEMP(K) =   297.12  PRESS =     0.0
 Etot   =    -57830.4837  EKtot   =     13931.6562  EPtot      =    -71762.1400
 BOND   =       413.1556  ANGLE   =      1079.1885  DIHED      =      1324.5062
 1-4 NB =       436.1927  1-4 EEL =      4627.1304  VDWAALS    =      8826.4473
 EELEC  =    -88468.7607  EHBOND  =         0.0000  RESTRAINT  =         0.0000
 ------------------------------------------------------------------------------


 NSTEP =     2625   TIME(PS) =       5.250  TEMP(K) =   299.87  PRESS =     0.0
 Etot   =    -57532.6199  EKtot   =     14060.6113  EPtot      =    -71593.2312
 BOND   =       452.9656  ANGLE   =      1104.7724  DIHED      =      1320.9829
 1-4 NB =       441.1684  1-4 EEL =      4585.4345  VDWAALS    =      8989.8508
 EELEC  =    -88488.4057  EHBOND  =         0.0000  RESTRAINT  =         0.0000
 ------------------------------------------------------------------------------


 NSTEP =     2750   TIME(PS) =       5.500  TEMP(K) =   299.03  PRESS =     0.0
 Etot   =    -57603.5539  EKtot   =     14020.9961  EPtot      =    -71624.5500
 BOND   =       400.8015  ANGLE   =      1100.6048  DIHED      =      1316.7164
 1-4 NB =       452.0990  1-4 EEL =      4642.5927  VDWAALS    =      8915.2574
 EELEC  =    -88452.6218  EHBOND  =         0.0000  RESTRAINT  =         0.0000
 ------------------------------------------------------------------------------


 NSTEP =     2875   TIME(PS) =       5.750  TEMP(K) =   298.60  PRESS =     0.0
 Etot   =    -57661.7403  EKtot   =     14000.7812  EPtot      =    -71662.5215
 BOND   =       385.1818  ANGLE   =      1039.5550  DIHED      =      1306.1464
 1-4 NB =       451.0263  1-4 EEL =      4631.6612  VDWAALS    =      8646.8026
 EELEC  =    -88122.8950  EHBOND  =         0.0000  RESTRAINT  =         0.0000
 ------------------------------------------------------------------------------


 NSTEP =     3000   TIME(PS) =       6.000  TEMP(K) =   298.40  PRESS =     0.0
 Etot   =    -57700.8503  EKtot   =     13991.6367  EPtot      =    -71692.4870
 BOND   =       380.4334  ANGLE   =      1138.6727  DIHED      =      1316.8933
 1-4 NB =       450.3023  1-4 EEL =      4600.8862  VDWAALS    =      8844.0957
 EELEC  =    -88423.7706  EHBOND  =         0.0000  RESTRAINT  =         0.0000
 ------------------------------------------------------------------------------


 NSTEP =     3125   TIME(PS) =       6.250  TEMP(K) =   300.32  PRESS =     0.0
 Etot   =    -57603.5321  EKtot   =     14081.4307  EPtot      =    -71684.9627
 BOND   =       386.2934  ANGLE   =      1108.2062  DIHED      =      1305.6390
 1-4 NB =       440.0410  1-4 EEL =      4629.9219  VDWAALS    =      8489.7592
 EELEC  =    -88044.8235  EHBOND  =         0.0000  RESTRAINT  =         0.0000
 ------------------------------------------------------------------------------


 NSTEP =     3250   TIME(PS) =       6.500  TEMP(K) =   301.04  PRESS =     0.0
 Etot   =    -57628.1913  EKtot   =     14115.5635  EPtot      =    -71743.7547
 BOND   =       388.8824  ANGLE   =      1076.3319  DIHED      =      1307.6862
 1-4 NB =       458.8928  1-4 EEL =      4662.0158  VDWAALS    =      8866.6936
 EELEC  =    -88504.2573  EHBOND  =         0.0000  RESTRAINT  =         0.0000
 ------------------------------------------------------------------------------


 NSTEP =     3375   TIME(PS) =       6.750  TEMP(K) =   296.66  PRESS =     0.0
 Etot   =    -57817.5646  EKtot   =     13909.8486  EPtot      =    -71727.4133
 BOND   =       406.3562  ANGLE   =      1056.9536  DIHED      =      1311.9521
 1-4 NB =       447.0530  1-4 EEL =      4668.0208  VDWAALS    =      8702.8772
 EELEC  =    -88320.6262  EHBOND  =         0.0000  RESTRAINT  =         0.0000
 ------------------------------------------------------------------------------


 NSTEP =     3500   TIME(PS) =       7.000  TEMP(K) =   296.31  PRESS =     0.0
 Etot   =    -57844.1321  EKtot   =     13893.5889  EPtot      =    -71737.7209
 BOND   =       384.8295  ANGLE   =      1072.6749  DIHED      =      1283.5552
 1-4 NB =       437.6934  1-4 EEL =      4688.3976  VDWAALS    =      8597.8992
 EELEC  =    -88202.7706  EHBOND  =         0.0000  RESTRAINT  =         0.0000
 ------------------------------------------------------------------------------


 NSTEP =     3625   TIME(PS) =       7.250  TEMP(K) =   299.29  PRESS =     0.0
 Etot   =    -57694.6573  EKtot   =     14033.3008  EPtot      =    -71727.9581
 BOND   =       380.1004  ANGLE   =      1085.2052  DIHED      =      1321.2014
 1-4 NB =       454.5725  1-4 EEL =      4623.7493  VDWAALS    =      8690.2000
 EELEC  =    -88282.9868  EHBOND  =         0.0000  RESTRAINT  =         0.0000
 ------------------------------------------------------------------------------


 NSTEP =     3750   TIME(PS) =       7.500  TEMP(K) =   297.37  PRESS =     0.0
 Etot   =    -57763.4735  EKtot   =     13943.5254  EPtot      =    -71706.9989
 BOND   =       385.5391  ANGLE   =      1043.4555  DIHED      =      1311.5399
 1-4 NB =       461.8188  1-4 EEL =      4641.5617  VDWAALS    =      8717.0688
 EELEC  =    -88267.9827  EHBOND  =         0.0000  RESTRAINT  =         0.0000
 ------------------------------------------------------------------------------


 NSTEP =     3875   TIME(PS) =       7.750  TEMP(K) =   296.88  PRESS =     0.0
 Etot   =    -57702.3633  EKtot   =     13920.4629  EPtot      =    -71622.8262
 BOND   =       411.3984  ANGLE   =      1078.8004  DIHED      =      1301.9407
 1-4 NB =       450.7330  1-4 EEL =      4674.7281  VDWAALS    =      8860.1669
 EELEC  =    -88400.5938  EHBOND  =         0.0000  RESTRAINT  =         0.0000
 ------------------------------------------------------------------------------


 NSTEP =     4000   TIME(PS) =       8.000  TEMP(K) =   294.31  PRESS =     0.0
 Etot   =    -57687.7295  EKtot   =     13799.9902  EPtot      =    -71487.7198
 BOND   =       400.5018  ANGLE   =      1048.7889  DIHED      =      1327.1715
 1-4 NB =       459.1517  1-4 EEL =      4666.5962  VDWAALS    =      8730.0525
 EELEC  =    -88119.9824  EHBOND  =         0.0000  RESTRAINT  =         0.0000
 ------------------------------------------------------------------------------


 NSTEP =     4125   TIME(PS) =       8.250  TEMP(K) =   300.55  PRESS =     0.0
 Etot   =    -57653.4326  EKtot   =     14092.3916  EPtot      =    -71745.8242
 BOND   =       397.6187  ANGLE   =      1033.6282  DIHED      =      1314.0607
 1-4 NB =       447.2167  1-4 EEL =      4666.0986  VDWAALS    =      8932.0302
 EELEC  =    -88536.4773  EHBOND  =         0.0000  RESTRAINT  =         0.0000
 ------------------------------------------------------------------------------


 NSTEP =     4250   TIME(PS) =       8.500  TEMP(K) =   297.79  PRESS =     0.0
 Etot   =    -57791.9813  EKtot   =     13963.2266  EPtot      =    -71755.2079
 BOND   =       383.9330  ANGLE   =      1073.1594  DIHED      =      1321.0597
 1-4 NB =       444.4735  1-4 EEL =      4689.5834  VDWAALS    =      8597.1434
 EELEC  =    -88264.5602  EHBOND  =         0.0000  RESTRAINT  =         0.0000
 ------------------------------------------------------------------------------


 NSTEP =     4375   TIME(PS) =       8.750  TEMP(K) =   299.55  PRESS =     0.0
 Etot   =    -57801.6477  EKtot   =     14045.5166  EPtot      =    -71847.1643
 BOND   =       394.0655  ANGLE   =      1093.4139  DIHED      =      1317.8172
 1-4 NB =       461.1052  1-4 EEL =      4716.6025  VDWAALS    =      8696.5686
 EELEC  =    -88526.7372  EHBOND  =         0.0000  RESTRAINT  =         0.0000
 ------------------------------------------------------------------------------


 NSTEP =     4500   TIME(PS) =       9.000  TEMP(K) =   298.72  PRESS =     0.0
 Etot   =    -57814.0877  EKtot   =     14006.4062  EPtot      =    -71820.4939
 BOND   =       381.5154  ANGLE   =      1076.9760  DIHED      =      1312.7505
 1-4 NB =       443.5529  1-4 EEL =      4629.9002  VDWAALS    =      8716.3985
 EELEC  =    -88381.5873  EHBOND  =         0.0000  RESTRAINT  =         0.0000
 ------------------------------------------------------------------------------


 NSTEP =     4625   TIME(PS) =       9.250  TEMP(K) =   300.29  PRESS =     0.0
 Etot   =    -57630.8625  EKtot   =     14080.0732  EPtot      =    -71710.9357
 BOND   =       414.3252  ANGLE   =      1033.1030  DIHED      =      1331.8779
 1-4 NB =       440.2034  1-4 EEL =      4672.1274  VDWAALS    =      8709.2580
 EELEC  =    -88311.8307  EHBOND  =         0.0000  RESTRAINT  =         0.0000
 ------------------------------------------------------------------------------


 NSTEP =     4750   TIME(PS) =       9.500  TEMP(K) =   300.44  PRESS =     0.0
 Etot   =    -57628.2220  EKtot   =     14087.0625  EPtot      =    -71715.2845
 BOND   =       404.2660  ANGLE   =      1038.5273  DIHED      =      1295.0672
 1-4 NB =       438.1904  1-4 EEL =      4666.0115  VDWAALS    =      8707.0316
 EELEC  =    -88264.3784  EHBOND  =         0.0000  RESTRAINT  =         0.0000
 ------------------------------------------------------------------------------


 NSTEP =     4875   TIME(PS) =       9.750  TEMP(K) =   301.34  PRESS =     0.0
 Etot   =    -57480.1901  EKtot   =     14129.5000  EPtot      =    -71609.6901
 BOND   =       401.9562  ANGLE   =      1065.0250  DIHED      =      1326.4974
 1-4 NB =       462.0270  1-4 EEL =      4672.0370  VDWAALS    =      8672.6057
 EELEC  =    -88209.8385  EHBOND  =         0.0000  RESTRAINT  =         0.0000
 ------------------------------------------------------------------------------


 NSTEP =     5000   TIME(PS) =      10.000  TEMP(K) =   298.13  PRESS =     0.0
 Etot   =    -57547.2638  EKtot   =     13979.0098  EPtot      =    -71526.2735
 BOND   =       387.8710  ANGLE   =      1085.5208  DIHED      =      1290.4845
 1-4 NB =       455.6427  1-4 EEL =      4637.7358  VDWAALS    =      8853.5429
 EELEC  =    -88237.0711  EHBOND  =         0.0000  RESTRAINT  =         0.0000
 ------------------------------------------------------------------------------


      A V E R A G E S   O V E R      40 S T E P S


 NSTEP =     5000   TIME(PS) =      10.000  TEMP(K) =   298.98  PRESS =     0.0
 Etot   =    -57702.6601  EKtot   =     14018.7936  EPtot      =    -71721.4536
 BOND   =       400.3883  ANGLE   =      1073.4465  DIHED      =      1315.9674
 1-4 NB =       447.3099  1-4 EEL =      4652.4212  VDWAALS    =      8773.4710
 EELEC  =    -88384.4580  EHBOND  =         0.0000  RESTRAINT  =         0.0000
 ------------------------------------------------------------------------------


      R M S  F L U C T U A T I O N S


 NSTEP =     5000   TIME(PS) =      10.000  TEMP(K) =     1.70  PRESS =     0.0
 Etot   =        89.7574  EKtot   =        79.7403  EPtot      =        80.1982
 BOND   =        20.8441  ANGLE   =        26.9473  DIHED      =        11.8819
 1-4 NB =         8.5409  1-4 EEL =        26.6667  VDWAALS    =       117.5442
 EELEC  =       151.3521  EHBOND  =         0.0000  RESTRAINT  =         0.0000
 ------------------------------------------------------------------------------

--------------------------------------------------------------------------------
   5.  TIMINGS
--------------------------------------------------------------------------------

|  NonSetup CPU Time in Major Routines:
|
|     Routine           Sec        %
|     ------------------------------
|     Nonbond           1.42   15.78
|     Bond              0.00    0.00
|     Angle             0.00    0.00
|     Dihedral          0.00    0.00
|     Shake             0.07    0.80
|     RunMD             7.48   83.29
|     Other             0.01    0.13
|     ------------------------------
|     Total             8.98

|  PME Nonbond Pairlist CPU Time:
|
|     Routine              Sec        %
|     ---------------------------------
|     Set Up Cit           0.00    0.00
|     Build List           0.00    0.00
|     ---------------------------------
|     Total                0.00    0.00

|  PME Direct Force CPU Time:
|
|     Routine              Sec        %
|     ---------------------------------
|     NonBonded Calc       0.00    0.00
|     Exclude Masked       0.00    0.00
|     Other                0.01    0.09
|     ---------------------------------
|     Total                0.01    0.09

|  PME Reciprocal Force CPU Time:
|
|     Routine              Sec        %
|     ---------------------------------
|     1D bspline           0.00    0.00
|     Grid Charges         0.00    0.00
|     Scalar Sum           0.00    0.00
|     Gradient Sum         0.00    0.00
|     FFT                  0.00    0.00
|     ---------------------------------
|     Total                0.00    0.00

|  Final Performance Info:
|     -----------------------------------------------------
|     Average timings for last    5000 steps:
|     Elapsed(s) =       9.04 Per Step(ms) =       1.81
|         ns/day =      95.63   seconds/ns =     903.51
|
|     Average timings for all steps:
|     Elapsed(s) =       9.04 Per Step(ms) =       1.81
|         ns/day =      95.63   seconds/ns =     903.51
|     -----------------------------------------------------

|  Setup CPU time:            1.98 seconds
|  NonSetup CPU time:         8.98 seconds
|  Total CPU time:           10.95 seconds     0.00 hours

|  Setup wall time:           2    seconds
|  NonSetup wall time:        9    seconds
|  Total wall time:          11    seconds     0.00 hours
