
          -------------------------------------------------------
          Amber 16 PMEMD                              2016
          -------------------------------------------------------

| PMEMD implementation of SANDER, Release 16

| Run on 08/25/2017 at 16:37:28

|   Executable path: /apps/amber16/bin/pmemd.cuda
| Working directory: /scratch/pbarletta/pdz/run/lb/neq/data/1
|          Hostname: mordor

  [-O]verwriting output

File Assignments:
|   MDIN: pdt.in                                                                
|  MDOUT: 287plb_1.out                                                          
| INPCRD: /scratch/pbarletta/pdz/run/lb/neq/starting_frames/287_lb.rst7         
|   PARM: /scratch/pbarletta/pdz/top_files/lb.prmtop                            
| RESTRT: 287plb_1.rst7                                                         
|   REFC: refc                                                                  
|  MDVEL: mdvel                                                                 
|   MDEN: mden                                                                  
|  MDCRD: 287plb_1.nc                                                           
| MDINFO: mdinfo                                                                
|  MDFRC: mdfrc                                                                 


 Here is the input file:

!NVT run. P/ recuperar velocidades                                             
&cntrl                                                                         
imin = 0,                           ! No Minimization                          
nmropt = 0,                         ! No NMR restraints read                   
                                                                               
! Nature and format of the input                                               
ntx = 1,                            ! Coordinates will be read, assign new velo
irest = 0,                          ! Run a new simulation                     
                                                                               
! Nature and format of the output                                              
ioutfm = 1,			    ! NetCDF format for output files                             
ntxo = 1,                           ! rstrt file in ASCII format               
ntpr = 125,                         ! inf in output every ntpr steps           
ntwr = 500,                         ! rstrt file every ntwr steps              
ntwx = 0,                           ! mdcrd file every ntwx steps              
ntwv = 0,                           ! mdvel without velocities                 
ntwe = 0,                           ! Energies and temperatures not written in 
idecomp = 0,                        ! No energy decomposition                  
iwrap = 1,                          ! Coordinates of the restart and mdcrd file
                                                                               
! Frozen or restrained atoms                                                   
ibelly = 0,                         ! No frozen atoms                          
ntr=0,                              ! Harmonic potential restraints            
                                                                               
! Molecular dynamics                                                           
nstlim = 5000,                      ! Number of MD-steps                       
dt = 0.002,                         ! Time step                                
                                                                               
! Temperature regulation                                                       
ntt = 3,                            ! Langevin thermostat                      
gamma_ln = 2,                       ! Gamma constant for Langevin              
temp0 = 300.0,                     ! Reference T at which the system is to be k
tempi = 300.0,                      ! Initial T                                
                                                                               
! P and V regulation                                                           
ntp = 0,                            ! No P control                             
ntb = 1,                            ! constant V                               
                                                                               
! SHAKE variables                                                              
ntc = 2,                            ! Bonds involving H are constrained        
ntf = 2,                            ! Bond interaction involving H are ommited.
                                                                               
cut = 9.0,                          ! Nonbonded cutoff                         
/                                                                              
&end                                                                           


Note: ig = -1. Setting random seed to   709888 based on wallclock time in 
      microseconds.
| irandom = 1, using AMBER's internal random number generator (default).
 
|--------------------- INFORMATION ----------------------
| GPU (CUDA) Version of PMEMD in use: NVIDIA GPU IN USE.
|                    Version 16.0.0
| 
|                      02/25/2016
| 
| Implementation by:
|                    Ross C. Walker     (SDSC)
|                    Scott Le Grand     (nVIDIA)
| 
| Precision model in use:
|      [SPFP] - Single Precision Forces, 64-bit Fixed Point
|               Accumulation. (Default)
| 
|--------------------------------------------------------
 
|----------------- CITATION INFORMATION -----------------
|
|    When publishing work that utilized the CUDA version
|    of AMBER, please cite the following in addition to
|    the regular AMBER citations:
|
|  - Romelia Salomon-Ferrer; Andreas W. Goetz; Duncan
|    Poole; Scott Le Grand; Ross C. Walker "Routine
|    microsecond molecular dynamics simulations with
|    AMBER - Part II: Particle Mesh Ewald", J. Chem.
|    Theory Comput., 2013, 9 (9), pp3878-3888,
|    DOI: 10.1021/ct400314y.
|
|  - Andreas W. Goetz; Mark J. Williamson; Dong Xu;
|    Duncan Poole; Scott Le Grand; Ross C. Walker
|    "Routine microsecond molecular dynamics simulations
|    with AMBER - Part I: Generalized Born", J. Chem.
|    Theory Comput., 2012, 8 (5), pp1542-1555.
|
|  - Scott Le Grand; Andreas W. Goetz; Ross C. Walker
|    "SPFP: Speed without compromise - a mixed precision
|    model for GPU accelerated molecular dynamics
|    simulations.", Comp. Phys. Comm., 2013, 184
|    pp374-380, DOI: 10.1016/j.cpc.2012.09.022
|
|--------------------------------------------------------
 
|------------------- GPU DEVICE INFO --------------------
|
|            CUDA_VISIBLE_DEVICES: 3
|   CUDA Capable Devices Detected:      1
|           CUDA Device ID in use:      0
|                CUDA Device Name: GeForce GTX TITAN
|     CUDA Device Global Mem Size:   6082 MB
| CUDA Device Num Multiprocessors:     14
|           CUDA Device Core Freq:   0.93 GHz
|
|--------------------------------------------------------
 
 
| Conditional Compilation Defines Used:
| PUBFFT
| BINTRAJ
| CUDA
| EMIL

| Largest sphere to fit in unit cell has radius =    26.281

| New format PARM file being parsed.
| Version =    1.000 Date = 09/04/12 Time = 16:08:43

| Note: 1-4 EEL scale factors are being read from the topology file.

| Note: 1-4 VDW scale factors are being read from the topology file.
| Duplicated    0 dihedrals

| Duplicated    0 dihedrals

--------------------------------------------------------------------------------
   1.  RESOURCE   USE: 
--------------------------------------------------------------------------------

 getting new box info from bottom of inpcrd
 NATOM  =   23082 NTYPES =      16 NBONH =   22055 MBONA  =    1038
 NTHETH =    2390 MTHETA =    1396 NPHIH =    4631 MPHIA  =    3488
 NHPARM =       0 NPARM  =       0 NNB   =   39434 NRES   =    7134
 NBONA  =    1038 NTHETA =    1396 NPHIA =    3488 NUMBND =      41
 NUMANG =      86 NPTRA  =      41 NATYP =      28 NPHB   =       1
 IFBOX  =       1 NMXRS  =      24 IFCAP =       0 NEXTRA =       0
 NCOPY  =       0

| Coordinate Index Table dimensions:    12   14   10
| Direct force subcell size =     5.0212    5.2012    5.2562

     BOX TYPE: RECTILINEAR

--------------------------------------------------------------------------------
   2.  CONTROL  DATA  FOR  THE  RUN
--------------------------------------------------------------------------------

default_name                                                                    

General flags:
     imin    =       0, nmropt  =       0

Nature and format of input:
     ntx     =       1, irest   =       0, ntrx    =       1

Nature and format of output:
     ntxo    =       1, ntpr    =     125, ntrx    =       1, ntwr    =     500
     iwrap   =       1, ntwx    =       0, ntwv    =       0, ntwe    =       0
     ioutfm  =       1, ntwprt  =       0, idecomp =       0, rbornstat=      0

Potential function:
     ntf     =       2, ntb     =       1, igb     =       0, nsnb    =      25
     ipol    =       0, gbsa    =       0, iesp    =       0
     dielc   =   1.00000, cut     =   9.00000, intdiel =   1.00000

Frozen or restrained atoms:
     ibelly  =       0, ntr     =       0

Molecular dynamics:
     nstlim  =      5000, nscm    =      1000, nrespa  =         1
     t       =   0.00000, dt      =   0.00200, vlimit  =  -1.00000

Langevin dynamics temperature regulation:
     ig      =  709888
     temp0   = 300.00000, tempi   = 300.00000, gamma_ln=   2.00000

SHAKE:
     ntc     =       2, jfastw  =       0
     tol     =   0.00001

| Intermolecular bonds treatment:
|     no_intermolecular_bonds =       1

| Energy averages sample interval:
|     ene_avg_sampling =     125

Ewald parameters:
     verbose =       0, ew_type =       0, nbflag  =       1, use_pme =       1
     vdwmeth =       1, eedmeth =       1, netfrc  =       1
     Box X =   60.254   Box Y =   72.816   Box Z =   52.562
     Alpha =   90.000   Beta  =   90.000   Gamma =   90.000
     NFFT1 =   64       NFFT2 =   80       NFFT3 =   56
     Cutoff=    9.000   Tol   =0.100E-04
     Ewald Coefficient =  0.30768
     Interpolation order =    4

--------------------------------------------------------------------------------
   3.  ATOMIC COORDINATES AND VELOCITIES
--------------------------------------------------------------------------------

Cpptraj Generated Restart                                                       
 begin time read from input coords =574000.000 ps

 
 Number of triangulated 3-point waters found:     7002

     Sum of charges from parm topology file =  -0.00000008
     Forcing neutrality...

| Dynamic Memory, Types Used:
| Reals              711627
| Integers           739238

| Nonbonded Pairs Initial Allocation:     5262696

| GPU memory information (estimate):
| KB of GPU memory in use:    131824
| KB of CPU memory in use:     27232

--------------------------------------------------------------------------------
   4.  RESULTS
--------------------------------------------------------------------------------

 ---------------------------------------------------
 APPROXIMATING switch and d/dx switch using CUBIC SPLINE INTERPOLATION
 using   5000.0 points per unit in tabled values
 TESTING RELATIVE ERROR over r ranging from 0.0 to cutoff
| CHECK switch(x): max rel err =   0.2738E-14   at   2.422500
| CHECK d/dx switch(x): max rel err =   0.8314E-11   at   2.736960
 ---------------------------------------------------
|---------------------------------------------------
| APPROXIMATING direct energy using CUBIC SPLINE INTERPOLATION
|  with   50.0 points per unit in tabled values
| Relative Error Limit not exceeded for r .gt.   2.39
| APPROXIMATING direct force using CUBIC SPLINE INTERPOLATION
|  with   50.0 points per unit in tabled values
| Relative Error Limit not exceeded for r .gt.   2.84
|---------------------------------------------------

 NSTEP =        0   TIME(PS) =       0.000  TEMP(K) =   444.46  PRESS =     0.0
 Etot   =    -50562.2829  EKtot   =     20840.1541  EPtot      =    -71402.4370
 BOND   =       407.3133  ANGLE   =      1050.9698  DIHED      =      1298.9715
 1-4 NB =       440.3782  1-4 EEL =      4611.7908  VDWAALS    =      8647.8305
 EELEC  =    -87859.6910  EHBOND  =         0.0000  RESTRAINT  =         0.0000
 ------------------------------------------------------------------------------


 NSTEP =      125   TIME(PS) =       0.250  TEMP(K) =   299.40  PRESS =     0.0
 Etot   =    -57522.8625  EKtot   =     14038.3594  EPtot      =    -71561.2219
 BOND   =       404.3521  ANGLE   =      1015.1825  DIHED      =      1324.1067
 1-4 NB =       467.1561  1-4 EEL =      4624.7008  VDWAALS    =      8433.5233
 EELEC  =    -87830.2434  EHBOND  =         0.0000  RESTRAINT  =         0.0000
 ------------------------------------------------------------------------------


 NSTEP =      250   TIME(PS) =       0.500  TEMP(K) =   297.70  PRESS =     0.0
 Etot   =    -57584.6209  EKtot   =     13958.7266  EPtot      =    -71543.3475
 BOND   =       401.1678  ANGLE   =      1037.0428  DIHED      =      1285.3947
 1-4 NB =       446.7553  1-4 EEL =      4636.6041  VDWAALS    =      8714.0607
 EELEC  =    -88064.3729  EHBOND  =         0.0000  RESTRAINT  =         0.0000
 ------------------------------------------------------------------------------


 NSTEP =      375   TIME(PS) =       0.750  TEMP(K) =   301.12  PRESS =     0.0
 Etot   =    -57552.5792  EKtot   =     14119.2285  EPtot      =    -71671.8077
 BOND   =       414.8584  ANGLE   =      1023.9647  DIHED      =      1305.3787
 1-4 NB =       445.4828  1-4 EEL =      4639.0816  VDWAALS    =      8766.6000
 EELEC  =    -88267.1739  EHBOND  =         0.0000  RESTRAINT  =         0.0000
 ------------------------------------------------------------------------------


 NSTEP =      500   TIME(PS) =       1.000  TEMP(K) =   300.45  PRESS =     0.0
 Etot   =    -57597.3411  EKtot   =     14087.6514  EPtot      =    -71684.9924
 BOND   =       366.2493  ANGLE   =      1008.1393  DIHED      =      1322.4652
 1-4 NB =       452.9570  1-4 EEL =      4688.0055  VDWAALS    =      8754.5396
 EELEC  =    -88277.3485  EHBOND  =         0.0000  RESTRAINT  =         0.0000
 ------------------------------------------------------------------------------


 NSTEP =      625   TIME(PS) =       1.250  TEMP(K) =   300.51  PRESS =     0.0
 Etot   =    -57538.2454  EKtot   =     14090.6396  EPtot      =    -71628.8850
 BOND   =       408.1160  ANGLE   =      1077.2184  DIHED      =      1312.5571
 1-4 NB =       438.4901  1-4 EEL =      4617.2646  VDWAALS    =      8490.4578
 EELEC  =    -87972.9891  EHBOND  =         0.0000  RESTRAINT  =         0.0000
 ------------------------------------------------------------------------------


 NSTEP =      750   TIME(PS) =       1.500  TEMP(K) =   301.31  PRESS =     0.0
 Etot   =    -57541.1698  EKtot   =     14127.9668  EPtot      =    -71669.1366
 BOND   =       397.0040  ANGLE   =      1099.6151  DIHED      =      1293.3511
 1-4 NB =       432.7774  1-4 EEL =      4618.8506  VDWAALS    =      8606.1376
 EELEC  =    -88116.8724  EHBOND  =         0.0000  RESTRAINT  =         0.0000
 ------------------------------------------------------------------------------


 NSTEP =      875   TIME(PS) =       1.750  TEMP(K) =   299.95  PRESS =     0.0
 Etot   =    -57529.5346  EKtot   =     14064.0557  EPtot      =    -71593.5902
 BOND   =       393.5829  ANGLE   =      1070.4759  DIHED      =      1308.3277
 1-4 NB =       425.9438  1-4 EEL =      4636.0959  VDWAALS    =      8918.0609
 EELEC  =    -88346.0773  EHBOND  =         0.0000  RESTRAINT  =         0.0000
 ------------------------------------------------------------------------------


 NSTEP =     1000   TIME(PS) =       2.000  TEMP(K) =   299.25  PRESS =     0.0
 Etot   =    -57547.9771  EKtot   =     14031.5342  EPtot      =    -71579.5112
 BOND   =       404.1486  ANGLE   =      1057.5389  DIHED      =      1313.8160
 1-4 NB =       440.5643  1-4 EEL =      4618.4527  VDWAALS    =      8910.7137
 EELEC  =    -88324.7453  EHBOND  =         0.0000  RESTRAINT  =         0.0000
 ------------------------------------------------------------------------------


 NSTEP =     1125   TIME(PS) =       2.250  TEMP(K) =   302.02  PRESS =     0.0
 Etot   =    -57561.6847  EKtot   =     14161.1484  EPtot      =    -71722.8331
 BOND   =       394.7814  ANGLE   =      1079.5613  DIHED      =      1331.2922
 1-4 NB =       442.5776  1-4 EEL =      4656.6615  VDWAALS    =      8776.6496
 EELEC  =    -88404.3567  EHBOND  =         0.0000  RESTRAINT  =         0.0000
 ------------------------------------------------------------------------------


 NSTEP =     1250   TIME(PS) =       2.500  TEMP(K) =   300.67  PRESS =     0.0
 Etot   =    -57526.5891  EKtot   =     14098.2412  EPtot      =    -71624.8303
 BOND   =       416.5035  ANGLE   =      1111.0401  DIHED      =      1304.7201
 1-4 NB =       440.6038  1-4 EEL =      4640.3012  VDWAALS    =      8751.0436
 EELEC  =    -88289.0426  EHBOND  =         0.0000  RESTRAINT  =         0.0000
 ------------------------------------------------------------------------------


 NSTEP =     1375   TIME(PS) =       2.750  TEMP(K) =   295.71  PRESS =     0.0
 Etot   =    -57699.8310  EKtot   =     13865.4863  EPtot      =    -71565.3174
 BOND   =       400.6907  ANGLE   =      1119.1873  DIHED      =      1333.0536
 1-4 NB =       439.2838  1-4 EEL =      4633.5480  VDWAALS    =      8917.0582
 EELEC  =    -88408.1389  EHBOND  =         0.0000  RESTRAINT  =         0.0000
 ------------------------------------------------------------------------------


 NSTEP =     1500   TIME(PS) =       3.000  TEMP(K) =   297.79  PRESS =     0.0
 Etot   =    -57743.7944  EKtot   =     13962.9668  EPtot      =    -71706.7612
 BOND   =       396.8826  ANGLE   =      1127.2556  DIHED      =      1300.4365
 1-4 NB =       443.7317  1-4 EEL =      4659.1924  VDWAALS    =      8900.1991
 EELEC  =    -88534.4590  EHBOND  =         0.0000  RESTRAINT  =         0.0000
 ------------------------------------------------------------------------------


 NSTEP =     1625   TIME(PS) =       3.250  TEMP(K) =   298.83  PRESS =     0.0
 Etot   =    -57637.7015  EKtot   =     14011.6406  EPtot      =    -71649.3421
 BOND   =       416.3462  ANGLE   =      1098.8309  DIHED      =      1301.0314
 1-4 NB =       437.0437  1-4 EEL =      4618.0588  VDWAALS    =      8742.9568
 EELEC  =    -88263.6100  EHBOND  =         0.0000  RESTRAINT  =         0.0000
 ------------------------------------------------------------------------------


 NSTEP =     1750   TIME(PS) =       3.500  TEMP(K) =   302.02  PRESS =     0.0
 Etot   =    -57561.0091  EKtot   =     14161.3418  EPtot      =    -71722.3509
 BOND   =       406.4004  ANGLE   =      1083.1398  DIHED      =      1294.7611
 1-4 NB =       450.0881  1-4 EEL =      4599.2346  VDWAALS    =      8663.2371
 EELEC  =    -88219.2120  EHBOND  =         0.0000  RESTRAINT  =         0.0000
 ------------------------------------------------------------------------------


 NSTEP =     1875   TIME(PS) =       3.750  TEMP(K) =   299.73  PRESS =     0.0
 Etot   =    -57453.0547  EKtot   =     14053.7988  EPtot      =    -71506.8536
 BOND   =       395.8725  ANGLE   =      1084.0050  DIHED      =      1324.0255
 1-4 NB =       449.5142  1-4 EEL =      4628.3575  VDWAALS    =      8723.1591
 EELEC  =    -88111.7873  EHBOND  =         0.0000  RESTRAINT  =         0.0000
 ------------------------------------------------------------------------------


 NSTEP =     2000   TIME(PS) =       4.000  TEMP(K) =   302.41  PRESS =     0.0
 Etot   =    -57366.9229  EKtot   =     14179.5244  EPtot      =    -71546.4474
 BOND   =       386.6110  ANGLE   =      1099.3039  DIHED      =      1308.5585
 1-4 NB =       440.9981  1-4 EEL =      4621.0313  VDWAALS    =      8750.3886
 EELEC  =    -88153.3387  EHBOND  =         0.0000  RESTRAINT  =         0.0000
 ------------------------------------------------------------------------------


 NSTEP =     2125   TIME(PS) =       4.250  TEMP(K) =   304.25  PRESS =     0.0
 Etot   =    -57150.5087  EKtot   =     14265.9678  EPtot      =    -71416.4765
 BOND   =       370.1136  ANGLE   =      1114.9013  DIHED      =      1310.3868
 1-4 NB =       444.5278  1-4 EEL =      4573.7548  VDWAALS    =      8695.6167
 EELEC  =    -87925.7775  EHBOND  =         0.0000  RESTRAINT  =         0.0000
 ------------------------------------------------------------------------------


 NSTEP =     2250   TIME(PS) =       4.500  TEMP(K) =   301.61  PRESS =     0.0
 Etot   =    -57242.1844  EKtot   =     14142.0723  EPtot      =    -71384.2566
 BOND   =       424.7901  ANGLE   =      1067.6033  DIHED      =      1301.0582
 1-4 NB =       448.5314  1-4 EEL =      4624.4600  VDWAALS    =      8817.4755
 EELEC  =    -88068.1750  EHBOND  =         0.0000  RESTRAINT  =         0.0000
 ------------------------------------------------------------------------------


 NSTEP =     2375   TIME(PS) =       4.750  TEMP(K) =   303.77  PRESS =     0.0
 Etot   =    -57398.8714  EKtot   =     14243.1875  EPtot      =    -71642.0589
 BOND   =       391.9906  ANGLE   =      1033.8934  DIHED      =      1304.3220
 1-4 NB =       448.7063  1-4 EEL =      4651.8811  VDWAALS    =      8702.6437
 EELEC  =    -88175.4960  EHBOND  =         0.0000  RESTRAINT  =         0.0000
 ------------------------------------------------------------------------------


 NSTEP =     2500   TIME(PS) =       5.000  TEMP(K) =   301.92  PRESS =     0.0
 Etot   =    -57520.3590  EKtot   =     14156.8818  EPtot      =    -71677.2408
 BOND   =       436.7866  ANGLE   =      1040.4505  DIHED      =      1305.1281
 1-4 NB =       457.4703  1-4 EEL =      4589.5705  VDWAALS    =      8849.5883
 EELEC  =    -88356.2350  EHBOND  =         0.0000  RESTRAINT  =         0.0000
 ------------------------------------------------------------------------------


 NSTEP =     2625   TIME(PS) =       5.250  TEMP(K) =   301.82  PRESS =     0.0
 Etot   =    -57584.2227  EKtot   =     14151.9043  EPtot      =    -71736.1270
 BOND   =       415.0167  ANGLE   =      1079.9870  DIHED      =      1311.5362
 1-4 NB =       446.0541  1-4 EEL =      4622.6414  VDWAALS    =      8991.9584
 EELEC  =    -88603.3209  EHBOND  =         0.0000  RESTRAINT  =         0.0000
 ------------------------------------------------------------------------------


 NSTEP =     2750   TIME(PS) =       5.500  TEMP(K) =   302.14  PRESS =     0.0
 Etot   =    -57454.1388  EKtot   =     14166.9414  EPtot      =    -71621.0802
 BOND   =       409.8993  ANGLE   =      1078.1314  DIHED      =      1303.1456
 1-4 NB =       431.8181  1-4 EEL =      4626.3643  VDWAALS    =      8535.5931
 EELEC  =    -88006.0321  EHBOND  =         0.0000  RESTRAINT  =         0.0000
 ------------------------------------------------------------------------------


 NSTEP =     2875   TIME(PS) =       5.750  TEMP(K) =   302.77  PRESS =     0.0
 Etot   =    -57454.8907  EKtot   =     14196.2891  EPtot      =    -71651.1797
 BOND   =       394.8764  ANGLE   =      1089.6773  DIHED      =      1317.9196
 1-4 NB =       461.3405  1-4 EEL =      4618.4906  VDWAALS    =      8890.6798
 EELEC  =    -88424.1639  EHBOND  =         0.0000  RESTRAINT  =         0.0000
 ------------------------------------------------------------------------------


 NSTEP =     3000   TIME(PS) =       6.000  TEMP(K) =   302.04  PRESS =     0.0
 Etot   =    -57571.0941  EKtot   =     14162.4004  EPtot      =    -71733.4945
 BOND   =       422.6869  ANGLE   =      1063.2366  DIHED      =      1326.7745
 1-4 NB =       441.8819  1-4 EEL =      4609.9744  VDWAALS    =      8806.7808
 EELEC  =    -88404.8297  EHBOND  =         0.0000  RESTRAINT  =         0.0000
 ------------------------------------------------------------------------------


 NSTEP =     3125   TIME(PS) =       6.250  TEMP(K) =   298.03  PRESS =     0.0
 Etot   =    -57667.4548  EKtot   =     13974.4736  EPtot      =    -71641.9285
 BOND   =       396.4822  ANGLE   =      1082.6241  DIHED      =      1315.5990
 1-4 NB =       450.8146  1-4 EEL =      4581.6175  VDWAALS    =      8637.9803
 EELEC  =    -88107.0462  EHBOND  =         0.0000  RESTRAINT  =         0.0000
 ------------------------------------------------------------------------------


 NSTEP =     3250   TIME(PS) =       6.500  TEMP(K) =   297.94  PRESS =     0.0
 Etot   =    -57711.8585  EKtot   =     13969.9092  EPtot      =    -71681.7677
 BOND   =       412.7963  ANGLE   =      1077.8766  DIHED      =      1302.6276
 1-4 NB =       463.5990  1-4 EEL =      4572.1541  VDWAALS    =      8729.6033
 EELEC  =    -88240.4245  EHBOND  =         0.0000  RESTRAINT  =         0.0000
 ------------------------------------------------------------------------------


 NSTEP =     3375   TIME(PS) =       6.750  TEMP(K) =   298.87  PRESS =     0.0
 Etot   =    -57879.3812  EKtot   =     14013.5322  EPtot      =    -71892.9134
 BOND   =       399.5744  ANGLE   =      1072.3379  DIHED      =      1284.4062
 1-4 NB =       449.2954  1-4 EEL =      4612.4611  VDWAALS    =      8798.4723
 EELEC  =    -88509.4607  EHBOND  =         0.0000  RESTRAINT  =         0.0000
 ------------------------------------------------------------------------------


 NSTEP =     3500   TIME(PS) =       7.000  TEMP(K) =   298.74  PRESS =     0.0
 Etot   =    -57894.7061  EKtot   =     14007.7832  EPtot      =    -71902.4893
 BOND   =       377.1452  ANGLE   =      1047.1708  DIHED      =      1292.9898
 1-4 NB =       451.1408  1-4 EEL =      4656.9850  VDWAALS    =      8948.6622
 EELEC  =    -88676.5829  EHBOND  =         0.0000  RESTRAINT  =         0.0000
 ------------------------------------------------------------------------------


 NSTEP =     3625   TIME(PS) =       7.250  TEMP(K) =   295.74  PRESS =     0.0
 Etot   =    -57828.7542  EKtot   =     13866.7891  EPtot      =    -71695.5432
 BOND   =       426.9257  ANGLE   =      1070.5486  DIHED      =      1320.8520
 1-4 NB =       444.7786  1-4 EEL =      4569.4808  VDWAALS    =      8907.9208
 EELEC  =    -88436.0497  EHBOND  =         0.0000  RESTRAINT  =         0.0000
 ------------------------------------------------------------------------------


 NSTEP =     3750   TIME(PS) =       7.500  TEMP(K) =   298.08  PRESS =     0.0
 Etot   =    -57773.5453  EKtot   =     13976.4922  EPtot      =    -71750.0375
 BOND   =       382.5066  ANGLE   =      1064.9393  DIHED      =      1304.4698
 1-4 NB =       441.4862  1-4 EEL =      4616.5955  VDWAALS    =      8603.3235
 EELEC  =    -88163.3584  EHBOND  =         0.0000  RESTRAINT  =         0.0000
 ------------------------------------------------------------------------------


 NSTEP =     3875   TIME(PS) =       7.750  TEMP(K) =   299.19  PRESS =     0.0
 Etot   =    -57497.8350  EKtot   =     14028.7295  EPtot      =    -71526.5645
 BOND   =       392.1050  ANGLE   =      1078.5179  DIHED      =      1297.4700
 1-4 NB =       457.6809  1-4 EEL =      4601.9433  VDWAALS    =      8896.2332
 EELEC  =    -88250.5148  EHBOND  =         0.0000  RESTRAINT  =         0.0000
 ------------------------------------------------------------------------------


 NSTEP =     4000   TIME(PS) =       8.000  TEMP(K) =   298.19  PRESS =     0.0
 Etot   =    -57355.5160  EKtot   =     13981.6182  EPtot      =    -71337.1342
 BOND   =       401.4482  ANGLE   =      1070.4439  DIHED      =      1307.0571
 1-4 NB =       438.8039  1-4 EEL =      4620.0217  VDWAALS    =      8784.9566
 EELEC  =    -87959.8656  EHBOND  =         0.0000  RESTRAINT  =         0.0000
 ------------------------------------------------------------------------------


 NSTEP =     4125   TIME(PS) =       8.250  TEMP(K) =   299.98  PRESS =     0.0
 Etot   =    -57509.6762  EKtot   =     14065.9111  EPtot      =    -71575.5873
 BOND   =       400.9438  ANGLE   =      1089.0634  DIHED      =      1319.7759
 1-4 NB =       444.9731  1-4 EEL =      4607.5867  VDWAALS    =      8525.2233
 EELEC  =    -87963.1536  EHBOND  =         0.0000  RESTRAINT  =         0.0000
 ------------------------------------------------------------------------------


 NSTEP =     4250   TIME(PS) =       8.500  TEMP(K) =   301.76  PRESS =     0.0
 Etot   =    -57565.0441  EKtot   =     14149.2227  EPtot      =    -71714.2668
 BOND   =       415.0130  ANGLE   =      1072.6807  DIHED      =      1275.7454
 1-4 NB =       455.2245  1-4 EEL =      4620.5845  VDWAALS    =      8828.6141
 EELEC  =    -88382.1289  EHBOND  =         0.0000  RESTRAINT  =         0.0000
 ------------------------------------------------------------------------------


 NSTEP =     4375   TIME(PS) =       8.750  TEMP(K) =   301.54  PRESS =     0.0
 Etot   =    -57565.0163  EKtot   =     14138.6514  EPtot      =    -71703.6676
 BOND   =       359.9712  ANGLE   =      1077.2370  DIHED      =      1324.4147
 1-4 NB =       444.6443  1-4 EEL =      4620.7680  VDWAALS    =      8668.3810
 EELEC  =    -88199.0838  EHBOND  =         0.0000  RESTRAINT  =         0.0000
 ------------------------------------------------------------------------------


 NSTEP =     4500   TIME(PS) =       9.000  TEMP(K) =   298.63  PRESS =     0.0
 Etot   =    -57621.2546  EKtot   =     14002.2246  EPtot      =    -71623.4792
 BOND   =       386.5396  ANGLE   =      1086.6097  DIHED      =      1318.2976
 1-4 NB =       461.7035  1-4 EEL =      4630.8417  VDWAALS    =      8615.3782
 EELEC  =    -88122.8495  EHBOND  =         0.0000  RESTRAINT  =         0.0000
 ------------------------------------------------------------------------------


 NSTEP =     4625   TIME(PS) =       9.250  TEMP(K) =   301.32  PRESS =     0.0
 Etot   =    -57573.3894  EKtot   =     14128.3184  EPtot      =    -71701.7078
 BOND   =       404.1382  ANGLE   =      1078.2432  DIHED      =      1343.0837
 1-4 NB =       448.3222  1-4 EEL =      4582.7002  VDWAALS    =      8734.7693
 EELEC  =    -88292.9646  EHBOND  =         0.0000  RESTRAINT  =         0.0000
 ------------------------------------------------------------------------------


 NSTEP =     4750   TIME(PS) =       9.500  TEMP(K) =   301.90  PRESS =     0.0
 Etot   =    -57516.6593  EKtot   =     14155.7129  EPtot      =    -71672.3722
 BOND   =       403.8332  ANGLE   =      1101.2366  DIHED      =      1301.4820
 1-4 NB =       440.2399  1-4 EEL =      4602.6597  VDWAALS    =      8898.2605
 EELEC  =    -88420.0841  EHBOND  =         0.0000  RESTRAINT  =         0.0000
 ------------------------------------------------------------------------------


 NSTEP =     4875   TIME(PS) =       9.750  TEMP(K) =   300.06  PRESS =     0.0
 Etot   =    -57578.2880  EKtot   =     14069.3135  EPtot      =    -71647.6015
 BOND   =       378.1805  ANGLE   =      1041.7166  DIHED      =      1302.1860
 1-4 NB =       447.3101  1-4 EEL =      4644.7309  VDWAALS    =      8784.7723
 EELEC  =    -88246.4979  EHBOND  =         0.0000  RESTRAINT  =         0.0000
 ------------------------------------------------------------------------------


 NSTEP =     5000   TIME(PS) =      10.000  TEMP(K) =   300.36  PRESS =     0.0
 Etot   =    -57319.8107  EKtot   =     14083.3340  EPtot      =    -71403.1447
 BOND   =       400.3108  ANGLE   =      1109.3158  DIHED      =      1303.2881
 1-4 NB =       437.0295  1-4 EEL =      4619.5601  VDWAALS    =      8805.0962
 EELEC  =    -88077.7452  EHBOND  =         0.0000  RESTRAINT  =         0.0000
 ------------------------------------------------------------------------------


      A V E R A G E S   O V E R      40 S T E P S


 NSTEP =     5000   TIME(PS) =      10.000  TEMP(K) =   300.24  PRESS =     0.0
 Etot   =    -57554.9844  EKtot   =     14077.7493  EPtot      =    -71632.7337
 BOND   =       400.1910  ANGLE   =      1074.4986  DIHED      =      1308.9323
 1-4 NB =       446.2836  1-4 EEL =      4620.3317  VDWAALS    =      8756.9192
 EELEC  =    -88239.8902  EHBOND  =         0.0000  RESTRAINT  =         0.0000
 ------------------------------------------------------------------------------


      R M S  F L U C T U A T I O N S


 NSTEP =     5000   TIME(PS) =      10.000  TEMP(K) =     1.96  PRESS =     0.0
 Etot   =       150.9380  EKtot   =        92.1176  EPtot      =       116.0132
 BOND   =        16.1459  ANGLE   =        27.1923  DIHED      =        13.7338
 1-4 NB =         8.6870  1-4 EEL =        24.7177  VDWAALS    =       130.4249
 EELEC  =       190.1640  EHBOND  =         0.0000  RESTRAINT  =         0.0000
 ------------------------------------------------------------------------------

--------------------------------------------------------------------------------
   5.  TIMINGS
--------------------------------------------------------------------------------

|  NonSetup CPU Time in Major Routines:
|
|     Routine           Sec        %
|     ------------------------------
|     Nonbond           1.29   14.30
|     Bond              0.00    0.00
|     Angle             0.00    0.00
|     Dihedral          0.00    0.00
|     Shake             0.06    0.62
|     RunMD             7.66   84.99
|     Other             0.01    0.09
|     ------------------------------
|     Total             9.01

|  PME Nonbond Pairlist CPU Time:
|
|     Routine              Sec        %
|     ---------------------------------
|     Set Up Cit           0.00    0.00
|     Build List           0.00    0.00
|     ---------------------------------
|     Total                0.00    0.00

|  PME Direct Force CPU Time:
|
|     Routine              Sec        %
|     ---------------------------------
|     NonBonded Calc       0.00    0.00
|     Exclude Masked       0.00    0.00
|     Other                0.00    0.00
|     ---------------------------------
|     Total                0.00    0.00

|  PME Reciprocal Force CPU Time:
|
|     Routine              Sec        %
|     ---------------------------------
|     1D bspline           0.00    0.00
|     Grid Charges         0.00    0.00
|     Scalar Sum           0.00    0.00
|     Gradient Sum         0.00    0.00
|     FFT                  0.00    0.00
|     ---------------------------------
|     Total                0.00    0.00

|  Final Performance Info:
|     -----------------------------------------------------
|     Average timings for last    5000 steps:
|     Elapsed(s) =       9.02 Per Step(ms) =       1.80
|         ns/day =      95.74   seconds/ns =     902.42
|
|     Average timings for all steps:
|     Elapsed(s) =       9.02 Per Step(ms) =       1.80
|         ns/day =      95.74   seconds/ns =     902.42
|     -----------------------------------------------------

|  Setup CPU time:            1.95 seconds
|  NonSetup CPU time:         9.01 seconds
|  Total CPU time:           10.96 seconds     0.00 hours

|  Setup wall time:           2    seconds
|  NonSetup wall time:        9    seconds
|  Total wall time:          11    seconds     0.00 hours
