
          -------------------------------------------------------
          Amber 16 PMEMD                              2016
          -------------------------------------------------------

| PMEMD implementation of SANDER, Release 16

| Run on 08/25/2017 at 16:50:15

|   Executable path: /apps/amber16/bin/pmemd.cuda
| Working directory: /scratch/pbarletta/pdz/run/lb/neq/data/1
|          Hostname: mordor

  [-O]verwriting output

File Assignments:
|   MDIN: pdt.in                                                                
|  MDOUT: 312plb_1.out                                                          
| INPCRD: /scratch/pbarletta/pdz/run/lb/neq/starting_frames/312_lb.rst7         
|   PARM: /scratch/pbarletta/pdz/top_files/lb.prmtop                            
| RESTRT: 312plb_1.rst7                                                         
|   REFC: refc                                                                  
|  MDVEL: mdvel                                                                 
|   MDEN: mden                                                                  
|  MDCRD: 312plb_1.nc                                                           
| MDINFO: mdinfo                                                                
|  MDFRC: mdfrc                                                                 


 Here is the input file:

!NVT run. P/ recuperar velocidades                                             
&cntrl                                                                         
imin = 0,                           ! No Minimization                          
nmropt = 0,                         ! No NMR restraints read                   
                                                                               
! Nature and format of the input                                               
ntx = 1,                            ! Coordinates will be read, assign new velo
irest = 0,                          ! Run a new simulation                     
                                                                               
! Nature and format of the output                                              
ioutfm = 1,			    ! NetCDF format for output files                             
ntxo = 1,                           ! rstrt file in ASCII format               
ntpr = 125,                         ! inf in output every ntpr steps           
ntwr = 500,                         ! rstrt file every ntwr steps              
ntwx = 0,                           ! mdcrd file every ntwx steps              
ntwv = 0,                           ! mdvel without velocities                 
ntwe = 0,                           ! Energies and temperatures not written in 
idecomp = 0,                        ! No energy decomposition                  
iwrap = 1,                          ! Coordinates of the restart and mdcrd file
                                                                               
! Frozen or restrained atoms                                                   
ibelly = 0,                         ! No frozen atoms                          
ntr=0,                              ! Harmonic potential restraints            
                                                                               
! Molecular dynamics                                                           
nstlim = 5000,                      ! Number of MD-steps                       
dt = 0.002,                         ! Time step                                
                                                                               
! Temperature regulation                                                       
ntt = 3,                            ! Langevin thermostat                      
gamma_ln = 2,                       ! Gamma constant for Langevin              
temp0 = 300.0,                     ! Reference T at which the system is to be k
tempi = 300.0,                      ! Initial T                                
                                                                               
! P and V regulation                                                           
ntp = 0,                            ! No P control                             
ntb = 1,                            ! constant V                               
                                                                               
! SHAKE variables                                                              
ntc = 2,                            ! Bonds involving H are constrained        
ntf = 2,                            ! Bond interaction involving H are ommited.
                                                                               
cut = 9.0,                          ! Nonbonded cutoff                         
/                                                                              
&end                                                                           


Note: ig = -1. Setting random seed to   832714 based on wallclock time in 
      microseconds.
| irandom = 1, using AMBER's internal random number generator (default).
 
|--------------------- INFORMATION ----------------------
| GPU (CUDA) Version of PMEMD in use: NVIDIA GPU IN USE.
|                    Version 16.0.0
| 
|                      02/25/2016
| 
| Implementation by:
|                    Ross C. Walker     (SDSC)
|                    Scott Le Grand     (nVIDIA)
| 
| Precision model in use:
|      [SPFP] - Single Precision Forces, 64-bit Fixed Point
|               Accumulation. (Default)
| 
|--------------------------------------------------------
 
|----------------- CITATION INFORMATION -----------------
|
|    When publishing work that utilized the CUDA version
|    of AMBER, please cite the following in addition to
|    the regular AMBER citations:
|
|  - Romelia Salomon-Ferrer; Andreas W. Goetz; Duncan
|    Poole; Scott Le Grand; Ross C. Walker "Routine
|    microsecond molecular dynamics simulations with
|    AMBER - Part II: Particle Mesh Ewald", J. Chem.
|    Theory Comput., 2013, 9 (9), pp3878-3888,
|    DOI: 10.1021/ct400314y.
|
|  - Andreas W. Goetz; Mark J. Williamson; Dong Xu;
|    Duncan Poole; Scott Le Grand; Ross C. Walker
|    "Routine microsecond molecular dynamics simulations
|    with AMBER - Part I: Generalized Born", J. Chem.
|    Theory Comput., 2012, 8 (5), pp1542-1555.
|
|  - Scott Le Grand; Andreas W. Goetz; Ross C. Walker
|    "SPFP: Speed without compromise - a mixed precision
|    model for GPU accelerated molecular dynamics
|    simulations.", Comp. Phys. Comm., 2013, 184
|    pp374-380, DOI: 10.1016/j.cpc.2012.09.022
|
|--------------------------------------------------------
 
|------------------- GPU DEVICE INFO --------------------
|
|            CUDA_VISIBLE_DEVICES: 0
|   CUDA Capable Devices Detected:      1
|           CUDA Device ID in use:      0
|                CUDA Device Name: GeForce GTX TITAN
|     CUDA Device Global Mem Size:   6082 MB
| CUDA Device Num Multiprocessors:     14
|           CUDA Device Core Freq:   0.93 GHz
|
|--------------------------------------------------------
 
 
| Conditional Compilation Defines Used:
| PUBFFT
| BINTRAJ
| CUDA
| EMIL

| Largest sphere to fit in unit cell has radius =    26.281

| New format PARM file being parsed.
| Version =    1.000 Date = 09/04/12 Time = 16:08:43

| Note: 1-4 EEL scale factors are being read from the topology file.

| Note: 1-4 VDW scale factors are being read from the topology file.
| Duplicated    0 dihedrals

| Duplicated    0 dihedrals

--------------------------------------------------------------------------------
   1.  RESOURCE   USE: 
--------------------------------------------------------------------------------

 getting new box info from bottom of inpcrd
 NATOM  =   23082 NTYPES =      16 NBONH =   22055 MBONA  =    1038
 NTHETH =    2390 MTHETA =    1396 NPHIH =    4631 MPHIA  =    3488
 NHPARM =       0 NPARM  =       0 NNB   =   39434 NRES   =    7134
 NBONA  =    1038 NTHETA =    1396 NPHIA =    3488 NUMBND =      41
 NUMANG =      86 NPTRA  =      41 NATYP =      28 NPHB   =       1
 IFBOX  =       1 NMXRS  =      24 IFCAP =       0 NEXTRA =       0
 NCOPY  =       0

| Coordinate Index Table dimensions:    12   14   10
| Direct force subcell size =     5.0212    5.2012    5.2562

     BOX TYPE: RECTILINEAR

--------------------------------------------------------------------------------
   2.  CONTROL  DATA  FOR  THE  RUN
--------------------------------------------------------------------------------

default_name                                                                    

General flags:
     imin    =       0, nmropt  =       0

Nature and format of input:
     ntx     =       1, irest   =       0, ntrx    =       1

Nature and format of output:
     ntxo    =       1, ntpr    =     125, ntrx    =       1, ntwr    =     500
     iwrap   =       1, ntwx    =       0, ntwv    =       0, ntwe    =       0
     ioutfm  =       1, ntwprt  =       0, idecomp =       0, rbornstat=      0

Potential function:
     ntf     =       2, ntb     =       1, igb     =       0, nsnb    =      25
     ipol    =       0, gbsa    =       0, iesp    =       0
     dielc   =   1.00000, cut     =   9.00000, intdiel =   1.00000

Frozen or restrained atoms:
     ibelly  =       0, ntr     =       0

Molecular dynamics:
     nstlim  =      5000, nscm    =      1000, nrespa  =         1
     t       =   0.00000, dt      =   0.00200, vlimit  =  -1.00000

Langevin dynamics temperature regulation:
     ig      =  832714
     temp0   = 300.00000, tempi   = 300.00000, gamma_ln=   2.00000

SHAKE:
     ntc     =       2, jfastw  =       0
     tol     =   0.00001

| Intermolecular bonds treatment:
|     no_intermolecular_bonds =       1

| Energy averages sample interval:
|     ene_avg_sampling =     125

Ewald parameters:
     verbose =       0, ew_type =       0, nbflag  =       1, use_pme =       1
     vdwmeth =       1, eedmeth =       1, netfrc  =       1
     Box X =   60.254   Box Y =   72.816   Box Z =   52.562
     Alpha =   90.000   Beta  =   90.000   Gamma =   90.000
     NFFT1 =   64       NFFT2 =   80       NFFT3 =   56
     Cutoff=    9.000   Tol   =0.100E-04
     Ewald Coefficient =  0.30768
     Interpolation order =    4

--------------------------------------------------------------------------------
   3.  ATOMIC COORDINATES AND VELOCITIES
--------------------------------------------------------------------------------

Cpptraj Generated Restart                                                       
 begin time read from input coords =624000.000 ps

 
 Number of triangulated 3-point waters found:     7002

     Sum of charges from parm topology file =  -0.00000008
     Forcing neutrality...

| Dynamic Memory, Types Used:
| Reals              711627
| Integers           739238

| Nonbonded Pairs Initial Allocation:     5262696

| GPU memory information (estimate):
| KB of GPU memory in use:    131824
| KB of CPU memory in use:     27232

--------------------------------------------------------------------------------
   4.  RESULTS
--------------------------------------------------------------------------------

 ---------------------------------------------------
 APPROXIMATING switch and d/dx switch using CUBIC SPLINE INTERPOLATION
 using   5000.0 points per unit in tabled values
 TESTING RELATIVE ERROR over r ranging from 0.0 to cutoff
| CHECK switch(x): max rel err =   0.2738E-14   at   2.422500
| CHECK d/dx switch(x): max rel err =   0.8314E-11   at   2.736960
 ---------------------------------------------------
|---------------------------------------------------
| APPROXIMATING direct energy using CUBIC SPLINE INTERPOLATION
|  with   50.0 points per unit in tabled values
| Relative Error Limit not exceeded for r .gt.   2.39
| APPROXIMATING direct force using CUBIC SPLINE INTERPOLATION
|  with   50.0 points per unit in tabled values
| Relative Error Limit not exceeded for r .gt.   2.84
|---------------------------------------------------

 NSTEP =        0   TIME(PS) =       0.000  TEMP(K) =   438.98  PRESS =     0.0
 Etot   =    -51006.2694  EKtot   =     20583.2533  EPtot      =    -71589.5228
 BOND   =       382.0897  ANGLE   =      1049.8782  DIHED      =      1309.5548
 1-4 NB =       457.8440  1-4 EEL =      4749.8912  VDWAALS    =      8754.0281
 EELEC  =    -88292.8088  EHBOND  =         0.0000  RESTRAINT  =         0.0000
 ------------------------------------------------------------------------------


 NSTEP =      125   TIME(PS) =       0.250  TEMP(K) =   301.93  PRESS =     0.0
 Etot   =    -57592.9161  EKtot   =     14157.2295  EPtot      =    -71750.1456
 BOND   =       391.0419  ANGLE   =      1081.0019  DIHED      =      1311.8460
 1-4 NB =       429.1006  1-4 EEL =      4687.2847  VDWAALS    =      8532.6230
 EELEC  =    -88183.0437  EHBOND  =         0.0000  RESTRAINT  =         0.0000
 ------------------------------------------------------------------------------


 NSTEP =      250   TIME(PS) =       0.500  TEMP(K) =   300.56  PRESS =     0.0
 Etot   =    -57774.7035  EKtot   =     14092.7256  EPtot      =    -71867.4290
 BOND   =       359.6023  ANGLE   =      1081.2990  DIHED      =      1314.1837
 1-4 NB =       453.9097  1-4 EEL =      4690.6073  VDWAALS    =      8721.7584
 EELEC  =    -88488.7893  EHBOND  =         0.0000  RESTRAINT  =         0.0000
 ------------------------------------------------------------------------------


 NSTEP =      375   TIME(PS) =       0.750  TEMP(K) =   296.74  PRESS =     0.0
 Etot   =    -57641.8734  EKtot   =     13913.7695  EPtot      =    -71555.6430
 BOND   =       400.2780  ANGLE   =      1074.7440  DIHED      =      1288.6233
 1-4 NB =       458.8002  1-4 EEL =      4678.3272  VDWAALS    =      8820.8863
 EELEC  =    -88277.3020  EHBOND  =         0.0000  RESTRAINT  =         0.0000
 ------------------------------------------------------------------------------


 NSTEP =      500   TIME(PS) =       1.000  TEMP(K) =   298.33  PRESS =     0.0
 Etot   =    -57688.7471  EKtot   =     13988.4482  EPtot      =    -71677.1954
 BOND   =       402.2241  ANGLE   =      1044.5076  DIHED      =      1331.6710
 1-4 NB =       450.2870  1-4 EEL =      4704.9592  VDWAALS    =      8917.3734
 EELEC  =    -88528.2177  EHBOND  =         0.0000  RESTRAINT  =         0.0000
 ------------------------------------------------------------------------------


 NSTEP =      625   TIME(PS) =       1.250  TEMP(K) =   298.36  PRESS =     0.0
 Etot   =    -57662.2884  EKtot   =     13989.5254  EPtot      =    -71651.8138
 BOND   =       420.3872  ANGLE   =      1079.8609  DIHED      =      1303.9209
 1-4 NB =       437.6996  1-4 EEL =      4689.1413  VDWAALS    =      8716.9703
 EELEC  =    -88299.7939  EHBOND  =         0.0000  RESTRAINT  =         0.0000
 ------------------------------------------------------------------------------


 NSTEP =      750   TIME(PS) =       1.500  TEMP(K) =   297.92  PRESS =     0.0
 Etot   =    -57791.7325  EKtot   =     13969.0391  EPtot      =    -71760.7715
 BOND   =       375.6302  ANGLE   =      1072.9709  DIHED      =      1320.1965
 1-4 NB =       448.9872  1-4 EEL =      4702.1012  VDWAALS    =      8832.8043
 EELEC  =    -88513.4618  EHBOND  =         0.0000  RESTRAINT  =         0.0000
 ------------------------------------------------------------------------------


 NSTEP =      875   TIME(PS) =       1.750  TEMP(K) =   298.49  PRESS =     0.0
 Etot   =    -57612.4112  EKtot   =     13995.8232  EPtot      =    -71608.2344
 BOND   =       395.3274  ANGLE   =      1098.7795  DIHED      =      1321.9444
 1-4 NB =       456.2808  1-4 EEL =      4679.8535  VDWAALS    =      8781.6432
 EELEC  =    -88342.0633  EHBOND  =         0.0000  RESTRAINT  =         0.0000
 ------------------------------------------------------------------------------


 NSTEP =     1000   TIME(PS) =       2.000  TEMP(K) =   297.18  PRESS =     0.0
 Etot   =    -57787.9970  EKtot   =     13934.5215  EPtot      =    -71722.5185
 BOND   =       407.2551  ANGLE   =      1084.7025  DIHED      =      1316.4323
 1-4 NB =       447.9371  1-4 EEL =      4645.6638  VDWAALS    =      8789.7021
 EELEC  =    -88414.2114  EHBOND  =         0.0000  RESTRAINT  =         0.0000
 ------------------------------------------------------------------------------


 NSTEP =     1125   TIME(PS) =       2.250  TEMP(K) =   297.16  PRESS =     0.0
 Etot   =    -57911.9947  EKtot   =     13933.3359  EPtot      =    -71845.3306
 BOND   =       409.3929  ANGLE   =      1053.1712  DIHED      =      1306.6994
 1-4 NB =       457.7909  1-4 EEL =      4695.8383  VDWAALS    =      8775.2135
 EELEC  =    -88543.4368  EHBOND  =         0.0000  RESTRAINT  =         0.0000
 ------------------------------------------------------------------------------


 NSTEP =     1250   TIME(PS) =       2.500  TEMP(K) =   297.95  PRESS =     0.0
 Etot   =    -57796.0213  EKtot   =     13970.6260  EPtot      =    -71766.6473
 BOND   =       374.3506  ANGLE   =      1071.8527  DIHED      =      1298.6357
 1-4 NB =       445.4672  1-4 EEL =      4708.1352  VDWAALS    =      8680.6017
 EELEC  =    -88345.6904  EHBOND  =         0.0000  RESTRAINT  =         0.0000
 ------------------------------------------------------------------------------


 NSTEP =     1375   TIME(PS) =       2.750  TEMP(K) =   298.22  PRESS =     0.0
 Etot   =    -57778.5275  EKtot   =     13983.2119  EPtot      =    -71761.7394
 BOND   =       372.9968  ANGLE   =      1054.4977  DIHED      =      1315.7955
 1-4 NB =       450.3477  1-4 EEL =      4688.9408  VDWAALS    =      8880.3504
 EELEC  =    -88524.6684  EHBOND  =         0.0000  RESTRAINT  =         0.0000
 ------------------------------------------------------------------------------


 NSTEP =     1500   TIME(PS) =       3.000  TEMP(K) =   298.16  PRESS =     0.0
 Etot   =    -57802.9330  EKtot   =     13980.3594  EPtot      =    -71783.2923
 BOND   =       386.4105  ANGLE   =      1059.8328  DIHED      =      1327.3426
 1-4 NB =       455.5340  1-4 EEL =      4723.3432  VDWAALS    =      8842.4712
 EELEC  =    -88578.2268  EHBOND  =         0.0000  RESTRAINT  =         0.0000
 ------------------------------------------------------------------------------


 NSTEP =     1625   TIME(PS) =       3.250  TEMP(K) =   298.09  PRESS =     0.0
 Etot   =    -57733.7089  EKtot   =     13977.2334  EPtot      =    -71710.9423
 BOND   =       399.0228  ANGLE   =      1051.6724  DIHED      =      1316.1285
 1-4 NB =       448.3708  1-4 EEL =      4704.8832  VDWAALS    =      8610.4357
 EELEC  =    -88241.4558  EHBOND  =         0.0000  RESTRAINT  =         0.0000
 ------------------------------------------------------------------------------


 NSTEP =     1750   TIME(PS) =       3.500  TEMP(K) =   302.39  PRESS =     0.0
 Etot   =    -57547.5556  EKtot   =     14178.7305  EPtot      =    -71726.2861
 BOND   =       381.4750  ANGLE   =      1069.5285  DIHED      =      1313.2948
 1-4 NB =       458.5725  1-4 EEL =      4689.9705  VDWAALS    =      8677.7303
 EELEC  =    -88316.8577  EHBOND  =         0.0000  RESTRAINT  =         0.0000
 ------------------------------------------------------------------------------


 NSTEP =     1875   TIME(PS) =       3.750  TEMP(K) =   299.81  PRESS =     0.0
 Etot   =    -57692.1922  EKtot   =     14057.8535  EPtot      =    -71750.0458
 BOND   =       401.3437  ANGLE   =      1032.9161  DIHED      =      1316.3884
 1-4 NB =       454.3065  1-4 EEL =      4719.2309  VDWAALS    =      8889.7862
 EELEC  =    -88564.0177  EHBOND  =         0.0000  RESTRAINT  =         0.0000
 ------------------------------------------------------------------------------


 NSTEP =     2000   TIME(PS) =       4.000  TEMP(K) =   298.95  PRESS =     0.0
 Etot   =    -57738.2503  EKtot   =     14017.4189  EPtot      =    -71755.6693
 BOND   =       407.5686  ANGLE   =      1060.0879  DIHED      =      1304.0885
 1-4 NB =       442.3773  1-4 EEL =      4702.1339  VDWAALS    =      8678.0634
 EELEC  =    -88349.9890  EHBOND  =         0.0000  RESTRAINT  =         0.0000
 ------------------------------------------------------------------------------


 NSTEP =     2125   TIME(PS) =       4.250  TEMP(K) =   299.73  PRESS =     0.0
 Etot   =    -57556.7275  EKtot   =     14053.9453  EPtot      =    -71610.6728
 BOND   =       387.8844  ANGLE   =      1102.9795  DIHED      =      1325.9441
 1-4 NB =       445.8154  1-4 EEL =      4680.6893  VDWAALS    =      8685.2477
 EELEC  =    -88239.2332  EHBOND  =         0.0000  RESTRAINT  =         0.0000
 ------------------------------------------------------------------------------


 NSTEP =     2250   TIME(PS) =       4.500  TEMP(K) =   299.46  PRESS =     0.0
 Etot   =    -57647.5413  EKtot   =     14041.4375  EPtot      =    -71688.9788
 BOND   =       390.6926  ANGLE   =      1097.1250  DIHED      =      1323.1708
 1-4 NB =       448.9181  1-4 EEL =      4730.8791  VDWAALS    =      8802.6079
 EELEC  =    -88482.3722  EHBOND  =         0.0000  RESTRAINT  =         0.0000
 ------------------------------------------------------------------------------


 NSTEP =     2375   TIME(PS) =       4.750  TEMP(K) =   298.02  PRESS =     0.0
 Etot   =    -57608.2142  EKtot   =     13973.8516  EPtot      =    -71582.0658
 BOND   =       352.4238  ANGLE   =      1106.9072  DIHED      =      1293.7142
 1-4 NB =       442.5282  1-4 EEL =      4679.2761  VDWAALS    =      8533.9081
 EELEC  =    -87990.8234  EHBOND  =         0.0000  RESTRAINT  =         0.0000
 ------------------------------------------------------------------------------


 NSTEP =     2500   TIME(PS) =       5.000  TEMP(K) =   299.55  PRESS =     0.0
 Etot   =    -57423.0851  EKtot   =     14045.4199  EPtot      =    -71468.5050
 BOND   =       357.3973  ANGLE   =      1080.4213  DIHED      =      1301.7760
 1-4 NB =       442.4761  1-4 EEL =      4691.6218  VDWAALS    =      8808.3416
 EELEC  =    -88150.5391  EHBOND  =         0.0000  RESTRAINT  =         0.0000
 ------------------------------------------------------------------------------


 NSTEP =     2625   TIME(PS) =       5.250  TEMP(K) =   304.86  PRESS =     0.0
 Etot   =    -57548.9317  EKtot   =     14294.3672  EPtot      =    -71843.2989
 BOND   =       399.6490  ANGLE   =      1061.7877  DIHED      =      1330.4415
 1-4 NB =       433.5909  1-4 EEL =      4671.8867  VDWAALS    =      8909.6081
 EELEC  =    -88650.2628  EHBOND  =         0.0000  RESTRAINT  =         0.0000
 ------------------------------------------------------------------------------


 NSTEP =     2750   TIME(PS) =       5.500  TEMP(K) =   301.71  PRESS =     0.0
 Etot   =    -57407.8065  EKtot   =     14146.6621  EPtot      =    -71554.4686
 BOND   =       418.6065  ANGLE   =      1057.3102  DIHED      =      1296.1894
 1-4 NB =       445.7325  1-4 EEL =      4710.1068  VDWAALS    =      8787.3666
 EELEC  =    -88269.7806  EHBOND  =         0.0000  RESTRAINT  =         0.0000
 ------------------------------------------------------------------------------


 NSTEP =     2875   TIME(PS) =       5.750  TEMP(K) =   302.16  PRESS =     0.0
 Etot   =    -57432.1197  EKtot   =     14167.7656  EPtot      =    -71599.8853
 BOND   =       391.1755  ANGLE   =      1074.5733  DIHED      =      1332.5310
 1-4 NB =       456.1654  1-4 EEL =      4719.7757  VDWAALS    =      8811.5674
 EELEC  =    -88385.6736  EHBOND  =         0.0000  RESTRAINT  =         0.0000
 ------------------------------------------------------------------------------


 NSTEP =     3000   TIME(PS) =       6.000  TEMP(K) =   300.88  PRESS =     0.0
 Etot   =    -57490.6991  EKtot   =     14107.8379  EPtot      =    -71598.5370
 BOND   =       408.9016  ANGLE   =      1063.0780  DIHED      =      1334.7288
 1-4 NB =       434.8470  1-4 EEL =      4666.7368  VDWAALS    =      8616.3424
 EELEC  =    -88123.1715  EHBOND  =         0.0000  RESTRAINT  =         0.0000
 ------------------------------------------------------------------------------


 NSTEP =     3125   TIME(PS) =       6.250  TEMP(K) =   299.30  PRESS =     0.0
 Etot   =    -57622.7841  EKtot   =     14033.9434  EPtot      =    -71656.7275
 BOND   =       388.6644  ANGLE   =      1081.1375  DIHED      =      1317.3255
 1-4 NB =       460.0673  1-4 EEL =      4674.7424  VDWAALS    =      8812.1396
 EELEC  =    -88390.8043  EHBOND  =         0.0000  RESTRAINT  =         0.0000
 ------------------------------------------------------------------------------


 NSTEP =     3250   TIME(PS) =       6.500  TEMP(K) =   301.32  PRESS =     0.0
 Etot   =    -57460.9177  EKtot   =     14128.4912  EPtot      =    -71589.4089
 BOND   =       407.1998  ANGLE   =      1057.9253  DIHED      =      1318.8413
 1-4 NB =       437.5035  1-4 EEL =      4676.1315  VDWAALS    =      8683.9349
 EELEC  =    -88170.9452  EHBOND  =         0.0000  RESTRAINT  =         0.0000
 ------------------------------------------------------------------------------


 NSTEP =     3375   TIME(PS) =       6.750  TEMP(K) =   298.52  PRESS =     0.0
 Etot   =    -57686.7226  EKtot   =     13997.1445  EPtot      =    -71683.8672
 BOND   =       415.1432  ANGLE   =      1047.6089  DIHED      =      1314.6276
 1-4 NB =       451.7826  1-4 EEL =      4717.3467  VDWAALS    =      8720.8070
 EELEC  =    -88351.1832  EHBOND  =         0.0000  RESTRAINT  =         0.0000
 ------------------------------------------------------------------------------


 NSTEP =     3500   TIME(PS) =       7.000  TEMP(K) =   298.48  PRESS =     0.0
 Etot   =    -57555.2182  EKtot   =     13995.3008  EPtot      =    -71550.5190
 BOND   =       412.6744  ANGLE   =      1079.9310  DIHED      =      1318.9835
 1-4 NB =       450.8607  1-4 EEL =      4680.2767  VDWAALS    =      8792.6213
 EELEC  =    -88285.8665  EHBOND  =         0.0000  RESTRAINT  =         0.0000
 ------------------------------------------------------------------------------


 NSTEP =     3625   TIME(PS) =       7.250  TEMP(K) =   300.41  PRESS =     0.0
 Etot   =    -57509.9874  EKtot   =     14085.7119  EPtot      =    -71595.6993
 BOND   =       391.1750  ANGLE   =      1065.4712  DIHED      =      1311.5390
 1-4 NB =       449.4357  1-4 EEL =      4687.5893  VDWAALS    =      8706.3116
 EELEC  =    -88207.2211  EHBOND  =         0.0000  RESTRAINT  =         0.0000
 ------------------------------------------------------------------------------


 NSTEP =     3750   TIME(PS) =       7.500  TEMP(K) =   299.11  PRESS =     0.0
 Etot   =    -57580.0653  EKtot   =     14024.9814  EPtot      =    -71605.0468
 BOND   =       350.5211  ANGLE   =      1048.1401  DIHED      =      1330.4642
 1-4 NB =       456.0664  1-4 EEL =      4689.9740  VDWAALS    =      8620.8897
 EELEC  =    -88101.1024  EHBOND  =         0.0000  RESTRAINT  =         0.0000
 ------------------------------------------------------------------------------


 NSTEP =     3875   TIME(PS) =       7.750  TEMP(K) =   299.61  PRESS =     0.0
 Etot   =    -57550.1656  EKtot   =     14048.4434  EPtot      =    -71598.6090
 BOND   =       388.7425  ANGLE   =      1063.0528  DIHED      =      1325.7849
 1-4 NB =       450.5878  1-4 EEL =      4706.7310  VDWAALS    =      8929.8700
 EELEC  =    -88463.3780  EHBOND  =         0.0000  RESTRAINT  =         0.0000
 ------------------------------------------------------------------------------


 NSTEP =     4000   TIME(PS) =       8.000  TEMP(K) =   300.81  PRESS =     0.0
 Etot   =    -57548.2646  EKtot   =     14104.8359  EPtot      =    -71653.1005
 BOND   =       375.6458  ANGLE   =      1060.6423  DIHED      =      1325.0908
 1-4 NB =       452.8504  1-4 EEL =      4680.4465  VDWAALS    =      8663.9056
 EELEC  =    -88211.6819  EHBOND  =         0.0000  RESTRAINT  =         0.0000
 ------------------------------------------------------------------------------


 NSTEP =     4125   TIME(PS) =       8.250  TEMP(K) =   298.45  PRESS =     0.0
 Etot   =    -57465.6553  EKtot   =     13993.7793  EPtot      =    -71459.4346
 BOND   =       404.9104  ANGLE   =      1088.6816  DIHED      =      1299.1435
 1-4 NB =       457.1552  1-4 EEL =      4617.8448  VDWAALS    =      8493.7418
 EELEC  =    -87820.9118  EHBOND  =         0.0000  RESTRAINT  =         0.0000
 ------------------------------------------------------------------------------


 NSTEP =     4250   TIME(PS) =       8.500  TEMP(K) =   301.18  PRESS =     0.0
 Etot   =    -57408.6766  EKtot   =     14121.8037  EPtot      =    -71530.4803
 BOND   =       392.4900  ANGLE   =      1089.2028  DIHED      =      1319.2004
 1-4 NB =       438.6853  1-4 EEL =      4676.3580  VDWAALS    =      8806.7838
 EELEC  =    -88253.2006  EHBOND  =         0.0000  RESTRAINT  =         0.0000
 ------------------------------------------------------------------------------


 NSTEP =     4375   TIME(PS) =       8.750  TEMP(K) =   301.99  PRESS =     0.0
 Etot   =    -57371.1646  EKtot   =     14159.8662  EPtot      =    -71531.0308
 BOND   =       413.3789  ANGLE   =      1081.7080  DIHED      =      1326.2489
 1-4 NB =       452.3546  1-4 EEL =      4671.7769  VDWAALS    =      8652.5313
 EELEC  =    -88129.0293  EHBOND  =         0.0000  RESTRAINT  =         0.0000
 ------------------------------------------------------------------------------


 NSTEP =     4500   TIME(PS) =       9.000  TEMP(K) =   300.92  PRESS =     0.0
 Etot   =    -57475.8837  EKtot   =     14109.6309  EPtot      =    -71585.5145
 BOND   =       405.3904  ANGLE   =      1042.1662  DIHED      =      1342.6342
 1-4 NB =       456.6439  1-4 EEL =      4671.6284  VDWAALS    =      8635.2457
 EELEC  =    -88139.2232  EHBOND  =         0.0000  RESTRAINT  =         0.0000
 ------------------------------------------------------------------------------


 NSTEP =     4625   TIME(PS) =       9.250  TEMP(K) =   300.07  PRESS =     0.0
 Etot   =    -57537.3304  EKtot   =     14070.0215  EPtot      =    -71607.3519
 BOND   =       407.1995  ANGLE   =      1071.9482  DIHED      =      1323.0912
 1-4 NB =       441.0580  1-4 EEL =      4644.8957  VDWAALS    =      8514.5089
 EELEC  =    -88010.0535  EHBOND  =         0.0000  RESTRAINT  =         0.0000
 ------------------------------------------------------------------------------


 NSTEP =     4750   TIME(PS) =       9.500  TEMP(K) =   299.78  PRESS =     0.0
 Etot   =    -57679.9485  EKtot   =     14056.3369  EPtot      =    -71736.2854
 BOND   =       410.2819  ANGLE   =      1094.6841  DIHED      =      1332.6644
 1-4 NB =       439.4094  1-4 EEL =      4646.7179  VDWAALS    =      9002.4183
 EELEC  =    -88662.4615  EHBOND  =         0.0000  RESTRAINT  =         0.0000
 ------------------------------------------------------------------------------


 NSTEP =     4875   TIME(PS) =       9.750  TEMP(K) =   299.54  PRESS =     0.0
 Etot   =    -57662.4853  EKtot   =     14045.0361  EPtot      =    -71707.5214
 BOND   =       371.8352  ANGLE   =      1070.7313  DIHED      =      1321.0799
 1-4 NB =       431.7498  1-4 EEL =      4646.6911  VDWAALS    =      8676.7610
 EELEC  =    -88226.3698  EHBOND  =         0.0000  RESTRAINT  =         0.0000
 ------------------------------------------------------------------------------


 NSTEP =     5000   TIME(PS) =      10.000  TEMP(K) =   298.68  PRESS =     0.0
 Etot   =    -57699.1291  EKtot   =     14004.8496  EPtot      =    -71703.9787
 BOND   =       396.5186  ANGLE   =      1056.6683  DIHED      =      1314.4178
 1-4 NB =       442.5414  1-4 EEL =      4639.9983  VDWAALS    =      8816.0486
 EELEC  =    -88370.1717  EHBOND  =         0.0000  RESTRAINT  =         0.0000
 ------------------------------------------------------------------------------


      A V E R A G E S   O V E R      40 S T E P S


 NSTEP =     5000   TIME(PS) =      10.000  TEMP(K) =   299.62  PRESS =     0.0
 Etot   =    -57612.0844  EKtot   =     14048.7829  EPtot      =    -71660.8673
 BOND   =       393.0702  ANGLE   =      1070.3827  DIHED      =      1317.1706
 1-4 NB =       447.8649  1-4 EEL =      4684.7634  VDWAALS    =      8740.7981
 EELEC  =    -88314.9171  EHBOND  =         0.0000  RESTRAINT  =         0.0000
 ------------------------------------------------------------------------------


      R M S  F L U C T U A T I O N S


 NSTEP =     5000   TIME(PS) =      10.000  TEMP(K) =     1.69  PRESS =     0.0
 Etot   =       129.6395  EKtot   =        79.0646  EPtot      =        99.1556
 BOND   =        17.9071  ANGLE   =        17.3364  DIHED      =        12.0348
 1-4 NB =         8.0793  1-4 EEL =        24.6026  VDWAALS    =       118.7350
 EELEC  =       184.2962  EHBOND  =         0.0000  RESTRAINT  =         0.0000
 ------------------------------------------------------------------------------

--------------------------------------------------------------------------------
   5.  TIMINGS
--------------------------------------------------------------------------------

|  NonSetup CPU Time in Major Routines:
|
|     Routine           Sec        %
|     ------------------------------
|     Nonbond           1.29   15.86
|     Bond              0.00    0.00
|     Angle             0.00    0.00
|     Dihedral          0.00    0.00
|     Shake             0.09    1.08
|     RunMD             6.73   82.86
|     Other             0.02    0.20
|     ------------------------------
|     Total             8.12

|  PME Nonbond Pairlist CPU Time:
|
|     Routine              Sec        %
|     ---------------------------------
|     Set Up Cit           0.00    0.00
|     Build List           0.00    0.00
|     ---------------------------------
|     Total                0.00    0.00

|  PME Direct Force CPU Time:
|
|     Routine              Sec        %
|     ---------------------------------
|     NonBonded Calc       0.00    0.00
|     Exclude Masked       0.00    0.00
|     Other                0.00    0.05
|     ---------------------------------
|     Total                0.00    0.05

|  PME Reciprocal Force CPU Time:
|
|     Routine              Sec        %
|     ---------------------------------
|     1D bspline           0.00    0.00
|     Grid Charges         0.00    0.00
|     Scalar Sum           0.00    0.00
|     Gradient Sum         0.00    0.00
|     FFT                  0.00    0.00
|     ---------------------------------
|     Total                0.00    0.00

|  Final Performance Info:
|     -----------------------------------------------------
|     Average timings for last    5000 steps:
|     Elapsed(s) =       8.12 Per Step(ms) =       1.62
|         ns/day =     106.45   seconds/ns =     811.67
|
|     Average timings for all steps:
|     Elapsed(s) =       8.12 Per Step(ms) =       1.62
|         ns/day =     106.45   seconds/ns =     811.67
|     -----------------------------------------------------

|  Setup CPU time:            3.19 seconds
|  NonSetup CPU time:         8.12 seconds
|  Total CPU time:           11.31 seconds     0.00 hours

|  Setup wall time:           3    seconds
|  NonSetup wall time:        8    seconds
|  Total wall time:          11    seconds     0.00 hours
