
          -------------------------------------------------------
          Amber 16 PMEMD                              2016
          -------------------------------------------------------

| PMEMD implementation of SANDER, Release 16

| Run on 08/25/2017 at 16:53:29

|   Executable path: /apps/amber16/bin/pmemd.cuda
| Working directory: /scratch/pbarletta/pdz/run/lb/neq/data/1
|          Hostname: mordor

  [-O]verwriting output

File Assignments:
|   MDIN: pdt.in                                                                
|  MDOUT: 328plb_1.out                                                          
| INPCRD: /scratch/pbarletta/pdz/run/lb/neq/starting_frames/328_lb.rst7         
|   PARM: /scratch/pbarletta/pdz/top_files/lb.prmtop                            
| RESTRT: 328plb_1.rst7                                                         
|   REFC: refc                                                                  
|  MDVEL: mdvel                                                                 
|   MDEN: mden                                                                  
|  MDCRD: 328plb_1.nc                                                           
| MDINFO: mdinfo                                                                
|  MDFRC: mdfrc                                                                 


 Here is the input file:

!NVT run. P/ recuperar velocidades                                             
&cntrl                                                                         
imin = 0,                           ! No Minimization                          
nmropt = 0,                         ! No NMR restraints read                   
                                                                               
! Nature and format of the input                                               
ntx = 1,                            ! Coordinates will be read, assign new velo
irest = 0,                          ! Run a new simulation                     
                                                                               
! Nature and format of the output                                              
ioutfm = 1,			    ! NetCDF format for output files                             
ntxo = 1,                           ! rstrt file in ASCII format               
ntpr = 125,                         ! inf in output every ntpr steps           
ntwr = 500,                         ! rstrt file every ntwr steps              
ntwx = 0,                           ! mdcrd file every ntwx steps              
ntwv = 0,                           ! mdvel without velocities                 
ntwe = 0,                           ! Energies and temperatures not written in 
idecomp = 0,                        ! No energy decomposition                  
iwrap = 1,                          ! Coordinates of the restart and mdcrd file
                                                                               
! Frozen or restrained atoms                                                   
ibelly = 0,                         ! No frozen atoms                          
ntr=0,                              ! Harmonic potential restraints            
                                                                               
! Molecular dynamics                                                           
nstlim = 5000,                      ! Number of MD-steps                       
dt = 0.002,                         ! Time step                                
                                                                               
! Temperature regulation                                                       
ntt = 3,                            ! Langevin thermostat                      
gamma_ln = 2,                       ! Gamma constant for Langevin              
temp0 = 300.0,                     ! Reference T at which the system is to be k
tempi = 300.0,                      ! Initial T                                
                                                                               
! P and V regulation                                                           
ntp = 0,                            ! No P control                             
ntb = 1,                            ! constant V                               
                                                                               
! SHAKE variables                                                              
ntc = 2,                            ! Bonds involving H are constrained        
ntf = 2,                            ! Bond interaction involving H are ommited.
                                                                               
cut = 9.0,                          ! Nonbonded cutoff                         
/                                                                              
&end                                                                           


Note: ig = -1. Setting random seed to   950868 based on wallclock time in 
      microseconds.
| irandom = 1, using AMBER's internal random number generator (default).
 
|--------------------- INFORMATION ----------------------
| GPU (CUDA) Version of PMEMD in use: NVIDIA GPU IN USE.
|                    Version 16.0.0
| 
|                      02/25/2016
| 
| Implementation by:
|                    Ross C. Walker     (SDSC)
|                    Scott Le Grand     (nVIDIA)
| 
| Precision model in use:
|      [SPFP] - Single Precision Forces, 64-bit Fixed Point
|               Accumulation. (Default)
| 
|--------------------------------------------------------
 
|----------------- CITATION INFORMATION -----------------
|
|    When publishing work that utilized the CUDA version
|    of AMBER, please cite the following in addition to
|    the regular AMBER citations:
|
|  - Romelia Salomon-Ferrer; Andreas W. Goetz; Duncan
|    Poole; Scott Le Grand; Ross C. Walker "Routine
|    microsecond molecular dynamics simulations with
|    AMBER - Part II: Particle Mesh Ewald", J. Chem.
|    Theory Comput., 2013, 9 (9), pp3878-3888,
|    DOI: 10.1021/ct400314y.
|
|  - Andreas W. Goetz; Mark J. Williamson; Dong Xu;
|    Duncan Poole; Scott Le Grand; Ross C. Walker
|    "Routine microsecond molecular dynamics simulations
|    with AMBER - Part I: Generalized Born", J. Chem.
|    Theory Comput., 2012, 8 (5), pp1542-1555.
|
|  - Scott Le Grand; Andreas W. Goetz; Ross C. Walker
|    "SPFP: Speed without compromise - a mixed precision
|    model for GPU accelerated molecular dynamics
|    simulations.", Comp. Phys. Comm., 2013, 184
|    pp374-380, DOI: 10.1016/j.cpc.2012.09.022
|
|--------------------------------------------------------
 
|------------------- GPU DEVICE INFO --------------------
|
|            CUDA_VISIBLE_DEVICES: 0
|   CUDA Capable Devices Detected:      1
|           CUDA Device ID in use:      0
|                CUDA Device Name: GeForce GTX TITAN
|     CUDA Device Global Mem Size:   6082 MB
| CUDA Device Num Multiprocessors:     14
|           CUDA Device Core Freq:   0.93 GHz
|
|--------------------------------------------------------
 
 
| Conditional Compilation Defines Used:
| PUBFFT
| BINTRAJ
| CUDA
| EMIL

| Largest sphere to fit in unit cell has radius =    26.281

| New format PARM file being parsed.
| Version =    1.000 Date = 09/04/12 Time = 16:08:43

| Note: 1-4 EEL scale factors are being read from the topology file.

| Note: 1-4 VDW scale factors are being read from the topology file.
| Duplicated    0 dihedrals

| Duplicated    0 dihedrals

--------------------------------------------------------------------------------
   1.  RESOURCE   USE: 
--------------------------------------------------------------------------------

 getting new box info from bottom of inpcrd
 NATOM  =   23082 NTYPES =      16 NBONH =   22055 MBONA  =    1038
 NTHETH =    2390 MTHETA =    1396 NPHIH =    4631 MPHIA  =    3488
 NHPARM =       0 NPARM  =       0 NNB   =   39434 NRES   =    7134
 NBONA  =    1038 NTHETA =    1396 NPHIA =    3488 NUMBND =      41
 NUMANG =      86 NPTRA  =      41 NATYP =      28 NPHB   =       1
 IFBOX  =       1 NMXRS  =      24 IFCAP =       0 NEXTRA =       0
 NCOPY  =       0

| Coordinate Index Table dimensions:    12   14   10
| Direct force subcell size =     5.0212    5.2012    5.2562

     BOX TYPE: RECTILINEAR

--------------------------------------------------------------------------------
   2.  CONTROL  DATA  FOR  THE  RUN
--------------------------------------------------------------------------------

default_name                                                                    

General flags:
     imin    =       0, nmropt  =       0

Nature and format of input:
     ntx     =       1, irest   =       0, ntrx    =       1

Nature and format of output:
     ntxo    =       1, ntpr    =     125, ntrx    =       1, ntwr    =     500
     iwrap   =       1, ntwx    =       0, ntwv    =       0, ntwe    =       0
     ioutfm  =       1, ntwprt  =       0, idecomp =       0, rbornstat=      0

Potential function:
     ntf     =       2, ntb     =       1, igb     =       0, nsnb    =      25
     ipol    =       0, gbsa    =       0, iesp    =       0
     dielc   =   1.00000, cut     =   9.00000, intdiel =   1.00000

Frozen or restrained atoms:
     ibelly  =       0, ntr     =       0

Molecular dynamics:
     nstlim  =      5000, nscm    =      1000, nrespa  =         1
     t       =   0.00000, dt      =   0.00200, vlimit  =  -1.00000

Langevin dynamics temperature regulation:
     ig      =  950868
     temp0   = 300.00000, tempi   = 300.00000, gamma_ln=   2.00000

SHAKE:
     ntc     =       2, jfastw  =       0
     tol     =   0.00001

| Intermolecular bonds treatment:
|     no_intermolecular_bonds =       1

| Energy averages sample interval:
|     ene_avg_sampling =     125

Ewald parameters:
     verbose =       0, ew_type =       0, nbflag  =       1, use_pme =       1
     vdwmeth =       1, eedmeth =       1, netfrc  =       1
     Box X =   60.254   Box Y =   72.816   Box Z =   52.562
     Alpha =   90.000   Beta  =   90.000   Gamma =   90.000
     NFFT1 =   64       NFFT2 =   80       NFFT3 =   56
     Cutoff=    9.000   Tol   =0.100E-04
     Ewald Coefficient =  0.30768
     Interpolation order =    4

--------------------------------------------------------------------------------
   3.  ATOMIC COORDINATES AND VELOCITIES
--------------------------------------------------------------------------------

Cpptraj Generated Restart                                                       
 begin time read from input coords =656000.000 ps

 
 Number of triangulated 3-point waters found:     7002

     Sum of charges from parm topology file =  -0.00000008
     Forcing neutrality...

| Dynamic Memory, Types Used:
| Reals              711627
| Integers           739238

| Nonbonded Pairs Initial Allocation:     5262696

| GPU memory information (estimate):
| KB of GPU memory in use:    131824
| KB of CPU memory in use:     27232

--------------------------------------------------------------------------------
   4.  RESULTS
--------------------------------------------------------------------------------

 ---------------------------------------------------
 APPROXIMATING switch and d/dx switch using CUBIC SPLINE INTERPOLATION
 using   5000.0 points per unit in tabled values
 TESTING RELATIVE ERROR over r ranging from 0.0 to cutoff
| CHECK switch(x): max rel err =   0.2738E-14   at   2.422500
| CHECK d/dx switch(x): max rel err =   0.8314E-11   at   2.736960
 ---------------------------------------------------
|---------------------------------------------------
| APPROXIMATING direct energy using CUBIC SPLINE INTERPOLATION
|  with   50.0 points per unit in tabled values
| Relative Error Limit not exceeded for r .gt.   2.39
| APPROXIMATING direct force using CUBIC SPLINE INTERPOLATION
|  with   50.0 points per unit in tabled values
| Relative Error Limit not exceeded for r .gt.   2.84
|---------------------------------------------------

 NSTEP =        0   TIME(PS) =       0.000  TEMP(K) =   439.36  PRESS =     0.0
 Etot   =    -50869.4730  EKtot   =     20601.1750  EPtot      =    -71470.6480
 BOND   =       429.0185  ANGLE   =      1078.1285  DIHED      =      1322.9763
 1-4 NB =       444.7504  1-4 EEL =      4653.3386  VDWAALS    =      8652.9995
 EELEC  =    -88051.8597  EHBOND  =         0.0000  RESTRAINT  =         0.0000
 ------------------------------------------------------------------------------


 NSTEP =      125   TIME(PS) =       0.250  TEMP(K) =   301.60  PRESS =     0.0
 Etot   =    -57446.3197  EKtot   =     14141.6074  EPtot      =    -71587.9271
 BOND   =       417.7052  ANGLE   =      1070.4272  DIHED      =      1331.1907
 1-4 NB =       443.7104  1-4 EEL =      4638.8746  VDWAALS    =      9018.4694
 EELEC  =    -88508.3046  EHBOND  =         0.0000  RESTRAINT  =         0.0000
 ------------------------------------------------------------------------------


 NSTEP =      250   TIME(PS) =       0.500  TEMP(K) =   301.41  PRESS =     0.0
 Etot   =    -57503.4990  EKtot   =     14132.7383  EPtot      =    -71636.2372
 BOND   =       418.2501  ANGLE   =      1038.1701  DIHED      =      1339.1500
 1-4 NB =       455.4215  1-4 EEL =      4689.6528  VDWAALS    =      8768.9532
 EELEC  =    -88345.8349  EHBOND  =         0.0000  RESTRAINT  =         0.0000
 ------------------------------------------------------------------------------


 NSTEP =      375   TIME(PS) =       0.750  TEMP(K) =   297.31  PRESS =     0.0
 Etot   =    -57605.5524  EKtot   =     13940.2734  EPtot      =    -71545.8258
 BOND   =       413.3318  ANGLE   =      1090.0177  DIHED      =      1320.4620
 1-4 NB =       438.8432  1-4 EEL =      4596.4247  VDWAALS    =      8677.2446
 EELEC  =    -88082.1498  EHBOND  =         0.0000  RESTRAINT  =         0.0000
 ------------------------------------------------------------------------------

wrapping first mol.:        0.00000        0.00000       52.56165

 NSTEP =      500   TIME(PS) =       1.000  TEMP(K) =   299.84  PRESS =     0.0
 Etot   =    -57545.9488  EKtot   =     14059.2568  EPtot      =    -71605.2056
 BOND   =       404.2678  ANGLE   =      1074.0948  DIHED      =      1330.4057
 1-4 NB =       445.2721  1-4 EEL =      4676.4829  VDWAALS    =      8802.8275
 EELEC  =    -88338.5563  EHBOND  =         0.0000  RESTRAINT  =         0.0000
 ------------------------------------------------------------------------------


 NSTEP =      625   TIME(PS) =       1.250  TEMP(K) =   299.36  PRESS =     0.0
 Etot   =    -57785.3383  EKtot   =     14036.8164  EPtot      =    -71822.1547
 BOND   =       396.6543  ANGLE   =      1067.1096  DIHED      =      1317.9602
 1-4 NB =       456.3489  1-4 EEL =      4654.2646  VDWAALS    =      8808.5591
 EELEC  =    -88523.0513  EHBOND  =         0.0000  RESTRAINT  =         0.0000
 ------------------------------------------------------------------------------


 NSTEP =      750   TIME(PS) =       1.500  TEMP(K) =   298.88  PRESS =     0.0
 Etot   =    -57687.8122  EKtot   =     14013.9414  EPtot      =    -71701.7536
 BOND   =       387.8010  ANGLE   =      1071.1316  DIHED      =      1342.9397
 1-4 NB =       448.6589  1-4 EEL =      4667.0613  VDWAALS    =      8934.5046
 EELEC  =    -88553.8507  EHBOND  =         0.0000  RESTRAINT  =         0.0000
 ------------------------------------------------------------------------------


 NSTEP =      875   TIME(PS) =       1.750  TEMP(K) =   300.07  PRESS =     0.0
 Etot   =    -57636.8463  EKtot   =     14070.1094  EPtot      =    -71706.9557
 BOND   =       383.1980  ANGLE   =      1082.3404  DIHED      =      1335.8788
 1-4 NB =       451.1707  1-4 EEL =      4647.3965  VDWAALS    =      8774.6859
 EELEC  =    -88381.6261  EHBOND  =         0.0000  RESTRAINT  =         0.0000
 ------------------------------------------------------------------------------

wrapping first mol.:        0.00000        0.00000       52.56165

 NSTEP =     1000   TIME(PS) =       2.000  TEMP(K) =   302.45  PRESS =     0.0
 Etot   =    -57572.5432  EKtot   =     14181.5186  EPtot      =    -71754.0618
 BOND   =       390.9656  ANGLE   =      1034.0006  DIHED      =      1359.5780
 1-4 NB =       446.8121  1-4 EEL =      4629.2237  VDWAALS    =      8980.1371
 EELEC  =    -88594.7790  EHBOND  =         0.0000  RESTRAINT  =         0.0000
 ------------------------------------------------------------------------------


 NSTEP =     1125   TIME(PS) =       2.250  TEMP(K) =   300.29  PRESS =     0.0
 Etot   =    -57547.2068  EKtot   =     14080.4336  EPtot      =    -71627.6404
 BOND   =       396.7224  ANGLE   =      1081.5243  DIHED      =      1342.6558
 1-4 NB =       452.0764  1-4 EEL =      4651.7033  VDWAALS    =      8838.1253
 EELEC  =    -88390.4478  EHBOND  =         0.0000  RESTRAINT  =         0.0000
 ------------------------------------------------------------------------------


 NSTEP =     1250   TIME(PS) =       2.500  TEMP(K) =   301.56  PRESS =     0.0
 Etot   =    -57426.0682  EKtot   =     14139.5469  EPtot      =    -71565.6151
 BOND   =       407.5204  ANGLE   =      1104.1729  DIHED      =      1343.5967
 1-4 NB =       442.7917  1-4 EEL =      4660.0412  VDWAALS    =      8857.9354
 EELEC  =    -88381.6734  EHBOND  =         0.0000  RESTRAINT  =         0.0000
 ------------------------------------------------------------------------------


 NSTEP =     1375   TIME(PS) =       2.750  TEMP(K) =   301.88  PRESS =     0.0
 Etot   =    -57444.2646  EKtot   =     14154.6484  EPtot      =    -71598.9131
 BOND   =       396.1581  ANGLE   =      1079.9132  DIHED      =      1328.1957
 1-4 NB =       438.5762  1-4 EEL =      4645.8242  VDWAALS    =      8793.1568
 EELEC  =    -88280.7371  EHBOND  =         0.0000  RESTRAINT  =         0.0000
 ------------------------------------------------------------------------------

wrapping first mol.:        0.00000        0.00000       52.56165

 NSTEP =     1500   TIME(PS) =       3.000  TEMP(K) =   298.75  PRESS =     0.0
 Etot   =    -57664.7139  EKtot   =     14007.8828  EPtot      =    -71672.5967
 BOND   =       395.1878  ANGLE   =      1053.0138  DIHED      =      1319.1852
 1-4 NB =       434.9848  1-4 EEL =      4647.4426  VDWAALS    =      8785.5459
 EELEC  =    -88307.9569  EHBOND  =         0.0000  RESTRAINT  =         0.0000
 ------------------------------------------------------------------------------


 NSTEP =     1625   TIME(PS) =       3.250  TEMP(K) =   298.27  PRESS =     0.0
 Etot   =    -57658.6280  EKtot   =     13985.6689  EPtot      =    -71644.2969
 BOND   =       399.7814  ANGLE   =      1073.7463  DIHED      =      1315.6799
 1-4 NB =       444.3384  1-4 EEL =      4619.1914  VDWAALS    =      8916.4540
 EELEC  =    -88413.4884  EHBOND  =         0.0000  RESTRAINT  =         0.0000
 ------------------------------------------------------------------------------


 NSTEP =     1750   TIME(PS) =       3.500  TEMP(K) =   297.59  PRESS =     0.0
 Etot   =    -57623.5006  EKtot   =     13953.6465  EPtot      =    -71577.1470
 BOND   =       381.2004  ANGLE   =      1068.1427  DIHED      =      1342.9516
 1-4 NB =       452.3925  1-4 EEL =      4653.8833  VDWAALS    =      8501.4150
 EELEC  =    -87977.1325  EHBOND  =         0.0000  RESTRAINT  =         0.0000
 ------------------------------------------------------------------------------


 NSTEP =     1875   TIME(PS) =       3.750  TEMP(K) =   296.83  PRESS =     0.0
 Etot   =    -57710.7208  EKtot   =     13917.9258  EPtot      =    -71628.6466
 BOND   =       399.2556  ANGLE   =      1070.4785  DIHED      =      1335.8843
 1-4 NB =       457.0432  1-4 EEL =      4679.5531  VDWAALS    =      8780.6076
 EELEC  =    -88351.4689  EHBOND  =         0.0000  RESTRAINT  =         0.0000
 ------------------------------------------------------------------------------

wrapping first mol.:        0.00000        0.00000       52.56165

 NSTEP =     2000   TIME(PS) =       4.000  TEMP(K) =   299.47  PRESS =     0.0
 Etot   =    -57533.1855  EKtot   =     14041.8486  EPtot      =    -71575.0342
 BOND   =       351.7979  ANGLE   =      1107.1320  DIHED      =      1339.8809
 1-4 NB =       449.7109  1-4 EEL =      4651.2831  VDWAALS    =      9007.3520
 EELEC  =    -88482.1909  EHBOND  =         0.0000  RESTRAINT  =         0.0000
 ------------------------------------------------------------------------------


 NSTEP =     2125   TIME(PS) =       4.250  TEMP(K) =   298.12  PRESS =     0.0
 Etot   =    -57622.0626  EKtot   =     13978.5820  EPtot      =    -71600.6446
 BOND   =       411.5193  ANGLE   =      1029.1106  DIHED      =      1338.5043
 1-4 NB =       452.2764  1-4 EEL =      4675.7442  VDWAALS    =      8717.3900
 EELEC  =    -88225.1894  EHBOND  =         0.0000  RESTRAINT  =         0.0000
 ------------------------------------------------------------------------------


 NSTEP =     2250   TIME(PS) =       4.500  TEMP(K) =   296.91  PRESS =     0.0
 Etot   =    -57763.2640  EKtot   =     13921.8125  EPtot      =    -71685.0765
 BOND   =       370.7218  ANGLE   =      1082.6156  DIHED      =      1331.5446
 1-4 NB =       453.2791  1-4 EEL =      4648.7047  VDWAALS    =      8701.4394
 EELEC  =    -88273.3818  EHBOND  =         0.0000  RESTRAINT  =         0.0000
 ------------------------------------------------------------------------------


 NSTEP =     2375   TIME(PS) =       4.750  TEMP(K) =   299.19  PRESS =     0.0
 Etot   =    -57668.8898  EKtot   =     14028.6914  EPtot      =    -71697.5812
 BOND   =       387.6349  ANGLE   =      1058.8793  DIHED      =      1329.2648
 1-4 NB =       460.5553  1-4 EEL =      4664.7277  VDWAALS    =      8985.3220
 EELEC  =    -88583.9653  EHBOND  =         0.0000  RESTRAINT  =         0.0000
 ------------------------------------------------------------------------------

wrapping first mol.:        0.00000        0.00000       52.56165

 NSTEP =     2500   TIME(PS) =       5.000  TEMP(K) =   299.98  PRESS =     0.0
 Etot   =    -57610.8211  EKtot   =     14065.5977  EPtot      =    -71676.4187
 BOND   =       374.4502  ANGLE   =      1092.5496  DIHED      =      1351.5950
 1-4 NB =       453.7854  1-4 EEL =      4655.3586  VDWAALS    =      8721.1634
 EELEC  =    -88325.3209  EHBOND  =         0.0000  RESTRAINT  =         0.0000
 ------------------------------------------------------------------------------


 NSTEP =     2625   TIME(PS) =       5.250  TEMP(K) =   300.48  PRESS =     0.0
 Etot   =    -57577.6203  EKtot   =     14088.9580  EPtot      =    -71666.5783
 BOND   =       431.5028  ANGLE   =      1047.3945  DIHED      =      1319.2247
 1-4 NB =       436.2088  1-4 EEL =      4613.6871  VDWAALS    =      8606.2155
 EELEC  =    -88120.8117  EHBOND  =         0.0000  RESTRAINT  =         0.0000
 ------------------------------------------------------------------------------


 NSTEP =     2750   TIME(PS) =       5.500  TEMP(K) =   297.02  PRESS =     0.0
 Etot   =    -57564.6178  EKtot   =     13926.8203  EPtot      =    -71491.4381
 BOND   =       419.0856  ANGLE   =      1078.9390  DIHED      =      1345.3259
 1-4 NB =       433.2330  1-4 EEL =      4590.3144  VDWAALS    =      8834.8359
 EELEC  =    -88193.1718  EHBOND  =         0.0000  RESTRAINT  =         0.0000
 ------------------------------------------------------------------------------


 NSTEP =     2875   TIME(PS) =       5.750  TEMP(K) =   297.54  PRESS =     0.0
 Etot   =    -57652.4232  EKtot   =     13951.3369  EPtot      =    -71603.7601
 BOND   =       403.7589  ANGLE   =      1089.3403  DIHED      =      1347.8401
 1-4 NB =       461.7314  1-4 EEL =      4611.4935  VDWAALS    =      8942.4507
 EELEC  =    -88460.3750  EHBOND  =         0.0000  RESTRAINT  =         0.0000
 ------------------------------------------------------------------------------

wrapping first mol.:        0.00000        0.00000       52.56165

 NSTEP =     3000   TIME(PS) =       6.000  TEMP(K) =   299.16  PRESS =     0.0
 Etot   =    -57676.3536  EKtot   =     14027.3926  EPtot      =    -71703.7462
 BOND   =       389.2467  ANGLE   =      1038.6542  DIHED      =      1358.9898
 1-4 NB =       440.5669  1-4 EEL =      4610.5276  VDWAALS    =      8803.4628
 EELEC  =    -88345.1942  EHBOND  =         0.0000  RESTRAINT  =         0.0000
 ------------------------------------------------------------------------------


 NSTEP =     3125   TIME(PS) =       6.250  TEMP(K) =   302.87  PRESS =     0.0
 Etot   =    -57434.4004  EKtot   =     14201.2969  EPtot      =    -71635.6973
 BOND   =       402.9324  ANGLE   =      1092.5417  DIHED      =      1333.3266
 1-4 NB =       452.1588  1-4 EEL =      4645.5521  VDWAALS    =      8709.7059
 EELEC  =    -88271.9148  EHBOND  =         0.0000  RESTRAINT  =         0.0000
 ------------------------------------------------------------------------------


 NSTEP =     3250   TIME(PS) =       6.500  TEMP(K) =   298.77  PRESS =     0.0
 Etot   =    -57511.8794  EKtot   =     14009.1641  EPtot      =    -71521.0434
 BOND   =       389.7992  ANGLE   =      1137.9413  DIHED      =      1352.3413
 1-4 NB =       459.5955  1-4 EEL =      4633.2581  VDWAALS    =      8662.4106
 EELEC  =    -88156.3895  EHBOND  =         0.0000  RESTRAINT  =         0.0000
 ------------------------------------------------------------------------------


 NSTEP =     3375   TIME(PS) =       6.750  TEMP(K) =   300.36  PRESS =     0.0
 Etot   =    -57718.1702  EKtot   =     14083.5752  EPtot      =    -71801.7454
 BOND   =       405.3109  ANGLE   =      1104.9282  DIHED      =      1357.2903
 1-4 NB =       438.8487  1-4 EEL =      4650.2634  VDWAALS    =      8747.2972
 EELEC  =    -88505.6841  EHBOND  =         0.0000  RESTRAINT  =         0.0000
 ------------------------------------------------------------------------------


 NSTEP =     3500   TIME(PS) =       7.000  TEMP(K) =   299.66  PRESS =     0.0
 Etot   =    -57583.1912  EKtot   =     14050.6670  EPtot      =    -71633.8582
 BOND   =       403.9361  ANGLE   =      1064.2452  DIHED      =      1340.3657
 1-4 NB =       456.2349  1-4 EEL =      4653.8845  VDWAALS    =      8716.5385
 EELEC  =    -88269.0632  EHBOND  =         0.0000  RESTRAINT  =         0.0000
 ------------------------------------------------------------------------------


 NSTEP =     3625   TIME(PS) =       7.250  TEMP(K) =   299.12  PRESS =     0.0
 Etot   =    -57575.0744  EKtot   =     14025.2461  EPtot      =    -71600.3205
 BOND   =       386.3757  ANGLE   =      1077.8565  DIHED      =      1341.6558
 1-4 NB =       446.9880  1-4 EEL =      4633.6641  VDWAALS    =      8867.9315
 EELEC  =    -88354.7921  EHBOND  =         0.0000  RESTRAINT  =         0.0000
 ------------------------------------------------------------------------------


 NSTEP =     3750   TIME(PS) =       7.500  TEMP(K) =   300.33  PRESS =     0.0
 Etot   =    -57511.4945  EKtot   =     14082.0693  EPtot      =    -71593.5639
 BOND   =       359.1186  ANGLE   =      1057.5650  DIHED      =      1349.5190
 1-4 NB =       456.5831  1-4 EEL =      4615.0228  VDWAALS    =      8885.2732
 EELEC  =    -88316.6456  EHBOND  =         0.0000  RESTRAINT  =         0.0000
 ------------------------------------------------------------------------------


 NSTEP =     3875   TIME(PS) =       7.750  TEMP(K) =   302.60  PRESS =     0.0
 Etot   =    -57437.6537  EKtot   =     14188.6211  EPtot      =    -71626.2748
 BOND   =       398.1421  ANGLE   =      1070.3514  DIHED      =      1331.3544
 1-4 NB =       450.2768  1-4 EEL =      4606.5345  VDWAALS    =      8794.8458
 EELEC  =    -88277.7798  EHBOND  =         0.0000  RESTRAINT  =         0.0000
 ------------------------------------------------------------------------------


 NSTEP =     4000   TIME(PS) =       8.000  TEMP(K) =   300.40  PRESS =     0.0
 Etot   =    -57417.8656  EKtot   =     14085.3145  EPtot      =    -71503.1801
 BOND   =       408.0744  ANGLE   =      1037.8606  DIHED      =      1348.3426
 1-4 NB =       461.0255  1-4 EEL =      4661.3581  VDWAALS    =      8793.1498
 EELEC  =    -88212.9910  EHBOND  =         0.0000  RESTRAINT  =         0.0000
 ------------------------------------------------------------------------------


 NSTEP =     4125   TIME(PS) =       8.250  TEMP(K) =   301.04  PRESS =     0.0
 Etot   =    -57280.3664  EKtot   =     14115.4238  EPtot      =    -71395.7903
 BOND   =       404.4493  ANGLE   =      1118.0981  DIHED      =      1370.3771
 1-4 NB =       450.9767  1-4 EEL =      4656.5473  VDWAALS    =      8796.5371
 EELEC  =    -88192.7759  EHBOND  =         0.0000  RESTRAINT  =         0.0000
 ------------------------------------------------------------------------------


 NSTEP =     4250   TIME(PS) =       8.500  TEMP(K) =   302.39  PRESS =     0.0
 Etot   =    -57523.9522  EKtot   =     14178.8330  EPtot      =    -71702.7852
 BOND   =       406.8242  ANGLE   =      1093.8030  DIHED      =      1314.6702
 1-4 NB =       446.9460  1-4 EEL =      4629.5754  VDWAALS    =      8875.3295
 EELEC  =    -88469.9336  EHBOND  =         0.0000  RESTRAINT  =         0.0000
 ------------------------------------------------------------------------------


 NSTEP =     4375   TIME(PS) =       8.750  TEMP(K) =   300.04  PRESS =     0.0
 Etot   =    -57444.1047  EKtot   =     14068.6895  EPtot      =    -71512.7941
 BOND   =       373.8200  ANGLE   =      1061.8646  DIHED      =      1347.9729
 1-4 NB =       458.9992  1-4 EEL =      4687.5480  VDWAALS    =      8887.5978
 EELEC  =    -88330.5967  EHBOND  =         0.0000  RESTRAINT  =         0.0000
 ------------------------------------------------------------------------------


 NSTEP =     4500   TIME(PS) =       9.000  TEMP(K) =   298.11  PRESS =     0.0
 Etot   =    -57275.4867  EKtot   =     13977.9199  EPtot      =    -71253.4067
 BOND   =       383.3164  ANGLE   =      1071.9672  DIHED      =      1331.7196
 1-4 NB =       457.8226  1-4 EEL =      4680.5275  VDWAALS    =      8656.8294
 EELEC  =    -87835.5893  EHBOND  =         0.0000  RESTRAINT  =         0.0000
 ------------------------------------------------------------------------------


 NSTEP =     4625   TIME(PS) =       9.250  TEMP(K) =   302.79  PRESS =     0.0
 Etot   =    -57272.1830  EKtot   =     14197.6064  EPtot      =    -71469.7895
 BOND   =       372.6264  ANGLE   =      1053.5283  DIHED      =      1336.9770
 1-4 NB =       443.5000  1-4 EEL =      4645.2251  VDWAALS    =      8687.6834
 EELEC  =    -88009.3297  EHBOND  =         0.0000  RESTRAINT  =         0.0000
 ------------------------------------------------------------------------------


 NSTEP =     4750   TIME(PS) =       9.500  TEMP(K) =   297.85  PRESS =     0.0
 Etot   =    -57469.0605  EKtot   =     13965.8125  EPtot      =    -71434.8730
 BOND   =       371.4434  ANGLE   =      1032.6767  DIHED      =      1347.0653
 1-4 NB =       452.6089  1-4 EEL =      4651.5862  VDWAALS    =      8731.5031
 EELEC  =    -88021.7564  EHBOND  =         0.0000  RESTRAINT  =         0.0000
 ------------------------------------------------------------------------------


 NSTEP =     4875   TIME(PS) =       9.750  TEMP(K) =   301.99  PRESS =     0.0
 Etot   =    -57545.0902  EKtot   =     14159.8623  EPtot      =    -71704.9525
 BOND   =       370.1157  ANGLE   =      1045.8202  DIHED      =      1345.4146
 1-4 NB =       448.2967  1-4 EEL =      4609.5100  VDWAALS    =      8697.5234
 EELEC  =    -88221.6331  EHBOND  =         0.0000  RESTRAINT  =         0.0000
 ------------------------------------------------------------------------------


 NSTEP =     5000   TIME(PS) =      10.000  TEMP(K) =   300.99  PRESS =     0.0
 Etot   =    -57631.0023  EKtot   =     14112.9424  EPtot      =    -71743.9447
 BOND   =       397.4082  ANGLE   =      1064.8645  DIHED      =      1322.0831
 1-4 NB =       453.0204  1-4 EEL =      4678.7128  VDWAALS    =      8879.2744
 EELEC  =    -88539.3080  EHBOND  =         0.0000  RESTRAINT  =         0.0000
 ------------------------------------------------------------------------------


      A V E R A G E S   O V E R      40 S T E P S


 NSTEP =     5000   TIME(PS) =      10.000  TEMP(K) =   299.83  PRESS =     0.0
 Etot   =    -57553.9794  EKtot   =     14058.7525  EPtot      =    -71612.7319
 BOND   =       394.0353  ANGLE   =      1071.7203  DIHED      =      1338.4590
 1-4 NB =       449.5917  1-4 EEL =      4645.4408  VDWAALS    =      8798.6921
 EELEC  =    -88310.6710  EHBOND  =         0.0000  RESTRAINT  =         0.0000
 ------------------------------------------------------------------------------


      R M S  F L U C T U A T I O N S


 NSTEP =     5000   TIME(PS) =      10.000  TEMP(K) =     1.73  PRESS =     0.0
 Etot   =       122.8245  EKtot   =        81.2963  EPtot      =       108.2794
 BOND   =        17.0181  ANGLE   =        24.0401  DIHED      =        12.8516
 1-4 NB =         7.4994  1-4 EEL =        25.0488  VDWAALS    =       111.6930
 EELEC  =       171.9792  EHBOND  =         0.0000  RESTRAINT  =         0.0000
 ------------------------------------------------------------------------------

--------------------------------------------------------------------------------
   5.  TIMINGS
--------------------------------------------------------------------------------

|  NonSetup CPU Time in Major Routines:
|
|     Routine           Sec        %
|     ------------------------------
|     Nonbond           1.43   16.77
|     Bond              0.00    0.00
|     Angle             0.00    0.00
|     Dihedral          0.00    0.00
|     Shake             0.08    0.94
|     RunMD             7.00   81.92
|     Other             0.03    0.37
|     ------------------------------
|     Total             8.54

|  PME Nonbond Pairlist CPU Time:
|
|     Routine              Sec        %
|     ---------------------------------
|     Set Up Cit           0.00    0.00
|     Build List           0.00    0.00
|     ---------------------------------
|     Total                0.00    0.00

|  PME Direct Force CPU Time:
|
|     Routine              Sec        %
|     ---------------------------------
|     NonBonded Calc       0.00    0.00
|     Exclude Masked       0.00    0.00
|     Other                0.01    0.09
|     ---------------------------------
|     Total                0.01    0.09

|  PME Reciprocal Force CPU Time:
|
|     Routine              Sec        %
|     ---------------------------------
|     1D bspline           0.00    0.00
|     Grid Charges         0.00    0.00
|     Scalar Sum           0.00    0.00
|     Gradient Sum         0.00    0.00
|     FFT                  0.00    0.00
|     ---------------------------------
|     Total                0.00    0.00

|  Final Performance Info:
|     -----------------------------------------------------
|     Average timings for last    5000 steps:
|     Elapsed(s) =       8.54 Per Step(ms) =       1.71
|         ns/day =     101.22   seconds/ns =     853.56
|
|     Average timings for all steps:
|     Elapsed(s) =       8.54 Per Step(ms) =       1.71
|         ns/day =     101.22   seconds/ns =     853.56
|     -----------------------------------------------------

|  Setup CPU time:            3.21 seconds
|  NonSetup CPU time:         8.54 seconds
|  Total CPU time:           11.75 seconds     0.00 hours

|  Setup wall time:           3    seconds
|  NonSetup wall time:        9    seconds
|  Total wall time:          12    seconds     0.00 hours
