
          -------------------------------------------------------
          Amber 16 PMEMD                              2016
          -------------------------------------------------------

| PMEMD implementation of SANDER, Release 16

| Run on 08/25/2017 at 16:59:10

|   Executable path: /apps/amber16/bin/pmemd.cuda
| Working directory: /scratch/pbarletta/pdz/run/lb/neq/data/1
|          Hostname: mordor

  [-O]verwriting output

File Assignments:
|   MDIN: pdt.in                                                                
|  MDOUT: 355plb_1.out                                                          
| INPCRD: /scratch/pbarletta/pdz/run/lb/neq/starting_frames/355_lb.rst7         
|   PARM: /scratch/pbarletta/pdz/top_files/lb.prmtop                            
| RESTRT: 355plb_1.rst7                                                         
|   REFC: refc                                                                  
|  MDVEL: mdvel                                                                 
|   MDEN: mden                                                                  
|  MDCRD: 355plb_1.nc                                                           
| MDINFO: mdinfo                                                                
|  MDFRC: mdfrc                                                                 


 Here is the input file:

!NVT run. P/ recuperar velocidades                                             
&cntrl                                                                         
imin = 0,                           ! No Minimization                          
nmropt = 0,                         ! No NMR restraints read                   
                                                                               
! Nature and format of the input                                               
ntx = 1,                            ! Coordinates will be read, assign new velo
irest = 0,                          ! Run a new simulation                     
                                                                               
! Nature and format of the output                                              
ioutfm = 1,			    ! NetCDF format for output files                             
ntxo = 1,                           ! rstrt file in ASCII format               
ntpr = 125,                         ! inf in output every ntpr steps           
ntwr = 500,                         ! rstrt file every ntwr steps              
ntwx = 0,                           ! mdcrd file every ntwx steps              
ntwv = 0,                           ! mdvel without velocities                 
ntwe = 0,                           ! Energies and temperatures not written in 
idecomp = 0,                        ! No energy decomposition                  
iwrap = 1,                          ! Coordinates of the restart and mdcrd file
                                                                               
! Frozen or restrained atoms                                                   
ibelly = 0,                         ! No frozen atoms                          
ntr=0,                              ! Harmonic potential restraints            
                                                                               
! Molecular dynamics                                                           
nstlim = 5000,                      ! Number of MD-steps                       
dt = 0.002,                         ! Time step                                
                                                                               
! Temperature regulation                                                       
ntt = 3,                            ! Langevin thermostat                      
gamma_ln = 2,                       ! Gamma constant for Langevin              
temp0 = 300.0,                     ! Reference T at which the system is to be k
tempi = 300.0,                      ! Initial T                                
                                                                               
! P and V regulation                                                           
ntp = 0,                            ! No P control                             
ntb = 1,                            ! constant V                               
                                                                               
! SHAKE variables                                                              
ntc = 2,                            ! Bonds involving H are constrained        
ntf = 2,                            ! Bond interaction involving H are ommited.
                                                                               
cut = 9.0,                          ! Nonbonded cutoff                         
/                                                                              
&end                                                                           


Note: ig = -1. Setting random seed to   843725 based on wallclock time in 
      microseconds.
| irandom = 1, using AMBER's internal random number generator (default).
 
|--------------------- INFORMATION ----------------------
| GPU (CUDA) Version of PMEMD in use: NVIDIA GPU IN USE.
|                    Version 16.0.0
| 
|                      02/25/2016
| 
| Implementation by:
|                    Ross C. Walker     (SDSC)
|                    Scott Le Grand     (nVIDIA)
| 
| Precision model in use:
|      [SPFP] - Single Precision Forces, 64-bit Fixed Point
|               Accumulation. (Default)
| 
|--------------------------------------------------------
 
|----------------- CITATION INFORMATION -----------------
|
|    When publishing work that utilized the CUDA version
|    of AMBER, please cite the following in addition to
|    the regular AMBER citations:
|
|  - Romelia Salomon-Ferrer; Andreas W. Goetz; Duncan
|    Poole; Scott Le Grand; Ross C. Walker "Routine
|    microsecond molecular dynamics simulations with
|    AMBER - Part II: Particle Mesh Ewald", J. Chem.
|    Theory Comput., 2013, 9 (9), pp3878-3888,
|    DOI: 10.1021/ct400314y.
|
|  - Andreas W. Goetz; Mark J. Williamson; Dong Xu;
|    Duncan Poole; Scott Le Grand; Ross C. Walker
|    "Routine microsecond molecular dynamics simulations
|    with AMBER - Part I: Generalized Born", J. Chem.
|    Theory Comput., 2012, 8 (5), pp1542-1555.
|
|  - Scott Le Grand; Andreas W. Goetz; Ross C. Walker
|    "SPFP: Speed without compromise - a mixed precision
|    model for GPU accelerated molecular dynamics
|    simulations.", Comp. Phys. Comm., 2013, 184
|    pp374-380, DOI: 10.1016/j.cpc.2012.09.022
|
|--------------------------------------------------------
 
|------------------- GPU DEVICE INFO --------------------
|
|            CUDA_VISIBLE_DEVICES: 0
|   CUDA Capable Devices Detected:      1
|           CUDA Device ID in use:      0
|                CUDA Device Name: GeForce GTX TITAN
|     CUDA Device Global Mem Size:   6082 MB
| CUDA Device Num Multiprocessors:     14
|           CUDA Device Core Freq:   0.93 GHz
|
|--------------------------------------------------------
 
 
| Conditional Compilation Defines Used:
| PUBFFT
| BINTRAJ
| CUDA
| EMIL

| Largest sphere to fit in unit cell has radius =    26.281

| New format PARM file being parsed.
| Version =    1.000 Date = 09/04/12 Time = 16:08:43

| Note: 1-4 EEL scale factors are being read from the topology file.

| Note: 1-4 VDW scale factors are being read from the topology file.
| Duplicated    0 dihedrals

| Duplicated    0 dihedrals

--------------------------------------------------------------------------------
   1.  RESOURCE   USE: 
--------------------------------------------------------------------------------

 getting new box info from bottom of inpcrd
 NATOM  =   23082 NTYPES =      16 NBONH =   22055 MBONA  =    1038
 NTHETH =    2390 MTHETA =    1396 NPHIH =    4631 MPHIA  =    3488
 NHPARM =       0 NPARM  =       0 NNB   =   39434 NRES   =    7134
 NBONA  =    1038 NTHETA =    1396 NPHIA =    3488 NUMBND =      41
 NUMANG =      86 NPTRA  =      41 NATYP =      28 NPHB   =       1
 IFBOX  =       1 NMXRS  =      24 IFCAP =       0 NEXTRA =       0
 NCOPY  =       0

| Coordinate Index Table dimensions:    12   14   10
| Direct force subcell size =     5.0212    5.2012    5.2562

     BOX TYPE: RECTILINEAR

--------------------------------------------------------------------------------
   2.  CONTROL  DATA  FOR  THE  RUN
--------------------------------------------------------------------------------

default_name                                                                    

General flags:
     imin    =       0, nmropt  =       0

Nature and format of input:
     ntx     =       1, irest   =       0, ntrx    =       1

Nature and format of output:
     ntxo    =       1, ntpr    =     125, ntrx    =       1, ntwr    =     500
     iwrap   =       1, ntwx    =       0, ntwv    =       0, ntwe    =       0
     ioutfm  =       1, ntwprt  =       0, idecomp =       0, rbornstat=      0

Potential function:
     ntf     =       2, ntb     =       1, igb     =       0, nsnb    =      25
     ipol    =       0, gbsa    =       0, iesp    =       0
     dielc   =   1.00000, cut     =   9.00000, intdiel =   1.00000

Frozen or restrained atoms:
     ibelly  =       0, ntr     =       0

Molecular dynamics:
     nstlim  =      5000, nscm    =      1000, nrespa  =         1
     t       =   0.00000, dt      =   0.00200, vlimit  =  -1.00000

Langevin dynamics temperature regulation:
     ig      =  843725
     temp0   = 300.00000, tempi   = 300.00000, gamma_ln=   2.00000

SHAKE:
     ntc     =       2, jfastw  =       0
     tol     =   0.00001

| Intermolecular bonds treatment:
|     no_intermolecular_bonds =       1

| Energy averages sample interval:
|     ene_avg_sampling =     125

Ewald parameters:
     verbose =       0, ew_type =       0, nbflag  =       1, use_pme =       1
     vdwmeth =       1, eedmeth =       1, netfrc  =       1
     Box X =   60.254   Box Y =   72.816   Box Z =   52.562
     Alpha =   90.000   Beta  =   90.000   Gamma =   90.000
     NFFT1 =   64       NFFT2 =   80       NFFT3 =   56
     Cutoff=    9.000   Tol   =0.100E-04
     Ewald Coefficient =  0.30768
     Interpolation order =    4

--------------------------------------------------------------------------------
   3.  ATOMIC COORDINATES AND VELOCITIES
--------------------------------------------------------------------------------

Cpptraj Generated Restart                                                       
 begin time read from input coords =710000.000 ps

 
 Number of triangulated 3-point waters found:     7002

     Sum of charges from parm topology file =  -0.00000008
     Forcing neutrality...

| Dynamic Memory, Types Used:
| Reals              711627
| Integers           739238

| Nonbonded Pairs Initial Allocation:     5262696

| GPU memory information (estimate):
| KB of GPU memory in use:    131824
| KB of CPU memory in use:     27232

--------------------------------------------------------------------------------
   4.  RESULTS
--------------------------------------------------------------------------------

 ---------------------------------------------------
 APPROXIMATING switch and d/dx switch using CUBIC SPLINE INTERPOLATION
 using   5000.0 points per unit in tabled values
 TESTING RELATIVE ERROR over r ranging from 0.0 to cutoff
| CHECK switch(x): max rel err =   0.2738E-14   at   2.422500
| CHECK d/dx switch(x): max rel err =   0.8314E-11   at   2.736960
 ---------------------------------------------------
|---------------------------------------------------
| APPROXIMATING direct energy using CUBIC SPLINE INTERPOLATION
|  with   50.0 points per unit in tabled values
| Relative Error Limit not exceeded for r .gt.   2.39
| APPROXIMATING direct force using CUBIC SPLINE INTERPOLATION
|  with   50.0 points per unit in tabled values
| Relative Error Limit not exceeded for r .gt.   2.84
|---------------------------------------------------

 NSTEP =        0   TIME(PS) =       0.000  TEMP(K) =   443.98  PRESS =     0.0
 Etot   =    -50539.9058  EKtot   =     20817.8670  EPtot      =    -71357.7729
 BOND   =       415.6608  ANGLE   =      1083.8986  DIHED      =      1321.7733
 1-4 NB =       448.2548  1-4 EEL =      4632.5872  VDWAALS    =      8553.1980
 EELEC  =    -87813.1455  EHBOND  =         0.0000  RESTRAINT  =         0.0000
 ------------------------------------------------------------------------------


 NSTEP =      125   TIME(PS) =       0.250  TEMP(K) =   302.77  PRESS =     0.0
 Etot   =    -57232.3127  EKtot   =     14196.6484  EPtot      =    -71428.9611
 BOND   =       394.4125  ANGLE   =      1063.7877  DIHED      =      1311.1844
 1-4 NB =       454.3809  1-4 EEL =      4651.7703  VDWAALS    =      8430.8804
 EELEC  =    -87735.3773  EHBOND  =         0.0000  RESTRAINT  =         0.0000
 ------------------------------------------------------------------------------


 NSTEP =      250   TIME(PS) =       0.500  TEMP(K) =   304.40  PRESS =     0.0
 Etot   =    -57320.0519  EKtot   =     14272.9541  EPtot      =    -71593.0060
 BOND   =       408.2196  ANGLE   =      1088.6682  DIHED      =      1318.9317
 1-4 NB =       439.9344  1-4 EEL =      4639.7426  VDWAALS    =      8772.2901
 EELEC  =    -88260.7926  EHBOND  =         0.0000  RESTRAINT  =         0.0000
 ------------------------------------------------------------------------------


 NSTEP =      375   TIME(PS) =       0.750  TEMP(K) =   300.60  PRESS =     0.0
 Etot   =    -57455.7730  EKtot   =     14094.9756  EPtot      =    -71550.7486
 BOND   =       413.9024  ANGLE   =      1036.6139  DIHED      =      1316.6541
 1-4 NB =       448.2770  1-4 EEL =      4633.6819  VDWAALS    =      8921.7350
 EELEC  =    -88321.6131  EHBOND  =         0.0000  RESTRAINT  =         0.0000
 ------------------------------------------------------------------------------


 NSTEP =      500   TIME(PS) =       1.000  TEMP(K) =   301.89  PRESS =     0.0
 Etot   =    -57366.0583  EKtot   =     14155.1836  EPtot      =    -71521.2419
 BOND   =       391.1225  ANGLE   =      1034.0927  DIHED      =      1321.7594
 1-4 NB =       454.8052  1-4 EEL =      4628.4850  VDWAALS    =      8725.5328
 EELEC  =    -88077.0395  EHBOND  =         0.0000  RESTRAINT  =         0.0000
 ------------------------------------------------------------------------------


 NSTEP =      625   TIME(PS) =       1.250  TEMP(K) =   300.62  PRESS =     0.0
 Etot   =    -57382.6929  EKtot   =     14095.8809  EPtot      =    -71478.5737
 BOND   =       386.0798  ANGLE   =      1059.5111  DIHED      =      1313.9999
 1-4 NB =       459.3538  1-4 EEL =      4696.1121  VDWAALS    =      8515.5529
 EELEC  =    -87909.1833  EHBOND  =         0.0000  RESTRAINT  =         0.0000
 ------------------------------------------------------------------------------


 NSTEP =      750   TIME(PS) =       1.500  TEMP(K) =   300.00  PRESS =     0.0
 Etot   =    -57459.7116  EKtot   =     14066.5469  EPtot      =    -71526.2585
 BOND   =       401.0785  ANGLE   =      1026.6779  DIHED      =      1334.7276
 1-4 NB =       448.9042  1-4 EEL =      4644.6139  VDWAALS    =      8683.2703
 EELEC  =    -88065.5309  EHBOND  =         0.0000  RESTRAINT  =         0.0000
 ------------------------------------------------------------------------------


 NSTEP =      875   TIME(PS) =       1.750  TEMP(K) =   302.17  PRESS =     0.0
 Etot   =    -57255.0136  EKtot   =     14168.4785  EPtot      =    -71423.4921
 BOND   =       380.5778  ANGLE   =      1095.2559  DIHED      =      1304.5925
 1-4 NB =       460.0986  1-4 EEL =      4632.5961  VDWAALS    =      8931.5380
 EELEC  =    -88228.1510  EHBOND  =         0.0000  RESTRAINT  =         0.0000
 ------------------------------------------------------------------------------


 NSTEP =     1000   TIME(PS) =       2.000  TEMP(K) =   299.89  PRESS =     0.0
 Etot   =    -57418.3351  EKtot   =     14061.6963  EPtot      =    -71480.0314
 BOND   =       441.6761  ANGLE   =      1079.1261  DIHED      =      1316.8902
 1-4 NB =       443.9556  1-4 EEL =      4579.4961  VDWAALS    =      8931.8212
 EELEC  =    -88272.9966  EHBOND  =         0.0000  RESTRAINT  =         0.0000
 ------------------------------------------------------------------------------


 NSTEP =     1125   TIME(PS) =       2.250  TEMP(K) =   301.97  PRESS =     0.0
 Etot   =    -57297.4377  EKtot   =     14158.9219  EPtot      =    -71456.3596
 BOND   =       395.5554  ANGLE   =      1086.0184  DIHED      =      1316.7494
 1-4 NB =       453.1635  1-4 EEL =      4665.3954  VDWAALS    =      8602.5822
 EELEC  =    -87975.8239  EHBOND  =         0.0000  RESTRAINT  =         0.0000
 ------------------------------------------------------------------------------


 NSTEP =     1250   TIME(PS) =       2.500  TEMP(K) =   300.98  PRESS =     0.0
 Etot   =    -57305.2126  EKtot   =     14112.7490  EPtot      =    -71417.9617
 BOND   =       416.7604  ANGLE   =      1035.4089  DIHED      =      1333.9666
 1-4 NB =       458.4393  1-4 EEL =      4604.6967  VDWAALS    =      8576.2828
 EELEC  =    -87843.5164  EHBOND  =         0.0000  RESTRAINT  =         0.0000
 ------------------------------------------------------------------------------


 NSTEP =     1375   TIME(PS) =       2.750  TEMP(K) =   300.14  PRESS =     0.0
 Etot   =    -57360.0653  EKtot   =     14073.3906  EPtot      =    -71433.4559
 BOND   =       402.2901  ANGLE   =      1050.8528  DIHED      =      1350.4530
 1-4 NB =       451.6093  1-4 EEL =      4638.8257  VDWAALS    =      8744.8968
 EELEC  =    -88072.3836  EHBOND  =         0.0000  RESTRAINT  =         0.0000
 ------------------------------------------------------------------------------


 NSTEP =     1500   TIME(PS) =       3.000  TEMP(K) =   300.62  PRESS =     0.0
 Etot   =    -57364.0014  EKtot   =     14095.8535  EPtot      =    -71459.8550
 BOND   =       405.6630  ANGLE   =      1075.6069  DIHED      =      1310.3745
 1-4 NB =       442.7614  1-4 EEL =      4569.5986  VDWAALS    =      8914.7226
 EELEC  =    -88178.5819  EHBOND  =         0.0000  RESTRAINT  =         0.0000
 ------------------------------------------------------------------------------


 NSTEP =     1625   TIME(PS) =       3.250  TEMP(K) =   302.33  PRESS =     0.0
 Etot   =    -57465.5148  EKtot   =     14176.1162  EPtot      =    -71641.6310
 BOND   =       385.6451  ANGLE   =      1025.2034  DIHED      =      1327.9450
 1-4 NB =       452.0290  1-4 EEL =      4663.2692  VDWAALS    =      8833.6734
 EELEC  =    -88329.3961  EHBOND  =         0.0000  RESTRAINT  =         0.0000
 ------------------------------------------------------------------------------


 NSTEP =     1750   TIME(PS) =       3.500  TEMP(K) =   300.08  PRESS =     0.0
 Etot   =    -57459.1000  EKtot   =     14070.5771  EPtot      =    -71529.6771
 BOND   =       397.1775  ANGLE   =      1093.1481  DIHED      =      1312.5743
 1-4 NB =       440.6518  1-4 EEL =      4620.3221  VDWAALS    =      8561.9881
 EELEC  =    -87955.5390  EHBOND  =         0.0000  RESTRAINT  =         0.0000
 ------------------------------------------------------------------------------


 NSTEP =     1875   TIME(PS) =       3.750  TEMP(K) =   298.00  PRESS =     0.0
 Etot   =    -57654.4938  EKtot   =     13972.6904  EPtot      =    -71627.1843
 BOND   =       367.2031  ANGLE   =      1092.4725  DIHED      =      1326.8738
 1-4 NB =       440.9558  1-4 EEL =      4647.3863  VDWAALS    =      8746.4053
 EELEC  =    -88248.4811  EHBOND  =         0.0000  RESTRAINT  =         0.0000
 ------------------------------------------------------------------------------


 NSTEP =     2000   TIME(PS) =       4.000  TEMP(K) =   300.52  PRESS =     0.0
 Etot   =    -57532.2974  EKtot   =     14091.1826  EPtot      =    -71623.4800
 BOND   =       378.1589  ANGLE   =      1107.6412  DIHED      =      1313.9484
 1-4 NB =       452.6363  1-4 EEL =      4691.0835  VDWAALS    =      8925.7151
 EELEC  =    -88492.6635  EHBOND  =         0.0000  RESTRAINT  =         0.0000
 ------------------------------------------------------------------------------


 NSTEP =     2125   TIME(PS) =       4.250  TEMP(K) =   300.80  PRESS =     0.0
 Etot   =    -57476.7862  EKtot   =     14103.9346  EPtot      =    -71580.7208
 BOND   =       375.1349  ANGLE   =      1098.8664  DIHED      =      1326.9202
 1-4 NB =       463.7655  1-4 EEL =      4624.1687  VDWAALS    =      8857.1095
 EELEC  =    -88326.6860  EHBOND  =         0.0000  RESTRAINT  =         0.0000
 ------------------------------------------------------------------------------


 NSTEP =     2250   TIME(PS) =       4.500  TEMP(K) =   303.35  PRESS =     0.0
 Etot   =    -57351.4333  EKtot   =     14223.4775  EPtot      =    -71574.9108
 BOND   =       397.2930  ANGLE   =      1054.4123  DIHED      =      1334.0120
 1-4 NB =       455.6340  1-4 EEL =      4614.5377  VDWAALS    =      8729.1246
 EELEC  =    -88159.9245  EHBOND  =         0.0000  RESTRAINT  =         0.0000
 ------------------------------------------------------------------------------


 NSTEP =     2375   TIME(PS) =       4.750  TEMP(K) =   296.56  PRESS =     0.0
 Etot   =    -57562.2569  EKtot   =     13905.1855  EPtot      =    -71467.4424
 BOND   =       376.4257  ANGLE   =      1093.2346  DIHED      =      1341.7201
 1-4 NB =       450.3289  1-4 EEL =      4609.8919  VDWAALS    =      8647.3430
 EELEC  =    -87986.3867  EHBOND  =         0.0000  RESTRAINT  =         0.0000
 ------------------------------------------------------------------------------


 NSTEP =     2500   TIME(PS) =       5.000  TEMP(K) =   296.74  PRESS =     0.0
 Etot   =    -57694.2116  EKtot   =     13914.0049  EPtot      =    -71608.2165
 BOND   =       355.9997  ANGLE   =      1035.8160  DIHED      =      1327.9275
 1-4 NB =       445.3922  1-4 EEL =      4643.8566  VDWAALS    =      8627.4796
 EELEC  =    -88044.6882  EHBOND  =         0.0000  RESTRAINT  =         0.0000
 ------------------------------------------------------------------------------


 NSTEP =     2625   TIME(PS) =       5.250  TEMP(K) =   298.38  PRESS =     0.0
 Etot   =    -57717.3072  EKtot   =     13990.7432  EPtot      =    -71708.0504
 BOND   =       379.2087  ANGLE   =      1060.2194  DIHED      =      1326.0708
 1-4 NB =       446.4576  1-4 EEL =      4617.7032  VDWAALS    =      8759.2056
 EELEC  =    -88296.9157  EHBOND  =         0.0000  RESTRAINT  =         0.0000
 ------------------------------------------------------------------------------


 NSTEP =     2750   TIME(PS) =       5.500  TEMP(K) =   298.71  PRESS =     0.0
 Etot   =    -57692.9671  EKtot   =     14006.0771  EPtot      =    -71699.0443
 BOND   =       398.1393  ANGLE   =      1050.8413  DIHED      =      1320.2615
 1-4 NB =       431.0851  1-4 EEL =      4609.5985  VDWAALS    =      8646.8702
 EELEC  =    -88155.8401  EHBOND  =         0.0000  RESTRAINT  =         0.0000
 ------------------------------------------------------------------------------


 NSTEP =     2875   TIME(PS) =       5.750  TEMP(K) =   297.53  PRESS =     0.0
 Etot   =    -57767.5380  EKtot   =     13950.9824  EPtot      =    -71718.5204
 BOND   =       401.5175  ANGLE   =      1035.8537  DIHED      =      1334.6566
 1-4 NB =       457.8076  1-4 EEL =      4588.6258  VDWAALS    =      8778.8309
 EELEC  =    -88315.8125  EHBOND  =         0.0000  RESTRAINT  =         0.0000
 ------------------------------------------------------------------------------


 NSTEP =     3000   TIME(PS) =       6.000  TEMP(K) =   295.72  PRESS =     0.0
 Etot   =    -57723.7064  EKtot   =     13865.9248  EPtot      =    -71589.6312
 BOND   =       432.7376  ANGLE   =      1096.6544  DIHED      =      1310.8133
 1-4 NB =       447.6700  1-4 EEL =      4635.8319  VDWAALS    =      8915.6083
 EELEC  =    -88428.9468  EHBOND  =         0.0000  RESTRAINT  =         0.0000
 ------------------------------------------------------------------------------


 NSTEP =     3125   TIME(PS) =       6.250  TEMP(K) =   297.12  PRESS =     0.0
 Etot   =    -57951.5297  EKtot   =     13931.6416  EPtot      =    -71883.1713
 BOND   =       390.6527  ANGLE   =      1048.5806  DIHED      =      1342.3077
 1-4 NB =       453.6057  1-4 EEL =      4632.6343  VDWAALS    =      8798.8226
 EELEC  =    -88549.7750  EHBOND  =         0.0000  RESTRAINT  =         0.0000
 ------------------------------------------------------------------------------


 NSTEP =     3250   TIME(PS) =       6.500  TEMP(K) =   296.54  PRESS =     0.0
 Etot   =    -57819.9881  EKtot   =     13904.2764  EPtot      =    -71724.2645
 BOND   =       394.1766  ANGLE   =      1068.7147  DIHED      =      1312.1684
 1-4 NB =       437.4233  1-4 EEL =      4603.2466  VDWAALS    =      8709.8750
 EELEC  =    -88249.8691  EHBOND  =         0.0000  RESTRAINT  =         0.0000
 ------------------------------------------------------------------------------


 NSTEP =     3375   TIME(PS) =       6.750  TEMP(K) =   301.21  PRESS =     0.0
 Etot   =    -57654.2432  EKtot   =     14123.2500  EPtot      =    -71777.4932
 BOND   =       393.8925  ANGLE   =      1062.9446  DIHED      =      1327.9416
 1-4 NB =       441.8058  1-4 EEL =      4614.5738  VDWAALS    =      8709.3927
 EELEC  =    -88328.0442  EHBOND  =         0.0000  RESTRAINT  =         0.0000
 ------------------------------------------------------------------------------


 NSTEP =     3500   TIME(PS) =       7.000  TEMP(K) =   301.21  PRESS =     0.0
 Etot   =    -57401.2885  EKtot   =     14123.5762  EPtot      =    -71524.8647
 BOND   =       383.1947  ANGLE   =      1067.4314  DIHED      =      1300.9944
 1-4 NB =       457.1118  1-4 EEL =      4645.0797  VDWAALS    =      8770.1192
 EELEC  =    -88148.7958  EHBOND  =         0.0000  RESTRAINT  =         0.0000
 ------------------------------------------------------------------------------


 NSTEP =     3625   TIME(PS) =       7.250  TEMP(K) =   300.32  PRESS =     0.0
 Etot   =    -57405.3680  EKtot   =     14081.5977  EPtot      =    -71486.9657
 BOND   =       386.9802  ANGLE   =      1069.9842  DIHED      =      1325.8673
 1-4 NB =       444.4048  1-4 EEL =      4633.1696  VDWAALS    =      8607.6232
 EELEC  =    -87954.9950  EHBOND  =         0.0000  RESTRAINT  =         0.0000
 ------------------------------------------------------------------------------


 NSTEP =     3750   TIME(PS) =       7.500  TEMP(K) =   301.03  PRESS =     0.0
 Etot   =    -57281.1728  EKtot   =     14114.7451  EPtot      =    -71395.9179
 BOND   =       392.8648  ANGLE   =      1056.0601  DIHED      =      1319.3688
 1-4 NB =       471.2317  1-4 EEL =      4649.0527  VDWAALS    =      8445.5115
 EELEC  =    -87730.0075  EHBOND  =         0.0000  RESTRAINT  =         0.0000
 ------------------------------------------------------------------------------


 NSTEP =     3875   TIME(PS) =       7.750  TEMP(K) =   302.34  PRESS =     0.0
 Etot   =    -57256.4214  EKtot   =     14176.4854  EPtot      =    -71432.9067
 BOND   =       387.9801  ANGLE   =      1066.4795  DIHED      =      1310.0464
 1-4 NB =       454.5112  1-4 EEL =      4627.3754  VDWAALS    =      8695.2387
 EELEC  =    -87974.5379  EHBOND  =         0.0000  RESTRAINT  =         0.0000
 ------------------------------------------------------------------------------


 NSTEP =     4000   TIME(PS) =       8.000  TEMP(K) =   302.24  PRESS =     0.0
 Etot   =    -57171.5425  EKtot   =     14171.6035  EPtot      =    -71343.1460
 BOND   =       392.9540  ANGLE   =      1110.9993  DIHED      =      1320.8148
 1-4 NB =       467.1079  1-4 EEL =      4634.6041  VDWAALS    =      8521.4033
 EELEC  =    -87791.0292  EHBOND  =         0.0000  RESTRAINT  =         0.0000
 ------------------------------------------------------------------------------


 NSTEP =     4125   TIME(PS) =       8.250  TEMP(K) =   300.22  PRESS =     0.0
 Etot   =    -57234.4701  EKtot   =     14076.7500  EPtot      =    -71311.2201
 BOND   =       385.3271  ANGLE   =      1070.1270  DIHED      =      1308.3025
 1-4 NB =       463.1215  1-4 EEL =      4637.9963  VDWAALS    =      8402.1859
 EELEC  =    -87578.2804  EHBOND  =         0.0000  RESTRAINT  =         0.0000
 ------------------------------------------------------------------------------


 NSTEP =     4250   TIME(PS) =       8.500  TEMP(K) =   301.82  PRESS =     0.0
 Etot   =    -57284.3610  EKtot   =     14151.7559  EPtot      =    -71436.1169
 BOND   =       390.6340  ANGLE   =      1049.0686  DIHED      =      1319.3453
 1-4 NB =       455.9981  1-4 EEL =      4709.0697  VDWAALS    =      8851.4502
 EELEC  =    -88211.6829  EHBOND  =         0.0000  RESTRAINT  =         0.0000
 ------------------------------------------------------------------------------


 NSTEP =     4375   TIME(PS) =       8.750  TEMP(K) =   301.72  PRESS =     0.0
 Etot   =    -57411.7393  EKtot   =     14147.3408  EPtot      =    -71559.0802
 BOND   =       373.1466  ANGLE   =      1074.6245  DIHED      =      1347.0342
 1-4 NB =       462.0083  1-4 EEL =      4635.3010  VDWAALS    =      8793.7943
 EELEC  =    -88244.9889  EHBOND  =         0.0000  RESTRAINT  =         0.0000
 ------------------------------------------------------------------------------


 NSTEP =     4500   TIME(PS) =       9.000  TEMP(K) =   302.34  PRESS =     0.0
 Etot   =    -57391.6128  EKtot   =     14176.4609  EPtot      =    -71568.0738
 BOND   =       390.1905  ANGLE   =      1097.1674  DIHED      =      1308.6979
 1-4 NB =       450.9443  1-4 EEL =      4612.2832  VDWAALS    =      8764.3593
 EELEC  =    -88191.7164  EHBOND  =         0.0000  RESTRAINT  =         0.0000
 ------------------------------------------------------------------------------


 NSTEP =     4625   TIME(PS) =       9.250  TEMP(K) =   304.13  PRESS =     0.0
 Etot   =    -57277.3257  EKtot   =     14260.0947  EPtot      =    -71537.4204
 BOND   =       404.3296  ANGLE   =      1108.2749  DIHED      =      1324.6137
 1-4 NB =       448.4335  1-4 EEL =      4636.1590  VDWAALS    =      8556.6957
 EELEC  =    -88015.9269  EHBOND  =         0.0000  RESTRAINT  =         0.0000
 ------------------------------------------------------------------------------


 NSTEP =     4750   TIME(PS) =       9.500  TEMP(K) =   303.29  PRESS =     0.0
 Etot   =    -57167.3515  EKtot   =     14221.0039  EPtot      =    -71388.3554
 BOND   =       375.5957  ANGLE   =      1078.2889  DIHED      =      1322.5777
 1-4 NB =       461.5138  1-4 EEL =      4671.6251  VDWAALS    =      8848.9540
 EELEC  =    -88146.9106  EHBOND  =         0.0000  RESTRAINT  =         0.0000
 ------------------------------------------------------------------------------


 NSTEP =     4875   TIME(PS) =       9.750  TEMP(K) =   301.85  PRESS =     0.0
 Etot   =    -57328.2054  EKtot   =     14153.2119  EPtot      =    -71481.4173
 BOND   =       398.9316  ANGLE   =      1068.5926  DIHED      =      1333.9660
 1-4 NB =       448.0666  1-4 EEL =      4651.8107  VDWAALS    =      8707.5963
 EELEC  =    -88090.3810  EHBOND  =         0.0000  RESTRAINT  =         0.0000
 ------------------------------------------------------------------------------


 NSTEP =     5000   TIME(PS) =      10.000  TEMP(K) =   298.93  PRESS =     0.0
 Etot   =    -57381.1107  EKtot   =     14016.4424  EPtot      =    -71397.5531
 BOND   =       369.7355  ANGLE   =      1101.4844  DIHED      =      1305.2760
 1-4 NB =       453.7312  1-4 EEL =      4625.8476  VDWAALS    =      8821.7361
 EELEC  =    -88075.3640  EHBOND  =         0.0000  RESTRAINT  =         0.0000
 ------------------------------------------------------------------------------


      A V E R A G E S   O V E R      40 S T E P S


 NSTEP =     5000   TIME(PS) =      10.000  TEMP(K) =   300.53  PRESS =     0.0
 Etot   =    -57443.3002  EKtot   =     14091.3603  EPtot      =    -71534.6605
 BOND   =       392.3141  ANGLE   =      1069.3702  DIHED      =      1322.0832
 1-4 NB =       451.7779  1-4 EEL =      4634.2780  VDWAALS    =      8719.6304
 EELEC  =    -88124.1144  EHBOND  =         0.0000  RESTRAINT  =         0.0000
 ------------------------------------------------------------------------------


      R M S  F L U C T U A T I O N S


 NSTEP =     5000   TIME(PS) =      10.000  TEMP(K) =     2.13  PRESS =     0.0
 Etot   =       186.8698  EKtot   =       100.0219  EPtot      =       121.8695
 BOND   =        16.2451  ANGLE   =        24.0060  DIHED      =        11.7428
 1-4 NB =         8.4158  1-4 EEL =        28.0807  VDWAALS    =       142.4334
 EELEC  =       208.9827  EHBOND  =         0.0000  RESTRAINT  =         0.0000
 ------------------------------------------------------------------------------

--------------------------------------------------------------------------------
   5.  TIMINGS
--------------------------------------------------------------------------------

|  NonSetup CPU Time in Major Routines:
|
|     Routine           Sec        %
|     ------------------------------
|     Nonbond           1.36   15.30
|     Bond              0.00    0.00
|     Angle             0.00    0.00
|     Dihedral          0.00    0.00
|     Shake             0.08    0.95
|     RunMD             7.43   83.62
|     Other             0.01    0.14
|     ------------------------------
|     Total             8.89

|  PME Nonbond Pairlist CPU Time:
|
|     Routine              Sec        %
|     ---------------------------------
|     Set Up Cit           0.00    0.00
|     Build List           0.00    0.00
|     ---------------------------------
|     Total                0.00    0.00

|  PME Direct Force CPU Time:
|
|     Routine              Sec        %
|     ---------------------------------
|     NonBonded Calc       0.00    0.00
|     Exclude Masked       0.00    0.00
|     Other                0.00    0.00
|     ---------------------------------
|     Total                0.00    0.00

|  PME Reciprocal Force CPU Time:
|
|     Routine              Sec        %
|     ---------------------------------
|     1D bspline           0.00    0.00
|     Grid Charges         0.00    0.00
|     Scalar Sum           0.00    0.00
|     Gradient Sum         0.00    0.00
|     FFT                  0.00    0.00
|     ---------------------------------
|     Total                0.00    0.00

|  Final Performance Info:
|     -----------------------------------------------------
|     Average timings for last    5000 steps:
|     Elapsed(s) =       8.90 Per Step(ms) =       1.78
|         ns/day =      97.11   seconds/ns =     889.68
|
|     Average timings for all steps:
|     Elapsed(s) =       8.90 Per Step(ms) =       1.78
|         ns/day =      97.11   seconds/ns =     889.68
|     -----------------------------------------------------

|  Setup CPU time:            3.29 seconds
|  NonSetup CPU time:         8.89 seconds
|  Total CPU time:           12.18 seconds     0.00 hours

|  Setup wall time:           3    seconds
|  NonSetup wall time:        9    seconds
|  Total wall time:          12    seconds     0.00 hours
