
          -------------------------------------------------------
          Amber 16 PMEMD                              2016
          -------------------------------------------------------

| PMEMD implementation of SANDER, Release 16

| Run on 08/25/2017 at 15:49:53

|   Executable path: /apps/amber16/bin/pmemd.cuda
| Working directory: /scratch/pbarletta/pdz/run/lb/neq/data/1
|          Hostname: mordor

  [-O]verwriting output

File Assignments:
|   MDIN: pdt.in                                                                
|  MDOUT: 42plb_1.out                                                           
| INPCRD: /scratch/pbarletta/pdz/run/lb/neq/starting_frames/42_lb.rst7          
|   PARM: /scratch/pbarletta/pdz/top_files/lb.prmtop                            
| RESTRT: 42plb_1.rst7                                                          
|   REFC: refc                                                                  
|  MDVEL: mdvel                                                                 
|   MDEN: mden                                                                  
|  MDCRD: 42plb_1.nc                                                            
| MDINFO: mdinfo                                                                
|  MDFRC: mdfrc                                                                 


 Here is the input file:

!NVT run. P/ recuperar velocidades                                             
&cntrl                                                                         
imin = 0,                           ! No Minimization                          
nmropt = 0,                         ! No NMR restraints read                   
                                                                               
! Nature and format of the input                                               
ntx = 1,                            ! Coordinates will be read, assign new velo
irest = 0,                          ! Run a new simulation                     
                                                                               
! Nature and format of the output                                              
ioutfm = 1,			    ! NetCDF format for output files                             
ntxo = 1,                           ! rstrt file in ASCII format               
ntpr = 125,                         ! inf in output every ntpr steps           
ntwr = 500,                         ! rstrt file every ntwr steps              
ntwx = 0,                           ! mdcrd file every ntwx steps              
ntwv = 0,                           ! mdvel without velocities                 
ntwe = 0,                           ! Energies and temperatures not written in 
idecomp = 0,                        ! No energy decomposition                  
iwrap = 1,                          ! Coordinates of the restart and mdcrd file
                                                                               
! Frozen or restrained atoms                                                   
ibelly = 0,                         ! No frozen atoms                          
ntr=0,                              ! Harmonic potential restraints            
                                                                               
! Molecular dynamics                                                           
nstlim = 5000,                      ! Number of MD-steps                       
dt = 0.002,                         ! Time step                                
                                                                               
! Temperature regulation                                                       
ntt = 3,                            ! Langevin thermostat                      
gamma_ln = 2,                       ! Gamma constant for Langevin              
temp0 = 300.0,                     ! Reference T at which the system is to be k
tempi = 300.0,                      ! Initial T                                
                                                                               
! P and V regulation                                                           
ntp = 0,                            ! No P control                             
ntb = 1,                            ! constant V                               
                                                                               
! SHAKE variables                                                              
ntc = 2,                            ! Bonds involving H are constrained        
ntf = 2,                            ! Bond interaction involving H are ommited.
                                                                               
cut = 9.0,                          ! Nonbonded cutoff                         
/                                                                              
&end                                                                           


Note: ig = -1. Setting random seed to   653412 based on wallclock time in 
      microseconds.
| irandom = 1, using AMBER's internal random number generator (default).
 
|--------------------- INFORMATION ----------------------
| GPU (CUDA) Version of PMEMD in use: NVIDIA GPU IN USE.
|                    Version 16.0.0
| 
|                      02/25/2016
| 
| Implementation by:
|                    Ross C. Walker     (SDSC)
|                    Scott Le Grand     (nVIDIA)
| 
| Precision model in use:
|      [SPFP] - Single Precision Forces, 64-bit Fixed Point
|               Accumulation. (Default)
| 
|--------------------------------------------------------
 
|----------------- CITATION INFORMATION -----------------
|
|    When publishing work that utilized the CUDA version
|    of AMBER, please cite the following in addition to
|    the regular AMBER citations:
|
|  - Romelia Salomon-Ferrer; Andreas W. Goetz; Duncan
|    Poole; Scott Le Grand; Ross C. Walker "Routine
|    microsecond molecular dynamics simulations with
|    AMBER - Part II: Particle Mesh Ewald", J. Chem.
|    Theory Comput., 2013, 9 (9), pp3878-3888,
|    DOI: 10.1021/ct400314y.
|
|  - Andreas W. Goetz; Mark J. Williamson; Dong Xu;
|    Duncan Poole; Scott Le Grand; Ross C. Walker
|    "Routine microsecond molecular dynamics simulations
|    with AMBER - Part I: Generalized Born", J. Chem.
|    Theory Comput., 2012, 8 (5), pp1542-1555.
|
|  - Scott Le Grand; Andreas W. Goetz; Ross C. Walker
|    "SPFP: Speed without compromise - a mixed precision
|    model for GPU accelerated molecular dynamics
|    simulations.", Comp. Phys. Comm., 2013, 184
|    pp374-380, DOI: 10.1016/j.cpc.2012.09.022
|
|--------------------------------------------------------
 
|------------------- GPU DEVICE INFO --------------------
|
|            CUDA_VISIBLE_DEVICES: 2
|   CUDA Capable Devices Detected:      1
|           CUDA Device ID in use:      0
|                CUDA Device Name: GeForce GTX 780
|     CUDA Device Global Mem Size:   3020 MB
| CUDA Device Num Multiprocessors:     12
|           CUDA Device Core Freq:   0.99 GHz
|
|--------------------------------------------------------
 
 
| Conditional Compilation Defines Used:
| PUBFFT
| BINTRAJ
| CUDA
| EMIL

| Largest sphere to fit in unit cell has radius =    26.281

| New format PARM file being parsed.
| Version =    1.000 Date = 09/04/12 Time = 16:08:43

| Note: 1-4 EEL scale factors are being read from the topology file.

| Note: 1-4 VDW scale factors are being read from the topology file.
| Duplicated    0 dihedrals

| Duplicated    0 dihedrals

--------------------------------------------------------------------------------
   1.  RESOURCE   USE: 
--------------------------------------------------------------------------------

 getting new box info from bottom of inpcrd
 NATOM  =   23082 NTYPES =      16 NBONH =   22055 MBONA  =    1038
 NTHETH =    2390 MTHETA =    1396 NPHIH =    4631 MPHIA  =    3488
 NHPARM =       0 NPARM  =       0 NNB   =   39434 NRES   =    7134
 NBONA  =    1038 NTHETA =    1396 NPHIA =    3488 NUMBND =      41
 NUMANG =      86 NPTRA  =      41 NATYP =      28 NPHB   =       1
 IFBOX  =       1 NMXRS  =      24 IFCAP =       0 NEXTRA =       0
 NCOPY  =       0

| Coordinate Index Table dimensions:    12   14   10
| Direct force subcell size =     5.0212    5.2012    5.2562

     BOX TYPE: RECTILINEAR

--------------------------------------------------------------------------------
   2.  CONTROL  DATA  FOR  THE  RUN
--------------------------------------------------------------------------------

default_name                                                                    

General flags:
     imin    =       0, nmropt  =       0

Nature and format of input:
     ntx     =       1, irest   =       0, ntrx    =       1

Nature and format of output:
     ntxo    =       1, ntpr    =     125, ntrx    =       1, ntwr    =     500
     iwrap   =       1, ntwx    =       0, ntwv    =       0, ntwe    =       0
     ioutfm  =       1, ntwprt  =       0, idecomp =       0, rbornstat=      0

Potential function:
     ntf     =       2, ntb     =       1, igb     =       0, nsnb    =      25
     ipol    =       0, gbsa    =       0, iesp    =       0
     dielc   =   1.00000, cut     =   9.00000, intdiel =   1.00000

Frozen or restrained atoms:
     ibelly  =       0, ntr     =       0

Molecular dynamics:
     nstlim  =      5000, nscm    =      1000, nrespa  =         1
     t       =   0.00000, dt      =   0.00200, vlimit  =  -1.00000

Langevin dynamics temperature regulation:
     ig      =  653412
     temp0   = 300.00000, tempi   = 300.00000, gamma_ln=   2.00000

SHAKE:
     ntc     =       2, jfastw  =       0
     tol     =   0.00001

| Intermolecular bonds treatment:
|     no_intermolecular_bonds =       1

| Energy averages sample interval:
|     ene_avg_sampling =     125

Ewald parameters:
     verbose =       0, ew_type =       0, nbflag  =       1, use_pme =       1
     vdwmeth =       1, eedmeth =       1, netfrc  =       1
     Box X =   60.254   Box Y =   72.816   Box Z =   52.562
     Alpha =   90.000   Beta  =   90.000   Gamma =   90.000
     NFFT1 =   64       NFFT2 =   80       NFFT3 =   56
     Cutoff=    9.000   Tol   =0.100E-04
     Ewald Coefficient =  0.30768
     Interpolation order =    4

--------------------------------------------------------------------------------
   3.  ATOMIC COORDINATES AND VELOCITIES
--------------------------------------------------------------------------------

Cpptraj Generated Restart                                                       
 begin time read from input coords = 84000.000 ps

 
 Number of triangulated 3-point waters found:     7002

     Sum of charges from parm topology file =  -0.00000008
     Forcing neutrality...

| Dynamic Memory, Types Used:
| Reals              711627
| Integers           739238

| Nonbonded Pairs Initial Allocation:     5262696

| GPU memory information (estimate):
| KB of GPU memory in use:    131584
| KB of CPU memory in use:     26992

--------------------------------------------------------------------------------
   4.  RESULTS
--------------------------------------------------------------------------------

 ---------------------------------------------------
 APPROXIMATING switch and d/dx switch using CUBIC SPLINE INTERPOLATION
 using   5000.0 points per unit in tabled values
 TESTING RELATIVE ERROR over r ranging from 0.0 to cutoff
| CHECK switch(x): max rel err =   0.2738E-14   at   2.422500
| CHECK d/dx switch(x): max rel err =   0.8314E-11   at   2.736960
 ---------------------------------------------------
|---------------------------------------------------
| APPROXIMATING direct energy using CUBIC SPLINE INTERPOLATION
|  with   50.0 points per unit in tabled values
| Relative Error Limit not exceeded for r .gt.   2.39
| APPROXIMATING direct force using CUBIC SPLINE INTERPOLATION
|  with   50.0 points per unit in tabled values
| Relative Error Limit not exceeded for r .gt.   2.84
|---------------------------------------------------

 NSTEP =        0   TIME(PS) =       0.000  TEMP(K) =   441.39  PRESS =     0.0
 Etot   =    -51142.7233  EKtot   =     20696.4297  EPtot      =    -71839.1529
 BOND   =       419.9512  ANGLE   =      1064.9385  DIHED      =      1315.3250
 1-4 NB =       447.3868  1-4 EEL =      4614.7219  VDWAALS    =      8718.6371
 EELEC  =    -88420.1134  EHBOND  =         0.0000  RESTRAINT  =         0.0000
 ------------------------------------------------------------------------------


 NSTEP =      125   TIME(PS) =       0.250  TEMP(K) =   301.95  PRESS =     0.0
 Etot   =    -57533.8977  EKtot   =     14157.9385  EPtot      =    -71691.8362
 BOND   =       373.9886  ANGLE   =      1050.6832  DIHED      =      1348.3336
 1-4 NB =       443.3417  1-4 EEL =      4648.4420  VDWAALS    =      8874.9897
 EELEC  =    -88431.6151  EHBOND  =         0.0000  RESTRAINT  =         0.0000
 ------------------------------------------------------------------------------


 NSTEP =      250   TIME(PS) =       0.500  TEMP(K) =   301.58  PRESS =     0.0
 Etot   =    -57312.2148  EKtot   =     14140.5859  EPtot      =    -71452.8008
 BOND   =       398.2605  ANGLE   =      1092.3551  DIHED      =      1339.5728
 1-4 NB =       442.7763  1-4 EEL =      4599.6198  VDWAALS    =      8777.0357
 EELEC  =    -88102.4211  EHBOND  =         0.0000  RESTRAINT  =         0.0000
 ------------------------------------------------------------------------------


 NSTEP =      375   TIME(PS) =       0.750  TEMP(K) =   301.19  PRESS =     0.0
 Etot   =    -57354.1664  EKtot   =     14122.4258  EPtot      =    -71476.5922
 BOND   =       389.4757  ANGLE   =      1044.4649  DIHED      =      1324.5130
 1-4 NB =       438.9714  1-4 EEL =      4600.2256  VDWAALS    =      8932.5572
 EELEC  =    -88206.7999  EHBOND  =         0.0000  RESTRAINT  =         0.0000
 ------------------------------------------------------------------------------


 NSTEP =      500   TIME(PS) =       1.000  TEMP(K) =   299.74  PRESS =     0.0
 Etot   =    -57275.9009  EKtot   =     14054.5566  EPtot      =    -71330.4575
 BOND   =       397.3545  ANGLE   =      1053.6949  DIHED      =      1321.7507
 1-4 NB =       449.1171  1-4 EEL =      4599.3571  VDWAALS    =      8770.4029
 EELEC  =    -87922.1347  EHBOND  =         0.0000  RESTRAINT  =         0.0000
 ------------------------------------------------------------------------------


 NSTEP =      625   TIME(PS) =       1.250  TEMP(K) =   303.64  PRESS =     0.0
 Etot   =    -57421.0406  EKtot   =     14237.4346  EPtot      =    -71658.4752
 BOND   =       376.2304  ANGLE   =      1036.7061  DIHED      =      1333.5567
 1-4 NB =       446.9316  1-4 EEL =      4622.8134  VDWAALS    =      8675.9043
 EELEC  =    -88150.6179  EHBOND  =         0.0000  RESTRAINT  =         0.0000
 ------------------------------------------------------------------------------


 NSTEP =      750   TIME(PS) =       1.500  TEMP(K) =   301.82  PRESS =     0.0
 Etot   =    -57463.9902  EKtot   =     14152.1045  EPtot      =    -71616.0947
 BOND   =       383.1529  ANGLE   =      1018.8357  DIHED      =      1318.2389
 1-4 NB =       452.5423  1-4 EEL =      4650.4364  VDWAALS    =      8682.9351
 EELEC  =    -88122.2361  EHBOND  =         0.0000  RESTRAINT  =         0.0000
 ------------------------------------------------------------------------------


 NSTEP =      875   TIME(PS) =       1.750  TEMP(K) =   300.21  PRESS =     0.0
 Etot   =    -57441.1424  EKtot   =     14076.2793  EPtot      =    -71517.4217
 BOND   =       398.3403  ANGLE   =      1036.0042  DIHED      =      1331.5374
 1-4 NB =       451.1168  1-4 EEL =      4643.6404  VDWAALS    =      8782.7645
 EELEC  =    -88160.8253  EHBOND  =         0.0000  RESTRAINT  =         0.0000
 ------------------------------------------------------------------------------


 NSTEP =     1000   TIME(PS) =       2.000  TEMP(K) =   300.11  PRESS =     0.0
 Etot   =    -57493.0198  EKtot   =     14071.5674  EPtot      =    -71564.5872
 BOND   =       398.5094  ANGLE   =      1075.4663  DIHED      =      1311.6852
 1-4 NB =       440.3682  1-4 EEL =      4621.1945  VDWAALS    =      8735.3937
 EELEC  =    -88147.2044  EHBOND  =         0.0000  RESTRAINT  =         0.0000
 ------------------------------------------------------------------------------


 NSTEP =     1125   TIME(PS) =       2.250  TEMP(K) =   300.11  PRESS =     0.0
 Etot   =    -57527.7750  EKtot   =     14071.9609  EPtot      =    -71599.7360
 BOND   =       388.6625  ANGLE   =      1037.4203  DIHED      =      1329.8231
 1-4 NB =       432.4553  1-4 EEL =      4643.1661  VDWAALS    =      8731.1420
 EELEC  =    -88162.4052  EHBOND  =         0.0000  RESTRAINT  =         0.0000
 ------------------------------------------------------------------------------


 NSTEP =     1250   TIME(PS) =       2.500  TEMP(K) =   302.12  PRESS =     0.0
 Etot   =    -57340.2433  EKtot   =     14165.9385  EPtot      =    -71506.1818
 BOND   =       412.4329  ANGLE   =      1046.1232  DIHED      =      1342.0573
 1-4 NB =       436.2689  1-4 EEL =      4552.3739  VDWAALS    =      8601.8851
 EELEC  =    -87897.3230  EHBOND  =         0.0000  RESTRAINT  =         0.0000
 ------------------------------------------------------------------------------


 NSTEP =     1375   TIME(PS) =       2.750  TEMP(K) =   301.18  PRESS =     0.0
 Etot   =    -57412.9163  EKtot   =     14122.1055  EPtot      =    -71535.0218
 BOND   =       391.2981  ANGLE   =      1072.5525  DIHED      =      1323.5495
 1-4 NB =       449.6681  1-4 EEL =      4612.9004  VDWAALS    =      8688.4535
 EELEC  =    -88073.4439  EHBOND  =         0.0000  RESTRAINT  =         0.0000
 ------------------------------------------------------------------------------


 NSTEP =     1500   TIME(PS) =       3.000  TEMP(K) =   298.82  PRESS =     0.0
 Etot   =    -57589.1609  EKtot   =     14011.5137  EPtot      =    -71600.6746
 BOND   =       374.3907  ANGLE   =      1087.5907  DIHED      =      1327.5555
 1-4 NB =       453.8939  1-4 EEL =      4600.6802  VDWAALS    =      8604.2464
 EELEC  =    -88049.0320  EHBOND  =         0.0000  RESTRAINT  =         0.0000
 ------------------------------------------------------------------------------


 NSTEP =     1625   TIME(PS) =       3.250  TEMP(K) =   297.19  PRESS =     0.0
 Etot   =    -57690.7699  EKtot   =     13934.9492  EPtot      =    -71625.7192
 BOND   =       378.3172  ANGLE   =      1074.5983  DIHED      =      1331.7034
 1-4 NB =       439.7671  1-4 EEL =      4628.5148  VDWAALS    =      8561.2591
 EELEC  =    -88039.8792  EHBOND  =         0.0000  RESTRAINT  =         0.0000
 ------------------------------------------------------------------------------


 NSTEP =     1750   TIME(PS) =       3.500  TEMP(K) =   298.32  PRESS =     0.0
 Etot   =    -57798.2693  EKtot   =     13987.7686  EPtot      =    -71786.0379
 BOND   =       384.6152  ANGLE   =      1035.7201  DIHED      =      1328.7481
 1-4 NB =       452.3325  1-4 EEL =      4654.5061  VDWAALS    =      8881.4805
 EELEC  =    -88523.4404  EHBOND  =         0.0000  RESTRAINT  =         0.0000
 ------------------------------------------------------------------------------


 NSTEP =     1875   TIME(PS) =       3.750  TEMP(K) =   297.61  PRESS =     0.0
 Etot   =    -57854.4078  EKtot   =     13954.5391  EPtot      =    -71808.9468
 BOND   =       391.2248  ANGLE   =      1017.2558  DIHED      =      1331.0534
 1-4 NB =       451.3489  1-4 EEL =      4587.7370  VDWAALS    =      9060.0498
 EELEC  =    -88647.6165  EHBOND  =         0.0000  RESTRAINT  =         0.0000
 ------------------------------------------------------------------------------


 NSTEP =     2000   TIME(PS) =       4.000  TEMP(K) =   302.19  PRESS =     0.0
 Etot   =    -57621.0977  EKtot   =     14169.4365  EPtot      =    -71790.5342
 BOND   =       411.3094  ANGLE   =      1032.9042  DIHED      =      1334.3348
 1-4 NB =       443.1958  1-4 EEL =      4637.3082  VDWAALS    =      8915.1928
 EELEC  =    -88564.7794  EHBOND  =         0.0000  RESTRAINT  =         0.0000
 ------------------------------------------------------------------------------


 NSTEP =     2125   TIME(PS) =       4.250  TEMP(K) =   299.68  PRESS =     0.0
 Etot   =    -57615.5066  EKtot   =     14051.8564  EPtot      =    -71667.3630
 BOND   =       430.2908  ANGLE   =      1066.9909  DIHED      =      1328.1494
 1-4 NB =       436.1868  1-4 EEL =      4606.3918  VDWAALS    =      8646.9749
 EELEC  =    -88182.3476  EHBOND  =         0.0000  RESTRAINT  =         0.0000
 ------------------------------------------------------------------------------


 NSTEP =     2250   TIME(PS) =       4.500  TEMP(K) =   297.19  PRESS =     0.0
 Etot   =    -57734.0597  EKtot   =     13934.7568  EPtot      =    -71668.8165
 BOND   =       374.0609  ANGLE   =      1041.4014  DIHED      =      1330.3001
 1-4 NB =       443.4630  1-4 EEL =      4621.8728  VDWAALS    =      8768.9001
 EELEC  =    -88248.8149  EHBOND  =         0.0000  RESTRAINT  =         0.0000
 ------------------------------------------------------------------------------


 NSTEP =     2375   TIME(PS) =       4.750  TEMP(K) =   298.45  PRESS =     0.0
 Etot   =    -57696.9191  EKtot   =     13993.9980  EPtot      =    -71690.9171
 BOND   =       393.0994  ANGLE   =      1087.3257  DIHED      =      1320.2946
 1-4 NB =       439.9098  1-4 EEL =      4600.7545  VDWAALS    =      8824.9712
 EELEC  =    -88357.2723  EHBOND  =         0.0000  RESTRAINT  =         0.0000
 ------------------------------------------------------------------------------


 NSTEP =     2500   TIME(PS) =       5.000  TEMP(K) =   300.03  PRESS =     0.0
 Etot   =    -57607.2029  EKtot   =     14068.2100  EPtot      =    -71675.4128
 BOND   =       426.6692  ANGLE   =      1032.7114  DIHED      =      1332.7470
 1-4 NB =       440.8176  1-4 EEL =      4612.8841  VDWAALS    =      8921.1977
 EELEC  =    -88442.4399  EHBOND  =         0.0000  RESTRAINT  =         0.0000
 ------------------------------------------------------------------------------


 NSTEP =     2625   TIME(PS) =       5.250  TEMP(K) =   297.23  PRESS =     0.0
 Etot   =    -57817.0374  EKtot   =     13936.8135  EPtot      =    -71753.8509
 BOND   =       392.5314  ANGLE   =      1066.9762  DIHED      =      1322.1058
 1-4 NB =       436.6159  1-4 EEL =      4642.0079  VDWAALS    =      8742.3903
 EELEC  =    -88356.4785  EHBOND  =         0.0000  RESTRAINT  =         0.0000
 ------------------------------------------------------------------------------


 NSTEP =     2750   TIME(PS) =       5.500  TEMP(K) =   298.25  PRESS =     0.0
 Etot   =    -57753.2926  EKtot   =     13984.7861  EPtot      =    -71738.0787
 BOND   =       379.0879  ANGLE   =      1078.0450  DIHED      =      1325.0960
 1-4 NB =       430.3907  1-4 EEL =      4593.3501  VDWAALS    =      8785.8289
 EELEC  =    -88329.8774  EHBOND  =         0.0000  RESTRAINT  =         0.0000
 ------------------------------------------------------------------------------


 NSTEP =     2875   TIME(PS) =       5.750  TEMP(K) =   300.05  PRESS =     0.0
 Etot   =    -57678.6588  EKtot   =     14068.8906  EPtot      =    -71747.5494
 BOND   =       407.7796  ANGLE   =      1067.1187  DIHED      =      1321.5249
 1-4 NB =       451.2823  1-4 EEL =      4620.1596  VDWAALS    =      8842.7222
 EELEC  =    -88458.1366  EHBOND  =         0.0000  RESTRAINT  =         0.0000
 ------------------------------------------------------------------------------


 NSTEP =     3000   TIME(PS) =       6.000  TEMP(K) =   299.01  PRESS =     0.0
 Etot   =    -57571.1340  EKtot   =     14020.2275  EPtot      =    -71591.3615
 BOND   =       409.5811  ANGLE   =      1066.2237  DIHED      =      1311.1168
 1-4 NB =       442.7097  1-4 EEL =      4565.7361  VDWAALS    =      8733.4151
 EELEC  =    -88120.1440  EHBOND  =         0.0000  RESTRAINT  =         0.0000
 ------------------------------------------------------------------------------


 NSTEP =     3125   TIME(PS) =       6.250  TEMP(K) =   297.73  PRESS =     0.0
 Etot   =    -57630.5806  EKtot   =     13960.1338  EPtot      =    -71590.7144
 BOND   =       427.3504  ANGLE   =      1070.5721  DIHED      =      1318.9952
 1-4 NB =       438.8262  1-4 EEL =      4571.7719  VDWAALS    =      8760.8982
 EELEC  =    -88179.1284  EHBOND  =         0.0000  RESTRAINT  =         0.0000
 ------------------------------------------------------------------------------


 NSTEP =     3250   TIME(PS) =       6.500  TEMP(K) =   296.44  PRESS =     0.0
 Etot   =    -57674.1434  EKtot   =     13899.5947  EPtot      =    -71573.7382
 BOND   =       406.0064  ANGLE   =      1077.7267  DIHED      =      1324.4543
 1-4 NB =       439.8329  1-4 EEL =      4600.5684  VDWAALS    =      8781.5326
 EELEC  =    -88203.8596  EHBOND  =         0.0000  RESTRAINT  =         0.0000
 ------------------------------------------------------------------------------


 NSTEP =     3375   TIME(PS) =       6.750  TEMP(K) =   301.63  PRESS =     0.0
 Etot   =    -57600.2165  EKtot   =     14142.9766  EPtot      =    -71743.1931
 BOND   =       377.6054  ANGLE   =      1015.2874  DIHED      =      1334.8126
 1-4 NB =       444.1527  1-4 EEL =      4673.2210  VDWAALS    =      8779.1706
 EELEC  =    -88367.4428  EHBOND  =         0.0000  RESTRAINT  =         0.0000
 ------------------------------------------------------------------------------


 NSTEP =     3500   TIME(PS) =       7.000  TEMP(K) =   298.60  PRESS =     0.0
 Etot   =    -57642.4180  EKtot   =     14000.8604  EPtot      =    -71643.2784
 BOND   =       404.8404  ANGLE   =      1060.7290  DIHED      =      1342.0952
 1-4 NB =       456.1271  1-4 EEL =      4610.1741  VDWAALS    =      8657.9012
 EELEC  =    -88175.1453  EHBOND  =         0.0000  RESTRAINT  =         0.0000
 ------------------------------------------------------------------------------


 NSTEP =     3625   TIME(PS) =       7.250  TEMP(K) =   301.79  PRESS =     0.0
 Etot   =    -57597.9819  EKtot   =     14150.4219  EPtot      =    -71748.4038
 BOND   =       384.8142  ANGLE   =      1092.0453  DIHED      =      1332.3251
 1-4 NB =       450.7155  1-4 EEL =      4654.1153  VDWAALS    =      8927.3288
 EELEC  =    -88589.7479  EHBOND  =         0.0000  RESTRAINT  =         0.0000
 ------------------------------------------------------------------------------


 NSTEP =     3750   TIME(PS) =       7.500  TEMP(K) =   301.70  PRESS =     0.0
 Etot   =    -57414.1224  EKtot   =     14146.1162  EPtot      =    -71560.2386
 BOND   =       392.8564  ANGLE   =      1061.4397  DIHED      =      1343.5101
 1-4 NB =       461.1593  1-4 EEL =      4648.2309  VDWAALS    =      8832.4132
 EELEC  =    -88299.8482  EHBOND  =         0.0000  RESTRAINT  =         0.0000
 ------------------------------------------------------------------------------


 NSTEP =     3875   TIME(PS) =       7.750  TEMP(K) =   300.63  PRESS =     0.0
 Etot   =    -57469.4048  EKtot   =     14096.1494  EPtot      =    -71565.5543
 BOND   =       390.2661  ANGLE   =      1054.0126  DIHED      =      1332.3152
 1-4 NB =       442.5209  1-4 EEL =      4611.2242  VDWAALS    =      8711.0873
 EELEC  =    -88106.9804  EHBOND  =         0.0000  RESTRAINT  =         0.0000
 ------------------------------------------------------------------------------


 NSTEP =     4000   TIME(PS) =       8.000  TEMP(K) =   298.65  PRESS =     0.0
 Etot   =    -57521.3894  EKtot   =     14003.4092  EPtot      =    -71524.7986
 BOND   =       401.2359  ANGLE   =      1065.3782  DIHED      =      1317.1692
 1-4 NB =       454.8024  1-4 EEL =      4640.0861  VDWAALS    =      8693.2731
 EELEC  =    -88096.7434  EHBOND  =         0.0000  RESTRAINT  =         0.0000
 ------------------------------------------------------------------------------


 NSTEP =     4125   TIME(PS) =       8.250  TEMP(K) =   298.22  PRESS =     0.0
 Etot   =    -57472.4279  EKtot   =     13983.3232  EPtot      =    -71455.7511
 BOND   =       417.4646  ANGLE   =      1056.9242  DIHED      =      1316.9040
 1-4 NB =       452.1538  1-4 EEL =      4605.7089  VDWAALS    =      8455.4503
 EELEC  =    -87760.3570  EHBOND  =         0.0000  RESTRAINT  =         0.0000
 ------------------------------------------------------------------------------


 NSTEP =     4250   TIME(PS) =       8.500  TEMP(K) =   299.68  PRESS =     0.0
 Etot   =    -57454.9754  EKtot   =     14051.8525  EPtot      =    -71506.8280
 BOND   =       399.6246  ANGLE   =      1080.1203  DIHED      =      1309.2987
 1-4 NB =       460.8215  1-4 EEL =      4657.5622  VDWAALS    =      8762.8640
 EELEC  =    -88177.1191  EHBOND  =         0.0000  RESTRAINT  =         0.0000
 ------------------------------------------------------------------------------


 NSTEP =     4375   TIME(PS) =       8.750  TEMP(K) =   301.72  PRESS =     0.0
 Etot   =    -57313.8816  EKtot   =     14147.0957  EPtot      =    -71460.9773
 BOND   =       387.7223  ANGLE   =      1063.7689  DIHED      =      1311.8129
 1-4 NB =       447.4797  1-4 EEL =      4612.3623  VDWAALS    =      8721.3662
 EELEC  =    -88005.4894  EHBOND  =         0.0000  RESTRAINT  =         0.0000
 ------------------------------------------------------------------------------


 NSTEP =     4500   TIME(PS) =       9.000  TEMP(K) =   302.19  PRESS =     0.0
 Etot   =    -57369.9751  EKtot   =     14169.3965  EPtot      =    -71539.3716
 BOND   =       407.9320  ANGLE   =      1100.5273  DIHED      =      1307.0340
 1-4 NB =       453.5943  1-4 EEL =      4618.7281  VDWAALS    =      8665.1348
 EELEC  =    -88092.3219  EHBOND  =         0.0000  RESTRAINT  =         0.0000
 ------------------------------------------------------------------------------


 NSTEP =     4625   TIME(PS) =       9.250  TEMP(K) =   299.09  PRESS =     0.0
 Etot   =    -57483.7010  EKtot   =     14023.8525  EPtot      =    -71507.5535
 BOND   =       406.8363  ANGLE   =      1102.6237  DIHED      =      1316.8410
 1-4 NB =       439.1503  1-4 EEL =      4630.1061  VDWAALS    =      8689.1701
 EELEC  =    -88092.2812  EHBOND  =         0.0000  RESTRAINT  =         0.0000
 ------------------------------------------------------------------------------


 NSTEP =     4750   TIME(PS) =       9.500  TEMP(K) =   298.93  PRESS =     0.0
 Etot   =    -57660.1421  EKtot   =     14016.5693  EPtot      =    -71676.7114
 BOND   =       412.6740  ANGLE   =      1096.2885  DIHED      =      1321.8847
 1-4 NB =       442.0907  1-4 EEL =      4667.9636  VDWAALS    =      8765.6665
 EELEC  =    -88383.2794  EHBOND  =         0.0000  RESTRAINT  =         0.0000
 ------------------------------------------------------------------------------


 NSTEP =     4875   TIME(PS) =       9.750  TEMP(K) =   298.39  PRESS =     0.0
 Etot   =    -57675.0058  EKtot   =     13991.0879  EPtot      =    -71666.0937
 BOND   =       410.3701  ANGLE   =      1087.8439  DIHED      =      1327.8293
 1-4 NB =       458.7727  1-4 EEL =      4618.7649  VDWAALS    =      8632.5861
 EELEC  =    -88202.2607  EHBOND  =         0.0000  RESTRAINT  =         0.0000
 ------------------------------------------------------------------------------


 NSTEP =     5000   TIME(PS) =      10.000  TEMP(K) =   300.38  PRESS =     0.0
 Etot   =    -57606.1370  EKtot   =     14084.2334  EPtot      =    -71690.3704
 BOND   =       422.6853  ANGLE   =      1046.4513  DIHED      =      1311.8814
 1-4 NB =       455.5273  1-4 EEL =      4618.9643  VDWAALS    =      8764.0133
 EELEC  =    -88309.8934  EHBOND  =         0.0000  RESTRAINT  =         0.0000
 ------------------------------------------------------------------------------


      A V E R A G E S   O V E R      40 S T E P S


 NSTEP =     5000   TIME(PS) =      10.000  TEMP(K) =   299.84  PRESS =     0.0
 Etot   =    -57554.7582  EKtot   =     14058.9429  EPtot      =    -71613.7011
 BOND   =       397.7737  ANGLE   =      1061.2727  DIHED      =      1325.9628
 1-4 NB =       446.0800  1-4 EEL =      4620.1406  VDWAALS    =      8753.5487
 EELEC  =    -88218.4796  EHBOND  =         0.0000  RESTRAINT  =         0.0000
 ------------------------------------------------------------------------------


      R M S  F L U C T U A T I O N S


 NSTEP =     5000   TIME(PS) =      10.000  TEMP(K) =     1.74  PRESS =     0.0
 Etot   =       145.3198  EKtot   =        81.3548  EPtot      =       108.5531
 BOND   =        15.3373  ANGLE   =        23.1408  DIHED      =         9.8864
 1-4 NB =         7.6730  1-4 EEL =        26.7281  VDWAALS    =       112.5754
 EELEC  =       190.1619  EHBOND  =         0.0000  RESTRAINT  =         0.0000
 ------------------------------------------------------------------------------

--------------------------------------------------------------------------------
   5.  TIMINGS
--------------------------------------------------------------------------------

|  NonSetup CPU Time in Major Routines:
|
|     Routine           Sec        %
|     ------------------------------
|     Nonbond           1.31   13.39
|     Bond              0.00    0.00
|     Angle             0.00    0.00
|     Dihedral          0.00    0.00
|     Shake             0.08    0.78
|     RunMD             8.38   85.75
|     Other             0.01    0.08
|     ------------------------------
|     Total             9.77

|  PME Nonbond Pairlist CPU Time:
|
|     Routine              Sec        %
|     ---------------------------------
|     Set Up Cit           0.00    0.00
|     Build List           0.00    0.00
|     ---------------------------------
|     Total                0.00    0.00

|  PME Direct Force CPU Time:
|
|     Routine              Sec        %
|     ---------------------------------
|     NonBonded Calc       0.00    0.00
|     Exclude Masked       0.00    0.00
|     Other                0.00    0.00
|     ---------------------------------
|     Total                0.00    0.00

|  PME Reciprocal Force CPU Time:
|
|     Routine              Sec        %
|     ---------------------------------
|     1D bspline           0.00    0.00
|     Grid Charges         0.00    0.00
|     Scalar Sum           0.00    0.00
|     Gradient Sum         0.00    0.00
|     FFT                  0.00    0.00
|     ---------------------------------
|     Total                0.00    0.00

|  Final Performance Info:
|     -----------------------------------------------------
|     Average timings for last    5000 steps:
|     Elapsed(s) =       9.79 Per Step(ms) =       1.96
|         ns/day =      88.21   seconds/ns =     979.46
|
|     Average timings for all steps:
|     Elapsed(s) =       9.79 Per Step(ms) =       1.96
|         ns/day =      88.21   seconds/ns =     979.46
|     -----------------------------------------------------

|  Setup CPU time:            1.50 seconds
|  NonSetup CPU time:         9.77 seconds
|  Total CPU time:           11.27 seconds     0.00 hours

|  Setup wall time:           1    seconds
|  NonSetup wall time:       10    seconds
|  Total wall time:          11    seconds     0.00 hours
s
