
          -------------------------------------------------------
          Amber 16 PMEMD                              2016
          -------------------------------------------------------

| PMEMD implementation of SANDER, Release 16

| Run on 08/25/2017 at 15:55:58

|   Executable path: /apps/amber16/bin/pmemd.cuda
| Working directory: /scratch/pbarletta/pdz/run/lb/neq/data/1
|          Hostname: mordor

  [-O]verwriting output

File Assignments:
|   MDIN: pdt.in                                                                
|  MDOUT: 73plb_1.out                                                           
| INPCRD: /scratch/pbarletta/pdz/run/lb/neq/starting_frames/73_lb.rst7          
|   PARM: /scratch/pbarletta/pdz/top_files/lb.prmtop                            
| RESTRT: 73plb_1.rst7                                                          
|   REFC: refc                                                                  
|  MDVEL: mdvel                                                                 
|   MDEN: mden                                                                  
|  MDCRD: 73plb_1.nc                                                            
| MDINFO: mdinfo                                                                
|  MDFRC: mdfrc                                                                 


 Here is the input file:

!NVT run. P/ recuperar velocidades                                             
&cntrl                                                                         
imin = 0,                           ! No Minimization                          
nmropt = 0,                         ! No NMR restraints read                   
                                                                               
! Nature and format of the input                                               
ntx = 1,                            ! Coordinates will be read, assign new velo
irest = 0,                          ! Run a new simulation                     
                                                                               
! Nature and format of the output                                              
ioutfm = 1,			    ! NetCDF format for output files                             
ntxo = 1,                           ! rstrt file in ASCII format               
ntpr = 125,                         ! inf in output every ntpr steps           
ntwr = 500,                         ! rstrt file every ntwr steps              
ntwx = 0,                           ! mdcrd file every ntwx steps              
ntwv = 0,                           ! mdvel without velocities                 
ntwe = 0,                           ! Energies and temperatures not written in 
idecomp = 0,                        ! No energy decomposition                  
iwrap = 1,                          ! Coordinates of the restart and mdcrd file
                                                                               
! Frozen or restrained atoms                                                   
ibelly = 0,                         ! No frozen atoms                          
ntr=0,                              ! Harmonic potential restraints            
                                                                               
! Molecular dynamics                                                           
nstlim = 5000,                      ! Number of MD-steps                       
dt = 0.002,                         ! Time step                                
                                                                               
! Temperature regulation                                                       
ntt = 3,                            ! Langevin thermostat                      
gamma_ln = 2,                       ! Gamma constant for Langevin              
temp0 = 300.0,                     ! Reference T at which the system is to be k
tempi = 300.0,                      ! Initial T                                
                                                                               
! P and V regulation                                                           
ntp = 0,                            ! No P control                             
ntb = 1,                            ! constant V                               
                                                                               
! SHAKE variables                                                              
ntc = 2,                            ! Bonds involving H are constrained        
ntf = 2,                            ! Bond interaction involving H are ommited.
                                                                               
cut = 9.0,                          ! Nonbonded cutoff                         
/                                                                              
&end                                                                           


Note: ig = -1. Setting random seed to   553132 based on wallclock time in 
      microseconds.
| irandom = 1, using AMBER's internal random number generator (default).
 
|--------------------- INFORMATION ----------------------
| GPU (CUDA) Version of PMEMD in use: NVIDIA GPU IN USE.
|                    Version 16.0.0
| 
|                      02/25/2016
| 
| Implementation by:
|                    Ross C. Walker     (SDSC)
|                    Scott Le Grand     (nVIDIA)
| 
| Precision model in use:
|      [SPFP] - Single Precision Forces, 64-bit Fixed Point
|               Accumulation. (Default)
| 
|--------------------------------------------------------
 
|----------------- CITATION INFORMATION -----------------
|
|    When publishing work that utilized the CUDA version
|    of AMBER, please cite the following in addition to
|    the regular AMBER citations:
|
|  - Romelia Salomon-Ferrer; Andreas W. Goetz; Duncan
|    Poole; Scott Le Grand; Ross C. Walker "Routine
|    microsecond molecular dynamics simulations with
|    AMBER - Part II: Particle Mesh Ewald", J. Chem.
|    Theory Comput., 2013, 9 (9), pp3878-3888,
|    DOI: 10.1021/ct400314y.
|
|  - Andreas W. Goetz; Mark J. Williamson; Dong Xu;
|    Duncan Poole; Scott Le Grand; Ross C. Walker
|    "Routine microsecond molecular dynamics simulations
|    with AMBER - Part I: Generalized Born", J. Chem.
|    Theory Comput., 2012, 8 (5), pp1542-1555.
|
|  - Scott Le Grand; Andreas W. Goetz; Ross C. Walker
|    "SPFP: Speed without compromise - a mixed precision
|    model for GPU accelerated molecular dynamics
|    simulations.", Comp. Phys. Comm., 2013, 184
|    pp374-380, DOI: 10.1016/j.cpc.2012.09.022
|
|--------------------------------------------------------
 
|------------------- GPU DEVICE INFO --------------------
|
|            CUDA_VISIBLE_DEVICES: 2
|   CUDA Capable Devices Detected:      1
|           CUDA Device ID in use:      0
|                CUDA Device Name: GeForce GTX 780
|     CUDA Device Global Mem Size:   3020 MB
| CUDA Device Num Multiprocessors:     12
|           CUDA Device Core Freq:   0.99 GHz
|
|--------------------------------------------------------
 
 
| Conditional Compilation Defines Used:
| PUBFFT
| BINTRAJ
| CUDA
| EMIL

| Largest sphere to fit in unit cell has radius =    26.281

| New format PARM file being parsed.
| Version =    1.000 Date = 09/04/12 Time = 16:08:43

| Note: 1-4 EEL scale factors are being read from the topology file.

| Note: 1-4 VDW scale factors are being read from the topology file.
| Duplicated    0 dihedrals

| Duplicated    0 dihedrals

--------------------------------------------------------------------------------
   1.  RESOURCE   USE: 
--------------------------------------------------------------------------------

 getting new box info from bottom of inpcrd
 NATOM  =   23082 NTYPES =      16 NBONH =   22055 MBONA  =    1038
 NTHETH =    2390 MTHETA =    1396 NPHIH =    4631 MPHIA  =    3488
 NHPARM =       0 NPARM  =       0 NNB   =   39434 NRES   =    7134
 NBONA  =    1038 NTHETA =    1396 NPHIA =    3488 NUMBND =      41
 NUMANG =      86 NPTRA  =      41 NATYP =      28 NPHB   =       1
 IFBOX  =       1 NMXRS  =      24 IFCAP =       0 NEXTRA =       0
 NCOPY  =       0

| Coordinate Index Table dimensions:    12   14   10
| Direct force subcell size =     5.0212    5.2012    5.2562

     BOX TYPE: RECTILINEAR

--------------------------------------------------------------------------------
   2.  CONTROL  DATA  FOR  THE  RUN
--------------------------------------------------------------------------------

default_name                                                                    

General flags:
     imin    =       0, nmropt  =       0

Nature and format of input:
     ntx     =       1, irest   =       0, ntrx    =       1

Nature and format of output:
     ntxo    =       1, ntpr    =     125, ntrx    =       1, ntwr    =     500
     iwrap   =       1, ntwx    =       0, ntwv    =       0, ntwe    =       0
     ioutfm  =       1, ntwprt  =       0, idecomp =       0, rbornstat=      0

Potential function:
     ntf     =       2, ntb     =       1, igb     =       0, nsnb    =      25
     ipol    =       0, gbsa    =       0, iesp    =       0
     dielc   =   1.00000, cut     =   9.00000, intdiel =   1.00000

Frozen or restrained atoms:
     ibelly  =       0, ntr     =       0

Molecular dynamics:
     nstlim  =      5000, nscm    =      1000, nrespa  =         1
     t       =   0.00000, dt      =   0.00200, vlimit  =  -1.00000

Langevin dynamics temperature regulation:
     ig      =  553132
     temp0   = 300.00000, tempi   = 300.00000, gamma_ln=   2.00000

SHAKE:
     ntc     =       2, jfastw  =       0
     tol     =   0.00001

| Intermolecular bonds treatment:
|     no_intermolecular_bonds =       1

| Energy averages sample interval:
|     ene_avg_sampling =     125

Ewald parameters:
     verbose =       0, ew_type =       0, nbflag  =       1, use_pme =       1
     vdwmeth =       1, eedmeth =       1, netfrc  =       1
     Box X =   60.254   Box Y =   72.816   Box Z =   52.562
     Alpha =   90.000   Beta  =   90.000   Gamma =   90.000
     NFFT1 =   64       NFFT2 =   80       NFFT3 =   56
     Cutoff=    9.000   Tol   =0.100E-04
     Ewald Coefficient =  0.30768
     Interpolation order =    4

--------------------------------------------------------------------------------
   3.  ATOMIC COORDINATES AND VELOCITIES
--------------------------------------------------------------------------------

Cpptraj Generated Restart                                                       
 begin time read from input coords =146000.000 ps

 
 Number of triangulated 3-point waters found:     7002

     Sum of charges from parm topology file =  -0.00000008
     Forcing neutrality...

| Dynamic Memory, Types Used:
| Reals              711627
| Integers           739238

| Nonbonded Pairs Initial Allocation:     5262696

| GPU memory information (estimate):
| KB of GPU memory in use:    131584
| KB of CPU memory in use:     26992

--------------------------------------------------------------------------------
   4.  RESULTS
--------------------------------------------------------------------------------

 ---------------------------------------------------
 APPROXIMATING switch and d/dx switch using CUBIC SPLINE INTERPOLATION
 using   5000.0 points per unit in tabled values
 TESTING RELATIVE ERROR over r ranging from 0.0 to cutoff
| CHECK switch(x): max rel err =   0.2738E-14   at   2.422500
| CHECK d/dx switch(x): max rel err =   0.8314E-11   at   2.736960
 ---------------------------------------------------
|---------------------------------------------------
| APPROXIMATING direct energy using CUBIC SPLINE INTERPOLATION
|  with   50.0 points per unit in tabled values
| Relative Error Limit not exceeded for r .gt.   2.39
| APPROXIMATING direct force using CUBIC SPLINE INTERPOLATION
|  with   50.0 points per unit in tabled values
| Relative Error Limit not exceeded for r .gt.   2.84
|---------------------------------------------------

 NSTEP =        0   TIME(PS) =       0.000  TEMP(K) =   441.29  PRESS =     0.0
 Etot   =    -51046.7333  EKtot   =     20691.7750  EPtot      =    -71738.5083
 BOND   =       375.5282  ANGLE   =      1070.9556  DIHED      =      1338.1239
 1-4 NB =       439.6152  1-4 EEL =      4631.3325  VDWAALS    =      8796.5732
 EELEC  =    -88390.6369  EHBOND  =         0.0000  RESTRAINT  =         0.0000
 ------------------------------------------------------------------------------


 NSTEP =      125   TIME(PS) =       0.250  TEMP(K) =   300.55  PRESS =     0.0
 Etot   =    -57713.5682  EKtot   =     14092.5918  EPtot      =    -71806.1600
 BOND   =       368.9607  ANGLE   =      1070.1423  DIHED      =      1303.6847
 1-4 NB =       450.1006  1-4 EEL =      4653.8887  VDWAALS    =      8737.2644
 EELEC  =    -88390.2015  EHBOND  =         0.0000  RESTRAINT  =         0.0000
 ------------------------------------------------------------------------------


 NSTEP =      250   TIME(PS) =       0.500  TEMP(K) =   301.17  PRESS =     0.0
 Etot   =    -57554.8872  EKtot   =     14121.4561  EPtot      =    -71676.3432
 BOND   =       383.0239  ANGLE   =      1031.9704  DIHED      =      1326.0472
 1-4 NB =       456.6077  1-4 EEL =      4668.8299  VDWAALS    =      8846.9977
 EELEC  =    -88389.8199  EHBOND  =         0.0000  RESTRAINT  =         0.0000
 ------------------------------------------------------------------------------


 NSTEP =      375   TIME(PS) =       0.750  TEMP(K) =   297.77  PRESS =     0.0
 Etot   =    -57648.0298  EKtot   =     13962.1143  EPtot      =    -71610.1441
 BOND   =       379.2788  ANGLE   =      1065.6569  DIHED      =      1310.3545
 1-4 NB =       437.7231  1-4 EEL =      4600.3203  VDWAALS    =      8754.5653
 EELEC  =    -88158.0429  EHBOND  =         0.0000  RESTRAINT  =         0.0000
 ------------------------------------------------------------------------------


 NSTEP =      500   TIME(PS) =       1.000  TEMP(K) =   303.64  PRESS =     0.0
 Etot   =    -57571.4875  EKtot   =     14237.2656  EPtot      =    -71808.7531
 BOND   =       403.1959  ANGLE   =      1053.7655  DIHED      =      1335.9837
 1-4 NB =       446.1163  1-4 EEL =      4601.7484  VDWAALS    =      9030.6713
 EELEC  =    -88680.2342  EHBOND  =         0.0000  RESTRAINT  =         0.0000
 ------------------------------------------------------------------------------


 NSTEP =      625   TIME(PS) =       1.250  TEMP(K) =   302.57  PRESS =     0.0
 Etot   =    -57520.7381  EKtot   =     14186.9609  EPtot      =    -71707.6990
 BOND   =       406.1371  ANGLE   =      1059.8762  DIHED      =      1347.6566
 1-4 NB =       455.1960  1-4 EEL =      4615.6437  VDWAALS    =      8799.4884
 EELEC  =    -88391.6970  EHBOND  =         0.0000  RESTRAINT  =         0.0000
 ------------------------------------------------------------------------------


 NSTEP =      750   TIME(PS) =       1.500  TEMP(K) =   300.09  PRESS =     0.0
 Etot   =    -57581.3185  EKtot   =     14070.9141  EPtot      =    -71652.2326
 BOND   =       398.7294  ANGLE   =      1079.6127  DIHED      =      1311.1035
 1-4 NB =       448.5353  1-4 EEL =      4643.1125  VDWAALS    =      8529.6560
 EELEC  =    -88062.9820  EHBOND  =         0.0000  RESTRAINT  =         0.0000
 ------------------------------------------------------------------------------


 NSTEP =      875   TIME(PS) =       1.750  TEMP(K) =   298.41  PRESS =     0.0
 Etot   =    -57615.2930  EKtot   =     13992.0410  EPtot      =    -71607.3340
 BOND   =       404.6908  ANGLE   =      1071.4402  DIHED      =      1317.4035
 1-4 NB =       461.5009  1-4 EEL =      4618.3288  VDWAALS    =      8895.7871
 EELEC  =    -88376.4853  EHBOND  =         0.0000  RESTRAINT  =         0.0000
 ------------------------------------------------------------------------------


 NSTEP =     1000   TIME(PS) =       2.000  TEMP(K) =   298.54  PRESS =     0.0
 Etot   =    -57593.6881  EKtot   =     13998.1855  EPtot      =    -71591.8736
 BOND   =       408.6219  ANGLE   =      1092.7976  DIHED      =      1319.4790
 1-4 NB =       444.2296  1-4 EEL =      4636.0302  VDWAALS    =      8961.3163
 EELEC  =    -88454.3481  EHBOND  =         0.0000  RESTRAINT  =         0.0000
 ------------------------------------------------------------------------------


 NSTEP =     1125   TIME(PS) =       2.250  TEMP(K) =   300.92  PRESS =     0.0
 Etot   =    -57636.6685  EKtot   =     14109.7285  EPtot      =    -71746.3970
 BOND   =       409.9117  ANGLE   =      1126.6048  DIHED      =      1310.9571
 1-4 NB =       440.1085  1-4 EEL =      4654.4404  VDWAALS    =      8872.6530
 EELEC  =    -88561.0725  EHBOND  =         0.0000  RESTRAINT  =         0.0000
 ------------------------------------------------------------------------------


 NSTEP =     1250   TIME(PS) =       2.500  TEMP(K) =   300.46  PRESS =     0.0
 Etot   =    -57598.7627  EKtot   =     14088.0820  EPtot      =    -71686.8447
 BOND   =       409.8849  ANGLE   =      1098.8299  DIHED      =      1305.7539
 1-4 NB =       433.3943  1-4 EEL =      4650.3911  VDWAALS    =      8992.6888
 EELEC  =    -88577.7877  EHBOND  =         0.0000  RESTRAINT  =         0.0000
 ------------------------------------------------------------------------------


 NSTEP =     1375   TIME(PS) =       2.750  TEMP(K) =   299.82  PRESS =     0.0
 Etot   =    -57682.7428  EKtot   =     14058.4082  EPtot      =    -71741.1510
 BOND   =       408.3085  ANGLE   =      1067.6717  DIHED      =      1321.0008
 1-4 NB =       466.3617  1-4 EEL =      4607.4789  VDWAALS    =      8683.7050
 EELEC  =    -88295.6777  EHBOND  =         0.0000  RESTRAINT  =         0.0000
 ------------------------------------------------------------------------------


 NSTEP =     1500   TIME(PS) =       3.000  TEMP(K) =   298.90  PRESS =     0.0
 Etot   =    -57753.4720  EKtot   =     14014.8555  EPtot      =    -71768.3274
 BOND   =       402.5637  ANGLE   =      1078.1160  DIHED      =      1319.8588
 1-4 NB =       451.5376  1-4 EEL =      4633.7092  VDWAALS    =      8681.0359
 EELEC  =    -88335.1486  EHBOND  =         0.0000  RESTRAINT  =         0.0000
 ------------------------------------------------------------------------------


 NSTEP =     1625   TIME(PS) =       3.250  TEMP(K) =   297.66  PRESS =     0.0
 Etot   =    -57654.4234  EKtot   =     13957.0361  EPtot      =    -71611.4595
 BOND   =       438.4142  ANGLE   =      1044.0247  DIHED      =      1314.3096
 1-4 NB =       451.3083  1-4 EEL =      4609.3920  VDWAALS    =      8846.9950
 EELEC  =    -88315.9032  EHBOND  =         0.0000  RESTRAINT  =         0.0000
 ------------------------------------------------------------------------------


 NSTEP =     1750   TIME(PS) =       3.500  TEMP(K) =   301.32  PRESS =     0.0
 Etot   =    -57338.4483  EKtot   =     14128.4258  EPtot      =    -71466.8741
 BOND   =       383.4674  ANGLE   =      1043.3636  DIHED      =      1320.8431
 1-4 NB =       449.3012  1-4 EEL =      4621.1729  VDWAALS    =      8705.9409
 EELEC  =    -87990.9632  EHBOND  =         0.0000  RESTRAINT  =         0.0000
 ------------------------------------------------------------------------------


 NSTEP =     1875   TIME(PS) =       3.750  TEMP(K) =   301.45  PRESS =     0.0
 Etot   =    -57581.4665  EKtot   =     14134.4219  EPtot      =    -71715.8884
 BOND   =       395.4701  ANGLE   =      1114.1347  DIHED      =      1333.3207
 1-4 NB =       429.5214  1-4 EEL =      4637.8533  VDWAALS    =      8857.1837
 EELEC  =    -88483.3723  EHBOND  =         0.0000  RESTRAINT  =         0.0000
 ------------------------------------------------------------------------------


 NSTEP =     2000   TIME(PS) =       4.000  TEMP(K) =   297.74  PRESS =     0.0
 Etot   =    -57760.8274  EKtot   =     13960.6885  EPtot      =    -71721.5159
 BOND   =       399.4653  ANGLE   =      1091.6040  DIHED      =      1343.0345
 1-4 NB =       448.1556  1-4 EEL =      4618.7622  VDWAALS    =      8669.0097
 EELEC  =    -88291.5472  EHBOND  =         0.0000  RESTRAINT  =         0.0000
 ------------------------------------------------------------------------------


 NSTEP =     2125   TIME(PS) =       4.250  TEMP(K) =   300.73  PRESS =     0.0
 Etot   =    -57714.3385  EKtot   =     14100.6338  EPtot      =    -71814.9723
 BOND   =       421.1440  ANGLE   =      1068.8046  DIHED      =      1317.8027
 1-4 NB =       456.4300  1-4 EEL =      4621.6980  VDWAALS    =      8714.1990
 EELEC  =    -88415.0505  EHBOND  =         0.0000  RESTRAINT  =         0.0000
 ------------------------------------------------------------------------------


 NSTEP =     2250   TIME(PS) =       4.500  TEMP(K) =   300.26  PRESS =     0.0
 Etot   =    -57699.1434  EKtot   =     14078.9746  EPtot      =    -71778.1180
 BOND   =       424.8632  ANGLE   =      1088.1498  DIHED      =      1320.5883
 1-4 NB =       434.7418  1-4 EEL =      4574.9899  VDWAALS    =      8875.7635
 EELEC  =    -88497.2146  EHBOND  =         0.0000  RESTRAINT  =         0.0000
 ------------------------------------------------------------------------------


 NSTEP =     2375   TIME(PS) =       4.750  TEMP(K) =   299.24  PRESS =     0.0
 Etot   =    -57548.4849  EKtot   =     14031.0986  EPtot      =    -71579.5835
 BOND   =       405.9559  ANGLE   =      1065.6777  DIHED      =      1323.4677
 1-4 NB =       458.3325  1-4 EEL =      4627.7811  VDWAALS    =      8751.4294
 EELEC  =    -88212.2279  EHBOND  =         0.0000  RESTRAINT  =         0.0000
 ------------------------------------------------------------------------------


 NSTEP =     2500   TIME(PS) =       5.000  TEMP(K) =   301.55  PRESS =     0.0
 Etot   =    -57577.6630  EKtot   =     14139.2520  EPtot      =    -71716.9150
 BOND   =       415.7624  ANGLE   =      1079.6445  DIHED      =      1348.2113
 1-4 NB =       460.2646  1-4 EEL =      4605.9776  VDWAALS    =      8906.7418
 EELEC  =    -88533.5172  EHBOND  =         0.0000  RESTRAINT  =         0.0000
 ------------------------------------------------------------------------------


 NSTEP =     2625   TIME(PS) =       5.250  TEMP(K) =   300.02  PRESS =     0.0
 Etot   =    -57521.4878  EKtot   =     14067.6650  EPtot      =    -71589.1529
 BOND   =       378.9230  ANGLE   =      1109.4222  DIHED      =      1309.7429
 1-4 NB =       450.4800  1-4 EEL =      4618.2900  VDWAALS    =      8814.9533
 EELEC  =    -88270.9643  EHBOND  =         0.0000  RESTRAINT  =         0.0000
 ------------------------------------------------------------------------------


 NSTEP =     2750   TIME(PS) =       5.500  TEMP(K) =   302.74  PRESS =     0.0
 Etot   =    -57280.6039  EKtot   =     14194.9082  EPtot      =    -71475.5121
 BOND   =       432.1057  ANGLE   =      1068.2809  DIHED      =      1308.4246
 1-4 NB =       451.8635  1-4 EEL =      4599.1672  VDWAALS    =      8758.9533
 EELEC  =    -88094.3072  EHBOND  =         0.0000  RESTRAINT  =         0.0000
 ------------------------------------------------------------------------------


 NSTEP =     2875   TIME(PS) =       5.750  TEMP(K) =   297.96  PRESS =     0.0
 Etot   =    -57291.8726  EKtot   =     13970.8232  EPtot      =    -71262.6959
 BOND   =       437.0423  ANGLE   =      1075.3518  DIHED      =      1327.2905
 1-4 NB =       442.6790  1-4 EEL =      4644.3037  VDWAALS    =      8599.5094
 EELEC  =    -87788.8725  EHBOND  =         0.0000  RESTRAINT  =         0.0000
 ------------------------------------------------------------------------------


 NSTEP =     3000   TIME(PS) =       6.000  TEMP(K) =   303.10  PRESS =     0.0
 Etot   =    -57307.5977  EKtot   =     14211.9355  EPtot      =    -71519.5332
 BOND   =       383.9445  ANGLE   =      1047.4973  DIHED      =      1324.6031
 1-4 NB =       456.8659  1-4 EEL =      4662.7294  VDWAALS    =      8621.5632
 EELEC  =    -88016.7366  EHBOND  =         0.0000  RESTRAINT  =         0.0000
 ------------------------------------------------------------------------------


 NSTEP =     3125   TIME(PS) =       6.250  TEMP(K) =   302.78  PRESS =     0.0
 Etot   =    -57273.5249  EKtot   =     14196.8320  EPtot      =    -71470.3569
 BOND   =       408.6734  ANGLE   =      1043.4133  DIHED      =      1338.7481
 1-4 NB =       440.7353  1-4 EEL =      4594.0888  VDWAALS    =      8781.3031
 EELEC  =    -88077.3189  EHBOND  =         0.0000  RESTRAINT  =         0.0000
 ------------------------------------------------------------------------------


 NSTEP =     3250   TIME(PS) =       6.500  TEMP(K) =   302.94  PRESS =     0.0
 Etot   =    -57283.9687  EKtot   =     14204.3320  EPtot      =    -71488.3007
 BOND   =       408.2813  ANGLE   =      1044.1023  DIHED      =      1326.6145
 1-4 NB =       439.2042  1-4 EEL =      4614.6132  VDWAALS    =      8522.4500
 EELEC  =    -87843.5662  EHBOND  =         0.0000  RESTRAINT  =         0.0000
 ------------------------------------------------------------------------------


 NSTEP =     3375   TIME(PS) =       6.750  TEMP(K) =   299.83  PRESS =     0.0
 Etot   =    -57419.8274  EKtot   =     14058.6475  EPtot      =    -71478.4749
 BOND   =       412.3446  ANGLE   =      1040.9502  DIHED      =      1347.3597
 1-4 NB =       434.0043  1-4 EEL =      4608.8252  VDWAALS    =      8819.3081
 EELEC  =    -88141.2669  EHBOND  =         0.0000  RESTRAINT  =         0.0000
 ------------------------------------------------------------------------------


 NSTEP =     3500   TIME(PS) =       7.000  TEMP(K) =   298.77  PRESS =     0.0
 Etot   =    -57555.8974  EKtot   =     14008.9688  EPtot      =    -71564.8662
 BOND   =       400.3532  ANGLE   =      1067.5136  DIHED      =      1335.6303
 1-4 NB =       447.7059  1-4 EEL =      4650.2477  VDWAALS    =      8814.5853
 EELEC  =    -88280.9022  EHBOND  =         0.0000  RESTRAINT  =         0.0000
 ------------------------------------------------------------------------------


 NSTEP =     3625   TIME(PS) =       7.250  TEMP(K) =   302.64  PRESS =     0.0
 Etot   =    -57470.4683  EKtot   =     14190.6182  EPtot      =    -71661.0865
 BOND   =       389.1492  ANGLE   =      1104.1215  DIHED      =      1326.0798
 1-4 NB =       436.7431  1-4 EEL =      4600.3368  VDWAALS    =      8642.0071
 EELEC  =    -88159.5239  EHBOND  =         0.0000  RESTRAINT  =         0.0000
 ------------------------------------------------------------------------------


 NSTEP =     3750   TIME(PS) =       7.500  TEMP(K) =   300.01  PRESS =     0.0
 Etot   =    -57487.7803  EKtot   =     14066.9795  EPtot      =    -71554.7598
 BOND   =       391.5920  ANGLE   =      1050.9603  DIHED      =      1346.4303
 1-4 NB =       449.6384  1-4 EEL =      4637.2096  VDWAALS    =      8631.4496
 EELEC  =    -88062.0401  EHBOND  =         0.0000  RESTRAINT  =         0.0000
 ------------------------------------------------------------------------------


 NSTEP =     3875   TIME(PS) =       7.750  TEMP(K) =   299.25  PRESS =     0.0
 Etot   =    -57489.6000  EKtot   =     14031.2578  EPtot      =    -71520.8578
 BOND   =       396.9020  ANGLE   =      1111.9968  DIHED      =      1335.1360
 1-4 NB =       436.0695  1-4 EEL =      4617.5675  VDWAALS    =      8744.5611
 EELEC  =    -88163.0908  EHBOND  =         0.0000  RESTRAINT  =         0.0000
 ------------------------------------------------------------------------------


 NSTEP =     4000   TIME(PS) =       8.000  TEMP(K) =   301.14  PRESS =     0.0
 Etot   =    -57651.4920  EKtot   =     14119.8535  EPtot      =    -71771.3456
 BOND   =       396.2450  ANGLE   =      1090.0964  DIHED      =      1329.4906
 1-4 NB =       438.0250  1-4 EEL =      4624.2420  VDWAALS    =      8855.5675
 EELEC  =    -88505.0121  EHBOND  =         0.0000  RESTRAINT  =         0.0000
 ------------------------------------------------------------------------------


 NSTEP =     4125   TIME(PS) =       8.250  TEMP(K) =   303.22  PRESS =     0.0
 Etot   =    -57580.3571  EKtot   =     14217.6230  EPtot      =    -71797.9801
 BOND   =       398.5670  ANGLE   =      1072.6603  DIHED      =      1337.2860
 1-4 NB =       443.1067  1-4 EEL =      4617.5047  VDWAALS    =      8637.6933
 EELEC  =    -88304.7982  EHBOND  =         0.0000  RESTRAINT  =         0.0000
 ------------------------------------------------------------------------------


 NSTEP =     4250   TIME(PS) =       8.500  TEMP(K) =   300.22  PRESS =     0.0
 Etot   =    -57491.9590  EKtot   =     14076.8135  EPtot      =    -71568.7725
 BOND   =       400.3397  ANGLE   =      1052.9741  DIHED      =      1334.9383
 1-4 NB =       458.9545  1-4 EEL =      4626.5519  VDWAALS    =      8783.3215
 EELEC  =    -88225.8526  EHBOND  =         0.0000  RESTRAINT  =         0.0000
 ------------------------------------------------------------------------------


 NSTEP =     4375   TIME(PS) =       8.750  TEMP(K) =   300.63  PRESS =     0.0
 Etot   =    -57461.9257  EKtot   =     14096.3027  EPtot      =    -71558.2285
 BOND   =       427.2541  ANGLE   =      1065.0777  DIHED      =      1338.1166
 1-4 NB =       441.2029  1-4 EEL =      4586.8108  VDWAALS    =      9066.7841
 EELEC  =    -88483.4748  EHBOND  =         0.0000  RESTRAINT  =         0.0000
 ------------------------------------------------------------------------------


 NSTEP =     4500   TIME(PS) =       9.000  TEMP(K) =   300.32  PRESS =     0.0
 Etot   =    -57498.5079  EKtot   =     14081.8262  EPtot      =    -71580.3340
 BOND   =       377.2058  ANGLE   =      1060.8983  DIHED      =      1337.1416
 1-4 NB =       450.8566  1-4 EEL =      4648.5414  VDWAALS    =      8654.4855
 EELEC  =    -88109.4632  EHBOND  =         0.0000  RESTRAINT  =         0.0000
 ------------------------------------------------------------------------------


 NSTEP =     4625   TIME(PS) =       9.250  TEMP(K) =   301.17  PRESS =     0.0
 Etot   =    -57415.8720  EKtot   =     14121.4736  EPtot      =    -71537.3457
 BOND   =       424.7228  ANGLE   =      1065.6195  DIHED      =      1317.7269
 1-4 NB =       448.7125  1-4 EEL =      4639.9461  VDWAALS    =      8548.9493
 EELEC  =    -87983.0227  EHBOND  =         0.0000  RESTRAINT  =         0.0000
 ------------------------------------------------------------------------------


 NSTEP =     4750   TIME(PS) =       9.500  TEMP(K) =   300.58  PRESS =     0.0
 Etot   =    -57406.0194  EKtot   =     14093.8086  EPtot      =    -71499.8280
 BOND   =       403.0163  ANGLE   =      1064.3099  DIHED      =      1309.1077
 1-4 NB =       449.0794  1-4 EEL =      4638.8662  VDWAALS    =      8810.3170
 EELEC  =    -88174.5243  EHBOND  =         0.0000  RESTRAINT  =         0.0000
 ------------------------------------------------------------------------------


 NSTEP =     4875   TIME(PS) =       9.750  TEMP(K) =   300.70  PRESS =     0.0
 Etot   =    -57463.0220  EKtot   =     14099.6494  EPtot      =    -71562.6714
 BOND   =       417.6436  ANGLE   =      1067.5758  DIHED      =      1296.9892
 1-4 NB =       440.4969  1-4 EEL =      4619.4278  VDWAALS    =      8833.1403
 EELEC  =    -88237.9452  EHBOND  =         0.0000  RESTRAINT  =         0.0000
 ------------------------------------------------------------------------------


 NSTEP =     5000   TIME(PS) =      10.000  TEMP(K) =   302.82  PRESS =     0.0
 Etot   =    -57451.1306  EKtot   =     14198.9893  EPtot      =    -71650.1198
 BOND   =       392.2192  ANGLE   =      1082.9010  DIHED      =      1306.0083
 1-4 NB =       435.0888  1-4 EEL =      4608.9063  VDWAALS    =      8797.9707
 EELEC  =    -88273.2141  EHBOND  =         0.0000  RESTRAINT  =         0.0000
 ------------------------------------------------------------------------------


      A V E R A G E S   O V E R      40 S T E P S


 NSTEP =     5000   TIME(PS) =      10.000  TEMP(K) =   300.59  PRESS =     0.0
 Etot   =    -57528.7092  EKtot   =     14094.3111  EPtot      =    -71623.0202
 BOND   =       403.6094  ANGLE   =      1071.9403  DIHED      =      1324.5932
 1-4 NB =       446.7745  1-4 EEL =      4623.9931  VDWAALS    =      8771.2991
 EELEC  =    -88265.2298  EHBOND  =         0.0000  RESTRAINT  =         0.0000
 ------------------------------------------------------------------------------


      R M S  F L U C T U A T I O N S


 NSTEP =     5000   TIME(PS) =      10.000  TEMP(K) =     1.63  PRESS =     0.0
 Etot   =       132.7238  EKtot   =        76.5270  EPtot      =       120.7568
 BOND   =        16.2529  ANGLE   =        21.9572  DIHED      =        13.4609
 1-4 NB =         8.8146  1-4 EEL =        21.0629  VDWAALS    =       128.4355
 EELEC  =       201.1691  EHBOND  =         0.0000  RESTRAINT  =         0.0000
 ------------------------------------------------------------------------------

--------------------------------------------------------------------------------
   5.  TIMINGS
--------------------------------------------------------------------------------

|  NonSetup CPU Time in Major Routines:
|
|     Routine           Sec        %
|     ------------------------------
|     Nonbond           1.28   13.01
|     Bond              0.00    0.00
|     Angle             0.00    0.00
|     Dihedral          0.00    0.00
|     Shake             0.08    0.78
|     RunMD             8.44   86.05
|     Other             0.02    0.16
|     ------------------------------
|     Total             9.80

|  PME Nonbond Pairlist CPU Time:
|
|     Routine              Sec        %
|     ---------------------------------
|     Set Up Cit           0.00    0.00
|     Build List           0.00    0.00
|     ---------------------------------
|     Total                0.00    0.00

|  PME Direct Force CPU Time:
|
|     Routine              Sec        %
|     ---------------------------------
|     NonBonded Calc       0.00    0.00
|     Exclude Masked       0.00    0.00
|     Other                0.00    0.04
|     ---------------------------------
|     Total                0.00    0.04

|  PME Reciprocal Force CPU Time:
|
|     Routine              Sec        %
|     ---------------------------------
|     1D bspline           0.00    0.00
|     Grid Charges         0.00    0.00
|     Scalar Sum           0.00    0.00
|     Gradient Sum         0.00    0.00
|     FFT                  0.00    0.00
|     ---------------------------------
|     Total                0.00    0.00

|  Final Performance Info:
|     -----------------------------------------------------
|     Average timings for last    5000 steps:
|     Elapsed(s) =       9.80 Per Step(ms) =       1.96
|         ns/day =      88.16   seconds/ns =     980.03
|
|     Average timings for all steps:
|     Elapsed(s) =       9.80 Per Step(ms) =       1.96
|         ns/day =      88.16   seconds/ns =     980.03
|     -----------------------------------------------------

|  Setup CPU time:            1.56 seconds
|  NonSetup CPU time:         9.80 seconds
|  Total CPU time:           11.36 seconds     0.00 hours

|  Setup wall time:           1    seconds
|  NonSetup wall time:       10    seconds
|  Total wall time:          11    seconds     0.00 hours
