
          -------------------------------------------------------
          Amber 16 PMEMD                              2016
          -------------------------------------------------------

| PMEMD implementation of SANDER, Release 16

| Run on 08/25/2017 at 15:57:11

|   Executable path: /apps/amber16/bin/pmemd.cuda
| Working directory: /scratch/pbarletta/pdz/run/lb/neq/data/1
|          Hostname: mordor

  [-O]verwriting output

File Assignments:
|   MDIN: pdt.in                                                                
|  MDOUT: 79plb_1.out                                                           
| INPCRD: /scratch/pbarletta/pdz/run/lb/neq/starting_frames/79_lb.rst7          
|   PARM: /scratch/pbarletta/pdz/top_files/lb.prmtop                            
| RESTRT: 79plb_1.rst7                                                          
|   REFC: refc                                                                  
|  MDVEL: mdvel                                                                 
|   MDEN: mden                                                                  
|  MDCRD: 79plb_1.nc                                                            
| MDINFO: mdinfo                                                                
|  MDFRC: mdfrc                                                                 


 Here is the input file:

!NVT run. P/ recuperar velocidades                                             
&cntrl                                                                         
imin = 0,                           ! No Minimization                          
nmropt = 0,                         ! No NMR restraints read                   
                                                                               
! Nature and format of the input                                               
ntx = 1,                            ! Coordinates will be read, assign new velo
irest = 0,                          ! Run a new simulation                     
                                                                               
! Nature and format of the output                                              
ioutfm = 1,			    ! NetCDF format for output files                             
ntxo = 1,                           ! rstrt file in ASCII format               
ntpr = 125,                         ! inf in output every ntpr steps           
ntwr = 500,                         ! rstrt file every ntwr steps              
ntwx = 0,                           ! mdcrd file every ntwx steps              
ntwv = 0,                           ! mdvel without velocities                 
ntwe = 0,                           ! Energies and temperatures not written in 
idecomp = 0,                        ! No energy decomposition                  
iwrap = 1,                          ! Coordinates of the restart and mdcrd file
                                                                               
! Frozen or restrained atoms                                                   
ibelly = 0,                         ! No frozen atoms                          
ntr=0,                              ! Harmonic potential restraints            
                                                                               
! Molecular dynamics                                                           
nstlim = 5000,                      ! Number of MD-steps                       
dt = 0.002,                         ! Time step                                
                                                                               
! Temperature regulation                                                       
ntt = 3,                            ! Langevin thermostat                      
gamma_ln = 2,                       ! Gamma constant for Langevin              
temp0 = 300.0,                     ! Reference T at which the system is to be k
tempi = 300.0,                      ! Initial T                                
                                                                               
! P and V regulation                                                           
ntp = 0,                            ! No P control                             
ntb = 1,                            ! constant V                               
                                                                               
! SHAKE variables                                                              
ntc = 2,                            ! Bonds involving H are constrained        
ntf = 2,                            ! Bond interaction involving H are ommited.
                                                                               
cut = 9.0,                          ! Nonbonded cutoff                         
/                                                                              
&end                                                                           


Note: ig = -1. Setting random seed to   214488 based on wallclock time in 
      microseconds.
| irandom = 1, using AMBER's internal random number generator (default).
 
|--------------------- INFORMATION ----------------------
| GPU (CUDA) Version of PMEMD in use: NVIDIA GPU IN USE.
|                    Version 16.0.0
| 
|                      02/25/2016
| 
| Implementation by:
|                    Ross C. Walker     (SDSC)
|                    Scott Le Grand     (nVIDIA)
| 
| Precision model in use:
|      [SPFP] - Single Precision Forces, 64-bit Fixed Point
|               Accumulation. (Default)
| 
|--------------------------------------------------------
 
|----------------- CITATION INFORMATION -----------------
|
|    When publishing work that utilized the CUDA version
|    of AMBER, please cite the following in addition to
|    the regular AMBER citations:
|
|  - Romelia Salomon-Ferrer; Andreas W. Goetz; Duncan
|    Poole; Scott Le Grand; Ross C. Walker "Routine
|    microsecond molecular dynamics simulations with
|    AMBER - Part II: Particle Mesh Ewald", J. Chem.
|    Theory Comput., 2013, 9 (9), pp3878-3888,
|    DOI: 10.1021/ct400314y.
|
|  - Andreas W. Goetz; Mark J. Williamson; Dong Xu;
|    Duncan Poole; Scott Le Grand; Ross C. Walker
|    "Routine microsecond molecular dynamics simulations
|    with AMBER - Part I: Generalized Born", J. Chem.
|    Theory Comput., 2012, 8 (5), pp1542-1555.
|
|  - Scott Le Grand; Andreas W. Goetz; Ross C. Walker
|    "SPFP: Speed without compromise - a mixed precision
|    model for GPU accelerated molecular dynamics
|    simulations.", Comp. Phys. Comm., 2013, 184
|    pp374-380, DOI: 10.1016/j.cpc.2012.09.022
|
|--------------------------------------------------------
 
|------------------- GPU DEVICE INFO --------------------
|
|            CUDA_VISIBLE_DEVICES: 2
|   CUDA Capable Devices Detected:      1
|           CUDA Device ID in use:      0
|                CUDA Device Name: GeForce GTX 780
|     CUDA Device Global Mem Size:   3020 MB
| CUDA Device Num Multiprocessors:     12
|           CUDA Device Core Freq:   0.99 GHz
|
|--------------------------------------------------------
 
 
| Conditional Compilation Defines Used:
| PUBFFT
| BINTRAJ
| CUDA
| EMIL

| Largest sphere to fit in unit cell has radius =    26.281

| New format PARM file being parsed.
| Version =    1.000 Date = 09/04/12 Time = 16:08:43

| Note: 1-4 EEL scale factors are being read from the topology file.

| Note: 1-4 VDW scale factors are being read from the topology file.
| Duplicated    0 dihedrals

| Duplicated    0 dihedrals

--------------------------------------------------------------------------------
   1.  RESOURCE   USE: 
--------------------------------------------------------------------------------

 getting new box info from bottom of inpcrd
 NATOM  =   23082 NTYPES =      16 NBONH =   22055 MBONA  =    1038
 NTHETH =    2390 MTHETA =    1396 NPHIH =    4631 MPHIA  =    3488
 NHPARM =       0 NPARM  =       0 NNB   =   39434 NRES   =    7134
 NBONA  =    1038 NTHETA =    1396 NPHIA =    3488 NUMBND =      41
 NUMANG =      86 NPTRA  =      41 NATYP =      28 NPHB   =       1
 IFBOX  =       1 NMXRS  =      24 IFCAP =       0 NEXTRA =       0
 NCOPY  =       0

| Coordinate Index Table dimensions:    12   14   10
| Direct force subcell size =     5.0212    5.2012    5.2562

     BOX TYPE: RECTILINEAR

--------------------------------------------------------------------------------
   2.  CONTROL  DATA  FOR  THE  RUN
--------------------------------------------------------------------------------

default_name                                                                    

General flags:
     imin    =       0, nmropt  =       0

Nature and format of input:
     ntx     =       1, irest   =       0, ntrx    =       1

Nature and format of output:
     ntxo    =       1, ntpr    =     125, ntrx    =       1, ntwr    =     500
     iwrap   =       1, ntwx    =       0, ntwv    =       0, ntwe    =       0
     ioutfm  =       1, ntwprt  =       0, idecomp =       0, rbornstat=      0

Potential function:
     ntf     =       2, ntb     =       1, igb     =       0, nsnb    =      25
     ipol    =       0, gbsa    =       0, iesp    =       0
     dielc   =   1.00000, cut     =   9.00000, intdiel =   1.00000

Frozen or restrained atoms:
     ibelly  =       0, ntr     =       0

Molecular dynamics:
     nstlim  =      5000, nscm    =      1000, nrespa  =         1
     t       =   0.00000, dt      =   0.00200, vlimit  =  -1.00000

Langevin dynamics temperature regulation:
     ig      =  214488
     temp0   = 300.00000, tempi   = 300.00000, gamma_ln=   2.00000

SHAKE:
     ntc     =       2, jfastw  =       0
     tol     =   0.00001

| Intermolecular bonds treatment:
|     no_intermolecular_bonds =       1

| Energy averages sample interval:
|     ene_avg_sampling =     125

Ewald parameters:
     verbose =       0, ew_type =       0, nbflag  =       1, use_pme =       1
     vdwmeth =       1, eedmeth =       1, netfrc  =       1
     Box X =   60.254   Box Y =   72.816   Box Z =   52.562
     Alpha =   90.000   Beta  =   90.000   Gamma =   90.000
     NFFT1 =   64       NFFT2 =   80       NFFT3 =   56
     Cutoff=    9.000   Tol   =0.100E-04
     Ewald Coefficient =  0.30768
     Interpolation order =    4

--------------------------------------------------------------------------------
   3.  ATOMIC COORDINATES AND VELOCITIES
--------------------------------------------------------------------------------

Cpptraj Generated Restart                                                       
 begin time read from input coords =158000.000 ps

 
 Number of triangulated 3-point waters found:     7002

     Sum of charges from parm topology file =  -0.00000008
     Forcing neutrality...

| Dynamic Memory, Types Used:
| Reals              711627
| Integers           739238

| Nonbonded Pairs Initial Allocation:     5262696

| GPU memory information (estimate):
| KB of GPU memory in use:    131584
| KB of CPU memory in use:     26992

--------------------------------------------------------------------------------
   4.  RESULTS
--------------------------------------------------------------------------------

 ---------------------------------------------------
 APPROXIMATING switch and d/dx switch using CUBIC SPLINE INTERPOLATION
 using   5000.0 points per unit in tabled values
 TESTING RELATIVE ERROR over r ranging from 0.0 to cutoff
| CHECK switch(x): max rel err =   0.2738E-14   at   2.422500
| CHECK d/dx switch(x): max rel err =   0.8314E-11   at   2.736960
 ---------------------------------------------------
|---------------------------------------------------
| APPROXIMATING direct energy using CUBIC SPLINE INTERPOLATION
|  with   50.0 points per unit in tabled values
| Relative Error Limit not exceeded for r .gt.   2.39
| APPROXIMATING direct force using CUBIC SPLINE INTERPOLATION
|  with   50.0 points per unit in tabled values
| Relative Error Limit not exceeded for r .gt.   2.84
|---------------------------------------------------

 NSTEP =        0   TIME(PS) =       0.000  TEMP(K) =   437.63  PRESS =     0.0
 Etot   =    -51125.3148  EKtot   =     20519.8869  EPtot      =    -71645.2016
 BOND   =       386.7325  ANGLE   =      1074.0265  DIHED      =      1332.8252
 1-4 NB =       451.6280  1-4 EEL =      4611.8715  VDWAALS    =      8825.4641
 EELEC  =    -88327.7495  EHBOND  =         0.0000  RESTRAINT  =         0.0000
 ------------------------------------------------------------------------------


 NSTEP =      125   TIME(PS) =       0.250  TEMP(K) =   302.30  PRESS =     0.0
 Etot   =    -57647.5101  EKtot   =     14174.6475  EPtot      =    -71822.1576
 BOND   =       409.9886  ANGLE   =      1078.9279  DIHED      =      1337.9813
 1-4 NB =       426.2965  1-4 EEL =      4666.5201  VDWAALS    =      8815.7762
 EELEC  =    -88557.6481  EHBOND  =         0.0000  RESTRAINT  =         0.0000
 ------------------------------------------------------------------------------


 NSTEP =      250   TIME(PS) =       0.500  TEMP(K) =   298.53  PRESS =     0.0
 Etot   =    -57698.4937  EKtot   =     13997.5391  EPtot      =    -71696.0328
 BOND   =       373.6827  ANGLE   =      1089.6945  DIHED      =      1362.6989
 1-4 NB =       439.0541  1-4 EEL =      4627.2903  VDWAALS    =      8660.9143
 EELEC  =    -88249.3675  EHBOND  =         0.0000  RESTRAINT  =         0.0000
 ------------------------------------------------------------------------------


 NSTEP =      375   TIME(PS) =       0.750  TEMP(K) =   297.71  PRESS =     0.0
 Etot   =    -57726.2472  EKtot   =     13959.0850  EPtot      =    -71685.3322
 BOND   =       361.7442  ANGLE   =      1013.7319  DIHED      =      1335.5815
 1-4 NB =       460.2116  1-4 EEL =      4666.6487  VDWAALS    =      8691.8651
 EELEC  =    -88215.1151  EHBOND  =         0.0000  RESTRAINT  =         0.0000
 ------------------------------------------------------------------------------


 NSTEP =      500   TIME(PS) =       1.000  TEMP(K) =   301.20  PRESS =     0.0
 Etot   =    -57654.6152  EKtot   =     14122.8369  EPtot      =    -71777.4521
 BOND   =       409.5858  ANGLE   =      1044.5770  DIHED      =      1329.2100
 1-4 NB =       442.7891  1-4 EEL =      4584.7582  VDWAALS    =      8749.1379
 EELEC  =    -88337.5100  EHBOND  =         0.0000  RESTRAINT  =         0.0000
 ------------------------------------------------------------------------------


 NSTEP =      625   TIME(PS) =       1.250  TEMP(K) =   300.01  PRESS =     0.0
 Etot   =    -57582.6247  EKtot   =     14067.1650  EPtot      =    -71649.7898
 BOND   =       368.3053  ANGLE   =      1050.8741  DIHED      =      1348.8171
 1-4 NB =       440.1299  1-4 EEL =      4641.6071  VDWAALS    =      8914.0547
 EELEC  =    -88413.5781  EHBOND  =         0.0000  RESTRAINT  =         0.0000
 ------------------------------------------------------------------------------


 NSTEP =      750   TIME(PS) =       1.500  TEMP(K) =   298.88  PRESS =     0.0
 Etot   =    -57632.1361  EKtot   =     14014.3086  EPtot      =    -71646.4447
 BOND   =       348.3549  ANGLE   =      1074.0021  DIHED      =      1332.7728
 1-4 NB =       436.4313  1-4 EEL =      4661.8220  VDWAALS    =      8786.1181
 EELEC  =    -88285.9459  EHBOND  =         0.0000  RESTRAINT  =         0.0000
 ------------------------------------------------------------------------------


 NSTEP =      875   TIME(PS) =       1.750  TEMP(K) =   298.47  PRESS =     0.0
 Etot   =    -57651.3878  EKtot   =     13995.0918  EPtot      =    -71646.4796
 BOND   =       379.1331  ANGLE   =      1082.6609  DIHED      =      1339.1350
 1-4 NB =       461.9900  1-4 EEL =      4640.0021  VDWAALS    =      8683.5514
 EELEC  =    -88232.9521  EHBOND  =         0.0000  RESTRAINT  =         0.0000
 ------------------------------------------------------------------------------


 NSTEP =     1000   TIME(PS) =       2.000  TEMP(K) =   301.31  PRESS =     0.0
 Etot   =    -57546.0595  EKtot   =     14127.8311  EPtot      =    -71673.8906
 BOND   =       367.7775  ANGLE   =      1030.4216  DIHED      =      1346.2426
 1-4 NB =       448.9776  1-4 EEL =      4652.2648  VDWAALS    =      8943.7457
 EELEC  =    -88463.3205  EHBOND  =         0.0000  RESTRAINT  =         0.0000
 ------------------------------------------------------------------------------


 NSTEP =     1125   TIME(PS) =       2.250  TEMP(K) =   300.20  PRESS =     0.0
 Etot   =    -57681.5182  EKtot   =     14076.1895  EPtot      =    -71757.7076
 BOND   =       414.0128  ANGLE   =      1019.9186  DIHED      =      1328.5421
 1-4 NB =       442.8727  1-4 EEL =      4641.9239  VDWAALS    =      8813.5089
 EELEC  =    -88418.4866  EHBOND  =         0.0000  RESTRAINT  =         0.0000
 ------------------------------------------------------------------------------


 NSTEP =     1250   TIME(PS) =       2.500  TEMP(K) =   300.39  PRESS =     0.0
 Etot   =    -57783.4738  EKtot   =     14084.9863  EPtot      =    -71868.4601
 BOND   =       402.2204  ANGLE   =      1079.4669  DIHED      =      1314.0761
 1-4 NB =       451.1295  1-4 EEL =      4626.2865  VDWAALS    =      8670.9700
 EELEC  =    -88412.6095  EHBOND  =         0.0000  RESTRAINT  =         0.0000
 ------------------------------------------------------------------------------


 NSTEP =     1375   TIME(PS) =       2.750  TEMP(K) =   300.36  PRESS =     0.0
 Etot   =    -57754.6378  EKtot   =     14083.3047  EPtot      =    -71837.9425
 BOND   =       396.5741  ANGLE   =      1069.1892  DIHED      =      1346.1115
 1-4 NB =       440.5368  1-4 EEL =      4603.2973  VDWAALS    =      8558.3332
 EELEC  =    -88251.9846  EHBOND  =         0.0000  RESTRAINT  =         0.0000
 ------------------------------------------------------------------------------


 NSTEP =     1500   TIME(PS) =       3.000  TEMP(K) =   297.70  PRESS =     0.0
 Etot   =    -57727.4847  EKtot   =     13958.8438  EPtot      =    -71686.3285
 BOND   =       394.0182  ANGLE   =      1081.8892  DIHED      =      1334.8014
 1-4 NB =       439.7193  1-4 EEL =      4619.2665  VDWAALS    =      8983.4194
 EELEC  =    -88539.4425  EHBOND  =         0.0000  RESTRAINT  =         0.0000
 ------------------------------------------------------------------------------


 NSTEP =     1625   TIME(PS) =       3.250  TEMP(K) =   302.10  PRESS =     0.0
 Etot   =    -57510.7226  EKtot   =     14164.8760  EPtot      =    -71675.5986
 BOND   =       403.4017  ANGLE   =      1088.5393  DIHED      =      1358.9310
 1-4 NB =       437.1760  1-4 EEL =      4638.4600  VDWAALS    =      8800.9512
 EELEC  =    -88403.0579  EHBOND  =         0.0000  RESTRAINT  =         0.0000
 ------------------------------------------------------------------------------


 NSTEP =     1750   TIME(PS) =       3.500  TEMP(K) =   300.23  PRESS =     0.0
 Etot   =    -57716.6790  EKtot   =     14077.1875  EPtot      =    -71793.8665
 BOND   =       383.4213  ANGLE   =      1066.4223  DIHED      =      1314.2107
 1-4 NB =       450.8055  1-4 EEL =      4682.4426  VDWAALS    =      8617.2225
 EELEC  =    -88308.3913  EHBOND  =         0.0000  RESTRAINT  =         0.0000
 ------------------------------------------------------------------------------


 NSTEP =     1875   TIME(PS) =       3.750  TEMP(K) =   299.73  PRESS =     0.0
 Etot   =    -57632.6321  EKtot   =     14054.0410  EPtot      =    -71686.6731
 BOND   =       397.8895  ANGLE   =      1050.5499  DIHED      =      1297.7144
 1-4 NB =       432.0818  1-4 EEL =      4610.6305  VDWAALS    =      8760.6883
 EELEC  =    -88236.2276  EHBOND  =         0.0000  RESTRAINT  =         0.0000
 ------------------------------------------------------------------------------


 NSTEP =     2000   TIME(PS) =       4.000  TEMP(K) =   297.69  PRESS =     0.0
 Etot   =    -57538.1583  EKtot   =     13958.2793  EPtot      =    -71496.4376
 BOND   =       382.8928  ANGLE   =      1024.2686  DIHED      =      1328.3482
 1-4 NB =       474.6617  1-4 EEL =      4648.7967  VDWAALS    =      8750.1953
 EELEC  =    -88105.6010  EHBOND  =         0.0000  RESTRAINT  =         0.0000
 ------------------------------------------------------------------------------


 NSTEP =     2125   TIME(PS) =       4.250  TEMP(K) =   300.12  PRESS =     0.0
 Etot   =    -57538.8332  EKtot   =     14072.3740  EPtot      =    -71611.2072
 BOND   =       377.6377  ANGLE   =      1067.3288  DIHED      =      1329.8196
 1-4 NB =       446.5453  1-4 EEL =      4668.9839  VDWAALS    =      8822.9586
 EELEC  =    -88324.4809  EHBOND  =         0.0000  RESTRAINT  =         0.0000
 ------------------------------------------------------------------------------


 NSTEP =     2250   TIME(PS) =       4.500  TEMP(K) =   302.43  PRESS =     0.0
 Etot   =    -57560.1254  EKtot   =     14180.7969  EPtot      =    -71740.9223
 BOND   =       386.8366  ANGLE   =      1076.8426  DIHED      =      1342.3379
 1-4 NB =       443.6810  1-4 EEL =      4674.0283  VDWAALS    =      8758.8683
 EELEC  =    -88423.5170  EHBOND  =         0.0000  RESTRAINT  =         0.0000
 ------------------------------------------------------------------------------


 NSTEP =     2375   TIME(PS) =       4.750  TEMP(K) =   302.15  PRESS =     0.0
 Etot   =    -57534.0192  EKtot   =     14167.4111  EPtot      =    -71701.4304
 BOND   =       407.5753  ANGLE   =      1053.5361  DIHED      =      1328.7908
 1-4 NB =       459.8212  1-4 EEL =      4655.8507  VDWAALS    =      8743.6496
 EELEC  =    -88350.6541  EHBOND  =         0.0000  RESTRAINT  =         0.0000
 ------------------------------------------------------------------------------


 NSTEP =     2500   TIME(PS) =       5.000  TEMP(K) =   302.27  PRESS =     0.0
 Etot   =    -57592.3555  EKtot   =     14173.0127  EPtot      =    -71765.3682
 BOND   =       377.9517  ANGLE   =      1089.6250  DIHED      =      1329.2685
 1-4 NB =       452.5842  1-4 EEL =      4635.8580  VDWAALS    =      8697.4884
 EELEC  =    -88348.1439  EHBOND  =         0.0000  RESTRAINT  =         0.0000
 ------------------------------------------------------------------------------


 NSTEP =     2625   TIME(PS) =       5.250  TEMP(K) =   299.39  PRESS =     0.0
 Etot   =    -57528.5826  EKtot   =     14038.0332  EPtot      =    -71566.6158
 BOND   =       374.5467  ANGLE   =      1066.8525  DIHED      =      1338.3249
 1-4 NB =       442.7924  1-4 EEL =      4641.6612  VDWAALS    =      8732.9434
 EELEC  =    -88163.7370  EHBOND  =         0.0000  RESTRAINT  =         0.0000
 ------------------------------------------------------------------------------


 NSTEP =     2750   TIME(PS) =       5.500  TEMP(K) =   300.80  PRESS =     0.0
 Etot   =    -57520.7572  EKtot   =     14104.3721  EPtot      =    -71625.1293
 BOND   =       374.0151  ANGLE   =      1050.0048  DIHED      =      1318.9083
 1-4 NB =       437.7697  1-4 EEL =      4668.3045  VDWAALS    =      8727.6039
 EELEC  =    -88201.7356  EHBOND  =         0.0000  RESTRAINT  =         0.0000
 ------------------------------------------------------------------------------


 NSTEP =     2875   TIME(PS) =       5.750  TEMP(K) =   300.86  PRESS =     0.0
 Etot   =    -57600.3129  EKtot   =     14107.0586  EPtot      =    -71707.3715
 BOND   =       381.9228  ANGLE   =      1034.2398  DIHED      =      1337.2592
 1-4 NB =       457.3380  1-4 EEL =      4609.4222  VDWAALS    =      8731.4513
 EELEC  =    -88259.0048  EHBOND  =         0.0000  RESTRAINT  =         0.0000
 ------------------------------------------------------------------------------


 NSTEP =     3000   TIME(PS) =       6.000  TEMP(K) =   301.25  PRESS =     0.0
 Etot   =    -57576.6377  EKtot   =     14125.3154  EPtot      =    -71701.9531
 BOND   =       349.2526  ANGLE   =      1074.5366  DIHED      =      1339.1759
 1-4 NB =       468.1469  1-4 EEL =      4666.5791  VDWAALS    =      8669.0820
 EELEC  =    -88268.7263  EHBOND  =         0.0000  RESTRAINT  =         0.0000
 ------------------------------------------------------------------------------


 NSTEP =     3125   TIME(PS) =       6.250  TEMP(K) =   299.12  PRESS =     0.0
 Etot   =    -57721.9828  EKtot   =     14025.2930  EPtot      =    -71747.2757
 BOND   =       407.0868  ANGLE   =      1082.4884  DIHED      =      1333.2438
 1-4 NB =       450.3548  1-4 EEL =      4651.1169  VDWAALS    =      8674.5183
 EELEC  =    -88346.0847  EHBOND  =         0.0000  RESTRAINT  =         0.0000
 ------------------------------------------------------------------------------


 NSTEP =     3250   TIME(PS) =       6.500  TEMP(K) =   296.52  PRESS =     0.0
 Etot   =    -57642.2321  EKtot   =     13903.4170  EPtot      =    -71545.6491
 BOND   =       396.1830  ANGLE   =      1076.3598  DIHED      =      1339.8875
 1-4 NB =       460.6010  1-4 EEL =      4654.0403  VDWAALS    =      8763.9349
 EELEC  =    -88236.6556  EHBOND  =         0.0000  RESTRAINT  =         0.0000
 ------------------------------------------------------------------------------


 NSTEP =     3375   TIME(PS) =       6.750  TEMP(K) =   301.03  PRESS =     0.0
 Etot   =    -57498.7472  EKtot   =     14114.9160  EPtot      =    -71613.6632
 BOND   =       420.7892  ANGLE   =      1052.0633  DIHED      =      1371.0954
 1-4 NB =       452.9170  1-4 EEL =      4655.0133  VDWAALS    =      8783.7633
 EELEC  =    -88349.3047  EHBOND  =         0.0000  RESTRAINT  =         0.0000
 ------------------------------------------------------------------------------


 NSTEP =     3500   TIME(PS) =       7.000  TEMP(K) =   298.83  PRESS =     0.0
 Etot   =    -57610.6282  EKtot   =     14012.0000  EPtot      =    -71622.6282
 BOND   =       384.7100  ANGLE   =      1068.9994  DIHED      =      1360.6655
 1-4 NB =       451.8091  1-4 EEL =      4641.5661  VDWAALS    =      8662.3024
 EELEC  =    -88192.6806  EHBOND  =         0.0000  RESTRAINT  =         0.0000
 ------------------------------------------------------------------------------


 NSTEP =     3625   TIME(PS) =       7.250  TEMP(K) =   298.93  PRESS =     0.0
 Etot   =    -57648.3533  EKtot   =     14016.4785  EPtot      =    -71664.8318
 BOND   =       372.3994  ANGLE   =      1046.6580  DIHED      =      1327.0379
 1-4 NB =       445.9918  1-4 EEL =      4705.7991  VDWAALS    =      8811.7208
 EELEC  =    -88374.4388  EHBOND  =         0.0000  RESTRAINT  =         0.0000
 ------------------------------------------------------------------------------


 NSTEP =     3750   TIME(PS) =       7.500  TEMP(K) =   301.99  PRESS =     0.0
 Etot   =    -57502.8146  EKtot   =     14159.9287  EPtot      =    -71662.7433
 BOND   =       376.6638  ANGLE   =      1049.2855  DIHED      =      1316.9672
 1-4 NB =       462.6242  1-4 EEL =      4661.9776  VDWAALS    =      8687.0229
 EELEC  =    -88217.2845  EHBOND  =         0.0000  RESTRAINT  =         0.0000
 ------------------------------------------------------------------------------


 NSTEP =     3875   TIME(PS) =       7.750  TEMP(K) =   298.59  PRESS =     0.0
 Etot   =    -57523.2696  EKtot   =     14000.6289  EPtot      =    -71523.8985
 BOND   =       395.3367  ANGLE   =      1085.5015  DIHED      =      1351.2251
 1-4 NB =       446.7205  1-4 EEL =      4641.6690  VDWAALS    =      8737.5860
 EELEC  =    -88181.9373  EHBOND  =         0.0000  RESTRAINT  =         0.0000
 ------------------------------------------------------------------------------


 NSTEP =     4000   TIME(PS) =       8.000  TEMP(K) =   297.25  PRESS =     0.0
 Etot   =    -57585.5445  EKtot   =     13937.7373  EPtot      =    -71523.2818
 BOND   =       368.6942  ANGLE   =      1037.2709  DIHED      =      1319.9631
 1-4 NB =       445.3569  1-4 EEL =      4630.5307  VDWAALS    =      8661.8119
 EELEC  =    -87986.9095  EHBOND  =         0.0000  RESTRAINT  =         0.0000
 ------------------------------------------------------------------------------


 NSTEP =     4125   TIME(PS) =       8.250  TEMP(K) =   299.66  PRESS =     0.0
 Etot   =    -57576.5034  EKtot   =     14050.8135  EPtot      =    -71627.3169
 BOND   =       385.1380  ANGLE   =      1033.4750  DIHED      =      1345.9564
 1-4 NB =       447.9476  1-4 EEL =      4636.1769  VDWAALS    =      8654.9721
 EELEC  =    -88130.9829  EHBOND  =         0.0000  RESTRAINT  =         0.0000
 ------------------------------------------------------------------------------


 NSTEP =     4250   TIME(PS) =       8.500  TEMP(K) =   297.62  PRESS =     0.0
 Etot   =    -57607.3996  EKtot   =     13954.8496  EPtot      =    -71562.2493
 BOND   =       394.9498  ANGLE   =      1055.2606  DIHED      =      1322.6033
 1-4 NB =       420.7350  1-4 EEL =      4674.2641  VDWAALS    =      8674.5804
 EELEC  =    -88104.6426  EHBOND  =         0.0000  RESTRAINT  =         0.0000
 ------------------------------------------------------------------------------


 NSTEP =     4375   TIME(PS) =       8.750  TEMP(K) =   301.79  PRESS =     0.0
 Etot   =    -57477.2930  EKtot   =     14150.7246  EPtot      =    -71628.0176
 BOND   =       375.6771  ANGLE   =      1023.2482  DIHED      =      1342.3396
 1-4 NB =       451.6587  1-4 EEL =      4674.1304  VDWAALS    =      8687.5724
 EELEC  =    -88182.6441  EHBOND  =         0.0000  RESTRAINT  =         0.0000
 ------------------------------------------------------------------------------


 NSTEP =     4500   TIME(PS) =       9.000  TEMP(K) =   301.07  PRESS =     0.0
 Etot   =    -57372.8072  EKtot   =     14116.7344  EPtot      =    -71489.5416
 BOND   =       383.5165  ANGLE   =      1069.0941  DIHED      =      1383.7521
 1-4 NB =       443.7020  1-4 EEL =      4664.8679  VDWAALS    =      8673.1836
 EELEC  =    -88107.6578  EHBOND  =         0.0000  RESTRAINT  =         0.0000
 ------------------------------------------------------------------------------


 NSTEP =     4625   TIME(PS) =       9.250  TEMP(K) =   298.10  PRESS =     0.0
 Etot   =    -57462.0641  EKtot   =     13977.5430  EPtot      =    -71439.6070
 BOND   =       402.9980  ANGLE   =      1018.4995  DIHED      =      1346.2574
 1-4 NB =       451.8696  1-4 EEL =      4642.3877  VDWAALS    =      8842.5678
 EELEC  =    -88144.1871  EHBOND  =         0.0000  RESTRAINT  =         0.0000
 ------------------------------------------------------------------------------


 NSTEP =     4750   TIME(PS) =       9.500  TEMP(K) =   301.69  PRESS =     0.0
 Etot   =    -57525.4445  EKtot   =     14145.8027  EPtot      =    -71671.2472
 BOND   =       388.3160  ANGLE   =      1070.8944  DIHED      =      1337.7391
 1-4 NB =       449.2709  1-4 EEL =      4641.1047  VDWAALS    =      8718.6475
 EELEC  =    -88277.2198  EHBOND  =         0.0000  RESTRAINT  =         0.0000
 ------------------------------------------------------------------------------


 NSTEP =     4875   TIME(PS) =       9.750  TEMP(K) =   299.39  PRESS =     0.0
 Etot   =    -57438.8295  EKtot   =     14037.8779  EPtot      =    -71476.7074
 BOND   =       407.1798  ANGLE   =      1062.7998  DIHED      =      1363.4263
 1-4 NB =       448.7009  1-4 EEL =      4664.3601  VDWAALS    =      8600.9616
 EELEC  =    -88024.1360  EHBOND  =         0.0000  RESTRAINT  =         0.0000
 ------------------------------------------------------------------------------


 NSTEP =     5000   TIME(PS) =      10.000  TEMP(K) =   299.66  PRESS =     0.0
 Etot   =    -57696.6985  EKtot   =     14050.7461  EPtot      =    -71747.4446
 BOND   =       398.3860  ANGLE   =      1034.9315  DIHED      =      1350.2511
 1-4 NB =       452.9675  1-4 EEL =      4642.0257  VDWAALS    =      8985.9539
 EELEC  =    -88611.9603  EHBOND  =         0.0000  RESTRAINT  =         0.0000
 ------------------------------------------------------------------------------


      A V E R A G E S   O V E R      40 S T E P S


 NSTEP =     5000   TIME(PS) =      10.000  TEMP(K) =   299.93  PRESS =     0.0
 Etot   =    -57595.6654  EKtot   =     14063.5020  EPtot      =    -71659.1674
 BOND   =       387.0192  ANGLE   =      1058.1232  DIHED      =      1338.2868
 1-4 NB =       447.9192  1-4 EEL =      4647.8434  VDWAALS    =      8742.6399
 EELEC  =    -88280.9991  EHBOND  =         0.0000  RESTRAINT  =         0.0000
 ------------------------------------------------------------------------------


      R M S  F L U C T U A T I O N S


 NSTEP =     5000   TIME(PS) =      10.000  TEMP(K) =     1.59  PRESS =     0.0
 Etot   =        91.8869  EKtot   =        74.4460  EPtot      =       100.1835
 BOND   =        16.8640  ANGLE   =        21.9138  DIHED      =        16.5454
 1-4 NB =        10.5144  1-4 EEL =        23.0484  VDWAALS    =        95.3619
 EELEC  =       137.6645  EHBOND  =         0.0000  RESTRAINT  =         0.0000
 ------------------------------------------------------------------------------

--------------------------------------------------------------------------------
   5.  TIMINGS
--------------------------------------------------------------------------------

|  NonSetup CPU Time in Major Routines:
|
|     Routine           Sec        %
|     ------------------------------
|     Nonbond           1.40   14.30
|     Bond              0.00    0.00
|     Angle             0.00    0.00
|     Dihedral          0.00    0.00
|     Shake             0.08    0.86
|     RunMD             8.29   84.68
|     Other             0.02    0.16
|     ------------------------------
|     Total             9.79

|  PME Nonbond Pairlist CPU Time:
|
|     Routine              Sec        %
|     ---------------------------------
|     Set Up Cit           0.00    0.00
|     Build List           0.00    0.00
|     ---------------------------------
|     Total                0.00    0.00

|  PME Direct Force CPU Time:
|
|     Routine              Sec        %
|     ---------------------------------
|     NonBonded Calc       0.00    0.00
|     Exclude Masked       0.00    0.00
|     Other                0.01    0.08
|     ---------------------------------
|     Total                0.01    0.08

|  PME Reciprocal Force CPU Time:
|
|     Routine              Sec        %
|     ---------------------------------
|     1D bspline           0.00    0.00
|     Grid Charges         0.00    0.00
|     Scalar Sum           0.00    0.00
|     Gradient Sum         0.00    0.00
|     FFT                  0.00    0.00
|     ---------------------------------
|     Total                0.00    0.00

|  Final Performance Info:
|     -----------------------------------------------------
|     Average timings for last    5000 steps:
|     Elapsed(s) =       9.80 Per Step(ms) =       1.96
|         ns/day =      88.19   seconds/ns =     979.72
|
|     Average timings for all steps:
|     Elapsed(s) =       9.80 Per Step(ms) =       1.96
|         ns/day =      88.19   seconds/ns =     979.72
|     -----------------------------------------------------

|  Setup CPU time:            1.64 seconds
|  NonSetup CPU time:         9.79 seconds
|  Total CPU time:           11.42 seconds     0.00 hours

|  Setup wall time:           2    seconds
|  NonSetup wall time:       10    seconds
|  Total wall time:          12    seconds     0.00 hours
