
          -------------------------------------------------------
          Amber 16 PMEMD                              2016
          -------------------------------------------------------

| PMEMD implementation of SANDER, Release 16

| Run on 08/25/2017 at 15:58:44

|   Executable path: /apps/amber16/bin/pmemd.cuda
| Working directory: /scratch/pbarletta/pdz/run/lb/neq/data/1
|          Hostname: mordor

  [-O]verwriting output

File Assignments:
|   MDIN: pdt.in                                                                
|  MDOUT: 87plb_1.out                                                           
| INPCRD: /scratch/pbarletta/pdz/run/lb/neq/starting_frames/87_lb.rst7          
|   PARM: /scratch/pbarletta/pdz/top_files/lb.prmtop                            
| RESTRT: 87plb_1.rst7                                                          
|   REFC: refc                                                                  
|  MDVEL: mdvel                                                                 
|   MDEN: mden                                                                  
|  MDCRD: 87plb_1.nc                                                            
| MDINFO: mdinfo                                                                
|  MDFRC: mdfrc                                                                 


 Here is the input file:

!NVT run. P/ recuperar velocidades                                             
&cntrl                                                                         
imin = 0,                           ! No Minimization                          
nmropt = 0,                         ! No NMR restraints read                   
                                                                               
! Nature and format of the input                                               
ntx = 1,                            ! Coordinates will be read, assign new velo
irest = 0,                          ! Run a new simulation                     
                                                                               
! Nature and format of the output                                              
ioutfm = 1,			    ! NetCDF format for output files                             
ntxo = 1,                           ! rstrt file in ASCII format               
ntpr = 125,                         ! inf in output every ntpr steps           
ntwr = 500,                         ! rstrt file every ntwr steps              
ntwx = 0,                           ! mdcrd file every ntwx steps              
ntwv = 0,                           ! mdvel without velocities                 
ntwe = 0,                           ! Energies and temperatures not written in 
idecomp = 0,                        ! No energy decomposition                  
iwrap = 1,                          ! Coordinates of the restart and mdcrd file
                                                                               
! Frozen or restrained atoms                                                   
ibelly = 0,                         ! No frozen atoms                          
ntr=0,                              ! Harmonic potential restraints            
                                                                               
! Molecular dynamics                                                           
nstlim = 5000,                      ! Number of MD-steps                       
dt = 0.002,                         ! Time step                                
                                                                               
! Temperature regulation                                                       
ntt = 3,                            ! Langevin thermostat                      
gamma_ln = 2,                       ! Gamma constant for Langevin              
temp0 = 300.0,                     ! Reference T at which the system is to be k
tempi = 300.0,                      ! Initial T                                
                                                                               
! P and V regulation                                                           
ntp = 0,                            ! No P control                             
ntb = 1,                            ! constant V                               
                                                                               
! SHAKE variables                                                              
ntc = 2,                            ! Bonds involving H are constrained        
ntf = 2,                            ! Bond interaction involving H are ommited.
                                                                               
cut = 9.0,                          ! Nonbonded cutoff                         
/                                                                              
&end                                                                           


Note: ig = -1. Setting random seed to   971377 based on wallclock time in 
      microseconds.
| irandom = 1, using AMBER's internal random number generator (default).
 
|--------------------- INFORMATION ----------------------
| GPU (CUDA) Version of PMEMD in use: NVIDIA GPU IN USE.
|                    Version 16.0.0
| 
|                      02/25/2016
| 
| Implementation by:
|                    Ross C. Walker     (SDSC)
|                    Scott Le Grand     (nVIDIA)
| 
| Precision model in use:
|      [SPFP] - Single Precision Forces, 64-bit Fixed Point
|               Accumulation. (Default)
| 
|--------------------------------------------------------
 
|----------------- CITATION INFORMATION -----------------
|
|    When publishing work that utilized the CUDA version
|    of AMBER, please cite the following in addition to
|    the regular AMBER citations:
|
|  - Romelia Salomon-Ferrer; Andreas W. Goetz; Duncan
|    Poole; Scott Le Grand; Ross C. Walker "Routine
|    microsecond molecular dynamics simulations with
|    AMBER - Part II: Particle Mesh Ewald", J. Chem.
|    Theory Comput., 2013, 9 (9), pp3878-3888,
|    DOI: 10.1021/ct400314y.
|
|  - Andreas W. Goetz; Mark J. Williamson; Dong Xu;
|    Duncan Poole; Scott Le Grand; Ross C. Walker
|    "Routine microsecond molecular dynamics simulations
|    with AMBER - Part I: Generalized Born", J. Chem.
|    Theory Comput., 2012, 8 (5), pp1542-1555.
|
|  - Scott Le Grand; Andreas W. Goetz; Ross C. Walker
|    "SPFP: Speed without compromise - a mixed precision
|    model for GPU accelerated molecular dynamics
|    simulations.", Comp. Phys. Comm., 2013, 184
|    pp374-380, DOI: 10.1016/j.cpc.2012.09.022
|
|--------------------------------------------------------
 
|------------------- GPU DEVICE INFO --------------------
|
|            CUDA_VISIBLE_DEVICES: 2
|   CUDA Capable Devices Detected:      1
|           CUDA Device ID in use:      0
|                CUDA Device Name: GeForce GTX 780
|     CUDA Device Global Mem Size:   3020 MB
| CUDA Device Num Multiprocessors:     12
|           CUDA Device Core Freq:   0.99 GHz
|
|--------------------------------------------------------
 
 
| Conditional Compilation Defines Used:
| PUBFFT
| BINTRAJ
| CUDA
| EMIL

| Largest sphere to fit in unit cell has radius =    26.281

| New format PARM file being parsed.
| Version =    1.000 Date = 09/04/12 Time = 16:08:43

| Note: 1-4 EEL scale factors are being read from the topology file.

| Note: 1-4 VDW scale factors are being read from the topology file.
| Duplicated    0 dihedrals

| Duplicated    0 dihedrals

--------------------------------------------------------------------------------
   1.  RESOURCE   USE: 
--------------------------------------------------------------------------------

 getting new box info from bottom of inpcrd
 NATOM  =   23082 NTYPES =      16 NBONH =   22055 MBONA  =    1038
 NTHETH =    2390 MTHETA =    1396 NPHIH =    4631 MPHIA  =    3488
 NHPARM =       0 NPARM  =       0 NNB   =   39434 NRES   =    7134
 NBONA  =    1038 NTHETA =    1396 NPHIA =    3488 NUMBND =      41
 NUMANG =      86 NPTRA  =      41 NATYP =      28 NPHB   =       1
 IFBOX  =       1 NMXRS  =      24 IFCAP =       0 NEXTRA =       0
 NCOPY  =       0

| Coordinate Index Table dimensions:    12   14   10
| Direct force subcell size =     5.0212    5.2012    5.2562

     BOX TYPE: RECTILINEAR

--------------------------------------------------------------------------------
   2.  CONTROL  DATA  FOR  THE  RUN
--------------------------------------------------------------------------------

default_name                                                                    

General flags:
     imin    =       0, nmropt  =       0

Nature and format of input:
     ntx     =       1, irest   =       0, ntrx    =       1

Nature and format of output:
     ntxo    =       1, ntpr    =     125, ntrx    =       1, ntwr    =     500
     iwrap   =       1, ntwx    =       0, ntwv    =       0, ntwe    =       0
     ioutfm  =       1, ntwprt  =       0, idecomp =       0, rbornstat=      0

Potential function:
     ntf     =       2, ntb     =       1, igb     =       0, nsnb    =      25
     ipol    =       0, gbsa    =       0, iesp    =       0
     dielc   =   1.00000, cut     =   9.00000, intdiel =   1.00000

Frozen or restrained atoms:
     ibelly  =       0, ntr     =       0

Molecular dynamics:
     nstlim  =      5000, nscm    =      1000, nrespa  =         1
     t       =   0.00000, dt      =   0.00200, vlimit  =  -1.00000

Langevin dynamics temperature regulation:
     ig      =  971377
     temp0   = 300.00000, tempi   = 300.00000, gamma_ln=   2.00000

SHAKE:
     ntc     =       2, jfastw  =       0
     tol     =   0.00001

| Intermolecular bonds treatment:
|     no_intermolecular_bonds =       1

| Energy averages sample interval:
|     ene_avg_sampling =     125

Ewald parameters:
     verbose =       0, ew_type =       0, nbflag  =       1, use_pme =       1
     vdwmeth =       1, eedmeth =       1, netfrc  =       1
     Box X =   60.254   Box Y =   72.816   Box Z =   52.562
     Alpha =   90.000   Beta  =   90.000   Gamma =   90.000
     NFFT1 =   64       NFFT2 =   80       NFFT3 =   56
     Cutoff=    9.000   Tol   =0.100E-04
     Ewald Coefficient =  0.30768
     Interpolation order =    4

--------------------------------------------------------------------------------
   3.  ATOMIC COORDINATES AND VELOCITIES
--------------------------------------------------------------------------------

Cpptraj Generated Restart                                                       
 begin time read from input coords =174000.000 ps

 
 Number of triangulated 3-point waters found:     7002

     Sum of charges from parm topology file =  -0.00000008
     Forcing neutrality...

| Dynamic Memory, Types Used:
| Reals              711627
| Integers           739238

| Nonbonded Pairs Initial Allocation:     5262696

| GPU memory information (estimate):
| KB of GPU memory in use:    131584
| KB of CPU memory in use:     26992

--------------------------------------------------------------------------------
   4.  RESULTS
--------------------------------------------------------------------------------

 ---------------------------------------------------
 APPROXIMATING switch and d/dx switch using CUBIC SPLINE INTERPOLATION
 using   5000.0 points per unit in tabled values
 TESTING RELATIVE ERROR over r ranging from 0.0 to cutoff
| CHECK switch(x): max rel err =   0.2738E-14   at   2.422500
| CHECK d/dx switch(x): max rel err =   0.8314E-11   at   2.736960
 ---------------------------------------------------
|---------------------------------------------------
| APPROXIMATING direct energy using CUBIC SPLINE INTERPOLATION
|  with   50.0 points per unit in tabled values
| Relative Error Limit not exceeded for r .gt.   2.39
| APPROXIMATING direct force using CUBIC SPLINE INTERPOLATION
|  with   50.0 points per unit in tabled values
| Relative Error Limit not exceeded for r .gt.   2.84
|---------------------------------------------------

 NSTEP =        0   TIME(PS) =       0.000  TEMP(K) =   439.53  PRESS =     0.0
 Etot   =    -51352.1207  EKtot   =     20609.1322  EPtot      =    -71961.2528
 BOND   =       412.9703  ANGLE   =      1082.5058  DIHED      =      1334.5699
 1-4 NB =       445.5407  1-4 EEL =      4620.5690  VDWAALS    =      8646.3249
 EELEC  =    -88503.7335  EHBOND  =         0.0000  RESTRAINT  =         0.0000
 ------------------------------------------------------------------------------


 NSTEP =      125   TIME(PS) =       0.250  TEMP(K) =   300.22  PRESS =     0.0
 Etot   =    -57576.2228  EKtot   =     14077.0889  EPtot      =    -71653.3117
 BOND   =       388.7876  ANGLE   =      1082.2207  DIHED      =      1327.5558
 1-4 NB =       465.7869  1-4 EEL =      4630.5272  VDWAALS    =      8934.5708
 EELEC  =    -88482.7606  EHBOND  =         0.0000  RESTRAINT  =         0.0000
 ------------------------------------------------------------------------------


 NSTEP =      250   TIME(PS) =       0.500  TEMP(K) =   301.15  PRESS =     0.0
 Etot   =    -57638.4242  EKtot   =     14120.7461  EPtot      =    -71759.1703
 BOND   =       385.9468  ANGLE   =      1059.2274  DIHED      =      1361.5799
 1-4 NB =       446.1424  1-4 EEL =      4607.9785  VDWAALS    =      8805.6638
 EELEC  =    -88425.7090  EHBOND  =         0.0000  RESTRAINT  =         0.0000
 ------------------------------------------------------------------------------


 NSTEP =      375   TIME(PS) =       0.750  TEMP(K) =   296.89  PRESS =     0.0
 Etot   =    -57472.5607  EKtot   =     13920.6650  EPtot      =    -71393.2257
 BOND   =       385.5168  ANGLE   =      1073.4595  DIHED      =      1323.3240
 1-4 NB =       438.8225  1-4 EEL =      4642.5524  VDWAALS    =      9013.2387
 EELEC  =    -88270.1397  EHBOND  =         0.0000  RESTRAINT  =         0.0000
 ------------------------------------------------------------------------------


 NSTEP =      500   TIME(PS) =       1.000  TEMP(K) =   299.45  PRESS =     0.0
 Etot   =    -57512.9313  EKtot   =     14041.0205  EPtot      =    -71553.9518
 BOND   =       396.5847  ANGLE   =      1012.5303  DIHED      =      1322.9487
 1-4 NB =       446.0318  1-4 EEL =      4644.5986  VDWAALS    =      8721.6426
 EELEC  =    -88098.2884  EHBOND  =         0.0000  RESTRAINT  =         0.0000
 ------------------------------------------------------------------------------


 NSTEP =      625   TIME(PS) =       1.250  TEMP(K) =   297.22  PRESS =     0.0
 Etot   =    -57609.7519  EKtot   =     13936.2617  EPtot      =    -71546.0137
 BOND   =       376.0080  ANGLE   =      1094.8776  DIHED      =      1337.0530
 1-4 NB =       445.8510  1-4 EEL =      4616.0710  VDWAALS    =      8764.0529
 EELEC  =    -88179.9269  EHBOND  =         0.0000  RESTRAINT  =         0.0000
 ------------------------------------------------------------------------------


 NSTEP =      750   TIME(PS) =       1.500  TEMP(K) =   298.01  PRESS =     0.0
 Etot   =    -57542.2756  EKtot   =     13973.1895  EPtot      =    -71515.4650
 BOND   =       390.3901  ANGLE   =      1068.3875  DIHED      =      1334.5711
 1-4 NB =       466.0907  1-4 EEL =      4663.7057  VDWAALS    =      8886.0485
 EELEC  =    -88324.6585  EHBOND  =         0.0000  RESTRAINT  =         0.0000
 ------------------------------------------------------------------------------


 NSTEP =      875   TIME(PS) =       1.750  TEMP(K) =   298.99  PRESS =     0.0
 Etot   =    -57650.4674  EKtot   =     14019.3398  EPtot      =    -71669.8072
 BOND   =       399.1340  ANGLE   =      1029.9071  DIHED      =      1325.9983
 1-4 NB =       446.1033  1-4 EEL =      4656.3906  VDWAALS    =      8647.2192
 EELEC  =    -88174.5598  EHBOND  =         0.0000  RESTRAINT  =         0.0000
 ------------------------------------------------------------------------------


 NSTEP =     1000   TIME(PS) =       2.000  TEMP(K) =   298.48  PRESS =     0.0
 Etot   =    -57687.2918  EKtot   =     13995.3408  EPtot      =    -71682.6326
 BOND   =       414.2587  ANGLE   =      1073.4688  DIHED      =      1331.2723
 1-4 NB =       445.4373  1-4 EEL =      4660.0864  VDWAALS    =      8871.8396
 EELEC  =    -88478.9958  EHBOND  =         0.0000  RESTRAINT  =         0.0000
 ------------------------------------------------------------------------------


 NSTEP =     1125   TIME(PS) =       2.250  TEMP(K) =   301.96  PRESS =     0.0
 Etot   =    -57552.5199  EKtot   =     14158.4512  EPtot      =    -71710.9711
 BOND   =       407.9037  ANGLE   =      1078.9925  DIHED      =      1332.9560
 1-4 NB =       448.2556  1-4 EEL =      4625.2423  VDWAALS    =      8550.9303
 EELEC  =    -88155.2516  EHBOND  =         0.0000  RESTRAINT  =         0.0000
 ------------------------------------------------------------------------------


 NSTEP =     1250   TIME(PS) =       2.500  TEMP(K) =   303.90  PRESS =     0.0
 Etot   =    -57415.9926  EKtot   =     14249.7002  EPtot      =    -71665.6928
 BOND   =       401.0015  ANGLE   =      1052.2141  DIHED      =      1329.5430
 1-4 NB =       454.0910  1-4 EEL =      4636.1003  VDWAALS    =      8721.6087
 EELEC  =    -88260.2514  EHBOND  =         0.0000  RESTRAINT  =         0.0000
 ------------------------------------------------------------------------------


 NSTEP =     1375   TIME(PS) =       2.750  TEMP(K) =   301.33  PRESS =     0.0
 Etot   =    -57540.1621  EKtot   =     14128.8691  EPtot      =    -71669.0312
 BOND   =       391.3839  ANGLE   =      1084.3282  DIHED      =      1322.3937
 1-4 NB =       451.0651  1-4 EEL =      4631.9168  VDWAALS    =      8654.2457
 EELEC  =    -88204.3648  EHBOND  =         0.0000  RESTRAINT  =         0.0000
 ------------------------------------------------------------------------------


 NSTEP =     1500   TIME(PS) =       3.000  TEMP(K) =   302.32  PRESS =     0.0
 Etot   =    -57571.6117  EKtot   =     14175.2080  EPtot      =    -71746.8197
 BOND   =       411.0713  ANGLE   =      1050.5343  DIHED      =      1335.9019
 1-4 NB =       453.7449  1-4 EEL =      4659.2360  VDWAALS    =      8826.0346
 EELEC  =    -88483.3429  EHBOND  =         0.0000  RESTRAINT  =         0.0000
 ------------------------------------------------------------------------------


 NSTEP =     1625   TIME(PS) =       3.250  TEMP(K) =   300.51  PRESS =     0.0
 Etot   =    -57711.4025  EKtot   =     14090.7627  EPtot      =    -71802.1652
 BOND   =       385.3258  ANGLE   =      1064.4838  DIHED      =      1338.4679
 1-4 NB =       454.1503  1-4 EEL =      4627.8561  VDWAALS    =      8722.1315
 EELEC  =    -88394.5806  EHBOND  =         0.0000  RESTRAINT  =         0.0000
 ------------------------------------------------------------------------------


 NSTEP =     1750   TIME(PS) =       3.500  TEMP(K) =   297.52  PRESS =     0.0
 Etot   =    -57721.4527  EKtot   =     13950.4170  EPtot      =    -71671.8697
 BOND   =       404.6792  ANGLE   =      1091.6656  DIHED      =      1303.7886
 1-4 NB =       456.9408  1-4 EEL =      4639.7950  VDWAALS    =      9001.0356
 EELEC  =    -88569.7747  EHBOND  =         0.0000  RESTRAINT  =         0.0000
 ------------------------------------------------------------------------------


 NSTEP =     1875   TIME(PS) =       3.750  TEMP(K) =   301.89  PRESS =     0.0
 Etot   =    -57605.2190  EKtot   =     14155.1582  EPtot      =    -71760.3772
 BOND   =       416.5154  ANGLE   =      1053.8294  DIHED      =      1288.8657
 1-4 NB =       447.6970  1-4 EEL =      4594.0194  VDWAALS    =      8584.9402
 EELEC  =    -88146.2443  EHBOND  =         0.0000  RESTRAINT  =         0.0000
 ------------------------------------------------------------------------------


 NSTEP =     2000   TIME(PS) =       4.000  TEMP(K) =   299.33  PRESS =     0.0
 Etot   =    -57553.1814  EKtot   =     14035.0156  EPtot      =    -71588.1970
 BOND   =       405.9569  ANGLE   =      1054.6558  DIHED      =      1304.5108
 1-4 NB =       441.8719  1-4 EEL =      4641.4775  VDWAALS    =      8703.0662
 EELEC  =    -88139.7360  EHBOND  =         0.0000  RESTRAINT  =         0.0000
 ------------------------------------------------------------------------------


 NSTEP =     2125   TIME(PS) =       4.250  TEMP(K) =   299.31  PRESS =     0.0
 Etot   =    -57668.5588  EKtot   =     14034.1865  EPtot      =    -71702.7453
 BOND   =       391.5766  ANGLE   =      1086.9073  DIHED      =      1310.2045
 1-4 NB =       437.3966  1-4 EEL =      4600.8724  VDWAALS    =      8702.0503
 EELEC  =    -88231.7530  EHBOND  =         0.0000  RESTRAINT  =         0.0000
 ------------------------------------------------------------------------------


 NSTEP =     2250   TIME(PS) =       4.500  TEMP(K) =   299.19  PRESS =     0.0
 Etot   =    -57667.1162  EKtot   =     14028.6553  EPtot      =    -71695.7714
 BOND   =       387.2952  ANGLE   =      1068.5837  DIHED      =      1331.8780
 1-4 NB =       456.8023  1-4 EEL =      4669.2716  VDWAALS    =      8563.7930
 EELEC  =    -88173.3952  EHBOND  =         0.0000  RESTRAINT  =         0.0000
 ------------------------------------------------------------------------------


 NSTEP =     2375   TIME(PS) =       4.750  TEMP(K) =   300.44  PRESS =     0.0
 Etot   =    -57578.9414  EKtot   =     14087.3174  EPtot      =    -71666.2588
 BOND   =       425.3976  ANGLE   =      1088.5588  DIHED      =      1313.1436
 1-4 NB =       461.2979  1-4 EEL =      4600.3821  VDWAALS    =      8524.6040
 EELEC  =    -88079.6428  EHBOND  =         0.0000  RESTRAINT  =         0.0000
 ------------------------------------------------------------------------------


 NSTEP =     2500   TIME(PS) =       5.000  TEMP(K) =   299.87  PRESS =     0.0
 Etot   =    -57575.3444  EKtot   =     14060.5029  EPtot      =    -71635.8474
 BOND   =       372.4071  ANGLE   =      1093.9399  DIHED      =      1314.7604
 1-4 NB =       453.0666  1-4 EEL =      4634.0183  VDWAALS    =      8912.7969
 EELEC  =    -88416.8365  EHBOND  =         0.0000  RESTRAINT  =         0.0000
 ------------------------------------------------------------------------------


 NSTEP =     2625   TIME(PS) =       5.250  TEMP(K) =   300.22  PRESS =     0.0
 Etot   =    -57724.2143  EKtot   =     14076.8477  EPtot      =    -71801.0620
 BOND   =       409.2621  ANGLE   =      1111.5170  DIHED      =      1320.6161
 1-4 NB =       451.7195  1-4 EEL =      4678.6274  VDWAALS    =      8720.6616
 EELEC  =    -88493.4657  EHBOND  =         0.0000  RESTRAINT  =         0.0000
 ------------------------------------------------------------------------------


 NSTEP =     2750   TIME(PS) =       5.500  TEMP(K) =   299.51  PRESS =     0.0
 Etot   =    -57667.6113  EKtot   =     14043.6885  EPtot      =    -71711.2998
 BOND   =       395.6780  ANGLE   =      1060.1324  DIHED      =      1331.9838
 1-4 NB =       455.8747  1-4 EEL =      4624.6846  VDWAALS    =      8814.7979
 EELEC  =    -88394.4512  EHBOND  =         0.0000  RESTRAINT  =         0.0000
 ------------------------------------------------------------------------------


 NSTEP =     2875   TIME(PS) =       5.750  TEMP(K) =   298.62  PRESS =     0.0
 Etot   =    -57533.9793  EKtot   =     14002.1367  EPtot      =    -71536.1160
 BOND   =       419.2784  ANGLE   =      1119.8915  DIHED      =      1323.3557
 1-4 NB =       442.4471  1-4 EEL =      4604.2414  VDWAALS    =      8826.8641
 EELEC  =    -88272.1941  EHBOND  =         0.0000  RESTRAINT  =         0.0000
 ------------------------------------------------------------------------------


 NSTEP =     3000   TIME(PS) =       6.000  TEMP(K) =   299.16  PRESS =     0.0
 Etot   =    -57655.6484  EKtot   =     14027.1943  EPtot      =    -71682.8428
 BOND   =       368.6780  ANGLE   =      1082.7230  DIHED      =      1289.4973
 1-4 NB =       459.1375  1-4 EEL =      4645.4708  VDWAALS    =      8729.2424
 EELEC  =    -88257.5918  EHBOND  =         0.0000  RESTRAINT  =         0.0000
 ------------------------------------------------------------------------------


 NSTEP =     3125   TIME(PS) =       6.250  TEMP(K) =   300.09  PRESS =     0.0
 Etot   =    -57464.2869  EKtot   =     14070.8721  EPtot      =    -71535.1590
 BOND   =       406.4637  ANGLE   =      1103.8476  DIHED      =      1318.2499
 1-4 NB =       443.6414  1-4 EEL =      4648.1785  VDWAALS    =      8652.3664
 EELEC  =    -88107.9065  EHBOND  =         0.0000  RESTRAINT  =         0.0000
 ------------------------------------------------------------------------------


 NSTEP =     3250   TIME(PS) =       6.500  TEMP(K) =   298.56  PRESS =     0.0
 Etot   =    -57619.7447  EKtot   =     13999.2344  EPtot      =    -71618.9791
 BOND   =       373.5304  ANGLE   =      1104.6268  DIHED      =      1318.1269
 1-4 NB =       460.3818  1-4 EEL =      4632.9954  VDWAALS    =      8791.4669
 EELEC  =    -88300.1073  EHBOND  =         0.0000  RESTRAINT  =         0.0000
 ------------------------------------------------------------------------------


 NSTEP =     3375   TIME(PS) =       6.750  TEMP(K) =   298.18  PRESS =     0.0
 Etot   =    -57609.1981  EKtot   =     13981.3916  EPtot      =    -71590.5897
 BOND   =       379.0894  ANGLE   =      1088.1279  DIHED      =      1315.9678
 1-4 NB =       448.6684  1-4 EEL =      4619.8358  VDWAALS    =      8699.7484
 EELEC  =    -88142.0274  EHBOND  =         0.0000  RESTRAINT  =         0.0000
 ------------------------------------------------------------------------------


 NSTEP =     3500   TIME(PS) =       7.000  TEMP(K) =   296.28  PRESS =     0.0
 Etot   =    -57611.4702  EKtot   =     13892.3320  EPtot      =    -71503.8022
 BOND   =       387.8420  ANGLE   =      1046.4418  DIHED      =      1324.8655
 1-4 NB =       466.7233  1-4 EEL =      4625.1109  VDWAALS    =      8699.8646
 EELEC  =    -88054.6503  EHBOND  =         0.0000  RESTRAINT  =         0.0000
 ------------------------------------------------------------------------------


 NSTEP =     3625   TIME(PS) =       7.250  TEMP(K) =   300.21  PRESS =     0.0
 Etot   =    -57643.5544  EKtot   =     14076.5605  EPtot      =    -71720.1149
 BOND   =       370.8110  ANGLE   =      1086.8706  DIHED      =      1342.4932
 1-4 NB =       451.9984  1-4 EEL =      4660.2014  VDWAALS    =      8946.6000
 EELEC  =    -88579.0896  EHBOND  =         0.0000  RESTRAINT  =         0.0000
 ------------------------------------------------------------------------------


 NSTEP =     3750   TIME(PS) =       7.500  TEMP(K) =   302.85  PRESS =     0.0
 Etot   =    -57618.9538  EKtot   =     14200.1094  EPtot      =    -71819.0632
 BOND   =       388.1060  ANGLE   =      1030.4806  DIHED      =      1326.1533
 1-4 NB =       462.0438  1-4 EEL =      4639.5750  VDWAALS    =      8836.8689
 EELEC  =    -88502.2907  EHBOND  =         0.0000  RESTRAINT  =         0.0000
 ------------------------------------------------------------------------------


 NSTEP =     3875   TIME(PS) =       7.750  TEMP(K) =   299.08  PRESS =     0.0
 Etot   =    -57521.2715  EKtot   =     14023.5029  EPtot      =    -71544.7744
 BOND   =       419.4874  ANGLE   =      1060.4171  DIHED      =      1313.1203
 1-4 NB =       447.3447  1-4 EEL =      4609.9432  VDWAALS    =      8961.9622
 EELEC  =    -88357.0492  EHBOND  =         0.0000  RESTRAINT  =         0.0000
 ------------------------------------------------------------------------------


 NSTEP =     4000   TIME(PS) =       8.000  TEMP(K) =   301.18  PRESS =     0.0
 Etot   =    -57676.2606  EKtot   =     14121.8145  EPtot      =    -71798.0751
 BOND   =       382.2901  ANGLE   =      1036.0364  DIHED      =      1323.1243
 1-4 NB =       437.1716  1-4 EEL =      4586.2941  VDWAALS    =      8750.9059
 EELEC  =    -88313.8973  EHBOND  =         0.0000  RESTRAINT  =         0.0000
 ------------------------------------------------------------------------------


 NSTEP =     4125   TIME(PS) =       8.250  TEMP(K) =   300.79  PRESS =     0.0
 Etot   =    -57605.7474  EKtot   =     14103.5430  EPtot      =    -71709.2903
 BOND   =       397.8752  ANGLE   =      1046.8387  DIHED      =      1329.4479
 1-4 NB =       434.9147  1-4 EEL =      4635.1532  VDWAALS    =      8445.1417
 EELEC  =    -87998.6618  EHBOND  =         0.0000  RESTRAINT  =         0.0000
 ------------------------------------------------------------------------------


 NSTEP =     4250   TIME(PS) =       8.500  TEMP(K) =   298.01  PRESS =     0.0
 Etot   =    -57711.0246  EKtot   =     13973.4229  EPtot      =    -71684.4474
 BOND   =       403.5860  ANGLE   =      1082.9248  DIHED      =      1310.0736
 1-4 NB =       446.3035  1-4 EEL =      4622.1420  VDWAALS    =      8633.2099
 EELEC  =    -88182.6871  EHBOND  =         0.0000  RESTRAINT  =         0.0000
 ------------------------------------------------------------------------------


 NSTEP =     4375   TIME(PS) =       8.750  TEMP(K) =   299.50  PRESS =     0.0
 Etot   =    -57501.1286  EKtot   =     14043.4111  EPtot      =    -71544.5397
 BOND   =       368.8368  ANGLE   =      1075.5777  DIHED      =      1321.0093
 1-4 NB =       459.8012  1-4 EEL =      4612.1183  VDWAALS    =      8630.7109
 EELEC  =    -88012.5939  EHBOND  =         0.0000  RESTRAINT  =         0.0000
 ------------------------------------------------------------------------------


 NSTEP =     4500   TIME(PS) =       9.000  TEMP(K) =   297.05  PRESS =     0.0
 Etot   =    -57472.3915  EKtot   =     13928.2393  EPtot      =    -71400.6307
 BOND   =       423.7053  ANGLE   =      1026.4644  DIHED      =      1327.9854
 1-4 NB =       454.6155  1-4 EEL =      4617.2453  VDWAALS    =      8783.9935
 EELEC  =    -88034.6400  EHBOND  =         0.0000  RESTRAINT  =         0.0000
 ------------------------------------------------------------------------------


 NSTEP =     4625   TIME(PS) =       9.250  TEMP(K) =   299.97  PRESS =     0.0
 Etot   =    -57351.9875  EKtot   =     14065.4453  EPtot      =    -71417.4328
 BOND   =       426.0304  ANGLE   =      1099.9289  DIHED      =      1321.8551
 1-4 NB =       448.5768  1-4 EEL =      4622.0288  VDWAALS    =      8692.8016
 EELEC  =    -88028.6545  EHBOND  =         0.0000  RESTRAINT  =         0.0000
 ------------------------------------------------------------------------------


 NSTEP =     4750   TIME(PS) =       9.500  TEMP(K) =   300.11  PRESS =     0.0
 Etot   =    -57496.7402  EKtot   =     14071.9355  EPtot      =    -71568.6757
 BOND   =       385.0635  ANGLE   =      1091.1305  DIHED      =      1323.9697
 1-4 NB =       435.5087  1-4 EEL =      4621.6447  VDWAALS    =      8501.5894
 EELEC  =    -87927.5822  EHBOND  =         0.0000  RESTRAINT  =         0.0000
 ------------------------------------------------------------------------------


 NSTEP =     4875   TIME(PS) =       9.750  TEMP(K) =   299.61  PRESS =     0.0
 Etot   =    -57574.3729  EKtot   =     14048.2129  EPtot      =    -71622.5858
 BOND   =       418.9797  ANGLE   =      1050.8172  DIHED      =      1325.9912
 1-4 NB =       459.4808  1-4 EEL =      4602.6891  VDWAALS    =      8814.7911
 EELEC  =    -88295.3349  EHBOND  =         0.0000  RESTRAINT  =         0.0000
 ------------------------------------------------------------------------------


 NSTEP =     5000   TIME(PS) =      10.000  TEMP(K) =   301.20  PRESS =     0.0
 Etot   =    -57508.2385  EKtot   =     14122.9561  EPtot      =    -71631.1946
 BOND   =       399.6033  ANGLE   =      1072.4566  DIHED      =      1336.9744
 1-4 NB =       460.5958  1-4 EEL =      4630.5227  VDWAALS    =      8617.2861
 EELEC  =    -88148.6334  EHBOND  =         0.0000  RESTRAINT  =         0.0000
 ------------------------------------------------------------------------------


      A V E R A G E S   O V E R      40 S T E P S


 NSTEP =     5000   TIME(PS) =      10.000  TEMP(K) =   299.70  PRESS =     0.0
 Etot   =    -57585.4813  EKtot   =     14052.7687  EPtot      =    -71638.2500
 BOND   =       396.5334  ANGLE   =      1071.0006  DIHED      =      1323.3895
 1-4 NB =       451.0899  1-4 EEL =      4630.5200  VDWAALS    =      8741.5597
 EELEC  =    -88252.3430  EHBOND  =         0.0000  RESTRAINT  =         0.0000
 ------------------------------------------------------------------------------


      R M S  F L U C T U A T I O N S


 NSTEP =     5000   TIME(PS) =      10.000  TEMP(K) =     1.65  PRESS =     0.0
 Etot   =        85.3787  EKtot   =        77.2184  EPtot      =       106.8415
 BOND   =        16.3276  ANGLE   =        24.5474  DIHED      =        13.2131
 1-4 NB =         8.4917  1-4 EEL =        21.2338  VDWAALS    =       135.9233
 EELEC  =       167.9322  EHBOND  =         0.0000  RESTRAINT  =         0.0000
 ------------------------------------------------------------------------------

--------------------------------------------------------------------------------
   5.  TIMINGS
--------------------------------------------------------------------------------

|  NonSetup CPU Time in Major Routines:
|
|     Routine           Sec        %
|     ------------------------------
|     Nonbond           1.29   13.15
|     Bond              0.00    0.00
|     Angle             0.00    0.00
|     Dihedral          0.00    0.00
|     Shake             0.08    0.86
|     RunMD             8.43   85.79
|     Other             0.02    0.20
|     ------------------------------
|     Total             9.82

|  PME Nonbond Pairlist CPU Time:
|
|     Routine              Sec        %
|     ---------------------------------
|     Set Up Cit           0.00    0.00
|     Build List           0.00    0.00
|     ---------------------------------
|     Total                0.00    0.00

|  PME Direct Force CPU Time:
|
|     Routine              Sec        %
|     ---------------------------------
|     NonBonded Calc       0.00    0.00
|     Exclude Masked       0.00    0.00
|     Other                0.00    0.04
|     ---------------------------------
|     Total                0.00    0.04

|  PME Reciprocal Force CPU Time:
|
|     Routine              Sec        %
|     ---------------------------------
|     1D bspline           0.00    0.00
|     Grid Charges         0.00    0.00
|     Scalar Sum           0.00    0.00
|     Gradient Sum         0.00    0.00
|     FFT                  0.00    0.00
|     ---------------------------------
|     Total                0.00    0.00

|  Final Performance Info:
|     -----------------------------------------------------
|     Average timings for last    5000 steps:
|     Elapsed(s) =       9.83 Per Step(ms) =       1.97
|         ns/day =      87.89   seconds/ns =     983.05
|
|     Average timings for all steps:
|     Elapsed(s) =       9.83 Per Step(ms) =       1.97
|         ns/day =      87.89   seconds/ns =     983.05
|     -----------------------------------------------------

|  Setup CPU time:            1.48 seconds
|  NonSetup CPU time:         9.82 seconds
|  Total CPU time:           11.30 seconds     0.00 hours

|  Setup wall time:           2    seconds
|  NonSetup wall time:        9    seconds
|  Total wall time:          11    seconds     0.00 hours
