
          -------------------------------------------------------
          Amber 16 PMEMD                              2016
          -------------------------------------------------------

| PMEMD implementation of SANDER, Release 16

| Run on 08/25/2017 at 15:59:43

|   Executable path: /apps/amber16/bin/pmemd.cuda
| Working directory: /scratch/pbarletta/pdz/run/lb/neq/data/1
|          Hostname: mordor

  [-O]verwriting output

File Assignments:
|   MDIN: pdt.in                                                                
|  MDOUT: 92plb_1.out                                                           
| INPCRD: /scratch/pbarletta/pdz/run/lb/neq/starting_frames/92_lb.rst7          
|   PARM: /scratch/pbarletta/pdz/top_files/lb.prmtop                            
| RESTRT: 92plb_1.rst7                                                          
|   REFC: refc                                                                  
|  MDVEL: mdvel                                                                 
|   MDEN: mden                                                                  
|  MDCRD: 92plb_1.nc                                                            
| MDINFO: mdinfo                                                                
|  MDFRC: mdfrc                                                                 


 Here is the input file:

!NVT run. P/ recuperar velocidades                                             
&cntrl                                                                         
imin = 0,                           ! No Minimization                          
nmropt = 0,                         ! No NMR restraints read                   
                                                                               
! Nature and format of the input                                               
ntx = 1,                            ! Coordinates will be read, assign new velo
irest = 0,                          ! Run a new simulation                     
                                                                               
! Nature and format of the output                                              
ioutfm = 1,			    ! NetCDF format for output files                             
ntxo = 1,                           ! rstrt file in ASCII format               
ntpr = 125,                         ! inf in output every ntpr steps           
ntwr = 500,                         ! rstrt file every ntwr steps              
ntwx = 0,                           ! mdcrd file every ntwx steps              
ntwv = 0,                           ! mdvel without velocities                 
ntwe = 0,                           ! Energies and temperatures not written in 
idecomp = 0,                        ! No energy decomposition                  
iwrap = 1,                          ! Coordinates of the restart and mdcrd file
                                                                               
! Frozen or restrained atoms                                                   
ibelly = 0,                         ! No frozen atoms                          
ntr=0,                              ! Harmonic potential restraints            
                                                                               
! Molecular dynamics                                                           
nstlim = 5000,                      ! Number of MD-steps                       
dt = 0.002,                         ! Time step                                
                                                                               
! Temperature regulation                                                       
ntt = 3,                            ! Langevin thermostat                      
gamma_ln = 2,                       ! Gamma constant for Langevin              
temp0 = 300.0,                     ! Reference T at which the system is to be k
tempi = 300.0,                      ! Initial T                                
                                                                               
! P and V regulation                                                           
ntp = 0,                            ! No P control                             
ntb = 1,                            ! constant V                               
                                                                               
! SHAKE variables                                                              
ntc = 2,                            ! Bonds involving H are constrained        
ntf = 2,                            ! Bond interaction involving H are ommited.
                                                                               
cut = 9.0,                          ! Nonbonded cutoff                         
/                                                                              
&end                                                                           


Note: ig = -1. Setting random seed to   750022 based on wallclock time in 
      microseconds.
| irandom = 1, using AMBER's internal random number generator (default).
 
|--------------------- INFORMATION ----------------------
| GPU (CUDA) Version of PMEMD in use: NVIDIA GPU IN USE.
|                    Version 16.0.0
| 
|                      02/25/2016
| 
| Implementation by:
|                    Ross C. Walker     (SDSC)
|                    Scott Le Grand     (nVIDIA)
| 
| Precision model in use:
|      [SPFP] - Single Precision Forces, 64-bit Fixed Point
|               Accumulation. (Default)
| 
|--------------------------------------------------------
 
|----------------- CITATION INFORMATION -----------------
|
|    When publishing work that utilized the CUDA version
|    of AMBER, please cite the following in addition to
|    the regular AMBER citations:
|
|  - Romelia Salomon-Ferrer; Andreas W. Goetz; Duncan
|    Poole; Scott Le Grand; Ross C. Walker "Routine
|    microsecond molecular dynamics simulations with
|    AMBER - Part II: Particle Mesh Ewald", J. Chem.
|    Theory Comput., 2013, 9 (9), pp3878-3888,
|    DOI: 10.1021/ct400314y.
|
|  - Andreas W. Goetz; Mark J. Williamson; Dong Xu;
|    Duncan Poole; Scott Le Grand; Ross C. Walker
|    "Routine microsecond molecular dynamics simulations
|    with AMBER - Part I: Generalized Born", J. Chem.
|    Theory Comput., 2012, 8 (5), pp1542-1555.
|
|  - Scott Le Grand; Andreas W. Goetz; Ross C. Walker
|    "SPFP: Speed without compromise - a mixed precision
|    model for GPU accelerated molecular dynamics
|    simulations.", Comp. Phys. Comm., 2013, 184
|    pp374-380, DOI: 10.1016/j.cpc.2012.09.022
|
|--------------------------------------------------------
 
|------------------- GPU DEVICE INFO --------------------
|
|            CUDA_VISIBLE_DEVICES: 2
|   CUDA Capable Devices Detected:      1
|           CUDA Device ID in use:      0
|                CUDA Device Name: GeForce GTX 780
|     CUDA Device Global Mem Size:   3020 MB
| CUDA Device Num Multiprocessors:     12
|           CUDA Device Core Freq:   0.99 GHz
|
|--------------------------------------------------------
 
 
| Conditional Compilation Defines Used:
| PUBFFT
| BINTRAJ
| CUDA
| EMIL

| Largest sphere to fit in unit cell has radius =    26.281

| New format PARM file being parsed.
| Version =    1.000 Date = 09/04/12 Time = 16:08:43

| Note: 1-4 EEL scale factors are being read from the topology file.

| Note: 1-4 VDW scale factors are being read from the topology file.
| Duplicated    0 dihedrals

| Duplicated    0 dihedrals

--------------------------------------------------------------------------------
   1.  RESOURCE   USE: 
--------------------------------------------------------------------------------

 getting new box info from bottom of inpcrd
 NATOM  =   23082 NTYPES =      16 NBONH =   22055 MBONA  =    1038
 NTHETH =    2390 MTHETA =    1396 NPHIH =    4631 MPHIA  =    3488
 NHPARM =       0 NPARM  =       0 NNB   =   39434 NRES   =    7134
 NBONA  =    1038 NTHETA =    1396 NPHIA =    3488 NUMBND =      41
 NUMANG =      86 NPTRA  =      41 NATYP =      28 NPHB   =       1
 IFBOX  =       1 NMXRS  =      24 IFCAP =       0 NEXTRA =       0
 NCOPY  =       0

| Coordinate Index Table dimensions:    12   14   10
| Direct force subcell size =     5.0212    5.2012    5.2562

     BOX TYPE: RECTILINEAR

--------------------------------------------------------------------------------
   2.  CONTROL  DATA  FOR  THE  RUN
--------------------------------------------------------------------------------

default_name                                                                    

General flags:
     imin    =       0, nmropt  =       0

Nature and format of input:
     ntx     =       1, irest   =       0, ntrx    =       1

Nature and format of output:
     ntxo    =       1, ntpr    =     125, ntrx    =       1, ntwr    =     500
     iwrap   =       1, ntwx    =       0, ntwv    =       0, ntwe    =       0
     ioutfm  =       1, ntwprt  =       0, idecomp =       0, rbornstat=      0

Potential function:
     ntf     =       2, ntb     =       1, igb     =       0, nsnb    =      25
     ipol    =       0, gbsa    =       0, iesp    =       0
     dielc   =   1.00000, cut     =   9.00000, intdiel =   1.00000

Frozen or restrained atoms:
     ibelly  =       0, ntr     =       0

Molecular dynamics:
     nstlim  =      5000, nscm    =      1000, nrespa  =         1
     t       =   0.00000, dt      =   0.00200, vlimit  =  -1.00000

Langevin dynamics temperature regulation:
     ig      =  750022
     temp0   = 300.00000, tempi   = 300.00000, gamma_ln=   2.00000

SHAKE:
     ntc     =       2, jfastw  =       0
     tol     =   0.00001

| Intermolecular bonds treatment:
|     no_intermolecular_bonds =       1

| Energy averages sample interval:
|     ene_avg_sampling =     125

Ewald parameters:
     verbose =       0, ew_type =       0, nbflag  =       1, use_pme =       1
     vdwmeth =       1, eedmeth =       1, netfrc  =       1
     Box X =   60.254   Box Y =   72.816   Box Z =   52.562
     Alpha =   90.000   Beta  =   90.000   Gamma =   90.000
     NFFT1 =   64       NFFT2 =   80       NFFT3 =   56
     Cutoff=    9.000   Tol   =0.100E-04
     Ewald Coefficient =  0.30768
     Interpolation order =    4

--------------------------------------------------------------------------------
   3.  ATOMIC COORDINATES AND VELOCITIES
--------------------------------------------------------------------------------

Cpptraj Generated Restart                                                       
 begin time read from input coords =184000.000 ps

 
 Number of triangulated 3-point waters found:     7002

     Sum of charges from parm topology file =  -0.00000008
     Forcing neutrality...

| Dynamic Memory, Types Used:
| Reals              711627
| Integers           739238

| Nonbonded Pairs Initial Allocation:     5262696

| GPU memory information (estimate):
| KB of GPU memory in use:    131584
| KB of CPU memory in use:     26992

--------------------------------------------------------------------------------
   4.  RESULTS
--------------------------------------------------------------------------------

 ---------------------------------------------------
 APPROXIMATING switch and d/dx switch using CUBIC SPLINE INTERPOLATION
 using   5000.0 points per unit in tabled values
 TESTING RELATIVE ERROR over r ranging from 0.0 to cutoff
| CHECK switch(x): max rel err =   0.2738E-14   at   2.422500
| CHECK d/dx switch(x): max rel err =   0.8314E-11   at   2.736960
 ---------------------------------------------------
|---------------------------------------------------
| APPROXIMATING direct energy using CUBIC SPLINE INTERPOLATION
|  with   50.0 points per unit in tabled values
| Relative Error Limit not exceeded for r .gt.   2.39
| APPROXIMATING direct force using CUBIC SPLINE INTERPOLATION
|  with   50.0 points per unit in tabled values
| Relative Error Limit not exceeded for r .gt.   2.84
|---------------------------------------------------

 NSTEP =        0   TIME(PS) =       0.000  TEMP(K) =   440.21  PRESS =     0.0
 Etot   =    -51100.1195  EKtot   =     20640.7830  EPtot      =    -71740.9026
 BOND   =       385.0492  ANGLE   =      1077.9541  DIHED      =      1310.9468
 1-4 NB =       452.2483  1-4 EEL =      4684.2091  VDWAALS    =      8719.9106
 EELEC  =    -88371.2208  EHBOND  =         0.0000  RESTRAINT  =         0.0000
 ------------------------------------------------------------------------------


 NSTEP =      125   TIME(PS) =       0.250  TEMP(K) =   300.42  PRESS =     0.0
 Etot   =    -57676.7705  EKtot   =     14086.3105  EPtot      =    -71763.0810
 BOND   =       391.3458  ANGLE   =      1093.5200  DIHED      =      1325.6172
 1-4 NB =       451.0841  1-4 EEL =      4631.8975  VDWAALS    =      8776.3134
 EELEC  =    -88432.8591  EHBOND  =         0.0000  RESTRAINT  =         0.0000
 ------------------------------------------------------------------------------


 NSTEP =      250   TIME(PS) =       0.500  TEMP(K) =   298.52  PRESS =     0.0
 Etot   =    -57662.6302  EKtot   =     13997.2695  EPtot      =    -71659.8997
 BOND   =       410.0792  ANGLE   =      1052.7515  DIHED      =      1318.6248
 1-4 NB =       436.6060  1-4 EEL =      4639.6294  VDWAALS    =      8850.5033
 EELEC  =    -88368.0939  EHBOND  =         0.0000  RESTRAINT  =         0.0000
 ------------------------------------------------------------------------------


 NSTEP =      375   TIME(PS) =       0.750  TEMP(K) =   298.99  PRESS =     0.0
 Etot   =    -57553.3616  EKtot   =     14019.2617  EPtot      =    -71572.6233
 BOND   =       389.3111  ANGLE   =      1114.1570  DIHED      =      1309.1281
 1-4 NB =       457.1073  1-4 EEL =      4625.9858  VDWAALS    =      8820.7908
 EELEC  =    -88289.1035  EHBOND  =         0.0000  RESTRAINT  =         0.0000
 ------------------------------------------------------------------------------


 NSTEP =      500   TIME(PS) =       1.000  TEMP(K) =   300.39  PRESS =     0.0
 Etot   =    -57748.9552  EKtot   =     14084.8271  EPtot      =    -71833.7823
 BOND   =       371.0090  ANGLE   =      1059.2875  DIHED      =      1334.1542
 1-4 NB =       449.6936  1-4 EEL =      4671.8191  VDWAALS    =      8819.7811
 EELEC  =    -88539.5269  EHBOND  =         0.0000  RESTRAINT  =         0.0000
 ------------------------------------------------------------------------------


 NSTEP =      625   TIME(PS) =       1.250  TEMP(K) =   299.72  PRESS =     0.0
 Etot   =    -57697.2294  EKtot   =     14053.3037  EPtot      =    -71750.5331
 BOND   =       403.3971  ANGLE   =      1041.7864  DIHED      =      1345.7796
 1-4 NB =       460.6739  1-4 EEL =      4660.2945  VDWAALS    =      9036.5754
 EELEC  =    -88699.0400  EHBOND  =         0.0000  RESTRAINT  =         0.0000
 ------------------------------------------------------------------------------


 NSTEP =      750   TIME(PS) =       1.500  TEMP(K) =   300.80  PRESS =     0.0
 Etot   =    -57613.8798  EKtot   =     14104.2656  EPtot      =    -71718.1454
 BOND   =       382.5406  ANGLE   =      1147.1386  DIHED      =      1343.7292
 1-4 NB =       448.5152  1-4 EEL =      4634.3332  VDWAALS    =      8607.9192
 EELEC  =    -88282.3214  EHBOND  =         0.0000  RESTRAINT  =         0.0000
 ------------------------------------------------------------------------------


 NSTEP =      875   TIME(PS) =       1.750  TEMP(K) =   299.96  PRESS =     0.0
 Etot   =    -57479.9186  EKtot   =     14064.7500  EPtot      =    -71544.6686
 BOND   =       410.1799  ANGLE   =      1089.3799  DIHED      =      1367.3940
 1-4 NB =       438.9871  1-4 EEL =      4589.9162  VDWAALS    =      8470.3641
 EELEC  =    -87910.8897  EHBOND  =         0.0000  RESTRAINT  =         0.0000
 ------------------------------------------------------------------------------


 NSTEP =     1000   TIME(PS) =       2.000  TEMP(K) =   299.65  PRESS =     0.0
 Etot   =    -57413.9361  EKtot   =     14050.2002  EPtot      =    -71464.1363
 BOND   =       410.5907  ANGLE   =      1151.2660  DIHED      =      1343.5945
 1-4 NB =       456.1739  1-4 EEL =      4630.4606  VDWAALS    =      8785.0942
 EELEC  =    -88241.3163  EHBOND  =         0.0000  RESTRAINT  =         0.0000
 ------------------------------------------------------------------------------


 NSTEP =     1125   TIME(PS) =       2.250  TEMP(K) =   303.49  PRESS =     0.0
 Etot   =    -57418.2036  EKtot   =     14230.3691  EPtot      =    -71648.5728
 BOND   =       399.9425  ANGLE   =      1107.6862  DIHED      =      1339.2312
 1-4 NB =       443.3199  1-4 EEL =      4632.5722  VDWAALS    =      8780.7526
 EELEC  =    -88352.0774  EHBOND  =         0.0000  RESTRAINT  =         0.0000
 ------------------------------------------------------------------------------


 NSTEP =     1250   TIME(PS) =       2.500  TEMP(K) =   299.40  PRESS =     0.0
 Etot   =    -57553.4940  EKtot   =     14038.4463  EPtot      =    -71591.9402
 BOND   =       405.4432  ANGLE   =      1084.9424  DIHED      =      1366.6720
 1-4 NB =       452.2007  1-4 EEL =      4627.3344  VDWAALS    =      8776.3028
 EELEC  =    -88304.8358  EHBOND  =         0.0000  RESTRAINT  =         0.0000
 ------------------------------------------------------------------------------


 NSTEP =     1375   TIME(PS) =       2.750  TEMP(K) =   302.22  PRESS =     0.0
 Etot   =    -57469.8902  EKtot   =     14170.8633  EPtot      =    -71640.7535
 BOND   =       426.0173  ANGLE   =      1114.2507  DIHED      =      1327.1089
 1-4 NB =       432.6968  1-4 EEL =      4600.6021  VDWAALS    =      8776.3846
 EELEC  =    -88317.8139  EHBOND  =         0.0000  RESTRAINT  =         0.0000
 ------------------------------------------------------------------------------


 NSTEP =     1500   TIME(PS) =       3.000  TEMP(K) =   301.27  PRESS =     0.0
 Etot   =    -57459.3068  EKtot   =     14126.1807  EPtot      =    -71585.4874
 BOND   =       392.7692  ANGLE   =      1044.8554  DIHED      =      1331.5443
 1-4 NB =       452.8945  1-4 EEL =      4617.8428  VDWAALS    =      8645.8520
 EELEC  =    -88071.2457  EHBOND  =         0.0000  RESTRAINT  =         0.0000
 ------------------------------------------------------------------------------


 NSTEP =     1625   TIME(PS) =       3.250  TEMP(K) =   300.73  PRESS =     0.0
 Etot   =    -57422.0321  EKtot   =     14100.9600  EPtot      =    -71522.9920
 BOND   =       383.1429  ANGLE   =      1078.9890  DIHED      =      1340.4394
 1-4 NB =       447.2342  1-4 EEL =      4663.1324  VDWAALS    =      8689.8804
 EELEC  =    -88125.8104  EHBOND  =         0.0000  RESTRAINT  =         0.0000
 ------------------------------------------------------------------------------


 NSTEP =     1750   TIME(PS) =       3.500  TEMP(K) =   302.49  PRESS =     0.0
 Etot   =    -57470.3894  EKtot   =     14183.5010  EPtot      =    -71653.8904
 BOND   =       375.1475  ANGLE   =      1079.0112  DIHED      =      1345.5944
 1-4 NB =       449.6861  1-4 EEL =      4652.3297  VDWAALS    =      8908.5874
 EELEC  =    -88464.2467  EHBOND  =         0.0000  RESTRAINT  =         0.0000
 ------------------------------------------------------------------------------


 NSTEP =     1875   TIME(PS) =       3.750  TEMP(K) =   298.58  PRESS =     0.0
 Etot   =    -57475.1008  EKtot   =     14000.2480  EPtot      =    -71475.3489
 BOND   =       426.0626  ANGLE   =      1063.7097  DIHED      =      1350.5681
 1-4 NB =       433.4277  1-4 EEL =      4587.9656  VDWAALS    =      8671.8019
 EELEC  =    -88008.8843  EHBOND  =         0.0000  RESTRAINT  =         0.0000
 ------------------------------------------------------------------------------


 NSTEP =     2000   TIME(PS) =       4.000  TEMP(K) =   298.62  PRESS =     0.0
 Etot   =    -57611.9934  EKtot   =     14001.7871  EPtot      =    -71613.7805
 BOND   =       377.9237  ANGLE   =      1058.0997  DIHED      =      1326.1771
 1-4 NB =       452.5656  1-4 EEL =      4687.3760  VDWAALS    =      8762.6021
 EELEC  =    -88278.5246  EHBOND  =         0.0000  RESTRAINT  =         0.0000
 ------------------------------------------------------------------------------


 NSTEP =     2125   TIME(PS) =       4.250  TEMP(K) =   301.32  PRESS =     0.0
 Etot   =    -57586.9410  EKtot   =     14128.7578  EPtot      =    -71715.6988
 BOND   =       419.1598  ANGLE   =      1074.1337  DIHED      =      1339.0848
 1-4 NB =       443.7491  1-4 EEL =      4598.1765  VDWAALS    =      8806.7374
 EELEC  =    -88396.7401  EHBOND  =         0.0000  RESTRAINT  =         0.0000
 ------------------------------------------------------------------------------


 NSTEP =     2250   TIME(PS) =       4.500  TEMP(K) =   300.53  PRESS =     0.0
 Etot   =    -57535.4384  EKtot   =     14091.5303  EPtot      =    -71626.9686
 BOND   =       380.5954  ANGLE   =      1058.7055  DIHED      =      1365.5662
 1-4 NB =       448.6995  1-4 EEL =      4621.1411  VDWAALS    =      8728.1810
 EELEC  =    -88229.8574  EHBOND  =         0.0000  RESTRAINT  =         0.0000
 ------------------------------------------------------------------------------


 NSTEP =     2375   TIME(PS) =       4.750  TEMP(K) =   300.16  PRESS =     0.0
 Etot   =    -57442.2071  EKtot   =     14074.1562  EPtot      =    -71516.3633
 BOND   =       374.4365  ANGLE   =      1050.5997  DIHED      =      1328.0489
 1-4 NB =       448.0346  1-4 EEL =      4648.3694  VDWAALS    =      8692.9391
 EELEC  =    -88058.7914  EHBOND  =         0.0000  RESTRAINT  =         0.0000
 ------------------------------------------------------------------------------


 NSTEP =     2500   TIME(PS) =       5.000  TEMP(K) =   301.63  PRESS =     0.0
 Etot   =    -57517.8033  EKtot   =     14143.0898  EPtot      =    -71660.8931
 BOND   =       392.8796  ANGLE   =      1059.2977  DIHED      =      1338.6222
 1-4 NB =       445.4432  1-4 EEL =      4571.2663  VDWAALS    =      8618.3787
 EELEC  =    -88086.7809  EHBOND  =         0.0000  RESTRAINT  =         0.0000
 ------------------------------------------------------------------------------


 NSTEP =     2625   TIME(PS) =       5.250  TEMP(K) =   300.87  PRESS =     0.0
 Etot   =    -57393.7324  EKtot   =     14107.2520  EPtot      =    -71500.9843
 BOND   =       401.3303  ANGLE   =      1068.4206  DIHED      =      1355.7231
 1-4 NB =       436.7819  1-4 EEL =      4646.5499  VDWAALS    =      8523.5318
 EELEC  =    -87933.3218  EHBOND  =         0.0000  RESTRAINT  =         0.0000
 ------------------------------------------------------------------------------


 NSTEP =     2750   TIME(PS) =       5.500  TEMP(K) =   302.88  PRESS =     0.0
 Etot   =    -57223.9744  EKtot   =     14201.6094  EPtot      =    -71425.5838
 BOND   =       394.9010  ANGLE   =      1085.6703  DIHED      =      1341.2849
 1-4 NB =       448.3875  1-4 EEL =      4620.7894  VDWAALS    =      8886.5038
 EELEC  =    -88203.1206  EHBOND  =         0.0000  RESTRAINT  =         0.0000
 ------------------------------------------------------------------------------


 NSTEP =     2875   TIME(PS) =       5.750  TEMP(K) =   302.57  PRESS =     0.0
 Etot   =    -57377.5797  EKtot   =     14186.9785  EPtot      =    -71564.5583
 BOND   =       395.9629  ANGLE   =      1047.4989  DIHED      =      1341.7341
 1-4 NB =       452.7093  1-4 EEL =      4589.4579  VDWAALS    =      8764.6491
 EELEC  =    -88156.5706  EHBOND  =         0.0000  RESTRAINT  =         0.0000
 ------------------------------------------------------------------------------


 NSTEP =     3000   TIME(PS) =       6.000  TEMP(K) =   301.37  PRESS =     0.0
 Etot   =    -57445.0265  EKtot   =     14130.9873  EPtot      =    -71576.0138
 BOND   =       403.1577  ANGLE   =      1100.2535  DIHED      =      1357.3889
 1-4 NB =       447.8566  1-4 EEL =      4584.8531  VDWAALS    =      8792.7268
 EELEC  =    -88262.2504  EHBOND  =         0.0000  RESTRAINT  =         0.0000
 ------------------------------------------------------------------------------


 NSTEP =     3125   TIME(PS) =       6.250  TEMP(K) =   302.62  PRESS =     0.0
 Etot   =    -57328.8923  EKtot   =     14189.2871  EPtot      =    -71518.1794
 BOND   =       380.9240  ANGLE   =      1066.2518  DIHED      =      1324.1324
 1-4 NB =       449.9421  1-4 EEL =      4659.2192  VDWAALS    =      8841.6425
 EELEC  =    -88240.2914  EHBOND  =         0.0000  RESTRAINT  =         0.0000
 ------------------------------------------------------------------------------


 NSTEP =     3250   TIME(PS) =       6.500  TEMP(K) =   301.81  PRESS =     0.0
 Etot   =    -57590.0061  EKtot   =     14151.4492  EPtot      =    -71741.4553
 BOND   =       387.5420  ANGLE   =      1035.0586  DIHED      =      1345.1080
 1-4 NB =       445.7847  1-4 EEL =      4621.4659  VDWAALS    =      8551.1216
 EELEC  =    -88127.5361  EHBOND  =         0.0000  RESTRAINT  =         0.0000
 ------------------------------------------------------------------------------


 NSTEP =     3375   TIME(PS) =       6.750  TEMP(K) =   301.84  PRESS =     0.0
 Etot   =    -57613.6623  EKtot   =     14152.6807  EPtot      =    -71766.3430
 BOND   =       387.7867  ANGLE   =      1055.3612  DIHED      =      1325.4667
 1-4 NB =       464.9573  1-4 EEL =      4669.1040  VDWAALS    =      8947.3902
 EELEC  =    -88616.4090  EHBOND  =         0.0000  RESTRAINT  =         0.0000
 ------------------------------------------------------------------------------


 NSTEP =     3500   TIME(PS) =       7.000  TEMP(K) =   301.87  PRESS =     0.0
 Etot   =    -57657.2042  EKtot   =     14154.1641  EPtot      =    -71811.3683
 BOND   =       385.1507  ANGLE   =      1104.7355  DIHED      =      1321.4186
 1-4 NB =       443.4685  1-4 EEL =      4686.0346  VDWAALS    =      8743.2496
 EELEC  =    -88495.4258  EHBOND  =         0.0000  RESTRAINT  =         0.0000
 ------------------------------------------------------------------------------


 NSTEP =     3625   TIME(PS) =       7.250  TEMP(K) =   297.46  PRESS =     0.0
 Etot   =    -57623.2254  EKtot   =     13947.5264  EPtot      =    -71570.7517
 BOND   =       401.8198  ANGLE   =      1138.3458  DIHED      =      1340.2740
 1-4 NB =       444.5452  1-4 EEL =      4635.4811  VDWAALS    =      8798.8899
 EELEC  =    -88330.1076  EHBOND  =         0.0000  RESTRAINT  =         0.0000
 ------------------------------------------------------------------------------


 NSTEP =     3750   TIME(PS) =       7.500  TEMP(K) =   297.88  PRESS =     0.0
 Etot   =    -57862.3356  EKtot   =     13967.1924  EPtot      =    -71829.5280
 BOND   =       390.9084  ANGLE   =      1036.3160  DIHED      =      1331.3607
 1-4 NB =       434.3249  1-4 EEL =      4652.5523  VDWAALS    =      8867.6967
 EELEC  =    -88542.6870  EHBOND  =         0.0000  RESTRAINT  =         0.0000
 ------------------------------------------------------------------------------


 NSTEP =     3875   TIME(PS) =       7.750  TEMP(K) =   298.23  PRESS =     0.0
 Etot   =    -57852.1634  EKtot   =     13983.7676  EPtot      =    -71835.9310
 BOND   =       388.2869  ANGLE   =      1045.8062  DIHED      =      1343.5584
 1-4 NB =       443.3494  1-4 EEL =      4655.0107  VDWAALS    =      8865.9518
 EELEC  =    -88577.8944  EHBOND  =         0.0000  RESTRAINT  =         0.0000
 ------------------------------------------------------------------------------


 NSTEP =     4000   TIME(PS) =       8.000  TEMP(K) =   298.28  PRESS =     0.0
 Etot   =    -57626.1639  EKtot   =     13986.2178  EPtot      =    -71612.3817
 BOND   =       401.7452  ANGLE   =      1083.3306  DIHED      =      1342.8524
 1-4 NB =       433.9397  1-4 EEL =      4642.8811  VDWAALS    =      8421.2261
 EELEC  =    -87938.3568  EHBOND  =         0.0000  RESTRAINT  =         0.0000
 ------------------------------------------------------------------------------


 NSTEP =     4125   TIME(PS) =       8.250  TEMP(K) =   296.74  PRESS =     0.0
 Etot   =    -57650.9412  EKtot   =     13913.8838  EPtot      =    -71564.8250
 BOND   =       400.2058  ANGLE   =      1103.8077  DIHED      =      1331.0233
 1-4 NB =       433.4188  1-4 EEL =      4594.6628  VDWAALS    =      8737.3657
 EELEC  =    -88165.3091  EHBOND  =         0.0000  RESTRAINT  =         0.0000
 ------------------------------------------------------------------------------


 NSTEP =     4250   TIME(PS) =       8.500  TEMP(K) =   301.03  PRESS =     0.0
 Etot   =    -57606.3767  EKtot   =     14115.0293  EPtot      =    -71721.4060
 BOND   =       396.0073  ANGLE   =      1060.9470  DIHED      =      1357.4920
 1-4 NB =       445.4510  1-4 EEL =      4622.7416  VDWAALS    =      8573.8550
 EELEC  =    -88177.8998  EHBOND  =         0.0000  RESTRAINT  =         0.0000
 ------------------------------------------------------------------------------


 NSTEP =     4375   TIME(PS) =       8.750  TEMP(K) =   297.47  PRESS =     0.0
 Etot   =    -57548.3497  EKtot   =     13947.9795  EPtot      =    -71496.3292
 BOND   =       399.6343  ANGLE   =      1050.3267  DIHED      =      1348.5041
 1-4 NB =       450.1591  1-4 EEL =      4664.8327  VDWAALS    =      8667.4805
 EELEC  =    -88077.2666  EHBOND  =         0.0000  RESTRAINT  =         0.0000
 ------------------------------------------------------------------------------


 NSTEP =     4500   TIME(PS) =       9.000  TEMP(K) =   300.27  PRESS =     0.0
 Etot   =    -57401.3417  EKtot   =     14079.4082  EPtot      =    -71480.7499
 BOND   =       401.5881  ANGLE   =      1050.2145  DIHED      =      1349.0611
 1-4 NB =       444.1014  1-4 EEL =      4629.2091  VDWAALS    =      8710.7582
 EELEC  =    -88065.6822  EHBOND  =         0.0000  RESTRAINT  =         0.0000
 ------------------------------------------------------------------------------


 NSTEP =     4625   TIME(PS) =       9.250  TEMP(K) =   297.26  PRESS =     0.0
 Etot   =    -57423.1832  EKtot   =     13938.1094  EPtot      =    -71361.2926
 BOND   =       400.4075  ANGLE   =      1049.2254  DIHED      =      1334.8083
 1-4 NB =       444.7799  1-4 EEL =      4649.6530  VDWAALS    =      8574.4136
 EELEC  =    -87814.5802  EHBOND  =         0.0000  RESTRAINT  =         0.0000
 ------------------------------------------------------------------------------


 NSTEP =     4750   TIME(PS) =       9.500  TEMP(K) =   299.89  PRESS =     0.0
 Etot   =    -57569.3254  EKtot   =     14061.4971  EPtot      =    -71630.8224
 BOND   =       405.4070  ANGLE   =      1043.7045  DIHED      =      1317.0654
 1-4 NB =       431.0114  1-4 EEL =      4631.8926  VDWAALS    =      8541.3154
 EELEC  =    -88001.2188  EHBOND  =         0.0000  RESTRAINT  =         0.0000
 ------------------------------------------------------------------------------


 NSTEP =     4875   TIME(PS) =       9.750  TEMP(K) =   300.94  PRESS =     0.0
 Etot   =    -57642.0200  EKtot   =     14110.9160  EPtot      =    -71752.9360
 BOND   =       407.0290  ANGLE   =       995.0103  DIHED      =      1318.1739
 1-4 NB =       451.9442  1-4 EEL =      4642.7873  VDWAALS    =      8828.2428
 EELEC  =    -88396.1236  EHBOND  =         0.0000  RESTRAINT  =         0.0000
 ------------------------------------------------------------------------------


 NSTEP =     5000   TIME(PS) =      10.000  TEMP(K) =   301.60  PRESS =     0.0
 Etot   =    -57477.9830  EKtot   =     14141.4395  EPtot      =    -71619.4225
 BOND   =       389.0092  ANGLE   =      1079.6851  DIHED      =      1324.6512
 1-4 NB =       447.2048  1-4 EEL =      4628.3722  VDWAALS    =      8533.2482
 EELEC  =    -88021.5932  EHBOND  =         0.0000  RESTRAINT  =         0.0000
 ------------------------------------------------------------------------------


      A V E R A G E S   O V E R      40 S T E P S


 NSTEP =     5000   TIME(PS) =      10.000  TEMP(K) =   300.29  PRESS =     0.0
 Etot   =    -57543.0742  EKtot   =     14080.4363  EPtot      =    -71623.5105
 BOND   =       396.0194  ANGLE   =      1073.0884  DIHED      =      1338.4440
 1-4 NB =       446.0728  1-4 EEL =      4632.9999  VDWAALS    =      8729.9250
 EELEC  =    -88240.0601  EHBOND  =         0.0000  RESTRAINT  =         0.0000
 ------------------------------------------------------------------------------


      R M S  F L U C T U A T I O N S


 NSTEP =     5000   TIME(PS) =      10.000  TEMP(K) =     1.70  PRESS =     0.0
 Etot   =       132.0163  EKtot   =        79.8572  EPtot      =       117.0893
 BOND   =        12.9344  ANGLE   =        32.0977  DIHED      =        13.9086
 1-4 NB =         7.7173  1-4 EEL =        27.6775  VDWAALS    =       134.3975
 EELEC  =       207.4114  EHBOND  =         0.0000  RESTRAINT  =         0.0000
 ------------------------------------------------------------------------------

--------------------------------------------------------------------------------
   5.  TIMINGS
--------------------------------------------------------------------------------

|  NonSetup CPU Time in Major Routines:
|
|     Routine           Sec        %
|     ------------------------------
|     Nonbond           1.25   12.78
|     Bond              0.00    0.00
|     Angle             0.00    0.00
|     Dihedral          0.00    0.00
|     Shake             0.10    1.02
|     RunMD             8.40   86.03
|     Other             0.02    0.16
|     ------------------------------
|     Total             9.76

|  PME Nonbond Pairlist CPU Time:
|
|     Routine              Sec        %
|     ---------------------------------
|     Set Up Cit           0.00    0.00
|     Build List           0.00    0.00
|     ---------------------------------
|     Total                0.00    0.00

|  PME Direct Force CPU Time:
|
|     Routine              Sec        %
|     ---------------------------------
|     NonBonded Calc       0.00    0.00
|     Exclude Masked       0.00    0.00
|     Other                0.00    0.04
|     ---------------------------------
|     Total                0.00    0.04

|  PME Reciprocal Force CPU Time:
|
|     Routine              Sec        %
|     ---------------------------------
|     1D bspline           0.00    0.00
|     Grid Charges         0.00    0.00
|     Scalar Sum           0.00    0.00
|     Gradient Sum         0.00    0.00
|     FFT                  0.00    0.00
|     ---------------------------------
|     Total                0.00    0.00

|  Final Performance Info:
|     -----------------------------------------------------
|     Average timings for last    5000 steps:
|     Elapsed(s) =       9.77 Per Step(ms) =       1.95
|         ns/day =      88.44   seconds/ns =     976.96
|
|     Average timings for all steps:
|     Elapsed(s) =       9.77 Per Step(ms) =       1.95
|         ns/day =      88.44   seconds/ns =     976.96
|     -----------------------------------------------------

|  Setup CPU time:            1.57 seconds
|  NonSetup CPU time:         9.76 seconds
|  Total CPU time:           11.34 seconds     0.00 hours

|  Setup wall time:           1    seconds
|  NonSetup wall time:       10    seconds
|  Total wall time:          11    seconds     0.00 hours
