
          -------------------------------------------------------
          Amber 16 PMEMD                              2016
          -------------------------------------------------------

| PMEMD implementation of SANDER, Release 16

| Run on 08/24/2017 at 14:26:48

|   Executable path: /apps/amber16/bin/pmemd.cuda
| Working directory: /scratch/pbarletta/pdz/run/lb/neq/data/3
|          Hostname: mordor

  [-O]verwriting output

File Assignments:
|   MDIN: pdt.in                                                                
|  MDOUT: 117plb_3.out                                                          
| INPCRD: ../2/117plb_2.rst7                                                    
|   PARM: /scratch/pbarletta/pdz/top_files/lb.prmtop                            
| RESTRT: 117plb_3.rst7                                                         
|   REFC: refc                                                                  
|  MDVEL: mdvel                                                                 
|   MDEN: mden                                                                  
|  MDCRD: 117plb_3.nc                                                           
| MDINFO: mdinfo                                                                
|  MDFRC: mdfrc                                                                 


 Here is the input file:

!NVE run                                                                       
&cntrl                                                                         
imin = 0,                           ! No Minimization                          
nmropt = 0,                         ! No NMR restraints read                   
                                                                               
! Nature and format of the input                                               
ntx = 5,                            ! Coordinates and velocities will be read  
irest = 1,                          ! Do not run a new simulation              
                                                                               
! Nature and format of the output                                              
ioutfm = 1,			    ! NetCDF format for output files                             
ntxo = 1,                           ! rstrt file in ASCII format               
ntpr = 500,                         ! inf in output every ntpr steps           
ntwr = 500,                         ! rstrt file every ntwr steps              
ntwx = 20,                          ! mdcrd file every ntwx steps              
ntwv = -1,                          ! mdvel without velocities                 
ntwe = 0,                           ! Energies and temperatures not written in 
idecomp = 0,                        ! No energy decomposition                  
iwrap = 1,                          ! Coordinates of the restart and mdcrd file
                                                                               
! Frozen or restrained atoms                                                   
ibelly = 0,                         ! No frozen atoms                          
ntr=0,                              ! Harmonic potential restraints            
                                                                               
! Molecular dynamics                                                           
nstlim = 20000,                     ! Number of MD-steps                       
dt = 0.0005,                        ! Time step                                
                                                                               
! Temperature regulation                                                       
ntt = 0,                            ! Constant total energy                    
                                                                               
! P and V regulation                                                           
ntp = 0,                            ! No P control                             
ntb = 1,                            ! constant V                               
                                                                               
! SHAKE variables                                                              
ntc = 1,                            ! Bonds involving H are constrained        
ntf = 1,                            ! Bond interaction involving H are ommited.
                                                                               
cut = 9.0,                          ! Nonbonded cutoff                         
/                                                                              
&end                                                                           


Note: ig = -1. Setting random seed to   854770 based on wallclock time in 
      microseconds.
| irandom = 1, using AMBER's internal random number generator (default).
 
|--------------------- INFORMATION ----------------------
| GPU (CUDA) Version of PMEMD in use: NVIDIA GPU IN USE.
|                    Version 16.0.0
| 
|                      02/25/2016
| 
| Implementation by:
|                    Ross C. Walker     (SDSC)
|                    Scott Le Grand     (nVIDIA)
| 
| Precision model in use:
|      [SPFP] - Single Precision Forces, 64-bit Fixed Point
|               Accumulation. (Default)
| 
|--------------------------------------------------------
 
|----------------- CITATION INFORMATION -----------------
|
|    When publishing work that utilized the CUDA version
|    of AMBER, please cite the following in addition to
|    the regular AMBER citations:
|
|  - Romelia Salomon-Ferrer; Andreas W. Goetz; Duncan
|    Poole; Scott Le Grand; Ross C. Walker "Routine
|    microsecond molecular dynamics simulations with
|    AMBER - Part II: Particle Mesh Ewald", J. Chem.
|    Theory Comput., 2013, 9 (9), pp3878-3888,
|    DOI: 10.1021/ct400314y.
|
|  - Andreas W. Goetz; Mark J. Williamson; Dong Xu;
|    Duncan Poole; Scott Le Grand; Ross C. Walker
|    "Routine microsecond molecular dynamics simulations
|    with AMBER - Part I: Generalized Born", J. Chem.
|    Theory Comput., 2012, 8 (5), pp1542-1555.
|
|  - Scott Le Grand; Andreas W. Goetz; Ross C. Walker
|    "SPFP: Speed without compromise - a mixed precision
|    model for GPU accelerated molecular dynamics
|    simulations.", Comp. Phys. Comm., 2013, 184
|    pp374-380, DOI: 10.1016/j.cpc.2012.09.022
|
|--------------------------------------------------------
 
|------------------- GPU DEVICE INFO --------------------
|
|            CUDA_VISIBLE_DEVICES: 0
|   CUDA Capable Devices Detected:      1
|           CUDA Device ID in use:      0
|                CUDA Device Name: GeForce GTX TITAN
|     CUDA Device Global Mem Size:   6082 MB
| CUDA Device Num Multiprocessors:     14
|           CUDA Device Core Freq:   0.93 GHz
|
|--------------------------------------------------------
 
 
| Conditional Compilation Defines Used:
| PUBFFT
| BINTRAJ
| CUDA
| EMIL

| Largest sphere to fit in unit cell has radius =    26.281

| New format PARM file being parsed.
| Version =    1.000 Date = 09/04/12 Time = 16:08:43

| Note: 1-4 EEL scale factors are being read from the topology file.

| Note: 1-4 VDW scale factors are being read from the topology file.
| Duplicated    0 dihedrals

| Duplicated    0 dihedrals

--------------------------------------------------------------------------------
   1.  RESOURCE   USE: 
--------------------------------------------------------------------------------

 getting new box info from bottom of inpcrd
 NATOM  =   23082 NTYPES =      16 NBONH =   22055 MBONA  =    1038
 NTHETH =    2390 MTHETA =    1396 NPHIH =    4631 MPHIA  =    3488
 NHPARM =       0 NPARM  =       0 NNB   =   39434 NRES   =    7134
 NBONA  =    1038 NTHETA =    1396 NPHIA =    3488 NUMBND =      41
 NUMANG =      86 NPTRA  =      41 NATYP =      28 NPHB   =       1
 IFBOX  =       1 NMXRS  =      24 IFCAP =       0 NEXTRA =       0
 NCOPY  =       0

| Coordinate Index Table dimensions:    12   14   10
| Direct force subcell size =     5.0212    5.2012    5.2562

     BOX TYPE: RECTILINEAR

--------------------------------------------------------------------------------
   2.  CONTROL  DATA  FOR  THE  RUN
--------------------------------------------------------------------------------

default_name                                                                    

General flags:
     imin    =       0, nmropt  =       0

Nature and format of input:
     ntx     =       5, irest   =       1, ntrx    =       1

Nature and format of output:
     ntxo    =       1, ntpr    =     500, ntrx    =       1, ntwr    =     500
     iwrap   =       1, ntwx    =      20, ntwv    =      -1, ntwe    =       0
     ioutfm  =       1, ntwprt  =       0, idecomp =       0, rbornstat=      0

Potential function:
     ntf     =       1, ntb     =       1, igb     =       0, nsnb    =      25
     ipol    =       0, gbsa    =       0, iesp    =       0
     dielc   =   1.00000, cut     =   9.00000, intdiel =   1.00000

Frozen or restrained atoms:
     ibelly  =       0, ntr     =       0

Molecular dynamics:
     nstlim  =     20000, nscm    =      1000, nrespa  =         1
     t       =   0.00000, dt      =   0.00050, vlimit  =  -1.00000

| Intermolecular bonds treatment:
|     no_intermolecular_bonds =       1

| Energy averages sample interval:
|     ene_avg_sampling =     500

Ewald parameters:
     verbose =       0, ew_type =       0, nbflag  =       1, use_pme =       1
     vdwmeth =       1, eedmeth =       1, netfrc  =       1
     Box X =   60.254   Box Y =   72.816   Box Z =   52.562
     Alpha =   90.000   Beta  =   90.000   Gamma =   90.000
     NFFT1 =   64       NFFT2 =   80       NFFT3 =   56
     Cutoff=    9.000   Tol   =0.100E-04
     Ewald Coefficient =  0.30768
     Interpolation order =    4

--------------------------------------------------------------------------------
   3.  ATOMIC COORDINATES AND VELOCITIES
--------------------------------------------------------------------------------

default_name                                                                    
 begin time read from input coords =    20.000 ps

 
 Number of triangulated 3-point waters found:     7002

     Sum of charges from parm topology file =  -0.00000008
     Forcing neutrality...

| Dynamic Memory, Types Used:
| Reals              710578
| Integers           737140

| Nonbonded Pairs Initial Allocation:     5262696

| GPU memory information (estimate):
| KB of GPU memory in use:     63171
| KB of CPU memory in use:     27891

--------------------------------------------------------------------------------
   4.  RESULTS
--------------------------------------------------------------------------------

 ---------------------------------------------------
 APPROXIMATING switch and d/dx switch using CUBIC SPLINE INTERPOLATION
 using   5000.0 points per unit in tabled values
 TESTING RELATIVE ERROR over r ranging from 0.0 to cutoff
| CHECK switch(x): max rel err =   0.2738E-14   at   2.422500
| CHECK d/dx switch(x): max rel err =   0.8314E-11   at   2.736960
 ---------------------------------------------------
|---------------------------------------------------
| APPROXIMATING direct energy using CUBIC SPLINE INTERPOLATION
|  with   50.0 points per unit in tabled values
| Relative Error Limit not exceeded for r .gt.   2.39
| APPROXIMATING direct force using CUBIC SPLINE INTERPOLATION
|  with   50.0 points per unit in tabled values
| Relative Error Limit not exceeded for r .gt.   2.84
|---------------------------------------------------

 NSTEP =      500   TIME(PS) =      20.250  TEMP(K) =   298.03  PRESS =     0.0
 Etot   =    -51861.5472  EKtot   =     20504.0820  EPtot      =    -72365.6292
 BOND   =     12802.6420  ANGLE   =      1025.8604  DIHED      =      1341.9375
 1-4 NB =       443.5907  1-4 EEL =      4684.0244  VDWAALS    =     12659.3943
 EELEC  =   -105323.0786  EHBOND  =         0.0000  RESTRAINT  =         0.0000
 ------------------------------------------------------------------------------

check COM velocity, temp:        0.001982     0.00(Removed)

 NSTEP =     1000   TIME(PS) =      20.500  TEMP(K) =   299.37  PRESS =     0.0
 Etot   =    -51864.1098  EKtot   =     20596.5332  EPtot      =    -72460.6430
 BOND   =     12805.2870  ANGLE   =      1004.0674  DIHED      =      1304.1301
 1-4 NB =       453.2700  1-4 EEL =      4651.3456  VDWAALS    =     12444.2088
 EELEC  =   -105122.9519  EHBOND  =         0.0000  RESTRAINT  =         0.0000
 ------------------------------------------------------------------------------


 NSTEP =     1500   TIME(PS) =      20.750  TEMP(K) =   300.45  PRESS =     0.0
 Etot   =    -51864.6249  EKtot   =     20670.5977  EPtot      =    -72535.2226
 BOND   =     12689.8365  ANGLE   =      1051.4774  DIHED      =      1308.8729
 1-4 NB =       432.0677  1-4 EEL =      4636.6547  VDWAALS    =     12742.5469
 EELEC  =   -105396.6786  EHBOND  =         0.0000  RESTRAINT  =         0.0000
 ------------------------------------------------------------------------------

check COM velocity, temp:        0.000006     0.00(Removed)

 NSTEP =     2000   TIME(PS) =      21.000  TEMP(K) =   301.24  PRESS =     0.0
 Etot   =    -51864.3025  EKtot   =     20724.9902  EPtot      =    -72589.2927
 BOND   =     12886.3288  ANGLE   =      1056.2047  DIHED      =      1336.1247
 1-4 NB =       457.6105  1-4 EEL =      4688.6929  VDWAALS    =     12752.8975
 EELEC  =   -105767.1518  EHBOND  =         0.0000  RESTRAINT  =         0.0000
 ------------------------------------------------------------------------------


 NSTEP =     2500   TIME(PS) =      21.250  TEMP(K) =   301.24  PRESS =     0.0
 Etot   =    -51866.8418  EKtot   =     20725.2832  EPtot      =    -72592.1251
 BOND   =     12812.2095  ANGLE   =      1071.3624  DIHED      =      1356.4594
 1-4 NB =       449.5874  1-4 EEL =      4678.3905  VDWAALS    =     12685.6525
 EELEC  =   -105645.7867  EHBOND  =         0.0000  RESTRAINT  =         0.0000
 ------------------------------------------------------------------------------

check COM velocity, temp:        0.000004     0.00(Removed)

 NSTEP =     3000   TIME(PS) =      21.500  TEMP(K) =   298.92  PRESS =     0.0
 Etot   =    -51861.8770  EKtot   =     20565.5410  EPtot      =    -72427.4180
 BOND   =     12976.3867  ANGLE   =      1036.2923  DIHED      =      1354.0296
 1-4 NB =       447.6768  1-4 EEL =      4660.5818  VDWAALS    =     12413.4004
 EELEC  =   -105315.7856  EHBOND  =         0.0000  RESTRAINT  =         0.0000
 ------------------------------------------------------------------------------


 NSTEP =     3500   TIME(PS) =      21.750  TEMP(K) =   298.95  PRESS =     0.0
 Etot   =    -51859.2408  EKtot   =     20567.9707  EPtot      =    -72427.2115
 BOND   =     12946.2885  ANGLE   =      1084.6930  DIHED      =      1341.6592
 1-4 NB =       448.2857  1-4 EEL =      4636.5178  VDWAALS    =     12823.9543
 EELEC  =   -105708.6099  EHBOND  =         0.0000  RESTRAINT  =         0.0000
 ------------------------------------------------------------------------------

check COM velocity, temp:        0.000002     0.00(Removed)

 NSTEP =     4000   TIME(PS) =      22.000  TEMP(K) =   301.83  PRESS =     0.0
 Etot   =    -51861.8207  EKtot   =     20765.9844  EPtot      =    -72627.8051
 BOND   =     12993.5161  ANGLE   =      1067.5018  DIHED      =      1302.1301
 1-4 NB =       429.1338  1-4 EEL =      4624.5958  VDWAALS    =     12849.3176
 EELEC  =   -105894.0002  EHBOND  =         0.0000  RESTRAINT  =         0.0000
 ------------------------------------------------------------------------------


 NSTEP =     4500   TIME(PS) =      22.250  TEMP(K) =   302.17  PRESS =     0.0
 Etot   =    -51865.0860  EKtot   =     20788.8730  EPtot      =    -72653.9591
 BOND   =     12643.0210  ANGLE   =      1057.6588  DIHED      =      1325.5654
 1-4 NB =       443.6513  1-4 EEL =      4659.3851  VDWAALS    =     12982.9727
 EELEC  =   -105766.2135  EHBOND  =         0.0000  RESTRAINT  =         0.0000
 ------------------------------------------------------------------------------

check COM velocity, temp:        0.000006     0.00(Removed)

 NSTEP =     5000   TIME(PS) =      22.500  TEMP(K) =   300.49  PRESS =     0.0
 Etot   =    -51864.7569  EKtot   =     20673.4141  EPtot      =    -72538.1709
 BOND   =     12674.9333  ANGLE   =      1048.0055  DIHED      =      1324.0669
 1-4 NB =       453.6451  1-4 EEL =      4648.2468  VDWAALS    =     12699.4606
 EELEC  =   -105386.5292  EHBOND  =         0.0000  RESTRAINT  =         0.0000
 ------------------------------------------------------------------------------


 NSTEP =     5500   TIME(PS) =      22.750  TEMP(K) =   300.91  PRESS =     0.0
 Etot   =    -51863.4596  EKtot   =     20702.6230  EPtot      =    -72566.0826
 BOND   =     12808.7251  ANGLE   =      1077.6942  DIHED      =      1335.4616
 1-4 NB =       445.2615  1-4 EEL =      4662.8560  VDWAALS    =     12683.9965
 EELEC  =   -105580.0776  EHBOND  =         0.0000  RESTRAINT  =         0.0000
 ------------------------------------------------------------------------------

check COM velocity, temp:        0.000007     0.00(Removed)

 NSTEP =     6000   TIME(PS) =      23.000  TEMP(K) =   301.01  PRESS =     0.0
 Etot   =    -51865.6245  EKtot   =     20709.6816  EPtot      =    -72575.3061
 BOND   =     12865.2939  ANGLE   =      1050.2323  DIHED      =      1337.3002
 1-4 NB =       445.1084  1-4 EEL =      4640.1986  VDWAALS    =     12765.5403
 EELEC  =   -105678.9797  EHBOND  =         0.0000  RESTRAINT  =         0.0000
 ------------------------------------------------------------------------------


 NSTEP =     6500   TIME(PS) =      23.250  TEMP(K) =   299.28  PRESS =     0.0
 Etot   =    -51862.4535  EKtot   =     20590.5293  EPtot      =    -72452.9828
 BOND   =     12757.3825  ANGLE   =      1050.9426  DIHED      =      1312.0784
 1-4 NB =       452.3515  1-4 EEL =      4677.7659  VDWAALS    =     12833.1024
 EELEC  =   -105536.6061  EHBOND  =         0.0000  RESTRAINT  =         0.0000
 ------------------------------------------------------------------------------

check COM velocity, temp:        0.000009     0.00(Removed)

 NSTEP =     7000   TIME(PS) =      23.500  TEMP(K) =   301.53  PRESS =     0.0
 Etot   =    -51863.8046  EKtot   =     20745.0625  EPtot      =    -72608.8671
 BOND   =     12863.5941  ANGLE   =      1029.6894  DIHED      =      1338.2586
 1-4 NB =       440.5236  1-4 EEL =      4667.3536  VDWAALS    =     12839.0708
 EELEC  =   -105787.3572  EHBOND  =         0.0000  RESTRAINT  =         0.0000
 ------------------------------------------------------------------------------


 NSTEP =     7500   TIME(PS) =      23.750  TEMP(K) =   301.73  PRESS =     0.0
 Etot   =    -51865.2671  EKtot   =     20759.0879  EPtot      =    -72624.3550
 BOND   =     12774.9282  ANGLE   =      1052.3165  DIHED      =      1336.2354
 1-4 NB =       435.8828  1-4 EEL =      4620.3084  VDWAALS    =     12632.4473
 EELEC  =   -105476.4735  EHBOND  =         0.0000  RESTRAINT  =         0.0000
 ------------------------------------------------------------------------------

check COM velocity, temp:        0.000005     0.00(Removed)

 NSTEP =     8000   TIME(PS) =      24.000  TEMP(K) =   301.83  PRESS =     0.0
 Etot   =    -51863.8535  EKtot   =     20765.7363  EPtot      =    -72629.5898
 BOND   =     12827.0922  ANGLE   =      1035.8247  DIHED      =      1361.6586
 1-4 NB =       439.5067  1-4 EEL =      4672.0757  VDWAALS    =     12474.8506
 EELEC  =   -105440.5983  EHBOND  =         0.0000  RESTRAINT  =         0.0000
 ------------------------------------------------------------------------------


 NSTEP =     8500   TIME(PS) =      24.250  TEMP(K) =   301.11  PRESS =     0.0
 Etot   =    -51865.8912  EKtot   =     20716.3457  EPtot      =    -72582.2369
 BOND   =     12821.3235  ANGLE   =      1012.9987  DIHED      =      1314.0955
 1-4 NB =       430.5826  1-4 EEL =      4611.5841  VDWAALS    =     12674.0373
 EELEC  =   -105446.8585  EHBOND  =         0.0000  RESTRAINT  =         0.0000
 ------------------------------------------------------------------------------

check COM velocity, temp:        0.000003     0.00(Removed)

 NSTEP =     9000   TIME(PS) =      24.500  TEMP(K) =   300.23  PRESS =     0.0
 Etot   =    -51864.0201  EKtot   =     20655.8555  EPtot      =    -72519.8755
 BOND   =     12887.3227  ANGLE   =      1060.8409  DIHED      =      1331.3819
 1-4 NB =       434.7628  1-4 EEL =      4647.8562  VDWAALS    =     12780.4522
 EELEC  =   -105662.4922  EHBOND  =         0.0000  RESTRAINT  =         0.0000
 ------------------------------------------------------------------------------


 NSTEP =     9500   TIME(PS) =      24.750  TEMP(K) =   301.51  PRESS =     0.0
 Etot   =    -51864.7770  EKtot   =     20743.4688  EPtot      =    -72608.2457
 BOND   =     12718.2138  ANGLE   =      1037.4001  DIHED      =      1351.8554
 1-4 NB =       429.9719  1-4 EEL =      4638.0265  VDWAALS    =     12717.7089
 EELEC  =   -105501.4224  EHBOND  =         0.0000  RESTRAINT  =         0.0000
 ------------------------------------------------------------------------------

check COM velocity, temp:        0.000011     0.00(Removed)

 NSTEP =    10000   TIME(PS) =      25.000  TEMP(K) =   301.12  PRESS =     0.0
 Etot   =    -51861.2621  EKtot   =     20716.7754  EPtot      =    -72578.0375
 BOND   =     13053.8523  ANGLE   =      1030.5850  DIHED      =      1332.4782
 1-4 NB =       447.1615  1-4 EEL =      4646.7235  VDWAALS    =     12704.6258
 EELEC  =   -105793.4637  EHBOND  =         0.0000  RESTRAINT  =         0.0000
 ------------------------------------------------------------------------------


 NSTEP =    10500   TIME(PS) =      25.250  TEMP(K) =   302.75  PRESS =     0.0
 Etot   =    -51861.0632  EKtot   =     20829.2793  EPtot      =    -72690.3425
 BOND   =     12892.0607  ANGLE   =      1012.7523  DIHED      =      1306.1670
 1-4 NB =       446.1789  1-4 EEL =      4652.5106  VDWAALS    =     12549.3079
 EELEC  =   -105549.3200  EHBOND  =         0.0000  RESTRAINT  =         0.0000
 ------------------------------------------------------------------------------

check COM velocity, temp:        0.000008     0.00(Removed)

 NSTEP =    11000   TIME(PS) =      25.500  TEMP(K) =   303.83  PRESS =     0.0
 Etot   =    -51867.2009  EKtot   =     20903.4434  EPtot      =    -72770.6442
 BOND   =     12696.5959  ANGLE   =      1037.5092  DIHED      =      1326.3088
 1-4 NB =       428.2296  1-4 EEL =      4667.7309  VDWAALS    =     12577.2521
 EELEC  =   -105504.2706  EHBOND  =         0.0000  RESTRAINT  =         0.0000
 ------------------------------------------------------------------------------


 NSTEP =    11500   TIME(PS) =      25.750  TEMP(K) =   301.55  PRESS =     0.0
 Etot   =    -51866.8518  EKtot   =     20746.6992  EPtot      =    -72613.5511
 BOND   =     12663.6502  ANGLE   =      1106.6463  DIHED      =      1326.3884
 1-4 NB =       438.6014  1-4 EEL =      4620.7943  VDWAALS    =     12684.2987
 EELEC  =   -105453.9303  EHBOND  =         0.0000  RESTRAINT  =         0.0000
 ------------------------------------------------------------------------------

check COM velocity, temp:        0.000008     0.00(Removed)

 NSTEP =    12000   TIME(PS) =      26.000  TEMP(K) =   300.19  PRESS =     0.0
 Etot   =    -51867.6024  EKtot   =     20652.8633  EPtot      =    -72520.4657
 BOND   =     12957.3063  ANGLE   =       995.2569  DIHED      =      1318.9327
 1-4 NB =       445.6014  1-4 EEL =      4697.8479  VDWAALS    =     12934.4773
 EELEC  =   -105869.8881  EHBOND  =         0.0000  RESTRAINT  =         0.0000
 ------------------------------------------------------------------------------


 NSTEP =    12500   TIME(PS) =      26.250  TEMP(K) =   300.69  PRESS =     0.0
 Etot   =    -51869.2016  EKtot   =     20687.6328  EPtot      =    -72556.8344
 BOND   =     13014.5096  ANGLE   =      1022.2048  DIHED      =      1323.5408
 1-4 NB =       447.2870  1-4 EEL =      4674.2845  VDWAALS    =     12835.7421
 EELEC  =   -105874.4031  EHBOND  =         0.0000  RESTRAINT  =         0.0000
 ------------------------------------------------------------------------------

check COM velocity, temp:        0.000002     0.00(Removed)

 NSTEP =    13000   TIME(PS) =      26.500  TEMP(K) =   300.68  PRESS =     0.0
 Etot   =    -51861.2534  EKtot   =     20686.3594  EPtot      =    -72547.6128
 BOND   =     13006.4610  ANGLE   =      1034.9644  DIHED      =      1336.3196
 1-4 NB =       447.2631  1-4 EEL =      4644.3506  VDWAALS    =     12817.1040
 EELEC  =   -105834.0754  EHBOND  =         0.0000  RESTRAINT  =         0.0000
 ------------------------------------------------------------------------------


 NSTEP =    13500   TIME(PS) =      26.750  TEMP(K) =   301.96  PRESS =     0.0
 Etot   =    -51862.9877  EKtot   =     20774.9453  EPtot      =    -72637.9331
 BOND   =     12809.3499  ANGLE   =      1034.0774  DIHED      =      1330.4911
 1-4 NB =       448.8172  1-4 EEL =      4633.2177  VDWAALS    =     12567.8589
 EELEC  =   -105461.7454  EHBOND  =         0.0000  RESTRAINT  =         0.0000
 ------------------------------------------------------------------------------

check COM velocity, temp:        0.000004     0.00(Removed)

 NSTEP =    14000   TIME(PS) =      27.000  TEMP(K) =   300.76  PRESS =     0.0
 Etot   =    -51862.4994  EKtot   =     20691.8359  EPtot      =    -72554.3354
 BOND   =     12825.7356  ANGLE   =      1031.7887  DIHED      =      1309.3973
 1-4 NB =       445.4586  1-4 EEL =      4657.0173  VDWAALS    =     12778.9466
 EELEC  =   -105602.6795  EHBOND  =         0.0000  RESTRAINT  =         0.0000
 ------------------------------------------------------------------------------


 NSTEP =    14500   TIME(PS) =      27.250  TEMP(K) =   300.90  PRESS =     0.0
 Etot   =    -51862.1793  EKtot   =     20701.8086  EPtot      =    -72563.9879
 BOND   =     12869.5066  ANGLE   =      1028.9238  DIHED      =      1325.5023
 1-4 NB =       451.8476  1-4 EEL =      4643.6289  VDWAALS    =     12812.0441
 EELEC  =   -105695.4411  EHBOND  =         0.0000  RESTRAINT  =         0.0000
 ------------------------------------------------------------------------------

check COM velocity, temp:        0.000002     0.00(Removed)

 NSTEP =    15000   TIME(PS) =      27.500  TEMP(K) =   301.84  PRESS =     0.0
 Etot   =    -51861.8144  EKtot   =     20766.4180  EPtot      =    -72628.2324
 BOND   =     12792.9842  ANGLE   =      1067.5156  DIHED      =      1313.5416
 1-4 NB =       438.6983  1-4 EEL =      4643.4754  VDWAALS    =     12614.0930
 EELEC  =   -105498.5406  EHBOND  =         0.0000  RESTRAINT  =         0.0000
 ------------------------------------------------------------------------------


 NSTEP =    15500   TIME(PS) =      27.750  TEMP(K) =   301.88  PRESS =     0.0
 Etot   =    -51860.0777  EKtot   =     20768.8848  EPtot      =    -72628.9624
 BOND   =     12900.3542  ANGLE   =      1051.4239  DIHED      =      1330.6021
 1-4 NB =       437.9698  1-4 EEL =      4643.1154  VDWAALS    =     12874.3138
 EELEC  =   -105866.7416  EHBOND  =         0.0000  RESTRAINT  =         0.0000
 ------------------------------------------------------------------------------

check COM velocity, temp:        0.000003     0.00(Removed)

 NSTEP =    16000   TIME(PS) =      28.000  TEMP(K) =   301.63  PRESS =     0.0
 Etot   =    -51860.7545  EKtot   =     20751.9863  EPtot      =    -72612.7408
 BOND   =     12713.5799  ANGLE   =      1062.4744  DIHED      =      1311.6446
 1-4 NB =       433.3543  1-4 EEL =      4652.4330  VDWAALS    =     12806.5088
 EELEC  =   -105592.7357  EHBOND  =         0.0000  RESTRAINT  =         0.0000
 ------------------------------------------------------------------------------


 NSTEP =    16500   TIME(PS) =      28.250  TEMP(K) =   300.11  PRESS =     0.0
 Etot   =    -51864.8481  EKtot   =     20647.4082  EPtot      =    -72512.2563
 BOND   =     12821.1653  ANGLE   =       977.5197  DIHED      =      1338.1910
 1-4 NB =       467.8284  1-4 EEL =      4677.7524  VDWAALS    =     12900.4162
 EELEC  =   -105695.1293  EHBOND  =         0.0000  RESTRAINT  =         0.0000
 ------------------------------------------------------------------------------

check COM velocity, temp:        0.000006     0.00(Removed)

 NSTEP =    17000   TIME(PS) =      28.500  TEMP(K) =   302.97  PRESS =     0.0
 Etot   =    -51866.9910  EKtot   =     20844.2520  EPtot      =    -72711.2429
 BOND   =     12707.7181  ANGLE   =      1031.8012  DIHED      =      1313.4886
 1-4 NB =       449.1473  1-4 EEL =      4695.1497  VDWAALS    =     12782.2214
 EELEC  =   -105690.7693  EHBOND  =         0.0000  RESTRAINT  =         0.0000
 ------------------------------------------------------------------------------


 NSTEP =    17500   TIME(PS) =      28.750  TEMP(K) =   298.84  PRESS =     0.0
 Etot   =    -51863.5004  EKtot   =     20560.2617  EPtot      =    -72423.7621
 BOND   =     12833.7896  ANGLE   =      1050.7119  DIHED      =      1319.2338
 1-4 NB =       441.2302  1-4 EEL =      4679.0694  VDWAALS    =     12764.6540
 EELEC  =   -105512.4511  EHBOND  =         0.0000  RESTRAINT  =         0.0000
 ------------------------------------------------------------------------------

check COM velocity, temp:        0.000005     0.00(Removed)

 NSTEP =    18000   TIME(PS) =      29.000  TEMP(K) =   302.26  PRESS =     0.0
 Etot   =    -51865.8401  EKtot   =     20795.2715  EPtot      =    -72661.1116
 BOND   =     12813.9251  ANGLE   =      1051.6629  DIHED      =      1329.0612
 1-4 NB =       452.5572  1-4 EEL =      4644.7528  VDWAALS    =     12501.9159
 EELEC  =   -105454.9865  EHBOND  =         0.0000  RESTRAINT  =         0.0000
 ------------------------------------------------------------------------------


 NSTEP =    18500   TIME(PS) =      29.250  TEMP(K) =   299.56  PRESS =     0.0
 Etot   =    -51862.7077  EKtot   =     20609.6582  EPtot      =    -72472.3659
 BOND   =     12849.6996  ANGLE   =      1012.1866  DIHED      =      1331.8479
 1-4 NB =       440.4814  1-4 EEL =      4688.0830  VDWAALS    =     12624.4048
 EELEC  =   -105419.0692  EHBOND  =         0.0000  RESTRAINT  =         0.0000
 ------------------------------------------------------------------------------

check COM velocity, temp:        0.000010     0.00(Removed)

 NSTEP =    19000   TIME(PS) =      29.500  TEMP(K) =   299.31  PRESS =     0.0
 Etot   =    -51865.3639  EKtot   =     20592.1895  EPtot      =    -72457.5533
 BOND   =     12812.9675  ANGLE   =      1057.5831  DIHED      =      1329.5138
 1-4 NB =       435.7461  1-4 EEL =      4685.3601  VDWAALS    =     12573.2784
 EELEC  =   -105352.0022  EHBOND  =         0.0000  RESTRAINT  =         0.0000
 ------------------------------------------------------------------------------


 NSTEP =    19500   TIME(PS) =      29.750  TEMP(K) =   297.64  PRESS =     0.0
 Etot   =    -51864.3285  EKtot   =     20477.4238  EPtot      =    -72341.7523
 BOND   =     12787.2186  ANGLE   =      1036.5340  DIHED      =      1315.5375
 1-4 NB =       448.6085  1-4 EEL =      4669.8690  VDWAALS    =     12257.9952
 EELEC  =   -104857.5152  EHBOND  =         0.0000  RESTRAINT  =         0.0000
 ------------------------------------------------------------------------------

check COM velocity, temp:        0.000003     0.00(Removed)

 NSTEP =    20000   TIME(PS) =      30.000  TEMP(K) =   300.40  PRESS =     0.0
 Etot   =    -51863.5524  EKtot   =     20667.6035  EPtot      =    -72531.1559
 BOND   =     12863.9773  ANGLE   =      1055.6907  DIHED      =      1339.0117
 1-4 NB =       440.6966  1-4 EEL =      4628.0394  VDWAALS    =     12745.3336
 EELEC  =   -105603.9052  EHBOND  =         0.0000  RESTRAINT  =         0.0000
 ------------------------------------------------------------------------------


      A V E R A G E S   O V E R      40 S T E P S


 NSTEP =    20000   TIME(PS) =      30.000  TEMP(K) =   300.82  PRESS =     0.0
 Etot   =    -51863.8810  EKtot   =     20696.1165  EPtot      =    -72559.9975
 BOND   =     12831.0183  ANGLE   =      1042.5219  DIHED      =      1328.0125
 1-4 NB =       443.6309  1-4 EEL =      4656.2917  VDWAALS    =     12704.0451
 EELEC  =   -105565.5179  EHBOND  =         0.0000  RESTRAINT  =         0.0000
 ------------------------------------------------------------------------------


      R M S  F L U C T U A T I O N S


 NSTEP =    20000   TIME(PS) =      30.000  TEMP(K) =     1.32  PRESS =     0.0
 Etot   =         2.2099  EKtot   =        90.6009  EPtot      =        91.1001
 BOND   =        99.2236  ANGLE   =        24.3170  DIHED      =        14.3505
 1-4 NB =         8.3480  1-4 EEL =        21.9292  VDWAALS    =       149.6242
 EELEC  =       210.8587  EHBOND  =         0.0000  RESTRAINT  =         0.0000
|E(PBS) =         0.9566
 ------------------------------------------------------------------------------

--------------------------------------------------------------------------------
   5.  TIMINGS
--------------------------------------------------------------------------------

|  NonSetup CPU Time in Major Routines:
|
|     Routine           Sec        %
|     ------------------------------
|     Nonbond           4.14   10.67
|     Bond              0.00    0.00
|     Angle             0.00    0.00
|     Dihedral          0.00    0.00
|     Shake             0.00    0.00
|     RunMD            34.62   89.29
|     Other             0.02    0.04
|     ------------------------------
|     Total            38.78

|  PME Nonbond Pairlist CPU Time:
|
|     Routine              Sec        %
|     ---------------------------------
|     Set Up Cit           0.00    0.00
|     Build List           0.00    0.00
|     ---------------------------------
|     Total                0.00    0.00

|  PME Direct Force CPU Time:
|
|     Routine              Sec        %
|     ---------------------------------
|     NonBonded Calc       0.00    0.00
|     Exclude Masked       0.00    0.00
|     Other                0.01    0.02
|     ---------------------------------
|     Total                0.01    0.02

|  PME Reciprocal Force CPU Time:
|
|     Routine              Sec        %
|     ---------------------------------
|     1D bspline           0.00    0.00
|     Grid Charges         0.00    0.00
|     Scalar Sum           0.00    0.00
|     Gradient Sum         0.00    0.00
|     FFT                  0.00    0.00
|     ---------------------------------
|     Total                0.00    0.00

|  Final Performance Info:
|     -----------------------------------------------------
|     Average timings for last   19500 steps:
|     Elapsed(s) =      41.15 Per Step(ms) =       2.11
|         ns/day =      20.47   seconds/ns =    4220.84
|
|     Average timings for all steps:
|     Elapsed(s) =      42.08 Per Step(ms) =       2.10
|         ns/day =      20.53   seconds/ns =    4207.73
|     -----------------------------------------------------

|  Setup CPU time:            2.84 seconds
|  NonSetup CPU time:        38.78 seconds
|  Total CPU time:           41.62 seconds     0.01 hours

|  Setup wall time:           5    seconds
|  NonSetup wall time:       42    seconds
|  Total wall time:          47    seconds     0.01 hours
