
          -------------------------------------------------------
          Amber 16 PMEMD                              2016
          -------------------------------------------------------

| PMEMD implementation of SANDER, Release 16

| Run on 08/24/2017 at 13:05:53

|   Executable path: /apps/amber16/bin/pmemd.cuda
| Working directory: /scratch/pbarletta/pdz/run/lb/neq/data/3
|          Hostname: mordor

  [-O]verwriting output

File Assignments:
|   MDIN: pdt.in                                                                
|  MDOUT: 11plb_3.out                                                           
| INPCRD: ../2/11plb_2.rst7                                                     
|   PARM: /scratch/pbarletta/pdz/top_files/lb.prmtop                            
| RESTRT: 11plb_3.rst7                                                          
|   REFC: refc                                                                  
|  MDVEL: mdvel                                                                 
|   MDEN: mden                                                                  
|  MDCRD: 11plb_3.nc                                                            
| MDINFO: mdinfo                                                                
|  MDFRC: mdfrc                                                                 


 Here is the input file:

!NVE run                                                                       
&cntrl                                                                         
imin = 0,                           ! No Minimization                          
nmropt = 0,                         ! No NMR restraints read                   
                                                                               
! Nature and format of the input                                               
ntx = 5,                            ! Coordinates and velocities will be read  
irest = 1,                          ! Do not run a new simulation              
                                                                               
! Nature and format of the output                                              
ioutfm = 1,			    ! NetCDF format for output files                             
ntxo = 1,                           ! rstrt file in ASCII format               
ntpr = 500,                         ! inf in output every ntpr steps           
ntwr = 500,                         ! rstrt file every ntwr steps              
ntwx = 20,                          ! mdcrd file every ntwx steps              
ntwv = -1,                          ! mdvel without velocities                 
ntwe = 0,                           ! Energies and temperatures not written in 
idecomp = 0,                        ! No energy decomposition                  
iwrap = 1,                          ! Coordinates of the restart and mdcrd file
                                                                               
! Frozen or restrained atoms                                                   
ibelly = 0,                         ! No frozen atoms                          
ntr=0,                              ! Harmonic potential restraints            
                                                                               
! Molecular dynamics                                                           
nstlim = 20000,                     ! Number of MD-steps                       
dt = 0.0005,                        ! Time step                                
                                                                               
! Temperature regulation                                                       
ntt = 0,                            ! Constant total energy                    
                                                                               
! P and V regulation                                                           
ntp = 0,                            ! No P control                             
ntb = 1,                            ! constant V                               
                                                                               
! SHAKE variables                                                              
ntc = 1,                            ! Bonds involving H are constrained        
ntf = 1,                            ! Bond interaction involving H are ommited.
                                                                               
cut = 9.0,                          ! Nonbonded cutoff                         
/                                                                              
&end                                                                           


Note: ig = -1. Setting random seed to   332221 based on wallclock time in 
      microseconds.
| irandom = 1, using AMBER's internal random number generator (default).
 
|--------------------- INFORMATION ----------------------
| GPU (CUDA) Version of PMEMD in use: NVIDIA GPU IN USE.
|                    Version 16.0.0
| 
|                      02/25/2016
| 
| Implementation by:
|                    Ross C. Walker     (SDSC)
|                    Scott Le Grand     (nVIDIA)
| 
| Precision model in use:
|      [SPFP] - Single Precision Forces, 64-bit Fixed Point
|               Accumulation. (Default)
| 
|--------------------------------------------------------
 
|----------------- CITATION INFORMATION -----------------
|
|    When publishing work that utilized the CUDA version
|    of AMBER, please cite the following in addition to
|    the regular AMBER citations:
|
|  - Romelia Salomon-Ferrer; Andreas W. Goetz; Duncan
|    Poole; Scott Le Grand; Ross C. Walker "Routine
|    microsecond molecular dynamics simulations with
|    AMBER - Part II: Particle Mesh Ewald", J. Chem.
|    Theory Comput., 2013, 9 (9), pp3878-3888,
|    DOI: 10.1021/ct400314y.
|
|  - Andreas W. Goetz; Mark J. Williamson; Dong Xu;
|    Duncan Poole; Scott Le Grand; Ross C. Walker
|    "Routine microsecond molecular dynamics simulations
|    with AMBER - Part I: Generalized Born", J. Chem.
|    Theory Comput., 2012, 8 (5), pp1542-1555.
|
|  - Scott Le Grand; Andreas W. Goetz; Ross C. Walker
|    "SPFP: Speed without compromise - a mixed precision
|    model for GPU accelerated molecular dynamics
|    simulations.", Comp. Phys. Comm., 2013, 184
|    pp374-380, DOI: 10.1016/j.cpc.2012.09.022
|
|--------------------------------------------------------
 
|------------------- GPU DEVICE INFO --------------------
|
|            CUDA_VISIBLE_DEVICES: 0
|   CUDA Capable Devices Detected:      1
|           CUDA Device ID in use:      0
|                CUDA Device Name: GeForce GTX TITAN
|     CUDA Device Global Mem Size:   6082 MB
| CUDA Device Num Multiprocessors:     14
|           CUDA Device Core Freq:   0.93 GHz
|
|--------------------------------------------------------
 
 
| Conditional Compilation Defines Used:
| PUBFFT
| BINTRAJ
| CUDA
| EMIL

| Largest sphere to fit in unit cell has radius =    26.281

| New format PARM file being parsed.
| Version =    1.000 Date = 09/04/12 Time = 16:08:43

| Note: 1-4 EEL scale factors are being read from the topology file.

| Note: 1-4 VDW scale factors are being read from the topology file.
| Duplicated    0 dihedrals

| Duplicated    0 dihedrals

--------------------------------------------------------------------------------
   1.  RESOURCE   USE: 
--------------------------------------------------------------------------------

 getting new box info from bottom of inpcrd
 NATOM  =   23082 NTYPES =      16 NBONH =   22055 MBONA  =    1038
 NTHETH =    2390 MTHETA =    1396 NPHIH =    4631 MPHIA  =    3488
 NHPARM =       0 NPARM  =       0 NNB   =   39434 NRES   =    7134
 NBONA  =    1038 NTHETA =    1396 NPHIA =    3488 NUMBND =      41
 NUMANG =      86 NPTRA  =      41 NATYP =      28 NPHB   =       1
 IFBOX  =       1 NMXRS  =      24 IFCAP =       0 NEXTRA =       0
 NCOPY  =       0

| Coordinate Index Table dimensions:    12   14   10
| Direct force subcell size =     5.0212    5.2012    5.2562

     BOX TYPE: RECTILINEAR

--------------------------------------------------------------------------------
   2.  CONTROL  DATA  FOR  THE  RUN
--------------------------------------------------------------------------------

default_name                                                                    

General flags:
     imin    =       0, nmropt  =       0

Nature and format of input:
     ntx     =       5, irest   =       1, ntrx    =       1

Nature and format of output:
     ntxo    =       1, ntpr    =     500, ntrx    =       1, ntwr    =     500
     iwrap   =       1, ntwx    =      20, ntwv    =      -1, ntwe    =       0
     ioutfm  =       1, ntwprt  =       0, idecomp =       0, rbornstat=      0

Potential function:
     ntf     =       1, ntb     =       1, igb     =       0, nsnb    =      25
     ipol    =       0, gbsa    =       0, iesp    =       0
     dielc   =   1.00000, cut     =   9.00000, intdiel =   1.00000

Frozen or restrained atoms:
     ibelly  =       0, ntr     =       0

Molecular dynamics:
     nstlim  =     20000, nscm    =      1000, nrespa  =         1
     t       =   0.00000, dt      =   0.00050, vlimit  =  -1.00000

| Intermolecular bonds treatment:
|     no_intermolecular_bonds =       1

| Energy averages sample interval:
|     ene_avg_sampling =     500

Ewald parameters:
     verbose =       0, ew_type =       0, nbflag  =       1, use_pme =       1
     vdwmeth =       1, eedmeth =       1, netfrc  =       1
     Box X =   60.254   Box Y =   72.816   Box Z =   52.562
     Alpha =   90.000   Beta  =   90.000   Gamma =   90.000
     NFFT1 =   64       NFFT2 =   80       NFFT3 =   56
     Cutoff=    9.000   Tol   =0.100E-04
     Ewald Coefficient =  0.30768
     Interpolation order =    4

--------------------------------------------------------------------------------
   3.  ATOMIC COORDINATES AND VELOCITIES
--------------------------------------------------------------------------------

default_name                                                                    
 begin time read from input coords =    20.000 ps

 
 Number of triangulated 3-point waters found:     7002

     Sum of charges from parm topology file =  -0.00000008
     Forcing neutrality...

| Dynamic Memory, Types Used:
| Reals              710578
| Integers           737140

| Nonbonded Pairs Initial Allocation:     5262696

| GPU memory information (estimate):
| KB of GPU memory in use:     63171
| KB of CPU memory in use:     27891

--------------------------------------------------------------------------------
   4.  RESULTS
--------------------------------------------------------------------------------

 ---------------------------------------------------
 APPROXIMATING switch and d/dx switch using CUBIC SPLINE INTERPOLATION
 using   5000.0 points per unit in tabled values
 TESTING RELATIVE ERROR over r ranging from 0.0 to cutoff
| CHECK switch(x): max rel err =   0.2738E-14   at   2.422500
| CHECK d/dx switch(x): max rel err =   0.8314E-11   at   2.736960
 ---------------------------------------------------
|---------------------------------------------------
| APPROXIMATING direct energy using CUBIC SPLINE INTERPOLATION
|  with   50.0 points per unit in tabled values
| Relative Error Limit not exceeded for r .gt.   2.39
| APPROXIMATING direct force using CUBIC SPLINE INTERPOLATION
|  with   50.0 points per unit in tabled values
| Relative Error Limit not exceeded for r .gt.   2.84
|---------------------------------------------------

 NSTEP =      500   TIME(PS) =      20.250  TEMP(K) =   301.22  PRESS =     0.0
 Etot   =    -52166.2238  EKtot   =     20723.7598  EPtot      =    -72889.9836
 BOND   =     12950.0930  ANGLE   =      1005.2499  DIHED      =      1321.8263
 1-4 NB =       449.4761  1-4 EEL =      4561.1018  VDWAALS    =     13011.3626
 EELEC  =   -106189.0933  EHBOND  =         0.0000  RESTRAINT  =         0.0000
 ------------------------------------------------------------------------------

check COM velocity, temp:        0.005115     0.03(Removed)

 NSTEP =     1000   TIME(PS) =      20.500  TEMP(K) =   300.39  PRESS =     0.0
 Etot   =    -52167.8819  EKtot   =     20666.4980  EPtot      =    -72834.3800
 BOND   =     12745.6745  ANGLE   =      1011.8677  DIHED      =      1308.0826
 1-4 NB =       450.4020  1-4 EEL =      4686.0808  VDWAALS    =     12777.0556
 EELEC  =   -105813.5432  EHBOND  =         0.0000  RESTRAINT  =         0.0000
 ------------------------------------------------------------------------------


 NSTEP =     1500   TIME(PS) =      20.750  TEMP(K) =   300.63  PRESS =     0.0
 Etot   =    -52165.5398  EKtot   =     20683.1445  EPtot      =    -72848.6844
 BOND   =     12865.6109  ANGLE   =      1028.9734  DIHED      =      1309.3380
 1-4 NB =       443.6558  1-4 EEL =      4623.1342  VDWAALS    =     12902.0801
 EELEC  =   -106021.4768  EHBOND  =         0.0000  RESTRAINT  =         0.0000
 ------------------------------------------------------------------------------

check COM velocity, temp:        0.000002     0.00(Removed)

 NSTEP =     2000   TIME(PS) =      21.000  TEMP(K) =   297.35  PRESS =     0.0
 Etot   =    -52165.5504  EKtot   =     20457.7266  EPtot      =    -72623.2770
 BOND   =     12837.5664  ANGLE   =      1053.3168  DIHED      =      1334.5125
 1-4 NB =       460.0902  1-4 EEL =      4648.4181  VDWAALS    =     12838.4261
 EELEC  =   -105795.6069  EHBOND  =         0.0000  RESTRAINT  =         0.0000
 ------------------------------------------------------------------------------


 NSTEP =     2500   TIME(PS) =      21.250  TEMP(K) =   302.41  PRESS =     0.0
 Etot   =    -52168.9393  EKtot   =     20805.4336  EPtot      =    -72974.3729
 BOND   =     12849.5870  ANGLE   =      1041.3169  DIHED      =      1316.8373
 1-4 NB =       439.6572  1-4 EEL =      4630.8430  VDWAALS    =     12962.7628
 EELEC  =   -106215.3770  EHBOND  =         0.0000  RESTRAINT  =         0.0000
 ------------------------------------------------------------------------------

check COM velocity, temp:        0.000006     0.00(Removed)

 NSTEP =     3000   TIME(PS) =      21.500  TEMP(K) =   298.20  PRESS =     0.0
 Etot   =    -52162.7268  EKtot   =     20515.8848  EPtot      =    -72678.6115
 BOND   =     12748.7970  ANGLE   =      1035.1757  DIHED      =      1316.7777
 1-4 NB =       437.3006  1-4 EEL =      4613.1305  VDWAALS    =     12682.4059
 EELEC  =   -105512.1988  EHBOND  =         0.0000  RESTRAINT  =         0.0000
 ------------------------------------------------------------------------------


 NSTEP =     3500   TIME(PS) =      21.750  TEMP(K) =   298.27  PRESS =     0.0
 Etot   =    -52170.0020  EKtot   =     20520.7637  EPtot      =    -72690.7657
 BOND   =     12765.6907  ANGLE   =      1031.3682  DIHED      =      1326.2257
 1-4 NB =       451.0270  1-4 EEL =      4641.7557  VDWAALS    =     12923.0437
 EELEC  =   -105829.8765  EHBOND  =         0.0000  RESTRAINT  =         0.0000
 ------------------------------------------------------------------------------

check COM velocity, temp:        0.000004     0.00(Removed)

 NSTEP =     4000   TIME(PS) =      22.000  TEMP(K) =   300.48  PRESS =     0.0
 Etot   =    -52169.5786  EKtot   =     20673.1855  EPtot      =    -72842.7642
 BOND   =     12807.9470  ANGLE   =      1009.6604  DIHED      =      1348.5749
 1-4 NB =       445.4172  1-4 EEL =      4686.3360  VDWAALS    =     12924.4419
 EELEC  =   -106065.1416  EHBOND  =         0.0000  RESTRAINT  =         0.0000
 ------------------------------------------------------------------------------


 NSTEP =     4500   TIME(PS) =      22.250  TEMP(K) =   298.11  PRESS =     0.0
 Etot   =    -52164.0899  EKtot   =     20510.1230  EPtot      =    -72674.2129
 BOND   =     12782.7108  ANGLE   =      1026.0668  DIHED      =      1343.5692
 1-4 NB =       444.3080  1-4 EEL =      4638.7128  VDWAALS    =     12872.1393
 EELEC  =   -105781.7199  EHBOND  =         0.0000  RESTRAINT  =         0.0000
 ------------------------------------------------------------------------------

check COM velocity, temp:        0.000003     0.00(Removed)

 NSTEP =     5000   TIME(PS) =      22.500  TEMP(K) =   300.86  PRESS =     0.0
 Etot   =    -52167.3512  EKtot   =     20698.9434  EPtot      =    -72866.2946
 BOND   =     12632.7005  ANGLE   =      1004.1754  DIHED      =      1315.1899
 1-4 NB =       456.2861  1-4 EEL =      4652.7129  VDWAALS    =     12678.0764
 EELEC  =   -105605.4358  EHBOND  =         0.0000  RESTRAINT  =         0.0000
 ------------------------------------------------------------------------------


 NSTEP =     5500   TIME(PS) =      22.750  TEMP(K) =   299.18  PRESS =     0.0
 Etot   =    -52164.8168  EKtot   =     20583.5234  EPtot      =    -72748.3403
 BOND   =     12851.4491  ANGLE   =       990.2707  DIHED      =      1341.6623
 1-4 NB =       437.0783  1-4 EEL =      4612.1573  VDWAALS    =     12984.8558
 EELEC  =   -105965.8137  EHBOND  =         0.0000  RESTRAINT  =         0.0000
 ------------------------------------------------------------------------------

check COM velocity, temp:        0.000003     0.00(Removed)

 NSTEP =     6000   TIME(PS) =      23.000  TEMP(K) =   297.91  PRESS =     0.0
 Etot   =    -52165.1123  EKtot   =     20496.0547  EPtot      =    -72661.1670
 BOND   =     12812.8715  ANGLE   =      1024.0990  DIHED      =      1324.5513
 1-4 NB =       447.6637  1-4 EEL =      4610.1416  VDWAALS    =     12886.6375
 EELEC  =   -105767.1315  EHBOND  =         0.0000  RESTRAINT  =         0.0000
 ------------------------------------------------------------------------------


 NSTEP =     6500   TIME(PS) =      23.250  TEMP(K) =   301.05  PRESS =     0.0
 Etot   =    -52168.0274  EKtot   =     20711.8809  EPtot      =    -72879.9083
 BOND   =     12845.5557  ANGLE   =      1013.9155  DIHED      =      1322.7391
 1-4 NB =       444.1217  1-4 EEL =      4610.5681  VDWAALS    =     12930.3204
 EELEC  =   -106047.1289  EHBOND  =         0.0000  RESTRAINT  =         0.0000
 ------------------------------------------------------------------------------

check COM velocity, temp:        0.000002     0.00(Removed)

 NSTEP =     7000   TIME(PS) =      23.500  TEMP(K) =   300.08  PRESS =     0.0
 Etot   =    -52165.9286  EKtot   =     20645.4648  EPtot      =    -72811.3934
 BOND   =     12902.0208  ANGLE   =      1028.7565  DIHED      =      1351.4894
 1-4 NB =       451.7379  1-4 EEL =      4617.4609  VDWAALS    =     12860.9562
 EELEC  =   -106023.8152  EHBOND  =         0.0000  RESTRAINT  =         0.0000
 ------------------------------------------------------------------------------


 NSTEP =     7500   TIME(PS) =      23.750  TEMP(K) =   300.15  PRESS =     0.0
 Etot   =    -52165.5198  EKtot   =     20650.2695  EPtot      =    -72815.7893
 BOND   =     12866.1483  ANGLE   =       984.1754  DIHED      =      1351.9640
 1-4 NB =       446.1873  1-4 EEL =      4694.6441  VDWAALS    =     12990.3088
 EELEC  =   -106149.2172  EHBOND  =         0.0000  RESTRAINT  =         0.0000
 ------------------------------------------------------------------------------

check COM velocity, temp:        0.000002     0.00(Removed)

 NSTEP =     8000   TIME(PS) =      24.000  TEMP(K) =   299.65  PRESS =     0.0
 Etot   =    -52165.4171  EKtot   =     20615.5859  EPtot      =    -72781.0030
 BOND   =     12763.4922  ANGLE   =      1051.9585  DIHED      =      1336.4215
 1-4 NB =       432.1132  1-4 EEL =      4640.3782  VDWAALS    =     12972.5967
 EELEC  =   -105977.9634  EHBOND  =         0.0000  RESTRAINT  =         0.0000
 ------------------------------------------------------------------------------


 NSTEP =     8500   TIME(PS) =      24.250  TEMP(K) =   299.47  PRESS =     0.0
 Etot   =    -52164.8891  EKtot   =     20603.1250  EPtot      =    -72768.0141
 BOND   =     12836.0362  ANGLE   =      1030.8126  DIHED      =      1308.2742
 1-4 NB =       431.7497  1-4 EEL =      4635.6629  VDWAALS    =     12991.1195
 EELEC  =   -106001.6692  EHBOND  =         0.0000  RESTRAINT  =         0.0000
 ------------------------------------------------------------------------------

check COM velocity, temp:        0.000003     0.00(Removed)

 NSTEP =     9000   TIME(PS) =      24.500  TEMP(K) =   300.93  PRESS =     0.0
 Etot   =    -52167.7975  EKtot   =     20703.7891  EPtot      =    -72871.5866
 BOND   =     12749.2461  ANGLE   =      1019.3660  DIHED      =      1337.1350
 1-4 NB =       443.5637  1-4 EEL =      4622.3552  VDWAALS    =     12770.9170
 EELEC  =   -105814.1696  EHBOND  =         0.0000  RESTRAINT  =         0.0000
 ------------------------------------------------------------------------------


 NSTEP =     9500   TIME(PS) =      24.750  TEMP(K) =   297.68  PRESS =     0.0
 Etot   =    -52163.8117  EKtot   =     20480.4922  EPtot      =    -72644.3038
 BOND   =     12811.4199  ANGLE   =      1021.1551  DIHED      =      1335.8354
 1-4 NB =       451.7113  1-4 EEL =      4652.9580  VDWAALS    =     12855.7840
 EELEC  =   -105773.1675  EHBOND  =         0.0000  RESTRAINT  =         0.0000
 ------------------------------------------------------------------------------

check COM velocity, temp:        0.000008     0.00(Removed)

 NSTEP =    10000   TIME(PS) =      25.000  TEMP(K) =   297.90  PRESS =     0.0
 Etot   =    -52165.4635  EKtot   =     20495.0625  EPtot      =    -72660.5260
 BOND   =     12857.1846  ANGLE   =      1021.2832  DIHED      =      1345.0831
 1-4 NB =       433.1498  1-4 EEL =      4615.3244  VDWAALS    =     12656.6367
 EELEC  =   -105589.1878  EHBOND  =         0.0000  RESTRAINT  =         0.0000
 ------------------------------------------------------------------------------


 NSTEP =    10500   TIME(PS) =      25.250  TEMP(K) =   299.42  PRESS =     0.0
 Etot   =    -52166.0757  EKtot   =     20600.2578  EPtot      =    -72766.3335
 BOND   =     12912.5125  ANGLE   =       992.0821  DIHED      =      1356.2549
 1-4 NB =       450.6022  1-4 EEL =      4624.3329  VDWAALS    =     12729.9563
 EELEC  =   -105832.0744  EHBOND  =         0.0000  RESTRAINT  =         0.0000
 ------------------------------------------------------------------------------

check COM velocity, temp:        0.000005     0.00(Removed)

 NSTEP =    11000   TIME(PS) =      25.500  TEMP(K) =   299.65  PRESS =     0.0
 Etot   =    -52167.9270  EKtot   =     20615.6094  EPtot      =    -72783.5364
 BOND   =     12756.8205  ANGLE   =      1048.2413  DIHED      =      1330.9728
 1-4 NB =       441.2390  1-4 EEL =      4604.5450  VDWAALS    =     12919.0571
 EELEC  =   -105884.4121  EHBOND  =         0.0000  RESTRAINT  =         0.0000
 ------------------------------------------------------------------------------


 NSTEP =    11500   TIME(PS) =      25.750  TEMP(K) =   301.88  PRESS =     0.0
 Etot   =    -52166.5350  EKtot   =     20769.4668  EPtot      =    -72936.0018
 BOND   =     12574.0048  ANGLE   =      1059.6845  DIHED      =      1324.5190
 1-4 NB =       446.4010  1-4 EEL =      4640.4588  VDWAALS    =     12757.9013
 EELEC  =   -105738.9712  EHBOND  =         0.0000  RESTRAINT  =         0.0000
 ------------------------------------------------------------------------------

check COM velocity, temp:        0.000007     0.00(Removed)

 NSTEP =    12000   TIME(PS) =      26.000  TEMP(K) =   298.03  PRESS =     0.0
 Etot   =    -52166.5963  EKtot   =     20504.4316  EPtot      =    -72671.0280
 BOND   =     12721.8463  ANGLE   =      1031.2168  DIHED      =      1314.1964
 1-4 NB =       442.2190  1-4 EEL =      4631.9523  VDWAALS    =     12784.9750
 EELEC  =   -105597.4338  EHBOND  =         0.0000  RESTRAINT  =         0.0000
 ------------------------------------------------------------------------------


 NSTEP =    12500   TIME(PS) =      26.250  TEMP(K) =   302.47  PRESS =     0.0
 Etot   =    -52170.1600  EKtot   =     20810.0859  EPtot      =    -72980.2459
 BOND   =     12757.4802  ANGLE   =       988.1051  DIHED      =      1322.2379
 1-4 NB =       444.8263  1-4 EEL =      4625.7586  VDWAALS    =     12810.9913
 EELEC  =   -105929.6453  EHBOND  =         0.0000  RESTRAINT  =         0.0000
 ------------------------------------------------------------------------------

check COM velocity, temp:        0.000009     0.00(Removed)

 NSTEP =    13000   TIME(PS) =      26.500  TEMP(K) =   299.41  PRESS =     0.0
 Etot   =    -52168.3312  EKtot   =     20599.6074  EPtot      =    -72767.9387
 BOND   =     12855.2293  ANGLE   =      1009.8839  DIHED      =      1334.2934
 1-4 NB =       447.8429  1-4 EEL =      4660.4071  VDWAALS    =     13089.8578
 EELEC  =   -106165.4531  EHBOND  =         0.0000  RESTRAINT  =         0.0000
 ------------------------------------------------------------------------------


 NSTEP =    13500   TIME(PS) =      26.750  TEMP(K) =   300.67  PRESS =     0.0
 Etot   =    -52167.7239  EKtot   =     20685.8926  EPtot      =    -72853.6165
 BOND   =     12803.1231  ANGLE   =      1027.1257  DIHED      =      1307.9328
 1-4 NB =       444.8705  1-4 EEL =      4633.5287  VDWAALS    =     12985.5807
 EELEC  =   -106055.7780  EHBOND  =         0.0000  RESTRAINT  =         0.0000
 ------------------------------------------------------------------------------

check COM velocity, temp:        0.000009     0.00(Removed)

 NSTEP =    14000   TIME(PS) =      27.000  TEMP(K) =   303.78  PRESS =     0.0
 Etot   =    -52169.1838  EKtot   =     20899.6094  EPtot      =    -73068.7932
 BOND   =     12686.1349  ANGLE   =       985.2713  DIHED      =      1320.8056
 1-4 NB =       451.2726  1-4 EEL =      4657.1196  VDWAALS    =     12811.9721
 EELEC  =   -105981.3694  EHBOND  =         0.0000  RESTRAINT  =         0.0000
 ------------------------------------------------------------------------------


 NSTEP =    14500   TIME(PS) =      27.250  TEMP(K) =   296.56  PRESS =     0.0
 Etot   =    -52160.2160  EKtot   =     20402.9570  EPtot      =    -72563.1730
 BOND   =     12949.2309  ANGLE   =      1009.5594  DIHED      =      1305.3609
 1-4 NB =       443.7890  1-4 EEL =      4657.4433  VDWAALS    =     12947.3739
 EELEC  =   -105875.9304  EHBOND  =         0.0000  RESTRAINT  =         0.0000
 ------------------------------------------------------------------------------

check COM velocity, temp:        0.000003     0.00(Removed)

 NSTEP =    15000   TIME(PS) =      27.500  TEMP(K) =   298.26  PRESS =     0.0
 Etot   =    -52166.7216  EKtot   =     20520.4688  EPtot      =    -72687.1904
 BOND   =     12735.9784  ANGLE   =       990.2650  DIHED      =      1305.9076
 1-4 NB =       459.7107  1-4 EEL =      4644.9847  VDWAALS    =     12967.9964
 EELEC  =   -105792.0332  EHBOND  =         0.0000  RESTRAINT  =         0.0000
 ------------------------------------------------------------------------------


 NSTEP =    15500   TIME(PS) =      27.750  TEMP(K) =   299.35  PRESS =     0.0
 Etot   =    -52164.1964  EKtot   =     20594.8340  EPtot      =    -72759.0304
 BOND   =     12866.5552  ANGLE   =      1039.3476  DIHED      =      1301.2044
 1-4 NB =       451.0831  1-4 EEL =      4661.2640  VDWAALS    =     12944.3110
 EELEC  =   -106022.7956  EHBOND  =         0.0000  RESTRAINT  =         0.0000
 ------------------------------------------------------------------------------

check COM velocity, temp:        0.000005     0.00(Removed)

 NSTEP =    16000   TIME(PS) =      28.000  TEMP(K) =   297.88  PRESS =     0.0
 Etot   =    -52165.1445  EKtot   =     20494.2051  EPtot      =    -72659.3495
 BOND   =     12664.0368  ANGLE   =      1042.1587  DIHED      =      1302.0712
 1-4 NB =       451.7250  1-4 EEL =      4639.9463  VDWAALS    =     12959.8709
 EELEC  =   -105719.1584  EHBOND  =         0.0000  RESTRAINT  =         0.0000
 ------------------------------------------------------------------------------


 NSTEP =    16500   TIME(PS) =      28.250  TEMP(K) =   301.15  PRESS =     0.0
 Etot   =    -52170.3778  EKtot   =     20718.9688  EPtot      =    -72889.3466
 BOND   =     12737.3856  ANGLE   =      1026.6609  DIHED      =      1319.5634
 1-4 NB =       436.8418  1-4 EEL =      4618.2479  VDWAALS    =     12688.3370
 EELEC  =   -105716.3833  EHBOND  =         0.0000  RESTRAINT  =         0.0000
 ------------------------------------------------------------------------------

check COM velocity, temp:        0.000004     0.00(Removed)

 NSTEP =    17000   TIME(PS) =      28.500  TEMP(K) =   299.96  PRESS =     0.0
 Etot   =    -52163.1749  EKtot   =     20637.2051  EPtot      =    -72800.3800
 BOND   =     12888.9185  ANGLE   =      1043.8630  DIHED      =      1312.1859
 1-4 NB =       434.5989  1-4 EEL =      4636.4410  VDWAALS    =     12721.5665
 EELEC  =   -105837.9537  EHBOND  =         0.0000  RESTRAINT  =         0.0000
 ------------------------------------------------------------------------------


 NSTEP =    17500   TIME(PS) =      28.750  TEMP(K) =   299.57  PRESS =     0.0
 Etot   =    -52166.3110  EKtot   =     20610.2383  EPtot      =    -72776.5493
 BOND   =     12880.0488  ANGLE   =      1013.1579  DIHED      =      1336.0815
 1-4 NB =       451.9671  1-4 EEL =      4599.4271  VDWAALS    =     12825.5937
 EELEC  =   -105882.8253  EHBOND  =         0.0000  RESTRAINT  =         0.0000
 ------------------------------------------------------------------------------

check COM velocity, temp:        0.000002     0.00(Removed)

 NSTEP =    18000   TIME(PS) =      29.000  TEMP(K) =   301.96  PRESS =     0.0
 Etot   =    -52168.5913  EKtot   =     20774.6914  EPtot      =    -72943.2827
 BOND   =     12790.5275  ANGLE   =       996.4415  DIHED      =      1315.9933
 1-4 NB =       461.2868  1-4 EEL =      4607.6583  VDWAALS    =     12799.0650
 EELEC  =   -105914.2552  EHBOND  =         0.0000  RESTRAINT  =         0.0000
 ------------------------------------------------------------------------------


 NSTEP =    18500   TIME(PS) =      29.250  TEMP(K) =   300.47  PRESS =     0.0
 Etot   =    -52167.4794  EKtot   =     20672.1387  EPtot      =    -72839.6180
 BOND   =     12965.0971  ANGLE   =       987.3130  DIHED      =      1341.2633
 1-4 NB =       447.9702  1-4 EEL =      4644.8747  VDWAALS    =     12939.1540
 EELEC  =   -106165.2904  EHBOND  =         0.0000  RESTRAINT  =         0.0000
 ------------------------------------------------------------------------------

check COM velocity, temp:        0.000004     0.00(Removed)

 NSTEP =    19000   TIME(PS) =      29.500  TEMP(K) =   298.68  PRESS =     0.0
 Etot   =    -52168.9107  EKtot   =     20549.3457  EPtot      =    -72718.2564
 BOND   =     12948.9460  ANGLE   =       999.0677  DIHED      =      1328.5586
 1-4 NB =       444.7523  1-4 EEL =      4644.8382  VDWAALS    =     12605.9706
 EELEC  =   -105690.3899  EHBOND  =         0.0000  RESTRAINT  =         0.0000
 ------------------------------------------------------------------------------


 NSTEP =    19500   TIME(PS) =      29.750  TEMP(K) =   300.12  PRESS =     0.0
 Etot   =    -52162.1732  EKtot   =     20647.8613  EPtot      =    -72810.0345
 BOND   =     12979.4282  ANGLE   =      1006.9474  DIHED      =      1303.2114
 1-4 NB =       430.6468  1-4 EEL =      4663.4222  VDWAALS    =     12882.6042
 EELEC  =   -106076.2946  EHBOND  =         0.0000  RESTRAINT  =         0.0000
 ------------------------------------------------------------------------------

check COM velocity, temp:        0.000006     0.00(Removed)

 NSTEP =    20000   TIME(PS) =      30.000  TEMP(K) =   296.52  PRESS =     0.0
 Etot   =    -52162.3329  EKtot   =     20400.3477  EPtot      =    -72562.6806
 BOND   =     13048.6297  ANGLE   =      1037.9090  DIHED      =      1347.0635
 1-4 NB =       442.4599  1-4 EEL =      4636.7834  VDWAALS    =     13243.3115
 EELEC  =   -106318.8376  EHBOND  =         0.0000  RESTRAINT  =         0.0000
 ------------------------------------------------------------------------------


      A V E R A G E S   O V E R      40 S T E P S


 NSTEP =    20000   TIME(PS) =      30.000  TEMP(K) =   299.69  PRESS =     0.0
 Etot   =    -52166.3208  EKtot   =     20618.7233  EPtot      =    -72785.0441
 BOND   =     12820.0934  ANGLE   =      1019.1816  DIHED      =      1325.6442
 1-4 NB =       445.5701  1-4 EEL =      4635.6828  VDWAALS    =     12872.1843
 EELEC  =   -105903.4005  EHBOND  =         0.0000  RESTRAINT  =         0.0000
 ------------------------------------------------------------------------------


      R M S  F L U C T U A T I O N S


 NSTEP =    20000   TIME(PS) =      30.000  TEMP(K) =     1.64  PRESS =     0.0
 Etot   =         2.3497  EKtot   =       112.6926  EPtot      =       114.1434
 BOND   =        97.2798  ANGLE   =        20.5066  DIHED      =        15.4506
 1-4 NB =         7.5452  1-4 EEL =        25.1488  VDWAALS    =       126.9718
 EELEC  =       187.0864  EHBOND  =         0.0000  RESTRAINT  =         0.0000
|E(PBS) =         0.7572
 ------------------------------------------------------------------------------

--------------------------------------------------------------------------------
   5.  TIMINGS
--------------------------------------------------------------------------------

|  NonSetup CPU Time in Major Routines:
|
|     Routine           Sec        %
|     ------------------------------
|     Nonbond           4.28   10.85
|     Bond              0.00    0.00
|     Angle             0.00    0.00
|     Dihedral          0.00    0.00
|     Shake             0.00    0.00
|     RunMD            35.09   89.08
|     Other             0.03    0.07
|     ------------------------------
|     Total            39.40

|  PME Nonbond Pairlist CPU Time:
|
|     Routine              Sec        %
|     ---------------------------------
|     Set Up Cit           0.00    0.00
|     Build List           0.00    0.00
|     ---------------------------------
|     Total                0.00    0.00

|  PME Direct Force CPU Time:
|
|     Routine              Sec        %
|     ---------------------------------
|     NonBonded Calc       0.00    0.00
|     Exclude Masked       0.00    0.00
|     Other                0.00    0.01
|     ---------------------------------
|     Total                0.00    0.01

|  PME Reciprocal Force CPU Time:
|
|     Routine              Sec        %
|     ---------------------------------
|     1D bspline           0.00    0.00
|     Grid Charges         0.00    0.00
|     Scalar Sum           0.00    0.00
|     Gradient Sum         0.00    0.00
|     FFT                  0.00    0.00
|     ---------------------------------
|     Total                0.00    0.00

|  Final Performance Info:
|     -----------------------------------------------------
|     Average timings for last   19500 steps:
|     Elapsed(s) =      42.22 Per Step(ms) =       2.17
|         ns/day =      19.95   seconds/ns =    4330.50
|
|     Average timings for all steps:
|     Elapsed(s) =      43.13 Per Step(ms) =       2.16
|         ns/day =      20.03   seconds/ns =    4312.55
|     -----------------------------------------------------

|  Setup CPU time:            2.75 seconds
|  NonSetup CPU time:        39.40 seconds
|  Total CPU time:           42.15 seconds     0.01 hours

|  Setup wall time:           3    seconds
|  NonSetup wall time:       43    seconds
|  Total wall time:          46    seconds     0.01 hours
