
          -------------------------------------------------------
          Amber 16 PMEMD                              2016
          -------------------------------------------------------

| PMEMD implementation of SANDER, Release 16

| Run on 08/24/2017 at 14:36:56

|   Executable path: /apps/amber16/bin/pmemd.cuda
| Working directory: /scratch/pbarletta/pdz/run/lb/neq/data/3
|          Hostname: mordor

  [-O]verwriting output

File Assignments:
|   MDIN: pdt.in                                                                
|  MDOUT: 130plb_3.out                                                          
| INPCRD: ../2/130plb_2.rst7                                                    
|   PARM: /scratch/pbarletta/pdz/top_files/lb.prmtop                            
| RESTRT: 130plb_3.rst7                                                         
|   REFC: refc                                                                  
|  MDVEL: mdvel                                                                 
|   MDEN: mden                                                                  
|  MDCRD: 130plb_3.nc                                                           
| MDINFO: mdinfo                                                                
|  MDFRC: mdfrc                                                                 


 Here is the input file:

!NVE run                                                                       
&cntrl                                                                         
imin = 0,                           ! No Minimization                          
nmropt = 0,                         ! No NMR restraints read                   
                                                                               
! Nature and format of the input                                               
ntx = 5,                            ! Coordinates and velocities will be read  
irest = 1,                          ! Do not run a new simulation              
                                                                               
! Nature and format of the output                                              
ioutfm = 1,			    ! NetCDF format for output files                             
ntxo = 1,                           ! rstrt file in ASCII format               
ntpr = 500,                         ! inf in output every ntpr steps           
ntwr = 500,                         ! rstrt file every ntwr steps              
ntwx = 20,                          ! mdcrd file every ntwx steps              
ntwv = -1,                          ! mdvel without velocities                 
ntwe = 0,                           ! Energies and temperatures not written in 
idecomp = 0,                        ! No energy decomposition                  
iwrap = 1,                          ! Coordinates of the restart and mdcrd file
                                                                               
! Frozen or restrained atoms                                                   
ibelly = 0,                         ! No frozen atoms                          
ntr=0,                              ! Harmonic potential restraints            
                                                                               
! Molecular dynamics                                                           
nstlim = 20000,                     ! Number of MD-steps                       
dt = 0.0005,                        ! Time step                                
                                                                               
! Temperature regulation                                                       
ntt = 0,                            ! Constant total energy                    
                                                                               
! P and V regulation                                                           
ntp = 0,                            ! No P control                             
ntb = 1,                            ! constant V                               
                                                                               
! SHAKE variables                                                              
ntc = 1,                            ! Bonds involving H are constrained        
ntf = 1,                            ! Bond interaction involving H are ommited.
                                                                               
cut = 9.0,                          ! Nonbonded cutoff                         
/                                                                              
&end                                                                           


Note: ig = -1. Setting random seed to   182526 based on wallclock time in 
      microseconds.
| irandom = 1, using AMBER's internal random number generator (default).
 
|--------------------- INFORMATION ----------------------
| GPU (CUDA) Version of PMEMD in use: NVIDIA GPU IN USE.
|                    Version 16.0.0
| 
|                      02/25/2016
| 
| Implementation by:
|                    Ross C. Walker     (SDSC)
|                    Scott Le Grand     (nVIDIA)
| 
| Precision model in use:
|      [SPFP] - Single Precision Forces, 64-bit Fixed Point
|               Accumulation. (Default)
| 
|--------------------------------------------------------
 
|----------------- CITATION INFORMATION -----------------
|
|    When publishing work that utilized the CUDA version
|    of AMBER, please cite the following in addition to
|    the regular AMBER citations:
|
|  - Romelia Salomon-Ferrer; Andreas W. Goetz; Duncan
|    Poole; Scott Le Grand; Ross C. Walker "Routine
|    microsecond molecular dynamics simulations with
|    AMBER - Part II: Particle Mesh Ewald", J. Chem.
|    Theory Comput., 2013, 9 (9), pp3878-3888,
|    DOI: 10.1021/ct400314y.
|
|  - Andreas W. Goetz; Mark J. Williamson; Dong Xu;
|    Duncan Poole; Scott Le Grand; Ross C. Walker
|    "Routine microsecond molecular dynamics simulations
|    with AMBER - Part I: Generalized Born", J. Chem.
|    Theory Comput., 2012, 8 (5), pp1542-1555.
|
|  - Scott Le Grand; Andreas W. Goetz; Ross C. Walker
|    "SPFP: Speed without compromise - a mixed precision
|    model for GPU accelerated molecular dynamics
|    simulations.", Comp. Phys. Comm., 2013, 184
|    pp374-380, DOI: 10.1016/j.cpc.2012.09.022
|
|--------------------------------------------------------
 
|------------------- GPU DEVICE INFO --------------------
|
|            CUDA_VISIBLE_DEVICES: 0
|   CUDA Capable Devices Detected:      1
|           CUDA Device ID in use:      0
|                CUDA Device Name: GeForce GTX TITAN
|     CUDA Device Global Mem Size:   6082 MB
| CUDA Device Num Multiprocessors:     14
|           CUDA Device Core Freq:   0.93 GHz
|
|--------------------------------------------------------
 
 
| Conditional Compilation Defines Used:
| PUBFFT
| BINTRAJ
| CUDA
| EMIL

| Largest sphere to fit in unit cell has radius =    26.281

| New format PARM file being parsed.
| Version =    1.000 Date = 09/04/12 Time = 16:08:43

| Note: 1-4 EEL scale factors are being read from the topology file.

| Note: 1-4 VDW scale factors are being read from the topology file.
| Duplicated    0 dihedrals

| Duplicated    0 dihedrals

--------------------------------------------------------------------------------
   1.  RESOURCE   USE: 
--------------------------------------------------------------------------------

 getting new box info from bottom of inpcrd
 NATOM  =   23082 NTYPES =      16 NBONH =   22055 MBONA  =    1038
 NTHETH =    2390 MTHETA =    1396 NPHIH =    4631 MPHIA  =    3488
 NHPARM =       0 NPARM  =       0 NNB   =   39434 NRES   =    7134
 NBONA  =    1038 NTHETA =    1396 NPHIA =    3488 NUMBND =      41
 NUMANG =      86 NPTRA  =      41 NATYP =      28 NPHB   =       1
 IFBOX  =       1 NMXRS  =      24 IFCAP =       0 NEXTRA =       0
 NCOPY  =       0

| Coordinate Index Table dimensions:    12   14   10
| Direct force subcell size =     5.0212    5.2012    5.2562

     BOX TYPE: RECTILINEAR

--------------------------------------------------------------------------------
   2.  CONTROL  DATA  FOR  THE  RUN
--------------------------------------------------------------------------------

default_name                                                                    

General flags:
     imin    =       0, nmropt  =       0

Nature and format of input:
     ntx     =       5, irest   =       1, ntrx    =       1

Nature and format of output:
     ntxo    =       1, ntpr    =     500, ntrx    =       1, ntwr    =     500
     iwrap   =       1, ntwx    =      20, ntwv    =      -1, ntwe    =       0
     ioutfm  =       1, ntwprt  =       0, idecomp =       0, rbornstat=      0

Potential function:
     ntf     =       1, ntb     =       1, igb     =       0, nsnb    =      25
     ipol    =       0, gbsa    =       0, iesp    =       0
     dielc   =   1.00000, cut     =   9.00000, intdiel =   1.00000

Frozen or restrained atoms:
     ibelly  =       0, ntr     =       0

Molecular dynamics:
     nstlim  =     20000, nscm    =      1000, nrespa  =         1
     t       =   0.00000, dt      =   0.00050, vlimit  =  -1.00000

| Intermolecular bonds treatment:
|     no_intermolecular_bonds =       1

| Energy averages sample interval:
|     ene_avg_sampling =     500

Ewald parameters:
     verbose =       0, ew_type =       0, nbflag  =       1, use_pme =       1
     vdwmeth =       1, eedmeth =       1, netfrc  =       1
     Box X =   60.254   Box Y =   72.816   Box Z =   52.562
     Alpha =   90.000   Beta  =   90.000   Gamma =   90.000
     NFFT1 =   64       NFFT2 =   80       NFFT3 =   56
     Cutoff=    9.000   Tol   =0.100E-04
     Ewald Coefficient =  0.30768
     Interpolation order =    4

--------------------------------------------------------------------------------
   3.  ATOMIC COORDINATES AND VELOCITIES
--------------------------------------------------------------------------------

default_name                                                                    
 begin time read from input coords =    20.000 ps

 
 Number of triangulated 3-point waters found:     7002

     Sum of charges from parm topology file =  -0.00000008
     Forcing neutrality...

| Dynamic Memory, Types Used:
| Reals              710578
| Integers           737140

| Nonbonded Pairs Initial Allocation:     5262696

| GPU memory information (estimate):
| KB of GPU memory in use:     63171
| KB of CPU memory in use:     27891

--------------------------------------------------------------------------------
   4.  RESULTS
--------------------------------------------------------------------------------

 ---------------------------------------------------
 APPROXIMATING switch and d/dx switch using CUBIC SPLINE INTERPOLATION
 using   5000.0 points per unit in tabled values
 TESTING RELATIVE ERROR over r ranging from 0.0 to cutoff
| CHECK switch(x): max rel err =   0.2738E-14   at   2.422500
| CHECK d/dx switch(x): max rel err =   0.8314E-11   at   2.736960
 ---------------------------------------------------
|---------------------------------------------------
| APPROXIMATING direct energy using CUBIC SPLINE INTERPOLATION
|  with   50.0 points per unit in tabled values
| Relative Error Limit not exceeded for r .gt.   2.39
| APPROXIMATING direct force using CUBIC SPLINE INTERPOLATION
|  with   50.0 points per unit in tabled values
| Relative Error Limit not exceeded for r .gt.   2.84
|---------------------------------------------------

 NSTEP =      500   TIME(PS) =      20.250  TEMP(K) =   299.06  PRESS =     0.0
 Etot   =    -52070.1329  EKtot   =     20575.3574  EPtot      =    -72645.4903
 BOND   =     12860.5078  ANGLE   =       981.3126  DIHED      =      1342.6094
 1-4 NB =       443.9444  1-4 EEL =      4634.5430  VDWAALS    =     12948.7737
 EELEC  =   -105857.1812  EHBOND  =         0.0000  RESTRAINT  =         0.0000
 ------------------------------------------------------------------------------

check COM velocity, temp:        0.003580     0.01(Removed)

 NSTEP =     1000   TIME(PS) =      20.500  TEMP(K) =   301.30  PRESS =     0.0
 Etot   =    -52067.3044  EKtot   =     20729.2812  EPtot      =    -72796.5856
 BOND   =     12851.2371  ANGLE   =      1028.9410  DIHED      =      1331.4070
 1-4 NB =       453.2410  1-4 EEL =      4673.1595  VDWAALS    =     12951.7114
 EELEC  =   -106086.2827  EHBOND  =         0.0000  RESTRAINT  =         0.0000
 ------------------------------------------------------------------------------


 NSTEP =     1500   TIME(PS) =      20.750  TEMP(K) =   300.07  PRESS =     0.0
 Etot   =    -52068.8297  EKtot   =     20644.7441  EPtot      =    -72713.5738
 BOND   =     12762.4996  ANGLE   =      1053.1862  DIHED      =      1352.6498
 1-4 NB =       465.2011  1-4 EEL =      4668.6471  VDWAALS    =     12623.8177
 EELEC  =   -105639.5752  EHBOND  =         0.0000  RESTRAINT  =         0.0000
 ------------------------------------------------------------------------------

check COM velocity, temp:        0.000008     0.00(Removed)

 NSTEP =     2000   TIME(PS) =      21.000  TEMP(K) =   296.62  PRESS =     0.0
 Etot   =    -52066.0146  EKtot   =     20407.6348  EPtot      =    -72473.6494
 BOND   =     13020.5584  ANGLE   =      1058.6796  DIHED      =      1328.4137
 1-4 NB =       440.7343  1-4 EEL =      4670.6823  VDWAALS    =     13002.9605
 EELEC  =   -105995.6782  EHBOND  =         0.0000  RESTRAINT  =         0.0000
 ------------------------------------------------------------------------------


 NSTEP =     2500   TIME(PS) =      21.250  TEMP(K) =   299.35  PRESS =     0.0
 Etot   =    -52067.8626  EKtot   =     20595.4355  EPtot      =    -72663.2982
 BOND   =     12799.8530  ANGLE   =      1011.8629  DIHED      =      1301.3767
 1-4 NB =       443.7306  1-4 EEL =      4646.9199  VDWAALS    =     12767.0652
 EELEC  =   -105634.1064  EHBOND  =         0.0000  RESTRAINT  =         0.0000
 ------------------------------------------------------------------------------

check COM velocity, temp:        0.000008     0.00(Removed)

 NSTEP =     3000   TIME(PS) =      21.500  TEMP(K) =   300.51  PRESS =     0.0
 Etot   =    -52068.9624  EKtot   =     20675.1914  EPtot      =    -72744.1538
 BOND   =     12877.5112  ANGLE   =      1030.6156  DIHED      =      1316.8746
 1-4 NB =       455.8675  1-4 EEL =      4679.1429  VDWAALS    =     12888.0915
 EELEC  =   -105992.2570  EHBOND  =         0.0000  RESTRAINT  =         0.0000
 ------------------------------------------------------------------------------


 NSTEP =     3500   TIME(PS) =      21.750  TEMP(K) =   301.24  PRESS =     0.0
 Etot   =    -52069.4432  EKtot   =     20725.2637  EPtot      =    -72794.7068
 BOND   =     12777.8273  ANGLE   =      1063.8380  DIHED      =      1318.8053
 1-4 NB =       447.9761  1-4 EEL =      4669.9402  VDWAALS    =     12903.8417
 EELEC  =   -105976.9355  EHBOND  =         0.0000  RESTRAINT  =         0.0000
 ------------------------------------------------------------------------------

check COM velocity, temp:        0.000005     0.00(Removed)

 NSTEP =     4000   TIME(PS) =      22.000  TEMP(K) =   300.65  PRESS =     0.0
 Etot   =    -52069.1223  EKtot   =     20684.4453  EPtot      =    -72753.5676
 BOND   =     12877.8661  ANGLE   =      1062.7192  DIHED      =      1302.8503
 1-4 NB =       441.7834  1-4 EEL =      4629.5795  VDWAALS    =     12753.7875
 EELEC  =   -105822.1536  EHBOND  =         0.0000  RESTRAINT  =         0.0000
 ------------------------------------------------------------------------------


 NSTEP =     4500   TIME(PS) =      22.250  TEMP(K) =   300.89  PRESS =     0.0
 Etot   =    -52072.9887  EKtot   =     20701.0957  EPtot      =    -72774.0844
 BOND   =     12555.5408  ANGLE   =      1039.8879  DIHED      =      1305.0616
 1-4 NB =       447.9656  1-4 EEL =      4654.3122  VDWAALS    =     12532.0817
 EELEC  =   -105308.9342  EHBOND  =         0.0000  RESTRAINT  =         0.0000
 ------------------------------------------------------------------------------

check COM velocity, temp:        0.000002     0.00(Removed)

 NSTEP =     5000   TIME(PS) =      22.500  TEMP(K) =   300.91  PRESS =     0.0
 Etot   =    -52072.8318  EKtot   =     20702.4902  EPtot      =    -72775.3220
 BOND   =     12822.2288  ANGLE   =      1023.0296  DIHED      =      1324.5068
 1-4 NB =       433.8851  1-4 EEL =      4643.0982  VDWAALS    =     12902.1923
 EELEC  =   -105924.2629  EHBOND  =         0.0000  RESTRAINT  =         0.0000
 ------------------------------------------------------------------------------


 NSTEP =     5500   TIME(PS) =      22.750  TEMP(K) =   300.12  PRESS =     0.0
 Etot   =    -52067.9687  EKtot   =     20648.2598  EPtot      =    -72716.2285
 BOND   =     12783.7835  ANGLE   =      1053.5469  DIHED      =      1321.5471
 1-4 NB =       443.3759  1-4 EEL =      4661.7451  VDWAALS    =     12507.6907
 EELEC  =   -105487.9177  EHBOND  =         0.0000  RESTRAINT  =         0.0000
 ------------------------------------------------------------------------------

check COM velocity, temp:        0.000008     0.00(Removed)

 NSTEP =     6000   TIME(PS) =      23.000  TEMP(K) =   299.91  PRESS =     0.0
 Etot   =    -52072.9648  EKtot   =     20633.5059  EPtot      =    -72706.4707
 BOND   =     12674.6512  ANGLE   =      1095.2575  DIHED      =      1312.9064
 1-4 NB =       431.9677  1-4 EEL =      4625.5736  VDWAALS    =     12687.6411
 EELEC  =   -105534.4682  EHBOND  =         0.0000  RESTRAINT  =         0.0000
 ------------------------------------------------------------------------------


 NSTEP =     6500   TIME(PS) =      23.250  TEMP(K) =   302.34  PRESS =     0.0
 Etot   =    -52071.0208  EKtot   =     20801.0449  EPtot      =    -72872.0657
 BOND   =     12839.1930  ANGLE   =      1021.0852  DIHED      =      1309.6530
 1-4 NB =       437.5561  1-4 EEL =      4608.4694  VDWAALS    =     12876.6765
 EELEC  =   -105964.6989  EHBOND  =         0.0000  RESTRAINT  =         0.0000
 ------------------------------------------------------------------------------

check COM velocity, temp:        0.000001     0.00(Removed)

 NSTEP =     7000   TIME(PS) =      23.500  TEMP(K) =   298.57  PRESS =     0.0
 Etot   =    -52065.7951  EKtot   =     20541.7422  EPtot      =    -72607.5373
 BOND   =     13034.3569  ANGLE   =      1030.9669  DIHED      =      1329.8811
 1-4 NB =       456.9637  1-4 EEL =      4669.9514  VDWAALS    =     12932.2985
 EELEC  =   -106061.9558  EHBOND  =         0.0000  RESTRAINT  =         0.0000
 ------------------------------------------------------------------------------


 NSTEP =     7500   TIME(PS) =      23.750  TEMP(K) =   298.72  PRESS =     0.0
 Etot   =    -52071.0231  EKtot   =     20551.6426  EPtot      =    -72622.6657
 BOND   =     12714.0210  ANGLE   =      1042.1130  DIHED      =      1314.9928
 1-4 NB =       441.0907  1-4 EEL =      4670.3281  VDWAALS    =     13019.7834
 EELEC  =   -105824.9946  EHBOND  =         0.0000  RESTRAINT  =         0.0000
 ------------------------------------------------------------------------------

check COM velocity, temp:        0.000004     0.00(Removed)

 NSTEP =     8000   TIME(PS) =      24.000  TEMP(K) =   299.77  PRESS =     0.0
 Etot   =    -52072.1272  EKtot   =     20624.1699  EPtot      =    -72696.2971
 BOND   =     12811.8927  ANGLE   =      1007.8584  DIHED      =      1320.2480
 1-4 NB =       462.1229  1-4 EEL =      4649.4342  VDWAALS    =     12666.0450
 EELEC  =   -105613.8983  EHBOND  =         0.0000  RESTRAINT  =         0.0000
 ------------------------------------------------------------------------------


 NSTEP =     8500   TIME(PS) =      24.250  TEMP(K) =   299.64  PRESS =     0.0
 Etot   =    -52067.7099  EKtot   =     20614.8691  EPtot      =    -72682.5790
 BOND   =     12959.8921  ANGLE   =      1030.9360  DIHED      =      1356.6223
 1-4 NB =       438.6389  1-4 EEL =      4688.3550  VDWAALS    =     13122.3091
 EELEC  =   -106279.3323  EHBOND  =         0.0000  RESTRAINT  =         0.0000
 ------------------------------------------------------------------------------

check COM velocity, temp:        0.000006     0.00(Removed)

 NSTEP =     9000   TIME(PS) =      24.500  TEMP(K) =   298.63  PRESS =     0.0
 Etot   =    -52070.6034  EKtot   =     20545.5703  EPtot      =    -72616.1737
 BOND   =     12811.3195  ANGLE   =      1032.5770  DIHED      =      1328.1702
 1-4 NB =       449.7316  1-4 EEL =      4652.2472  VDWAALS    =     12902.3434
 EELEC  =   -105792.5625  EHBOND  =         0.0000  RESTRAINT  =         0.0000
 ------------------------------------------------------------------------------


 NSTEP =     9500   TIME(PS) =      24.750  TEMP(K) =   299.49  PRESS =     0.0
 Etot   =    -52068.0098  EKtot   =     20604.8184  EPtot      =    -72672.8282
 BOND   =     12924.3067  ANGLE   =       998.8669  DIHED      =      1308.5667
 1-4 NB =       451.5267  1-4 EEL =      4642.2496  VDWAALS    =     12675.1031
 EELEC  =   -105673.4479  EHBOND  =         0.0000  RESTRAINT  =         0.0000
 ------------------------------------------------------------------------------

check COM velocity, temp:        0.000008     0.00(Removed)

 NSTEP =    10000   TIME(PS) =      25.000  TEMP(K) =   300.38  PRESS =     0.0
 Etot   =    -52066.5615  EKtot   =     20666.0664  EPtot      =    -72732.6279
 BOND   =     12883.5988  ANGLE   =      1030.8026  DIHED      =      1322.0694
 1-4 NB =       435.5701  1-4 EEL =      4648.5351  VDWAALS    =     12703.8257
 EELEC  =   -105757.0296  EHBOND  =         0.0000  RESTRAINT  =         0.0000
 ------------------------------------------------------------------------------


 NSTEP =    10500   TIME(PS) =      25.250  TEMP(K) =   299.28  PRESS =     0.0
 Etot   =    -52072.1169  EKtot   =     20590.4844  EPtot      =    -72662.6013
 BOND   =     12754.0212  ANGLE   =      1029.7392  DIHED      =      1333.8829
 1-4 NB =       444.0485  1-4 EEL =      4645.8647  VDWAALS    =     12618.2148
 EELEC  =   -105488.3726  EHBOND  =         0.0000  RESTRAINT  =         0.0000
 ------------------------------------------------------------------------------

check COM velocity, temp:        0.000006     0.00(Removed)

 NSTEP =    11000   TIME(PS) =      25.500  TEMP(K) =   299.11  PRESS =     0.0
 Etot   =    -52070.7068  EKtot   =     20578.9004  EPtot      =    -72649.6072
 BOND   =     12756.3471  ANGLE   =      1035.2298  DIHED      =      1317.0642
 1-4 NB =       457.0456  1-4 EEL =      4654.0897  VDWAALS    =     12898.7808
 EELEC  =   -105768.1643  EHBOND  =         0.0000  RESTRAINT  =         0.0000
 ------------------------------------------------------------------------------


 NSTEP =    11500   TIME(PS) =      25.750  TEMP(K) =   298.73  PRESS =     0.0
 Etot   =    -52071.5981  EKtot   =     20552.7266  EPtot      =    -72624.3247
 BOND   =     12733.3581  ANGLE   =      1019.7715  DIHED      =      1301.4129
 1-4 NB =       460.1290  1-4 EEL =      4648.1737  VDWAALS    =     12686.9464
 EELEC  =   -105474.1163  EHBOND  =         0.0000  RESTRAINT  =         0.0000
 ------------------------------------------------------------------------------

check COM velocity, temp:        0.000009     0.00(Removed)

 NSTEP =    12000   TIME(PS) =      26.000  TEMP(K) =   300.72  PRESS =     0.0
 Etot   =    -52068.4930  EKtot   =     20689.7012  EPtot      =    -72758.1942
 BOND   =     12778.1553  ANGLE   =      1049.1588  DIHED      =      1315.6619
 1-4 NB =       456.9638  1-4 EEL =      4648.9721  VDWAALS    =     12649.0025
 EELEC  =   -105656.1086  EHBOND  =         0.0000  RESTRAINT  =         0.0000
 ------------------------------------------------------------------------------


 NSTEP =    12500   TIME(PS) =      26.250  TEMP(K) =   300.61  PRESS =     0.0
 Etot   =    -52068.4802  EKtot   =     20682.1367  EPtot      =    -72750.6170
 BOND   =     12862.9794  ANGLE   =      1049.7512  DIHED      =      1282.2559
 1-4 NB =       451.9983  1-4 EEL =      4653.8779  VDWAALS    =     12704.5098
 EELEC  =   -105755.9895  EHBOND  =         0.0000  RESTRAINT  =         0.0000
 ------------------------------------------------------------------------------

check COM velocity, temp:        0.000003     0.00(Removed)

 NSTEP =    13000   TIME(PS) =      26.500  TEMP(K) =   300.01  PRESS =     0.0
 Etot   =    -52071.4860  EKtot   =     20640.3633  EPtot      =    -72711.8492
 BOND   =     12776.0077  ANGLE   =      1087.7348  DIHED      =      1299.0405
 1-4 NB =       430.4660  1-4 EEL =      4621.9022  VDWAALS    =     12597.1870
 EELEC  =   -105524.1876  EHBOND  =         0.0000  RESTRAINT  =         0.0000
 ------------------------------------------------------------------------------


 NSTEP =    13500   TIME(PS) =      26.750  TEMP(K) =   297.41  PRESS =     0.0
 Etot   =    -52072.0381  EKtot   =     20461.3340  EPtot      =    -72533.3721
 BOND   =     12779.1538  ANGLE   =      1034.1528  DIHED      =      1342.8739
 1-4 NB =       440.3934  1-4 EEL =      4660.5052  VDWAALS    =     12538.5061
 EELEC  =   -105328.9574  EHBOND  =         0.0000  RESTRAINT  =         0.0000
 ------------------------------------------------------------------------------

check COM velocity, temp:        0.000004     0.00(Removed)

 NSTEP =    14000   TIME(PS) =      27.000  TEMP(K) =   299.26  PRESS =     0.0
 Etot   =    -52069.4375  EKtot   =     20589.2559  EPtot      =    -72658.6934
 BOND   =     12805.7490  ANGLE   =      1069.9258  DIHED      =      1325.0065
 1-4 NB =       419.6576  1-4 EEL =      4643.0452  VDWAALS    =     12653.2190
 EELEC  =   -105575.2965  EHBOND  =         0.0000  RESTRAINT  =         0.0000
 ------------------------------------------------------------------------------


 NSTEP =    14500   TIME(PS) =      27.250  TEMP(K) =   300.41  PRESS =     0.0
 Etot   =    -52067.5893  EKtot   =     20667.9336  EPtot      =    -72735.5229
 BOND   =     12919.0650  ANGLE   =      1039.8362  DIHED      =      1301.0634
 1-4 NB =       445.6773  1-4 EEL =      4646.9169  VDWAALS    =     12879.5626
 EELEC  =   -105967.6443  EHBOND  =         0.0000  RESTRAINT  =         0.0000
 ------------------------------------------------------------------------------

check COM velocity, temp:        0.000012     0.00(Removed)

 NSTEP =    15000   TIME(PS) =      27.500  TEMP(K) =   299.02  PRESS =     0.0
 Etot   =    -52067.1868  EKtot   =     20572.5293  EPtot      =    -72639.7161
 BOND   =     12804.9728  ANGLE   =      1071.1205  DIHED      =      1301.2872
 1-4 NB =       443.5553  1-4 EEL =      4671.6832  VDWAALS    =     12664.2176
 EELEC  =   -105596.5527  EHBOND  =         0.0000  RESTRAINT  =         0.0000
 ------------------------------------------------------------------------------


 NSTEP =    15500   TIME(PS) =      27.750  TEMP(K) =   300.20  PRESS =     0.0
 Etot   =    -52073.9924  EKtot   =     20653.9414  EPtot      =    -72727.9338
 BOND   =     12867.7087  ANGLE   =      1074.4090  DIHED      =      1312.2149
 1-4 NB =       434.6233  1-4 EEL =      4620.0065  VDWAALS    =     12729.2076
 EELEC  =   -105766.1039  EHBOND  =         0.0000  RESTRAINT  =         0.0000
 ------------------------------------------------------------------------------

check COM velocity, temp:        0.000004     0.00(Removed)

 NSTEP =    16000   TIME(PS) =      28.000  TEMP(K) =   299.61  PRESS =     0.0
 Etot   =    -52073.0755  EKtot   =     20612.9238  EPtot      =    -72685.9994
 BOND   =     12821.9415  ANGLE   =      1023.4777  DIHED      =      1320.6962
 1-4 NB =       445.8583  1-4 EEL =      4699.6214  VDWAALS    =     12803.6873
 EELEC  =   -105801.2819  EHBOND  =         0.0000  RESTRAINT  =         0.0000
 ------------------------------------------------------------------------------


 NSTEP =    16500   TIME(PS) =      28.250  TEMP(K) =   298.44  PRESS =     0.0
 Etot   =    -52067.6148  EKtot   =     20532.3594  EPtot      =    -72599.9742
 BOND   =     12696.2919  ANGLE   =      1048.8660  DIHED      =      1319.6927
 1-4 NB =       437.7596  1-4 EEL =      4651.3219  VDWAALS    =     12932.4746
 EELEC  =   -105686.3809  EHBOND  =         0.0000  RESTRAINT  =         0.0000
 ------------------------------------------------------------------------------

check COM velocity, temp:        0.000008     0.00(Removed)

 NSTEP =    17000   TIME(PS) =      28.500  TEMP(K) =   300.41  PRESS =     0.0
 Etot   =    -52068.5578  EKtot   =     20668.0957  EPtot      =    -72736.6535
 BOND   =     12773.5075  ANGLE   =      1038.0733  DIHED      =      1313.6309
 1-4 NB =       437.8506  1-4 EEL =      4646.1819  VDWAALS    =     12662.3224
 EELEC  =   -105608.2201  EHBOND  =         0.0000  RESTRAINT  =         0.0000
 ------------------------------------------------------------------------------


 NSTEP =    17500   TIME(PS) =      28.750  TEMP(K) =   299.31  PRESS =     0.0
 Etot   =    -52070.5037  EKtot   =     20592.4219  EPtot      =    -72662.9256
 BOND   =     12755.0064  ANGLE   =      1023.0662  DIHED      =      1322.5383
 1-4 NB =       435.2021  1-4 EEL =      4666.8608  VDWAALS    =     12852.9245
 EELEC  =   -105718.5239  EHBOND  =         0.0000  RESTRAINT  =         0.0000
 ------------------------------------------------------------------------------

check COM velocity, temp:        0.000003     0.00(Removed)

 NSTEP =    18000   TIME(PS) =      29.000  TEMP(K) =   298.32  PRESS =     0.0
 Etot   =    -52071.1655  EKtot   =     20523.9590  EPtot      =    -72595.1245
 BOND   =     12815.9396  ANGLE   =      1067.5957  DIHED      =      1304.5539
 1-4 NB =       440.4963  1-4 EEL =      4626.4010  VDWAALS    =     12851.3443
 EELEC  =   -105701.4554  EHBOND  =         0.0000  RESTRAINT  =         0.0000
 ------------------------------------------------------------------------------


 NSTEP =    18500   TIME(PS) =      29.250  TEMP(K) =   299.52  PRESS =     0.0
 Etot   =    -52068.4289  EKtot   =     20606.8770  EPtot      =    -72675.3059
 BOND   =     12901.3955  ANGLE   =      1036.3883  DIHED      =      1321.9112
 1-4 NB =       449.1734  1-4 EEL =      4658.3661  VDWAALS    =     12915.5275
 EELEC  =   -105958.0678  EHBOND  =         0.0000  RESTRAINT  =         0.0000
 ------------------------------------------------------------------------------

check COM velocity, temp:        0.000004     0.00(Removed)

 NSTEP =    19000   TIME(PS) =      29.500  TEMP(K) =   298.23  PRESS =     0.0
 Etot   =    -52068.7909  EKtot   =     20518.2598  EPtot      =    -72587.0506
 BOND   =     12839.6085  ANGLE   =      1026.4156  DIHED      =      1320.4349
 1-4 NB =       445.8991  1-4 EEL =      4625.8342  VDWAALS    =     12695.6401
 EELEC  =   -105540.8830  EHBOND  =         0.0000  RESTRAINT  =         0.0000
 ------------------------------------------------------------------------------


 NSTEP =    19500   TIME(PS) =      29.750  TEMP(K) =   299.89  PRESS =     0.0
 Etot   =    -52074.1442  EKtot   =     20632.2090  EPtot      =    -72706.3532
 BOND   =     12971.6779  ANGLE   =      1059.8408  DIHED      =      1328.5845
 1-4 NB =       438.0004  1-4 EEL =      4620.4297  VDWAALS    =     12908.9283
 EELEC  =   -106033.8147  EHBOND  =         0.0000  RESTRAINT  =         0.0000
 ------------------------------------------------------------------------------

check COM velocity, temp:        0.000007     0.00(Removed)

 NSTEP =    20000   TIME(PS) =      30.000  TEMP(K) =   299.13  PRESS =     0.0
 Etot   =    -52070.3316  EKtot   =     20579.8711  EPtot      =    -72650.2027
 BOND   =     12736.1994  ANGLE   =      1010.3442  DIHED      =      1338.3271
 1-4 NB =       437.3210  1-4 EEL =      4636.5334  VDWAALS    =     12643.3045
 EELEC  =   -105452.2323  EHBOND  =         0.0000  RESTRAINT  =         0.0000
 ------------------------------------------------------------------------------


      A V E R A G E S   O V E R      40 S T E P S


 NSTEP =    20000   TIME(PS) =      30.000  TEMP(K) =   299.65  PRESS =     0.0
 Etot   =    -52069.8254  EKtot   =     20615.4728  EPtot      =    -72685.2982
 BOND   =     12819.7933  ANGLE   =      1039.8245  DIHED      =      1319.2837
 1-4 NB =       444.3748  1-4 EEL =      4650.8375  VDWAALS    =     12781.3387
 EELEC  =   -105740.7507  EHBOND  =         0.0000  RESTRAINT  =         0.0000
 ------------------------------------------------------------------------------


      R M S  F L U C T U A T I O N S


 NSTEP =    20000   TIME(PS) =      30.000  TEMP(K) =     1.09  PRESS =     0.0
 Etot   =         2.2029  EKtot   =        74.8226  EPtot      =        75.1109
 BOND   =        91.3690  ANGLE   =        23.4090  DIHED      =        14.9378
 1-4 NB =         9.3854  1-4 EEL =        19.6736  VDWAALS    =       148.7697
 EELEC  =       217.2626  EHBOND  =         0.0000  RESTRAINT  =         0.0000
|E(PBS) =         0.7159
 ------------------------------------------------------------------------------

--------------------------------------------------------------------------------
   5.  TIMINGS
--------------------------------------------------------------------------------

|  NonSetup CPU Time in Major Routines:
|
|     Routine           Sec        %
|     ------------------------------
|     Nonbond           4.06   10.45
|     Bond              0.00    0.00
|     Angle             0.00    0.00
|     Dihedral          0.00    0.00
|     Shake             0.00    0.00
|     RunMD            34.80   89.50
|     Other             0.02    0.05
|     ------------------------------
|     Total            38.89

|  PME Nonbond Pairlist CPU Time:
|
|     Routine              Sec        %
|     ---------------------------------
|     Set Up Cit           0.00    0.00
|     Build List           0.00    0.00
|     ---------------------------------
|     Total                0.00    0.00

|  PME Direct Force CPU Time:
|
|     Routine              Sec        %
|     ---------------------------------
|     NonBonded Calc       0.00    0.00
|     Exclude Masked       0.00    0.00
|     Other                0.01    0.02
|     ---------------------------------
|     Total                0.01    0.02

|  PME Reciprocal Force CPU Time:
|
|     Routine              Sec        %
|     ---------------------------------
|     1D bspline           0.00    0.00
|     Grid Charges         0.00    0.00
|     Scalar Sum           0.00    0.00
|     Gradient Sum         0.00    0.00
|     FFT                  0.00    0.00
|     ---------------------------------
|     Total                0.00    0.00

|  Final Performance Info:
|     -----------------------------------------------------
|     Average timings for last   19500 steps:
|     Elapsed(s) =      40.37 Per Step(ms) =       2.07
|         ns/day =      20.87   seconds/ns =    4140.46
|
|     Average timings for all steps:
|     Elapsed(s) =      41.28 Per Step(ms) =       2.06
|         ns/day =      20.93   seconds/ns =    4128.07
|     -----------------------------------------------------

|  Setup CPU time:            2.78 seconds
|  NonSetup CPU time:        38.89 seconds
|  Total CPU time:           41.67 seconds     0.01 hours

|  Setup wall time:           3    seconds
|  NonSetup wall time:       41    seconds
|  Total wall time:          44    seconds     0.01 hours
