
          -------------------------------------------------------
          Amber 16 PMEMD                              2016
          -------------------------------------------------------

| PMEMD implementation of SANDER, Release 16

| Run on 08/24/2017 at 13:09:40

|   Executable path: /apps/amber16/bin/pmemd.cuda
| Working directory: /scratch/pbarletta/pdz/run/lb/neq/data/3
|          Hostname: mordor

  [-O]verwriting output

File Assignments:
|   MDIN: pdt.in                                                                
|  MDOUT: 16plb_3.out                                                           
| INPCRD: ../2/16plb_2.rst7                                                     
|   PARM: /scratch/pbarletta/pdz/top_files/lb.prmtop                            
| RESTRT: 16plb_3.rst7                                                          
|   REFC: refc                                                                  
|  MDVEL: mdvel                                                                 
|   MDEN: mden                                                                  
|  MDCRD: 16plb_3.nc                                                            
| MDINFO: mdinfo                                                                
|  MDFRC: mdfrc                                                                 


 Here is the input file:

!NVE run                                                                       
&cntrl                                                                         
imin = 0,                           ! No Minimization                          
nmropt = 0,                         ! No NMR restraints read                   
                                                                               
! Nature and format of the input                                               
ntx = 5,                            ! Coordinates and velocities will be read  
irest = 1,                          ! Do not run a new simulation              
                                                                               
! Nature and format of the output                                              
ioutfm = 1,			    ! NetCDF format for output files                             
ntxo = 1,                           ! rstrt file in ASCII format               
ntpr = 500,                         ! inf in output every ntpr steps           
ntwr = 500,                         ! rstrt file every ntwr steps              
ntwx = 20,                          ! mdcrd file every ntwx steps              
ntwv = -1,                          ! mdvel without velocities                 
ntwe = 0,                           ! Energies and temperatures not written in 
idecomp = 0,                        ! No energy decomposition                  
iwrap = 1,                          ! Coordinates of the restart and mdcrd file
                                                                               
! Frozen or restrained atoms                                                   
ibelly = 0,                         ! No frozen atoms                          
ntr=0,                              ! Harmonic potential restraints            
                                                                               
! Molecular dynamics                                                           
nstlim = 20000,                     ! Number of MD-steps                       
dt = 0.0005,                        ! Time step                                
                                                                               
! Temperature regulation                                                       
ntt = 0,                            ! Constant total energy                    
                                                                               
! P and V regulation                                                           
ntp = 0,                            ! No P control                             
ntb = 1,                            ! constant V                               
                                                                               
! SHAKE variables                                                              
ntc = 1,                            ! Bonds involving H are constrained        
ntf = 1,                            ! Bond interaction involving H are ommited.
                                                                               
cut = 9.0,                          ! Nonbonded cutoff                         
/                                                                              
&end                                                                           


Note: ig = -1. Setting random seed to   308922 based on wallclock time in 
      microseconds.
| irandom = 1, using AMBER's internal random number generator (default).
 
|--------------------- INFORMATION ----------------------
| GPU (CUDA) Version of PMEMD in use: NVIDIA GPU IN USE.
|                    Version 16.0.0
| 
|                      02/25/2016
| 
| Implementation by:
|                    Ross C. Walker     (SDSC)
|                    Scott Le Grand     (nVIDIA)
| 
| Precision model in use:
|      [SPFP] - Single Precision Forces, 64-bit Fixed Point
|               Accumulation. (Default)
| 
|--------------------------------------------------------
 
|----------------- CITATION INFORMATION -----------------
|
|    When publishing work that utilized the CUDA version
|    of AMBER, please cite the following in addition to
|    the regular AMBER citations:
|
|  - Romelia Salomon-Ferrer; Andreas W. Goetz; Duncan
|    Poole; Scott Le Grand; Ross C. Walker "Routine
|    microsecond molecular dynamics simulations with
|    AMBER - Part II: Particle Mesh Ewald", J. Chem.
|    Theory Comput., 2013, 9 (9), pp3878-3888,
|    DOI: 10.1021/ct400314y.
|
|  - Andreas W. Goetz; Mark J. Williamson; Dong Xu;
|    Duncan Poole; Scott Le Grand; Ross C. Walker
|    "Routine microsecond molecular dynamics simulations
|    with AMBER - Part I: Generalized Born", J. Chem.
|    Theory Comput., 2012, 8 (5), pp1542-1555.
|
|  - Scott Le Grand; Andreas W. Goetz; Ross C. Walker
|    "SPFP: Speed without compromise - a mixed precision
|    model for GPU accelerated molecular dynamics
|    simulations.", Comp. Phys. Comm., 2013, 184
|    pp374-380, DOI: 10.1016/j.cpc.2012.09.022
|
|--------------------------------------------------------
 
|------------------- GPU DEVICE INFO --------------------
|
|            CUDA_VISIBLE_DEVICES: 0
|   CUDA Capable Devices Detected:      1
|           CUDA Device ID in use:      0
|                CUDA Device Name: GeForce GTX TITAN
|     CUDA Device Global Mem Size:   6082 MB
| CUDA Device Num Multiprocessors:     14
|           CUDA Device Core Freq:   0.93 GHz
|
|--------------------------------------------------------
 
 
| Conditional Compilation Defines Used:
| PUBFFT
| BINTRAJ
| CUDA
| EMIL

| Largest sphere to fit in unit cell has radius =    26.281

| New format PARM file being parsed.
| Version =    1.000 Date = 09/04/12 Time = 16:08:43

| Note: 1-4 EEL scale factors are being read from the topology file.

| Note: 1-4 VDW scale factors are being read from the topology file.
| Duplicated    0 dihedrals

| Duplicated    0 dihedrals

--------------------------------------------------------------------------------
   1.  RESOURCE   USE: 
--------------------------------------------------------------------------------

 getting new box info from bottom of inpcrd
 NATOM  =   23082 NTYPES =      16 NBONH =   22055 MBONA  =    1038
 NTHETH =    2390 MTHETA =    1396 NPHIH =    4631 MPHIA  =    3488
 NHPARM =       0 NPARM  =       0 NNB   =   39434 NRES   =    7134
 NBONA  =    1038 NTHETA =    1396 NPHIA =    3488 NUMBND =      41
 NUMANG =      86 NPTRA  =      41 NATYP =      28 NPHB   =       1
 IFBOX  =       1 NMXRS  =      24 IFCAP =       0 NEXTRA =       0
 NCOPY  =       0

| Coordinate Index Table dimensions:    12   14   10
| Direct force subcell size =     5.0212    5.2012    5.2562

     BOX TYPE: RECTILINEAR

--------------------------------------------------------------------------------
   2.  CONTROL  DATA  FOR  THE  RUN
--------------------------------------------------------------------------------

default_name                                                                    

General flags:
     imin    =       0, nmropt  =       0

Nature and format of input:
     ntx     =       5, irest   =       1, ntrx    =       1

Nature and format of output:
     ntxo    =       1, ntpr    =     500, ntrx    =       1, ntwr    =     500
     iwrap   =       1, ntwx    =      20, ntwv    =      -1, ntwe    =       0
     ioutfm  =       1, ntwprt  =       0, idecomp =       0, rbornstat=      0

Potential function:
     ntf     =       1, ntb     =       1, igb     =       0, nsnb    =      25
     ipol    =       0, gbsa    =       0, iesp    =       0
     dielc   =   1.00000, cut     =   9.00000, intdiel =   1.00000

Frozen or restrained atoms:
     ibelly  =       0, ntr     =       0

Molecular dynamics:
     nstlim  =     20000, nscm    =      1000, nrespa  =         1
     t       =   0.00000, dt      =   0.00050, vlimit  =  -1.00000

| Intermolecular bonds treatment:
|     no_intermolecular_bonds =       1

| Energy averages sample interval:
|     ene_avg_sampling =     500

Ewald parameters:
     verbose =       0, ew_type =       0, nbflag  =       1, use_pme =       1
     vdwmeth =       1, eedmeth =       1, netfrc  =       1
     Box X =   60.254   Box Y =   72.816   Box Z =   52.562
     Alpha =   90.000   Beta  =   90.000   Gamma =   90.000
     NFFT1 =   64       NFFT2 =   80       NFFT3 =   56
     Cutoff=    9.000   Tol   =0.100E-04
     Ewald Coefficient =  0.30768
     Interpolation order =    4

--------------------------------------------------------------------------------
   3.  ATOMIC COORDINATES AND VELOCITIES
--------------------------------------------------------------------------------

default_name                                                                    
 begin time read from input coords =    20.000 ps

 
 Number of triangulated 3-point waters found:     7002

     Sum of charges from parm topology file =  -0.00000008
     Forcing neutrality...

| Dynamic Memory, Types Used:
| Reals              710578
| Integers           737140

| Nonbonded Pairs Initial Allocation:     5262696

| GPU memory information (estimate):
| KB of GPU memory in use:     63171
| KB of CPU memory in use:     27891

--------------------------------------------------------------------------------
   4.  RESULTS
--------------------------------------------------------------------------------

 ---------------------------------------------------
 APPROXIMATING switch and d/dx switch using CUBIC SPLINE INTERPOLATION
 using   5000.0 points per unit in tabled values
 TESTING RELATIVE ERROR over r ranging from 0.0 to cutoff
| CHECK switch(x): max rel err =   0.2738E-14   at   2.422500
| CHECK d/dx switch(x): max rel err =   0.8314E-11   at   2.736960
 ---------------------------------------------------
|---------------------------------------------------
| APPROXIMATING direct energy using CUBIC SPLINE INTERPOLATION
|  with   50.0 points per unit in tabled values
| Relative Error Limit not exceeded for r .gt.   2.39
| APPROXIMATING direct force using CUBIC SPLINE INTERPOLATION
|  with   50.0 points per unit in tabled values
| Relative Error Limit not exceeded for r .gt.   2.84
|---------------------------------------------------

 NSTEP =      500   TIME(PS) =      20.250  TEMP(K) =   300.11  PRESS =     0.0
 Etot   =    -52165.2712  EKtot   =     20647.3965  EPtot      =    -72812.6677
 BOND   =     12790.7085  ANGLE   =      1070.8446  DIHED      =      1323.8952
 1-4 NB =       440.3048  1-4 EEL =      4590.2329  VDWAALS    =     12816.3162
 EELEC  =   -105844.9699  EHBOND  =         0.0000  RESTRAINT  =         0.0000
 ------------------------------------------------------------------------------

check COM velocity, temp:        0.002602     0.01(Removed)

 NSTEP =     1000   TIME(PS) =      20.500  TEMP(K) =   299.43  PRESS =     0.0
 Etot   =    -52163.9751  EKtot   =     20600.3555  EPtot      =    -72764.3306
 BOND   =     12678.0354  ANGLE   =      1062.9462  DIHED      =      1328.6162
 1-4 NB =       441.4079  1-4 EEL =      4639.3909  VDWAALS    =     12870.7012
 EELEC  =   -105785.4283  EHBOND  =         0.0000  RESTRAINT  =         0.0000
 ------------------------------------------------------------------------------


 NSTEP =     1500   TIME(PS) =      20.750  TEMP(K) =   298.36  PRESS =     0.0
 Etot   =    -52163.5745  EKtot   =     20527.0410  EPtot      =    -72690.6155
 BOND   =     12599.1009  ANGLE   =      1061.7723  DIHED      =      1321.2789
 1-4 NB =       423.9778  1-4 EEL =      4616.9970  VDWAALS    =     12796.4310
 EELEC  =   -105510.1734  EHBOND  =         0.0000  RESTRAINT  =         0.0000
 ------------------------------------------------------------------------------

check COM velocity, temp:        0.000006     0.00(Removed)

 NSTEP =     2000   TIME(PS) =      21.000  TEMP(K) =   301.07  PRESS =     0.0
 Etot   =    -52163.8322  EKtot   =     20713.7871  EPtot      =    -72877.6193
 BOND   =     12806.1661  ANGLE   =      1030.6190  DIHED      =      1338.2153
 1-4 NB =       435.8093  1-4 EEL =      4582.2094  VDWAALS    =     12924.8992
 EELEC  =   -105995.5376  EHBOND  =         0.0000  RESTRAINT  =         0.0000
 ------------------------------------------------------------------------------


 NSTEP =     2500   TIME(PS) =      21.250  TEMP(K) =   297.32  PRESS =     0.0
 Etot   =    -52162.2729  EKtot   =     20455.4570  EPtot      =    -72617.7300
 BOND   =     12850.2960  ANGLE   =      1072.2469  DIHED      =      1314.8263
 1-4 NB =       452.0157  1-4 EEL =      4655.9859  VDWAALS    =     12870.4868
 EELEC  =   -105833.5875  EHBOND  =         0.0000  RESTRAINT  =         0.0000
 ------------------------------------------------------------------------------

check COM velocity, temp:        0.000005     0.00(Removed)

 NSTEP =     3000   TIME(PS) =      21.500  TEMP(K) =   302.01  PRESS =     0.0
 Etot   =    -52163.8165  EKtot   =     20778.4883  EPtot      =    -72942.3048
 BOND   =     12961.5058  ANGLE   =      1046.1208  DIHED      =      1326.0090
 1-4 NB =       444.3921  1-4 EEL =      4612.6349  VDWAALS    =     12892.2874
 EELEC  =   -106225.2548  EHBOND  =         0.0000  RESTRAINT  =         0.0000
 ------------------------------------------------------------------------------


 NSTEP =     3500   TIME(PS) =      21.750  TEMP(K) =   299.92  PRESS =     0.0
 Etot   =    -52165.6068  EKtot   =     20634.4941  EPtot      =    -72800.1010
 BOND   =     12832.5912  ANGLE   =      1051.4945  DIHED      =      1319.1478
 1-4 NB =       463.1501  1-4 EEL =      4676.8259  VDWAALS    =     12786.3787
 EELEC  =   -105929.6891  EHBOND  =         0.0000  RESTRAINT  =         0.0000
 ------------------------------------------------------------------------------

check COM velocity, temp:        0.000006     0.00(Removed)

 NSTEP =     4000   TIME(PS) =      22.000  TEMP(K) =   298.62  PRESS =     0.0
 Etot   =    -52164.5923  EKtot   =     20545.0352  EPtot      =    -72709.6274
 BOND   =     12809.3448  ANGLE   =      1032.4503  DIHED      =      1334.5112
 1-4 NB =       445.5972  1-4 EEL =      4637.5706  VDWAALS    =     12584.3459
 EELEC  =   -105553.4475  EHBOND  =         0.0000  RESTRAINT  =         0.0000
 ------------------------------------------------------------------------------


 NSTEP =     4500   TIME(PS) =      22.250  TEMP(K) =   300.75  PRESS =     0.0
 Etot   =    -52165.8915  EKtot   =     20691.5996  EPtot      =    -72857.4911
 BOND   =     12826.0508  ANGLE   =      1038.8702  DIHED      =      1326.8161
 1-4 NB =       448.0255  1-4 EEL =      4629.5614  VDWAALS    =     12911.7296
 EELEC  =   -106038.5447  EHBOND  =         0.0000  RESTRAINT  =         0.0000
 ------------------------------------------------------------------------------

check COM velocity, temp:        0.000009     0.00(Removed)

 NSTEP =     5000   TIME(PS) =      22.500  TEMP(K) =   300.02  PRESS =     0.0
 Etot   =    -52166.5187  EKtot   =     20641.5645  EPtot      =    -72808.0831
 BOND   =     12749.2642  ANGLE   =      1036.2199  DIHED      =      1326.6104
 1-4 NB =       443.8378  1-4 EEL =      4623.7455  VDWAALS    =     12689.2160
 EELEC  =   -105676.9770  EHBOND  =         0.0000  RESTRAINT  =         0.0000
 ------------------------------------------------------------------------------


 NSTEP =     5500   TIME(PS) =      22.750  TEMP(K) =   299.75  PRESS =     0.0
 Etot   =    -52163.7351  EKtot   =     20622.9316  EPtot      =    -72786.6667
 BOND   =     12719.6177  ANGLE   =      1054.9488  DIHED      =      1324.5061
 1-4 NB =       424.9083  1-4 EEL =      4638.0722  VDWAALS    =     12796.0430
 EELEC  =   -105744.7627  EHBOND  =         0.0000  RESTRAINT  =         0.0000
 ------------------------------------------------------------------------------

check COM velocity, temp:        0.000003     0.00(Removed)

 NSTEP =     6000   TIME(PS) =      23.000  TEMP(K) =   297.99  PRESS =     0.0
 Etot   =    -52164.4216  EKtot   =     20501.3691  EPtot      =    -72665.7908
 BOND   =     12786.8629  ANGLE   =      1062.4861  DIHED      =      1334.6637
 1-4 NB =       433.6745  1-4 EEL =      4583.0482  VDWAALS    =     12528.3988
 EELEC  =   -105394.9250  EHBOND  =         0.0000  RESTRAINT  =         0.0000
 ------------------------------------------------------------------------------


 NSTEP =     6500   TIME(PS) =      23.250  TEMP(K) =   299.41  PRESS =     0.0
 Etot   =    -52165.6929  EKtot   =     20599.5488  EPtot      =    -72765.2418
 BOND   =     12718.3959  ANGLE   =      1033.1998  DIHED      =      1331.9669
 1-4 NB =       454.4299  1-4 EEL =      4651.2669  VDWAALS    =     12646.4964
 EELEC  =   -105600.9974  EHBOND  =         0.0000  RESTRAINT  =         0.0000
 ------------------------------------------------------------------------------

check COM velocity, temp:        0.000007     0.00(Removed)

 NSTEP =     7000   TIME(PS) =      23.500  TEMP(K) =   298.51  PRESS =     0.0
 Etot   =    -52163.1855  EKtot   =     20537.5039  EPtot      =    -72700.6894
 BOND   =     12964.9153  ANGLE   =      1001.5328  DIHED      =      1316.0982
 1-4 NB =       450.1429  1-4 EEL =      4631.6691  VDWAALS    =     12799.7714
 EELEC  =   -105864.8192  EHBOND  =         0.0000  RESTRAINT  =         0.0000
 ------------------------------------------------------------------------------


 NSTEP =     7500   TIME(PS) =      23.750  TEMP(K) =   299.50  PRESS =     0.0
 Etot   =    -52162.5201  EKtot   =     20605.2461  EPtot      =    -72767.7662
 BOND   =     12713.8799  ANGLE   =      1013.0202  DIHED      =      1310.4258
 1-4 NB =       443.6096  1-4 EEL =      4614.9795  VDWAALS    =     12959.7333
 EELEC  =   -105823.4145  EHBOND  =         0.0000  RESTRAINT  =         0.0000
 ------------------------------------------------------------------------------

check COM velocity, temp:        0.000003     0.00(Removed)

 NSTEP =     8000   TIME(PS) =      24.000  TEMP(K) =   300.48  PRESS =     0.0
 Etot   =    -52168.7158  EKtot   =     20672.7852  EPtot      =    -72841.5010
 BOND   =     12647.5235  ANGLE   =      1015.6600  DIHED      =      1315.6775
 1-4 NB =       452.9793  1-4 EEL =      4682.5916  VDWAALS    =     13196.4520
 EELEC  =   -106152.3849  EHBOND  =         0.0000  RESTRAINT  =         0.0000
 ------------------------------------------------------------------------------


 NSTEP =     8500   TIME(PS) =      24.250  TEMP(K) =   298.40  PRESS =     0.0
 Etot   =    -52166.7322  EKtot   =     20530.0957  EPtot      =    -72696.8279
 BOND   =     12607.1530  ANGLE   =      1034.6904  DIHED      =      1344.1553
 1-4 NB =       432.2643  1-4 EEL =      4645.5130  VDWAALS    =     12835.2663
 EELEC  =   -105595.8701  EHBOND  =         0.0000  RESTRAINT  =         0.0000
 ------------------------------------------------------------------------------

check COM velocity, temp:        0.000005     0.00(Removed)

 NSTEP =     9000   TIME(PS) =      24.500  TEMP(K) =   297.82  PRESS =     0.0
 Etot   =    -52164.6637  EKtot   =     20489.7168  EPtot      =    -72654.3805
 BOND   =     12583.6743  ANGLE   =      1047.5770  DIHED      =      1331.2405
 1-4 NB =       450.5579  1-4 EEL =      4609.1373  VDWAALS    =     12856.5323
 EELEC  =   -105533.0998  EHBOND  =         0.0000  RESTRAINT  =         0.0000
 ------------------------------------------------------------------------------


 NSTEP =     9500   TIME(PS) =      24.750  TEMP(K) =   299.66  PRESS =     0.0
 Etot   =    -52164.8857  EKtot   =     20616.2539  EPtot      =    -72781.1396
 BOND   =     12571.6105  ANGLE   =      1033.5790  DIHED      =      1336.5858
 1-4 NB =       429.2242  1-4 EEL =      4619.3652  VDWAALS    =     12589.6472
 EELEC  =   -105361.1514  EHBOND  =         0.0000  RESTRAINT  =         0.0000
 ------------------------------------------------------------------------------

check COM velocity, temp:        0.000004     0.00(Removed)

 NSTEP =    10000   TIME(PS) =      25.000  TEMP(K) =   297.69  PRESS =     0.0
 Etot   =    -52165.0842  EKtot   =     20480.9980  EPtot      =    -72646.0823
 BOND   =     12780.4938  ANGLE   =      1071.4089  DIHED      =      1333.6071
 1-4 NB =       420.7568  1-4 EEL =      4617.6773  VDWAALS    =     12631.7736
 EELEC  =   -105501.7996  EHBOND  =         0.0000  RESTRAINT  =         0.0000
 ------------------------------------------------------------------------------


 NSTEP =    10500   TIME(PS) =      25.250  TEMP(K) =   299.40  PRESS =     0.0
 Etot   =    -52164.0545  EKtot   =     20598.3027  EPtot      =    -72762.3573
 BOND   =     12835.2426  ANGLE   =      1033.8305  DIHED      =      1322.3943
 1-4 NB =       469.1495  1-4 EEL =      4631.9458  VDWAALS    =     12828.5492
 EELEC  =   -105883.4691  EHBOND  =         0.0000  RESTRAINT  =         0.0000
 ------------------------------------------------------------------------------

check COM velocity, temp:        0.000006     0.00(Removed)

 NSTEP =    11000   TIME(PS) =      25.500  TEMP(K) =   298.49  PRESS =     0.0
 Etot   =    -52165.1233  EKtot   =     20536.2227  EPtot      =    -72701.3459
 BOND   =     12641.8727  ANGLE   =      1024.1006  DIHED      =      1310.4498
 1-4 NB =       434.1943  1-4 EEL =      4599.2710  VDWAALS    =     12821.5782
 EELEC  =   -105532.8125  EHBOND  =         0.0000  RESTRAINT  =         0.0000
 ------------------------------------------------------------------------------


 NSTEP =    11500   TIME(PS) =      25.750  TEMP(K) =   300.40  PRESS =     0.0
 Etot   =    -52166.2754  EKtot   =     20667.5469  EPtot      =    -72833.8223
 BOND   =     12654.4515  ANGLE   =      1011.4702  DIHED      =      1312.2979
 1-4 NB =       435.9164  1-4 EEL =      4645.3676  VDWAALS    =     12886.4954
 EELEC  =   -105779.8212  EHBOND  =         0.0000  RESTRAINT  =         0.0000
 ------------------------------------------------------------------------------

check COM velocity, temp:        0.000011     0.00(Removed)

 NSTEP =    12000   TIME(PS) =      26.000  TEMP(K) =   301.17  PRESS =     0.0
 Etot   =    -52164.8411  EKtot   =     20720.4434  EPtot      =    -72885.2845
 BOND   =     12632.2783  ANGLE   =      1034.9997  DIHED      =      1340.3170
 1-4 NB =       454.7332  1-4 EEL =      4637.3879  VDWAALS    =     13019.7193
 EELEC  =   -106004.7198  EHBOND  =         0.0000  RESTRAINT  =         0.0000
 ------------------------------------------------------------------------------


 NSTEP =    12500   TIME(PS) =      26.250  TEMP(K) =   299.42  PRESS =     0.0
 Etot   =    -52159.8493  EKtot   =     20599.6914  EPtot      =    -72759.5407
 BOND   =     12700.2479  ANGLE   =      1060.7206  DIHED      =      1317.5953
 1-4 NB =       452.9272  1-4 EEL =      4642.3976  VDWAALS    =     12769.6788
 EELEC  =   -105703.1082  EHBOND  =         0.0000  RESTRAINT  =         0.0000
 ------------------------------------------------------------------------------

check COM velocity, temp:        0.000007     0.00(Removed)

 NSTEP =    13000   TIME(PS) =      26.500  TEMP(K) =   301.12  PRESS =     0.0
 Etot   =    -52163.8953  EKtot   =     20716.9453  EPtot      =    -72880.8406
 BOND   =     12761.5324  ANGLE   =      1037.4222  DIHED      =      1339.4684
 1-4 NB =       447.4788  1-4 EEL =      4650.4559  VDWAALS    =     12889.7839
 EELEC  =   -106006.9822  EHBOND  =         0.0000  RESTRAINT  =         0.0000
 ------------------------------------------------------------------------------


 NSTEP =    13500   TIME(PS) =      26.750  TEMP(K) =   300.11  PRESS =     0.0
 Etot   =    -52165.7572  EKtot   =     20647.4062  EPtot      =    -72813.1634
 BOND   =     12815.0529  ANGLE   =      1045.6374  DIHED      =      1309.1350
 1-4 NB =       441.8591  1-4 EEL =      4628.0833  VDWAALS    =     13007.9664
 EELEC  =   -106060.8975  EHBOND  =         0.0000  RESTRAINT  =         0.0000
 ------------------------------------------------------------------------------

check COM velocity, temp:        0.000006     0.00(Removed)

 NSTEP =    14000   TIME(PS) =      27.000  TEMP(K) =   299.20  PRESS =     0.0
 Etot   =    -52169.3290  EKtot   =     20584.9355  EPtot      =    -72754.2645
 BOND   =     12668.4658  ANGLE   =      1012.8923  DIHED      =      1327.2078
 1-4 NB =       451.2533  1-4 EEL =      4664.3772  VDWAALS    =     12653.8834
 EELEC  =   -105532.3443  EHBOND  =         0.0000  RESTRAINT  =         0.0000
 ------------------------------------------------------------------------------


 NSTEP =    14500   TIME(PS) =      27.250  TEMP(K) =   300.17  PRESS =     0.0
 Etot   =    -52167.9195  EKtot   =     20651.4355  EPtot      =    -72819.3551
 BOND   =     12721.7737  ANGLE   =      1028.3801  DIHED      =      1339.1564
 1-4 NB =       443.9033  1-4 EEL =      4623.3825  VDWAALS    =     12894.3038
 EELEC  =   -105870.2549  EHBOND  =         0.0000  RESTRAINT  =         0.0000
 ------------------------------------------------------------------------------

check COM velocity, temp:        0.000009     0.00(Removed)

 NSTEP =    15000   TIME(PS) =      27.500  TEMP(K) =   301.24  PRESS =     0.0
 Etot   =    -52167.6949  EKtot   =     20725.4766  EPtot      =    -72893.1715
 BOND   =     12708.1780  ANGLE   =      1019.4769  DIHED      =      1312.5335
 1-4 NB =       445.5375  1-4 EEL =      4628.6081  VDWAALS    =     12859.7651
 EELEC  =   -105867.2707  EHBOND  =         0.0000  RESTRAINT  =         0.0000
 ------------------------------------------------------------------------------


 NSTEP =    15500   TIME(PS) =      27.750  TEMP(K) =   300.78  PRESS =     0.0
 Etot   =    -52167.2863  EKtot   =     20693.3555  EPtot      =    -72860.6418
 BOND   =     12916.7992  ANGLE   =      1060.4073  DIHED      =      1334.2851
 1-4 NB =       435.9140  1-4 EEL =      4650.1347  VDWAALS    =     13175.2241
 EELEC  =   -106433.4062  EHBOND  =         0.0000  RESTRAINT  =         0.0000
 ------------------------------------------------------------------------------

check COM velocity, temp:        0.000005     0.00(Removed)

 NSTEP =    16000   TIME(PS) =      28.000  TEMP(K) =   300.10  PRESS =     0.0
 Etot   =    -52167.6900  EKtot   =     20646.8008  EPtot      =    -72814.4908
 BOND   =     12782.3394  ANGLE   =      1059.2103  DIHED      =      1326.2785
 1-4 NB =       434.1767  1-4 EEL =      4637.7442  VDWAALS    =     12961.2674
 EELEC  =   -106015.5073  EHBOND  =         0.0000  RESTRAINT  =         0.0000
 ------------------------------------------------------------------------------


 NSTEP =    16500   TIME(PS) =      28.250  TEMP(K) =   299.82  PRESS =     0.0
 Etot   =    -52167.2652  EKtot   =     20627.6758  EPtot      =    -72794.9410
 BOND   =     12690.6133  ANGLE   =      1069.4336  DIHED      =      1339.3342
 1-4 NB =       442.5099  1-4 EEL =      4649.9499  VDWAALS    =     12753.0914
 EELEC  =   -105739.8731  EHBOND  =         0.0000  RESTRAINT  =         0.0000
 ------------------------------------------------------------------------------

check COM velocity, temp:        0.000008     0.00(Removed)

 NSTEP =    17000   TIME(PS) =      28.500  TEMP(K) =   298.04  PRESS =     0.0
 Etot   =    -52165.9002  EKtot   =     20505.2637  EPtot      =    -72671.1638
 BOND   =     12847.6767  ANGLE   =      1059.2586  DIHED      =      1334.3654
 1-4 NB =       449.9471  1-4 EEL =      4693.6555  VDWAALS    =     12625.5816
 EELEC  =   -105681.6487  EHBOND  =         0.0000  RESTRAINT  =         0.0000
 ------------------------------------------------------------------------------


 NSTEP =    17500   TIME(PS) =      28.750  TEMP(K) =   299.41  PRESS =     0.0
 Etot   =    -52163.4831  EKtot   =     20598.9766  EPtot      =    -72762.4597
 BOND   =     12839.5644  ANGLE   =      1030.2087  DIHED      =      1311.8580
 1-4 NB =       451.0143  1-4 EEL =      4668.0732  VDWAALS    =     12932.3847
 EELEC  =   -105995.5629  EHBOND  =         0.0000  RESTRAINT  =         0.0000
 ------------------------------------------------------------------------------

check COM velocity, temp:        0.000006     0.00(Removed)

 NSTEP =    18000   TIME(PS) =      29.000  TEMP(K) =   298.76  PRESS =     0.0
 Etot   =    -52164.3304  EKtot   =     20554.7383  EPtot      =    -72719.0687
 BOND   =     12953.0581  ANGLE   =      1023.9532  DIHED      =      1314.8023
 1-4 NB =       443.7556  1-4 EEL =      4671.7096  VDWAALS    =     12667.7266
 EELEC  =   -105794.0741  EHBOND  =         0.0000  RESTRAINT  =         0.0000
 ------------------------------------------------------------------------------


 NSTEP =    18500   TIME(PS) =      29.250  TEMP(K) =   300.01  PRESS =     0.0
 Etot   =    -52165.5817  EKtot   =     20640.8809  EPtot      =    -72806.4626
 BOND   =     12904.2380  ANGLE   =      1027.0356  DIHED      =      1340.4348
 1-4 NB =       453.1241  1-4 EEL =      4582.3522  VDWAALS    =     13003.6886
 EELEC  =   -106117.3358  EHBOND  =         0.0000  RESTRAINT  =         0.0000
 ------------------------------------------------------------------------------

check COM velocity, temp:        0.000003     0.00(Removed)

 NSTEP =    19000   TIME(PS) =      29.500  TEMP(K) =   299.89  PRESS =     0.0
 Etot   =    -52163.2132  EKtot   =     20632.6074  EPtot      =    -72795.8206
 BOND   =     12854.7557  ANGLE   =      1065.2191  DIHED      =      1335.4933
 1-4 NB =       443.6936  1-4 EEL =      4656.7025  VDWAALS    =     12743.5908
 EELEC  =   -105895.2755  EHBOND  =         0.0000  RESTRAINT  =         0.0000
 ------------------------------------------------------------------------------


 NSTEP =    19500   TIME(PS) =      29.750  TEMP(K) =   299.83  PRESS =     0.0
 Etot   =    -52162.4327  EKtot   =     20627.8555  EPtot      =    -72790.2882
 BOND   =     12903.2582  ANGLE   =      1056.4227  DIHED      =      1343.4923
 1-4 NB =       430.7137  1-4 EEL =      4623.2377  VDWAALS    =     12658.4447
 EELEC  =   -105805.8575  EHBOND  =         0.0000  RESTRAINT  =         0.0000
 ------------------------------------------------------------------------------

check COM velocity, temp:        0.000009     0.00(Removed)

 NSTEP =    20000   TIME(PS) =      30.000  TEMP(K) =   299.39  PRESS =     0.0
 Etot   =    -52164.9732  EKtot   =     20598.0449  EPtot      =    -72763.0181
 BOND   =     12585.9710  ANGLE   =      1037.9823  DIHED      =      1322.3566
 1-4 NB =       454.7668  1-4 EEL =      4660.0069  VDWAALS    =     12856.3273
 EELEC  =   -105680.4291  EHBOND  =         0.0000  RESTRAINT  =         0.0000
 ------------------------------------------------------------------------------


      A V E R A G E S   O V E R      40 S T E P S


 NSTEP =    20000   TIME(PS) =      30.000  TEMP(K) =   299.59  PRESS =     0.0
 Etot   =    -52165.0471  EKtot   =     20611.6568  EPtot      =    -72776.7039
 BOND   =     12760.3640  ANGLE   =      1041.7437  DIHED      =      1326.8027
 1-4 NB =       443.6909  1-4 EEL =      4635.0829  VDWAALS    =     12824.7989
 EELEC  =   -105809.1871  EHBOND  =         0.0000  RESTRAINT  =         0.0000
 ------------------------------------------------------------------------------


      R M S  F L U C T U A T I O N S


 NSTEP =    20000   TIME(PS) =      30.000  TEMP(K) =     1.07  PRESS =     0.0
 Etot   =         1.8867  EKtot   =        73.6566  EPtot      =        74.1105
 BOND   =       109.0653  ANGLE   =        18.8624  DIHED      =        10.3548
 1-4 NB =        10.3165  1-4 EEL =        26.4993  VDWAALS    =       148.6309
 EELEC  =       230.8961  EHBOND  =         0.0000  RESTRAINT  =         0.0000
|E(PBS) =         0.8416
 ------------------------------------------------------------------------------

--------------------------------------------------------------------------------
   5.  TIMINGS
--------------------------------------------------------------------------------

|  NonSetup CPU Time in Major Routines:
|
|     Routine           Sec        %
|     ------------------------------
|     Nonbond           4.33   10.76
|     Bond              0.00    0.00
|     Angle             0.00    0.00
|     Dihedral          0.00    0.00
|     Shake             0.00    0.00
|     RunMD            35.89   89.18
|     Other             0.02    0.06
|     ------------------------------
|     Total            40.24

|  PME Nonbond Pairlist CPU Time:
|
|     Routine              Sec        %
|     ---------------------------------
|     Set Up Cit           0.00    0.00
|     Build List           0.00    0.00
|     ---------------------------------
|     Total                0.00    0.00

|  PME Direct Force CPU Time:
|
|     Routine              Sec        %
|     ---------------------------------
|     NonBonded Calc       0.00    0.00
|     Exclude Masked       0.00    0.00
|     Other                0.01    0.02
|     ---------------------------------
|     Total                0.01    0.02

|  PME Reciprocal Force CPU Time:
|
|     Routine              Sec        %
|     ---------------------------------
|     1D bspline           0.00    0.00
|     Grid Charges         0.00    0.00
|     Scalar Sum           0.00    0.00
|     Gradient Sum         0.00    0.00
|     FFT                  0.00    0.00
|     ---------------------------------
|     Total                0.00    0.00

|  Final Performance Info:
|     -----------------------------------------------------
|     Average timings for last   19500 steps:
|     Elapsed(s) =      41.52 Per Step(ms) =       2.13
|         ns/day =      20.29   seconds/ns =    4258.15
|
|     Average timings for all steps:
|     Elapsed(s) =      42.48 Per Step(ms) =       2.12
|         ns/day =      20.34   seconds/ns =    4247.92
|     -----------------------------------------------------

|  Setup CPU time:            3.02 seconds
|  NonSetup CPU time:        40.24 seconds
|  Total CPU time:           43.26 seconds     0.01 hours

|  Setup wall time:           5    seconds
|  NonSetup wall time:       43    seconds
|  Total wall time:          48    seconds     0.01 hours
