
          -------------------------------------------------------
          Amber 16 PMEMD                              2016
          -------------------------------------------------------

| PMEMD implementation of SANDER, Release 16

| Run on 08/24/2017 at 13:06:35

|   Executable path: /apps/amber16/bin/pmemd.cuda
| Working directory: /scratch/pbarletta/pdz/run/lb/neq/data/3
|          Hostname: mordor

  [-O]verwriting output

File Assignments:
|   MDIN: pdt.in                                                                
|  MDOUT: 212plb_3.out                                                          
| INPCRD: ../2/212plb_2.rst7                                                    
|   PARM: /scratch/pbarletta/pdz/top_files/lb.prmtop                            
| RESTRT: 212plb_3.rst7                                                         
|   REFC: refc                                                                  
|  MDVEL: mdvel                                                                 
|   MDEN: mden                                                                  
|  MDCRD: 212plb_3.nc                                                           
| MDINFO: mdinfo                                                                
|  MDFRC: mdfrc                                                                 


 Here is the input file:

!NVE run                                                                       
&cntrl                                                                         
imin = 0,                           ! No Minimization                          
nmropt = 0,                         ! No NMR restraints read                   
                                                                               
! Nature and format of the input                                               
ntx = 5,                            ! Coordinates and velocities will be read  
irest = 1,                          ! Do not run a new simulation              
                                                                               
! Nature and format of the output                                              
ioutfm = 1,			    ! NetCDF format for output files                             
ntxo = 1,                           ! rstrt file in ASCII format               
ntpr = 500,                         ! inf in output every ntpr steps           
ntwr = 500,                         ! rstrt file every ntwr steps              
ntwx = 20,                          ! mdcrd file every ntwx steps              
ntwv = -1,                          ! mdvel without velocities                 
ntwe = 0,                           ! Energies and temperatures not written in 
idecomp = 0,                        ! No energy decomposition                  
iwrap = 1,                          ! Coordinates of the restart and mdcrd file
                                                                               
! Frozen or restrained atoms                                                   
ibelly = 0,                         ! No frozen atoms                          
ntr=0,                              ! Harmonic potential restraints            
                                                                               
! Molecular dynamics                                                           
nstlim = 20000,                     ! Number of MD-steps                       
dt = 0.0005,                        ! Time step                                
                                                                               
! Temperature regulation                                                       
ntt = 0,                            ! Constant total energy                    
                                                                               
! P and V regulation                                                           
ntp = 0,                            ! No P control                             
ntb = 1,                            ! constant V                               
                                                                               
! SHAKE variables                                                              
ntc = 1,                            ! Bonds involving H are constrained        
ntf = 1,                            ! Bond interaction involving H are ommited.
                                                                               
cut = 9.0,                          ! Nonbonded cutoff                         
/                                                                              
&end                                                                           


Note: ig = -1. Setting random seed to   594040 based on wallclock time in 
      microseconds.
| irandom = 1, using AMBER's internal random number generator (default).
 
|--------------------- INFORMATION ----------------------
| GPU (CUDA) Version of PMEMD in use: NVIDIA GPU IN USE.
|                    Version 16.0.0
| 
|                      02/25/2016
| 
| Implementation by:
|                    Ross C. Walker     (SDSC)
|                    Scott Le Grand     (nVIDIA)
| 
| Precision model in use:
|      [SPFP] - Single Precision Forces, 64-bit Fixed Point
|               Accumulation. (Default)
| 
|--------------------------------------------------------
 
|----------------- CITATION INFORMATION -----------------
|
|    When publishing work that utilized the CUDA version
|    of AMBER, please cite the following in addition to
|    the regular AMBER citations:
|
|  - Romelia Salomon-Ferrer; Andreas W. Goetz; Duncan
|    Poole; Scott Le Grand; Ross C. Walker "Routine
|    microsecond molecular dynamics simulations with
|    AMBER - Part II: Particle Mesh Ewald", J. Chem.
|    Theory Comput., 2013, 9 (9), pp3878-3888,
|    DOI: 10.1021/ct400314y.
|
|  - Andreas W. Goetz; Mark J. Williamson; Dong Xu;
|    Duncan Poole; Scott Le Grand; Ross C. Walker
|    "Routine microsecond molecular dynamics simulations
|    with AMBER - Part I: Generalized Born", J. Chem.
|    Theory Comput., 2012, 8 (5), pp1542-1555.
|
|  - Scott Le Grand; Andreas W. Goetz; Ross C. Walker
|    "SPFP: Speed without compromise - a mixed precision
|    model for GPU accelerated molecular dynamics
|    simulations.", Comp. Phys. Comm., 2013, 184
|    pp374-380, DOI: 10.1016/j.cpc.2012.09.022
|
|--------------------------------------------------------
 
|------------------- GPU DEVICE INFO --------------------
|
|            CUDA_VISIBLE_DEVICES: 1
|   CUDA Capable Devices Detected:      1
|           CUDA Device ID in use:      0
|                CUDA Device Name: GeForce GTX TITAN
|     CUDA Device Global Mem Size:   6082 MB
| CUDA Device Num Multiprocessors:     14
|           CUDA Device Core Freq:   0.93 GHz
|
|--------------------------------------------------------
 
 
| Conditional Compilation Defines Used:
| PUBFFT
| BINTRAJ
| CUDA
| EMIL

| Largest sphere to fit in unit cell has radius =    26.281

| New format PARM file being parsed.
| Version =    1.000 Date = 09/04/12 Time = 16:08:43

| Note: 1-4 EEL scale factors are being read from the topology file.

| Note: 1-4 VDW scale factors are being read from the topology file.
| Duplicated    0 dihedrals

| Duplicated    0 dihedrals

--------------------------------------------------------------------------------
   1.  RESOURCE   USE: 
--------------------------------------------------------------------------------

 getting new box info from bottom of inpcrd
 NATOM  =   23082 NTYPES =      16 NBONH =   22055 MBONA  =    1038
 NTHETH =    2390 MTHETA =    1396 NPHIH =    4631 MPHIA  =    3488
 NHPARM =       0 NPARM  =       0 NNB   =   39434 NRES   =    7134
 NBONA  =    1038 NTHETA =    1396 NPHIA =    3488 NUMBND =      41
 NUMANG =      86 NPTRA  =      41 NATYP =      28 NPHB   =       1
 IFBOX  =       1 NMXRS  =      24 IFCAP =       0 NEXTRA =       0
 NCOPY  =       0

| Coordinate Index Table dimensions:    12   14   10
| Direct force subcell size =     5.0212    5.2012    5.2562

     BOX TYPE: RECTILINEAR

--------------------------------------------------------------------------------
   2.  CONTROL  DATA  FOR  THE  RUN
--------------------------------------------------------------------------------

default_name                                                                    

General flags:
     imin    =       0, nmropt  =       0

Nature and format of input:
     ntx     =       5, irest   =       1, ntrx    =       1

Nature and format of output:
     ntxo    =       1, ntpr    =     500, ntrx    =       1, ntwr    =     500
     iwrap   =       1, ntwx    =      20, ntwv    =      -1, ntwe    =       0
     ioutfm  =       1, ntwprt  =       0, idecomp =       0, rbornstat=      0

Potential function:
     ntf     =       1, ntb     =       1, igb     =       0, nsnb    =      25
     ipol    =       0, gbsa    =       0, iesp    =       0
     dielc   =   1.00000, cut     =   9.00000, intdiel =   1.00000

Frozen or restrained atoms:
     ibelly  =       0, ntr     =       0

Molecular dynamics:
     nstlim  =     20000, nscm    =      1000, nrespa  =         1
     t       =   0.00000, dt      =   0.00050, vlimit  =  -1.00000

| Intermolecular bonds treatment:
|     no_intermolecular_bonds =       1

| Energy averages sample interval:
|     ene_avg_sampling =     500

Ewald parameters:
     verbose =       0, ew_type =       0, nbflag  =       1, use_pme =       1
     vdwmeth =       1, eedmeth =       1, netfrc  =       1
     Box X =   60.254   Box Y =   72.816   Box Z =   52.562
     Alpha =   90.000   Beta  =   90.000   Gamma =   90.000
     NFFT1 =   64       NFFT2 =   80       NFFT3 =   56
     Cutoff=    9.000   Tol   =0.100E-04
     Ewald Coefficient =  0.30768
     Interpolation order =    4

--------------------------------------------------------------------------------
   3.  ATOMIC COORDINATES AND VELOCITIES
--------------------------------------------------------------------------------

default_name                                                                    
 begin time read from input coords =    20.000 ps

 
 Number of triangulated 3-point waters found:     7002

     Sum of charges from parm topology file =  -0.00000008
     Forcing neutrality...

| Dynamic Memory, Types Used:
| Reals              710578
| Integers           737140

| Nonbonded Pairs Initial Allocation:     5262696

| GPU memory information (estimate):
| KB of GPU memory in use:     63171
| KB of CPU memory in use:     27891

--------------------------------------------------------------------------------
   4.  RESULTS
--------------------------------------------------------------------------------

 ---------------------------------------------------
 APPROXIMATING switch and d/dx switch using CUBIC SPLINE INTERPOLATION
 using   5000.0 points per unit in tabled values
 TESTING RELATIVE ERROR over r ranging from 0.0 to cutoff
| CHECK switch(x): max rel err =   0.2738E-14   at   2.422500
| CHECK d/dx switch(x): max rel err =   0.8314E-11   at   2.736960
 ---------------------------------------------------
|---------------------------------------------------
| APPROXIMATING direct energy using CUBIC SPLINE INTERPOLATION
|  with   50.0 points per unit in tabled values
| Relative Error Limit not exceeded for r .gt.   2.39
| APPROXIMATING direct force using CUBIC SPLINE INTERPOLATION
|  with   50.0 points per unit in tabled values
| Relative Error Limit not exceeded for r .gt.   2.84
|---------------------------------------------------

 NSTEP =      500   TIME(PS) =      20.250  TEMP(K) =   300.73  PRESS =     0.0
 Etot   =    -51799.3265  EKtot   =     20689.8008  EPtot      =    -72489.1273
 BOND   =     12831.3756  ANGLE   =      1003.4376  DIHED      =      1331.2820
 1-4 NB =       429.6539  1-4 EEL =      4604.4766  VDWAALS    =     12728.4449
 EELEC  =   -105417.7978  EHBOND  =         0.0000  RESTRAINT  =         0.0000
 ------------------------------------------------------------------------------

check COM velocity, temp:        0.003843     0.02(Removed)

 NSTEP =     1000   TIME(PS) =      20.500  TEMP(K) =   298.64  PRESS =     0.0
 Etot   =    -51797.9238  EKtot   =     20546.5117  EPtot      =    -72344.4356
 BOND   =     12853.9196  ANGLE   =      1051.9093  DIHED      =      1351.6594
 1-4 NB =       437.0510  1-4 EEL =      4638.3284  VDWAALS    =     12561.3061
 EELEC  =   -105238.6093  EHBOND  =         0.0000  RESTRAINT  =         0.0000
 ------------------------------------------------------------------------------


 NSTEP =     1500   TIME(PS) =      20.750  TEMP(K) =   300.49  PRESS =     0.0
 Etot   =    -51801.1086  EKtot   =     20673.4980  EPtot      =    -72474.6066
 BOND   =     12830.9493  ANGLE   =      1079.9819  DIHED      =      1339.5697
 1-4 NB =       430.7968  1-4 EEL =      4615.8889  VDWAALS    =     12528.0785
 EELEC  =   -105299.8716  EHBOND  =         0.0000  RESTRAINT  =         0.0000
 ------------------------------------------------------------------------------

check COM velocity, temp:        0.000005     0.00(Removed)

 NSTEP =     2000   TIME(PS) =      21.000  TEMP(K) =   300.49  PRESS =     0.0
 Etot   =    -51803.0662  EKtot   =     20673.4336  EPtot      =    -72476.4998
 BOND   =     12842.0308  ANGLE   =      1014.6718  DIHED      =      1320.5467
 1-4 NB =       452.2922  1-4 EEL =      4636.6115  VDWAALS    =     12870.7565
 EELEC  =   -105613.4093  EHBOND  =         0.0000  RESTRAINT  =         0.0000
 ------------------------------------------------------------------------------


 NSTEP =     2500   TIME(PS) =      21.250  TEMP(K) =   302.86  PRESS =     0.0
 Etot   =    -51802.9339  EKtot   =     20836.6133  EPtot      =    -72639.5472
 BOND   =     12922.1445  ANGLE   =      1033.1468  DIHED      =      1346.4237
 1-4 NB =       429.2084  1-4 EEL =      4566.3222  VDWAALS    =     12668.2657
 EELEC  =   -105605.0584  EHBOND  =         0.0000  RESTRAINT  =         0.0000
 ------------------------------------------------------------------------------

check COM velocity, temp:        0.000005     0.00(Removed)

 NSTEP =     3000   TIME(PS) =      21.500  TEMP(K) =   298.54  PRESS =     0.0
 Etot   =    -51799.2310  EKtot   =     20539.1621  EPtot      =    -72338.3931
 BOND   =     12869.3040  ANGLE   =      1054.1340  DIHED      =      1342.5967
 1-4 NB =       444.6506  1-4 EEL =      4668.3069  VDWAALS    =     12654.3829
 EELEC  =   -105371.7683  EHBOND  =         0.0000  RESTRAINT  =         0.0000
 ------------------------------------------------------------------------------


 NSTEP =     3500   TIME(PS) =      21.750  TEMP(K) =   299.12  PRESS =     0.0
 Etot   =    -51801.4527  EKtot   =     20579.0938  EPtot      =    -72380.5464
 BOND   =     12836.2154  ANGLE   =      1064.6416  DIHED      =      1340.0862
 1-4 NB =       422.3837  1-4 EEL =      4593.0797  VDWAALS    =     12525.9055
 EELEC  =   -105162.8586  EHBOND  =         0.0000  RESTRAINT  =         0.0000
 ------------------------------------------------------------------------------

check COM velocity, temp:        0.000011     0.00(Removed)

 NSTEP =     4000   TIME(PS) =      22.000  TEMP(K) =   301.86  PRESS =     0.0
 Etot   =    -51804.7890  EKtot   =     20768.0410  EPtot      =    -72572.8300
 BOND   =     12807.1664  ANGLE   =      1018.3436  DIHED      =      1343.5672
 1-4 NB =       440.7263  1-4 EEL =      4643.4774  VDWAALS    =     12794.6831
 EELEC  =   -105620.7940  EHBOND  =         0.0000  RESTRAINT  =         0.0000
 ------------------------------------------------------------------------------


 NSTEP =     4500   TIME(PS) =      22.250  TEMP(K) =   301.22  PRESS =     0.0
 Etot   =    -51801.4412  EKtot   =     20723.8145  EPtot      =    -72525.2557
 BOND   =     12835.9803  ANGLE   =      1050.0130  DIHED      =      1352.3740
 1-4 NB =       437.0837  1-4 EEL =      4590.2684  VDWAALS    =     12713.5415
 EELEC  =   -105504.5166  EHBOND  =         0.0000  RESTRAINT  =         0.0000
 ------------------------------------------------------------------------------

check COM velocity, temp:        0.000004     0.00(Removed)

 NSTEP =     5000   TIME(PS) =      22.500  TEMP(K) =   301.77  PRESS =     0.0
 Etot   =    -51801.3130  EKtot   =     20761.3477  EPtot      =    -72562.6607
 BOND   =     12960.2082  ANGLE   =       998.7487  DIHED      =      1330.3970
 1-4 NB =       453.8219  1-4 EEL =      4625.1185  VDWAALS    =     12768.1462
 EELEC  =   -105699.1011  EHBOND  =         0.0000  RESTRAINT  =         0.0000
 ------------------------------------------------------------------------------


 NSTEP =     5500   TIME(PS) =      22.750  TEMP(K) =   300.15  PRESS =     0.0
 Etot   =    -51802.6906  EKtot   =     20650.2832  EPtot      =    -72452.9738
 BOND   =     12884.3806  ANGLE   =      1024.0636  DIHED      =      1346.3871
 1-4 NB =       452.4552  1-4 EEL =      4629.2761  VDWAALS    =     12720.6243
 EELEC  =   -105510.1607  EHBOND  =         0.0000  RESTRAINT  =         0.0000
 ------------------------------------------------------------------------------

check COM velocity, temp:        0.000006     0.00(Removed)

 NSTEP =     6000   TIME(PS) =      23.000  TEMP(K) =   299.06  PRESS =     0.0
 Etot   =    -51804.2481  EKtot   =     20574.9941  EPtot      =    -72379.2422
 BOND   =     12710.4155  ANGLE   =      1010.5979  DIHED      =      1344.6650
 1-4 NB =       462.6374  1-4 EEL =      4657.3097  VDWAALS    =     12648.7778
 EELEC  =   -105213.6455  EHBOND  =         0.0000  RESTRAINT  =         0.0000
 ------------------------------------------------------------------------------


 NSTEP =     6500   TIME(PS) =      23.250  TEMP(K) =   300.24  PRESS =     0.0
 Etot   =    -51800.1673  EKtot   =     20656.1074  EPtot      =    -72456.2747
 BOND   =     12711.5965  ANGLE   =      1069.5098  DIHED      =      1345.7088
 1-4 NB =       435.5080  1-4 EEL =      4598.4344  VDWAALS    =     12537.4890
 EELEC  =   -105154.5212  EHBOND  =         0.0000  RESTRAINT  =         0.0000
 ------------------------------------------------------------------------------

check COM velocity, temp:        0.000005     0.00(Removed)

 NSTEP =     7000   TIME(PS) =      23.500  TEMP(K) =   300.21  PRESS =     0.0
 Etot   =    -51800.0634  EKtot   =     20654.5527  EPtot      =    -72454.6161
 BOND   =     12803.9573  ANGLE   =      1022.6599  DIHED      =      1350.8222
 1-4 NB =       442.2677  1-4 EEL =      4646.6152  VDWAALS    =     12715.1757
 EELEC  =   -105436.1142  EHBOND  =         0.0000  RESTRAINT  =         0.0000
 ------------------------------------------------------------------------------


 NSTEP =     7500   TIME(PS) =      23.750  TEMP(K) =   299.80  PRESS =     0.0
 Etot   =    -51799.6611  EKtot   =     20626.1152  EPtot      =    -72425.7764
 BOND   =     12705.7507  ANGLE   =      1025.2747  DIHED      =      1336.9833
 1-4 NB =       454.1724  1-4 EEL =      4652.0417  VDWAALS    =     12698.2749
 EELEC  =   -105298.2741  EHBOND  =         0.0000  RESTRAINT  =         0.0000
 ------------------------------------------------------------------------------

check COM velocity, temp:        0.000006     0.00(Removed)

 NSTEP =     8000   TIME(PS) =      24.000  TEMP(K) =   300.87  PRESS =     0.0
 Etot   =    -51800.1917  EKtot   =     20699.9746  EPtot      =    -72500.1663
 BOND   =     12825.8460  ANGLE   =      1080.0626  DIHED      =      1338.5342
 1-4 NB =       441.8468  1-4 EEL =      4658.2843  VDWAALS    =     12774.8010
 EELEC  =   -105619.5413  EHBOND  =         0.0000  RESTRAINT  =         0.0000
 ------------------------------------------------------------------------------


 NSTEP =     8500   TIME(PS) =      24.250  TEMP(K) =   302.03  PRESS =     0.0
 Etot   =    -51803.6884  EKtot   =     20779.7969  EPtot      =    -72583.4852
 BOND   =     12905.2942  ANGLE   =      1026.8897  DIHED      =      1337.6745
 1-4 NB =       463.8051  1-4 EEL =      4681.5016  VDWAALS    =     12800.4369
 EELEC  =   -105799.0872  EHBOND  =         0.0000  RESTRAINT  =         0.0000
 ------------------------------------------------------------------------------

check COM velocity, temp:        0.000007     0.00(Removed)

 NSTEP =     9000   TIME(PS) =      24.500  TEMP(K) =   302.32  PRESS =     0.0
 Etot   =    -51803.0999  EKtot   =     20799.2383  EPtot      =    -72602.3382
 BOND   =     12770.2479  ANGLE   =      1068.1226  DIHED      =      1291.1990
 1-4 NB =       430.4764  1-4 EEL =      4642.2842  VDWAALS    =     12737.0878
 EELEC  =   -105541.7562  EHBOND  =         0.0000  RESTRAINT  =         0.0000
 ------------------------------------------------------------------------------


 NSTEP =     9500   TIME(PS) =      24.750  TEMP(K) =   301.34  PRESS =     0.0
 Etot   =    -51796.9999  EKtot   =     20731.7422  EPtot      =    -72528.7421
 BOND   =     12692.9560  ANGLE   =      1076.6114  DIHED      =      1337.1760
 1-4 NB =       462.3128  1-4 EEL =      4672.2850  VDWAALS    =     13027.3249
 EELEC  =   -105797.4082  EHBOND  =         0.0000  RESTRAINT  =         0.0000
 ------------------------------------------------------------------------------

check COM velocity, temp:        0.000005     0.00(Removed)

 NSTEP =    10000   TIME(PS) =      25.000  TEMP(K) =   301.87  PRESS =     0.0
 Etot   =    -51797.8568  EKtot   =     20768.3457  EPtot      =    -72566.2025
 BOND   =     12734.0439  ANGLE   =      1082.3669  DIHED      =      1341.4929
 1-4 NB =       435.2597  1-4 EEL =      4638.9120  VDWAALS    =     12920.7445
 EELEC  =   -105719.0223  EHBOND  =         0.0000  RESTRAINT  =         0.0000
 ------------------------------------------------------------------------------


 NSTEP =    10500   TIME(PS) =      25.250  TEMP(K) =   300.42  PRESS =     0.0
 Etot   =    -51800.7659  EKtot   =     20668.9863  EPtot      =    -72469.7522
 BOND   =     12877.3970  ANGLE   =      1043.7695  DIHED      =      1324.0561
 1-4 NB =       434.0486  1-4 EEL =      4628.6610  VDWAALS    =     12638.4631
 EELEC  =   -105416.1475  EHBOND  =         0.0000  RESTRAINT  =         0.0000
 ------------------------------------------------------------------------------

check COM velocity, temp:        0.000005     0.00(Removed)

 NSTEP =    11000   TIME(PS) =      25.500  TEMP(K) =   300.36  PRESS =     0.0
 Etot   =    -51798.8487  EKtot   =     20664.8457  EPtot      =    -72463.6944
 BOND   =     12961.9562  ANGLE   =      1026.5873  DIHED      =      1339.6815
 1-4 NB =       450.3312  1-4 EEL =      4698.1608  VDWAALS    =     12812.2742
 EELEC  =   -105752.6856  EHBOND  =         0.0000  RESTRAINT  =         0.0000
 ------------------------------------------------------------------------------


 NSTEP =    11500   TIME(PS) =      25.750  TEMP(K) =   298.37  PRESS =     0.0
 Etot   =    -51795.3461  EKtot   =     20527.9551  EPtot      =    -72323.3011
 BOND   =     13017.4186  ANGLE   =      1024.3001  DIHED      =      1324.7316
 1-4 NB =       454.6606  1-4 EEL =      4673.8151  VDWAALS    =     12682.1607
 EELEC  =   -105500.3879  EHBOND  =         0.0000  RESTRAINT  =         0.0000
 ------------------------------------------------------------------------------

check COM velocity, temp:        0.000008     0.00(Removed)

 NSTEP =    12000   TIME(PS) =      26.000  TEMP(K) =   301.80  PRESS =     0.0
 Etot   =    -51800.4438  EKtot   =     20763.6699  EPtot      =    -72564.1137
 BOND   =     12837.8258  ANGLE   =      1042.2554  DIHED      =      1303.7251
 1-4 NB =       438.2064  1-4 EEL =      4660.4373  VDWAALS    =     12637.8163
 EELEC  =   -105484.3799  EHBOND  =         0.0000  RESTRAINT  =         0.0000
 ------------------------------------------------------------------------------


 NSTEP =    12500   TIME(PS) =      26.250  TEMP(K) =   303.21  PRESS =     0.0
 Etot   =    -51800.5369  EKtot   =     20860.5039  EPtot      =    -72661.0408
 BOND   =     12805.2813  ANGLE   =      1042.5327  DIHED      =      1311.9253
 1-4 NB =       437.7091  1-4 EEL =      4668.0384  VDWAALS    =     12963.9481
 EELEC  =   -105890.4758  EHBOND  =         0.0000  RESTRAINT  =         0.0000
 ------------------------------------------------------------------------------

check COM velocity, temp:        0.000006     0.00(Removed)

 NSTEP =    13000   TIME(PS) =      26.500  TEMP(K) =   300.88  PRESS =     0.0
 Etot   =    -51801.9332  EKtot   =     20700.3926  EPtot      =    -72502.3258
 BOND   =     12716.2819  ANGLE   =      1041.8396  DIHED      =      1323.5663
 1-4 NB =       433.6409  1-4 EEL =      4654.3622  VDWAALS    =     12667.2899
 EELEC  =   -105339.3067  EHBOND  =         0.0000  RESTRAINT  =         0.0000
 ------------------------------------------------------------------------------


 NSTEP =    13500   TIME(PS) =      26.750  TEMP(K) =   299.64  PRESS =     0.0
 Etot   =    -51800.0372  EKtot   =     20614.9004  EPtot      =    -72414.9376
 BOND   =     12764.4364  ANGLE   =      1044.4097  DIHED      =      1325.6723
 1-4 NB =       461.0096  1-4 EEL =      4662.5142  VDWAALS    =     12813.1669
 EELEC  =   -105486.1467  EHBOND  =         0.0000  RESTRAINT  =         0.0000
 ------------------------------------------------------------------------------

check COM velocity, temp:        0.000007     0.00(Removed)

 NSTEP =    14000   TIME(PS) =      27.000  TEMP(K) =   299.88  PRESS =     0.0
 Etot   =    -51800.4333  EKtot   =     20631.4160  EPtot      =    -72431.8494
 BOND   =     12911.9141  ANGLE   =      1069.3947  DIHED      =      1325.2278
 1-4 NB =       452.3185  1-4 EEL =      4618.5196  VDWAALS    =     12791.1911
 EELEC  =   -105600.4152  EHBOND  =         0.0000  RESTRAINT  =         0.0000
 ------------------------------------------------------------------------------


 NSTEP =    14500   TIME(PS) =      27.250  TEMP(K) =   300.45  PRESS =     0.0
 Etot   =    -51799.7700  EKtot   =     20670.7012  EPtot      =    -72470.4712
 BOND   =     12930.0520  ANGLE   =      1052.0934  DIHED      =      1290.1624
 1-4 NB =       445.7614  1-4 EEL =      4636.1670  VDWAALS    =     12490.3165
 EELEC  =   -105315.0238  EHBOND  =         0.0000  RESTRAINT  =         0.0000
 ------------------------------------------------------------------------------

check COM velocity, temp:        0.000006     0.00(Removed)

 NSTEP =    15000   TIME(PS) =      27.500  TEMP(K) =   301.70  PRESS =     0.0
 Etot   =    -51797.9089  EKtot   =     20756.5586  EPtot      =    -72554.4674
 BOND   =     12986.8619  ANGLE   =      1094.3086  DIHED      =      1342.7622
 1-4 NB =       419.0104  1-4 EEL =      4650.4512  VDWAALS    =     12719.3983
 EELEC  =   -105767.2600  EHBOND  =         0.0000  RESTRAINT  =         0.0000
 ------------------------------------------------------------------------------


 NSTEP =    15500   TIME(PS) =      27.750  TEMP(K) =   302.15  PRESS =     0.0
 Etot   =    -51801.2842  EKtot   =     20787.4883  EPtot      =    -72588.7725
 BOND   =     12806.7145  ANGLE   =      1041.6258  DIHED      =      1326.7768
 1-4 NB =       447.1223  1-4 EEL =      4622.1572  VDWAALS    =     13063.9472
 EELEC  =   -105897.1163  EHBOND  =         0.0000  RESTRAINT  =         0.0000
 ------------------------------------------------------------------------------

check COM velocity, temp:        0.000004     0.00(Removed)

 NSTEP =    16000   TIME(PS) =      28.000  TEMP(K) =   301.66  PRESS =     0.0
 Etot   =    -51800.7988  EKtot   =     20754.2285  EPtot      =    -72555.0273
 BOND   =     12699.0618  ANGLE   =      1048.0932  DIHED      =      1338.3470
 1-4 NB =       436.0755  1-4 EEL =      4661.2110  VDWAALS    =     12601.0377
 EELEC  =   -105338.8536  EHBOND  =         0.0000  RESTRAINT  =         0.0000
 ------------------------------------------------------------------------------


 NSTEP =    16500   TIME(PS) =      28.250  TEMP(K) =   302.05  PRESS =     0.0
 Etot   =    -51801.7549  EKtot   =     20780.6133  EPtot      =    -72582.3682
 BOND   =     12778.5152  ANGLE   =      1031.0366  DIHED      =      1315.4895
 1-4 NB =       440.8739  1-4 EEL =      4667.5799  VDWAALS    =     12728.1947
 EELEC  =   -105544.0581  EHBOND  =         0.0000  RESTRAINT  =         0.0000
 ------------------------------------------------------------------------------

check COM velocity, temp:        0.000005     0.00(Removed)

 NSTEP =    17000   TIME(PS) =      28.500  TEMP(K) =   302.87  PRESS =     0.0
 Etot   =    -51802.9722  EKtot   =     20837.5684  EPtot      =    -72640.5405
 BOND   =     13010.9162  ANGLE   =      1027.3169  DIHED      =      1302.2083
 1-4 NB =       425.5059  1-4 EEL =      4647.5752  VDWAALS    =     12764.5346
 EELEC  =   -105818.5976  EHBOND  =         0.0000  RESTRAINT  =         0.0000
 ------------------------------------------------------------------------------


 NSTEP =    17500   TIME(PS) =      28.750  TEMP(K) =   300.60  PRESS =     0.0
 Etot   =    -51802.0213  EKtot   =     20681.1777  EPtot      =    -72483.1990
 BOND   =     12882.1388  ANGLE   =      1081.8074  DIHED      =      1332.1464
 1-4 NB =       431.8825  1-4 EEL =      4626.8900  VDWAALS    =     12774.8440
 EELEC  =   -105612.9080  EHBOND  =         0.0000  RESTRAINT  =         0.0000
 ------------------------------------------------------------------------------

check COM velocity, temp:        0.000003     0.00(Removed)

 NSTEP =    18000   TIME(PS) =      29.000  TEMP(K) =   303.05  PRESS =     0.0
 Etot   =    -51802.7309  EKtot   =     20849.5332  EPtot      =    -72652.2641
 BOND   =     12692.1387  ANGLE   =      1030.1949  DIHED      =      1338.1870
 1-4 NB =       442.7328  1-4 EEL =      4637.9304  VDWAALS    =     12879.7921
 EELEC  =   -105673.2399  EHBOND  =         0.0000  RESTRAINT  =         0.0000
 ------------------------------------------------------------------------------


 NSTEP =    18500   TIME(PS) =      29.250  TEMP(K) =   303.27  PRESS =     0.0
 Etot   =    -51805.3358  EKtot   =     20864.6777  EPtot      =    -72670.0135
 BOND   =     12727.4240  ANGLE   =      1048.9652  DIHED      =      1326.2469
 1-4 NB =       438.4215  1-4 EEL =      4615.3756  VDWAALS    =     12662.7244
 EELEC  =   -105489.1710  EHBOND  =         0.0000  RESTRAINT  =         0.0000
 ------------------------------------------------------------------------------

check COM velocity, temp:        0.000005     0.00(Removed)

 NSTEP =    19000   TIME(PS) =      29.500  TEMP(K) =   301.47  PRESS =     0.0
 Etot   =    -51807.4395  EKtot   =     20741.2227  EPtot      =    -72548.6621
 BOND   =     12854.6892  ANGLE   =      1060.4632  DIHED      =      1328.8836
 1-4 NB =       449.4480  1-4 EEL =      4641.4824  VDWAALS    =     12633.1231
 EELEC  =   -105516.7516  EHBOND  =         0.0000  RESTRAINT  =         0.0000
 ------------------------------------------------------------------------------


 NSTEP =    19500   TIME(PS) =      29.750  TEMP(K) =   302.01  PRESS =     0.0
 Etot   =    -51804.5714  EKtot   =     20778.1641  EPtot      =    -72582.7355
 BOND   =     12802.3127  ANGLE   =      1045.0788  DIHED      =      1306.2591
 1-4 NB =       450.2440  1-4 EEL =      4628.3461  VDWAALS    =     12958.2463
 EELEC  =   -105773.2225  EHBOND  =         0.0000  RESTRAINT  =         0.0000
 ------------------------------------------------------------------------------

check COM velocity, temp:        0.000004     0.00(Removed)

 NSTEP =    20000   TIME(PS) =      30.000  TEMP(K) =   301.60  PRESS =     0.0
 Etot   =    -51800.1400  EKtot   =     20749.6211  EPtot      =    -72549.7611
 BOND   =     12857.5469  ANGLE   =      1049.9191  DIHED      =      1344.2584
 1-4 NB =       447.3659  1-4 EEL =      4656.5212  VDWAALS    =     12459.9614
 EELEC  =   -105365.3340  EHBOND  =         0.0000  RESTRAINT  =         0.0000
 ------------------------------------------------------------------------------


      A V E R A G E S   O V E R      40 S T E P S


 NSTEP =    20000   TIME(PS) =      30.000  TEMP(K) =   301.03  PRESS =     0.0
 Etot   =    -51801.1582  EKtot   =     20710.4173  EPtot      =    -72511.5754
 BOND   =     12831.3666  ANGLE   =      1045.0295  DIHED      =      1330.9865
 1-4 NB =       442.3695  1-4 EEL =      4640.3755  VDWAALS    =     12728.4170
 EELEC  =   -105530.1199  EHBOND  =         0.0000  RESTRAINT  =         0.0000
 ------------------------------------------------------------------------------


      R M S  F L U C T U A T I O N S


 NSTEP =    20000   TIME(PS) =      30.000  TEMP(K) =     1.28  PRESS =     0.0
 Etot   =         2.3714  EKtot   =        88.3208  EPtot      =        89.3784
 BOND   =        88.6470  ANGLE   =        23.0505  DIHED      =        15.6404
 1-4 NB =        11.0956  1-4 EEL =        26.6286  VDWAALS    =       138.5965
 EELEC  =       197.7147  EHBOND  =         0.0000  RESTRAINT  =         0.0000
|E(PBS) =         0.6940
 ------------------------------------------------------------------------------

--------------------------------------------------------------------------------
   5.  TIMINGS
--------------------------------------------------------------------------------

|  NonSetup CPU Time in Major Routines:
|
|     Routine           Sec        %
|     ------------------------------
|     Nonbond           4.13   10.65
|     Bond              0.00    0.00
|     Angle             0.00    0.00
|     Dihedral          0.00    0.00
|     Shake             0.00    0.00
|     RunMD            34.58   89.24
|     Other             0.04    0.10
|     ------------------------------
|     Total            38.74

|  PME Nonbond Pairlist CPU Time:
|
|     Routine              Sec        %
|     ---------------------------------
|     Set Up Cit           0.00    0.00
|     Build List           0.00    0.00
|     ---------------------------------
|     Total                0.00    0.00

|  PME Direct Force CPU Time:
|
|     Routine              Sec        %
|     ---------------------------------
|     NonBonded Calc       0.00    0.00
|     Exclude Masked       0.00    0.00
|     Other                0.02    0.05
|     ---------------------------------
|     Total                0.02    0.05

|  PME Reciprocal Force CPU Time:
|
|     Routine              Sec        %
|     ---------------------------------
|     1D bspline           0.00    0.00
|     Grid Charges         0.00    0.00
|     Scalar Sum           0.00    0.00
|     Gradient Sum         0.00    0.00
|     FFT                  0.00    0.00
|     ---------------------------------
|     Total                0.00    0.00

|  Final Performance Info:
|     -----------------------------------------------------
|     Average timings for last   19500 steps:
|     Elapsed(s) =      41.56 Per Step(ms) =       2.13
|         ns/day =      20.27   seconds/ns =    4262.09
|
|     Average timings for all steps:
|     Elapsed(s) =      42.50 Per Step(ms) =       2.13
|         ns/day =      20.33   seconds/ns =    4250.37
|     -----------------------------------------------------

|  Setup CPU time:            2.72 seconds
|  NonSetup CPU time:        38.74 seconds
|  Total CPU time:           41.47 seconds     0.01 hours

|  Setup wall time:           3    seconds
|  NonSetup wall time:       42    seconds
|  Total wall time:          45    seconds     0.01 hours
