
          -------------------------------------------------------
          Amber 16 PMEMD                              2016
          -------------------------------------------------------

| PMEMD implementation of SANDER, Release 16

| Run on 08/24/2017 at 13:10:26

|   Executable path: /apps/amber16/bin/pmemd.cuda
| Working directory: /scratch/pbarletta/pdz/run/lb/neq/data/3
|          Hostname: mordor

  [-O]verwriting output

File Assignments:
|   MDIN: pdt.in                                                                
|  MDOUT: 217plb_3.out                                                          
| INPCRD: ../2/217plb_2.rst7                                                    
|   PARM: /scratch/pbarletta/pdz/top_files/lb.prmtop                            
| RESTRT: 217plb_3.rst7                                                         
|   REFC: refc                                                                  
|  MDVEL: mdvel                                                                 
|   MDEN: mden                                                                  
|  MDCRD: 217plb_3.nc                                                           
| MDINFO: mdinfo                                                                
|  MDFRC: mdfrc                                                                 


 Here is the input file:

!NVE run                                                                       
&cntrl                                                                         
imin = 0,                           ! No Minimization                          
nmropt = 0,                         ! No NMR restraints read                   
                                                                               
! Nature and format of the input                                               
ntx = 5,                            ! Coordinates and velocities will be read  
irest = 1,                          ! Do not run a new simulation              
                                                                               
! Nature and format of the output                                              
ioutfm = 1,			    ! NetCDF format for output files                             
ntxo = 1,                           ! rstrt file in ASCII format               
ntpr = 500,                         ! inf in output every ntpr steps           
ntwr = 500,                         ! rstrt file every ntwr steps              
ntwx = 20,                          ! mdcrd file every ntwx steps              
ntwv = -1,                          ! mdvel without velocities                 
ntwe = 0,                           ! Energies and temperatures not written in 
idecomp = 0,                        ! No energy decomposition                  
iwrap = 1,                          ! Coordinates of the restart and mdcrd file
                                                                               
! Frozen or restrained atoms                                                   
ibelly = 0,                         ! No frozen atoms                          
ntr=0,                              ! Harmonic potential restraints            
                                                                               
! Molecular dynamics                                                           
nstlim = 20000,                     ! Number of MD-steps                       
dt = 0.0005,                        ! Time step                                
                                                                               
! Temperature regulation                                                       
ntt = 0,                            ! Constant total energy                    
                                                                               
! P and V regulation                                                           
ntp = 0,                            ! No P control                             
ntb = 1,                            ! constant V                               
                                                                               
! SHAKE variables                                                              
ntc = 1,                            ! Bonds involving H are constrained        
ntf = 1,                            ! Bond interaction involving H are ommited.
                                                                               
cut = 9.0,                          ! Nonbonded cutoff                         
/                                                                              
&end                                                                           


Note: ig = -1. Setting random seed to   217612 based on wallclock time in 
      microseconds.
| irandom = 1, using AMBER's internal random number generator (default).
 
|--------------------- INFORMATION ----------------------
| GPU (CUDA) Version of PMEMD in use: NVIDIA GPU IN USE.
|                    Version 16.0.0
| 
|                      02/25/2016
| 
| Implementation by:
|                    Ross C. Walker     (SDSC)
|                    Scott Le Grand     (nVIDIA)
| 
| Precision model in use:
|      [SPFP] - Single Precision Forces, 64-bit Fixed Point
|               Accumulation. (Default)
| 
|--------------------------------------------------------
 
|----------------- CITATION INFORMATION -----------------
|
|    When publishing work that utilized the CUDA version
|    of AMBER, please cite the following in addition to
|    the regular AMBER citations:
|
|  - Romelia Salomon-Ferrer; Andreas W. Goetz; Duncan
|    Poole; Scott Le Grand; Ross C. Walker "Routine
|    microsecond molecular dynamics simulations with
|    AMBER - Part II: Particle Mesh Ewald", J. Chem.
|    Theory Comput., 2013, 9 (9), pp3878-3888,
|    DOI: 10.1021/ct400314y.
|
|  - Andreas W. Goetz; Mark J. Williamson; Dong Xu;
|    Duncan Poole; Scott Le Grand; Ross C. Walker
|    "Routine microsecond molecular dynamics simulations
|    with AMBER - Part I: Generalized Born", J. Chem.
|    Theory Comput., 2012, 8 (5), pp1542-1555.
|
|  - Scott Le Grand; Andreas W. Goetz; Ross C. Walker
|    "SPFP: Speed without compromise - a mixed precision
|    model for GPU accelerated molecular dynamics
|    simulations.", Comp. Phys. Comm., 2013, 184
|    pp374-380, DOI: 10.1016/j.cpc.2012.09.022
|
|--------------------------------------------------------
 
|------------------- GPU DEVICE INFO --------------------
|
|            CUDA_VISIBLE_DEVICES: 1
|   CUDA Capable Devices Detected:      1
|           CUDA Device ID in use:      0
|                CUDA Device Name: GeForce GTX TITAN
|     CUDA Device Global Mem Size:   6082 MB
| CUDA Device Num Multiprocessors:     14
|           CUDA Device Core Freq:   0.93 GHz
|
|--------------------------------------------------------
 
 
| Conditional Compilation Defines Used:
| PUBFFT
| BINTRAJ
| CUDA
| EMIL

| Largest sphere to fit in unit cell has radius =    26.281

| New format PARM file being parsed.
| Version =    1.000 Date = 09/04/12 Time = 16:08:43

| Note: 1-4 EEL scale factors are being read from the topology file.

| Note: 1-4 VDW scale factors are being read from the topology file.
| Duplicated    0 dihedrals

| Duplicated    0 dihedrals

--------------------------------------------------------------------------------
   1.  RESOURCE   USE: 
--------------------------------------------------------------------------------

 getting new box info from bottom of inpcrd
 NATOM  =   23082 NTYPES =      16 NBONH =   22055 MBONA  =    1038
 NTHETH =    2390 MTHETA =    1396 NPHIH =    4631 MPHIA  =    3488
 NHPARM =       0 NPARM  =       0 NNB   =   39434 NRES   =    7134
 NBONA  =    1038 NTHETA =    1396 NPHIA =    3488 NUMBND =      41
 NUMANG =      86 NPTRA  =      41 NATYP =      28 NPHB   =       1
 IFBOX  =       1 NMXRS  =      24 IFCAP =       0 NEXTRA =       0
 NCOPY  =       0

| Coordinate Index Table dimensions:    12   14   10
| Direct force subcell size =     5.0212    5.2012    5.2562

     BOX TYPE: RECTILINEAR

--------------------------------------------------------------------------------
   2.  CONTROL  DATA  FOR  THE  RUN
--------------------------------------------------------------------------------

default_name                                                                    

General flags:
     imin    =       0, nmropt  =       0

Nature and format of input:
     ntx     =       5, irest   =       1, ntrx    =       1

Nature and format of output:
     ntxo    =       1, ntpr    =     500, ntrx    =       1, ntwr    =     500
     iwrap   =       1, ntwx    =      20, ntwv    =      -1, ntwe    =       0
     ioutfm  =       1, ntwprt  =       0, idecomp =       0, rbornstat=      0

Potential function:
     ntf     =       1, ntb     =       1, igb     =       0, nsnb    =      25
     ipol    =       0, gbsa    =       0, iesp    =       0
     dielc   =   1.00000, cut     =   9.00000, intdiel =   1.00000

Frozen or restrained atoms:
     ibelly  =       0, ntr     =       0

Molecular dynamics:
     nstlim  =     20000, nscm    =      1000, nrespa  =         1
     t       =   0.00000, dt      =   0.00050, vlimit  =  -1.00000

| Intermolecular bonds treatment:
|     no_intermolecular_bonds =       1

| Energy averages sample interval:
|     ene_avg_sampling =     500

Ewald parameters:
     verbose =       0, ew_type =       0, nbflag  =       1, use_pme =       1
     vdwmeth =       1, eedmeth =       1, netfrc  =       1
     Box X =   60.254   Box Y =   72.816   Box Z =   52.562
     Alpha =   90.000   Beta  =   90.000   Gamma =   90.000
     NFFT1 =   64       NFFT2 =   80       NFFT3 =   56
     Cutoff=    9.000   Tol   =0.100E-04
     Ewald Coefficient =  0.30768
     Interpolation order =    4

--------------------------------------------------------------------------------
   3.  ATOMIC COORDINATES AND VELOCITIES
--------------------------------------------------------------------------------

default_name                                                                    
 begin time read from input coords =    20.000 ps

 
 Number of triangulated 3-point waters found:     7002

     Sum of charges from parm topology file =  -0.00000008
     Forcing neutrality...

| Dynamic Memory, Types Used:
| Reals              710578
| Integers           737140

| Nonbonded Pairs Initial Allocation:     5262696

| GPU memory information (estimate):
| KB of GPU memory in use:     63171
| KB of CPU memory in use:     27891

--------------------------------------------------------------------------------
   4.  RESULTS
--------------------------------------------------------------------------------

 ---------------------------------------------------
 APPROXIMATING switch and d/dx switch using CUBIC SPLINE INTERPOLATION
 using   5000.0 points per unit in tabled values
 TESTING RELATIVE ERROR over r ranging from 0.0 to cutoff
| CHECK switch(x): max rel err =   0.2738E-14   at   2.422500
| CHECK d/dx switch(x): max rel err =   0.8314E-11   at   2.736960
 ---------------------------------------------------
|---------------------------------------------------
| APPROXIMATING direct energy using CUBIC SPLINE INTERPOLATION
|  with   50.0 points per unit in tabled values
| Relative Error Limit not exceeded for r .gt.   2.39
| APPROXIMATING direct force using CUBIC SPLINE INTERPOLATION
|  with   50.0 points per unit in tabled values
| Relative Error Limit not exceeded for r .gt.   2.84
|---------------------------------------------------

 NSTEP =      500   TIME(PS) =      20.250  TEMP(K) =   300.20  PRESS =     0.0
 Etot   =    -52121.9103  EKtot   =     20653.8809  EPtot      =    -72775.7911
 BOND   =     12587.5081  ANGLE   =      1031.5555  DIHED      =      1330.6491
 1-4 NB =       448.9862  1-4 EEL =      4664.0610  VDWAALS    =     12683.4889
 EELEC  =   -105522.0398  EHBOND  =         0.0000  RESTRAINT  =         0.0000
 ------------------------------------------------------------------------------

check COM velocity, temp:        0.003574     0.01(Removed)

 NSTEP =     1000   TIME(PS) =      20.500  TEMP(K) =   299.55  PRESS =     0.0
 Etot   =    -52118.7284  EKtot   =     20608.9219  EPtot      =    -72727.6502
 BOND   =     12760.0813  ANGLE   =      1008.4058  DIHED      =      1318.4192
 1-4 NB =       443.1096  1-4 EEL =      4698.1739  VDWAALS    =     12577.6003
 EELEC  =   -105533.4404  EHBOND  =         0.0000  RESTRAINT  =         0.0000
 ------------------------------------------------------------------------------


 NSTEP =     1500   TIME(PS) =      20.750  TEMP(K) =   299.49  PRESS =     0.0
 Etot   =    -52117.9649  EKtot   =     20604.6406  EPtot      =    -72722.6056
 BOND   =     12826.7799  ANGLE   =      1054.4814  DIHED      =      1326.0494
 1-4 NB =       431.7641  1-4 EEL =      4644.6038  VDWAALS    =     12814.4425
 EELEC  =   -105820.7267  EHBOND  =         0.0000  RESTRAINT  =         0.0000
 ------------------------------------------------------------------------------

check COM velocity, temp:        0.000004     0.00(Removed)

 NSTEP =     2000   TIME(PS) =      21.000  TEMP(K) =   301.52  PRESS =     0.0
 Etot   =    -52119.6657  EKtot   =     20744.1953  EPtot      =    -72863.8610
 BOND   =     12868.7394  ANGLE   =      1001.0748  DIHED      =      1302.0765
 1-4 NB =       456.6983  1-4 EEL =      4689.0385  VDWAALS    =     12933.0359
 EELEC  =   -106114.5243  EHBOND  =         0.0000  RESTRAINT  =         0.0000
 ------------------------------------------------------------------------------


 NSTEP =     2500   TIME(PS) =      21.250  TEMP(K) =   297.79  PRESS =     0.0
 Etot   =    -52118.8988  EKtot   =     20487.7676  EPtot      =    -72606.6664
 BOND   =     12627.0516  ANGLE   =      1019.6370  DIHED      =      1318.0389
 1-4 NB =       437.5397  1-4 EEL =      4667.5971  VDWAALS    =     12796.9136
 EELEC  =   -105473.4442  EHBOND  =         0.0000  RESTRAINT  =         0.0000
 ------------------------------------------------------------------------------

check COM velocity, temp:        0.000006     0.00(Removed)

 NSTEP =     3000   TIME(PS) =      21.500  TEMP(K) =   301.26  PRESS =     0.0
 Etot   =    -52118.0419  EKtot   =     20726.6055  EPtot      =    -72844.6474
 BOND   =     12769.2103  ANGLE   =       999.8541  DIHED      =      1304.1696
 1-4 NB =       433.8945  1-4 EEL =      4668.1956  VDWAALS    =     12904.9480
 EELEC  =   -105924.9195  EHBOND  =         0.0000  RESTRAINT  =         0.0000
 ------------------------------------------------------------------------------


 NSTEP =     3500   TIME(PS) =      21.750  TEMP(K) =   298.91  PRESS =     0.0
 Etot   =    -52118.6588  EKtot   =     20565.1582  EPtot      =    -72683.8170
 BOND   =     12845.4975  ANGLE   =      1029.3785  DIHED      =      1314.5205
 1-4 NB =       435.8569  1-4 EEL =      4664.9681  VDWAALS    =     12769.7663
 EELEC  =   -105743.8049  EHBOND  =         0.0000  RESTRAINT  =         0.0000
 ------------------------------------------------------------------------------

check COM velocity, temp:        0.000005     0.00(Removed)

 NSTEP =     4000   TIME(PS) =      22.000  TEMP(K) =   298.23  PRESS =     0.0
 Etot   =    -52118.0297  EKtot   =     20518.3301  EPtot      =    -72636.3597
 BOND   =     12822.4110  ANGLE   =      1054.6957  DIHED      =      1326.1304
 1-4 NB =       435.2693  1-4 EEL =      4653.6555  VDWAALS    =     12548.4473
 EELEC  =   -105476.9688  EHBOND  =         0.0000  RESTRAINT  =         0.0000
 ------------------------------------------------------------------------------


 NSTEP =     4500   TIME(PS) =      22.250  TEMP(K) =   296.95  PRESS =     0.0
 Etot   =    -52121.2742  EKtot   =     20429.9590  EPtot      =    -72551.2332
 BOND   =     12799.6106  ANGLE   =      1020.8180  DIHED      =      1331.7706
 1-4 NB =       441.9232  1-4 EEL =      4678.2197  VDWAALS    =     12418.9776
 EELEC  =   -105242.5528  EHBOND  =         0.0000  RESTRAINT  =         0.0000
 ------------------------------------------------------------------------------

check COM velocity, temp:        0.000004     0.00(Removed)

 NSTEP =     5000   TIME(PS) =      22.500  TEMP(K) =   298.18  PRESS =     0.0
 Etot   =    -52118.1688  EKtot   =     20514.8379  EPtot      =    -72633.0067
 BOND   =     12829.1659  ANGLE   =      1090.6144  DIHED      =      1339.6470
 1-4 NB =       431.8982  1-4 EEL =      4678.4837  VDWAALS    =     12977.3204
 EELEC  =   -105980.1364  EHBOND  =         0.0000  RESTRAINT  =         0.0000
 ------------------------------------------------------------------------------


 NSTEP =     5500   TIME(PS) =      22.750  TEMP(K) =   298.58  PRESS =     0.0
 Etot   =    -52113.9304  EKtot   =     20542.2422  EPtot      =    -72656.1726
 BOND   =     12828.8155  ANGLE   =      1014.0090  DIHED      =      1301.8118
 1-4 NB =       455.3310  1-4 EEL =      4688.9903  VDWAALS    =     12875.7081
 EELEC  =   -105820.8383  EHBOND  =         0.0000  RESTRAINT  =         0.0000
 ------------------------------------------------------------------------------

check COM velocity, temp:        0.000004     0.00(Removed)

 NSTEP =     6000   TIME(PS) =      23.000  TEMP(K) =   299.20  PRESS =     0.0
 Etot   =    -52117.4352  EKtot   =     20585.1250  EPtot      =    -72702.5602
 BOND   =     12830.4624  ANGLE   =      1050.7214  DIHED      =      1312.1315
 1-4 NB =       435.6197  1-4 EEL =      4616.7603  VDWAALS    =     12852.0217
 EELEC  =   -105800.2771  EHBOND  =         0.0000  RESTRAINT  =         0.0000
 ------------------------------------------------------------------------------


 NSTEP =     6500   TIME(PS) =      23.250  TEMP(K) =   299.85  PRESS =     0.0
 Etot   =    -52119.0296  EKtot   =     20629.7227  EPtot      =    -72748.7522
 BOND   =     12840.9879  ANGLE   =      1051.2266  DIHED      =      1317.2368
 1-4 NB =       455.5126  1-4 EEL =      4675.2354  VDWAALS    =     12673.0938
 EELEC  =   -105762.0454  EHBOND  =         0.0000  RESTRAINT  =         0.0000
 ------------------------------------------------------------------------------

check COM velocity, temp:        0.000004     0.00(Removed)

 NSTEP =     7000   TIME(PS) =      23.500  TEMP(K) =   301.43  PRESS =     0.0
 Etot   =    -52118.9742  EKtot   =     20737.9336  EPtot      =    -72856.9078
 BOND   =     12874.3705  ANGLE   =      1059.4928  DIHED      =      1316.6881
 1-4 NB =       432.7384  1-4 EEL =      4634.4640  VDWAALS    =     12908.9800
 EELEC  =   -106083.6415  EHBOND  =         0.0000  RESTRAINT  =         0.0000
 ------------------------------------------------------------------------------


 NSTEP =     7500   TIME(PS) =      23.750  TEMP(K) =   296.28  PRESS =     0.0
 Etot   =    -52120.7476  EKtot   =     20383.6875  EPtot      =    -72504.4351
 BOND   =     12890.4488  ANGLE   =      1062.3636  DIHED      =      1304.8479
 1-4 NB =       438.6423  1-4 EEL =      4667.1908  VDWAALS    =     12692.9271
 EELEC  =   -105560.8556  EHBOND  =         0.0000  RESTRAINT  =         0.0000
 ------------------------------------------------------------------------------

check COM velocity, temp:        0.000004     0.00(Removed)

 NSTEP =     8000   TIME(PS) =      24.000  TEMP(K) =   300.47  PRESS =     0.0
 Etot   =    -52124.8213  EKtot   =     20672.2656  EPtot      =    -72797.0869
 BOND   =     12729.6195  ANGLE   =      1029.8077  DIHED      =      1322.8506
 1-4 NB =       446.8643  1-4 EEL =      4686.9525  VDWAALS    =     12956.5054
 EELEC  =   -105969.6869  EHBOND  =         0.0000  RESTRAINT  =         0.0000
 ------------------------------------------------------------------------------


 NSTEP =     8500   TIME(PS) =      24.250  TEMP(K) =   300.47  PRESS =     0.0
 Etot   =    -52124.2898  EKtot   =     20672.1445  EPtot      =    -72796.4343
 BOND   =     12810.9499  ANGLE   =      1029.0777  DIHED      =      1326.7144
 1-4 NB =       452.2695  1-4 EEL =      4618.7522  VDWAALS    =     13007.7880
 EELEC  =   -106041.9859  EHBOND  =         0.0000  RESTRAINT  =         0.0000
 ------------------------------------------------------------------------------

check COM velocity, temp:        0.000005     0.00(Removed)

 NSTEP =     9000   TIME(PS) =      24.500  TEMP(K) =   300.73  PRESS =     0.0
 Etot   =    -52123.3847  EKtot   =     20690.0840  EPtot      =    -72813.4687
 BOND   =     12781.0329  ANGLE   =      1019.3050  DIHED      =      1329.8321
 1-4 NB =       448.8920  1-4 EEL =      4704.8127  VDWAALS    =     12804.6548
 EELEC  =   -105901.9980  EHBOND  =         0.0000  RESTRAINT  =         0.0000
 ------------------------------------------------------------------------------


 NSTEP =     9500   TIME(PS) =      24.750  TEMP(K) =   299.07  PRESS =     0.0
 Etot   =    -52119.4914  EKtot   =     20576.2266  EPtot      =    -72695.7180
 BOND   =     12864.5994  ANGLE   =      1052.9267  DIHED      =      1330.6499
 1-4 NB =       446.6279  1-4 EEL =      4659.9913  VDWAALS    =     12762.6290
 EELEC  =   -105813.1422  EHBOND  =         0.0000  RESTRAINT  =         0.0000
 ------------------------------------------------------------------------------

check COM velocity, temp:        0.000010     0.00(Removed)

 NSTEP =    10000   TIME(PS) =      25.000  TEMP(K) =   299.67  PRESS =     0.0
 Etot   =    -52120.4625  EKtot   =     20617.0156  EPtot      =    -72737.4781
 BOND   =     12839.1538  ANGLE   =      1011.4953  DIHED      =      1316.4448
 1-4 NB =       445.2671  1-4 EEL =      4687.7151  VDWAALS    =     12874.5090
 EELEC  =   -105912.0633  EHBOND  =         0.0000  RESTRAINT  =         0.0000
 ------------------------------------------------------------------------------


 NSTEP =    10500   TIME(PS) =      25.250  TEMP(K) =   300.76  PRESS =     0.0
 Etot   =    -52121.8475  EKtot   =     20691.9746  EPtot      =    -72813.8221
 BOND   =     12717.4272  ANGLE   =      1027.8195  DIHED      =      1318.7017
 1-4 NB =       448.2484  1-4 EEL =      4690.4369  VDWAALS    =     12794.3239
 EELEC  =   -105810.7796  EHBOND  =         0.0000  RESTRAINT  =         0.0000
 ------------------------------------------------------------------------------

check COM velocity, temp:        0.000004     0.00(Removed)

 NSTEP =    11000   TIME(PS) =      25.500  TEMP(K) =   297.26  PRESS =     0.0
 Etot   =    -52121.6885  EKtot   =     20451.6914  EPtot      =    -72573.3799
 BOND   =     12718.2504  ANGLE   =      1052.0455  DIHED      =      1297.6757
 1-4 NB =       450.2509  1-4 EEL =      4698.0169  VDWAALS    =     12884.8438
 EELEC  =   -105674.4630  EHBOND  =         0.0000  RESTRAINT  =         0.0000
 ------------------------------------------------------------------------------


 NSTEP =    11500   TIME(PS) =      25.750  TEMP(K) =   298.86  PRESS =     0.0
 Etot   =    -52121.8999  EKtot   =     20561.5195  EPtot      =    -72683.4195
 BOND   =     12696.4841  ANGLE   =      1023.0675  DIHED      =      1331.8846
 1-4 NB =       434.7501  1-4 EEL =      4611.3313  VDWAALS    =     12798.3464
 EELEC  =   -105579.2834  EHBOND  =         0.0000  RESTRAINT  =         0.0000
 ------------------------------------------------------------------------------

check COM velocity, temp:        0.000004     0.00(Removed)

 NSTEP =    12000   TIME(PS) =      26.000  TEMP(K) =   299.46  PRESS =     0.0
 Etot   =    -52121.6203  EKtot   =     20602.9746  EPtot      =    -72724.5949
 BOND   =     12648.9985  ANGLE   =      1047.5795  DIHED      =      1321.4750
 1-4 NB =       421.3307  1-4 EEL =      4678.1873  VDWAALS    =     13124.2322
 EELEC  =   -105966.3981  EHBOND  =         0.0000  RESTRAINT  =         0.0000
 ------------------------------------------------------------------------------


 NSTEP =    12500   TIME(PS) =      26.250  TEMP(K) =   300.04  PRESS =     0.0
 Etot   =    -52121.8255  EKtot   =     20642.6465  EPtot      =    -72764.4720
 BOND   =     12733.0521  ANGLE   =      1025.5811  DIHED      =      1332.3848
 1-4 NB =       434.5386  1-4 EEL =      4662.2909  VDWAALS    =     12809.1617
 EELEC  =   -105761.4812  EHBOND  =         0.0000  RESTRAINT  =         0.0000
 ------------------------------------------------------------------------------

check COM velocity, temp:        0.000002     0.00(Removed)

 NSTEP =    13000   TIME(PS) =      26.500  TEMP(K) =   300.34  PRESS =     0.0
 Etot   =    -52119.9689  EKtot   =     20663.1699  EPtot      =    -72783.1388
 BOND   =     12817.9822  ANGLE   =      1023.6930  DIHED      =      1306.2229
 1-4 NB =       447.0038  1-4 EEL =      4697.2720  VDWAALS    =     12783.3745
 EELEC  =   -105858.6871  EHBOND  =         0.0000  RESTRAINT  =         0.0000
 ------------------------------------------------------------------------------


 NSTEP =    13500   TIME(PS) =      26.750  TEMP(K) =   296.24  PRESS =     0.0
 Etot   =    -52117.4499  EKtot   =     20381.0176  EPtot      =    -72498.4675
 BOND   =     12960.4132  ANGLE   =      1034.0542  DIHED      =      1335.7004
 1-4 NB =       448.7005  1-4 EEL =      4687.6007  VDWAALS    =     12704.1363
 EELEC  =   -105669.0727  EHBOND  =         0.0000  RESTRAINT  =         0.0000
 ------------------------------------------------------------------------------

check COM velocity, temp:        0.000007     0.00(Removed)

 NSTEP =    14000   TIME(PS) =      27.000  TEMP(K) =   299.50  PRESS =     0.0
 Etot   =    -52119.0071  EKtot   =     20605.4727  EPtot      =    -72724.4798
 BOND   =     12810.5558  ANGLE   =      1028.8914  DIHED      =      1326.5996
 1-4 NB =       443.6774  1-4 EEL =      4683.6090  VDWAALS    =     12933.1630
 EELEC  =   -105950.9760  EHBOND  =         0.0000  RESTRAINT  =         0.0000
 ------------------------------------------------------------------------------


 NSTEP =    14500   TIME(PS) =      27.250  TEMP(K) =   299.44  PRESS =     0.0
 Etot   =    -52120.2432  EKtot   =     20601.1895  EPtot      =    -72721.4327
 BOND   =     12761.2900  ANGLE   =      1036.3262  DIHED      =      1331.3362
 1-4 NB =       445.5533  1-4 EEL =      4660.3781  VDWAALS    =     12809.8700
 EELEC  =   -105766.1863  EHBOND  =         0.0000  RESTRAINT  =         0.0000
 ------------------------------------------------------------------------------

check COM velocity, temp:        0.000005     0.00(Removed)

 NSTEP =    15000   TIME(PS) =      27.500  TEMP(K) =   299.12  PRESS =     0.0
 Etot   =    -52123.4074  EKtot   =     20579.1699  EPtot      =    -72702.5773
 BOND   =     12710.1980  ANGLE   =      1045.9311  DIHED      =      1331.8479
 1-4 NB =       438.0548  1-4 EEL =      4642.1805  VDWAALS    =     12686.4713
 EELEC  =   -105557.2609  EHBOND  =         0.0000  RESTRAINT  =         0.0000
 ------------------------------------------------------------------------------


 NSTEP =    15500   TIME(PS) =      27.750  TEMP(K) =   299.68  PRESS =     0.0
 Etot   =    -52119.6917  EKtot   =     20617.5312  EPtot      =    -72737.2229
 BOND   =     12707.8329  ANGLE   =      1065.8226  DIHED      =      1334.8629
 1-4 NB =       441.8254  1-4 EEL =      4680.0058  VDWAALS    =     12451.2038
 EELEC  =   -105418.7763  EHBOND  =         0.0000  RESTRAINT  =         0.0000
 ------------------------------------------------------------------------------

check COM velocity, temp:        0.000008     0.00(Removed)

 NSTEP =    16000   TIME(PS) =      28.000  TEMP(K) =   299.54  PRESS =     0.0
 Etot   =    -52121.8911  EKtot   =     20608.0000  EPtot      =    -72729.8911
 BOND   =     12843.9234  ANGLE   =      1045.0313  DIHED      =      1326.5727
 1-4 NB =       443.0554  1-4 EEL =      4696.8964  VDWAALS    =     12997.5998
 EELEC  =   -106082.9701  EHBOND  =         0.0000  RESTRAINT  =         0.0000
 ------------------------------------------------------------------------------


 NSTEP =    16500   TIME(PS) =      28.250  TEMP(K) =   302.48  PRESS =     0.0
 Etot   =    -52121.9195  EKtot   =     20810.6797  EPtot      =    -72932.5992
 BOND   =     12659.3719  ANGLE   =      1026.5595  DIHED      =      1344.4425
 1-4 NB =       449.3014  1-4 EEL =      4709.2871  VDWAALS    =     12756.3481
 EELEC  =   -105877.9096  EHBOND  =         0.0000  RESTRAINT  =         0.0000
 ------------------------------------------------------------------------------

check COM velocity, temp:        0.000003     0.00(Removed)

 NSTEP =    17000   TIME(PS) =      28.500  TEMP(K) =   300.94  PRESS =     0.0
 Etot   =    -52120.4215  EKtot   =     20704.5449  EPtot      =    -72824.9664
 BOND   =     12674.4323  ANGLE   =      1077.3946  DIHED      =      1317.0636
 1-4 NB =       445.5176  1-4 EEL =      4638.3531  VDWAALS    =     12644.9698
 EELEC  =   -105622.6974  EHBOND  =         0.0000  RESTRAINT  =         0.0000
 ------------------------------------------------------------------------------


 NSTEP =    17500   TIME(PS) =      28.750  TEMP(K) =   299.86  PRESS =     0.0
 Etot   =    -52120.6826  EKtot   =     20630.1230  EPtot      =    -72750.8056
 BOND   =     12661.1746  ANGLE   =      1073.1390  DIHED      =      1310.8596
 1-4 NB =       426.0592  1-4 EEL =      4711.1694  VDWAALS    =     12727.1094
 EELEC  =   -105660.3169  EHBOND  =         0.0000  RESTRAINT  =         0.0000
 ------------------------------------------------------------------------------

check COM velocity, temp:        0.000006     0.00(Removed)

 NSTEP =    18000   TIME(PS) =      29.000  TEMP(K) =   299.52  PRESS =     0.0
 Etot   =    -52123.6020  EKtot   =     20606.6680  EPtot      =    -72730.2699
 BOND   =     12663.8365  ANGLE   =      1030.0569  DIHED      =      1322.0103
 1-4 NB =       437.6849  1-4 EEL =      4687.6551  VDWAALS    =     12926.1741
 EELEC  =   -105797.6878  EHBOND  =         0.0000  RESTRAINT  =         0.0000
 ------------------------------------------------------------------------------


 NSTEP =    18500   TIME(PS) =      29.250  TEMP(K) =   301.80  PRESS =     0.0
 Etot   =    -52123.9126  EKtot   =     20763.6387  EPtot      =    -72887.5512
 BOND   =     12894.0962  ANGLE   =       987.7641  DIHED      =      1318.6310
 1-4 NB =       452.4333  1-4 EEL =      4683.9930  VDWAALS    =     12908.6706
 EELEC  =   -106133.1393  EHBOND  =         0.0000  RESTRAINT  =         0.0000
 ------------------------------------------------------------------------------

check COM velocity, temp:        0.000005     0.00(Removed)

 NSTEP =    19000   TIME(PS) =      29.500  TEMP(K) =   302.01  PRESS =     0.0
 Etot   =    -52123.8682  EKtot   =     20777.9863  EPtot      =    -72901.8545
 BOND   =     12642.4610  ANGLE   =      1050.4451  DIHED      =      1312.5561
 1-4 NB =       454.2789  1-4 EEL =      4692.9542  VDWAALS    =     13029.1146
 EELEC  =   -106083.6644  EHBOND  =         0.0000  RESTRAINT  =         0.0000
 ------------------------------------------------------------------------------


 NSTEP =    19500   TIME(PS) =      29.750  TEMP(K) =   302.68  PRESS =     0.0
 Etot   =    -52122.6692  EKtot   =     20824.5840  EPtot      =    -72947.2532
 BOND   =     12563.7566  ANGLE   =      1038.5353  DIHED      =      1340.0356
 1-4 NB =       433.5159  1-4 EEL =      4717.1989  VDWAALS    =     12942.1132
 EELEC  =   -105982.4087  EHBOND  =         0.0000  RESTRAINT  =         0.0000
 ------------------------------------------------------------------------------

check COM velocity, temp:        0.000005     0.00(Removed)

 NSTEP =    20000   TIME(PS) =      30.000  TEMP(K) =   299.34  PRESS =     0.0
 Etot   =    -52121.4821  EKtot   =     20594.3262  EPtot      =    -72715.8083
 BOND   =     12782.0522  ANGLE   =      1058.6605  DIHED      =      1308.4178
 1-4 NB =       443.5178  1-4 EEL =      4641.4274  VDWAALS    =     12649.0655
 EELEC  =   -105598.9495  EHBOND  =         0.0000  RESTRAINT  =         0.0000
 ------------------------------------------------------------------------------


      A V E R A G E S   O V E R      40 S T E P S


 NSTEP =    20000   TIME(PS) =      30.000  TEMP(K) =   299.67  PRESS =     0.0
 Etot   =    -52120.5752  EKtot   =     20616.9913  EPtot      =    -72737.5665
 BOND   =     12767.3521  ANGLE   =      1037.2335  DIHED      =      1321.4990
 1-4 NB =       442.3501  1-4 EEL =      4672.9526  VDWAALS    =     12804.8512
 EELEC  =   -105783.8050  EHBOND  =         0.0000  RESTRAINT  =         0.0000
 ------------------------------------------------------------------------------


      R M S  F L U C T U A T I O N S


 NSTEP =    20000   TIME(PS) =      30.000  TEMP(K) =     1.50  PRESS =     0.0
 Etot   =         2.2754  EKtot   =       103.2371  EPtot      =       104.1150
 BOND   =        91.2334  ANGLE   =        21.8952  DIHED      =        11.4494
 1-4 NB =         8.3072  1-4 EEL =        25.9711  VDWAALS    =       151.8346
 EELEC  =       212.4210  EHBOND  =         0.0000  RESTRAINT  =         0.0000
|E(PBS) =         0.7846
 ------------------------------------------------------------------------------

--------------------------------------------------------------------------------
   5.  TIMINGS
--------------------------------------------------------------------------------

|  NonSetup CPU Time in Major Routines:
|
|     Routine           Sec        %
|     ------------------------------
|     Nonbond           4.24   10.91
|     Bond              0.00    0.00
|     Angle             0.00    0.00
|     Dihedral          0.00    0.00
|     Shake             0.00    0.00
|     RunMD            34.60   88.95
|     Other             0.06    0.14
|     ------------------------------
|     Total            38.90

|  PME Nonbond Pairlist CPU Time:
|
|     Routine              Sec        %
|     ---------------------------------
|     Set Up Cit           0.00    0.00
|     Build List           0.00    0.00
|     ---------------------------------
|     Total                0.00    0.00

|  PME Direct Force CPU Time:
|
|     Routine              Sec        %
|     ---------------------------------
|     NonBonded Calc       0.00    0.00
|     Exclude Masked       0.00    0.00
|     Other                0.02    0.06
|     ---------------------------------
|     Total                0.02    0.06

|  PME Reciprocal Force CPU Time:
|
|     Routine              Sec        %
|     ---------------------------------
|     1D bspline           0.00    0.00
|     Grid Charges         0.00    0.00
|     Scalar Sum           0.00    0.00
|     Gradient Sum         0.00    0.00
|     FFT                  0.00    0.00
|     ---------------------------------
|     Total                0.00    0.00

|  Final Performance Info:
|     -----------------------------------------------------
|     Average timings for last   19500 steps:
|     Elapsed(s) =      40.91 Per Step(ms) =       2.10
|         ns/day =      20.59   seconds/ns =    4195.96
|
|     Average timings for all steps:
|     Elapsed(s) =      41.83 Per Step(ms) =       2.09
|         ns/day =      20.65   seconds/ns =    4183.34
|     -----------------------------------------------------

|  Setup CPU time:            2.93 seconds
|  NonSetup CPU time:        38.90 seconds
|  Total CPU time:           41.83 seconds     0.01 hours

|  Setup wall time:           5    seconds
|  NonSetup wall time:       42    seconds
|  Total wall time:          47    seconds     0.01 hours
