
          -------------------------------------------------------
          Amber 16 PMEMD                              2016
          -------------------------------------------------------

| PMEMD implementation of SANDER, Release 16

| Run on 08/24/2017 at 13:21:25

|   Executable path: /apps/amber16/bin/pmemd.cuda
| Working directory: /scratch/pbarletta/pdz/run/lb/neq/data/3
|          Hostname: mordor

  [-O]verwriting output

File Assignments:
|   MDIN: pdt.in                                                                
|  MDOUT: 231plb_3.out                                                          
| INPCRD: ../2/231plb_2.rst7                                                    
|   PARM: /scratch/pbarletta/pdz/top_files/lb.prmtop                            
| RESTRT: 231plb_3.rst7                                                         
|   REFC: refc                                                                  
|  MDVEL: mdvel                                                                 
|   MDEN: mden                                                                  
|  MDCRD: 231plb_3.nc                                                           
| MDINFO: mdinfo                                                                
|  MDFRC: mdfrc                                                                 


 Here is the input file:

!NVE run                                                                       
&cntrl                                                                         
imin = 0,                           ! No Minimization                          
nmropt = 0,                         ! No NMR restraints read                   
                                                                               
! Nature and format of the input                                               
ntx = 5,                            ! Coordinates and velocities will be read  
irest = 1,                          ! Do not run a new simulation              
                                                                               
! Nature and format of the output                                              
ioutfm = 1,			    ! NetCDF format for output files                             
ntxo = 1,                           ! rstrt file in ASCII format               
ntpr = 500,                         ! inf in output every ntpr steps           
ntwr = 500,                         ! rstrt file every ntwr steps              
ntwx = 20,                          ! mdcrd file every ntwx steps              
ntwv = -1,                          ! mdvel without velocities                 
ntwe = 0,                           ! Energies and temperatures not written in 
idecomp = 0,                        ! No energy decomposition                  
iwrap = 1,                          ! Coordinates of the restart and mdcrd file
                                                                               
! Frozen or restrained atoms                                                   
ibelly = 0,                         ! No frozen atoms                          
ntr=0,                              ! Harmonic potential restraints            
                                                                               
! Molecular dynamics                                                           
nstlim = 20000,                     ! Number of MD-steps                       
dt = 0.0005,                        ! Time step                                
                                                                               
! Temperature regulation                                                       
ntt = 0,                            ! Constant total energy                    
                                                                               
! P and V regulation                                                           
ntp = 0,                            ! No P control                             
ntb = 1,                            ! constant V                               
                                                                               
! SHAKE variables                                                              
ntc = 1,                            ! Bonds involving H are constrained        
ntf = 1,                            ! Bond interaction involving H are ommited.
                                                                               
cut = 9.0,                          ! Nonbonded cutoff                         
/                                                                              
&end                                                                           


Note: ig = -1. Setting random seed to   914506 based on wallclock time in 
      microseconds.
| irandom = 1, using AMBER's internal random number generator (default).
 
|--------------------- INFORMATION ----------------------
| GPU (CUDA) Version of PMEMD in use: NVIDIA GPU IN USE.
|                    Version 16.0.0
| 
|                      02/25/2016
| 
| Implementation by:
|                    Ross C. Walker     (SDSC)
|                    Scott Le Grand     (nVIDIA)
| 
| Precision model in use:
|      [SPFP] - Single Precision Forces, 64-bit Fixed Point
|               Accumulation. (Default)
| 
|--------------------------------------------------------
 
|----------------- CITATION INFORMATION -----------------
|
|    When publishing work that utilized the CUDA version
|    of AMBER, please cite the following in addition to
|    the regular AMBER citations:
|
|  - Romelia Salomon-Ferrer; Andreas W. Goetz; Duncan
|    Poole; Scott Le Grand; Ross C. Walker "Routine
|    microsecond molecular dynamics simulations with
|    AMBER - Part II: Particle Mesh Ewald", J. Chem.
|    Theory Comput., 2013, 9 (9), pp3878-3888,
|    DOI: 10.1021/ct400314y.
|
|  - Andreas W. Goetz; Mark J. Williamson; Dong Xu;
|    Duncan Poole; Scott Le Grand; Ross C. Walker
|    "Routine microsecond molecular dynamics simulations
|    with AMBER - Part I: Generalized Born", J. Chem.
|    Theory Comput., 2012, 8 (5), pp1542-1555.
|
|  - Scott Le Grand; Andreas W. Goetz; Ross C. Walker
|    "SPFP: Speed without compromise - a mixed precision
|    model for GPU accelerated molecular dynamics
|    simulations.", Comp. Phys. Comm., 2013, 184
|    pp374-380, DOI: 10.1016/j.cpc.2012.09.022
|
|--------------------------------------------------------
 
|------------------- GPU DEVICE INFO --------------------
|
|            CUDA_VISIBLE_DEVICES: 1
|   CUDA Capable Devices Detected:      1
|           CUDA Device ID in use:      0
|                CUDA Device Name: GeForce GTX TITAN
|     CUDA Device Global Mem Size:   6082 MB
| CUDA Device Num Multiprocessors:     14
|           CUDA Device Core Freq:   0.93 GHz
|
|--------------------------------------------------------
 
 
| Conditional Compilation Defines Used:
| PUBFFT
| BINTRAJ
| CUDA
| EMIL

| Largest sphere to fit in unit cell has radius =    26.281

| New format PARM file being parsed.
| Version =    1.000 Date = 09/04/12 Time = 16:08:43

| Note: 1-4 EEL scale factors are being read from the topology file.

| Note: 1-4 VDW scale factors are being read from the topology file.
| Duplicated    0 dihedrals

| Duplicated    0 dihedrals

--------------------------------------------------------------------------------
   1.  RESOURCE   USE: 
--------------------------------------------------------------------------------

 getting new box info from bottom of inpcrd
 NATOM  =   23082 NTYPES =      16 NBONH =   22055 MBONA  =    1038
 NTHETH =    2390 MTHETA =    1396 NPHIH =    4631 MPHIA  =    3488
 NHPARM =       0 NPARM  =       0 NNB   =   39434 NRES   =    7134
 NBONA  =    1038 NTHETA =    1396 NPHIA =    3488 NUMBND =      41
 NUMANG =      86 NPTRA  =      41 NATYP =      28 NPHB   =       1
 IFBOX  =       1 NMXRS  =      24 IFCAP =       0 NEXTRA =       0
 NCOPY  =       0

| Coordinate Index Table dimensions:    12   14   10
| Direct force subcell size =     5.0212    5.2012    5.2562

     BOX TYPE: RECTILINEAR

--------------------------------------------------------------------------------
   2.  CONTROL  DATA  FOR  THE  RUN
--------------------------------------------------------------------------------

default_name                                                                    

General flags:
     imin    =       0, nmropt  =       0

Nature and format of input:
     ntx     =       5, irest   =       1, ntrx    =       1

Nature and format of output:
     ntxo    =       1, ntpr    =     500, ntrx    =       1, ntwr    =     500
     iwrap   =       1, ntwx    =      20, ntwv    =      -1, ntwe    =       0
     ioutfm  =       1, ntwprt  =       0, idecomp =       0, rbornstat=      0

Potential function:
     ntf     =       1, ntb     =       1, igb     =       0, nsnb    =      25
     ipol    =       0, gbsa    =       0, iesp    =       0
     dielc   =   1.00000, cut     =   9.00000, intdiel =   1.00000

Frozen or restrained atoms:
     ibelly  =       0, ntr     =       0

Molecular dynamics:
     nstlim  =     20000, nscm    =      1000, nrespa  =         1
     t       =   0.00000, dt      =   0.00050, vlimit  =  -1.00000

| Intermolecular bonds treatment:
|     no_intermolecular_bonds =       1

| Energy averages sample interval:
|     ene_avg_sampling =     500

Ewald parameters:
     verbose =       0, ew_type =       0, nbflag  =       1, use_pme =       1
     vdwmeth =       1, eedmeth =       1, netfrc  =       1
     Box X =   60.254   Box Y =   72.816   Box Z =   52.562
     Alpha =   90.000   Beta  =   90.000   Gamma =   90.000
     NFFT1 =   64       NFFT2 =   80       NFFT3 =   56
     Cutoff=    9.000   Tol   =0.100E-04
     Ewald Coefficient =  0.30768
     Interpolation order =    4

--------------------------------------------------------------------------------
   3.  ATOMIC COORDINATES AND VELOCITIES
--------------------------------------------------------------------------------

default_name                                                                    
 begin time read from input coords =    20.000 ps

 
 Number of triangulated 3-point waters found:     7002

     Sum of charges from parm topology file =  -0.00000008
     Forcing neutrality...

| Dynamic Memory, Types Used:
| Reals              710578
| Integers           737140

| Nonbonded Pairs Initial Allocation:     5262696

| GPU memory information (estimate):
| KB of GPU memory in use:     63171
| KB of CPU memory in use:     27891

--------------------------------------------------------------------------------
   4.  RESULTS
--------------------------------------------------------------------------------

 ---------------------------------------------------
 APPROXIMATING switch and d/dx switch using CUBIC SPLINE INTERPOLATION
 using   5000.0 points per unit in tabled values
 TESTING RELATIVE ERROR over r ranging from 0.0 to cutoff
| CHECK switch(x): max rel err =   0.2738E-14   at   2.422500
| CHECK d/dx switch(x): max rel err =   0.8314E-11   at   2.736960
 ---------------------------------------------------
|---------------------------------------------------
| APPROXIMATING direct energy using CUBIC SPLINE INTERPOLATION
|  with   50.0 points per unit in tabled values
| Relative Error Limit not exceeded for r .gt.   2.39
| APPROXIMATING direct force using CUBIC SPLINE INTERPOLATION
|  with   50.0 points per unit in tabled values
| Relative Error Limit not exceeded for r .gt.   2.84
|---------------------------------------------------

 NSTEP =      500   TIME(PS) =      20.250  TEMP(K) =   300.63  PRESS =     0.0
 Etot   =    -52222.1621  EKtot   =     20682.8672  EPtot      =    -72905.0293
 BOND   =     12782.6902  ANGLE   =      1053.0873  DIHED      =      1306.9923
 1-4 NB =       457.4867  1-4 EEL =      4611.3133  VDWAALS    =     12824.1647
 EELEC  =   -105940.7637  EHBOND  =         0.0000  RESTRAINT  =         0.0000
 ------------------------------------------------------------------------------

check COM velocity, temp:        0.003248     0.01(Removed)

 NSTEP =     1000   TIME(PS) =      20.500  TEMP(K) =   298.33  PRESS =     0.0
 Etot   =    -52220.6204  EKtot   =     20524.7637  EPtot      =    -72745.3841
 BOND   =     12893.7093  ANGLE   =      1050.6619  DIHED      =      1312.1107
 1-4 NB =       450.2699  1-4 EEL =      4608.3748  VDWAALS    =     13004.9680
 EELEC  =   -106065.4787  EHBOND  =         0.0000  RESTRAINT  =         0.0000
 ------------------------------------------------------------------------------


 NSTEP =     1500   TIME(PS) =      20.750  TEMP(K) =   301.34  PRESS =     0.0
 Etot   =    -52225.2304  EKtot   =     20732.2090  EPtot      =    -72957.4393
 BOND   =     12697.8469  ANGLE   =      1064.2603  DIHED      =      1314.8365
 1-4 NB =       445.2108  1-4 EEL =      4603.1986  VDWAALS    =     12654.1243
 EELEC  =   -105736.9168  EHBOND  =         0.0000  RESTRAINT  =         0.0000
 ------------------------------------------------------------------------------

check COM velocity, temp:        0.000008     0.00(Removed)

 NSTEP =     2000   TIME(PS) =      21.000  TEMP(K) =   300.97  PRESS =     0.0
 Etot   =    -52223.5988  EKtot   =     20706.4355  EPtot      =    -72930.0343
 BOND   =     12673.8250  ANGLE   =       991.1032  DIHED      =      1338.4208
 1-4 NB =       444.8515  1-4 EEL =      4584.0307  VDWAALS    =     12931.3294
 EELEC  =   -105893.5949  EHBOND  =         0.0000  RESTRAINT  =         0.0000
 ------------------------------------------------------------------------------


 NSTEP =     2500   TIME(PS) =      21.250  TEMP(K) =   298.05  PRESS =     0.0
 Etot   =    -52221.4100  EKtot   =     20505.6152  EPtot      =    -72727.0253
 BOND   =     12698.3296  ANGLE   =      1054.5593  DIHED      =      1353.5616
 1-4 NB =       439.2232  1-4 EEL =      4589.7472  VDWAALS    =     12611.5318
 EELEC  =   -105473.9778  EHBOND  =         0.0000  RESTRAINT  =         0.0000
 ------------------------------------------------------------------------------

check COM velocity, temp:        0.000005     0.00(Removed)

 NSTEP =     3000   TIME(PS) =      21.500  TEMP(K) =   297.41  PRESS =     0.0
 Etot   =    -52223.6976  EKtot   =     20461.8594  EPtot      =    -72685.5570
 BOND   =     12751.4435  ANGLE   =      1039.5724  DIHED      =      1311.9487
 1-4 NB =       446.9429  1-4 EEL =      4570.2845  VDWAALS    =     12593.0832
 EELEC  =   -105398.8322  EHBOND  =         0.0000  RESTRAINT  =         0.0000
 ------------------------------------------------------------------------------


 NSTEP =     3500   TIME(PS) =      21.750  TEMP(K) =   296.79  PRESS =     0.0
 Etot   =    -52219.8338  EKtot   =     20418.8594  EPtot      =    -72638.6932
 BOND   =     12811.3848  ANGLE   =       988.3525  DIHED      =      1331.3272
 1-4 NB =       457.1213  1-4 EEL =      4603.2326  VDWAALS    =     12447.0147
 EELEC  =   -105277.1263  EHBOND  =         0.0000  RESTRAINT  =         0.0000
 ------------------------------------------------------------------------------

check COM velocity, temp:        0.000005     0.00(Removed)

 NSTEP =     4000   TIME(PS) =      22.000  TEMP(K) =   299.10  PRESS =     0.0
 Etot   =    -52220.0412  EKtot   =     20577.9648  EPtot      =    -72798.0060
 BOND   =     12781.3494  ANGLE   =      1022.7945  DIHED      =      1334.9087
 1-4 NB =       457.4412  1-4 EEL =      4625.7402  VDWAALS    =     12661.2446
 EELEC  =   -105681.4847  EHBOND  =         0.0000  RESTRAINT  =         0.0000
 ------------------------------------------------------------------------------


 NSTEP =     4500   TIME(PS) =      22.250  TEMP(K) =   300.68  PRESS =     0.0
 Etot   =    -52224.9729  EKtot   =     20686.6562  EPtot      =    -72911.6292
 BOND   =     12960.4092  ANGLE   =      1068.0824  DIHED      =      1331.4046
 1-4 NB =       444.6004  1-4 EEL =      4631.6814  VDWAALS    =     12829.3145
 EELEC  =   -106177.1215  EHBOND  =         0.0000  RESTRAINT  =         0.0000
 ------------------------------------------------------------------------------

check COM velocity, temp:        0.000005     0.00(Removed)

 NSTEP =     5000   TIME(PS) =      22.500  TEMP(K) =   299.95  PRESS =     0.0
 Etot   =    -52224.4386  EKtot   =     20636.4258  EPtot      =    -72860.8644
 BOND   =     12695.4788  ANGLE   =      1059.9468  DIHED      =      1317.3877
 1-4 NB =       453.3676  1-4 EEL =      4624.2242  VDWAALS    =     12838.1388
 EELEC  =   -105849.4082  EHBOND  =         0.0000  RESTRAINT  =         0.0000
 ------------------------------------------------------------------------------


 NSTEP =     5500   TIME(PS) =      22.750  TEMP(K) =   299.93  PRESS =     0.0
 Etot   =    -52225.8274  EKtot   =     20634.9199  EPtot      =    -72860.7474
 BOND   =     12779.2335  ANGLE   =      1049.3111  DIHED      =      1308.7130
 1-4 NB =       444.6527  1-4 EEL =      4587.4976  VDWAALS    =     12940.1144
 EELEC  =   -105970.2697  EHBOND  =         0.0000  RESTRAINT  =         0.0000
 ------------------------------------------------------------------------------

check COM velocity, temp:        0.000006     0.00(Removed)

 NSTEP =     6000   TIME(PS) =      23.000  TEMP(K) =   301.08  PRESS =     0.0
 Etot   =    -52223.2325  EKtot   =     20714.2559  EPtot      =    -72937.4883
 BOND   =     12850.0418  ANGLE   =      1020.2159  DIHED      =      1329.2816
 1-4 NB =       435.3841  1-4 EEL =      4644.6969  VDWAALS    =     12882.9305
 EELEC  =   -106100.0391  EHBOND  =         0.0000  RESTRAINT  =         0.0000
 ------------------------------------------------------------------------------


 NSTEP =     6500   TIME(PS) =      23.250  TEMP(K) =   298.32  PRESS =     0.0
 Etot   =    -52223.4766  EKtot   =     20524.5742  EPtot      =    -72748.0508
 BOND   =     12880.8562  ANGLE   =      1026.9950  DIHED      =      1326.5081
 1-4 NB =       450.0082  1-4 EEL =      4594.9109  VDWAALS    =     12834.7750
 EELEC  =   -105862.1043  EHBOND  =         0.0000  RESTRAINT  =         0.0000
 ------------------------------------------------------------------------------

check COM velocity, temp:        0.000012     0.00(Removed)

 NSTEP =     7000   TIME(PS) =      23.500  TEMP(K) =   298.36  PRESS =     0.0
 Etot   =    -52223.2782  EKtot   =     20527.3750  EPtot      =    -72750.6532
 BOND   =     12746.1769  ANGLE   =      1049.7127  DIHED      =      1316.7116
 1-4 NB =       448.2599  1-4 EEL =      4602.4920  VDWAALS    =     12793.6384
 EELEC  =   -105707.6445  EHBOND  =         0.0000  RESTRAINT  =         0.0000
 ------------------------------------------------------------------------------


 NSTEP =     7500   TIME(PS) =      23.750  TEMP(K) =   299.51  PRESS =     0.0
 Etot   =    -52223.5024  EKtot   =     20606.1289  EPtot      =    -72829.6313
 BOND   =     12851.8211  ANGLE   =      1063.0946  DIHED      =      1331.2494
 1-4 NB =       451.9768  1-4 EEL =      4613.8032  VDWAALS    =     12742.1012
 EELEC  =   -105883.6775  EHBOND  =         0.0000  RESTRAINT  =         0.0000
 ------------------------------------------------------------------------------

check COM velocity, temp:        0.000005     0.00(Removed)

 NSTEP =     8000   TIME(PS) =      24.000  TEMP(K) =   298.70  PRESS =     0.0
 Etot   =    -52225.9773  EKtot   =     20550.1738  EPtot      =    -72776.1511
 BOND   =     12900.1979  ANGLE   =      1038.4114  DIHED      =      1324.8724
 1-4 NB =       450.6653  1-4 EEL =      4622.9328  VDWAALS    =     12940.8092
 EELEC  =   -106054.0401  EHBOND  =         0.0000  RESTRAINT  =         0.0000
 ------------------------------------------------------------------------------


 NSTEP =     8500   TIME(PS) =      24.250  TEMP(K) =   300.89  PRESS =     0.0
 Etot   =    -52228.4629  EKtot   =     20700.8926  EPtot      =    -72929.3555
 BOND   =     12631.2434  ANGLE   =      1013.6063  DIHED      =      1336.6651
 1-4 NB =       462.5441  1-4 EEL =      4628.1668  VDWAALS    =     12797.0488
 EELEC  =   -105798.6298  EHBOND  =         0.0000  RESTRAINT  =         0.0000
 ------------------------------------------------------------------------------

check COM velocity, temp:        0.000010     0.00(Removed)

 NSTEP =     9000   TIME(PS) =      24.500  TEMP(K) =   301.27  PRESS =     0.0
 Etot   =    -52229.8556  EKtot   =     20727.1582  EPtot      =    -72957.0138
 BOND   =     12652.2802  ANGLE   =      1054.8459  DIHED      =      1325.7018
 1-4 NB =       441.2166  1-4 EEL =      4617.9964  VDWAALS    =     12698.4830
 EELEC  =   -105747.5377  EHBOND  =         0.0000  RESTRAINT  =         0.0000
 ------------------------------------------------------------------------------


 NSTEP =     9500   TIME(PS) =      24.750  TEMP(K) =   298.83  PRESS =     0.0
 Etot   =    -52221.0214  EKtot   =     20559.4062  EPtot      =    -72780.4276
 BOND   =     12861.8161  ANGLE   =      1058.5737  DIHED      =      1339.4110
 1-4 NB =       430.7132  1-4 EEL =      4621.3317  VDWAALS    =     12817.3310
 EELEC  =   -105909.6044  EHBOND  =         0.0000  RESTRAINT  =         0.0000
 ------------------------------------------------------------------------------

check COM velocity, temp:        0.000008     0.00(Removed)

 NSTEP =    10000   TIME(PS) =      25.000  TEMP(K) =   296.65  PRESS =     0.0
 Etot   =    -52220.5238  EKtot   =     20409.4980  EPtot      =    -72630.0218
 BOND   =     12757.4353  ANGLE   =      1048.4224  DIHED      =      1337.7534
 1-4 NB =       445.3939  1-4 EEL =      4647.9792  VDWAALS    =     12646.5061
 EELEC  =   -105513.5122  EHBOND  =         0.0000  RESTRAINT  =         0.0000
 ------------------------------------------------------------------------------


 NSTEP =    10500   TIME(PS) =      25.250  TEMP(K) =   300.05  PRESS =     0.0
 Etot   =    -52220.8645  EKtot   =     20643.6172  EPtot      =    -72864.4817
 BOND   =     12791.3368  ANGLE   =      1018.1667  DIHED      =      1324.2290
 1-4 NB =       436.3299  1-4 EEL =      4616.6069  VDWAALS    =     12478.8982
 EELEC  =   -105530.0493  EHBOND  =         0.0000  RESTRAINT  =         0.0000
 ------------------------------------------------------------------------------

check COM velocity, temp:        0.000011     0.00(Removed)

 NSTEP =    11000   TIME(PS) =      25.500  TEMP(K) =   299.28  PRESS =     0.0
 Etot   =    -52223.1806  EKtot   =     20590.5176  EPtot      =    -72813.6982
 BOND   =     12780.6456  ANGLE   =      1011.1000  DIHED      =      1325.5739
 1-4 NB =       441.5006  1-4 EEL =      4601.2870  VDWAALS    =     12952.2408
 EELEC  =   -105926.0461  EHBOND  =         0.0000  RESTRAINT  =         0.0000
 ------------------------------------------------------------------------------


 NSTEP =    11500   TIME(PS) =      25.750  TEMP(K) =   299.71  PRESS =     0.0
 Etot   =    -52220.5230  EKtot   =     20619.9355  EPtot      =    -72840.4585
 BOND   =     12849.7328  ANGLE   =      1053.9092  DIHED      =      1314.2357
 1-4 NB =       437.7832  1-4 EEL =      4595.0323  VDWAALS    =     13120.7207
 EELEC  =   -106211.8725  EHBOND  =         0.0000  RESTRAINT  =         0.0000
 ------------------------------------------------------------------------------

check COM velocity, temp:        0.000009     0.00(Removed)

 NSTEP =    12000   TIME(PS) =      26.000  TEMP(K) =   298.91  PRESS =     0.0
 Etot   =    -52219.3755  EKtot   =     20564.5664  EPtot      =    -72783.9419
 BOND   =     12968.0418  ANGLE   =      1070.2835  DIHED      =      1320.7153
 1-4 NB =       433.5545  1-4 EEL =      4617.8365  VDWAALS    =     12747.8863
 EELEC  =   -105942.2598  EHBOND  =         0.0000  RESTRAINT  =         0.0000
 ------------------------------------------------------------------------------


 NSTEP =    12500   TIME(PS) =      26.250  TEMP(K) =   298.48  PRESS =     0.0
 Etot   =    -52222.2411  EKtot   =     20535.0508  EPtot      =    -72757.2919
 BOND   =     12895.2644  ANGLE   =      1025.4941  DIHED      =      1309.3809
 1-4 NB =       444.8042  1-4 EEL =      4621.1316  VDWAALS    =     12786.9037
 EELEC  =   -105840.2708  EHBOND  =         0.0000  RESTRAINT  =         0.0000
 ------------------------------------------------------------------------------

check COM velocity, temp:        0.000011     0.00(Removed)

 NSTEP =    13000   TIME(PS) =      26.500  TEMP(K) =   299.59  PRESS =     0.0
 Etot   =    -52222.3579  EKtot   =     20611.9199  EPtot      =    -72834.2778
 BOND   =     12739.6993  ANGLE   =      1051.1787  DIHED      =      1322.6486
 1-4 NB =       450.6315  1-4 EEL =      4630.6980  VDWAALS    =     12812.2704
 EELEC  =   -105841.4043  EHBOND  =         0.0000  RESTRAINT  =         0.0000
 ------------------------------------------------------------------------------


 NSTEP =    13500   TIME(PS) =      26.750  TEMP(K) =   299.35  PRESS =     0.0
 Etot   =    -52222.2951  EKtot   =     20595.3477  EPtot      =    -72817.6428
 BOND   =     12693.9835  ANGLE   =      1048.6499  DIHED      =      1334.0917
 1-4 NB =       441.3208  1-4 EEL =      4620.0015  VDWAALS    =     12860.7122
 EELEC  =   -105816.4023  EHBOND  =         0.0000  RESTRAINT  =         0.0000
 ------------------------------------------------------------------------------

check COM velocity, temp:        0.000004     0.00(Removed)

 NSTEP =    14000   TIME(PS) =      27.000  TEMP(K) =   298.89  PRESS =     0.0
 Etot   =    -52224.0443  EKtot   =     20563.4980  EPtot      =    -72787.5423
 BOND   =     12870.7177  ANGLE   =      1043.7504  DIHED      =      1321.5319
 1-4 NB =       438.8656  1-4 EEL =      4629.9859  VDWAALS    =     13112.4500
 EELEC  =   -106204.8438  EHBOND  =         0.0000  RESTRAINT  =         0.0000
 ------------------------------------------------------------------------------


 NSTEP =    14500   TIME(PS) =      27.250  TEMP(K) =   300.36  PRESS =     0.0
 Etot   =    -52226.1580  EKtot   =     20664.5254  EPtot      =    -72890.6834
 BOND   =     12889.2900  ANGLE   =      1000.7365  DIHED      =      1325.2150
 1-4 NB =       439.9026  1-4 EEL =      4623.3326  VDWAALS    =     12856.4987
 EELEC  =   -106025.6588  EHBOND  =         0.0000  RESTRAINT  =         0.0000
 ------------------------------------------------------------------------------

check COM velocity, temp:        0.000004     0.00(Removed)

 NSTEP =    15000   TIME(PS) =      27.500  TEMP(K) =   299.52  PRESS =     0.0
 Etot   =    -52222.5818  EKtot   =     20606.9199  EPtot      =    -72829.5017
 BOND   =     12911.8953  ANGLE   =      1033.6949  DIHED      =      1313.3669
 1-4 NB =       441.7353  1-4 EEL =      4600.6763  VDWAALS    =     12933.4653
 EELEC  =   -106064.3358  EHBOND  =         0.0000  RESTRAINT  =         0.0000
 ------------------------------------------------------------------------------


 NSTEP =    15500   TIME(PS) =      27.750  TEMP(K) =   299.38  PRESS =     0.0
 Etot   =    -52221.8796  EKtot   =     20597.1953  EPtot      =    -72819.0750
 BOND   =     12674.0150  ANGLE   =      1060.3707  DIHED      =      1292.9394
 1-4 NB =       445.9020  1-4 EEL =      4620.6030  VDWAALS    =     12810.1284
 EELEC  =   -105723.0335  EHBOND  =         0.0000  RESTRAINT  =         0.0000
 ------------------------------------------------------------------------------

check COM velocity, temp:        0.000002     0.00(Removed)

 NSTEP =    16000   TIME(PS) =      28.000  TEMP(K) =   298.10  PRESS =     0.0
 Etot   =    -52223.6048  EKtot   =     20509.2109  EPtot      =    -72732.8158
 BOND   =     12762.8979  ANGLE   =      1071.4875  DIHED      =      1324.1901
 1-4 NB =       439.9761  1-4 EEL =      4633.2015  VDWAALS    =     13012.2355
 EELEC  =   -105976.8043  EHBOND  =         0.0000  RESTRAINT  =         0.0000
 ------------------------------------------------------------------------------


 NSTEP =    16500   TIME(PS) =      28.250  TEMP(K) =   300.63  PRESS =     0.0
 Etot   =    -52225.0156  EKtot   =     20683.2812  EPtot      =    -72908.2969
 BOND   =     12710.8513  ANGLE   =      1039.8074  DIHED      =      1310.8348
 1-4 NB =       445.1870  1-4 EEL =      4591.9318  VDWAALS    =     12965.3363
 EELEC  =   -105972.2455  EHBOND  =         0.0000  RESTRAINT  =         0.0000
 ------------------------------------------------------------------------------

check COM velocity, temp:        0.000008     0.00(Removed)

 NSTEP =    17000   TIME(PS) =      28.500  TEMP(K) =   298.92  PRESS =     0.0
 Etot   =    -52222.1645  EKtot   =     20565.5332  EPtot      =    -72787.6977
 BOND   =     12878.6818  ANGLE   =      1061.1605  DIHED      =      1328.8872
 1-4 NB =       436.4199  1-4 EEL =      4606.4417  VDWAALS    =     12738.0562
 EELEC  =   -105837.3450  EHBOND  =         0.0000  RESTRAINT  =         0.0000
 ------------------------------------------------------------------------------


 NSTEP =    17500   TIME(PS) =      28.750  TEMP(K) =   298.68  PRESS =     0.0
 Etot   =    -52226.2011  EKtot   =     20548.8496  EPtot      =    -72775.0507
 BOND   =     12684.5470  ANGLE   =      1026.0378  DIHED      =      1309.0406
 1-4 NB =       434.4047  1-4 EEL =      4598.5126  VDWAALS    =     12986.1966
 EELEC  =   -105813.7901  EHBOND  =         0.0000  RESTRAINT  =         0.0000
 ------------------------------------------------------------------------------

check COM velocity, temp:        0.000003     0.00(Removed)

 NSTEP =    18000   TIME(PS) =      29.000  TEMP(K) =   298.13  PRESS =     0.0
 Etot   =    -52222.7022  EKtot   =     20511.4980  EPtot      =    -72734.2002
 BOND   =     12825.7256  ANGLE   =      1047.0380  DIHED      =      1300.7038
 1-4 NB =       434.5400  1-4 EEL =      4621.6722  VDWAALS    =     13164.9730
 EELEC  =   -106128.8528  EHBOND  =         0.0000  RESTRAINT  =         0.0000
 ------------------------------------------------------------------------------


 NSTEP =    18500   TIME(PS) =      29.250  TEMP(K) =   299.35  PRESS =     0.0
 Etot   =    -52221.0269  EKtot   =     20595.2109  EPtot      =    -72816.2379
 BOND   =     12874.3856  ANGLE   =      1038.4330  DIHED      =      1300.4814
 1-4 NB =       445.9554  1-4 EEL =      4573.2866  VDWAALS    =     13038.5147
 EELEC  =   -106087.2946  EHBOND  =         0.0000  RESTRAINT  =         0.0000
 ------------------------------------------------------------------------------

check COM velocity, temp:        0.000003     0.00(Removed)

 NSTEP =    19000   TIME(PS) =      29.500  TEMP(K) =   297.15  PRESS =     0.0
 Etot   =    -52220.0301  EKtot   =     20443.9453  EPtot      =    -72663.9754
 BOND   =     12875.2400  ANGLE   =      1055.4584  DIHED      =      1303.5055
 1-4 NB =       447.9499  1-4 EEL =      4632.4563  VDWAALS    =     12687.4589
 EELEC  =   -105666.0444  EHBOND  =         0.0000  RESTRAINT  =         0.0000
 ------------------------------------------------------------------------------


 NSTEP =    19500   TIME(PS) =      29.750  TEMP(K) =   297.13  PRESS =     0.0
 Etot   =    -52221.5339  EKtot   =     20442.4980  EPtot      =    -72664.0320
 BOND   =     13016.7722  ANGLE   =      1089.4231  DIHED      =      1301.0372
 1-4 NB =       419.5772  1-4 EEL =      4591.4760  VDWAALS    =     12996.1042
 EELEC  =   -106078.4218  EHBOND  =         0.0000  RESTRAINT  =         0.0000
 ------------------------------------------------------------------------------

check COM velocity, temp:        0.000003     0.00(Removed)

 NSTEP =    20000   TIME(PS) =      30.000  TEMP(K) =   298.67  PRESS =     0.0
 Etot   =    -52222.4759  EKtot   =     20548.0898  EPtot      =    -72770.5657
 BOND   =     12858.0987  ANGLE   =      1048.8938  DIHED      =      1287.8340
 1-4 NB =       449.8523  1-4 EEL =      4670.8558  VDWAALS    =     13065.0825
 EELEC  =   -106151.1828  EHBOND  =         0.0000  RESTRAINT  =         0.0000
 ------------------------------------------------------------------------------


      A V E R A G E S   O V E R      40 S T E P S


 NSTEP =    20000   TIME(PS) =      30.000  TEMP(K) =   299.18  PRESS =     0.0
 Etot   =    -52223.0355  EKtot   =     20583.2313  EPtot      =    -72806.2668
 BOND   =     12805.2348  ANGLE   =      1042.7671  DIHED      =      1320.0052
 1-4 NB =       444.0881  1-4 EEL =      4613.2665  VDWAALS    =     12840.3696
 EELEC  =   -105871.9981  EHBOND  =         0.0000  RESTRAINT  =         0.0000
 ------------------------------------------------------------------------------


      R M S  F L U C T U A T I O N S


 NSTEP =    20000   TIME(PS) =      30.000  TEMP(K) =     1.23  PRESS =     0.0
 Etot   =         2.3033  EKtot   =        84.3400  EPtot      =        85.6177
 BOND   =        93.9070  ANGLE   =        21.9207  DIHED      =        13.8044
 1-4 NB =         8.1943  1-4 EEL =        20.1685  VDWAALS    =       166.0213
 EELEC  =       220.2070  EHBOND  =         0.0000  RESTRAINT  =         0.0000
|E(PBS) =         0.6471
 ------------------------------------------------------------------------------

--------------------------------------------------------------------------------
   5.  TIMINGS
--------------------------------------------------------------------------------

|  NonSetup CPU Time in Major Routines:
|
|     Routine           Sec        %
|     ------------------------------
|     Nonbond           4.17   10.72
|     Bond              0.00    0.00
|     Angle             0.00    0.00
|     Dihedral          0.00    0.00
|     Shake             0.00    0.00
|     RunMD            34.69   89.17
|     Other             0.04    0.10
|     ------------------------------
|     Total            38.90

|  PME Nonbond Pairlist CPU Time:
|
|     Routine              Sec        %
|     ---------------------------------
|     Set Up Cit           0.00    0.00
|     Build List           0.00    0.00
|     ---------------------------------
|     Total                0.00    0.00

|  PME Direct Force CPU Time:
|
|     Routine              Sec        %
|     ---------------------------------
|     NonBonded Calc       0.00    0.00
|     Exclude Masked       0.00    0.00
|     Other                0.02    0.06
|     ---------------------------------
|     Total                0.02    0.06

|  PME Reciprocal Force CPU Time:
|
|     Routine              Sec        %
|     ---------------------------------
|     1D bspline           0.00    0.00
|     Grid Charges         0.00    0.00
|     Scalar Sum           0.00    0.00
|     Gradient Sum         0.00    0.00
|     FFT                  0.00    0.00
|     ---------------------------------
|     Total                0.00    0.00

|  Final Performance Info:
|     -----------------------------------------------------
|     Average timings for last   19500 steps:
|     Elapsed(s) =      42.46 Per Step(ms) =       2.18
|         ns/day =      19.84   seconds/ns =    4355.38
|
|     Average timings for all steps:
|     Elapsed(s) =      43.41 Per Step(ms) =       2.17
|         ns/day =      19.90   seconds/ns =    4341.00
|     -----------------------------------------------------

|  Setup CPU time:            2.96 seconds
|  NonSetup CPU time:        38.90 seconds
|  Total CPU time:           41.87 seconds     0.01 hours

|  Setup wall time:           5    seconds
|  NonSetup wall time:       43    seconds
|  Total wall time:          48    seconds     0.01 hours
