
          -------------------------------------------------------
          Amber 16 PMEMD                              2016
          -------------------------------------------------------

| PMEMD implementation of SANDER, Release 16

| Run on 08/24/2017 at 13:23:46

|   Executable path: /apps/amber16/bin/pmemd.cuda
| Working directory: /scratch/pbarletta/pdz/run/lb/neq/data/3
|          Hostname: mordor

  [-O]verwriting output

File Assignments:
|   MDIN: pdt.in                                                                
|  MDOUT: 234plb_3.out                                                          
| INPCRD: ../2/234plb_2.rst7                                                    
|   PARM: /scratch/pbarletta/pdz/top_files/lb.prmtop                            
| RESTRT: 234plb_3.rst7                                                         
|   REFC: refc                                                                  
|  MDVEL: mdvel                                                                 
|   MDEN: mden                                                                  
|  MDCRD: 234plb_3.nc                                                           
| MDINFO: mdinfo                                                                
|  MDFRC: mdfrc                                                                 


 Here is the input file:

!NVE run                                                                       
&cntrl                                                                         
imin = 0,                           ! No Minimization                          
nmropt = 0,                         ! No NMR restraints read                   
                                                                               
! Nature and format of the input                                               
ntx = 5,                            ! Coordinates and velocities will be read  
irest = 1,                          ! Do not run a new simulation              
                                                                               
! Nature and format of the output                                              
ioutfm = 1,			    ! NetCDF format for output files                             
ntxo = 1,                           ! rstrt file in ASCII format               
ntpr = 500,                         ! inf in output every ntpr steps           
ntwr = 500,                         ! rstrt file every ntwr steps              
ntwx = 20,                          ! mdcrd file every ntwx steps              
ntwv = -1,                          ! mdvel without velocities                 
ntwe = 0,                           ! Energies and temperatures not written in 
idecomp = 0,                        ! No energy decomposition                  
iwrap = 1,                          ! Coordinates of the restart and mdcrd file
                                                                               
! Frozen or restrained atoms                                                   
ibelly = 0,                         ! No frozen atoms                          
ntr=0,                              ! Harmonic potential restraints            
                                                                               
! Molecular dynamics                                                           
nstlim = 20000,                     ! Number of MD-steps                       
dt = 0.0005,                        ! Time step                                
                                                                               
! Temperature regulation                                                       
ntt = 0,                            ! Constant total energy                    
                                                                               
! P and V regulation                                                           
ntp = 0,                            ! No P control                             
ntb = 1,                            ! constant V                               
                                                                               
! SHAKE variables                                                              
ntc = 1,                            ! Bonds involving H are constrained        
ntf = 1,                            ! Bond interaction involving H are ommited.
                                                                               
cut = 9.0,                          ! Nonbonded cutoff                         
/                                                                              
&end                                                                           


Note: ig = -1. Setting random seed to   644473 based on wallclock time in 
      microseconds.
| irandom = 1, using AMBER's internal random number generator (default).
 
|--------------------- INFORMATION ----------------------
| GPU (CUDA) Version of PMEMD in use: NVIDIA GPU IN USE.
|                    Version 16.0.0
| 
|                      02/25/2016
| 
| Implementation by:
|                    Ross C. Walker     (SDSC)
|                    Scott Le Grand     (nVIDIA)
| 
| Precision model in use:
|      [SPFP] - Single Precision Forces, 64-bit Fixed Point
|               Accumulation. (Default)
| 
|--------------------------------------------------------
 
|----------------- CITATION INFORMATION -----------------
|
|    When publishing work that utilized the CUDA version
|    of AMBER, please cite the following in addition to
|    the regular AMBER citations:
|
|  - Romelia Salomon-Ferrer; Andreas W. Goetz; Duncan
|    Poole; Scott Le Grand; Ross C. Walker "Routine
|    microsecond molecular dynamics simulations with
|    AMBER - Part II: Particle Mesh Ewald", J. Chem.
|    Theory Comput., 2013, 9 (9), pp3878-3888,
|    DOI: 10.1021/ct400314y.
|
|  - Andreas W. Goetz; Mark J. Williamson; Dong Xu;
|    Duncan Poole; Scott Le Grand; Ross C. Walker
|    "Routine microsecond molecular dynamics simulations
|    with AMBER - Part I: Generalized Born", J. Chem.
|    Theory Comput., 2012, 8 (5), pp1542-1555.
|
|  - Scott Le Grand; Andreas W. Goetz; Ross C. Walker
|    "SPFP: Speed without compromise - a mixed precision
|    model for GPU accelerated molecular dynamics
|    simulations.", Comp. Phys. Comm., 2013, 184
|    pp374-380, DOI: 10.1016/j.cpc.2012.09.022
|
|--------------------------------------------------------
 
|------------------- GPU DEVICE INFO --------------------
|
|            CUDA_VISIBLE_DEVICES: 1
|   CUDA Capable Devices Detected:      1
|           CUDA Device ID in use:      0
|                CUDA Device Name: GeForce GTX TITAN
|     CUDA Device Global Mem Size:   6082 MB
| CUDA Device Num Multiprocessors:     14
|           CUDA Device Core Freq:   0.93 GHz
|
|--------------------------------------------------------
 
 
| Conditional Compilation Defines Used:
| PUBFFT
| BINTRAJ
| CUDA
| EMIL

| Largest sphere to fit in unit cell has radius =    26.281

| New format PARM file being parsed.
| Version =    1.000 Date = 09/04/12 Time = 16:08:43

| Note: 1-4 EEL scale factors are being read from the topology file.

| Note: 1-4 VDW scale factors are being read from the topology file.
| Duplicated    0 dihedrals

| Duplicated    0 dihedrals

--------------------------------------------------------------------------------
   1.  RESOURCE   USE: 
--------------------------------------------------------------------------------

 getting new box info from bottom of inpcrd
 NATOM  =   23082 NTYPES =      16 NBONH =   22055 MBONA  =    1038
 NTHETH =    2390 MTHETA =    1396 NPHIH =    4631 MPHIA  =    3488
 NHPARM =       0 NPARM  =       0 NNB   =   39434 NRES   =    7134
 NBONA  =    1038 NTHETA =    1396 NPHIA =    3488 NUMBND =      41
 NUMANG =      86 NPTRA  =      41 NATYP =      28 NPHB   =       1
 IFBOX  =       1 NMXRS  =      24 IFCAP =       0 NEXTRA =       0
 NCOPY  =       0

| Coordinate Index Table dimensions:    12   14   10
| Direct force subcell size =     5.0212    5.2012    5.2562

     BOX TYPE: RECTILINEAR

--------------------------------------------------------------------------------
   2.  CONTROL  DATA  FOR  THE  RUN
--------------------------------------------------------------------------------

default_name                                                                    

General flags:
     imin    =       0, nmropt  =       0

Nature and format of input:
     ntx     =       5, irest   =       1, ntrx    =       1

Nature and format of output:
     ntxo    =       1, ntpr    =     500, ntrx    =       1, ntwr    =     500
     iwrap   =       1, ntwx    =      20, ntwv    =      -1, ntwe    =       0
     ioutfm  =       1, ntwprt  =       0, idecomp =       0, rbornstat=      0

Potential function:
     ntf     =       1, ntb     =       1, igb     =       0, nsnb    =      25
     ipol    =       0, gbsa    =       0, iesp    =       0
     dielc   =   1.00000, cut     =   9.00000, intdiel =   1.00000

Frozen or restrained atoms:
     ibelly  =       0, ntr     =       0

Molecular dynamics:
     nstlim  =     20000, nscm    =      1000, nrespa  =         1
     t       =   0.00000, dt      =   0.00050, vlimit  =  -1.00000

| Intermolecular bonds treatment:
|     no_intermolecular_bonds =       1

| Energy averages sample interval:
|     ene_avg_sampling =     500

Ewald parameters:
     verbose =       0, ew_type =       0, nbflag  =       1, use_pme =       1
     vdwmeth =       1, eedmeth =       1, netfrc  =       1
     Box X =   60.254   Box Y =   72.816   Box Z =   52.562
     Alpha =   90.000   Beta  =   90.000   Gamma =   90.000
     NFFT1 =   64       NFFT2 =   80       NFFT3 =   56
     Cutoff=    9.000   Tol   =0.100E-04
     Ewald Coefficient =  0.30768
     Interpolation order =    4

--------------------------------------------------------------------------------
   3.  ATOMIC COORDINATES AND VELOCITIES
--------------------------------------------------------------------------------

default_name                                                                    
 begin time read from input coords =    20.000 ps

 
 Number of triangulated 3-point waters found:     7002

     Sum of charges from parm topology file =  -0.00000008
     Forcing neutrality...

| Dynamic Memory, Types Used:
| Reals              710578
| Integers           737140

| Nonbonded Pairs Initial Allocation:     5262696

| GPU memory information (estimate):
| KB of GPU memory in use:     63171
| KB of CPU memory in use:     27891

--------------------------------------------------------------------------------
   4.  RESULTS
--------------------------------------------------------------------------------

 ---------------------------------------------------
 APPROXIMATING switch and d/dx switch using CUBIC SPLINE INTERPOLATION
 using   5000.0 points per unit in tabled values
 TESTING RELATIVE ERROR over r ranging from 0.0 to cutoff
| CHECK switch(x): max rel err =   0.2738E-14   at   2.422500
| CHECK d/dx switch(x): max rel err =   0.8314E-11   at   2.736960
 ---------------------------------------------------
|---------------------------------------------------
| APPROXIMATING direct energy using CUBIC SPLINE INTERPOLATION
|  with   50.0 points per unit in tabled values
| Relative Error Limit not exceeded for r .gt.   2.39
| APPROXIMATING direct force using CUBIC SPLINE INTERPOLATION
|  with   50.0 points per unit in tabled values
| Relative Error Limit not exceeded for r .gt.   2.84
|---------------------------------------------------

 NSTEP =      500   TIME(PS) =      20.250  TEMP(K) =   299.25  PRESS =     0.0
 Etot   =    -51984.2268  EKtot   =     20588.1973  EPtot      =    -72572.4241
 BOND   =     12854.7748  ANGLE   =      1041.8048  DIHED      =      1316.1215
 1-4 NB =       432.0804  1-4 EEL =      4608.4405  VDWAALS    =     12705.3353
 EELEC  =   -105530.9815  EHBOND  =         0.0000  RESTRAINT  =         0.0000
 ------------------------------------------------------------------------------

check COM velocity, temp:        0.001568     0.00(Removed)

 NSTEP =     1000   TIME(PS) =      20.500  TEMP(K) =   298.08  PRESS =     0.0
 Etot   =    -51985.7877  EKtot   =     20507.6055  EPtot      =    -72493.3932
 BOND   =     12830.3291  ANGLE   =      1040.6329  DIHED      =      1313.1493
 1-4 NB =       423.9678  1-4 EEL =      4612.3407  VDWAALS    =     12734.4438
 EELEC  =   -105448.2569  EHBOND  =         0.0000  RESTRAINT  =         0.0000
 ------------------------------------------------------------------------------


 NSTEP =     1500   TIME(PS) =      20.750  TEMP(K) =   302.53  PRESS =     0.0
 Etot   =    -51988.2609  EKtot   =     20814.0918  EPtot      =    -72802.3527
 BOND   =     12823.3129  ANGLE   =      1017.2562  DIHED      =      1322.2246
 1-4 NB =       441.7765  1-4 EEL =      4605.1807  VDWAALS    =     12668.1044
 EELEC  =   -105680.2079  EHBOND  =         0.0000  RESTRAINT  =         0.0000
 ------------------------------------------------------------------------------

check COM velocity, temp:        0.000004     0.00(Removed)

 NSTEP =     2000   TIME(PS) =      21.000  TEMP(K) =   300.33  PRESS =     0.0
 Etot   =    -51985.6722  EKtot   =     20662.4219  EPtot      =    -72648.0941
 BOND   =     12840.1104  ANGLE   =      1070.6330  DIHED      =      1330.1745
 1-4 NB =       437.5165  1-4 EEL =      4676.4179  VDWAALS    =     12848.3917
 EELEC  =   -105851.3381  EHBOND  =         0.0000  RESTRAINT  =         0.0000
 ------------------------------------------------------------------------------


 NSTEP =     2500   TIME(PS) =      21.250  TEMP(K) =   299.73  PRESS =     0.0
 Etot   =    -51983.3764  EKtot   =     20620.9609  EPtot      =    -72604.3373
 BOND   =     12859.9182  ANGLE   =      1028.0833  DIHED      =      1316.1230
 1-4 NB =       442.3509  1-4 EEL =      4629.9768  VDWAALS    =     12838.6385
 EELEC  =   -105719.4281  EHBOND  =         0.0000  RESTRAINT  =         0.0000
 ------------------------------------------------------------------------------

check COM velocity, temp:        0.000004     0.00(Removed)

 NSTEP =     3000   TIME(PS) =      21.500  TEMP(K) =   301.87  PRESS =     0.0
 Etot   =    -51986.7027  EKtot   =     20768.5000  EPtot      =    -72755.2027
 BOND   =     12822.0255  ANGLE   =      1010.3144  DIHED      =      1323.1289
 1-4 NB =       455.6327  1-4 EEL =      4657.8106  VDWAALS    =     12786.8795
 EELEC  =   -105810.9942  EHBOND  =         0.0000  RESTRAINT  =         0.0000
 ------------------------------------------------------------------------------


 NSTEP =     3500   TIME(PS) =      21.750  TEMP(K) =   302.46  PRESS =     0.0
 Etot   =    -51983.7979  EKtot   =     20809.3633  EPtot      =    -72793.1611
 BOND   =     12882.5046  ANGLE   =      1039.0074  DIHED      =      1296.6406
 1-4 NB =       446.2990  1-4 EEL =      4615.2461  VDWAALS    =     12888.5292
 EELEC  =   -105961.3881  EHBOND  =         0.0000  RESTRAINT  =         0.0000
 ------------------------------------------------------------------------------

check COM velocity, temp:        0.000004     0.00(Removed)

 NSTEP =     4000   TIME(PS) =      22.000  TEMP(K) =   299.88  PRESS =     0.0
 Etot   =    -51988.3972  EKtot   =     20631.6523  EPtot      =    -72620.0496
 BOND   =     12786.2400  ANGLE   =      1048.0595  DIHED      =      1316.4861
 1-4 NB =       448.4635  1-4 EEL =      4620.0408  VDWAALS    =     12747.1518
 EELEC  =   -105586.4911  EHBOND  =         0.0000  RESTRAINT  =         0.0000
 ------------------------------------------------------------------------------


 NSTEP =     4500   TIME(PS) =      22.250  TEMP(K) =   301.94  PRESS =     0.0
 Etot   =    -51984.6476  EKtot   =     20773.4902  EPtot      =    -72758.1378
 BOND   =     12832.3332  ANGLE   =      1038.6431  DIHED      =      1314.9760
 1-4 NB =       447.1201  1-4 EEL =      4640.9768  VDWAALS    =     12883.8429
 EELEC  =   -105916.0300  EHBOND  =         0.0000  RESTRAINT  =         0.0000
 ------------------------------------------------------------------------------

check COM velocity, temp:        0.000002     0.00(Removed)

 NSTEP =     5000   TIME(PS) =      22.500  TEMP(K) =   300.68  PRESS =     0.0
 Etot   =    -51982.5776  EKtot   =     20686.3281  EPtot      =    -72668.9057
 BOND   =     12977.2579  ANGLE   =      1039.0500  DIHED      =      1322.3191
 1-4 NB =       428.6790  1-4 EEL =      4622.2732  VDWAALS    =     12825.9072
 EELEC  =   -105884.3921  EHBOND  =         0.0000  RESTRAINT  =         0.0000
 ------------------------------------------------------------------------------


 NSTEP =     5500   TIME(PS) =      22.750  TEMP(K) =   301.81  PRESS =     0.0
 Etot   =    -51984.9723  EKtot   =     20764.5586  EPtot      =    -72749.5309
 BOND   =     12807.2619  ANGLE   =      1003.6948  DIHED      =      1324.2636
 1-4 NB =       453.9799  1-4 EEL =      4673.0409  VDWAALS    =     12848.0636
 EELEC  =   -105859.8356  EHBOND  =         0.0000  RESTRAINT  =         0.0000
 ------------------------------------------------------------------------------

check COM velocity, temp:        0.000008     0.00(Removed)

 NSTEP =     6000   TIME(PS) =      23.000  TEMP(K) =   301.50  PRESS =     0.0
 Etot   =    -51985.9565  EKtot   =     20742.8652  EPtot      =    -72728.8217
 BOND   =     12841.4972  ANGLE   =      1045.5821  DIHED      =      1326.5632
 1-4 NB =       437.8629  1-4 EEL =      4671.6619  VDWAALS    =     12967.1120
 EELEC  =   -106019.1010  EHBOND  =         0.0000  RESTRAINT  =         0.0000
 ------------------------------------------------------------------------------


 NSTEP =     6500   TIME(PS) =      23.250  TEMP(K) =   299.41  PRESS =     0.0
 Etot   =    -51984.4659  EKtot   =     20598.9355  EPtot      =    -72583.4015
 BOND   =     12637.2730  ANGLE   =      1050.4048  DIHED      =      1329.3150
 1-4 NB =       441.2457  1-4 EEL =      4613.4563  VDWAALS    =     12645.8675
 EELEC  =   -105300.9639  EHBOND  =         0.0000  RESTRAINT  =         0.0000
 ------------------------------------------------------------------------------

check COM velocity, temp:        0.000008     0.00(Removed)

 NSTEP =     7000   TIME(PS) =      23.500  TEMP(K) =   301.13  PRESS =     0.0
 Etot   =    -51986.8203  EKtot   =     20717.8125  EPtot      =    -72704.6328
 BOND   =     12739.3521  ANGLE   =      1036.8586  DIHED      =      1336.6141
 1-4 NB =       435.5446  1-4 EEL =      4594.7445  VDWAALS    =     12626.7209
 EELEC  =   -105474.4676  EHBOND  =         0.0000  RESTRAINT  =         0.0000
 ------------------------------------------------------------------------------


 NSTEP =     7500   TIME(PS) =      23.750  TEMP(K) =   299.16  PRESS =     0.0
 Etot   =    -51986.9859  EKtot   =     20581.8730  EPtot      =    -72568.8589
 BOND   =     12849.6641  ANGLE   =      1103.2011  DIHED      =      1326.7490
 1-4 NB =       456.0598  1-4 EEL =      4616.9972  VDWAALS    =     12625.2964
 EELEC  =   -105546.8265  EHBOND  =         0.0000  RESTRAINT  =         0.0000
 ------------------------------------------------------------------------------

check COM velocity, temp:        0.000007     0.00(Removed)

 NSTEP =     8000   TIME(PS) =      24.000  TEMP(K) =   300.64  PRESS =     0.0
 Etot   =    -51985.2999  EKtot   =     20684.0488  EPtot      =    -72669.3488
 BOND   =     12757.9178  ANGLE   =      1097.2088  DIHED      =      1313.1345
 1-4 NB =       446.4257  1-4 EEL =      4577.5673  VDWAALS    =     12609.3988
 EELEC  =   -105471.0018  EHBOND  =         0.0000  RESTRAINT  =         0.0000
 ------------------------------------------------------------------------------


 NSTEP =     8500   TIME(PS) =      24.250  TEMP(K) =   301.83  PRESS =     0.0
 Etot   =    -51986.3589  EKtot   =     20765.9004  EPtot      =    -72752.2593
 BOND   =     12727.9059  ANGLE   =      1035.2348  DIHED      =      1306.3604
 1-4 NB =       449.4879  1-4 EEL =      4632.1053  VDWAALS    =     12672.2311
 EELEC  =   -105575.5847  EHBOND  =         0.0000  RESTRAINT  =         0.0000
 ------------------------------------------------------------------------------

check COM velocity, temp:        0.000003     0.00(Removed)

 NSTEP =     9000   TIME(PS) =      24.500  TEMP(K) =   300.31  PRESS =     0.0
 Etot   =    -51983.6577  EKtot   =     20661.3965  EPtot      =    -72645.0542
 BOND   =     12648.4772  ANGLE   =      1069.9379  DIHED      =      1331.3316
 1-4 NB =       451.9589  1-4 EEL =      4634.1676  VDWAALS    =     12703.0421
 EELEC  =   -105483.9696  EHBOND  =         0.0000  RESTRAINT  =         0.0000
 ------------------------------------------------------------------------------


 NSTEP =     9500   TIME(PS) =      24.750  TEMP(K) =   302.19  PRESS =     0.0
 Etot   =    -51985.0881  EKtot   =     20790.3438  EPtot      =    -72775.4319
 BOND   =     12684.2797  ANGLE   =      1047.4663  DIHED      =      1317.9018
 1-4 NB =       446.3495  1-4 EEL =      4619.6380  VDWAALS    =     12597.1470
 EELEC  =   -105488.2140  EHBOND  =         0.0000  RESTRAINT  =         0.0000
 ------------------------------------------------------------------------------

check COM velocity, temp:        0.000004     0.00(Removed)

 NSTEP =    10000   TIME(PS) =      25.000  TEMP(K) =   300.65  PRESS =     0.0
 Etot   =    -51982.2496  EKtot   =     20684.4434  EPtot      =    -72666.6929
 BOND   =     12568.8956  ANGLE   =      1040.7889  DIHED      =      1311.2789
 1-4 NB =       433.6016  1-4 EEL =      4644.8050  VDWAALS    =     12486.9362
 EELEC  =   -105152.9991  EHBOND  =         0.0000  RESTRAINT  =         0.0000
 ------------------------------------------------------------------------------


 NSTEP =    10500   TIME(PS) =      25.250  TEMP(K) =   299.73  PRESS =     0.0
 Etot   =    -51984.7046  EKtot   =     20621.4277  EPtot      =    -72606.1324
 BOND   =     12757.9945  ANGLE   =      1039.6450  DIHED      =      1329.0544
 1-4 NB =       441.9378  1-4 EEL =      4609.8447  VDWAALS    =     12861.1043
 EELEC  =   -105645.7130  EHBOND  =         0.0000  RESTRAINT  =         0.0000
 ------------------------------------------------------------------------------

check COM velocity, temp:        0.000008     0.00(Removed)

 NSTEP =    11000   TIME(PS) =      25.500  TEMP(K) =   297.15  PRESS =     0.0
 Etot   =    -51989.9604  EKtot   =     20443.4648  EPtot      =    -72433.4252
 BOND   =     12721.5589  ANGLE   =      1038.8305  DIHED      =      1329.0644
 1-4 NB =       423.6279  1-4 EEL =      4607.5360  VDWAALS    =     12550.6625
 EELEC  =   -105104.7054  EHBOND  =         0.0000  RESTRAINT  =         0.0000
 ------------------------------------------------------------------------------


 NSTEP =    11500   TIME(PS) =      25.750  TEMP(K) =   299.52  PRESS =     0.0
 Etot   =    -51984.5860  EKtot   =     20606.6777  EPtot      =    -72591.2637
 BOND   =     12764.6786  ANGLE   =      1041.7363  DIHED      =      1306.1935
 1-4 NB =       429.5669  1-4 EEL =      4623.1256  VDWAALS    =     12704.5502
 EELEC  =   -105461.1146  EHBOND  =         0.0000  RESTRAINT  =         0.0000
 ------------------------------------------------------------------------------

check COM velocity, temp:        0.000002     0.00(Removed)

 NSTEP =    12000   TIME(PS) =      26.000  TEMP(K) =   298.10  PRESS =     0.0
 Etot   =    -51983.3374  EKtot   =     20509.2500  EPtot      =    -72492.5874
 BOND   =     12811.4365  ANGLE   =      1031.1940  DIHED      =      1317.3456
 1-4 NB =       444.8503  1-4 EEL =      4648.0716  VDWAALS    =     12711.3587
 EELEC  =   -105456.8440  EHBOND  =         0.0000  RESTRAINT  =         0.0000
 ------------------------------------------------------------------------------


 NSTEP =    12500   TIME(PS) =      26.250  TEMP(K) =   302.96  PRESS =     0.0
 Etot   =    -51989.6666  EKtot   =     20843.6152  EPtot      =    -72833.2819
 BOND   =     12754.1205  ANGLE   =      1035.9300  DIHED      =      1320.7039
 1-4 NB =       447.7448  1-4 EEL =      4624.1305  VDWAALS    =     12938.1436
 EELEC  =   -105954.0553  EHBOND  =         0.0000  RESTRAINT  =         0.0000
 ------------------------------------------------------------------------------

check COM velocity, temp:        0.000008     0.00(Removed)

 NSTEP =    13000   TIME(PS) =      26.500  TEMP(K) =   300.41  PRESS =     0.0
 Etot   =    -51986.9565  EKtot   =     20668.2344  EPtot      =    -72655.1909
 BOND   =     12954.2787  ANGLE   =      1063.0892  DIHED      =      1315.0561
 1-4 NB =       433.6297  1-4 EEL =      4585.4730  VDWAALS    =     13001.7153
 EELEC  =   -106008.4329  EHBOND  =         0.0000  RESTRAINT  =         0.0000
 ------------------------------------------------------------------------------


 NSTEP =    13500   TIME(PS) =      26.750  TEMP(K) =   298.63  PRESS =     0.0
 Etot   =    -51987.6325  EKtot   =     20545.7500  EPtot      =    -72533.3825
 BOND   =     12733.5253  ANGLE   =      1002.9898  DIHED      =      1320.2052
 1-4 NB =       451.2627  1-4 EEL =      4628.8529  VDWAALS    =     12786.9508
 EELEC  =   -105457.1691  EHBOND  =         0.0000  RESTRAINT  =         0.0000
 ------------------------------------------------------------------------------

check COM velocity, temp:        0.000008     0.00(Removed)

 NSTEP =    14000   TIME(PS) =      27.000  TEMP(K) =   301.75  PRESS =     0.0
 Etot   =    -51987.9352  EKtot   =     20760.0156  EPtot      =    -72747.9508
 BOND   =     12677.6687  ANGLE   =      1017.9778  DIHED      =      1324.7105
 1-4 NB =       436.6939  1-4 EEL =      4616.9915  VDWAALS    =     12848.9599
 EELEC  =   -105670.9531  EHBOND  =         0.0000  RESTRAINT  =         0.0000
 ------------------------------------------------------------------------------


 NSTEP =    14500   TIME(PS) =      27.250  TEMP(K) =   299.91  PRESS =     0.0
 Etot   =    -51984.8922  EKtot   =     20633.3828  EPtot      =    -72618.2750
 BOND   =     12653.3856  ANGLE   =      1052.3725  DIHED      =      1315.0682
 1-4 NB =       423.1239  1-4 EEL =      4600.9855  VDWAALS    =     12588.1596
 EELEC  =   -105251.3704  EHBOND  =         0.0000  RESTRAINT  =         0.0000
 ------------------------------------------------------------------------------

check COM velocity, temp:        0.000007     0.00(Removed)

 NSTEP =    15000   TIME(PS) =      27.500  TEMP(K) =   299.10  PRESS =     0.0
 Etot   =    -51984.6132  EKtot   =     20577.6367  EPtot      =    -72562.2499
 BOND   =     12922.0492  ANGLE   =      1044.9121  DIHED      =      1332.5466
 1-4 NB =       448.8671  1-4 EEL =      4649.0681  VDWAALS    =     12912.3436
 EELEC  =   -105872.0367  EHBOND  =         0.0000  RESTRAINT  =         0.0000
 ------------------------------------------------------------------------------


 NSTEP =    15500   TIME(PS) =      27.750  TEMP(K) =   301.27  PRESS =     0.0
 Etot   =    -51985.9529  EKtot   =     20727.0820  EPtot      =    -72713.0349
 BOND   =     12767.9030  ANGLE   =       995.7935  DIHED      =      1350.2310
 1-4 NB =       442.5384  1-4 EEL =      4640.1322  VDWAALS    =     12736.8892
 EELEC  =   -105646.5223  EHBOND  =         0.0000  RESTRAINT  =         0.0000
 ------------------------------------------------------------------------------

check COM velocity, temp:        0.000004     0.00(Removed)

 NSTEP =    16000   TIME(PS) =      28.000  TEMP(K) =   301.97  PRESS =     0.0
 Etot   =    -51985.6620  EKtot   =     20775.4473  EPtot      =    -72761.1093
 BOND   =     12739.7945  ANGLE   =      1025.5126  DIHED      =      1324.4978
 1-4 NB =       435.7531  1-4 EEL =      4630.9683  VDWAALS    =     12779.8498
 EELEC  =   -105697.4853  EHBOND  =         0.0000  RESTRAINT  =         0.0000
 ------------------------------------------------------------------------------


 NSTEP =    16500   TIME(PS) =      28.250  TEMP(K) =   302.08  PRESS =     0.0
 Etot   =    -51988.8805  EKtot   =     20782.9844  EPtot      =    -72771.8648
 BOND   =     12656.0152  ANGLE   =      1009.2249  DIHED      =      1336.6928
 1-4 NB =       452.1885  1-4 EEL =      4622.7289  VDWAALS    =     12743.6903
 EELEC  =   -105592.4054  EHBOND  =         0.0000  RESTRAINT  =         0.0000
 ------------------------------------------------------------------------------

check COM velocity, temp:        0.000006     0.00(Removed)

 NSTEP =    17000   TIME(PS) =      28.500  TEMP(K) =   300.48  PRESS =     0.0
 Etot   =    -51980.0683  EKtot   =     20672.8672  EPtot      =    -72652.9354
 BOND   =     12949.9182  ANGLE   =      1036.4507  DIHED      =      1309.3956
 1-4 NB =       438.9984  1-4 EEL =      4647.4339  VDWAALS    =     12751.7398
 EELEC  =   -105786.8720  EHBOND  =         0.0000  RESTRAINT  =         0.0000
 ------------------------------------------------------------------------------


 NSTEP =    17500   TIME(PS) =      28.750  TEMP(K) =   299.82  PRESS =     0.0
 Etot   =    -51984.4465  EKtot   =     20627.7949  EPtot      =    -72612.2415
 BOND   =     12671.3509  ANGLE   =      1015.3491  DIHED      =      1315.2240
 1-4 NB =       452.7457  1-4 EEL =      4622.3815  VDWAALS    =     12580.6653
 EELEC  =   -105269.9578  EHBOND  =         0.0000  RESTRAINT  =         0.0000
 ------------------------------------------------------------------------------

check COM velocity, temp:        0.000008     0.00(Removed)

 NSTEP =    18000   TIME(PS) =      29.000  TEMP(K) =   299.21  PRESS =     0.0
 Etot   =    -51987.3845  EKtot   =     20585.5391  EPtot      =    -72572.9235
 BOND   =     12746.1959  ANGLE   =      1008.6836  DIHED      =      1327.7527
 1-4 NB =       438.5515  1-4 EEL =      4632.8265  VDWAALS    =     12781.8670
 EELEC  =   -105508.8007  EHBOND  =         0.0000  RESTRAINT  =         0.0000
 ------------------------------------------------------------------------------


 NSTEP =    18500   TIME(PS) =      29.250  TEMP(K) =   298.95  PRESS =     0.0
 Etot   =    -51984.5957  EKtot   =     20567.3848  EPtot      =    -72551.9805
 BOND   =     12786.6967  ANGLE   =      1080.4620  DIHED      =      1312.0190
 1-4 NB =       439.0126  1-4 EEL =      4593.2559  VDWAALS    =     12864.8236
 EELEC  =   -105628.2502  EHBOND  =         0.0000  RESTRAINT  =         0.0000
 ------------------------------------------------------------------------------

check COM velocity, temp:        0.000003     0.00(Removed)

 NSTEP =    19000   TIME(PS) =      29.500  TEMP(K) =   299.90  PRESS =     0.0
 Etot   =    -51984.3885  EKtot   =     20633.2773  EPtot      =    -72617.6659
 BOND   =     12716.2739  ANGLE   =      1023.2649  DIHED      =      1322.0087
 1-4 NB =       450.0434  1-4 EEL =      4658.7116  VDWAALS    =     12691.2414
 EELEC  =   -105479.2098  EHBOND  =         0.0000  RESTRAINT  =         0.0000
 ------------------------------------------------------------------------------


 NSTEP =    19500   TIME(PS) =      29.750  TEMP(K) =   301.41  PRESS =     0.0
 Etot   =    -51983.9167  EKtot   =     20736.5938  EPtot      =    -72720.5104
 BOND   =     12816.6330  ANGLE   =      1013.1063  DIHED      =      1326.6859
 1-4 NB =       427.0428  1-4 EEL =      4583.7747  VDWAALS    =     12721.8008
 EELEC  =   -105609.5539  EHBOND  =         0.0000  RESTRAINT  =         0.0000
 ------------------------------------------------------------------------------

check COM velocity, temp:        0.000007     0.00(Removed)

 NSTEP =    20000   TIME(PS) =      30.000  TEMP(K) =   298.60  PRESS =     0.0
 Etot   =    -51985.0191  EKtot   =     20543.6816  EPtot      =    -72528.7007
 BOND   =     12863.6038  ANGLE   =      1025.9887  DIHED      =      1336.9030
 1-4 NB =       445.8924  1-4 EEL =      4627.1792  VDWAALS    =     12711.5712
 EELEC  =   -105539.8390  EHBOND  =         0.0000  RESTRAINT  =         0.0000
 ------------------------------------------------------------------------------


      A V E R A G E S   O V E R      40 S T E P S


 NSTEP =    20000   TIME(PS) =      30.000  TEMP(K) =   300.41  PRESS =     0.0
 Etot   =    -51985.4975  EKtot   =     20667.9224  EPtot      =    -72653.4199
 BOND   =     12780.9103  ANGLE   =      1037.6594  DIHED      =      1321.6554
 1-4 NB =       441.5119  1-4 EEL =      4625.5090  VDWAALS    =     12749.4282
 EELEC  =   -105610.0941  EHBOND  =         0.0000  RESTRAINT  =         0.0000
 ------------------------------------------------------------------------------


      R M S  F L U C T U A T I O N S


 NSTEP =    20000   TIME(PS) =      30.000  TEMP(K) =     1.39  PRESS =     0.0
 Etot   =         2.0252  EKtot   =        95.7368  EPtot      =        95.9607
 BOND   =        91.6455  ANGLE   =        23.5875  DIHED      =         9.9787
 1-4 NB =         9.0300  1-4 EEL =        23.4019  VDWAALS    =       118.0514
 EELEC  =       225.8952  EHBOND  =         0.0000  RESTRAINT  =         0.0000
|E(PBS) =         0.5487
 ------------------------------------------------------------------------------

--------------------------------------------------------------------------------
   5.  TIMINGS
--------------------------------------------------------------------------------

|  NonSetup CPU Time in Major Routines:
|
|     Routine           Sec        %
|     ------------------------------
|     Nonbond           3.84    9.90
|     Bond              0.00    0.00
|     Angle             0.00    0.00
|     Dihedral          0.00    0.00
|     Shake             0.00    0.00
|     RunMD            34.88   89.91
|     Other             0.08    0.20
|     ------------------------------
|     Total            38.80

|  PME Nonbond Pairlist CPU Time:
|
|     Routine              Sec        %
|     ---------------------------------
|     Set Up Cit           0.00    0.00
|     Build List           0.00    0.00
|     ---------------------------------
|     Total                0.00    0.00

|  PME Direct Force CPU Time:
|
|     Routine              Sec        %
|     ---------------------------------
|     NonBonded Calc       0.00    0.00
|     Exclude Masked       0.00    0.00
|     Other                0.03    0.08
|     ---------------------------------
|     Total                0.03    0.08

|  PME Reciprocal Force CPU Time:
|
|     Routine              Sec        %
|     ---------------------------------
|     1D bspline           0.00    0.00
|     Grid Charges         0.00    0.00
|     Scalar Sum           0.00    0.00
|     Gradient Sum         0.00    0.00
|     FFT                  0.00    0.00
|     ---------------------------------
|     Total                0.00    0.00

|  Final Performance Info:
|     -----------------------------------------------------
|     Average timings for last   19500 steps:
|     Elapsed(s) =      43.55 Per Step(ms) =       2.23
|         ns/day =      19.34   seconds/ns =    4466.98
|
|     Average timings for all steps:
|     Elapsed(s) =      44.53 Per Step(ms) =       2.23
|         ns/day =      19.40   seconds/ns =    4453.48
|     -----------------------------------------------------

|  Setup CPU time:            2.67 seconds
|  NonSetup CPU time:        38.80 seconds
|  Total CPU time:           41.47 seconds     0.01 hours

|  Setup wall time:           3    seconds
|  NonSetup wall time:       44    seconds
|  Total wall time:          47    seconds     0.01 hours
