
          -------------------------------------------------------
          Amber 16 PMEMD                              2016
          -------------------------------------------------------

| PMEMD implementation of SANDER, Release 16

| Run on 08/24/2017 at 13:38:45

|   Executable path: /apps/amber16/bin/pmemd.cuda
| Working directory: /scratch/pbarletta/pdz/run/lb/neq/data/3
|          Hostname: mordor

  [-O]verwriting output

File Assignments:
|   MDIN: pdt.in                                                                
|  MDOUT: 254plb_3.out                                                          
| INPCRD: ../2/254plb_2.rst7                                                    
|   PARM: /scratch/pbarletta/pdz/top_files/lb.prmtop                            
| RESTRT: 254plb_3.rst7                                                         
|   REFC: refc                                                                  
|  MDVEL: mdvel                                                                 
|   MDEN: mden                                                                  
|  MDCRD: 254plb_3.nc                                                           
| MDINFO: mdinfo                                                                
|  MDFRC: mdfrc                                                                 


 Here is the input file:

!NVE run                                                                       
&cntrl                                                                         
imin = 0,                           ! No Minimization                          
nmropt = 0,                         ! No NMR restraints read                   
                                                                               
! Nature and format of the input                                               
ntx = 5,                            ! Coordinates and velocities will be read  
irest = 1,                          ! Do not run a new simulation              
                                                                               
! Nature and format of the output                                              
ioutfm = 1,			    ! NetCDF format for output files                             
ntxo = 1,                           ! rstrt file in ASCII format               
ntpr = 500,                         ! inf in output every ntpr steps           
ntwr = 500,                         ! rstrt file every ntwr steps              
ntwx = 20,                          ! mdcrd file every ntwx steps              
ntwv = -1,                          ! mdvel without velocities                 
ntwe = 0,                           ! Energies and temperatures not written in 
idecomp = 0,                        ! No energy decomposition                  
iwrap = 1,                          ! Coordinates of the restart and mdcrd file
                                                                               
! Frozen or restrained atoms                                                   
ibelly = 0,                         ! No frozen atoms                          
ntr=0,                              ! Harmonic potential restraints            
                                                                               
! Molecular dynamics                                                           
nstlim = 20000,                     ! Number of MD-steps                       
dt = 0.0005,                        ! Time step                                
                                                                               
! Temperature regulation                                                       
ntt = 0,                            ! Constant total energy                    
                                                                               
! P and V regulation                                                           
ntp = 0,                            ! No P control                             
ntb = 1,                            ! constant V                               
                                                                               
! SHAKE variables                                                              
ntc = 1,                            ! Bonds involving H are constrained        
ntf = 1,                            ! Bond interaction involving H are ommited.
                                                                               
cut = 9.0,                          ! Nonbonded cutoff                         
/                                                                              
&end                                                                           


Note: ig = -1. Setting random seed to   989931 based on wallclock time in 
      microseconds.
| irandom = 1, using AMBER's internal random number generator (default).
 
|--------------------- INFORMATION ----------------------
| GPU (CUDA) Version of PMEMD in use: NVIDIA GPU IN USE.
|                    Version 16.0.0
| 
|                      02/25/2016
| 
| Implementation by:
|                    Ross C. Walker     (SDSC)
|                    Scott Le Grand     (nVIDIA)
| 
| Precision model in use:
|      [SPFP] - Single Precision Forces, 64-bit Fixed Point
|               Accumulation. (Default)
| 
|--------------------------------------------------------
 
|----------------- CITATION INFORMATION -----------------
|
|    When publishing work that utilized the CUDA version
|    of AMBER, please cite the following in addition to
|    the regular AMBER citations:
|
|  - Romelia Salomon-Ferrer; Andreas W. Goetz; Duncan
|    Poole; Scott Le Grand; Ross C. Walker "Routine
|    microsecond molecular dynamics simulations with
|    AMBER - Part II: Particle Mesh Ewald", J. Chem.
|    Theory Comput., 2013, 9 (9), pp3878-3888,
|    DOI: 10.1021/ct400314y.
|
|  - Andreas W. Goetz; Mark J. Williamson; Dong Xu;
|    Duncan Poole; Scott Le Grand; Ross C. Walker
|    "Routine microsecond molecular dynamics simulations
|    with AMBER - Part I: Generalized Born", J. Chem.
|    Theory Comput., 2012, 8 (5), pp1542-1555.
|
|  - Scott Le Grand; Andreas W. Goetz; Ross C. Walker
|    "SPFP: Speed without compromise - a mixed precision
|    model for GPU accelerated molecular dynamics
|    simulations.", Comp. Phys. Comm., 2013, 184
|    pp374-380, DOI: 10.1016/j.cpc.2012.09.022
|
|--------------------------------------------------------
 
|------------------- GPU DEVICE INFO --------------------
|
|            CUDA_VISIBLE_DEVICES: 1
|   CUDA Capable Devices Detected:      1
|           CUDA Device ID in use:      0
|                CUDA Device Name: GeForce GTX TITAN
|     CUDA Device Global Mem Size:   6082 MB
| CUDA Device Num Multiprocessors:     14
|           CUDA Device Core Freq:   0.93 GHz
|
|--------------------------------------------------------
 
 
| Conditional Compilation Defines Used:
| PUBFFT
| BINTRAJ
| CUDA
| EMIL

| Largest sphere to fit in unit cell has radius =    26.281

| New format PARM file being parsed.
| Version =    1.000 Date = 09/04/12 Time = 16:08:43

| Note: 1-4 EEL scale factors are being read from the topology file.

| Note: 1-4 VDW scale factors are being read from the topology file.
| Duplicated    0 dihedrals

| Duplicated    0 dihedrals

--------------------------------------------------------------------------------
   1.  RESOURCE   USE: 
--------------------------------------------------------------------------------

 getting new box info from bottom of inpcrd
 NATOM  =   23082 NTYPES =      16 NBONH =   22055 MBONA  =    1038
 NTHETH =    2390 MTHETA =    1396 NPHIH =    4631 MPHIA  =    3488
 NHPARM =       0 NPARM  =       0 NNB   =   39434 NRES   =    7134
 NBONA  =    1038 NTHETA =    1396 NPHIA =    3488 NUMBND =      41
 NUMANG =      86 NPTRA  =      41 NATYP =      28 NPHB   =       1
 IFBOX  =       1 NMXRS  =      24 IFCAP =       0 NEXTRA =       0
 NCOPY  =       0

| Coordinate Index Table dimensions:    12   14   10
| Direct force subcell size =     5.0212    5.2012    5.2562

     BOX TYPE: RECTILINEAR

--------------------------------------------------------------------------------
   2.  CONTROL  DATA  FOR  THE  RUN
--------------------------------------------------------------------------------

default_name                                                                    

General flags:
     imin    =       0, nmropt  =       0

Nature and format of input:
     ntx     =       5, irest   =       1, ntrx    =       1

Nature and format of output:
     ntxo    =       1, ntpr    =     500, ntrx    =       1, ntwr    =     500
     iwrap   =       1, ntwx    =      20, ntwv    =      -1, ntwe    =       0
     ioutfm  =       1, ntwprt  =       0, idecomp =       0, rbornstat=      0

Potential function:
     ntf     =       1, ntb     =       1, igb     =       0, nsnb    =      25
     ipol    =       0, gbsa    =       0, iesp    =       0
     dielc   =   1.00000, cut     =   9.00000, intdiel =   1.00000

Frozen or restrained atoms:
     ibelly  =       0, ntr     =       0

Molecular dynamics:
     nstlim  =     20000, nscm    =      1000, nrespa  =         1
     t       =   0.00000, dt      =   0.00050, vlimit  =  -1.00000

| Intermolecular bonds treatment:
|     no_intermolecular_bonds =       1

| Energy averages sample interval:
|     ene_avg_sampling =     500

Ewald parameters:
     verbose =       0, ew_type =       0, nbflag  =       1, use_pme =       1
     vdwmeth =       1, eedmeth =       1, netfrc  =       1
     Box X =   60.254   Box Y =   72.816   Box Z =   52.562
     Alpha =   90.000   Beta  =   90.000   Gamma =   90.000
     NFFT1 =   64       NFFT2 =   80       NFFT3 =   56
     Cutoff=    9.000   Tol   =0.100E-04
     Ewald Coefficient =  0.30768
     Interpolation order =    4

--------------------------------------------------------------------------------
   3.  ATOMIC COORDINATES AND VELOCITIES
--------------------------------------------------------------------------------

default_name                                                                    
 begin time read from input coords =    20.000 ps

 
 Number of triangulated 3-point waters found:     7002

     Sum of charges from parm topology file =  -0.00000008
     Forcing neutrality...

| Dynamic Memory, Types Used:
| Reals              710578
| Integers           737140

| Nonbonded Pairs Initial Allocation:     5262696

| GPU memory information (estimate):
| KB of GPU memory in use:     63171
| KB of CPU memory in use:     27891

--------------------------------------------------------------------------------
   4.  RESULTS
--------------------------------------------------------------------------------

 ---------------------------------------------------
 APPROXIMATING switch and d/dx switch using CUBIC SPLINE INTERPOLATION
 using   5000.0 points per unit in tabled values
 TESTING RELATIVE ERROR over r ranging from 0.0 to cutoff
| CHECK switch(x): max rel err =   0.2738E-14   at   2.422500
| CHECK d/dx switch(x): max rel err =   0.8314E-11   at   2.736960
 ---------------------------------------------------
|---------------------------------------------------
| APPROXIMATING direct energy using CUBIC SPLINE INTERPOLATION
|  with   50.0 points per unit in tabled values
| Relative Error Limit not exceeded for r .gt.   2.39
| APPROXIMATING direct force using CUBIC SPLINE INTERPOLATION
|  with   50.0 points per unit in tabled values
| Relative Error Limit not exceeded for r .gt.   2.84
|---------------------------------------------------

 NSTEP =      500   TIME(PS) =      20.250  TEMP(K) =   301.93  PRESS =     0.0
 Etot   =    -52001.1554  EKtot   =     20772.8926  EPtot      =    -72774.0480
 BOND   =     12668.3902  ANGLE   =      1071.1441  DIHED      =      1304.3942
 1-4 NB =       431.6932  1-4 EEL =      4572.2940  VDWAALS    =     12990.0146
 EELEC  =   -105811.9782  EHBOND  =         0.0000  RESTRAINT  =         0.0000
 ------------------------------------------------------------------------------

check COM velocity, temp:        0.001178     0.00(Removed)

 NSTEP =     1000   TIME(PS) =      20.500  TEMP(K) =   299.95  PRESS =     0.0
 Etot   =    -51999.2059  EKtot   =     20636.3945  EPtot      =    -72635.6005
 BOND   =     12677.5024  ANGLE   =      1009.1155  DIHED      =      1289.4343
 1-4 NB =       437.1585  1-4 EEL =      4603.8668  VDWAALS    =     12416.0574
 EELEC  =   -105068.7354  EHBOND  =         0.0000  RESTRAINT  =         0.0000
 ------------------------------------------------------------------------------


 NSTEP =     1500   TIME(PS) =      20.750  TEMP(K) =   299.39  PRESS =     0.0
 Etot   =    -51997.8386  EKtot   =     20598.0254  EPtot      =    -72595.8640
 BOND   =     12752.8738  ANGLE   =      1022.6683  DIHED      =      1299.2339
 1-4 NB =       442.6099  1-4 EEL =      4619.2193  VDWAALS    =     12756.1629
 EELEC  =   -105488.6321  EHBOND  =         0.0000  RESTRAINT  =         0.0000
 ------------------------------------------------------------------------------

check COM velocity, temp:        0.000009     0.00(Removed)

 NSTEP =     2000   TIME(PS) =      21.000  TEMP(K) =   298.84  PRESS =     0.0
 Etot   =    -52000.7620  EKtot   =     20559.9961  EPtot      =    -72560.7581
 BOND   =     12586.4200  ANGLE   =      1061.3006  DIHED      =      1331.8398
 1-4 NB =       454.4020  1-4 EEL =      4592.9886  VDWAALS    =     12679.5010
 EELEC  =   -105267.2101  EHBOND  =         0.0000  RESTRAINT  =         0.0000
 ------------------------------------------------------------------------------


 NSTEP =     2500   TIME(PS) =      21.250  TEMP(K) =   300.59  PRESS =     0.0
 Etot   =    -52003.3289  EKtot   =     20680.5156  EPtot      =    -72683.8446
 BOND   =     12621.1366  ANGLE   =      1056.5492  DIHED      =      1311.8228
 1-4 NB =       434.9428  1-4 EEL =      4595.1952  VDWAALS    =     12854.3267
 EELEC  =   -105557.8179  EHBOND  =         0.0000  RESTRAINT  =         0.0000
 ------------------------------------------------------------------------------

check COM velocity, temp:        0.000008     0.00(Removed)

 NSTEP =     3000   TIME(PS) =      21.500  TEMP(K) =   299.14  PRESS =     0.0
 Etot   =    -51997.5752  EKtot   =     20580.4355  EPtot      =    -72578.0108
 BOND   =     12585.3877  ANGLE   =      1016.1062  DIHED      =      1318.6729
 1-4 NB =       451.7613  1-4 EEL =      4598.6590  VDWAALS    =     12642.3606
 EELEC  =   -105190.9585  EHBOND  =         0.0000  RESTRAINT  =         0.0000
 ------------------------------------------------------------------------------


 NSTEP =     3500   TIME(PS) =      21.750  TEMP(K) =   301.22  PRESS =     0.0
 Etot   =    -51999.0050  EKtot   =     20723.6055  EPtot      =    -72722.6105
 BOND   =     12745.6531  ANGLE   =      1008.8545  DIHED      =      1301.6486
 1-4 NB =       442.1685  1-4 EEL =      4603.9577  VDWAALS    =     12910.0819
 EELEC  =   -105734.9748  EHBOND  =         0.0000  RESTRAINT  =         0.0000
 ------------------------------------------------------------------------------

check COM velocity, temp:        0.000004     0.00(Removed)

 NSTEP =     4000   TIME(PS) =      22.000  TEMP(K) =   300.48  PRESS =     0.0
 Etot   =    -52002.8544  EKtot   =     20672.9668  EPtot      =    -72675.8212
 BOND   =     12820.5510  ANGLE   =      1025.4812  DIHED      =      1322.7875
 1-4 NB =       427.8127  1-4 EEL =      4528.7432  VDWAALS    =     12883.9451
 EELEC  =   -105685.1421  EHBOND  =         0.0000  RESTRAINT  =         0.0000
 ------------------------------------------------------------------------------


 NSTEP =     4500   TIME(PS) =      22.250  TEMP(K) =   301.51  PRESS =     0.0
 Etot   =    -51998.4972  EKtot   =     20743.6914  EPtot      =    -72742.1886
 BOND   =     12982.5900  ANGLE   =      1027.8082  DIHED      =      1288.6301
 1-4 NB =       455.0503  1-4 EEL =      4577.3512  VDWAALS    =     12602.9079
 EELEC  =   -105676.5264  EHBOND  =         0.0000  RESTRAINT  =         0.0000
 ------------------------------------------------------------------------------

check COM velocity, temp:        0.000003     0.00(Removed)

 NSTEP =     5000   TIME(PS) =      22.500  TEMP(K) =   298.84  PRESS =     0.0
 Etot   =    -51996.1626  EKtot   =     20560.1855  EPtot      =    -72556.3481
 BOND   =     12954.3467  ANGLE   =      1045.2372  DIHED      =      1272.3768
 1-4 NB =       445.0664  1-4 EEL =      4607.3442  VDWAALS    =     12751.0938
 EELEC  =   -105631.8131  EHBOND  =         0.0000  RESTRAINT  =         0.0000
 ------------------------------------------------------------------------------


 NSTEP =     5500   TIME(PS) =      22.750  TEMP(K) =   300.56  PRESS =     0.0
 Etot   =    -51999.8666  EKtot   =     20678.6758  EPtot      =    -72678.5424
 BOND   =     12843.4902  ANGLE   =      1095.1089  DIHED      =      1310.6409
 1-4 NB =       441.6552  1-4 EEL =      4564.7605  VDWAALS    =     12670.5596
 EELEC  =   -105604.7576  EHBOND  =         0.0000  RESTRAINT  =         0.0000
 ------------------------------------------------------------------------------

check COM velocity, temp:        0.000010     0.00(Removed)

 NSTEP =     6000   TIME(PS) =      23.000  TEMP(K) =   300.21  PRESS =     0.0
 Etot   =    -52000.9579  EKtot   =     20654.1094  EPtot      =    -72655.0673
 BOND   =     12695.7208  ANGLE   =      1057.8535  DIHED      =      1309.1834
 1-4 NB =       433.7575  1-4 EEL =      4602.8228  VDWAALS    =     12826.2315
 EELEC  =   -105580.6367  EHBOND  =         0.0000  RESTRAINT  =         0.0000
 ------------------------------------------------------------------------------


 NSTEP =     6500   TIME(PS) =      23.250  TEMP(K) =   300.30  PRESS =     0.0
 Etot   =    -51999.4631  EKtot   =     20660.7422  EPtot      =    -72660.2053
 BOND   =     12697.6737  ANGLE   =      1028.7843  DIHED      =      1315.7844
 1-4 NB =       437.1641  1-4 EEL =      4624.9889  VDWAALS    =     12605.4589
 EELEC  =   -105370.0596  EHBOND  =         0.0000  RESTRAINT  =         0.0000
 ------------------------------------------------------------------------------

check COM velocity, temp:        0.000010     0.00(Removed)

 NSTEP =     7000   TIME(PS) =      23.500  TEMP(K) =   300.68  PRESS =     0.0
 Etot   =    -52000.2053  EKtot   =     20686.3789  EPtot      =    -72686.5842
 BOND   =     12648.5587  ANGLE   =      1051.3404  DIHED      =      1293.8299
 1-4 NB =       450.8900  1-4 EEL =      4591.8656  VDWAALS    =     12687.6687
 EELEC  =   -105410.7375  EHBOND  =         0.0000  RESTRAINT  =         0.0000
 ------------------------------------------------------------------------------


 NSTEP =     7500   TIME(PS) =      23.750  TEMP(K) =   298.35  PRESS =     0.0
 Etot   =    -51997.8765  EKtot   =     20526.4707  EPtot      =    -72524.3472
 BOND   =     12784.2005  ANGLE   =      1068.3170  DIHED      =      1292.7078
 1-4 NB =       451.6387  1-4 EEL =      4615.6698  VDWAALS    =     12813.1173
 EELEC  =   -105549.9983  EHBOND  =         0.0000  RESTRAINT  =         0.0000
 ------------------------------------------------------------------------------

check COM velocity, temp:        0.000002     0.00(Removed)

 NSTEP =     8000   TIME(PS) =      24.000  TEMP(K) =   301.07  PRESS =     0.0
 Etot   =    -51998.9158  EKtot   =     20713.4395  EPtot      =    -72712.3553
 BOND   =     12861.1434  ANGLE   =      1042.6399  DIHED      =      1304.6979
 1-4 NB =       452.7544  1-4 EEL =      4612.0616  VDWAALS    =     12725.4150
 EELEC  =   -105711.0675  EHBOND  =         0.0000  RESTRAINT  =         0.0000
 ------------------------------------------------------------------------------


 NSTEP =     8500   TIME(PS) =      24.250  TEMP(K) =   298.66  PRESS =     0.0
 Etot   =    -51999.1700  EKtot   =     20547.4785  EPtot      =    -72546.6485
 BOND   =     12762.2925  ANGLE   =      1094.6071  DIHED      =      1297.4458
 1-4 NB =       444.8795  1-4 EEL =      4561.9003  VDWAALS    =     12565.6350
 EELEC  =   -105273.4088  EHBOND  =         0.0000  RESTRAINT  =         0.0000
 ------------------------------------------------------------------------------

check COM velocity, temp:        0.000009     0.00(Removed)

 NSTEP =     9000   TIME(PS) =      24.500  TEMP(K) =   300.23  PRESS =     0.0
 Etot   =    -51998.0708  EKtot   =     20655.4746  EPtot      =    -72653.5454
 BOND   =     12757.4597  ANGLE   =      1017.3193  DIHED      =      1320.6431
 1-4 NB =       448.8739  1-4 EEL =      4590.8666  VDWAALS    =     12774.2273
 EELEC  =   -105562.9352  EHBOND  =         0.0000  RESTRAINT  =         0.0000
 ------------------------------------------------------------------------------


 NSTEP =     9500   TIME(PS) =      24.750  TEMP(K) =   300.46  PRESS =     0.0
 Etot   =    -51998.9967  EKtot   =     20671.5293  EPtot      =    -72670.5260
 BOND   =     12770.2482  ANGLE   =      1036.6078  DIHED      =      1324.8544
 1-4 NB =       439.6066  1-4 EEL =      4549.2358  VDWAALS    =     12805.3562
 EELEC  =   -105596.4349  EHBOND  =         0.0000  RESTRAINT  =         0.0000
 ------------------------------------------------------------------------------

check COM velocity, temp:        0.000004     0.00(Removed)

 NSTEP =    10000   TIME(PS) =      25.000  TEMP(K) =   300.67  PRESS =     0.0
 Etot   =    -51998.1213  EKtot   =     20685.9648  EPtot      =    -72684.0861
 BOND   =     12578.2968  ANGLE   =      1044.3585  DIHED      =      1338.2772
 1-4 NB =       447.8772  1-4 EEL =      4591.1759  VDWAALS    =     12676.9186
 EELEC  =   -105360.9905  EHBOND  =         0.0000  RESTRAINT  =         0.0000
 ------------------------------------------------------------------------------


 NSTEP =    10500   TIME(PS) =      25.250  TEMP(K) =   299.78  PRESS =     0.0
 Etot   =    -52000.9703  EKtot   =     20624.4453  EPtot      =    -72625.4156
 BOND   =     12542.8488  ANGLE   =      1049.0619  DIHED      =      1333.8473
 1-4 NB =       446.8037  1-4 EEL =      4554.2076  VDWAALS    =     12527.2384
 EELEC  =   -105079.4232  EHBOND  =         0.0000  RESTRAINT  =         0.0000
 ------------------------------------------------------------------------------

check COM velocity, temp:        0.000009     0.00(Removed)

 NSTEP =    11000   TIME(PS) =      25.500  TEMP(K) =   301.89  PRESS =     0.0
 Etot   =    -52001.2016  EKtot   =     20770.1328  EPtot      =    -72771.3345
 BOND   =     12831.3330  ANGLE   =      1051.9442  DIHED      =      1302.3562
 1-4 NB =       436.2532  1-4 EEL =      4589.9945  VDWAALS    =     12896.5729
 EELEC  =   -105879.7885  EHBOND  =         0.0000  RESTRAINT  =         0.0000
 ------------------------------------------------------------------------------


 NSTEP =    11500   TIME(PS) =      25.750  TEMP(K) =   301.44  PRESS =     0.0
 Etot   =    -52000.4275  EKtot   =     20738.6328  EPtot      =    -72739.0603
 BOND   =     12750.5612  ANGLE   =      1047.8507  DIHED      =      1309.7429
 1-4 NB =       442.9310  1-4 EEL =      4550.2851  VDWAALS    =     12735.0673
 EELEC  =   -105575.4986  EHBOND  =         0.0000  RESTRAINT  =         0.0000
 ------------------------------------------------------------------------------

check COM velocity, temp:        0.000007     0.00(Removed)

 NSTEP =    12000   TIME(PS) =      26.000  TEMP(K) =   300.28  PRESS =     0.0
 Etot   =    -52002.2879  EKtot   =     20659.0801  EPtot      =    -72661.3680
 BOND   =     12801.3572  ANGLE   =      1061.8186  DIHED      =      1303.2673
 1-4 NB =       444.4775  1-4 EEL =      4573.6341  VDWAALS    =     12680.9542
 EELEC  =   -105526.8768  EHBOND  =         0.0000  RESTRAINT  =         0.0000
 ------------------------------------------------------------------------------


 NSTEP =    12500   TIME(PS) =      26.250  TEMP(K) =   297.05  PRESS =     0.0
 Etot   =    -51998.8989  EKtot   =     20437.2422  EPtot      =    -72436.1411
 BOND   =     12787.2541  ANGLE   =      1080.9035  DIHED      =      1312.7258
 1-4 NB =       430.6174  1-4 EEL =      4571.0228  VDWAALS    =     12630.1060
 EELEC  =   -105248.7708  EHBOND  =         0.0000  RESTRAINT  =         0.0000
 ------------------------------------------------------------------------------

check COM velocity, temp:        0.000003     0.00(Removed)

 NSTEP =    13000   TIME(PS) =      26.500  TEMP(K) =   299.65  PRESS =     0.0
 Etot   =    -51998.3220  EKtot   =     20615.5098  EPtot      =    -72613.8318
 BOND   =     12650.9972  ANGLE   =      1038.3789  DIHED      =      1326.3667
 1-4 NB =       440.2952  1-4 EEL =      4587.9948  VDWAALS    =     12583.0202
 EELEC  =   -105240.8848  EHBOND  =         0.0000  RESTRAINT  =         0.0000
 ------------------------------------------------------------------------------


 NSTEP =    13500   TIME(PS) =      26.750  TEMP(K) =   298.84  PRESS =     0.0
 Etot   =    -51998.1421  EKtot   =     20560.0664  EPtot      =    -72558.2085
 BOND   =     12644.3601  ANGLE   =      1092.9752  DIHED      =      1314.3632
 1-4 NB =       450.5468  1-4 EEL =      4588.3729  VDWAALS    =     12588.3881
 EELEC  =   -105237.2148  EHBOND  =         0.0000  RESTRAINT  =         0.0000
 ------------------------------------------------------------------------------

check COM velocity, temp:        0.000003     0.00(Removed)

 NSTEP =    14000   TIME(PS) =      27.000  TEMP(K) =   299.47  PRESS =     0.0
 Etot   =    -52000.6393  EKtot   =     20603.5586  EPtot      =    -72604.1979
 BOND   =     12691.8840  ANGLE   =      1064.0992  DIHED      =      1309.0075
 1-4 NB =       455.5095  1-4 EEL =      4588.6660  VDWAALS    =     12694.8027
 EELEC  =   -105408.1668  EHBOND  =         0.0000  RESTRAINT  =         0.0000
 ------------------------------------------------------------------------------


 NSTEP =    14500   TIME(PS) =      27.250  TEMP(K) =   300.91  PRESS =     0.0
 Etot   =    -52001.7828  EKtot   =     20702.6797  EPtot      =    -72704.4625
 BOND   =     12825.0520  ANGLE   =      1022.1812  DIHED      =      1324.7864
 1-4 NB =       452.6756  1-4 EEL =      4622.6655  VDWAALS    =     12899.1874
 EELEC  =   -105851.0106  EHBOND  =         0.0000  RESTRAINT  =         0.0000
 ------------------------------------------------------------------------------

check COM velocity, temp:        0.000003     0.00(Removed)

 NSTEP =    15000   TIME(PS) =      27.500  TEMP(K) =   300.72  PRESS =     0.0
 Etot   =    -52000.6019  EKtot   =     20689.7305  EPtot      =    -72690.3323
 BOND   =     12770.8887  ANGLE   =      1080.4963  DIHED      =      1300.6980
 1-4 NB =       430.0624  1-4 EEL =      4568.1336  VDWAALS    =     12730.0048
 EELEC  =   -105570.6161  EHBOND  =         0.0000  RESTRAINT  =         0.0000
 ------------------------------------------------------------------------------


 NSTEP =    15500   TIME(PS) =      27.750  TEMP(K) =   298.30  PRESS =     0.0
 Etot   =    -51999.7387  EKtot   =     20522.9258  EPtot      =    -72522.6645
 BOND   =     12788.3134  ANGLE   =      1064.1644  DIHED      =      1314.1770
 1-4 NB =       458.2368  1-4 EEL =      4554.4173  VDWAALS    =     12625.9005
 EELEC  =   -105327.8739  EHBOND  =         0.0000  RESTRAINT  =         0.0000
 ------------------------------------------------------------------------------

check COM velocity, temp:        0.000009     0.00(Removed)

 NSTEP =    16000   TIME(PS) =      28.000  TEMP(K) =   299.52  PRESS =     0.0
 Etot   =    -51998.9339  EKtot   =     20606.5527  EPtot      =    -72605.4866
 BOND   =     12862.1228  ANGLE   =      1037.0366  DIHED      =      1324.9293
 1-4 NB =       444.1776  1-4 EEL =      4578.1517  VDWAALS    =     12708.3842
 EELEC  =   -105560.2889  EHBOND  =         0.0000  RESTRAINT  =         0.0000
 ------------------------------------------------------------------------------


 NSTEP =    16500   TIME(PS) =      28.250  TEMP(K) =   298.85  PRESS =     0.0
 Etot   =    -51998.4898  EKtot   =     20561.0078  EPtot      =    -72559.4976
 BOND   =     12838.4446  ANGLE   =      1026.2882  DIHED      =      1300.6876
 1-4 NB =       452.6842  1-4 EEL =      4612.1581  VDWAALS    =     12811.7393
 EELEC  =   -105601.4997  EHBOND  =         0.0000  RESTRAINT  =         0.0000
 ------------------------------------------------------------------------------

check COM velocity, temp:        0.000008     0.00(Removed)

 NSTEP =    17000   TIME(PS) =      28.500  TEMP(K) =   298.01  PRESS =     0.0
 Etot   =    -52000.3703  EKtot   =     20502.8066  EPtot      =    -72503.1770
 BOND   =     12796.5666  ANGLE   =      1050.9650  DIHED      =      1306.0836
 1-4 NB =       447.7388  1-4 EEL =      4597.2996  VDWAALS    =     12916.9657
 EELEC  =   -105618.7962  EHBOND  =         0.0000  RESTRAINT  =         0.0000
 ------------------------------------------------------------------------------


 NSTEP =    17500   TIME(PS) =      28.750  TEMP(K) =   300.96  PRESS =     0.0
 Etot   =    -52001.5498  EKtot   =     20705.9805  EPtot      =    -72707.5303
 BOND   =     12745.1533  ANGLE   =      1040.4750  DIHED      =      1304.5984
 1-4 NB =       443.8557  1-4 EEL =      4634.2098  VDWAALS    =     12740.0573
 EELEC  =   -105615.8797  EHBOND  =         0.0000  RESTRAINT  =         0.0000
 ------------------------------------------------------------------------------

check COM velocity, temp:        0.000007     0.00(Removed)

 NSTEP =    18000   TIME(PS) =      29.000  TEMP(K) =   299.34  PRESS =     0.0
 Etot   =    -52002.4878  EKtot   =     20594.2012  EPtot      =    -72596.6890
 BOND   =     12772.9136  ANGLE   =      1063.7050  DIHED      =      1293.5523
 1-4 NB =       437.8246  1-4 EEL =      4584.9424  VDWAALS    =     12751.2281
 EELEC  =   -105500.8550  EHBOND  =         0.0000  RESTRAINT  =         0.0000
 ------------------------------------------------------------------------------


 NSTEP =    18500   TIME(PS) =      29.250  TEMP(K) =   301.15  PRESS =     0.0
 Etot   =    -51998.2842  EKtot   =     20719.3008  EPtot      =    -72717.5850
 BOND   =     12891.2127  ANGLE   =      1039.3481  DIHED      =      1333.1292
 1-4 NB =       451.3866  1-4 EEL =      4567.6584  VDWAALS    =     12908.4535
 EELEC  =   -105908.7734  EHBOND  =         0.0000  RESTRAINT  =         0.0000
 ------------------------------------------------------------------------------

check COM velocity, temp:        0.000006     0.00(Removed)

 NSTEP =    19000   TIME(PS) =      29.500  TEMP(K) =   299.17  PRESS =     0.0
 Etot   =    -51998.4278  EKtot   =     20583.0371  EPtot      =    -72581.4649
 BOND   =     12781.4487  ANGLE   =      1034.3689  DIHED      =      1294.3559
 1-4 NB =       451.0254  1-4 EEL =      4630.0482  VDWAALS    =     12768.2512
 EELEC  =   -105540.9632  EHBOND  =         0.0000  RESTRAINT  =         0.0000
 ------------------------------------------------------------------------------


 NSTEP =    19500   TIME(PS) =      29.750  TEMP(K) =   300.86  PRESS =     0.0
 Etot   =    -52002.9894  EKtot   =     20698.8496  EPtot      =    -72701.8390
 BOND   =     12769.2005  ANGLE   =      1016.2755  DIHED      =      1308.5299
 1-4 NB =       467.3502  1-4 EEL =      4625.9013  VDWAALS    =     12736.0604
 EELEC  =   -105625.1568  EHBOND  =         0.0000  RESTRAINT  =         0.0000
 ------------------------------------------------------------------------------

check COM velocity, temp:        0.000006     0.00(Removed)

 NSTEP =    20000   TIME(PS) =      30.000  TEMP(K) =   300.90  PRESS =     0.0
 Etot   =    -52003.6357  EKtot   =     20701.7305  EPtot      =    -72705.3662
 BOND   =     12604.8771  ANGLE   =      1030.4108  DIHED      =      1324.3647
 1-4 NB =       453.7886  1-4 EEL =      4556.0277  VDWAALS    =     12662.2049
 EELEC  =   -105337.0401  EHBOND  =         0.0000  RESTRAINT  =         0.0000
 ------------------------------------------------------------------------------


      A V E R A G E S   O V E R      40 S T E P S


 NSTEP =    20000   TIME(PS) =      30.000  TEMP(K) =   300.00  PRESS =     0.0
 Etot   =    -51999.9053  EKtot   =     20640.1611  EPtot      =    -72640.0664
 BOND   =     12748.5181  ANGLE   =      1046.8487  DIHED      =      1309.7619
 1-4 NB =       445.2501  1-4 EEL =      4588.5190  VDWAALS    =     12730.7907
 EELEC  =   -105509.7548  EHBOND  =         0.0000  RESTRAINT  =         0.0000
 ------------------------------------------------------------------------------


      R M S  F L U C T U A T I O N S


 NSTEP =    20000   TIME(PS) =      30.000  TEMP(K) =     1.12  PRESS =     0.0
 Etot   =         1.7667  EKtot   =        76.9630  EPtot      =        77.6171
 BOND   =       100.2976  ANGLE   =        22.8484  DIHED      =        14.1832
 1-4 NB =         8.5986  1-4 EEL =        24.9679  VDWAALS    =       120.8262
 EELEC  =       205.5239  EHBOND  =         0.0000  RESTRAINT  =         0.0000
|E(PBS) =         0.8317
 ------------------------------------------------------------------------------

--------------------------------------------------------------------------------
   5.  TIMINGS
--------------------------------------------------------------------------------

|  NonSetup CPU Time in Major Routines:
|
|     Routine           Sec        %
|     ------------------------------
|     Nonbond           4.16   10.70
|     Bond              0.00    0.00
|     Angle             0.00    0.00
|     Dihedral          0.00    0.00
|     Shake             0.00    0.00
|     RunMD            34.66   89.22
|     Other             0.03    0.08
|     ------------------------------
|     Total            38.84

|  PME Nonbond Pairlist CPU Time:
|
|     Routine              Sec        %
|     ---------------------------------
|     Set Up Cit           0.00    0.00
|     Build List           0.00    0.00
|     ---------------------------------
|     Total                0.00    0.00

|  PME Direct Force CPU Time:
|
|     Routine              Sec        %
|     ---------------------------------
|     NonBonded Calc       0.00    0.00
|     Exclude Masked       0.00    0.00
|     Other                0.02    0.04
|     ---------------------------------
|     Total                0.02    0.04

|  PME Reciprocal Force CPU Time:
|
|     Routine              Sec        %
|     ---------------------------------
|     1D bspline           0.00    0.00
|     Grid Charges         0.00    0.00
|     Scalar Sum           0.00    0.00
|     Gradient Sum         0.00    0.00
|     FFT                  0.00    0.00
|     ---------------------------------
|     Total                0.00    0.00

|  Final Performance Info:
|     -----------------------------------------------------
|     Average timings for last   19500 steps:
|     Elapsed(s) =      40.94 Per Step(ms) =       2.10
|         ns/day =      20.58   seconds/ns =    4198.55
|
|     Average timings for all steps:
|     Elapsed(s) =      41.85 Per Step(ms) =       2.09
|         ns/day =      20.65   seconds/ns =    4184.56
|     -----------------------------------------------------

|  Setup CPU time:            2.79 seconds
|  NonSetup CPU time:        38.84 seconds
|  Total CPU time:           41.63 seconds     0.01 hours

|  Setup wall time:           5    seconds
|  NonSetup wall time:       42    seconds
|  Total wall time:          47    seconds     0.01 hours
