
          -------------------------------------------------------
          Amber 16 PMEMD                              2016
          -------------------------------------------------------

| PMEMD implementation of SANDER, Release 16

| Run on 08/24/2017 at 14:34:36

|   Executable path: /apps/amber16/bin/pmemd.cuda
| Working directory: /scratch/pbarletta/pdz/run/lb/neq/data/3
|          Hostname: mordor

  [-O]verwriting output

File Assignments:
|   MDIN: pdt.in                                                                
|  MDOUT: 327plb_3.out                                                          
| INPCRD: ../2/327plb_2.rst7                                                    
|   PARM: /scratch/pbarletta/pdz/top_files/lb.prmtop                            
| RESTRT: 327plb_3.rst7                                                         
|   REFC: refc                                                                  
|  MDVEL: mdvel                                                                 
|   MDEN: mden                                                                  
|  MDCRD: 327plb_3.nc                                                           
| MDINFO: mdinfo                                                                
|  MDFRC: mdfrc                                                                 


 Here is the input file:

!NVE run                                                                       
&cntrl                                                                         
imin = 0,                           ! No Minimization                          
nmropt = 0,                         ! No NMR restraints read                   
                                                                               
! Nature and format of the input                                               
ntx = 5,                            ! Coordinates and velocities will be read  
irest = 1,                          ! Do not run a new simulation              
                                                                               
! Nature and format of the output                                              
ioutfm = 1,			    ! NetCDF format for output files                             
ntxo = 1,                           ! rstrt file in ASCII format               
ntpr = 500,                         ! inf in output every ntpr steps           
ntwr = 500,                         ! rstrt file every ntwr steps              
ntwx = 20,                          ! mdcrd file every ntwx steps              
ntwv = -1,                          ! mdvel without velocities                 
ntwe = 0,                           ! Energies and temperatures not written in 
idecomp = 0,                        ! No energy decomposition                  
iwrap = 1,                          ! Coordinates of the restart and mdcrd file
                                                                               
! Frozen or restrained atoms                                                   
ibelly = 0,                         ! No frozen atoms                          
ntr=0,                              ! Harmonic potential restraints            
                                                                               
! Molecular dynamics                                                           
nstlim = 20000,                     ! Number of MD-steps                       
dt = 0.0005,                        ! Time step                                
                                                                               
! Temperature regulation                                                       
ntt = 0,                            ! Constant total energy                    
                                                                               
! P and V regulation                                                           
ntp = 0,                            ! No P control                             
ntb = 1,                            ! constant V                               
                                                                               
! SHAKE variables                                                              
ntc = 1,                            ! Bonds involving H are constrained        
ntf = 1,                            ! Bond interaction involving H are ommited.
                                                                               
cut = 9.0,                          ! Nonbonded cutoff                         
/                                                                              
&end                                                                           


Note: ig = -1. Setting random seed to   941663 based on wallclock time in 
      microseconds.
| irandom = 1, using AMBER's internal random number generator (default).
 
|--------------------- INFORMATION ----------------------
| GPU (CUDA) Version of PMEMD in use: NVIDIA GPU IN USE.
|                    Version 16.0.0
| 
|                      02/25/2016
| 
| Implementation by:
|                    Ross C. Walker     (SDSC)
|                    Scott Le Grand     (nVIDIA)
| 
| Precision model in use:
|      [SPFP] - Single Precision Forces, 64-bit Fixed Point
|               Accumulation. (Default)
| 
|--------------------------------------------------------
 
|----------------- CITATION INFORMATION -----------------
|
|    When publishing work that utilized the CUDA version
|    of AMBER, please cite the following in addition to
|    the regular AMBER citations:
|
|  - Romelia Salomon-Ferrer; Andreas W. Goetz; Duncan
|    Poole; Scott Le Grand; Ross C. Walker "Routine
|    microsecond molecular dynamics simulations with
|    AMBER - Part II: Particle Mesh Ewald", J. Chem.
|    Theory Comput., 2013, 9 (9), pp3878-3888,
|    DOI: 10.1021/ct400314y.
|
|  - Andreas W. Goetz; Mark J. Williamson; Dong Xu;
|    Duncan Poole; Scott Le Grand; Ross C. Walker
|    "Routine microsecond molecular dynamics simulations
|    with AMBER - Part I: Generalized Born", J. Chem.
|    Theory Comput., 2012, 8 (5), pp1542-1555.
|
|  - Scott Le Grand; Andreas W. Goetz; Ross C. Walker
|    "SPFP: Speed without compromise - a mixed precision
|    model for GPU accelerated molecular dynamics
|    simulations.", Comp. Phys. Comm., 2013, 184
|    pp374-380, DOI: 10.1016/j.cpc.2012.09.022
|
|--------------------------------------------------------
 
|------------------- GPU DEVICE INFO --------------------
|
|            CUDA_VISIBLE_DEVICES: 1
|   CUDA Capable Devices Detected:      1
|           CUDA Device ID in use:      0
|                CUDA Device Name: GeForce GTX TITAN
|     CUDA Device Global Mem Size:   6082 MB
| CUDA Device Num Multiprocessors:     14
|           CUDA Device Core Freq:   0.93 GHz
|
|--------------------------------------------------------
 
 
| Conditional Compilation Defines Used:
| PUBFFT
| BINTRAJ
| CUDA
| EMIL

| Largest sphere to fit in unit cell has radius =    26.281

| New format PARM file being parsed.
| Version =    1.000 Date = 09/04/12 Time = 16:08:43

| Note: 1-4 EEL scale factors are being read from the topology file.

| Note: 1-4 VDW scale factors are being read from the topology file.
| Duplicated    0 dihedrals

| Duplicated    0 dihedrals

--------------------------------------------------------------------------------
   1.  RESOURCE   USE: 
--------------------------------------------------------------------------------

 getting new box info from bottom of inpcrd
 NATOM  =   23082 NTYPES =      16 NBONH =   22055 MBONA  =    1038
 NTHETH =    2390 MTHETA =    1396 NPHIH =    4631 MPHIA  =    3488
 NHPARM =       0 NPARM  =       0 NNB   =   39434 NRES   =    7134
 NBONA  =    1038 NTHETA =    1396 NPHIA =    3488 NUMBND =      41
 NUMANG =      86 NPTRA  =      41 NATYP =      28 NPHB   =       1
 IFBOX  =       1 NMXRS  =      24 IFCAP =       0 NEXTRA =       0
 NCOPY  =       0

| Coordinate Index Table dimensions:    12   14   10
| Direct force subcell size =     5.0212    5.2012    5.2562

     BOX TYPE: RECTILINEAR

--------------------------------------------------------------------------------
   2.  CONTROL  DATA  FOR  THE  RUN
--------------------------------------------------------------------------------

default_name                                                                    

General flags:
     imin    =       0, nmropt  =       0

Nature and format of input:
     ntx     =       5, irest   =       1, ntrx    =       1

Nature and format of output:
     ntxo    =       1, ntpr    =     500, ntrx    =       1, ntwr    =     500
     iwrap   =       1, ntwx    =      20, ntwv    =      -1, ntwe    =       0
     ioutfm  =       1, ntwprt  =       0, idecomp =       0, rbornstat=      0

Potential function:
     ntf     =       1, ntb     =       1, igb     =       0, nsnb    =      25
     ipol    =       0, gbsa    =       0, iesp    =       0
     dielc   =   1.00000, cut     =   9.00000, intdiel =   1.00000

Frozen or restrained atoms:
     ibelly  =       0, ntr     =       0

Molecular dynamics:
     nstlim  =     20000, nscm    =      1000, nrespa  =         1
     t       =   0.00000, dt      =   0.00050, vlimit  =  -1.00000

| Intermolecular bonds treatment:
|     no_intermolecular_bonds =       1

| Energy averages sample interval:
|     ene_avg_sampling =     500

Ewald parameters:
     verbose =       0, ew_type =       0, nbflag  =       1, use_pme =       1
     vdwmeth =       1, eedmeth =       1, netfrc  =       1
     Box X =   60.254   Box Y =   72.816   Box Z =   52.562
     Alpha =   90.000   Beta  =   90.000   Gamma =   90.000
     NFFT1 =   64       NFFT2 =   80       NFFT3 =   56
     Cutoff=    9.000   Tol   =0.100E-04
     Ewald Coefficient =  0.30768
     Interpolation order =    4

--------------------------------------------------------------------------------
   3.  ATOMIC COORDINATES AND VELOCITIES
--------------------------------------------------------------------------------

default_name                                                                    
 begin time read from input coords =    20.000 ps

 
 Number of triangulated 3-point waters found:     7002

     Sum of charges from parm topology file =  -0.00000008
     Forcing neutrality...

| Dynamic Memory, Types Used:
| Reals              710578
| Integers           737140

| Nonbonded Pairs Initial Allocation:     5262696

| GPU memory information (estimate):
| KB of GPU memory in use:     63171
| KB of CPU memory in use:     27891

--------------------------------------------------------------------------------
   4.  RESULTS
--------------------------------------------------------------------------------

 ---------------------------------------------------
 APPROXIMATING switch and d/dx switch using CUBIC SPLINE INTERPOLATION
 using   5000.0 points per unit in tabled values
 TESTING RELATIVE ERROR over r ranging from 0.0 to cutoff
| CHECK switch(x): max rel err =   0.2738E-14   at   2.422500
| CHECK d/dx switch(x): max rel err =   0.8314E-11   at   2.736960
 ---------------------------------------------------
|---------------------------------------------------
| APPROXIMATING direct energy using CUBIC SPLINE INTERPOLATION
|  with   50.0 points per unit in tabled values
| Relative Error Limit not exceeded for r .gt.   2.39
| APPROXIMATING direct force using CUBIC SPLINE INTERPOLATION
|  with   50.0 points per unit in tabled values
| Relative Error Limit not exceeded for r .gt.   2.84
|---------------------------------------------------

 NSTEP =      500   TIME(PS) =      20.250  TEMP(K) =   301.59  PRESS =     0.0
 Etot   =    -51944.7752  EKtot   =     20749.0410  EPtot      =    -72693.8162
 BOND   =     12905.3308  ANGLE   =      1054.5760  DIHED      =      1328.8626
 1-4 NB =       446.4598  1-4 EEL =      4637.5211  VDWAALS    =     12756.5097
 EELEC  =   -105823.0762  EHBOND  =         0.0000  RESTRAINT  =         0.0000
 ------------------------------------------------------------------------------

check COM velocity, temp:        0.000901     0.00(Removed)

 NSTEP =     1000   TIME(PS) =      20.500  TEMP(K) =   302.02  PRESS =     0.0
 Etot   =    -51945.0143  EKtot   =     20778.6367  EPtot      =    -72723.6510
 BOND   =     12981.5032  ANGLE   =      1045.4906  DIHED      =      1313.2175
 1-4 NB =       465.9695  1-4 EEL =      4724.2069  VDWAALS    =     12982.5291
 EELEC  =   -106236.5679  EHBOND  =         0.0000  RESTRAINT  =         0.0000
 ------------------------------------------------------------------------------


 NSTEP =     1500   TIME(PS) =      20.750  TEMP(K) =   300.55  PRESS =     0.0
 Etot   =    -51946.4768  EKtot   =     20677.5488  EPtot      =    -72624.0256
 BOND   =     12942.1503  ANGLE   =      1058.6208  DIHED      =      1322.5961
 1-4 NB =       465.9536  1-4 EEL =      4653.8170  VDWAALS    =     12672.2586
 EELEC  =   -105739.4219  EHBOND  =         0.0000  RESTRAINT  =         0.0000
 ------------------------------------------------------------------------------

check COM velocity, temp:        0.000005     0.00(Removed)

 NSTEP =     2000   TIME(PS) =      21.000  TEMP(K) =   300.36  PRESS =     0.0
 Etot   =    -51945.4480  EKtot   =     20664.6230  EPtot      =    -72610.0710
 BOND   =     12925.4563  ANGLE   =      1059.6383  DIHED      =      1317.0367
 1-4 NB =       428.9409  1-4 EEL =      4613.5752  VDWAALS    =     12507.9160
 EELEC  =   -105462.6344  EHBOND  =         0.0000  RESTRAINT  =         0.0000
 ------------------------------------------------------------------------------


 NSTEP =     2500   TIME(PS) =      21.250  TEMP(K) =   300.52  PRESS =     0.0
 Etot   =    -51946.3067  EKtot   =     20675.4355  EPtot      =    -72621.7423
 BOND   =     12896.4567  ANGLE   =      1054.5976  DIHED      =      1314.8164
 1-4 NB =       450.6938  1-4 EEL =      4657.5993  VDWAALS    =     12820.6256
 EELEC  =   -105816.5317  EHBOND  =         0.0000  RESTRAINT  =         0.0000
 ------------------------------------------------------------------------------

check COM velocity, temp:        0.000005     0.00(Removed)

 NSTEP =     3000   TIME(PS) =      21.500  TEMP(K) =   303.78  PRESS =     0.0
 Etot   =    -51947.7863  EKtot   =     20900.1777  EPtot      =    -72847.9640
 BOND   =     12728.8346  ANGLE   =      1030.0853  DIHED      =      1315.0295
 1-4 NB =       458.9780  1-4 EEL =      4730.9710  VDWAALS    =     13077.9381
 EELEC  =   -106189.8006  EHBOND  =         0.0000  RESTRAINT  =         0.0000
 ------------------------------------------------------------------------------


 NSTEP =     3500   TIME(PS) =      21.750  TEMP(K) =   300.02  PRESS =     0.0
 Etot   =    -51942.1796  EKtot   =     20641.0410  EPtot      =    -72583.2206
 BOND   =     12900.0502  ANGLE   =      1071.4726  DIHED      =      1330.3024
 1-4 NB =       436.8669  1-4 EEL =      4619.1564  VDWAALS    =     12996.2117
 EELEC  =   -105937.2808  EHBOND  =         0.0000  RESTRAINT  =         0.0000
 ------------------------------------------------------------------------------

check COM velocity, temp:        0.000003     0.00(Removed)

 NSTEP =     4000   TIME(PS) =      22.000  TEMP(K) =   301.12  PRESS =     0.0
 Etot   =    -51941.3933  EKtot   =     20717.1719  EPtot      =    -72658.5652
 BOND   =     13043.3848  ANGLE   =      1085.7161  DIHED      =      1320.5748
 1-4 NB =       434.5025  1-4 EEL =      4652.4518  VDWAALS    =     12799.2182
 EELEC  =   -105994.4134  EHBOND  =         0.0000  RESTRAINT  =         0.0000
 ------------------------------------------------------------------------------


 NSTEP =     4500   TIME(PS) =      22.250  TEMP(K) =   300.20  PRESS =     0.0
 Etot   =    -51940.6803  EKtot   =     20653.8320  EPtot      =    -72594.5123
 BOND   =     12999.2891  ANGLE   =      1023.0692  DIHED      =      1317.7606
 1-4 NB =       455.3553  1-4 EEL =      4654.3161  VDWAALS    =     12829.0675
 EELEC  =   -105873.3700  EHBOND  =         0.0000  RESTRAINT  =         0.0000
 ------------------------------------------------------------------------------

check COM velocity, temp:        0.000002     0.00(Removed)

 NSTEP =     5000   TIME(PS) =      22.500  TEMP(K) =   298.43  PRESS =     0.0
 Etot   =    -51940.1549  EKtot   =     20531.8477  EPtot      =    -72472.0026
 BOND   =     12699.9459  ANGLE   =      1077.5544  DIHED      =      1319.7597
 1-4 NB =       453.8999  1-4 EEL =      4628.9081  VDWAALS    =     12837.0497
 EELEC  =   -105489.1201  EHBOND  =         0.0000  RESTRAINT  =         0.0000
 ------------------------------------------------------------------------------


 NSTEP =     5500   TIME(PS) =      22.750  TEMP(K) =   299.10  PRESS =     0.0
 Etot   =    -51939.5169  EKtot   =     20577.9531  EPtot      =    -72517.4700
 BOND   =     12815.4590  ANGLE   =      1060.3585  DIHED      =      1323.5245
 1-4 NB =       439.4343  1-4 EEL =      4641.6738  VDWAALS    =     12902.1428
 EELEC  =   -105700.0630  EHBOND  =         0.0000  RESTRAINT  =         0.0000
 ------------------------------------------------------------------------------

check COM velocity, temp:        0.000001     0.00(Removed)

 NSTEP =     6000   TIME(PS) =      23.000  TEMP(K) =   301.12  PRESS =     0.0
 Etot   =    -51943.8683  EKtot   =     20717.0605  EPtot      =    -72660.9289
 BOND   =     12751.0022  ANGLE   =      1088.5796  DIHED      =      1315.3767
 1-4 NB =       438.8027  1-4 EEL =      4637.4523  VDWAALS    =     12621.0497
 EELEC  =   -105513.1921  EHBOND  =         0.0000  RESTRAINT  =         0.0000
 ------------------------------------------------------------------------------


 NSTEP =     6500   TIME(PS) =      23.250  TEMP(K) =   301.56  PRESS =     0.0
 Etot   =    -51944.1540  EKtot   =     20747.4805  EPtot      =    -72691.6345
 BOND   =     12842.1751  ANGLE   =      1052.7268  DIHED      =      1320.4019
 1-4 NB =       439.8863  1-4 EEL =      4621.5776  VDWAALS    =     12618.0876
 EELEC  =   -105586.4898  EHBOND  =         0.0000  RESTRAINT  =         0.0000
 ------------------------------------------------------------------------------

check COM velocity, temp:        0.000008     0.00(Removed)

 NSTEP =     7000   TIME(PS) =      23.500  TEMP(K) =   301.47  PRESS =     0.0
 Etot   =    -51945.6692  EKtot   =     20741.1699  EPtot      =    -72686.8392
 BOND   =     12760.9527  ANGLE   =      1046.8911  DIHED      =      1327.4321
 1-4 NB =       438.8554  1-4 EEL =      4659.1889  VDWAALS    =     12749.2974
 EELEC  =   -105669.4567  EHBOND  =         0.0000  RESTRAINT  =         0.0000
 ------------------------------------------------------------------------------


 NSTEP =     7500   TIME(PS) =      23.750  TEMP(K) =   301.20  PRESS =     0.0
 Etot   =    -51941.5365  EKtot   =     20722.5938  EPtot      =    -72664.1302
 BOND   =     12799.3533  ANGLE   =      1079.1222  DIHED      =      1319.8997
 1-4 NB =       454.5705  1-4 EEL =      4657.9385  VDWAALS    =     12416.4681
 EELEC  =   -105391.4826  EHBOND  =         0.0000  RESTRAINT  =         0.0000
 ------------------------------------------------------------------------------

check COM velocity, temp:        0.000004     0.00(Removed)

 NSTEP =     8000   TIME(PS) =      24.000  TEMP(K) =   300.94  PRESS =     0.0
 Etot   =    -51946.4147  EKtot   =     20704.6074  EPtot      =    -72651.0221
 BOND   =     12876.5436  ANGLE   =      1015.2786  DIHED      =      1320.2450
 1-4 NB =       444.0158  1-4 EEL =      4682.3137  VDWAALS    =     12857.4555
 EELEC  =   -105846.8743  EHBOND  =         0.0000  RESTRAINT  =         0.0000
 ------------------------------------------------------------------------------


 NSTEP =     8500   TIME(PS) =      24.250  TEMP(K) =   298.75  PRESS =     0.0
 Etot   =    -51942.5035  EKtot   =     20553.8965  EPtot      =    -72496.4000
 BOND   =     12891.8071  ANGLE   =      1047.0226  DIHED      =      1341.4934
 1-4 NB =       439.7229  1-4 EEL =      4670.7768  VDWAALS    =     12840.6817
 EELEC  =   -105727.9045  EHBOND  =         0.0000  RESTRAINT  =         0.0000
 ------------------------------------------------------------------------------

check COM velocity, temp:        0.000005     0.00(Removed)

 NSTEP =     9000   TIME(PS) =      24.500  TEMP(K) =   299.29  PRESS =     0.0
 Etot   =    -51945.9635  EKtot   =     20590.8184  EPtot      =    -72536.7818
 BOND   =     12702.6547  ANGLE   =      1037.8498  DIHED      =      1354.9380
 1-4 NB =       445.6325  1-4 EEL =      4643.8420  VDWAALS    =     12765.5255
 EELEC  =   -105487.2245  EHBOND  =         0.0000  RESTRAINT  =         0.0000
 ------------------------------------------------------------------------------


 NSTEP =     9500   TIME(PS) =      24.750  TEMP(K) =   300.83  PRESS =     0.0
 Etot   =    -51949.1453  EKtot   =     20697.0547  EPtot      =    -72646.2000
 BOND   =     12603.5469  ANGLE   =      1044.9696  DIHED      =      1332.0152
 1-4 NB =       444.9047  1-4 EEL =      4645.8407  VDWAALS    =     12730.5892
 EELEC  =   -105448.0663  EHBOND  =         0.0000  RESTRAINT  =         0.0000
 ------------------------------------------------------------------------------

check COM velocity, temp:        0.000008     0.00(Removed)

 NSTEP =    10000   TIME(PS) =      25.000  TEMP(K) =   301.44  PRESS =     0.0
 Etot   =    -51948.3530  EKtot   =     20738.8164  EPtot      =    -72687.1694
 BOND   =     12880.2761  ANGLE   =      1021.2608  DIHED      =      1332.1970
 1-4 NB =       441.6801  1-4 EEL =      4629.4361  VDWAALS    =     12884.6537
 EELEC  =   -105876.6731  EHBOND  =         0.0000  RESTRAINT  =         0.0000
 ------------------------------------------------------------------------------


 NSTEP =    10500   TIME(PS) =      25.250  TEMP(K) =   300.28  PRESS =     0.0
 Etot   =    -51942.0612  EKtot   =     20659.3008  EPtot      =    -72601.3620
 BOND   =     12863.7295  ANGLE   =      1063.4052  DIHED      =      1336.3163
 1-4 NB =       445.1114  1-4 EEL =      4638.4630  VDWAALS    =     12998.8113
 EELEC  =   -105947.1988  EHBOND  =         0.0000  RESTRAINT  =         0.0000
 ------------------------------------------------------------------------------

check COM velocity, temp:        0.000008     0.00(Removed)

 NSTEP =    11000   TIME(PS) =      25.500  TEMP(K) =   300.72  PRESS =     0.0
 Etot   =    -51945.6040  EKtot   =     20689.1523  EPtot      =    -72634.7564
 BOND   =     12699.5390  ANGLE   =      1056.2383  DIHED      =      1341.3437
 1-4 NB =       447.5152  1-4 EEL =      4656.2227  VDWAALS    =     12567.6574
 EELEC  =   -105403.2726  EHBOND  =         0.0000  RESTRAINT  =         0.0000
 ------------------------------------------------------------------------------


 NSTEP =    11500   TIME(PS) =      25.750  TEMP(K) =   299.92  PRESS =     0.0
 Etot   =    -51944.6263  EKtot   =     20634.6621  EPtot      =    -72579.2884
 BOND   =     12753.4465  ANGLE   =      1065.4853  DIHED      =      1322.7999
 1-4 NB =       439.6677  1-4 EEL =      4657.2970  VDWAALS    =     12899.6966
 EELEC  =   -105717.6814  EHBOND  =         0.0000  RESTRAINT  =         0.0000
 ------------------------------------------------------------------------------

check COM velocity, temp:        0.000007     0.00(Removed)

 NSTEP =    12000   TIME(PS) =      26.000  TEMP(K) =   299.26  PRESS =     0.0
 Etot   =    -51941.2997  EKtot   =     20589.2051  EPtot      =    -72530.5048
 BOND   =     12863.9496  ANGLE   =      1074.9440  DIHED      =      1321.5736
 1-4 NB =       437.8296  1-4 EEL =      4681.3733  VDWAALS    =     12706.0475
 EELEC  =   -105616.2223  EHBOND  =         0.0000  RESTRAINT  =         0.0000
 ------------------------------------------------------------------------------


 NSTEP =    12500   TIME(PS) =      26.250  TEMP(K) =   300.04  PRESS =     0.0
 Etot   =    -51942.3406  EKtot   =     20642.5957  EPtot      =    -72584.9363
 BOND   =     12632.5687  ANGLE   =      1040.8195  DIHED      =      1322.9315
 1-4 NB =       449.1626  1-4 EEL =      4658.9194  VDWAALS    =     12638.3294
 EELEC  =   -105327.6674  EHBOND  =         0.0000  RESTRAINT  =         0.0000
 ------------------------------------------------------------------------------

check COM velocity, temp:        0.000010     0.00(Removed)

 NSTEP =    13000   TIME(PS) =      26.500  TEMP(K) =   299.09  PRESS =     0.0
 Etot   =    -51941.2659  EKtot   =     20577.4629  EPtot      =    -72518.7287
 BOND   =     12982.0385  ANGLE   =      1050.0582  DIHED      =      1326.6062
 1-4 NB =       436.0344  1-4 EEL =      4621.9615  VDWAALS    =     12865.9159
 EELEC  =   -105801.3434  EHBOND  =         0.0000  RESTRAINT  =         0.0000
 ------------------------------------------------------------------------------


 NSTEP =    13500   TIME(PS) =      26.750  TEMP(K) =   297.94  PRESS =     0.0
 Etot   =    -51939.3676  EKtot   =     20498.0234  EPtot      =    -72437.3910
 BOND   =     12908.6230  ANGLE   =      1043.6207  DIHED      =      1331.5208
 1-4 NB =       443.2302  1-4 EEL =      4654.7298  VDWAALS    =     12741.0322
 EELEC  =   -105560.1476  EHBOND  =         0.0000  RESTRAINT  =         0.0000
 ------------------------------------------------------------------------------

check COM velocity, temp:        0.000010     0.00(Removed)

 NSTEP =    14000   TIME(PS) =      27.000  TEMP(K) =   300.25  PRESS =     0.0
 Etot   =    -51940.9772  EKtot   =     20656.8164  EPtot      =    -72597.7936
 BOND   =     12969.7428  ANGLE   =      1013.9147  DIHED      =      1322.6749
 1-4 NB =       436.1032  1-4 EEL =      4620.4478  VDWAALS    =     12762.8798
 EELEC  =   -105723.5568  EHBOND  =         0.0000  RESTRAINT  =         0.0000
 ------------------------------------------------------------------------------


 NSTEP =    14500   TIME(PS) =      27.250  TEMP(K) =   300.20  PRESS =     0.0
 Etot   =    -51940.8456  EKtot   =     20653.9434  EPtot      =    -72594.7890
 BOND   =     12726.1947  ANGLE   =      1002.1604  DIHED      =      1318.2045
 1-4 NB =       446.3790  1-4 EEL =      4669.6054  VDWAALS    =     12411.3673
 EELEC  =   -105168.7002  EHBOND  =         0.0000  RESTRAINT  =         0.0000
 ------------------------------------------------------------------------------

check COM velocity, temp:        0.000007     0.00(Removed)

 NSTEP =    15000   TIME(PS) =      27.500  TEMP(K) =   299.70  PRESS =     0.0
 Etot   =    -51943.8871  EKtot   =     20618.9434  EPtot      =    -72562.8304
 BOND   =     12866.3300  ANGLE   =      1021.4380  DIHED      =      1335.5461
 1-4 NB =       455.5613  1-4 EEL =      4667.3695  VDWAALS    =     12758.4844
 EELEC  =   -105667.5598  EHBOND  =         0.0000  RESTRAINT  =         0.0000
 ------------------------------------------------------------------------------


 NSTEP =    15500   TIME(PS) =      27.750  TEMP(K) =   299.44  PRESS =     0.0
 Etot   =    -51946.4808  EKtot   =     20601.6152  EPtot      =    -72548.0960
 BOND   =     12860.5615  ANGLE   =      1044.6464  DIHED      =      1313.1871
 1-4 NB =       443.2980  1-4 EEL =      4615.0282  VDWAALS    =     12674.8439
 EELEC  =   -105499.6610  EHBOND  =         0.0000  RESTRAINT  =         0.0000
 ------------------------------------------------------------------------------

check COM velocity, temp:        0.000007     0.00(Removed)

 NSTEP =    16000   TIME(PS) =      28.000  TEMP(K) =   299.24  PRESS =     0.0
 Etot   =    -51947.4532  EKtot   =     20587.2754  EPtot      =    -72534.7285
 BOND   =     12623.9154  ANGLE   =      1044.0641  DIHED      =      1319.4123
 1-4 NB =       460.3413  1-4 EEL =      4634.9192  VDWAALS    =     12522.3722
 EELEC  =   -105139.7532  EHBOND  =         0.0000  RESTRAINT  =         0.0000
 ------------------------------------------------------------------------------


 NSTEP =    16500   TIME(PS) =      28.250  TEMP(K) =   301.29  PRESS =     0.0
 Etot   =    -51944.6390  EKtot   =     20728.8926  EPtot      =    -72673.5315
 BOND   =     12786.6147  ANGLE   =      1060.0649  DIHED      =      1320.2005
 1-4 NB =       438.4878  1-4 EEL =      4588.2790  VDWAALS    =     12561.7442
 EELEC  =   -105428.9227  EHBOND  =         0.0000  RESTRAINT  =         0.0000
 ------------------------------------------------------------------------------

check COM velocity, temp:        0.000011     0.00(Removed)

 NSTEP =    17000   TIME(PS) =      28.500  TEMP(K) =   299.55  PRESS =     0.0
 Etot   =    -51942.8117  EKtot   =     20608.9453  EPtot      =    -72551.7570
 BOND   =     12628.8757  ANGLE   =      1016.4281  DIHED      =      1318.4529
 1-4 NB =       444.0030  1-4 EEL =      4681.7101  VDWAALS    =     12887.4226
 EELEC  =   -105528.6494  EHBOND  =         0.0000  RESTRAINT  =         0.0000
 ------------------------------------------------------------------------------


 NSTEP =    17500   TIME(PS) =      28.750  TEMP(K) =   302.21  PRESS =     0.0
 Etot   =    -51940.2214  EKtot   =     20791.7539  EPtot      =    -72731.9753
 BOND   =     12677.8074  ANGLE   =      1044.2655  DIHED      =      1303.9491
 1-4 NB =       438.3501  1-4 EEL =      4651.8269  VDWAALS    =     12764.2843
 EELEC  =   -105612.4585  EHBOND  =         0.0000  RESTRAINT  =         0.0000
 ------------------------------------------------------------------------------

check COM velocity, temp:        0.000008     0.00(Removed)

 NSTEP =    18000   TIME(PS) =      29.000  TEMP(K) =   300.48  PRESS =     0.0
 Etot   =    -51943.1681  EKtot   =     20672.8789  EPtot      =    -72616.0470
 BOND   =     12918.5626  ANGLE   =      1046.9995  DIHED      =      1347.6814
 1-4 NB =       437.2797  1-4 EEL =      4639.6323  VDWAALS    =     12935.6495
 EELEC  =   -105941.8520  EHBOND  =         0.0000  RESTRAINT  =         0.0000
 ------------------------------------------------------------------------------


 NSTEP =    18500   TIME(PS) =      29.250  TEMP(K) =   298.84  PRESS =     0.0
 Etot   =    -51944.6695  EKtot   =     20560.0410  EPtot      =    -72504.7105
 BOND   =     12693.6816  ANGLE   =      1036.7468  DIHED      =      1305.2641
 1-4 NB =       453.3516  1-4 EEL =      4666.4372  VDWAALS    =     12909.1404
 EELEC  =   -105569.3322  EHBOND  =         0.0000  RESTRAINT  =         0.0000
 ------------------------------------------------------------------------------

check COM velocity, temp:        0.000003     0.00(Removed)

 NSTEP =    19000   TIME(PS) =      29.500  TEMP(K) =   299.76  PRESS =     0.0
 Etot   =    -51947.1733  EKtot   =     20623.2480  EPtot      =    -72570.4214
 BOND   =     12874.0242  ANGLE   =      1045.3717  DIHED      =      1328.1912
 1-4 NB =       446.6741  1-4 EEL =      4634.1405  VDWAALS    =     12904.7619
 EELEC  =   -105803.5851  EHBOND  =         0.0000  RESTRAINT  =         0.0000
 ------------------------------------------------------------------------------


 NSTEP =    19500   TIME(PS) =      29.750  TEMP(K) =   300.93  PRESS =     0.0
 Etot   =    -51945.7075  EKtot   =     20703.5801  EPtot      =    -72649.2875
 BOND   =     12985.1336  ANGLE   =      1038.0976  DIHED      =      1327.4061
 1-4 NB =       450.6611  1-4 EEL =      4642.8329  VDWAALS    =     12642.7922
 EELEC  =   -105736.2110  EHBOND  =         0.0000  RESTRAINT  =         0.0000
 ------------------------------------------------------------------------------

check COM velocity, temp:        0.000002     0.00(Removed)

 NSTEP =    20000   TIME(PS) =      30.000  TEMP(K) =   301.96  PRESS =     0.0
 Etot   =    -51947.1180  EKtot   =     20774.5332  EPtot      =    -72721.6512
 BOND   =     12868.5426  ANGLE   =      1068.2742  DIHED      =      1317.0392
 1-4 NB =       439.1605  1-4 EEL =      4634.1503  VDWAALS    =     12798.2004
 EELEC  =   -105847.0184  EHBOND  =         0.0000  RESTRAINT  =         0.0000
 ------------------------------------------------------------------------------


      A V E R A G E S   O V E R      40 S T E P S


 NSTEP =    20000   TIME(PS) =      30.000  TEMP(K) =   300.38  PRESS =     0.0
 Etot   =    -51943.9764  EKtot   =     20666.3419  EPtot      =    -72610.3183
 BOND   =     12828.2514  ANGLE   =      1048.2981  DIHED      =      1324.1945
 1-4 NB =       445.3332  1-4 EEL =      4649.4477  VDWAALS    =     12765.4177
 EELEC  =   -105671.2609  EHBOND  =         0.0000  RESTRAINT  =         0.0000
 ------------------------------------------------------------------------------


      R M S  F L U C T U A T I O N S


 NSTEP =    20000   TIME(PS) =      30.000  TEMP(K) =     1.16  PRESS =     0.0
 Etot   =         2.6200  EKtot   =        79.6909  EPtot      =        80.7677
 BOND   =       115.8734  ANGLE   =        20.0155  DIHED      =        10.3132
 1-4 NB =         8.5057  1-4 EEL =        26.9350  VDWAALS    =       156.1682
 EELEC  =       239.1488  EHBOND  =         0.0000  RESTRAINT  =         0.0000
|E(PBS) =         0.8293
 ------------------------------------------------------------------------------

--------------------------------------------------------------------------------
   5.  TIMINGS
--------------------------------------------------------------------------------

|  NonSetup CPU Time in Major Routines:
|
|     Routine           Sec        %
|     ------------------------------
|     Nonbond           4.05   10.50
|     Bond              0.00    0.00
|     Angle             0.00    0.00
|     Dihedral          0.00    0.00
|     Shake             0.00    0.00
|     RunMD            34.51   89.45
|     Other             0.02    0.05
|     ------------------------------
|     Total            38.58

|  PME Nonbond Pairlist CPU Time:
|
|     Routine              Sec        %
|     ---------------------------------
|     Set Up Cit           0.00    0.00
|     Build List           0.00    0.00
|     ---------------------------------
|     Total                0.00    0.00

|  PME Direct Force CPU Time:
|
|     Routine              Sec        %
|     ---------------------------------
|     NonBonded Calc       0.00    0.00
|     Exclude Masked       0.00    0.00
|     Other                0.02    0.04
|     ---------------------------------
|     Total                0.02    0.04

|  PME Reciprocal Force CPU Time:
|
|     Routine              Sec        %
|     ---------------------------------
|     1D bspline           0.00    0.00
|     Grid Charges         0.00    0.00
|     Scalar Sum           0.00    0.00
|     Gradient Sum         0.00    0.00
|     FFT                  0.00    0.00
|     ---------------------------------
|     Total                0.00    0.00

|  Final Performance Info:
|     -----------------------------------------------------
|     Average timings for last   19500 steps:
|     Elapsed(s) =      39.43 Per Step(ms) =       2.02
|         ns/day =      21.37   seconds/ns =    4043.79
|
|     Average timings for all steps:
|     Elapsed(s) =      40.37 Per Step(ms) =       2.02
|         ns/day =      21.40   seconds/ns =    4037.03
|     -----------------------------------------------------

|  Setup CPU time:            2.78 seconds
|  NonSetup CPU time:        38.58 seconds
|  Total CPU time:           41.36 seconds     0.01 hours

|  Setup wall time:           3    seconds
|  NonSetup wall time:       40    seconds
|  Total wall time:          43    seconds     0.01 hours
