
          -------------------------------------------------------
          Amber 16 PMEMD                              2016
          -------------------------------------------------------

| PMEMD implementation of SANDER, Release 16

| Run on 08/24/2017 at 15:19:16

|   Executable path: /apps/amber16/bin/pmemd.cuda
| Working directory: /scratch/pbarletta/pdz/run/lb/neq/data/3
|          Hostname: mordor

  [-O]verwriting output

File Assignments:
|   MDIN: pdt.in                                                                
|  MDOUT: 385plb_3.out                                                          
| INPCRD: ../2/385plb_2.rst7                                                    
|   PARM: /scratch/pbarletta/pdz/top_files/lb.prmtop                            
| RESTRT: 385plb_3.rst7                                                         
|   REFC: refc                                                                  
|  MDVEL: mdvel                                                                 
|   MDEN: mden                                                                  
|  MDCRD: 385plb_3.nc                                                           
| MDINFO: mdinfo                                                                
|  MDFRC: mdfrc                                                                 


 Here is the input file:

!NVE run                                                                       
&cntrl                                                                         
imin = 0,                           ! No Minimization                          
nmropt = 0,                         ! No NMR restraints read                   
                                                                               
! Nature and format of the input                                               
ntx = 5,                            ! Coordinates and velocities will be read  
irest = 1,                          ! Do not run a new simulation              
                                                                               
! Nature and format of the output                                              
ioutfm = 1,			    ! NetCDF format for output files                             
ntxo = 1,                           ! rstrt file in ASCII format               
ntpr = 500,                         ! inf in output every ntpr steps           
ntwr = 500,                         ! rstrt file every ntwr steps              
ntwx = 20,                          ! mdcrd file every ntwx steps              
ntwv = -1,                          ! mdvel without velocities                 
ntwe = 0,                           ! Energies and temperatures not written in 
idecomp = 0,                        ! No energy decomposition                  
iwrap = 1,                          ! Coordinates of the restart and mdcrd file
                                                                               
! Frozen or restrained atoms                                                   
ibelly = 0,                         ! No frozen atoms                          
ntr=0,                              ! Harmonic potential restraints            
                                                                               
! Molecular dynamics                                                           
nstlim = 20000,                     ! Number of MD-steps                       
dt = 0.0005,                        ! Time step                                
                                                                               
! Temperature regulation                                                       
ntt = 0,                            ! Constant total energy                    
                                                                               
! P and V regulation                                                           
ntp = 0,                            ! No P control                             
ntb = 1,                            ! constant V                               
                                                                               
! SHAKE variables                                                              
ntc = 1,                            ! Bonds involving H are constrained        
ntf = 1,                            ! Bond interaction involving H are ommited.
                                                                               
cut = 9.0,                          ! Nonbonded cutoff                         
/                                                                              
&end                                                                           


Note: ig = -1. Setting random seed to   705101 based on wallclock time in 
      microseconds.
| irandom = 1, using AMBER's internal random number generator (default).
 
|--------------------- INFORMATION ----------------------
| GPU (CUDA) Version of PMEMD in use: NVIDIA GPU IN USE.
|                    Version 16.0.0
| 
|                      02/25/2016
| 
| Implementation by:
|                    Ross C. Walker     (SDSC)
|                    Scott Le Grand     (nVIDIA)
| 
| Precision model in use:
|      [SPFP] - Single Precision Forces, 64-bit Fixed Point
|               Accumulation. (Default)
| 
|--------------------------------------------------------
 
|----------------- CITATION INFORMATION -----------------
|
|    When publishing work that utilized the CUDA version
|    of AMBER, please cite the following in addition to
|    the regular AMBER citations:
|
|  - Romelia Salomon-Ferrer; Andreas W. Goetz; Duncan
|    Poole; Scott Le Grand; Ross C. Walker "Routine
|    microsecond molecular dynamics simulations with
|    AMBER - Part II: Particle Mesh Ewald", J. Chem.
|    Theory Comput., 2013, 9 (9), pp3878-3888,
|    DOI: 10.1021/ct400314y.
|
|  - Andreas W. Goetz; Mark J. Williamson; Dong Xu;
|    Duncan Poole; Scott Le Grand; Ross C. Walker
|    "Routine microsecond molecular dynamics simulations
|    with AMBER - Part I: Generalized Born", J. Chem.
|    Theory Comput., 2012, 8 (5), pp1542-1555.
|
|  - Scott Le Grand; Andreas W. Goetz; Ross C. Walker
|    "SPFP: Speed without compromise - a mixed precision
|    model for GPU accelerated molecular dynamics
|    simulations.", Comp. Phys. Comm., 2013, 184
|    pp374-380, DOI: 10.1016/j.cpc.2012.09.022
|
|--------------------------------------------------------
 
|------------------- GPU DEVICE INFO --------------------
|
|            CUDA_VISIBLE_DEVICES: 1
|   CUDA Capable Devices Detected:      1
|           CUDA Device ID in use:      0
|                CUDA Device Name: GeForce GTX TITAN
|     CUDA Device Global Mem Size:   6082 MB
| CUDA Device Num Multiprocessors:     14
|           CUDA Device Core Freq:   0.93 GHz
|
|--------------------------------------------------------
 
 
| Conditional Compilation Defines Used:
| PUBFFT
| BINTRAJ
| CUDA
| EMIL

| Largest sphere to fit in unit cell has radius =    26.281

| New format PARM file being parsed.
| Version =    1.000 Date = 09/04/12 Time = 16:08:43

| Note: 1-4 EEL scale factors are being read from the topology file.

| Note: 1-4 VDW scale factors are being read from the topology file.
| Duplicated    0 dihedrals

| Duplicated    0 dihedrals

--------------------------------------------------------------------------------
   1.  RESOURCE   USE: 
--------------------------------------------------------------------------------

 getting new box info from bottom of inpcrd
 NATOM  =   23082 NTYPES =      16 NBONH =   22055 MBONA  =    1038
 NTHETH =    2390 MTHETA =    1396 NPHIH =    4631 MPHIA  =    3488
 NHPARM =       0 NPARM  =       0 NNB   =   39434 NRES   =    7134
 NBONA  =    1038 NTHETA =    1396 NPHIA =    3488 NUMBND =      41
 NUMANG =      86 NPTRA  =      41 NATYP =      28 NPHB   =       1
 IFBOX  =       1 NMXRS  =      24 IFCAP =       0 NEXTRA =       0
 NCOPY  =       0

| Coordinate Index Table dimensions:    12   14   10
| Direct force subcell size =     5.0212    5.2012    5.2562

     BOX TYPE: RECTILINEAR

--------------------------------------------------------------------------------
   2.  CONTROL  DATA  FOR  THE  RUN
--------------------------------------------------------------------------------

default_name                                                                    

General flags:
     imin    =       0, nmropt  =       0

Nature and format of input:
     ntx     =       5, irest   =       1, ntrx    =       1

Nature and format of output:
     ntxo    =       1, ntpr    =     500, ntrx    =       1, ntwr    =     500
     iwrap   =       1, ntwx    =      20, ntwv    =      -1, ntwe    =       0
     ioutfm  =       1, ntwprt  =       0, idecomp =       0, rbornstat=      0

Potential function:
     ntf     =       1, ntb     =       1, igb     =       0, nsnb    =      25
     ipol    =       0, gbsa    =       0, iesp    =       0
     dielc   =   1.00000, cut     =   9.00000, intdiel =   1.00000

Frozen or restrained atoms:
     ibelly  =       0, ntr     =       0

Molecular dynamics:
     nstlim  =     20000, nscm    =      1000, nrespa  =         1
     t       =   0.00000, dt      =   0.00050, vlimit  =  -1.00000

| Intermolecular bonds treatment:
|     no_intermolecular_bonds =       1

| Energy averages sample interval:
|     ene_avg_sampling =     500

Ewald parameters:
     verbose =       0, ew_type =       0, nbflag  =       1, use_pme =       1
     vdwmeth =       1, eedmeth =       1, netfrc  =       1
     Box X =   60.254   Box Y =   72.816   Box Z =   52.562
     Alpha =   90.000   Beta  =   90.000   Gamma =   90.000
     NFFT1 =   64       NFFT2 =   80       NFFT3 =   56
     Cutoff=    9.000   Tol   =0.100E-04
     Ewald Coefficient =  0.30768
     Interpolation order =    4

--------------------------------------------------------------------------------
   3.  ATOMIC COORDINATES AND VELOCITIES
--------------------------------------------------------------------------------

default_name                                                                    
 begin time read from input coords =    20.000 ps

 
 Number of triangulated 3-point waters found:     7002

     Sum of charges from parm topology file =  -0.00000008
     Forcing neutrality...

| Dynamic Memory, Types Used:
| Reals              710578
| Integers           737140

| Nonbonded Pairs Initial Allocation:     5262696

| GPU memory information (estimate):
| KB of GPU memory in use:     63171
| KB of CPU memory in use:     27891

--------------------------------------------------------------------------------
   4.  RESULTS
--------------------------------------------------------------------------------

 ---------------------------------------------------
 APPROXIMATING switch and d/dx switch using CUBIC SPLINE INTERPOLATION
 using   5000.0 points per unit in tabled values
 TESTING RELATIVE ERROR over r ranging from 0.0 to cutoff
| CHECK switch(x): max rel err =   0.2738E-14   at   2.422500
| CHECK d/dx switch(x): max rel err =   0.8314E-11   at   2.736960
 ---------------------------------------------------
|---------------------------------------------------
| APPROXIMATING direct energy using CUBIC SPLINE INTERPOLATION
|  with   50.0 points per unit in tabled values
| Relative Error Limit not exceeded for r .gt.   2.39
| APPROXIMATING direct force using CUBIC SPLINE INTERPOLATION
|  with   50.0 points per unit in tabled values
| Relative Error Limit not exceeded for r .gt.   2.84
|---------------------------------------------------

 NSTEP =      500   TIME(PS) =      20.250  TEMP(K) =   299.34  PRESS =     0.0
 Etot   =    -52181.6875  EKtot   =     20594.5566  EPtot      =    -72776.2441
 BOND   =     12676.0821  ANGLE   =      1054.8918  DIHED      =      1334.2575
 1-4 NB =       430.2136  1-4 EEL =      4667.8135  VDWAALS    =     12876.6187
 EELEC  =   -105816.1214  EHBOND  =         0.0000  RESTRAINT  =         0.0000
 ------------------------------------------------------------------------------

check COM velocity, temp:        0.004255     0.02(Removed)

 NSTEP =     1000   TIME(PS) =      20.500  TEMP(K) =   300.38  PRESS =     0.0
 Etot   =    -52182.0733  EKtot   =     20665.7363  EPtot      =    -72847.8097
 BOND   =     12812.4443  ANGLE   =      1024.0925  DIHED      =      1323.6833
 1-4 NB =       434.2602  1-4 EEL =      4653.6287  VDWAALS    =     12971.4788
 EELEC  =   -106067.3976  EHBOND  =         0.0000  RESTRAINT  =         0.0000
 ------------------------------------------------------------------------------


 NSTEP =     1500   TIME(PS) =      20.750  TEMP(K) =   300.64  PRESS =     0.0
 Etot   =    -52186.2682  EKtot   =     20683.9160  EPtot      =    -72870.1842
 BOND   =     12742.6385  ANGLE   =      1030.2827  DIHED      =      1317.5804
 1-4 NB =       425.6447  1-4 EEL =      4652.2133  VDWAALS    =     12925.0496
 EELEC  =   -105963.5934  EHBOND  =         0.0000  RESTRAINT  =         0.0000
 ------------------------------------------------------------------------------

check COM velocity, temp:        0.000003     0.00(Removed)

 NSTEP =     2000   TIME(PS) =      21.000  TEMP(K) =   298.57  PRESS =     0.0
 Etot   =    -52182.7991  EKtot   =     20541.4688  EPtot      =    -72724.2678
 BOND   =     12887.4559  ANGLE   =      1039.5952  DIHED      =      1321.6023
 1-4 NB =       431.0130  1-4 EEL =      4658.4517  VDWAALS    =     12898.5109
 EELEC  =   -105960.8968  EHBOND  =         0.0000  RESTRAINT  =         0.0000
 ------------------------------------------------------------------------------


 NSTEP =     2500   TIME(PS) =      21.250  TEMP(K) =   299.08  PRESS =     0.0
 Etot   =    -52185.5663  EKtot   =     20576.4316  EPtot      =    -72761.9980
 BOND   =     12903.8089  ANGLE   =      1027.2629  DIHED      =      1306.6964
 1-4 NB =       438.7691  1-4 EEL =      4662.5597  VDWAALS    =     12650.8684
 EELEC  =   -105751.9635  EHBOND  =         0.0000  RESTRAINT  =         0.0000
 ------------------------------------------------------------------------------

check COM velocity, temp:        0.000005     0.00(Removed)

 NSTEP =     3000   TIME(PS) =      21.500  TEMP(K) =   299.39  PRESS =     0.0
 Etot   =    -52184.2079  EKtot   =     20598.1836  EPtot      =    -72782.3915
 BOND   =     12842.8967  ANGLE   =       987.7523  DIHED      =      1307.3305
 1-4 NB =       445.3243  1-4 EEL =      4711.8570  VDWAALS    =     12612.9035
 EELEC  =   -105690.4558  EHBOND  =         0.0000  RESTRAINT  =         0.0000
 ------------------------------------------------------------------------------


 NSTEP =     3500   TIME(PS) =      21.750  TEMP(K) =   296.83  PRESS =     0.0
 Etot   =    -52184.4757  EKtot   =     20421.5410  EPtot      =    -72606.0168
 BOND   =     12787.6259  ANGLE   =      1006.8278  DIHED      =      1309.1140
 1-4 NB =       438.8183  1-4 EEL =      4667.7208  VDWAALS    =     12839.4770
 EELEC  =   -105655.6006  EHBOND  =         0.0000  RESTRAINT  =         0.0000
 ------------------------------------------------------------------------------

check COM velocity, temp:        0.000004     0.00(Removed)

 NSTEP =     4000   TIME(PS) =      22.000  TEMP(K) =   296.84  PRESS =     0.0
 Etot   =    -52186.3529  EKtot   =     20422.1680  EPtot      =    -72608.5208
 BOND   =     12767.2236  ANGLE   =      1003.0612  DIHED      =      1327.5309
 1-4 NB =       452.7074  1-4 EEL =      4716.5933  VDWAALS    =     12760.2587
 EELEC  =   -105635.8960  EHBOND  =         0.0000  RESTRAINT  =         0.0000
 ------------------------------------------------------------------------------


 NSTEP =     4500   TIME(PS) =      22.250  TEMP(K) =   299.01  PRESS =     0.0
 Etot   =    -52190.4405  EKtot   =     20571.8398  EPtot      =    -72762.2803
 BOND   =     12732.6648  ANGLE   =      1016.2758  DIHED      =      1338.2652
 1-4 NB =       440.0270  1-4 EEL =      4676.2269  VDWAALS    =     12793.1990
 EELEC  =   -105758.9390  EHBOND  =         0.0000  RESTRAINT  =         0.0000
 ------------------------------------------------------------------------------

check COM velocity, temp:        0.000007     0.00(Removed)

 NSTEP =     5000   TIME(PS) =      22.500  TEMP(K) =   299.68  PRESS =     0.0
 Etot   =    -52186.2859  EKtot   =     20617.6895  EPtot      =    -72803.9754
 BOND   =     12893.9715  ANGLE   =      1022.2378  DIHED      =      1309.1146
 1-4 NB =       421.0234  1-4 EEL =      4683.0739  VDWAALS    =     12863.7306
 EELEC  =   -105997.1272  EHBOND  =         0.0000  RESTRAINT  =         0.0000
 ------------------------------------------------------------------------------


 NSTEP =     5500   TIME(PS) =      22.750  TEMP(K) =   298.29  PRESS =     0.0
 Etot   =    -52184.8846  EKtot   =     20522.1992  EPtot      =    -72707.0838
 BOND   =     12857.4686  ANGLE   =      1049.4208  DIHED      =      1311.9339
 1-4 NB =       443.5852  1-4 EEL =      4660.4350  VDWAALS    =     12757.4175
 EELEC  =   -105787.3447  EHBOND  =         0.0000  RESTRAINT  =         0.0000
 ------------------------------------------------------------------------------

check COM velocity, temp:        0.000002     0.00(Removed)

 NSTEP =     6000   TIME(PS) =      23.000  TEMP(K) =   297.89  PRESS =     0.0
 Etot   =    -52184.2320  EKtot   =     20494.5352  EPtot      =    -72678.7672
 BOND   =     12826.6392  ANGLE   =      1040.8198  DIHED      =      1307.9206
 1-4 NB =       447.8222  1-4 EEL =      4639.1492  VDWAALS    =     12834.8567
 EELEC  =   -105775.9747  EHBOND  =         0.0000  RESTRAINT  =         0.0000
 ------------------------------------------------------------------------------


 NSTEP =     6500   TIME(PS) =      23.250  TEMP(K) =   297.69  PRESS =     0.0
 Etot   =    -52182.2253  EKtot   =     20481.2422  EPtot      =    -72663.4675
 BOND   =     12790.7138  ANGLE   =      1038.7962  DIHED      =      1322.7701
 1-4 NB =       433.5814  1-4 EEL =      4679.3640  VDWAALS    =     12646.1006
 EELEC  =   -105574.7935  EHBOND  =         0.0000  RESTRAINT  =         0.0000
 ------------------------------------------------------------------------------

check COM velocity, temp:        0.000009     0.00(Removed)

 NSTEP =     7000   TIME(PS) =      23.500  TEMP(K) =   298.19  PRESS =     0.0
 Etot   =    -52186.6903  EKtot   =     20515.6289  EPtot      =    -72702.3192
 BOND   =     12771.4747  ANGLE   =      1006.4005  DIHED      =      1328.5043
 1-4 NB =       439.9512  1-4 EEL =      4699.8509  VDWAALS    =     12759.3592
 EELEC  =   -105707.8599  EHBOND  =         0.0000  RESTRAINT  =         0.0000
 ------------------------------------------------------------------------------


 NSTEP =     7500   TIME(PS) =      23.750  TEMP(K) =   298.80  PRESS =     0.0
 Etot   =    -52185.4085  EKtot   =     20557.5547  EPtot      =    -72742.9631
 BOND   =     12693.1209  ANGLE   =      1041.8566  DIHED      =      1335.7632
 1-4 NB =       443.5267  1-4 EEL =      4657.3997  VDWAALS    =     12574.7292
 EELEC  =   -105489.3595  EHBOND  =         0.0000  RESTRAINT  =         0.0000
 ------------------------------------------------------------------------------

check COM velocity, temp:        0.000006     0.00(Removed)

 NSTEP =     8000   TIME(PS) =      24.000  TEMP(K) =   298.94  PRESS =     0.0
 Etot   =    -52187.1370  EKtot   =     20567.2812  EPtot      =    -72754.4182
 BOND   =     12780.7326  ANGLE   =       974.8331  DIHED      =      1328.9604
 1-4 NB =       459.7939  1-4 EEL =      4674.4374  VDWAALS    =     12888.5896
 EELEC  =   -105861.7652  EHBOND  =         0.0000  RESTRAINT  =         0.0000
 ------------------------------------------------------------------------------


 NSTEP =     8500   TIME(PS) =      24.250  TEMP(K) =   300.24  PRESS =     0.0
 Etot   =    -52189.4834  EKtot   =     20656.1270  EPtot      =    -72845.6104
 BOND   =     12697.4179  ANGLE   =       987.4675  DIHED      =      1324.5417
 1-4 NB =       439.3529  1-4 EEL =      4718.7006  VDWAALS    =     12552.9326
 EELEC  =   -105566.0235  EHBOND  =         0.0000  RESTRAINT  =         0.0000
 ------------------------------------------------------------------------------

check COM velocity, temp:        0.000004     0.00(Removed)

 NSTEP =     9000   TIME(PS) =      24.500  TEMP(K) =   300.56  PRESS =     0.0
 Etot   =    -52189.2279  EKtot   =     20678.6797  EPtot      =    -72867.9076
 BOND   =     12702.1334  ANGLE   =      1036.6014  DIHED      =      1320.2478
 1-4 NB =       427.5157  1-4 EEL =      4680.2687  VDWAALS    =     12673.2942
 EELEC  =   -105707.9688  EHBOND  =         0.0000  RESTRAINT  =         0.0000
 ------------------------------------------------------------------------------


 NSTEP =     9500   TIME(PS) =      24.750  TEMP(K) =   298.69  PRESS =     0.0
 Etot   =    -52186.1145  EKtot   =     20549.8359  EPtot      =    -72735.9505
 BOND   =     12741.6128  ANGLE   =      1033.9053  DIHED      =      1318.2217
 1-4 NB =       440.7135  1-4 EEL =      4711.9082  VDWAALS    =     12637.6981
 EELEC  =   -105620.0101  EHBOND  =         0.0000  RESTRAINT  =         0.0000
 ------------------------------------------------------------------------------

check COM velocity, temp:        0.000007     0.00(Removed)

 NSTEP =    10000   TIME(PS) =      25.000  TEMP(K) =   299.19  PRESS =     0.0
 Etot   =    -52187.4853  EKtot   =     20583.9824  EPtot      =    -72771.4678
 BOND   =     12816.5505  ANGLE   =      1010.5834  DIHED      =      1339.5435
 1-4 NB =       439.8484  1-4 EEL =      4683.9819  VDWAALS    =     12901.7638
 EELEC  =   -105963.7392  EHBOND  =         0.0000  RESTRAINT  =         0.0000
 ------------------------------------------------------------------------------


 NSTEP =    10500   TIME(PS) =      25.250  TEMP(K) =   300.14  PRESS =     0.0
 Etot   =    -52187.8451  EKtot   =     20649.2090  EPtot      =    -72837.0540
 BOND   =     12844.2799  ANGLE   =      1037.4832  DIHED      =      1309.9117
 1-4 NB =       441.8221  1-4 EEL =      4618.6016  VDWAALS    =     13082.8884
 EELEC  =   -106172.0410  EHBOND  =         0.0000  RESTRAINT  =         0.0000
 ------------------------------------------------------------------------------

check COM velocity, temp:        0.000007     0.00(Removed)

 NSTEP =    11000   TIME(PS) =      25.500  TEMP(K) =   298.61  PRESS =     0.0
 Etot   =    -52183.2210  EKtot   =     20544.5742  EPtot      =    -72727.7953
 BOND   =     12852.2421  ANGLE   =      1024.5288  DIHED      =      1339.2465
 1-4 NB =       436.3968  1-4 EEL =      4705.0026  VDWAALS    =     12703.6755
 EELEC  =   -105788.8874  EHBOND  =         0.0000  RESTRAINT  =         0.0000
 ------------------------------------------------------------------------------


 NSTEP =    11500   TIME(PS) =      25.750  TEMP(K) =   300.75  PRESS =     0.0
 Etot   =    -52187.5622  EKtot   =     20691.2305  EPtot      =    -72878.7926
 BOND   =     12802.9875  ANGLE   =      1011.7401  DIHED      =      1325.3785
 1-4 NB =       429.5972  1-4 EEL =      4638.7657  VDWAALS    =     12834.0754
 EELEC  =   -105921.3369  EHBOND  =         0.0000  RESTRAINT  =         0.0000
 ------------------------------------------------------------------------------

check COM velocity, temp:        0.000007     0.00(Removed)

 NSTEP =    12000   TIME(PS) =      26.000  TEMP(K) =   299.28  PRESS =     0.0
 Etot   =    -52184.2334  EKtot   =     20590.5625  EPtot      =    -72774.7959
 BOND   =     12831.8032  ANGLE   =       988.5171  DIHED      =      1329.0478
 1-4 NB =       446.6338  1-4 EEL =      4678.1483  VDWAALS    =     12763.6666
 EELEC  =   -105812.6128  EHBOND  =         0.0000  RESTRAINT  =         0.0000
 ------------------------------------------------------------------------------


 NSTEP =    12500   TIME(PS) =      26.250  TEMP(K) =   300.23  PRESS =     0.0
 Etot   =    -52181.8289  EKtot   =     20655.6875  EPtot      =    -72837.5164
 BOND   =     12771.2003  ANGLE   =      1011.1247  DIHED      =      1334.4050
 1-4 NB =       442.4831  1-4 EEL =      4696.0675  VDWAALS    =     12710.6927
 EELEC  =   -105803.4896  EHBOND  =         0.0000  RESTRAINT  =         0.0000
 ------------------------------------------------------------------------------

check COM velocity, temp:        0.000003     0.00(Removed)

 NSTEP =    13000   TIME(PS) =      26.500  TEMP(K) =   299.58  PRESS =     0.0
 Etot   =    -52183.4254  EKtot   =     20610.7891  EPtot      =    -72794.2145
 BOND   =     12956.7421  ANGLE   =       993.2461  DIHED      =      1324.7057
 1-4 NB =       445.3755  1-4 EEL =      4676.6124  VDWAALS    =     12579.7872
 EELEC  =   -105770.6835  EHBOND  =         0.0000  RESTRAINT  =         0.0000
 ------------------------------------------------------------------------------


 NSTEP =    13500   TIME(PS) =      26.750  TEMP(K) =   300.10  PRESS =     0.0
 Etot   =    -52186.5386  EKtot   =     20646.7402  EPtot      =    -72833.2789
 BOND   =     12762.3753  ANGLE   =      1019.7626  DIHED      =      1330.9865
 1-4 NB =       438.4703  1-4 EEL =      4693.3591  VDWAALS    =     12614.4916
 EELEC  =   -105692.7243  EHBOND  =         0.0000  RESTRAINT  =         0.0000
 ------------------------------------------------------------------------------

check COM velocity, temp:        0.000007     0.00(Removed)

 NSTEP =    14000   TIME(PS) =      27.000  TEMP(K) =   300.93  PRESS =     0.0
 Etot   =    -52186.2425  EKtot   =     20703.9668  EPtot      =    -72890.2093
 BOND   =     12699.2185  ANGLE   =      1013.9979  DIHED      =      1330.5983
 1-4 NB =       433.6636  1-4 EEL =      4633.1737  VDWAALS    =     12716.6044
 EELEC  =   -105717.4657  EHBOND  =         0.0000  RESTRAINT  =         0.0000
 ------------------------------------------------------------------------------


 NSTEP =    14500   TIME(PS) =      27.250  TEMP(K) =   299.01  PRESS =     0.0
 Etot   =    -52182.3307  EKtot   =     20571.6816  EPtot      =    -72754.0123
 BOND   =     12929.0474  ANGLE   =       986.9203  DIHED      =      1334.0871
 1-4 NB =       435.7293  1-4 EEL =      4668.2899  VDWAALS    =     12740.5765
 EELEC  =   -105848.6629  EHBOND  =         0.0000  RESTRAINT  =         0.0000
 ------------------------------------------------------------------------------

check COM velocity, temp:        0.000006     0.00(Removed)

 NSTEP =    15000   TIME(PS) =      27.500  TEMP(K) =   299.15  PRESS =     0.0
 Etot   =    -52189.3502  EKtot   =     20581.5938  EPtot      =    -72770.9439
 BOND   =     12796.7804  ANGLE   =      1006.3401  DIHED      =      1322.2832
 1-4 NB =       419.8464  1-4 EEL =      4659.9428  VDWAALS    =     12733.9625
 EELEC  =   -105710.0994  EHBOND  =         0.0000  RESTRAINT  =         0.0000
 ------------------------------------------------------------------------------


 NSTEP =    15500   TIME(PS) =      27.750  TEMP(K) =   300.65  PRESS =     0.0
 Etot   =    -52188.3096  EKtot   =     20684.5273  EPtot      =    -72872.8370
 BOND   =     12970.4972  ANGLE   =      1022.9631  DIHED      =      1310.1639
 1-4 NB =       438.3613  1-4 EEL =      4687.3504  VDWAALS    =     12845.8231
 EELEC  =   -106147.9959  EHBOND  =         0.0000  RESTRAINT  =         0.0000
 ------------------------------------------------------------------------------

check COM velocity, temp:        0.000007     0.00(Removed)

 NSTEP =    16000   TIME(PS) =      28.000  TEMP(K) =   299.60  PRESS =     0.0
 Etot   =    -52188.5622  EKtot   =     20612.4062  EPtot      =    -72800.9685
 BOND   =     12755.2845  ANGLE   =      1018.6838  DIHED      =      1317.3763
 1-4 NB =       444.0565  1-4 EEL =      4663.9470  VDWAALS    =     12697.7197
 EELEC  =   -105698.0361  EHBOND  =         0.0000  RESTRAINT  =         0.0000
 ------------------------------------------------------------------------------


 NSTEP =    16500   TIME(PS) =      28.250  TEMP(K) =   299.81  PRESS =     0.0
 Etot   =    -52186.9126  EKtot   =     20626.8828  EPtot      =    -72813.7954
 BOND   =     12733.5712  ANGLE   =      1017.1435  DIHED      =      1334.3162
 1-4 NB =       420.5929  1-4 EEL =      4668.0245  VDWAALS    =     12880.4510
 EELEC  =   -105867.8947  EHBOND  =         0.0000  RESTRAINT  =         0.0000
 ------------------------------------------------------------------------------

check COM velocity, temp:        0.000006     0.00(Removed)

 NSTEP =    17000   TIME(PS) =      28.500  TEMP(K) =   299.63  PRESS =     0.0
 Etot   =    -52187.0449  EKtot   =     20614.7012  EPtot      =    -72801.7461
 BOND   =     12721.7802  ANGLE   =      1025.2917  DIHED      =      1317.4504
 1-4 NB =       457.6627  1-4 EEL =      4653.4552  VDWAALS    =     12539.6134
 EELEC  =   -105516.9996  EHBOND  =         0.0000  RESTRAINT  =         0.0000
 ------------------------------------------------------------------------------


 NSTEP =    17500   TIME(PS) =      28.750  TEMP(K) =   299.63  PRESS =     0.0
 Etot   =    -52185.9906  EKtot   =     20614.2637  EPtot      =    -72800.2543
 BOND   =     12760.1784  ANGLE   =      1007.8546  DIHED      =      1320.7582
 1-4 NB =       435.7075  1-4 EEL =      4644.4013  VDWAALS    =     12671.5436
 EELEC  =   -105640.6979  EHBOND  =         0.0000  RESTRAINT  =         0.0000
 ------------------------------------------------------------------------------

check COM velocity, temp:        0.000003     0.00(Removed)

 NSTEP =    18000   TIME(PS) =      29.000  TEMP(K) =   298.67  PRESS =     0.0
 Etot   =    -52185.4779  EKtot   =     20548.1133  EPtot      =    -72733.5912
 BOND   =     12796.5032  ANGLE   =      1029.6870  DIHED      =      1340.5868
 1-4 NB =       447.9149  1-4 EEL =      4687.3784  VDWAALS    =     12917.0627
 EELEC  =   -105952.7242  EHBOND  =         0.0000  RESTRAINT  =         0.0000
 ------------------------------------------------------------------------------


 NSTEP =    18500   TIME(PS) =      29.250  TEMP(K) =   299.35  PRESS =     0.0
 Etot   =    -52185.4728  EKtot   =     20595.2578  EPtot      =    -72780.7306
 BOND   =     12750.1066  ANGLE   =       974.8811  DIHED      =      1337.2210
 1-4 NB =       445.0706  1-4 EEL =      4678.3327  VDWAALS    =     12640.0424
 EELEC  =   -105606.3849  EHBOND  =         0.0000  RESTRAINT  =         0.0000
 ------------------------------------------------------------------------------

check COM velocity, temp:        0.000010     0.00(Removed)

 NSTEP =    19000   TIME(PS) =      29.500  TEMP(K) =   299.03  PRESS =     0.0
 Etot   =    -52185.9346  EKtot   =     20573.1855  EPtot      =    -72759.1202
 BOND   =     12726.4010  ANGLE   =       980.3169  DIHED      =      1330.5393
 1-4 NB =       435.9407  1-4 EEL =      4653.9729  VDWAALS    =     12569.6307
 EELEC  =   -105455.9216  EHBOND  =         0.0000  RESTRAINT  =         0.0000
 ------------------------------------------------------------------------------


 NSTEP =    19500   TIME(PS) =      29.750  TEMP(K) =   300.15  PRESS =     0.0
 Etot   =    -52186.1387  EKtot   =     20650.0742  EPtot      =    -72836.2129
 BOND   =     12895.8646  ANGLE   =       980.3297  DIHED      =      1318.7478
 1-4 NB =       427.1457  1-4 EEL =      4674.6642  VDWAALS    =     12681.2804
 EELEC  =   -105814.2452  EHBOND  =         0.0000  RESTRAINT  =         0.0000
 ------------------------------------------------------------------------------

check COM velocity, temp:        0.000009     0.00(Removed)

 NSTEP =    20000   TIME(PS) =      30.000  TEMP(K) =   299.33  PRESS =     0.0
 Etot   =    -52186.2946  EKtot   =     20593.9883  EPtot      =    -72780.2828
 BOND   =     12783.6228  ANGLE   =       989.8954  DIHED      =      1313.1383
 1-4 NB =       439.1961  1-4 EEL =      4660.5703  VDWAALS    =     12667.1157
 EELEC  =   -105633.8214  EHBOND  =         0.0000  RESTRAINT  =         0.0000
 ------------------------------------------------------------------------------


      A V E R A G E S   O V E R      40 S T E P S


 NSTEP =    20000   TIME(PS) =      30.000  TEMP(K) =   299.30  PRESS =     0.0
 Etot   =    -52185.7941  EKtot   =     20591.5008  EPtot      =    -72777.2949
 BOND   =     12796.6291  ANGLE   =      1014.3418  DIHED      =      1323.8633
 1-4 NB =       438.3790  1-4 EEL =      4672.3924  VDWAALS    =     12750.2385
 EELEC  =   -105773.1389  EHBOND  =         0.0000  RESTRAINT  =         0.0000
 ------------------------------------------------------------------------------


      R M S  F L U C T U A T I O N S


 NSTEP =    20000   TIME(PS) =      30.000  TEMP(K) =     0.96  PRESS =     0.0
 Etot   =         2.2024  EKtot   =        66.3561  EPtot      =        66.9995
 BOND   =        73.0753  ANGLE   =        21.1316  DIHED      =        10.0794
 1-4 NB =         8.9540  1-4 EEL =        22.8932  VDWAALS    =       127.6497
 EELEC  =       166.7723  EHBOND  =         0.0000  RESTRAINT  =         0.0000
|E(PBS) =         0.6559
 ------------------------------------------------------------------------------

--------------------------------------------------------------------------------
   5.  TIMINGS
--------------------------------------------------------------------------------

|  NonSetup CPU Time in Major Routines:
|
|     Routine           Sec        %
|     ------------------------------
|     Nonbond           4.16   10.66
|     Bond              0.00    0.00
|     Angle             0.00    0.00
|     Dihedral          0.00    0.00
|     Shake             0.00    0.00
|     RunMD            34.88   89.27
|     Other             0.03    0.07
|     ------------------------------
|     Total            39.07

|  PME Nonbond Pairlist CPU Time:
|
|     Routine              Sec        %
|     ---------------------------------
|     Set Up Cit           0.00    0.00
|     Build List           0.00    0.00
|     ---------------------------------
|     Total                0.00    0.00

|  PME Direct Force CPU Time:
|
|     Routine              Sec        %
|     ---------------------------------
|     NonBonded Calc       0.00    0.00
|     Exclude Masked       0.00    0.00
|     Other                0.01    0.02
|     ---------------------------------
|     Total                0.01    0.02

|  PME Reciprocal Force CPU Time:
|
|     Routine              Sec        %
|     ---------------------------------
|     1D bspline           0.00    0.00
|     Grid Charges         0.00    0.00
|     Scalar Sum           0.00    0.00
|     Gradient Sum         0.00    0.00
|     FFT                  0.00    0.00
|     ---------------------------------
|     Total                0.00    0.00

|  Final Performance Info:
|     -----------------------------------------------------
|     Average timings for last   19500 steps:
|     Elapsed(s) =      40.88 Per Step(ms) =       2.10
|         ns/day =      20.61   seconds/ns =    4192.98
|
|     Average timings for all steps:
|     Elapsed(s) =      41.80 Per Step(ms) =       2.09
|         ns/day =      20.67   seconds/ns =    4180.15
|     -----------------------------------------------------

|  Setup CPU time:            2.74 seconds
|  NonSetup CPU time:        39.07 seconds
|  Total CPU time:           41.81 seconds     0.01 hours

|  Setup wall time:           3    seconds
|  NonSetup wall time:       41    seconds
|  Total wall time:          44    seconds     0.01 hours
