
          -------------------------------------------------------
          Amber 16 PMEMD                              2016
          -------------------------------------------------------

| PMEMD implementation of SANDER, Release 16

| Run on 08/24/2017 at 14:05:47

|   Executable path: /apps/amber16/bin/pmemd.cuda
| Working directory: /scratch/pbarletta/pdz/run/lb/neq/data/3
|          Hostname: mordor

  [-O]verwriting output

File Assignments:
|   MDIN: pdt.in                                                                
|  MDOUT: 90plb_3.out                                                           
| INPCRD: ../2/90plb_2.rst7                                                     
|   PARM: /scratch/pbarletta/pdz/top_files/lb.prmtop                            
| RESTRT: 90plb_3.rst7                                                          
|   REFC: refc                                                                  
|  MDVEL: mdvel                                                                 
|   MDEN: mden                                                                  
|  MDCRD: 90plb_3.nc                                                            
| MDINFO: mdinfo                                                                
|  MDFRC: mdfrc                                                                 


 Here is the input file:

!NVE run                                                                       
&cntrl                                                                         
imin = 0,                           ! No Minimization                          
nmropt = 0,                         ! No NMR restraints read                   
                                                                               
! Nature and format of the input                                               
ntx = 5,                            ! Coordinates and velocities will be read  
irest = 1,                          ! Do not run a new simulation              
                                                                               
! Nature and format of the output                                              
ioutfm = 1,			    ! NetCDF format for output files                             
ntxo = 1,                           ! rstrt file in ASCII format               
ntpr = 500,                         ! inf in output every ntpr steps           
ntwr = 500,                         ! rstrt file every ntwr steps              
ntwx = 20,                          ! mdcrd file every ntwx steps              
ntwv = -1,                          ! mdvel without velocities                 
ntwe = 0,                           ! Energies and temperatures not written in 
idecomp = 0,                        ! No energy decomposition                  
iwrap = 1,                          ! Coordinates of the restart and mdcrd file
                                                                               
! Frozen or restrained atoms                                                   
ibelly = 0,                         ! No frozen atoms                          
ntr=0,                              ! Harmonic potential restraints            
                                                                               
! Molecular dynamics                                                           
nstlim = 20000,                     ! Number of MD-steps                       
dt = 0.0005,                        ! Time step                                
                                                                               
! Temperature regulation                                                       
ntt = 0,                            ! Constant total energy                    
                                                                               
! P and V regulation                                                           
ntp = 0,                            ! No P control                             
ntb = 1,                            ! constant V                               
                                                                               
! SHAKE variables                                                              
ntc = 1,                            ! Bonds involving H are constrained        
ntf = 1,                            ! Bond interaction involving H are ommited.
                                                                               
cut = 9.0,                          ! Nonbonded cutoff                         
/                                                                              
&end                                                                           


Note: ig = -1. Setting random seed to   134997 based on wallclock time in 
      microseconds.
| irandom = 1, using AMBER's internal random number generator (default).
 
|--------------------- INFORMATION ----------------------
| GPU (CUDA) Version of PMEMD in use: NVIDIA GPU IN USE.
|                    Version 16.0.0
| 
|                      02/25/2016
| 
| Implementation by:
|                    Ross C. Walker     (SDSC)
|                    Scott Le Grand     (nVIDIA)
| 
| Precision model in use:
|      [SPFP] - Single Precision Forces, 64-bit Fixed Point
|               Accumulation. (Default)
| 
|--------------------------------------------------------
 
|----------------- CITATION INFORMATION -----------------
|
|    When publishing work that utilized the CUDA version
|    of AMBER, please cite the following in addition to
|    the regular AMBER citations:
|
|  - Romelia Salomon-Ferrer; Andreas W. Goetz; Duncan
|    Poole; Scott Le Grand; Ross C. Walker "Routine
|    microsecond molecular dynamics simulations with
|    AMBER - Part II: Particle Mesh Ewald", J. Chem.
|    Theory Comput., 2013, 9 (9), pp3878-3888,
|    DOI: 10.1021/ct400314y.
|
|  - Andreas W. Goetz; Mark J. Williamson; Dong Xu;
|    Duncan Poole; Scott Le Grand; Ross C. Walker
|    "Routine microsecond molecular dynamics simulations
|    with AMBER - Part I: Generalized Born", J. Chem.
|    Theory Comput., 2012, 8 (5), pp1542-1555.
|
|  - Scott Le Grand; Andreas W. Goetz; Ross C. Walker
|    "SPFP: Speed without compromise - a mixed precision
|    model for GPU accelerated molecular dynamics
|    simulations.", Comp. Phys. Comm., 2013, 184
|    pp374-380, DOI: 10.1016/j.cpc.2012.09.022
|
|--------------------------------------------------------
 
|------------------- GPU DEVICE INFO --------------------
|
|            CUDA_VISIBLE_DEVICES: 0
|   CUDA Capable Devices Detected:      1
|           CUDA Device ID in use:      0
|                CUDA Device Name: GeForce GTX TITAN
|     CUDA Device Global Mem Size:   6082 MB
| CUDA Device Num Multiprocessors:     14
|           CUDA Device Core Freq:   0.93 GHz
|
|--------------------------------------------------------
 
 
| Conditional Compilation Defines Used:
| PUBFFT
| BINTRAJ
| CUDA
| EMIL

| Largest sphere to fit in unit cell has radius =    26.281

| New format PARM file being parsed.
| Version =    1.000 Date = 09/04/12 Time = 16:08:43

| Note: 1-4 EEL scale factors are being read from the topology file.

| Note: 1-4 VDW scale factors are being read from the topology file.
| Duplicated    0 dihedrals

| Duplicated    0 dihedrals

--------------------------------------------------------------------------------
   1.  RESOURCE   USE: 
--------------------------------------------------------------------------------

 getting new box info from bottom of inpcrd
 NATOM  =   23082 NTYPES =      16 NBONH =   22055 MBONA  =    1038
 NTHETH =    2390 MTHETA =    1396 NPHIH =    4631 MPHIA  =    3488
 NHPARM =       0 NPARM  =       0 NNB   =   39434 NRES   =    7134
 NBONA  =    1038 NTHETA =    1396 NPHIA =    3488 NUMBND =      41
 NUMANG =      86 NPTRA  =      41 NATYP =      28 NPHB   =       1
 IFBOX  =       1 NMXRS  =      24 IFCAP =       0 NEXTRA =       0
 NCOPY  =       0

| Coordinate Index Table dimensions:    12   14   10
| Direct force subcell size =     5.0212    5.2012    5.2562

     BOX TYPE: RECTILINEAR

--------------------------------------------------------------------------------
   2.  CONTROL  DATA  FOR  THE  RUN
--------------------------------------------------------------------------------

default_name                                                                    

General flags:
     imin    =       0, nmropt  =       0

Nature and format of input:
     ntx     =       5, irest   =       1, ntrx    =       1

Nature and format of output:
     ntxo    =       1, ntpr    =     500, ntrx    =       1, ntwr    =     500
     iwrap   =       1, ntwx    =      20, ntwv    =      -1, ntwe    =       0
     ioutfm  =       1, ntwprt  =       0, idecomp =       0, rbornstat=      0

Potential function:
     ntf     =       1, ntb     =       1, igb     =       0, nsnb    =      25
     ipol    =       0, gbsa    =       0, iesp    =       0
     dielc   =   1.00000, cut     =   9.00000, intdiel =   1.00000

Frozen or restrained atoms:
     ibelly  =       0, ntr     =       0

Molecular dynamics:
     nstlim  =     20000, nscm    =      1000, nrespa  =         1
     t       =   0.00000, dt      =   0.00050, vlimit  =  -1.00000

| Intermolecular bonds treatment:
|     no_intermolecular_bonds =       1

| Energy averages sample interval:
|     ene_avg_sampling =     500

Ewald parameters:
     verbose =       0, ew_type =       0, nbflag  =       1, use_pme =       1
     vdwmeth =       1, eedmeth =       1, netfrc  =       1
     Box X =   60.254   Box Y =   72.816   Box Z =   52.562
     Alpha =   90.000   Beta  =   90.000   Gamma =   90.000
     NFFT1 =   64       NFFT2 =   80       NFFT3 =   56
     Cutoff=    9.000   Tol   =0.100E-04
     Ewald Coefficient =  0.30768
     Interpolation order =    4

--------------------------------------------------------------------------------
   3.  ATOMIC COORDINATES AND VELOCITIES
--------------------------------------------------------------------------------

default_name                                                                    
 begin time read from input coords =    20.000 ps

 
 Number of triangulated 3-point waters found:     7002

     Sum of charges from parm topology file =  -0.00000008
     Forcing neutrality...

| Dynamic Memory, Types Used:
| Reals              710578
| Integers           737140

| Nonbonded Pairs Initial Allocation:     5262696

| GPU memory information (estimate):
| KB of GPU memory in use:     63171
| KB of CPU memory in use:     27891

--------------------------------------------------------------------------------
   4.  RESULTS
--------------------------------------------------------------------------------

 ---------------------------------------------------
 APPROXIMATING switch and d/dx switch using CUBIC SPLINE INTERPOLATION
 using   5000.0 points per unit in tabled values
 TESTING RELATIVE ERROR over r ranging from 0.0 to cutoff
| CHECK switch(x): max rel err =   0.2738E-14   at   2.422500
| CHECK d/dx switch(x): max rel err =   0.8314E-11   at   2.736960
 ---------------------------------------------------
|---------------------------------------------------
| APPROXIMATING direct energy using CUBIC SPLINE INTERPOLATION
|  with   50.0 points per unit in tabled values
| Relative Error Limit not exceeded for r .gt.   2.39
| APPROXIMATING direct force using CUBIC SPLINE INTERPOLATION
|  with   50.0 points per unit in tabled values
| Relative Error Limit not exceeded for r .gt.   2.84
|---------------------------------------------------

 NSTEP =      500   TIME(PS) =      20.250  TEMP(K) =   301.83  PRESS =     0.0
 Etot   =    -51670.9807  EKtot   =     20765.9219  EPtot      =    -72436.9025
 BOND   =     12785.9286  ANGLE   =      1053.2498  DIHED      =      1336.7556
 1-4 NB =       449.2685  1-4 EEL =      4631.1143  VDWAALS    =     12476.8150
 EELEC  =   -105170.0343  EHBOND  =         0.0000  RESTRAINT  =         0.0000
 ------------------------------------------------------------------------------

check COM velocity, temp:        0.002124     0.00(Removed)

 NSTEP =     1000   TIME(PS) =      20.500  TEMP(K) =   302.23  PRESS =     0.0
 Etot   =    -51671.0903  EKtot   =     20793.3770  EPtot      =    -72464.4673
 BOND   =     12804.9935  ANGLE   =      1057.4378  DIHED      =      1326.6559
 1-4 NB =       451.5665  1-4 EEL =      4623.1778  VDWAALS    =     12622.7070
 EELEC  =   -105351.0058  EHBOND  =         0.0000  RESTRAINT  =         0.0000
 ------------------------------------------------------------------------------


 NSTEP =     1500   TIME(PS) =      20.750  TEMP(K) =   301.52  PRESS =     0.0
 Etot   =    -51669.1410  EKtot   =     20744.1367  EPtot      =    -72413.2777
 BOND   =     12863.4571  ANGLE   =      1069.3760  DIHED      =      1297.5031
 1-4 NB =       436.7707  1-4 EEL =      4635.8423  VDWAALS    =     13015.7639
 EELEC  =   -105731.9908  EHBOND  =         0.0000  RESTRAINT  =         0.0000
 ------------------------------------------------------------------------------

check COM velocity, temp:        0.000004     0.00(Removed)

 NSTEP =     2000   TIME(PS) =      21.000  TEMP(K) =   303.50  PRESS =     0.0
 Etot   =    -51673.3621  EKtot   =     20880.7168  EPtot      =    -72554.0789
 BOND   =     12684.3771  ANGLE   =       992.6563  DIHED      =      1306.4628
 1-4 NB =       446.5972  1-4 EEL =      4664.2042  VDWAALS    =     12928.7991
 EELEC  =   -105577.1756  EHBOND  =         0.0000  RESTRAINT  =         0.0000
 ------------------------------------------------------------------------------


 NSTEP =     2500   TIME(PS) =      21.250  TEMP(K) =   303.01  PRESS =     0.0
 Etot   =    -51677.0609  EKtot   =     20847.2441  EPtot      =    -72524.3051
 BOND   =     12741.4810  ANGLE   =      1007.2275  DIHED      =      1332.9437
 1-4 NB =       450.0260  1-4 EEL =      4595.3801  VDWAALS    =     12921.3053
 EELEC  =   -105572.6687  EHBOND  =         0.0000  RESTRAINT  =         0.0000
 ------------------------------------------------------------------------------

check COM velocity, temp:        0.000004     0.00(Removed)

 NSTEP =     3000   TIME(PS) =      21.500  TEMP(K) =   303.17  PRESS =     0.0
 Etot   =    -51680.5259  EKtot   =     20857.9727  EPtot      =    -72538.4986
 BOND   =     12608.4776  ANGLE   =      1047.2912  DIHED      =      1343.4518
 1-4 NB =       453.8434  1-4 EEL =      4643.8390  VDWAALS    =     12891.5689
 EELEC  =   -105526.9706  EHBOND  =         0.0000  RESTRAINT  =         0.0000
 ------------------------------------------------------------------------------


 NSTEP =     3500   TIME(PS) =      21.750  TEMP(K) =   302.37  PRESS =     0.0
 Etot   =    -51674.8264  EKtot   =     20802.6543  EPtot      =    -72477.4807
 BOND   =     12661.8126  ANGLE   =      1057.6406  DIHED      =      1320.1364
 1-4 NB =       441.7923  1-4 EEL =      4609.8561  VDWAALS    =     12760.2705
 EELEC  =   -105328.9892  EHBOND  =         0.0000  RESTRAINT  =         0.0000
 ------------------------------------------------------------------------------

check COM velocity, temp:        0.000002     0.00(Removed)

 NSTEP =     4000   TIME(PS) =      22.000  TEMP(K) =   302.24  PRESS =     0.0
 Etot   =    -51668.6329  EKtot   =     20794.0195  EPtot      =    -72462.6525
 BOND   =     12792.3511  ANGLE   =      1051.3026  DIHED      =      1321.3060
 1-4 NB =       436.1520  1-4 EEL =      4599.5760  VDWAALS    =     12585.2983
 EELEC  =   -105248.6384  EHBOND  =         0.0000  RESTRAINT  =         0.0000
 ------------------------------------------------------------------------------


 NSTEP =     4500   TIME(PS) =      22.250  TEMP(K) =   303.52  PRESS =     0.0
 Etot   =    -51674.5900  EKtot   =     20881.7617  EPtot      =    -72556.3517
 BOND   =     12657.5122  ANGLE   =      1055.9335  DIHED      =      1323.3978
 1-4 NB =       463.4397  1-4 EEL =      4671.1220  VDWAALS    =     12872.1706
 EELEC  =   -105599.9275  EHBOND  =         0.0000  RESTRAINT  =         0.0000
 ------------------------------------------------------------------------------

check COM velocity, temp:        0.000006     0.00(Removed)

 NSTEP =     5000   TIME(PS) =      22.500  TEMP(K) =   300.62  PRESS =     0.0
 Etot   =    -51674.1890  EKtot   =     20682.2148  EPtot      =    -72356.4038
 BOND   =     12893.7209  ANGLE   =      1049.3718  DIHED      =      1337.2362
 1-4 NB =       434.5976  1-4 EEL =      4605.3643  VDWAALS    =     12657.3280
 EELEC  =   -105334.0226  EHBOND  =         0.0000  RESTRAINT  =         0.0000
 ------------------------------------------------------------------------------


 NSTEP =     5500   TIME(PS) =      22.750  TEMP(K) =   303.49  PRESS =     0.0
 Etot   =    -51673.1659  EKtot   =     20879.9570  EPtot      =    -72553.1230
 BOND   =     12900.6924  ANGLE   =      1035.9515  DIHED      =      1339.2668
 1-4 NB =       440.3534  1-4 EEL =      4555.2952  VDWAALS    =     12615.8424
 EELEC  =   -105440.5247  EHBOND  =         0.0000  RESTRAINT  =         0.0000
 ------------------------------------------------------------------------------

check COM velocity, temp:        0.000004     0.00(Removed)

 NSTEP =     6000   TIME(PS) =      23.000  TEMP(K) =   304.41  PRESS =     0.0
 Etot   =    -51674.9392  EKtot   =     20943.2520  EPtot      =    -72618.1911
 BOND   =     12764.3525  ANGLE   =      1042.3278  DIHED      =      1330.5265
 1-4 NB =       453.5479  1-4 EEL =      4650.0454  VDWAALS    =     12790.2397
 EELEC  =   -105649.2310  EHBOND  =         0.0000  RESTRAINT  =         0.0000
 ------------------------------------------------------------------------------


 NSTEP =     6500   TIME(PS) =      23.250  TEMP(K) =   302.95  PRESS =     0.0
 Etot   =    -51673.9341  EKtot   =     20842.9395  EPtot      =    -72516.8735
 BOND   =     12782.6421  ANGLE   =      1036.2008  DIHED      =      1341.9973
 1-4 NB =       434.1597  1-4 EEL =      4609.0124  VDWAALS    =     12452.0653
 EELEC  =   -105172.9511  EHBOND  =         0.0000  RESTRAINT  =         0.0000
 ------------------------------------------------------------------------------

check COM velocity, temp:        0.000007     0.00(Removed)

 NSTEP =     7000   TIME(PS) =      23.500  TEMP(K) =   302.32  PRESS =     0.0
 Etot   =    -51670.3282  EKtot   =     20799.1816  EPtot      =    -72469.5099
 BOND   =     12905.8188  ANGLE   =      1061.0354  DIHED      =      1324.0750
 1-4 NB =       450.7400  1-4 EEL =      4647.6484  VDWAALS    =     12552.6280
 EELEC  =   -105411.4555  EHBOND  =         0.0000  RESTRAINT  =         0.0000
 ------------------------------------------------------------------------------


 NSTEP =     7500   TIME(PS) =      23.750  TEMP(K) =   300.26  PRESS =     0.0
 Etot   =    -51670.7483  EKtot   =     20657.4883  EPtot      =    -72328.2366
 BOND   =     12951.3687  ANGLE   =      1057.8394  DIHED      =      1351.8137
 1-4 NB =       445.8487  1-4 EEL =      4659.1267  VDWAALS    =     12474.7018
 EELEC  =   -105268.9356  EHBOND  =         0.0000  RESTRAINT  =         0.0000
 ------------------------------------------------------------------------------

check COM velocity, temp:        0.000003     0.00(Removed)

 NSTEP =     8000   TIME(PS) =      24.000  TEMP(K) =   301.42  PRESS =     0.0
 Etot   =    -51673.4211  EKtot   =     20737.7910  EPtot      =    -72411.2121
 BOND   =     12812.6355  ANGLE   =      1059.6848  DIHED      =      1340.2564
 1-4 NB =       446.2560  1-4 EEL =      4621.0427  VDWAALS    =     12773.3780
 EELEC  =   -105464.4656  EHBOND  =         0.0000  RESTRAINT  =         0.0000
 ------------------------------------------------------------------------------


 NSTEP =     8500   TIME(PS) =      24.250  TEMP(K) =   303.36  PRESS =     0.0
 Etot   =    -51672.2887  EKtot   =     20870.9590  EPtot      =    -72543.2477
 BOND   =     12826.9020  ANGLE   =      1057.2686  DIHED      =      1320.1663
 1-4 NB =       438.6923  1-4 EEL =      4648.7175  VDWAALS    =     12619.3322
 EELEC  =   -105454.3266  EHBOND  =         0.0000  RESTRAINT  =         0.0000
 ------------------------------------------------------------------------------

check COM velocity, temp:        0.000001     0.00(Removed)

 NSTEP =     9000   TIME(PS) =      24.500  TEMP(K) =   303.92  PRESS =     0.0
 Etot   =    -51673.2077  EKtot   =     20909.2344  EPtot      =    -72582.4421
 BOND   =     12876.4065  ANGLE   =      1057.1647  DIHED      =      1327.8240
 1-4 NB =       443.8676  1-4 EEL =      4625.5936  VDWAALS    =     12744.0300
 EELEC  =   -105657.3285  EHBOND  =         0.0000  RESTRAINT  =         0.0000
 ------------------------------------------------------------------------------


 NSTEP =     9500   TIME(PS) =      24.750  TEMP(K) =   302.45  PRESS =     0.0
 Etot   =    -51670.8410  EKtot   =     20808.3320  EPtot      =    -72479.1731
 BOND   =     12898.6224  ANGLE   =      1019.5972  DIHED      =      1347.7422
 1-4 NB =       453.2556  1-4 EEL =      4625.1802  VDWAALS    =     12726.1256
 EELEC  =   -105549.6963  EHBOND  =         0.0000  RESTRAINT  =         0.0000
 ------------------------------------------------------------------------------

check COM velocity, temp:        0.000003     0.00(Removed)

 NSTEP =    10000   TIME(PS) =      25.000  TEMP(K) =   301.97  PRESS =     0.0
 Etot   =    -51669.9866  EKtot   =     20775.3906  EPtot      =    -72445.3772
 BOND   =     12802.5208  ANGLE   =      1036.3327  DIHED      =      1312.7868
 1-4 NB =       440.7759  1-4 EEL =      4634.2982  VDWAALS    =     12651.4033
 EELEC  =   -105323.4948  EHBOND  =         0.0000  RESTRAINT  =         0.0000
 ------------------------------------------------------------------------------


 NSTEP =    10500   TIME(PS) =      25.250  TEMP(K) =   302.60  PRESS =     0.0
 Etot   =    -51676.7134  EKtot   =     20818.7676  EPtot      =    -72495.4810
 BOND   =     12772.7568  ANGLE   =      1075.4651  DIHED      =      1331.2456
 1-4 NB =       452.5159  1-4 EEL =      4634.8043  VDWAALS    =     12817.0234
 EELEC  =   -105579.2922  EHBOND  =         0.0000  RESTRAINT  =         0.0000
 ------------------------------------------------------------------------------

check COM velocity, temp:        0.000007     0.00(Removed)

 NSTEP =    11000   TIME(PS) =      25.500  TEMP(K) =   302.28  PRESS =     0.0
 Etot   =    -51670.7879  EKtot   =     20796.6328  EPtot      =    -72467.4207
 BOND   =     13008.2302  ANGLE   =      1011.9692  DIHED      =      1326.5817
 1-4 NB =       443.8540  1-4 EEL =      4633.8868  VDWAALS    =     12704.8857
 EELEC  =   -105596.8283  EHBOND  =         0.0000  RESTRAINT  =         0.0000
 ------------------------------------------------------------------------------


 NSTEP =    11500   TIME(PS) =      25.750  TEMP(K) =   300.95  PRESS =     0.0
 Etot   =    -51669.3403  EKtot   =     20705.4277  EPtot      =    -72374.7681
 BOND   =     13001.5754  ANGLE   =      1098.1513  DIHED      =      1320.5789
 1-4 NB =       457.8406  1-4 EEL =      4630.4769  VDWAALS    =     12616.3081
 EELEC  =   -105499.6993  EHBOND  =         0.0000  RESTRAINT  =         0.0000
 ------------------------------------------------------------------------------

check COM velocity, temp:        0.000004     0.00(Removed)

 NSTEP =    12000   TIME(PS) =      26.000  TEMP(K) =   302.22  PRESS =     0.0
 Etot   =    -51675.1492  EKtot   =     20792.7930  EPtot      =    -72467.9422
 BOND   =     12758.7260  ANGLE   =      1059.3118  DIHED      =      1347.7411
 1-4 NB =       441.7123  1-4 EEL =      4614.8604  VDWAALS    =     12654.8694
 EELEC  =   -105345.1632  EHBOND  =         0.0000  RESTRAINT  =         0.0000
 ------------------------------------------------------------------------------


 NSTEP =    12500   TIME(PS) =      26.250  TEMP(K) =   301.73  PRESS =     0.0
 Etot   =    -51671.9306  EKtot   =     20758.8281  EPtot      =    -72430.7587
 BOND   =     12882.5081  ANGLE   =      1040.0225  DIHED      =      1330.3733
 1-4 NB =       441.0433  1-4 EEL =      4621.9563  VDWAALS    =     12601.6032
 EELEC  =   -105348.2654  EHBOND  =         0.0000  RESTRAINT  =         0.0000
 ------------------------------------------------------------------------------

check COM velocity, temp:        0.000007     0.00(Removed)

 NSTEP =    13000   TIME(PS) =      26.500  TEMP(K) =   302.56  PRESS =     0.0
 Etot   =    -51674.5582  EKtot   =     20815.9434  EPtot      =    -72490.5016
 BOND   =     12821.3733  ANGLE   =      1035.4122  DIHED      =      1340.7358
 1-4 NB =       438.4343  1-4 EEL =      4607.6393  VDWAALS    =     12751.7112
 EELEC  =   -105485.8077  EHBOND  =         0.0000  RESTRAINT  =         0.0000
 ------------------------------------------------------------------------------


 NSTEP =    13500   TIME(PS) =      26.750  TEMP(K) =   302.01  PRESS =     0.0
 Etot   =    -51670.9656  EKtot   =     20777.8125  EPtot      =    -72448.7781
 BOND   =     12909.2248  ANGLE   =      1044.5417  DIHED      =      1321.7214
 1-4 NB =       465.1189  1-4 EEL =      4628.3249  VDWAALS    =     12816.1888
 EELEC  =   -105633.8987  EHBOND  =         0.0000  RESTRAINT  =         0.0000
 ------------------------------------------------------------------------------

check COM velocity, temp:        0.000010     0.00(Removed)

 NSTEP =    14000   TIME(PS) =      27.000  TEMP(K) =   304.06  PRESS =     0.0
 Etot   =    -51675.1229  EKtot   =     20918.9082  EPtot      =    -72594.0311
 BOND   =     12769.3616  ANGLE   =      1024.5422  DIHED      =      1308.9405
 1-4 NB =       450.4497  1-4 EEL =      4632.2914  VDWAALS    =     12838.2655
 EELEC  =   -105617.8821  EHBOND  =         0.0000  RESTRAINT  =         0.0000
 ------------------------------------------------------------------------------


 NSTEP =    14500   TIME(PS) =      27.250  TEMP(K) =   303.18  PRESS =     0.0
 Etot   =    -51674.1157  EKtot   =     20858.7461  EPtot      =    -72532.8618
 BOND   =     12704.4726  ANGLE   =      1004.6414  DIHED      =      1343.0991
 1-4 NB =       451.6426  1-4 EEL =      4662.4329  VDWAALS    =     12737.2602
 EELEC  =   -105436.4107  EHBOND  =         0.0000  RESTRAINT  =         0.0000
 ------------------------------------------------------------------------------

check COM velocity, temp:        0.000011     0.00(Removed)

 NSTEP =    15000   TIME(PS) =      27.500  TEMP(K) =   302.29  PRESS =     0.0
 Etot   =    -51675.8715  EKtot   =     20797.7539  EPtot      =    -72473.6254
 BOND   =     12601.4635  ANGLE   =      1051.3606  DIHED      =      1325.1996
 1-4 NB =       447.3927  1-4 EEL =      4640.9117  VDWAALS    =     12572.2162
 EELEC  =   -105112.1698  EHBOND  =         0.0000  RESTRAINT  =         0.0000
 ------------------------------------------------------------------------------


 NSTEP =    15500   TIME(PS) =      27.750  TEMP(K) =   303.83  PRESS =     0.0
 Etot   =    -51675.6096  EKtot   =     20903.4492  EPtot      =    -72579.0588
 BOND   =     12976.8107  ANGLE   =       988.3643  DIHED      =      1351.2004
 1-4 NB =       433.8866  1-4 EEL =      4623.9122  VDWAALS    =     12804.7525
 EELEC  =   -105757.9856  EHBOND  =         0.0000  RESTRAINT  =         0.0000
 ------------------------------------------------------------------------------

check COM velocity, temp:        0.000003     0.00(Removed)

 NSTEP =    16000   TIME(PS) =      28.000  TEMP(K) =   303.72  PRESS =     0.0
 Etot   =    -51674.2509  EKtot   =     20895.5801  EPtot      =    -72569.8310
 BOND   =     12880.3838  ANGLE   =      1012.4213  DIHED      =      1325.6248
 1-4 NB =       436.3837  1-4 EEL =      4653.9672  VDWAALS    =     12567.6859
 EELEC  =   -105446.2977  EHBOND  =         0.0000  RESTRAINT  =         0.0000
 ------------------------------------------------------------------------------


 NSTEP =    16500   TIME(PS) =      28.250  TEMP(K) =   303.39  PRESS =     0.0
 Etot   =    -51672.8654  EKtot   =     20872.8125  EPtot      =    -72545.6779
 BOND   =     12841.3080  ANGLE   =      1057.9944  DIHED      =      1337.8843
 1-4 NB =       434.5126  1-4 EEL =      4595.9011  VDWAALS    =     12683.5380
 EELEC  =   -105496.8162  EHBOND  =         0.0000  RESTRAINT  =         0.0000
 ------------------------------------------------------------------------------

check COM velocity, temp:        0.000003     0.00(Removed)

 NSTEP =    17000   TIME(PS) =      28.500  TEMP(K) =   301.72  PRESS =     0.0
 Etot   =    -51671.6734  EKtot   =     20758.5332  EPtot      =    -72430.2066
 BOND   =     12897.1707  ANGLE   =      1053.3987  DIHED      =      1328.5737
 1-4 NB =       443.1647  1-4 EEL =      4651.3495  VDWAALS    =     12735.1605
 EELEC  =   -105539.0246  EHBOND  =         0.0000  RESTRAINT  =         0.0000
 ------------------------------------------------------------------------------


 NSTEP =    17500   TIME(PS) =      28.750  TEMP(K) =   300.54  PRESS =     0.0
 Etot   =    -51670.9289  EKtot   =     20677.1562  EPtot      =    -72348.0851
 BOND   =     12903.5375  ANGLE   =      1025.2369  DIHED      =      1338.3886
 1-4 NB =       434.4507  1-4 EEL =      4649.1550  VDWAALS    =     12398.0211
 EELEC  =   -105096.8751  EHBOND  =         0.0000  RESTRAINT  =         0.0000
 ------------------------------------------------------------------------------

check COM velocity, temp:        0.000007     0.00(Removed)

 NSTEP =    18000   TIME(PS) =      29.000  TEMP(K) =   300.85  PRESS =     0.0
 Etot   =    -51670.8754  EKtot   =     20698.3770  EPtot      =    -72369.2523
 BOND   =     12922.2900  ANGLE   =      1022.7182  DIHED      =      1342.4249
 1-4 NB =       450.6841  1-4 EEL =      4638.9602  VDWAALS    =     12489.0877
 EELEC  =   -105235.4174  EHBOND  =         0.0000  RESTRAINT  =         0.0000
 ------------------------------------------------------------------------------


 NSTEP =    18500   TIME(PS) =      29.250  TEMP(K) =   300.22  PRESS =     0.0
 Etot   =    -51671.5415  EKtot   =     20655.0742  EPtot      =    -72326.6157
 BOND   =     12865.4027  ANGLE   =      1037.7438  DIHED      =      1336.6699
 1-4 NB =       436.4718  1-4 EEL =      4639.0519  VDWAALS    =     12620.4731
 EELEC  =   -105262.4289  EHBOND  =         0.0000  RESTRAINT  =         0.0000
 ------------------------------------------------------------------------------

check COM velocity, temp:        0.000006     0.00(Removed)

 NSTEP =    19000   TIME(PS) =      29.500  TEMP(K) =   303.48  PRESS =     0.0
 Etot   =    -51672.3038  EKtot   =     20879.2832  EPtot      =    -72551.5870
 BOND   =     12875.4558  ANGLE   =      1019.2237  DIHED      =      1321.6427
 1-4 NB =       440.9159  1-4 EEL =      4588.8658  VDWAALS    =     12498.9143
 EELEC  =   -105296.6052  EHBOND  =         0.0000  RESTRAINT  =         0.0000
 ------------------------------------------------------------------------------


 NSTEP =    19500   TIME(PS) =      29.750  TEMP(K) =   301.84  PRESS =     0.0
 Etot   =    -51667.5810  EKtot   =     20766.6445  EPtot      =    -72434.2255
 BOND   =     12828.3283  ANGLE   =      1044.4727  DIHED      =      1324.2097
 1-4 NB =       472.5977  1-4 EEL =      4666.9175  VDWAALS    =     12799.2123
 EELEC  =   -105569.9636  EHBOND  =         0.0000  RESTRAINT  =         0.0000
 ------------------------------------------------------------------------------

check COM velocity, temp:        0.000008     0.00(Removed)

 NSTEP =    20000   TIME(PS) =      30.000  TEMP(K) =   300.17  PRESS =     0.0
 Etot   =    -51672.6384  EKtot   =     20651.9043  EPtot      =    -72324.5427
 BOND   =     12890.0591  ANGLE   =      1038.4666  DIHED      =      1333.6630
 1-4 NB =       436.2683  1-4 EEL =      4601.6421  VDWAALS    =     12480.1138
 EELEC  =   -105104.7555  EHBOND  =         0.0000  RESTRAINT  =         0.0000
 ------------------------------------------------------------------------------


      A V E R A G E S   O V E R      40 S T E P S


 NSTEP =    20000   TIME(PS) =      30.000  TEMP(K) =   302.35  PRESS =     0.0
 Etot   =    -51672.8021  EKtot   =     20801.8743  EPtot      =    -72474.6764
 BOND   =     12828.1628  ANGLE   =      1041.2587  DIHED      =      1330.4701
 1-4 NB =       445.5223  1-4 EEL =      4629.3186  VDWAALS    =     12682.9766
 EELEC  =   -105432.3855  EHBOND  =         0.0000  RESTRAINT  =         0.0000
 ------------------------------------------------------------------------------


      R M S  F L U C T U A T I O N S


 NSTEP =    20000   TIME(PS) =      30.000  TEMP(K) =     1.12  PRESS =     0.0
 Etot   =         2.5567  EKtot   =        77.3760  EPtot      =        78.6280
 BOND   =        98.1145  ANGLE   =        22.3603  DIHED      =        12.0756
 1-4 NB =         9.0747  1-4 EEL =        23.9567  VDWAALS    =       145.9702
 EELEC  =       174.0137  EHBOND  =         0.0000  RESTRAINT  =         0.0000
|E(PBS) =         0.5164
 ------------------------------------------------------------------------------

--------------------------------------------------------------------------------
   5.  TIMINGS
--------------------------------------------------------------------------------

|  NonSetup CPU Time in Major Routines:
|
|     Routine           Sec        %
|     ------------------------------
|     Nonbond           4.25   10.92
|     Bond              0.00    0.00
|     Angle             0.00    0.00
|     Dihedral          0.00    0.00
|     Shake             0.00    0.00
|     RunMD            34.61   89.00
|     Other             0.03    0.07
|     ------------------------------
|     Total            38.89

|  PME Nonbond Pairlist CPU Time:
|
|     Routine              Sec        %
|     ---------------------------------
|     Set Up Cit           0.00    0.00
|     Build List           0.00    0.00
|     ---------------------------------
|     Total                0.00    0.00

|  PME Direct Force CPU Time:
|
|     Routine              Sec        %
|     ---------------------------------
|     NonBonded Calc       0.00    0.00
|     Exclude Masked       0.00    0.00
|     Other                0.02    0.04
|     ---------------------------------
|     Total                0.02    0.04

|  PME Reciprocal Force CPU Time:
|
|     Routine              Sec        %
|     ---------------------------------
|     1D bspline           0.00    0.00
|     Grid Charges         0.00    0.00
|     Scalar Sum           0.00    0.00
|     Gradient Sum         0.00    0.00
|     FFT                  0.00    0.00
|     ---------------------------------
|     Total                0.00    0.00

|  Final Performance Info:
|     -----------------------------------------------------
|     Average timings for last   19500 steps:
|     Elapsed(s) =      41.10 Per Step(ms) =       2.11
|         ns/day =      20.50   seconds/ns =    4215.03
|
|     Average timings for all steps:
|     Elapsed(s) =      42.00 Per Step(ms) =       2.10
|         ns/day =      20.57   seconds/ns =    4200.09
|     -----------------------------------------------------

|  Setup CPU time:            2.86 seconds
|  NonSetup CPU time:        38.89 seconds
|  Total CPU time:           41.75 seconds     0.01 hours

|  Setup wall time:           3    seconds
|  NonSetup wall time:       42    seconds
|  Total wall time:          45    seconds     0.01 hours
