
          -------------------------------------------------------
          Amber 16 PMEMD                              2016
          -------------------------------------------------------

| PMEMD implementation of SANDER, Release 16

| Run on 08/24/2017 at 13:03:35

|   Executable path: /apps/amber16/bin/pmemd.cuda
| Working directory: /scratch/pbarletta/pdz/run/lb/neq/data/3
|          Hostname: mordor

  [-O]verwriting output

File Assignments:
|   MDIN: pdt.in                                                                
|  MDOUT: 208plb_3.out                                                          
| INPCRD: ../2/208plb_2.rst7                                                    
|   PARM: /scratch/pbarletta/pdz/top_files/lb.prmtop                            
| RESTRT: 208plb_3.rst7                                                         
|   REFC: refc                                                                  
|  MDVEL: mdvel                                                                 
|   MDEN: mden                                                                  
|  MDCRD: 208plb_3.nc                                                           
| MDINFO: mdinfo                                                                
|  MDFRC: mdfrc                                                                 


 Here is the input file:

!NVE run                                                                       
&cntrl                                                                         
imin = 0,                           ! No Minimization                          
nmropt = 0,                         ! No NMR restraints read                   
                                                                               
! Nature and format of the input                                               
ntx = 5,                            ! Coordinates and velocities will be read  
irest = 1,                          ! Do not run a new simulation              
                                                                               
! Nature and format of the output                                              
ioutfm = 1,			    ! NetCDF format for output files                             
ntxo = 1,                           ! rstrt file in ASCII format               
ntpr = 500,                         ! inf in output every ntpr steps           
ntwr = 500,                         ! rstrt file every ntwr steps              
ntwx = 20,                          ! mdcrd file every ntwx steps              
ntwv = -1,                          ! mdvel without velocities                 
ntwe = 0,                           ! Energies and temperatures not written in 
idecomp = 0,                        ! No energy decomposition                  
iwrap = 1,                          ! Coordinates of the restart and mdcrd file
                                                                               
! Frozen or restrained atoms                                                   
ibelly = 0,                         ! No frozen atoms                          
ntr=0,                              ! Harmonic potential restraints            
                                                                               
! Molecular dynamics                                                           
nstlim = 20000,                     ! Number of MD-steps                       
dt = 0.0005,                        ! Time step                                
                                                                               
! Temperature regulation                                                       
ntt = 0,                            ! Constant total energy                    
                                                                               
! P and V regulation                                                           
ntp = 0,                            ! No P control                             
ntb = 1,                            ! constant V                               
                                                                               
! SHAKE variables                                                              
ntc = 1,                            ! Bonds involving H are constrained        
ntf = 1,                            ! Bond interaction involving H are ommited.
                                                                               
cut = 9.0,                          ! Nonbonded cutoff                         
/                                                                              
&end                                                                           


Note: ig = -1. Setting random seed to   110353 based on wallclock time in 
      microseconds.
| irandom = 1, using AMBER's internal random number generator (default).
 
|--------------------- INFORMATION ----------------------
| GPU (CUDA) Version of PMEMD in use: NVIDIA GPU IN USE.
|                    Version 16.0.0
| 
|                      02/25/2016
| 
| Implementation by:
|                    Ross C. Walker     (SDSC)
|                    Scott Le Grand     (nVIDIA)
| 
| Precision model in use:
|      [SPFP] - Single Precision Forces, 64-bit Fixed Point
|               Accumulation. (Default)
| 
|--------------------------------------------------------
 
|----------------- CITATION INFORMATION -----------------
|
|    When publishing work that utilized the CUDA version
|    of AMBER, please cite the following in addition to
|    the regular AMBER citations:
|
|  - Romelia Salomon-Ferrer; Andreas W. Goetz; Duncan
|    Poole; Scott Le Grand; Ross C. Walker "Routine
|    microsecond molecular dynamics simulations with
|    AMBER - Part II: Particle Mesh Ewald", J. Chem.
|    Theory Comput., 2013, 9 (9), pp3878-3888,
|    DOI: 10.1021/ct400314y.
|
|  - Andreas W. Goetz; Mark J. Williamson; Dong Xu;
|    Duncan Poole; Scott Le Grand; Ross C. Walker
|    "Routine microsecond molecular dynamics simulations
|    with AMBER - Part I: Generalized Born", J. Chem.
|    Theory Comput., 2012, 8 (5), pp1542-1555.
|
|  - Scott Le Grand; Andreas W. Goetz; Ross C. Walker
|    "SPFP: Speed without compromise - a mixed precision
|    model for GPU accelerated molecular dynamics
|    simulations.", Comp. Phys. Comm., 2013, 184
|    pp374-380, DOI: 10.1016/j.cpc.2012.09.022
|
|--------------------------------------------------------
 
|------------------- GPU DEVICE INFO --------------------
|
|            CUDA_VISIBLE_DEVICES: 1
|   CUDA Capable Devices Detected:      1
|           CUDA Device ID in use:      0
|                CUDA Device Name: GeForce GTX TITAN
|     CUDA Device Global Mem Size:   6082 MB
| CUDA Device Num Multiprocessors:     14
|           CUDA Device Core Freq:   0.93 GHz
|
|--------------------------------------------------------
 
 
| Conditional Compilation Defines Used:
| PUBFFT
| BINTRAJ
| CUDA
| EMIL

| Largest sphere to fit in unit cell has radius =    26.281

| New format PARM file being parsed.
| Version =    1.000 Date = 09/04/12 Time = 16:08:43

| Note: 1-4 EEL scale factors are being read from the topology file.

| Note: 1-4 VDW scale factors are being read from the topology file.
| Duplicated    0 dihedrals

| Duplicated    0 dihedrals

--------------------------------------------------------------------------------
   1.  RESOURCE   USE: 
--------------------------------------------------------------------------------

 getting new box info from bottom of inpcrd
 NATOM  =   23082 NTYPES =      16 NBONH =   22055 MBONA  =    1038
 NTHETH =    2390 MTHETA =    1396 NPHIH =    4631 MPHIA  =    3488
 NHPARM =       0 NPARM  =       0 NNB   =   39434 NRES   =    7134
 NBONA  =    1038 NTHETA =    1396 NPHIA =    3488 NUMBND =      41
 NUMANG =      86 NPTRA  =      41 NATYP =      28 NPHB   =       1
 IFBOX  =       1 NMXRS  =      24 IFCAP =       0 NEXTRA =       0
 NCOPY  =       0

| Coordinate Index Table dimensions:    12   14   10
| Direct force subcell size =     5.0212    5.2012    5.2562

     BOX TYPE: RECTILINEAR

--------------------------------------------------------------------------------
   2.  CONTROL  DATA  FOR  THE  RUN
--------------------------------------------------------------------------------

default_name                                                                    

General flags:
     imin    =       0, nmropt  =       0

Nature and format of input:
     ntx     =       5, irest   =       1, ntrx    =       1

Nature and format of output:
     ntxo    =       1, ntpr    =     500, ntrx    =       1, ntwr    =     500
     iwrap   =       1, ntwx    =      20, ntwv    =      -1, ntwe    =       0
     ioutfm  =       1, ntwprt  =       0, idecomp =       0, rbornstat=      0

Potential function:
     ntf     =       1, ntb     =       1, igb     =       0, nsnb    =      25
     ipol    =       0, gbsa    =       0, iesp    =       0
     dielc   =   1.00000, cut     =   9.00000, intdiel =   1.00000

Frozen or restrained atoms:
     ibelly  =       0, ntr     =       0

Molecular dynamics:
     nstlim  =     20000, nscm    =      1000, nrespa  =         1
     t       =   0.00000, dt      =   0.00050, vlimit  =  -1.00000

| Intermolecular bonds treatment:
|     no_intermolecular_bonds =       1

| Energy averages sample interval:
|     ene_avg_sampling =     500

Ewald parameters:
     verbose =       0, ew_type =       0, nbflag  =       1, use_pme =       1
     vdwmeth =       1, eedmeth =       1, netfrc  =       1
     Box X =   60.254   Box Y =   72.816   Box Z =   52.562
     Alpha =   90.000   Beta  =   90.000   Gamma =   90.000
     NFFT1 =   64       NFFT2 =   80       NFFT3 =   56
     Cutoff=    9.000   Tol   =0.100E-04
     Ewald Coefficient =  0.30768
     Interpolation order =    4

--------------------------------------------------------------------------------
   3.  ATOMIC COORDINATES AND VELOCITIES
--------------------------------------------------------------------------------

default_name                                                                    
 begin time read from input coords =    20.000 ps

 
 Number of triangulated 3-point waters found:     7002

     Sum of charges from parm topology file =  -0.00000008
     Forcing neutrality...

| Dynamic Memory, Types Used:
| Reals              710578
| Integers           737140

| Nonbonded Pairs Initial Allocation:     5262696

| GPU memory information (estimate):
| KB of GPU memory in use:     63171
| KB of CPU memory in use:     27891

--------------------------------------------------------------------------------
   4.  RESULTS
--------------------------------------------------------------------------------

 ---------------------------------------------------
 APPROXIMATING switch and d/dx switch using CUBIC SPLINE INTERPOLATION
 using   5000.0 points per unit in tabled values
 TESTING RELATIVE ERROR over r ranging from 0.0 to cutoff
| CHECK switch(x): max rel err =   0.2738E-14   at   2.422500
| CHECK d/dx switch(x): max rel err =   0.8314E-11   at   2.736960
 ---------------------------------------------------
|---------------------------------------------------
| APPROXIMATING direct energy using CUBIC SPLINE INTERPOLATION
|  with   50.0 points per unit in tabled values
| Relative Error Limit not exceeded for r .gt.   2.39
| APPROXIMATING direct force using CUBIC SPLINE INTERPOLATION
|  with   50.0 points per unit in tabled values
| Relative Error Limit not exceeded for r .gt.   2.84
|---------------------------------------------------

 NSTEP =      500   TIME(PS) =      20.250  TEMP(K) =   298.69  PRESS =     0.0
 Etot   =    -51965.9956  EKtot   =     20549.7188  EPtot      =    -72515.7143
 BOND   =     12833.9437  ANGLE   =      1033.6407  DIHED      =      1317.5484
 1-4 NB =       439.0026  1-4 EEL =      4658.3021  VDWAALS    =     12740.9525
 EELEC  =   -105539.1043  EHBOND  =         0.0000  RESTRAINT  =         0.0000
 ------------------------------------------------------------------------------

check COM velocity, temp:        0.002957     0.01(Removed)

 NSTEP =     1000   TIME(PS) =      20.500  TEMP(K) =   300.50  PRESS =     0.0
 Etot   =    -51968.1774  EKtot   =     20673.9922  EPtot      =    -72642.1696
 BOND   =     12922.5484  ANGLE   =      1033.0502  DIHED      =      1332.4801
 1-4 NB =       434.9148  1-4 EEL =      4607.4947  VDWAALS    =     12592.8502
 EELEC  =   -105565.5080  EHBOND  =         0.0000  RESTRAINT  =         0.0000
 ------------------------------------------------------------------------------


 NSTEP =     1500   TIME(PS) =      20.750  TEMP(K) =   299.70  PRESS =     0.0
 Etot   =    -51969.1899  EKtot   =     20619.5156  EPtot      =    -72588.7055
 BOND   =     12835.2310  ANGLE   =      1050.7342  DIHED      =      1334.3463
 1-4 NB =       446.7382  1-4 EEL =      4657.2363  VDWAALS    =     12647.0769
 EELEC  =   -105560.0685  EHBOND  =         0.0000  RESTRAINT  =         0.0000
 ------------------------------------------------------------------------------

check COM velocity, temp:        0.000005     0.00(Removed)

 NSTEP =     2000   TIME(PS) =      21.000  TEMP(K) =   301.32  PRESS =     0.0
 Etot   =    -51968.3487  EKtot   =     20730.5625  EPtot      =    -72698.9112
 BOND   =     12785.4458  ANGLE   =       993.5908  DIHED      =      1338.2908
 1-4 NB =       447.3899  1-4 EEL =      4621.0779  VDWAALS    =     12713.0865
 EELEC  =   -105597.7929  EHBOND  =         0.0000  RESTRAINT  =         0.0000
 ------------------------------------------------------------------------------


 NSTEP =     2500   TIME(PS) =      21.250  TEMP(K) =   302.18  PRESS =     0.0
 Etot   =    -51965.3188  EKtot   =     20789.7305  EPtot      =    -72755.0493
 BOND   =     12842.7234  ANGLE   =      1034.2306  DIHED      =      1319.0477
 1-4 NB =       432.6175  1-4 EEL =      4632.6202  VDWAALS    =     12608.7594
 EELEC  =   -105625.0480  EHBOND  =         0.0000  RESTRAINT  =         0.0000
 ------------------------------------------------------------------------------

check COM velocity, temp:        0.000004     0.00(Removed)

 NSTEP =     3000   TIME(PS) =      21.500  TEMP(K) =   300.45  PRESS =     0.0
 Etot   =    -51968.8214  EKtot   =     20670.6777  EPtot      =    -72639.4991
 BOND   =     12727.0802  ANGLE   =      1018.2205  DIHED      =      1319.7897
 1-4 NB =       444.5873  1-4 EEL =      4667.8494  VDWAALS    =     12719.9185
 EELEC  =   -105536.9447  EHBOND  =         0.0000  RESTRAINT  =         0.0000
 ------------------------------------------------------------------------------


 NSTEP =     3500   TIME(PS) =      21.750  TEMP(K) =   298.08  PRESS =     0.0
 Etot   =    -51967.0330  EKtot   =     20507.6445  EPtot      =    -72474.6775
 BOND   =     12723.7157  ANGLE   =      1044.3549  DIHED      =      1344.8161
 1-4 NB =       434.6803  1-4 EEL =      4656.9980  VDWAALS    =     12649.2799
 EELEC  =   -105328.5224  EHBOND  =         0.0000  RESTRAINT  =         0.0000
 ------------------------------------------------------------------------------

check COM velocity, temp:        0.000003     0.00(Removed)

 NSTEP =     4000   TIME(PS) =      22.000  TEMP(K) =   300.95  PRESS =     0.0
 Etot   =    -51969.2051  EKtot   =     20705.3301  EPtot      =    -72674.5351
 BOND   =     12622.7909  ANGLE   =      1006.0953  DIHED      =      1319.7213
 1-4 NB =       437.6989  1-4 EEL =      4663.7690  VDWAALS    =     12595.1297
 EELEC  =   -105319.7403  EHBOND  =         0.0000  RESTRAINT  =         0.0000
 ------------------------------------------------------------------------------


 NSTEP =     4500   TIME(PS) =      22.250  TEMP(K) =   301.81  PRESS =     0.0
 Etot   =    -51969.2114  EKtot   =     20764.5566  EPtot      =    -72733.7681
 BOND   =     12694.3621  ANGLE   =      1063.6894  DIHED      =      1308.1242
 1-4 NB =       434.7045  1-4 EEL =      4650.9001  VDWAALS    =     12780.9138
 EELEC  =   -105666.4622  EHBOND  =         0.0000  RESTRAINT  =         0.0000
 ------------------------------------------------------------------------------

check COM velocity, temp:        0.000006     0.00(Removed)

 NSTEP =     5000   TIME(PS) =      22.500  TEMP(K) =   300.67  PRESS =     0.0
 Etot   =    -51966.4627  EKtot   =     20685.9668  EPtot      =    -72652.4295
 BOND   =     12746.3375  ANGLE   =      1065.2689  DIHED      =      1308.4691
 1-4 NB =       441.5365  1-4 EEL =      4619.4754  VDWAALS    =     12563.7541
 EELEC  =   -105397.2711  EHBOND  =         0.0000  RESTRAINT  =         0.0000
 ------------------------------------------------------------------------------


 NSTEP =     5500   TIME(PS) =      22.750  TEMP(K) =   300.86  PRESS =     0.0
 Etot   =    -51970.4429  EKtot   =     20699.2949  EPtot      =    -72669.7379
 BOND   =     12693.0231  ANGLE   =      1022.8336  DIHED      =      1336.1843
 1-4 NB =       444.6291  1-4 EEL =      4672.6529  VDWAALS    =     12763.6902
 EELEC  =   -105602.7511  EHBOND  =         0.0000  RESTRAINT  =         0.0000
 ------------------------------------------------------------------------------

check COM velocity, temp:        0.000009     0.00(Removed)

 NSTEP =     6000   TIME(PS) =      23.000  TEMP(K) =   302.14  PRESS =     0.0
 Etot   =    -51969.1997  EKtot   =     20787.1426  EPtot      =    -72756.3423
 BOND   =     12757.3171  ANGLE   =      1081.9161  DIHED      =      1322.4459
 1-4 NB =       436.8209  1-4 EEL =      4634.7476  VDWAALS    =     12675.3269
 EELEC  =   -105664.9167  EHBOND  =         0.0000  RESTRAINT  =         0.0000
 ------------------------------------------------------------------------------


 NSTEP =     6500   TIME(PS) =      23.250  TEMP(K) =   299.24  PRESS =     0.0
 Etot   =    -51968.7871  EKtot   =     20587.6875  EPtot      =    -72556.4746
 BOND   =     12749.2105  ANGLE   =      1044.8369  DIHED      =      1347.9984
 1-4 NB =       447.6146  1-4 EEL =      4671.7089  VDWAALS    =     12587.8052
 EELEC  =   -105405.6491  EHBOND  =         0.0000  RESTRAINT  =         0.0000
 ------------------------------------------------------------------------------

check COM velocity, temp:        0.000005     0.00(Removed)

 NSTEP =     7000   TIME(PS) =      23.500  TEMP(K) =   302.47  PRESS =     0.0
 Etot   =    -51967.4852  EKtot   =     20810.1445  EPtot      =    -72777.6297
 BOND   =     12919.6772  ANGLE   =      1029.8486  DIHED      =      1339.4951
 1-4 NB =       436.3003  1-4 EEL =      4659.9473  VDWAALS    =     12831.7839
 EELEC  =   -105994.6821  EHBOND  =         0.0000  RESTRAINT  =         0.0000
 ------------------------------------------------------------------------------


 NSTEP =     7500   TIME(PS) =      23.750  TEMP(K) =   299.26  PRESS =     0.0
 Etot   =    -51967.6063  EKtot   =     20589.0801  EPtot      =    -72556.6864
 BOND   =     12834.3865  ANGLE   =      1045.9542  DIHED      =      1316.5048
 1-4 NB =       433.3405  1-4 EEL =      4626.2249  VDWAALS    =     12703.1417
 EELEC  =   -105516.2391  EHBOND  =         0.0000  RESTRAINT  =         0.0000
 ------------------------------------------------------------------------------

check COM velocity, temp:        0.000007     0.00(Removed)

 NSTEP =     8000   TIME(PS) =      24.000  TEMP(K) =   300.34  PRESS =     0.0
 Etot   =    -51971.5312  EKtot   =     20663.5508  EPtot      =    -72635.0820
 BOND   =     12729.5487  ANGLE   =       994.0023  DIHED      =      1330.4593
 1-4 NB =       443.9376  1-4 EEL =      4656.3912  VDWAALS    =     12987.0027
 EELEC  =   -105776.4237  EHBOND  =         0.0000  RESTRAINT  =         0.0000
 ------------------------------------------------------------------------------


 NSTEP =     8500   TIME(PS) =      24.250  TEMP(K) =   300.45  PRESS =     0.0
 Etot   =    -51972.5939  EKtot   =     20671.1250  EPtot      =    -72643.7189
 BOND   =     12717.7191  ANGLE   =      1030.0008  DIHED      =      1330.1191
 1-4 NB =       447.5060  1-4 EEL =      4651.4551  VDWAALS    =     12688.0777
 EELEC  =   -105508.5966  EHBOND  =         0.0000  RESTRAINT  =         0.0000
 ------------------------------------------------------------------------------

check COM velocity, temp:        0.000004     0.00(Removed)

 NSTEP =     9000   TIME(PS) =      24.500  TEMP(K) =   299.57  PRESS =     0.0
 Etot   =    -51967.5685  EKtot   =     20610.3438  EPtot      =    -72577.9122
 BOND   =     12766.3981  ANGLE   =      1035.8397  DIHED      =      1327.1257
 1-4 NB =       439.6656  1-4 EEL =      4631.8308  VDWAALS    =     12730.0013
 EELEC  =   -105508.7734  EHBOND  =         0.0000  RESTRAINT  =         0.0000
 ------------------------------------------------------------------------------


 NSTEP =     9500   TIME(PS) =      24.750  TEMP(K) =   301.66  PRESS =     0.0
 Etot   =    -51970.0799  EKtot   =     20754.3770  EPtot      =    -72724.4568
 BOND   =     12753.6930  ANGLE   =      1057.8792  DIHED      =      1303.2946
 1-4 NB =       440.9551  1-4 EEL =      4641.0794  VDWAALS    =     12609.6538
 EELEC  =   -105531.0120  EHBOND  =         0.0000  RESTRAINT  =         0.0000
 ------------------------------------------------------------------------------

check COM velocity, temp:        0.000001     0.00(Removed)

 NSTEP =    10000   TIME(PS) =      25.000  TEMP(K) =   299.96  PRESS =     0.0
 Etot   =    -51968.3831  EKtot   =     20637.2500  EPtot      =    -72605.6331
 BOND   =     12843.7495  ANGLE   =      1056.1725  DIHED      =      1336.9910
 1-4 NB =       440.4478  1-4 EEL =      4624.4347  VDWAALS    =     12700.7892
 EELEC  =   -105608.2179  EHBOND  =         0.0000  RESTRAINT  =         0.0000
 ------------------------------------------------------------------------------


 NSTEP =    10500   TIME(PS) =      25.250  TEMP(K) =   302.84  PRESS =     0.0
 Etot   =    -51969.2811  EKtot   =     20835.4004  EPtot      =    -72804.6815
 BOND   =     12795.4216  ANGLE   =      1042.3733  DIHED      =      1328.9234
 1-4 NB =       444.8899  1-4 EEL =      4674.3660  VDWAALS    =     12805.2573
 EELEC  =   -105895.9129  EHBOND  =         0.0000  RESTRAINT  =         0.0000
 ------------------------------------------------------------------------------

check COM velocity, temp:        0.000009     0.00(Removed)

 NSTEP =    11000   TIME(PS) =      25.500  TEMP(K) =   299.53  PRESS =     0.0
 Etot   =    -51965.2196  EKtot   =     20607.6172  EPtot      =    -72572.8368
 BOND   =     12895.0930  ANGLE   =      1044.6031  DIHED      =      1347.2218
 1-4 NB =       443.1513  1-4 EEL =      4662.8172  VDWAALS    =     13208.4898
 EELEC  =   -106174.2130  EHBOND  =         0.0000  RESTRAINT  =         0.0000
 ------------------------------------------------------------------------------


 NSTEP =    11500   TIME(PS) =      25.750  TEMP(K) =   298.29  PRESS =     0.0
 Etot   =    -51962.8090  EKtot   =     20521.8887  EPtot      =    -72484.6976
 BOND   =     12801.5479  ANGLE   =      1046.1398  DIHED      =      1348.7114
 1-4 NB =       452.9890  1-4 EEL =      4670.0218  VDWAALS    =     12871.6840
 EELEC  =   -105675.7916  EHBOND  =         0.0000  RESTRAINT  =         0.0000
 ------------------------------------------------------------------------------

check COM velocity, temp:        0.000006     0.00(Removed)

 NSTEP =    12000   TIME(PS) =      26.000  TEMP(K) =   300.87  PRESS =     0.0
 Etot   =    -51968.9388  EKtot   =     20699.4668  EPtot      =    -72668.4056
 BOND   =     12687.3362  ANGLE   =      1063.3014  DIHED      =      1310.2072
 1-4 NB =       433.0671  1-4 EEL =      4608.5809  VDWAALS    =     12671.0569
 EELEC  =   -105441.9553  EHBOND  =         0.0000  RESTRAINT  =         0.0000
 ------------------------------------------------------------------------------


 NSTEP =    12500   TIME(PS) =      26.250  TEMP(K) =   300.48  PRESS =     0.0
 Etot   =    -51966.3872  EKtot   =     20672.6582  EPtot      =    -72639.0454
 BOND   =     12913.6291  ANGLE   =      1069.8956  DIHED      =      1325.1564
 1-4 NB =       444.1181  1-4 EEL =      4659.6571  VDWAALS    =     12639.8875
 EELEC  =   -105691.3892  EHBOND  =         0.0000  RESTRAINT  =         0.0000
 ------------------------------------------------------------------------------

check COM velocity, temp:        0.000006     0.00(Removed)

 NSTEP =    13000   TIME(PS) =      26.500  TEMP(K) =   300.40  PRESS =     0.0
 Etot   =    -51965.4003  EKtot   =     20667.6953  EPtot      =    -72633.0956
 BOND   =     12941.6288  ANGLE   =       978.1315  DIHED      =      1344.3587
 1-4 NB =       430.9747  1-4 EEL =      4692.6881  VDWAALS    =     12747.9270
 EELEC  =   -105768.8043  EHBOND  =         0.0000  RESTRAINT  =         0.0000
 ------------------------------------------------------------------------------


 NSTEP =    13500   TIME(PS) =      26.750  TEMP(K) =   300.73  PRESS =     0.0
 Etot   =    -51967.3254  EKtot   =     20689.8164  EPtot      =    -72657.1418
 BOND   =     12876.1179  ANGLE   =      1059.1748  DIHED      =      1337.3960
 1-4 NB =       442.0885  1-4 EEL =      4667.2379  VDWAALS    =     12617.4438
 EELEC  =   -105656.6007  EHBOND  =         0.0000  RESTRAINT  =         0.0000
 ------------------------------------------------------------------------------

check COM velocity, temp:        0.000006     0.00(Removed)

 NSTEP =    14000   TIME(PS) =      27.000  TEMP(K) =   302.53  PRESS =     0.0
 Etot   =    -51966.4879  EKtot   =     20813.7305  EPtot      =    -72780.2184
 BOND   =     12879.8914  ANGLE   =      1055.3997  DIHED      =      1351.2345
 1-4 NB =       445.5356  1-4 EEL =      4654.7598  VDWAALS    =     12863.7058
 EELEC  =   -106030.7452  EHBOND  =         0.0000  RESTRAINT  =         0.0000
 ------------------------------------------------------------------------------


 NSTEP =    14500   TIME(PS) =      27.250  TEMP(K) =   299.65  PRESS =     0.0
 Etot   =    -51968.7571  EKtot   =     20616.1016  EPtot      =    -72584.8587
 BOND   =     12689.8557  ANGLE   =      1085.3268  DIHED      =      1329.4667
 1-4 NB =       454.3042  1-4 EEL =      4648.9653  VDWAALS    =     12732.7093
 EELEC  =   -105525.4867  EHBOND  =         0.0000  RESTRAINT  =         0.0000
 ------------------------------------------------------------------------------

check COM velocity, temp:        0.000002     0.00(Removed)

 NSTEP =    15000   TIME(PS) =      27.500  TEMP(K) =   298.39  PRESS =     0.0
 Etot   =    -51969.9097  EKtot   =     20529.2754  EPtot      =    -72499.1851
 BOND   =     12683.3460  ANGLE   =      1000.3841  DIHED      =      1339.3154
 1-4 NB =       443.9187  1-4 EEL =      4675.2920  VDWAALS    =     12740.6061
 EELEC  =   -105382.0473  EHBOND  =         0.0000  RESTRAINT  =         0.0000
 ------------------------------------------------------------------------------


 NSTEP =    15500   TIME(PS) =      27.750  TEMP(K) =   301.30  PRESS =     0.0
 Etot   =    -51964.1919  EKtot   =     20729.4297  EPtot      =    -72693.6216
 BOND   =     12781.0096  ANGLE   =      1005.4703  DIHED      =      1336.2893
 1-4 NB =       443.5511  1-4 EEL =      4659.9447  VDWAALS    =     12947.8435
 EELEC  =   -105867.7301  EHBOND  =         0.0000  RESTRAINT  =         0.0000
 ------------------------------------------------------------------------------

check COM velocity, temp:        0.000006     0.00(Removed)

 NSTEP =    16000   TIME(PS) =      28.000  TEMP(K) =   297.83  PRESS =     0.0
 Etot   =    -51964.0862  EKtot   =     20490.3848  EPtot      =    -72454.4709
 BOND   =     12768.5093  ANGLE   =      1040.5743  DIHED      =      1339.1694
 1-4 NB =       430.8330  1-4 EEL =      4638.8045  VDWAALS    =     12992.3821
 EELEC  =   -105664.7435  EHBOND  =         0.0000  RESTRAINT  =         0.0000
 ------------------------------------------------------------------------------


 NSTEP =    16500   TIME(PS) =      28.250  TEMP(K) =   302.18  PRESS =     0.0
 Etot   =    -51973.3028  EKtot   =     20789.8418  EPtot      =    -72763.1446
 BOND   =     12692.5213  ANGLE   =      1052.9990  DIHED      =      1325.2996
 1-4 NB =       437.5502  1-4 EEL =      4657.3831  VDWAALS    =     12552.1989
 EELEC  =   -105481.0968  EHBOND  =         0.0000  RESTRAINT  =         0.0000
 ------------------------------------------------------------------------------

check COM velocity, temp:        0.000005     0.00(Removed)

 NSTEP =    17000   TIME(PS) =      28.500  TEMP(K) =   302.27  PRESS =     0.0
 Etot   =    -51971.2099  EKtot   =     20795.9355  EPtot      =    -72767.1454
 BOND   =     12697.2528  ANGLE   =      1034.1458  DIHED      =      1330.9779
 1-4 NB =       442.8846  1-4 EEL =      4625.4943  VDWAALS    =     12720.3291
 EELEC  =   -105618.2299  EHBOND  =         0.0000  RESTRAINT  =         0.0000
 ------------------------------------------------------------------------------


 NSTEP =    17500   TIME(PS) =      28.750  TEMP(K) =   301.71  PRESS =     0.0
 Etot   =    -51966.4348  EKtot   =     20757.5469  EPtot      =    -72723.9817
 BOND   =     12762.4249  ANGLE   =      1057.2527  DIHED      =      1312.4870
 1-4 NB =       426.0489  1-4 EEL =      4658.7014  VDWAALS    =     12657.9518
 EELEC  =   -105598.8484  EHBOND  =         0.0000  RESTRAINT  =         0.0000
 ------------------------------------------------------------------------------

check COM velocity, temp:        0.000006     0.00(Removed)

 NSTEP =    18000   TIME(PS) =      29.000  TEMP(K) =   302.55  PRESS =     0.0
 Etot   =    -51971.2045  EKtot   =     20815.3516  EPtot      =    -72786.5560
 BOND   =     12861.0536  ANGLE   =      1025.1207  DIHED      =      1318.5055
 1-4 NB =       429.5753  1-4 EEL =      4642.0098  VDWAALS    =     12582.2177
 EELEC  =   -105645.0387  EHBOND  =         0.0000  RESTRAINT  =         0.0000
 ------------------------------------------------------------------------------


 NSTEP =    18500   TIME(PS) =      29.250  TEMP(K) =   298.83  PRESS =     0.0
 Etot   =    -51968.0749  EKtot   =     20559.6211  EPtot      =    -72527.6960
 BOND   =     12926.3341  ANGLE   =      1070.5832  DIHED      =      1335.9689
 1-4 NB =       440.8218  1-4 EEL =      4648.5541  VDWAALS    =     12718.7881
 EELEC  =   -105668.7463  EHBOND  =         0.0000  RESTRAINT  =         0.0000
 ------------------------------------------------------------------------------

check COM velocity, temp:        0.000006     0.00(Removed)

 NSTEP =    19000   TIME(PS) =      29.500  TEMP(K) =   299.40  PRESS =     0.0
 Etot   =    -51969.1371  EKtot   =     20598.6523  EPtot      =    -72567.7895
 BOND   =     12828.1278  ANGLE   =      1057.2305  DIHED      =      1320.3969
 1-4 NB =       441.2845  1-4 EEL =      4660.5898  VDWAALS    =     12842.5536
 EELEC  =   -105717.9725  EHBOND  =         0.0000  RESTRAINT  =         0.0000
 ------------------------------------------------------------------------------


 NSTEP =    19500   TIME(PS) =      29.750  TEMP(K) =   300.78  PRESS =     0.0
 Etot   =    -51971.5034  EKtot   =     20693.7227  EPtot      =    -72665.2261
 BOND   =     12704.6383  ANGLE   =      1026.2876  DIHED      =      1338.6318
 1-4 NB =       449.9250  1-4 EEL =      4659.7694  VDWAALS    =     12698.5761
 EELEC  =   -105543.0541  EHBOND  =         0.0000  RESTRAINT  =         0.0000
 ------------------------------------------------------------------------------

check COM velocity, temp:        0.000008     0.00(Removed)

 NSTEP =    20000   TIME(PS) =      30.000  TEMP(K) =   299.62  PRESS =     0.0
 Etot   =    -51967.7597  EKtot   =     20613.6465  EPtot      =    -72581.4062
 BOND   =     12881.2977  ANGLE   =      1019.5152  DIHED      =      1327.6484
 1-4 NB =       445.7015  1-4 EEL =      4643.9749  VDWAALS    =     12772.5565
 EELEC  =   -105672.1005  EHBOND  =         0.0000  RESTRAINT  =         0.0000
 ------------------------------------------------------------------------------


      A V E R A G E S   O V E R      40 S T E P S


 NSTEP =    20000   TIME(PS) =      30.000  TEMP(K) =   300.51  PRESS =     0.0
 Etot   =    -51968.2216  EKtot   =     20675.1369  EPtot      =    -72643.3584
 BOND   =     12789.1485  ANGLE   =      1039.4017  DIHED      =      1329.5154
 1-4 NB =       440.7075  1-4 EEL =      4650.3952  VDWAALS    =     12731.8290
 EELEC  =   -105624.3558  EHBOND  =         0.0000  RESTRAINT  =         0.0000
 ------------------------------------------------------------------------------


      R M S  F L U C T U A T I O N S


 NSTEP =    20000   TIME(PS) =      30.000  TEMP(K) =     1.35  PRESS =     0.0
 Etot   =         2.3049  EKtot   =        92.7048  EPtot      =        93.5121
 BOND   =        82.6574  ANGLE   =        24.2691  DIHED      =        12.0916
 1-4 NB =         6.3613  1-4 EEL =        19.0741  VDWAALS    =       132.4921
 EELEC  =       179.4895  EHBOND  =         0.0000  RESTRAINT  =         0.0000
|E(PBS) =         0.5929
 ------------------------------------------------------------------------------

--------------------------------------------------------------------------------
   5.  TIMINGS
--------------------------------------------------------------------------------

|  NonSetup CPU Time in Major Routines:
|
|     Routine           Sec        %
|     ------------------------------
|     Nonbond           4.07   10.49
|     Bond              0.00    0.00
|     Angle             0.00    0.00
|     Dihedral          0.00    0.00
|     Shake             0.00    0.00
|     RunMD            34.65   89.39
|     Other             0.04    0.11
|     ------------------------------
|     Total            38.76

|  PME Nonbond Pairlist CPU Time:
|
|     Routine              Sec        %
|     ---------------------------------
|     Set Up Cit           0.00    0.00
|     Build List           0.00    0.00
|     ---------------------------------
|     Total                0.00    0.00

|  PME Direct Force CPU Time:
|
|     Routine              Sec        %
|     ---------------------------------
|     NonBonded Calc       0.00    0.00
|     Exclude Masked       0.00    0.00
|     Other                0.02    0.05
|     ---------------------------------
|     Total                0.02    0.05

|  PME Reciprocal Force CPU Time:
|
|     Routine              Sec        %
|     ---------------------------------
|     1D bspline           0.00    0.00
|     Grid Charges         0.00    0.00
|     Scalar Sum           0.00    0.00
|     Gradient Sum         0.00    0.00
|     FFT                  0.00    0.00
|     ---------------------------------
|     Total                0.00    0.00

|  Final Performance Info:
|     -----------------------------------------------------
|     Average timings for last   19500 steps:
|     Elapsed(s) =      39.02 Per Step(ms) =       2.00
|         ns/day =      21.59   seconds/ns =    4001.67
|
|     Average timings for all steps:
|     Elapsed(s) =      39.94 Per Step(ms) =       2.00
|         ns/day =      21.63   seconds/ns =    3994.07
|     -----------------------------------------------------

|  Setup CPU time:            2.84 seconds
|  NonSetup CPU time:        38.76 seconds
|  Total CPU time:           41.60 seconds     0.01 hours

|  Setup wall time:           5    seconds
|  NonSetup wall time:       40    seconds
|  Total wall time:          45    seconds     0.01 hours
