
          -------------------------------------------------------
          Amber 16 PMEMD                              2016
          -------------------------------------------------------

| PMEMD implementation of SANDER, Release 16

| Run on 08/24/2017 at 13:08:07

|   Executable path: /apps/amber16/bin/pmemd.cuda
| Working directory: /scratch/pbarletta/pdz/run/lb/neq/data/3
|          Hostname: mordor

  [-O]verwriting output

File Assignments:
|   MDIN: pdt.in                                                                
|  MDOUT: 214plb_3.out                                                          
| INPCRD: ../2/214plb_2.rst7                                                    
|   PARM: /scratch/pbarletta/pdz/top_files/lb.prmtop                            
| RESTRT: 214plb_3.rst7                                                         
|   REFC: refc                                                                  
|  MDVEL: mdvel                                                                 
|   MDEN: mden                                                                  
|  MDCRD: 214plb_3.nc                                                           
| MDINFO: mdinfo                                                                
|  MDFRC: mdfrc                                                                 


 Here is the input file:

!NVE run                                                                       
&cntrl                                                                         
imin = 0,                           ! No Minimization                          
nmropt = 0,                         ! No NMR restraints read                   
                                                                               
! Nature and format of the input                                               
ntx = 5,                            ! Coordinates and velocities will be read  
irest = 1,                          ! Do not run a new simulation              
                                                                               
! Nature and format of the output                                              
ioutfm = 1,			    ! NetCDF format for output files                             
ntxo = 1,                           ! rstrt file in ASCII format               
ntpr = 500,                         ! inf in output every ntpr steps           
ntwr = 500,                         ! rstrt file every ntwr steps              
ntwx = 20,                          ! mdcrd file every ntwx steps              
ntwv = -1,                          ! mdvel without velocities                 
ntwe = 0,                           ! Energies and temperatures not written in 
idecomp = 0,                        ! No energy decomposition                  
iwrap = 1,                          ! Coordinates of the restart and mdcrd file
                                                                               
! Frozen or restrained atoms                                                   
ibelly = 0,                         ! No frozen atoms                          
ntr=0,                              ! Harmonic potential restraints            
                                                                               
! Molecular dynamics                                                           
nstlim = 20000,                     ! Number of MD-steps                       
dt = 0.0005,                        ! Time step                                
                                                                               
! Temperature regulation                                                       
ntt = 0,                            ! Constant total energy                    
                                                                               
! P and V regulation                                                           
ntp = 0,                            ! No P control                             
ntb = 1,                            ! constant V                               
                                                                               
! SHAKE variables                                                              
ntc = 1,                            ! Bonds involving H are constrained        
ntf = 1,                            ! Bond interaction involving H are ommited.
                                                                               
cut = 9.0,                          ! Nonbonded cutoff                         
/                                                                              
&end                                                                           


Note: ig = -1. Setting random seed to   683920 based on wallclock time in 
      microseconds.
| irandom = 1, using AMBER's internal random number generator (default).
 
|--------------------- INFORMATION ----------------------
| GPU (CUDA) Version of PMEMD in use: NVIDIA GPU IN USE.
|                    Version 16.0.0
| 
|                      02/25/2016
| 
| Implementation by:
|                    Ross C. Walker     (SDSC)
|                    Scott Le Grand     (nVIDIA)
| 
| Precision model in use:
|      [SPFP] - Single Precision Forces, 64-bit Fixed Point
|               Accumulation. (Default)
| 
|--------------------------------------------------------
 
|----------------- CITATION INFORMATION -----------------
|
|    When publishing work that utilized the CUDA version
|    of AMBER, please cite the following in addition to
|    the regular AMBER citations:
|
|  - Romelia Salomon-Ferrer; Andreas W. Goetz; Duncan
|    Poole; Scott Le Grand; Ross C. Walker "Routine
|    microsecond molecular dynamics simulations with
|    AMBER - Part II: Particle Mesh Ewald", J. Chem.
|    Theory Comput., 2013, 9 (9), pp3878-3888,
|    DOI: 10.1021/ct400314y.
|
|  - Andreas W. Goetz; Mark J. Williamson; Dong Xu;
|    Duncan Poole; Scott Le Grand; Ross C. Walker
|    "Routine microsecond molecular dynamics simulations
|    with AMBER - Part I: Generalized Born", J. Chem.
|    Theory Comput., 2012, 8 (5), pp1542-1555.
|
|  - Scott Le Grand; Andreas W. Goetz; Ross C. Walker
|    "SPFP: Speed without compromise - a mixed precision
|    model for GPU accelerated molecular dynamics
|    simulations.", Comp. Phys. Comm., 2013, 184
|    pp374-380, DOI: 10.1016/j.cpc.2012.09.022
|
|--------------------------------------------------------
 
|------------------- GPU DEVICE INFO --------------------
|
|            CUDA_VISIBLE_DEVICES: 1
|   CUDA Capable Devices Detected:      1
|           CUDA Device ID in use:      0
|                CUDA Device Name: GeForce GTX TITAN
|     CUDA Device Global Mem Size:   6082 MB
| CUDA Device Num Multiprocessors:     14
|           CUDA Device Core Freq:   0.93 GHz
|
|--------------------------------------------------------
 
 
| Conditional Compilation Defines Used:
| PUBFFT
| BINTRAJ
| CUDA
| EMIL

| Largest sphere to fit in unit cell has radius =    26.281

| New format PARM file being parsed.
| Version =    1.000 Date = 09/04/12 Time = 16:08:43

| Note: 1-4 EEL scale factors are being read from the topology file.

| Note: 1-4 VDW scale factors are being read from the topology file.
| Duplicated    0 dihedrals

| Duplicated    0 dihedrals

--------------------------------------------------------------------------------
   1.  RESOURCE   USE: 
--------------------------------------------------------------------------------

 getting new box info from bottom of inpcrd
 NATOM  =   23082 NTYPES =      16 NBONH =   22055 MBONA  =    1038
 NTHETH =    2390 MTHETA =    1396 NPHIH =    4631 MPHIA  =    3488
 NHPARM =       0 NPARM  =       0 NNB   =   39434 NRES   =    7134
 NBONA  =    1038 NTHETA =    1396 NPHIA =    3488 NUMBND =      41
 NUMANG =      86 NPTRA  =      41 NATYP =      28 NPHB   =       1
 IFBOX  =       1 NMXRS  =      24 IFCAP =       0 NEXTRA =       0
 NCOPY  =       0

| Coordinate Index Table dimensions:    12   14   10
| Direct force subcell size =     5.0212    5.2012    5.2562

     BOX TYPE: RECTILINEAR

--------------------------------------------------------------------------------
   2.  CONTROL  DATA  FOR  THE  RUN
--------------------------------------------------------------------------------

default_name                                                                    

General flags:
     imin    =       0, nmropt  =       0

Nature and format of input:
     ntx     =       5, irest   =       1, ntrx    =       1

Nature and format of output:
     ntxo    =       1, ntpr    =     500, ntrx    =       1, ntwr    =     500
     iwrap   =       1, ntwx    =      20, ntwv    =      -1, ntwe    =       0
     ioutfm  =       1, ntwprt  =       0, idecomp =       0, rbornstat=      0

Potential function:
     ntf     =       1, ntb     =       1, igb     =       0, nsnb    =      25
     ipol    =       0, gbsa    =       0, iesp    =       0
     dielc   =   1.00000, cut     =   9.00000, intdiel =   1.00000

Frozen or restrained atoms:
     ibelly  =       0, ntr     =       0

Molecular dynamics:
     nstlim  =     20000, nscm    =      1000, nrespa  =         1
     t       =   0.00000, dt      =   0.00050, vlimit  =  -1.00000

| Intermolecular bonds treatment:
|     no_intermolecular_bonds =       1

| Energy averages sample interval:
|     ene_avg_sampling =     500

Ewald parameters:
     verbose =       0, ew_type =       0, nbflag  =       1, use_pme =       1
     vdwmeth =       1, eedmeth =       1, netfrc  =       1
     Box X =   60.254   Box Y =   72.816   Box Z =   52.562
     Alpha =   90.000   Beta  =   90.000   Gamma =   90.000
     NFFT1 =   64       NFFT2 =   80       NFFT3 =   56
     Cutoff=    9.000   Tol   =0.100E-04
     Ewald Coefficient =  0.30768
     Interpolation order =    4

--------------------------------------------------------------------------------
   3.  ATOMIC COORDINATES AND VELOCITIES
--------------------------------------------------------------------------------

default_name                                                                    
 begin time read from input coords =    20.000 ps

 
 Number of triangulated 3-point waters found:     7002

     Sum of charges from parm topology file =  -0.00000008
     Forcing neutrality...

| Dynamic Memory, Types Used:
| Reals              710578
| Integers           737140

| Nonbonded Pairs Initial Allocation:     5262696

| GPU memory information (estimate):
| KB of GPU memory in use:     63171
| KB of CPU memory in use:     27891

--------------------------------------------------------------------------------
   4.  RESULTS
--------------------------------------------------------------------------------

 ---------------------------------------------------
 APPROXIMATING switch and d/dx switch using CUBIC SPLINE INTERPOLATION
 using   5000.0 points per unit in tabled values
 TESTING RELATIVE ERROR over r ranging from 0.0 to cutoff
| CHECK switch(x): max rel err =   0.2738E-14   at   2.422500
| CHECK d/dx switch(x): max rel err =   0.8314E-11   at   2.736960
 ---------------------------------------------------
|---------------------------------------------------
| APPROXIMATING direct energy using CUBIC SPLINE INTERPOLATION
|  with   50.0 points per unit in tabled values
| Relative Error Limit not exceeded for r .gt.   2.39
| APPROXIMATING direct force using CUBIC SPLINE INTERPOLATION
|  with   50.0 points per unit in tabled values
| Relative Error Limit not exceeded for r .gt.   2.84
|---------------------------------------------------

 NSTEP =      500   TIME(PS) =      20.250  TEMP(K) =   300.90  PRESS =     0.0
 Etot   =    -51982.4666  EKtot   =     20702.0996  EPtot      =    -72684.5662
 BOND   =     12792.1680  ANGLE   =      1058.3563  DIHED      =      1329.6081
 1-4 NB =       438.1990  1-4 EEL =      4615.8689  VDWAALS    =     12676.7860
 EELEC  =   -105595.5526  EHBOND  =         0.0000  RESTRAINT  =         0.0000
 ------------------------------------------------------------------------------

check COM velocity, temp:        0.004936     0.02(Removed)

 NSTEP =     1000   TIME(PS) =      20.500  TEMP(K) =   300.09  PRESS =     0.0
 Etot   =    -51981.5353  EKtot   =     20645.8066  EPtot      =    -72627.3419
 BOND   =     12954.6601  ANGLE   =      1028.0924  DIHED      =      1316.3746
 1-4 NB =       449.9303  1-4 EEL =      4650.5583  VDWAALS    =     12702.0371
 EELEC  =   -105728.9948  EHBOND  =         0.0000  RESTRAINT  =         0.0000
 ------------------------------------------------------------------------------


 NSTEP =     1500   TIME(PS) =      20.750  TEMP(K) =   300.07  PRESS =     0.0
 Etot   =    -51982.7981  EKtot   =     20644.8770  EPtot      =    -72627.6750
 BOND   =     12829.3500  ANGLE   =      1028.7849  DIHED      =      1316.4493
 1-4 NB =       445.7840  1-4 EEL =      4626.6228  VDWAALS    =     12773.5584
 EELEC  =   -105648.2245  EHBOND  =         0.0000  RESTRAINT  =         0.0000
 ------------------------------------------------------------------------------

check COM velocity, temp:        0.000005     0.00(Removed)

 NSTEP =     2000   TIME(PS) =      21.000  TEMP(K) =   301.14  PRESS =     0.0
 Etot   =    -51987.1401  EKtot   =     20718.1094  EPtot      =    -72705.2495
 BOND   =     12771.9181  ANGLE   =      1059.5900  DIHED      =      1329.1416
 1-4 NB =       423.5102  1-4 EEL =      4552.7660  VDWAALS    =     12915.0891
 EELEC  =   -105757.2644  EHBOND  =         0.0000  RESTRAINT  =         0.0000
 ------------------------------------------------------------------------------


 NSTEP =     2500   TIME(PS) =      21.250  TEMP(K) =   301.59  PRESS =     0.0
 Etot   =    -51985.2557  EKtot   =     20749.5000  EPtot      =    -72734.7557
 BOND   =     12899.9224  ANGLE   =      1063.5611  DIHED      =      1330.9548
 1-4 NB =       431.2564  1-4 EEL =      4573.1779  VDWAALS    =     12612.1849
 EELEC  =   -105645.8132  EHBOND  =         0.0000  RESTRAINT  =         0.0000
 ------------------------------------------------------------------------------

check COM velocity, temp:        0.000006     0.00(Removed)

 NSTEP =     3000   TIME(PS) =      21.500  TEMP(K) =   299.53  PRESS =     0.0
 Etot   =    -51987.9880  EKtot   =     20607.6934  EPtot      =    -72595.6814
 BOND   =     12878.0820  ANGLE   =      1114.4146  DIHED      =      1321.3959
 1-4 NB =       441.8119  1-4 EEL =      4628.9538  VDWAALS    =     12504.3165
 EELEC  =   -105484.6562  EHBOND  =         0.0000  RESTRAINT  =         0.0000
 ------------------------------------------------------------------------------


 NSTEP =     3500   TIME(PS) =      21.750  TEMP(K) =   301.76  PRESS =     0.0
 Etot   =    -51989.5667  EKtot   =     20761.1387  EPtot      =    -72750.7053
 BOND   =     12768.7464  ANGLE   =      1004.2202  DIHED      =      1337.2485
 1-4 NB =       453.9438  1-4 EEL =      4656.0760  VDWAALS    =     12679.3371
 EELEC  =   -105650.2774  EHBOND  =         0.0000  RESTRAINT  =         0.0000
 ------------------------------------------------------------------------------

check COM velocity, temp:        0.000005     0.00(Removed)

 NSTEP =     4000   TIME(PS) =      22.000  TEMP(K) =   300.17  PRESS =     0.0
 Etot   =    -51986.2948  EKtot   =     20651.5957  EPtot      =    -72637.8905
 BOND   =     12662.9601  ANGLE   =      1070.4323  DIHED      =      1314.7951
 1-4 NB =       450.4439  1-4 EEL =      4615.6209  VDWAALS    =     12615.7673
 EELEC  =   -105367.9101  EHBOND  =         0.0000  RESTRAINT  =         0.0000
 ------------------------------------------------------------------------------


 NSTEP =     4500   TIME(PS) =      22.250  TEMP(K) =   299.91  PRESS =     0.0
 Etot   =    -51983.9309  EKtot   =     20633.6055  EPtot      =    -72617.5363
 BOND   =     12893.0484  ANGLE   =      1027.1864  DIHED      =      1332.2730
 1-4 NB =       451.6910  1-4 EEL =      4604.1804  VDWAALS    =     12724.7292
 EELEC  =   -105650.6448  EHBOND  =         0.0000  RESTRAINT  =         0.0000
 ------------------------------------------------------------------------------

check COM velocity, temp:        0.000005     0.00(Removed)

 NSTEP =     5000   TIME(PS) =      22.500  TEMP(K) =   303.15  PRESS =     0.0
 Etot   =    -51984.3578  EKtot   =     20856.5117  EPtot      =    -72840.8696
 BOND   =     12818.1185  ANGLE   =      1074.1863  DIHED      =      1287.7793
 1-4 NB =       436.5270  1-4 EEL =      4589.4165  VDWAALS    =     12726.0838
 EELEC  =   -105772.9810  EHBOND  =         0.0000  RESTRAINT  =         0.0000
 ------------------------------------------------------------------------------


 NSTEP =     5500   TIME(PS) =      22.750  TEMP(K) =   300.65  PRESS =     0.0
 Etot   =    -51982.2288  EKtot   =     20684.2441  EPtot      =    -72666.4730
 BOND   =     12845.7353  ANGLE   =      1044.9081  DIHED      =      1320.1395
 1-4 NB =       434.4943  1-4 EEL =      4600.2447  VDWAALS    =     12702.3129
 EELEC  =   -105614.3078  EHBOND  =         0.0000  RESTRAINT  =         0.0000
 ------------------------------------------------------------------------------

check COM velocity, temp:        0.000007     0.00(Removed)

 NSTEP =     6000   TIME(PS) =      23.000  TEMP(K) =   298.96  PRESS =     0.0
 Etot   =    -51983.9224  EKtot   =     20568.0723  EPtot      =    -72551.9947
 BOND   =     12857.8857  ANGLE   =      1077.2169  DIHED      =      1295.6213
 1-4 NB =       426.3612  1-4 EEL =      4622.5256  VDWAALS    =     12727.3580
 EELEC  =   -105558.9634  EHBOND  =         0.0000  RESTRAINT  =         0.0000
 ------------------------------------------------------------------------------


 NSTEP =     6500   TIME(PS) =      23.250  TEMP(K) =   301.95  PRESS =     0.0
 Etot   =    -51982.6497  EKtot   =     20773.8457  EPtot      =    -72756.4954
 BOND   =     12916.2036  ANGLE   =      1041.2135  DIHED      =      1327.4211
 1-4 NB =       444.9975  1-4 EEL =      4607.7236  VDWAALS    =     13075.6143
 EELEC  =   -106169.6690  EHBOND  =         0.0000  RESTRAINT  =         0.0000
 ------------------------------------------------------------------------------

check COM velocity, temp:        0.000008     0.00(Removed)

 NSTEP =     7000   TIME(PS) =      23.500  TEMP(K) =   300.19  PRESS =     0.0
 Etot   =    -51981.5969  EKtot   =     20652.8965  EPtot      =    -72634.4934
 BOND   =     12815.7486  ANGLE   =      1063.4075  DIHED      =      1317.4888
 1-4 NB =       440.2093  1-4 EEL =      4597.6228  VDWAALS    =     12816.4376
 EELEC  =   -105685.4080  EHBOND  =         0.0000  RESTRAINT  =         0.0000
 ------------------------------------------------------------------------------


 NSTEP =     7500   TIME(PS) =      23.750  TEMP(K) =   300.09  PRESS =     0.0
 Etot   =    -51980.6452  EKtot   =     20646.3887  EPtot      =    -72627.0339
 BOND   =     12757.4209  ANGLE   =      1022.1535  DIHED      =      1290.9055
 1-4 NB =       444.3695  1-4 EEL =      4618.8246  VDWAALS    =     13307.6249
 EELEC  =   -106068.3329  EHBOND  =         0.0000  RESTRAINT  =         0.0000
 ------------------------------------------------------------------------------

check COM velocity, temp:        0.000005     0.00(Removed)

 NSTEP =     8000   TIME(PS) =      24.000  TEMP(K) =   301.40  PRESS =     0.0
 Etot   =    -51979.7198  EKtot   =     20735.9863  EPtot      =    -72715.7061
 BOND   =     12665.2824  ANGLE   =      1048.3009  DIHED      =      1292.2297
 1-4 NB =       438.0014  1-4 EEL =      4622.7879  VDWAALS    =     13102.3200
 EELEC  =   -105884.6285  EHBOND  =         0.0000  RESTRAINT  =         0.0000
 ------------------------------------------------------------------------------


 NSTEP =     8500   TIME(PS) =      24.250  TEMP(K) =   304.02  PRESS =     0.0
 Etot   =    -51985.9309  EKtot   =     20916.2539  EPtot      =    -72902.1848
 BOND   =     12591.2231  ANGLE   =      1026.9534  DIHED      =      1312.1239
 1-4 NB =       437.7012  1-4 EEL =      4629.2423  VDWAALS    =     13043.3246
 EELEC  =   -105942.7532  EHBOND  =         0.0000  RESTRAINT  =         0.0000
 ------------------------------------------------------------------------------

check COM velocity, temp:        0.000009     0.00(Removed)

 NSTEP =     9000   TIME(PS) =      24.500  TEMP(K) =   300.93  PRESS =     0.0
 Etot   =    -51984.8056  EKtot   =     20704.0527  EPtot      =    -72688.8583
 BOND   =     12837.0324  ANGLE   =      1005.0991  DIHED      =      1312.6582
 1-4 NB =       442.2339  1-4 EEL =      4593.2840  VDWAALS    =     12830.7906
 EELEC  =   -105709.9566  EHBOND  =         0.0000  RESTRAINT  =         0.0000
 ------------------------------------------------------------------------------


 NSTEP =     9500   TIME(PS) =      24.750  TEMP(K) =   299.94  PRESS =     0.0
 Etot   =    -51981.1186  EKtot   =     20635.8750  EPtot      =    -72616.9936
 BOND   =     12897.3188  ANGLE   =      1050.4173  DIHED      =      1301.3922
 1-4 NB =       450.9205  1-4 EEL =      4653.5721  VDWAALS    =     12600.3508
 EELEC  =   -105570.9653  EHBOND  =         0.0000  RESTRAINT  =         0.0000
 ------------------------------------------------------------------------------

check COM velocity, temp:        0.000007     0.00(Removed)

 NSTEP =    10000   TIME(PS) =      25.000  TEMP(K) =   300.40  PRESS =     0.0
 Etot   =    -51980.8903  EKtot   =     20667.4863  EPtot      =    -72648.3766
 BOND   =     12812.1209  ANGLE   =      1010.5566  DIHED      =      1317.2902
 1-4 NB =       441.4405  1-4 EEL =      4602.0602  VDWAALS    =     12685.9685
 EELEC  =   -105517.8135  EHBOND  =         0.0000  RESTRAINT  =         0.0000
 ------------------------------------------------------------------------------


 NSTEP =    10500   TIME(PS) =      25.250  TEMP(K) =   302.42  PRESS =     0.0
 Etot   =    -51981.2826  EKtot   =     20806.7051  EPtot      =    -72787.9877
 BOND   =     12926.0654  ANGLE   =      1035.6797  DIHED      =      1314.1571
 1-4 NB =       446.3008  1-4 EEL =      4606.1223  VDWAALS    =     12840.8210
 EELEC  =   -105957.1339  EHBOND  =         0.0000  RESTRAINT  =         0.0000
 ------------------------------------------------------------------------------

check COM velocity, temp:        0.000010     0.00(Removed)

 NSTEP =    11000   TIME(PS) =      25.500  TEMP(K) =   301.85  PRESS =     0.0
 Etot   =    -51984.1227  EKtot   =     20766.8535  EPtot      =    -72750.9762
 BOND   =     12734.6101  ANGLE   =      1094.5205  DIHED      =      1312.7715
 1-4 NB =       440.3852  1-4 EEL =      4613.1437  VDWAALS    =     12881.1941
 EELEC  =   -105827.6012  EHBOND  =         0.0000  RESTRAINT  =         0.0000
 ------------------------------------------------------------------------------


 NSTEP =    11500   TIME(PS) =      25.750  TEMP(K) =   302.41  PRESS =     0.0
 Etot   =    -51986.9524  EKtot   =     20805.8965  EPtot      =    -72792.8489
 BOND   =     12923.6669  ANGLE   =      1016.5043  DIHED      =      1298.7522
 1-4 NB =       445.4888  1-4 EEL =      4673.9261  VDWAALS    =     12842.6335
 EELEC  =   -105993.8207  EHBOND  =         0.0000  RESTRAINT  =         0.0000
 ------------------------------------------------------------------------------

check COM velocity, temp:        0.000001     0.00(Removed)

 NSTEP =    12000   TIME(PS) =      26.000  TEMP(K) =   299.13  PRESS =     0.0
 Etot   =    -51984.0146  EKtot   =     20579.8848  EPtot      =    -72563.8993
 BOND   =     12913.8567  ANGLE   =      1074.2859  DIHED      =      1308.4276
 1-4 NB =       442.1526  1-4 EEL =      4618.9747  VDWAALS    =     12540.1179
 EELEC  =   -105461.7147  EHBOND  =         0.0000  RESTRAINT  =         0.0000
 ------------------------------------------------------------------------------


 NSTEP =    12500   TIME(PS) =      26.250  TEMP(K) =   300.20  PRESS =     0.0
 Etot   =    -51982.5393  EKtot   =     20653.7812  EPtot      =    -72636.3205
 BOND   =     12706.3021  ANGLE   =      1054.2632  DIHED      =      1321.1879
 1-4 NB =       458.1676  1-4 EEL =      4656.7939  VDWAALS    =     12558.0873
 EELEC  =   -105391.1225  EHBOND  =         0.0000  RESTRAINT  =         0.0000
 ------------------------------------------------------------------------------

check COM velocity, temp:        0.000004     0.00(Removed)

 NSTEP =    13000   TIME(PS) =      26.500  TEMP(K) =   301.32  PRESS =     0.0
 Etot   =    -51981.5874  EKtot   =     20730.7090  EPtot      =    -72712.2964
 BOND   =     12832.2560  ANGLE   =      1062.2445  DIHED      =      1329.4488
 1-4 NB =       435.2211  1-4 EEL =      4619.9103  VDWAALS    =     12942.5753
 EELEC  =   -105933.9525  EHBOND  =         0.0000  RESTRAINT  =         0.0000
 ------------------------------------------------------------------------------


 NSTEP =    13500   TIME(PS) =      26.750  TEMP(K) =   301.14  PRESS =     0.0
 Etot   =    -51982.9337  EKtot   =     20718.5391  EPtot      =    -72701.4728
 BOND   =     12782.9798  ANGLE   =      1028.6903  DIHED      =      1330.8405
 1-4 NB =       457.9832  1-4 EEL =      4613.6225  VDWAALS    =     12783.8784
 EELEC  =   -105699.4675  EHBOND  =         0.0000  RESTRAINT  =         0.0000
 ------------------------------------------------------------------------------

check COM velocity, temp:        0.000007     0.00(Removed)

 NSTEP =    14000   TIME(PS) =      27.000  TEMP(K) =   300.12  PRESS =     0.0
 Etot   =    -51981.6995  EKtot   =     20648.2227  EPtot      =    -72629.9221
 BOND   =     12787.3790  ANGLE   =      1049.7056  DIHED      =      1344.1048
 1-4 NB =       446.1819  1-4 EEL =      4670.3003  VDWAALS    =     12611.1710
 EELEC  =   -105538.7648  EHBOND  =         0.0000  RESTRAINT  =         0.0000
 ------------------------------------------------------------------------------


 NSTEP =    14500   TIME(PS) =      27.250  TEMP(K) =   301.78  PRESS =     0.0
 Etot   =    -51984.1705  EKtot   =     20762.0859  EPtot      =    -72746.2565
 BOND   =     12682.8318  ANGLE   =      1049.7785  DIHED      =      1328.8340
 1-4 NB =       453.8774  1-4 EEL =      4646.1506  VDWAALS    =     12777.4282
 EELEC  =   -105685.1570  EHBOND  =         0.0000  RESTRAINT  =         0.0000
 ------------------------------------------------------------------------------

check COM velocity, temp:        0.000008     0.00(Removed)

 NSTEP =    15000   TIME(PS) =      27.500  TEMP(K) =   304.20  PRESS =     0.0
 Etot   =    -51985.6250  EKtot   =     20929.0820  EPtot      =    -72914.7070
 BOND   =     12784.1947  ANGLE   =      1041.6191  DIHED      =      1298.4015
 1-4 NB =       443.2255  1-4 EEL =      4634.7209  VDWAALS    =     12913.0670
 EELEC  =   -106029.9357  EHBOND  =         0.0000  RESTRAINT  =         0.0000
 ------------------------------------------------------------------------------


 NSTEP =    15500   TIME(PS) =      27.750  TEMP(K) =   302.41  PRESS =     0.0
 Etot   =    -51985.4643  EKtot   =     20805.8926  EPtot      =    -72791.3569
 BOND   =     12718.5944  ANGLE   =      1047.8351  DIHED      =      1298.6559
 1-4 NB =       446.9649  1-4 EEL =      4620.5080  VDWAALS    =     12983.1660
 EELEC  =   -105907.0812  EHBOND  =         0.0000  RESTRAINT  =         0.0000
 ------------------------------------------------------------------------------

check COM velocity, temp:        0.000003     0.00(Removed)

 NSTEP =    16000   TIME(PS) =      28.000  TEMP(K) =   300.01  PRESS =     0.0
 Etot   =    -51982.8697  EKtot   =     20640.6426  EPtot      =    -72623.5123
 BOND   =     12703.5947  ANGLE   =      1069.7540  DIHED      =      1320.1965
 1-4 NB =       428.5500  1-4 EEL =      4562.3663  VDWAALS    =     12985.4858
 EELEC  =   -105693.4596  EHBOND  =         0.0000  RESTRAINT  =         0.0000
 ------------------------------------------------------------------------------


 NSTEP =    16500   TIME(PS) =      28.250  TEMP(K) =   299.77  PRESS =     0.0
 Etot   =    -51980.9188  EKtot   =     20624.0078  EPtot      =    -72604.9266
 BOND   =     12775.9487  ANGLE   =      1025.2816  DIHED      =      1330.7291
 1-4 NB =       446.3056  1-4 EEL =      4614.6893  VDWAALS    =     12809.7369
 EELEC  =   -105607.6178  EHBOND  =         0.0000  RESTRAINT  =         0.0000
 ------------------------------------------------------------------------------

check COM velocity, temp:        0.000004     0.00(Removed)

 NSTEP =    17000   TIME(PS) =      28.500  TEMP(K) =   302.23  PRESS =     0.0
 Etot   =    -51985.7640  EKtot   =     20793.3926  EPtot      =    -72779.1566
 BOND   =     12723.6714  ANGLE   =      1042.0831  DIHED      =      1329.2403
 1-4 NB =       437.8261  1-4 EEL =      4617.2502  VDWAALS    =     12917.4933
 EELEC  =   -105846.7210  EHBOND  =         0.0000  RESTRAINT  =         0.0000
 ------------------------------------------------------------------------------


 NSTEP =    17500   TIME(PS) =      28.750  TEMP(K) =   302.97  PRESS =     0.0
 Etot   =    -51986.6875  EKtot   =     20844.5312  EPtot      =    -72831.2187
 BOND   =     12754.4290  ANGLE   =      1031.9273  DIHED      =      1326.3426
 1-4 NB =       448.5078  1-4 EEL =      4595.2505  VDWAALS    =     12622.5979
 EELEC  =   -105610.2738  EHBOND  =         0.0000  RESTRAINT  =         0.0000
 ------------------------------------------------------------------------------

check COM velocity, temp:        0.000003     0.00(Removed)

 NSTEP =    18000   TIME(PS) =      29.000  TEMP(K) =   301.26  PRESS =     0.0
 Etot   =    -51986.8550  EKtot   =     20726.3008  EPtot      =    -72713.1557
 BOND   =     12653.3614  ANGLE   =      1069.3783  DIHED      =      1336.3420
 1-4 NB =       447.5118  1-4 EEL =      4599.7814  VDWAALS    =     12709.9718
 EELEC  =   -105529.5025  EHBOND  =         0.0000  RESTRAINT  =         0.0000
 ------------------------------------------------------------------------------


 NSTEP =    18500   TIME(PS) =      29.250  TEMP(K) =   300.52  PRESS =     0.0
 Etot   =    -51986.5687  EKtot   =     20675.5645  EPtot      =    -72662.1331
 BOND   =     12764.1254  ANGLE   =      1107.9397  DIHED      =      1305.9672
 1-4 NB =       440.8126  1-4 EEL =      4597.1162  VDWAALS    =     12620.8972
 EELEC  =   -105498.9914  EHBOND  =         0.0000  RESTRAINT  =         0.0000
 ------------------------------------------------------------------------------

check COM velocity, temp:        0.000002     0.00(Removed)

 NSTEP =    19000   TIME(PS) =      29.500  TEMP(K) =   301.31  PRESS =     0.0
 Etot   =    -51985.0427  EKtot   =     20729.7129  EPtot      =    -72714.7556
 BOND   =     12729.6071  ANGLE   =      1047.0545  DIHED      =      1306.8440
 1-4 NB =       447.2923  1-4 EEL =      4621.5495  VDWAALS    =     12725.6880
 EELEC  =   -105592.7910  EHBOND  =         0.0000  RESTRAINT  =         0.0000
 ------------------------------------------------------------------------------


 NSTEP =    19500   TIME(PS) =      29.750  TEMP(K) =   302.01  PRESS =     0.0
 Etot   =    -51982.8952  EKtot   =     20778.0430  EPtot      =    -72760.9382
 BOND   =     12675.6194  ANGLE   =      1023.0231  DIHED      =      1334.5562
 1-4 NB =       449.9536  1-4 EEL =      4610.9280  VDWAALS    =     12725.6109
 EELEC  =   -105580.6294  EHBOND  =         0.0000  RESTRAINT  =         0.0000
 ------------------------------------------------------------------------------

check COM velocity, temp:        0.000007     0.00(Removed)

 NSTEP =    20000   TIME(PS) =      30.000  TEMP(K) =   301.72  PRESS =     0.0
 Etot   =    -51987.4168  EKtot   =     20758.0078  EPtot      =    -72745.4246
 BOND   =     12708.1326  ANGLE   =      1037.3885  DIHED      =      1327.4574
 1-4 NB =       442.6398  1-4 EEL =      4602.6916  VDWAALS    =     12891.2609
 EELEC  =   -105754.9954  EHBOND  =         0.0000  RESTRAINT  =         0.0000
 ------------------------------------------------------------------------------


      A V E R A G E S   O V E R      40 S T E P S


 NSTEP =    20000   TIME(PS) =      30.000  TEMP(K) =   301.14  PRESS =     0.0
 Etot   =    -51984.0063  EKtot   =     20718.3474  EPtot      =    -72702.3537
 BOND   =     12788.6543  ANGLE   =      1048.2002  DIHED      =      1317.6637
 1-4 NB =       443.2294  1-4 EEL =      4616.4231  VDWAALS    =     12787.6219
 EELEC  =   -105704.1463  EHBOND  =         0.0000  RESTRAINT  =         0.0000
 ------------------------------------------------------------------------------


      R M S  F L U C T U A T I O N S


 NSTEP =    20000   TIME(PS) =      30.000  TEMP(K) =     1.23  PRESS =     0.0
 Etot   =         2.3527  EKtot   =        84.5471  EPtot      =        85.3702
 BOND   =        87.7166  ANGLE   =        25.2160  DIHED      =        14.1139
 1-4 NB =         7.7830  1-4 EEL =        25.6653  VDWAALS    =       169.3109
 EELEC  =       187.3177  EHBOND  =         0.0000  RESTRAINT  =         0.0000
|E(PBS) =         0.6880
 ------------------------------------------------------------------------------

--------------------------------------------------------------------------------
   5.  TIMINGS
--------------------------------------------------------------------------------

|  NonSetup CPU Time in Major Routines:
|
|     Routine           Sec        %
|     ------------------------------
|     Nonbond           4.10   10.56
|     Bond              0.00    0.00
|     Angle             0.00    0.00
|     Dihedral          0.00    0.00
|     Shake             0.00    0.00
|     RunMD            34.71   89.38
|     Other             0.02    0.06
|     ------------------------------
|     Total            38.84

|  PME Nonbond Pairlist CPU Time:
|
|     Routine              Sec        %
|     ---------------------------------
|     Set Up Cit           0.00    0.00
|     Build List           0.00    0.00
|     ---------------------------------
|     Total                0.00    0.00

|  PME Direct Force CPU Time:
|
|     Routine              Sec        %
|     ---------------------------------
|     NonBonded Calc       0.00    0.00
|     Exclude Masked       0.00    0.00
|     Other                0.01    0.03
|     ---------------------------------
|     Total                0.01    0.03

|  PME Reciprocal Force CPU Time:
|
|     Routine              Sec        %
|     ---------------------------------
|     1D bspline           0.00    0.00
|     Grid Charges         0.00    0.00
|     Scalar Sum           0.00    0.00
|     Gradient Sum         0.00    0.00
|     FFT                  0.00    0.00
|     ---------------------------------
|     Total                0.00    0.00

|  Final Performance Info:
|     -----------------------------------------------------
|     Average timings for last   19500 steps:
|     Elapsed(s) =      42.56 Per Step(ms) =       2.18
|         ns/day =      19.79   seconds/ns =    4364.82
|
|     Average timings for all steps:
|     Elapsed(s) =      43.53 Per Step(ms) =       2.18
|         ns/day =      19.85   seconds/ns =    4352.86
|     -----------------------------------------------------

|  Setup CPU time:            2.66 seconds
|  NonSetup CPU time:        38.84 seconds
|  Total CPU time:           41.50 seconds     0.01 hours

|  Setup wall time:           3    seconds
|  NonSetup wall time:       43    seconds
|  Total wall time:          46    seconds     0.01 hours
