
          -------------------------------------------------------
          Amber 16 PMEMD                              2016
          -------------------------------------------------------

| PMEMD implementation of SANDER, Release 16

| Run on 08/24/2017 at 13:11:13

|   Executable path: /apps/amber16/bin/pmemd.cuda
| Working directory: /scratch/pbarletta/pdz/run/lb/neq/data/3
|          Hostname: mordor

  [-O]verwriting output

File Assignments:
|   MDIN: pdt.in                                                                
|  MDOUT: 218plb_3.out                                                          
| INPCRD: ../2/218plb_2.rst7                                                    
|   PARM: /scratch/pbarletta/pdz/top_files/lb.prmtop                            
| RESTRT: 218plb_3.rst7                                                         
|   REFC: refc                                                                  
|  MDVEL: mdvel                                                                 
|   MDEN: mden                                                                  
|  MDCRD: 218plb_3.nc                                                           
| MDINFO: mdinfo                                                                
|  MDFRC: mdfrc                                                                 


 Here is the input file:

!NVE run                                                                       
&cntrl                                                                         
imin = 0,                           ! No Minimization                          
nmropt = 0,                         ! No NMR restraints read                   
                                                                               
! Nature and format of the input                                               
ntx = 5,                            ! Coordinates and velocities will be read  
irest = 1,                          ! Do not run a new simulation              
                                                                               
! Nature and format of the output                                              
ioutfm = 1,			    ! NetCDF format for output files                             
ntxo = 1,                           ! rstrt file in ASCII format               
ntpr = 500,                         ! inf in output every ntpr steps           
ntwr = 500,                         ! rstrt file every ntwr steps              
ntwx = 20,                          ! mdcrd file every ntwx steps              
ntwv = -1,                          ! mdvel without velocities                 
ntwe = 0,                           ! Energies and temperatures not written in 
idecomp = 0,                        ! No energy decomposition                  
iwrap = 1,                          ! Coordinates of the restart and mdcrd file
                                                                               
! Frozen or restrained atoms                                                   
ibelly = 0,                         ! No frozen atoms                          
ntr=0,                              ! Harmonic potential restraints            
                                                                               
! Molecular dynamics                                                           
nstlim = 20000,                     ! Number of MD-steps                       
dt = 0.0005,                        ! Time step                                
                                                                               
! Temperature regulation                                                       
ntt = 0,                            ! Constant total energy                    
                                                                               
! P and V regulation                                                           
ntp = 0,                            ! No P control                             
ntb = 1,                            ! constant V                               
                                                                               
! SHAKE variables                                                              
ntc = 1,                            ! Bonds involving H are constrained        
ntf = 1,                            ! Bond interaction involving H are ommited.
                                                                               
cut = 9.0,                          ! Nonbonded cutoff                         
/                                                                              
&end                                                                           


Note: ig = -1. Setting random seed to    60324 based on wallclock time in 
      microseconds.
| irandom = 1, using AMBER's internal random number generator (default).
 
|--------------------- INFORMATION ----------------------
| GPU (CUDA) Version of PMEMD in use: NVIDIA GPU IN USE.
|                    Version 16.0.0
| 
|                      02/25/2016
| 
| Implementation by:
|                    Ross C. Walker     (SDSC)
|                    Scott Le Grand     (nVIDIA)
| 
| Precision model in use:
|      [SPFP] - Single Precision Forces, 64-bit Fixed Point
|               Accumulation. (Default)
| 
|--------------------------------------------------------
 
|----------------- CITATION INFORMATION -----------------
|
|    When publishing work that utilized the CUDA version
|    of AMBER, please cite the following in addition to
|    the regular AMBER citations:
|
|  - Romelia Salomon-Ferrer; Andreas W. Goetz; Duncan
|    Poole; Scott Le Grand; Ross C. Walker "Routine
|    microsecond molecular dynamics simulations with
|    AMBER - Part II: Particle Mesh Ewald", J. Chem.
|    Theory Comput., 2013, 9 (9), pp3878-3888,
|    DOI: 10.1021/ct400314y.
|
|  - Andreas W. Goetz; Mark J. Williamson; Dong Xu;
|    Duncan Poole; Scott Le Grand; Ross C. Walker
|    "Routine microsecond molecular dynamics simulations
|    with AMBER - Part I: Generalized Born", J. Chem.
|    Theory Comput., 2012, 8 (5), pp1542-1555.
|
|  - Scott Le Grand; Andreas W. Goetz; Ross C. Walker
|    "SPFP: Speed without compromise - a mixed precision
|    model for GPU accelerated molecular dynamics
|    simulations.", Comp. Phys. Comm., 2013, 184
|    pp374-380, DOI: 10.1016/j.cpc.2012.09.022
|
|--------------------------------------------------------
 
|------------------- GPU DEVICE INFO --------------------
|
|            CUDA_VISIBLE_DEVICES: 1
|   CUDA Capable Devices Detected:      1
|           CUDA Device ID in use:      0
|                CUDA Device Name: GeForce GTX TITAN
|     CUDA Device Global Mem Size:   6082 MB
| CUDA Device Num Multiprocessors:     14
|           CUDA Device Core Freq:   0.93 GHz
|
|--------------------------------------------------------
 
 
| Conditional Compilation Defines Used:
| PUBFFT
| BINTRAJ
| CUDA
| EMIL

| Largest sphere to fit in unit cell has radius =    26.281

| New format PARM file being parsed.
| Version =    1.000 Date = 09/04/12 Time = 16:08:43

| Note: 1-4 EEL scale factors are being read from the topology file.

| Note: 1-4 VDW scale factors are being read from the topology file.
| Duplicated    0 dihedrals

| Duplicated    0 dihedrals

--------------------------------------------------------------------------------
   1.  RESOURCE   USE: 
--------------------------------------------------------------------------------

 getting new box info from bottom of inpcrd
 NATOM  =   23082 NTYPES =      16 NBONH =   22055 MBONA  =    1038
 NTHETH =    2390 MTHETA =    1396 NPHIH =    4631 MPHIA  =    3488
 NHPARM =       0 NPARM  =       0 NNB   =   39434 NRES   =    7134
 NBONA  =    1038 NTHETA =    1396 NPHIA =    3488 NUMBND =      41
 NUMANG =      86 NPTRA  =      41 NATYP =      28 NPHB   =       1
 IFBOX  =       1 NMXRS  =      24 IFCAP =       0 NEXTRA =       0
 NCOPY  =       0

| Coordinate Index Table dimensions:    12   14   10
| Direct force subcell size =     5.0212    5.2012    5.2562

     BOX TYPE: RECTILINEAR

--------------------------------------------------------------------------------
   2.  CONTROL  DATA  FOR  THE  RUN
--------------------------------------------------------------------------------

default_name                                                                    

General flags:
     imin    =       0, nmropt  =       0

Nature and format of input:
     ntx     =       5, irest   =       1, ntrx    =       1

Nature and format of output:
     ntxo    =       1, ntpr    =     500, ntrx    =       1, ntwr    =     500
     iwrap   =       1, ntwx    =      20, ntwv    =      -1, ntwe    =       0
     ioutfm  =       1, ntwprt  =       0, idecomp =       0, rbornstat=      0

Potential function:
     ntf     =       1, ntb     =       1, igb     =       0, nsnb    =      25
     ipol    =       0, gbsa    =       0, iesp    =       0
     dielc   =   1.00000, cut     =   9.00000, intdiel =   1.00000

Frozen or restrained atoms:
     ibelly  =       0, ntr     =       0

Molecular dynamics:
     nstlim  =     20000, nscm    =      1000, nrespa  =         1
     t       =   0.00000, dt      =   0.00050, vlimit  =  -1.00000

| Intermolecular bonds treatment:
|     no_intermolecular_bonds =       1

| Energy averages sample interval:
|     ene_avg_sampling =     500

Ewald parameters:
     verbose =       0, ew_type =       0, nbflag  =       1, use_pme =       1
     vdwmeth =       1, eedmeth =       1, netfrc  =       1
     Box X =   60.254   Box Y =   72.816   Box Z =   52.562
     Alpha =   90.000   Beta  =   90.000   Gamma =   90.000
     NFFT1 =   64       NFFT2 =   80       NFFT3 =   56
     Cutoff=    9.000   Tol   =0.100E-04
     Ewald Coefficient =  0.30768
     Interpolation order =    4

--------------------------------------------------------------------------------
   3.  ATOMIC COORDINATES AND VELOCITIES
--------------------------------------------------------------------------------

default_name                                                                    
 begin time read from input coords =    20.000 ps

 
 Number of triangulated 3-point waters found:     7002

     Sum of charges from parm topology file =  -0.00000008
     Forcing neutrality...

| Dynamic Memory, Types Used:
| Reals              710578
| Integers           737140

| Nonbonded Pairs Initial Allocation:     5262696

| GPU memory information (estimate):
| KB of GPU memory in use:     63171
| KB of CPU memory in use:     27891

--------------------------------------------------------------------------------
   4.  RESULTS
--------------------------------------------------------------------------------

 ---------------------------------------------------
 APPROXIMATING switch and d/dx switch using CUBIC SPLINE INTERPOLATION
 using   5000.0 points per unit in tabled values
 TESTING RELATIVE ERROR over r ranging from 0.0 to cutoff
| CHECK switch(x): max rel err =   0.2738E-14   at   2.422500
| CHECK d/dx switch(x): max rel err =   0.8314E-11   at   2.736960
 ---------------------------------------------------
|---------------------------------------------------
| APPROXIMATING direct energy using CUBIC SPLINE INTERPOLATION
|  with   50.0 points per unit in tabled values
| Relative Error Limit not exceeded for r .gt.   2.39
| APPROXIMATING direct force using CUBIC SPLINE INTERPOLATION
|  with   50.0 points per unit in tabled values
| Relative Error Limit not exceeded for r .gt.   2.84
|---------------------------------------------------

 NSTEP =      500   TIME(PS) =      20.250  TEMP(K) =   297.66  PRESS =     0.0
 Etot   =    -52293.0122  EKtot   =     20479.1074  EPtot      =    -72772.1197
 BOND   =     12693.3456  ANGLE   =      1007.3798  DIHED      =      1318.6698
 1-4 NB =       443.0049  1-4 EEL =      4648.7311  VDWAALS    =     12703.9350
 EELEC  =   -105587.1858  EHBOND  =         0.0000  RESTRAINT  =         0.0000
 ------------------------------------------------------------------------------

check COM velocity, temp:        0.002347     0.01(Removed)

 NSTEP =     1000   TIME(PS) =      20.500  TEMP(K) =   297.15  PRESS =     0.0
 Etot   =    -52287.5478  EKtot   =     20443.9805  EPtot      =    -72731.5282
 BOND   =     12840.1747  ANGLE   =      1009.6482  DIHED      =      1315.3580
 1-4 NB =       429.1258  1-4 EEL =      4607.5269  VDWAALS    =     13239.2853
 EELEC  =   -106172.6472  EHBOND  =         0.0000  RESTRAINT  =         0.0000
 ------------------------------------------------------------------------------


 NSTEP =     1500   TIME(PS) =      20.750  TEMP(K) =   298.26  PRESS =     0.0
 Etot   =    -52291.7434  EKtot   =     20520.2402  EPtot      =    -72811.9836
 BOND   =     12885.5179  ANGLE   =       947.3810  DIHED      =      1318.8116
 1-4 NB =       439.0927  1-4 EEL =      4608.6231  VDWAALS    =     12914.8650
 EELEC  =   -105926.2749  EHBOND  =         0.0000  RESTRAINT  =         0.0000
 ------------------------------------------------------------------------------

check COM velocity, temp:        0.000006     0.00(Removed)

 NSTEP =     2000   TIME(PS) =      21.000  TEMP(K) =   298.23  PRESS =     0.0
 Etot   =    -52290.8580  EKtot   =     20517.8555  EPtot      =    -72808.7134
 BOND   =     12710.3644  ANGLE   =      1002.6361  DIHED      =      1309.3658
 1-4 NB =       451.7091  1-4 EEL =      4663.5624  VDWAALS    =     12646.3240
 EELEC  =   -105592.6751  EHBOND  =         0.0000  RESTRAINT  =         0.0000
 ------------------------------------------------------------------------------


 NSTEP =     2500   TIME(PS) =      21.250  TEMP(K) =   299.47  PRESS =     0.0
 Etot   =    -52295.8401  EKtot   =     20603.3906  EPtot      =    -72899.2307
 BOND   =     12630.5647  ANGLE   =       992.1484  DIHED      =      1322.3694
 1-4 NB =       450.4762  1-4 EEL =      4620.1347  VDWAALS    =     12637.6149
 EELEC  =   -105552.5390  EHBOND  =         0.0000  RESTRAINT  =         0.0000
 ------------------------------------------------------------------------------

check COM velocity, temp:        0.000005     0.00(Removed)

 NSTEP =     3000   TIME(PS) =      21.500  TEMP(K) =   299.93  PRESS =     0.0
 Etot   =    -52293.3970  EKtot   =     20635.1562  EPtot      =    -72928.5532
 BOND   =     12598.7299  ANGLE   =       995.2658  DIHED      =      1302.8593
 1-4 NB =       439.4853  1-4 EEL =      4653.8043  VDWAALS    =     12951.5865
 EELEC  =   -105870.2842  EHBOND  =         0.0000  RESTRAINT  =         0.0000
 ------------------------------------------------------------------------------


 NSTEP =     3500   TIME(PS) =      21.750  TEMP(K) =   295.38  PRESS =     0.0
 Etot   =    -52289.2882  EKtot   =     20321.9863  EPtot      =    -72611.2745
 BOND   =     12805.9012  ANGLE   =       999.8724  DIHED      =      1308.8338
 1-4 NB =       445.5516  1-4 EEL =      4627.0653  VDWAALS    =     12560.9314
 EELEC  =   -105359.4302  EHBOND  =         0.0000  RESTRAINT  =         0.0000
 ------------------------------------------------------------------------------

check COM velocity, temp:        0.000004     0.00(Removed)

 NSTEP =     4000   TIME(PS) =      22.000  TEMP(K) =   297.76  PRESS =     0.0
 Etot   =    -52290.8904  EKtot   =     20485.4961  EPtot      =    -72776.3865
 BOND   =     12692.7617  ANGLE   =      1012.3014  DIHED      =      1330.8296
 1-4 NB =       418.2006  1-4 EEL =      4608.3568  VDWAALS    =     12743.4138
 EELEC  =   -105582.2505  EHBOND  =         0.0000  RESTRAINT  =         0.0000
 ------------------------------------------------------------------------------


 NSTEP =     4500   TIME(PS) =      22.250  TEMP(K) =   297.85  PRESS =     0.0
 Etot   =    -52290.2369  EKtot   =     20491.7207  EPtot      =    -72781.9576
 BOND   =     12724.1367  ANGLE   =      1002.3012  DIHED      =      1317.8241
 1-4 NB =       444.1921  1-4 EEL =      4666.7387  VDWAALS    =     13048.7677
 EELEC  =   -105985.9181  EHBOND  =         0.0000  RESTRAINT  =         0.0000
 ------------------------------------------------------------------------------

check COM velocity, temp:        0.000006     0.00(Removed)

 NSTEP =     5000   TIME(PS) =      22.500  TEMP(K) =   296.47  PRESS =     0.0
 Etot   =    -52289.9683  EKtot   =     20396.6855  EPtot      =    -72686.6539
 BOND   =     12687.2753  ANGLE   =      1002.7547  DIHED      =      1297.4480
 1-4 NB =       443.0079  1-4 EEL =      4688.0901  VDWAALS    =     12779.3435
 EELEC  =   -105584.5733  EHBOND  =         0.0000  RESTRAINT  =         0.0000
 ------------------------------------------------------------------------------


 NSTEP =     5500   TIME(PS) =      22.750  TEMP(K) =   297.50  PRESS =     0.0
 Etot   =    -52293.7246  EKtot   =     20467.6758  EPtot      =    -72761.4004
 BOND   =     12809.8052  ANGLE   =      1017.2694  DIHED      =      1312.5163
 1-4 NB =       437.0929  1-4 EEL =      4651.7201  VDWAALS    =     12925.4739
 EELEC  =   -105915.2781  EHBOND  =         0.0000  RESTRAINT  =         0.0000
 ------------------------------------------------------------------------------

check COM velocity, temp:        0.000007     0.00(Removed)

 NSTEP =     6000   TIME(PS) =      23.000  TEMP(K) =   297.29  PRESS =     0.0
 Etot   =    -52291.3593  EKtot   =     20453.2656  EPtot      =    -72744.6249
 BOND   =     12752.4121  ANGLE   =      1023.1089  DIHED      =      1340.2097
 1-4 NB =       432.2603  1-4 EEL =      4639.5879  VDWAALS    =     12715.9327
 EELEC  =   -105648.1365  EHBOND  =         0.0000  RESTRAINT  =         0.0000
 ------------------------------------------------------------------------------


 NSTEP =     6500   TIME(PS) =      23.250  TEMP(K) =   297.72  PRESS =     0.0
 Etot   =    -52288.0500  EKtot   =     20482.8633  EPtot      =    -72770.9133
 BOND   =     12807.8450  ANGLE   =      1016.3716  DIHED      =      1322.8040
 1-4 NB =       441.0316  1-4 EEL =      4671.5004  VDWAALS    =     12754.5446
 EELEC  =   -105785.0105  EHBOND  =         0.0000  RESTRAINT  =         0.0000
 ------------------------------------------------------------------------------

check COM velocity, temp:        0.000003     0.00(Removed)

 NSTEP =     7000   TIME(PS) =      23.500  TEMP(K) =   299.88  PRESS =     0.0
 Etot   =    -52293.4281  EKtot   =     20631.8066  EPtot      =    -72925.2347
 BOND   =     12699.9706  ANGLE   =      1036.7881  DIHED      =      1319.2611
 1-4 NB =       431.7695  1-4 EEL =      4613.1974  VDWAALS    =     12852.0213
 EELEC  =   -105878.2427  EHBOND  =         0.0000  RESTRAINT  =         0.0000
 ------------------------------------------------------------------------------


 NSTEP =     7500   TIME(PS) =      23.750  TEMP(K) =   299.16  PRESS =     0.0
 Etot   =    -52296.0746  EKtot   =     20581.7988  EPtot      =    -72877.8734
 BOND   =     12871.8691  ANGLE   =      1057.1349  DIHED      =      1313.4257
 1-4 NB =       433.0947  1-4 EEL =      4631.2209  VDWAALS    =     12913.3057
 EELEC  =   -106097.9244  EHBOND  =         0.0000  RESTRAINT  =         0.0000
 ------------------------------------------------------------------------------

check COM velocity, temp:        0.000006     0.00(Removed)

 NSTEP =     8000   TIME(PS) =      24.000  TEMP(K) =   298.49  PRESS =     0.0
 Etot   =    -52295.5767  EKtot   =     20535.8594  EPtot      =    -72831.4360
 BOND   =     12675.3963  ANGLE   =      1077.8614  DIHED      =      1315.3855
 1-4 NB =       440.7189  1-4 EEL =      4678.8670  VDWAALS    =     12716.1727
 EELEC  =   -105735.8378  EHBOND  =         0.0000  RESTRAINT  =         0.0000
 ------------------------------------------------------------------------------


 NSTEP =     8500   TIME(PS) =      24.250  TEMP(K) =   297.26  PRESS =     0.0
 Etot   =    -52295.5624  EKtot   =     20451.2207  EPtot      =    -72746.7831
 BOND   =     12552.7776  ANGLE   =      1047.1450  DIHED      =      1341.0052
 1-4 NB =       448.2383  1-4 EEL =      4602.8541  VDWAALS    =     12977.5120
 EELEC  =   -105716.3153  EHBOND  =         0.0000  RESTRAINT  =         0.0000
 ------------------------------------------------------------------------------

check COM velocity, temp:        0.000010     0.00(Removed)

 NSTEP =     9000   TIME(PS) =      24.500  TEMP(K) =   300.76  PRESS =     0.0
 Etot   =    -52296.0183  EKtot   =     20691.9414  EPtot      =    -72987.9597
 BOND   =     12521.2268  ANGLE   =       953.6148  DIHED      =      1313.8301
 1-4 NB =       457.6285  1-4 EEL =      4689.8890  VDWAALS    =     12917.6662
 EELEC  =   -105841.8150  EHBOND  =         0.0000  RESTRAINT  =         0.0000
 ------------------------------------------------------------------------------


 NSTEP =     9500   TIME(PS) =      24.750  TEMP(K) =   297.93  PRESS =     0.0
 Etot   =    -52290.2095  EKtot   =     20497.3301  EPtot      =    -72787.5396
 BOND   =     12825.4385  ANGLE   =       969.9289  DIHED      =      1341.9211
 1-4 NB =       448.9577  1-4 EEL =      4665.1521  VDWAALS    =     12662.3489
 EELEC  =   -105701.2868  EHBOND  =         0.0000  RESTRAINT  =         0.0000
 ------------------------------------------------------------------------------

check COM velocity, temp:        0.000005     0.00(Removed)

 NSTEP =    10000   TIME(PS) =      25.000  TEMP(K) =   299.17  PRESS =     0.0
 Etot   =    -52291.2797  EKtot   =     20582.7188  EPtot      =    -72873.9985
 BOND   =     12600.8987  ANGLE   =       981.2968  DIHED      =      1336.1700
 1-4 NB =       445.8429  1-4 EEL =      4681.5929  VDWAALS    =     12796.5400
 EELEC  =   -105716.3398  EHBOND  =         0.0000  RESTRAINT  =         0.0000
 ------------------------------------------------------------------------------


 NSTEP =    10500   TIME(PS) =      25.250  TEMP(K) =   298.91  PRESS =     0.0
 Etot   =    -52291.5478  EKtot   =     20565.0566  EPtot      =    -72856.6045
 BOND   =     12727.6745  ANGLE   =      1013.1915  DIHED      =      1327.7027
 1-4 NB =       440.0939  1-4 EEL =      4655.9872  VDWAALS    =     12845.9987
 EELEC  =   -105867.2530  EHBOND  =         0.0000  RESTRAINT  =         0.0000
 ------------------------------------------------------------------------------

check COM velocity, temp:        0.000006     0.00(Removed)

 NSTEP =    11000   TIME(PS) =      25.500  TEMP(K) =   297.75  PRESS =     0.0
 Etot   =    -52295.9003  EKtot   =     20485.1328  EPtot      =    -72781.0331
 BOND   =     12624.7173  ANGLE   =      1042.0111  DIHED      =      1319.8121
 1-4 NB =       443.9036  1-4 EEL =      4641.9195  VDWAALS    =     12469.6062
 EELEC  =   -105323.0029  EHBOND  =         0.0000  RESTRAINT  =         0.0000
 ------------------------------------------------------------------------------


 NSTEP =    11500   TIME(PS) =      25.750  TEMP(K) =   300.56  PRESS =     0.0
 Etot   =    -52299.4341  EKtot   =     20678.1836  EPtot      =    -72977.6177
 BOND   =     12649.6425  ANGLE   =      1019.2567  DIHED      =      1297.1720
 1-4 NB =       449.7921  1-4 EEL =      4680.1778  VDWAALS    =     12789.1166
 EELEC  =   -105862.7754  EHBOND  =         0.0000  RESTRAINT  =         0.0000
 ------------------------------------------------------------------------------

check COM velocity, temp:        0.000006     0.00(Removed)

 NSTEP =    12000   TIME(PS) =      26.000  TEMP(K) =   297.32  PRESS =     0.0
 Etot   =    -52294.1049  EKtot   =     20455.6816  EPtot      =    -72749.7865
 BOND   =     12733.1277  ANGLE   =      1031.6502  DIHED      =      1308.6442
 1-4 NB =       455.7095  1-4 EEL =      4666.9728  VDWAALS    =     12845.6021
 EELEC  =   -105791.4931  EHBOND  =         0.0000  RESTRAINT  =         0.0000
 ------------------------------------------------------------------------------


 NSTEP =    12500   TIME(PS) =      26.250  TEMP(K) =   298.56  PRESS =     0.0
 Etot   =    -52294.8843  EKtot   =     20540.4746  EPtot      =    -72835.3589
 BOND   =     12693.9377  ANGLE   =      1033.2077  DIHED      =      1311.9052
 1-4 NB =       445.6835  1-4 EEL =      4625.6128  VDWAALS    =     12723.1411
 EELEC  =   -105668.8469  EHBOND  =         0.0000  RESTRAINT  =         0.0000
 ------------------------------------------------------------------------------

check COM velocity, temp:        0.000001     0.00(Removed)

 NSTEP =    13000   TIME(PS) =      26.500  TEMP(K) =   298.02  PRESS =     0.0
 Etot   =    -52292.0394  EKtot   =     20503.4609  EPtot      =    -72795.5003
 BOND   =     12799.1394  ANGLE   =      1000.5934  DIHED      =      1314.6343
 1-4 NB =       429.2115  1-4 EEL =      4653.9726  VDWAALS    =     12822.6532
 EELEC  =   -105815.7047  EHBOND  =         0.0000  RESTRAINT  =         0.0000
 ------------------------------------------------------------------------------


 NSTEP =    13500   TIME(PS) =      26.750  TEMP(K) =   297.89  PRESS =     0.0
 Etot   =    -52291.6356  EKtot   =     20495.0000  EPtot      =    -72786.6356
 BOND   =     12722.3982  ANGLE   =      1064.1793  DIHED      =      1328.9468
 1-4 NB =       445.1476  1-4 EEL =      4636.7665  VDWAALS    =     12694.4038
 EELEC  =   -105678.4778  EHBOND  =         0.0000  RESTRAINT  =         0.0000
 ------------------------------------------------------------------------------

check COM velocity, temp:        0.000012     0.00(Removed)

 NSTEP =    14000   TIME(PS) =      27.000  TEMP(K) =   299.04  PRESS =     0.0
 Etot   =    -52293.5955  EKtot   =     20573.6680  EPtot      =    -72867.2634
 BOND   =     12646.3568  ANGLE   =      1014.7180  DIHED      =      1312.3203
 1-4 NB =       451.2311  1-4 EEL =      4671.8233  VDWAALS    =     12697.5828
 EELEC  =   -105661.2958  EHBOND  =         0.0000  RESTRAINT  =         0.0000
 ------------------------------------------------------------------------------


 NSTEP =    14500   TIME(PS) =      27.250  TEMP(K) =   297.91  PRESS =     0.0
 Etot   =    -52292.5767  EKtot   =     20495.8691  EPtot      =    -72788.4458
 BOND   =     12672.2858  ANGLE   =      1046.0734  DIHED      =      1314.1239
 1-4 NB =       445.0747  1-4 EEL =      4634.8555  VDWAALS    =     12568.3939
 EELEC  =   -105469.2530  EHBOND  =         0.0000  RESTRAINT  =         0.0000
 ------------------------------------------------------------------------------

check COM velocity, temp:        0.000001     0.00(Removed)

 NSTEP =    15000   TIME(PS) =      27.500  TEMP(K) =   297.41  PRESS =     0.0
 Etot   =    -52289.6507  EKtot   =     20461.3516  EPtot      =    -72751.0022
 BOND   =     12658.8482  ANGLE   =      1049.6738  DIHED      =      1309.8632
 1-4 NB =       442.0076  1-4 EEL =      4656.9468  VDWAALS    =     12653.6804
 EELEC  =   -105522.0222  EHBOND  =         0.0000  RESTRAINT  =         0.0000
 ------------------------------------------------------------------------------


 NSTEP =    15500   TIME(PS) =      27.750  TEMP(K) =   299.49  PRESS =     0.0
 Etot   =    -52287.7897  EKtot   =     20604.8145  EPtot      =    -72892.6042
 BOND   =     12817.7887  ANGLE   =      1032.4792  DIHED      =      1309.0859
 1-4 NB =       429.5035  1-4 EEL =      4632.1709  VDWAALS    =     12789.9957
 EELEC  =   -105903.6280  EHBOND  =         0.0000  RESTRAINT  =         0.0000
 ------------------------------------------------------------------------------

check COM velocity, temp:        0.000003     0.00(Removed)

 NSTEP =    16000   TIME(PS) =      28.000  TEMP(K) =   299.50  PRESS =     0.0
 Etot   =    -52293.3780  EKtot   =     20605.2148  EPtot      =    -72898.5928
 BOND   =     12594.2873  ANGLE   =      1036.4307  DIHED      =      1316.2612
 1-4 NB =       442.3249  1-4 EEL =      4685.1696  VDWAALS    =     12840.6729
 EELEC  =   -105813.7394  EHBOND  =         0.0000  RESTRAINT  =         0.0000
 ------------------------------------------------------------------------------


 NSTEP =    16500   TIME(PS) =      28.250  TEMP(K) =   299.20  PRESS =     0.0
 Etot   =    -52293.9962  EKtot   =     20584.6250  EPtot      =    -72878.6212
 BOND   =     12624.2713  ANGLE   =      1024.9000  DIHED      =      1315.4821
 1-4 NB =       464.8672  1-4 EEL =      4653.8444  VDWAALS    =     12671.4338
 EELEC  =   -105633.4200  EHBOND  =         0.0000  RESTRAINT  =         0.0000
 ------------------------------------------------------------------------------

check COM velocity, temp:        0.000006     0.00(Removed)

 NSTEP =    17000   TIME(PS) =      28.500  TEMP(K) =   298.57  PRESS =     0.0
 Etot   =    -52292.5444  EKtot   =     20541.5215  EPtot      =    -72834.0658
 BOND   =     12718.7726  ANGLE   =      1024.2679  DIHED      =      1311.6038
 1-4 NB =       439.4595  1-4 EEL =      4630.3978  VDWAALS    =     13103.6759
 EELEC  =   -106062.2434  EHBOND  =         0.0000  RESTRAINT  =         0.0000
 ------------------------------------------------------------------------------


 NSTEP =    17500   TIME(PS) =      28.750  TEMP(K) =   298.11  PRESS =     0.0
 Etot   =    -52289.6846  EKtot   =     20509.6426  EPtot      =    -72799.3272
 BOND   =     12636.9906  ANGLE   =      1053.1828  DIHED      =      1314.1710
 1-4 NB =       433.6699  1-4 EEL =      4631.2757  VDWAALS    =     12687.4277
 EELEC  =   -105556.0448  EHBOND  =         0.0000  RESTRAINT  =         0.0000
 ------------------------------------------------------------------------------

check COM velocity, temp:        0.000004     0.00(Removed)

 NSTEP =    18000   TIME(PS) =      29.000  TEMP(K) =   297.53  PRESS =     0.0
 Etot   =    -52290.2745  EKtot   =     20469.8242  EPtot      =    -72760.0987
 BOND   =     12686.3117  ANGLE   =      1014.9682  DIHED      =      1325.1008
 1-4 NB =       448.3505  1-4 EEL =      4704.2460  VDWAALS    =     12658.1962
 EELEC  =   -105597.2721  EHBOND  =         0.0000  RESTRAINT  =         0.0000
 ------------------------------------------------------------------------------


 NSTEP =    18500   TIME(PS) =      29.250  TEMP(K) =   300.35  PRESS =     0.0
 Etot   =    -52290.6046  EKtot   =     20664.1523  EPtot      =    -72954.7569
 BOND   =     12720.7643  ANGLE   =      1039.4614  DIHED      =      1324.5238
 1-4 NB =       442.0079  1-4 EEL =      4617.9918  VDWAALS    =     13044.4621
 EELEC  =   -106143.9683  EHBOND  =         0.0000  RESTRAINT  =         0.0000
 ------------------------------------------------------------------------------

check COM velocity, temp:        0.000009     0.00(Removed)

 NSTEP =    19000   TIME(PS) =      29.500  TEMP(K) =   298.31  PRESS =     0.0
 Etot   =    -52287.7384  EKtot   =     20523.7422  EPtot      =    -72811.4805
 BOND   =     12722.5903  ANGLE   =      1031.6826  DIHED      =      1309.4177
 1-4 NB =       451.9486  1-4 EEL =      4647.6306  VDWAALS    =     12911.3415
 EELEC  =   -105886.0919  EHBOND  =         0.0000  RESTRAINT  =         0.0000
 ------------------------------------------------------------------------------


 NSTEP =    19500   TIME(PS) =      29.750  TEMP(K) =   299.08  PRESS =     0.0
 Etot   =    -52294.3484  EKtot   =     20576.6055  EPtot      =    -72870.9538
 BOND   =     12665.5348  ANGLE   =      1002.4956  DIHED      =      1323.7962
 1-4 NB =       441.6736  1-4 EEL =      4668.6384  VDWAALS    =     12803.8131
 EELEC  =   -105776.9055  EHBOND  =         0.0000  RESTRAINT  =         0.0000
 ------------------------------------------------------------------------------

check COM velocity, temp:        0.000008     0.00(Removed)

 NSTEP =    20000   TIME(PS) =      30.000  TEMP(K) =   297.44  PRESS =     0.0
 Etot   =    -52292.0964  EKtot   =     20463.9961  EPtot      =    -72756.0925
 BOND   =     12714.0007  ANGLE   =       991.8685  DIHED      =      1318.7305
 1-4 NB =       440.6755  1-4 EEL =      4702.1925  VDWAALS    =     12859.7960
 EELEC  =   -105783.3561  EHBOND  =         0.0000  RESTRAINT  =         0.0000
 ------------------------------------------------------------------------------


      A V E R A G E S   O V E R      40 S T E P S


 NSTEP =    20000   TIME(PS) =      30.000  TEMP(K) =   298.36  PRESS =     0.0
 Etot   =    -52292.2972  EKtot   =     20526.7529  EPtot      =    -72819.0502
 BOND   =     12705.3963  ANGLE   =      1017.9625  DIHED      =      1317.8049
 1-4 NB =       442.5704  1-4 EEL =      4650.4202  VDWAALS    =     12798.4645
 EELEC  =   -105751.6690  EHBOND  =         0.0000  RESTRAINT  =         0.0000
 ------------------------------------------------------------------------------


      R M S  F L U C T U A T I O N S


 NSTEP =    20000   TIME(PS) =      30.000  TEMP(K) =     1.12  PRESS =     0.0
 Etot   =         2.6647  EKtot   =        76.7488  EPtot      =        77.9800
 BOND   =        83.5618  ANGLE   =        27.5189  DIHED      =        10.3332
 1-4 NB =         8.6676  1-4 EEL =        26.8960  VDWAALS    =       154.7831
 EELEC  =       194.1755  EHBOND  =         0.0000  RESTRAINT  =         0.0000
|E(PBS) =         0.7165
 ------------------------------------------------------------------------------

--------------------------------------------------------------------------------
   5.  TIMINGS
--------------------------------------------------------------------------------

|  NonSetup CPU Time in Major Routines:
|
|     Routine           Sec        %
|     ------------------------------
|     Nonbond           4.13   10.62
|     Bond              0.00    0.00
|     Angle             0.00    0.00
|     Dihedral          0.00    0.00
|     Shake             0.00    0.00
|     RunMD            34.74   89.26
|     Other             0.05    0.12
|     ------------------------------
|     Total            38.92

|  PME Nonbond Pairlist CPU Time:
|
|     Routine              Sec        %
|     ---------------------------------
|     Set Up Cit           0.00    0.00
|     Build List           0.00    0.00
|     ---------------------------------
|     Total                0.00    0.00

|  PME Direct Force CPU Time:
|
|     Routine              Sec        %
|     ---------------------------------
|     NonBonded Calc       0.00    0.00
|     Exclude Masked       0.00    0.00
|     Other                0.03    0.07
|     ---------------------------------
|     Total                0.03    0.07

|  PME Reciprocal Force CPU Time:
|
|     Routine              Sec        %
|     ---------------------------------
|     1D bspline           0.00    0.00
|     Grid Charges         0.00    0.00
|     Scalar Sum           0.00    0.00
|     Gradient Sum         0.00    0.00
|     FFT                  0.00    0.00
|     ---------------------------------
|     Total                0.00    0.00

|  Final Performance Info:
|     -----------------------------------------------------
|     Average timings for last   19500 steps:
|     Elapsed(s) =      40.48 Per Step(ms) =       2.08
|         ns/day =      20.81   seconds/ns =    4152.25
|
|     Average timings for all steps:
|     Elapsed(s) =      41.40 Per Step(ms) =       2.07
|         ns/day =      20.87   seconds/ns =    4139.56
|     -----------------------------------------------------

|  Setup CPU time:            3.02 seconds
|  NonSetup CPU time:        38.92 seconds
|  Total CPU time:           41.94 seconds     0.01 hours

|  Setup wall time:           5    seconds
|  NonSetup wall time:       41    seconds
|  Total wall time:          46    seconds     0.01 hours
