
          -------------------------------------------------------
          Amber 16 PMEMD                              2016
          -------------------------------------------------------

| PMEMD implementation of SANDER, Release 16

| Run on 08/24/2017 at 13:19:55

|   Executable path: /apps/amber16/bin/pmemd.cuda
| Working directory: /scratch/pbarletta/pdz/run/lb/neq/data/3
|          Hostname: mordor

  [-O]verwriting output

File Assignments:
|   MDIN: pdt.in                                                                
|  MDOUT: 229plb_3.out                                                          
| INPCRD: ../2/229plb_2.rst7                                                    
|   PARM: /scratch/pbarletta/pdz/top_files/lb.prmtop                            
| RESTRT: 229plb_3.rst7                                                         
|   REFC: refc                                                                  
|  MDVEL: mdvel                                                                 
|   MDEN: mden                                                                  
|  MDCRD: 229plb_3.nc                                                           
| MDINFO: mdinfo                                                                
|  MDFRC: mdfrc                                                                 


 Here is the input file:

!NVE run                                                                       
&cntrl                                                                         
imin = 0,                           ! No Minimization                          
nmropt = 0,                         ! No NMR restraints read                   
                                                                               
! Nature and format of the input                                               
ntx = 5,                            ! Coordinates and velocities will be read  
irest = 1,                          ! Do not run a new simulation              
                                                                               
! Nature and format of the output                                              
ioutfm = 1,			    ! NetCDF format for output files                             
ntxo = 1,                           ! rstrt file in ASCII format               
ntpr = 500,                         ! inf in output every ntpr steps           
ntwr = 500,                         ! rstrt file every ntwr steps              
ntwx = 20,                          ! mdcrd file every ntwx steps              
ntwv = -1,                          ! mdvel without velocities                 
ntwe = 0,                           ! Energies and temperatures not written in 
idecomp = 0,                        ! No energy decomposition                  
iwrap = 1,                          ! Coordinates of the restart and mdcrd file
                                                                               
! Frozen or restrained atoms                                                   
ibelly = 0,                         ! No frozen atoms                          
ntr=0,                              ! Harmonic potential restraints            
                                                                               
! Molecular dynamics                                                           
nstlim = 20000,                     ! Number of MD-steps                       
dt = 0.0005,                        ! Time step                                
                                                                               
! Temperature regulation                                                       
ntt = 0,                            ! Constant total energy                    
                                                                               
! P and V regulation                                                           
ntp = 0,                            ! No P control                             
ntb = 1,                            ! constant V                               
                                                                               
! SHAKE variables                                                              
ntc = 1,                            ! Bonds involving H are constrained        
ntf = 1,                            ! Bond interaction involving H are ommited.
                                                                               
cut = 9.0,                          ! Nonbonded cutoff                         
/                                                                              
&end                                                                           


Note: ig = -1. Setting random seed to   181496 based on wallclock time in 
      microseconds.
| irandom = 1, using AMBER's internal random number generator (default).
 
|--------------------- INFORMATION ----------------------
| GPU (CUDA) Version of PMEMD in use: NVIDIA GPU IN USE.
|                    Version 16.0.0
| 
|                      02/25/2016
| 
| Implementation by:
|                    Ross C. Walker     (SDSC)
|                    Scott Le Grand     (nVIDIA)
| 
| Precision model in use:
|      [SPFP] - Single Precision Forces, 64-bit Fixed Point
|               Accumulation. (Default)
| 
|--------------------------------------------------------
 
|----------------- CITATION INFORMATION -----------------
|
|    When publishing work that utilized the CUDA version
|    of AMBER, please cite the following in addition to
|    the regular AMBER citations:
|
|  - Romelia Salomon-Ferrer; Andreas W. Goetz; Duncan
|    Poole; Scott Le Grand; Ross C. Walker "Routine
|    microsecond molecular dynamics simulations with
|    AMBER - Part II: Particle Mesh Ewald", J. Chem.
|    Theory Comput., 2013, 9 (9), pp3878-3888,
|    DOI: 10.1021/ct400314y.
|
|  - Andreas W. Goetz; Mark J. Williamson; Dong Xu;
|    Duncan Poole; Scott Le Grand; Ross C. Walker
|    "Routine microsecond molecular dynamics simulations
|    with AMBER - Part I: Generalized Born", J. Chem.
|    Theory Comput., 2012, 8 (5), pp1542-1555.
|
|  - Scott Le Grand; Andreas W. Goetz; Ross C. Walker
|    "SPFP: Speed without compromise - a mixed precision
|    model for GPU accelerated molecular dynamics
|    simulations.", Comp. Phys. Comm., 2013, 184
|    pp374-380, DOI: 10.1016/j.cpc.2012.09.022
|
|--------------------------------------------------------
 
|------------------- GPU DEVICE INFO --------------------
|
|            CUDA_VISIBLE_DEVICES: 1
|   CUDA Capable Devices Detected:      1
|           CUDA Device ID in use:      0
|                CUDA Device Name: GeForce GTX TITAN
|     CUDA Device Global Mem Size:   6082 MB
| CUDA Device Num Multiprocessors:     14
|           CUDA Device Core Freq:   0.93 GHz
|
|--------------------------------------------------------
 
 
| Conditional Compilation Defines Used:
| PUBFFT
| BINTRAJ
| CUDA
| EMIL

| Largest sphere to fit in unit cell has radius =    26.281

| New format PARM file being parsed.
| Version =    1.000 Date = 09/04/12 Time = 16:08:43

| Note: 1-4 EEL scale factors are being read from the topology file.

| Note: 1-4 VDW scale factors are being read from the topology file.
| Duplicated    0 dihedrals

| Duplicated    0 dihedrals

--------------------------------------------------------------------------------
   1.  RESOURCE   USE: 
--------------------------------------------------------------------------------

 getting new box info from bottom of inpcrd
 NATOM  =   23082 NTYPES =      16 NBONH =   22055 MBONA  =    1038
 NTHETH =    2390 MTHETA =    1396 NPHIH =    4631 MPHIA  =    3488
 NHPARM =       0 NPARM  =       0 NNB   =   39434 NRES   =    7134
 NBONA  =    1038 NTHETA =    1396 NPHIA =    3488 NUMBND =      41
 NUMANG =      86 NPTRA  =      41 NATYP =      28 NPHB   =       1
 IFBOX  =       1 NMXRS  =      24 IFCAP =       0 NEXTRA =       0
 NCOPY  =       0

| Coordinate Index Table dimensions:    12   14   10
| Direct force subcell size =     5.0212    5.2012    5.2562

     BOX TYPE: RECTILINEAR

--------------------------------------------------------------------------------
   2.  CONTROL  DATA  FOR  THE  RUN
--------------------------------------------------------------------------------

default_name                                                                    

General flags:
     imin    =       0, nmropt  =       0

Nature and format of input:
     ntx     =       5, irest   =       1, ntrx    =       1

Nature and format of output:
     ntxo    =       1, ntpr    =     500, ntrx    =       1, ntwr    =     500
     iwrap   =       1, ntwx    =      20, ntwv    =      -1, ntwe    =       0
     ioutfm  =       1, ntwprt  =       0, idecomp =       0, rbornstat=      0

Potential function:
     ntf     =       1, ntb     =       1, igb     =       0, nsnb    =      25
     ipol    =       0, gbsa    =       0, iesp    =       0
     dielc   =   1.00000, cut     =   9.00000, intdiel =   1.00000

Frozen or restrained atoms:
     ibelly  =       0, ntr     =       0

Molecular dynamics:
     nstlim  =     20000, nscm    =      1000, nrespa  =         1
     t       =   0.00000, dt      =   0.00050, vlimit  =  -1.00000

| Intermolecular bonds treatment:
|     no_intermolecular_bonds =       1

| Energy averages sample interval:
|     ene_avg_sampling =     500

Ewald parameters:
     verbose =       0, ew_type =       0, nbflag  =       1, use_pme =       1
     vdwmeth =       1, eedmeth =       1, netfrc  =       1
     Box X =   60.254   Box Y =   72.816   Box Z =   52.562
     Alpha =   90.000   Beta  =   90.000   Gamma =   90.000
     NFFT1 =   64       NFFT2 =   80       NFFT3 =   56
     Cutoff=    9.000   Tol   =0.100E-04
     Ewald Coefficient =  0.30768
     Interpolation order =    4

--------------------------------------------------------------------------------
   3.  ATOMIC COORDINATES AND VELOCITIES
--------------------------------------------------------------------------------

default_name                                                                    
 begin time read from input coords =    20.000 ps

 
 Number of triangulated 3-point waters found:     7002

     Sum of charges from parm topology file =  -0.00000008
     Forcing neutrality...

| Dynamic Memory, Types Used:
| Reals              710578
| Integers           737140

| Nonbonded Pairs Initial Allocation:     5262696

| GPU memory information (estimate):
| KB of GPU memory in use:     63171
| KB of CPU memory in use:     27891

--------------------------------------------------------------------------------
   4.  RESULTS
--------------------------------------------------------------------------------

 ---------------------------------------------------
 APPROXIMATING switch and d/dx switch using CUBIC SPLINE INTERPOLATION
 using   5000.0 points per unit in tabled values
 TESTING RELATIVE ERROR over r ranging from 0.0 to cutoff
| CHECK switch(x): max rel err =   0.2738E-14   at   2.422500
| CHECK d/dx switch(x): max rel err =   0.8314E-11   at   2.736960
 ---------------------------------------------------
|---------------------------------------------------
| APPROXIMATING direct energy using CUBIC SPLINE INTERPOLATION
|  with   50.0 points per unit in tabled values
| Relative Error Limit not exceeded for r .gt.   2.39
| APPROXIMATING direct force using CUBIC SPLINE INTERPOLATION
|  with   50.0 points per unit in tabled values
| Relative Error Limit not exceeded for r .gt.   2.84
|---------------------------------------------------

 NSTEP =      500   TIME(PS) =      20.250  TEMP(K) =   299.28  PRESS =     0.0
 Etot   =    -51872.8640  EKtot   =     20590.2285  EPtot      =    -72463.0925
 BOND   =     13023.2618  ANGLE   =      1071.8933  DIHED      =      1331.4586
 1-4 NB =       436.6522  1-4 EEL =      4552.4532  VDWAALS    =     12902.6944
 EELEC  =   -105781.5059  EHBOND  =         0.0000  RESTRAINT  =         0.0000
 ------------------------------------------------------------------------------

check COM velocity, temp:        0.003983     0.02(Removed)

 NSTEP =     1000   TIME(PS) =      20.500  TEMP(K) =   301.06  PRESS =     0.0
 Etot   =    -51878.5853  EKtot   =     20713.0273  EPtot      =    -72591.6127
 BOND   =     12698.2627  ANGLE   =      1042.9780  DIHED      =      1309.4909
 1-4 NB =       438.8541  1-4 EEL =      4567.9037  VDWAALS    =     12824.8899
 EELEC  =   -105473.9918  EHBOND  =         0.0000  RESTRAINT  =         0.0000
 ------------------------------------------------------------------------------


 NSTEP =     1500   TIME(PS) =      20.750  TEMP(K) =   300.29  PRESS =     0.0
 Etot   =    -51877.0997  EKtot   =     20659.7812  EPtot      =    -72536.8810
 BOND   =     12996.0396  ANGLE   =      1068.2975  DIHED      =      1301.5073
 1-4 NB =       456.1194  1-4 EEL =      4559.7765  VDWAALS    =     12915.3328
 EELEC  =   -105833.9540  EHBOND  =         0.0000  RESTRAINT  =         0.0000
 ------------------------------------------------------------------------------

check COM velocity, temp:        0.000004     0.00(Removed)

 NSTEP =     2000   TIME(PS) =      21.000  TEMP(K) =   303.96  PRESS =     0.0
 Etot   =    -51880.8679  EKtot   =     20912.6016  EPtot      =    -72793.4695
 BOND   =     12761.2789  ANGLE   =       995.0782  DIHED      =      1317.5671
 1-4 NB =       444.6386  1-4 EEL =      4625.4778  VDWAALS    =     12380.2701
 EELEC  =   -105317.7804  EHBOND  =         0.0000  RESTRAINT  =         0.0000
 ------------------------------------------------------------------------------


 NSTEP =     2500   TIME(PS) =      21.250  TEMP(K) =   301.80  PRESS =     0.0
 Etot   =    -51878.7099  EKtot   =     20763.8672  EPtot      =    -72642.5770
 BOND   =     13079.9146  ANGLE   =      1024.9901  DIHED      =      1330.6235
 1-4 NB =       450.8992  1-4 EEL =      4597.3664  VDWAALS    =     12910.2562
 EELEC  =   -106036.6269  EHBOND  =         0.0000  RESTRAINT  =         0.0000
 ------------------------------------------------------------------------------

check COM velocity, temp:        0.000005     0.00(Removed)

 NSTEP =     3000   TIME(PS) =      21.500  TEMP(K) =   303.19  PRESS =     0.0
 Etot   =    -51878.6683  EKtot   =     20859.4648  EPtot      =    -72738.1331
 BOND   =     12956.5647  ANGLE   =      1014.8135  DIHED      =      1319.1207
 1-4 NB =       450.9790  1-4 EEL =      4605.0254  VDWAALS    =     12919.2159
 EELEC  =   -106003.8523  EHBOND  =         0.0000  RESTRAINT  =         0.0000
 ------------------------------------------------------------------------------


 NSTEP =     3500   TIME(PS) =      21.750  TEMP(K) =   302.85  PRESS =     0.0
 Etot   =    -51880.7187  EKtot   =     20835.9883  EPtot      =    -72716.7070
 BOND   =     12745.2686  ANGLE   =      1021.8720  DIHED      =      1324.3414
 1-4 NB =       442.4286  1-4 EEL =      4587.7716  VDWAALS    =     12828.1766
 EELEC  =   -105666.5659  EHBOND  =         0.0000  RESTRAINT  =         0.0000
 ------------------------------------------------------------------------------

check COM velocity, temp:        0.000004     0.00(Removed)

 NSTEP =     4000   TIME(PS) =      22.000  TEMP(K) =   301.55  PRESS =     0.0
 Etot   =    -51874.5034  EKtot   =     20746.6172  EPtot      =    -72621.1206
 BOND   =     12955.7630  ANGLE   =      1048.6364  DIHED      =      1312.8168
 1-4 NB =       434.0911  1-4 EEL =      4573.9711  VDWAALS    =     12995.6361
 EELEC  =   -105942.0352  EHBOND  =         0.0000  RESTRAINT  =         0.0000
 ------------------------------------------------------------------------------


 NSTEP =     4500   TIME(PS) =      22.250  TEMP(K) =   301.66  PRESS =     0.0
 Etot   =    -51874.1270  EKtot   =     20753.9766  EPtot      =    -72628.1036
 BOND   =     13086.2259  ANGLE   =      1006.0916  DIHED      =      1307.3540
 1-4 NB =       428.6817  1-4 EEL =      4564.2550  VDWAALS    =     12748.3590
 EELEC  =   -105769.0706  EHBOND  =         0.0000  RESTRAINT  =         0.0000
 ------------------------------------------------------------------------------

check COM velocity, temp:        0.000003     0.00(Removed)

 NSTEP =     5000   TIME(PS) =      22.500  TEMP(K) =   300.77  PRESS =     0.0
 Etot   =    -51877.1066  EKtot   =     20692.9141  EPtot      =    -72570.0207
 BOND   =     12891.4882  ANGLE   =      1031.2048  DIHED      =      1309.5845
 1-4 NB =       457.3386  1-4 EEL =      4609.5983  VDWAALS    =     12705.5508
 EELEC  =   -105574.7858  EHBOND  =         0.0000  RESTRAINT  =         0.0000
 ------------------------------------------------------------------------------


 NSTEP =     5500   TIME(PS) =      22.750  TEMP(K) =   302.20  PRESS =     0.0
 Etot   =    -51877.6612  EKtot   =     20791.4141  EPtot      =    -72669.0752
 BOND   =     12944.3883  ANGLE   =      1053.1540  DIHED      =      1306.9946
 1-4 NB =       440.3256  1-4 EEL =      4601.4919  VDWAALS    =     12827.4052
 EELEC  =   -105842.8348  EHBOND  =         0.0000  RESTRAINT  =         0.0000
 ------------------------------------------------------------------------------

check COM velocity, temp:        0.000004     0.00(Removed)

 NSTEP =     6000   TIME(PS) =      23.000  TEMP(K) =   302.62  PRESS =     0.0
 Etot   =    -51879.4728  EKtot   =     20820.2676  EPtot      =    -72699.7404
 BOND   =     12875.5309  ANGLE   =      1068.2188  DIHED      =      1343.3290
 1-4 NB =       436.0094  1-4 EEL =      4574.6975  VDWAALS    =     12736.0422
 EELEC  =   -105733.5682  EHBOND  =         0.0000  RESTRAINT  =         0.0000
 ------------------------------------------------------------------------------


 NSTEP =     6500   TIME(PS) =      23.250  TEMP(K) =   302.94  PRESS =     0.0
 Etot   =    -51876.4359  EKtot   =     20842.1113  EPtot      =    -72718.5472
 BOND   =     12933.9507  ANGLE   =      1010.3613  DIHED      =      1320.0541
 1-4 NB =       451.9010  1-4 EEL =      4632.9997  VDWAALS    =     12810.7612
 EELEC  =   -105878.5752  EHBOND  =         0.0000  RESTRAINT  =         0.0000
 ------------------------------------------------------------------------------

check COM velocity, temp:        0.000004     0.00(Removed)

 NSTEP =     7000   TIME(PS) =      23.500  TEMP(K) =   303.12  PRESS =     0.0
 Etot   =    -51877.2115  EKtot   =     20854.4531  EPtot      =    -72731.6647
 BOND   =     12791.6164  ANGLE   =      1061.3637  DIHED      =      1292.5847
 1-4 NB =       439.5054  1-4 EEL =      4593.7078  VDWAALS    =     12776.1367
 EELEC  =   -105686.5793  EHBOND  =         0.0000  RESTRAINT  =         0.0000
 ------------------------------------------------------------------------------


 NSTEP =     7500   TIME(PS) =      23.750  TEMP(K) =   300.48  PRESS =     0.0
 Etot   =    -51877.4382  EKtot   =     20672.6680  EPtot      =    -72550.1062
 BOND   =     12853.2199  ANGLE   =      1052.8705  DIHED      =      1327.6079
 1-4 NB =       442.6295  1-4 EEL =      4602.5112  VDWAALS    =     12837.4820
 EELEC  =   -105666.4270  EHBOND  =         0.0000  RESTRAINT  =         0.0000
 ------------------------------------------------------------------------------

check COM velocity, temp:        0.000009     0.00(Removed)

 NSTEP =     8000   TIME(PS) =      24.000  TEMP(K) =   302.28  PRESS =     0.0
 Etot   =    -51877.4585  EKtot   =     20796.6250  EPtot      =    -72674.0835
 BOND   =     12834.6951  ANGLE   =      1059.7770  DIHED      =      1330.4234
 1-4 NB =       442.8931  1-4 EEL =      4553.0055  VDWAALS    =     12817.0279
 EELEC  =   -105711.9055  EHBOND  =         0.0000  RESTRAINT  =         0.0000
 ------------------------------------------------------------------------------


 NSTEP =     8500   TIME(PS) =      24.250  TEMP(K) =   299.23  PRESS =     0.0
 Etot   =    -51878.5963  EKtot   =     20587.0293  EPtot      =    -72465.6256
 BOND   =     13047.6534  ANGLE   =      1064.4700  DIHED      =      1327.1963
 1-4 NB =       453.7869  1-4 EEL =      4537.8185  VDWAALS    =     13062.4248
 EELEC  =   -105958.9755  EHBOND  =         0.0000  RESTRAINT  =         0.0000
 ------------------------------------------------------------------------------

check COM velocity, temp:        0.000005     0.00(Removed)

 NSTEP =     9000   TIME(PS) =      24.500  TEMP(K) =   303.23  PRESS =     0.0
 Etot   =    -51881.4778  EKtot   =     20862.4004  EPtot      =    -72743.8782
 BOND   =     12891.0137  ANGLE   =      1036.9839  DIHED      =      1300.4834
 1-4 NB =       439.0395  1-4 EEL =      4566.4732  VDWAALS    =     12832.2963
 EELEC  =   -105810.1683  EHBOND  =         0.0000  RESTRAINT  =         0.0000
 ------------------------------------------------------------------------------


 NSTEP =     9500   TIME(PS) =      24.750  TEMP(K) =   301.06  PRESS =     0.0
 Etot   =    -51879.2855  EKtot   =     20713.0859  EPtot      =    -72592.3715
 BOND   =     12902.1957  ANGLE   =      1079.6333  DIHED      =      1347.8278
 1-4 NB =       427.1823  1-4 EEL =      4534.3078  VDWAALS    =     12963.0073
 EELEC  =   -105846.5255  EHBOND  =         0.0000  RESTRAINT  =         0.0000
 ------------------------------------------------------------------------------

check COM velocity, temp:        0.000006     0.00(Removed)

 NSTEP =    10000   TIME(PS) =      25.000  TEMP(K) =   302.23  PRESS =     0.0
 Etot   =    -51880.5687  EKtot   =     20793.3613  EPtot      =    -72673.9301
 BOND   =     12732.8428  ANGLE   =      1054.9925  DIHED      =      1328.3436
 1-4 NB =       454.9238  1-4 EEL =      4606.7589  VDWAALS    =     12844.8536
 EELEC  =   -105696.6452  EHBOND  =         0.0000  RESTRAINT  =         0.0000
 ------------------------------------------------------------------------------


 NSTEP =    10500   TIME(PS) =      25.250  TEMP(K) =   302.10  PRESS =     0.0
 Etot   =    -51878.0167  EKtot   =     20784.6641  EPtot      =    -72662.6807
 BOND   =     12795.7662  ANGLE   =      1043.0071  DIHED      =      1289.5099
 1-4 NB =       442.3310  1-4 EEL =      4569.8822  VDWAALS    =     12757.7007
 EELEC  =   -105560.8777  EHBOND  =         0.0000  RESTRAINT  =         0.0000
 ------------------------------------------------------------------------------

check COM velocity, temp:        0.000006     0.00(Removed)

 NSTEP =    11000   TIME(PS) =      25.500  TEMP(K) =   298.75  PRESS =     0.0
 Etot   =    -51872.0663  EKtot   =     20554.0527  EPtot      =    -72426.1191
 BOND   =     12965.4477  ANGLE   =      1013.2107  DIHED      =      1304.9440
 1-4 NB =       454.0398  1-4 EEL =      4571.6808  VDWAALS    =     12935.8903
 EELEC  =   -105671.3323  EHBOND  =         0.0000  RESTRAINT  =         0.0000
 ------------------------------------------------------------------------------


 NSTEP =    11500   TIME(PS) =      25.750  TEMP(K) =   301.10  PRESS =     0.0
 Etot   =    -51878.3978  EKtot   =     20715.4727  EPtot      =    -72593.8704
 BOND   =     12854.0144  ANGLE   =      1017.1294  DIHED      =      1300.2159
 1-4 NB =       443.1928  1-4 EEL =      4589.5887  VDWAALS    =     12864.5382
 EELEC  =   -105662.5499  EHBOND  =         0.0000  RESTRAINT  =         0.0000
 ------------------------------------------------------------------------------

check COM velocity, temp:        0.000009     0.00(Removed)

 NSTEP =    12000   TIME(PS) =      26.000  TEMP(K) =   302.59  PRESS =     0.0
 Etot   =    -51879.3144  EKtot   =     20817.9766  EPtot      =    -72697.2910
 BOND   =     12854.2885  ANGLE   =      1041.9226  DIHED      =      1308.6982
 1-4 NB =       443.8315  1-4 EEL =      4589.7096  VDWAALS    =     12707.2432
 EELEC  =   -105642.9846  EHBOND  =         0.0000  RESTRAINT  =         0.0000
 ------------------------------------------------------------------------------


 NSTEP =    12500   TIME(PS) =      26.250  TEMP(K) =   300.64  PRESS =     0.0
 Etot   =    -51875.0905  EKtot   =     20683.8887  EPtot      =    -72558.9791
 BOND   =     12842.9135  ANGLE   =      1025.7904  DIHED      =      1306.5875
 1-4 NB =       447.9396  1-4 EEL =      4584.6837  VDWAALS    =     12665.7146
 EELEC  =   -105432.6085  EHBOND  =         0.0000  RESTRAINT  =         0.0000
 ------------------------------------------------------------------------------

check COM velocity, temp:        0.000007     0.00(Removed)

 NSTEP =    13000   TIME(PS) =      26.500  TEMP(K) =   300.33  PRESS =     0.0
 Etot   =    -51880.1781  EKtot   =     20662.3379  EPtot      =    -72542.5160
 BOND   =     12773.1274  ANGLE   =      1025.4265  DIHED      =      1307.5505
 1-4 NB =       453.2675  1-4 EEL =      4570.2710  VDWAALS    =     12703.3028
 EELEC  =   -105375.4615  EHBOND  =         0.0000  RESTRAINT  =         0.0000
 ------------------------------------------------------------------------------


 NSTEP =    13500   TIME(PS) =      26.750  TEMP(K) =   300.61  PRESS =     0.0
 Etot   =    -51873.5513  EKtot   =     20681.6934  EPtot      =    -72555.2447
 BOND   =     12868.2876  ANGLE   =      1029.5577  DIHED      =      1313.2581
 1-4 NB =       453.0120  1-4 EEL =      4611.3727  VDWAALS    =     12922.3861
 EELEC  =   -105753.1189  EHBOND  =         0.0000  RESTRAINT  =         0.0000
 ------------------------------------------------------------------------------

check COM velocity, temp:        0.000002     0.00(Removed)

 NSTEP =    14000   TIME(PS) =      27.000  TEMP(K) =   301.37  PRESS =     0.0
 Etot   =    -51876.8359  EKtot   =     20734.2656  EPtot      =    -72611.1015
 BOND   =     12740.4432  ANGLE   =      1032.6254  DIHED      =      1316.3147
 1-4 NB =       464.1594  1-4 EEL =      4600.4077  VDWAALS    =     12888.5140
 EELEC  =   -105653.5660  EHBOND  =         0.0000  RESTRAINT  =         0.0000
 ------------------------------------------------------------------------------


 NSTEP =    14500   TIME(PS) =      27.250  TEMP(K) =   303.01  PRESS =     0.0
 Etot   =    -51879.7740  EKtot   =     20846.9297  EPtot      =    -72726.7037
 BOND   =     12810.0979  ANGLE   =      1019.3276  DIHED      =      1347.4349
 1-4 NB =       448.1498  1-4 EEL =      4549.1378  VDWAALS    =     12671.2561
 EELEC  =   -105572.1078  EHBOND  =         0.0000  RESTRAINT  =         0.0000
 ------------------------------------------------------------------------------

check COM velocity, temp:        0.000004     0.00(Removed)

 NSTEP =    15000   TIME(PS) =      27.500  TEMP(K) =   303.05  PRESS =     0.0
 Etot   =    -51878.7307  EKtot   =     20849.5039  EPtot      =    -72728.2347
 BOND   =     12821.0651  ANGLE   =      1014.2332  DIHED      =      1324.7702
 1-4 NB =       434.0215  1-4 EEL =      4558.8831  VDWAALS    =     12705.6418
 EELEC  =   -105586.8497  EHBOND  =         0.0000  RESTRAINT  =         0.0000
 ------------------------------------------------------------------------------


 NSTEP =    15500   TIME(PS) =      27.750  TEMP(K) =   300.51  PRESS =     0.0
 Etot   =    -51876.2231  EKtot   =     20675.1582  EPtot      =    -72551.3813
 BOND   =     12809.7893  ANGLE   =      1026.0563  DIHED      =      1319.3382
 1-4 NB =       438.8536  1-4 EEL =      4578.6443  VDWAALS    =     12664.1795
 EELEC  =   -105388.2424  EHBOND  =         0.0000  RESTRAINT  =         0.0000
 ------------------------------------------------------------------------------

check COM velocity, temp:        0.000005     0.00(Removed)

 NSTEP =    16000   TIME(PS) =      28.000  TEMP(K) =   300.98  PRESS =     0.0
 Etot   =    -51875.6616  EKtot   =     20707.1680  EPtot      =    -72582.8296
 BOND   =     12825.2479  ANGLE   =      1082.7079  DIHED      =      1293.8883
 1-4 NB =       438.6467  1-4 EEL =      4580.7218  VDWAALS    =     12770.5602
 EELEC  =   -105574.6023  EHBOND  =         0.0000  RESTRAINT  =         0.0000
 ------------------------------------------------------------------------------


 NSTEP =    16500   TIME(PS) =      28.250  TEMP(K) =   299.74  PRESS =     0.0
 Etot   =    -51875.1936  EKtot   =     20622.3125  EPtot      =    -72497.5061
 BOND   =     12852.3884  ANGLE   =      1105.2498  DIHED      =      1294.6224
 1-4 NB =       436.2324  1-4 EEL =      4512.5589  VDWAALS    =     12804.7020
 EELEC  =   -105503.2600  EHBOND  =         0.0000  RESTRAINT  =         0.0000
 ------------------------------------------------------------------------------

check COM velocity, temp:        0.000010     0.00(Removed)

 NSTEP =    17000   TIME(PS) =      28.500  TEMP(K) =   300.20  PRESS =     0.0
 Etot   =    -51876.4795  EKtot   =     20653.7676  EPtot      =    -72530.2471
 BOND   =     12932.2019  ANGLE   =      1057.7737  DIHED      =      1286.5969
 1-4 NB =       437.2188  1-4 EEL =      4569.3292  VDWAALS    =     13012.5866
 EELEC  =   -105825.9541  EHBOND  =         0.0000  RESTRAINT  =         0.0000
 ------------------------------------------------------------------------------


 NSTEP =    17500   TIME(PS) =      28.750  TEMP(K) =   302.65  PRESS =     0.0
 Etot   =    -51878.9014  EKtot   =     20821.8711  EPtot      =    -72700.7725
 BOND   =     12890.0911  ANGLE   =      1066.7746  DIHED      =      1315.7577
 1-4 NB =       450.7965  1-4 EEL =      4560.2659  VDWAALS    =     13016.7502
 EELEC  =   -106001.2085  EHBOND  =         0.0000  RESTRAINT  =         0.0000
 ------------------------------------------------------------------------------

check COM velocity, temp:        0.000005     0.00(Removed)

 NSTEP =    18000   TIME(PS) =      29.000  TEMP(K) =   302.11  PRESS =     0.0
 Etot   =    -51882.0532  EKtot   =     20785.3730  EPtot      =    -72667.4262
 BOND   =     12851.5137  ANGLE   =      1046.6941  DIHED      =      1327.0607
 1-4 NB =       459.8632  1-4 EEL =      4645.9239  VDWAALS    =     12759.2286
 EELEC  =   -105757.7104  EHBOND  =         0.0000  RESTRAINT  =         0.0000
 ------------------------------------------------------------------------------


 NSTEP =    18500   TIME(PS) =      29.250  TEMP(K) =   299.37  PRESS =     0.0
 Etot   =    -51878.9711  EKtot   =     20596.2500  EPtot      =    -72475.2211
 BOND   =     12938.7760  ANGLE   =      1077.3663  DIHED      =      1327.8293
 1-4 NB =       429.4030  1-4 EEL =      4576.3535  VDWAALS    =     12903.8246
 EELEC  =   -105728.7738  EHBOND  =         0.0000  RESTRAINT  =         0.0000
 ------------------------------------------------------------------------------

check COM velocity, temp:        0.000001     0.00(Removed)

 NSTEP =    19000   TIME(PS) =      29.500  TEMP(K) =   301.50  PRESS =     0.0
 Etot   =    -51875.8945  EKtot   =     20742.8984  EPtot      =    -72618.7929
 BOND   =     12998.5263  ANGLE   =      1030.8651  DIHED      =      1295.0169
 1-4 NB =       454.5972  1-4 EEL =      4563.4338  VDWAALS    =     12851.7124
 EELEC  =   -105812.9447  EHBOND  =         0.0000  RESTRAINT  =         0.0000
 ------------------------------------------------------------------------------


 NSTEP =    19500   TIME(PS) =      29.750  TEMP(K) =   301.06  PRESS =     0.0
 Etot   =    -51878.8679  EKtot   =     20712.6523  EPtot      =    -72591.5202
 BOND   =     12844.0902  ANGLE   =      1099.0896  DIHED      =      1319.7978
 1-4 NB =       439.3298  1-4 EEL =      4591.1400  VDWAALS    =     12712.0221
 EELEC  =   -105596.9897  EHBOND  =         0.0000  RESTRAINT  =         0.0000
 ------------------------------------------------------------------------------

check COM velocity, temp:        0.000008     0.00(Removed)

 NSTEP =    20000   TIME(PS) =      30.000  TEMP(K) =   300.19  PRESS =     0.0
 Etot   =    -51873.9593  EKtot   =     20652.7852  EPtot      =    -72526.7444
 BOND   =     12794.7010  ANGLE   =      1096.4298  DIHED      =      1302.4337
 1-4 NB =       450.2254  1-4 EEL =      4581.4577  VDWAALS    =     12754.1047
 EELEC  =   -105506.0968  EHBOND  =         0.0000  RESTRAINT  =         0.0000
 ------------------------------------------------------------------------------


      A V E R A G E S   O V E R      40 S T E P S


 NSTEP =    20000   TIME(PS) =      30.000  TEMP(K) =   301.44  PRESS =     0.0
 Etot   =    -51877.5755  EKtot   =     20739.0726  EPtot      =    -72616.6481
 BOND   =     12876.5988  ANGLE   =      1045.4730  DIHED      =      1314.7584
 1-4 NB =       444.6998  1-4 EEL =      4580.0704  VDWAALS    =     12817.7419
 EELEC  =   -105695.9903  EHBOND  =         0.0000  RESTRAINT  =         0.0000
 ------------------------------------------------------------------------------


      R M S  F L U C T U A T I O N S


 NSTEP =    20000   TIME(PS) =      30.000  TEMP(K) =     1.28  PRESS =     0.0
 Etot   =         2.3729  EKtot   =        88.2916  EPtot      =        89.6560
 BOND   =        94.3353  ANGLE   =        26.8480  DIHED      =        15.1659
 1-4 NB =         8.8863  1-4 EEL =        26.5078  VDWAALS    =       124.0926
 EELEC  =       174.7563  EHBOND  =         0.0000  RESTRAINT  =         0.0000
|E(PBS) =         0.8055
 ------------------------------------------------------------------------------

--------------------------------------------------------------------------------
   5.  TIMINGS
--------------------------------------------------------------------------------

|  NonSetup CPU Time in Major Routines:
|
|     Routine           Sec        %
|     ------------------------------
|     Nonbond           4.16   10.67
|     Bond              0.00    0.00
|     Angle             0.00    0.00
|     Dihedral          0.00    0.00
|     Shake             0.00    0.00
|     RunMD            34.78   89.11
|     Other             0.08    0.22
|     ------------------------------
|     Total            39.02

|  PME Nonbond Pairlist CPU Time:
|
|     Routine              Sec        %
|     ---------------------------------
|     Set Up Cit           0.00    0.00
|     Build List           0.00    0.00
|     ---------------------------------
|     Total                0.00    0.00

|  PME Direct Force CPU Time:
|
|     Routine              Sec        %
|     ---------------------------------
|     NonBonded Calc       0.00    0.00
|     Exclude Masked       0.00    0.00
|     Other                0.04    0.10
|     ---------------------------------
|     Total                0.04    0.10

|  PME Reciprocal Force CPU Time:
|
|     Routine              Sec        %
|     ---------------------------------
|     1D bspline           0.00    0.00
|     Grid Charges         0.00    0.00
|     Scalar Sum           0.00    0.00
|     Gradient Sum         0.00    0.00
|     FFT                  0.00    0.00
|     ---------------------------------
|     Total                0.00    0.00

|  Final Performance Info:
|     -----------------------------------------------------
|     Average timings for last   19500 steps:
|     Elapsed(s) =      39.81 Per Step(ms) =       2.04
|         ns/day =      21.16   seconds/ns =    4082.81
|
|     Average timings for all steps:
|     Elapsed(s) =      40.71 Per Step(ms) =       2.04
|         ns/day =      21.23   seconds/ns =    4070.65
|     -----------------------------------------------------

|  Setup CPU time:            2.85 seconds
|  NonSetup CPU time:        39.02 seconds
|  Total CPU time:           41.87 seconds     0.01 hours

|  Setup wall time:           3    seconds
|  NonSetup wall time:       41    seconds
|  Total wall time:          44    seconds     0.01 hours
