
          -------------------------------------------------------
          Amber 16 PMEMD                              2016
          -------------------------------------------------------

| PMEMD implementation of SANDER, Release 16

| Run on 08/24/2017 at 13:31:16

|   Executable path: /apps/amber16/bin/pmemd.cuda
| Working directory: /scratch/pbarletta/pdz/run/lb/neq/data/3
|          Hostname: mordor

  [-O]verwriting output

File Assignments:
|   MDIN: pdt.in                                                                
|  MDOUT: 244plb_3.out                                                          
| INPCRD: ../2/244plb_2.rst7                                                    
|   PARM: /scratch/pbarletta/pdz/top_files/lb.prmtop                            
| RESTRT: 244plb_3.rst7                                                         
|   REFC: refc                                                                  
|  MDVEL: mdvel                                                                 
|   MDEN: mden                                                                  
|  MDCRD: 244plb_3.nc                                                           
| MDINFO: mdinfo                                                                
|  MDFRC: mdfrc                                                                 


 Here is the input file:

!NVE run                                                                       
&cntrl                                                                         
imin = 0,                           ! No Minimization                          
nmropt = 0,                         ! No NMR restraints read                   
                                                                               
! Nature and format of the input                                               
ntx = 5,                            ! Coordinates and velocities will be read  
irest = 1,                          ! Do not run a new simulation              
                                                                               
! Nature and format of the output                                              
ioutfm = 1,			    ! NetCDF format for output files                             
ntxo = 1,                           ! rstrt file in ASCII format               
ntpr = 500,                         ! inf in output every ntpr steps           
ntwr = 500,                         ! rstrt file every ntwr steps              
ntwx = 20,                          ! mdcrd file every ntwx steps              
ntwv = -1,                          ! mdvel without velocities                 
ntwe = 0,                           ! Energies and temperatures not written in 
idecomp = 0,                        ! No energy decomposition                  
iwrap = 1,                          ! Coordinates of the restart and mdcrd file
                                                                               
! Frozen or restrained atoms                                                   
ibelly = 0,                         ! No frozen atoms                          
ntr=0,                              ! Harmonic potential restraints            
                                                                               
! Molecular dynamics                                                           
nstlim = 20000,                     ! Number of MD-steps                       
dt = 0.0005,                        ! Time step                                
                                                                               
! Temperature regulation                                                       
ntt = 0,                            ! Constant total energy                    
                                                                               
! P and V regulation                                                           
ntp = 0,                            ! No P control                             
ntb = 1,                            ! constant V                               
                                                                               
! SHAKE variables                                                              
ntc = 1,                            ! Bonds involving H are constrained        
ntf = 1,                            ! Bond interaction involving H are ommited.
                                                                               
cut = 9.0,                          ! Nonbonded cutoff                         
/                                                                              
&end                                                                           


Note: ig = -1. Setting random seed to    98178 based on wallclock time in 
      microseconds.
| irandom = 1, using AMBER's internal random number generator (default).
 
|--------------------- INFORMATION ----------------------
| GPU (CUDA) Version of PMEMD in use: NVIDIA GPU IN USE.
|                    Version 16.0.0
| 
|                      02/25/2016
| 
| Implementation by:
|                    Ross C. Walker     (SDSC)
|                    Scott Le Grand     (nVIDIA)
| 
| Precision model in use:
|      [SPFP] - Single Precision Forces, 64-bit Fixed Point
|               Accumulation. (Default)
| 
|--------------------------------------------------------
 
|----------------- CITATION INFORMATION -----------------
|
|    When publishing work that utilized the CUDA version
|    of AMBER, please cite the following in addition to
|    the regular AMBER citations:
|
|  - Romelia Salomon-Ferrer; Andreas W. Goetz; Duncan
|    Poole; Scott Le Grand; Ross C. Walker "Routine
|    microsecond molecular dynamics simulations with
|    AMBER - Part II: Particle Mesh Ewald", J. Chem.
|    Theory Comput., 2013, 9 (9), pp3878-3888,
|    DOI: 10.1021/ct400314y.
|
|  - Andreas W. Goetz; Mark J. Williamson; Dong Xu;
|    Duncan Poole; Scott Le Grand; Ross C. Walker
|    "Routine microsecond molecular dynamics simulations
|    with AMBER - Part I: Generalized Born", J. Chem.
|    Theory Comput., 2012, 8 (5), pp1542-1555.
|
|  - Scott Le Grand; Andreas W. Goetz; Ross C. Walker
|    "SPFP: Speed without compromise - a mixed precision
|    model for GPU accelerated molecular dynamics
|    simulations.", Comp. Phys. Comm., 2013, 184
|    pp374-380, DOI: 10.1016/j.cpc.2012.09.022
|
|--------------------------------------------------------
 
|------------------- GPU DEVICE INFO --------------------
|
|            CUDA_VISIBLE_DEVICES: 1
|   CUDA Capable Devices Detected:      1
|           CUDA Device ID in use:      0
|                CUDA Device Name: GeForce GTX TITAN
|     CUDA Device Global Mem Size:   6082 MB
| CUDA Device Num Multiprocessors:     14
|           CUDA Device Core Freq:   0.93 GHz
|
|--------------------------------------------------------
 
 
| Conditional Compilation Defines Used:
| PUBFFT
| BINTRAJ
| CUDA
| EMIL

| Largest sphere to fit in unit cell has radius =    26.281

| New format PARM file being parsed.
| Version =    1.000 Date = 09/04/12 Time = 16:08:43

| Note: 1-4 EEL scale factors are being read from the topology file.

| Note: 1-4 VDW scale factors are being read from the topology file.
| Duplicated    0 dihedrals

| Duplicated    0 dihedrals

--------------------------------------------------------------------------------
   1.  RESOURCE   USE: 
--------------------------------------------------------------------------------

 getting new box info from bottom of inpcrd
 NATOM  =   23082 NTYPES =      16 NBONH =   22055 MBONA  =    1038
 NTHETH =    2390 MTHETA =    1396 NPHIH =    4631 MPHIA  =    3488
 NHPARM =       0 NPARM  =       0 NNB   =   39434 NRES   =    7134
 NBONA  =    1038 NTHETA =    1396 NPHIA =    3488 NUMBND =      41
 NUMANG =      86 NPTRA  =      41 NATYP =      28 NPHB   =       1
 IFBOX  =       1 NMXRS  =      24 IFCAP =       0 NEXTRA =       0
 NCOPY  =       0

| Coordinate Index Table dimensions:    12   14   10
| Direct force subcell size =     5.0212    5.2012    5.2562

     BOX TYPE: RECTILINEAR

--------------------------------------------------------------------------------
   2.  CONTROL  DATA  FOR  THE  RUN
--------------------------------------------------------------------------------

default_name                                                                    

General flags:
     imin    =       0, nmropt  =       0

Nature and format of input:
     ntx     =       5, irest   =       1, ntrx    =       1

Nature and format of output:
     ntxo    =       1, ntpr    =     500, ntrx    =       1, ntwr    =     500
     iwrap   =       1, ntwx    =      20, ntwv    =      -1, ntwe    =       0
     ioutfm  =       1, ntwprt  =       0, idecomp =       0, rbornstat=      0

Potential function:
     ntf     =       1, ntb     =       1, igb     =       0, nsnb    =      25
     ipol    =       0, gbsa    =       0, iesp    =       0
     dielc   =   1.00000, cut     =   9.00000, intdiel =   1.00000

Frozen or restrained atoms:
     ibelly  =       0, ntr     =       0

Molecular dynamics:
     nstlim  =     20000, nscm    =      1000, nrespa  =         1
     t       =   0.00000, dt      =   0.00050, vlimit  =  -1.00000

| Intermolecular bonds treatment:
|     no_intermolecular_bonds =       1

| Energy averages sample interval:
|     ene_avg_sampling =     500

Ewald parameters:
     verbose =       0, ew_type =       0, nbflag  =       1, use_pme =       1
     vdwmeth =       1, eedmeth =       1, netfrc  =       1
     Box X =   60.254   Box Y =   72.816   Box Z =   52.562
     Alpha =   90.000   Beta  =   90.000   Gamma =   90.000
     NFFT1 =   64       NFFT2 =   80       NFFT3 =   56
     Cutoff=    9.000   Tol   =0.100E-04
     Ewald Coefficient =  0.30768
     Interpolation order =    4

--------------------------------------------------------------------------------
   3.  ATOMIC COORDINATES AND VELOCITIES
--------------------------------------------------------------------------------

default_name                                                                    
 begin time read from input coords =    20.000 ps

 
 Number of triangulated 3-point waters found:     7002

     Sum of charges from parm topology file =  -0.00000008
     Forcing neutrality...

| Dynamic Memory, Types Used:
| Reals              710578
| Integers           737140

| Nonbonded Pairs Initial Allocation:     5262696

| GPU memory information (estimate):
| KB of GPU memory in use:     63171
| KB of CPU memory in use:     27891

--------------------------------------------------------------------------------
   4.  RESULTS
--------------------------------------------------------------------------------

 ---------------------------------------------------
 APPROXIMATING switch and d/dx switch using CUBIC SPLINE INTERPOLATION
 using   5000.0 points per unit in tabled values
 TESTING RELATIVE ERROR over r ranging from 0.0 to cutoff
| CHECK switch(x): max rel err =   0.2738E-14   at   2.422500
| CHECK d/dx switch(x): max rel err =   0.8314E-11   at   2.736960
 ---------------------------------------------------
|---------------------------------------------------
| APPROXIMATING direct energy using CUBIC SPLINE INTERPOLATION
|  with   50.0 points per unit in tabled values
| Relative Error Limit not exceeded for r .gt.   2.39
| APPROXIMATING direct force using CUBIC SPLINE INTERPOLATION
|  with   50.0 points per unit in tabled values
| Relative Error Limit not exceeded for r .gt.   2.84
|---------------------------------------------------

 NSTEP =      500   TIME(PS) =      20.250  TEMP(K) =   302.77  PRESS =     0.0
 Etot   =    -51826.0629  EKtot   =     20830.1348  EPtot      =    -72656.1977
 BOND   =     13075.7173  ANGLE   =       977.3879  DIHED      =      1346.2755
 1-4 NB =       447.1930  1-4 EEL =      4672.9315  VDWAALS    =     12803.8859
 EELEC  =   -105979.5887  EHBOND  =         0.0000  RESTRAINT  =         0.0000
 ------------------------------------------------------------------------------

check COM velocity, temp:        0.001581     0.00(Removed)

 NSTEP =     1000   TIME(PS) =      20.500  TEMP(K) =   301.68  PRESS =     0.0
 Etot   =    -51822.7811  EKtot   =     20755.7598  EPtot      =    -72578.5409
 BOND   =     12983.6286  ANGLE   =      1028.0104  DIHED      =      1333.0301
 1-4 NB =       436.4234  1-4 EEL =      4665.0969  VDWAALS    =     12859.8118
 EELEC  =   -105884.5421  EHBOND  =         0.0000  RESTRAINT  =         0.0000
 ------------------------------------------------------------------------------


 NSTEP =     1500   TIME(PS) =      20.750  TEMP(K) =   302.12  PRESS =     0.0
 Etot   =    -51825.1562  EKtot   =     20785.4316  EPtot      =    -72610.5878
 BOND   =     13023.7696  ANGLE   =      1017.5917  DIHED      =      1345.3977
 1-4 NB =       430.3503  1-4 EEL =      4637.6644  VDWAALS    =     12774.7175
 EELEC  =   -105840.0790  EHBOND  =         0.0000  RESTRAINT  =         0.0000
 ------------------------------------------------------------------------------

check COM velocity, temp:        0.000003     0.00(Removed)

 NSTEP =     2000   TIME(PS) =      21.000  TEMP(K) =   301.83  PRESS =     0.0
 Etot   =    -51830.1622  EKtot   =     20765.9473  EPtot      =    -72596.1094
 BOND   =     12817.6901  ANGLE   =      1043.3533  DIHED      =      1331.1619
 1-4 NB =       447.9528  1-4 EEL =      4679.6834  VDWAALS    =     12731.7781
 EELEC  =   -105647.7290  EHBOND  =         0.0000  RESTRAINT  =         0.0000
 ------------------------------------------------------------------------------


 NSTEP =     2500   TIME(PS) =      21.250  TEMP(K) =   304.34  PRESS =     0.0
 Etot   =    -51831.8762  EKtot   =     20938.7910  EPtot      =    -72770.6673
 BOND   =     12799.9719  ANGLE   =      1069.9740  DIHED      =      1355.6369
 1-4 NB =       429.7355  1-4 EEL =      4627.4736  VDWAALS    =     12760.0176
 EELEC  =   -105813.4769  EHBOND  =         0.0000  RESTRAINT  =         0.0000
 ------------------------------------------------------------------------------

check COM velocity, temp:        0.000006     0.00(Removed)

 NSTEP =     3000   TIME(PS) =      21.500  TEMP(K) =   302.37  PRESS =     0.0
 Etot   =    -51830.8038  EKtot   =     20802.6543  EPtot      =    -72633.4581
 BOND   =     12982.1564  ANGLE   =      1033.4908  DIHED      =      1311.7846
 1-4 NB =       421.7962  1-4 EEL =      4648.4154  VDWAALS    =     13057.9913
 EELEC  =   -106089.0927  EHBOND  =         0.0000  RESTRAINT  =         0.0000
 ------------------------------------------------------------------------------


 NSTEP =     3500   TIME(PS) =      21.750  TEMP(K) =   303.15  PRESS =     0.0
 Etot   =    -51830.6705  EKtot   =     20856.7773  EPtot      =    -72687.4478
 BOND   =     13070.6589  ANGLE   =      1060.6341  DIHED      =      1326.3414
 1-4 NB =       436.3967  1-4 EEL =      4625.6451  VDWAALS    =     12900.6154
 EELEC  =   -106107.7395  EHBOND  =         0.0000  RESTRAINT  =         0.0000
 ------------------------------------------------------------------------------

check COM velocity, temp:        0.000007     0.00(Removed)

 NSTEP =     4000   TIME(PS) =      22.000  TEMP(K) =   301.69  PRESS =     0.0
 Etot   =    -51827.8782  EKtot   =     20755.9551  EPtot      =    -72583.8333
 BOND   =     13075.9812  ANGLE   =       985.6947  DIHED      =      1338.7247
 1-4 NB =       445.2780  1-4 EEL =      4641.8830  VDWAALS    =     12746.3268
 EELEC  =   -105817.7216  EHBOND  =         0.0000  RESTRAINT  =         0.0000
 ------------------------------------------------------------------------------


 NSTEP =     4500   TIME(PS) =      22.250  TEMP(K) =   301.32  PRESS =     0.0
 Etot   =    -51825.0220  EKtot   =     20730.5273  EPtot      =    -72555.5494
 BOND   =     13025.3300  ANGLE   =      1049.2833  DIHED      =      1332.4709
 1-4 NB =       445.1354  1-4 EEL =      4629.3251  VDWAALS    =     12748.6394
 EELEC  =   -105785.7334  EHBOND  =         0.0000  RESTRAINT  =         0.0000
 ------------------------------------------------------------------------------

check COM velocity, temp:        0.000002     0.00(Removed)

 NSTEP =     5000   TIME(PS) =      22.500  TEMP(K) =   301.33  PRESS =     0.0
 Etot   =    -51829.7198  EKtot   =     20731.2480  EPtot      =    -72560.9679
 BOND   =     13062.3033  ANGLE   =      1059.5384  DIHED      =      1315.9505
 1-4 NB =       436.7664  1-4 EEL =      4599.9763  VDWAALS    =     13094.1106
 EELEC  =   -106129.6133  EHBOND  =         0.0000  RESTRAINT  =         0.0000
 ------------------------------------------------------------------------------


 NSTEP =     5500   TIME(PS) =      22.750  TEMP(K) =   301.28  PRESS =     0.0
 Etot   =    -51830.7548  EKtot   =     20727.7656  EPtot      =    -72558.5205
 BOND   =     12943.0447  ANGLE   =      1024.6661  DIHED      =      1330.4407
 1-4 NB =       434.7313  1-4 EEL =      4628.5363  VDWAALS    =     12925.8586
 EELEC  =   -105845.7983  EHBOND  =         0.0000  RESTRAINT  =         0.0000
 ------------------------------------------------------------------------------

check COM velocity, temp:        0.000003     0.00(Removed)

 NSTEP =     6000   TIME(PS) =      23.000  TEMP(K) =   300.91  PRESS =     0.0
 Etot   =    -51828.6945  EKtot   =     20702.1992  EPtot      =    -72530.8937
 BOND   =     12754.8645  ANGLE   =      1079.7265  DIHED      =      1313.0769
 1-4 NB =       442.0768  1-4 EEL =      4648.1625  VDWAALS    =     12910.5329
 EELEC  =   -105679.3337  EHBOND  =         0.0000  RESTRAINT  =         0.0000
 ------------------------------------------------------------------------------


 NSTEP =     6500   TIME(PS) =      23.250  TEMP(K) =   301.84  PRESS =     0.0
 Etot   =    -51827.7089  EKtot   =     20766.2012  EPtot      =    -72593.9100
 BOND   =     12854.7170  ANGLE   =      1052.8820  DIHED      =      1321.7130
 1-4 NB =       439.3770  1-4 EEL =      4671.8713  VDWAALS    =     12307.3778
 EELEC  =   -105241.8480  EHBOND  =         0.0000  RESTRAINT  =         0.0000
 ------------------------------------------------------------------------------

check COM velocity, temp:        0.000005     0.00(Removed)

 NSTEP =     7000   TIME(PS) =      23.500  TEMP(K) =   301.07  PRESS =     0.0
 Etot   =    -51826.9908  EKtot   =     20713.1641  EPtot      =    -72540.1549
 BOND   =     13089.4531  ANGLE   =      1023.4714  DIHED      =      1323.3469
 1-4 NB =       453.5816  1-4 EEL =      4659.7228  VDWAALS    =     12919.6799
 EELEC  =   -106009.4105  EHBOND  =         0.0000  RESTRAINT  =         0.0000
 ------------------------------------------------------------------------------


 NSTEP =     7500   TIME(PS) =      23.750  TEMP(K) =   298.84  PRESS =     0.0
 Etot   =    -51826.6859  EKtot   =     20559.9766  EPtot      =    -72386.6625
 BOND   =     12924.3091  ANGLE   =      1043.8206  DIHED      =      1328.3832
 1-4 NB =       442.9894  1-4 EEL =      4694.8249  VDWAALS    =     12972.8304
 EELEC  =   -105793.8202  EHBOND  =         0.0000  RESTRAINT  =         0.0000
 ------------------------------------------------------------------------------

check COM velocity, temp:        0.000004     0.00(Removed)

 NSTEP =     8000   TIME(PS) =      24.000  TEMP(K) =   301.49  PRESS =     0.0
 Etot   =    -51826.5387  EKtot   =     20742.1758  EPtot      =    -72568.7145
 BOND   =     12888.5530  ANGLE   =      1029.1997  DIHED      =      1304.4595
 1-4 NB =       441.8312  1-4 EEL =      4647.7764  VDWAALS    =     12613.1613
 EELEC  =   -105493.6956  EHBOND  =         0.0000  RESTRAINT  =         0.0000
 ------------------------------------------------------------------------------


 NSTEP =     8500   TIME(PS) =      24.250  TEMP(K) =   300.40  PRESS =     0.0
 Etot   =    -51827.3063  EKtot   =     20667.5449  EPtot      =    -72494.8512
 BOND   =     12790.5818  ANGLE   =      1058.8115  DIHED      =      1344.8222
 1-4 NB =       444.8181  1-4 EEL =      4654.0190  VDWAALS    =     12776.6203
 EELEC  =   -105564.5241  EHBOND  =         0.0000  RESTRAINT  =         0.0000
 ------------------------------------------------------------------------------

check COM velocity, temp:        0.000003     0.00(Removed)

 NSTEP =     9000   TIME(PS) =      24.500  TEMP(K) =   300.83  PRESS =     0.0
 Etot   =    -51828.9281  EKtot   =     20696.7598  EPtot      =    -72525.6878
 BOND   =     12873.8332  ANGLE   =      1041.6382  DIHED      =      1327.2348
 1-4 NB =       448.6903  1-4 EEL =      4659.3252  VDWAALS    =     12802.0704
 EELEC  =   -105678.4799  EHBOND  =         0.0000  RESTRAINT  =         0.0000
 ------------------------------------------------------------------------------


 NSTEP =     9500   TIME(PS) =      24.750  TEMP(K) =   299.47  PRESS =     0.0
 Etot   =    -51830.1715  EKtot   =     20603.3945  EPtot      =    -72433.5660
 BOND   =     12916.3637  ANGLE   =       991.6734  DIHED      =      1331.0018
 1-4 NB =       443.8792  1-4 EEL =      4639.3880  VDWAALS    =     12841.5079
 EELEC  =   -105597.3801  EHBOND  =         0.0000  RESTRAINT  =         0.0000
 ------------------------------------------------------------------------------

check COM velocity, temp:        0.000005     0.00(Removed)

 NSTEP =    10000   TIME(PS) =      25.000  TEMP(K) =   302.23  PRESS =     0.0
 Etot   =    -51830.8081  EKtot   =     20793.5098  EPtot      =    -72624.3178
 BOND   =     12833.7091  ANGLE   =      1054.4573  DIHED      =      1318.8687
 1-4 NB =       444.8865  1-4 EEL =      4620.6477  VDWAALS    =     13010.7037
 EELEC  =   -105907.5909  EHBOND  =         0.0000  RESTRAINT  =         0.0000
 ------------------------------------------------------------------------------


 NSTEP =    10500   TIME(PS) =      25.250  TEMP(K) =   300.33  PRESS =     0.0
 Etot   =    -51825.9959  EKtot   =     20662.6934  EPtot      =    -72488.6893
 BOND   =     12745.5187  ANGLE   =      1055.5105  DIHED      =      1310.2375
 1-4 NB =       443.5366  1-4 EEL =      4648.9836  VDWAALS    =     12722.6294
 EELEC  =   -105415.1057  EHBOND  =         0.0000  RESTRAINT  =         0.0000
 ------------------------------------------------------------------------------

check COM velocity, temp:        0.000006     0.00(Removed)

 NSTEP =    11000   TIME(PS) =      25.500  TEMP(K) =   301.69  PRESS =     0.0
 Etot   =    -51828.7819  EKtot   =     20756.0156  EPtot      =    -72584.7976
 BOND   =     12758.9485  ANGLE   =       997.2505  DIHED      =      1306.0608
 1-4 NB =       445.8581  1-4 EEL =      4653.4376  VDWAALS    =     12806.4772
 EELEC  =   -105552.8302  EHBOND  =         0.0000  RESTRAINT  =         0.0000
 ------------------------------------------------------------------------------


 NSTEP =    11500   TIME(PS) =      25.750  TEMP(K) =   301.57  PRESS =     0.0
 Etot   =    -51826.3978  EKtot   =     20748.0996  EPtot      =    -72574.4974
 BOND   =     12705.9901  ANGLE   =      1035.7011  DIHED      =      1316.4809
 1-4 NB =       449.6512  1-4 EEL =      4642.2811  VDWAALS    =     12906.7620
 EELEC  =   -105631.3638  EHBOND  =         0.0000  RESTRAINT  =         0.0000
 ------------------------------------------------------------------------------

check COM velocity, temp:        0.000003     0.00(Removed)

 NSTEP =    12000   TIME(PS) =      26.000  TEMP(K) =   298.30  PRESS =     0.0
 Etot   =    -51827.4337  EKtot   =     20523.0430  EPtot      =    -72350.4767
 BOND   =     13003.8990  ANGLE   =      1016.8341  DIHED      =      1336.0138
 1-4 NB =       462.8873  1-4 EEL =      4669.7334  VDWAALS    =     12810.1264
 EELEC  =   -105649.9707  EHBOND  =         0.0000  RESTRAINT  =         0.0000
 ------------------------------------------------------------------------------


 NSTEP =    12500   TIME(PS) =      26.250  TEMP(K) =   300.79  PRESS =     0.0
 Etot   =    -51826.6192  EKtot   =     20693.8867  EPtot      =    -72520.5059
 BOND   =     12937.7851  ANGLE   =      1044.1095  DIHED      =      1309.9622
 1-4 NB =       450.2594  1-4 EEL =      4642.4454  VDWAALS    =     13081.8029
 EELEC  =   -105986.8704  EHBOND  =         0.0000  RESTRAINT  =         0.0000
 ------------------------------------------------------------------------------

check COM velocity, temp:        0.000007     0.00(Removed)

 NSTEP =    13000   TIME(PS) =      26.500  TEMP(K) =   302.38  PRESS =     0.0
 Etot   =    -51828.0329  EKtot   =     20803.5469  EPtot      =    -72631.5798
 BOND   =     12967.9689  ANGLE   =      1048.6447  DIHED      =      1317.1774
 1-4 NB =       431.3744  1-4 EEL =      4613.0852  VDWAALS    =     12812.7077
 EELEC  =   -105822.5382  EHBOND  =         0.0000  RESTRAINT  =         0.0000
 ------------------------------------------------------------------------------


 NSTEP =    13500   TIME(PS) =      26.750  TEMP(K) =   301.95  PRESS =     0.0
 Etot   =    -51829.1102  EKtot   =     20774.1875  EPtot      =    -72603.2977
 BOND   =     12888.9008  ANGLE   =      1056.4326  DIHED      =      1333.0796
 1-4 NB =       441.1799  1-4 EEL =      4633.2382  VDWAALS    =     12526.0064
 EELEC  =   -105482.1351  EHBOND  =         0.0000  RESTRAINT  =         0.0000
 ------------------------------------------------------------------------------

check COM velocity, temp:        0.000004     0.00(Removed)

 NSTEP =    14000   TIME(PS) =      27.000  TEMP(K) =   301.41  PRESS =     0.0
 Etot   =    -51829.7388  EKtot   =     20736.7227  EPtot      =    -72566.4615
 BOND   =     13056.2814  ANGLE   =      1037.6290  DIHED      =      1318.0029
 1-4 NB =       434.9458  1-4 EEL =      4638.1787  VDWAALS    =     12749.9565
 EELEC  =   -105801.4559  EHBOND  =         0.0000  RESTRAINT  =         0.0000
 ------------------------------------------------------------------------------


 NSTEP =    14500   TIME(PS) =      27.250  TEMP(K) =   300.60  PRESS =     0.0
 Etot   =    -51825.6927  EKtot   =     20681.3574  EPtot      =    -72507.0501
 BOND   =     12962.9861  ANGLE   =      1044.8614  DIHED      =      1341.4192
 1-4 NB =       457.5045  1-4 EEL =      4617.4289  VDWAALS    =     12877.8835
 EELEC  =   -105809.1337  EHBOND  =         0.0000  RESTRAINT  =         0.0000
 ------------------------------------------------------------------------------

check COM velocity, temp:        0.000009     0.00(Removed)

 NSTEP =    15000   TIME(PS) =      27.500  TEMP(K) =   300.15  PRESS =     0.0
 Etot   =    -51820.3904  EKtot   =     20650.4727  EPtot      =    -72470.8631
 BOND   =     13137.4847  ANGLE   =      1042.3937  DIHED      =      1316.1898
 1-4 NB =       431.3352  1-4 EEL =      4643.6841  VDWAALS    =     12791.0994
 EELEC  =   -105833.0500  EHBOND  =         0.0000  RESTRAINT  =         0.0000
 ------------------------------------------------------------------------------


 NSTEP =    15500   TIME(PS) =      27.750  TEMP(K) =   299.07  PRESS =     0.0
 Etot   =    -51826.9205  EKtot   =     20575.7227  EPtot      =    -72402.6432
 BOND   =     13044.3637  ANGLE   =      1037.3364  DIHED      =      1318.4677
 1-4 NB =       411.1493  1-4 EEL =      4578.3819  VDWAALS    =     12591.4523
 EELEC  =   -105383.7944  EHBOND  =         0.0000  RESTRAINT  =         0.0000
 ------------------------------------------------------------------------------

check COM velocity, temp:        0.000003     0.00(Removed)

 NSTEP =    16000   TIME(PS) =      28.000  TEMP(K) =   301.07  PRESS =     0.0
 Etot   =    -51827.6972  EKtot   =     20713.3828  EPtot      =    -72541.0800
 BOND   =     13041.1311  ANGLE   =      1031.8729  DIHED      =      1342.6034
 1-4 NB =       459.7338  1-4 EEL =      4650.5269  VDWAALS    =     12871.9783
 EELEC  =   -105938.9264  EHBOND  =         0.0000  RESTRAINT  =         0.0000
 ------------------------------------------------------------------------------


 NSTEP =    16500   TIME(PS) =      28.250  TEMP(K) =   300.95  PRESS =     0.0
 Etot   =    -51828.1428  EKtot   =     20704.9805  EPtot      =    -72533.1232
 BOND   =     13059.3447  ANGLE   =      1046.0585  DIHED      =      1333.3808
 1-4 NB =       445.5830  1-4 EEL =      4680.6012  VDWAALS    =     12596.0456
 EELEC  =   -105694.1370  EHBOND  =         0.0000  RESTRAINT  =         0.0000
 ------------------------------------------------------------------------------

check COM velocity, temp:        0.000001     0.00(Removed)

 NSTEP =    17000   TIME(PS) =      28.500  TEMP(K) =   302.64  PRESS =     0.0
 Etot   =    -51832.1850  EKtot   =     20821.2520  EPtot      =    -72653.4369
 BOND   =     12984.8570  ANGLE   =      1004.0068  DIHED      =      1330.0482
 1-4 NB =       445.7026  1-4 EEL =      4649.0783  VDWAALS    =     12884.4843
 EELEC  =   -105951.6142  EHBOND  =         0.0000  RESTRAINT  =         0.0000
 ------------------------------------------------------------------------------


 NSTEP =    17500   TIME(PS) =      28.750  TEMP(K) =   303.08  PRESS =     0.0
 Etot   =    -51827.8880  EKtot   =     20851.9102  EPtot      =    -72679.7981
 BOND   =     12890.5867  ANGLE   =       988.3860  DIHED      =      1316.8334
 1-4 NB =       456.1897  1-4 EEL =      4665.1191  VDWAALS    =     12739.2911
 EELEC  =   -105736.2042  EHBOND  =         0.0000  RESTRAINT  =         0.0000
 ------------------------------------------------------------------------------

check COM velocity, temp:        0.000003     0.00(Removed)

 NSTEP =    18000   TIME(PS) =      29.000  TEMP(K) =   300.88  PRESS =     0.0
 Etot   =    -51827.8092  EKtot   =     20700.2871  EPtot      =    -72528.0963
 BOND   =     12873.5997  ANGLE   =      1029.6719  DIHED      =      1326.0788
 1-4 NB =       454.6024  1-4 EEL =      4646.6117  VDWAALS    =     12964.8206
 EELEC  =   -105823.4814  EHBOND  =         0.0000  RESTRAINT  =         0.0000
 ------------------------------------------------------------------------------


 NSTEP =    18500   TIME(PS) =      29.250  TEMP(K) =   302.32  PRESS =     0.0
 Etot   =    -51830.2784  EKtot   =     20799.5215  EPtot      =    -72629.7999
 BOND   =     12869.9792  ANGLE   =      1065.9123  DIHED      =      1351.3827
 1-4 NB =       437.8578  1-4 EEL =      4690.8108  VDWAALS    =     12794.0303
 EELEC  =   -105839.7730  EHBOND  =         0.0000  RESTRAINT  =         0.0000
 ------------------------------------------------------------------------------

check COM velocity, temp:        0.000009     0.00(Removed)

 NSTEP =    19000   TIME(PS) =      29.500  TEMP(K) =   301.68  PRESS =     0.0
 Etot   =    -51831.7050  EKtot   =     20755.1367  EPtot      =    -72586.8418
 BOND   =     12973.5825  ANGLE   =      1011.1080  DIHED      =      1341.9107
 1-4 NB =       444.6020  1-4 EEL =      4633.1591  VDWAALS    =     12904.8545
 EELEC  =   -105896.0586  EHBOND  =         0.0000  RESTRAINT  =         0.0000
 ------------------------------------------------------------------------------


 NSTEP =    19500   TIME(PS) =      29.750  TEMP(K) =   301.81  PRESS =     0.0
 Etot   =    -51829.8169  EKtot   =     20764.7031  EPtot      =    -72594.5201
 BOND   =     12981.3432  ANGLE   =      1036.0652  DIHED      =      1320.0509
 1-4 NB =       442.6621  1-4 EEL =      4655.5827  VDWAALS    =     12736.4582
 EELEC  =   -105766.6824  EHBOND  =         0.0000  RESTRAINT  =         0.0000
 ------------------------------------------------------------------------------

check COM velocity, temp:        0.000007     0.00(Removed)

 NSTEP =    20000   TIME(PS) =      30.000  TEMP(K) =   300.41  PRESS =     0.0
 Etot   =    -51830.5080  EKtot   =     20667.8320  EPtot      =    -72498.3400
 BOND   =     12928.1647  ANGLE   =      1024.4002  DIHED      =      1325.4986
 1-4 NB =       442.8906  1-4 EEL =      4644.5771  VDWAALS    =     12803.3379
 EELEC  =   -105667.2090  EHBOND  =         0.0000  RESTRAINT  =         0.0000
 ------------------------------------------------------------------------------


      A V E R A G E S   O V E R      40 S T E P S


 NSTEP =    20000   TIME(PS) =      30.000  TEMP(K) =   301.35  PRESS =     0.0
 Etot   =    -51828.1466  EKtot   =     20732.7668  EPtot      =    -72560.9134
 BOND   =     12939.9838  ANGLE   =      1034.4873  DIHED      =      1327.2750
 1-4 NB =       442.5849  1-4 EEL =      4646.2328  VDWAALS    =     12813.2611
 EELEC  =   -105764.7383  EHBOND  =         0.0000  RESTRAINT  =         0.0000
 ------------------------------------------------------------------------------


      R M S  F L U C T U A T I O N S


 NSTEP =    20000   TIME(PS) =      30.000  TEMP(K) =     1.18  PRESS =     0.0
 Etot   =         2.4289  EKtot   =        80.9232  EPtot      =        81.8202
 BOND   =       107.8000  ANGLE   =        23.6596  DIHED      =        12.5873
 1-4 NB =         9.8600  1-4 EEL =        23.0034  VDWAALS    =       149.4007
 EELEC  =       196.8219  EHBOND  =         0.0000  RESTRAINT  =         0.0000
|E(PBS) =         0.7049
 ------------------------------------------------------------------------------

--------------------------------------------------------------------------------
   5.  TIMINGS
--------------------------------------------------------------------------------

|  NonSetup CPU Time in Major Routines:
|
|     Routine           Sec        %
|     ------------------------------
|     Nonbond           4.04   10.45
|     Bond              0.00    0.00
|     Angle             0.00    0.00
|     Dihedral          0.00    0.00
|     Shake             0.00    0.00
|     RunMD            34.60   89.43
|     Other             0.04    0.11
|     ------------------------------
|     Total            38.69

|  PME Nonbond Pairlist CPU Time:
|
|     Routine              Sec        %
|     ---------------------------------
|     Set Up Cit           0.00    0.00
|     Build List           0.00    0.00
|     ---------------------------------
|     Total                0.00    0.00

|  PME Direct Force CPU Time:
|
|     Routine              Sec        %
|     ---------------------------------
|     NonBonded Calc       0.00    0.00
|     Exclude Masked       0.00    0.00
|     Other                0.03    0.07
|     ---------------------------------
|     Total                0.03    0.07

|  PME Reciprocal Force CPU Time:
|
|     Routine              Sec        %
|     ---------------------------------
|     1D bspline           0.00    0.00
|     Grid Charges         0.00    0.00
|     Scalar Sum           0.00    0.00
|     Gradient Sum         0.00    0.00
|     FFT                  0.00    0.00
|     ---------------------------------
|     Total                0.00    0.00

|  Final Performance Info:
|     -----------------------------------------------------
|     Average timings for last   19500 steps:
|     Elapsed(s) =      40.33 Per Step(ms) =       2.07
|         ns/day =      20.89   seconds/ns =    4136.89
|
|     Average timings for all steps:
|     Elapsed(s) =      41.23 Per Step(ms) =       2.06
|         ns/day =      20.96   seconds/ns =    4123.09
|     -----------------------------------------------------

|  Setup CPU time:            2.90 seconds
|  NonSetup CPU time:        38.69 seconds
|  Total CPU time:           41.60 seconds     0.01 hours

|  Setup wall time:           6    seconds
|  NonSetup wall time:       41    seconds
|  Total wall time:          47    seconds     0.01 hours
