
          -------------------------------------------------------
          Amber 16 PMEMD                              2016
          -------------------------------------------------------

| PMEMD implementation of SANDER, Release 16

| Run on 08/24/2017 at 13:58:03

|   Executable path: /apps/amber16/bin/pmemd.cuda
| Working directory: /scratch/pbarletta/pdz/run/lb/neq/data/3
|          Hostname: mordor

  [-O]verwriting output

File Assignments:
|   MDIN: pdt.in                                                                
|  MDOUT: 280plb_3.out                                                          
| INPCRD: ../2/280plb_2.rst7                                                    
|   PARM: /scratch/pbarletta/pdz/top_files/lb.prmtop                            
| RESTRT: 280plb_3.rst7                                                         
|   REFC: refc                                                                  
|  MDVEL: mdvel                                                                 
|   MDEN: mden                                                                  
|  MDCRD: 280plb_3.nc                                                           
| MDINFO: mdinfo                                                                
|  MDFRC: mdfrc                                                                 


 Here is the input file:

!NVE run                                                                       
&cntrl                                                                         
imin = 0,                           ! No Minimization                          
nmropt = 0,                         ! No NMR restraints read                   
                                                                               
! Nature and format of the input                                               
ntx = 5,                            ! Coordinates and velocities will be read  
irest = 1,                          ! Do not run a new simulation              
                                                                               
! Nature and format of the output                                              
ioutfm = 1,			    ! NetCDF format for output files                             
ntxo = 1,                           ! rstrt file in ASCII format               
ntpr = 500,                         ! inf in output every ntpr steps           
ntwr = 500,                         ! rstrt file every ntwr steps              
ntwx = 20,                          ! mdcrd file every ntwx steps              
ntwv = -1,                          ! mdvel without velocities                 
ntwe = 0,                           ! Energies and temperatures not written in 
idecomp = 0,                        ! No energy decomposition                  
iwrap = 1,                          ! Coordinates of the restart and mdcrd file
                                                                               
! Frozen or restrained atoms                                                   
ibelly = 0,                         ! No frozen atoms                          
ntr=0,                              ! Harmonic potential restraints            
                                                                               
! Molecular dynamics                                                           
nstlim = 20000,                     ! Number of MD-steps                       
dt = 0.0005,                        ! Time step                                
                                                                               
! Temperature regulation                                                       
ntt = 0,                            ! Constant total energy                    
                                                                               
! P and V regulation                                                           
ntp = 0,                            ! No P control                             
ntb = 1,                            ! constant V                               
                                                                               
! SHAKE variables                                                              
ntc = 1,                            ! Bonds involving H are constrained        
ntf = 1,                            ! Bond interaction involving H are ommited.
                                                                               
cut = 9.0,                          ! Nonbonded cutoff                         
/                                                                              
&end                                                                           


Note: ig = -1. Setting random seed to   497906 based on wallclock time in 
      microseconds.
| irandom = 1, using AMBER's internal random number generator (default).
 
|--------------------- INFORMATION ----------------------
| GPU (CUDA) Version of PMEMD in use: NVIDIA GPU IN USE.
|                    Version 16.0.0
| 
|                      02/25/2016
| 
| Implementation by:
|                    Ross C. Walker     (SDSC)
|                    Scott Le Grand     (nVIDIA)
| 
| Precision model in use:
|      [SPFP] - Single Precision Forces, 64-bit Fixed Point
|               Accumulation. (Default)
| 
|--------------------------------------------------------
 
|----------------- CITATION INFORMATION -----------------
|
|    When publishing work that utilized the CUDA version
|    of AMBER, please cite the following in addition to
|    the regular AMBER citations:
|
|  - Romelia Salomon-Ferrer; Andreas W. Goetz; Duncan
|    Poole; Scott Le Grand; Ross C. Walker "Routine
|    microsecond molecular dynamics simulations with
|    AMBER - Part II: Particle Mesh Ewald", J. Chem.
|    Theory Comput., 2013, 9 (9), pp3878-3888,
|    DOI: 10.1021/ct400314y.
|
|  - Andreas W. Goetz; Mark J. Williamson; Dong Xu;
|    Duncan Poole; Scott Le Grand; Ross C. Walker
|    "Routine microsecond molecular dynamics simulations
|    with AMBER - Part I: Generalized Born", J. Chem.
|    Theory Comput., 2012, 8 (5), pp1542-1555.
|
|  - Scott Le Grand; Andreas W. Goetz; Ross C. Walker
|    "SPFP: Speed without compromise - a mixed precision
|    model for GPU accelerated molecular dynamics
|    simulations.", Comp. Phys. Comm., 2013, 184
|    pp374-380, DOI: 10.1016/j.cpc.2012.09.022
|
|--------------------------------------------------------
 
|------------------- GPU DEVICE INFO --------------------
|
|            CUDA_VISIBLE_DEVICES: 1
|   CUDA Capable Devices Detected:      1
|           CUDA Device ID in use:      0
|                CUDA Device Name: GeForce GTX TITAN
|     CUDA Device Global Mem Size:   6082 MB
| CUDA Device Num Multiprocessors:     14
|           CUDA Device Core Freq:   0.93 GHz
|
|--------------------------------------------------------
 
 
| Conditional Compilation Defines Used:
| PUBFFT
| BINTRAJ
| CUDA
| EMIL

| Largest sphere to fit in unit cell has radius =    26.281

| New format PARM file being parsed.
| Version =    1.000 Date = 09/04/12 Time = 16:08:43

| Note: 1-4 EEL scale factors are being read from the topology file.

| Note: 1-4 VDW scale factors are being read from the topology file.
| Duplicated    0 dihedrals

| Duplicated    0 dihedrals

--------------------------------------------------------------------------------
   1.  RESOURCE   USE: 
--------------------------------------------------------------------------------

 getting new box info from bottom of inpcrd
 NATOM  =   23082 NTYPES =      16 NBONH =   22055 MBONA  =    1038
 NTHETH =    2390 MTHETA =    1396 NPHIH =    4631 MPHIA  =    3488
 NHPARM =       0 NPARM  =       0 NNB   =   39434 NRES   =    7134
 NBONA  =    1038 NTHETA =    1396 NPHIA =    3488 NUMBND =      41
 NUMANG =      86 NPTRA  =      41 NATYP =      28 NPHB   =       1
 IFBOX  =       1 NMXRS  =      24 IFCAP =       0 NEXTRA =       0
 NCOPY  =       0

| Coordinate Index Table dimensions:    12   14   10
| Direct force subcell size =     5.0212    5.2012    5.2562

     BOX TYPE: RECTILINEAR

--------------------------------------------------------------------------------
   2.  CONTROL  DATA  FOR  THE  RUN
--------------------------------------------------------------------------------

default_name                                                                    

General flags:
     imin    =       0, nmropt  =       0

Nature and format of input:
     ntx     =       5, irest   =       1, ntrx    =       1

Nature and format of output:
     ntxo    =       1, ntpr    =     500, ntrx    =       1, ntwr    =     500
     iwrap   =       1, ntwx    =      20, ntwv    =      -1, ntwe    =       0
     ioutfm  =       1, ntwprt  =       0, idecomp =       0, rbornstat=      0

Potential function:
     ntf     =       1, ntb     =       1, igb     =       0, nsnb    =      25
     ipol    =       0, gbsa    =       0, iesp    =       0
     dielc   =   1.00000, cut     =   9.00000, intdiel =   1.00000

Frozen or restrained atoms:
     ibelly  =       0, ntr     =       0

Molecular dynamics:
     nstlim  =     20000, nscm    =      1000, nrespa  =         1
     t       =   0.00000, dt      =   0.00050, vlimit  =  -1.00000

| Intermolecular bonds treatment:
|     no_intermolecular_bonds =       1

| Energy averages sample interval:
|     ene_avg_sampling =     500

Ewald parameters:
     verbose =       0, ew_type =       0, nbflag  =       1, use_pme =       1
     vdwmeth =       1, eedmeth =       1, netfrc  =       1
     Box X =   60.254   Box Y =   72.816   Box Z =   52.562
     Alpha =   90.000   Beta  =   90.000   Gamma =   90.000
     NFFT1 =   64       NFFT2 =   80       NFFT3 =   56
     Cutoff=    9.000   Tol   =0.100E-04
     Ewald Coefficient =  0.30768
     Interpolation order =    4

--------------------------------------------------------------------------------
   3.  ATOMIC COORDINATES AND VELOCITIES
--------------------------------------------------------------------------------

default_name                                                                    
 begin time read from input coords =    20.000 ps

 
 Number of triangulated 3-point waters found:     7002

     Sum of charges from parm topology file =  -0.00000008
     Forcing neutrality...

| Dynamic Memory, Types Used:
| Reals              710578
| Integers           737140

| Nonbonded Pairs Initial Allocation:     5262696

| GPU memory information (estimate):
| KB of GPU memory in use:     63171
| KB of CPU memory in use:     27891

--------------------------------------------------------------------------------
   4.  RESULTS
--------------------------------------------------------------------------------

 ---------------------------------------------------
 APPROXIMATING switch and d/dx switch using CUBIC SPLINE INTERPOLATION
 using   5000.0 points per unit in tabled values
 TESTING RELATIVE ERROR over r ranging from 0.0 to cutoff
| CHECK switch(x): max rel err =   0.2738E-14   at   2.422500
| CHECK d/dx switch(x): max rel err =   0.8314E-11   at   2.736960
 ---------------------------------------------------
|---------------------------------------------------
| APPROXIMATING direct energy using CUBIC SPLINE INTERPOLATION
|  with   50.0 points per unit in tabled values
| Relative Error Limit not exceeded for r .gt.   2.39
| APPROXIMATING direct force using CUBIC SPLINE INTERPOLATION
|  with   50.0 points per unit in tabled values
| Relative Error Limit not exceeded for r .gt.   2.84
|---------------------------------------------------

 NSTEP =      500   TIME(PS) =      20.250  TEMP(K) =   301.81  PRESS =     0.0
 Etot   =    -51814.0560  EKtot   =     20764.5566  EPtot      =    -72578.6127
 BOND   =     13002.5711  ANGLE   =      1059.7742  DIHED      =      1321.9704
 1-4 NB =       442.2262  1-4 EEL =      4651.7485  VDWAALS    =     12776.8599
 EELEC  =   -105833.7630  EHBOND  =         0.0000  RESTRAINT  =         0.0000
 ------------------------------------------------------------------------------

check COM velocity, temp:        0.002778     0.01(Removed)

 NSTEP =     1000   TIME(PS) =      20.500  TEMP(K) =   299.31  PRESS =     0.0
 Etot   =    -51809.0913  EKtot   =     20592.4668  EPtot      =    -72401.5581
 BOND   =     13020.9044  ANGLE   =      1052.2911  DIHED      =      1327.3388
 1-4 NB =       439.9137  1-4 EEL =      4625.6113  VDWAALS    =     12823.4716
 EELEC  =   -105691.0891  EHBOND  =         0.0000  RESTRAINT  =         0.0000
 ------------------------------------------------------------------------------


 NSTEP =     1500   TIME(PS) =      20.750  TEMP(K) =   301.08  PRESS =     0.0
 Etot   =    -51810.5675  EKtot   =     20714.0371  EPtot      =    -72524.6046
 BOND   =     12885.8113  ANGLE   =      1102.3888  DIHED      =      1304.4706
 1-4 NB =       447.8160  1-4 EEL =      4624.0785  VDWAALS    =     13037.7321
 EELEC  =   -105926.9019  EHBOND  =         0.0000  RESTRAINT  =         0.0000
 ------------------------------------------------------------------------------

check COM velocity, temp:        0.000007     0.00(Removed)

 NSTEP =     2000   TIME(PS) =      21.000  TEMP(K) =   299.61  PRESS =     0.0
 Etot   =    -51809.0336  EKtot   =     20613.0605  EPtot      =    -72422.0942
 BOND   =     13087.3650  ANGLE   =      1045.4511  DIHED      =      1311.0306
 1-4 NB =       432.9962  1-4 EEL =      4605.9020  VDWAALS    =     12797.9876
 EELEC  =   -105702.8266  EHBOND  =         0.0000  RESTRAINT  =         0.0000
 ------------------------------------------------------------------------------


 NSTEP =     2500   TIME(PS) =      21.250  TEMP(K) =   301.10  PRESS =     0.0
 Etot   =    -51810.5444  EKtot   =     20715.4336  EPtot      =    -72525.9780
 BOND   =     12970.8648  ANGLE   =      1096.7986  DIHED      =      1333.7338
 1-4 NB =       451.7786  1-4 EEL =      4602.8106  VDWAALS    =     12867.3752
 EELEC  =   -105849.3397  EHBOND  =         0.0000  RESTRAINT  =         0.0000
 ------------------------------------------------------------------------------

check COM velocity, temp:        0.000009     0.00(Removed)

 NSTEP =     3000   TIME(PS) =      21.500  TEMP(K) =   302.40  PRESS =     0.0
 Etot   =    -51810.1676  EKtot   =     20804.8574  EPtot      =    -72615.0250
 BOND   =     13006.7827  ANGLE   =      1077.1107  DIHED      =      1323.7151
 1-4 NB =       444.9675  1-4 EEL =      4649.8943  VDWAALS    =     12869.6518
 EELEC  =   -105987.1472  EHBOND  =         0.0000  RESTRAINT  =         0.0000
 ------------------------------------------------------------------------------


 NSTEP =     3500   TIME(PS) =      21.750  TEMP(K) =   301.67  PRESS =     0.0
 Etot   =    -51807.1789  EKtot   =     20754.9961  EPtot      =    -72562.1750
 BOND   =     12827.7281  ANGLE   =      1086.3568  DIHED      =      1345.6523
 1-4 NB =       435.2001  1-4 EEL =      4616.8235  VDWAALS    =     12959.9154
 EELEC  =   -105833.8512  EHBOND  =         0.0000  RESTRAINT  =         0.0000
 ------------------------------------------------------------------------------

check COM velocity, temp:        0.000002     0.00(Removed)

 NSTEP =     4000   TIME(PS) =      22.000  TEMP(K) =   302.09  PRESS =     0.0
 Etot   =    -51810.7136  EKtot   =     20783.4785  EPtot      =    -72594.1921
 BOND   =     12702.7610  ANGLE   =      1039.6273  DIHED      =      1317.5754
 1-4 NB =       446.3420  1-4 EEL =      4650.0218  VDWAALS    =     12833.0741
 EELEC  =   -105583.5937  EHBOND  =         0.0000  RESTRAINT  =         0.0000
 ------------------------------------------------------------------------------


 NSTEP =     4500   TIME(PS) =      22.250  TEMP(K) =   301.82  PRESS =     0.0
 Etot   =    -51811.7932  EKtot   =     20764.8984  EPtot      =    -72576.6916
 BOND   =     12703.1130  ANGLE   =      1069.0661  DIHED      =      1309.1182
 1-4 NB =       436.6251  1-4 EEL =      4611.0559  VDWAALS    =     12699.7224
 EELEC  =   -105405.3923  EHBOND  =         0.0000  RESTRAINT  =         0.0000
 ------------------------------------------------------------------------------

check COM velocity, temp:        0.000008     0.00(Removed)

 NSTEP =     5000   TIME(PS) =      22.500  TEMP(K) =   301.04  PRESS =     0.0
 Etot   =    -51812.6431  EKtot   =     20711.4434  EPtot      =    -72524.0865
 BOND   =     12970.3353  ANGLE   =      1077.0896  DIHED      =      1329.3307
 1-4 NB =       446.2166  1-4 EEL =      4621.4283  VDWAALS    =     12705.2361
 EELEC  =   -105673.7231  EHBOND  =         0.0000  RESTRAINT  =         0.0000
 ------------------------------------------------------------------------------


 NSTEP =     5500   TIME(PS) =      22.750  TEMP(K) =   300.03  PRESS =     0.0
 Etot   =    -51815.6223  EKtot   =     20641.6191  EPtot      =    -72457.2414
 BOND   =     12906.8153  ANGLE   =      1077.0639  DIHED      =      1339.9607
 1-4 NB =       444.1852  1-4 EEL =      4634.2233  VDWAALS    =     12740.0099
 EELEC  =   -105599.4998  EHBOND  =         0.0000  RESTRAINT  =         0.0000
 ------------------------------------------------------------------------------

check COM velocity, temp:        0.000006     0.00(Removed)

 NSTEP =     6000   TIME(PS) =      23.000  TEMP(K) =   300.93  PRESS =     0.0
 Etot   =    -51812.8896  EKtot   =     20704.1621  EPtot      =    -72517.0517
 BOND   =     12805.3745  ANGLE   =      1085.7627  DIHED      =      1324.8798
 1-4 NB =       439.6913  1-4 EEL =      4616.1754  VDWAALS    =     12659.9158
 EELEC  =   -105448.8513  EHBOND  =         0.0000  RESTRAINT  =         0.0000
 ------------------------------------------------------------------------------


 NSTEP =     6500   TIME(PS) =      23.250  TEMP(K) =   300.70  PRESS =     0.0
 Etot   =    -51808.3875  EKtot   =     20688.3066  EPtot      =    -72496.6942
 BOND   =     12930.3150  ANGLE   =      1152.8822  DIHED      =      1315.5380
 1-4 NB =       443.8498  1-4 EEL =      4589.5051  VDWAALS    =     12806.5192
 EELEC  =   -105735.3034  EHBOND  =         0.0000  RESTRAINT  =         0.0000
 ------------------------------------------------------------------------------

check COM velocity, temp:        0.000002     0.00(Removed)

 NSTEP =     7000   TIME(PS) =      23.500  TEMP(K) =   301.05  PRESS =     0.0
 Etot   =    -51812.1288  EKtot   =     20712.1191  EPtot      =    -72524.2480
 BOND   =     12750.2640  ANGLE   =      1087.4928  DIHED      =      1307.4765
 1-4 NB =       449.1600  1-4 EEL =      4629.4677  VDWAALS    =     12770.2173
 EELEC  =   -105518.3262  EHBOND  =         0.0000  RESTRAINT  =         0.0000
 ------------------------------------------------------------------------------


 NSTEP =     7500   TIME(PS) =      23.750  TEMP(K) =   302.25  PRESS =     0.0
 Etot   =    -51813.1837  EKtot   =     20794.4375  EPtot      =    -72607.6212
 BOND   =     12751.6181  ANGLE   =      1070.0050  DIHED      =      1335.6654
 1-4 NB =       433.8677  1-4 EEL =      4592.1370  VDWAALS    =     12656.5409
 EELEC  =   -105447.4555  EHBOND  =         0.0000  RESTRAINT  =         0.0000
 ------------------------------------------------------------------------------

check COM velocity, temp:        0.000005     0.00(Removed)

 NSTEP =     8000   TIME(PS) =      24.000  TEMP(K) =   301.42  PRESS =     0.0
 Etot   =    -51812.4307  EKtot   =     20737.8594  EPtot      =    -72550.2901
 BOND   =     12782.0412  ANGLE   =      1062.2288  DIHED      =      1331.3134
 1-4 NB =       444.8984  1-4 EEL =      4577.2208  VDWAALS    =     12556.1752
 EELEC  =   -105304.1679  EHBOND  =         0.0000  RESTRAINT  =         0.0000
 ------------------------------------------------------------------------------


 NSTEP =     8500   TIME(PS) =      24.250  TEMP(K) =   301.80  PRESS =     0.0
 Etot   =    -51811.4929  EKtot   =     20763.5996  EPtot      =    -72575.0926
 BOND   =     12675.9646  ANGLE   =      1062.4040  DIHED      =      1350.7436
 1-4 NB =       452.4452  1-4 EEL =      4602.5172  VDWAALS    =     12811.4322
 EELEC  =   -105530.5995  EHBOND  =         0.0000  RESTRAINT  =         0.0000
 ------------------------------------------------------------------------------

check COM velocity, temp:        0.000006     0.00(Removed)

 NSTEP =     9000   TIME(PS) =      24.500  TEMP(K) =   301.79  PRESS =     0.0
 Etot   =    -51814.8483  EKtot   =     20762.7012  EPtot      =    -72577.5495
 BOND   =     12606.3177  ANGLE   =      1056.1702  DIHED      =      1332.4380
 1-4 NB =       458.8647  1-4 EEL =      4643.9472  VDWAALS    =     12487.8933
 EELEC  =   -105163.1806  EHBOND  =         0.0000  RESTRAINT  =         0.0000
 ------------------------------------------------------------------------------


 NSTEP =     9500   TIME(PS) =      24.750  TEMP(K) =   298.80  PRESS =     0.0
 Etot   =    -51807.0766  EKtot   =     20557.1973  EPtot      =    -72364.2739
 BOND   =     12653.4971  ANGLE   =      1069.4270  DIHED      =      1313.8883
 1-4 NB =       449.5910  1-4 EEL =      4651.5630  VDWAALS    =     12372.6684
 EELEC  =   -104874.9087  EHBOND  =         0.0000  RESTRAINT  =         0.0000
 ------------------------------------------------------------------------------

check COM velocity, temp:        0.000007     0.00(Removed)

 NSTEP =    10000   TIME(PS) =      25.000  TEMP(K) =   301.21  PRESS =     0.0
 Etot   =    -51810.3259  EKtot   =     20722.9746  EPtot      =    -72533.3005
 BOND   =     12760.5273  ANGLE   =      1049.1315  DIHED      =      1341.7145
 1-4 NB =       442.8835  1-4 EEL =      4600.6099  VDWAALS    =     12804.6721
 EELEC  =   -105532.8393  EHBOND  =         0.0000  RESTRAINT  =         0.0000
 ------------------------------------------------------------------------------


 NSTEP =    10500   TIME(PS) =      25.250  TEMP(K) =   300.24  PRESS =     0.0
 Etot   =    -51808.5182  EKtot   =     20656.5918  EPtot      =    -72465.1100
 BOND   =     12874.4039  ANGLE   =      1071.2774  DIHED      =      1309.2830
 1-4 NB =       441.5057  1-4 EEL =      4636.7687  VDWAALS    =     12936.1276
 EELEC  =   -105734.4762  EHBOND  =         0.0000  RESTRAINT  =         0.0000
 ------------------------------------------------------------------------------

check COM velocity, temp:        0.000010     0.00(Removed)

 NSTEP =    11000   TIME(PS) =      25.500  TEMP(K) =   300.80  PRESS =     0.0
 Etot   =    -51808.6939  EKtot   =     20695.0742  EPtot      =    -72503.7681
 BOND   =     12968.8252  ANGLE   =      1039.0926  DIHED      =      1326.2135
 1-4 NB =       442.7952  1-4 EEL =      4619.5974  VDWAALS    =     12847.5169
 EELEC  =   -105747.8088  EHBOND  =         0.0000  RESTRAINT  =         0.0000
 ------------------------------------------------------------------------------


 NSTEP =    11500   TIME(PS) =      25.750  TEMP(K) =   301.16  PRESS =     0.0
 Etot   =    -51811.0558  EKtot   =     20719.8457  EPtot      =    -72530.9015
 BOND   =     12946.1712  ANGLE   =      1054.7289  DIHED      =      1329.3305
 1-4 NB =       452.2249  1-4 EEL =      4590.3841  VDWAALS    =     12867.9471
 EELEC  =   -105771.6881  EHBOND  =         0.0000  RESTRAINT  =         0.0000
 ------------------------------------------------------------------------------

check COM velocity, temp:        0.000008     0.00(Removed)

 NSTEP =    12000   TIME(PS) =      26.000  TEMP(K) =   302.54  PRESS =     0.0
 Etot   =    -51812.3223  EKtot   =     20814.3496  EPtot      =    -72626.6719
 BOND   =     12825.4844  ANGLE   =      1060.1283  DIHED      =      1291.1908
 1-4 NB =       448.7717  1-4 EEL =      4611.3144  VDWAALS    =     12657.1722
 EELEC  =   -105520.7338  EHBOND  =         0.0000  RESTRAINT  =         0.0000
 ------------------------------------------------------------------------------


 NSTEP =    12500   TIME(PS) =      26.250  TEMP(K) =   300.22  PRESS =     0.0
 Etot   =    -51810.3190  EKtot   =     20655.2695  EPtot      =    -72465.5885
 BOND   =     12895.9724  ANGLE   =      1049.8002  DIHED      =      1332.5004
 1-4 NB =       447.4903  1-4 EEL =      4612.8803  VDWAALS    =     12631.5743
 EELEC  =   -105435.8064  EHBOND  =         0.0000  RESTRAINT  =         0.0000
 ------------------------------------------------------------------------------

check COM velocity, temp:        0.000006     0.00(Removed)

 NSTEP =    13000   TIME(PS) =      26.500  TEMP(K) =   299.79  PRESS =     0.0
 Etot   =    -51811.8898  EKtot   =     20625.1562  EPtot      =    -72437.0461
 BOND   =     12863.7966  ANGLE   =      1066.1860  DIHED      =      1319.6630
 1-4 NB =       438.4549  1-4 EEL =      4623.7076  VDWAALS    =     12631.1550
 EELEC  =   -105380.0091  EHBOND  =         0.0000  RESTRAINT  =         0.0000
 ------------------------------------------------------------------------------


 NSTEP =    13500   TIME(PS) =      26.750  TEMP(K) =   301.59  PRESS =     0.0
 Etot   =    -51819.2332  EKtot   =     20749.1230  EPtot      =    -72568.3562
 BOND   =     12723.8634  ANGLE   =      1110.1937  DIHED      =      1329.0976
 1-4 NB =       458.3113  1-4 EEL =      4626.4301  VDWAALS    =     13028.0095
 EELEC  =   -105844.2617  EHBOND  =         0.0000  RESTRAINT  =         0.0000
 ------------------------------------------------------------------------------

check COM velocity, temp:        0.000007     0.00(Removed)

 NSTEP =    14000   TIME(PS) =      27.000  TEMP(K) =   301.72  PRESS =     0.0
 Etot   =    -51812.4161  EKtot   =     20758.2441  EPtot      =    -72570.6603
 BOND   =     12700.9434  ANGLE   =      1062.7054  DIHED      =      1328.2089
 1-4 NB =       447.2360  1-4 EEL =      4624.5987  VDWAALS    =     12957.3872
 EELEC  =   -105691.7400  EHBOND  =         0.0000  RESTRAINT  =         0.0000
 ------------------------------------------------------------------------------


 NSTEP =    14500   TIME(PS) =      27.250  TEMP(K) =   301.34  PRESS =     0.0
 Etot   =    -51811.0154  EKtot   =     20731.7949  EPtot      =    -72542.8104
 BOND   =     12752.6917  ANGLE   =      1053.8884  DIHED      =      1320.5343
 1-4 NB =       436.8185  1-4 EEL =      4640.0785  VDWAALS    =     12564.5484
 EELEC  =   -105311.3701  EHBOND  =         0.0000  RESTRAINT  =         0.0000
 ------------------------------------------------------------------------------

check COM velocity, temp:        0.000005     0.00(Removed)

 NSTEP =    15000   TIME(PS) =      27.500  TEMP(K) =   301.17  PRESS =     0.0
 Etot   =    -51810.0997  EKtot   =     20720.6680  EPtot      =    -72530.7677
 BOND   =     12765.4554  ANGLE   =      1064.1274  DIHED      =      1316.3702
 1-4 NB =       444.3211  1-4 EEL =      4640.5196  VDWAALS    =     12758.7561
 EELEC  =   -105520.3175  EHBOND  =         0.0000  RESTRAINT  =         0.0000
 ------------------------------------------------------------------------------


 NSTEP =    15500   TIME(PS) =      27.750  TEMP(K) =   302.57  PRESS =     0.0
 Etot   =    -51814.0523  EKtot   =     20816.6211  EPtot      =    -72630.6734
 BOND   =     12590.4825  ANGLE   =      1079.0956  DIHED      =      1296.4578
 1-4 NB =       443.2010  1-4 EEL =      4652.0074  VDWAALS    =     12345.5111
 EELEC  =   -105037.4288  EHBOND  =         0.0000  RESTRAINT  =         0.0000
 ------------------------------------------------------------------------------

check COM velocity, temp:        0.000006     0.00(Removed)

 NSTEP =    16000   TIME(PS) =      28.000  TEMP(K) =   300.32  PRESS =     0.0
 Etot   =    -51807.7855  EKtot   =     20661.9883  EPtot      =    -72469.7738
 BOND   =     12845.1620  ANGLE   =      1061.3284  DIHED      =      1318.8838
 1-4 NB =       451.0664  1-4 EEL =      4606.2048  VDWAALS    =     12580.3741
 EELEC  =   -105332.7934  EHBOND  =         0.0000  RESTRAINT  =         0.0000
 ------------------------------------------------------------------------------


 NSTEP =    16500   TIME(PS) =      28.250  TEMP(K) =   302.07  PRESS =     0.0
 Etot   =    -51812.5858  EKtot   =     20782.1270  EPtot      =    -72594.7128
 BOND   =     12809.9742  ANGLE   =      1037.3701  DIHED      =      1332.5569
 1-4 NB =       446.4095  1-4 EEL =      4610.4640  VDWAALS    =     12640.0817
 EELEC  =   -105471.5692  EHBOND  =         0.0000  RESTRAINT  =         0.0000
 ------------------------------------------------------------------------------

check COM velocity, temp:        0.000006     0.00(Removed)

 NSTEP =    17000   TIME(PS) =      28.500  TEMP(K) =   302.40  PRESS =     0.0
 Etot   =    -51813.0599  EKtot   =     20804.6855  EPtot      =    -72617.7455
 BOND   =     12667.6251  ANGLE   =      1036.4138  DIHED      =      1324.6344
 1-4 NB =       443.7791  1-4 EEL =      4615.2718  VDWAALS    =     12648.2448
 EELEC  =   -105353.7145  EHBOND  =         0.0000  RESTRAINT  =         0.0000
 ------------------------------------------------------------------------------


 NSTEP =    17500   TIME(PS) =      28.750  TEMP(K) =   300.23  PRESS =     0.0
 Etot   =    -51806.2744  EKtot   =     20655.5059  EPtot      =    -72461.7803
 BOND   =     12698.3141  ANGLE   =      1084.1333  DIHED      =      1334.2024
 1-4 NB =       448.1736  1-4 EEL =      4608.4459  VDWAALS    =     12666.9072
 EELEC  =   -105301.9567  EHBOND  =         0.0000  RESTRAINT  =         0.0000
 ------------------------------------------------------------------------------

check COM velocity, temp:        0.000005     0.00(Removed)

 NSTEP =    18000   TIME(PS) =      29.000  TEMP(K) =   301.03  PRESS =     0.0
 Etot   =    -51811.0474  EKtot   =     20710.5664  EPtot      =    -72521.6138
 BOND   =     12949.6085  ANGLE   =      1076.3696  DIHED      =      1329.8756
 1-4 NB =       467.6308  1-4 EEL =      4655.5693  VDWAALS    =     12994.5385
 EELEC  =   -105995.2060  EHBOND  =         0.0000  RESTRAINT  =         0.0000
 ------------------------------------------------------------------------------


 NSTEP =    18500   TIME(PS) =      29.250  TEMP(K) =   302.01  PRESS =     0.0
 Etot   =    -51815.1113  EKtot   =     20778.1250  EPtot      =    -72593.2363
 BOND   =     12756.8506  ANGLE   =      1044.7993  DIHED      =      1320.5892
 1-4 NB =       452.8107  1-4 EEL =      4626.0316  VDWAALS    =     12359.0388
 EELEC  =   -105153.3564  EHBOND  =         0.0000  RESTRAINT  =         0.0000
 ------------------------------------------------------------------------------

check COM velocity, temp:        0.000011     0.00(Removed)

 NSTEP =    19000   TIME(PS) =      29.500  TEMP(K) =   300.87  PRESS =     0.0
 Etot   =    -51810.8561  EKtot   =     20699.9512  EPtot      =    -72510.8073
 BOND   =     12721.7349  ANGLE   =      1022.1655  DIHED      =      1332.2285
 1-4 NB =       431.4753  1-4 EEL =      4588.6656  VDWAALS    =     12681.7314
 EELEC  =   -105288.8085  EHBOND  =         0.0000  RESTRAINT  =         0.0000
 ------------------------------------------------------------------------------


 NSTEP =    19500   TIME(PS) =      29.750  TEMP(K) =   299.68  PRESS =     0.0
 Etot   =    -51808.2678  EKtot   =     20617.7891  EPtot      =    -72426.0568
 BOND   =     12860.0053  ANGLE   =      1058.8514  DIHED      =      1294.8560
 1-4 NB =       442.6105  1-4 EEL =      4643.4495  VDWAALS    =     12675.7475
 EELEC  =   -105401.5770  EHBOND  =         0.0000  RESTRAINT  =         0.0000
 ------------------------------------------------------------------------------

check COM velocity, temp:        0.000007     0.00(Removed)

 NSTEP =    20000   TIME(PS) =      30.000  TEMP(K) =   302.64  PRESS =     0.0
 Etot   =    -51810.2930  EKtot   =     20821.5195  EPtot      =    -72631.8126
 BOND   =     12871.8993  ANGLE   =      1046.9877  DIHED      =      1328.8319
 1-4 NB =       442.6124  1-4 EEL =      4685.0863  VDWAALS    =     12950.5653
 EELEC  =   -105957.7955  EHBOND  =         0.0000  RESTRAINT  =         0.0000
 ------------------------------------------------------------------------------


      A V E R A G E S   O V E R      40 S T E P S


 NSTEP =    20000   TIME(PS) =      30.000  TEMP(K) =   301.16  PRESS =     0.0
 Etot   =    -51811.2268  EKtot   =     20719.4800  EPtot      =    -72530.7068
 BOND   =     12822.2559  ANGLE   =      1066.4541  DIHED      =      1323.3266
 1-4 NB =       445.2804  1-4 EEL =      4622.8554  VDWAALS    =     12736.5001
 EELEC  =   -105547.3794  EHBOND  =         0.0000  RESTRAINT  =         0.0000
 ------------------------------------------------------------------------------


      R M S  F L U C T U A T I O N S


 NSTEP =    20000   TIME(PS) =      30.000  TEMP(K) =     0.95  PRESS =     0.0
 Etot   =         2.5659  EKtot   =        65.1016  EPtot      =        66.3654
 BOND   =       121.5970  ANGLE   =        23.2577  DIHED      =        13.1093
 1-4 NB =         7.1514  1-4 EEL =        22.3168  VDWAALS    =       171.5990
 EELEC  =       262.0593  EHBOND  =         0.0000  RESTRAINT  =         0.0000
|E(PBS) =         0.5621
 ------------------------------------------------------------------------------

--------------------------------------------------------------------------------
   5.  TIMINGS
--------------------------------------------------------------------------------

|  NonSetup CPU Time in Major Routines:
|
|     Routine           Sec        %
|     ------------------------------
|     Nonbond           4.05   10.41
|     Bond              0.00    0.00
|     Angle             0.00    0.00
|     Dihedral          0.00    0.00
|     Shake             0.00    0.00
|     RunMD            34.78   89.43
|     Other             0.06    0.16
|     ------------------------------
|     Total            38.89

|  PME Nonbond Pairlist CPU Time:
|
|     Routine              Sec        %
|     ---------------------------------
|     Set Up Cit           0.00    0.00
|     Build List           0.00    0.00
|     ---------------------------------
|     Total                0.00    0.00

|  PME Direct Force CPU Time:
|
|     Routine              Sec        %
|     ---------------------------------
|     NonBonded Calc       0.00    0.00
|     Exclude Masked       0.00    0.00
|     Other                0.04    0.09
|     ---------------------------------
|     Total                0.04    0.09

|  PME Reciprocal Force CPU Time:
|
|     Routine              Sec        %
|     ---------------------------------
|     1D bspline           0.00    0.00
|     Grid Charges         0.00    0.00
|     Scalar Sum           0.00    0.00
|     Gradient Sum         0.00    0.00
|     FFT                  0.00    0.00
|     ---------------------------------
|     Total                0.00    0.00

|  Final Performance Info:
|     -----------------------------------------------------
|     Average timings for last   19500 steps:
|     Elapsed(s) =      41.75 Per Step(ms) =       2.14
|         ns/day =      20.18   seconds/ns =    4281.82
|
|     Average timings for all steps:
|     Elapsed(s) =      42.65 Per Step(ms) =       2.13
|         ns/day =      20.26   seconds/ns =    4264.84
|     -----------------------------------------------------

|  Setup CPU time:            2.77 seconds
|  NonSetup CPU time:        38.89 seconds
|  Total CPU time:           41.66 seconds     0.01 hours

|  Setup wall time:           5    seconds
|  NonSetup wall time:       43    seconds
|  Total wall time:          48    seconds     0.01 hours
