
          -------------------------------------------------------
          Amber 16 PMEMD                              2016
          -------------------------------------------------------

| PMEMD implementation of SANDER, Release 16

| Run on 08/24/2017 at 13:58:50

|   Executable path: /apps/amber16/bin/pmemd.cuda
| Working directory: /scratch/pbarletta/pdz/run/lb/neq/data/3
|          Hostname: mordor

  [-O]verwriting output

File Assignments:
|   MDIN: pdt.in                                                                
|  MDOUT: 281plb_3.out                                                          
| INPCRD: ../2/281plb_2.rst7                                                    
|   PARM: /scratch/pbarletta/pdz/top_files/lb.prmtop                            
| RESTRT: 281plb_3.rst7                                                         
|   REFC: refc                                                                  
|  MDVEL: mdvel                                                                 
|   MDEN: mden                                                                  
|  MDCRD: 281plb_3.nc                                                           
| MDINFO: mdinfo                                                                
|  MDFRC: mdfrc                                                                 


 Here is the input file:

!NVE run                                                                       
&cntrl                                                                         
imin = 0,                           ! No Minimization                          
nmropt = 0,                         ! No NMR restraints read                   
                                                                               
! Nature and format of the input                                               
ntx = 5,                            ! Coordinates and velocities will be read  
irest = 1,                          ! Do not run a new simulation              
                                                                               
! Nature and format of the output                                              
ioutfm = 1,			    ! NetCDF format for output files                             
ntxo = 1,                           ! rstrt file in ASCII format               
ntpr = 500,                         ! inf in output every ntpr steps           
ntwr = 500,                         ! rstrt file every ntwr steps              
ntwx = 20,                          ! mdcrd file every ntwx steps              
ntwv = -1,                          ! mdvel without velocities                 
ntwe = 0,                           ! Energies and temperatures not written in 
idecomp = 0,                        ! No energy decomposition                  
iwrap = 1,                          ! Coordinates of the restart and mdcrd file
                                                                               
! Frozen or restrained atoms                                                   
ibelly = 0,                         ! No frozen atoms                          
ntr=0,                              ! Harmonic potential restraints            
                                                                               
! Molecular dynamics                                                           
nstlim = 20000,                     ! Number of MD-steps                       
dt = 0.0005,                        ! Time step                                
                                                                               
! Temperature regulation                                                       
ntt = 0,                            ! Constant total energy                    
                                                                               
! P and V regulation                                                           
ntp = 0,                            ! No P control                             
ntb = 1,                            ! constant V                               
                                                                               
! SHAKE variables                                                              
ntc = 1,                            ! Bonds involving H are constrained        
ntf = 1,                            ! Bond interaction involving H are ommited.
                                                                               
cut = 9.0,                          ! Nonbonded cutoff                         
/                                                                              
&end                                                                           


Note: ig = -1. Setting random seed to   817446 based on wallclock time in 
      microseconds.
| irandom = 1, using AMBER's internal random number generator (default).
 
|--------------------- INFORMATION ----------------------
| GPU (CUDA) Version of PMEMD in use: NVIDIA GPU IN USE.
|                    Version 16.0.0
| 
|                      02/25/2016
| 
| Implementation by:
|                    Ross C. Walker     (SDSC)
|                    Scott Le Grand     (nVIDIA)
| 
| Precision model in use:
|      [SPFP] - Single Precision Forces, 64-bit Fixed Point
|               Accumulation. (Default)
| 
|--------------------------------------------------------
 
|----------------- CITATION INFORMATION -----------------
|
|    When publishing work that utilized the CUDA version
|    of AMBER, please cite the following in addition to
|    the regular AMBER citations:
|
|  - Romelia Salomon-Ferrer; Andreas W. Goetz; Duncan
|    Poole; Scott Le Grand; Ross C. Walker "Routine
|    microsecond molecular dynamics simulations with
|    AMBER - Part II: Particle Mesh Ewald", J. Chem.
|    Theory Comput., 2013, 9 (9), pp3878-3888,
|    DOI: 10.1021/ct400314y.
|
|  - Andreas W. Goetz; Mark J. Williamson; Dong Xu;
|    Duncan Poole; Scott Le Grand; Ross C. Walker
|    "Routine microsecond molecular dynamics simulations
|    with AMBER - Part I: Generalized Born", J. Chem.
|    Theory Comput., 2012, 8 (5), pp1542-1555.
|
|  - Scott Le Grand; Andreas W. Goetz; Ross C. Walker
|    "SPFP: Speed without compromise - a mixed precision
|    model for GPU accelerated molecular dynamics
|    simulations.", Comp. Phys. Comm., 2013, 184
|    pp374-380, DOI: 10.1016/j.cpc.2012.09.022
|
|--------------------------------------------------------
 
|------------------- GPU DEVICE INFO --------------------
|
|            CUDA_VISIBLE_DEVICES: 1
|   CUDA Capable Devices Detected:      1
|           CUDA Device ID in use:      0
|                CUDA Device Name: GeForce GTX TITAN
|     CUDA Device Global Mem Size:   6082 MB
| CUDA Device Num Multiprocessors:     14
|           CUDA Device Core Freq:   0.93 GHz
|
|--------------------------------------------------------
 
 
| Conditional Compilation Defines Used:
| PUBFFT
| BINTRAJ
| CUDA
| EMIL

| Largest sphere to fit in unit cell has radius =    26.281

| New format PARM file being parsed.
| Version =    1.000 Date = 09/04/12 Time = 16:08:43

| Note: 1-4 EEL scale factors are being read from the topology file.

| Note: 1-4 VDW scale factors are being read from the topology file.
| Duplicated    0 dihedrals

| Duplicated    0 dihedrals

--------------------------------------------------------------------------------
   1.  RESOURCE   USE: 
--------------------------------------------------------------------------------

 getting new box info from bottom of inpcrd
 NATOM  =   23082 NTYPES =      16 NBONH =   22055 MBONA  =    1038
 NTHETH =    2390 MTHETA =    1396 NPHIH =    4631 MPHIA  =    3488
 NHPARM =       0 NPARM  =       0 NNB   =   39434 NRES   =    7134
 NBONA  =    1038 NTHETA =    1396 NPHIA =    3488 NUMBND =      41
 NUMANG =      86 NPTRA  =      41 NATYP =      28 NPHB   =       1
 IFBOX  =       1 NMXRS  =      24 IFCAP =       0 NEXTRA =       0
 NCOPY  =       0

| Coordinate Index Table dimensions:    12   14   10
| Direct force subcell size =     5.0212    5.2012    5.2562

     BOX TYPE: RECTILINEAR

--------------------------------------------------------------------------------
   2.  CONTROL  DATA  FOR  THE  RUN
--------------------------------------------------------------------------------

default_name                                                                    

General flags:
     imin    =       0, nmropt  =       0

Nature and format of input:
     ntx     =       5, irest   =       1, ntrx    =       1

Nature and format of output:
     ntxo    =       1, ntpr    =     500, ntrx    =       1, ntwr    =     500
     iwrap   =       1, ntwx    =      20, ntwv    =      -1, ntwe    =       0
     ioutfm  =       1, ntwprt  =       0, idecomp =       0, rbornstat=      0

Potential function:
     ntf     =       1, ntb     =       1, igb     =       0, nsnb    =      25
     ipol    =       0, gbsa    =       0, iesp    =       0
     dielc   =   1.00000, cut     =   9.00000, intdiel =   1.00000

Frozen or restrained atoms:
     ibelly  =       0, ntr     =       0

Molecular dynamics:
     nstlim  =     20000, nscm    =      1000, nrespa  =         1
     t       =   0.00000, dt      =   0.00050, vlimit  =  -1.00000

| Intermolecular bonds treatment:
|     no_intermolecular_bonds =       1

| Energy averages sample interval:
|     ene_avg_sampling =     500

Ewald parameters:
     verbose =       0, ew_type =       0, nbflag  =       1, use_pme =       1
     vdwmeth =       1, eedmeth =       1, netfrc  =       1
     Box X =   60.254   Box Y =   72.816   Box Z =   52.562
     Alpha =   90.000   Beta  =   90.000   Gamma =   90.000
     NFFT1 =   64       NFFT2 =   80       NFFT3 =   56
     Cutoff=    9.000   Tol   =0.100E-04
     Ewald Coefficient =  0.30768
     Interpolation order =    4

--------------------------------------------------------------------------------
   3.  ATOMIC COORDINATES AND VELOCITIES
--------------------------------------------------------------------------------

default_name                                                                    
 begin time read from input coords =    20.000 ps

 
 Number of triangulated 3-point waters found:     7002

     Sum of charges from parm topology file =  -0.00000008
     Forcing neutrality...

| Dynamic Memory, Types Used:
| Reals              710578
| Integers           737140

| Nonbonded Pairs Initial Allocation:     5262696

| GPU memory information (estimate):
| KB of GPU memory in use:     63171
| KB of CPU memory in use:     27891

--------------------------------------------------------------------------------
   4.  RESULTS
--------------------------------------------------------------------------------

 ---------------------------------------------------
 APPROXIMATING switch and d/dx switch using CUBIC SPLINE INTERPOLATION
 using   5000.0 points per unit in tabled values
 TESTING RELATIVE ERROR over r ranging from 0.0 to cutoff
| CHECK switch(x): max rel err =   0.2738E-14   at   2.422500
| CHECK d/dx switch(x): max rel err =   0.8314E-11   at   2.736960
 ---------------------------------------------------
|---------------------------------------------------
| APPROXIMATING direct energy using CUBIC SPLINE INTERPOLATION
|  with   50.0 points per unit in tabled values
| Relative Error Limit not exceeded for r .gt.   2.39
| APPROXIMATING direct force using CUBIC SPLINE INTERPOLATION
|  with   50.0 points per unit in tabled values
| Relative Error Limit not exceeded for r .gt.   2.84
|---------------------------------------------------

 NSTEP =      500   TIME(PS) =      20.250  TEMP(K) =   300.88  PRESS =     0.0
 Etot   =    -51835.9029  EKtot   =     20700.3125  EPtot      =    -72536.2154
 BOND   =     12598.7562  ANGLE   =      1018.3139  DIHED      =      1320.2247
 1-4 NB =       460.6151  1-4 EEL =      4665.9770  VDWAALS    =     12497.6899
 EELEC  =   -105097.7921  EHBOND  =         0.0000  RESTRAINT  =         0.0000
 ------------------------------------------------------------------------------

check COM velocity, temp:        0.003150     0.01(Removed)

 NSTEP =     1000   TIME(PS) =      20.500  TEMP(K) =   302.82  PRESS =     0.0
 Etot   =    -51836.0668  EKtot   =     20833.8652  EPtot      =    -72669.9320
 BOND   =     12750.6297  ANGLE   =      1032.8283  DIHED      =      1344.3983
 1-4 NB =       444.1826  1-4 EEL =      4625.8625  VDWAALS    =     12581.6170
 EELEC  =   -105449.4506  EHBOND  =         0.0000  RESTRAINT  =         0.0000
 ------------------------------------------------------------------------------


 NSTEP =     1500   TIME(PS) =      20.750  TEMP(K) =   302.14  PRESS =     0.0
 Etot   =    -51838.5290  EKtot   =     20786.8984  EPtot      =    -72625.4275
 BOND   =     12809.1928  ANGLE   =      1051.5140  DIHED      =      1310.2267
 1-4 NB =       426.0591  1-4 EEL =      4629.0741  VDWAALS    =     12719.9707
 EELEC  =   -105571.4650  EHBOND  =         0.0000  RESTRAINT  =         0.0000
 ------------------------------------------------------------------------------

check COM velocity, temp:        0.000006     0.00(Removed)

 NSTEP =     2000   TIME(PS) =      21.000  TEMP(K) =   300.85  PRESS =     0.0
 Etot   =    -51838.6539  EKtot   =     20698.3750  EPtot      =    -72537.0289
 BOND   =     12948.7819  ANGLE   =      1046.1107  DIHED      =      1315.8606
 1-4 NB =       434.0701  1-4 EEL =      4629.8446  VDWAALS    =     13045.5399
 EELEC  =   -105957.2366  EHBOND  =         0.0000  RESTRAINT  =         0.0000
 ------------------------------------------------------------------------------


 NSTEP =     2500   TIME(PS) =      21.250  TEMP(K) =   302.86  PRESS =     0.0
 Etot   =    -51838.6996  EKtot   =     20836.6602  EPtot      =    -72675.3597
 BOND   =     12681.3937  ANGLE   =      1080.0070  DIHED      =      1330.4478
 1-4 NB =       441.8203  1-4 EEL =      4614.8019  VDWAALS    =     12769.8895
 EELEC  =   -105593.7199  EHBOND  =         0.0000  RESTRAINT  =         0.0000
 ------------------------------------------------------------------------------

check COM velocity, temp:        0.000005     0.00(Removed)

 NSTEP =     3000   TIME(PS) =      21.500  TEMP(K) =   300.78  PRESS =     0.0
 Etot   =    -51837.2527  EKtot   =     20693.6230  EPtot      =    -72530.8757
 BOND   =     12612.1322  ANGLE   =      1075.4911  DIHED      =      1340.2694
 1-4 NB =       446.1405  1-4 EEL =      4634.2214  VDWAALS    =     12599.2275
 EELEC  =   -105238.3579  EHBOND  =         0.0000  RESTRAINT  =         0.0000
 ------------------------------------------------------------------------------


 NSTEP =     3500   TIME(PS) =      21.750  TEMP(K) =   302.03  PRESS =     0.0
 Etot   =    -51834.2914  EKtot   =     20779.6973  EPtot      =    -72613.9886
 BOND   =     12694.2450  ANGLE   =      1052.4268  DIHED      =      1324.0618
 1-4 NB =       445.0157  1-4 EEL =      4657.5780  VDWAALS    =     12967.1579
 EELEC  =   -105754.4739  EHBOND  =         0.0000  RESTRAINT  =         0.0000
 ------------------------------------------------------------------------------

check COM velocity, temp:        0.000002     0.00(Removed)

 NSTEP =     4000   TIME(PS) =      22.000  TEMP(K) =   300.27  PRESS =     0.0
 Etot   =    -51836.8694  EKtot   =     20658.5684  EPtot      =    -72495.4377
 BOND   =     12733.2466  ANGLE   =      1069.8834  DIHED      =      1318.7104
 1-4 NB =       450.4024  1-4 EEL =      4585.3516  VDWAALS    =     12815.4949
 EELEC  =   -105468.5269  EHBOND  =         0.0000  RESTRAINT  =         0.0000
 ------------------------------------------------------------------------------


 NSTEP =     4500   TIME(PS) =      22.250  TEMP(K) =   299.71  PRESS =     0.0
 Etot   =    -51836.1393  EKtot   =     20620.0176  EPtot      =    -72456.1569
 BOND   =     12812.7347  ANGLE   =      1061.3447  DIHED      =      1312.5145
 1-4 NB =       451.2761  1-4 EEL =      4603.1334  VDWAALS    =     12679.4354
 EELEC  =   -105376.5957  EHBOND  =         0.0000  RESTRAINT  =         0.0000
 ------------------------------------------------------------------------------

check COM velocity, temp:        0.000004     0.00(Removed)

 NSTEP =     5000   TIME(PS) =      22.500  TEMP(K) =   300.10  PRESS =     0.0
 Etot   =    -51834.0015  EKtot   =     20646.9609  EPtot      =    -72480.9625
 BOND   =     12820.8526  ANGLE   =      1036.9302  DIHED      =      1313.9354
 1-4 NB =       460.4303  1-4 EEL =      4638.6263  VDWAALS    =     12823.1119
 EELEC  =   -105574.8492  EHBOND  =         0.0000  RESTRAINT  =         0.0000
 ------------------------------------------------------------------------------


 NSTEP =     5500   TIME(PS) =      22.750  TEMP(K) =   301.22  PRESS =     0.0
 Etot   =    -51839.6331  EKtot   =     20724.0254  EPtot      =    -72563.6585
 BOND   =     12678.1068  ANGLE   =      1055.1130  DIHED      =      1301.9174
 1-4 NB =       441.5490  1-4 EEL =      4636.0213  VDWAALS    =     12836.1279
 EELEC  =   -105512.4939  EHBOND  =         0.0000  RESTRAINT  =         0.0000
 ------------------------------------------------------------------------------

check COM velocity, temp:        0.000009     0.00(Removed)

 NSTEP =     6000   TIME(PS) =      23.000  TEMP(K) =   300.45  PRESS =     0.0
 Etot   =    -51840.4418  EKtot   =     20670.6680  EPtot      =    -72511.1098
 BOND   =     12677.6722  ANGLE   =      1041.3098  DIHED      =      1321.6981
 1-4 NB =       434.6575  1-4 EEL =      4577.4087  VDWAALS    =     12919.7482
 EELEC  =   -105483.6043  EHBOND  =         0.0000  RESTRAINT  =         0.0000
 ------------------------------------------------------------------------------


 NSTEP =     6500   TIME(PS) =      23.250  TEMP(K) =   301.24  PRESS =     0.0
 Etot   =    -51835.8126  EKtot   =     20725.2617  EPtot      =    -72561.0743
 BOND   =     12732.9820  ANGLE   =      1040.9635  DIHED      =      1318.1614
 1-4 NB =       428.8365  1-4 EEL =      4560.4672  VDWAALS    =     13000.1028
 EELEC  =   -105642.5877  EHBOND  =         0.0000  RESTRAINT  =         0.0000
 ------------------------------------------------------------------------------

check COM velocity, temp:        0.000005     0.00(Removed)

 NSTEP =     7000   TIME(PS) =      23.500  TEMP(K) =   301.64  PRESS =     0.0
 Etot   =    -51835.2839  EKtot   =     20752.6270  EPtot      =    -72587.9109
 BOND   =     12737.1199  ANGLE   =      1014.1576  DIHED      =      1319.2580
 1-4 NB =       453.2262  1-4 EEL =      4584.6837  VDWAALS    =     12901.1718
 EELEC  =   -105597.5280  EHBOND  =         0.0000  RESTRAINT  =         0.0000
 ------------------------------------------------------------------------------


 NSTEP =     7500   TIME(PS) =      23.750  TEMP(K) =   302.18  PRESS =     0.0
 Etot   =    -51838.2243  EKtot   =     20789.5625  EPtot      =    -72627.7868
 BOND   =     12712.8442  ANGLE   =      1007.3269  DIHED      =      1307.1391
 1-4 NB =       442.3923  1-4 EEL =      4625.5072  VDWAALS    =     12820.4728
 EELEC  =   -105543.4692  EHBOND  =         0.0000  RESTRAINT  =         0.0000
 ------------------------------------------------------------------------------

check COM velocity, temp:        0.000005     0.00(Removed)

 NSTEP =     8000   TIME(PS) =      24.000  TEMP(K) =   300.42  PRESS =     0.0
 Etot   =    -51836.3234  EKtot   =     20668.8887  EPtot      =    -72505.2120
 BOND   =     12821.3325  ANGLE   =      1033.6504  DIHED      =      1320.0546
 1-4 NB =       442.6001  1-4 EEL =      4597.9479  VDWAALS    =     12757.4349
 EELEC  =   -105478.2324  EHBOND  =         0.0000  RESTRAINT  =         0.0000
 ------------------------------------------------------------------------------


 NSTEP =     8500   TIME(PS) =      24.250  TEMP(K) =   300.51  PRESS =     0.0
 Etot   =    -51834.7869  EKtot   =     20675.1895  EPtot      =    -72509.9764
 BOND   =     12883.5129  ANGLE   =      1036.8737  DIHED      =      1314.7030
 1-4 NB =       448.1229  1-4 EEL =      4656.6834  VDWAALS    =     12846.8647
 EELEC  =   -105696.7370  EHBOND  =         0.0000  RESTRAINT  =         0.0000
 ------------------------------------------------------------------------------

check COM velocity, temp:        0.000005     0.00(Removed)

 NSTEP =     9000   TIME(PS) =      24.500  TEMP(K) =   300.66  PRESS =     0.0
 Etot   =    -51837.4076  EKtot   =     20685.2617  EPtot      =    -72522.6693
 BOND   =     12912.5565  ANGLE   =      1015.1020  DIHED      =      1307.2414
 1-4 NB =       440.4830  1-4 EEL =      4612.1573  VDWAALS    =     12837.5353
 EELEC  =   -105647.7449  EHBOND  =         0.0000  RESTRAINT  =         0.0000
 ------------------------------------------------------------------------------


 NSTEP =     9500   TIME(PS) =      24.750  TEMP(K) =   301.99  PRESS =     0.0
 Etot   =    -51836.5178  EKtot   =     20776.6348  EPtot      =    -72613.1526
 BOND   =     12944.6722  ANGLE   =      1041.1148  DIHED      =      1328.9118
 1-4 NB =       443.6805  1-4 EEL =      4659.1456  VDWAALS    =     12636.1992
 EELEC  =   -105666.8766  EHBOND  =         0.0000  RESTRAINT  =         0.0000
 ------------------------------------------------------------------------------

check COM velocity, temp:        0.000011     0.00(Removed)

 NSTEP =    10000   TIME(PS) =      25.000  TEMP(K) =   301.06  PRESS =     0.0
 Etot   =    -51835.9595  EKtot   =     20712.9395  EPtot      =    -72548.8989
 BOND   =     12876.7396  ANGLE   =      1026.6541  DIHED      =      1304.0555
 1-4 NB =       443.5019  1-4 EEL =      4612.7599  VDWAALS    =     12799.1153
 EELEC  =   -105611.7253  EHBOND  =         0.0000  RESTRAINT  =         0.0000
 ------------------------------------------------------------------------------


 NSTEP =    10500   TIME(PS) =      25.250  TEMP(K) =   298.66  PRESS =     0.0
 Etot   =    -51835.1427  EKtot   =     20548.0078  EPtot      =    -72383.1505
 BOND   =     12924.2383  ANGLE   =      1044.1007  DIHED      =      1324.5144
 1-4 NB =       445.4005  1-4 EEL =      4604.1955  VDWAALS    =     12626.3028
 EELEC  =   -105351.9027  EHBOND  =         0.0000  RESTRAINT  =         0.0000
 ------------------------------------------------------------------------------

check COM velocity, temp:        0.000002     0.00(Removed)

 NSTEP =    11000   TIME(PS) =      25.500  TEMP(K) =   302.38  PRESS =     0.0
 Etot   =    -51839.5402  EKtot   =     20803.6445  EPtot      =    -72643.1847
 BOND   =     12787.5438  ANGLE   =      1000.2530  DIHED      =      1305.4416
 1-4 NB =       455.3475  1-4 EEL =      4642.5611  VDWAALS    =     12700.7271
 EELEC  =   -105535.0588  EHBOND  =         0.0000  RESTRAINT  =         0.0000
 ------------------------------------------------------------------------------


 NSTEP =    11500   TIME(PS) =      25.750  TEMP(K) =   300.15  PRESS =     0.0
 Etot   =    -51838.7007  EKtot   =     20650.0586  EPtot      =    -72488.7593
 BOND   =     12757.9754  ANGLE   =      1042.4632  DIHED      =      1329.6399
 1-4 NB =       432.7534  1-4 EEL =      4618.1638  VDWAALS    =     12568.0617
 EELEC  =   -105237.8167  EHBOND  =         0.0000  RESTRAINT  =         0.0000
 ------------------------------------------------------------------------------

check COM velocity, temp:        0.000007     0.00(Removed)

 NSTEP =    12000   TIME(PS) =      26.000  TEMP(K) =   301.72  PRESS =     0.0
 Etot   =    -51838.4086  EKtot   =     20758.2734  EPtot      =    -72596.6821
 BOND   =     12844.6835  ANGLE   =      1053.1350  DIHED      =      1309.6475
 1-4 NB =       423.3455  1-4 EEL =      4618.6727  VDWAALS    =     12792.4576
 EELEC  =   -105638.6239  EHBOND  =         0.0000  RESTRAINT  =         0.0000
 ------------------------------------------------------------------------------


 NSTEP =    12500   TIME(PS) =      26.250  TEMP(K) =   300.44  PRESS =     0.0
 Etot   =    -51838.6141  EKtot   =     20669.8770  EPtot      =    -72508.4911
 BOND   =     12747.4363  ANGLE   =      1038.6082  DIHED      =      1314.4585
 1-4 NB =       448.0520  1-4 EEL =      4649.0733  VDWAALS    =     12758.5849
 EELEC  =   -105464.7044  EHBOND  =         0.0000  RESTRAINT  =         0.0000
 ------------------------------------------------------------------------------

check COM velocity, temp:        0.000005     0.00(Removed)

 NSTEP =    13000   TIME(PS) =      26.500  TEMP(K) =   299.62  PRESS =     0.0
 Etot   =    -51836.8024  EKtot   =     20613.3848  EPtot      =    -72450.1871
 BOND   =     12811.6772  ANGLE   =      1046.7683  DIHED      =      1337.7675
 1-4 NB =       443.7532  1-4 EEL =      4661.8475  VDWAALS    =     12837.6461
 EELEC  =   -105589.6470  EHBOND  =         0.0000  RESTRAINT  =         0.0000
 ------------------------------------------------------------------------------


 NSTEP =    13500   TIME(PS) =      26.750  TEMP(K) =   299.52  PRESS =     0.0
 Etot   =    -51835.4840  EKtot   =     20607.1230  EPtot      =    -72442.6070
 BOND   =     12826.2172  ANGLE   =      1109.1414  DIHED      =      1300.4174
 1-4 NB =       425.5266  1-4 EEL =      4575.9541  VDWAALS    =     12739.8541
 EELEC  =   -105419.7177  EHBOND  =         0.0000  RESTRAINT  =         0.0000
 ------------------------------------------------------------------------------

check COM velocity, temp:        0.000005     0.00(Removed)

 NSTEP =    14000   TIME(PS) =      27.000  TEMP(K) =   304.28  PRESS =     0.0
 Etot   =    -51839.2839  EKtot   =     20934.6523  EPtot      =    -72773.9363
 BOND   =     12637.3973  ANGLE   =      1069.9240  DIHED      =      1316.3907
 1-4 NB =       438.7897  1-4 EEL =      4605.5067  VDWAALS    =     12699.5193
 EELEC  =   -105541.4639  EHBOND  =         0.0000  RESTRAINT  =         0.0000
 ------------------------------------------------------------------------------


 NSTEP =    14500   TIME(PS) =      27.250  TEMP(K) =   300.61  PRESS =     0.0
 Etot   =    -51836.6766  EKtot   =     20681.9766  EPtot      =    -72518.6531
 BOND   =     12620.2065  ANGLE   =      1046.8564  DIHED      =      1309.9980
 1-4 NB =       435.9046  1-4 EEL =      4590.2250  VDWAALS    =     12633.3663
 EELEC  =   -105155.2100  EHBOND  =         0.0000  RESTRAINT  =         0.0000
 ------------------------------------------------------------------------------

check COM velocity, temp:        0.000002     0.00(Removed)

 NSTEP =    15000   TIME(PS) =      27.500  TEMP(K) =   302.10  PRESS =     0.0
 Etot   =    -51837.2779  EKtot   =     20784.5566  EPtot      =    -72621.8345
 BOND   =     12700.0132  ANGLE   =      1055.0768  DIHED      =      1300.3087
 1-4 NB =       459.2630  1-4 EEL =      4612.1359  VDWAALS    =     12776.9451
 EELEC  =   -105525.5772  EHBOND  =         0.0000  RESTRAINT  =         0.0000
 ------------------------------------------------------------------------------


 NSTEP =    15500   TIME(PS) =      27.750  TEMP(K) =   301.55  PRESS =     0.0
 Etot   =    -51838.6307  EKtot   =     20746.6094  EPtot      =    -72585.2401
 BOND   =     12630.3111  ANGLE   =      1016.1534  DIHED      =      1325.9261
 1-4 NB =       454.2678  1-4 EEL =      4651.1890  VDWAALS    =     12811.7953
 EELEC  =   -105474.8827  EHBOND  =         0.0000  RESTRAINT  =         0.0000
 ------------------------------------------------------------------------------

check COM velocity, temp:        0.000005     0.00(Removed)

 NSTEP =    16000   TIME(PS) =      28.000  TEMP(K) =   301.61  PRESS =     0.0
 Etot   =    -51840.7566  EKtot   =     20750.4336  EPtot      =    -72591.1902
 BOND   =     12760.9933  ANGLE   =      1047.2042  DIHED      =      1343.4333
 1-4 NB =       442.7286  1-4 EEL =      4646.9818  VDWAALS    =     12472.7360
 EELEC  =   -105305.2675  EHBOND  =         0.0000  RESTRAINT  =         0.0000
 ------------------------------------------------------------------------------


 NSTEP =    16500   TIME(PS) =      28.250  TEMP(K) =   301.67  PRESS =     0.0
 Etot   =    -51837.3573  EKtot   =     20755.0898  EPtot      =    -72592.4471
 BOND   =     12936.0802  ANGLE   =      1056.2657  DIHED      =      1319.5176
 1-4 NB =       450.2087  1-4 EEL =      4640.7124  VDWAALS    =     12669.3641
 EELEC  =   -105664.5958  EHBOND  =         0.0000  RESTRAINT  =         0.0000
 ------------------------------------------------------------------------------

check COM velocity, temp:        0.000003     0.00(Removed)

 NSTEP =    17000   TIME(PS) =      28.500  TEMP(K) =   299.47  PRESS =     0.0
 Etot   =    -51836.2891  EKtot   =     20603.5625  EPtot      =    -72439.8516
 BOND   =     12895.2017  ANGLE   =      1039.2975  DIHED      =      1314.1945
 1-4 NB =       432.5967  1-4 EEL =      4647.0629  VDWAALS    =     12667.6204
 EELEC  =   -105435.8254  EHBOND  =         0.0000  RESTRAINT  =         0.0000
 ------------------------------------------------------------------------------


 NSTEP =    17500   TIME(PS) =      28.750  TEMP(K) =   300.51  PRESS =     0.0
 Etot   =    -51834.3938  EKtot   =     20675.0195  EPtot      =    -72509.4134
 BOND   =     12793.1427  ANGLE   =      1033.1866  DIHED      =      1323.3539
 1-4 NB =       424.3657  1-4 EEL =      4597.1360  VDWAALS    =     12806.6236
 EELEC  =   -105487.2219  EHBOND  =         0.0000  RESTRAINT  =         0.0000
 ------------------------------------------------------------------------------

check COM velocity, temp:        0.000006     0.00(Removed)

 NSTEP =    18000   TIME(PS) =      29.000  TEMP(K) =   301.37  PRESS =     0.0
 Etot   =    -51833.6915  EKtot   =     20734.2832  EPtot      =    -72567.9747
 BOND   =     12780.3451  ANGLE   =      1002.6234  DIHED      =      1321.5954
 1-4 NB =       431.7425  1-4 EEL =      4623.5843  VDWAALS    =     12629.1872
 EELEC  =   -105357.0526  EHBOND  =         0.0000  RESTRAINT  =         0.0000
 ------------------------------------------------------------------------------


 NSTEP =    18500   TIME(PS) =      29.250  TEMP(K) =   301.96  PRESS =     0.0
 Etot   =    -51837.4245  EKtot   =     20774.6211  EPtot      =    -72612.0456
 BOND   =     12709.0650  ANGLE   =      1012.5284  DIHED      =      1309.7955
 1-4 NB =       444.9903  1-4 EEL =      4634.4109  VDWAALS    =     12661.5587
 EELEC  =   -105384.3943  EHBOND  =         0.0000  RESTRAINT  =         0.0000
 ------------------------------------------------------------------------------

check COM velocity, temp:        0.000002     0.00(Removed)

 NSTEP =    19000   TIME(PS) =      29.500  TEMP(K) =   301.31  PRESS =     0.0
 Etot   =    -51836.3104  EKtot   =     20730.0391  EPtot      =    -72566.3494
 BOND   =     12735.4755  ANGLE   =       992.0524  DIHED      =      1314.8426
 1-4 NB =       433.5486  1-4 EEL =      4643.3214  VDWAALS    =     12962.8318
 EELEC  =   -105648.4217  EHBOND  =         0.0000  RESTRAINT  =         0.0000
 ------------------------------------------------------------------------------


 NSTEP =    19500   TIME(PS) =      29.750  TEMP(K) =   302.31  PRESS =     0.0
 Etot   =    -51838.0292  EKtot   =     20798.7812  EPtot      =    -72636.8105
 BOND   =     12870.4170  ANGLE   =      1054.1607  DIHED      =      1301.6895
 1-4 NB =       443.2832  1-4 EEL =      4596.0940  VDWAALS    =     13011.6802
 EELEC  =   -105914.1350  EHBOND  =         0.0000  RESTRAINT  =         0.0000
 ------------------------------------------------------------------------------

check COM velocity, temp:        0.000007     0.00(Removed)

 NSTEP =    20000   TIME(PS) =      30.000  TEMP(K) =   303.05  PRESS =     0.0
 Etot   =    -51840.5234  EKtot   =     20849.5137  EPtot      =    -72690.0371
 BOND   =     12685.3436  ANGLE   =      1053.3243  DIHED      =      1305.7761
 1-4 NB =       443.1556  1-4 EEL =      4664.2308  VDWAALS    =     12883.9929
 EELEC  =   -105725.8604  EHBOND  =         0.0000  RESTRAINT  =         0.0000
 ------------------------------------------------------------------------------


      A V E R A G E S   O V E R      40 S T E P S


 NSTEP =    20000   TIME(PS) =      30.000  TEMP(K) =   301.20  PRESS =     0.0
 Etot   =    -51837.1534  EKtot   =     20722.6386  EPtot      =    -72559.7920
 BOND   =     12772.3317  ANGLE   =      1041.2560  DIHED      =      1317.5625
 1-4 NB =       442.2021  1-4 EEL =      4623.2578  VDWAALS    =     12764.1191
 EELEC  =   -105520.5212  EHBOND  =         0.0000  RESTRAINT  =         0.0000
 ------------------------------------------------------------------------------


      R M S  F L U C T U A T I O N S


 NSTEP =    20000   TIME(PS) =      30.000  TEMP(K) =     1.12  PRESS =     0.0
 Etot   =         1.8173  EKtot   =        77.2036  EPtot      =        77.9491
 BOND   =        96.6289  ANGLE   =        23.1036  DIHED      =        11.2787
 1-4 NB =         9.5841  1-4 EEL =        26.8715  VDWAALS    =       136.4693
 EELEC  =       177.1540  EHBOND  =         0.0000  RESTRAINT  =         0.0000
|E(PBS) =         0.5743
 ------------------------------------------------------------------------------

--------------------------------------------------------------------------------
   5.  TIMINGS
--------------------------------------------------------------------------------

|  NonSetup CPU Time in Major Routines:
|
|     Routine           Sec        %
|     ------------------------------
|     Nonbond           3.98   10.30
|     Bond              0.00    0.00
|     Angle             0.00    0.00
|     Dihedral          0.00    0.00
|     Shake             0.00    0.00
|     RunMD            34.62   89.61
|     Other             0.03    0.08
|     ------------------------------
|     Total            38.63

|  PME Nonbond Pairlist CPU Time:
|
|     Routine              Sec        %
|     ---------------------------------
|     Set Up Cit           0.00    0.00
|     Build List           0.00    0.00
|     ---------------------------------
|     Total                0.00    0.00

|  PME Direct Force CPU Time:
|
|     Routine              Sec        %
|     ---------------------------------
|     NonBonded Calc       0.00    0.00
|     Exclude Masked       0.00    0.00
|     Other                0.00    0.01
|     ---------------------------------
|     Total                0.00    0.01

|  PME Reciprocal Force CPU Time:
|
|     Routine              Sec        %
|     ---------------------------------
|     1D bspline           0.00    0.00
|     Grid Charges         0.00    0.00
|     Scalar Sum           0.00    0.00
|     Gradient Sum         0.00    0.00
|     FFT                  0.00    0.00
|     ---------------------------------
|     Total                0.00    0.00

|  Final Performance Info:
|     -----------------------------------------------------
|     Average timings for last   19500 steps:
|     Elapsed(s) =      40.04 Per Step(ms) =       2.05
|         ns/day =      21.04   seconds/ns =    4106.71
|
|     Average timings for all steps:
|     Elapsed(s) =      40.93 Per Step(ms) =       2.05
|         ns/day =      21.11   seconds/ns =    4092.65
|     -----------------------------------------------------

|  Setup CPU time:            2.70 seconds
|  NonSetup CPU time:        38.63 seconds
|  Total CPU time:           41.34 seconds     0.01 hours

|  Setup wall time:           3    seconds
|  NonSetup wall time:       41    seconds
|  Total wall time:          44    seconds     0.01 hours
