
          -------------------------------------------------------
          Amber 16 PMEMD                              2016
          -------------------------------------------------------

| PMEMD implementation of SANDER, Release 16

| Run on 08/24/2017 at 14:00:18

|   Executable path: /apps/amber16/bin/pmemd.cuda
| Working directory: /scratch/pbarletta/pdz/run/lb/neq/data/3
|          Hostname: mordor

  [-O]verwriting output

File Assignments:
|   MDIN: pdt.in                                                                
|  MDOUT: 283plb_3.out                                                          
| INPCRD: ../2/283plb_2.rst7                                                    
|   PARM: /scratch/pbarletta/pdz/top_files/lb.prmtop                            
| RESTRT: 283plb_3.rst7                                                         
|   REFC: refc                                                                  
|  MDVEL: mdvel                                                                 
|   MDEN: mden                                                                  
|  MDCRD: 283plb_3.nc                                                           
| MDINFO: mdinfo                                                                
|  MDFRC: mdfrc                                                                 


 Here is the input file:

!NVE run                                                                       
&cntrl                                                                         
imin = 0,                           ! No Minimization                          
nmropt = 0,                         ! No NMR restraints read                   
                                                                               
! Nature and format of the input                                               
ntx = 5,                            ! Coordinates and velocities will be read  
irest = 1,                          ! Do not run a new simulation              
                                                                               
! Nature and format of the output                                              
ioutfm = 1,			    ! NetCDF format for output files                             
ntxo = 1,                           ! rstrt file in ASCII format               
ntpr = 500,                         ! inf in output every ntpr steps           
ntwr = 500,                         ! rstrt file every ntwr steps              
ntwx = 20,                          ! mdcrd file every ntwx steps              
ntwv = -1,                          ! mdvel without velocities                 
ntwe = 0,                           ! Energies and temperatures not written in 
idecomp = 0,                        ! No energy decomposition                  
iwrap = 1,                          ! Coordinates of the restart and mdcrd file
                                                                               
! Frozen or restrained atoms                                                   
ibelly = 0,                         ! No frozen atoms                          
ntr=0,                              ! Harmonic potential restraints            
                                                                               
! Molecular dynamics                                                           
nstlim = 20000,                     ! Number of MD-steps                       
dt = 0.0005,                        ! Time step                                
                                                                               
! Temperature regulation                                                       
ntt = 0,                            ! Constant total energy                    
                                                                               
! P and V regulation                                                           
ntp = 0,                            ! No P control                             
ntb = 1,                            ! constant V                               
                                                                               
! SHAKE variables                                                              
ntc = 1,                            ! Bonds involving H are constrained        
ntf = 1,                            ! Bond interaction involving H are ommited.
                                                                               
cut = 9.0,                          ! Nonbonded cutoff                         
/                                                                              
&end                                                                           


Note: ig = -1. Setting random seed to   412642 based on wallclock time in 
      microseconds.
| irandom = 1, using AMBER's internal random number generator (default).
 
|--------------------- INFORMATION ----------------------
| GPU (CUDA) Version of PMEMD in use: NVIDIA GPU IN USE.
|                    Version 16.0.0
| 
|                      02/25/2016
| 
| Implementation by:
|                    Ross C. Walker     (SDSC)
|                    Scott Le Grand     (nVIDIA)
| 
| Precision model in use:
|      [SPFP] - Single Precision Forces, 64-bit Fixed Point
|               Accumulation. (Default)
| 
|--------------------------------------------------------
 
|----------------- CITATION INFORMATION -----------------
|
|    When publishing work that utilized the CUDA version
|    of AMBER, please cite the following in addition to
|    the regular AMBER citations:
|
|  - Romelia Salomon-Ferrer; Andreas W. Goetz; Duncan
|    Poole; Scott Le Grand; Ross C. Walker "Routine
|    microsecond molecular dynamics simulations with
|    AMBER - Part II: Particle Mesh Ewald", J. Chem.
|    Theory Comput., 2013, 9 (9), pp3878-3888,
|    DOI: 10.1021/ct400314y.
|
|  - Andreas W. Goetz; Mark J. Williamson; Dong Xu;
|    Duncan Poole; Scott Le Grand; Ross C. Walker
|    "Routine microsecond molecular dynamics simulations
|    with AMBER - Part I: Generalized Born", J. Chem.
|    Theory Comput., 2012, 8 (5), pp1542-1555.
|
|  - Scott Le Grand; Andreas W. Goetz; Ross C. Walker
|    "SPFP: Speed without compromise - a mixed precision
|    model for GPU accelerated molecular dynamics
|    simulations.", Comp. Phys. Comm., 2013, 184
|    pp374-380, DOI: 10.1016/j.cpc.2012.09.022
|
|--------------------------------------------------------
 
|------------------- GPU DEVICE INFO --------------------
|
|            CUDA_VISIBLE_DEVICES: 1
|   CUDA Capable Devices Detected:      1
|           CUDA Device ID in use:      0
|                CUDA Device Name: GeForce GTX TITAN
|     CUDA Device Global Mem Size:   6082 MB
| CUDA Device Num Multiprocessors:     14
|           CUDA Device Core Freq:   0.93 GHz
|
|--------------------------------------------------------
 
 
| Conditional Compilation Defines Used:
| PUBFFT
| BINTRAJ
| CUDA
| EMIL

| Largest sphere to fit in unit cell has radius =    26.281

| New format PARM file being parsed.
| Version =    1.000 Date = 09/04/12 Time = 16:08:43

| Note: 1-4 EEL scale factors are being read from the topology file.

| Note: 1-4 VDW scale factors are being read from the topology file.
| Duplicated    0 dihedrals

| Duplicated    0 dihedrals

--------------------------------------------------------------------------------
   1.  RESOURCE   USE: 
--------------------------------------------------------------------------------

 getting new box info from bottom of inpcrd
 NATOM  =   23082 NTYPES =      16 NBONH =   22055 MBONA  =    1038
 NTHETH =    2390 MTHETA =    1396 NPHIH =    4631 MPHIA  =    3488
 NHPARM =       0 NPARM  =       0 NNB   =   39434 NRES   =    7134
 NBONA  =    1038 NTHETA =    1396 NPHIA =    3488 NUMBND =      41
 NUMANG =      86 NPTRA  =      41 NATYP =      28 NPHB   =       1
 IFBOX  =       1 NMXRS  =      24 IFCAP =       0 NEXTRA =       0
 NCOPY  =       0

| Coordinate Index Table dimensions:    12   14   10
| Direct force subcell size =     5.0212    5.2012    5.2562

     BOX TYPE: RECTILINEAR

--------------------------------------------------------------------------------
   2.  CONTROL  DATA  FOR  THE  RUN
--------------------------------------------------------------------------------

default_name                                                                    

General flags:
     imin    =       0, nmropt  =       0

Nature and format of input:
     ntx     =       5, irest   =       1, ntrx    =       1

Nature and format of output:
     ntxo    =       1, ntpr    =     500, ntrx    =       1, ntwr    =     500
     iwrap   =       1, ntwx    =      20, ntwv    =      -1, ntwe    =       0
     ioutfm  =       1, ntwprt  =       0, idecomp =       0, rbornstat=      0

Potential function:
     ntf     =       1, ntb     =       1, igb     =       0, nsnb    =      25
     ipol    =       0, gbsa    =       0, iesp    =       0
     dielc   =   1.00000, cut     =   9.00000, intdiel =   1.00000

Frozen or restrained atoms:
     ibelly  =       0, ntr     =       0

Molecular dynamics:
     nstlim  =     20000, nscm    =      1000, nrespa  =         1
     t       =   0.00000, dt      =   0.00050, vlimit  =  -1.00000

| Intermolecular bonds treatment:
|     no_intermolecular_bonds =       1

| Energy averages sample interval:
|     ene_avg_sampling =     500

Ewald parameters:
     verbose =       0, ew_type =       0, nbflag  =       1, use_pme =       1
     vdwmeth =       1, eedmeth =       1, netfrc  =       1
     Box X =   60.254   Box Y =   72.816   Box Z =   52.562
     Alpha =   90.000   Beta  =   90.000   Gamma =   90.000
     NFFT1 =   64       NFFT2 =   80       NFFT3 =   56
     Cutoff=    9.000   Tol   =0.100E-04
     Ewald Coefficient =  0.30768
     Interpolation order =    4

--------------------------------------------------------------------------------
   3.  ATOMIC COORDINATES AND VELOCITIES
--------------------------------------------------------------------------------

default_name                                                                    
 begin time read from input coords =    20.000 ps

 
 Number of triangulated 3-point waters found:     7002

     Sum of charges from parm topology file =  -0.00000008
     Forcing neutrality...

| Dynamic Memory, Types Used:
| Reals              710578
| Integers           737140

| Nonbonded Pairs Initial Allocation:     5262696

| GPU memory information (estimate):
| KB of GPU memory in use:     63171
| KB of CPU memory in use:     27891

--------------------------------------------------------------------------------
   4.  RESULTS
--------------------------------------------------------------------------------

 ---------------------------------------------------
 APPROXIMATING switch and d/dx switch using CUBIC SPLINE INTERPOLATION
 using   5000.0 points per unit in tabled values
 TESTING RELATIVE ERROR over r ranging from 0.0 to cutoff
| CHECK switch(x): max rel err =   0.2738E-14   at   2.422500
| CHECK d/dx switch(x): max rel err =   0.8314E-11   at   2.736960
 ---------------------------------------------------
|---------------------------------------------------
| APPROXIMATING direct energy using CUBIC SPLINE INTERPOLATION
|  with   50.0 points per unit in tabled values
| Relative Error Limit not exceeded for r .gt.   2.39
| APPROXIMATING direct force using CUBIC SPLINE INTERPOLATION
|  with   50.0 points per unit in tabled values
| Relative Error Limit not exceeded for r .gt.   2.84
|---------------------------------------------------

 NSTEP =      500   TIME(PS) =      20.250  TEMP(K) =   302.12  PRESS =     0.0
 Etot   =    -51981.4822  EKtot   =     20785.6387  EPtot      =    -72767.1209
 BOND   =     12894.0239  ANGLE   =      1005.7507  DIHED      =      1310.2001
 1-4 NB =       450.5783  1-4 EEL =      4605.5697  VDWAALS    =     12864.5787
 EELEC  =   -105897.8223  EHBOND  =         0.0000  RESTRAINT  =         0.0000
 ------------------------------------------------------------------------------

check COM velocity, temp:        0.003168     0.01(Removed)

 NSTEP =     1000   TIME(PS) =      20.500  TEMP(K) =   297.96  PRESS =     0.0
 Etot   =    -51980.9157  EKtot   =     20499.7734  EPtot      =    -72480.6891
 BOND   =     12778.1990  ANGLE   =      1066.3377  DIHED      =      1347.8497
 1-4 NB =       440.0069  1-4 EEL =      4607.8505  VDWAALS    =     12478.7591
 EELEC  =   -105199.6920  EHBOND  =         0.0000  RESTRAINT  =         0.0000
 ------------------------------------------------------------------------------


 NSTEP =     1500   TIME(PS) =      20.750  TEMP(K) =   299.34  PRESS =     0.0
 Etot   =    -51980.8790  EKtot   =     20594.6777  EPtot      =    -72575.5567
 BOND   =     12901.6955  ANGLE   =      1034.6050  DIHED      =      1318.8825
 1-4 NB =       444.0782  1-4 EEL =      4603.3537  VDWAALS    =     12642.9021
 EELEC  =   -105521.0738  EHBOND  =         0.0000  RESTRAINT  =         0.0000
 ------------------------------------------------------------------------------

check COM velocity, temp:        0.000005     0.00(Removed)

 NSTEP =     2000   TIME(PS) =      21.000  TEMP(K) =   301.15  PRESS =     0.0
 Etot   =    -51984.2813  EKtot   =     20719.0098  EPtot      =    -72703.2911
 BOND   =     12844.2395  ANGLE   =      1035.2890  DIHED      =      1326.0325
 1-4 NB =       458.1731  1-4 EEL =      4594.7535  VDWAALS    =     12655.2199
 EELEC  =   -105616.9984  EHBOND  =         0.0000  RESTRAINT  =         0.0000
 ------------------------------------------------------------------------------


 NSTEP =     2500   TIME(PS) =      21.250  TEMP(K) =   299.75  PRESS =     0.0
 Etot   =    -51982.5590  EKtot   =     20623.0000  EPtot      =    -72605.5590
 BOND   =     12782.8781  ANGLE   =      1075.8624  DIHED      =      1310.9666
 1-4 NB =       443.5427  1-4 EEL =      4556.6675  VDWAALS    =     12504.9964
 EELEC  =   -105280.4728  EHBOND  =         0.0000  RESTRAINT  =         0.0000
 ------------------------------------------------------------------------------

check COM velocity, temp:        0.000003     0.00(Removed)

 NSTEP =     3000   TIME(PS) =      21.500  TEMP(K) =   299.27  PRESS =     0.0
 Etot   =    -51982.1400  EKtot   =     20589.8105  EPtot      =    -72571.9505
 BOND   =     12689.0534  ANGLE   =      1034.0078  DIHED      =      1320.8782
 1-4 NB =       458.8485  1-4 EEL =      4566.0658  VDWAALS    =     12602.4700
 EELEC  =   -105243.2741  EHBOND  =         0.0000  RESTRAINT  =         0.0000
 ------------------------------------------------------------------------------


 NSTEP =     3500   TIME(PS) =      21.750  TEMP(K) =   300.65  PRESS =     0.0
 Etot   =    -51982.8821  EKtot   =     20684.4238  EPtot      =    -72667.3059
 BOND   =     12847.1273  ANGLE   =      1034.5060  DIHED      =      1309.0777
 1-4 NB =       451.9742  1-4 EEL =      4568.3651  VDWAALS    =     12671.8394
 EELEC  =   -105550.1956  EHBOND  =         0.0000  RESTRAINT  =         0.0000
 ------------------------------------------------------------------------------

check COM velocity, temp:        0.000004     0.00(Removed)

 NSTEP =     4000   TIME(PS) =      22.000  TEMP(K) =   300.01  PRESS =     0.0
 Etot   =    -51984.8032  EKtot   =     20640.3477  EPtot      =    -72625.1509
 BOND   =     12798.5030  ANGLE   =      1023.0613  DIHED      =      1326.7443
 1-4 NB =       433.9297  1-4 EEL =      4579.9070  VDWAALS    =     12777.6336
 EELEC  =   -105564.9299  EHBOND  =         0.0000  RESTRAINT  =         0.0000
 ------------------------------------------------------------------------------


 NSTEP =     4500   TIME(PS) =      22.250  TEMP(K) =   298.43  PRESS =     0.0
 Etot   =    -51985.9283  EKtot   =     20531.5273  EPtot      =    -72517.4557
 BOND   =     12690.1364  ANGLE   =      1033.4966  DIHED      =      1321.7426
 1-4 NB =       450.7007  1-4 EEL =      4612.2847  VDWAALS    =     12508.7306
 EELEC  =   -105134.5473  EHBOND  =         0.0000  RESTRAINT  =         0.0000
 ------------------------------------------------------------------------------

check COM velocity, temp:        0.000004     0.00(Removed)

 NSTEP =     5000   TIME(PS) =      22.500  TEMP(K) =   299.74  PRESS =     0.0
 Etot   =    -51982.6032  EKtot   =     20621.6367  EPtot      =    -72604.2399
 BOND   =     12625.2400  ANGLE   =      1017.4218  DIHED      =      1310.2665
 1-4 NB =       449.7862  1-4 EEL =      4554.1409  VDWAALS    =     12503.0785
 EELEC  =   -105064.1738  EHBOND  =         0.0000  RESTRAINT  =         0.0000
 ------------------------------------------------------------------------------


 NSTEP =     5500   TIME(PS) =      22.750  TEMP(K) =   298.63  PRESS =     0.0
 Etot   =    -51984.1455  EKtot   =     20545.5273  EPtot      =    -72529.6728
 BOND   =     12544.0991  ANGLE   =      1030.3638  DIHED      =      1318.3426
 1-4 NB =       439.2397  1-4 EEL =      4630.2876  VDWAALS    =     12673.4370
 EELEC  =   -105165.4426  EHBOND  =         0.0000  RESTRAINT  =         0.0000
 ------------------------------------------------------------------------------

check COM velocity, temp:        0.000005     0.00(Removed)

 NSTEP =     6000   TIME(PS) =      23.000  TEMP(K) =   300.65  PRESS =     0.0
 Etot   =    -51983.7564  EKtot   =     20684.4023  EPtot      =    -72668.1588
 BOND   =     12881.4638  ANGLE   =      1010.2473  DIHED      =      1334.1407
 1-4 NB =       426.4137  1-4 EEL =      4536.3184  VDWAALS    =     12718.3374
 EELEC  =   -105575.0800  EHBOND  =         0.0000  RESTRAINT  =         0.0000
 ------------------------------------------------------------------------------


 NSTEP =     6500   TIME(PS) =      23.250  TEMP(K) =   298.99  PRESS =     0.0
 Etot   =    -51987.4790  EKtot   =     20570.5176  EPtot      =    -72557.9965
 BOND   =     12839.1389  ANGLE   =      1016.0085  DIHED      =      1306.0675
 1-4 NB =       424.8833  1-4 EEL =      4603.4453  VDWAALS    =     12735.7998
 EELEC  =   -105483.3399  EHBOND  =         0.0000  RESTRAINT  =         0.0000
 ------------------------------------------------------------------------------

check COM velocity, temp:        0.000010     0.00(Removed)

 NSTEP =     7000   TIME(PS) =      23.500  TEMP(K) =   300.50  PRESS =     0.0
 Etot   =    -51986.7984  EKtot   =     20674.2188  EPtot      =    -72661.0172
 BOND   =     12782.0585  ANGLE   =      1032.4256  DIHED      =      1311.2605
 1-4 NB =       435.9680  1-4 EEL =      4590.4965  VDWAALS    =     12842.6917
 EELEC  =   -105655.9180  EHBOND  =         0.0000  RESTRAINT  =         0.0000
 ------------------------------------------------------------------------------


 NSTEP =     7500   TIME(PS) =      23.750  TEMP(K) =   300.71  PRESS =     0.0
 Etot   =    -51985.4714  EKtot   =     20688.5273  EPtot      =    -72673.9987
 BOND   =     12837.4691  ANGLE   =      1061.6095  DIHED      =      1323.2725
 1-4 NB =       457.3497  1-4 EEL =      4561.0210  VDWAALS    =     12811.2544
 EELEC  =   -105725.9748  EHBOND  =         0.0000  RESTRAINT  =         0.0000
 ------------------------------------------------------------------------------

check COM velocity, temp:        0.000001     0.00(Removed)

 NSTEP =     8000   TIME(PS) =      24.000  TEMP(K) =   299.91  PRESS =     0.0
 Etot   =    -51987.1311  EKtot   =     20633.5957  EPtot      =    -72620.7268
 BOND   =     12821.2413  ANGLE   =      1011.6316  DIHED      =      1339.6667
 1-4 NB =       456.8526  1-4 EEL =      4594.3590  VDWAALS    =     12600.0976
 EELEC  =   -105444.5757  EHBOND  =         0.0000  RESTRAINT  =         0.0000
 ------------------------------------------------------------------------------


 NSTEP =     8500   TIME(PS) =      24.250  TEMP(K) =   301.19  PRESS =     0.0
 Etot   =    -51982.7212  EKtot   =     20721.7500  EPtot      =    -72704.4712
 BOND   =     12910.1166  ANGLE   =      1005.6933  DIHED      =      1332.2924
 1-4 NB =       426.1373  1-4 EEL =      4554.8117  VDWAALS    =     12810.9949
 EELEC  =   -105744.5173  EHBOND  =         0.0000  RESTRAINT  =         0.0000
 ------------------------------------------------------------------------------

check COM velocity, temp:        0.000006     0.00(Removed)

 NSTEP =     9000   TIME(PS) =      24.500  TEMP(K) =   299.37  PRESS =     0.0
 Etot   =    -51984.7606  EKtot   =     20596.4023  EPtot      =    -72581.1629
 BOND   =     12955.7277  ANGLE   =      1040.4844  DIHED      =      1329.2589
 1-4 NB =       454.7921  1-4 EEL =      4601.7907  VDWAALS    =     12847.0256
 EELEC  =   -105810.2423  EHBOND  =         0.0000  RESTRAINT  =         0.0000
 ------------------------------------------------------------------------------


 NSTEP =     9500   TIME(PS) =      24.750  TEMP(K) =   300.42  PRESS =     0.0
 Etot   =    -51985.5992  EKtot   =     20668.6191  EPtot      =    -72654.2183
 BOND   =     12884.9676  ANGLE   =      1032.0429  DIHED      =      1338.8174
 1-4 NB =       456.7410  1-4 EEL =      4565.0883  VDWAALS    =     12630.9912
 EELEC  =   -105562.8667  EHBOND  =         0.0000  RESTRAINT  =         0.0000
 ------------------------------------------------------------------------------

check COM velocity, temp:        0.000006     0.00(Removed)

 NSTEP =    10000   TIME(PS) =      25.000  TEMP(K) =   299.73  PRESS =     0.0
 Etot   =    -51984.3713  EKtot   =     20621.4258  EPtot      =    -72605.7971
 BOND   =     12867.1308  ANGLE   =      1039.8720  DIHED      =      1326.3153
 1-4 NB =       454.7016  1-4 EEL =      4574.1708  VDWAALS    =     12716.8995
 EELEC  =   -105584.8871  EHBOND  =         0.0000  RESTRAINT  =         0.0000
 ------------------------------------------------------------------------------


 NSTEP =    10500   TIME(PS) =      25.250  TEMP(K) =   300.33  PRESS =     0.0
 Etot   =    -51982.3010  EKtot   =     20662.8770  EPtot      =    -72645.1780
 BOND   =     12873.4402  ANGLE   =      1019.3674  DIHED      =      1315.0269
 1-4 NB =       455.0775  1-4 EEL =      4600.4741  VDWAALS    =     12692.1450
 EELEC  =   -105600.7090  EHBOND  =         0.0000  RESTRAINT  =         0.0000
 ------------------------------------------------------------------------------

check COM velocity, temp:        0.000002     0.00(Removed)

 NSTEP =    11000   TIME(PS) =      25.500  TEMP(K) =   302.61  PRESS =     0.0
 Etot   =    -51986.0101  EKtot   =     20819.3672  EPtot      =    -72805.3772
 BOND   =     12777.5685  ANGLE   =      1007.2632  DIHED      =      1312.9114
 1-4 NB =       435.7433  1-4 EEL =      4508.6300  VDWAALS    =     12741.1806
 EELEC  =   -105588.6743  EHBOND  =         0.0000  RESTRAINT  =         0.0000
 ------------------------------------------------------------------------------


 NSTEP =    11500   TIME(PS) =      25.750  TEMP(K) =   300.31  PRESS =     0.0
 Etot   =    -51981.9901  EKtot   =     20661.2988  EPtot      =    -72643.2889
 BOND   =     12920.7853  ANGLE   =      1027.7481  DIHED      =      1310.8177
 1-4 NB =       424.5766  1-4 EEL =      4517.5693  VDWAALS    =     12651.6633
 EELEC  =   -105496.4492  EHBOND  =         0.0000  RESTRAINT  =         0.0000
 ------------------------------------------------------------------------------

check COM velocity, temp:        0.000003     0.00(Removed)

 NSTEP =    12000   TIME(PS) =      26.000  TEMP(K) =   298.37  PRESS =     0.0
 Etot   =    -51980.7532  EKtot   =     20527.4824  EPtot      =    -72508.2356
 BOND   =     12849.0018  ANGLE   =      1004.7429  DIHED      =      1327.5458
 1-4 NB =       437.6192  1-4 EEL =      4548.0546  VDWAALS    =     12795.8698
 EELEC  =   -105471.0697  EHBOND  =         0.0000  RESTRAINT  =         0.0000
 ------------------------------------------------------------------------------


 NSTEP =    12500   TIME(PS) =      26.250  TEMP(K) =   298.80  PRESS =     0.0
 Etot   =    -51986.8807  EKtot   =     20557.1504  EPtot      =    -72544.0310
 BOND   =     12676.9698  ANGLE   =      1021.0488  DIHED      =      1320.6613
 1-4 NB =       437.5704  1-4 EEL =      4561.7855  VDWAALS    =     12629.3798
 EELEC  =   -105191.4466  EHBOND  =         0.0000  RESTRAINT  =         0.0000
 ------------------------------------------------------------------------------

check COM velocity, temp:        0.000005     0.00(Removed)

 NSTEP =    13000   TIME(PS) =      26.500  TEMP(K) =   301.39  PRESS =     0.0
 Etot   =    -51985.4956  EKtot   =     20735.7109  EPtot      =    -72721.2066
 BOND   =     12622.2624  ANGLE   =       996.2177  DIHED      =      1335.1457
 1-4 NB =       458.4990  1-4 EEL =      4593.7388  VDWAALS    =     12751.5642
 EELEC  =   -105478.6344  EHBOND  =         0.0000  RESTRAINT  =         0.0000
 ------------------------------------------------------------------------------


 NSTEP =    13500   TIME(PS) =      26.750  TEMP(K) =   295.56  PRESS =     0.0
 Etot   =    -51977.9931  EKtot   =     20334.3242  EPtot      =    -72312.3173
 BOND   =     12822.2201  ANGLE   =      1032.3755  DIHED      =      1334.5641
 1-4 NB =       451.1732  1-4 EEL =      4568.3720  VDWAALS    =     12764.2117
 EELEC  =   -105285.2340  EHBOND  =         0.0000  RESTRAINT  =         0.0000
 ------------------------------------------------------------------------------

check COM velocity, temp:        0.000004     0.00(Removed)

 NSTEP =    14000   TIME(PS) =      27.000  TEMP(K) =   299.75  PRESS =     0.0
 Etot   =    -51985.2524  EKtot   =     20622.4648  EPtot      =    -72607.7172
 BOND   =     12702.7628  ANGLE   =      1045.2516  DIHED      =      1315.7407
 1-4 NB =       457.2187  1-4 EEL =      4564.9263  VDWAALS    =     12670.6955
 EELEC  =   -105364.3127  EHBOND  =         0.0000  RESTRAINT  =         0.0000
 ------------------------------------------------------------------------------


 NSTEP =    14500   TIME(PS) =      27.250  TEMP(K) =   298.95  PRESS =     0.0
 Etot   =    -51979.4703  EKtot   =     20567.4609  EPtot      =    -72546.9312
 BOND   =     12803.5130  ANGLE   =      1050.8677  DIHED      =      1315.5231
 1-4 NB =       443.9527  1-4 EEL =      4571.3150  VDWAALS    =     12768.8657
 EELEC  =   -105500.9684  EHBOND  =         0.0000  RESTRAINT  =         0.0000
 ------------------------------------------------------------------------------

check COM velocity, temp:        0.000008     0.00(Removed)

 NSTEP =    15000   TIME(PS) =      27.500  TEMP(K) =   298.32  PRESS =     0.0
 Etot   =    -51977.0532  EKtot   =     20524.5664  EPtot      =    -72501.6196
 BOND   =     12902.2041  ANGLE   =      1020.6983  DIHED      =      1315.6781
 1-4 NB =       446.6613  1-4 EEL =      4542.4058  VDWAALS    =     12730.9672
 EELEC  =   -105460.2344  EHBOND  =         0.0000  RESTRAINT  =         0.0000
 ------------------------------------------------------------------------------


 NSTEP =    15500   TIME(PS) =      27.750  TEMP(K) =   301.05  PRESS =     0.0
 Etot   =    -51979.7621  EKtot   =     20712.1348  EPtot      =    -72691.8969
 BOND   =     12735.3614  ANGLE   =      1016.1076  DIHED      =      1328.9287
 1-4 NB =       452.5515  1-4 EEL =      4609.6694  VDWAALS    =     12931.7233
 EELEC  =   -105766.2387  EHBOND  =         0.0000  RESTRAINT  =         0.0000
 ------------------------------------------------------------------------------

check COM velocity, temp:        0.000005     0.00(Removed)

 NSTEP =    16000   TIME(PS) =      28.000  TEMP(K) =   299.87  PRESS =     0.0
 Etot   =    -51979.3051  EKtot   =     20630.7559  EPtot      =    -72610.0610
 BOND   =     12826.5268  ANGLE   =      1015.7146  DIHED      =      1324.8010
 1-4 NB =       442.1357  1-4 EEL =      4601.0643  VDWAALS    =     12859.7512
 EELEC  =   -105680.0545  EHBOND  =         0.0000  RESTRAINT  =         0.0000
 ------------------------------------------------------------------------------


 NSTEP =    16500   TIME(PS) =      28.250  TEMP(K) =   300.52  PRESS =     0.0
 Etot   =    -51981.8351  EKtot   =     20675.4453  EPtot      =    -72657.2804
 BOND   =     12782.5221  ANGLE   =      1000.8067  DIHED      =      1304.5171
 1-4 NB =       440.3841  1-4 EEL =      4610.6978  VDWAALS    =     12706.7376
 EELEC  =   -105502.9459  EHBOND  =         0.0000  RESTRAINT  =         0.0000
 ------------------------------------------------------------------------------

check COM velocity, temp:        0.000001     0.00(Removed)

 NSTEP =    17000   TIME(PS) =      28.500  TEMP(K) =   297.41  PRESS =     0.0
 Etot   =    -51977.5319  EKtot   =     20461.6660  EPtot      =    -72439.1979
 BOND   =     12778.0478  ANGLE   =      1068.9457  DIHED      =      1319.8643
 1-4 NB =       428.7461  1-4 EEL =      4593.5530  VDWAALS    =     12678.0215
 EELEC  =   -105306.3763  EHBOND  =         0.0000  RESTRAINT  =         0.0000
 ------------------------------------------------------------------------------


 NSTEP =    17500   TIME(PS) =      28.750  TEMP(K) =   298.97  PRESS =     0.0
 Etot   =    -51984.2892  EKtot   =     20569.1035  EPtot      =    -72553.3927
 BOND   =     12692.7304  ANGLE   =      1016.8836  DIHED      =      1320.7420
 1-4 NB =       461.4859  1-4 EEL =      4595.3728  VDWAALS    =     12813.6526
 EELEC  =   -105454.2600  EHBOND  =         0.0000  RESTRAINT  =         0.0000
 ------------------------------------------------------------------------------

check COM velocity, temp:        0.000003     0.00(Removed)

 NSTEP =    18000   TIME(PS) =      29.000  TEMP(K) =   300.55  PRESS =     0.0
 Etot   =    -51983.7742  EKtot   =     20677.5566  EPtot      =    -72661.3308
 BOND   =     12811.6396  ANGLE   =      1007.1224  DIHED      =      1294.3919
 1-4 NB =       440.3002  1-4 EEL =      4573.7292  VDWAALS    =     12836.2091
 EELEC  =   -105624.7232  EHBOND  =         0.0000  RESTRAINT  =         0.0000
 ------------------------------------------------------------------------------


 NSTEP =    18500   TIME(PS) =      29.250  TEMP(K) =   300.87  PRESS =     0.0
 Etot   =    -51984.1260  EKtot   =     20699.4551  EPtot      =    -72683.5811
 BOND   =     12716.1544  ANGLE   =      1060.1906  DIHED      =      1310.7259
 1-4 NB =       429.2537  1-4 EEL =      4590.0843  VDWAALS    =     12617.9958
 EELEC  =   -105407.9859  EHBOND  =         0.0000  RESTRAINT  =         0.0000
 ------------------------------------------------------------------------------

check COM velocity, temp:        0.000004     0.00(Removed)

 NSTEP =    19000   TIME(PS) =      29.500  TEMP(K) =   297.52  PRESS =     0.0
 Etot   =    -51980.5575  EKtot   =     20469.4922  EPtot      =    -72450.0496
 BOND   =     12783.3511  ANGLE   =      1017.6245  DIHED      =      1338.2704
 1-4 NB =       438.7867  1-4 EEL =      4591.5020  VDWAALS    =     12549.4466
 EELEC  =   -105169.0308  EHBOND  =         0.0000  RESTRAINT  =         0.0000
 ------------------------------------------------------------------------------


 NSTEP =    19500   TIME(PS) =      29.750  TEMP(K) =   299.44  PRESS =     0.0
 Etot   =    -51981.0632  EKtot   =     20601.6387  EPtot      =    -72582.7019
 BOND   =     12735.9022  ANGLE   =      1014.4584  DIHED      =      1324.1958
 1-4 NB =       437.2623  1-4 EEL =      4559.5613  VDWAALS    =     12784.6672
 EELEC  =   -105438.7492  EHBOND  =         0.0000  RESTRAINT  =         0.0000
 ------------------------------------------------------------------------------

check COM velocity, temp:        0.000011     0.00(Removed)

 NSTEP =    20000   TIME(PS) =      30.000  TEMP(K) =   302.37  PRESS =     0.0
 Etot   =    -51989.0136  EKtot   =     20802.8535  EPtot      =    -72791.8672
 BOND   =     12651.1871  ANGLE   =       998.2110  DIHED      =      1319.7722
 1-4 NB =       437.9615  1-4 EEL =      4597.6817  VDWAALS    =     12654.2087
 EELEC  =   -105450.8895  EHBOND  =         0.0000  RESTRAINT  =         0.0000
 ------------------------------------------------------------------------------


      A V E R A G E S   O V E R      40 S T E P S


 NSTEP =    20000   TIME(PS) =      30.000  TEMP(K) =   299.79  PRESS =     0.0
 Etot   =    -51983.1291  EKtot   =     20625.1909  EPtot      =    -72608.3201
 BOND   =     12790.9665  ANGLE   =      1027.0591  DIHED      =      1321.2975
 1-4 NB =       444.2914  1-4 EEL =      4579.0234  VDWAALS    =     12705.6674
 EELEC  =   -105476.6253  EHBOND  =         0.0000  RESTRAINT  =         0.0000
 ------------------------------------------------------------------------------


      R M S  F L U C T U A T I O N S


 NSTEP =    20000   TIME(PS) =      30.000  TEMP(K) =     1.39  PRESS =     0.0
 Etot   =         2.8111  EKtot   =        95.6393  EPtot      =        97.0254
 BOND   =        92.2786  ANGLE   =        19.8329  DIHED      =        10.9997
 1-4 NB =        10.7244  1-4 EEL =        26.5804  VDWAALS    =       109.0008
 EELEC  =       194.4096  EHBOND  =         0.0000  RESTRAINT  =         0.0000
|E(PBS) =         1.0212
 ------------------------------------------------------------------------------

--------------------------------------------------------------------------------
   5.  TIMINGS
--------------------------------------------------------------------------------

|  NonSetup CPU Time in Major Routines:
|
|     Routine           Sec        %
|     ------------------------------
|     Nonbond           4.07   10.39
|     Bond              0.00    0.00
|     Angle             0.00    0.00
|     Dihedral          0.00    0.00
|     Shake             0.00    0.00
|     RunMD            35.06   89.48
|     Other             0.05    0.13
|     ------------------------------
|     Total            39.19

|  PME Nonbond Pairlist CPU Time:
|
|     Routine              Sec        %
|     ---------------------------------
|     Set Up Cit           0.00    0.00
|     Build List           0.00    0.00
|     ---------------------------------
|     Total                0.00    0.00

|  PME Direct Force CPU Time:
|
|     Routine              Sec        %
|     ---------------------------------
|     NonBonded Calc       0.00    0.00
|     Exclude Masked       0.00    0.00
|     Other                0.03    0.07
|     ---------------------------------
|     Total                0.03    0.07

|  PME Reciprocal Force CPU Time:
|
|     Routine              Sec        %
|     ---------------------------------
|     1D bspline           0.00    0.00
|     Grid Charges         0.00    0.00
|     Scalar Sum           0.00    0.00
|     Gradient Sum         0.00    0.00
|     FFT                  0.00    0.00
|     ---------------------------------
|     Total                0.00    0.00

|  Final Performance Info:
|     -----------------------------------------------------
|     Average timings for last   19500 steps:
|     Elapsed(s) =      42.55 Per Step(ms) =       2.18
|         ns/day =      19.80   seconds/ns =    4363.95
|
|     Average timings for all steps:
|     Elapsed(s) =      43.59 Per Step(ms) =       2.18
|         ns/day =      19.82   seconds/ns =    4358.85
|     -----------------------------------------------------

|  Setup CPU time:            2.82 seconds
|  NonSetup CPU time:        39.19 seconds
|  Total CPU time:           42.01 seconds     0.01 hours

|  Setup wall time:           4    seconds
|  NonSetup wall time:       44    seconds
|  Total wall time:          48    seconds     0.01 hours
