
          -------------------------------------------------------
          Amber 16 PMEMD                              2016
          -------------------------------------------------------

| PMEMD implementation of SANDER, Release 16

| Run on 08/24/2017 at 13:21:28

|   Executable path: /apps/amber16/bin/pmemd.cuda
| Working directory: /scratch/pbarletta/pdz/run/lb/neq/data/3
|          Hostname: mordor

  [-O]verwriting output

File Assignments:
|   MDIN: pdt.in                                                                
|  MDOUT: 31plb_3.out                                                           
| INPCRD: ../2/31plb_2.rst7                                                     
|   PARM: /scratch/pbarletta/pdz/top_files/lb.prmtop                            
| RESTRT: 31plb_3.rst7                                                          
|   REFC: refc                                                                  
|  MDVEL: mdvel                                                                 
|   MDEN: mden                                                                  
|  MDCRD: 31plb_3.nc                                                            
| MDINFO: mdinfo                                                                
|  MDFRC: mdfrc                                                                 


 Here is the input file:

!NVE run                                                                       
&cntrl                                                                         
imin = 0,                           ! No Minimization                          
nmropt = 0,                         ! No NMR restraints read                   
                                                                               
! Nature and format of the input                                               
ntx = 5,                            ! Coordinates and velocities will be read  
irest = 1,                          ! Do not run a new simulation              
                                                                               
! Nature and format of the output                                              
ioutfm = 1,			    ! NetCDF format for output files                             
ntxo = 1,                           ! rstrt file in ASCII format               
ntpr = 500,                         ! inf in output every ntpr steps           
ntwr = 500,                         ! rstrt file every ntwr steps              
ntwx = 20,                          ! mdcrd file every ntwx steps              
ntwv = -1,                          ! mdvel without velocities                 
ntwe = 0,                           ! Energies and temperatures not written in 
idecomp = 0,                        ! No energy decomposition                  
iwrap = 1,                          ! Coordinates of the restart and mdcrd file
                                                                               
! Frozen or restrained atoms                                                   
ibelly = 0,                         ! No frozen atoms                          
ntr=0,                              ! Harmonic potential restraints            
                                                                               
! Molecular dynamics                                                           
nstlim = 20000,                     ! Number of MD-steps                       
dt = 0.0005,                        ! Time step                                
                                                                               
! Temperature regulation                                                       
ntt = 0,                            ! Constant total energy                    
                                                                               
! P and V regulation                                                           
ntp = 0,                            ! No P control                             
ntb = 1,                            ! constant V                               
                                                                               
! SHAKE variables                                                              
ntc = 1,                            ! Bonds involving H are constrained        
ntf = 1,                            ! Bond interaction involving H are ommited.
                                                                               
cut = 9.0,                          ! Nonbonded cutoff                         
/                                                                              
&end                                                                           


Note: ig = -1. Setting random seed to    27151 based on wallclock time in 
      microseconds.
| irandom = 1, using AMBER's internal random number generator (default).
 
|--------------------- INFORMATION ----------------------
| GPU (CUDA) Version of PMEMD in use: NVIDIA GPU IN USE.
|                    Version 16.0.0
| 
|                      02/25/2016
| 
| Implementation by:
|                    Ross C. Walker     (SDSC)
|                    Scott Le Grand     (nVIDIA)
| 
| Precision model in use:
|      [SPFP] - Single Precision Forces, 64-bit Fixed Point
|               Accumulation. (Default)
| 
|--------------------------------------------------------
 
|----------------- CITATION INFORMATION -----------------
|
|    When publishing work that utilized the CUDA version
|    of AMBER, please cite the following in addition to
|    the regular AMBER citations:
|
|  - Romelia Salomon-Ferrer; Andreas W. Goetz; Duncan
|    Poole; Scott Le Grand; Ross C. Walker "Routine
|    microsecond molecular dynamics simulations with
|    AMBER - Part II: Particle Mesh Ewald", J. Chem.
|    Theory Comput., 2013, 9 (9), pp3878-3888,
|    DOI: 10.1021/ct400314y.
|
|  - Andreas W. Goetz; Mark J. Williamson; Dong Xu;
|    Duncan Poole; Scott Le Grand; Ross C. Walker
|    "Routine microsecond molecular dynamics simulations
|    with AMBER - Part I: Generalized Born", J. Chem.
|    Theory Comput., 2012, 8 (5), pp1542-1555.
|
|  - Scott Le Grand; Andreas W. Goetz; Ross C. Walker
|    "SPFP: Speed without compromise - a mixed precision
|    model for GPU accelerated molecular dynamics
|    simulations.", Comp. Phys. Comm., 2013, 184
|    pp374-380, DOI: 10.1016/j.cpc.2012.09.022
|
|--------------------------------------------------------
 
|------------------- GPU DEVICE INFO --------------------
|
|            CUDA_VISIBLE_DEVICES: 0
|   CUDA Capable Devices Detected:      1
|           CUDA Device ID in use:      0
|                CUDA Device Name: GeForce GTX TITAN
|     CUDA Device Global Mem Size:   6082 MB
| CUDA Device Num Multiprocessors:     14
|           CUDA Device Core Freq:   0.93 GHz
|
|--------------------------------------------------------
 
 
| Conditional Compilation Defines Used:
| PUBFFT
| BINTRAJ
| CUDA
| EMIL

| Largest sphere to fit in unit cell has radius =    26.281

| New format PARM file being parsed.
| Version =    1.000 Date = 09/04/12 Time = 16:08:43

| Note: 1-4 EEL scale factors are being read from the topology file.

| Note: 1-4 VDW scale factors are being read from the topology file.
| Duplicated    0 dihedrals

| Duplicated    0 dihedrals

--------------------------------------------------------------------------------
   1.  RESOURCE   USE: 
--------------------------------------------------------------------------------

 getting new box info from bottom of inpcrd
 NATOM  =   23082 NTYPES =      16 NBONH =   22055 MBONA  =    1038
 NTHETH =    2390 MTHETA =    1396 NPHIH =    4631 MPHIA  =    3488
 NHPARM =       0 NPARM  =       0 NNB   =   39434 NRES   =    7134
 NBONA  =    1038 NTHETA =    1396 NPHIA =    3488 NUMBND =      41
 NUMANG =      86 NPTRA  =      41 NATYP =      28 NPHB   =       1
 IFBOX  =       1 NMXRS  =      24 IFCAP =       0 NEXTRA =       0
 NCOPY  =       0

| Coordinate Index Table dimensions:    12   14   10
| Direct force subcell size =     5.0212    5.2012    5.2562

     BOX TYPE: RECTILINEAR

--------------------------------------------------------------------------------
   2.  CONTROL  DATA  FOR  THE  RUN
--------------------------------------------------------------------------------

default_name                                                                    

General flags:
     imin    =       0, nmropt  =       0

Nature and format of input:
     ntx     =       5, irest   =       1, ntrx    =       1

Nature and format of output:
     ntxo    =       1, ntpr    =     500, ntrx    =       1, ntwr    =     500
     iwrap   =       1, ntwx    =      20, ntwv    =      -1, ntwe    =       0
     ioutfm  =       1, ntwprt  =       0, idecomp =       0, rbornstat=      0

Potential function:
     ntf     =       1, ntb     =       1, igb     =       0, nsnb    =      25
     ipol    =       0, gbsa    =       0, iesp    =       0
     dielc   =   1.00000, cut     =   9.00000, intdiel =   1.00000

Frozen or restrained atoms:
     ibelly  =       0, ntr     =       0

Molecular dynamics:
     nstlim  =     20000, nscm    =      1000, nrespa  =         1
     t       =   0.00000, dt      =   0.00050, vlimit  =  -1.00000

| Intermolecular bonds treatment:
|     no_intermolecular_bonds =       1

| Energy averages sample interval:
|     ene_avg_sampling =     500

Ewald parameters:
     verbose =       0, ew_type =       0, nbflag  =       1, use_pme =       1
     vdwmeth =       1, eedmeth =       1, netfrc  =       1
     Box X =   60.254   Box Y =   72.816   Box Z =   52.562
     Alpha =   90.000   Beta  =   90.000   Gamma =   90.000
     NFFT1 =   64       NFFT2 =   80       NFFT3 =   56
     Cutoff=    9.000   Tol   =0.100E-04
     Ewald Coefficient =  0.30768
     Interpolation order =    4

--------------------------------------------------------------------------------
   3.  ATOMIC COORDINATES AND VELOCITIES
--------------------------------------------------------------------------------

default_name                                                                    
 begin time read from input coords =    20.000 ps

 
 Number of triangulated 3-point waters found:     7002

     Sum of charges from parm topology file =  -0.00000008
     Forcing neutrality...

| Dynamic Memory, Types Used:
| Reals              710578
| Integers           737140

| Nonbonded Pairs Initial Allocation:     5262696

| GPU memory information (estimate):
| KB of GPU memory in use:     63171
| KB of CPU memory in use:     27891

--------------------------------------------------------------------------------
   4.  RESULTS
--------------------------------------------------------------------------------

 ---------------------------------------------------
 APPROXIMATING switch and d/dx switch using CUBIC SPLINE INTERPOLATION
 using   5000.0 points per unit in tabled values
 TESTING RELATIVE ERROR over r ranging from 0.0 to cutoff
| CHECK switch(x): max rel err =   0.2738E-14   at   2.422500
| CHECK d/dx switch(x): max rel err =   0.8314E-11   at   2.736960
 ---------------------------------------------------
|---------------------------------------------------
| APPROXIMATING direct energy using CUBIC SPLINE INTERPOLATION
|  with   50.0 points per unit in tabled values
| Relative Error Limit not exceeded for r .gt.   2.39
| APPROXIMATING direct force using CUBIC SPLINE INTERPOLATION
|  with   50.0 points per unit in tabled values
| Relative Error Limit not exceeded for r .gt.   2.84
|---------------------------------------------------

 NSTEP =      500   TIME(PS) =      20.250  TEMP(K) =   299.71  PRESS =     0.0
 Etot   =    -52369.2959  EKtot   =     20620.1250  EPtot      =    -72989.4209
 BOND   =     12720.0052  ANGLE   =      1056.0410  DIHED      =      1315.4262
 1-4 NB =       442.4533  1-4 EEL =      4651.8120  VDWAALS    =     13045.9638
 EELEC  =   -106221.1225  EHBOND  =         0.0000  RESTRAINT  =         0.0000
 ------------------------------------------------------------------------------

check COM velocity, temp:        0.001144     0.00(Removed)

 NSTEP =     1000   TIME(PS) =      20.500  TEMP(K) =   299.72  PRESS =     0.0
 Etot   =    -52372.2120  EKtot   =     20620.3047  EPtot      =    -72992.5167
 BOND   =     12872.6589  ANGLE   =      1040.0324  DIHED      =      1323.9497
 1-4 NB =       443.8750  1-4 EEL =      4617.3725  VDWAALS    =     12922.5640
 EELEC  =   -106212.9691  EHBOND  =         0.0000  RESTRAINT  =         0.0000
 ------------------------------------------------------------------------------


 NSTEP =     1500   TIME(PS) =      20.750  TEMP(K) =   298.87  PRESS =     0.0
 Etot   =    -52373.3145  EKtot   =     20562.0703  EPtot      =    -72935.3848
 BOND   =     12792.2890  ANGLE   =      1035.6445  DIHED      =      1314.6307
 1-4 NB =       443.9923  1-4 EEL =      4648.0871  VDWAALS    =     13010.0816
 EELEC  =   -106180.1100  EHBOND  =         0.0000  RESTRAINT  =         0.0000
 ------------------------------------------------------------------------------

check COM velocity, temp:        0.000005     0.00(Removed)

 NSTEP =     2000   TIME(PS) =      21.000  TEMP(K) =   297.94  PRESS =     0.0
 Etot   =    -52372.8182  EKtot   =     20498.4727  EPtot      =    -72871.2908
 BOND   =     12746.0028  ANGLE   =      1047.2006  DIHED      =      1324.6204
 1-4 NB =       431.8999  1-4 EEL =      4618.3746  VDWAALS    =     13155.6305
 EELEC  =   -106195.0197  EHBOND  =         0.0000  RESTRAINT  =         0.0000
 ------------------------------------------------------------------------------


 NSTEP =     2500   TIME(PS) =      21.250  TEMP(K) =   298.00  PRESS =     0.0
 Etot   =    -52368.4341  EKtot   =     20502.3320  EPtot      =    -72870.7661
 BOND   =     12835.2500  ANGLE   =      1020.9421  DIHED      =      1320.6016
 1-4 NB =       445.1588  1-4 EEL =      4656.9825  VDWAALS    =     12833.1105
 EELEC  =   -105982.8117  EHBOND  =         0.0000  RESTRAINT  =         0.0000
 ------------------------------------------------------------------------------

check COM velocity, temp:        0.000003     0.00(Removed)

 NSTEP =     3000   TIME(PS) =      21.500  TEMP(K) =   300.10  PRESS =     0.0
 Etot   =    -52369.3987  EKtot   =     20647.0879  EPtot      =    -73016.4866
 BOND   =     12840.7012  ANGLE   =      1022.4263  DIHED      =      1309.0606
 1-4 NB =       452.8818  1-4 EEL =      4682.1969  VDWAALS    =     12671.4985
 EELEC  =   -105995.2520  EHBOND  =         0.0000  RESTRAINT  =         0.0000
 ------------------------------------------------------------------------------


 NSTEP =     3500   TIME(PS) =      21.750  TEMP(K) =   299.01  PRESS =     0.0
 Etot   =    -52369.9188  EKtot   =     20572.0586  EPtot      =    -72941.9774
 BOND   =     12940.7927  ANGLE   =      1000.6435  DIHED      =      1307.0901
 1-4 NB =       447.2582  1-4 EEL =      4633.6225  VDWAALS    =     12925.4341
 EELEC  =   -106196.8185  EHBOND  =         0.0000  RESTRAINT  =         0.0000
 ------------------------------------------------------------------------------

check COM velocity, temp:        0.000007     0.00(Removed)

 NSTEP =     4000   TIME(PS) =      22.000  TEMP(K) =   299.01  PRESS =     0.0
 Etot   =    -52369.3790  EKtot   =     20571.4316  EPtot      =    -72940.8106
 BOND   =     12827.4516  ANGLE   =      1043.7174  DIHED      =      1313.8679
 1-4 NB =       440.7663  1-4 EEL =      4621.8947  VDWAALS    =     12952.7141
 EELEC  =   -106141.2225  EHBOND  =         0.0000  RESTRAINT  =         0.0000
 ------------------------------------------------------------------------------


 NSTEP =     4500   TIME(PS) =      22.250  TEMP(K) =   297.40  PRESS =     0.0
 Etot   =    -52366.7753  EKtot   =     20460.8184  EPtot      =    -72827.5936
 BOND   =     12876.3002  ANGLE   =       999.2534  DIHED      =      1322.2970
 1-4 NB =       457.0591  1-4 EEL =      4652.0077  VDWAALS    =     13006.9289
 EELEC  =   -106141.4399  EHBOND  =         0.0000  RESTRAINT  =         0.0000
 ------------------------------------------------------------------------------

check COM velocity, temp:        0.000007     0.00(Removed)

 NSTEP =     5000   TIME(PS) =      22.500  TEMP(K) =   300.11  PRESS =     0.0
 Etot   =    -52372.1901  EKtot   =     20647.4805  EPtot      =    -73019.6705
 BOND   =     12637.7712  ANGLE   =      1032.7332  DIHED      =      1296.3134
 1-4 NB =       427.5897  1-4 EEL =      4632.0762  VDWAALS    =     12802.6246
 EELEC  =   -105848.7789  EHBOND  =         0.0000  RESTRAINT  =         0.0000
 ------------------------------------------------------------------------------


 NSTEP =     5500   TIME(PS) =      22.750  TEMP(K) =   298.99  PRESS =     0.0
 Etot   =    -52374.7991  EKtot   =     20570.2539  EPtot      =    -72945.0530
 BOND   =     12709.9507  ANGLE   =      1033.6261  DIHED      =      1318.7462
 1-4 NB =       448.8511  1-4 EEL =      4615.9197  VDWAALS    =     12693.6019
 EELEC  =   -105765.7487  EHBOND  =         0.0000  RESTRAINT  =         0.0000
 ------------------------------------------------------------------------------

check COM velocity, temp:        0.000005     0.00(Removed)

 NSTEP =     6000   TIME(PS) =      23.000  TEMP(K) =   298.08  PRESS =     0.0
 Etot   =    -52372.2658  EKtot   =     20507.5469  EPtot      =    -72879.8127
 BOND   =     12727.5163  ANGLE   =      1023.6842  DIHED      =      1300.1894
 1-4 NB =       441.6714  1-4 EEL =      4635.1354  VDWAALS    =     12903.8000
 EELEC  =   -105911.8093  EHBOND  =         0.0000  RESTRAINT  =         0.0000
 ------------------------------------------------------------------------------


 NSTEP =     6500   TIME(PS) =      23.250  TEMP(K) =   297.73  PRESS =     0.0
 Etot   =    -52367.1698  EKtot   =     20483.3652  EPtot      =    -72850.5350
 BOND   =     12794.1166  ANGLE   =      1017.6854  DIHED      =      1288.9809
 1-4 NB =       466.8438  1-4 EEL =      4680.9584  VDWAALS    =     12870.0293
 EELEC  =   -105969.1494  EHBOND  =         0.0000  RESTRAINT  =         0.0000
 ------------------------------------------------------------------------------

check COM velocity, temp:        0.000009     0.00(Removed)

 NSTEP =     7000   TIME(PS) =      23.500  TEMP(K) =   298.65  PRESS =     0.0
 Etot   =    -52368.3958  EKtot   =     20546.8398  EPtot      =    -72915.2357
 BOND   =     13020.2258  ANGLE   =      1019.2012  DIHED      =      1320.5825
 1-4 NB =       460.8579  1-4 EEL =      4669.1141  VDWAALS    =     13018.4384
 EELEC  =   -106423.6555  EHBOND  =         0.0000  RESTRAINT  =         0.0000
 ------------------------------------------------------------------------------


 NSTEP =     7500   TIME(PS) =      23.750  TEMP(K) =   298.91  PRESS =     0.0
 Etot   =    -52368.9464  EKtot   =     20565.1016  EPtot      =    -72934.0480
 BOND   =     12954.8850  ANGLE   =      1023.9595  DIHED      =      1314.7116
 1-4 NB =       445.9971  1-4 EEL =      4654.7113  VDWAALS    =     13025.9194
 EELEC  =   -106354.2319  EHBOND  =         0.0000  RESTRAINT  =         0.0000
 ------------------------------------------------------------------------------

check COM velocity, temp:        0.000004     0.00(Removed)

 NSTEP =     8000   TIME(PS) =      24.000  TEMP(K) =   297.88  PRESS =     0.0
 Etot   =    -52372.3578  EKtot   =     20493.9277  EPtot      =    -72866.2856
 BOND   =     12752.3144  ANGLE   =       999.3954  DIHED      =      1316.3216
 1-4 NB =       447.4834  1-4 EEL =      4628.2563  VDWAALS    =     13132.1365
 EELEC  =   -106142.1933  EHBOND  =         0.0000  RESTRAINT  =         0.0000
 ------------------------------------------------------------------------------


 NSTEP =     8500   TIME(PS) =      24.250  TEMP(K) =   297.89  PRESS =     0.0
 Etot   =    -52371.5123  EKtot   =     20494.6973  EPtot      =    -72866.2096
 BOND   =     12904.3011  ANGLE   =      1033.5329  DIHED      =      1318.1969
 1-4 NB =       458.2231  1-4 EEL =      4635.7845  VDWAALS    =     12927.0133
 EELEC  =   -106143.2613  EHBOND  =         0.0000  RESTRAINT  =         0.0000
 ------------------------------------------------------------------------------

check COM velocity, temp:        0.000008     0.00(Removed)

 NSTEP =     9000   TIME(PS) =      24.500  TEMP(K) =   299.23  PRESS =     0.0
 Etot   =    -52368.8468  EKtot   =     20586.7461  EPtot      =    -72955.5929
 BOND   =     12707.2373  ANGLE   =      1026.5450  DIHED      =      1319.7304
 1-4 NB =       439.6447  1-4 EEL =      4642.6508  VDWAALS    =     12894.0618
 EELEC  =   -105985.4629  EHBOND  =         0.0000  RESTRAINT  =         0.0000
 ------------------------------------------------------------------------------


 NSTEP =     9500   TIME(PS) =      24.750  TEMP(K) =   298.51  PRESS =     0.0
 Etot   =    -52369.1271  EKtot   =     20537.2324  EPtot      =    -72906.3595
 BOND   =     12822.2059  ANGLE   =       975.3931  DIHED      =      1326.1457
 1-4 NB =       456.1101  1-4 EEL =      4662.7741  VDWAALS    =     13345.5299
 EELEC  =   -106494.5182  EHBOND  =         0.0000  RESTRAINT  =         0.0000
 ------------------------------------------------------------------------------

check COM velocity, temp:        0.000008     0.00(Removed)

 NSTEP =    10000   TIME(PS) =      25.000  TEMP(K) =   299.93  PRESS =     0.0
 Etot   =    -52373.0184  EKtot   =     20635.1250  EPtot      =    -73008.1434
 BOND   =     12750.4998  ANGLE   =      1038.9626  DIHED      =      1310.6624
 1-4 NB =       431.3529  1-4 EEL =      4650.1633  VDWAALS    =     12959.8210
 EELEC  =   -106149.6054  EHBOND  =         0.0000  RESTRAINT  =         0.0000
 ------------------------------------------------------------------------------


 NSTEP =    10500   TIME(PS) =      25.250  TEMP(K) =   299.16  PRESS =     0.0
 Etot   =    -52370.7561  EKtot   =     20582.3633  EPtot      =    -72953.1194
 BOND   =     12719.1635  ANGLE   =      1021.9710  DIHED      =      1330.2171
 1-4 NB =       437.9418  1-4 EEL =      4629.5147  VDWAALS    =     12851.1260
 EELEC  =   -105943.0535  EHBOND  =         0.0000  RESTRAINT  =         0.0000
 ------------------------------------------------------------------------------

check COM velocity, temp:        0.000004     0.00(Removed)

 NSTEP =    11000   TIME(PS) =      25.500  TEMP(K) =   294.87  PRESS =     0.0
 Etot   =    -52366.9432  EKtot   =     20286.7617  EPtot      =    -72653.7049
 BOND   =     12706.9420  ANGLE   =      1099.6440  DIHED      =      1316.8651
 1-4 NB =       440.1401  1-4 EEL =      4657.1015  VDWAALS    =     12843.1592
 EELEC  =   -105717.5568  EHBOND  =         0.0000  RESTRAINT  =         0.0000
 ------------------------------------------------------------------------------


 NSTEP =    11500   TIME(PS) =      25.750  TEMP(K) =   298.75  PRESS =     0.0
 Etot   =    -52365.9092  EKtot   =     20553.9062  EPtot      =    -72919.8155
 BOND   =     12851.5359  ANGLE   =      1013.5003  DIHED      =      1316.3350
 1-4 NB =       452.0813  1-4 EEL =      4653.4555  VDWAALS    =     13029.4174
 EELEC  =   -106236.1410  EHBOND  =         0.0000  RESTRAINT  =         0.0000
 ------------------------------------------------------------------------------

check COM velocity, temp:        0.000006     0.00(Removed)

 NSTEP =    12000   TIME(PS) =      26.000  TEMP(K) =   300.29  PRESS =     0.0
 Etot   =    -52371.4204  EKtot   =     20660.0391  EPtot      =    -73031.4595
 BOND   =     12867.4612  ANGLE   =      1012.1151  DIHED      =      1298.5568
 1-4 NB =       457.7696  1-4 EEL =      4656.6374  VDWAALS    =     12894.4621
 EELEC  =   -106218.4616  EHBOND  =         0.0000  RESTRAINT  =         0.0000
 ------------------------------------------------------------------------------


 NSTEP =    12500   TIME(PS) =      26.250  TEMP(K) =   297.74  PRESS =     0.0
 Etot   =    -52370.0832  EKtot   =     20484.4590  EPtot      =    -72854.5422
 BOND   =     12833.3513  ANGLE   =      1058.3670  DIHED      =      1318.6464
 1-4 NB =       449.7476  1-4 EEL =      4631.3726  VDWAALS    =     12915.5995
 EELEC  =   -106061.6267  EHBOND  =         0.0000  RESTRAINT  =         0.0000
 ------------------------------------------------------------------------------

check COM velocity, temp:        0.000004     0.00(Removed)

 NSTEP =    13000   TIME(PS) =      26.500  TEMP(K) =   299.28  PRESS =     0.0
 Etot   =    -52367.5552  EKtot   =     20590.1758  EPtot      =    -72957.7310
 BOND   =     12750.6215  ANGLE   =      1022.8889  DIHED      =      1315.3586
 1-4 NB =       455.1831  1-4 EEL =      4605.2913  VDWAALS    =     12677.4674
 EELEC  =   -105784.5418  EHBOND  =         0.0000  RESTRAINT  =         0.0000
 ------------------------------------------------------------------------------


 NSTEP =    13500   TIME(PS) =      26.750  TEMP(K) =   297.78  PRESS =     0.0
 Etot   =    -52367.3197  EKtot   =     20487.4004  EPtot      =    -72854.7201
 BOND   =     12770.9552  ANGLE   =      1053.1940  DIHED      =      1323.3846
 1-4 NB =       454.3086  1-4 EEL =      4655.8775  VDWAALS    =     12528.6742
 EELEC  =   -105641.1142  EHBOND  =         0.0000  RESTRAINT  =         0.0000
 ------------------------------------------------------------------------------

check COM velocity, temp:        0.000005     0.00(Removed)

 NSTEP =    14000   TIME(PS) =      27.000  TEMP(K) =   300.13  PRESS =     0.0
 Etot   =    -52372.1588  EKtot   =     20648.8984  EPtot      =    -73021.0572
 BOND   =     12701.0088  ANGLE   =      1067.8606  DIHED      =      1328.6688
 1-4 NB =       432.6752  1-4 EEL =      4645.1312  VDWAALS    =     12752.1843
 EELEC  =   -105948.5861  EHBOND  =         0.0000  RESTRAINT  =         0.0000
 ------------------------------------------------------------------------------


 NSTEP =    14500   TIME(PS) =      27.250  TEMP(K) =   298.06  PRESS =     0.0
 Etot   =    -52369.6610  EKtot   =     20506.4043  EPtot      =    -72876.0653
 BOND   =     12743.3936  ANGLE   =      1020.4504  DIHED      =      1313.3882
 1-4 NB =       442.0977  1-4 EEL =      4639.4889  VDWAALS    =     12945.8688
 EELEC  =   -105980.7529  EHBOND  =         0.0000  RESTRAINT  =         0.0000
 ------------------------------------------------------------------------------

check COM velocity, temp:        0.000007     0.00(Removed)

 NSTEP =    15000   TIME(PS) =      27.500  TEMP(K) =   298.20  PRESS =     0.0
 Etot   =    -52365.7795  EKtot   =     20515.9180  EPtot      =    -72881.6975
 BOND   =     12866.3751  ANGLE   =      1014.0985  DIHED      =      1296.2850
 1-4 NB =       451.9789  1-4 EEL =      4646.9075  VDWAALS    =     13010.3263
 EELEC  =   -106167.6689  EHBOND  =         0.0000  RESTRAINT  =         0.0000
 ------------------------------------------------------------------------------


 NSTEP =    15500   TIME(PS) =      27.750  TEMP(K) =   299.38  PRESS =     0.0
 Etot   =    -52371.0245  EKtot   =     20597.4121  EPtot      =    -72968.4366
 BOND   =     12678.2075  ANGLE   =      1017.8140  DIHED      =      1324.4163
 1-4 NB =       452.0708  1-4 EEL =      4662.5766  VDWAALS    =     12769.7427
 EELEC  =   -105873.2645  EHBOND  =         0.0000  RESTRAINT  =         0.0000
 ------------------------------------------------------------------------------

check COM velocity, temp:        0.000009     0.00(Removed)

 NSTEP =    16000   TIME(PS) =      28.000  TEMP(K) =   296.76  PRESS =     0.0
 Etot   =    -52364.9279  EKtot   =     20417.2363  EPtot      =    -72782.1643
 BOND   =     12877.4000  ANGLE   =      1016.7274  DIHED      =      1338.3328
 1-4 NB =       435.7863  1-4 EEL =      4661.8301  VDWAALS    =     12616.5135
 EELEC  =   -105728.7543  EHBOND  =         0.0000  RESTRAINT  =         0.0000
 ------------------------------------------------------------------------------


 NSTEP =    16500   TIME(PS) =      28.250  TEMP(K) =   297.49  PRESS =     0.0
 Etot   =    -52371.7164  EKtot   =     20466.8730  EPtot      =    -72838.5895
 BOND   =     12690.1731  ANGLE   =      1044.3389  DIHED      =      1306.8835
 1-4 NB =       456.8931  1-4 EEL =      4672.7837  VDWAALS    =     12690.6364
 EELEC  =   -105700.2981  EHBOND  =         0.0000  RESTRAINT  =         0.0000
 ------------------------------------------------------------------------------

check COM velocity, temp:        0.000006     0.00(Removed)

 NSTEP =    17000   TIME(PS) =      28.500  TEMP(K) =   300.58  PRESS =     0.0
 Etot   =    -52373.4366  EKtot   =     20679.4980  EPtot      =    -73052.9347
 BOND   =     12722.5212  ANGLE   =      1014.5093  DIHED      =      1317.3481
 1-4 NB =       434.9908  1-4 EEL =      4641.4594  VDWAALS    =     13152.9641
 EELEC  =   -106336.7277  EHBOND  =         0.0000  RESTRAINT  =         0.0000
 ------------------------------------------------------------------------------


 NSTEP =    17500   TIME(PS) =      28.750  TEMP(K) =   296.76  PRESS =     0.0
 Etot   =    -52369.9796  EKtot   =     20417.2617  EPtot      =    -72787.2413
 BOND   =     12787.6053  ANGLE   =      1062.3917  DIHED      =      1300.2720
 1-4 NB =       434.8663  1-4 EEL =      4645.3758  VDWAALS    =     12957.9116
 EELEC  =   -105975.6641  EHBOND  =         0.0000  RESTRAINT  =         0.0000
 ------------------------------------------------------------------------------

check COM velocity, temp:        0.000005     0.00(Removed)

 NSTEP =    18000   TIME(PS) =      29.000  TEMP(K) =   299.23  PRESS =     0.0
 Etot   =    -52370.2118  EKtot   =     20587.0918  EPtot      =    -72957.3036
 BOND   =     12855.9991  ANGLE   =      1011.7617  DIHED      =      1300.3216
 1-4 NB =       442.1818  1-4 EEL =      4637.5030  VDWAALS    =     12836.4033
 EELEC  =   -106041.4741  EHBOND  =         0.0000  RESTRAINT  =         0.0000
 ------------------------------------------------------------------------------


 NSTEP =    18500   TIME(PS) =      29.250  TEMP(K) =   297.83  PRESS =     0.0
 Etot   =    -52369.6135  EKtot   =     20490.4258  EPtot      =    -72860.0393
 BOND   =     12685.2945  ANGLE   =      1007.1164  DIHED      =      1312.3577
 1-4 NB =       432.1411  1-4 EEL =      4645.1627  VDWAALS    =     12951.6485
 EELEC  =   -105893.7602  EHBOND  =         0.0000  RESTRAINT  =         0.0000
 ------------------------------------------------------------------------------

check COM velocity, temp:        0.000007     0.00(Removed)

 NSTEP =    19000   TIME(PS) =      29.500  TEMP(K) =   299.74  PRESS =     0.0
 Etot   =    -52372.0076  EKtot   =     20621.9688  EPtot      =    -72993.9764
 BOND   =     12641.7816  ANGLE   =      1022.2842  DIHED      =      1316.2275
 1-4 NB =       452.4716  1-4 EEL =      4641.6054  VDWAALS    =     12569.0602
 EELEC  =   -105637.4068  EHBOND  =         0.0000  RESTRAINT  =         0.0000
 ------------------------------------------------------------------------------


 NSTEP =    19500   TIME(PS) =      29.750  TEMP(K) =   300.79  PRESS =     0.0
 Etot   =    -52372.0177  EKtot   =     20694.1152  EPtot      =    -73066.1329
 BOND   =     12763.5502  ANGLE   =      1019.3382  DIHED      =      1302.4885
 1-4 NB =       437.9725  1-4 EEL =      4599.3659  VDWAALS    =     12626.2895
 EELEC  =   -105815.1378  EHBOND  =         0.0000  RESTRAINT  =         0.0000
 ------------------------------------------------------------------------------

check COM velocity, temp:        0.000005     0.00(Removed)

 NSTEP =    20000   TIME(PS) =      30.000  TEMP(K) =   301.02  PRESS =     0.0
 Etot   =    -52369.0384  EKtot   =     20710.1914  EPtot      =    -73079.2298
 BOND   =     12853.8326  ANGLE   =      1019.9985  DIHED      =      1303.6751
 1-4 NB =       427.9038  1-4 EEL =      4617.4252  VDWAALS    =     13067.1905
 EELEC  =   -106369.2556  EHBOND  =         0.0000  RESTRAINT  =         0.0000
 ------------------------------------------------------------------------------


      A V E R A G E S   O V E R      40 S T E P S


 NSTEP =    20000   TIME(PS) =      30.000  TEMP(K) =   298.74  PRESS =     0.0
 Etot   =    -52370.0434  EKtot   =     20553.0354  EPtot      =    -72923.0789
 BOND   =     12789.9912  ANGLE   =      1027.7748  DIHED      =      1314.0538
 1-4 NB =       445.2793  1-4 EEL =      4643.3940  VDWAALS    =     12894.5887
 EELEC  =   -106038.1607  EHBOND  =         0.0000  RESTRAINT  =         0.0000
 ------------------------------------------------------------------------------


      R M S  F L U C T U A T I O N S


 NSTEP =    20000   TIME(PS) =      30.000  TEMP(K) =     1.23  PRESS =     0.0
 Etot   =         2.3277  EKtot   =        84.7187  EPtot      =        85.7569
 BOND   =        87.4141  ANGLE   =        21.8279  DIHED      =        10.4281
 1-4 NB =         9.6753  1-4 EEL =        18.8760  VDWAALS    =       171.9771
 EELEC  =       217.3642  EHBOND  =         0.0000  RESTRAINT  =         0.0000
|E(PBS) =         0.5649
 ------------------------------------------------------------------------------

--------------------------------------------------------------------------------
   5.  TIMINGS
--------------------------------------------------------------------------------

|  NonSetup CPU Time in Major Routines:
|
|     Routine           Sec        %
|     ------------------------------
|     Nonbond           4.10   10.48
|     Bond              0.00    0.00
|     Angle             0.00    0.00
|     Dihedral          0.00    0.00
|     Shake             0.00    0.00
|     RunMD            34.93   89.40
|     Other             0.04    0.11
|     ------------------------------
|     Total            39.07

|  PME Nonbond Pairlist CPU Time:
|
|     Routine              Sec        %
|     ---------------------------------
|     Set Up Cit           0.00    0.00
|     Build List           0.00    0.00
|     ---------------------------------
|     Total                0.00    0.00

|  PME Direct Force CPU Time:
|
|     Routine              Sec        %
|     ---------------------------------
|     NonBonded Calc       0.00    0.00
|     Exclude Masked       0.00    0.00
|     Other                0.01    0.02
|     ---------------------------------
|     Total                0.01    0.02

|  PME Reciprocal Force CPU Time:
|
|     Routine              Sec        %
|     ---------------------------------
|     1D bspline           0.00    0.00
|     Grid Charges         0.00    0.00
|     Scalar Sum           0.00    0.00
|     Gradient Sum         0.00    0.00
|     FFT                  0.00    0.00
|     ---------------------------------
|     Total                0.00    0.00

|  Final Performance Info:
|     -----------------------------------------------------
|     Average timings for last   19500 steps:
|     Elapsed(s) =      42.17 Per Step(ms) =       2.16
|         ns/day =      19.98   seconds/ns =    4325.36
|
|     Average timings for all steps:
|     Elapsed(s) =      43.08 Per Step(ms) =       2.15
|         ns/day =      20.06   seconds/ns =    4307.72
|     -----------------------------------------------------

|  Setup CPU time:            2.79 seconds
|  NonSetup CPU time:        39.07 seconds
|  Total CPU time:           41.86 seconds     0.01 hours

|  Setup wall time:           3    seconds
|  NonSetup wall time:       43    seconds
|  Total wall time:          46    seconds     0.01 hours
