
          -------------------------------------------------------
          Amber 16 PMEMD                              2016
          -------------------------------------------------------

| PMEMD implementation of SANDER, Release 16

| Run on 08/24/2017 at 14:29:12

|   Executable path: /apps/amber16/bin/pmemd.cuda
| Working directory: /scratch/pbarletta/pdz/run/lb/neq/data/3
|          Hostname: mordor

  [-O]verwriting output

File Assignments:
|   MDIN: pdt.in                                                                
|  MDOUT: 320plb_3.out                                                          
| INPCRD: ../2/320plb_2.rst7                                                    
|   PARM: /scratch/pbarletta/pdz/top_files/lb.prmtop                            
| RESTRT: 320plb_3.rst7                                                         
|   REFC: refc                                                                  
|  MDVEL: mdvel                                                                 
|   MDEN: mden                                                                  
|  MDCRD: 320plb_3.nc                                                           
| MDINFO: mdinfo                                                                
|  MDFRC: mdfrc                                                                 


 Here is the input file:

!NVE run                                                                       
&cntrl                                                                         
imin = 0,                           ! No Minimization                          
nmropt = 0,                         ! No NMR restraints read                   
                                                                               
! Nature and format of the input                                               
ntx = 5,                            ! Coordinates and velocities will be read  
irest = 1,                          ! Do not run a new simulation              
                                                                               
! Nature and format of the output                                              
ioutfm = 1,			    ! NetCDF format for output files                             
ntxo = 1,                           ! rstrt file in ASCII format               
ntpr = 500,                         ! inf in output every ntpr steps           
ntwr = 500,                         ! rstrt file every ntwr steps              
ntwx = 20,                          ! mdcrd file every ntwx steps              
ntwv = -1,                          ! mdvel without velocities                 
ntwe = 0,                           ! Energies and temperatures not written in 
idecomp = 0,                        ! No energy decomposition                  
iwrap = 1,                          ! Coordinates of the restart and mdcrd file
                                                                               
! Frozen or restrained atoms                                                   
ibelly = 0,                         ! No frozen atoms                          
ntr=0,                              ! Harmonic potential restraints            
                                                                               
! Molecular dynamics                                                           
nstlim = 20000,                     ! Number of MD-steps                       
dt = 0.0005,                        ! Time step                                
                                                                               
! Temperature regulation                                                       
ntt = 0,                            ! Constant total energy                    
                                                                               
! P and V regulation                                                           
ntp = 0,                            ! No P control                             
ntb = 1,                            ! constant V                               
                                                                               
! SHAKE variables                                                              
ntc = 1,                            ! Bonds involving H are constrained        
ntf = 1,                            ! Bond interaction involving H are ommited.
                                                                               
cut = 9.0,                          ! Nonbonded cutoff                         
/                                                                              
&end                                                                           


Note: ig = -1. Setting random seed to   132792 based on wallclock time in 
      microseconds.
| irandom = 1, using AMBER's internal random number generator (default).
 
|--------------------- INFORMATION ----------------------
| GPU (CUDA) Version of PMEMD in use: NVIDIA GPU IN USE.
|                    Version 16.0.0
| 
|                      02/25/2016
| 
| Implementation by:
|                    Ross C. Walker     (SDSC)
|                    Scott Le Grand     (nVIDIA)
| 
| Precision model in use:
|      [SPFP] - Single Precision Forces, 64-bit Fixed Point
|               Accumulation. (Default)
| 
|--------------------------------------------------------
 
|----------------- CITATION INFORMATION -----------------
|
|    When publishing work that utilized the CUDA version
|    of AMBER, please cite the following in addition to
|    the regular AMBER citations:
|
|  - Romelia Salomon-Ferrer; Andreas W. Goetz; Duncan
|    Poole; Scott Le Grand; Ross C. Walker "Routine
|    microsecond molecular dynamics simulations with
|    AMBER - Part II: Particle Mesh Ewald", J. Chem.
|    Theory Comput., 2013, 9 (9), pp3878-3888,
|    DOI: 10.1021/ct400314y.
|
|  - Andreas W. Goetz; Mark J. Williamson; Dong Xu;
|    Duncan Poole; Scott Le Grand; Ross C. Walker
|    "Routine microsecond molecular dynamics simulations
|    with AMBER - Part I: Generalized Born", J. Chem.
|    Theory Comput., 2012, 8 (5), pp1542-1555.
|
|  - Scott Le Grand; Andreas W. Goetz; Ross C. Walker
|    "SPFP: Speed without compromise - a mixed precision
|    model for GPU accelerated molecular dynamics
|    simulations.", Comp. Phys. Comm., 2013, 184
|    pp374-380, DOI: 10.1016/j.cpc.2012.09.022
|
|--------------------------------------------------------
 
|------------------- GPU DEVICE INFO --------------------
|
|            CUDA_VISIBLE_DEVICES: 1
|   CUDA Capable Devices Detected:      1
|           CUDA Device ID in use:      0
|                CUDA Device Name: GeForce GTX TITAN
|     CUDA Device Global Mem Size:   6082 MB
| CUDA Device Num Multiprocessors:     14
|           CUDA Device Core Freq:   0.93 GHz
|
|--------------------------------------------------------
 
 
| Conditional Compilation Defines Used:
| PUBFFT
| BINTRAJ
| CUDA
| EMIL

| Largest sphere to fit in unit cell has radius =    26.281

| New format PARM file being parsed.
| Version =    1.000 Date = 09/04/12 Time = 16:08:43

| Note: 1-4 EEL scale factors are being read from the topology file.

| Note: 1-4 VDW scale factors are being read from the topology file.
| Duplicated    0 dihedrals

| Duplicated    0 dihedrals

--------------------------------------------------------------------------------
   1.  RESOURCE   USE: 
--------------------------------------------------------------------------------

 getting new box info from bottom of inpcrd
 NATOM  =   23082 NTYPES =      16 NBONH =   22055 MBONA  =    1038
 NTHETH =    2390 MTHETA =    1396 NPHIH =    4631 MPHIA  =    3488
 NHPARM =       0 NPARM  =       0 NNB   =   39434 NRES   =    7134
 NBONA  =    1038 NTHETA =    1396 NPHIA =    3488 NUMBND =      41
 NUMANG =      86 NPTRA  =      41 NATYP =      28 NPHB   =       1
 IFBOX  =       1 NMXRS  =      24 IFCAP =       0 NEXTRA =       0
 NCOPY  =       0

| Coordinate Index Table dimensions:    12   14   10
| Direct force subcell size =     5.0212    5.2012    5.2562

     BOX TYPE: RECTILINEAR

--------------------------------------------------------------------------------
   2.  CONTROL  DATA  FOR  THE  RUN
--------------------------------------------------------------------------------

default_name                                                                    

General flags:
     imin    =       0, nmropt  =       0

Nature and format of input:
     ntx     =       5, irest   =       1, ntrx    =       1

Nature and format of output:
     ntxo    =       1, ntpr    =     500, ntrx    =       1, ntwr    =     500
     iwrap   =       1, ntwx    =      20, ntwv    =      -1, ntwe    =       0
     ioutfm  =       1, ntwprt  =       0, idecomp =       0, rbornstat=      0

Potential function:
     ntf     =       1, ntb     =       1, igb     =       0, nsnb    =      25
     ipol    =       0, gbsa    =       0, iesp    =       0
     dielc   =   1.00000, cut     =   9.00000, intdiel =   1.00000

Frozen or restrained atoms:
     ibelly  =       0, ntr     =       0

Molecular dynamics:
     nstlim  =     20000, nscm    =      1000, nrespa  =         1
     t       =   0.00000, dt      =   0.00050, vlimit  =  -1.00000

| Intermolecular bonds treatment:
|     no_intermolecular_bonds =       1

| Energy averages sample interval:
|     ene_avg_sampling =     500

Ewald parameters:
     verbose =       0, ew_type =       0, nbflag  =       1, use_pme =       1
     vdwmeth =       1, eedmeth =       1, netfrc  =       1
     Box X =   60.254   Box Y =   72.816   Box Z =   52.562
     Alpha =   90.000   Beta  =   90.000   Gamma =   90.000
     NFFT1 =   64       NFFT2 =   80       NFFT3 =   56
     Cutoff=    9.000   Tol   =0.100E-04
     Ewald Coefficient =  0.30768
     Interpolation order =    4

--------------------------------------------------------------------------------
   3.  ATOMIC COORDINATES AND VELOCITIES
--------------------------------------------------------------------------------

default_name                                                                    
 begin time read from input coords =    20.000 ps

 
 Number of triangulated 3-point waters found:     7002

     Sum of charges from parm topology file =  -0.00000008
     Forcing neutrality...

| Dynamic Memory, Types Used:
| Reals              710578
| Integers           737140

| Nonbonded Pairs Initial Allocation:     5262696

| GPU memory information (estimate):
| KB of GPU memory in use:     63171
| KB of CPU memory in use:     27891

--------------------------------------------------------------------------------
   4.  RESULTS
--------------------------------------------------------------------------------

 ---------------------------------------------------
 APPROXIMATING switch and d/dx switch using CUBIC SPLINE INTERPOLATION
 using   5000.0 points per unit in tabled values
 TESTING RELATIVE ERROR over r ranging from 0.0 to cutoff
| CHECK switch(x): max rel err =   0.2738E-14   at   2.422500
| CHECK d/dx switch(x): max rel err =   0.8314E-11   at   2.736960
 ---------------------------------------------------
|---------------------------------------------------
| APPROXIMATING direct energy using CUBIC SPLINE INTERPOLATION
|  with   50.0 points per unit in tabled values
| Relative Error Limit not exceeded for r .gt.   2.39
| APPROXIMATING direct force using CUBIC SPLINE INTERPOLATION
|  with   50.0 points per unit in tabled values
| Relative Error Limit not exceeded for r .gt.   2.84
|---------------------------------------------------

 NSTEP =      500   TIME(PS) =      20.250  TEMP(K) =   302.13  PRESS =     0.0
 Etot   =    -51875.8051  EKtot   =     20786.3359  EPtot      =    -72662.1411
 BOND   =     12922.1426  ANGLE   =      1035.4129  DIHED      =      1306.9350
 1-4 NB =       442.8725  1-4 EEL =      4685.3179  VDWAALS    =     12749.9100
 EELEC  =   -105804.7321  EHBOND  =         0.0000  RESTRAINT  =         0.0000
 ------------------------------------------------------------------------------

check COM velocity, temp:        0.003606     0.01(Removed)

 NSTEP =     1000   TIME(PS) =      20.500  TEMP(K) =   299.70  PRESS =     0.0
 Etot   =    -51877.9074  EKtot   =     20619.1582  EPtot      =    -72497.0656
 BOND   =     13110.8950  ANGLE   =      1057.1062  DIHED      =      1327.9536
 1-4 NB =       443.8012  1-4 EEL =      4628.0507  VDWAALS    =     12716.6671
 EELEC  =   -105781.5394  EHBOND  =         0.0000  RESTRAINT  =         0.0000
 ------------------------------------------------------------------------------


 NSTEP =     1500   TIME(PS) =      20.750  TEMP(K) =   298.73  PRESS =     0.0
 Etot   =    -51877.9182  EKtot   =     20552.6719  EPtot      =    -72430.5901
 BOND   =     12924.7531  ANGLE   =      1037.6157  DIHED      =      1342.9260
 1-4 NB =       445.5875  1-4 EEL =      4622.7946  VDWAALS    =     12783.6184
 EELEC  =   -105587.8853  EHBOND  =         0.0000  RESTRAINT  =         0.0000
 ------------------------------------------------------------------------------

check COM velocity, temp:        0.000005     0.00(Removed)

 NSTEP =     2000   TIME(PS) =      21.000  TEMP(K) =   303.32  PRESS =     0.0
 Etot   =    -51878.7092  EKtot   =     20868.3184  EPtot      =    -72747.0275
 BOND   =     12884.9269  ANGLE   =      1067.5472  DIHED      =      1339.3281
 1-4 NB =       434.0460  1-4 EEL =      4594.9195  VDWAALS    =     12824.0849
 EELEC  =   -105891.8800  EHBOND  =         0.0000  RESTRAINT  =         0.0000
 ------------------------------------------------------------------------------


 NSTEP =     2500   TIME(PS) =      21.250  TEMP(K) =   300.78  PRESS =     0.0
 Etot   =    -51877.7457  EKtot   =     20693.1875  EPtot      =    -72570.9332
 BOND   =     12793.4312  ANGLE   =      1017.3371  DIHED      =      1343.4712
 1-4 NB =       447.5845  1-4 EEL =      4621.0037  VDWAALS    =     12728.3094
 EELEC  =   -105522.0703  EHBOND  =         0.0000  RESTRAINT  =         0.0000
 ------------------------------------------------------------------------------

check COM velocity, temp:        0.000004     0.00(Removed)

 NSTEP =     3000   TIME(PS) =      21.500  TEMP(K) =   300.82  PRESS =     0.0
 Etot   =    -51878.6193  EKtot   =     20696.3086  EPtot      =    -72574.9279
 BOND   =     13007.1100  ANGLE   =      1041.1473  DIHED      =      1326.1640
 1-4 NB =       444.9611  1-4 EEL =      4603.6510  VDWAALS    =     12807.8273
 EELEC  =   -105805.7885  EHBOND  =         0.0000  RESTRAINT  =         0.0000
 ------------------------------------------------------------------------------


 NSTEP =     3500   TIME(PS) =      21.750  TEMP(K) =   299.65  PRESS =     0.0
 Etot   =    -51875.7970  EKtot   =     20615.5684  EPtot      =    -72491.3654
 BOND   =     12904.0045  ANGLE   =      1085.6906  DIHED      =      1332.8296
 1-4 NB =       443.9626  1-4 EEL =      4581.7296  VDWAALS    =     12797.4313
 EELEC  =   -105637.0136  EHBOND  =         0.0000  RESTRAINT  =         0.0000
 ------------------------------------------------------------------------------

check COM velocity, temp:        0.000004     0.00(Removed)

 NSTEP =     4000   TIME(PS) =      22.000  TEMP(K) =   300.55  PRESS =     0.0
 Etot   =    -51877.8352  EKtot   =     20677.6094  EPtot      =    -72555.4446
 BOND   =     12852.7297  ANGLE   =      1045.8066  DIHED      =      1341.4446
 1-4 NB =       427.2174  1-4 EEL =      4618.2875  VDWAALS    =     12658.5420
 EELEC  =   -105499.4725  EHBOND  =         0.0000  RESTRAINT  =         0.0000
 ------------------------------------------------------------------------------


 NSTEP =     4500   TIME(PS) =      22.250  TEMP(K) =   299.85  PRESS =     0.0
 Etot   =    -51878.7488  EKtot   =     20629.5820  EPtot      =    -72508.3308
 BOND   =     12833.5364  ANGLE   =      1078.6694  DIHED      =      1338.8874
 1-4 NB =       424.5723  1-4 EEL =      4550.7540  VDWAALS    =     12996.0180
 EELEC  =   -105730.7683  EHBOND  =         0.0000  RESTRAINT  =         0.0000
 ------------------------------------------------------------------------------

check COM velocity, temp:        0.000006     0.00(Removed)

 NSTEP =     5000   TIME(PS) =      22.500  TEMP(K) =   300.17  PRESS =     0.0
 Etot   =    -51873.5117  EKtot   =     20651.4727  EPtot      =    -72524.9843
 BOND   =     12886.3888  ANGLE   =      1044.5034  DIHED      =      1328.5379
 1-4 NB =       443.4313  1-4 EEL =      4582.3950  VDWAALS    =     12938.0243
 EELEC  =   -105748.2651  EHBOND  =         0.0000  RESTRAINT  =         0.0000
 ------------------------------------------------------------------------------


 NSTEP =     5500   TIME(PS) =      22.750  TEMP(K) =   300.22  PRESS =     0.0
 Etot   =    -51877.6039  EKtot   =     20654.6973  EPtot      =    -72532.3012
 BOND   =     12640.2457  ANGLE   =      1066.5067  DIHED      =      1301.3136
 1-4 NB =       438.5602  1-4 EEL =      4588.1736  VDWAALS    =     12651.5794
 EELEC  =   -105218.6803  EHBOND  =         0.0000  RESTRAINT  =         0.0000
 ------------------------------------------------------------------------------

check COM velocity, temp:        0.000005     0.00(Removed)

 NSTEP =     6000   TIME(PS) =      23.000  TEMP(K) =   301.68  PRESS =     0.0
 Etot   =    -51876.8263  EKtot   =     20755.2559  EPtot      =    -72632.0822
 BOND   =     12708.6294  ANGLE   =      1023.9070  DIHED      =      1331.7189
 1-4 NB =       449.6945  1-4 EEL =      4563.4244  VDWAALS    =     12697.4599
 EELEC  =   -105406.9163  EHBOND  =         0.0000  RESTRAINT  =         0.0000
 ------------------------------------------------------------------------------


 NSTEP =     6500   TIME(PS) =      23.250  TEMP(K) =   303.30  PRESS =     0.0
 Etot   =    -51876.1900  EKtot   =     20867.1777  EPtot      =    -72743.3677
 BOND   =     12689.7190  ANGLE   =       993.9238  DIHED      =      1312.8987
 1-4 NB =       452.0184  1-4 EEL =      4643.2899  VDWAALS    =     12756.1456
 EELEC  =   -105591.3631  EHBOND  =         0.0000  RESTRAINT  =         0.0000
 ------------------------------------------------------------------------------

check COM velocity, temp:        0.000003     0.00(Removed)

 NSTEP =     7000   TIME(PS) =      23.500  TEMP(K) =   300.54  PRESS =     0.0
 Etot   =    -51876.9090  EKtot   =     20677.1738  EPtot      =    -72554.0828
 BOND   =     12745.4689  ANGLE   =      1039.2900  DIHED      =      1319.4209
 1-4 NB =       438.9972  1-4 EEL =      4602.6964  VDWAALS    =     12831.5419
 EELEC  =   -105531.4980  EHBOND  =         0.0000  RESTRAINT  =         0.0000
 ------------------------------------------------------------------------------


 NSTEP =     7500   TIME(PS) =      23.750  TEMP(K) =   301.24  PRESS =     0.0
 Etot   =    -51879.9065  EKtot   =     20725.3535  EPtot      =    -72605.2600
 BOND   =     12701.2621  ANGLE   =      1036.1970  DIHED      =      1342.4391
 1-4 NB =       441.2394  1-4 EEL =      4570.7620  VDWAALS    =     12636.2983
 EELEC  =   -105333.4578  EHBOND  =         0.0000  RESTRAINT  =         0.0000
 ------------------------------------------------------------------------------

check COM velocity, temp:        0.000009     0.00(Removed)

 NSTEP =     8000   TIME(PS) =      24.000  TEMP(K) =   301.03  PRESS =     0.0
 Etot   =    -51878.8758  EKtot   =     20710.8887  EPtot      =    -72589.7644
 BOND   =     12864.2427  ANGLE   =      1036.7687  DIHED      =      1336.7235
 1-4 NB =       455.4749  1-4 EEL =      4624.4997  VDWAALS    =     12665.6345
 EELEC  =   -105573.1084  EHBOND  =         0.0000  RESTRAINT  =         0.0000
 ------------------------------------------------------------------------------


 NSTEP =     8500   TIME(PS) =      24.250  TEMP(K) =   300.53  PRESS =     0.0
 Etot   =    -51875.8983  EKtot   =     20676.2012  EPtot      =    -72552.0995
 BOND   =     12916.0858  ANGLE   =      1059.7285  DIHED      =      1325.2435
 1-4 NB =       452.9911  1-4 EEL =      4606.2902  VDWAALS    =     12711.3101
 EELEC  =   -105623.7485  EHBOND  =         0.0000  RESTRAINT  =         0.0000
 ------------------------------------------------------------------------------

check COM velocity, temp:        0.000002     0.00(Removed)

 NSTEP =     9000   TIME(PS) =      24.500  TEMP(K) =   300.39  PRESS =     0.0
 Etot   =    -51880.4268  EKtot   =     20666.7793  EPtot      =    -72547.2061
 BOND   =     12878.8872  ANGLE   =      1044.8363  DIHED      =      1330.7845
 1-4 NB =       443.0931  1-4 EEL =      4561.6583  VDWAALS    =     12677.3868
 EELEC  =   -105483.8522  EHBOND  =         0.0000  RESTRAINT  =         0.0000
 ------------------------------------------------------------------------------


 NSTEP =     9500   TIME(PS) =      24.750  TEMP(K) =   300.87  PRESS =     0.0
 Etot   =    -51876.1555  EKtot   =     20699.8340  EPtot      =    -72575.9895
 BOND   =     12906.5863  ANGLE   =      1027.7566  DIHED      =      1322.3637
 1-4 NB =       443.8558  1-4 EEL =      4632.5059  VDWAALS    =     12692.6003
 EELEC  =   -105601.6581  EHBOND  =         0.0000  RESTRAINT  =         0.0000
 ------------------------------------------------------------------------------

check COM velocity, temp:        0.000011     0.00(Removed)

 NSTEP =    10000   TIME(PS) =      25.000  TEMP(K) =   299.98  PRESS =     0.0
 Etot   =    -51876.2185  EKtot   =     20638.3203  EPtot      =    -72514.5388
 BOND   =     12660.0575  ANGLE   =      1058.5496  DIHED      =      1325.8611
 1-4 NB =       453.1235  1-4 EEL =      4634.9033  VDWAALS    =     12629.8264
 EELEC  =   -105276.8601  EHBOND  =         0.0000  RESTRAINT  =         0.0000
 ------------------------------------------------------------------------------


 NSTEP =    10500   TIME(PS) =      25.250  TEMP(K) =   301.46  PRESS =     0.0
 Etot   =    -51874.8411  EKtot   =     20740.3086  EPtot      =    -72615.1497
 BOND   =     12650.9182  ANGLE   =      1028.5725  DIHED      =      1334.0902
 1-4 NB =       440.2192  1-4 EEL =      4607.5720  VDWAALS    =     12562.1706
 EELEC  =   -105238.6923  EHBOND  =         0.0000  RESTRAINT  =         0.0000
 ------------------------------------------------------------------------------

check COM velocity, temp:        0.000006     0.00(Removed)

 NSTEP =    11000   TIME(PS) =      25.500  TEMP(K) =   302.85  PRESS =     0.0
 Etot   =    -51873.2724  EKtot   =     20835.9648  EPtot      =    -72709.2373
 BOND   =     12813.2480  ANGLE   =      1028.4793  DIHED      =      1326.8240
 1-4 NB =       440.4330  1-4 EEL =      4633.3736  VDWAALS    =     12898.6813
 EELEC  =   -105850.2764  EHBOND  =         0.0000  RESTRAINT  =         0.0000
 ------------------------------------------------------------------------------


 NSTEP =    11500   TIME(PS) =      25.750  TEMP(K) =   301.08  PRESS =     0.0
 Etot   =    -51875.1901  EKtot   =     20714.2441  EPtot      =    -72589.4343
 BOND   =     12869.8451  ANGLE   =      1004.6395  DIHED      =      1317.7300
 1-4 NB =       441.2822  1-4 EEL =      4598.4948  VDWAALS    =     12821.0837
 EELEC  =   -105642.5095  EHBOND  =         0.0000  RESTRAINT  =         0.0000
 ------------------------------------------------------------------------------

check COM velocity, temp:        0.000003     0.00(Removed)

 NSTEP =    12000   TIME(PS) =      26.000  TEMP(K) =   301.06  PRESS =     0.0
 Etot   =    -51877.4780  EKtot   =     20712.8027  EPtot      =    -72590.2807
 BOND   =     12867.5880  ANGLE   =      1065.3463  DIHED      =      1342.3121
 1-4 NB =       450.2530  1-4 EEL =      4628.3296  VDWAALS    =     12672.1220
 EELEC  =   -105616.2317  EHBOND  =         0.0000  RESTRAINT  =         0.0000
 ------------------------------------------------------------------------------


 NSTEP =    12500   TIME(PS) =      26.250  TEMP(K) =   302.27  PRESS =     0.0
 Etot   =    -51878.4041  EKtot   =     20795.7715  EPtot      =    -72674.1756
 BOND   =     12825.8998  ANGLE   =      1052.0015  DIHED      =      1332.7816
 1-4 NB =       439.2224  1-4 EEL =      4614.8290  VDWAALS    =     12817.5303
 EELEC  =   -105756.4402  EHBOND  =         0.0000  RESTRAINT  =         0.0000
 ------------------------------------------------------------------------------

check COM velocity, temp:        0.000005     0.00(Removed)

 NSTEP =    13000   TIME(PS) =      26.500  TEMP(K) =   302.53  PRESS =     0.0
 Etot   =    -51876.0089  EKtot   =     20813.7910  EPtot      =    -72689.7999
 BOND   =     12840.7762  ANGLE   =      1018.6459  DIHED      =      1339.4465
 1-4 NB =       450.2494  1-4 EEL =      4623.6448  VDWAALS    =     12949.7045
 EELEC  =   -105912.2672  EHBOND  =         0.0000  RESTRAINT  =         0.0000
 ------------------------------------------------------------------------------


 NSTEP =    13500   TIME(PS) =      26.750  TEMP(K) =   300.53  PRESS =     0.0
 Etot   =    -51874.1171  EKtot   =     20676.2383  EPtot      =    -72550.3554
 BOND   =     12852.3978  ANGLE   =      1066.4264  DIHED      =      1321.8245
 1-4 NB =       445.6849  1-4 EEL =      4570.0427  VDWAALS    =     12802.1383
 EELEC  =   -105608.8700  EHBOND  =         0.0000  RESTRAINT  =         0.0000
 ------------------------------------------------------------------------------

check COM velocity, temp:        0.000006     0.00(Removed)

 NSTEP =    14000   TIME(PS) =      27.000  TEMP(K) =   301.92  PRESS =     0.0
 Etot   =    -51879.2902  EKtot   =     20771.7246  EPtot      =    -72651.0148
 BOND   =     12858.0875  ANGLE   =      1052.1578  DIHED      =      1337.3658
 1-4 NB =       443.5947  1-4 EEL =      4598.0211  VDWAALS    =     12687.1598
 EELEC  =   -105627.4016  EHBOND  =         0.0000  RESTRAINT  =         0.0000
 ------------------------------------------------------------------------------


 NSTEP =    14500   TIME(PS) =      27.250  TEMP(K) =   302.50  PRESS =     0.0
 Etot   =    -51876.6036  EKtot   =     20812.0742  EPtot      =    -72688.6778
 BOND   =     12850.3046  ANGLE   =      1037.3901  DIHED      =      1352.1995
 1-4 NB =       445.4250  1-4 EEL =      4587.1304  VDWAALS    =     13005.0344
 EELEC  =   -105966.1619  EHBOND  =         0.0000  RESTRAINT  =         0.0000
 ------------------------------------------------------------------------------

check COM velocity, temp:        0.000006     0.00(Removed)

 NSTEP =    15000   TIME(PS) =      27.500  TEMP(K) =   301.83  PRESS =     0.0
 Etot   =    -51872.1870  EKtot   =     20765.8086  EPtot      =    -72637.9956
 BOND   =     12764.1366  ANGLE   =      1066.7732  DIHED      =      1342.9097
 1-4 NB =       451.3913  1-4 EEL =      4590.6841  VDWAALS    =     12799.9955
 EELEC  =   -105653.8860  EHBOND  =         0.0000  RESTRAINT  =         0.0000
 ------------------------------------------------------------------------------


 NSTEP =    15500   TIME(PS) =      27.750  TEMP(K) =   300.87  PRESS =     0.0
 Etot   =    -51879.5309  EKtot   =     20699.8418  EPtot      =    -72579.3727
 BOND   =     12844.8987  ANGLE   =      1054.3525  DIHED      =      1363.5121
 1-4 NB =       432.0639  1-4 EEL =      4566.8715  VDWAALS    =     12828.9169
 EELEC  =   -105669.9882  EHBOND  =         0.0000  RESTRAINT  =         0.0000
 ------------------------------------------------------------------------------

check COM velocity, temp:        0.000008     0.00(Removed)

 NSTEP =    16000   TIME(PS) =      28.000  TEMP(K) =   301.62  PRESS =     0.0
 Etot   =    -51879.7495  EKtot   =     20750.9844  EPtot      =    -72630.7339
 BOND   =     12768.7965  ANGLE   =       994.9819  DIHED      =      1347.1674
 1-4 NB =       439.3287  1-4 EEL =      4593.5581  VDWAALS    =     12790.2632
 EELEC  =   -105564.8297  EHBOND  =         0.0000  RESTRAINT  =         0.0000
 ------------------------------------------------------------------------------


 NSTEP =    16500   TIME(PS) =      28.250  TEMP(K) =   300.22  PRESS =     0.0
 Etot   =    -51874.3245  EKtot   =     20655.0547  EPtot      =    -72529.3792
 BOND   =     12868.2647  ANGLE   =      1050.0278  DIHED      =      1331.3737
 1-4 NB =       442.1667  1-4 EEL =      4582.9029  VDWAALS    =     12896.0213
 EELEC  =   -105700.1362  EHBOND  =         0.0000  RESTRAINT  =         0.0000
 ------------------------------------------------------------------------------

check COM velocity, temp:        0.000009     0.00(Removed)

 NSTEP =    17000   TIME(PS) =      28.500  TEMP(K) =   302.64  PRESS =     0.0
 Etot   =    -51874.5342  EKtot   =     20821.2871  EPtot      =    -72695.8213
 BOND   =     12761.5342  ANGLE   =      1016.4088  DIHED      =      1338.3772
 1-4 NB =       444.5482  1-4 EEL =      4601.3481  VDWAALS    =     13034.8918
 EELEC  =   -105892.9296  EHBOND  =         0.0000  RESTRAINT  =         0.0000
 ------------------------------------------------------------------------------


 NSTEP =    17500   TIME(PS) =      28.750  TEMP(K) =   300.16  PRESS =     0.0
 Etot   =    -51875.6168  EKtot   =     20650.9023  EPtot      =    -72526.5191
 BOND   =     12861.6928  ANGLE   =      1048.3765  DIHED      =      1330.3595
 1-4 NB =       441.2422  1-4 EEL =      4583.9632  VDWAALS    =     12870.1522
 EELEC  =   -105662.3055  EHBOND  =         0.0000  RESTRAINT  =         0.0000
 ------------------------------------------------------------------------------

check COM velocity, temp:        0.000004     0.00(Removed)

 NSTEP =    18000   TIME(PS) =      29.000  TEMP(K) =   300.68  PRESS =     0.0
 Etot   =    -51876.4364  EKtot   =     20686.6895  EPtot      =    -72563.1259
 BOND   =     12766.3293  ANGLE   =      1027.3126  DIHED      =      1368.6868
 1-4 NB =       449.2219  1-4 EEL =      4627.1803  VDWAALS    =     12676.9044
 EELEC  =   -105478.7612  EHBOND  =         0.0000  RESTRAINT  =         0.0000
 ------------------------------------------------------------------------------


 NSTEP =    18500   TIME(PS) =      29.250  TEMP(K) =   299.04  PRESS =     0.0
 Etot   =    -51878.9213  EKtot   =     20573.9238  EPtot      =    -72452.8451
 BOND   =     12906.6056  ANGLE   =      1083.3635  DIHED      =      1340.0363
 1-4 NB =       457.0992  1-4 EEL =      4670.3241  VDWAALS    =     12918.3403
 EELEC  =   -105828.6141  EHBOND  =         0.0000  RESTRAINT  =         0.0000
 ------------------------------------------------------------------------------

check COM velocity, temp:        0.000007     0.00(Removed)

 NSTEP =    19000   TIME(PS) =      29.500  TEMP(K) =   301.29  PRESS =     0.0
 Etot   =    -51878.1637  EKtot   =     20728.7324  EPtot      =    -72606.8962
 BOND   =     12927.2408  ANGLE   =      1078.0042  DIHED      =      1350.9069
 1-4 NB =       448.0247  1-4 EEL =      4586.8352  VDWAALS    =     12945.6712
 EELEC  =   -105943.5791  EHBOND  =         0.0000  RESTRAINT  =         0.0000
 ------------------------------------------------------------------------------


 NSTEP =    19500   TIME(PS) =      29.750  TEMP(K) =   300.98  PRESS =     0.0
 Etot   =    -51877.7146  EKtot   =     20707.6309  EPtot      =    -72585.3455
 BOND   =     12839.3046  ANGLE   =      1072.5469  DIHED      =      1338.4557
 1-4 NB =       438.8153  1-4 EEL =      4591.5132  VDWAALS    =     12863.7601
 EELEC  =   -105729.7413  EHBOND  =         0.0000  RESTRAINT  =         0.0000
 ------------------------------------------------------------------------------

check COM velocity, temp:        0.000005     0.00(Removed)

 NSTEP =    20000   TIME(PS) =      30.000  TEMP(K) =   302.69  PRESS =     0.0
 Etot   =    -51874.2089  EKtot   =     20824.9316  EPtot      =    -72699.1405
 BOND   =     12926.9773  ANGLE   =      1052.9670  DIHED      =      1332.9671
 1-4 NB =       432.1353  1-4 EEL =      4549.7610  VDWAALS    =     12735.5513
 EELEC  =   -105729.4994  EHBOND  =         0.0000  RESTRAINT  =         0.0000
 ------------------------------------------------------------------------------


      A V E R A G E S   O V E R      40 S T E P S


 NSTEP =    20000   TIME(PS) =      30.000  TEMP(K) =   301.09  PRESS =     0.0
 Etot   =    -51876.8550  EKtot   =     20715.0150  EPtot      =    -72591.8701
 BOND   =     12837.3987  ANGLE   =      1044.9269  DIHED      =      1334.1643
 1-4 NB =       443.4871  1-4 EEL =      4603.0872  VDWAALS    =     12788.1577
 EELEC  =   -105643.0920  EHBOND  =         0.0000  RESTRAINT  =         0.0000
 ------------------------------------------------------------------------------


      R M S  F L U C T U A T I O N S


 NSTEP =    20000   TIME(PS) =      30.000  TEMP(K) =     1.10  PRESS =     0.0
 Etot   =         1.9856  EKtot   =        75.7176  EPtot      =        75.3563
 BOND   =        94.9291  ANGLE   =        22.5137  DIHED      =        13.0892
 1-4 NB =         7.0258  1-4 EEL =        29.4699  VDWAALS    =       114.0753
 EELEC  =       183.1750  EHBOND  =         0.0000  RESTRAINT  =         0.0000
|E(PBS) =         0.9965
 ------------------------------------------------------------------------------

--------------------------------------------------------------------------------
   5.  TIMINGS
--------------------------------------------------------------------------------

|  NonSetup CPU Time in Major Routines:
|
|     Routine           Sec        %
|     ------------------------------
|     Nonbond           4.19   10.77
|     Bond              0.00    0.00
|     Angle             0.00    0.00
|     Dihedral          0.00    0.00
|     Shake             0.00    0.00
|     RunMD            34.70   89.15
|     Other             0.03    0.08
|     ------------------------------
|     Total            38.93

|  PME Nonbond Pairlist CPU Time:
|
|     Routine              Sec        %
|     ---------------------------------
|     Set Up Cit           0.00    0.00
|     Build List           0.00    0.00
|     ---------------------------------
|     Total                0.00    0.00

|  PME Direct Force CPU Time:
|
|     Routine              Sec        %
|     ---------------------------------
|     NonBonded Calc       0.00    0.00
|     Exclude Masked       0.00    0.00
|     Other                0.02    0.06
|     ---------------------------------
|     Total                0.02    0.06

|  PME Reciprocal Force CPU Time:
|
|     Routine              Sec        %
|     ---------------------------------
|     1D bspline           0.00    0.00
|     Grid Charges         0.00    0.00
|     Scalar Sum           0.00    0.00
|     Gradient Sum         0.00    0.00
|     FFT                  0.00    0.00
|     ---------------------------------
|     Total                0.00    0.00

|  Final Performance Info:
|     -----------------------------------------------------
|     Average timings for last   19500 steps:
|     Elapsed(s) =      40.53 Per Step(ms) =       2.08
|         ns/day =      20.78   seconds/ns =    4157.00
|
|     Average timings for all steps:
|     Elapsed(s) =      41.44 Per Step(ms) =       2.07
|         ns/day =      20.85   seconds/ns =    4144.44
|     -----------------------------------------------------

|  Setup CPU time:            2.82 seconds
|  NonSetup CPU time:        38.93 seconds
|  Total CPU time:           41.74 seconds     0.01 hours

|  Setup wall time:           3    seconds
|  NonSetup wall time:       42    seconds
|  Total wall time:          45    seconds     0.01 hours
