
          -------------------------------------------------------
          Amber 16 PMEMD                              2016
          -------------------------------------------------------

| PMEMD implementation of SANDER, Release 16

| Run on 08/24/2017 at 14:57:35

|   Executable path: /apps/amber16/bin/pmemd.cuda
| Working directory: /scratch/pbarletta/pdz/run/lb/neq/data/3
|          Hostname: mordor

  [-O]verwriting output

File Assignments:
|   MDIN: pdt.in                                                                
|  MDOUT: 357plb_3.out                                                          
| INPCRD: ../2/357plb_2.rst7                                                    
|   PARM: /scratch/pbarletta/pdz/top_files/lb.prmtop                            
| RESTRT: 357plb_3.rst7                                                         
|   REFC: refc                                                                  
|  MDVEL: mdvel                                                                 
|   MDEN: mden                                                                  
|  MDCRD: 357plb_3.nc                                                           
| MDINFO: mdinfo                                                                
|  MDFRC: mdfrc                                                                 


 Here is the input file:

!NVE run                                                                       
&cntrl                                                                         
imin = 0,                           ! No Minimization                          
nmropt = 0,                         ! No NMR restraints read                   
                                                                               
! Nature and format of the input                                               
ntx = 5,                            ! Coordinates and velocities will be read  
irest = 1,                          ! Do not run a new simulation              
                                                                               
! Nature and format of the output                                              
ioutfm = 1,			    ! NetCDF format for output files                             
ntxo = 1,                           ! rstrt file in ASCII format               
ntpr = 500,                         ! inf in output every ntpr steps           
ntwr = 500,                         ! rstrt file every ntwr steps              
ntwx = 20,                          ! mdcrd file every ntwx steps              
ntwv = -1,                          ! mdvel without velocities                 
ntwe = 0,                           ! Energies and temperatures not written in 
idecomp = 0,                        ! No energy decomposition                  
iwrap = 1,                          ! Coordinates of the restart and mdcrd file
                                                                               
! Frozen or restrained atoms                                                   
ibelly = 0,                         ! No frozen atoms                          
ntr=0,                              ! Harmonic potential restraints            
                                                                               
! Molecular dynamics                                                           
nstlim = 20000,                     ! Number of MD-steps                       
dt = 0.0005,                        ! Time step                                
                                                                               
! Temperature regulation                                                       
ntt = 0,                            ! Constant total energy                    
                                                                               
! P and V regulation                                                           
ntp = 0,                            ! No P control                             
ntb = 1,                            ! constant V                               
                                                                               
! SHAKE variables                                                              
ntc = 1,                            ! Bonds involving H are constrained        
ntf = 1,                            ! Bond interaction involving H are ommited.
                                                                               
cut = 9.0,                          ! Nonbonded cutoff                         
/                                                                              
&end                                                                           


Note: ig = -1. Setting random seed to   195134 based on wallclock time in 
      microseconds.
| irandom = 1, using AMBER's internal random number generator (default).
 
|--------------------- INFORMATION ----------------------
| GPU (CUDA) Version of PMEMD in use: NVIDIA GPU IN USE.
|                    Version 16.0.0
| 
|                      02/25/2016
| 
| Implementation by:
|                    Ross C. Walker     (SDSC)
|                    Scott Le Grand     (nVIDIA)
| 
| Precision model in use:
|      [SPFP] - Single Precision Forces, 64-bit Fixed Point
|               Accumulation. (Default)
| 
|--------------------------------------------------------
 
|----------------- CITATION INFORMATION -----------------
|
|    When publishing work that utilized the CUDA version
|    of AMBER, please cite the following in addition to
|    the regular AMBER citations:
|
|  - Romelia Salomon-Ferrer; Andreas W. Goetz; Duncan
|    Poole; Scott Le Grand; Ross C. Walker "Routine
|    microsecond molecular dynamics simulations with
|    AMBER - Part II: Particle Mesh Ewald", J. Chem.
|    Theory Comput., 2013, 9 (9), pp3878-3888,
|    DOI: 10.1021/ct400314y.
|
|  - Andreas W. Goetz; Mark J. Williamson; Dong Xu;
|    Duncan Poole; Scott Le Grand; Ross C. Walker
|    "Routine microsecond molecular dynamics simulations
|    with AMBER - Part I: Generalized Born", J. Chem.
|    Theory Comput., 2012, 8 (5), pp1542-1555.
|
|  - Scott Le Grand; Andreas W. Goetz; Ross C. Walker
|    "SPFP: Speed without compromise - a mixed precision
|    model for GPU accelerated molecular dynamics
|    simulations.", Comp. Phys. Comm., 2013, 184
|    pp374-380, DOI: 10.1016/j.cpc.2012.09.022
|
|--------------------------------------------------------
 
|------------------- GPU DEVICE INFO --------------------
|
|            CUDA_VISIBLE_DEVICES: 1
|   CUDA Capable Devices Detected:      1
|           CUDA Device ID in use:      0
|                CUDA Device Name: GeForce GTX TITAN
|     CUDA Device Global Mem Size:   6082 MB
| CUDA Device Num Multiprocessors:     14
|           CUDA Device Core Freq:   0.93 GHz
|
|--------------------------------------------------------
 
 
| Conditional Compilation Defines Used:
| PUBFFT
| BINTRAJ
| CUDA
| EMIL

| Largest sphere to fit in unit cell has radius =    26.281

| New format PARM file being parsed.
| Version =    1.000 Date = 09/04/12 Time = 16:08:43

| Note: 1-4 EEL scale factors are being read from the topology file.

| Note: 1-4 VDW scale factors are being read from the topology file.
| Duplicated    0 dihedrals

| Duplicated    0 dihedrals

--------------------------------------------------------------------------------
   1.  RESOURCE   USE: 
--------------------------------------------------------------------------------

 getting new box info from bottom of inpcrd
 NATOM  =   23082 NTYPES =      16 NBONH =   22055 MBONA  =    1038
 NTHETH =    2390 MTHETA =    1396 NPHIH =    4631 MPHIA  =    3488
 NHPARM =       0 NPARM  =       0 NNB   =   39434 NRES   =    7134
 NBONA  =    1038 NTHETA =    1396 NPHIA =    3488 NUMBND =      41
 NUMANG =      86 NPTRA  =      41 NATYP =      28 NPHB   =       1
 IFBOX  =       1 NMXRS  =      24 IFCAP =       0 NEXTRA =       0
 NCOPY  =       0

| Coordinate Index Table dimensions:    12   14   10
| Direct force subcell size =     5.0212    5.2012    5.2562

     BOX TYPE: RECTILINEAR

--------------------------------------------------------------------------------
   2.  CONTROL  DATA  FOR  THE  RUN
--------------------------------------------------------------------------------

default_name                                                                    

General flags:
     imin    =       0, nmropt  =       0

Nature and format of input:
     ntx     =       5, irest   =       1, ntrx    =       1

Nature and format of output:
     ntxo    =       1, ntpr    =     500, ntrx    =       1, ntwr    =     500
     iwrap   =       1, ntwx    =      20, ntwv    =      -1, ntwe    =       0
     ioutfm  =       1, ntwprt  =       0, idecomp =       0, rbornstat=      0

Potential function:
     ntf     =       1, ntb     =       1, igb     =       0, nsnb    =      25
     ipol    =       0, gbsa    =       0, iesp    =       0
     dielc   =   1.00000, cut     =   9.00000, intdiel =   1.00000

Frozen or restrained atoms:
     ibelly  =       0, ntr     =       0

Molecular dynamics:
     nstlim  =     20000, nscm    =      1000, nrespa  =         1
     t       =   0.00000, dt      =   0.00050, vlimit  =  -1.00000

| Intermolecular bonds treatment:
|     no_intermolecular_bonds =       1

| Energy averages sample interval:
|     ene_avg_sampling =     500

Ewald parameters:
     verbose =       0, ew_type =       0, nbflag  =       1, use_pme =       1
     vdwmeth =       1, eedmeth =       1, netfrc  =       1
     Box X =   60.254   Box Y =   72.816   Box Z =   52.562
     Alpha =   90.000   Beta  =   90.000   Gamma =   90.000
     NFFT1 =   64       NFFT2 =   80       NFFT3 =   56
     Cutoff=    9.000   Tol   =0.100E-04
     Ewald Coefficient =  0.30768
     Interpolation order =    4

--------------------------------------------------------------------------------
   3.  ATOMIC COORDINATES AND VELOCITIES
--------------------------------------------------------------------------------

default_name                                                                    
 begin time read from input coords =    20.000 ps

 
 Number of triangulated 3-point waters found:     7002

     Sum of charges from parm topology file =  -0.00000008
     Forcing neutrality...

| Dynamic Memory, Types Used:
| Reals              710578
| Integers           737140

| Nonbonded Pairs Initial Allocation:     5262696

| GPU memory information (estimate):
| KB of GPU memory in use:     63171
| KB of CPU memory in use:     27891

--------------------------------------------------------------------------------
   4.  RESULTS
--------------------------------------------------------------------------------

 ---------------------------------------------------
 APPROXIMATING switch and d/dx switch using CUBIC SPLINE INTERPOLATION
 using   5000.0 points per unit in tabled values
 TESTING RELATIVE ERROR over r ranging from 0.0 to cutoff
| CHECK switch(x): max rel err =   0.2738E-14   at   2.422500
| CHECK d/dx switch(x): max rel err =   0.8314E-11   at   2.736960
 ---------------------------------------------------
|---------------------------------------------------
| APPROXIMATING direct energy using CUBIC SPLINE INTERPOLATION
|  with   50.0 points per unit in tabled values
| Relative Error Limit not exceeded for r .gt.   2.39
| APPROXIMATING direct force using CUBIC SPLINE INTERPOLATION
|  with   50.0 points per unit in tabled values
| Relative Error Limit not exceeded for r .gt.   2.84
|---------------------------------------------------

 NSTEP =      500   TIME(PS) =      20.250  TEMP(K) =   298.03  PRESS =     0.0
 Etot   =    -52302.8686  EKtot   =     20504.0508  EPtot      =    -72806.9194
 BOND   =     12744.4930  ANGLE   =       985.9922  DIHED      =      1318.2834
 1-4 NB =       450.1302  1-4 EEL =      4687.6622  VDWAALS    =     12721.6193
 EELEC  =   -105715.0997  EHBOND  =         0.0000  RESTRAINT  =         0.0000
 ------------------------------------------------------------------------------

check COM velocity, temp:        0.002187     0.00(Removed)

 NSTEP =     1000   TIME(PS) =      20.500  TEMP(K) =   297.07  PRESS =     0.0
 Etot   =    -52303.0625  EKtot   =     20438.1445  EPtot      =    -72741.2071
 BOND   =     12847.8155  ANGLE   =      1047.9677  DIHED      =      1300.3608
 1-4 NB =       441.7041  1-4 EEL =      4643.8094  VDWAALS    =     13050.0490
 EELEC  =   -106072.9135  EHBOND  =         0.0000  RESTRAINT  =         0.0000
 ------------------------------------------------------------------------------


 NSTEP =     1500   TIME(PS) =      20.750  TEMP(K) =   299.05  PRESS =     0.0
 Etot   =    -52306.8228  EKtot   =     20574.3770  EPtot      =    -72881.1998
 BOND   =     12695.2222  ANGLE   =      1038.8657  DIHED      =      1317.0937
 1-4 NB =       447.3371  1-4 EEL =      4648.9312  VDWAALS    =     12770.3806
 EELEC  =   -105799.0302  EHBOND  =         0.0000  RESTRAINT  =         0.0000
 ------------------------------------------------------------------------------

check COM velocity, temp:        0.000009     0.00(Removed)

 NSTEP =     2000   TIME(PS) =      21.000  TEMP(K) =   296.59  PRESS =     0.0
 Etot   =    -52303.2164  EKtot   =     20404.9434  EPtot      =    -72708.1598
 BOND   =     12858.0550  ANGLE   =      1030.5517  DIHED      =      1317.1809
 1-4 NB =       442.7172  1-4 EEL =      4678.1738  VDWAALS    =     12668.5185
 EELEC  =   -105703.3569  EHBOND  =         0.0000  RESTRAINT  =         0.0000
 ------------------------------------------------------------------------------


 NSTEP =     2500   TIME(PS) =      21.250  TEMP(K) =   298.57  PRESS =     0.0
 Etot   =    -52305.0910  EKtot   =     20541.5273  EPtot      =    -72846.6183
 BOND   =     12738.6940  ANGLE   =      1040.4215  DIHED      =      1290.7983
 1-4 NB =       446.7989  1-4 EEL =      4672.1222  VDWAALS    =     12640.4039
 EELEC  =   -105675.8571  EHBOND  =         0.0000  RESTRAINT  =         0.0000
 ------------------------------------------------------------------------------

check COM velocity, temp:        0.000008     0.00(Removed)

 NSTEP =     3000   TIME(PS) =      21.500  TEMP(K) =   298.38  PRESS =     0.0
 Etot   =    -52307.9140  EKtot   =     20528.3809  EPtot      =    -72836.2948
 BOND   =     12784.8883  ANGLE   =      1041.0647  DIHED      =      1334.8756
 1-4 NB =       438.9079  1-4 EEL =      4672.8823  VDWAALS    =     12827.0489
 EELEC  =   -105935.9626  EHBOND  =         0.0000  RESTRAINT  =         0.0000
 ------------------------------------------------------------------------------


 NSTEP =     3500   TIME(PS) =      21.750  TEMP(K) =   298.72  PRESS =     0.0
 Etot   =    -52305.6952  EKtot   =     20551.9355  EPtot      =    -72857.6308
 BOND   =     12690.0488  ANGLE   =      1005.5321  DIHED      =      1333.4806
 1-4 NB =       451.8584  1-4 EEL =      4640.1881  VDWAALS    =     12917.8258
 EELEC  =   -105896.5646  EHBOND  =         0.0000  RESTRAINT  =         0.0000
 ------------------------------------------------------------------------------

check COM velocity, temp:        0.000004     0.00(Removed)

 NSTEP =     4000   TIME(PS) =      22.000  TEMP(K) =   299.39  PRESS =     0.0
 Etot   =    -52308.3469  EKtot   =     20598.1289  EPtot      =    -72906.4758
 BOND   =     12474.6673  ANGLE   =       994.3204  DIHED      =      1319.2476
 1-4 NB =       436.3054  1-4 EEL =      4692.6473  VDWAALS    =     12509.3290
 EELEC  =   -105332.9926  EHBOND  =         0.0000  RESTRAINT  =         0.0000
 ------------------------------------------------------------------------------


 NSTEP =     4500   TIME(PS) =      22.250  TEMP(K) =   298.33  PRESS =     0.0
 Etot   =    -52308.7990  EKtot   =     20524.9609  EPtot      =    -72833.7600
 BOND   =     12653.0215  ANGLE   =      1021.3110  DIHED      =      1302.2413
 1-4 NB =       442.6095  1-4 EEL =      4623.7242  VDWAALS    =     12737.4268
 EELEC  =   -105614.0942  EHBOND  =         0.0000  RESTRAINT  =         0.0000
 ------------------------------------------------------------------------------

check COM velocity, temp:        0.000004     0.00(Removed)

 NSTEP =     5000   TIME(PS) =      22.500  TEMP(K) =   299.86  PRESS =     0.0
 Etot   =    -52310.9351  EKtot   =     20630.1172  EPtot      =    -72941.0523
 BOND   =     12728.3069  ANGLE   =      1012.1857  DIHED      =      1335.6857
 1-4 NB =       429.2280  1-4 EEL =      4665.8929  VDWAALS    =     12736.5827
 EELEC  =   -105848.9342  EHBOND  =         0.0000  RESTRAINT  =         0.0000
 ------------------------------------------------------------------------------


 NSTEP =     5500   TIME(PS) =      22.750  TEMP(K) =   296.05  PRESS =     0.0
 Etot   =    -52303.4259  EKtot   =     20367.7656  EPtot      =    -72671.1916
 BOND   =     12732.9322  ANGLE   =      1043.5344  DIHED      =      1309.8680
 1-4 NB =       456.7272  1-4 EEL =      4692.8714  VDWAALS    =     12593.0540
 EELEC  =   -105500.1788  EHBOND  =         0.0000  RESTRAINT  =         0.0000
 ------------------------------------------------------------------------------

check COM velocity, temp:        0.000004     0.00(Removed)

 NSTEP =     6000   TIME(PS) =      23.000  TEMP(K) =   297.88  PRESS =     0.0
 Etot   =    -52305.0505  EKtot   =     20493.7852  EPtot      =    -72798.8356
 BOND   =     12877.3614  ANGLE   =      1003.2563  DIHED      =      1309.2927
 1-4 NB =       441.8866  1-4 EEL =      4629.8722  VDWAALS    =     12930.1058
 EELEC  =   -105990.6107  EHBOND  =         0.0000  RESTRAINT  =         0.0000
 ------------------------------------------------------------------------------


 NSTEP =     6500   TIME(PS) =      23.250  TEMP(K) =   299.32  PRESS =     0.0
 Etot   =    -52309.8806  EKtot   =     20592.9395  EPtot      =    -72902.8200
 BOND   =     12647.4769  ANGLE   =      1012.6331  DIHED      =      1328.7227
 1-4 NB =       444.8076  1-4 EEL =      4693.6340  VDWAALS    =     12937.7637
 EELEC  =   -105967.8581  EHBOND  =         0.0000  RESTRAINT  =         0.0000
 ------------------------------------------------------------------------------

check COM velocity, temp:        0.000005     0.00(Removed)

 NSTEP =     7000   TIME(PS) =      23.500  TEMP(K) =   297.98  PRESS =     0.0
 Etot   =    -52305.9357  EKtot   =     20501.1270  EPtot      =    -72807.0627
 BOND   =     12718.8929  ANGLE   =      1021.9628  DIHED      =      1315.7227
 1-4 NB =       437.9999  1-4 EEL =      4687.8737  VDWAALS    =     12658.0750
 EELEC  =   -105647.5897  EHBOND  =         0.0000  RESTRAINT  =         0.0000
 ------------------------------------------------------------------------------


 NSTEP =     7500   TIME(PS) =      23.750  TEMP(K) =   298.81  PRESS =     0.0
 Etot   =    -52308.0958  EKtot   =     20557.8574  EPtot      =    -72865.9532
 BOND   =     12782.2523  ANGLE   =       986.7815  DIHED      =      1311.3161
 1-4 NB =       437.0887  1-4 EEL =      4713.8988  VDWAALS    =     12737.3229
 EELEC  =   -105834.6135  EHBOND  =         0.0000  RESTRAINT  =         0.0000
 ------------------------------------------------------------------------------

check COM velocity, temp:        0.000004     0.00(Removed)

 NSTEP =     8000   TIME(PS) =      24.000  TEMP(K) =   301.25  PRESS =     0.0
 Etot   =    -52308.0127  EKtot   =     20725.8438  EPtot      =    -73033.8565
 BOND   =     12758.0658  ANGLE   =       952.6155  DIHED      =      1313.8526
 1-4 NB =       443.7038  1-4 EEL =      4728.3245  VDWAALS    =     13134.0768
 EELEC  =   -106364.4955  EHBOND  =         0.0000  RESTRAINT  =         0.0000
 ------------------------------------------------------------------------------


 NSTEP =     8500   TIME(PS) =      24.250  TEMP(K) =   298.66  PRESS =     0.0
 Etot   =    -52301.4468  EKtot   =     20547.8477  EPtot      =    -72849.2945
 BOND   =     12891.9806  ANGLE   =       978.8357  DIHED      =      1321.8201
 1-4 NB =       451.2416  1-4 EEL =      4670.4596  VDWAALS    =     12941.3081
 EELEC  =   -106104.9403  EHBOND  =         0.0000  RESTRAINT  =         0.0000
 ------------------------------------------------------------------------------

check COM velocity, temp:        0.000007     0.00(Removed)

 NSTEP =     9000   TIME(PS) =      24.500  TEMP(K) =   298.93  PRESS =     0.0
 Etot   =    -52306.2278  EKtot   =     20566.5781  EPtot      =    -72872.8059
 BOND   =     12698.6773  ANGLE   =      1035.3902  DIHED      =      1306.6035
 1-4 NB =       422.8275  1-4 EEL =      4630.7758  VDWAALS    =     12766.2569
 EELEC  =   -105733.3370  EHBOND  =         0.0000  RESTRAINT  =         0.0000
 ------------------------------------------------------------------------------


 NSTEP =     9500   TIME(PS) =      24.750  TEMP(K) =   300.43  PRESS =     0.0
 Etot   =    -52306.2965  EKtot   =     20669.2305  EPtot      =    -72975.5269
 BOND   =     12718.6938  ANGLE   =       975.9371  DIHED      =      1322.3329
 1-4 NB =       431.3060  1-4 EEL =      4628.8718  VDWAALS    =     12867.5502
 EELEC  =   -105920.2187  EHBOND  =         0.0000  RESTRAINT  =         0.0000
 ------------------------------------------------------------------------------

check COM velocity, temp:        0.000006     0.00(Removed)

 NSTEP =    10000   TIME(PS) =      25.000  TEMP(K) =   298.35  PRESS =     0.0
 Etot   =    -52303.9035  EKtot   =     20526.5488  EPtot      =    -72830.4524
 BOND   =     12726.9644  ANGLE   =      1037.7592  DIHED      =      1321.7584
 1-4 NB =       437.3303  1-4 EEL =      4626.6370  VDWAALS    =     12983.6317
 EELEC  =   -105964.5333  EHBOND  =         0.0000  RESTRAINT  =         0.0000
 ------------------------------------------------------------------------------


 NSTEP =    10500   TIME(PS) =      25.250  TEMP(K) =   299.49  PRESS =     0.0
 Etot   =    -52304.3565  EKtot   =     20604.5664  EPtot      =    -72908.9229
 BOND   =     12807.4691  ANGLE   =      1042.9073  DIHED      =      1312.7784
 1-4 NB =       441.9745  1-4 EEL =      4695.8509  VDWAALS    =     12874.4625
 EELEC  =   -106084.3657  EHBOND  =         0.0000  RESTRAINT  =         0.0000
 ------------------------------------------------------------------------------

check COM velocity, temp:        0.000005     0.00(Removed)

 NSTEP =    11000   TIME(PS) =      25.500  TEMP(K) =   300.18  PRESS =     0.0
 Etot   =    -52305.9807  EKtot   =     20652.3086  EPtot      =    -72958.2893
 BOND   =     12770.7689  ANGLE   =      1025.2846  DIHED      =      1338.5409
 1-4 NB =       432.1825  1-4 EEL =      4637.1492  VDWAALS    =     12786.8002
 EELEC  =   -105949.0156  EHBOND  =         0.0000  RESTRAINT  =         0.0000
 ------------------------------------------------------------------------------


 NSTEP =    11500   TIME(PS) =      25.750  TEMP(K) =   297.27  PRESS =     0.0
 Etot   =    -52305.0963  EKtot   =     20452.1934  EPtot      =    -72757.2896
 BOND   =     12672.5162  ANGLE   =      1010.6739  DIHED      =      1324.7349
 1-4 NB =       429.4675  1-4 EEL =      4700.8504  VDWAALS    =     12820.4899
 EELEC  =   -105716.0224  EHBOND  =         0.0000  RESTRAINT  =         0.0000
 ------------------------------------------------------------------------------

check COM velocity, temp:        0.000004     0.00(Removed)

 NSTEP =    12000   TIME(PS) =      26.000  TEMP(K) =   297.42  PRESS =     0.0
 Etot   =    -52304.1729  EKtot   =     20462.0664  EPtot      =    -72766.2394
 BOND   =     12824.8603  ANGLE   =      1017.2352  DIHED      =      1321.8334
 1-4 NB =       439.9525  1-4 EEL =      4657.0568  VDWAALS    =     12828.9841
 EELEC  =   -105856.1617  EHBOND  =         0.0000  RESTRAINT  =         0.0000
 ------------------------------------------------------------------------------


 NSTEP =    12500   TIME(PS) =      26.250  TEMP(K) =   297.37  PRESS =     0.0
 Etot   =    -52300.9023  EKtot   =     20458.8184  EPtot      =    -72759.7206
 BOND   =     12827.3835  ANGLE   =      1032.4332  DIHED      =      1347.1319
 1-4 NB =       433.0786  1-4 EEL =      4643.5139  VDWAALS    =     12646.3013
 EELEC  =   -105689.5632  EHBOND  =         0.0000  RESTRAINT  =         0.0000
 ------------------------------------------------------------------------------

check COM velocity, temp:        0.000006     0.00(Removed)

 NSTEP =    13000   TIME(PS) =      26.500  TEMP(K) =   297.12  PRESS =     0.0
 Etot   =    -52306.8534  EKtot   =     20441.8145  EPtot      =    -72748.6678
 BOND   =     12612.5550  ANGLE   =      1011.2760  DIHED      =      1342.0417
 1-4 NB =       446.3995  1-4 EEL =      4646.3896  VDWAALS    =     12651.4101
 EELEC  =   -105458.7397  EHBOND  =         0.0000  RESTRAINT  =         0.0000
 ------------------------------------------------------------------------------


 NSTEP =    13500   TIME(PS) =      26.750  TEMP(K) =   298.98  PRESS =     0.0
 Etot   =    -52307.7593  EKtot   =     20569.5000  EPtot      =    -72877.2593
 BOND   =     12767.4080  ANGLE   =      1043.8926  DIHED      =      1312.0548
 1-4 NB =       454.7961  1-4 EEL =      4678.8267  VDWAALS    =     12601.4617
 EELEC  =   -105735.6992  EHBOND  =         0.0000  RESTRAINT  =         0.0000
 ------------------------------------------------------------------------------

check COM velocity, temp:        0.000004     0.00(Removed)

 NSTEP =    14000   TIME(PS) =      27.000  TEMP(K) =   298.41  PRESS =     0.0
 Etot   =    -52308.7969  EKtot   =     20530.5762  EPtot      =    -72839.3731
 BOND   =     12775.6313  ANGLE   =      1011.3438  DIHED      =      1351.9282
 1-4 NB =       438.8015  1-4 EEL =      4654.0995  VDWAALS    =     12719.0460
 EELEC  =   -105790.2234  EHBOND  =         0.0000  RESTRAINT  =         0.0000
 ------------------------------------------------------------------------------


 NSTEP =    14500   TIME(PS) =      27.250  TEMP(K) =   299.19  PRESS =     0.0
 Etot   =    -52303.9394  EKtot   =     20583.9824  EPtot      =    -72887.9218
 BOND   =     12739.9652  ANGLE   =      1019.8017  DIHED      =      1322.4061
 1-4 NB =       450.7760  1-4 EEL =      4708.4699  VDWAALS    =     12874.5015
 EELEC  =   -106003.8421  EHBOND  =         0.0000  RESTRAINT  =         0.0000
 ------------------------------------------------------------------------------

check COM velocity, temp:        0.000004     0.00(Removed)

 NSTEP =    15000   TIME(PS) =      27.500  TEMP(K) =   298.05  PRESS =     0.0
 Etot   =    -52304.1194  EKtot   =     20505.8594  EPtot      =    -72809.9788
 BOND   =     12804.0963  ANGLE   =       987.6334  DIHED      =      1321.1206
 1-4 NB =       436.9352  1-4 EEL =      4630.4189  VDWAALS    =     12911.6336
 EELEC  =   -105901.8167  EHBOND  =         0.0000  RESTRAINT  =         0.0000
 ------------------------------------------------------------------------------


 NSTEP =    15500   TIME(PS) =      27.750  TEMP(K) =   296.25  PRESS =     0.0
 Etot   =    -52299.8392  EKtot   =     20382.1621  EPtot      =    -72682.0014
 BOND   =     12953.8670  ANGLE   =      1031.0337  DIHED      =      1309.7142
 1-4 NB =       444.2341  1-4 EEL =      4694.4155  VDWAALS    =     12629.4194
 EELEC  =   -105744.6853  EHBOND  =         0.0000  RESTRAINT  =         0.0000
 ------------------------------------------------------------------------------

check COM velocity, temp:        0.000005     0.00(Removed)

 NSTEP =    16000   TIME(PS) =      28.000  TEMP(K) =   299.36  PRESS =     0.0
 Etot   =    -52300.6349  EKtot   =     20595.6680  EPtot      =    -72896.3029
 BOND   =     12858.4425  ANGLE   =      1056.3763  DIHED      =      1312.6060
 1-4 NB =       437.7358  1-4 EEL =      4622.0709  VDWAALS    =     12767.4159
 EELEC  =   -105950.9504  EHBOND  =         0.0000  RESTRAINT  =         0.0000
 ------------------------------------------------------------------------------


 NSTEP =    16500   TIME(PS) =      28.250  TEMP(K) =   296.12  PRESS =     0.0
 Etot   =    -52300.9638  EKtot   =     20373.0098  EPtot      =    -72673.9736
 BOND   =     12997.9905  ANGLE   =      1046.7120  DIHED      =      1314.4474
 1-4 NB =       435.7280  1-4 EEL =      4680.4821  VDWAALS    =     12774.8384
 EELEC  =   -105924.1721  EHBOND  =         0.0000  RESTRAINT  =         0.0000
 ------------------------------------------------------------------------------

check COM velocity, temp:        0.000006     0.00(Removed)

 NSTEP =    17000   TIME(PS) =      28.500  TEMP(K) =   299.20  PRESS =     0.0
 Etot   =    -52305.8120  EKtot   =     20584.4844  EPtot      =    -72890.2963
 BOND   =     12813.8642  ANGLE   =      1002.8272  DIHED      =      1323.4497
 1-4 NB =       451.8493  1-4 EEL =      4714.0822  VDWAALS    =     12758.3593
 EELEC  =   -105954.7282  EHBOND  =         0.0000  RESTRAINT  =         0.0000
 ------------------------------------------------------------------------------


 NSTEP =    17500   TIME(PS) =      28.750  TEMP(K) =   299.80  PRESS =     0.0
 Etot   =    -52308.4191  EKtot   =     20626.0449  EPtot      =    -72934.4640
 BOND   =     12721.6671  ANGLE   =      1007.0131  DIHED      =      1333.8415
 1-4 NB =       447.3783  1-4 EEL =      4671.0133  VDWAALS    =     12882.7808
 EELEC  =   -105998.1580  EHBOND  =         0.0000  RESTRAINT  =         0.0000
 ------------------------------------------------------------------------------

check COM velocity, temp:        0.000005     0.00(Removed)

 NSTEP =    18000   TIME(PS) =      29.000  TEMP(K) =   298.13  PRESS =     0.0
 Etot   =    -52306.4544  EKtot   =     20511.1445  EPtot      =    -72817.5990
 BOND   =     12774.5943  ANGLE   =      1020.4312  DIHED      =      1343.3879
 1-4 NB =       444.1975  1-4 EEL =      4651.9853  VDWAALS    =     12724.2715
 EELEC  =   -105776.4667  EHBOND  =         0.0000  RESTRAINT  =         0.0000
 ------------------------------------------------------------------------------


 NSTEP =    18500   TIME(PS) =      29.250  TEMP(K) =   298.06  PRESS =     0.0
 Etot   =    -52305.7504  EKtot   =     20506.5684  EPtot      =    -72812.3187
 BOND   =     12681.4453  ANGLE   =      1025.4154  DIHED      =      1317.6946
 1-4 NB =       433.2038  1-4 EEL =      4662.4896  VDWAALS    =     12711.2477
 EELEC  =   -105643.8149  EHBOND  =         0.0000  RESTRAINT  =         0.0000
 ------------------------------------------------------------------------------

check COM velocity, temp:        0.000011     0.00(Removed)

 NSTEP =    19000   TIME(PS) =      29.500  TEMP(K) =   300.49  PRESS =     0.0
 Etot   =    -52308.7732  EKtot   =     20673.6113  EPtot      =    -72982.3845
 BOND   =     12572.6968  ANGLE   =       968.6215  DIHED      =      1319.0384
 1-4 NB =       437.4517  1-4 EEL =      4663.2826  VDWAALS    =     12515.0360
 EELEC  =   -105458.5114  EHBOND  =         0.0000  RESTRAINT  =         0.0000
 ------------------------------------------------------------------------------


 NSTEP =    19500   TIME(PS) =      29.750  TEMP(K) =   298.49  PRESS =     0.0
 Etot   =    -52304.9809  EKtot   =     20536.2559  EPtot      =    -72841.2367
 BOND   =     12810.3852  ANGLE   =      1031.5485  DIHED      =      1332.7885
 1-4 NB =       416.0598  1-4 EEL =      4653.5017  VDWAALS    =     12832.0822
 EELEC  =   -105917.6026  EHBOND  =         0.0000  RESTRAINT  =         0.0000
 ------------------------------------------------------------------------------

check COM velocity, temp:        0.000003     0.00(Removed)

 NSTEP =    20000   TIME(PS) =      30.000  TEMP(K) =   297.99  PRESS =     0.0
 Etot   =    -52306.0157  EKtot   =     20501.5176  EPtot      =    -72807.5333
 BOND   =     12739.0303  ANGLE   =      1049.3220  DIHED      =      1313.1579
 1-4 NB =       437.4192  1-4 EEL =      4633.7724  VDWAALS    =     12785.3930
 EELEC  =   -105765.6281  EHBOND  =         0.0000  RESTRAINT  =         0.0000
 ------------------------------------------------------------------------------


      A V E R A G E S   O V E R      40 S T E P S


 NSTEP =    20000   TIME(PS) =      30.000  TEMP(K) =   298.48  PRESS =     0.0
 Etot   =    -52305.5162  EKtot   =     20534.9561  EPtot      =    -72840.4723
 BOND   =     12757.3787  ANGLE   =      1017.7175  DIHED      =      1321.1309
 1-4 NB =       440.5534  1-4 EEL =      4665.7243  VDWAALS    =     12780.6066
 EELEC  =   -105823.5837  EHBOND  =         0.0000  RESTRAINT  =         0.0000
 ------------------------------------------------------------------------------


      R M S  F L U C T U A T I O N S


 NSTEP =    20000   TIME(PS) =      30.000  TEMP(K) =     1.19  PRESS =     0.0
 Etot   =         2.6236  EKtot   =        81.8735  EPtot      =        83.3975
 BOND   =        96.2467  ANGLE   =        24.2748  DIHED      =        12.9223
 1-4 NB =         8.3854  1-4 EEL =        28.3999  VDWAALS    =       135.1115
 EELEC  =       197.6500  EHBOND  =         0.0000  RESTRAINT  =         0.0000
|E(PBS) =         0.5786
 ------------------------------------------------------------------------------

--------------------------------------------------------------------------------
   5.  TIMINGS
--------------------------------------------------------------------------------

|  NonSetup CPU Time in Major Routines:
|
|     Routine           Sec        %
|     ------------------------------
|     Nonbond           4.20   10.80
|     Bond              0.00    0.00
|     Angle             0.00    0.00
|     Dihedral          0.00    0.00
|     Shake             0.00    0.00
|     RunMD            34.64   89.07
|     Other             0.05    0.13
|     ------------------------------
|     Total            38.89

|  PME Nonbond Pairlist CPU Time:
|
|     Routine              Sec        %
|     ---------------------------------
|     Set Up Cit           0.00    0.00
|     Build List           0.00    0.00
|     ---------------------------------
|     Total                0.00    0.00

|  PME Direct Force CPU Time:
|
|     Routine              Sec        %
|     ---------------------------------
|     NonBonded Calc       0.00    0.00
|     Exclude Masked       0.00    0.00
|     Other                0.04    0.09
|     ---------------------------------
|     Total                0.04    0.09

|  PME Reciprocal Force CPU Time:
|
|     Routine              Sec        %
|     ---------------------------------
|     1D bspline           0.00    0.00
|     Grid Charges         0.00    0.00
|     Scalar Sum           0.00    0.00
|     Gradient Sum         0.00    0.00
|     FFT                  0.00    0.00
|     ---------------------------------
|     Total                0.00    0.00

|  Final Performance Info:
|     -----------------------------------------------------
|     Average timings for last   19500 steps:
|     Elapsed(s) =      39.57 Per Step(ms) =       2.03
|         ns/day =      21.29   seconds/ns =    4058.11
|
|     Average timings for all steps:
|     Elapsed(s) =      40.50 Per Step(ms) =       2.02
|         ns/day =      21.33   seconds/ns =    4049.88
|     -----------------------------------------------------

|  Setup CPU time:            3.70 seconds
|  NonSetup CPU time:        38.89 seconds
|  Total CPU time:           42.58 seconds     0.01 hours

|  Setup wall time:           4    seconds
|  NonSetup wall time:       41    seconds
|  Total wall time:          45    seconds     0.01 hours
