
          -------------------------------------------------------
          Amber 16 PMEMD                              2016
          -------------------------------------------------------

| PMEMD implementation of SANDER, Release 16

| Run on 08/24/2017 at 15:04:27

|   Executable path: /apps/amber16/bin/pmemd.cuda
| Working directory: /scratch/pbarletta/pdz/run/lb/neq/data/3
|          Hostname: mordor

  [-O]verwriting output

File Assignments:
|   MDIN: pdt.in                                                                
|  MDOUT: 366plb_3.out                                                          
| INPCRD: ../2/366plb_2.rst7                                                    
|   PARM: /scratch/pbarletta/pdz/top_files/lb.prmtop                            
| RESTRT: 366plb_3.rst7                                                         
|   REFC: refc                                                                  
|  MDVEL: mdvel                                                                 
|   MDEN: mden                                                                  
|  MDCRD: 366plb_3.nc                                                           
| MDINFO: mdinfo                                                                
|  MDFRC: mdfrc                                                                 


 Here is the input file:

!NVE run                                                                       
&cntrl                                                                         
imin = 0,                           ! No Minimization                          
nmropt = 0,                         ! No NMR restraints read                   
                                                                               
! Nature and format of the input                                               
ntx = 5,                            ! Coordinates and velocities will be read  
irest = 1,                          ! Do not run a new simulation              
                                                                               
! Nature and format of the output                                              
ioutfm = 1,			    ! NetCDF format for output files                             
ntxo = 1,                           ! rstrt file in ASCII format               
ntpr = 500,                         ! inf in output every ntpr steps           
ntwr = 500,                         ! rstrt file every ntwr steps              
ntwx = 20,                          ! mdcrd file every ntwx steps              
ntwv = -1,                          ! mdvel without velocities                 
ntwe = 0,                           ! Energies and temperatures not written in 
idecomp = 0,                        ! No energy decomposition                  
iwrap = 1,                          ! Coordinates of the restart and mdcrd file
                                                                               
! Frozen or restrained atoms                                                   
ibelly = 0,                         ! No frozen atoms                          
ntr=0,                              ! Harmonic potential restraints            
                                                                               
! Molecular dynamics                                                           
nstlim = 20000,                     ! Number of MD-steps                       
dt = 0.0005,                        ! Time step                                
                                                                               
! Temperature regulation                                                       
ntt = 0,                            ! Constant total energy                    
                                                                               
! P and V regulation                                                           
ntp = 0,                            ! No P control                             
ntb = 1,                            ! constant V                               
                                                                               
! SHAKE variables                                                              
ntc = 1,                            ! Bonds involving H are constrained        
ntf = 1,                            ! Bond interaction involving H are ommited.
                                                                               
cut = 9.0,                          ! Nonbonded cutoff                         
/                                                                              
&end                                                                           


Note: ig = -1. Setting random seed to   556177 based on wallclock time in 
      microseconds.
| irandom = 1, using AMBER's internal random number generator (default).
 
|--------------------- INFORMATION ----------------------
| GPU (CUDA) Version of PMEMD in use: NVIDIA GPU IN USE.
|                    Version 16.0.0
| 
|                      02/25/2016
| 
| Implementation by:
|                    Ross C. Walker     (SDSC)
|                    Scott Le Grand     (nVIDIA)
| 
| Precision model in use:
|      [SPFP] - Single Precision Forces, 64-bit Fixed Point
|               Accumulation. (Default)
| 
|--------------------------------------------------------
 
|----------------- CITATION INFORMATION -----------------
|
|    When publishing work that utilized the CUDA version
|    of AMBER, please cite the following in addition to
|    the regular AMBER citations:
|
|  - Romelia Salomon-Ferrer; Andreas W. Goetz; Duncan
|    Poole; Scott Le Grand; Ross C. Walker "Routine
|    microsecond molecular dynamics simulations with
|    AMBER - Part II: Particle Mesh Ewald", J. Chem.
|    Theory Comput., 2013, 9 (9), pp3878-3888,
|    DOI: 10.1021/ct400314y.
|
|  - Andreas W. Goetz; Mark J. Williamson; Dong Xu;
|    Duncan Poole; Scott Le Grand; Ross C. Walker
|    "Routine microsecond molecular dynamics simulations
|    with AMBER - Part I: Generalized Born", J. Chem.
|    Theory Comput., 2012, 8 (5), pp1542-1555.
|
|  - Scott Le Grand; Andreas W. Goetz; Ross C. Walker
|    "SPFP: Speed without compromise - a mixed precision
|    model for GPU accelerated molecular dynamics
|    simulations.", Comp. Phys. Comm., 2013, 184
|    pp374-380, DOI: 10.1016/j.cpc.2012.09.022
|
|--------------------------------------------------------
 
|------------------- GPU DEVICE INFO --------------------
|
|            CUDA_VISIBLE_DEVICES: 1
|   CUDA Capable Devices Detected:      1
|           CUDA Device ID in use:      0
|                CUDA Device Name: GeForce GTX TITAN
|     CUDA Device Global Mem Size:   6082 MB
| CUDA Device Num Multiprocessors:     14
|           CUDA Device Core Freq:   0.93 GHz
|
|--------------------------------------------------------
 
 
| Conditional Compilation Defines Used:
| PUBFFT
| BINTRAJ
| CUDA
| EMIL

| Largest sphere to fit in unit cell has radius =    26.281

| New format PARM file being parsed.
| Version =    1.000 Date = 09/04/12 Time = 16:08:43

| Note: 1-4 EEL scale factors are being read from the topology file.

| Note: 1-4 VDW scale factors are being read from the topology file.
| Duplicated    0 dihedrals

| Duplicated    0 dihedrals

--------------------------------------------------------------------------------
   1.  RESOURCE   USE: 
--------------------------------------------------------------------------------

 getting new box info from bottom of inpcrd
 NATOM  =   23082 NTYPES =      16 NBONH =   22055 MBONA  =    1038
 NTHETH =    2390 MTHETA =    1396 NPHIH =    4631 MPHIA  =    3488
 NHPARM =       0 NPARM  =       0 NNB   =   39434 NRES   =    7134
 NBONA  =    1038 NTHETA =    1396 NPHIA =    3488 NUMBND =      41
 NUMANG =      86 NPTRA  =      41 NATYP =      28 NPHB   =       1
 IFBOX  =       1 NMXRS  =      24 IFCAP =       0 NEXTRA =       0
 NCOPY  =       0

| Coordinate Index Table dimensions:    12   14   10
| Direct force subcell size =     5.0212    5.2012    5.2562

     BOX TYPE: RECTILINEAR

--------------------------------------------------------------------------------
   2.  CONTROL  DATA  FOR  THE  RUN
--------------------------------------------------------------------------------

default_name                                                                    

General flags:
     imin    =       0, nmropt  =       0

Nature and format of input:
     ntx     =       5, irest   =       1, ntrx    =       1

Nature and format of output:
     ntxo    =       1, ntpr    =     500, ntrx    =       1, ntwr    =     500
     iwrap   =       1, ntwx    =      20, ntwv    =      -1, ntwe    =       0
     ioutfm  =       1, ntwprt  =       0, idecomp =       0, rbornstat=      0

Potential function:
     ntf     =       1, ntb     =       1, igb     =       0, nsnb    =      25
     ipol    =       0, gbsa    =       0, iesp    =       0
     dielc   =   1.00000, cut     =   9.00000, intdiel =   1.00000

Frozen or restrained atoms:
     ibelly  =       0, ntr     =       0

Molecular dynamics:
     nstlim  =     20000, nscm    =      1000, nrespa  =         1
     t       =   0.00000, dt      =   0.00050, vlimit  =  -1.00000

| Intermolecular bonds treatment:
|     no_intermolecular_bonds =       1

| Energy averages sample interval:
|     ene_avg_sampling =     500

Ewald parameters:
     verbose =       0, ew_type =       0, nbflag  =       1, use_pme =       1
     vdwmeth =       1, eedmeth =       1, netfrc  =       1
     Box X =   60.254   Box Y =   72.816   Box Z =   52.562
     Alpha =   90.000   Beta  =   90.000   Gamma =   90.000
     NFFT1 =   64       NFFT2 =   80       NFFT3 =   56
     Cutoff=    9.000   Tol   =0.100E-04
     Ewald Coefficient =  0.30768
     Interpolation order =    4

--------------------------------------------------------------------------------
   3.  ATOMIC COORDINATES AND VELOCITIES
--------------------------------------------------------------------------------

default_name                                                                    
 begin time read from input coords =    20.000 ps

 
 Number of triangulated 3-point waters found:     7002

     Sum of charges from parm topology file =  -0.00000008
     Forcing neutrality...

| Dynamic Memory, Types Used:
| Reals              710578
| Integers           737140

| Nonbonded Pairs Initial Allocation:     5262696

| GPU memory information (estimate):
| KB of GPU memory in use:     63171
| KB of CPU memory in use:     27891

--------------------------------------------------------------------------------
   4.  RESULTS
--------------------------------------------------------------------------------

 ---------------------------------------------------
 APPROXIMATING switch and d/dx switch using CUBIC SPLINE INTERPOLATION
 using   5000.0 points per unit in tabled values
 TESTING RELATIVE ERROR over r ranging from 0.0 to cutoff
| CHECK switch(x): max rel err =   0.2738E-14   at   2.422500
| CHECK d/dx switch(x): max rel err =   0.8314E-11   at   2.736960
 ---------------------------------------------------
|---------------------------------------------------
| APPROXIMATING direct energy using CUBIC SPLINE INTERPOLATION
|  with   50.0 points per unit in tabled values
| Relative Error Limit not exceeded for r .gt.   2.39
| APPROXIMATING direct force using CUBIC SPLINE INTERPOLATION
|  with   50.0 points per unit in tabled values
| Relative Error Limit not exceeded for r .gt.   2.84
|---------------------------------------------------

 NSTEP =      500   TIME(PS) =      20.250  TEMP(K) =   298.19  PRESS =     0.0
 Etot   =    -52381.7059  EKtot   =     20515.1621  EPtot      =    -72896.8681
 BOND   =     12876.9206  ANGLE   =      1038.4260  DIHED      =      1312.5547
 1-4 NB =       436.0133  1-4 EEL =      4644.4908  VDWAALS    =     12948.6548
 EELEC  =   -106153.9282  EHBOND  =         0.0000  RESTRAINT  =         0.0000
 ------------------------------------------------------------------------------

check COM velocity, temp:        0.004593     0.02(Removed)

 NSTEP =     1000   TIME(PS) =      20.500  TEMP(K) =   299.28  PRESS =     0.0
 Etot   =    -52381.4805  EKtot   =     20590.5488  EPtot      =    -72972.0294
 BOND   =     12764.6979  ANGLE   =       993.1061  DIHED      =      1305.0782
 1-4 NB =       430.3697  1-4 EEL =      4623.0791  VDWAALS    =     12845.6840
 EELEC  =   -105934.0444  EHBOND  =         0.0000  RESTRAINT  =         0.0000
 ------------------------------------------------------------------------------


 NSTEP =     1500   TIME(PS) =      20.750  TEMP(K) =   299.12  PRESS =     0.0
 Etot   =    -52384.3683  EKtot   =     20579.0098  EPtot      =    -72963.3781
 BOND   =     12931.8697  ANGLE   =      1011.2459  DIHED      =      1299.5979
 1-4 NB =       424.9788  1-4 EEL =      4636.3481  VDWAALS    =     12842.7275
 EELEC  =   -106110.1459  EHBOND  =         0.0000  RESTRAINT  =         0.0000
 ------------------------------------------------------------------------------

check COM velocity, temp:        0.000006     0.00(Removed)

 NSTEP =     2000   TIME(PS) =      21.000  TEMP(K) =   299.19  PRESS =     0.0
 Etot   =    -52386.0123  EKtot   =     20583.9941  EPtot      =    -72970.0064
 BOND   =     12761.1933  ANGLE   =      1022.5966  DIHED      =      1327.4280
 1-4 NB =       442.6962  1-4 EEL =      4660.7007  VDWAALS    =     12724.3047
 EELEC  =   -105908.9259  EHBOND  =         0.0000  RESTRAINT  =         0.0000
 ------------------------------------------------------------------------------


 NSTEP =     2500   TIME(PS) =      21.250  TEMP(K) =   297.35  PRESS =     0.0
 Etot   =    -52387.3712  EKtot   =     20457.6484  EPtot      =    -72845.0197
 BOND   =     12803.0900  ANGLE   =      1036.9312  DIHED      =      1308.8039
 1-4 NB =       454.8140  1-4 EEL =      4631.0555  VDWAALS    =     12855.8377
 EELEC  =   -105935.5520  EHBOND  =         0.0000  RESTRAINT  =         0.0000
 ------------------------------------------------------------------------------

check COM velocity, temp:        0.000004     0.00(Removed)

 NSTEP =     3000   TIME(PS) =      21.500  TEMP(K) =   300.43  PRESS =     0.0
 Etot   =    -52389.2166  EKtot   =     20669.1562  EPtot      =    -73058.3728
 BOND   =     12659.9265  ANGLE   =      1046.3649  DIHED      =      1313.6402
 1-4 NB =       440.3438  1-4 EEL =      4619.1970  VDWAALS    =     12839.7539
 EELEC  =   -105977.5990  EHBOND  =         0.0000  RESTRAINT  =         0.0000
 ------------------------------------------------------------------------------


 NSTEP =     3500   TIME(PS) =      21.750  TEMP(K) =   298.81  PRESS =     0.0
 Etot   =    -52389.5574  EKtot   =     20557.9551  EPtot      =    -72947.5125
 BOND   =     12754.2002  ANGLE   =      1004.1954  DIHED      =      1304.2098
 1-4 NB =       454.7403  1-4 EEL =      4690.6521  VDWAALS    =     12813.5758
 EELEC  =   -105969.0859  EHBOND  =         0.0000  RESTRAINT  =         0.0000
 ------------------------------------------------------------------------------

check COM velocity, temp:        0.000011     0.00(Removed)

 NSTEP =     4000   TIME(PS) =      22.000  TEMP(K) =   299.60  PRESS =     0.0
 Etot   =    -52387.1130  EKtot   =     20612.3340  EPtot      =    -72999.4470
 BOND   =     12866.3594  ANGLE   =      1015.4435  DIHED      =      1289.5847
 1-4 NB =       444.4844  1-4 EEL =      4647.0685  VDWAALS    =     12988.7726
 EELEC  =   -106251.1601  EHBOND  =         0.0000  RESTRAINT  =         0.0000
 ------------------------------------------------------------------------------


 NSTEP =     4500   TIME(PS) =      22.250  TEMP(K) =   297.06  PRESS =     0.0
 Etot   =    -52387.7742  EKtot   =     20437.4551  EPtot      =    -72825.2293
 BOND   =     12821.3884  ANGLE   =      1064.4648  DIHED      =      1325.2881
 1-4 NB =       431.8809  1-4 EEL =      4622.0510  VDWAALS    =     12599.4871
 EELEC  =   -105689.7897  EHBOND  =         0.0000  RESTRAINT  =         0.0000
 ------------------------------------------------------------------------------

check COM velocity, temp:        0.000011     0.00(Removed)

 NSTEP =     5000   TIME(PS) =      22.500  TEMP(K) =   299.75  PRESS =     0.0
 Etot   =    -52387.7170  EKtot   =     20622.3379  EPtot      =    -73010.0549
 BOND   =     12920.7106  ANGLE   =      1026.5764  DIHED      =      1338.2578
 1-4 NB =       438.5688  1-4 EEL =      4625.9068  VDWAALS    =     12788.4876
 EELEC  =   -106148.5628  EHBOND  =         0.0000  RESTRAINT  =         0.0000
 ------------------------------------------------------------------------------


 NSTEP =     5500   TIME(PS) =      22.750  TEMP(K) =   299.27  PRESS =     0.0
 Etot   =    -52388.1623  EKtot   =     20589.9219  EPtot      =    -72978.0842
 BOND   =     12788.4068  ANGLE   =      1016.3965  DIHED      =      1316.4984
 1-4 NB =       444.8201  1-4 EEL =      4672.2425  VDWAALS    =     12719.4902
 EELEC  =   -105935.9387  EHBOND  =         0.0000  RESTRAINT  =         0.0000
 ------------------------------------------------------------------------------

check COM velocity, temp:        0.000003     0.00(Removed)

 NSTEP =     6000   TIME(PS) =      23.000  TEMP(K) =   299.24  PRESS =     0.0
 Etot   =    -52389.6469  EKtot   =     20587.7969  EPtot      =    -72977.4438
 BOND   =     12715.4501  ANGLE   =      1028.7225  DIHED      =      1327.8254
 1-4 NB =       436.4865  1-4 EEL =      4657.3638  VDWAALS    =     12802.3571
 EELEC  =   -105945.6493  EHBOND  =         0.0000  RESTRAINT  =         0.0000
 ------------------------------------------------------------------------------


 NSTEP =     6500   TIME(PS) =      23.250  TEMP(K) =   300.23  PRESS =     0.0
 Etot   =    -52388.2991  EKtot   =     20655.7324  EPtot      =    -73044.0315
 BOND   =     12928.9589  ANGLE   =      1053.3536  DIHED      =      1315.9183
 1-4 NB =       434.5967  1-4 EEL =      4624.5138  VDWAALS    =     13087.8033
 EELEC  =   -106489.1761  EHBOND  =         0.0000  RESTRAINT  =         0.0000
 ------------------------------------------------------------------------------

check COM velocity, temp:        0.000006     0.00(Removed)

 NSTEP =     7000   TIME(PS) =      23.500  TEMP(K) =   298.15  PRESS =     0.0
 Etot   =    -52387.6212  EKtot   =     20512.8125  EPtot      =    -72900.4337
 BOND   =     12806.7618  ANGLE   =      1005.2957  DIHED      =      1328.9407
 1-4 NB =       446.2321  1-4 EEL =      4635.1593  VDWAALS    =     12865.0279
 EELEC  =   -105987.8512  EHBOND  =         0.0000  RESTRAINT  =         0.0000
 ------------------------------------------------------------------------------


 NSTEP =     7500   TIME(PS) =      23.750  TEMP(K) =   298.25  PRESS =     0.0
 Etot   =    -52386.5302  EKtot   =     20519.6426  EPtot      =    -72906.1728
 BOND   =     12955.5654  ANGLE   =      1046.1544  DIHED      =      1336.1726
 1-4 NB =       450.5301  1-4 EEL =      4651.6348  VDWAALS    =     12871.9027
 EELEC  =   -106218.1329  EHBOND  =         0.0000  RESTRAINT  =         0.0000
 ------------------------------------------------------------------------------

check COM velocity, temp:        0.000004     0.00(Removed)

 NSTEP =     8000   TIME(PS) =      24.000  TEMP(K) =   295.47  PRESS =     0.0
 Etot   =    -52381.8364  EKtot   =     20327.8613  EPtot      =    -72709.6978
 BOND   =     12775.6314  ANGLE   =      1064.7964  DIHED      =      1310.4201
 1-4 NB =       435.5943  1-4 EEL =      4609.4334  VDWAALS    =     13074.3268
 EELEC  =   -105979.9001  EHBOND  =         0.0000  RESTRAINT  =         0.0000
 ------------------------------------------------------------------------------


 NSTEP =     8500   TIME(PS) =      24.250  TEMP(K) =   296.29  PRESS =     0.0
 Etot   =    -52384.4134  EKtot   =     20384.9258  EPtot      =    -72769.3392
 BOND   =     12859.2455  ANGLE   =      1046.3917  DIHED      =      1320.5228
 1-4 NB =       444.8487  1-4 EEL =      4664.9530  VDWAALS    =     12849.7219
 EELEC  =   -105955.0228  EHBOND  =         0.0000  RESTRAINT  =         0.0000
 ------------------------------------------------------------------------------

check COM velocity, temp:        0.000009     0.00(Removed)

 NSTEP =     9000   TIME(PS) =      24.500  TEMP(K) =   299.22  PRESS =     0.0
 Etot   =    -52386.2460  EKtot   =     20586.0117  EPtot      =    -72972.2578
 BOND   =     12754.0907  ANGLE   =      1051.1757  DIHED      =      1312.9442
 1-4 NB =       439.4180  1-4 EEL =      4698.7088  VDWAALS    =     12726.2766
 EELEC  =   -105954.8718  EHBOND  =         0.0000  RESTRAINT  =         0.0000
 ------------------------------------------------------------------------------


 NSTEP =     9500   TIME(PS) =      24.750  TEMP(K) =   298.68  PRESS =     0.0
 Etot   =    -52388.2046  EKtot   =     20549.1348  EPtot      =    -72937.3393
 BOND   =     12654.4138  ANGLE   =      1035.7287  DIHED      =      1339.3825
 1-4 NB =       438.8001  1-4 EEL =      4627.0734  VDWAALS    =     12882.1791
 EELEC  =   -105914.9170  EHBOND  =         0.0000  RESTRAINT  =         0.0000
 ------------------------------------------------------------------------------

check COM velocity, temp:        0.000004     0.00(Removed)

 NSTEP =    10000   TIME(PS) =      25.000  TEMP(K) =   297.47  PRESS =     0.0
 Etot   =    -52386.7487  EKtot   =     20465.5059  EPtot      =    -72852.2546
 BOND   =     12851.7259  ANGLE   =      1045.9586  DIHED      =      1315.9345
 1-4 NB =       443.5706  1-4 EEL =      4638.6480  VDWAALS    =     12857.3894
 EELEC  =   -106005.4816  EHBOND  =         0.0000  RESTRAINT  =         0.0000
 ------------------------------------------------------------------------------


 NSTEP =    10500   TIME(PS) =      25.250  TEMP(K) =   296.02  PRESS =     0.0
 Etot   =    -52380.2709  EKtot   =     20365.9062  EPtot      =    -72746.1771
 BOND   =     12987.8895  ANGLE   =      1000.6387  DIHED      =      1296.3433
 1-4 NB =       440.0527  1-4 EEL =      4659.3660  VDWAALS    =     12591.6558
 EELEC  =   -105722.1231  EHBOND  =         0.0000  RESTRAINT  =         0.0000
 ------------------------------------------------------------------------------

check COM velocity, temp:        0.000007     0.00(Removed)

 NSTEP =    11000   TIME(PS) =      25.500  TEMP(K) =   298.48  PRESS =     0.0
 Etot   =    -52379.7023  EKtot   =     20534.9668  EPtot      =    -72914.6691
 BOND   =     12730.2314  ANGLE   =      1025.3569  DIHED      =      1316.0384
 1-4 NB =       442.9403  1-4 EEL =      4665.0469  VDWAALS    =     12909.6234
 EELEC  =   -106003.9065  EHBOND  =         0.0000  RESTRAINT  =         0.0000
 ------------------------------------------------------------------------------


 NSTEP =    11500   TIME(PS) =      25.750  TEMP(K) =   299.67  PRESS =     0.0
 Etot   =    -52384.8279  EKtot   =     20617.0215  EPtot      =    -73001.8494
 BOND   =     12754.4153  ANGLE   =      1031.9166  DIHED      =      1310.3265
 1-4 NB =       442.4386  1-4 EEL =      4610.1699  VDWAALS    =     13098.0108
 EELEC  =   -106249.1271  EHBOND  =         0.0000  RESTRAINT  =         0.0000
 ------------------------------------------------------------------------------

check COM velocity, temp:        0.000005     0.00(Removed)

 NSTEP =    12000   TIME(PS) =      26.000  TEMP(K) =   296.99  PRESS =     0.0
 Etot   =    -52386.2167  EKtot   =     20432.8750  EPtot      =    -72819.0917
 BOND   =     12853.0384  ANGLE   =      1041.9985  DIHED      =      1329.3036
 1-4 NB =       429.3692  1-4 EEL =      4628.4518  VDWAALS    =     12868.2522
 EELEC  =   -105969.5055  EHBOND  =         0.0000  RESTRAINT  =         0.0000
 ------------------------------------------------------------------------------


 NSTEP =    12500   TIME(PS) =      26.250  TEMP(K) =   297.87  PRESS =     0.0
 Etot   =    -52385.2915  EKtot   =     20493.5234  EPtot      =    -72878.8149
 BOND   =     12833.4704  ANGLE   =       981.2643  DIHED      =      1330.5749
 1-4 NB =       438.0981  1-4 EEL =      4657.5104  VDWAALS    =     12970.8859
 EELEC  =   -106090.6190  EHBOND  =         0.0000  RESTRAINT  =         0.0000
 ------------------------------------------------------------------------------

check COM velocity, temp:        0.000002     0.00(Removed)

 NSTEP =    13000   TIME(PS) =      26.500  TEMP(K) =   299.81  PRESS =     0.0
 Etot   =    -52389.1818  EKtot   =     20626.5508  EPtot      =    -73015.7326
 BOND   =     12667.0120  ANGLE   =      1013.8018  DIHED      =      1308.7267
 1-4 NB =       451.1664  1-4 EEL =      4665.7143  VDWAALS    =     12818.1727
 EELEC  =   -105940.3266  EHBOND  =         0.0000  RESTRAINT  =         0.0000
 ------------------------------------------------------------------------------


 NSTEP =    13500   TIME(PS) =      26.750  TEMP(K) =   298.02  PRESS =     0.0
 Etot   =    -52387.4933  EKtot   =     20503.3047  EPtot      =    -72890.7980
 BOND   =     12803.6115  ANGLE   =      1011.9552  DIHED      =      1289.3484
 1-4 NB =       440.3922  1-4 EEL =      4645.5951  VDWAALS    =     12816.5310
 EELEC  =   -105898.2314  EHBOND  =         0.0000  RESTRAINT  =         0.0000
 ------------------------------------------------------------------------------

check COM velocity, temp:        0.000003     0.00(Removed)

 NSTEP =    14000   TIME(PS) =      27.000  TEMP(K) =   298.78  PRESS =     0.0
 Etot   =    -52386.9956  EKtot   =     20556.0391  EPtot      =    -72943.0347
 BOND   =     12845.1226  ANGLE   =      1061.9610  DIHED      =      1318.4139
 1-4 NB =       433.8982  1-4 EEL =      4621.3054  VDWAALS    =     12664.1905
 EELEC  =   -105887.9264  EHBOND  =         0.0000  RESTRAINT  =         0.0000
 ------------------------------------------------------------------------------


 NSTEP =    14500   TIME(PS) =      27.250  TEMP(K) =   299.70  PRESS =     0.0
 Etot   =    -52386.9597  EKtot   =     20619.4395  EPtot      =    -73006.3992
 BOND   =     12807.7478  ANGLE   =      1038.4943  DIHED      =      1308.0308
 1-4 NB =       451.4094  1-4 EEL =      4601.3307  VDWAALS    =     12823.3104
 EELEC  =   -106036.7225  EHBOND  =         0.0000  RESTRAINT  =         0.0000
 ------------------------------------------------------------------------------

check COM velocity, temp:        0.000002     0.00(Removed)

 NSTEP =    15000   TIME(PS) =      27.500  TEMP(K) =   298.19  PRESS =     0.0
 Etot   =    -52386.9546  EKtot   =     20515.2500  EPtot      =    -72902.2046
 BOND   =     12760.6919  ANGLE   =      1023.9314  DIHED      =      1321.4722
 1-4 NB =       427.5354  1-4 EEL =      4621.5967  VDWAALS    =     12849.9368
 EELEC  =   -105907.3691  EHBOND  =         0.0000  RESTRAINT  =         0.0000
 ------------------------------------------------------------------------------


 NSTEP =    15500   TIME(PS) =      27.750  TEMP(K) =   299.75  PRESS =     0.0
 Etot   =    -52388.0052  EKtot   =     20623.0059  EPtot      =    -73011.0110
 BOND   =     12732.4633  ANGLE   =      1017.5898  DIHED      =      1318.9574
 1-4 NB =       438.8622  1-4 EEL =      4636.8720  VDWAALS    =     12663.4858
 EELEC  =   -105819.2416  EHBOND  =         0.0000  RESTRAINT  =         0.0000
 ------------------------------------------------------------------------------

check COM velocity, temp:        0.000008     0.00(Removed)

 NSTEP =    16000   TIME(PS) =      28.000  TEMP(K) =   299.40  PRESS =     0.0
 Etot   =    -52389.0310  EKtot   =     20598.3359  EPtot      =    -72987.3669
 BOND   =     12859.2714  ANGLE   =      1015.5737  DIHED      =      1311.4089
 1-4 NB =       443.0589  1-4 EEL =      4628.3397  VDWAALS    =     12795.8164
 EELEC  =   -106040.8359  EHBOND  =         0.0000  RESTRAINT  =         0.0000
 ------------------------------------------------------------------------------


 NSTEP =    16500   TIME(PS) =      28.250  TEMP(K) =   299.36  PRESS =     0.0
 Etot   =    -52387.7881  EKtot   =     20596.0547  EPtot      =    -72983.8428
 BOND   =     12636.0631  ANGLE   =      1015.4868  DIHED      =      1296.8055
 1-4 NB =       434.8173  1-4 EEL =      4636.3467  VDWAALS    =     12794.1907
 EELEC  =   -105797.5529  EHBOND  =         0.0000  RESTRAINT  =         0.0000
 ------------------------------------------------------------------------------

check COM velocity, temp:        0.000007     0.00(Removed)

 NSTEP =    17000   TIME(PS) =      28.500  TEMP(K) =   298.08  PRESS =     0.0
 Etot   =    -52383.8521  EKtot   =     20507.7500  EPtot      =    -72891.6021
 BOND   =     12732.0685  ANGLE   =      1047.1148  DIHED      =      1322.2799
 1-4 NB =       429.8240  1-4 EEL =      4671.5984  VDWAALS    =     12903.6621
 EELEC  =   -105998.1498  EHBOND  =         0.0000  RESTRAINT  =         0.0000
 ------------------------------------------------------------------------------


 NSTEP =    17500   TIME(PS) =      28.750  TEMP(K) =   299.18  PRESS =     0.0
 Etot   =    -52384.1244  EKtot   =     20583.1465  EPtot      =    -72967.2709
 BOND   =     12707.5736  ANGLE   =      1026.8004  DIHED      =      1317.3846
 1-4 NB =       435.3192  1-4 EEL =      4594.2195  VDWAALS    =     12887.6888
 EELEC  =   -105936.2570  EHBOND  =         0.0000  RESTRAINT  =         0.0000
 ------------------------------------------------------------------------------

check COM velocity, temp:        0.000004     0.00(Removed)

 NSTEP =    18000   TIME(PS) =      29.000  TEMP(K) =   297.59  PRESS =     0.0
 Etot   =    -52385.7122  EKtot   =     20474.0469  EPtot      =    -72859.7590
 BOND   =     12748.7749  ANGLE   =      1025.4233  DIHED      =      1321.1054
 1-4 NB =       439.2527  1-4 EEL =      4603.5285  VDWAALS    =     12865.6601
 EELEC  =   -105863.5040  EHBOND  =         0.0000  RESTRAINT  =         0.0000
 ------------------------------------------------------------------------------


 NSTEP =    18500   TIME(PS) =      29.250  TEMP(K) =   299.73  PRESS =     0.0
 Etot   =    -52387.5080  EKtot   =     20621.3203  EPtot      =    -73008.8283
 BOND   =     12785.4078  ANGLE   =      1045.2681  DIHED      =      1315.9736
 1-4 NB =       434.5471  1-4 EEL =      4650.4742  VDWAALS    =     12599.3430
 EELEC  =   -105839.8421  EHBOND  =         0.0000  RESTRAINT  =         0.0000
 ------------------------------------------------------------------------------

check COM velocity, temp:        0.000008     0.00(Removed)

 NSTEP =    19000   TIME(PS) =      29.500  TEMP(K) =   299.45  PRESS =     0.0
 Etot   =    -52384.9689  EKtot   =     20601.8848  EPtot      =    -72986.8536
 BOND   =     12811.8983  ANGLE   =      1002.0379  DIHED      =      1294.7847
 1-4 NB =       427.2692  1-4 EEL =      4588.3767  VDWAALS    =     12907.0869
 EELEC  =   -106018.3074  EHBOND  =         0.0000  RESTRAINT  =         0.0000
 ------------------------------------------------------------------------------


 NSTEP =    19500   TIME(PS) =      29.750  TEMP(K) =   300.91  PRESS =     0.0
 Etot   =    -52390.2840  EKtot   =     20702.6660  EPtot      =    -73092.9500
 BOND   =     12858.3490  ANGLE   =      1024.6817  DIHED      =      1289.3457
 1-4 NB =       443.5168  1-4 EEL =      4657.0222  VDWAALS    =     12881.9216
 EELEC  =   -106247.7871  EHBOND  =         0.0000  RESTRAINT  =         0.0000
 ------------------------------------------------------------------------------

check COM velocity, temp:        0.000007     0.00(Removed)

 NSTEP =    20000   TIME(PS) =      30.000  TEMP(K) =   299.64  PRESS =     0.0
 Etot   =    -52388.7651  EKtot   =     20614.8027  EPtot      =    -73003.5678
 BOND   =     12790.4172  ANGLE   =      1073.5255  DIHED      =      1291.2987
 1-4 NB =       442.9720  1-4 EEL =      4645.4029  VDWAALS    =     12897.0701
 EELEC  =   -106144.2542  EHBOND  =         0.0000  RESTRAINT  =         0.0000
 ------------------------------------------------------------------------------


      A V E R A G E S   O V E R      40 S T E P S


 NSTEP =    20000   TIME(PS) =      30.000  TEMP(K) =   298.69  PRESS =     0.0
 Etot   =    -52386.3490  EKtot   =     20549.8209  EPtot      =    -72936.1699
 BOND   =     12798.9031  ANGLE   =      1029.4536  DIHED      =      1313.9231
 1-4 NB =       439.5132  1-4 EEL =      4639.2137  VDWAALS    =     12839.7564
 EELEC  =   -105996.9331  EHBOND  =         0.0000  RESTRAINT  =         0.0000
 ------------------------------------------------------------------------------


      R M S  F L U C T U A T I O N S


 NSTEP =    20000   TIME(PS) =      30.000  TEMP(K) =     1.20  PRESS =     0.0
 Etot   =         2.5686  EKtot   =        82.8122  EPtot      =        84.1495
 BOND   =        81.7796  ANGLE   =        20.6144  DIHED      =        13.2882
 1-4 NB =         7.2186  1-4 EEL =        24.5817  VDWAALS    =       117.3433
 EELEC  =       152.6403  EHBOND  =         0.0000  RESTRAINT  =         0.0000
|E(PBS) =         0.9424
 ------------------------------------------------------------------------------

--------------------------------------------------------------------------------
   5.  TIMINGS
--------------------------------------------------------------------------------

|  NonSetup CPU Time in Major Routines:
|
|     Routine           Sec        %
|     ------------------------------
|     Nonbond           4.20   10.92
|     Bond              0.00    0.00
|     Angle             0.00    0.00
|     Dihedral          0.00    0.00
|     Shake             0.00    0.00
|     RunMD            34.20   89.02
|     Other             0.02    0.05
|     ------------------------------
|     Total            38.41

|  PME Nonbond Pairlist CPU Time:
|
|     Routine              Sec        %
|     ---------------------------------
|     Set Up Cit           0.00    0.00
|     Build List           0.00    0.00
|     ---------------------------------
|     Total                0.00    0.00

|  PME Direct Force CPU Time:
|
|     Routine              Sec        %
|     ---------------------------------
|     NonBonded Calc       0.00    0.00
|     Exclude Masked       0.00    0.00
|     Other                0.01    0.02
|     ---------------------------------
|     Total                0.01    0.02

|  PME Reciprocal Force CPU Time:
|
|     Routine              Sec        %
|     ---------------------------------
|     1D bspline           0.00    0.00
|     Grid Charges         0.00    0.00
|     Scalar Sum           0.00    0.00
|     Gradient Sum         0.00    0.00
|     FFT                  0.00    0.00
|     ---------------------------------
|     Total                0.00    0.00

|  Final Performance Info:
|     -----------------------------------------------------
|     Average timings for last   19500 steps:
|     Elapsed(s) =      40.49 Per Step(ms) =       2.08
|         ns/day =      20.81   seconds/ns =    4152.31
|
|     Average timings for all steps:
|     Elapsed(s) =      41.39 Per Step(ms) =       2.07
|         ns/day =      20.88   seconds/ns =    4138.68
|     -----------------------------------------------------

|  Setup CPU time:            2.96 seconds
|  NonSetup CPU time:        38.41 seconds
|  Total CPU time:           41.38 seconds     0.01 hours

|  Setup wall time:           4    seconds
|  NonSetup wall time:       42    seconds
|  Total wall time:          46    seconds     0.01 hours
