
          -------------------------------------------------------
          Amber 16 PMEMD                              2016
          -------------------------------------------------------

| PMEMD implementation of SANDER, Release 16

| Run on 08/24/2017 at 13:29:09

|   Executable path: /apps/amber16/bin/pmemd.cuda
| Working directory: /scratch/pbarletta/pdz/run/lb/neq/data/3
|          Hostname: mordor

  [-O]verwriting output

File Assignments:
|   MDIN: pdt.in                                                                
|  MDOUT: 41plb_3.out                                                           
| INPCRD: ../2/41plb_2.rst7                                                     
|   PARM: /scratch/pbarletta/pdz/top_files/lb.prmtop                            
| RESTRT: 41plb_3.rst7                                                          
|   REFC: refc                                                                  
|  MDVEL: mdvel                                                                 
|   MDEN: mden                                                                  
|  MDCRD: 41plb_3.nc                                                            
| MDINFO: mdinfo                                                                
|  MDFRC: mdfrc                                                                 


 Here is the input file:

!NVE run                                                                       
&cntrl                                                                         
imin = 0,                           ! No Minimization                          
nmropt = 0,                         ! No NMR restraints read                   
                                                                               
! Nature and format of the input                                               
ntx = 5,                            ! Coordinates and velocities will be read  
irest = 1,                          ! Do not run a new simulation              
                                                                               
! Nature and format of the output                                              
ioutfm = 1,			    ! NetCDF format for output files                             
ntxo = 1,                           ! rstrt file in ASCII format               
ntpr = 500,                         ! inf in output every ntpr steps           
ntwr = 500,                         ! rstrt file every ntwr steps              
ntwx = 20,                          ! mdcrd file every ntwx steps              
ntwv = -1,                          ! mdvel without velocities                 
ntwe = 0,                           ! Energies and temperatures not written in 
idecomp = 0,                        ! No energy decomposition                  
iwrap = 1,                          ! Coordinates of the restart and mdcrd file
                                                                               
! Frozen or restrained atoms                                                   
ibelly = 0,                         ! No frozen atoms                          
ntr=0,                              ! Harmonic potential restraints            
                                                                               
! Molecular dynamics                                                           
nstlim = 20000,                     ! Number of MD-steps                       
dt = 0.0005,                        ! Time step                                
                                                                               
! Temperature regulation                                                       
ntt = 0,                            ! Constant total energy                    
                                                                               
! P and V regulation                                                           
ntp = 0,                            ! No P control                             
ntb = 1,                            ! constant V                               
                                                                               
! SHAKE variables                                                              
ntc = 1,                            ! Bonds involving H are constrained        
ntf = 1,                            ! Bond interaction involving H are ommited.
                                                                               
cut = 9.0,                          ! Nonbonded cutoff                         
/                                                                              
&end                                                                           


Note: ig = -1. Setting random seed to   990640 based on wallclock time in 
      microseconds.
| irandom = 1, using AMBER's internal random number generator (default).
 
|--------------------- INFORMATION ----------------------
| GPU (CUDA) Version of PMEMD in use: NVIDIA GPU IN USE.
|                    Version 16.0.0
| 
|                      02/25/2016
| 
| Implementation by:
|                    Ross C. Walker     (SDSC)
|                    Scott Le Grand     (nVIDIA)
| 
| Precision model in use:
|      [SPFP] - Single Precision Forces, 64-bit Fixed Point
|               Accumulation. (Default)
| 
|--------------------------------------------------------
 
|----------------- CITATION INFORMATION -----------------
|
|    When publishing work that utilized the CUDA version
|    of AMBER, please cite the following in addition to
|    the regular AMBER citations:
|
|  - Romelia Salomon-Ferrer; Andreas W. Goetz; Duncan
|    Poole; Scott Le Grand; Ross C. Walker "Routine
|    microsecond molecular dynamics simulations with
|    AMBER - Part II: Particle Mesh Ewald", J. Chem.
|    Theory Comput., 2013, 9 (9), pp3878-3888,
|    DOI: 10.1021/ct400314y.
|
|  - Andreas W. Goetz; Mark J. Williamson; Dong Xu;
|    Duncan Poole; Scott Le Grand; Ross C. Walker
|    "Routine microsecond molecular dynamics simulations
|    with AMBER - Part I: Generalized Born", J. Chem.
|    Theory Comput., 2012, 8 (5), pp1542-1555.
|
|  - Scott Le Grand; Andreas W. Goetz; Ross C. Walker
|    "SPFP: Speed without compromise - a mixed precision
|    model for GPU accelerated molecular dynamics
|    simulations.", Comp. Phys. Comm., 2013, 184
|    pp374-380, DOI: 10.1016/j.cpc.2012.09.022
|
|--------------------------------------------------------
 
|------------------- GPU DEVICE INFO --------------------
|
|            CUDA_VISIBLE_DEVICES: 0
|   CUDA Capable Devices Detected:      1
|           CUDA Device ID in use:      0
|                CUDA Device Name: GeForce GTX TITAN
|     CUDA Device Global Mem Size:   6082 MB
| CUDA Device Num Multiprocessors:     14
|           CUDA Device Core Freq:   0.93 GHz
|
|--------------------------------------------------------
 
 
| Conditional Compilation Defines Used:
| PUBFFT
| BINTRAJ
| CUDA
| EMIL

| Largest sphere to fit in unit cell has radius =    26.281

| New format PARM file being parsed.
| Version =    1.000 Date = 09/04/12 Time = 16:08:43

| Note: 1-4 EEL scale factors are being read from the topology file.

| Note: 1-4 VDW scale factors are being read from the topology file.
| Duplicated    0 dihedrals

| Duplicated    0 dihedrals

--------------------------------------------------------------------------------
   1.  RESOURCE   USE: 
--------------------------------------------------------------------------------

 getting new box info from bottom of inpcrd
 NATOM  =   23082 NTYPES =      16 NBONH =   22055 MBONA  =    1038
 NTHETH =    2390 MTHETA =    1396 NPHIH =    4631 MPHIA  =    3488
 NHPARM =       0 NPARM  =       0 NNB   =   39434 NRES   =    7134
 NBONA  =    1038 NTHETA =    1396 NPHIA =    3488 NUMBND =      41
 NUMANG =      86 NPTRA  =      41 NATYP =      28 NPHB   =       1
 IFBOX  =       1 NMXRS  =      24 IFCAP =       0 NEXTRA =       0
 NCOPY  =       0

| Coordinate Index Table dimensions:    12   14   10
| Direct force subcell size =     5.0212    5.2012    5.2562

     BOX TYPE: RECTILINEAR

--------------------------------------------------------------------------------
   2.  CONTROL  DATA  FOR  THE  RUN
--------------------------------------------------------------------------------

default_name                                                                    

General flags:
     imin    =       0, nmropt  =       0

Nature and format of input:
     ntx     =       5, irest   =       1, ntrx    =       1

Nature and format of output:
     ntxo    =       1, ntpr    =     500, ntrx    =       1, ntwr    =     500
     iwrap   =       1, ntwx    =      20, ntwv    =      -1, ntwe    =       0
     ioutfm  =       1, ntwprt  =       0, idecomp =       0, rbornstat=      0

Potential function:
     ntf     =       1, ntb     =       1, igb     =       0, nsnb    =      25
     ipol    =       0, gbsa    =       0, iesp    =       0
     dielc   =   1.00000, cut     =   9.00000, intdiel =   1.00000

Frozen or restrained atoms:
     ibelly  =       0, ntr     =       0

Molecular dynamics:
     nstlim  =     20000, nscm    =      1000, nrespa  =         1
     t       =   0.00000, dt      =   0.00050, vlimit  =  -1.00000

| Intermolecular bonds treatment:
|     no_intermolecular_bonds =       1

| Energy averages sample interval:
|     ene_avg_sampling =     500

Ewald parameters:
     verbose =       0, ew_type =       0, nbflag  =       1, use_pme =       1
     vdwmeth =       1, eedmeth =       1, netfrc  =       1
     Box X =   60.254   Box Y =   72.816   Box Z =   52.562
     Alpha =   90.000   Beta  =   90.000   Gamma =   90.000
     NFFT1 =   64       NFFT2 =   80       NFFT3 =   56
     Cutoff=    9.000   Tol   =0.100E-04
     Ewald Coefficient =  0.30768
     Interpolation order =    4

--------------------------------------------------------------------------------
   3.  ATOMIC COORDINATES AND VELOCITIES
--------------------------------------------------------------------------------

default_name                                                                    
 begin time read from input coords =    20.000 ps

 
 Number of triangulated 3-point waters found:     7002

     Sum of charges from parm topology file =  -0.00000008
     Forcing neutrality...

| Dynamic Memory, Types Used:
| Reals              710578
| Integers           737140

| Nonbonded Pairs Initial Allocation:     5262696

| GPU memory information (estimate):
| KB of GPU memory in use:     63171
| KB of CPU memory in use:     27891

--------------------------------------------------------------------------------
   4.  RESULTS
--------------------------------------------------------------------------------

 ---------------------------------------------------
 APPROXIMATING switch and d/dx switch using CUBIC SPLINE INTERPOLATION
 using   5000.0 points per unit in tabled values
 TESTING RELATIVE ERROR over r ranging from 0.0 to cutoff
| CHECK switch(x): max rel err =   0.2738E-14   at   2.422500
| CHECK d/dx switch(x): max rel err =   0.8314E-11   at   2.736960
 ---------------------------------------------------
|---------------------------------------------------
| APPROXIMATING direct energy using CUBIC SPLINE INTERPOLATION
|  with   50.0 points per unit in tabled values
| Relative Error Limit not exceeded for r .gt.   2.39
| APPROXIMATING direct force using CUBIC SPLINE INTERPOLATION
|  with   50.0 points per unit in tabled values
| Relative Error Limit not exceeded for r .gt.   2.84
|---------------------------------------------------

 NSTEP =      500   TIME(PS) =      20.250  TEMP(K) =   300.07  PRESS =     0.0
 Etot   =    -51951.5386  EKtot   =     20645.0117  EPtot      =    -72596.5504
 BOND   =     12902.8955  ANGLE   =      1035.0361  DIHED      =      1358.6076
 1-4 NB =       446.4919  1-4 EEL =      4618.4322  VDWAALS    =     12854.0055
 EELEC  =   -105812.0192  EHBOND  =         0.0000  RESTRAINT  =         0.0000
 ------------------------------------------------------------------------------

check COM velocity, temp:        0.001946     0.00(Removed)

 NSTEP =     1000   TIME(PS) =      20.500  TEMP(K) =   300.60  PRESS =     0.0
 Etot   =    -51953.2346  EKtot   =     20681.0430  EPtot      =    -72634.2776
 BOND   =     12842.1901  ANGLE   =      1063.5392  DIHED      =      1330.3649
 1-4 NB =       456.1359  1-4 EEL =      4629.9254  VDWAALS    =     12872.0128
 EELEC  =   -105828.4460  EHBOND  =         0.0000  RESTRAINT  =         0.0000
 ------------------------------------------------------------------------------


 NSTEP =     1500   TIME(PS) =      20.750  TEMP(K) =   302.47  PRESS =     0.0
 Etot   =    -51951.1047  EKtot   =     20809.5508  EPtot      =    -72760.6555
 BOND   =     12852.0388  ANGLE   =      1052.3437  DIHED      =      1331.6986
 1-4 NB =       434.1578  1-4 EEL =      4570.2843  VDWAALS    =     12787.4226
 EELEC  =   -105788.6013  EHBOND  =         0.0000  RESTRAINT  =         0.0000
 ------------------------------------------------------------------------------

check COM velocity, temp:        0.000005     0.00(Removed)

 NSTEP =     2000   TIME(PS) =      21.000  TEMP(K) =   301.62  PRESS =     0.0
 Etot   =    -51951.9084  EKtot   =     20751.2129  EPtot      =    -72703.1213
 BOND   =     12857.7775  ANGLE   =      1075.8833  DIHED      =      1331.8447
 1-4 NB =       454.7353  1-4 EEL =      4623.3273  VDWAALS    =     12824.8580
 EELEC  =   -105871.5474  EHBOND  =         0.0000  RESTRAINT  =         0.0000
 ------------------------------------------------------------------------------


 NSTEP =     2500   TIME(PS) =      21.250  TEMP(K) =   299.49  PRESS =     0.0
 Etot   =    -51952.9131  EKtot   =     20604.5586  EPtot      =    -72557.4717
 BOND   =     12883.6766  ANGLE   =      1075.4662  DIHED      =      1334.3223
 1-4 NB =       430.5201  1-4 EEL =      4606.1146  VDWAALS    =     12631.2513
 EELEC  =   -105518.8229  EHBOND  =         0.0000  RESTRAINT  =         0.0000
 ------------------------------------------------------------------------------

check COM velocity, temp:        0.000004     0.00(Removed)

 NSTEP =     3000   TIME(PS) =      21.500  TEMP(K) =   299.69  PRESS =     0.0
 Etot   =    -51952.9889  EKtot   =     20618.5762  EPtot      =    -72571.5651
 BOND   =     12958.2659  ANGLE   =      1037.5829  DIHED      =      1317.2025
 1-4 NB =       448.7079  1-4 EEL =      4669.7485  VDWAALS    =     12887.2435
 EELEC  =   -105890.3163  EHBOND  =         0.0000  RESTRAINT  =         0.0000
 ------------------------------------------------------------------------------


 NSTEP =     3500   TIME(PS) =      21.750  TEMP(K) =   297.88  PRESS =     0.0
 Etot   =    -51951.1196  EKtot   =     20494.0762  EPtot      =    -72445.1958
 BOND   =     12871.3617  ANGLE   =      1070.8166  DIHED      =      1320.9895
 1-4 NB =       444.6737  1-4 EEL =      4615.2002  VDWAALS    =     12848.1037
 EELEC  =   -105616.3412  EHBOND  =         0.0000  RESTRAINT  =         0.0000
 ------------------------------------------------------------------------------

check COM velocity, temp:        0.000002     0.00(Removed)

 NSTEP =     4000   TIME(PS) =      22.000  TEMP(K) =   302.22  PRESS =     0.0
 Etot   =    -51954.1173  EKtot   =     20792.9082  EPtot      =    -72747.0255
 BOND   =     12825.2575  ANGLE   =      1066.4270  DIHED      =      1309.5009
 1-4 NB =       444.8497  1-4 EEL =      4649.4654  VDWAALS    =     12610.0760
 EELEC  =   -105652.6020  EHBOND  =         0.0000  RESTRAINT  =         0.0000
 ------------------------------------------------------------------------------


 NSTEP =     4500   TIME(PS) =      22.250  TEMP(K) =   300.49  PRESS =     0.0
 Etot   =    -51951.1155  EKtot   =     20673.2773  EPtot      =    -72624.3929
 BOND   =     12772.6115  ANGLE   =      1051.3447  DIHED      =      1325.2199
 1-4 NB =       439.5349  1-4 EEL =      4645.4958  VDWAALS    =     12588.7576
 EELEC  =   -105447.3572  EHBOND  =         0.0000  RESTRAINT  =         0.0000
 ------------------------------------------------------------------------------

check COM velocity, temp:        0.000004     0.00(Removed)

 NSTEP =     5000   TIME(PS) =      22.500  TEMP(K) =   302.29  PRESS =     0.0
 Etot   =    -51952.2095  EKtot   =     20797.7246  EPtot      =    -72749.9341
 BOND   =     12626.5371  ANGLE   =      1056.9804  DIHED      =      1306.3580
 1-4 NB =       443.8644  1-4 EEL =      4647.3513  VDWAALS    =     12645.6832
 EELEC  =   -105476.7086  EHBOND  =         0.0000  RESTRAINT  =         0.0000
 ------------------------------------------------------------------------------


 NSTEP =     5500   TIME(PS) =      22.750  TEMP(K) =   299.43  PRESS =     0.0
 Etot   =    -51949.9600  EKtot   =     20600.4316  EPtot      =    -72550.3916
 BOND   =     12847.1706  ANGLE   =      1063.0191  DIHED      =      1333.7557
 1-4 NB =       445.3286  1-4 EEL =      4636.5525  VDWAALS    =     12942.4819
 EELEC  =   -105818.7000  EHBOND  =         0.0000  RESTRAINT  =         0.0000
 ------------------------------------------------------------------------------

check COM velocity, temp:        0.000006     0.00(Removed)

 NSTEP =     6000   TIME(PS) =      23.000  TEMP(K) =   300.13  PRESS =     0.0
 Etot   =    -51949.5761  EKtot   =     20648.7031  EPtot      =    -72598.2792
 BOND   =     12700.3943  ANGLE   =      1048.5115  DIHED      =      1346.8958
 1-4 NB =       424.1141  1-4 EEL =      4624.1645  VDWAALS    =     12529.8116
 EELEC  =   -105272.1709  EHBOND  =         0.0000  RESTRAINT  =         0.0000
 ------------------------------------------------------------------------------


 NSTEP =     6500   TIME(PS) =      23.250  TEMP(K) =   301.21  PRESS =     0.0
 Etot   =    -51949.6847  EKtot   =     20723.4160  EPtot      =    -72673.1007
 BOND   =     12771.4068  ANGLE   =      1051.6873  DIHED      =      1312.8662
 1-4 NB =       440.1153  1-4 EEL =      4614.9980  VDWAALS    =     12700.5665
 EELEC  =   -105564.7408  EHBOND  =         0.0000  RESTRAINT  =         0.0000
 ------------------------------------------------------------------------------

check COM velocity, temp:        0.000003     0.00(Removed)

 NSTEP =     7000   TIME(PS) =      23.500  TEMP(K) =   299.57  PRESS =     0.0
 Etot   =    -51949.6736  EKtot   =     20610.2637  EPtot      =    -72559.9373
 BOND   =     12766.9850  ANGLE   =      1043.9290  DIHED      =      1313.5255
 1-4 NB =       436.4173  1-4 EEL =      4590.8673  VDWAALS    =     12736.4516
 EELEC  =   -105448.1130  EHBOND  =         0.0000  RESTRAINT  =         0.0000
 ------------------------------------------------------------------------------


 NSTEP =     7500   TIME(PS) =      23.750  TEMP(K) =   299.21  PRESS =     0.0
 Etot   =    -51952.5652  EKtot   =     20585.2168  EPtot      =    -72537.7820
 BOND   =     12762.9558  ANGLE   =      1047.5176  DIHED      =      1325.9573
 1-4 NB =       452.8955  1-4 EEL =      4676.3152  VDWAALS    =     12760.9249
 EELEC  =   -105564.3484  EHBOND  =         0.0000  RESTRAINT  =         0.0000
 ------------------------------------------------------------------------------

check COM velocity, temp:        0.000008     0.00(Removed)

 NSTEP =     8000   TIME(PS) =      24.000  TEMP(K) =   298.95  PRESS =     0.0
 Etot   =    -51950.7943  EKtot   =     20567.6191  EPtot      =    -72518.4135
 BOND   =     12887.7958  ANGLE   =      1051.2841  DIHED      =      1331.7435
 1-4 NB =       442.3811  1-4 EEL =      4637.7719  VDWAALS    =     12964.0737
 EELEC  =   -105833.4637  EHBOND  =         0.0000  RESTRAINT  =         0.0000
 ------------------------------------------------------------------------------


 NSTEP =     8500   TIME(PS) =      24.250  TEMP(K) =   300.57  PRESS =     0.0
 Etot   =    -51950.2652  EKtot   =     20679.0332  EPtot      =    -72629.2984
 BOND   =     12888.3021  ANGLE   =      1067.8538  DIHED      =      1317.2282
 1-4 NB =       454.7760  1-4 EEL =      4691.1345  VDWAALS    =     12744.1357
 EELEC  =   -105792.7288  EHBOND  =         0.0000  RESTRAINT  =         0.0000
 ------------------------------------------------------------------------------

check COM velocity, temp:        0.000005     0.00(Removed)

 NSTEP =     9000   TIME(PS) =      24.500  TEMP(K) =   301.83  PRESS =     0.0
 Etot   =    -51953.2130  EKtot   =     20765.5078  EPtot      =    -72718.7208
 BOND   =     12803.9413  ANGLE   =      1025.9721  DIHED      =      1345.4989
 1-4 NB =       442.2093  1-4 EEL =      4598.3669  VDWAALS    =     12667.9537
 EELEC  =   -105602.6631  EHBOND  =         0.0000  RESTRAINT  =         0.0000
 ------------------------------------------------------------------------------


 NSTEP =     9500   TIME(PS) =      24.750  TEMP(K) =   300.41  PRESS =     0.0
 Etot   =    -51949.8792  EKtot   =     20667.8613  EPtot      =    -72617.7406
 BOND   =     12836.7753  ANGLE   =      1021.7266  DIHED      =      1321.0946
 1-4 NB =       452.9440  1-4 EEL =      4646.0774  VDWAALS    =     12799.3580
 EELEC  =   -105695.7164  EHBOND  =         0.0000  RESTRAINT  =         0.0000
 ------------------------------------------------------------------------------

check COM velocity, temp:        0.000005     0.00(Removed)

 NSTEP =    10000   TIME(PS) =      25.000  TEMP(K) =   302.45  PRESS =     0.0
 Etot   =    -51952.8292  EKtot   =     20808.4551  EPtot      =    -72761.2843
 BOND   =     12797.6929  ANGLE   =      1020.0767  DIHED      =      1322.1151
 1-4 NB =       447.6385  1-4 EEL =      4624.9039  VDWAALS    =     13060.5725
 EELEC  =   -106034.2840  EHBOND  =         0.0000  RESTRAINT  =         0.0000
 ------------------------------------------------------------------------------


 NSTEP =    10500   TIME(PS) =      25.250  TEMP(K) =   298.72  PRESS =     0.0
 Etot   =    -51948.9007  EKtot   =     20552.0957  EPtot      =    -72500.9964
 BOND   =     12838.8264  ANGLE   =      1048.7521  DIHED      =      1334.4034
 1-4 NB =       445.8563  1-4 EEL =      4634.7625  VDWAALS    =     12931.5787
 EELEC  =   -105735.1757  EHBOND  =         0.0000  RESTRAINT  =         0.0000
 ------------------------------------------------------------------------------

check COM velocity, temp:        0.000005     0.00(Removed)

 NSTEP =    11000   TIME(PS) =      25.500  TEMP(K) =   299.76  PRESS =     0.0
 Etot   =    -51954.9201  EKtot   =     20623.3711  EPtot      =    -72578.2912
 BOND   =     12719.3089  ANGLE   =      1066.3351  DIHED      =      1333.3352
 1-4 NB =       428.7386  1-4 EEL =      4591.4063  VDWAALS    =     12867.7546
 EELEC  =   -105585.1699  EHBOND  =         0.0000  RESTRAINT  =         0.0000
 ------------------------------------------------------------------------------


 NSTEP =    11500   TIME(PS) =      25.750  TEMP(K) =   300.70  PRESS =     0.0
 Etot   =    -51954.8654  EKtot   =     20687.9648  EPtot      =    -72642.8303
 BOND   =     12591.5148  ANGLE   =      1066.3707  DIHED      =      1337.1853
 1-4 NB =       445.5527  1-4 EEL =      4634.3387  VDWAALS    =     12771.9814
 EELEC  =   -105489.7738  EHBOND  =         0.0000  RESTRAINT  =         0.0000
 ------------------------------------------------------------------------------

check COM velocity, temp:        0.000003     0.00(Removed)

 NSTEP =    12000   TIME(PS) =      26.000  TEMP(K) =   302.48  PRESS =     0.0
 Etot   =    -51955.7166  EKtot   =     20810.4746  EPtot      =    -72766.1912
 BOND   =     12624.2481  ANGLE   =      1068.8426  DIHED      =      1333.8072
 1-4 NB =       456.9971  1-4 EEL =      4625.9184  VDWAALS    =     12921.4165
 EELEC  =   -105797.4212  EHBOND  =         0.0000  RESTRAINT  =         0.0000
 ------------------------------------------------------------------------------


 NSTEP =    12500   TIME(PS) =      26.250  TEMP(K) =   301.14  PRESS =     0.0
 Etot   =    -51950.6867  EKtot   =     20718.0508  EPtot      =    -72668.7374
 BOND   =     12823.5069  ANGLE   =      1053.1796  DIHED      =      1311.2071
 1-4 NB =       428.8444  1-4 EEL =      4581.8979  VDWAALS    =     12999.2392
 EELEC  =   -105866.6125  EHBOND  =         0.0000  RESTRAINT  =         0.0000
 ------------------------------------------------------------------------------

check COM velocity, temp:        0.000005     0.00(Removed)

 NSTEP =    13000   TIME(PS) =      26.500  TEMP(K) =   300.94  PRESS =     0.0
 Etot   =    -51952.0464  EKtot   =     20704.2344  EPtot      =    -72656.2807
 BOND   =     12754.4681  ANGLE   =      1092.0002  DIHED      =      1331.9226
 1-4 NB =       444.5712  1-4 EEL =      4640.2634  VDWAALS    =     12852.0814
 EELEC  =   -105771.5877  EHBOND  =         0.0000  RESTRAINT  =         0.0000
 ------------------------------------------------------------------------------


 NSTEP =    13500   TIME(PS) =      26.750  TEMP(K) =   299.79  PRESS =     0.0
 Etot   =    -51950.2541  EKtot   =     20625.1289  EPtot      =    -72575.3830
 BOND   =     12810.3089  ANGLE   =      1045.0470  DIHED      =      1313.8605
 1-4 NB =       441.3488  1-4 EEL =      4657.9320  VDWAALS    =     12812.1459
 EELEC  =   -105656.0260  EHBOND  =         0.0000  RESTRAINT  =         0.0000
 ------------------------------------------------------------------------------

check COM velocity, temp:        0.000008     0.00(Removed)

 NSTEP =    14000   TIME(PS) =      27.000  TEMP(K) =   299.55  PRESS =     0.0
 Etot   =    -51949.2856  EKtot   =     20608.6133  EPtot      =    -72557.8989
 BOND   =     12763.3430  ANGLE   =      1053.1223  DIHED      =      1318.0669
 1-4 NB =       437.1121  1-4 EEL =      4623.5331  VDWAALS    =     12848.9883
 EELEC  =   -105602.0646  EHBOND  =         0.0000  RESTRAINT  =         0.0000
 ------------------------------------------------------------------------------


 NSTEP =    14500   TIME(PS) =      27.250  TEMP(K) =   302.04  PRESS =     0.0
 Etot   =    -51952.0947  EKtot   =     20780.4199  EPtot      =    -72732.5146
 BOND   =     12757.6240  ANGLE   =      1051.9279  DIHED      =      1311.5882
 1-4 NB =       433.9456  1-4 EEL =      4653.9561  VDWAALS    =     12929.3892
 EELEC  =   -105870.9458  EHBOND  =         0.0000  RESTRAINT  =         0.0000
 ------------------------------------------------------------------------------

check COM velocity, temp:        0.000005     0.00(Removed)

 NSTEP =    15000   TIME(PS) =      27.500  TEMP(K) =   300.83  PRESS =     0.0
 Etot   =    -51954.3580  EKtot   =     20697.1152  EPtot      =    -72651.4732
 BOND   =     12790.0206  ANGLE   =      1073.7621  DIHED      =      1331.1064
 1-4 NB =       427.4101  1-4 EEL =      4623.9300  VDWAALS    =     12896.8668
 EELEC  =   -105794.5693  EHBOND  =         0.0000  RESTRAINT  =         0.0000
 ------------------------------------------------------------------------------


 NSTEP =    15500   TIME(PS) =      27.750  TEMP(K) =   300.79  PRESS =     0.0
 Etot   =    -51951.6119  EKtot   =     20694.4883  EPtot      =    -72646.1002
 BOND   =     12709.9034  ANGLE   =      1054.7527  DIHED      =      1336.3439
 1-4 NB =       430.4907  1-4 EEL =      4638.2443  VDWAALS    =     12584.0512
 EELEC  =   -105399.8863  EHBOND  =         0.0000  RESTRAINT  =         0.0000
 ------------------------------------------------------------------------------

check COM velocity, temp:        0.000006     0.00(Removed)

 NSTEP =    16000   TIME(PS) =      28.000  TEMP(K) =   299.35  PRESS =     0.0
 Etot   =    -51951.0129  EKtot   =     20595.4609  EPtot      =    -72546.4738
 BOND   =     12963.4891  ANGLE   =      1053.1298  DIHED      =      1329.5124
 1-4 NB =       446.8618  1-4 EEL =      4637.3236  VDWAALS    =     12690.0113
 EELEC  =   -105666.8018  EHBOND  =         0.0000  RESTRAINT  =         0.0000
 ------------------------------------------------------------------------------


 NSTEP =    16500   TIME(PS) =      28.250  TEMP(K) =   301.63  PRESS =     0.0
 Etot   =    -51950.6052  EKtot   =     20751.7441  EPtot      =    -72702.3494
 BOND   =     12867.0333  ANGLE   =      1023.8024  DIHED      =      1319.2408
 1-4 NB =       440.4596  1-4 EEL =      4635.1249  VDWAALS    =     12754.9720
 EELEC  =   -105742.9823  EHBOND  =         0.0000  RESTRAINT  =         0.0000
 ------------------------------------------------------------------------------

check COM velocity, temp:        0.000005     0.00(Removed)

 NSTEP =    17000   TIME(PS) =      28.500  TEMP(K) =   300.55  PRESS =     0.0
 Etot   =    -51949.4702  EKtot   =     20678.0176  EPtot      =    -72627.4877
 BOND   =     12863.9153  ANGLE   =      1053.5722  DIHED      =      1336.1863
 1-4 NB =       437.5492  1-4 EEL =      4648.3561  VDWAALS    =     12678.1125
 EELEC  =   -105645.1794  EHBOND  =         0.0000  RESTRAINT  =         0.0000
 ------------------------------------------------------------------------------


 NSTEP =    17500   TIME(PS) =      28.750  TEMP(K) =   299.51  PRESS =     0.0
 Etot   =    -51950.8979  EKtot   =     20605.8965  EPtot      =    -72556.7943
 BOND   =     12820.5425  ANGLE   =      1003.5566  DIHED      =      1334.2216
 1-4 NB =       440.8960  1-4 EEL =      4660.7960  VDWAALS    =     12647.7899
 EELEC  =   -105464.5969  EHBOND  =         0.0000  RESTRAINT  =         0.0000
 ------------------------------------------------------------------------------

check COM velocity, temp:        0.000008     0.00(Removed)

 NSTEP =    18000   TIME(PS) =      29.000  TEMP(K) =   301.62  PRESS =     0.0
 Etot   =    -51950.0938  EKtot   =     20751.3535  EPtot      =    -72701.4473
 BOND   =     12755.2729  ANGLE   =      1017.6138  DIHED      =      1330.7360
 1-4 NB =       446.7364  1-4 EEL =      4664.3938  VDWAALS    =     12363.4191
 EELEC  =   -105279.6193  EHBOND  =         0.0000  RESTRAINT  =         0.0000
 ------------------------------------------------------------------------------


 NSTEP =    18500   TIME(PS) =      29.250  TEMP(K) =   300.75  PRESS =     0.0
 Etot   =    -51953.1605  EKtot   =     20691.1309  EPtot      =    -72644.2913
 BOND   =     12613.1945  ANGLE   =      1022.4133  DIHED      =      1330.0384
 1-4 NB =       452.9371  1-4 EEL =      4645.5176  VDWAALS    =     12740.1654
 EELEC  =   -105448.5577  EHBOND  =         0.0000  RESTRAINT  =         0.0000
 ------------------------------------------------------------------------------

check COM velocity, temp:        0.000002     0.00(Removed)

 NSTEP =    19000   TIME(PS) =      29.500  TEMP(K) =   299.62  PRESS =     0.0
 Etot   =    -51951.8977  EKtot   =     20613.8848  EPtot      =    -72565.7824
 BOND   =     12687.5122  ANGLE   =      1067.6238  DIHED      =      1340.5599
 1-4 NB =       436.8426  1-4 EEL =      4615.2841  VDWAALS    =     12869.8398
 EELEC  =   -105583.4449  EHBOND  =         0.0000  RESTRAINT  =         0.0000
 ------------------------------------------------------------------------------


 NSTEP =    19500   TIME(PS) =      29.750  TEMP(K) =   299.14  PRESS =     0.0
 Etot   =    -51950.2781  EKtot   =     20580.6406  EPtot      =    -72530.9187
 BOND   =     12868.0455  ANGLE   =      1018.2373  DIHED      =      1342.5703
 1-4 NB =       433.8958  1-4 EEL =      4622.3495  VDWAALS    =     12777.9349
 EELEC  =   -105593.9522  EHBOND  =         0.0000  RESTRAINT  =         0.0000
 ------------------------------------------------------------------------------

check COM velocity, temp:        0.000009     0.00(Removed)

 NSTEP =    20000   TIME(PS) =      30.000  TEMP(K) =   300.31  PRESS =     0.0
 Etot   =    -51955.0239  EKtot   =     20661.0391  EPtot      =    -72616.0629
 BOND   =     12711.9689  ANGLE   =       997.5756  DIHED      =      1319.3909
 1-4 NB =       447.5213  1-4 EEL =      4681.0246  VDWAALS    =     12562.1098
 EELEC  =   -105335.6540  EHBOND  =         0.0000  RESTRAINT  =         0.0000
 ------------------------------------------------------------------------------


      A V E R A G E S   O V E R      40 S T E P S


 NSTEP =    20000   TIME(PS) =      30.000  TEMP(K) =   300.49  PRESS =     0.0
 Etot   =    -51951.6968  EKtot   =     20673.8893  EPtot      =    -72625.5861
 BOND   =     12794.7520  ANGLE   =      1048.9654  DIHED      =      1327.8018
 1-4 NB =       442.1765  1-4 EEL =      4633.3213  VDWAALS    =     12773.8898
 EELEC  =   -105646.4928  EHBOND  =         0.0000  RESTRAINT  =         0.0000
 ------------------------------------------------------------------------------


      R M S  F L U C T U A T I O N S


 NSTEP =    20000   TIME(PS) =      30.000  TEMP(K) =     1.14  PRESS =     0.0
 Etot   =         1.7654  EKtot   =        78.5642  EPtot      =        79.1657
 BOND   =        88.3682  ANGLE   =        20.8810  DIHED      =        11.3109
 1-4 NB =         8.3633  1-4 EEL =        25.8791  VDWAALS    =       142.4854
 EELEC  =       179.4678  EHBOND  =         0.0000  RESTRAINT  =         0.0000
|E(PBS) =         0.6697
 ------------------------------------------------------------------------------

--------------------------------------------------------------------------------
   5.  TIMINGS
--------------------------------------------------------------------------------

|  NonSetup CPU Time in Major Routines:
|
|     Routine           Sec        %
|     ------------------------------
|     Nonbond           4.13   10.62
|     Bond              0.00    0.00
|     Angle             0.00    0.00
|     Dihedral          0.00    0.00
|     Shake             0.00    0.00
|     RunMD            34.77   89.33
|     Other             0.02    0.05
|     ------------------------------
|     Total            38.92

|  PME Nonbond Pairlist CPU Time:
|
|     Routine              Sec        %
|     ---------------------------------
|     Set Up Cit           0.00    0.00
|     Build List           0.00    0.00
|     ---------------------------------
|     Total                0.00    0.00

|  PME Direct Force CPU Time:
|
|     Routine              Sec        %
|     ---------------------------------
|     NonBonded Calc       0.00    0.00
|     Exclude Masked       0.00    0.00
|     Other                0.01    0.02
|     ---------------------------------
|     Total                0.01    0.02

|  PME Reciprocal Force CPU Time:
|
|     Routine              Sec        %
|     ---------------------------------
|     1D bspline           0.00    0.00
|     Grid Charges         0.00    0.00
|     Scalar Sum           0.00    0.00
|     Gradient Sum         0.00    0.00
|     FFT                  0.00    0.00
|     ---------------------------------
|     Total                0.00    0.00

|  Final Performance Info:
|     -----------------------------------------------------
|     Average timings for last   19500 steps:
|     Elapsed(s) =      40.15 Per Step(ms) =       2.06
|         ns/day =      20.98   seconds/ns =    4118.12
|
|     Average timings for all steps:
|     Elapsed(s) =      41.07 Per Step(ms) =       2.05
|         ns/day =      21.04   seconds/ns =    4107.23
|     -----------------------------------------------------

|  Setup CPU time:            2.78 seconds
|  NonSetup CPU time:        38.92 seconds
|  Total CPU time:           41.70 seconds     0.01 hours

|  Setup wall time:           3    seconds
|  NonSetup wall time:       41    seconds
|  Total wall time:          44    seconds     0.01 hours
