
          -------------------------------------------------------
          Amber 16 PMEMD                              2016
          -------------------------------------------------------

| PMEMD implementation of SANDER, Release 16

| Run on 08/24/2017 at 13:52:15

|   Executable path: /apps/amber16/bin/pmemd.cuda
| Working directory: /scratch/pbarletta/pdz/run/lb/neq/data/3
|          Hostname: mordor

  [-O]verwriting output

File Assignments:
|   MDIN: pdt.in                                                                
|  MDOUT: 72plb_3.out                                                           
| INPCRD: ../2/72plb_2.rst7                                                     
|   PARM: /scratch/pbarletta/pdz/top_files/lb.prmtop                            
| RESTRT: 72plb_3.rst7                                                          
|   REFC: refc                                                                  
|  MDVEL: mdvel                                                                 
|   MDEN: mden                                                                  
|  MDCRD: 72plb_3.nc                                                            
| MDINFO: mdinfo                                                                
|  MDFRC: mdfrc                                                                 


 Here is the input file:

!NVE run                                                                       
&cntrl                                                                         
imin = 0,                           ! No Minimization                          
nmropt = 0,                         ! No NMR restraints read                   
                                                                               
! Nature and format of the input                                               
ntx = 5,                            ! Coordinates and velocities will be read  
irest = 1,                          ! Do not run a new simulation              
                                                                               
! Nature and format of the output                                              
ioutfm = 1,			    ! NetCDF format for output files                             
ntxo = 1,                           ! rstrt file in ASCII format               
ntpr = 500,                         ! inf in output every ntpr steps           
ntwr = 500,                         ! rstrt file every ntwr steps              
ntwx = 20,                          ! mdcrd file every ntwx steps              
ntwv = -1,                          ! mdvel without velocities                 
ntwe = 0,                           ! Energies and temperatures not written in 
idecomp = 0,                        ! No energy decomposition                  
iwrap = 1,                          ! Coordinates of the restart and mdcrd file
                                                                               
! Frozen or restrained atoms                                                   
ibelly = 0,                         ! No frozen atoms                          
ntr=0,                              ! Harmonic potential restraints            
                                                                               
! Molecular dynamics                                                           
nstlim = 20000,                     ! Number of MD-steps                       
dt = 0.0005,                        ! Time step                                
                                                                               
! Temperature regulation                                                       
ntt = 0,                            ! Constant total energy                    
                                                                               
! P and V regulation                                                           
ntp = 0,                            ! No P control                             
ntb = 1,                            ! constant V                               
                                                                               
! SHAKE variables                                                              
ntc = 1,                            ! Bonds involving H are constrained        
ntf = 1,                            ! Bond interaction involving H are ommited.
                                                                               
cut = 9.0,                          ! Nonbonded cutoff                         
/                                                                              
&end                                                                           


Note: ig = -1. Setting random seed to   650501 based on wallclock time in 
      microseconds.
| irandom = 1, using AMBER's internal random number generator (default).
 
|--------------------- INFORMATION ----------------------
| GPU (CUDA) Version of PMEMD in use: NVIDIA GPU IN USE.
|                    Version 16.0.0
| 
|                      02/25/2016
| 
| Implementation by:
|                    Ross C. Walker     (SDSC)
|                    Scott Le Grand     (nVIDIA)
| 
| Precision model in use:
|      [SPFP] - Single Precision Forces, 64-bit Fixed Point
|               Accumulation. (Default)
| 
|--------------------------------------------------------
 
|----------------- CITATION INFORMATION -----------------
|
|    When publishing work that utilized the CUDA version
|    of AMBER, please cite the following in addition to
|    the regular AMBER citations:
|
|  - Romelia Salomon-Ferrer; Andreas W. Goetz; Duncan
|    Poole; Scott Le Grand; Ross C. Walker "Routine
|    microsecond molecular dynamics simulations with
|    AMBER - Part II: Particle Mesh Ewald", J. Chem.
|    Theory Comput., 2013, 9 (9), pp3878-3888,
|    DOI: 10.1021/ct400314y.
|
|  - Andreas W. Goetz; Mark J. Williamson; Dong Xu;
|    Duncan Poole; Scott Le Grand; Ross C. Walker
|    "Routine microsecond molecular dynamics simulations
|    with AMBER - Part I: Generalized Born", J. Chem.
|    Theory Comput., 2012, 8 (5), pp1542-1555.
|
|  - Scott Le Grand; Andreas W. Goetz; Ross C. Walker
|    "SPFP: Speed without compromise - a mixed precision
|    model for GPU accelerated molecular dynamics
|    simulations.", Comp. Phys. Comm., 2013, 184
|    pp374-380, DOI: 10.1016/j.cpc.2012.09.022
|
|--------------------------------------------------------
 
|------------------- GPU DEVICE INFO --------------------
|
|            CUDA_VISIBLE_DEVICES: 0
|   CUDA Capable Devices Detected:      1
|           CUDA Device ID in use:      0
|                CUDA Device Name: GeForce GTX TITAN
|     CUDA Device Global Mem Size:   6082 MB
| CUDA Device Num Multiprocessors:     14
|           CUDA Device Core Freq:   0.93 GHz
|
|--------------------------------------------------------
 
 
| Conditional Compilation Defines Used:
| PUBFFT
| BINTRAJ
| CUDA
| EMIL

| Largest sphere to fit in unit cell has radius =    26.281

| New format PARM file being parsed.
| Version =    1.000 Date = 09/04/12 Time = 16:08:43

| Note: 1-4 EEL scale factors are being read from the topology file.

| Note: 1-4 VDW scale factors are being read from the topology file.
| Duplicated    0 dihedrals

| Duplicated    0 dihedrals

--------------------------------------------------------------------------------
   1.  RESOURCE   USE: 
--------------------------------------------------------------------------------

 getting new box info from bottom of inpcrd
 NATOM  =   23082 NTYPES =      16 NBONH =   22055 MBONA  =    1038
 NTHETH =    2390 MTHETA =    1396 NPHIH =    4631 MPHIA  =    3488
 NHPARM =       0 NPARM  =       0 NNB   =   39434 NRES   =    7134
 NBONA  =    1038 NTHETA =    1396 NPHIA =    3488 NUMBND =      41
 NUMANG =      86 NPTRA  =      41 NATYP =      28 NPHB   =       1
 IFBOX  =       1 NMXRS  =      24 IFCAP =       0 NEXTRA =       0
 NCOPY  =       0

| Coordinate Index Table dimensions:    12   14   10
| Direct force subcell size =     5.0212    5.2012    5.2562

     BOX TYPE: RECTILINEAR

--------------------------------------------------------------------------------
   2.  CONTROL  DATA  FOR  THE  RUN
--------------------------------------------------------------------------------

default_name                                                                    

General flags:
     imin    =       0, nmropt  =       0

Nature and format of input:
     ntx     =       5, irest   =       1, ntrx    =       1

Nature and format of output:
     ntxo    =       1, ntpr    =     500, ntrx    =       1, ntwr    =     500
     iwrap   =       1, ntwx    =      20, ntwv    =      -1, ntwe    =       0
     ioutfm  =       1, ntwprt  =       0, idecomp =       0, rbornstat=      0

Potential function:
     ntf     =       1, ntb     =       1, igb     =       0, nsnb    =      25
     ipol    =       0, gbsa    =       0, iesp    =       0
     dielc   =   1.00000, cut     =   9.00000, intdiel =   1.00000

Frozen or restrained atoms:
     ibelly  =       0, ntr     =       0

Molecular dynamics:
     nstlim  =     20000, nscm    =      1000, nrespa  =         1
     t       =   0.00000, dt      =   0.00050, vlimit  =  -1.00000

| Intermolecular bonds treatment:
|     no_intermolecular_bonds =       1

| Energy averages sample interval:
|     ene_avg_sampling =     500

Ewald parameters:
     verbose =       0, ew_type =       0, nbflag  =       1, use_pme =       1
     vdwmeth =       1, eedmeth =       1, netfrc  =       1
     Box X =   60.254   Box Y =   72.816   Box Z =   52.562
     Alpha =   90.000   Beta  =   90.000   Gamma =   90.000
     NFFT1 =   64       NFFT2 =   80       NFFT3 =   56
     Cutoff=    9.000   Tol   =0.100E-04
     Ewald Coefficient =  0.30768
     Interpolation order =    4

--------------------------------------------------------------------------------
   3.  ATOMIC COORDINATES AND VELOCITIES
--------------------------------------------------------------------------------

default_name                                                                    
 begin time read from input coords =    20.000 ps

 
 Number of triangulated 3-point waters found:     7002

     Sum of charges from parm topology file =  -0.00000008
     Forcing neutrality...

| Dynamic Memory, Types Used:
| Reals              710578
| Integers           737140

| Nonbonded Pairs Initial Allocation:     5262696

| GPU memory information (estimate):
| KB of GPU memory in use:     63171
| KB of CPU memory in use:     27891

--------------------------------------------------------------------------------
   4.  RESULTS
--------------------------------------------------------------------------------

 ---------------------------------------------------
 APPROXIMATING switch and d/dx switch using CUBIC SPLINE INTERPOLATION
 using   5000.0 points per unit in tabled values
 TESTING RELATIVE ERROR over r ranging from 0.0 to cutoff
| CHECK switch(x): max rel err =   0.2738E-14   at   2.422500
| CHECK d/dx switch(x): max rel err =   0.8314E-11   at   2.736960
 ---------------------------------------------------
|---------------------------------------------------
| APPROXIMATING direct energy using CUBIC SPLINE INTERPOLATION
|  with   50.0 points per unit in tabled values
| Relative Error Limit not exceeded for r .gt.   2.39
| APPROXIMATING direct force using CUBIC SPLINE INTERPOLATION
|  with   50.0 points per unit in tabled values
| Relative Error Limit not exceeded for r .gt.   2.84
|---------------------------------------------------

 NSTEP =      500   TIME(PS) =      20.250  TEMP(K) =   300.39  PRESS =     0.0
 Etot   =    -51894.9074  EKtot   =     20666.6348  EPtot      =    -72561.5422
 BOND   =     12646.4794  ANGLE   =      1053.5556  DIHED      =      1300.3599
 1-4 NB =       439.6677  1-4 EEL =      4611.1360  VDWAALS    =     12599.3581
 EELEC  =   -105212.0989  EHBOND  =         0.0000  RESTRAINT  =         0.0000
 ------------------------------------------------------------------------------

check COM velocity, temp:        0.002080     0.00(Removed)

 NSTEP =     1000   TIME(PS) =      20.500  TEMP(K) =   302.54  PRESS =     0.0
 Etot   =    -51894.3666  EKtot   =     20814.8066  EPtot      =    -72709.1733
 BOND   =     12840.8517  ANGLE   =      1001.8870  DIHED      =      1330.9711
 1-4 NB =       443.9865  1-4 EEL =      4651.3923  VDWAALS    =     12901.3568
 EELEC  =   -105879.6186  EHBOND  =         0.0000  RESTRAINT  =         0.0000
 ------------------------------------------------------------------------------


 NSTEP =     1500   TIME(PS) =      20.750  TEMP(K) =   301.38  PRESS =     0.0
 Etot   =    -51898.1558  EKtot   =     20734.8008  EPtot      =    -72632.9566
 BOND   =     12625.0811  ANGLE   =      1009.4360  DIHED      =      1317.4198
 1-4 NB =       446.6750  1-4 EEL =      4634.2346  VDWAALS    =     12717.3726
 EELEC  =   -105383.1758  EHBOND  =         0.0000  RESTRAINT  =         0.0000
 ------------------------------------------------------------------------------

check COM velocity, temp:        0.000007     0.00(Removed)

 NSTEP =     2000   TIME(PS) =      21.000  TEMP(K) =   301.64  PRESS =     0.0
 Etot   =    -51898.0007  EKtot   =     20752.6230  EPtot      =    -72650.6237
 BOND   =     12682.2721  ANGLE   =      1022.0847  DIHED      =      1320.0154
 1-4 NB =       447.4889  1-4 EEL =      4656.0812  VDWAALS    =     12880.3031
 EELEC  =   -105658.8691  EHBOND  =         0.0000  RESTRAINT  =         0.0000
 ------------------------------------------------------------------------------


 NSTEP =     2500   TIME(PS) =      21.250  TEMP(K) =   300.60  PRESS =     0.0
 Etot   =    -51894.7087  EKtot   =     20681.1660  EPtot      =    -72575.8747
 BOND   =     12739.1466  ANGLE   =      1022.8379  DIHED      =      1339.9224
 1-4 NB =       443.0424  1-4 EEL =      4628.5197  VDWAALS    =     12533.8787
 EELEC  =   -105283.2224  EHBOND  =         0.0000  RESTRAINT  =         0.0000
 ------------------------------------------------------------------------------

check COM velocity, temp:        0.000011     0.00(Removed)

 NSTEP =     3000   TIME(PS) =      21.500  TEMP(K) =   299.40  PRESS =     0.0
 Etot   =    -51894.4785  EKtot   =     20598.8789  EPtot      =    -72493.3574
 BOND   =     12828.1531  ANGLE   =      1008.5993  DIHED      =      1319.1328
 1-4 NB =       458.7065  1-4 EEL =      4652.8053  VDWAALS    =     12711.5612
 EELEC  =   -105472.3157  EHBOND  =         0.0000  RESTRAINT  =         0.0000
 ------------------------------------------------------------------------------


 NSTEP =     3500   TIME(PS) =      21.750  TEMP(K) =   303.53  PRESS =     0.0
 Etot   =    -51895.4012  EKtot   =     20882.4707  EPtot      =    -72777.8719
 BOND   =     12783.8884  ANGLE   =      1024.1841  DIHED      =      1340.9077
 1-4 NB =       441.3987  1-4 EEL =      4637.5311  VDWAALS    =     13023.3368
 EELEC  =   -106029.1188  EHBOND  =         0.0000  RESTRAINT  =         0.0000
 ------------------------------------------------------------------------------

check COM velocity, temp:        0.000012     0.00(Removed)

 NSTEP =     4000   TIME(PS) =      22.000  TEMP(K) =   300.01  PRESS =     0.0
 Etot   =    -51894.8596  EKtot   =     20640.2461  EPtot      =    -72535.1057
 BOND   =     12691.6956  ANGLE   =       978.9900  DIHED      =      1317.3248
 1-4 NB =       434.3845  1-4 EEL =      4656.6904  VDWAALS    =     12806.2031
 EELEC  =   -105420.3941  EHBOND  =         0.0000  RESTRAINT  =         0.0000
 ------------------------------------------------------------------------------


 NSTEP =     4500   TIME(PS) =      22.250  TEMP(K) =   302.65  PRESS =     0.0
 Etot   =    -51895.0902  EKtot   =     20821.8945  EPtot      =    -72716.9847
 BOND   =     12679.5206  ANGLE   =      1036.8642  DIHED      =      1316.8631
 1-4 NB =       434.3365  1-4 EEL =      4592.9529  VDWAALS    =     12717.7411
 EELEC  =   -105495.2630  EHBOND  =         0.0000  RESTRAINT  =         0.0000
 ------------------------------------------------------------------------------

check COM velocity, temp:        0.000008     0.00(Removed)

 NSTEP =     5000   TIME(PS) =      22.500  TEMP(K) =   303.09  PRESS =     0.0
 Etot   =    -51896.6821  EKtot   =     20852.5078  EPtot      =    -72749.1899
 BOND   =     12600.5513  ANGLE   =      1064.9511  DIHED      =      1327.0173
 1-4 NB =       446.7782  1-4 EEL =      4623.6124  VDWAALS    =     12908.7064
 EELEC  =   -105720.8066  EHBOND  =         0.0000  RESTRAINT  =         0.0000
 ------------------------------------------------------------------------------


 NSTEP =     5500   TIME(PS) =      22.750  TEMP(K) =   301.62  PRESS =     0.0
 Etot   =    -51898.3022  EKtot   =     20751.6230  EPtot      =    -72649.9253
 BOND   =     12620.0274  ANGLE   =      1020.8629  DIHED      =      1338.1699
 1-4 NB =       434.5311  1-4 EEL =      4614.7625  VDWAALS    =     12548.9986
 EELEC  =   -105227.2776  EHBOND  =         0.0000  RESTRAINT  =         0.0000
 ------------------------------------------------------------------------------

check COM velocity, temp:        0.000006     0.00(Removed)

 NSTEP =     6000   TIME(PS) =      23.000  TEMP(K) =   301.59  PRESS =     0.0
 Etot   =    -51897.8933  EKtot   =     20748.9629  EPtot      =    -72646.8562
 BOND   =     12660.4335  ANGLE   =      1019.8786  DIHED      =      1319.5588
 1-4 NB =       459.5396  1-4 EEL =      4619.1882  VDWAALS    =     12759.6682
 EELEC  =   -105485.1232  EHBOND  =         0.0000  RESTRAINT  =         0.0000
 ------------------------------------------------------------------------------


 NSTEP =     6500   TIME(PS) =      23.250  TEMP(K) =   300.88  PRESS =     0.0
 Etot   =    -51896.2236  EKtot   =     20700.1777  EPtot      =    -72596.4014
 BOND   =     12602.4957  ANGLE   =      1030.5418  DIHED      =      1324.4180
 1-4 NB =       443.3088  1-4 EEL =      4616.1424  VDWAALS    =     12802.6801
 EELEC  =   -105415.9882  EHBOND  =         0.0000  RESTRAINT  =         0.0000
 ------------------------------------------------------------------------------

check COM velocity, temp:        0.000007     0.00(Removed)

 NSTEP =     7000   TIME(PS) =      23.500  TEMP(K) =   298.99  PRESS =     0.0
 Etot   =    -51890.0981  EKtot   =     20570.3789  EPtot      =    -72460.4771
 BOND   =     12808.9815  ANGLE   =      1032.9684  DIHED      =      1312.7568
 1-4 NB =       448.9441  1-4 EEL =      4656.1533  VDWAALS    =     12697.2997
 EELEC  =   -105417.5808  EHBOND  =         0.0000  RESTRAINT  =         0.0000
 ------------------------------------------------------------------------------


 NSTEP =     7500   TIME(PS) =      23.750  TEMP(K) =   299.24  PRESS =     0.0
 Etot   =    -51889.9909  EKtot   =     20587.5996  EPtot      =    -72477.5905
 BOND   =     12778.3239  ANGLE   =      1012.7522  DIHED      =      1330.5161
 1-4 NB =       442.4795  1-4 EEL =      4660.3062  VDWAALS    =     12729.5580
 EELEC  =   -105431.5264  EHBOND  =         0.0000  RESTRAINT  =         0.0000
 ------------------------------------------------------------------------------

check COM velocity, temp:        0.000004     0.00(Removed)

 NSTEP =     8000   TIME(PS) =      24.000  TEMP(K) =   300.51  PRESS =     0.0
 Etot   =    -51891.6809  EKtot   =     20675.1348  EPtot      =    -72566.8157
 BOND   =     12676.8060  ANGLE   =      1054.4984  DIHED      =      1298.4377
 1-4 NB =       445.5879  1-4 EEL =      4597.6517  VDWAALS    =     12659.7863
 EELEC  =   -105299.5837  EHBOND  =         0.0000  RESTRAINT  =         0.0000
 ------------------------------------------------------------------------------


 NSTEP =     8500   TIME(PS) =      24.250  TEMP(K) =   301.00  PRESS =     0.0
 Etot   =    -51893.7744  EKtot   =     20708.6758  EPtot      =    -72602.4502
 BOND   =     12914.7836  ANGLE   =      1046.8946  DIHED      =      1298.4448
 1-4 NB =       436.5322  1-4 EEL =      4619.2309  VDWAALS    =     12684.4734
 EELEC  =   -105602.8097  EHBOND  =         0.0000  RESTRAINT  =         0.0000
 ------------------------------------------------------------------------------

check COM velocity, temp:        0.000005     0.00(Removed)

 NSTEP =     9000   TIME(PS) =      24.500  TEMP(K) =   302.30  PRESS =     0.0
 Etot   =    -51896.9691  EKtot   =     20797.7656  EPtot      =    -72694.7347
 BOND   =     12847.0200  ANGLE   =      1020.3197  DIHED      =      1301.4229
 1-4 NB =       433.4989  1-4 EEL =      4623.8544  VDWAALS    =     12783.0067
 EELEC  =   -105703.8574  EHBOND  =         0.0000  RESTRAINT  =         0.0000
 ------------------------------------------------------------------------------


 NSTEP =     9500   TIME(PS) =      24.750  TEMP(K) =   301.01  PRESS =     0.0
 Etot   =    -51897.0458  EKtot   =     20709.2266  EPtot      =    -72606.2724
 BOND   =     12809.0597  ANGLE   =      1041.6519  DIHED      =      1294.6305
 1-4 NB =       436.3066  1-4 EEL =      4668.5435  VDWAALS    =     12583.9943
 EELEC  =   -105440.4588  EHBOND  =         0.0000  RESTRAINT  =         0.0000
 ------------------------------------------------------------------------------

check COM velocity, temp:        0.000008     0.00(Removed)

 NSTEP =    10000   TIME(PS) =      25.000  TEMP(K) =   301.44  PRESS =     0.0
 Etot   =    -51896.4753  EKtot   =     20738.6367  EPtot      =    -72635.1120
 BOND   =     12806.9128  ANGLE   =      1022.2653  DIHED      =      1304.5426
 1-4 NB =       441.8022  1-4 EEL =      4643.6685  VDWAALS    =     12728.4771
 EELEC  =   -105582.7805  EHBOND  =         0.0000  RESTRAINT  =         0.0000
 ------------------------------------------------------------------------------


 NSTEP =    10500   TIME(PS) =      25.250  TEMP(K) =   300.73  PRESS =     0.0
 Etot   =    -51897.9694  EKtot   =     20689.8984  EPtot      =    -72587.8679
 BOND   =     12605.6856  ANGLE   =      1064.6640  DIHED      =      1337.6490
 1-4 NB =       447.5719  1-4 EEL =      4619.3213  VDWAALS    =     12582.9281
 EELEC  =   -105245.6877  EHBOND  =         0.0000  RESTRAINT  =         0.0000
 ------------------------------------------------------------------------------

check COM velocity, temp:        0.000007     0.00(Removed)

 NSTEP =    11000   TIME(PS) =      25.500  TEMP(K) =   301.52  PRESS =     0.0
 Etot   =    -51899.5257  EKtot   =     20744.5938  EPtot      =    -72644.1195
 BOND   =     12849.2475  ANGLE   =      1024.6487  DIHED      =      1335.5641
 1-4 NB =       437.1455  1-4 EEL =      4627.5857  VDWAALS    =     12749.2164
 EELEC  =   -105667.5275  EHBOND  =         0.0000  RESTRAINT  =         0.0000
 ------------------------------------------------------------------------------


 NSTEP =    11500   TIME(PS) =      25.750  TEMP(K) =   301.87  PRESS =     0.0
 Etot   =    -51896.6256  EKtot   =     20768.6816  EPtot      =    -72665.3073
 BOND   =     12753.4373  ANGLE   =      1035.1933  DIHED      =      1324.8087
 1-4 NB =       447.1188  1-4 EEL =      4648.6531  VDWAALS    =     12773.7994
 EELEC  =   -105648.3179  EHBOND  =         0.0000  RESTRAINT  =         0.0000
 ------------------------------------------------------------------------------

check COM velocity, temp:        0.000002     0.00(Removed)

 NSTEP =    12000   TIME(PS) =      26.000  TEMP(K) =   301.19  PRESS =     0.0
 Etot   =    -51898.3023  EKtot   =     20721.6445  EPtot      =    -72619.9468
 BOND   =     12775.7113  ANGLE   =      1030.6579  DIHED      =      1340.9487
 1-4 NB =       438.3632  1-4 EEL =      4638.9974  VDWAALS    =     12861.9394
 EELEC  =   -105706.5647  EHBOND  =         0.0000  RESTRAINT  =         0.0000
 ------------------------------------------------------------------------------


 NSTEP =    12500   TIME(PS) =      26.250  TEMP(K) =   300.68  PRESS =     0.0
 Etot   =    -51897.8929  EKtot   =     20686.4512  EPtot      =    -72584.3441
 BOND   =     12783.3740  ANGLE   =      1070.8393  DIHED      =      1316.6051
 1-4 NB =       445.7260  1-4 EEL =      4588.7649  VDWAALS    =     12653.2048
 EELEC  =   -105442.8583  EHBOND  =         0.0000  RESTRAINT  =         0.0000
 ------------------------------------------------------------------------------

check COM velocity, temp:        0.000007     0.00(Removed)

 NSTEP =    13000   TIME(PS) =      26.500  TEMP(K) =   296.67  PRESS =     0.0
 Etot   =    -51891.5235  EKtot   =     20410.8848  EPtot      =    -72302.4082
 BOND   =     12942.6605  ANGLE   =      1016.8039  DIHED      =      1323.4367
 1-4 NB =       447.3067  1-4 EEL =      4624.7309  VDWAALS    =     12419.8796
 EELEC  =   -105077.2266  EHBOND  =         0.0000  RESTRAINT  =         0.0000
 ------------------------------------------------------------------------------


 NSTEP =    13500   TIME(PS) =      26.750  TEMP(K) =   300.91  PRESS =     0.0
 Etot   =    -51894.6998  EKtot   =     20702.2988  EPtot      =    -72596.9986
 BOND   =     12842.6917  ANGLE   =      1009.4581  DIHED      =      1313.1563
 1-4 NB =       443.8867  1-4 EEL =      4688.4337  VDWAALS    =     12526.2022
 EELEC  =   -105420.8274  EHBOND  =         0.0000  RESTRAINT  =         0.0000
 ------------------------------------------------------------------------------

check COM velocity, temp:        0.000005     0.00(Removed)

 NSTEP =    14000   TIME(PS) =      27.000  TEMP(K) =   297.53  PRESS =     0.0
 Etot   =    -51890.5560  EKtot   =     20469.9922  EPtot      =    -72360.5482
 BOND   =     12866.6587  ANGLE   =      1092.4191  DIHED      =      1328.8409
 1-4 NB =       436.3494  1-4 EEL =      4574.9845  VDWAALS    =     12555.5465
 EELEC  =   -105215.3473  EHBOND  =         0.0000  RESTRAINT  =         0.0000
 ------------------------------------------------------------------------------


 NSTEP =    14500   TIME(PS) =      27.250  TEMP(K) =   300.47  PRESS =     0.0
 Etot   =    -51892.1621  EKtot   =     20672.2109  EPtot      =    -72564.3731
 BOND   =     12886.3593  ANGLE   =      1065.2543  DIHED      =      1318.7970
 1-4 NB =       451.3548  1-4 EEL =      4654.8813  VDWAALS    =     12731.9923
 EELEC  =   -105673.0120  EHBOND  =         0.0000  RESTRAINT  =         0.0000
 ------------------------------------------------------------------------------

check COM velocity, temp:        0.000003     0.00(Removed)

 NSTEP =    15000   TIME(PS) =      27.500  TEMP(K) =   301.90  PRESS =     0.0
 Etot   =    -51895.7950  EKtot   =     20770.5117  EPtot      =    -72666.3067
 BOND   =     12830.9048  ANGLE   =      1046.7932  DIHED      =      1318.2562
 1-4 NB =       428.3026  1-4 EEL =      4589.2998  VDWAALS    =     12543.1239
 EELEC  =   -105422.9872  EHBOND  =         0.0000  RESTRAINT  =         0.0000
 ------------------------------------------------------------------------------


 NSTEP =    15500   TIME(PS) =      27.750  TEMP(K) =   301.31  PRESS =     0.0
 Etot   =    -51895.9506  EKtot   =     20729.8145  EPtot      =    -72625.7650
 BOND   =     12857.7052  ANGLE   =      1017.2162  DIHED      =      1294.5918
 1-4 NB =       445.0187  1-4 EEL =      4653.4538  VDWAALS    =     12660.0419
 EELEC  =   -105553.7927  EHBOND  =         0.0000  RESTRAINT  =         0.0000
 ------------------------------------------------------------------------------

check COM velocity, temp:        0.000009     0.00(Removed)

 NSTEP =    16000   TIME(PS) =      28.000  TEMP(K) =   301.49  PRESS =     0.0
 Etot   =    -51892.1384  EKtot   =     20742.6465  EPtot      =    -72634.7849
 BOND   =     12783.3292  ANGLE   =      1068.1414  DIHED      =      1303.6204
 1-4 NB =       446.2868  1-4 EEL =      4642.7109  VDWAALS    =     12734.1663
 EELEC  =   -105613.0398  EHBOND  =         0.0000  RESTRAINT  =         0.0000
 ------------------------------------------------------------------------------


 NSTEP =    16500   TIME(PS) =      28.250  TEMP(K) =   299.63  PRESS =     0.0
 Etot   =    -51891.7714  EKtot   =     20614.5918  EPtot      =    -72506.3632
 BOND   =     12804.2945  ANGLE   =      1108.0272  DIHED      =      1309.8790
 1-4 NB =       442.2246  1-4 EEL =      4633.9250  VDWAALS    =     12660.6351
 EELEC  =   -105465.3487  EHBOND  =         0.0000  RESTRAINT  =         0.0000
 ------------------------------------------------------------------------------

check COM velocity, temp:        0.000005     0.00(Removed)

 NSTEP =    17000   TIME(PS) =      28.500  TEMP(K) =   302.98  PRESS =     0.0
 Etot   =    -51896.8402  EKtot   =     20844.7188  EPtot      =    -72741.5589
 BOND   =     12747.4712  ANGLE   =      1044.3909  DIHED      =      1349.8119
 1-4 NB =       434.8636  1-4 EEL =      4607.0084  VDWAALS    =     12965.7000
 EELEC  =   -105890.8049  EHBOND  =         0.0000  RESTRAINT  =         0.0000
 ------------------------------------------------------------------------------


 NSTEP =    17500   TIME(PS) =      28.750  TEMP(K) =   301.50  PRESS =     0.0
 Etot   =    -51896.4385  EKtot   =     20742.7383  EPtot      =    -72639.1768
 BOND   =     12830.4600  ANGLE   =      1054.9725  DIHED      =      1335.2704
 1-4 NB =       448.3608  1-4 EEL =      4605.0729  VDWAALS    =     12876.6476
 EELEC  =   -105789.9609  EHBOND  =         0.0000  RESTRAINT  =         0.0000
 ------------------------------------------------------------------------------

check COM velocity, temp:        0.000008     0.00(Removed)

 NSTEP =    18000   TIME(PS) =      29.000  TEMP(K) =   299.42  PRESS =     0.0
 Etot   =    -51894.2632  EKtot   =     20599.7695  EPtot      =    -72494.0328
 BOND   =     12776.1238  ANGLE   =      1060.7619  DIHED      =      1330.9241
 1-4 NB =       451.5964  1-4 EEL =      4650.6629  VDWAALS    =     12767.9424
 EELEC  =   -105532.0442  EHBOND  =         0.0000  RESTRAINT  =         0.0000
 ------------------------------------------------------------------------------


 NSTEP =    18500   TIME(PS) =      29.250  TEMP(K) =   301.74  PRESS =     0.0
 Etot   =    -51893.8658  EKtot   =     20759.3652  EPtot      =    -72653.2310
 BOND   =     12818.6324  ANGLE   =      1070.4419  DIHED      =      1317.3098
 1-4 NB =       437.1360  1-4 EEL =      4626.6144  VDWAALS    =     12835.6113
 EELEC  =   -105758.9770  EHBOND  =         0.0000  RESTRAINT  =         0.0000
 ------------------------------------------------------------------------------

check COM velocity, temp:        0.000004     0.00(Removed)

 NSTEP =    19000   TIME(PS) =      29.500  TEMP(K) =   301.75  PRESS =     0.0
 Etot   =    -51896.3384  EKtot   =     20760.3457  EPtot      =    -72656.6841
 BOND   =     12623.5677  ANGLE   =      1015.1585  DIHED      =      1315.1783
 1-4 NB =       447.2784  1-4 EEL =      4613.2973  VDWAALS    =     12658.3387
 EELEC  =   -105329.5030  EHBOND  =         0.0000  RESTRAINT  =         0.0000
 ------------------------------------------------------------------------------


 NSTEP =    19500   TIME(PS) =      29.750  TEMP(K) =   301.58  PRESS =     0.0
 Etot   =    -51897.5353  EKtot   =     20748.2441  EPtot      =    -72645.7795
 BOND   =     12711.8026  ANGLE   =      1013.5975  DIHED      =      1321.4378
 1-4 NB =       455.4175  1-4 EEL =      4609.3529  VDWAALS    =     12765.7075
 EELEC  =   -105523.0953  EHBOND  =         0.0000  RESTRAINT  =         0.0000
 ------------------------------------------------------------------------------

check COM velocity, temp:        0.000008     0.00(Removed)

 NSTEP =    20000   TIME(PS) =      30.000  TEMP(K) =   301.58  PRESS =     0.0
 Etot   =    -51897.0696  EKtot   =     20748.8359  EPtot      =    -72645.9055
 BOND   =     12673.8443  ANGLE   =      1019.2138  DIHED      =      1340.7476
 1-4 NB =       442.9505  1-4 EEL =      4615.0424  VDWAALS    =     12817.7925
 EELEC  =   -105555.4966  EHBOND  =         0.0000  RESTRAINT  =         0.0000
 ------------------------------------------------------------------------------


      A V E R A G E S   O V E R      40 S T E P S


 NSTEP =    20000   TIME(PS) =      30.000  TEMP(K) =   301.01  PRESS =     0.0
 Etot   =    -51895.3092  EKtot   =     20709.0612  EPtot      =    -72604.3704
 BOND   =     12760.1611  ANGLE   =      1036.3669  DIHED      =      1320.7417
 1-4 NB =       443.3314  1-4 EEL =      4629.4313  VDWAALS    =     12722.9544
 EELEC  =   -105517.3572  EHBOND  =         0.0000  RESTRAINT  =         0.0000
 ------------------------------------------------------------------------------


      R M S  F L U C T U A T I O N S


 NSTEP =    20000   TIME(PS) =      30.000  TEMP(K) =     1.36  PRESS =     0.0
 Etot   =         2.4633  EKtot   =        93.7120  EPtot      =        95.2372
 BOND   =        92.2511  ANGLE   =        25.9604  DIHED      =        14.0988
 1-4 NB =         6.8225  1-4 EEL =        24.2165  VDWAALS    =       128.9235
 EELEC  =       203.0721  EHBOND  =         0.0000  RESTRAINT  =         0.0000
|E(PBS) =         0.7049
 ------------------------------------------------------------------------------

--------------------------------------------------------------------------------
   5.  TIMINGS
--------------------------------------------------------------------------------

|  NonSetup CPU Time in Major Routines:
|
|     Routine           Sec        %
|     ------------------------------
|     Nonbond           4.26   10.83
|     Bond              0.00    0.00
|     Angle             0.00    0.00
|     Dihedral          0.00    0.00
|     Shake             0.00    0.00
|     RunMD            35.07   89.12
|     Other             0.02    0.05
|     ------------------------------
|     Total            39.35

|  PME Nonbond Pairlist CPU Time:
|
|     Routine              Sec        %
|     ---------------------------------
|     Set Up Cit           0.00    0.00
|     Build List           0.00    0.00
|     ---------------------------------
|     Total                0.00    0.00

|  PME Direct Force CPU Time:
|
|     Routine              Sec        %
|     ---------------------------------
|     NonBonded Calc       0.00    0.00
|     Exclude Masked       0.00    0.00
|     Other                0.01    0.02
|     ---------------------------------
|     Total                0.01    0.02

|  PME Reciprocal Force CPU Time:
|
|     Routine              Sec        %
|     ---------------------------------
|     1D bspline           0.00    0.00
|     Grid Charges         0.00    0.00
|     Scalar Sum           0.00    0.00
|     Gradient Sum         0.00    0.00
|     FFT                  0.00    0.00
|     ---------------------------------
|     Total                0.00    0.00

|  Final Performance Info:
|     -----------------------------------------------------
|     Average timings for last   19500 steps:
|     Elapsed(s) =      39.61 Per Step(ms) =       2.03
|         ns/day =      21.27   seconds/ns =    4062.41
|
|     Average timings for all steps:
|     Elapsed(s) =      40.51 Per Step(ms) =       2.03
|         ns/day =      21.33   seconds/ns =    4051.43
|     -----------------------------------------------------

|  Setup CPU time:            2.70 seconds
|  NonSetup CPU time:        39.35 seconds
|  Total CPU time:           42.05 seconds     0.01 hours

|  Setup wall time:           3    seconds
|  NonSetup wall time:       40    seconds
|  Total wall time:          43    seconds     0.01 hours
