
          -------------------------------------------------------
          Amber 16 PMEMD                              2016
          -------------------------------------------------------

| PMEMD implementation of SANDER, Release 16

| Run on 08/24/2017 at 14:00:22

|   Executable path: /apps/amber16/bin/pmemd.cuda
| Working directory: /scratch/pbarletta/pdz/run/lb/neq/data/3
|          Hostname: mordor

  [-O]verwriting output

File Assignments:
|   MDIN: pdt.in                                                                
|  MDOUT: 83plb_3.out                                                           
| INPCRD: ../2/83plb_2.rst7                                                     
|   PARM: /scratch/pbarletta/pdz/top_files/lb.prmtop                            
| RESTRT: 83plb_3.rst7                                                          
|   REFC: refc                                                                  
|  MDVEL: mdvel                                                                 
|   MDEN: mden                                                                  
|  MDCRD: 83plb_3.nc                                                            
| MDINFO: mdinfo                                                                
|  MDFRC: mdfrc                                                                 


 Here is the input file:

!NVE run                                                                       
&cntrl                                                                         
imin = 0,                           ! No Minimization                          
nmropt = 0,                         ! No NMR restraints read                   
                                                                               
! Nature and format of the input                                               
ntx = 5,                            ! Coordinates and velocities will be read  
irest = 1,                          ! Do not run a new simulation              
                                                                               
! Nature and format of the output                                              
ioutfm = 1,			    ! NetCDF format for output files                             
ntxo = 1,                           ! rstrt file in ASCII format               
ntpr = 500,                         ! inf in output every ntpr steps           
ntwr = 500,                         ! rstrt file every ntwr steps              
ntwx = 20,                          ! mdcrd file every ntwx steps              
ntwv = -1,                          ! mdvel without velocities                 
ntwe = 0,                           ! Energies and temperatures not written in 
idecomp = 0,                        ! No energy decomposition                  
iwrap = 1,                          ! Coordinates of the restart and mdcrd file
                                                                               
! Frozen or restrained atoms                                                   
ibelly = 0,                         ! No frozen atoms                          
ntr=0,                              ! Harmonic potential restraints            
                                                                               
! Molecular dynamics                                                           
nstlim = 20000,                     ! Number of MD-steps                       
dt = 0.0005,                        ! Time step                                
                                                                               
! Temperature regulation                                                       
ntt = 0,                            ! Constant total energy                    
                                                                               
! P and V regulation                                                           
ntp = 0,                            ! No P control                             
ntb = 1,                            ! constant V                               
                                                                               
! SHAKE variables                                                              
ntc = 1,                            ! Bonds involving H are constrained        
ntf = 1,                            ! Bond interaction involving H are ommited.
                                                                               
cut = 9.0,                          ! Nonbonded cutoff                         
/                                                                              
&end                                                                           


Note: ig = -1. Setting random seed to   657913 based on wallclock time in 
      microseconds.
| irandom = 1, using AMBER's internal random number generator (default).
 
|--------------------- INFORMATION ----------------------
| GPU (CUDA) Version of PMEMD in use: NVIDIA GPU IN USE.
|                    Version 16.0.0
| 
|                      02/25/2016
| 
| Implementation by:
|                    Ross C. Walker     (SDSC)
|                    Scott Le Grand     (nVIDIA)
| 
| Precision model in use:
|      [SPFP] - Single Precision Forces, 64-bit Fixed Point
|               Accumulation. (Default)
| 
|--------------------------------------------------------
 
|----------------- CITATION INFORMATION -----------------
|
|    When publishing work that utilized the CUDA version
|    of AMBER, please cite the following in addition to
|    the regular AMBER citations:
|
|  - Romelia Salomon-Ferrer; Andreas W. Goetz; Duncan
|    Poole; Scott Le Grand; Ross C. Walker "Routine
|    microsecond molecular dynamics simulations with
|    AMBER - Part II: Particle Mesh Ewald", J. Chem.
|    Theory Comput., 2013, 9 (9), pp3878-3888,
|    DOI: 10.1021/ct400314y.
|
|  - Andreas W. Goetz; Mark J. Williamson; Dong Xu;
|    Duncan Poole; Scott Le Grand; Ross C. Walker
|    "Routine microsecond molecular dynamics simulations
|    with AMBER - Part I: Generalized Born", J. Chem.
|    Theory Comput., 2012, 8 (5), pp1542-1555.
|
|  - Scott Le Grand; Andreas W. Goetz; Ross C. Walker
|    "SPFP: Speed without compromise - a mixed precision
|    model for GPU accelerated molecular dynamics
|    simulations.", Comp. Phys. Comm., 2013, 184
|    pp374-380, DOI: 10.1016/j.cpc.2012.09.022
|
|--------------------------------------------------------
 
|------------------- GPU DEVICE INFO --------------------
|
|            CUDA_VISIBLE_DEVICES: 0
|   CUDA Capable Devices Detected:      1
|           CUDA Device ID in use:      0
|                CUDA Device Name: GeForce GTX TITAN
|     CUDA Device Global Mem Size:   6082 MB
| CUDA Device Num Multiprocessors:     14
|           CUDA Device Core Freq:   0.93 GHz
|
|--------------------------------------------------------
 
 
| Conditional Compilation Defines Used:
| PUBFFT
| BINTRAJ
| CUDA
| EMIL

| Largest sphere to fit in unit cell has radius =    26.281

| New format PARM file being parsed.
| Version =    1.000 Date = 09/04/12 Time = 16:08:43

| Note: 1-4 EEL scale factors are being read from the topology file.

| Note: 1-4 VDW scale factors are being read from the topology file.
| Duplicated    0 dihedrals

| Duplicated    0 dihedrals

--------------------------------------------------------------------------------
   1.  RESOURCE   USE: 
--------------------------------------------------------------------------------

 getting new box info from bottom of inpcrd
 NATOM  =   23082 NTYPES =      16 NBONH =   22055 MBONA  =    1038
 NTHETH =    2390 MTHETA =    1396 NPHIH =    4631 MPHIA  =    3488
 NHPARM =       0 NPARM  =       0 NNB   =   39434 NRES   =    7134
 NBONA  =    1038 NTHETA =    1396 NPHIA =    3488 NUMBND =      41
 NUMANG =      86 NPTRA  =      41 NATYP =      28 NPHB   =       1
 IFBOX  =       1 NMXRS  =      24 IFCAP =       0 NEXTRA =       0
 NCOPY  =       0

| Coordinate Index Table dimensions:    12   14   10
| Direct force subcell size =     5.0212    5.2012    5.2562

     BOX TYPE: RECTILINEAR

--------------------------------------------------------------------------------
   2.  CONTROL  DATA  FOR  THE  RUN
--------------------------------------------------------------------------------

default_name                                                                    

General flags:
     imin    =       0, nmropt  =       0

Nature and format of input:
     ntx     =       5, irest   =       1, ntrx    =       1

Nature and format of output:
     ntxo    =       1, ntpr    =     500, ntrx    =       1, ntwr    =     500
     iwrap   =       1, ntwx    =      20, ntwv    =      -1, ntwe    =       0
     ioutfm  =       1, ntwprt  =       0, idecomp =       0, rbornstat=      0

Potential function:
     ntf     =       1, ntb     =       1, igb     =       0, nsnb    =      25
     ipol    =       0, gbsa    =       0, iesp    =       0
     dielc   =   1.00000, cut     =   9.00000, intdiel =   1.00000

Frozen or restrained atoms:
     ibelly  =       0, ntr     =       0

Molecular dynamics:
     nstlim  =     20000, nscm    =      1000, nrespa  =         1
     t       =   0.00000, dt      =   0.00050, vlimit  =  -1.00000

| Intermolecular bonds treatment:
|     no_intermolecular_bonds =       1

| Energy averages sample interval:
|     ene_avg_sampling =     500

Ewald parameters:
     verbose =       0, ew_type =       0, nbflag  =       1, use_pme =       1
     vdwmeth =       1, eedmeth =       1, netfrc  =       1
     Box X =   60.254   Box Y =   72.816   Box Z =   52.562
     Alpha =   90.000   Beta  =   90.000   Gamma =   90.000
     NFFT1 =   64       NFFT2 =   80       NFFT3 =   56
     Cutoff=    9.000   Tol   =0.100E-04
     Ewald Coefficient =  0.30768
     Interpolation order =    4

--------------------------------------------------------------------------------
   3.  ATOMIC COORDINATES AND VELOCITIES
--------------------------------------------------------------------------------

default_name                                                                    
 begin time read from input coords =    20.000 ps

 
 Number of triangulated 3-point waters found:     7002

     Sum of charges from parm topology file =  -0.00000008
     Forcing neutrality...

| Dynamic Memory, Types Used:
| Reals              710578
| Integers           737140

| Nonbonded Pairs Initial Allocation:     5262696

| GPU memory information (estimate):
| KB of GPU memory in use:     63171
| KB of CPU memory in use:     27891

--------------------------------------------------------------------------------
   4.  RESULTS
--------------------------------------------------------------------------------

 ---------------------------------------------------
 APPROXIMATING switch and d/dx switch using CUBIC SPLINE INTERPOLATION
 using   5000.0 points per unit in tabled values
 TESTING RELATIVE ERROR over r ranging from 0.0 to cutoff
| CHECK switch(x): max rel err =   0.2738E-14   at   2.422500
| CHECK d/dx switch(x): max rel err =   0.8314E-11   at   2.736960
 ---------------------------------------------------
|---------------------------------------------------
| APPROXIMATING direct energy using CUBIC SPLINE INTERPOLATION
|  with   50.0 points per unit in tabled values
| Relative Error Limit not exceeded for r .gt.   2.39
| APPROXIMATING direct force using CUBIC SPLINE INTERPOLATION
|  with   50.0 points per unit in tabled values
| Relative Error Limit not exceeded for r .gt.   2.84
|---------------------------------------------------

 NSTEP =      500   TIME(PS) =      20.250  TEMP(K) =   298.92  PRESS =     0.0
 Etot   =    -51855.3960  EKtot   =     20565.3516  EPtot      =    -72420.7476
 BOND   =     12888.0484  ANGLE   =      1028.2667  DIHED      =      1353.6112
 1-4 NB =       446.8060  1-4 EEL =      4620.3334  VDWAALS    =     12743.1201
 EELEC  =   -105500.9333  EHBOND  =         0.0000  RESTRAINT  =         0.0000
 ------------------------------------------------------------------------------

check COM velocity, temp:        0.002047     0.00(Removed)

 NSTEP =     1000   TIME(PS) =      20.500  TEMP(K) =   302.07  PRESS =     0.0
 Etot   =    -51858.4736  EKtot   =     20782.1602  EPtot      =    -72640.6338
 BOND   =     12769.4197  ANGLE   =      1046.0443  DIHED      =      1340.1438
 1-4 NB =       445.6198  1-4 EEL =      4626.1640  VDWAALS    =     12757.7070
 EELEC  =   -105625.7324  EHBOND  =         0.0000  RESTRAINT  =         0.0000
 ------------------------------------------------------------------------------


 NSTEP =     1500   TIME(PS) =      20.750  TEMP(K) =   302.28  PRESS =     0.0
 Etot   =    -51858.3687  EKtot   =     20796.9023  EPtot      =    -72655.2711
 BOND   =     12773.9590  ANGLE   =      1042.2195  DIHED      =      1336.7436
 1-4 NB =       429.1076  1-4 EEL =      4635.6551  VDWAALS    =     12665.5549
 EELEC  =   -105538.5108  EHBOND  =         0.0000  RESTRAINT  =         0.0000
 ------------------------------------------------------------------------------

check COM velocity, temp:        0.000006     0.00(Removed)

 NSTEP =     2000   TIME(PS) =      21.000  TEMP(K) =   300.66  PRESS =     0.0
 Etot   =    -51856.7491  EKtot   =     20685.4062  EPtot      =    -72542.1554
 BOND   =     12595.4220  ANGLE   =      1012.4707  DIHED      =      1349.2023
 1-4 NB =       443.4629  1-4 EEL =      4591.3232  VDWAALS    =     12462.1530
 EELEC  =   -104996.1895  EHBOND  =         0.0000  RESTRAINT  =         0.0000
 ------------------------------------------------------------------------------


 NSTEP =     2500   TIME(PS) =      21.250  TEMP(K) =   300.08  PRESS =     0.0
 Etot   =    -51858.5462  EKtot   =     20645.3105  EPtot      =    -72503.8567
 BOND   =     12604.4876  ANGLE   =      1040.2014  DIHED      =      1329.7262
 1-4 NB =       435.7297  1-4 EEL =      4618.7123  VDWAALS    =     12669.6552
 EELEC  =   -105202.3692  EHBOND  =         0.0000  RESTRAINT  =         0.0000
 ------------------------------------------------------------------------------

check COM velocity, temp:        0.000005     0.00(Removed)

 NSTEP =     3000   TIME(PS) =      21.500  TEMP(K) =   302.92  PRESS =     0.0
 Etot   =    -51858.5682  EKtot   =     20841.0625  EPtot      =    -72699.6307
 BOND   =     12595.0317  ANGLE   =      1055.0740  DIHED      =      1333.8067
 1-4 NB =       430.4391  1-4 EEL =      4607.1630  VDWAALS    =     12576.7353
 EELEC  =   -105297.8805  EHBOND  =         0.0000  RESTRAINT  =         0.0000
 ------------------------------------------------------------------------------


 NSTEP =     3500   TIME(PS) =      21.750  TEMP(K) =   304.47  PRESS =     0.0
 Etot   =    -51858.9107  EKtot   =     20947.4512  EPtot      =    -72806.3618
 BOND   =     12680.2999  ANGLE   =       991.1507  DIHED      =      1323.6738
 1-4 NB =       449.7343  1-4 EEL =      4603.6700  VDWAALS    =     12843.5209
 EELEC  =   -105698.4115  EHBOND  =         0.0000  RESTRAINT  =         0.0000
 ------------------------------------------------------------------------------

check COM velocity, temp:        0.000008     0.00(Removed)

 NSTEP =     4000   TIME(PS) =      22.000  TEMP(K) =   297.57  PRESS =     0.0
 Etot   =    -51852.4086  EKtot   =     20472.6504  EPtot      =    -72325.0590
 BOND   =     12815.3778  ANGLE   =      1007.3326  DIHED      =      1325.2008
 1-4 NB =       453.3949  1-4 EEL =      4611.3064  VDWAALS    =     12950.7344
 EELEC  =   -105488.4060  EHBOND  =         0.0000  RESTRAINT  =         0.0000
 ------------------------------------------------------------------------------


 NSTEP =     4500   TIME(PS) =      22.250  TEMP(K) =   301.87  PRESS =     0.0
 Etot   =    -51855.7790  EKtot   =     20768.7793  EPtot      =    -72624.5583
 BOND   =     12798.4329  ANGLE   =       981.2535  DIHED      =      1330.6553
 1-4 NB =       440.5223  1-4 EEL =      4604.3964  VDWAALS    =     12635.2968
 EELEC  =   -105415.1154  EHBOND  =         0.0000  RESTRAINT  =         0.0000
 ------------------------------------------------------------------------------

check COM velocity, temp:        0.000005     0.00(Removed)

 NSTEP =     5000   TIME(PS) =      22.500  TEMP(K) =   299.42  PRESS =     0.0
 Etot   =    -51852.1477  EKtot   =     20600.1523  EPtot      =    -72452.3001
 BOND   =     12826.4611  ANGLE   =      1024.2195  DIHED      =      1325.3796
 1-4 NB =       451.7747  1-4 EEL =      4591.8961  VDWAALS    =     12728.7672
 EELEC  =   -105400.7982  EHBOND  =         0.0000  RESTRAINT  =         0.0000
 ------------------------------------------------------------------------------


 NSTEP =     5500   TIME(PS) =      22.750  TEMP(K) =   299.86  PRESS =     0.0
 Etot   =    -51851.0282  EKtot   =     20630.5625  EPtot      =    -72481.5907
 BOND   =     12874.4172  ANGLE   =      1057.7206  DIHED      =      1336.7914
 1-4 NB =       443.7749  1-4 EEL =      4605.5887  VDWAALS    =     12990.4164
 EELEC  =   -105790.2998  EHBOND  =         0.0000  RESTRAINT  =         0.0000
 ------------------------------------------------------------------------------

check COM velocity, temp:        0.000009     0.00(Removed)

 NSTEP =     6000   TIME(PS) =      23.000  TEMP(K) =   300.06  PRESS =     0.0
 Etot   =    -51856.1431  EKtot   =     20644.2480  EPtot      =    -72500.3911
 BOND   =     12855.7742  ANGLE   =      1029.0604  DIHED      =      1354.5979
 1-4 NB =       432.0997  1-4 EEL =      4643.5398  VDWAALS    =     12556.8044
 EELEC  =   -105372.2674  EHBOND  =         0.0000  RESTRAINT  =         0.0000
 ------------------------------------------------------------------------------


 NSTEP =     6500   TIME(PS) =      23.250  TEMP(K) =   299.76  PRESS =     0.0
 Etot   =    -51858.8407  EKtot   =     20623.4062  EPtot      =    -72482.2470
 BOND   =     12718.9565  ANGLE   =      1023.8388  DIHED      =      1336.9263
 1-4 NB =       450.8483  1-4 EEL =      4617.9665  VDWAALS    =     12719.1267
 EELEC  =   -105349.9101  EHBOND  =         0.0000  RESTRAINT  =         0.0000
 ------------------------------------------------------------------------------

check COM velocity, temp:        0.000004     0.00(Removed)

 NSTEP =     7000   TIME(PS) =      23.500  TEMP(K) =   302.44  PRESS =     0.0
 Etot   =    -51859.3081  EKtot   =     20807.9238  EPtot      =    -72667.2319
 BOND   =     12716.1202  ANGLE   =      1028.7408  DIHED      =      1346.4171
 1-4 NB =       451.3682  1-4 EEL =      4613.7274  VDWAALS    =     12648.5264
 EELEC  =   -105472.1320  EHBOND  =         0.0000  RESTRAINT  =         0.0000
 ------------------------------------------------------------------------------


 NSTEP =     7500   TIME(PS) =      23.750  TEMP(K) =   301.56  PRESS =     0.0
 Etot   =    -51858.5424  EKtot   =     20746.9395  EPtot      =    -72605.4819
 BOND   =     12763.1256  ANGLE   =      1035.6760  DIHED      =      1304.1524
 1-4 NB =       427.9335  1-4 EEL =      4611.8018  VDWAALS    =     12406.5387
 EELEC  =   -105154.7098  EHBOND  =         0.0000  RESTRAINT  =         0.0000
 ------------------------------------------------------------------------------

check COM velocity, temp:        0.000010     0.00(Removed)

 NSTEP =     8000   TIME(PS) =      24.000  TEMP(K) =   297.76  PRESS =     0.0
 Etot   =    -51853.9040  EKtot   =     20485.7754  EPtot      =    -72339.6794
 BOND   =     12971.8127  ANGLE   =      1047.2175  DIHED      =      1339.8424
 1-4 NB =       436.5227  1-4 EEL =      4569.5086  VDWAALS    =     12547.2499
 EELEC  =   -105251.8332  EHBOND  =         0.0000  RESTRAINT  =         0.0000
 ------------------------------------------------------------------------------


 NSTEP =     8500   TIME(PS) =      24.250  TEMP(K) =   299.23  PRESS =     0.0
 Etot   =    -51857.5294  EKtot   =     20587.0879  EPtot      =    -72444.6173
 BOND   =     12824.3994  ANGLE   =      1050.5775  DIHED      =      1319.3243
 1-4 NB =       422.7858  1-4 EEL =      4601.7879  VDWAALS    =     12876.0669
 EELEC  =   -105539.5590  EHBOND  =         0.0000  RESTRAINT  =         0.0000
 ------------------------------------------------------------------------------

check COM velocity, temp:        0.000004     0.00(Removed)

 NSTEP =     9000   TIME(PS) =      24.500  TEMP(K) =   301.25  PRESS =     0.0
 Etot   =    -51854.7531  EKtot   =     20726.0820  EPtot      =    -72580.8351
 BOND   =     12893.4676  ANGLE   =      1040.1266  DIHED      =      1334.7349
 1-4 NB =       444.7735  1-4 EEL =      4587.5576  VDWAALS    =     12831.5960
 EELEC  =   -105713.0914  EHBOND  =         0.0000  RESTRAINT  =         0.0000
 ------------------------------------------------------------------------------


 NSTEP =     9500   TIME(PS) =      24.750  TEMP(K) =   300.50  PRESS =     0.0
 Etot   =    -51854.8150  EKtot   =     20674.1582  EPtot      =    -72528.9732
 BOND   =     12780.1007  ANGLE   =      1007.1777  DIHED      =      1339.5888
 1-4 NB =       446.1793  1-4 EEL =      4625.4710  VDWAALS    =     12517.6705
 EELEC  =   -105245.1613  EHBOND  =         0.0000  RESTRAINT  =         0.0000
 ------------------------------------------------------------------------------

check COM velocity, temp:        0.000006     0.00(Removed)

 NSTEP =    10000   TIME(PS) =      25.000  TEMP(K) =   298.89  PRESS =     0.0
 Etot   =    -51857.1302  EKtot   =     20563.8340  EPtot      =    -72420.9642
 BOND   =     12634.6911  ANGLE   =      1045.6987  DIHED      =      1344.7826
 1-4 NB =       448.1128  1-4 EEL =      4581.8980  VDWAALS    =     12652.6348
 EELEC  =   -105128.7821  EHBOND  =         0.0000  RESTRAINT  =         0.0000
 ------------------------------------------------------------------------------


 NSTEP =    10500   TIME(PS) =      25.250  TEMP(K) =   299.14  PRESS =     0.0
 Etot   =    -51855.5015  EKtot   =     20580.6797  EPtot      =    -72436.1812
 BOND   =     12636.7780  ANGLE   =      1000.2171  DIHED      =      1329.7505
 1-4 NB =       447.0602  1-4 EEL =      4651.0085  VDWAALS    =     12800.8431
 EELEC  =   -105301.8386  EHBOND  =         0.0000  RESTRAINT  =         0.0000
 ------------------------------------------------------------------------------

check COM velocity, temp:        0.000001     0.00(Removed)

 NSTEP =    11000   TIME(PS) =      25.500  TEMP(K) =   299.98  PRESS =     0.0
 Etot   =    -51856.7492  EKtot   =     20638.2383  EPtot      =    -72494.9875
 BOND   =     12648.8258  ANGLE   =      1052.8665  DIHED      =      1334.5600
 1-4 NB =       435.7135  1-4 EEL =      4564.1194  VDWAALS    =     12865.2404
 EELEC  =   -105396.3131  EHBOND  =         0.0000  RESTRAINT  =         0.0000
 ------------------------------------------------------------------------------


 NSTEP =    11500   TIME(PS) =      25.750  TEMP(K) =   300.71  PRESS =     0.0
 Etot   =    -51857.5632  EKtot   =     20688.5762  EPtot      =    -72546.1394
 BOND   =     12627.8825  ANGLE   =      1034.6336  DIHED      =      1328.4361
 1-4 NB =       432.1891  1-4 EEL =      4614.2569  VDWAALS    =     12556.2698
 EELEC  =   -105139.8073  EHBOND  =         0.0000  RESTRAINT  =         0.0000
 ------------------------------------------------------------------------------

check COM velocity, temp:        0.000008     0.00(Removed)

 NSTEP =    12000   TIME(PS) =      26.000  TEMP(K) =   299.44  PRESS =     0.0
 Etot   =    -51858.8966  EKtot   =     20601.2852  EPtot      =    -72460.1817
 BOND   =     12793.8105  ANGLE   =      1063.1920  DIHED      =      1315.8277
 1-4 NB =       452.4577  1-4 EEL =      4603.8534  VDWAALS    =     12581.2220
 EELEC  =   -105270.5450  EHBOND  =         0.0000  RESTRAINT  =         0.0000
 ------------------------------------------------------------------------------


 NSTEP =    12500   TIME(PS) =      26.250  TEMP(K) =   300.55  PRESS =     0.0
 Etot   =    -51856.6379  EKtot   =     20677.8926  EPtot      =    -72534.5304
 BOND   =     12690.1587  ANGLE   =      1033.6263  DIHED      =      1355.7914
 1-4 NB =       432.6758  1-4 EEL =      4590.1514  VDWAALS    =     12681.3311
 EELEC  =   -105318.2651  EHBOND  =         0.0000  RESTRAINT  =         0.0000
 ------------------------------------------------------------------------------

check COM velocity, temp:        0.000008     0.00(Removed)

 NSTEP =    13000   TIME(PS) =      26.500  TEMP(K) =   299.95  PRESS =     0.0
 Etot   =    -51859.0598  EKtot   =     20636.3066  EPtot      =    -72495.3665
 BOND   =     12659.3055  ANGLE   =      1029.3578  DIHED      =      1341.6675
 1-4 NB =       434.5481  1-4 EEL =      4590.6530  VDWAALS    =     12617.6043
 EELEC  =   -105168.5027  EHBOND  =         0.0000  RESTRAINT  =         0.0000
 ------------------------------------------------------------------------------


 NSTEP =    13500   TIME(PS) =      26.750  TEMP(K) =   301.56  PRESS =     0.0
 Etot   =    -51856.3534  EKtot   =     20746.9141  EPtot      =    -72603.2675
 BOND   =     12896.4483  ANGLE   =      1031.2843  DIHED      =      1324.2395
 1-4 NB =       434.4227  1-4 EEL =      4611.1366  VDWAALS    =     12969.2820
 EELEC  =   -105870.0808  EHBOND  =         0.0000  RESTRAINT  =         0.0000
 ------------------------------------------------------------------------------

check COM velocity, temp:        0.000003     0.00(Removed)

 NSTEP =    14000   TIME(PS) =      27.000  TEMP(K) =   301.35  PRESS =     0.0
 Etot   =    -51855.9570  EKtot   =     20732.9590  EPtot      =    -72588.9160
 BOND   =     12751.7282  ANGLE   =      1055.1294  DIHED      =      1337.6118
 1-4 NB =       443.5628  1-4 EEL =      4624.1618  VDWAALS    =     12927.2550
 EELEC  =   -105728.3650  EHBOND  =         0.0000  RESTRAINT  =         0.0000
 ------------------------------------------------------------------------------


 NSTEP =    14500   TIME(PS) =      27.250  TEMP(K) =   302.18  PRESS =     0.0
 Etot   =    -51856.1547  EKtot   =     20789.7441  EPtot      =    -72645.8989
 BOND   =     12803.6850  ANGLE   =      1021.8580  DIHED      =      1341.2619
 1-4 NB =       443.0700  1-4 EEL =      4657.4782  VDWAALS    =     12988.5328
 EELEC  =   -105901.7847  EHBOND  =         0.0000  RESTRAINT  =         0.0000
 ------------------------------------------------------------------------------

check COM velocity, temp:        0.000003     0.00(Removed)

 NSTEP =    15000   TIME(PS) =      27.500  TEMP(K) =   301.45  PRESS =     0.0
 Etot   =    -51857.1104  EKtot   =     20739.4902  EPtot      =    -72596.6006
 BOND   =     12555.3468  ANGLE   =      1019.6001  DIHED      =      1333.3667
 1-4 NB =       442.5825  1-4 EEL =      4616.3382  VDWAALS    =     13087.9531
 EELEC  =   -105651.7880  EHBOND  =         0.0000  RESTRAINT  =         0.0000
 ------------------------------------------------------------------------------


 NSTEP =    15500   TIME(PS) =      27.750  TEMP(K) =   300.59  PRESS =     0.0
 Etot   =    -51859.6863  EKtot   =     20680.7754  EPtot      =    -72540.4617
 BOND   =     12805.5149  ANGLE   =      1045.5220  DIHED      =      1332.9759
 1-4 NB =       439.6454  1-4 EEL =      4622.2017  VDWAALS    =     12761.7461
 EELEC  =   -105548.0678  EHBOND  =         0.0000  RESTRAINT  =         0.0000
 ------------------------------------------------------------------------------

check COM velocity, temp:        0.000009     0.00(Removed)

 NSTEP =    16000   TIME(PS) =      28.000  TEMP(K) =   302.37  PRESS =     0.0
 Etot   =    -51855.7223  EKtot   =     20802.8184  EPtot      =    -72658.5406
 BOND   =     12867.3012  ANGLE   =      1043.1460  DIHED      =      1325.3155
 1-4 NB =       447.9371  1-4 EEL =      4618.9682  VDWAALS    =     12814.9270
 EELEC  =   -105776.1355  EHBOND  =         0.0000  RESTRAINT  =         0.0000
 ------------------------------------------------------------------------------


 NSTEP =    16500   TIME(PS) =      28.250  TEMP(K) =   301.07  PRESS =     0.0
 Etot   =    -51854.7733  EKtot   =     20713.4414  EPtot      =    -72568.2147
 BOND   =     12894.5286  ANGLE   =      1012.3825  DIHED      =      1344.6390
 1-4 NB =       455.5808  1-4 EEL =      4615.3662  VDWAALS    =     12700.2546
 EELEC  =   -105590.9664  EHBOND  =         0.0000  RESTRAINT  =         0.0000
 ------------------------------------------------------------------------------

check COM velocity, temp:        0.000008     0.00(Removed)

 NSTEP =    17000   TIME(PS) =      28.500  TEMP(K) =   301.01  PRESS =     0.0
 Etot   =    -51856.3062  EKtot   =     20709.4473  EPtot      =    -72565.7535
 BOND   =     12858.1618  ANGLE   =      1035.7975  DIHED      =      1346.6239
 1-4 NB =       429.4816  1-4 EEL =      4619.0400  VDWAALS    =     12967.9663
 EELEC  =   -105822.8245  EHBOND  =         0.0000  RESTRAINT  =         0.0000
 ------------------------------------------------------------------------------


 NSTEP =    17500   TIME(PS) =      28.750  TEMP(K) =   300.01  PRESS =     0.0
 Etot   =    -51856.4007  EKtot   =     20640.5723  EPtot      =    -72496.9729
 BOND   =     12827.6773  ANGLE   =       984.6599  DIHED      =      1340.7818
 1-4 NB =       435.4445  1-4 EEL =      4658.0880  VDWAALS    =     12602.7515
 EELEC  =   -105346.3761  EHBOND  =         0.0000  RESTRAINT  =         0.0000
 ------------------------------------------------------------------------------

check COM velocity, temp:        0.000007     0.00(Removed)

 NSTEP =    18000   TIME(PS) =      29.000  TEMP(K) =   298.85  PRESS =     0.0
 Etot   =    -51855.8639  EKtot   =     20560.8887  EPtot      =    -72416.7526
 BOND   =     12799.0665  ANGLE   =      1010.3719  DIHED      =      1347.1417
 1-4 NB =       442.0852  1-4 EEL =      4650.6497  VDWAALS    =     12777.2925
 EELEC  =   -105443.3601  EHBOND  =         0.0000  RESTRAINT  =         0.0000
 ------------------------------------------------------------------------------


 NSTEP =    18500   TIME(PS) =      29.250  TEMP(K) =   300.66  PRESS =     0.0
 Etot   =    -51853.4986  EKtot   =     20685.1543  EPtot      =    -72538.6529
 BOND   =     12882.8857  ANGLE   =      1020.8558  DIHED      =      1345.8871
 1-4 NB =       441.8525  1-4 EEL =      4614.3066  VDWAALS    =     12894.4346
 EELEC  =   -105738.8753  EHBOND  =         0.0000  RESTRAINT  =         0.0000
 ------------------------------------------------------------------------------

check COM velocity, temp:        0.000006     0.00(Removed)

 NSTEP =    19000   TIME(PS) =      29.500  TEMP(K) =   299.47  PRESS =     0.0
 Etot   =    -51850.4842  EKtot   =     20603.2207  EPtot      =    -72453.7049
 BOND   =     13031.7304  ANGLE   =      1003.2395  DIHED      =      1343.9756
 1-4 NB =       439.3824  1-4 EEL =      4635.6115  VDWAALS    =     12632.4080
 EELEC  =   -105540.0523  EHBOND  =         0.0000  RESTRAINT  =         0.0000
 ------------------------------------------------------------------------------


 NSTEP =    19500   TIME(PS) =      29.750  TEMP(K) =   296.48  PRESS =     0.0
 Etot   =    -51847.8625  EKtot   =     20397.4902  EPtot      =    -72245.3528
 BOND   =     13122.1472  ANGLE   =      1033.3417  DIHED      =      1329.8125
 1-4 NB =       446.0747  1-4 EEL =      4641.4681  VDWAALS    =     12863.6377
 EELEC  =   -105681.8347  EHBOND  =         0.0000  RESTRAINT  =         0.0000
 ------------------------------------------------------------------------------

check COM velocity, temp:        0.000004     0.00(Removed)

 NSTEP =    20000   TIME(PS) =      30.000  TEMP(K) =   300.76  PRESS =     0.0
 Etot   =    -51851.8506  EKtot   =     20691.8809  EPtot      =    -72543.7315
 BOND   =     12916.6023  ANGLE   =      1020.3467  DIHED      =      1344.1674
 1-4 NB =       449.2086  1-4 EEL =      4650.1839  VDWAALS    =     12548.5906
 EELEC  =   -105472.8311  EHBOND  =         0.0000  RESTRAINT  =         0.0000
 ------------------------------------------------------------------------------


      A V E R A G E S   O V E R      40 S T E P S


 NSTEP =    20000   TIME(PS) =      30.000  TEMP(K) =   300.48  PRESS =     0.0
 Etot   =    -51855.9944  EKtot   =     20672.8255  EPtot      =    -72528.8199
 BOND   =     12786.2348  ANGLE   =      1028.6374  DIHED      =      1336.2284
 1-4 NB =       441.3991  1-4 EEL =      4615.4627  VDWAALS    =     12735.4854
 EELEC  =   -105472.2677  EHBOND  =         0.0000  RESTRAINT  =         0.0000
 ------------------------------------------------------------------------------


      R M S  F L U C T U A T I O N S


 NSTEP =    20000   TIME(PS) =      30.000  TEMP(K) =     1.53  PRESS =     0.0
 Etot   =         2.6530  EKtot   =       105.1506  EPtot      =       106.5688
 BOND   =       123.2313  ANGLE   =        19.8091  DIHED      =        10.7675
 1-4 NB =         7.9878  1-4 EEL =        22.2611  VDWAALS    =       162.1666
 EELEC  =       225.8316  EHBOND  =         0.0000  RESTRAINT  =         0.0000
|E(PBS) =         0.7649
 ------------------------------------------------------------------------------

--------------------------------------------------------------------------------
   5.  TIMINGS
--------------------------------------------------------------------------------

|  NonSetup CPU Time in Major Routines:
|
|     Routine           Sec        %
|     ------------------------------
|     Nonbond           4.04   10.38
|     Bond              0.00    0.00
|     Angle             0.00    0.00
|     Dihedral          0.00    0.00
|     Shake             0.00    0.00
|     RunMD            34.80   89.52
|     Other             0.04    0.09
|     ------------------------------
|     Total            38.87

|  PME Nonbond Pairlist CPU Time:
|
|     Routine              Sec        %
|     ---------------------------------
|     Set Up Cit           0.00    0.00
|     Build List           0.00    0.00
|     ---------------------------------
|     Total                0.00    0.00

|  PME Direct Force CPU Time:
|
|     Routine              Sec        %
|     ---------------------------------
|     NonBonded Calc       0.00    0.00
|     Exclude Masked       0.00    0.00
|     Other                0.02    0.04
|     ---------------------------------
|     Total                0.02    0.04

|  PME Reciprocal Force CPU Time:
|
|     Routine              Sec        %
|     ---------------------------------
|     1D bspline           0.00    0.00
|     Grid Charges         0.00    0.00
|     Scalar Sum           0.00    0.00
|     Gradient Sum         0.00    0.00
|     FFT                  0.00    0.00
|     ---------------------------------
|     Total                0.00    0.00

|  Final Performance Info:
|     -----------------------------------------------------
|     Average timings for last   19500 steps:
|     Elapsed(s) =      41.01 Per Step(ms) =       2.10
|         ns/day =      20.54   seconds/ns =    4206.66
|
|     Average timings for all steps:
|     Elapsed(s) =      41.94 Per Step(ms) =       2.10
|         ns/day =      20.60   seconds/ns =    4193.81
|     -----------------------------------------------------

|  Setup CPU time:            2.76 seconds
|  NonSetup CPU time:        38.87 seconds
|  Total CPU time:           41.63 seconds     0.01 hours

|  Setup wall time:           3    seconds
|  NonSetup wall time:       42    seconds
|  Total wall time:          45    seconds     0.01 hours
