
          -------------------------------------------------------
          Amber 16 PMEMD                              2016
          -------------------------------------------------------

| PMEMD implementation of SANDER, Release 16

| Run on 08/24/2017 at 13:03:37

|   Executable path: /apps/amber16/bin/pmemd.cuda
| Working directory: /scratch/pbarletta/pdz/run/lb/neq/data/3
|          Hostname: mordor

  [-O]verwriting output

File Assignments:
|   MDIN: pdt.in                                                                
|  MDOUT: 8plb_3.out                                                            
| INPCRD: ../2/8plb_2.rst7                                                      
|   PARM: /scratch/pbarletta/pdz/top_files/lb.prmtop                            
| RESTRT: 8plb_3.rst7                                                           
|   REFC: refc                                                                  
|  MDVEL: mdvel                                                                 
|   MDEN: mden                                                                  
|  MDCRD: 8plb_3.nc                                                             
| MDINFO: mdinfo                                                                
|  MDFRC: mdfrc                                                                 


 Here is the input file:

!NVE run                                                                       
&cntrl                                                                         
imin = 0,                           ! No Minimization                          
nmropt = 0,                         ! No NMR restraints read                   
                                                                               
! Nature and format of the input                                               
ntx = 5,                            ! Coordinates and velocities will be read  
irest = 1,                          ! Do not run a new simulation              
                                                                               
! Nature and format of the output                                              
ioutfm = 1,			    ! NetCDF format for output files                             
ntxo = 1,                           ! rstrt file in ASCII format               
ntpr = 500,                         ! inf in output every ntpr steps           
ntwr = 500,                         ! rstrt file every ntwr steps              
ntwx = 20,                          ! mdcrd file every ntwx steps              
ntwv = -1,                          ! mdvel without velocities                 
ntwe = 0,                           ! Energies and temperatures not written in 
idecomp = 0,                        ! No energy decomposition                  
iwrap = 1,                          ! Coordinates of the restart and mdcrd file
                                                                               
! Frozen or restrained atoms                                                   
ibelly = 0,                         ! No frozen atoms                          
ntr=0,                              ! Harmonic potential restraints            
                                                                               
! Molecular dynamics                                                           
nstlim = 20000,                     ! Number of MD-steps                       
dt = 0.0005,                        ! Time step                                
                                                                               
! Temperature regulation                                                       
ntt = 0,                            ! Constant total energy                    
                                                                               
! P and V regulation                                                           
ntp = 0,                            ! No P control                             
ntb = 1,                            ! constant V                               
                                                                               
! SHAKE variables                                                              
ntc = 1,                            ! Bonds involving H are constrained        
ntf = 1,                            ! Bond interaction involving H are ommited.
                                                                               
cut = 9.0,                          ! Nonbonded cutoff                         
/                                                                              
&end                                                                           


Note: ig = -1. Setting random seed to   337944 based on wallclock time in 
      microseconds.
| irandom = 1, using AMBER's internal random number generator (default).
 
|--------------------- INFORMATION ----------------------
| GPU (CUDA) Version of PMEMD in use: NVIDIA GPU IN USE.
|                    Version 16.0.0
| 
|                      02/25/2016
| 
| Implementation by:
|                    Ross C. Walker     (SDSC)
|                    Scott Le Grand     (nVIDIA)
| 
| Precision model in use:
|      [SPFP] - Single Precision Forces, 64-bit Fixed Point
|               Accumulation. (Default)
| 
|--------------------------------------------------------
 
|----------------- CITATION INFORMATION -----------------
|
|    When publishing work that utilized the CUDA version
|    of AMBER, please cite the following in addition to
|    the regular AMBER citations:
|
|  - Romelia Salomon-Ferrer; Andreas W. Goetz; Duncan
|    Poole; Scott Le Grand; Ross C. Walker "Routine
|    microsecond molecular dynamics simulations with
|    AMBER - Part II: Particle Mesh Ewald", J. Chem.
|    Theory Comput., 2013, 9 (9), pp3878-3888,
|    DOI: 10.1021/ct400314y.
|
|  - Andreas W. Goetz; Mark J. Williamson; Dong Xu;
|    Duncan Poole; Scott Le Grand; Ross C. Walker
|    "Routine microsecond molecular dynamics simulations
|    with AMBER - Part I: Generalized Born", J. Chem.
|    Theory Comput., 2012, 8 (5), pp1542-1555.
|
|  - Scott Le Grand; Andreas W. Goetz; Ross C. Walker
|    "SPFP: Speed without compromise - a mixed precision
|    model for GPU accelerated molecular dynamics
|    simulations.", Comp. Phys. Comm., 2013, 184
|    pp374-380, DOI: 10.1016/j.cpc.2012.09.022
|
|--------------------------------------------------------
 
|------------------- GPU DEVICE INFO --------------------
|
|            CUDA_VISIBLE_DEVICES: 0
|   CUDA Capable Devices Detected:      1
|           CUDA Device ID in use:      0
|                CUDA Device Name: GeForce GTX TITAN
|     CUDA Device Global Mem Size:   6082 MB
| CUDA Device Num Multiprocessors:     14
|           CUDA Device Core Freq:   0.93 GHz
|
|--------------------------------------------------------
 
 
| Conditional Compilation Defines Used:
| PUBFFT
| BINTRAJ
| CUDA
| EMIL

| Largest sphere to fit in unit cell has radius =    26.281

| New format PARM file being parsed.
| Version =    1.000 Date = 09/04/12 Time = 16:08:43

| Note: 1-4 EEL scale factors are being read from the topology file.

| Note: 1-4 VDW scale factors are being read from the topology file.
| Duplicated    0 dihedrals

| Duplicated    0 dihedrals

--------------------------------------------------------------------------------
   1.  RESOURCE   USE: 
--------------------------------------------------------------------------------

 getting new box info from bottom of inpcrd
 NATOM  =   23082 NTYPES =      16 NBONH =   22055 MBONA  =    1038
 NTHETH =    2390 MTHETA =    1396 NPHIH =    4631 MPHIA  =    3488
 NHPARM =       0 NPARM  =       0 NNB   =   39434 NRES   =    7134
 NBONA  =    1038 NTHETA =    1396 NPHIA =    3488 NUMBND =      41
 NUMANG =      86 NPTRA  =      41 NATYP =      28 NPHB   =       1
 IFBOX  =       1 NMXRS  =      24 IFCAP =       0 NEXTRA =       0
 NCOPY  =       0

| Coordinate Index Table dimensions:    12   14   10
| Direct force subcell size =     5.0212    5.2012    5.2562

     BOX TYPE: RECTILINEAR

--------------------------------------------------------------------------------
   2.  CONTROL  DATA  FOR  THE  RUN
--------------------------------------------------------------------------------

default_name                                                                    

General flags:
     imin    =       0, nmropt  =       0

Nature and format of input:
     ntx     =       5, irest   =       1, ntrx    =       1

Nature and format of output:
     ntxo    =       1, ntpr    =     500, ntrx    =       1, ntwr    =     500
     iwrap   =       1, ntwx    =      20, ntwv    =      -1, ntwe    =       0
     ioutfm  =       1, ntwprt  =       0, idecomp =       0, rbornstat=      0

Potential function:
     ntf     =       1, ntb     =       1, igb     =       0, nsnb    =      25
     ipol    =       0, gbsa    =       0, iesp    =       0
     dielc   =   1.00000, cut     =   9.00000, intdiel =   1.00000

Frozen or restrained atoms:
     ibelly  =       0, ntr     =       0

Molecular dynamics:
     nstlim  =     20000, nscm    =      1000, nrespa  =         1
     t       =   0.00000, dt      =   0.00050, vlimit  =  -1.00000

| Intermolecular bonds treatment:
|     no_intermolecular_bonds =       1

| Energy averages sample interval:
|     ene_avg_sampling =     500

Ewald parameters:
     verbose =       0, ew_type =       0, nbflag  =       1, use_pme =       1
     vdwmeth =       1, eedmeth =       1, netfrc  =       1
     Box X =   60.254   Box Y =   72.816   Box Z =   52.562
     Alpha =   90.000   Beta  =   90.000   Gamma =   90.000
     NFFT1 =   64       NFFT2 =   80       NFFT3 =   56
     Cutoff=    9.000   Tol   =0.100E-04
     Ewald Coefficient =  0.30768
     Interpolation order =    4

--------------------------------------------------------------------------------
   3.  ATOMIC COORDINATES AND VELOCITIES
--------------------------------------------------------------------------------

default_name                                                                    
 begin time read from input coords =    20.000 ps

 
 Number of triangulated 3-point waters found:     7002

     Sum of charges from parm topology file =  -0.00000008
     Forcing neutrality...

| Dynamic Memory, Types Used:
| Reals              710578
| Integers           737140

| Nonbonded Pairs Initial Allocation:     5262696

| GPU memory information (estimate):
| KB of GPU memory in use:     63171
| KB of CPU memory in use:     27891

--------------------------------------------------------------------------------
   4.  RESULTS
--------------------------------------------------------------------------------

 ---------------------------------------------------
 APPROXIMATING switch and d/dx switch using CUBIC SPLINE INTERPOLATION
 using   5000.0 points per unit in tabled values
 TESTING RELATIVE ERROR over r ranging from 0.0 to cutoff
| CHECK switch(x): max rel err =   0.2738E-14   at   2.422500
| CHECK d/dx switch(x): max rel err =   0.8314E-11   at   2.736960
 ---------------------------------------------------
|---------------------------------------------------
| APPROXIMATING direct energy using CUBIC SPLINE INTERPOLATION
|  with   50.0 points per unit in tabled values
| Relative Error Limit not exceeded for r .gt.   2.39
| APPROXIMATING direct force using CUBIC SPLINE INTERPOLATION
|  with   50.0 points per unit in tabled values
| Relative Error Limit not exceeded for r .gt.   2.84
|---------------------------------------------------

 NSTEP =      500   TIME(PS) =      20.250  TEMP(K) =   300.88  PRESS =     0.0
 Etot   =    -52039.9480  EKtot   =     20700.4473  EPtot      =    -72740.3953
 BOND   =     12823.0635  ANGLE   =       985.6593  DIHED      =      1324.2873
 1-4 NB =       446.8914  1-4 EEL =      4640.9325  VDWAALS    =     12928.1226
 EELEC  =   -105889.3519  EHBOND  =         0.0000  RESTRAINT  =         0.0000
 ------------------------------------------------------------------------------

check COM velocity, temp:        0.002076     0.00(Removed)

 NSTEP =     1000   TIME(PS) =      20.500  TEMP(K) =   299.15  PRESS =     0.0
 Etot   =    -52039.2615  EKtot   =     20581.6328  EPtot      =    -72620.8943
 BOND   =     13024.9625  ANGLE   =      1027.4166  DIHED      =      1327.4101
 1-4 NB =       438.4832  1-4 EEL =      4650.9704  VDWAALS    =     12793.4170
 EELEC  =   -105883.5540  EHBOND  =         0.0000  RESTRAINT  =         0.0000
 ------------------------------------------------------------------------------


 NSTEP =     1500   TIME(PS) =      20.750  TEMP(K) =   300.62  PRESS =     0.0
 Etot   =    -52038.1973  EKtot   =     20682.7676  EPtot      =    -72720.9649
 BOND   =     13105.4428  ANGLE   =      1043.2255  DIHED      =      1306.3807
 1-4 NB =       451.0605  1-4 EEL =      4664.4003  VDWAALS    =     13042.3373
 EELEC  =   -106333.8121  EHBOND  =         0.0000  RESTRAINT  =         0.0000
 ------------------------------------------------------------------------------

check COM velocity, temp:        0.000005     0.00(Removed)

 NSTEP =     2000   TIME(PS) =      21.000  TEMP(K) =   300.76  PRESS =     0.0
 Etot   =    -52044.9455  EKtot   =     20692.2715  EPtot      =    -72737.2170
 BOND   =     12959.3523  ANGLE   =      1051.4183  DIHED      =      1319.5335
 1-4 NB =       434.8624  1-4 EEL =      4615.1084  VDWAALS    =     13105.7421
 EELEC  =   -106223.2340  EHBOND  =         0.0000  RESTRAINT  =         0.0000
 ------------------------------------------------------------------------------


 NSTEP =     2500   TIME(PS) =      21.250  TEMP(K) =   300.30  PRESS =     0.0
 Etot   =    -52040.9562  EKtot   =     20660.6094  EPtot      =    -72701.5655
 BOND   =     12956.3041  ANGLE   =      1031.1448  DIHED      =      1306.5566
 1-4 NB =       443.5715  1-4 EEL =      4648.1500  VDWAALS    =     12799.3881
 EELEC  =   -105886.6808  EHBOND  =         0.0000  RESTRAINT  =         0.0000
 ------------------------------------------------------------------------------

check COM velocity, temp:        0.000002     0.00(Removed)

 NSTEP =     3000   TIME(PS) =      21.500  TEMP(K) =   302.64  PRESS =     0.0
 Etot   =    -52040.4910  EKtot   =     20821.3867  EPtot      =    -72861.8777
 BOND   =     12939.4079  ANGLE   =       990.3343  DIHED      =      1325.9416
 1-4 NB =       428.0321  1-4 EEL =      4628.1488  VDWAALS    =     12657.0613
 EELEC  =   -105830.8039  EHBOND  =         0.0000  RESTRAINT  =         0.0000
 ------------------------------------------------------------------------------


 NSTEP =     3500   TIME(PS) =      21.750  TEMP(K) =   301.60  PRESS =     0.0
 Etot   =    -52039.7168  EKtot   =     20749.6406  EPtot      =    -72789.3575
 BOND   =     12828.7374  ANGLE   =      1024.1675  DIHED      =      1321.7757
 1-4 NB =       441.5746  1-4 EEL =      4646.5188  VDWAALS    =     12757.1095
 EELEC  =   -105809.2409  EHBOND  =         0.0000  RESTRAINT  =         0.0000
 ------------------------------------------------------------------------------

check COM velocity, temp:        0.000008     0.00(Removed)

 NSTEP =     4000   TIME(PS) =      22.000  TEMP(K) =   300.49  PRESS =     0.0
 Etot   =    -52037.7316  EKtot   =     20673.2930  EPtot      =    -72711.0245
 BOND   =     12835.5813  ANGLE   =       992.6471  DIHED      =      1330.1530
 1-4 NB =       444.7471  1-4 EEL =      4637.9176  VDWAALS    =     12708.8134
 EELEC  =   -105660.8841  EHBOND  =         0.0000  RESTRAINT  =         0.0000
 ------------------------------------------------------------------------------


 NSTEP =     4500   TIME(PS) =      22.250  TEMP(K) =   299.38  PRESS =     0.0
 Etot   =    -52037.4974  EKtot   =     20597.4902  EPtot      =    -72634.9876
 BOND   =     12970.9065  ANGLE   =      1036.6736  DIHED      =      1289.4884
 1-4 NB =       439.6856  1-4 EEL =      4632.8251  VDWAALS    =     12684.1905
 EELEC  =   -105688.7573  EHBOND  =         0.0000  RESTRAINT  =         0.0000
 ------------------------------------------------------------------------------

check COM velocity, temp:        0.000005     0.00(Removed)

 NSTEP =     5000   TIME(PS) =      22.500  TEMP(K) =   301.13  PRESS =     0.0
 Etot   =    -52037.9187  EKtot   =     20717.6328  EPtot      =    -72755.5515
 BOND   =     13071.0526  ANGLE   =      1047.5890  DIHED      =      1324.0441
 1-4 NB =       445.4391  1-4 EEL =      4664.7752  VDWAALS    =     12912.4547
 EELEC  =   -106220.9062  EHBOND  =         0.0000  RESTRAINT  =         0.0000
 ------------------------------------------------------------------------------


 NSTEP =     5500   TIME(PS) =      22.750  TEMP(K) =   300.24  PRESS =     0.0
 Etot   =    -52040.7096  EKtot   =     20656.5625  EPtot      =    -72697.2721
 BOND   =     12862.8275  ANGLE   =      1004.3354  DIHED      =      1302.2100
 1-4 NB =       435.3059  1-4 EEL =      4645.3722  VDWAALS    =     12478.7247
 EELEC  =   -105426.0479  EHBOND  =         0.0000  RESTRAINT  =         0.0000
 ------------------------------------------------------------------------------

check COM velocity, temp:        0.000008     0.00(Removed)

 NSTEP =     6000   TIME(PS) =      23.000  TEMP(K) =   300.31  PRESS =     0.0
 Etot   =    -52036.4214  EKtot   =     20661.0488  EPtot      =    -72697.4702
 BOND   =     12918.3397  ANGLE   =      1016.2478  DIHED      =      1337.0507
 1-4 NB =       438.0565  1-4 EEL =      4606.5249  VDWAALS    =     12900.6157
 EELEC  =   -105914.3055  EHBOND  =         0.0000  RESTRAINT  =         0.0000
 ------------------------------------------------------------------------------


 NSTEP =     6500   TIME(PS) =      23.250  TEMP(K) =   300.88  PRESS =     0.0
 Etot   =    -52036.4978  EKtot   =     20700.3828  EPtot      =    -72736.8806
 BOND   =     12810.1125  ANGLE   =      1044.8471  DIHED      =      1326.6590
 1-4 NB =       440.4720  1-4 EEL =      4635.8778  VDWAALS    =     12724.9040
 EELEC  =   -105719.7531  EHBOND  =         0.0000  RESTRAINT  =         0.0000
 ------------------------------------------------------------------------------

check COM velocity, temp:        0.000003     0.00(Removed)

 NSTEP =     7000   TIME(PS) =      23.500  TEMP(K) =   301.78  PRESS =     0.0
 Etot   =    -52039.4217  EKtot   =     20762.5723  EPtot      =    -72801.9939
 BOND   =     12812.6400  ANGLE   =       997.1322  DIHED      =      1310.3063
 1-4 NB =       444.9680  1-4 EEL =      4675.6160  VDWAALS    =     12682.4058
 EELEC  =   -105725.0622  EHBOND  =         0.0000  RESTRAINT  =         0.0000
 ------------------------------------------------------------------------------


 NSTEP =     7500   TIME(PS) =      23.750  TEMP(K) =   300.72  PRESS =     0.0
 Etot   =    -52039.9623  EKtot   =     20689.4043  EPtot      =    -72729.3666
 BOND   =     12917.1883  ANGLE   =      1048.4249  DIHED      =      1328.1158
 1-4 NB =       440.3982  1-4 EEL =      4617.6627  VDWAALS    =     12874.7023
 EELEC  =   -105955.8589  EHBOND  =         0.0000  RESTRAINT  =         0.0000
 ------------------------------------------------------------------------------

check COM velocity, temp:        0.000003     0.00(Removed)

 NSTEP =     8000   TIME(PS) =      24.000  TEMP(K) =   299.65  PRESS =     0.0
 Etot   =    -52036.0188  EKtot   =     20615.5664  EPtot      =    -72651.5852
 BOND   =     12932.0054  ANGLE   =      1058.2032  DIHED      =      1325.4526
 1-4 NB =       445.8924  1-4 EEL =      4640.3056  VDWAALS    =     13022.4338
 EELEC  =   -106075.8782  EHBOND  =         0.0000  RESTRAINT  =         0.0000
 ------------------------------------------------------------------------------


 NSTEP =     8500   TIME(PS) =      24.250  TEMP(K) =   299.34  PRESS =     0.0
 Etot   =    -52035.8666  EKtot   =     20594.1895  EPtot      =    -72630.0561
 BOND   =     12900.1721  ANGLE   =      1002.5730  DIHED      =      1329.0551
 1-4 NB =       446.7096  1-4 EEL =      4637.1483  VDWAALS    =     12615.0104
 EELEC  =   -105560.7246  EHBOND  =         0.0000  RESTRAINT  =         0.0000
 ------------------------------------------------------------------------------

check COM velocity, temp:        0.000003     0.00(Removed)

 NSTEP =     9000   TIME(PS) =      24.500  TEMP(K) =   298.02  PRESS =     0.0
 Etot   =    -52034.8023  EKtot   =     20503.5977  EPtot      =    -72538.4000
 BOND   =     12881.7673  ANGLE   =      1076.3461  DIHED      =      1318.7419
 1-4 NB =       442.5879  1-4 EEL =      4621.9547  VDWAALS    =     12820.3924
 EELEC  =   -105700.1903  EHBOND  =         0.0000  RESTRAINT  =         0.0000
 ------------------------------------------------------------------------------


 NSTEP =     9500   TIME(PS) =      24.750  TEMP(K) =   300.08  PRESS =     0.0
 Etot   =    -52035.7520  EKtot   =     20645.4512  EPtot      =    -72681.2031
 BOND   =     12829.6664  ANGLE   =      1011.7664  DIHED      =      1316.8602
 1-4 NB =       425.5776  1-4 EEL =      4649.1454  VDWAALS    =     13074.2876
 EELEC  =   -105988.5067  EHBOND  =         0.0000  RESTRAINT  =         0.0000
 ------------------------------------------------------------------------------

check COM velocity, temp:        0.000006     0.00(Removed)

 NSTEP =    10000   TIME(PS) =      25.000  TEMP(K) =   299.94  PRESS =     0.0
 Etot   =    -52032.9432  EKtot   =     20635.4473  EPtot      =    -72668.3905
 BOND   =     12788.1259  ANGLE   =      1092.4631  DIHED      =      1333.2193
 1-4 NB =       442.0670  1-4 EEL =      4603.7966  VDWAALS    =     12841.3244
 EELEC  =   -105769.3868  EHBOND  =         0.0000  RESTRAINT  =         0.0000
 ------------------------------------------------------------------------------


 NSTEP =    10500   TIME(PS) =      25.250  TEMP(K) =   301.30  PRESS =     0.0
 Etot   =    -52039.8580  EKtot   =     20729.2598  EPtot      =    -72769.1177
 BOND   =     12793.8982  ANGLE   =      1036.1489  DIHED      =      1321.3410
 1-4 NB =       436.9517  1-4 EEL =      4650.1002  VDWAALS    =     12935.1204
 EELEC  =   -105942.6782  EHBOND  =         0.0000  RESTRAINT  =         0.0000
 ------------------------------------------------------------------------------

check COM velocity, temp:        0.000005     0.00(Removed)

 NSTEP =    11000   TIME(PS) =      25.500  TEMP(K) =   300.27  PRESS =     0.0
 Etot   =    -52040.2847  EKtot   =     20658.1289  EPtot      =    -72698.4136
 BOND   =     12852.4809  ANGLE   =      1051.7194  DIHED      =      1325.6329
 1-4 NB =       455.9428  1-4 EEL =      4627.0961  VDWAALS    =     12830.2221
 EELEC  =   -105841.5078  EHBOND  =         0.0000  RESTRAINT  =         0.0000
 ------------------------------------------------------------------------------


 NSTEP =    11500   TIME(PS) =      25.750  TEMP(K) =   297.58  PRESS =     0.0
 Etot   =    -52035.5383  EKtot   =     20473.7109  EPtot      =    -72509.2492
 BOND   =     13026.4131  ANGLE   =      1050.9951  DIHED      =      1325.7313
 1-4 NB =       438.4981  1-4 EEL =      4648.4065  VDWAALS    =     12654.3198
 EELEC  =   -105653.6131  EHBOND  =         0.0000  RESTRAINT  =         0.0000
 ------------------------------------------------------------------------------

check COM velocity, temp:        0.000006     0.00(Removed)

 NSTEP =    12000   TIME(PS) =      26.000  TEMP(K) =   299.79  PRESS =     0.0
 Etot   =    -52037.6313  EKtot   =     20625.6953  EPtot      =    -72663.3266
 BOND   =     12870.5397  ANGLE   =      1053.3461  DIHED      =      1339.7160
 1-4 NB =       426.9447  1-4 EEL =      4636.8904  VDWAALS    =     12875.8433
 EELEC  =   -105866.6067  EHBOND  =         0.0000  RESTRAINT  =         0.0000
 ------------------------------------------------------------------------------


 NSTEP =    12500   TIME(PS) =      26.250  TEMP(K) =   302.13  PRESS =     0.0
 Etot   =    -52041.1608  EKtot   =     20786.6562  EPtot      =    -72827.8171
 BOND   =     12828.4939  ANGLE   =      1055.1136  DIHED      =      1331.0477
 1-4 NB =       452.2185  1-4 EEL =      4661.5893  VDWAALS    =     12898.0174
 EELEC  =   -106054.2975  EHBOND  =         0.0000  RESTRAINT  =         0.0000
 ------------------------------------------------------------------------------

check COM velocity, temp:        0.000005     0.00(Removed)

 NSTEP =    13000   TIME(PS) =      26.500  TEMP(K) =   300.38  PRESS =     0.0
 Etot   =    -52043.7542  EKtot   =     20666.1230  EPtot      =    -72709.8773
 BOND   =     12704.5973  ANGLE   =      1061.1724  DIHED      =      1337.7274
 1-4 NB =       438.4486  1-4 EEL =      4620.2781  VDWAALS    =     12834.2773
 EELEC  =   -105706.3784  EHBOND  =         0.0000  RESTRAINT  =         0.0000
 ------------------------------------------------------------------------------


 NSTEP =    13500   TIME(PS) =      26.750  TEMP(K) =   299.56  PRESS =     0.0
 Etot   =    -52040.9200  EKtot   =     20609.2773  EPtot      =    -72650.1974
 BOND   =     12939.5112  ANGLE   =      1058.9591  DIHED      =      1331.0167
 1-4 NB =       439.2998  1-4 EEL =      4621.8227  VDWAALS    =     12978.5790
 EELEC  =   -106019.3858  EHBOND  =         0.0000  RESTRAINT  =         0.0000
 ------------------------------------------------------------------------------

check COM velocity, temp:        0.000006     0.00(Removed)

 NSTEP =    14000   TIME(PS) =      27.000  TEMP(K) =   298.95  PRESS =     0.0
 Etot   =    -52040.7560  EKtot   =     20567.8887  EPtot      =    -72608.6447
 BOND   =     12946.0303  ANGLE   =      1068.8862  DIHED      =      1329.5640
 1-4 NB =       421.2995  1-4 EEL =      4582.2477  VDWAALS    =     12553.6009
 EELEC  =   -105510.2733  EHBOND  =         0.0000  RESTRAINT  =         0.0000
 ------------------------------------------------------------------------------


 NSTEP =    14500   TIME(PS) =      27.250  TEMP(K) =   302.60  PRESS =     0.0
 Etot   =    -52041.1338  EKtot   =     20818.5742  EPtot      =    -72859.7080
 BOND   =     12936.7200  ANGLE   =      1009.4897  DIHED      =      1340.0835
 1-4 NB =       451.1751  1-4 EEL =      4651.4249  VDWAALS    =     12756.7220
 EELEC  =   -106005.3232  EHBOND  =         0.0000  RESTRAINT  =         0.0000
 ------------------------------------------------------------------------------

check COM velocity, temp:        0.000003     0.00(Removed)

 NSTEP =    15000   TIME(PS) =      27.500  TEMP(K) =   300.04  PRESS =     0.0
 Etot   =    -52039.3620  EKtot   =     20642.3281  EPtot      =    -72681.6901
 BOND   =     12879.1638  ANGLE   =      1030.2943  DIHED      =      1342.6680
 1-4 NB =       436.9285  1-4 EEL =      4607.4610  VDWAALS    =     12903.0709
 EELEC  =   -105881.2767  EHBOND  =         0.0000  RESTRAINT  =         0.0000
 ------------------------------------------------------------------------------


 NSTEP =    15500   TIME(PS) =      27.750  TEMP(K) =   299.84  PRESS =     0.0
 Etot   =    -52039.1553  EKtot   =     20628.7891  EPtot      =    -72667.9443
 BOND   =     12901.1071  ANGLE   =      1059.6924  DIHED      =      1356.9059
 1-4 NB =       429.6861  1-4 EEL =      4598.1075  VDWAALS    =     12893.6226
 EELEC  =   -105907.0659  EHBOND  =         0.0000  RESTRAINT  =         0.0000
 ------------------------------------------------------------------------------

check COM velocity, temp:        0.000007     0.00(Removed)

 NSTEP =    16000   TIME(PS) =      28.000  TEMP(K) =   301.04  PRESS =     0.0
 Etot   =    -52037.2761  EKtot   =     20711.2383  EPtot      =    -72748.5144
 BOND   =     12901.7897  ANGLE   =      1029.2764  DIHED      =      1324.0798
 1-4 NB =       430.7870  1-4 EEL =      4668.0248  VDWAALS    =     12705.9361
 EELEC  =   -105808.4081  EHBOND  =         0.0000  RESTRAINT  =         0.0000
 ------------------------------------------------------------------------------


 NSTEP =    16500   TIME(PS) =      28.250  TEMP(K) =   299.40  PRESS =     0.0
 Etot   =    -52038.4480  EKtot   =     20598.5020  EPtot      =    -72636.9499
 BOND   =     13053.4426  ANGLE   =      1020.4166  DIHED      =      1330.7637
 1-4 NB =       444.3518  1-4 EEL =      4659.6151  VDWAALS    =     12735.5916
 EELEC  =   -105881.1313  EHBOND  =         0.0000  RESTRAINT  =         0.0000
 ------------------------------------------------------------------------------

check COM velocity, temp:        0.000001     0.00(Removed)

 NSTEP =    17000   TIME(PS) =      28.500  TEMP(K) =   300.38  PRESS =     0.0
 Etot   =    -52038.0561  EKtot   =     20666.2773  EPtot      =    -72704.3335
 BOND   =     12883.7062  ANGLE   =      1030.6154  DIHED      =      1341.0721
 1-4 NB =       445.1393  1-4 EEL =      4653.8902  VDWAALS    =     12544.5790
 EELEC  =   -105603.3357  EHBOND  =         0.0000  RESTRAINT  =         0.0000
 ------------------------------------------------------------------------------


 NSTEP =    17500   TIME(PS) =      28.750  TEMP(K) =   300.10  PRESS =     0.0
 Etot   =    -52036.7715  EKtot   =     20646.8926  EPtot      =    -72683.6641
 BOND   =     12758.5574  ANGLE   =      1057.7771  DIHED      =      1341.0680
 1-4 NB =       442.3306  1-4 EEL =      4624.2889  VDWAALS    =     12708.2788
 EELEC  =   -105615.9650  EHBOND  =         0.0000  RESTRAINT  =         0.0000
 ------------------------------------------------------------------------------

check COM velocity, temp:        0.000004     0.00(Removed)

 NSTEP =    18000   TIME(PS) =      29.000  TEMP(K) =   300.15  PRESS =     0.0
 Etot   =    -52033.3068  EKtot   =     20650.0957  EPtot      =    -72683.4025
 BOND   =     12865.7873  ANGLE   =      1032.8803  DIHED      =      1361.9512
 1-4 NB =       427.6686  1-4 EEL =      4644.2271  VDWAALS    =     12689.6029
 EELEC  =   -105705.5198  EHBOND  =         0.0000  RESTRAINT  =         0.0000
 ------------------------------------------------------------------------------


 NSTEP =    18500   TIME(PS) =      29.250  TEMP(K) =   301.92  PRESS =     0.0
 Etot   =    -52040.1279  EKtot   =     20771.8320  EPtot      =    -72811.9599
 BOND   =     12810.1811  ANGLE   =      1005.6568  DIHED      =      1326.2654
 1-4 NB =       440.1201  1-4 EEL =      4630.7852  VDWAALS    =     12645.5781
 EELEC  =   -105670.5466  EHBOND  =         0.0000  RESTRAINT  =         0.0000
 ------------------------------------------------------------------------------

check COM velocity, temp:        0.000002     0.00(Removed)

 NSTEP =    19000   TIME(PS) =      29.500  TEMP(K) =   298.22  PRESS =     0.0
 Etot   =    -52042.6768  EKtot   =     20517.4727  EPtot      =    -72560.1495
 BOND   =     12913.8778  ANGLE   =      1024.3516  DIHED      =      1327.9165
 1-4 NB =       444.1247  1-4 EEL =      4675.1760  VDWAALS    =     12973.7840
 EELEC  =   -105919.3802  EHBOND  =         0.0000  RESTRAINT  =         0.0000
 ------------------------------------------------------------------------------


 NSTEP =    19500   TIME(PS) =      29.750  TEMP(K) =   300.61  PRESS =     0.0
 Etot   =    -52043.6377  EKtot   =     20681.7227  EPtot      =    -72725.3603
 BOND   =     12840.9175  ANGLE   =      1009.7199  DIHED      =      1317.8334
 1-4 NB =       435.2009  1-4 EEL =      4624.2352  VDWAALS    =     12593.8180
 EELEC  =   -105547.0851  EHBOND  =         0.0000  RESTRAINT  =         0.0000
 ------------------------------------------------------------------------------

check COM velocity, temp:        0.000006     0.00(Removed)

 NSTEP =    20000   TIME(PS) =      30.000  TEMP(K) =   300.12  PRESS =     0.0
 Etot   =    -52037.3399  EKtot   =     20648.0312  EPtot      =    -72685.3712
 BOND   =     12802.1777  ANGLE   =      1038.2131  DIHED      =      1329.3586
 1-4 NB =       434.2136  1-4 EEL =      4633.1809  VDWAALS    =     12755.3344
 EELEC  =   -105677.8496  EHBOND  =         0.0000  RESTRAINT  =         0.0000
 ------------------------------------------------------------------------------


      A V E R A G E S   O V E R      40 S T E P S


 NSTEP =    20000   TIME(PS) =      30.000  TEMP(K) =   300.31  PRESS =     0.0
 Etot   =    -52038.8064  EKtot   =     20660.9973  EPtot      =    -72699.8036
 BOND   =     12891.9262  ANGLE   =      1034.1835  DIHED      =      1327.1246
 1-4 NB =       439.6928  1-4 EEL =      4637.0500  VDWAALS    =     12797.2334
 EELEC  =   -105827.0142  EHBOND  =         0.0000  RESTRAINT  =         0.0000
 ------------------------------------------------------------------------------


      R M S  F L U C T U A T I O N S


 NSTEP =    20000   TIME(PS) =      30.000  TEMP(K) =     1.10  PRESS =     0.0
 Etot   =         2.6606  EKtot   =        75.7954  EPtot      =        76.6750
 BOND   =        85.8592  ANGLE   =        24.7026  DIHED      =        13.1961
 1-4 NB =         7.5747  1-4 EEL =        20.9930  VDWAALS    =       149.3846
 EELEC  =       196.7258  EHBOND  =         0.0000  RESTRAINT  =         0.0000
|E(PBS) =         0.9571
 ------------------------------------------------------------------------------

--------------------------------------------------------------------------------
   5.  TIMINGS
--------------------------------------------------------------------------------

|  NonSetup CPU Time in Major Routines:
|
|     Routine           Sec        %
|     ------------------------------
|     Nonbond           3.96   10.18
|     Bond              0.00    0.00
|     Angle             0.00    0.00
|     Dihedral          0.00    0.00
|     Shake             0.00    0.00
|     RunMD            34.87   89.71
|     Other             0.04    0.11
|     ------------------------------
|     Total            38.87

|  PME Nonbond Pairlist CPU Time:
|
|     Routine              Sec        %
|     ---------------------------------
|     Set Up Cit           0.00    0.00
|     Build List           0.00    0.00
|     ---------------------------------
|     Total                0.00    0.00

|  PME Direct Force CPU Time:
|
|     Routine              Sec        %
|     ---------------------------------
|     NonBonded Calc       0.00    0.00
|     Exclude Masked       0.00    0.00
|     Other                0.02    0.05
|     ---------------------------------
|     Total                0.02    0.05

|  PME Reciprocal Force CPU Time:
|
|     Routine              Sec        %
|     ---------------------------------
|     1D bspline           0.00    0.00
|     Grid Charges         0.00    0.00
|     Scalar Sum           0.00    0.00
|     Gradient Sum         0.00    0.00
|     FFT                  0.00    0.00
|     ---------------------------------
|     Total                0.00    0.00

|  Final Performance Info:
|     -----------------------------------------------------
|     Average timings for last   19500 steps:
|     Elapsed(s) =      40.05 Per Step(ms) =       2.05
|         ns/day =      21.03   seconds/ns =    4107.50
|
|     Average timings for all steps:
|     Elapsed(s) =      40.96 Per Step(ms) =       2.05
|         ns/day =      21.10   seconds/ns =    4095.60
|     -----------------------------------------------------

|  Setup CPU time:            2.80 seconds
|  NonSetup CPU time:        38.87 seconds
|  Total CPU time:           41.67 seconds     0.01 hours

|  Setup wall time:           3    seconds
|  NonSetup wall time:       41    seconds
|  Total wall time:          44    seconds     0.01 hours
