
          -------------------------------------------------------
          Amber 16 PMEMD                              2016
          -------------------------------------------------------

| PMEMD implementation of SANDER, Release 16

| Run on 08/24/2017 at 10:22:48

|   Executable path: /apps/amber16/bin/pmemd.cuda
| Working directory: /scratch/pbarletta/pdz/run/lb/neq/data/2
|          Hostname: mordor

  [-O]verwriting output

File Assignments:
|   MDIN: pdt.in                                                                
|  MDOUT: 10plb_2.out                                                           
| INPCRD: ../1/10plb_1.rst7                                                     
|   PARM: /scratch/pbarletta/pdz/top_files/lb.prmtop                            
| RESTRT: 10plb_2.rst7                                                          
|   REFC: refc                                                                  
|  MDVEL: mdvel                                                                 
|   MDEN: mden                                                                  
|  MDCRD: 10plb_2.nc                                                            
| MDINFO: mdinfo                                                                
|  MDFRC: mdfrc                                                                 


 Here is the input file:

!NVE run                                                                       
&cntrl                                                                         
imin = 0,                           ! No Minimization                          
nmropt = 0,                         ! No NMR restraints read                   
                                                                               
! Nature and format of the input                                               
ntx = 5,                            ! Coordinates and velocities will be read  
irest = 1,                          ! Restart simulation                       
                                                                               
! Nature and format of the output                                              
ioutfm = 1,			    ! NetCDF format for output files                             
ntxo = 1,                           ! rstrt file in ASCII format               
ntpr = 500,                         ! inf in output every ntpr steps           
ntwr = 500,                         ! rstrt file every ntwr steps              
ntwx = 20,                          ! mdcrd file every ntwx steps              
ntwv = -1,                          ! mdvel without velocities                 
ntwe = 0,                           ! Energies and temperatures not written in 
idecomp = 0,                        ! No energy decomposition                  
iwrap = 1,                          ! Coordinates of the restart and mdcrd file
                                                                               
! Frozen or restrained atoms                                                   
ibelly = 0,                         ! No frozen atoms                          
ntr=0,                              ! Harmonic potential restraints            
                                                                               
! Molecular dynamics                                                           
nstlim = 20000,                      ! Number of MD-steps                      
dt = 0.0005,                        ! Time step                                
                                                                               
! Temperature regulation                                                       
ntt = 3,                            ! Langevin thermostat                      
gamma_ln = 2,                       ! Gamma constant for Langevin              
temp0 = 300.0,                      ! Reference T at which the system is to be 
tempi = 300.0,                      ! Initial T                                
                                                                               
! P and V regulation                                                           
ntp = 0,                            ! No P control                             
ntb = 1,                            ! constant V                               
                                                                               
! SHAKE variables                                                              
ntc = 1,                            ! No SHAKE                                 
ntf = 1,                            ! Get E with allatom                       
                                                                               
cut = 9.0,                          ! Nonbonded cutoff                         
/                                                                              
&end                                                                           


Note: ig = -1. Setting random seed to   643237 based on wallclock time in 
      microseconds.
| irandom = 1, using AMBER's internal random number generator (default).
 
|--------------------- INFORMATION ----------------------
| GPU (CUDA) Version of PMEMD in use: NVIDIA GPU IN USE.
|                    Version 16.0.0
| 
|                      02/25/2016
| 
| Implementation by:
|                    Ross C. Walker     (SDSC)
|                    Scott Le Grand     (nVIDIA)
| 
| Precision model in use:
|      [SPFP] - Single Precision Forces, 64-bit Fixed Point
|               Accumulation. (Default)
| 
|--------------------------------------------------------
 
|----------------- CITATION INFORMATION -----------------
|
|    When publishing work that utilized the CUDA version
|    of AMBER, please cite the following in addition to
|    the regular AMBER citations:
|
|  - Romelia Salomon-Ferrer; Andreas W. Goetz; Duncan
|    Poole; Scott Le Grand; Ross C. Walker "Routine
|    microsecond molecular dynamics simulations with
|    AMBER - Part II: Particle Mesh Ewald", J. Chem.
|    Theory Comput., 2013, 9 (9), pp3878-3888,
|    DOI: 10.1021/ct400314y.
|
|  - Andreas W. Goetz; Mark J. Williamson; Dong Xu;
|    Duncan Poole; Scott Le Grand; Ross C. Walker
|    "Routine microsecond molecular dynamics simulations
|    with AMBER - Part I: Generalized Born", J. Chem.
|    Theory Comput., 2012, 8 (5), pp1542-1555.
|
|  - Scott Le Grand; Andreas W. Goetz; Ross C. Walker
|    "SPFP: Speed without compromise - a mixed precision
|    model for GPU accelerated molecular dynamics
|    simulations.", Comp. Phys. Comm., 2013, 184
|    pp374-380, DOI: 10.1016/j.cpc.2012.09.022
|
|--------------------------------------------------------
 
|------------------- GPU DEVICE INFO --------------------
|
|            CUDA_VISIBLE_DEVICES: 0
|   CUDA Capable Devices Detected:      1
|           CUDA Device ID in use:      0
|                CUDA Device Name: GeForce GTX TITAN
|     CUDA Device Global Mem Size:   6082 MB
| CUDA Device Num Multiprocessors:     14
|           CUDA Device Core Freq:   0.93 GHz
|
|--------------------------------------------------------
 
 
| Conditional Compilation Defines Used:
| PUBFFT
| BINTRAJ
| CUDA
| EMIL

| Largest sphere to fit in unit cell has radius =    26.281

| New format PARM file being parsed.
| Version =    1.000 Date = 09/04/12 Time = 16:08:43

| Note: 1-4 EEL scale factors are being read from the topology file.

| Note: 1-4 VDW scale factors are being read from the topology file.
| Duplicated    0 dihedrals

| Duplicated    0 dihedrals

--------------------------------------------------------------------------------
   1.  RESOURCE   USE: 
--------------------------------------------------------------------------------

 getting new box info from bottom of inpcrd
 NATOM  =   23082 NTYPES =      16 NBONH =   22055 MBONA  =    1038
 NTHETH =    2390 MTHETA =    1396 NPHIH =    4631 MPHIA  =    3488
 NHPARM =       0 NPARM  =       0 NNB   =   39434 NRES   =    7134
 NBONA  =    1038 NTHETA =    1396 NPHIA =    3488 NUMBND =      41
 NUMANG =      86 NPTRA  =      41 NATYP =      28 NPHB   =       1
 IFBOX  =       1 NMXRS  =      24 IFCAP =       0 NEXTRA =       0
 NCOPY  =       0

| Coordinate Index Table dimensions:    12   14   10
| Direct force subcell size =     5.0212    5.2012    5.2562

     BOX TYPE: RECTILINEAR

--------------------------------------------------------------------------------
   2.  CONTROL  DATA  FOR  THE  RUN
--------------------------------------------------------------------------------

default_name                                                                    

General flags:
     imin    =       0, nmropt  =       0

Nature and format of input:
     ntx     =       5, irest   =       1, ntrx    =       1

Nature and format of output:
     ntxo    =       1, ntpr    =     500, ntrx    =       1, ntwr    =     500
     iwrap   =       1, ntwx    =      20, ntwv    =      -1, ntwe    =       0
     ioutfm  =       1, ntwprt  =       0, idecomp =       0, rbornstat=      0

Potential function:
     ntf     =       1, ntb     =       1, igb     =       0, nsnb    =      25
     ipol    =       0, gbsa    =       0, iesp    =       0
     dielc   =   1.00000, cut     =   9.00000, intdiel =   1.00000

Frozen or restrained atoms:
     ibelly  =       0, ntr     =       0

Molecular dynamics:
     nstlim  =     20000, nscm    =      1000, nrespa  =         1
     t       =   0.00000, dt      =   0.00050, vlimit  =  -1.00000

Langevin dynamics temperature regulation:
     ig      =  643237
     temp0   = 300.00000, tempi   = 300.00000, gamma_ln=   2.00000

| Intermolecular bonds treatment:
|     no_intermolecular_bonds =       1

| Energy averages sample interval:
|     ene_avg_sampling =     500

Ewald parameters:
     verbose =       0, ew_type =       0, nbflag  =       1, use_pme =       1
     vdwmeth =       1, eedmeth =       1, netfrc  =       1
     Box X =   60.254   Box Y =   72.816   Box Z =   52.562
     Alpha =   90.000   Beta  =   90.000   Gamma =   90.000
     NFFT1 =   64       NFFT2 =   80       NFFT3 =   56
     Cutoff=    9.000   Tol   =0.100E-04
     Ewald Coefficient =  0.30768
     Interpolation order =    4

--------------------------------------------------------------------------------
   3.  ATOMIC COORDINATES AND VELOCITIES
--------------------------------------------------------------------------------

default_name                                                                    
 begin time read from input coords =    10.000 ps

 
 Number of triangulated 3-point waters found:     7002

     Sum of charges from parm topology file =  -0.00000008
     Forcing neutrality...

| Dynamic Memory, Types Used:
| Reals              710578
| Integers           737140

| Nonbonded Pairs Initial Allocation:     5262696

| GPU memory information (estimate):
| KB of GPU memory in use:    132483
| KB of CPU memory in use:     27891

--------------------------------------------------------------------------------
   4.  RESULTS
--------------------------------------------------------------------------------

 ---------------------------------------------------
 APPROXIMATING switch and d/dx switch using CUBIC SPLINE INTERPOLATION
 using   5000.0 points per unit in tabled values
 TESTING RELATIVE ERROR over r ranging from 0.0 to cutoff
| CHECK switch(x): max rel err =   0.2738E-14   at   2.422500
| CHECK d/dx switch(x): max rel err =   0.8314E-11   at   2.736960
 ---------------------------------------------------
|---------------------------------------------------
| APPROXIMATING direct energy using CUBIC SPLINE INTERPOLATION
|  with   50.0 points per unit in tabled values
| Relative Error Limit not exceeded for r .gt.   2.39
| APPROXIMATING direct force using CUBIC SPLINE INTERPOLATION
|  with   50.0 points per unit in tabled values
| Relative Error Limit not exceeded for r .gt.   2.84
|---------------------------------------------------

 NSTEP =      500   TIME(PS) =      10.250  TEMP(K) =   269.61  PRESS =     0.0
 Etot   =    -54595.8661  EKtot   =     18549.6523  EPtot      =    -73145.5185
 BOND   =      6983.6111  ANGLE   =      1001.4643  DIHED      =      1337.9384
 1-4 NB =       454.4510  1-4 EEL =      4639.0866  VDWAALS    =     11678.3062
 EELEC  =    -99240.3761  EHBOND  =         0.0000  RESTRAINT  =         0.0000
 ------------------------------------------------------------------------------


 NSTEP =     1000   TIME(PS) =      10.500  TEMP(K) =   284.04  PRESS =     0.0
 Etot   =    -53223.0762  EKtot   =     19542.6699  EPtot      =    -72765.7461
 BOND   =     10118.3126  ANGLE   =      1008.4424  DIHED      =      1332.6201
 1-4 NB =       458.4400  1-4 EEL =      4638.2239  VDWAALS    =     11587.9902
 EELEC  =   -101909.7752  EHBOND  =         0.0000  RESTRAINT  =         0.0000
 ------------------------------------------------------------------------------


 NSTEP =     1500   TIME(PS) =      10.750  TEMP(K) =   288.37  PRESS =     0.0
 Etot   =    -52427.7307  EKtot   =     19840.8398  EPtot      =    -72268.5705
 BOND   =     11551.1958  ANGLE   =      1051.1791  DIHED      =      1332.7558
 1-4 NB =       467.0455  1-4 EEL =      4626.4000  VDWAALS    =     12156.0470
 EELEC  =   -103453.1938  EHBOND  =         0.0000  RESTRAINT  =         0.0000
 ------------------------------------------------------------------------------


 NSTEP =     2000   TIME(PS) =      11.000  TEMP(K) =   296.87  PRESS =     0.0
 Etot   =    -52047.5908  EKtot   =     20425.5020  EPtot      =    -72473.0928
 BOND   =     12038.8985  ANGLE   =      1043.8653  DIHED      =      1327.8137
 1-4 NB =       440.1765  1-4 EEL =      4612.0191  VDWAALS    =     12335.1419
 EELEC  =   -104271.0077  EHBOND  =         0.0000  RESTRAINT  =         0.0000
 ------------------------------------------------------------------------------


 NSTEP =     2500   TIME(PS) =      11.250  TEMP(K) =   296.76  PRESS =     0.0
 Etot   =    -51893.2264  EKtot   =     20417.5195  EPtot      =    -72310.7460
 BOND   =     12318.0816  ANGLE   =       993.8999  DIHED      =      1339.4606
 1-4 NB =       453.5472  1-4 EEL =      4632.1144  VDWAALS    =     12599.0655
 EELEC  =   -104646.9152  EHBOND  =         0.0000  RESTRAINT  =         0.0000
 ------------------------------------------------------------------------------


 NSTEP =     3000   TIME(PS) =      11.500  TEMP(K) =   298.07  PRESS =     0.0
 Etot   =    -51718.2664  EKtot   =     20507.6465  EPtot      =    -72225.9129
 BOND   =     12402.2604  ANGLE   =      1040.6271  DIHED      =      1330.1659
 1-4 NB =       446.4798  1-4 EEL =      4639.6419  VDWAALS    =     12498.5360
 EELEC  =   -104583.6240  EHBOND  =         0.0000  RESTRAINT  =         0.0000
 ------------------------------------------------------------------------------


 NSTEP =     3500   TIME(PS) =      11.750  TEMP(K) =   299.69  PRESS =     0.0
 Etot   =    -51821.9034  EKtot   =     20619.5801  EPtot      =    -72441.4835
 BOND   =     12576.0330  ANGLE   =      1045.1045  DIHED      =      1358.5080
 1-4 NB =       458.1720  1-4 EEL =      4611.8729  VDWAALS    =     12618.4283
 EELEC  =   -105109.6022  EHBOND  =         0.0000  RESTRAINT  =         0.0000
 ------------------------------------------------------------------------------


 NSTEP =     4000   TIME(PS) =      12.000  TEMP(K) =   302.23  PRESS =     0.0
 Etot   =    -51622.1128  EKtot   =     20794.2285  EPtot      =    -72416.3413
 BOND   =     12663.6612  ANGLE   =      1023.4828  DIHED      =      1328.6211
 1-4 NB =       454.4377  1-4 EEL =      4635.2205  VDWAALS    =     12787.1944
 EELEC  =   -105308.9592  EHBOND  =         0.0000  RESTRAINT  =         0.0000
 ------------------------------------------------------------------------------


 NSTEP =     4500   TIME(PS) =      12.250  TEMP(K) =   300.98  PRESS =     0.0
 Etot   =    -51773.5326  EKtot   =     20708.4824  EPtot      =    -72482.0150
 BOND   =     12717.5407  ANGLE   =      1038.2548  DIHED      =      1336.8684
 1-4 NB =       441.6981  1-4 EEL =      4621.5790  VDWAALS    =     12882.3831
 EELEC  =   -105520.3391  EHBOND  =         0.0000  RESTRAINT  =         0.0000
 ------------------------------------------------------------------------------


 NSTEP =     5000   TIME(PS) =      12.500  TEMP(K) =   301.43  PRESS =     0.0
 Etot   =    -51648.5507  EKtot   =     20739.4863  EPtot      =    -72388.0370
 BOND   =     12969.7721  ANGLE   =      1048.8070  DIHED      =      1342.9801
 1-4 NB =       456.7234  1-4 EEL =      4611.8482  VDWAALS    =     12775.3139
 EELEC  =   -105593.4816  EHBOND  =         0.0000  RESTRAINT  =         0.0000
 ------------------------------------------------------------------------------


 NSTEP =     5500   TIME(PS) =      12.750  TEMP(K) =   301.76  PRESS =     0.0
 Etot   =    -51581.5155  EKtot   =     20762.1738  EPtot      =    -72343.6894
 BOND   =     12912.5083  ANGLE   =      1027.3730  DIHED      =      1310.1306
 1-4 NB =       449.6172  1-4 EEL =      4597.4730  VDWAALS    =     12533.1523
 EELEC  =   -105173.9437  EHBOND  =         0.0000  RESTRAINT  =         0.0000
 ------------------------------------------------------------------------------


 NSTEP =     6000   TIME(PS) =      13.000  TEMP(K) =   301.50  PRESS =     0.0
 Etot   =    -51704.9454  EKtot   =     20743.6367  EPtot      =    -72448.5821
 BOND   =     12684.6846  ANGLE   =      1055.8082  DIHED      =      1326.7770
 1-4 NB =       455.2038  1-4 EEL =      4648.4187  VDWAALS    =     12596.8841
 EELEC  =   -105216.3584  EHBOND  =         0.0000  RESTRAINT  =         0.0000
 ------------------------------------------------------------------------------


 NSTEP =     6500   TIME(PS) =      13.250  TEMP(K) =   299.69  PRESS =     0.0
 Etot   =    -52020.5086  EKtot   =     20619.3984  EPtot      =    -72639.9070
 BOND   =     12749.7218  ANGLE   =      1029.8050  DIHED      =      1309.7131
 1-4 NB =       440.1958  1-4 EEL =      4638.0904  VDWAALS    =     12430.9549
 EELEC  =   -105238.3881  EHBOND  =         0.0000  RESTRAINT  =         0.0000
 ------------------------------------------------------------------------------


 NSTEP =     7000   TIME(PS) =      13.500  TEMP(K) =   296.79  PRESS =     0.0
 Etot   =    -52091.0934  EKtot   =     20420.1465  EPtot      =    -72511.2399
 BOND   =     12825.9295  ANGLE   =      1006.8622  DIHED      =      1330.4751
 1-4 NB =       440.8955  1-4 EEL =      4619.6754  VDWAALS    =     13036.7048
 EELEC  =   -105771.7824  EHBOND  =         0.0000  RESTRAINT  =         0.0000
 ------------------------------------------------------------------------------


 NSTEP =     7500   TIME(PS) =      13.750  TEMP(K) =   299.60  PRESS =     0.0
 Etot   =    -51977.2535  EKtot   =     20613.1406  EPtot      =    -72590.3941
 BOND   =     12808.8985  ANGLE   =      1004.9336  DIHED      =      1303.6361
 1-4 NB =       441.9835  1-4 EEL =      4597.1867  VDWAALS    =     12577.1560
 EELEC  =   -105324.1885  EHBOND  =         0.0000  RESTRAINT  =         0.0000
 ------------------------------------------------------------------------------


 NSTEP =     8000   TIME(PS) =      14.000  TEMP(K) =   301.87  PRESS =     0.0
 Etot   =    -51941.9570  EKtot   =     20769.5273  EPtot      =    -72711.4843
 BOND   =     12853.0981  ANGLE   =      1020.7178  DIHED      =      1315.1463
 1-4 NB =       450.3519  1-4 EEL =      4629.2172  VDWAALS    =     12774.2512
 EELEC  =   -105754.2669  EHBOND  =         0.0000  RESTRAINT  =         0.0000
 ------------------------------------------------------------------------------


 NSTEP =     8500   TIME(PS) =      14.250  TEMP(K) =   300.09  PRESS =     0.0
 Etot   =    -52127.2831  EKtot   =     20646.8867  EPtot      =    -72774.1698
 BOND   =     12731.7223  ANGLE   =      1030.7370  DIHED      =      1340.3207
 1-4 NB =       445.9659  1-4 EEL =      4616.5178  VDWAALS    =     12523.8726
 EELEC  =   -105463.3063  EHBOND  =         0.0000  RESTRAINT  =         0.0000
 ------------------------------------------------------------------------------


 NSTEP =     9000   TIME(PS) =      14.500  TEMP(K) =   300.16  PRESS =     0.0
 Etot   =    -52151.4676  EKtot   =     20651.5527  EPtot      =    -72803.0203
 BOND   =     12660.4547  ANGLE   =      1035.6468  DIHED      =      1332.1709
 1-4 NB =       454.4893  1-4 EEL =      4628.7585  VDWAALS    =     12670.7361
 EELEC  =   -105585.2765  EHBOND  =         0.0000  RESTRAINT  =         0.0000
 ------------------------------------------------------------------------------


 NSTEP =     9500   TIME(PS) =      14.750  TEMP(K) =   300.44  PRESS =     0.0
 Etot   =    -51963.3690  EKtot   =     20671.2070  EPtot      =    -72634.5760
 BOND   =     12724.8134  ANGLE   =      1051.4897  DIHED      =      1333.5862
 1-4 NB =       448.6073  1-4 EEL =      4602.4523  VDWAALS    =     12786.5885
 EELEC  =   -105582.1135  EHBOND  =         0.0000  RESTRAINT  =         0.0000
 ------------------------------------------------------------------------------


 NSTEP =    10000   TIME(PS) =      15.000  TEMP(K) =   301.31  PRESS =     0.0
 Etot   =    -51821.1223  EKtot   =     20730.5664  EPtot      =    -72551.6887
 BOND   =     12737.2305  ANGLE   =      1035.8898  DIHED      =      1324.8519
 1-4 NB =       440.5809  1-4 EEL =      4621.6454  VDWAALS    =     12911.9486
 EELEC  =   -105623.8359  EHBOND  =         0.0000  RESTRAINT  =         0.0000
 ------------------------------------------------------------------------------


 NSTEP =    10500   TIME(PS) =      15.250  TEMP(K) =   300.76  PRESS =     0.0
 Etot   =    -51984.1349  EKtot   =     20693.1836  EPtot      =    -72677.3185
 BOND   =     12723.1693  ANGLE   =      1059.6896  DIHED      =      1360.0327
 1-4 NB =       445.0060  1-4 EEL =      4593.2589  VDWAALS    =     12601.9198
 EELEC  =   -105460.3949  EHBOND  =         0.0000  RESTRAINT  =         0.0000
 ------------------------------------------------------------------------------


 NSTEP =    11000   TIME(PS) =      15.500  TEMP(K) =   300.33  PRESS =     0.0
 Etot   =    -52019.7659  EKtot   =     20663.6211  EPtot      =    -72683.3870
 BOND   =     12812.2873  ANGLE   =      1043.6867  DIHED      =      1323.7777
 1-4 NB =       455.1909  1-4 EEL =      4691.9172  VDWAALS    =     12706.8598
 EELEC  =   -105717.1067  EHBOND  =         0.0000  RESTRAINT  =         0.0000
 ------------------------------------------------------------------------------


 NSTEP =    11500   TIME(PS) =      15.750  TEMP(K) =   299.71  PRESS =     0.0
 Etot   =    -51933.2933  EKtot   =     20620.5020  EPtot      =    -72553.7952
 BOND   =     12770.8161  ANGLE   =      1011.0231  DIHED      =      1328.3846
 1-4 NB =       443.1925  1-4 EEL =      4634.0107  VDWAALS    =     12644.9318
 EELEC  =   -105386.1540  EHBOND  =         0.0000  RESTRAINT  =         0.0000
 ------------------------------------------------------------------------------


 NSTEP =    12000   TIME(PS) =      16.000  TEMP(K) =   299.45  PRESS =     0.0
 Etot   =    -51889.6657  EKtot   =     20603.1680  EPtot      =    -72492.8337
 BOND   =     12815.3195  ANGLE   =      1035.0468  DIHED      =      1330.5501
 1-4 NB =       450.1631  1-4 EEL =      4628.0542  VDWAALS    =     12715.3620
 EELEC  =   -105467.3293  EHBOND  =         0.0000  RESTRAINT  =         0.0000
 ------------------------------------------------------------------------------


 NSTEP =    12500   TIME(PS) =      16.250  TEMP(K) =   299.71  PRESS =     0.0
 Etot   =    -51877.6786  EKtot   =     20620.6250  EPtot      =    -72498.3036
 BOND   =     12893.2974  ANGLE   =      1055.4686  DIHED      =      1316.5530
 1-4 NB =       461.6543  1-4 EEL =      4628.4578  VDWAALS    =     13036.1107
 EELEC  =   -105889.8454  EHBOND  =         0.0000  RESTRAINT  =         0.0000
 ------------------------------------------------------------------------------


 NSTEP =    13000   TIME(PS) =      16.500  TEMP(K) =   300.51  PRESS =     0.0
 Etot   =    -52003.8668  EKtot   =     20675.8047  EPtot      =    -72679.6715
 BOND   =     12777.2403  ANGLE   =      1041.7591  DIHED      =      1320.7696
 1-4 NB =       463.2348  1-4 EEL =      4639.1218  VDWAALS    =     12984.3992
 EELEC  =   -105906.1963  EHBOND  =         0.0000  RESTRAINT  =         0.0000
 ------------------------------------------------------------------------------


 NSTEP =    13500   TIME(PS) =      16.750  TEMP(K) =   299.89  PRESS =     0.0
 Etot   =    -52020.4520  EKtot   =     20633.0664  EPtot      =    -72653.5184
 BOND   =     12811.8722  ANGLE   =      1031.4276  DIHED      =      1308.9781
 1-4 NB =       442.3745  1-4 EEL =      4649.4455  VDWAALS    =     12819.6272
 EELEC  =   -105717.2435  EHBOND  =         0.0000  RESTRAINT  =         0.0000
 ------------------------------------------------------------------------------


 NSTEP =    14000   TIME(PS) =      17.000  TEMP(K) =   300.69  PRESS =     0.0
 Etot   =    -52103.1647  EKtot   =     20688.3164  EPtot      =    -72791.4811
 BOND   =     12778.2682  ANGLE   =      1039.6811  DIHED      =      1315.6597
 1-4 NB =       440.1851  1-4 EEL =      4634.8466  VDWAALS    =     12753.2860
 EELEC  =   -105753.4078  EHBOND  =         0.0000  RESTRAINT  =         0.0000
 ------------------------------------------------------------------------------


 NSTEP =    14500   TIME(PS) =      17.250  TEMP(K) =   297.35  PRESS =     0.0
 Etot   =    -52194.1880  EKtot   =     20458.2852  EPtot      =    -72652.4732
 BOND   =     12986.6999  ANGLE   =      1048.0027  DIHED      =      1323.3195
 1-4 NB =       455.1181  1-4 EEL =      4607.0532  VDWAALS    =     12979.8617
 EELEC  =   -106052.5283  EHBOND  =         0.0000  RESTRAINT  =         0.0000
 ------------------------------------------------------------------------------


 NSTEP =    15000   TIME(PS) =      17.500  TEMP(K) =   301.39  PRESS =     0.0
 Etot   =    -51959.2334  EKtot   =     20736.2637  EPtot      =    -72695.4971
 BOND   =     12898.2471  ANGLE   =      1036.6801  DIHED      =      1313.8539
 1-4 NB =       462.9819  1-4 EEL =      4624.4152  VDWAALS    =     12927.6760
 EELEC  =   -105959.3514  EHBOND  =         0.0000  RESTRAINT  =         0.0000
 ------------------------------------------------------------------------------


 NSTEP =    15500   TIME(PS) =      17.750  TEMP(K) =   301.18  PRESS =     0.0
 Etot   =    -52199.1701  EKtot   =     20721.8418  EPtot      =    -72921.0119
 BOND   =     12934.0087  ANGLE   =       979.0252  DIHED      =      1333.9731
 1-4 NB =       449.0193  1-4 EEL =      4632.4723  VDWAALS    =     12872.4146
 EELEC  =   -106121.9250  EHBOND  =         0.0000  RESTRAINT  =         0.0000
 ------------------------------------------------------------------------------


 NSTEP =    16000   TIME(PS) =      18.000  TEMP(K) =   298.72  PRESS =     0.0
 Etot   =    -52235.0703  EKtot   =     20552.6914  EPtot      =    -72787.7617
 BOND   =     12830.8822  ANGLE   =      1009.6418  DIHED      =      1326.4785
 1-4 NB =       441.7199  1-4 EEL =      4611.2379  VDWAALS    =     12653.3773
 EELEC  =   -105661.0993  EHBOND  =         0.0000  RESTRAINT  =         0.0000
 ------------------------------------------------------------------------------


 NSTEP =    16500   TIME(PS) =      18.250  TEMP(K) =   302.64  PRESS =     0.0
 Etot   =    -51965.6570  EKtot   =     20822.2363  EPtot      =    -72787.8933
 BOND   =     12689.9839  ANGLE   =      1022.5974  DIHED      =      1334.0903
 1-4 NB =       446.2111  1-4 EEL =      4649.5137  VDWAALS    =     12725.1614
 EELEC  =   -105655.4511  EHBOND  =         0.0000  RESTRAINT  =         0.0000
 ------------------------------------------------------------------------------


 NSTEP =    17000   TIME(PS) =      18.500  TEMP(K) =   298.25  PRESS =     0.0
 Etot   =    -52113.0658  EKtot   =     20520.5020  EPtot      =    -72633.5678
 BOND   =     12808.4215  ANGLE   =      1082.9718  DIHED      =      1323.7556
 1-4 NB =       433.1717  1-4 EEL =      4561.0793  VDWAALS    =     12563.8012
 EELEC  =   -105406.7689  EHBOND  =         0.0000  RESTRAINT  =         0.0000
 ------------------------------------------------------------------------------


 NSTEP =    17500   TIME(PS) =      18.750  TEMP(K) =   303.02  PRESS =     0.0
 Etot   =    -52009.6427  EKtot   =     20848.8438  EPtot      =    -72858.4865
 BOND   =     12873.3129  ANGLE   =      1009.4751  DIHED      =      1333.6552
 1-4 NB =       441.2829  1-4 EEL =      4633.1777  VDWAALS    =     12806.3767
 EELEC  =   -105955.7670  EHBOND  =         0.0000  RESTRAINT  =         0.0000
 ------------------------------------------------------------------------------


 NSTEP =    18000   TIME(PS) =      19.000  TEMP(K) =   299.27  PRESS =     0.0
 Etot   =    -52112.4619  EKtot   =     20590.4121  EPtot      =    -72702.8740
 BOND   =     12820.0494  ANGLE   =       971.2567  DIHED      =      1329.5089
 1-4 NB =       452.2741  1-4 EEL =      4658.9769  VDWAALS    =     12786.9355
 EELEC  =   -105721.8753  EHBOND  =         0.0000  RESTRAINT  =         0.0000
 ------------------------------------------------------------------------------


 NSTEP =    18500   TIME(PS) =      19.250  TEMP(K) =   298.25  PRESS =     0.0
 Etot   =    -52179.3394  EKtot   =     20520.4258  EPtot      =    -72699.7652
 BOND   =     12656.6433  ANGLE   =      1021.0380  DIHED      =      1324.8367
 1-4 NB =       433.8687  1-4 EEL =      4612.6921  VDWAALS    =     12808.5532
 EELEC  =   -105557.3973  EHBOND  =         0.0000  RESTRAINT  =         0.0000
 ------------------------------------------------------------------------------


 NSTEP =    19000   TIME(PS) =      19.500  TEMP(K) =   299.46  PRESS =     0.0
 Etot   =    -52052.9491  EKtot   =     20603.7988  EPtot      =    -72656.7480
 BOND   =     12660.2596  ANGLE   =      1012.7202  DIHED      =      1303.9019
 1-4 NB =       454.8227  1-4 EEL =      4688.4680  VDWAALS    =     12747.4520
 EELEC  =   -105524.3724  EHBOND  =         0.0000  RESTRAINT  =         0.0000
 ------------------------------------------------------------------------------


 NSTEP =    19500   TIME(PS) =      19.750  TEMP(K) =   299.69  PRESS =     0.0
 Etot   =    -51972.2228  EKtot   =     20619.2617  EPtot      =    -72591.4845
 BOND   =     12741.5122  ANGLE   =       988.1031  DIHED      =      1315.5037
 1-4 NB =       457.1779  1-4 EEL =      4642.2343  VDWAALS    =     12549.0262
 EELEC  =   -105285.0419  EHBOND  =         0.0000  RESTRAINT  =         0.0000
 ------------------------------------------------------------------------------


 NSTEP =    20000   TIME(PS) =      20.000  TEMP(K) =   299.76  PRESS =     0.0
 Etot   =    -51875.1728  EKtot   =     20624.1797  EPtot      =    -72499.3524
 BOND   =     12843.4797  ANGLE   =      1029.8643  DIHED      =      1325.7745
 1-4 NB =       439.7845  1-4 EEL =      4631.9466  VDWAALS    =     12649.1046
 EELEC  =   -105419.3065  EHBOND  =         0.0000  RESTRAINT  =         0.0000
 ------------------------------------------------------------------------------


      A V E R A G E S   O V E R      40 S T E P S


 NSTEP =    20000   TIME(PS) =      20.000  TEMP(K) =   298.53  PRESS =     0.0
 Etot   =    -52071.3142  EKtot   =     20539.7718  EPtot      =    -72611.0860
 BOND   =     12503.8550  ANGLE   =      1028.0887  DIHED      =      1327.1974
 1-4 NB =       449.1874  1-4 EEL =      4627.9955  VDWAALS    =     12652.3223
 EELEC  =   -105199.7324  EHBOND  =         0.0000  RESTRAINT  =         0.0000
 ------------------------------------------------------------------------------


      R M S  F L U C T U A T I O N S


 NSTEP =    20000   TIME(PS) =      20.000  TEMP(K) =     5.74  PRESS =     0.0
 Etot   =       481.1243  EKtot   =       394.9443  EPtot      =       183.2526
 BOND   =      1004.4510  ANGLE   =        22.8691  DIHED      =        12.2136
 1-4 NB =         8.2477  1-4 EEL =        23.0742  VDWAALS    =       296.4403
 EELEC  =      1205.7516  EHBOND  =         0.0000  RESTRAINT  =         0.0000
 ------------------------------------------------------------------------------

--------------------------------------------------------------------------------
   5.  TIMINGS
--------------------------------------------------------------------------------

|  NonSetup CPU Time in Major Routines:
|
|     Routine           Sec        %
|     ------------------------------
|     Nonbond           4.06   10.23
|     Bond              0.00    0.00
|     Angle             0.00    0.00
|     Dihedral          0.00    0.00
|     Shake             0.00    0.00
|     RunMD            35.54   89.67
|     Other             0.04    0.10
|     ------------------------------
|     Total            39.64

|  PME Nonbond Pairlist CPU Time:
|
|     Routine              Sec        %
|     ---------------------------------
|     Set Up Cit           0.00    0.00
|     Build List           0.00    0.00
|     ---------------------------------
|     Total                0.00    0.00

|  PME Direct Force CPU Time:
|
|     Routine              Sec        %
|     ---------------------------------
|     NonBonded Calc       0.00    0.00
|     Exclude Masked       0.00    0.00
|     Other                0.02    0.04
|     ---------------------------------
|     Total                0.02    0.04

|  PME Reciprocal Force CPU Time:
|
|     Routine              Sec        %
|     ---------------------------------
|     1D bspline           0.00    0.00
|     Grid Charges         0.00    0.00
|     Scalar Sum           0.00    0.00
|     Gradient Sum         0.00    0.00
|     FFT                  0.00    0.00
|     ---------------------------------
|     Total                0.00    0.00

|  Final Performance Info:
|     -----------------------------------------------------
|     Average timings for last   19500 steps:
|     Elapsed(s) =      41.85 Per Step(ms) =       2.15
|         ns/day =      20.13   seconds/ns =    4292.02
|
|     Average timings for all steps:
|     Elapsed(s) =      42.78 Per Step(ms) =       2.14
|         ns/day =      20.20   seconds/ns =    4278.00
|     -----------------------------------------------------

|  Setup CPU time:            2.68 seconds
|  NonSetup CPU time:        39.64 seconds
|  Total CPU time:           42.32 seconds     0.01 hours

|  Setup wall time:           3    seconds
|  NonSetup wall time:       42    seconds
|  Total wall time:          45    seconds     0.01 hours
