
          -------------------------------------------------------
          Amber 16 PMEMD                              2016
          -------------------------------------------------------

| PMEMD implementation of SANDER, Release 16

| Run on 09/27/2017 at 15:23:15

|   Executable path: /apps/amber16/bin/pmemd.cuda
| Working directory: /scratch/pbarletta/pdz/run/lb/neq/data/2
|          Hostname: isengard

  [-O]verwriting output

File Assignments:
|   MDIN: pdt.in                                                                
|  MDOUT: 133plb_2.out                                                          
| INPCRD: ../1/133plb_1.rst7                                                    
|   PARM: /scratch/pbarletta/pdz/top_files/lb.prmtop                            
| RESTRT: 133plb_2.rst7                                                         
|   REFC: refc                                                                  
|  MDVEL: mdvel                                                                 
|   MDEN: mden                                                                  
|  MDCRD: 133plb_2.nc                                                           
| MDINFO: mdinfo                                                                
|  MDFRC: mdfrc                                                                 


 Here is the input file:

!NVE run                                                                       
&cntrl                                                                         
imin = 0,                           ! No Minimization                          
nmropt = 0,                         ! No NMR restraints read                   
                                                                               
! Nature and format of the input                                               
ntx = 5,                            ! Coordinates and velocities will be read  
irest = 1,                          ! Do not run a new simulation              
                                                                               
! Nature and format of the output                                              
ioutfm = 1,			    ! NetCDF format for output files                             
ntxo = 1,                           ! rstrt file in ASCII format               
ntpr = 500,                         ! inf in output every ntpr steps           
ntwr = 500,                         ! rstrt file every ntwr steps              
ntwx = 20,                          ! mdcrd file every ntwx steps              
ntwv = -1,                          ! mdvel without velocities                 
ntwe = 0,                           ! Energies and temperatures not written in 
idecomp = 0,                        ! No energy decomposition                  
iwrap = 1,                          ! Coordinates of the restart and mdcrd file
                                                                               
! Frozen or restrained atoms                                                   
ibelly = 0,                         ! No frozen atoms                          
ntr=0,                              ! Harmonic potential restraints            
                                                                               
! Molecular dynamics                                                           
nstlim = 20000,                     ! Number of MD-steps                       
dt = 0.0005,                        ! Time step                                
                                                                               
! Temperature regulation                                                       
ntt = 0,                            ! Constant total energy                    
                                                                               
! P and V regulation                                                           
ntp = 0,                            ! No P control                             
ntb = 1,                            ! constant V                               
                                                                               
! SHAKE variables                                                              
ntc = 1,                            ! Bonds involving H are constrained        
ntf = 1,                            ! Bond interaction involving H are ommited.
                                                                               
cut = 9.0,                          ! Nonbonded cutoff                         
/                                                                              
&end                                                                           


Note: ig = -1. Setting random seed to   419188 based on wallclock time in 
      microseconds.
| irandom = 1, using AMBER's internal random number generator (default).
 
|--------------------- INFORMATION ----------------------
| GPU (CUDA) Version of PMEMD in use: NVIDIA GPU IN USE.
|                    Version 16.0.0
| 
|                      02/25/2016
| 
| Implementation by:
|                    Ross C. Walker     (SDSC)
|                    Scott Le Grand     (nVIDIA)
| 
| Precision model in use:
|      [SPFP] - Single Precision Forces, 64-bit Fixed Point
|               Accumulation. (Default)
| 
|--------------------------------------------------------
 
|----------------- CITATION INFORMATION -----------------
|
|    When publishing work that utilized the CUDA version
|    of AMBER, please cite the following in addition to
|    the regular AMBER citations:
|
|  - Romelia Salomon-Ferrer; Andreas W. Goetz; Duncan
|    Poole; Scott Le Grand; Ross C. Walker "Routine
|    microsecond molecular dynamics simulations with
|    AMBER - Part II: Particle Mesh Ewald", J. Chem.
|    Theory Comput., 2013, 9 (9), pp3878-3888,
|    DOI: 10.1021/ct400314y.
|
|  - Andreas W. Goetz; Mark J. Williamson; Dong Xu;
|    Duncan Poole; Scott Le Grand; Ross C. Walker
|    "Routine microsecond molecular dynamics simulations
|    with AMBER - Part I: Generalized Born", J. Chem.
|    Theory Comput., 2012, 8 (5), pp1542-1555.
|
|  - Scott Le Grand; Andreas W. Goetz; Ross C. Walker
|    "SPFP: Speed without compromise - a mixed precision
|    model for GPU accelerated molecular dynamics
|    simulations.", Comp. Phys. Comm., 2013, 184
|    pp374-380, DOI: 10.1016/j.cpc.2012.09.022
|
|--------------------------------------------------------
 
|------------------- GPU DEVICE INFO --------------------
|
|            CUDA_VISIBLE_DEVICES: 0
|   CUDA Capable Devices Detected:      1
|           CUDA Device ID in use:      0
|                CUDA Device Name: Quadro GP100
|     CUDA Device Global Mem Size:  16273 MB
| CUDA Device Num Multiprocessors:     56
|           CUDA Device Core Freq:   1.44 GHz
|
|--------------------------------------------------------
 
 
| Conditional Compilation Defines Used:
| PUBFFT
| BINTRAJ
| CUDA
| EMIL

| Largest sphere to fit in unit cell has radius =    29.633

| New format PARM file being parsed.
| Version =    1.000 Date = 09/01/17 Time = 19:23:45

| Note: 1-4 EEL scale factors are being read from the topology file.

| Note: 1-4 VDW scale factors are being read from the topology file.
| Duplicated    0 dihedrals

| Duplicated    0 dihedrals

--------------------------------------------------------------------------------
   1.  RESOURCE   USE: 
--------------------------------------------------------------------------------

 getting new box info from bottom of inpcrd
 NATOM  =   29433 NTYPES =      16 NBONH =   28406 MBONA  =    1038
 NTHETH =    2390 MTHETA =    1396 NPHIH =    4771 MPHIA  =    4486
 NHPARM =       0 NPARM  =       0 NNB   =   47902 NRES   =    9251
 NBONA  =    1038 NTHETA =    1396 NPHIA =    4486 NUMBND =      69
 NUMANG =     160 NPTRA  =     189 NATYP =      34 NPHB   =       1
 IFBOX  =       2 NMXRS  =      24 IFCAP =       0 NEXTRA =       0
 NCOPY  =       0

| Coordinate Index Table dimensions:    12   12   12
| Direct force subcell size =     6.0488    6.0488    6.0488

     BOX TYPE: TRUNCATED OCTAHEDRON

--------------------------------------------------------------------------------
   2.  CONTROL  DATA  FOR  THE  RUN
--------------------------------------------------------------------------------

default_name                                                                    

General flags:
     imin    =       0, nmropt  =       0

Nature and format of input:
     ntx     =       5, irest   =       1, ntrx    =       1

Nature and format of output:
     ntxo    =       1, ntpr    =     500, ntrx    =       1, ntwr    =     500
     iwrap   =       1, ntwx    =      20, ntwv    =      -1, ntwe    =       0
     ioutfm  =       1, ntwprt  =       0, idecomp =       0, rbornstat=      0

Potential function:
     ntf     =       1, ntb     =       1, igb     =       0, nsnb    =      25
     ipol    =       0, gbsa    =       0, iesp    =       0
     dielc   =   1.00000, cut     =   9.00000, intdiel =   1.00000

Frozen or restrained atoms:
     ibelly  =       0, ntr     =       0

Molecular dynamics:
     nstlim  =     20000, nscm    =      1000, nrespa  =         1
     t       =   0.00000, dt      =   0.00050, vlimit  =  -1.00000

| Intermolecular bonds treatment:
|     no_intermolecular_bonds =       1

| Energy averages sample interval:
|     ene_avg_sampling =     500

Ewald parameters:
     verbose =       0, ew_type =       0, nbflag  =       1, use_pme =       1
     vdwmeth =       1, eedmeth =       1, netfrc  =       1
     Box X =   72.586   Box Y =   72.586   Box Z =   72.586
     Alpha =  109.471   Beta  =  109.471   Gamma =  109.471
     NFFT1 =   80       NFFT2 =   80       NFFT3 =   80
     Cutoff=    9.000   Tol   =0.100E-04
     Ewald Coefficient =  0.30768
     Interpolation order =    4

--------------------------------------------------------------------------------
   3.  ATOMIC COORDINATES AND VELOCITIES
--------------------------------------------------------------------------------

default_name                                                                    
 begin time read from input coords =271010.000 ps

 
 Number of triangulated 3-point waters found:     9119

     Sum of charges from parm topology file =  -0.00000008
     Forcing neutrality...

| Dynamic Memory, Types Used:
| Reals              870797
| Integers           902230

| Nonbonded Pairs Initial Allocation:     6710724

| GPU memory information (estimate):
| KB of GPU memory in use:    101822
| KB of CPU memory in use:     45122

--------------------------------------------------------------------------------
   4.  RESULTS
--------------------------------------------------------------------------------

 ---------------------------------------------------
 APPROXIMATING switch and d/dx switch using CUBIC SPLINE INTERPOLATION
 using   5000.0 points per unit in tabled values
 TESTING RELATIVE ERROR over r ranging from 0.0 to cutoff
| CHECK switch(x): max rel err =   0.2738E-14   at   2.422500
| CHECK d/dx switch(x): max rel err =   0.8314E-11   at   2.736960
 ---------------------------------------------------
|---------------------------------------------------
| APPROXIMATING direct energy using CUBIC SPLINE INTERPOLATION
|  with   50.0 points per unit in tabled values
| Relative Error Limit not exceeded for r .gt.   2.39
| APPROXIMATING direct force using CUBIC SPLINE INTERPOLATION
|  with   50.0 points per unit in tabled values
| Relative Error Limit not exceeded for r .gt.   2.84
|---------------------------------------------------

 NSTEP =      500   TIME(PS) =  271010.250  TEMP(K) =   298.44  PRESS =     0.0
 Etot   =    -66719.7578  EKtot   =     26182.2207  EPtot      =    -92901.9785
 BOND   =     16586.3015  ANGLE   =      1036.2571  DIHED      =      1701.1995
 1-4 NB =       451.7708  1-4 EEL =      4559.2459  VDWAALS    =     17077.8536
 EELEC  =   -134314.6069  EHBOND  =         0.0000  RESTRAINT  =         0.0000
 ------------------------------------------------------------------------------

check COM velocity, temp:        0.004562     0.02(Removed)

 NSTEP =     1000   TIME(PS) =  271010.500  TEMP(K) =   300.18  PRESS =     0.0
 Etot   =    -66720.3383  EKtot   =     26335.3242  EPtot      =    -93055.6625
 BOND   =     16490.0427  ANGLE   =      1019.3896  DIHED      =      1674.5485
 1-4 NB =       425.3420  1-4 EEL =      4506.7503  VDWAALS    =     17222.2037
 EELEC  =   -134393.9392  EHBOND  =         0.0000  RESTRAINT  =         0.0000
 ------------------------------------------------------------------------------


 NSTEP =     1500   TIME(PS) =  271010.750  TEMP(K) =   301.04  PRESS =     0.0
 Etot   =    -66725.6991  EKtot   =     26410.6133  EPtot      =    -93136.3124
 BOND   =     16438.8315  ANGLE   =      1052.1347  DIHED      =      1671.1791
 1-4 NB =       431.1161  1-4 EEL =      4529.6370  VDWAALS    =     17048.9106
 EELEC  =   -134308.1213  EHBOND  =         0.0000  RESTRAINT  =         0.0000
 ------------------------------------------------------------------------------

check COM velocity, temp:        0.000002     0.00(Removed)

 NSTEP =     2000   TIME(PS) =  271011.000  TEMP(K) =   301.24  PRESS =     0.0
 Etot   =    -66726.4385  EKtot   =     26428.0430  EPtot      =    -93154.4815
 BOND   =     16462.5392  ANGLE   =      1033.6782  DIHED      =      1665.7058
 1-4 NB =       434.3901  1-4 EEL =      4542.6859  VDWAALS    =     17409.3934
 EELEC  =   -134702.8741  EHBOND  =         0.0000  RESTRAINT  =         0.0000
 ------------------------------------------------------------------------------


 NSTEP =     2500   TIME(PS) =  271011.250  TEMP(K) =   299.38  PRESS =     0.0
 Etot   =    -66723.6815  EKtot   =     26264.4102  EPtot      =    -92988.0916
 BOND   =     16272.8869  ANGLE   =      1044.7120  DIHED      =      1677.5432
 1-4 NB =       455.2959  1-4 EEL =      4553.2279  VDWAALS    =     17114.1516
 EELEC  =   -134105.9092  EHBOND  =         0.0000  RESTRAINT  =         0.0000
 ------------------------------------------------------------------------------

check COM velocity, temp:        0.000005     0.00(Removed)

 NSTEP =     3000   TIME(PS) =  271011.500  TEMP(K) =   301.56  PRESS =     0.0
 Etot   =    -66724.4277  EKtot   =     26455.9844  EPtot      =    -93180.4121
 BOND   =     16457.4820  ANGLE   =      1072.5744  DIHED      =      1677.4443
 1-4 NB =       424.7984  1-4 EEL =      4535.7039  VDWAALS    =     17292.9232
 EELEC  =   -134641.3383  EHBOND  =         0.0000  RESTRAINT  =         0.0000
 ------------------------------------------------------------------------------


 NSTEP =     3500   TIME(PS) =  271011.750  TEMP(K) =   300.33  PRESS =     0.0
 Etot   =    -66726.0522  EKtot   =     26347.7051  EPtot      =    -93073.7573
 BOND   =     16738.2286  ANGLE   =      1000.8337  DIHED      =      1697.8632
 1-4 NB =       448.9095  1-4 EEL =      4565.2701  VDWAALS    =     17067.0889
 EELEC  =   -134591.9511  EHBOND  =         0.0000  RESTRAINT  =         0.0000
 ------------------------------------------------------------------------------

check COM velocity, temp:        0.000003     0.00(Removed)

 NSTEP =     4000   TIME(PS) =  271012.000  TEMP(K) =   300.79  PRESS =     0.0
 Etot   =    -66720.2723  EKtot   =     26388.1250  EPtot      =    -93108.3973
 BOND   =     16597.8783  ANGLE   =      1035.1510  DIHED      =      1688.4477
 1-4 NB =       424.1952  1-4 EEL =      4529.5371  VDWAALS    =     17247.5575
 EELEC  =   -134631.1641  EHBOND  =         0.0000  RESTRAINT  =         0.0000
 ------------------------------------------------------------------------------


 NSTEP =     4500   TIME(PS) =  271012.250  TEMP(K) =   299.03  PRESS =     0.0
 Etot   =    -66724.2946  EKtot   =     26234.0234  EPtot      =    -92958.3180
 BOND   =     16466.2024  ANGLE   =      1017.8683  DIHED      =      1671.1488
 1-4 NB =       445.3753  1-4 EEL =      4527.9305  VDWAALS    =     16983.4964
 EELEC  =   -134070.3398  EHBOND  =         0.0000  RESTRAINT  =         0.0000
 ------------------------------------------------------------------------------

check COM velocity, temp:        0.000003     0.00(Removed)

 NSTEP =     5000   TIME(PS) =  271012.500  TEMP(K) =   300.39  PRESS =     0.0
 Etot   =    -66723.9570  EKtot   =     26353.6445  EPtot      =    -93077.6015
 BOND   =     16584.1266  ANGLE   =      1072.0914  DIHED      =      1664.7002
 1-4 NB =       435.5016  1-4 EEL =      4538.1063  VDWAALS    =     17233.6171
 EELEC  =   -134605.7447  EHBOND  =         0.0000  RESTRAINT  =         0.0000
 ------------------------------------------------------------------------------


 NSTEP =     5500   TIME(PS) =  271012.750  TEMP(K) =   299.39  PRESS =     0.0
 Etot   =    -66719.2819  EKtot   =     26265.2656  EPtot      =    -92984.5476
 BOND   =     16343.4219  ANGLE   =      1007.1156  DIHED      =      1666.4469
 1-4 NB =       441.6059  1-4 EEL =      4531.0981  VDWAALS    =     17119.2708
 EELEC  =   -134093.5067  EHBOND  =         0.0000  RESTRAINT  =         0.0000
 ------------------------------------------------------------------------------

check COM velocity, temp:        0.000003     0.00(Removed)

 NSTEP =     6000   TIME(PS) =  271013.000  TEMP(K) =   301.37  PRESS =     0.0
 Etot   =    -66726.0378  EKtot   =     26439.2148  EPtot      =    -93165.2527
 BOND   =     16392.5250  ANGLE   =       993.9210  DIHED      =      1650.4880
 1-4 NB =       440.3906  1-4 EEL =      4524.4360  VDWAALS    =     16797.5703
 EELEC  =   -133964.5836  EHBOND  =         0.0000  RESTRAINT  =         0.0000
 ------------------------------------------------------------------------------


 NSTEP =     6500   TIME(PS) =  271013.250  TEMP(K) =   300.50  PRESS =     0.0
 Etot   =    -66723.3309  EKtot   =     26362.8145  EPtot      =    -93086.1453
 BOND   =     16546.0534  ANGLE   =      1028.2028  DIHED      =      1673.0191
 1-4 NB =       441.6599  1-4 EEL =      4534.2870  VDWAALS    =     17606.3733
 EELEC  =   -134915.7410  EHBOND  =         0.0000  RESTRAINT  =         0.0000
 ------------------------------------------------------------------------------

check COM velocity, temp:        0.000004     0.00(Removed)

 NSTEP =     7000   TIME(PS) =  271013.500  TEMP(K) =   299.77  PRESS =     0.0
 Etot   =    -66720.0368  EKtot   =     26299.3164  EPtot      =    -93019.3532
 BOND   =     16554.4769  ANGLE   =      1032.0684  DIHED      =      1687.9284
 1-4 NB =       452.5514  1-4 EEL =      4547.8159  VDWAALS    =     17303.2639
 EELEC  =   -134597.4580  EHBOND  =         0.0000  RESTRAINT  =         0.0000
 ------------------------------------------------------------------------------


 NSTEP =     7500   TIME(PS) =  271013.750  TEMP(K) =   300.20  PRESS =     0.0
 Etot   =    -66722.5372  EKtot   =     26336.9082  EPtot      =    -93059.4454
 BOND   =     16523.9101  ANGLE   =      1032.8585  DIHED      =      1691.0356
 1-4 NB =       429.0963  1-4 EEL =      4504.5999  VDWAALS    =     16947.3267
 EELEC  =   -134188.2724  EHBOND  =         0.0000  RESTRAINT  =         0.0000
 ------------------------------------------------------------------------------

check COM velocity, temp:        0.000004     0.00(Removed)

 NSTEP =     8000   TIME(PS) =  271014.000  TEMP(K) =   299.99  PRESS =     0.0
 Etot   =    -66722.0390  EKtot   =     26318.6191  EPtot      =    -93040.6582
 BOND   =     16362.1781  ANGLE   =      1070.8828  DIHED      =      1654.6286
 1-4 NB =       433.9233  1-4 EEL =      4557.9823  VDWAALS    =     17082.2786
 EELEC  =   -134202.5318  EHBOND  =         0.0000  RESTRAINT  =         0.0000
 ------------------------------------------------------------------------------


 NSTEP =     8500   TIME(PS) =  271014.250  TEMP(K) =   301.01  PRESS =     0.0
 Etot   =    -66722.4970  EKtot   =     26407.4082  EPtot      =    -93129.9052
 BOND   =     16711.3527  ANGLE   =      1033.7175  DIHED      =      1699.6746
 1-4 NB =       430.2042  1-4 EEL =      4523.8069  VDWAALS    =     17554.3535
 EELEC  =   -135083.0146  EHBOND  =         0.0000  RESTRAINT  =         0.0000
 ------------------------------------------------------------------------------

check COM velocity, temp:        0.000002     0.00(Removed)

 NSTEP =     9000   TIME(PS) =  271014.500  TEMP(K) =   301.80  PRESS =     0.0
 Etot   =    -66728.6379  EKtot   =     26477.1816  EPtot      =    -93205.8195
 BOND   =     16534.8484  ANGLE   =      1031.9490  DIHED      =      1685.7207
 1-4 NB =       440.5105  1-4 EEL =      4511.3374  VDWAALS    =     17182.5405
 EELEC  =   -134592.7259  EHBOND  =         0.0000  RESTRAINT  =         0.0000
 ------------------------------------------------------------------------------


 NSTEP =     9500   TIME(PS) =  271014.750  TEMP(K) =   300.62  PRESS =     0.0
 Etot   =    -66727.0837  EKtot   =     26373.4316  EPtot      =    -93100.5154
 BOND   =     16378.0214  ANGLE   =       996.4313  DIHED      =      1674.5853
 1-4 NB =       452.3922  1-4 EEL =      4546.4158  VDWAALS    =     17014.3437
 EELEC  =   -134162.7051  EHBOND  =         0.0000  RESTRAINT  =         0.0000
 ------------------------------------------------------------------------------

check COM velocity, temp:        0.000004     0.00(Removed)

 NSTEP =    10000   TIME(PS) =  271015.000  TEMP(K) =   300.21  PRESS =     0.0
 Etot   =    -66726.5832  EKtot   =     26337.6094  EPtot      =    -93064.1926
 BOND   =     16196.6184  ANGLE   =      1019.0569  DIHED      =      1673.9936
 1-4 NB =       445.0686  1-4 EEL =      4582.3219  VDWAALS    =     16961.7046
 EELEC  =   -133942.9566  EHBOND  =         0.0000  RESTRAINT  =         0.0000
 ------------------------------------------------------------------------------


 NSTEP =    10500   TIME(PS) =  271015.250  TEMP(K) =   297.49  PRESS =     0.0
 Etot   =    -66722.0541  EKtot   =     26098.7520  EPtot      =    -92820.8060
 BOND   =     16337.2424  ANGLE   =       980.5213  DIHED      =      1664.9914
 1-4 NB =       447.9804  1-4 EEL =      4604.1191  VDWAALS    =     16945.8902
 EELEC  =   -133801.5509  EHBOND  =         0.0000  RESTRAINT  =         0.0000
 ------------------------------------------------------------------------------

check COM velocity, temp:        0.000002     0.00(Removed)

 NSTEP =    11000   TIME(PS) =  271015.500  TEMP(K) =   297.07  PRESS =     0.0
 Etot   =    -66720.9939  EKtot   =     26062.0234  EPtot      =    -92783.0174
 BOND   =     16499.0048  ANGLE   =       997.5811  DIHED      =      1661.1806
 1-4 NB =       444.5842  1-4 EEL =      4540.2829  VDWAALS    =     16750.6209
 EELEC  =   -133676.2718  EHBOND  =         0.0000  RESTRAINT  =         0.0000
 ------------------------------------------------------------------------------


 NSTEP =    11500   TIME(PS) =  271015.750  TEMP(K) =   298.71  PRESS =     0.0
 Etot   =    -66725.0461  EKtot   =     26206.2090  EPtot      =    -92931.2551
 BOND   =     16266.8917  ANGLE   =      1040.5384  DIHED      =      1662.4815
 1-4 NB =       431.6656  1-4 EEL =      4542.2473  VDWAALS    =     17111.8981
 EELEC  =   -133986.9775  EHBOND  =         0.0000  RESTRAINT  =         0.0000
 ------------------------------------------------------------------------------

check COM velocity, temp:        0.000003     0.00(Removed)

 NSTEP =    12000   TIME(PS) =  271016.000  TEMP(K) =   301.58  PRESS =     0.0
 Etot   =    -66727.4936  EKtot   =     26457.9980  EPtot      =    -93185.4917
 BOND   =     16251.8929  ANGLE   =      1045.2244  DIHED      =      1671.3996
 1-4 NB =       450.1928  1-4 EEL =      4507.9251  VDWAALS    =     17232.0117
 EELEC  =   -134344.1383  EHBOND  =         0.0000  RESTRAINT  =         0.0000
 ------------------------------------------------------------------------------


 NSTEP =    12500   TIME(PS) =  271016.250  TEMP(K) =   300.00  PRESS =     0.0
 Etot   =    -66726.5051  EKtot   =     26318.7930  EPtot      =    -93045.2981
 BOND   =     16459.6111  ANGLE   =      1011.8536  DIHED      =      1673.7600
 1-4 NB =       449.4114  1-4 EEL =      4564.5092  VDWAALS    =     16845.0656
 EELEC  =   -134049.5090  EHBOND  =         0.0000  RESTRAINT  =         0.0000
 ------------------------------------------------------------------------------

check COM velocity, temp:        0.000002     0.00(Removed)

 NSTEP =    13000   TIME(PS) =  271016.500  TEMP(K) =   299.92  PRESS =     0.0
 Etot   =    -66724.8509  EKtot   =     26312.4277  EPtot      =    -93037.2786
 BOND   =     16602.2432  ANGLE   =      1042.6884  DIHED      =      1673.1955
 1-4 NB =       440.6119  1-4 EEL =      4552.9931  VDWAALS    =     17061.4004
 EELEC  =   -134410.4112  EHBOND  =         0.0000  RESTRAINT  =         0.0000
 ------------------------------------------------------------------------------


 NSTEP =    13500   TIME(PS) =  271016.750  TEMP(K) =   297.32  PRESS =     0.0
 Etot   =    -66721.3019  EKtot   =     26083.6230  EPtot      =    -92804.9250
 BOND   =     16460.9138  ANGLE   =      1038.0570  DIHED      =      1699.3621
 1-4 NB =       441.6333  1-4 EEL =      4557.4444  VDWAALS    =     17029.0460
 EELEC  =   -134031.3814  EHBOND  =         0.0000  RESTRAINT  =         0.0000
 ------------------------------------------------------------------------------

check COM velocity, temp:        0.000001     0.00(Removed)

 NSTEP =    14000   TIME(PS) =  271017.000  TEMP(K) =   299.84  PRESS =     0.0
 Etot   =    -66720.6260  EKtot   =     26305.1504  EPtot      =    -93025.7764
 BOND   =     16536.0286  ANGLE   =      1037.7448  DIHED      =      1678.2971
 1-4 NB =       430.7833  1-4 EEL =      4569.9774  VDWAALS    =     17258.3073
 EELEC  =   -134536.9150  EHBOND  =         0.0000  RESTRAINT  =         0.0000
 ------------------------------------------------------------------------------


 NSTEP =    14500   TIME(PS) =  271017.250  TEMP(K) =   299.98  PRESS =     0.0
 Etot   =    -66719.6369  EKtot   =     26317.1113  EPtot      =    -93036.7482
 BOND   =     16475.9400  ANGLE   =      1002.9666  DIHED      =      1673.7893
 1-4 NB =       444.4634  1-4 EEL =      4509.7077  VDWAALS    =     17425.8869
 EELEC  =   -134569.5022  EHBOND  =         0.0000  RESTRAINT  =         0.0000
 ------------------------------------------------------------------------------

check COM velocity, temp:        0.000004     0.00(Removed)

 NSTEP =    15000   TIME(PS) =  271017.500  TEMP(K) =   301.69  PRESS =     0.0
 Etot   =    -66726.0081  EKtot   =     26467.2402  EPtot      =    -93193.2483
 BOND   =     16552.2544  ANGLE   =      1001.6753  DIHED      =      1662.6298
 1-4 NB =       434.3271  1-4 EEL =      4578.7395  VDWAALS    =     17190.7472
 EELEC  =   -134613.6216  EHBOND  =         0.0000  RESTRAINT  =         0.0000
 ------------------------------------------------------------------------------


 NSTEP =    15500   TIME(PS) =  271017.750  TEMP(K) =   300.41  PRESS =     0.0
 Etot   =    -66728.4344  EKtot   =     26355.1484  EPtot      =    -93083.5829
 BOND   =     16432.6999  ANGLE   =      1036.4168  DIHED      =      1653.2752
 1-4 NB =       453.0673  1-4 EEL =      4595.9451  VDWAALS    =     17136.0025
 EELEC  =   -134390.9896  EHBOND  =         0.0000  RESTRAINT  =         0.0000
 ------------------------------------------------------------------------------

check COM velocity, temp:        0.000003     0.00(Removed)

 NSTEP =    16000   TIME(PS) =  271018.000  TEMP(K) =   298.05  PRESS =     0.0
 Etot   =    -66722.7442  EKtot   =     26148.0215  EPtot      =    -92870.7657
 BOND   =     16373.0688  ANGLE   =      1020.9713  DIHED      =      1668.7370
 1-4 NB =       445.7956  1-4 EEL =      4576.7685  VDWAALS    =     16790.9829
 EELEC  =   -133747.0897  EHBOND  =         0.0000  RESTRAINT  =         0.0000
 ------------------------------------------------------------------------------


 NSTEP =    16500   TIME(PS) =  271018.250  TEMP(K) =   300.09  PRESS =     0.0
 Etot   =    -66722.7995  EKtot   =     26327.4258  EPtot      =    -93050.2253
 BOND   =     16463.0481  ANGLE   =      1007.2109  DIHED      =      1676.8248
 1-4 NB =       443.9168  1-4 EEL =      4581.8935  VDWAALS    =     17237.8190
 EELEC  =   -134460.9385  EHBOND  =         0.0000  RESTRAINT  =         0.0000
 ------------------------------------------------------------------------------

check COM velocity, temp:        0.000002     0.00(Removed)

 NSTEP =    17000   TIME(PS) =  271018.500  TEMP(K) =   301.00  PRESS =     0.0
 Etot   =    -66727.4270  EKtot   =     26406.9336  EPtot      =    -93134.3606
 BOND   =     16294.4445  ANGLE   =      1006.4285  DIHED      =      1687.6342
 1-4 NB =       434.6327  1-4 EEL =      4574.5770  VDWAALS    =     16933.5302
 EELEC  =   -134065.6078  EHBOND  =         0.0000  RESTRAINT  =         0.0000
 ------------------------------------------------------------------------------


 NSTEP =    17500   TIME(PS) =  271018.750  TEMP(K) =   301.54  PRESS =     0.0
 Etot   =    -66725.8960  EKtot   =     26453.8457  EPtot      =    -93179.7417
 BOND   =     16550.1047  ANGLE   =      1031.4318  DIHED      =      1672.9094
 1-4 NB =       429.3706  1-4 EEL =      4504.7566  VDWAALS    =     17257.8308
 EELEC  =   -134626.1455  EHBOND  =         0.0000  RESTRAINT  =         0.0000
 ------------------------------------------------------------------------------

check COM velocity, temp:        0.000002     0.00(Removed)

 NSTEP =    18000   TIME(PS) =  271019.000  TEMP(K) =   299.56  PRESS =     0.0
 Etot   =    -66722.2874  EKtot   =     26280.3555  EPtot      =    -93002.6429
 BOND   =     16482.2788  ANGLE   =      1054.1243  DIHED      =      1661.8204
 1-4 NB =       441.1366  1-4 EEL =      4532.4434  VDWAALS    =     17049.7252
 EELEC  =   -134224.1716  EHBOND  =         0.0000  RESTRAINT  =         0.0000
 ------------------------------------------------------------------------------


 NSTEP =    18500   TIME(PS) =  271019.250  TEMP(K) =   299.81  PRESS =     0.0
 Etot   =    -66725.6029  EKtot   =     26302.6465  EPtot      =    -93028.2494
 BOND   =     16398.7771  ANGLE   =      1082.9995  DIHED      =      1646.2154
 1-4 NB =       439.2664  1-4 EEL =      4507.0216  VDWAALS    =     16756.9878
 EELEC  =   -133859.5171  EHBOND  =         0.0000  RESTRAINT  =         0.0000
 ------------------------------------------------------------------------------

check COM velocity, temp:        0.000004     0.00(Removed)

 NSTEP =    19000   TIME(PS) =  271019.500  TEMP(K) =   298.78  PRESS =     0.0
 Etot   =    -66725.9735  EKtot   =     26212.1914  EPtot      =    -92938.1649
 BOND   =     16401.8603  ANGLE   =      1023.7623  DIHED      =      1651.7338
 1-4 NB =       421.2387  1-4 EEL =      4518.9174  VDWAALS    =     16920.0575
 EELEC  =   -133875.7349  EHBOND  =         0.0000  RESTRAINT  =         0.0000
 ------------------------------------------------------------------------------


 NSTEP =    19500   TIME(PS) =  271019.750  TEMP(K) =   298.60  PRESS =     0.0
 Etot   =    -66726.3477  EKtot   =     26196.7227  EPtot      =    -92923.0704
 BOND   =     16378.1016  ANGLE   =      1020.1894  DIHED      =      1664.1220
 1-4 NB =       439.5811  1-4 EEL =      4530.3491  VDWAALS    =     17122.6589
 EELEC  =   -134078.0725  EHBOND  =         0.0000  RESTRAINT  =         0.0000
 ------------------------------------------------------------------------------

check COM velocity, temp:        0.000002     0.00(Removed)

 NSTEP =    20000   TIME(PS) =  271020.000  TEMP(K) =   300.76  PRESS =     0.0
 Etot   =    -66726.8348  EKtot   =     26385.8926  EPtot      =    -93112.7274
 BOND   =     16438.2022  ANGLE   =      1055.0506  DIHED      =      1653.9051
 1-4 NB =       428.1460  1-4 EEL =      4571.2534  VDWAALS    =     17105.9360
 EELEC  =   -134365.2207  EHBOND  =         0.0000  RESTRAINT  =         0.0000
 ------------------------------------------------------------------------------


      A V E R A G E S   O V E R      40 S T E P S


 NSTEP =    20000   TIME(PS) =  271020.000  TEMP(K) =   299.99  PRESS =     0.0
 Etot   =    -66724.0462  EKtot   =     26317.9094  EPtot      =    -93041.9556
 BOND   =     16457.3134  ANGLE   =      1029.2083  DIHED      =      1672.6391
 1-4 NB =       439.3976  1-4 EEL =      4544.3517  VDWAALS    =     17110.7157
 EELEC  =   -134295.5813  EHBOND  =         0.0000  RESTRAINT  =         0.0000
 ------------------------------------------------------------------------------


      R M S  F L U C T U A T I O N S


 NSTEP =    20000   TIME(PS) =  271020.000  TEMP(K) =     1.20  PRESS =     0.0
 Etot   =         2.6597  EKtot   =       105.4063  EPtot      =       106.6978
 BOND   =       116.9958  ANGLE   =        23.2247  DIHED      =        13.8326
 1-4 NB =         8.9856  1-4 EEL =        26.3160  VDWAALS    =       196.8302
 EELEC  =       324.1115  EHBOND  =         0.0000  RESTRAINT  =         0.0000
|E(PBS) =         0.6873
 ------------------------------------------------------------------------------

--------------------------------------------------------------------------------
   5.  TIMINGS
--------------------------------------------------------------------------------

|  NonSetup CPU Time in Major Routines:
|
|     Routine           Sec        %
|     ------------------------------
|     Nonbond           3.02   10.23
|     Bond              0.00    0.00
|     Angle             0.00    0.00
|     Dihedral          0.00    0.00
|     Shake             0.00    0.00
|     RunMD            26.51   89.66
|     Other             0.03    0.11
|     ------------------------------
|     Total            29.56

|  PME Nonbond Pairlist CPU Time:
|
|     Routine              Sec        %
|     ---------------------------------
|     Set Up Cit           0.00    0.00
|     Build List           0.00    0.00
|     ---------------------------------
|     Total                0.00    0.00

|  PME Direct Force CPU Time:
|
|     Routine              Sec        %
|     ---------------------------------
|     NonBonded Calc       0.00    0.00
|     Exclude Masked       0.00    0.00
|     Other                0.01    0.04
|     ---------------------------------
|     Total                0.01    0.04

|  PME Reciprocal Force CPU Time:
|
|     Routine              Sec        %
|     ---------------------------------
|     1D bspline           0.00    0.00
|     Grid Charges         0.00    0.00
|     Scalar Sum           0.00    0.00
|     Gradient Sum         0.00    0.00
|     FFT                  0.00    0.00
|     ---------------------------------
|     Total                0.00    0.00

|  Final Performance Info:
|     -----------------------------------------------------
|     Average timings for last   19500 steps:
|     Elapsed(s) =      29.77 Per Step(ms) =       1.53
|         ns/day =      28.30   seconds/ns =    3053.09
|
|     Average timings for all steps:
|     Elapsed(s) =      30.57 Per Step(ms) =       1.53
|         ns/day =      28.26   seconds/ns =    3057.24
|     -----------------------------------------------------

|  Setup CPU time:            0.94 seconds
|  NonSetup CPU time:        29.56 seconds
|  Total CPU time:           30.50 seconds     0.01 hours

|  Setup wall time:           1    seconds
|  NonSetup wall time:       31    seconds
|  Total wall time:          32    seconds     0.01 hours
