
          -------------------------------------------------------
          Amber 16 PMEMD                              2016
          -------------------------------------------------------

| PMEMD implementation of SANDER, Release 16

| Run on 09/27/2017 at 15:26:14

|   Executable path: /apps/amber16/bin/pmemd.cuda
| Working directory: /scratch/pbarletta/pdz/run/lb/neq/data/2
|          Hostname: isengard

  [-O]verwriting output

File Assignments:
|   MDIN: pdt.in                                                                
|  MDOUT: 139plb_2.out                                                          
| INPCRD: ../1/139plb_1.rst7                                                    
|   PARM: /scratch/pbarletta/pdz/top_files/lb.prmtop                            
| RESTRT: 139plb_2.rst7                                                         
|   REFC: refc                                                                  
|  MDVEL: mdvel                                                                 
|   MDEN: mden                                                                  
|  MDCRD: 139plb_2.nc                                                           
| MDINFO: mdinfo                                                                
|  MDFRC: mdfrc                                                                 


 Here is the input file:

!NVE run                                                                       
&cntrl                                                                         
imin = 0,                           ! No Minimization                          
nmropt = 0,                         ! No NMR restraints read                   
                                                                               
! Nature and format of the input                                               
ntx = 5,                            ! Coordinates and velocities will be read  
irest = 1,                          ! Do not run a new simulation              
                                                                               
! Nature and format of the output                                              
ioutfm = 1,			    ! NetCDF format for output files                             
ntxo = 1,                           ! rstrt file in ASCII format               
ntpr = 500,                         ! inf in output every ntpr steps           
ntwr = 500,                         ! rstrt file every ntwr steps              
ntwx = 20,                          ! mdcrd file every ntwx steps              
ntwv = -1,                          ! mdvel without velocities                 
ntwe = 0,                           ! Energies and temperatures not written in 
idecomp = 0,                        ! No energy decomposition                  
iwrap = 1,                          ! Coordinates of the restart and mdcrd file
                                                                               
! Frozen or restrained atoms                                                   
ibelly = 0,                         ! No frozen atoms                          
ntr=0,                              ! Harmonic potential restraints            
                                                                               
! Molecular dynamics                                                           
nstlim = 20000,                     ! Number of MD-steps                       
dt = 0.0005,                        ! Time step                                
                                                                               
! Temperature regulation                                                       
ntt = 0,                            ! Constant total energy                    
                                                                               
! P and V regulation                                                           
ntp = 0,                            ! No P control                             
ntb = 1,                            ! constant V                               
                                                                               
! SHAKE variables                                                              
ntc = 1,                            ! Bonds involving H are constrained        
ntf = 1,                            ! Bond interaction involving H are ommited.
                                                                               
cut = 9.0,                          ! Nonbonded cutoff                         
/                                                                              
&end                                                                           


Note: ig = -1. Setting random seed to   542702 based on wallclock time in 
      microseconds.
| irandom = 1, using AMBER's internal random number generator (default).
 
|--------------------- INFORMATION ----------------------
| GPU (CUDA) Version of PMEMD in use: NVIDIA GPU IN USE.
|                    Version 16.0.0
| 
|                      02/25/2016
| 
| Implementation by:
|                    Ross C. Walker     (SDSC)
|                    Scott Le Grand     (nVIDIA)
| 
| Precision model in use:
|      [SPFP] - Single Precision Forces, 64-bit Fixed Point
|               Accumulation. (Default)
| 
|--------------------------------------------------------
 
|----------------- CITATION INFORMATION -----------------
|
|    When publishing work that utilized the CUDA version
|    of AMBER, please cite the following in addition to
|    the regular AMBER citations:
|
|  - Romelia Salomon-Ferrer; Andreas W. Goetz; Duncan
|    Poole; Scott Le Grand; Ross C. Walker "Routine
|    microsecond molecular dynamics simulations with
|    AMBER - Part II: Particle Mesh Ewald", J. Chem.
|    Theory Comput., 2013, 9 (9), pp3878-3888,
|    DOI: 10.1021/ct400314y.
|
|  - Andreas W. Goetz; Mark J. Williamson; Dong Xu;
|    Duncan Poole; Scott Le Grand; Ross C. Walker
|    "Routine microsecond molecular dynamics simulations
|    with AMBER - Part I: Generalized Born", J. Chem.
|    Theory Comput., 2012, 8 (5), pp1542-1555.
|
|  - Scott Le Grand; Andreas W. Goetz; Ross C. Walker
|    "SPFP: Speed without compromise - a mixed precision
|    model for GPU accelerated molecular dynamics
|    simulations.", Comp. Phys. Comm., 2013, 184
|    pp374-380, DOI: 10.1016/j.cpc.2012.09.022
|
|--------------------------------------------------------
 
|------------------- GPU DEVICE INFO --------------------
|
|            CUDA_VISIBLE_DEVICES: 0
|   CUDA Capable Devices Detected:      1
|           CUDA Device ID in use:      0
|                CUDA Device Name: Quadro GP100
|     CUDA Device Global Mem Size:  16273 MB
| CUDA Device Num Multiprocessors:     56
|           CUDA Device Core Freq:   1.44 GHz
|
|--------------------------------------------------------
 
 
| Conditional Compilation Defines Used:
| PUBFFT
| BINTRAJ
| CUDA
| EMIL

| Largest sphere to fit in unit cell has radius =    29.669

| New format PARM file being parsed.
| Version =    1.000 Date = 09/01/17 Time = 19:23:45

| Note: 1-4 EEL scale factors are being read from the topology file.

| Note: 1-4 VDW scale factors are being read from the topology file.
| Duplicated    0 dihedrals

| Duplicated    0 dihedrals

--------------------------------------------------------------------------------
   1.  RESOURCE   USE: 
--------------------------------------------------------------------------------

 getting new box info from bottom of inpcrd
 NATOM  =   29433 NTYPES =      16 NBONH =   28406 MBONA  =    1038
 NTHETH =    2390 MTHETA =    1396 NPHIH =    4771 MPHIA  =    4486
 NHPARM =       0 NPARM  =       0 NNB   =   47902 NRES   =    9251
 NBONA  =    1038 NTHETA =    1396 NPHIA =    4486 NUMBND =      69
 NUMANG =     160 NPTRA  =     189 NATYP =      34 NPHB   =       1
 IFBOX  =       2 NMXRS  =      24 IFCAP =       0 NEXTRA =       0
 NCOPY  =       0

| Coordinate Index Table dimensions:    12   12   12
| Direct force subcell size =     6.0562    6.0562    6.0562

     BOX TYPE: TRUNCATED OCTAHEDRON

--------------------------------------------------------------------------------
   2.  CONTROL  DATA  FOR  THE  RUN
--------------------------------------------------------------------------------

default_name                                                                    

General flags:
     imin    =       0, nmropt  =       0

Nature and format of input:
     ntx     =       5, irest   =       1, ntrx    =       1

Nature and format of output:
     ntxo    =       1, ntpr    =     500, ntrx    =       1, ntwr    =     500
     iwrap   =       1, ntwx    =      20, ntwv    =      -1, ntwe    =       0
     ioutfm  =       1, ntwprt  =       0, idecomp =       0, rbornstat=      0

Potential function:
     ntf     =       1, ntb     =       1, igb     =       0, nsnb    =      25
     ipol    =       0, gbsa    =       0, iesp    =       0
     dielc   =   1.00000, cut     =   9.00000, intdiel =   1.00000

Frozen or restrained atoms:
     ibelly  =       0, ntr     =       0

Molecular dynamics:
     nstlim  =     20000, nscm    =      1000, nrespa  =         1
     t       =   0.00000, dt      =   0.00050, vlimit  =  -1.00000

| Intermolecular bonds treatment:
|     no_intermolecular_bonds =       1

| Energy averages sample interval:
|     ene_avg_sampling =     500

Ewald parameters:
     verbose =       0, ew_type =       0, nbflag  =       1, use_pme =       1
     vdwmeth =       1, eedmeth =       1, netfrc  =       1
     Box X =   72.674   Box Y =   72.674   Box Z =   72.674
     Alpha =  109.471   Beta  =  109.471   Gamma =  109.471
     NFFT1 =   80       NFFT2 =   80       NFFT3 =   80
     Cutoff=    9.000   Tol   =0.100E-04
     Ewald Coefficient =  0.30768
     Interpolation order =    4

--------------------------------------------------------------------------------
   3.  ATOMIC COORDINATES AND VELOCITIES
--------------------------------------------------------------------------------

default_name                                                                    
 begin time read from input coords =283010.000 ps

 
 Number of triangulated 3-point waters found:     9119

     Sum of charges from parm topology file =  -0.00000008
     Forcing neutrality...

| Dynamic Memory, Types Used:
| Reals              870797
| Integers           902230

| Nonbonded Pairs Initial Allocation:     6710724

| GPU memory information (estimate):
| KB of GPU memory in use:    101822
| KB of CPU memory in use:     45122

--------------------------------------------------------------------------------
   4.  RESULTS
--------------------------------------------------------------------------------

 ---------------------------------------------------
 APPROXIMATING switch and d/dx switch using CUBIC SPLINE INTERPOLATION
 using   5000.0 points per unit in tabled values
 TESTING RELATIVE ERROR over r ranging from 0.0 to cutoff
| CHECK switch(x): max rel err =   0.2738E-14   at   2.422500
| CHECK d/dx switch(x): max rel err =   0.8314E-11   at   2.736960
 ---------------------------------------------------
|---------------------------------------------------
| APPROXIMATING direct energy using CUBIC SPLINE INTERPOLATION
|  with   50.0 points per unit in tabled values
| Relative Error Limit not exceeded for r .gt.   2.39
| APPROXIMATING direct force using CUBIC SPLINE INTERPOLATION
|  with   50.0 points per unit in tabled values
| Relative Error Limit not exceeded for r .gt.   2.84
|---------------------------------------------------

 NSTEP =      500   TIME(PS) =  283010.250  TEMP(K) =   298.68  PRESS =     0.0
 Etot   =    -66439.2576  EKtot   =     26203.5410  EPtot      =    -92642.7986
 BOND   =     16502.9132  ANGLE   =      1058.4690  DIHED      =      1668.4269
 1-4 NB =       463.2434  1-4 EEL =      4528.3681  VDWAALS    =     16838.3487
 EELEC  =   -133702.5678  EHBOND  =         0.0000  RESTRAINT  =         0.0000
 ------------------------------------------------------------------------------

check COM velocity, temp:        0.001701     0.00(Removed)

 NSTEP =     1000   TIME(PS) =  283010.500  TEMP(K) =   300.27  PRESS =     0.0
 Etot   =    -66441.4295  EKtot   =     26342.5859  EPtot      =    -92784.0154
 BOND   =     16472.9698  ANGLE   =      1002.8574  DIHED      =      1667.1522
 1-4 NB =       458.2649  1-4 EEL =      4514.2959  VDWAALS    =     17059.7730
 EELEC  =   -133959.3286  EHBOND  =         0.0000  RESTRAINT  =         0.0000
 ------------------------------------------------------------------------------


 NSTEP =     1500   TIME(PS) =  283010.750  TEMP(K) =   300.31  PRESS =     0.0
 Etot   =    -66445.1681  EKtot   =     26346.6465  EPtot      =    -92791.8146
 BOND   =     16566.0456  ANGLE   =      1023.0349  DIHED      =      1664.2524
 1-4 NB =       451.3544  1-4 EEL =      4506.0190  VDWAALS    =     16796.1035
 EELEC  =   -133798.6245  EHBOND  =         0.0000  RESTRAINT  =         0.0000
 ------------------------------------------------------------------------------

check COM velocity, temp:        0.000007     0.00(Removed)

 NSTEP =     2000   TIME(PS) =  283011.000  TEMP(K) =   300.81  PRESS =     0.0
 Etot   =    -66448.0817  EKtot   =     26390.0879  EPtot      =    -92838.1695
 BOND   =     16342.9405  ANGLE   =      1030.0463  DIHED      =      1672.7503
 1-4 NB =       443.4711  1-4 EEL =      4519.8370  VDWAALS    =     16663.2824
 EELEC  =   -133510.4971  EHBOND  =         0.0000  RESTRAINT  =         0.0000
 ------------------------------------------------------------------------------


 NSTEP =     2500   TIME(PS) =  283011.250  TEMP(K) =   302.40  PRESS =     0.0
 Etot   =    -66442.5879  EKtot   =     26529.5664  EPtot      =    -92972.1543
 BOND   =     16433.9127  ANGLE   =      1024.7524  DIHED      =      1652.1015
 1-4 NB =       450.0445  1-4 EEL =      4530.6084  VDWAALS    =     17102.1820
 EELEC  =   -134165.7557  EHBOND  =         0.0000  RESTRAINT  =         0.0000
 ------------------------------------------------------------------------------

check COM velocity, temp:        0.000006     0.00(Removed)

 NSTEP =     3000   TIME(PS) =  283011.500  TEMP(K) =   300.32  PRESS =     0.0
 Etot   =    -66444.2837  EKtot   =     26347.2930  EPtot      =    -92791.5767
 BOND   =     16454.0447  ANGLE   =      1055.3810  DIHED      =      1654.3860
 1-4 NB =       446.7277  1-4 EEL =      4500.9499  VDWAALS    =     17070.0015
 EELEC  =   -133973.0675  EHBOND  =         0.0000  RESTRAINT  =         0.0000
 ------------------------------------------------------------------------------


 NSTEP =     3500   TIME(PS) =  283011.750  TEMP(K) =   300.26  PRESS =     0.0
 Etot   =    -66440.6133  EKtot   =     26341.9062  EPtot      =    -92782.5195
 BOND   =     16476.6510  ANGLE   =      1029.3812  DIHED      =      1666.6139
 1-4 NB =       455.2320  1-4 EEL =      4524.0115  VDWAALS    =     16888.3073
 EELEC  =   -133822.7163  EHBOND  =         0.0000  RESTRAINT  =         0.0000
 ------------------------------------------------------------------------------

check COM velocity, temp:        0.000002     0.00(Removed)

 NSTEP =     4000   TIME(PS) =  283012.000  TEMP(K) =   301.02  PRESS =     0.0
 Etot   =    -66439.5135  EKtot   =     26408.9199  EPtot      =    -92848.4334
 BOND   =     16541.1466  ANGLE   =      1041.3570  DIHED      =      1640.9287
 1-4 NB =       431.8388  1-4 EEL =      4492.4223  VDWAALS    =     17019.5894
 EELEC  =   -134015.7163  EHBOND  =         0.0000  RESTRAINT  =         0.0000
 ------------------------------------------------------------------------------


 NSTEP =     4500   TIME(PS) =  283012.250  TEMP(K) =   301.43  PRESS =     0.0
 Etot   =    -66441.8273  EKtot   =     26444.7148  EPtot      =    -92886.5422
 BOND   =     16387.9282  ANGLE   =      1038.9484  DIHED      =      1662.2713
 1-4 NB =       444.6252  1-4 EEL =      4519.9704  VDWAALS    =     17087.2327
 EELEC  =   -134027.5183  EHBOND  =         0.0000  RESTRAINT  =         0.0000
 ------------------------------------------------------------------------------

check COM velocity, temp:        0.000003     0.00(Removed)

 NSTEP =     5000   TIME(PS) =  283012.500  TEMP(K) =   299.26  PRESS =     0.0
 Etot   =    -66441.7565  EKtot   =     26253.8965  EPtot      =    -92695.6529
 BOND   =     16394.3534  ANGLE   =      1012.2044  DIHED      =      1666.1051
 1-4 NB =       443.4407  1-4 EEL =      4496.4452  VDWAALS    =     16876.6602
 EELEC  =   -133584.8620  EHBOND  =         0.0000  RESTRAINT  =         0.0000
 ------------------------------------------------------------------------------


 NSTEP =     5500   TIME(PS) =  283012.750  TEMP(K) =   300.26  PRESS =     0.0
 Etot   =    -66442.5821  EKtot   =     26341.7285  EPtot      =    -92784.3107
 BOND   =     16314.6982  ANGLE   =      1070.3039  DIHED      =      1656.9994
 1-4 NB =       447.8628  1-4 EEL =      4482.2261  VDWAALS    =     16884.7545
 EELEC  =   -133641.1555  EHBOND  =         0.0000  RESTRAINT  =         0.0000
 ------------------------------------------------------------------------------

check COM velocity, temp:        0.000005     0.00(Removed)

 NSTEP =     6000   TIME(PS) =  283013.000  TEMP(K) =   302.68  PRESS =     0.0
 Etot   =    -66439.2782  EKtot   =     26554.0039  EPtot      =    -92993.2821
 BOND   =     16533.5319  ANGLE   =       985.3351  DIHED      =      1652.4233
 1-4 NB =       438.9180  1-4 EEL =      4516.6046  VDWAALS    =     17241.9589
 EELEC  =   -134362.0539  EHBOND  =         0.0000  RESTRAINT  =         0.0000
 ------------------------------------------------------------------------------


 NSTEP =     6500   TIME(PS) =  283013.250  TEMP(K) =   302.19  PRESS =     0.0
 Etot   =    -66441.1110  EKtot   =     26511.0957  EPtot      =    -92952.2067
 BOND   =     16383.1521  ANGLE   =      1001.0915  DIHED      =      1651.1253
 1-4 NB =       445.8540  1-4 EEL =      4478.8013  VDWAALS    =     17117.7285
 EELEC  =   -134029.9593  EHBOND  =         0.0000  RESTRAINT  =         0.0000
 ------------------------------------------------------------------------------

check COM velocity, temp:        0.000005     0.00(Removed)

 NSTEP =     7000   TIME(PS) =  283013.500  TEMP(K) =   301.90  PRESS =     0.0
 Etot   =    -66440.3371  EKtot   =     26486.2148  EPtot      =    -92926.5519
 BOND   =     16441.4885  ANGLE   =       984.9557  DIHED      =      1650.5227
 1-4 NB =       465.4466  1-4 EEL =      4504.1236  VDWAALS    =     16939.2050
 EELEC  =   -133912.2940  EHBOND  =         0.0000  RESTRAINT  =         0.0000
 ------------------------------------------------------------------------------


 NSTEP =     7500   TIME(PS) =  283013.750  TEMP(K) =   300.06  PRESS =     0.0
 Etot   =    -66440.6196  EKtot   =     26324.0156  EPtot      =    -92764.6352
 BOND   =     16508.6462  ANGLE   =      1027.8418  DIHED      =      1651.7793
 1-4 NB =       456.3266  1-4 EEL =      4488.9481  VDWAALS    =     17007.9100
 EELEC  =   -133906.0872  EHBOND  =         0.0000  RESTRAINT  =         0.0000
 ------------------------------------------------------------------------------

check COM velocity, temp:        0.000003     0.00(Removed)

 NSTEP =     8000   TIME(PS) =  283014.000  TEMP(K) =   300.63  PRESS =     0.0
 Etot   =    -66441.4072  EKtot   =     26374.5410  EPtot      =    -92815.9482
 BOND   =     16557.8103  ANGLE   =      1033.8898  DIHED      =      1658.7314
 1-4 NB =       444.0778  1-4 EEL =      4558.5118  VDWAALS    =     16981.0042
 EELEC  =   -134049.9734  EHBOND  =         0.0000  RESTRAINT  =         0.0000
 ------------------------------------------------------------------------------


 NSTEP =     8500   TIME(PS) =  283014.250  TEMP(K) =   300.72  PRESS =     0.0
 Etot   =    -66440.6274  EKtot   =     26382.3457  EPtot      =    -92822.9731
 BOND   =     16502.1309  ANGLE   =      1021.1224  DIHED      =      1677.5607
 1-4 NB =       454.5118  1-4 EEL =      4570.9009  VDWAALS    =     16970.3897
 EELEC  =   -134019.5895  EHBOND  =         0.0000  RESTRAINT  =         0.0000
 ------------------------------------------------------------------------------

check COM velocity, temp:        0.000005     0.00(Removed)

 NSTEP =     9000   TIME(PS) =  283014.500  TEMP(K) =   301.01  PRESS =     0.0
 Etot   =    -66444.2512  EKtot   =     26408.0879  EPtot      =    -92852.3391
 BOND   =     16361.7249  ANGLE   =      1017.1357  DIHED      =      1659.7071
 1-4 NB =       457.5547  1-4 EEL =      4481.3753  VDWAALS    =     17028.0189
 EELEC  =   -133857.8556  EHBOND  =         0.0000  RESTRAINT  =         0.0000
 ------------------------------------------------------------------------------


 NSTEP =     9500   TIME(PS) =  283014.750  TEMP(K) =   301.67  PRESS =     0.0
 Etot   =    -66442.0408  EKtot   =     26465.6973  EPtot      =    -92907.7381
 BOND   =     16409.7939  ANGLE   =      1077.4682  DIHED      =      1653.4031
 1-4 NB =       452.9519  1-4 EEL =      4497.9498  VDWAALS    =     17049.5533
 EELEC  =   -134048.8582  EHBOND  =         0.0000  RESTRAINT  =         0.0000
 ------------------------------------------------------------------------------

check COM velocity, temp:        0.000003     0.00(Removed)

 NSTEP =    10000   TIME(PS) =  283015.000  TEMP(K) =   301.99  PRESS =     0.0
 Etot   =    -66443.2802  EKtot   =     26493.4492  EPtot      =    -92936.7294
 BOND   =     16518.7602  ANGLE   =      1015.1972  DIHED      =      1648.6290
 1-4 NB =       450.5931  1-4 EEL =      4510.8682  VDWAALS    =     17091.5477
 EELEC  =   -134172.3249  EHBOND  =         0.0000  RESTRAINT  =         0.0000
 ------------------------------------------------------------------------------


 NSTEP =    10500   TIME(PS) =  283015.250  TEMP(K) =   301.53  PRESS =     0.0
 Etot   =    -66444.0686  EKtot   =     26453.1152  EPtot      =    -92897.1838
 BOND   =     16468.7185  ANGLE   =      1002.1063  DIHED      =      1652.9974
 1-4 NB =       452.5522  1-4 EEL =      4496.8196  VDWAALS    =     16762.4625
 EELEC  =   -133732.8403  EHBOND  =         0.0000  RESTRAINT  =         0.0000
 ------------------------------------------------------------------------------

check COM velocity, temp:        0.000002     0.00(Removed)

 NSTEP =    11000   TIME(PS) =  283015.500  TEMP(K) =   298.31  PRESS =     0.0
 Etot   =    -66438.9861  EKtot   =     26170.7227  EPtot      =    -92609.7088
 BOND   =     16454.3075  ANGLE   =      1041.1200  DIHED      =      1643.2291
 1-4 NB =       452.4514  1-4 EEL =      4507.5580  VDWAALS    =     16757.5026
 EELEC  =   -133465.8774  EHBOND  =         0.0000  RESTRAINT  =         0.0000
 ------------------------------------------------------------------------------


 NSTEP =    11500   TIME(PS) =  283015.750  TEMP(K) =   300.61  PRESS =     0.0
 Etot   =    -66443.4509  EKtot   =     26372.7031  EPtot      =    -92816.1540
 BOND   =     16341.8743  ANGLE   =      1032.7530  DIHED      =      1641.2018
 1-4 NB =       447.7536  1-4 EEL =      4522.7624  VDWAALS    =     16987.4325
 EELEC  =   -133789.9315  EHBOND  =         0.0000  RESTRAINT  =         0.0000
 ------------------------------------------------------------------------------

check COM velocity, temp:        0.000003     0.00(Removed)

 NSTEP =    12000   TIME(PS) =  283016.000  TEMP(K) =   300.78  PRESS =     0.0
 Etot   =    -66443.9436  EKtot   =     26387.9648  EPtot      =    -92831.9085
 BOND   =     16264.5001  ANGLE   =      1064.7435  DIHED      =      1646.4708
 1-4 NB =       456.7147  1-4 EEL =      4529.3854  VDWAALS    =     16628.2704
 EELEC  =   -133421.9933  EHBOND  =         0.0000  RESTRAINT  =         0.0000
 ------------------------------------------------------------------------------


 NSTEP =    12500   TIME(PS) =  283016.250  TEMP(K) =   300.84  PRESS =     0.0
 Etot   =    -66443.4452  EKtot   =     26392.9023  EPtot      =    -92836.3476
 BOND   =     16425.5958  ANGLE   =      1066.7782  DIHED      =      1645.7190
 1-4 NB =       444.5910  1-4 EEL =      4501.0103  VDWAALS    =     16887.9703
 EELEC  =   -133808.0122  EHBOND  =         0.0000  RESTRAINT  =         0.0000
 ------------------------------------------------------------------------------

check COM velocity, temp:        0.000005     0.00(Removed)

 NSTEP =    13000   TIME(PS) =  283016.500  TEMP(K) =   301.37  PRESS =     0.0
 Etot   =    -66441.0389  EKtot   =     26439.6289  EPtot      =    -92880.6678
 BOND   =     16440.7468  ANGLE   =      1031.5937  DIHED      =      1653.6961
 1-4 NB =       443.9664  1-4 EEL =      4500.8089  VDWAALS    =     16848.2419
 EELEC  =   -133799.7215  EHBOND  =         0.0000  RESTRAINT  =         0.0000
 ------------------------------------------------------------------------------


 NSTEP =    13500   TIME(PS) =  283016.750  TEMP(K) =   302.15  PRESS =     0.0
 Etot   =    -66440.1912  EKtot   =     26507.7070  EPtot      =    -92947.8982
 BOND   =     16578.1074  ANGLE   =      1011.6678  DIHED      =      1667.1641
 1-4 NB =       450.5520  1-4 EEL =      4492.3876  VDWAALS    =     16914.7539
 EELEC  =   -134062.5310  EHBOND  =         0.0000  RESTRAINT  =         0.0000
 ------------------------------------------------------------------------------

check COM velocity, temp:        0.000009     0.00(Removed)

 NSTEP =    14000   TIME(PS) =  283017.000  TEMP(K) =   302.75  PRESS =     0.0
 Etot   =    -66447.8178  EKtot   =     26560.1523  EPtot      =    -93007.9702
 BOND   =     16384.9927  ANGLE   =      1027.7284  DIHED      =      1640.8089
 1-4 NB =       442.0883  1-4 EEL =      4493.4509  VDWAALS    =     16983.5112
 EELEC  =   -133980.5506  EHBOND  =         0.0000  RESTRAINT  =         0.0000
 ------------------------------------------------------------------------------


 NSTEP =    14500   TIME(PS) =  283017.250  TEMP(K) =   299.60  PRESS =     0.0
 Etot   =    -66440.4200  EKtot   =     26284.0586  EPtot      =    -92724.4786
 BOND   =     16361.0217  ANGLE   =      1027.4152  DIHED      =      1646.4866
 1-4 NB =       452.1604  1-4 EEL =      4492.3288  VDWAALS    =     17051.1034
 EELEC  =   -133754.9946  EHBOND  =         0.0000  RESTRAINT  =         0.0000
 ------------------------------------------------------------------------------

check COM velocity, temp:        0.000003     0.00(Removed)

 NSTEP =    15000   TIME(PS) =  283017.500  TEMP(K) =   298.92  PRESS =     0.0
 Etot   =    -66437.2021  EKtot   =     26224.0820  EPtot      =    -92661.2841
 BOND   =     16457.3386  ANGLE   =      1014.0100  DIHED      =      1647.2795
 1-4 NB =       452.2295  1-4 EEL =      4530.2146  VDWAALS    =     17000.3218
 EELEC  =   -133762.6781  EHBOND  =         0.0000  RESTRAINT  =         0.0000
 ------------------------------------------------------------------------------


 NSTEP =    15500   TIME(PS) =  283017.750  TEMP(K) =   300.93  PRESS =     0.0
 Etot   =    -66437.4998  EKtot   =     26400.5137  EPtot      =    -92838.0135
 BOND   =     16535.3456  ANGLE   =      1006.9766  DIHED      =      1652.5949
 1-4 NB =       464.9379  1-4 EEL =      4536.7288  VDWAALS    =     17103.0378
 EELEC  =   -134137.6351  EHBOND  =         0.0000  RESTRAINT  =         0.0000
 ------------------------------------------------------------------------------

check COM velocity, temp:        0.000005     0.00(Removed)

 NSTEP =    16000   TIME(PS) =  283018.000  TEMP(K) =   300.74  PRESS =     0.0
 Etot   =    -66443.3236  EKtot   =     26384.3516  EPtot      =    -92827.6752
 BOND   =     16531.2232  ANGLE   =      1026.6121  DIHED      =      1656.6459
 1-4 NB =       438.3199  1-4 EEL =      4471.9622  VDWAALS    =     17122.7975
 EELEC  =   -134075.2359  EHBOND  =         0.0000  RESTRAINT  =         0.0000
 ------------------------------------------------------------------------------


 NSTEP =    16500   TIME(PS) =  283018.250  TEMP(K) =   300.87  PRESS =     0.0
 Etot   =    -66444.0940  EKtot   =     26395.3398  EPtot      =    -92839.4338
 BOND   =     16529.1032  ANGLE   =      1026.8301  DIHED      =      1652.7873
 1-4 NB =       434.9352  1-4 EEL =      4535.9942  VDWAALS    =     16912.8709
 EELEC  =   -133931.9548  EHBOND  =         0.0000  RESTRAINT  =         0.0000
 ------------------------------------------------------------------------------

check COM velocity, temp:        0.000004     0.00(Removed)

 NSTEP =    17000   TIME(PS) =  283018.500  TEMP(K) =   301.28  PRESS =     0.0
 Etot   =    -66442.4553  EKtot   =     26431.6309  EPtot      =    -92874.0861
 BOND   =     16418.7921  ANGLE   =      1010.4530  DIHED      =      1646.2245
 1-4 NB =       450.6533  1-4 EEL =      4528.1478  VDWAALS    =     16843.9052
 EELEC  =   -133772.2620  EHBOND  =         0.0000  RESTRAINT  =         0.0000
 ------------------------------------------------------------------------------


 NSTEP =    17500   TIME(PS) =  283018.750  TEMP(K) =   299.45  PRESS =     0.0
 Etot   =    -66441.1814  EKtot   =     26270.8926  EPtot      =    -92712.0739
 BOND   =     16427.9436  ANGLE   =      1009.2086  DIHED      =      1642.2615
 1-4 NB =       461.1885  1-4 EEL =      4511.3594  VDWAALS    =     16830.3966
 EELEC  =   -133594.4321  EHBOND  =         0.0000  RESTRAINT  =         0.0000
 ------------------------------------------------------------------------------

check COM velocity, temp:        0.000008     0.00(Removed)

 NSTEP =    18000   TIME(PS) =  283019.000  TEMP(K) =   304.22  PRESS =     0.0
 Etot   =    -66443.9707  EKtot   =     26689.0703  EPtot      =    -93133.0410
 BOND   =     16272.1628  ANGLE   =      1033.8441  DIHED      =      1661.1226
 1-4 NB =       444.3325  1-4 EEL =      4487.8679  VDWAALS    =     16952.0695
 EELEC  =   -133984.4404  EHBOND  =         0.0000  RESTRAINT  =         0.0000
 ------------------------------------------------------------------------------


 NSTEP =    18500   TIME(PS) =  283019.250  TEMP(K) =   301.23  PRESS =     0.0
 Etot   =    -66445.0635  EKtot   =     26427.2715  EPtot      =    -92872.3350
 BOND   =     16362.0420  ANGLE   =      1053.6074  DIHED      =      1652.6827
 1-4 NB =       442.8709  1-4 EEL =      4499.0283  VDWAALS    =     17070.5349
 EELEC  =   -133953.1012  EHBOND  =         0.0000  RESTRAINT  =         0.0000
 ------------------------------------------------------------------------------

check COM velocity, temp:        0.000003     0.00(Removed)

 NSTEP =    19000   TIME(PS) =  283019.500  TEMP(K) =   301.03  PRESS =     0.0
 Etot   =    -66440.2953  EKtot   =     26409.2012  EPtot      =    -92849.4965
 BOND   =     16459.3683  ANGLE   =      1033.2982  DIHED      =      1664.6902
 1-4 NB =       452.0985  1-4 EEL =      4548.0736  VDWAALS    =     16644.3478
 EELEC  =   -133651.3730  EHBOND  =         0.0000  RESTRAINT  =         0.0000
 ------------------------------------------------------------------------------


 NSTEP =    19500   TIME(PS) =  283019.750  TEMP(K) =   301.13  PRESS =     0.0
 Etot   =    -66440.2515  EKtot   =     26418.2969  EPtot      =    -92858.5484
 BOND   =     16347.6651  ANGLE   =      1015.0282  DIHED      =      1639.0427
 1-4 NB =       475.8538  1-4 EEL =      4535.2301  VDWAALS    =     16745.3701
 EELEC  =   -133616.7385  EHBOND  =         0.0000  RESTRAINT  =         0.0000
 ------------------------------------------------------------------------------

check COM velocity, temp:        0.000005     0.00(Removed)

 NSTEP =    20000   TIME(PS) =  283020.000  TEMP(K) =   300.82  PRESS =     0.0
 Etot   =    -66441.2215  EKtot   =     26390.9629  EPtot      =    -92832.1844
 BOND   =     16431.7184  ANGLE   =      1049.0065  DIHED      =      1660.6303
 1-4 NB =       452.6196  1-4 EEL =      4541.4519  VDWAALS    =     16835.0573
 EELEC  =   -133802.6683  EHBOND  =         0.0000  RESTRAINT  =         0.0000
 ------------------------------------------------------------------------------


      A V E R A G E S   O V E R      40 S T E P S


 NSTEP =    20000   TIME(PS) =  283020.000  TEMP(K) =   300.91  PRESS =     0.0
 Etot   =    -66441.9994  EKtot   =     26399.0227  EPtot      =    -92841.0220
 BOND   =     16439.9303  ANGLE   =      1028.3889  DIHED      =      1654.7401
 1-4 NB =       450.3802  1-4 EEL =      4512.1452  VDWAALS    =     16939.8877
 EELEC  =   -133866.4944  EHBOND  =         0.0000  RESTRAINT  =         0.0000
 ------------------------------------------------------------------------------


      R M S  F L U C T U A T I O N S


 NSTEP =    20000   TIME(PS) =  283020.000  TEMP(K) =     1.14  PRESS =     0.0
 Etot   =         2.3600  EKtot   =       100.0228  EPtot      =       100.8290
 BOND   =        79.0254  ANGLE   =        21.5173  DIHED      =         9.4058
 1-4 NB =         8.5770  1-4 EEL =        22.3134  VDWAALS    =       141.8597
 EELEC  =       206.7986  EHBOND  =         0.0000  RESTRAINT  =         0.0000
|E(PBS) =         0.7027
 ------------------------------------------------------------------------------

--------------------------------------------------------------------------------
   5.  TIMINGS
--------------------------------------------------------------------------------

|  NonSetup CPU Time in Major Routines:
|
|     Routine           Sec        %
|     ------------------------------
|     Nonbond           2.77    9.61
|     Bond              0.00    0.00
|     Angle             0.00    0.00
|     Dihedral          0.00    0.00
|     Shake             0.00    0.00
|     RunMD            26.01   90.32
|     Other             0.02    0.07
|     ------------------------------
|     Total            28.80

|  PME Nonbond Pairlist CPU Time:
|
|     Routine              Sec        %
|     ---------------------------------
|     Set Up Cit           0.00    0.00
|     Build List           0.00    0.00
|     ---------------------------------
|     Total                0.00    0.00

|  PME Direct Force CPU Time:
|
|     Routine              Sec        %
|     ---------------------------------
|     NonBonded Calc       0.00    0.00
|     Exclude Masked       0.00    0.00
|     Other                0.00    0.01
|     ---------------------------------
|     Total                0.00    0.01

|  PME Reciprocal Force CPU Time:
|
|     Routine              Sec        %
|     ---------------------------------
|     1D bspline           0.00    0.00
|     Grid Charges         0.00    0.00
|     Scalar Sum           0.00    0.00
|     Gradient Sum         0.00    0.00
|     FFT                  0.00    0.00
|     ---------------------------------
|     Total                0.00    0.00

|  Final Performance Info:
|     -----------------------------------------------------
|     Average timings for last   19500 steps:
|     Elapsed(s) =      28.64 Per Step(ms) =       1.47
|         ns/day =      29.41   seconds/ns =    2937.49
|
|     Average timings for all steps:
|     Elapsed(s) =      29.46 Per Step(ms) =       1.47
|         ns/day =      29.33   seconds/ns =    2945.94
|     -----------------------------------------------------

|  Setup CPU time:            1.18 seconds
|  NonSetup CPU time:        28.80 seconds
|  Total CPU time:           29.97 seconds     0.01 hours

|  Setup wall time:           1    seconds
|  NonSetup wall time:       29    seconds
|  Total wall time:          30    seconds     0.01 hours
