
          -------------------------------------------------------
          Amber 16 PMEMD                              2016
          -------------------------------------------------------

| PMEMD implementation of SANDER, Release 16

| Run on 08/24/2017 at 12:08:23

|   Executable path: /apps/amber16/bin/pmemd.cuda
| Working directory: /scratch/pbarletta/pdz/run/lb/neq/data/2
|          Hostname: mordor

  [-O]verwriting output

File Assignments:
|   MDIN: pdt.in                                                                
|  MDOUT: 145plb_2.out                                                          
| INPCRD: ../1/145plb_1.rst7                                                    
|   PARM: /scratch/pbarletta/pdz/top_files/lb.prmtop                            
| RESTRT: 145plb_2.rst7                                                         
|   REFC: refc                                                                  
|  MDVEL: mdvel                                                                 
|   MDEN: mden                                                                  
|  MDCRD: 145plb_2.nc                                                           
| MDINFO: mdinfo                                                                
|  MDFRC: mdfrc                                                                 


 Here is the input file:

!NVE run                                                                       
&cntrl                                                                         
imin = 0,                           ! No Minimization                          
nmropt = 0,                         ! No NMR restraints read                   
                                                                               
! Nature and format of the input                                               
ntx = 5,                            ! Coordinates and velocities will be read  
irest = 1,                          ! Restart simulation                       
                                                                               
! Nature and format of the output                                              
ioutfm = 1,			    ! NetCDF format for output files                             
ntxo = 1,                           ! rstrt file in ASCII format               
ntpr = 500,                         ! inf in output every ntpr steps           
ntwr = 500,                         ! rstrt file every ntwr steps              
ntwx = 20,                          ! mdcrd file every ntwx steps              
ntwv = -1,                          ! mdvel without velocities                 
ntwe = 0,                           ! Energies and temperatures not written in 
idecomp = 0,                        ! No energy decomposition                  
iwrap = 1,                          ! Coordinates of the restart and mdcrd file
                                                                               
! Frozen or restrained atoms                                                   
ibelly = 0,                         ! No frozen atoms                          
ntr=0,                              ! Harmonic potential restraints            
                                                                               
! Molecular dynamics                                                           
nstlim = 20000,                      ! Number of MD-steps                      
dt = 0.0005,                        ! Time step                                
                                                                               
! Temperature regulation                                                       
ntt = 3,                            ! Langevin thermostat                      
gamma_ln = 2,                       ! Gamma constant for Langevin              
temp0 = 300.0,                      ! Reference T at which the system is to be 
tempi = 300.0,                      ! Initial T                                
                                                                               
! P and V regulation                                                           
ntp = 0,                            ! No P control                             
ntb = 1,                            ! constant V                               
                                                                               
! SHAKE variables                                                              
ntc = 1,                            ! No SHAKE                                 
ntf = 1,                            ! Get E with allatom                       
                                                                               
cut = 9.0,                          ! Nonbonded cutoff                         
/                                                                              
&end                                                                           


Note: ig = -1. Setting random seed to   635806 based on wallclock time in 
      microseconds.
| irandom = 1, using AMBER's internal random number generator (default).
 
|--------------------- INFORMATION ----------------------
| GPU (CUDA) Version of PMEMD in use: NVIDIA GPU IN USE.
|                    Version 16.0.0
| 
|                      02/25/2016
| 
| Implementation by:
|                    Ross C. Walker     (SDSC)
|                    Scott Le Grand     (nVIDIA)
| 
| Precision model in use:
|      [SPFP] - Single Precision Forces, 64-bit Fixed Point
|               Accumulation. (Default)
| 
|--------------------------------------------------------
 
|----------------- CITATION INFORMATION -----------------
|
|    When publishing work that utilized the CUDA version
|    of AMBER, please cite the following in addition to
|    the regular AMBER citations:
|
|  - Romelia Salomon-Ferrer; Andreas W. Goetz; Duncan
|    Poole; Scott Le Grand; Ross C. Walker "Routine
|    microsecond molecular dynamics simulations with
|    AMBER - Part II: Particle Mesh Ewald", J. Chem.
|    Theory Comput., 2013, 9 (9), pp3878-3888,
|    DOI: 10.1021/ct400314y.
|
|  - Andreas W. Goetz; Mark J. Williamson; Dong Xu;
|    Duncan Poole; Scott Le Grand; Ross C. Walker
|    "Routine microsecond molecular dynamics simulations
|    with AMBER - Part I: Generalized Born", J. Chem.
|    Theory Comput., 2012, 8 (5), pp1542-1555.
|
|  - Scott Le Grand; Andreas W. Goetz; Ross C. Walker
|    "SPFP: Speed without compromise - a mixed precision
|    model for GPU accelerated molecular dynamics
|    simulations.", Comp. Phys. Comm., 2013, 184
|    pp374-380, DOI: 10.1016/j.cpc.2012.09.022
|
|--------------------------------------------------------
 
|------------------- GPU DEVICE INFO --------------------
|
|            CUDA_VISIBLE_DEVICES: 0
|   CUDA Capable Devices Detected:      1
|           CUDA Device ID in use:      0
|                CUDA Device Name: GeForce GTX TITAN
|     CUDA Device Global Mem Size:   6082 MB
| CUDA Device Num Multiprocessors:     14
|           CUDA Device Core Freq:   0.93 GHz
|
|--------------------------------------------------------
 
 
| Conditional Compilation Defines Used:
| PUBFFT
| BINTRAJ
| CUDA
| EMIL

| Largest sphere to fit in unit cell has radius =    26.281

| New format PARM file being parsed.
| Version =    1.000 Date = 09/04/12 Time = 16:08:43

| Note: 1-4 EEL scale factors are being read from the topology file.

| Note: 1-4 VDW scale factors are being read from the topology file.
| Duplicated    0 dihedrals

| Duplicated    0 dihedrals

--------------------------------------------------------------------------------
   1.  RESOURCE   USE: 
--------------------------------------------------------------------------------

 getting new box info from bottom of inpcrd
 NATOM  =   23082 NTYPES =      16 NBONH =   22055 MBONA  =    1038
 NTHETH =    2390 MTHETA =    1396 NPHIH =    4631 MPHIA  =    3488
 NHPARM =       0 NPARM  =       0 NNB   =   39434 NRES   =    7134
 NBONA  =    1038 NTHETA =    1396 NPHIA =    3488 NUMBND =      41
 NUMANG =      86 NPTRA  =      41 NATYP =      28 NPHB   =       1
 IFBOX  =       1 NMXRS  =      24 IFCAP =       0 NEXTRA =       0
 NCOPY  =       0

| Coordinate Index Table dimensions:    12   14   10
| Direct force subcell size =     5.0212    5.2012    5.2562

     BOX TYPE: RECTILINEAR

--------------------------------------------------------------------------------
   2.  CONTROL  DATA  FOR  THE  RUN
--------------------------------------------------------------------------------

default_name                                                                    

General flags:
     imin    =       0, nmropt  =       0

Nature and format of input:
     ntx     =       5, irest   =       1, ntrx    =       1

Nature and format of output:
     ntxo    =       1, ntpr    =     500, ntrx    =       1, ntwr    =     500
     iwrap   =       1, ntwx    =      20, ntwv    =      -1, ntwe    =       0
     ioutfm  =       1, ntwprt  =       0, idecomp =       0, rbornstat=      0

Potential function:
     ntf     =       1, ntb     =       1, igb     =       0, nsnb    =      25
     ipol    =       0, gbsa    =       0, iesp    =       0
     dielc   =   1.00000, cut     =   9.00000, intdiel =   1.00000

Frozen or restrained atoms:
     ibelly  =       0, ntr     =       0

Molecular dynamics:
     nstlim  =     20000, nscm    =      1000, nrespa  =         1
     t       =   0.00000, dt      =   0.00050, vlimit  =  -1.00000

Langevin dynamics temperature regulation:
     ig      =  635806
     temp0   = 300.00000, tempi   = 300.00000, gamma_ln=   2.00000

| Intermolecular bonds treatment:
|     no_intermolecular_bonds =       1

| Energy averages sample interval:
|     ene_avg_sampling =     500

Ewald parameters:
     verbose =       0, ew_type =       0, nbflag  =       1, use_pme =       1
     vdwmeth =       1, eedmeth =       1, netfrc  =       1
     Box X =   60.254   Box Y =   72.816   Box Z =   52.562
     Alpha =   90.000   Beta  =   90.000   Gamma =   90.000
     NFFT1 =   64       NFFT2 =   80       NFFT3 =   56
     Cutoff=    9.000   Tol   =0.100E-04
     Ewald Coefficient =  0.30768
     Interpolation order =    4

--------------------------------------------------------------------------------
   3.  ATOMIC COORDINATES AND VELOCITIES
--------------------------------------------------------------------------------

default_name                                                                    
 begin time read from input coords =    10.000 ps

 
 Number of triangulated 3-point waters found:     7002

     Sum of charges from parm topology file =  -0.00000008
     Forcing neutrality...

| Dynamic Memory, Types Used:
| Reals              710578
| Integers           737140

| Nonbonded Pairs Initial Allocation:     5262696

| GPU memory information (estimate):
| KB of GPU memory in use:    132483
| KB of CPU memory in use:     27891

--------------------------------------------------------------------------------
   4.  RESULTS
--------------------------------------------------------------------------------

 ---------------------------------------------------
 APPROXIMATING switch and d/dx switch using CUBIC SPLINE INTERPOLATION
 using   5000.0 points per unit in tabled values
 TESTING RELATIVE ERROR over r ranging from 0.0 to cutoff
| CHECK switch(x): max rel err =   0.2738E-14   at   2.422500
| CHECK d/dx switch(x): max rel err =   0.8314E-11   at   2.736960
 ---------------------------------------------------
|---------------------------------------------------
| APPROXIMATING direct energy using CUBIC SPLINE INTERPOLATION
|  with   50.0 points per unit in tabled values
| Relative Error Limit not exceeded for r .gt.   2.39
| APPROXIMATING direct force using CUBIC SPLINE INTERPOLATION
|  with   50.0 points per unit in tabled values
| Relative Error Limit not exceeded for r .gt.   2.84
|---------------------------------------------------

 NSTEP =      500   TIME(PS) =      10.250  TEMP(K) =   272.06  PRESS =     0.0
 Etot   =    -54478.6365  EKtot   =     18718.3184  EPtot      =    -73196.9548
 BOND   =      7071.2292  ANGLE   =      1006.4244  DIHED      =      1323.7509
 1-4 NB =       427.4477  1-4 EEL =      4614.8408  VDWAALS    =     11686.4292
 EELEC  =    -99327.0769  EHBOND  =         0.0000  RESTRAINT  =         0.0000
 ------------------------------------------------------------------------------


 NSTEP =     1000   TIME(PS) =      10.500  TEMP(K) =   285.38  PRESS =     0.0
 Etot   =    -52981.4769  EKtot   =     19634.6367  EPtot      =    -72616.1137
 BOND   =     10266.4627  ANGLE   =      1003.4154  DIHED      =      1336.9937
 1-4 NB =       436.3797  1-4 EEL =      4615.0211  VDWAALS    =     12023.0256
 EELEC  =   -102297.4119  EHBOND  =         0.0000  RESTRAINT  =         0.0000
 ------------------------------------------------------------------------------


 NSTEP =     1500   TIME(PS) =      10.750  TEMP(K) =   290.24  PRESS =     0.0
 Etot   =    -52458.1623  EKtot   =     19969.3672  EPtot      =    -72427.5294
 BOND   =     11521.9139  ANGLE   =      1009.5020  DIHED      =      1329.7870
 1-4 NB =       436.9395  1-4 EEL =      4606.8173  VDWAALS    =     12255.0398
 EELEC  =   -103587.5290  EHBOND  =         0.0000  RESTRAINT  =         0.0000
 ------------------------------------------------------------------------------


 NSTEP =     2000   TIME(PS) =      11.000  TEMP(K) =   295.07  PRESS =     0.0
 Etot   =    -52013.3740  EKtot   =     20301.4785  EPtot      =    -72314.8525
 BOND   =     11983.2424  ANGLE   =      1033.6992  DIHED      =      1342.8164
 1-4 NB =       440.4766  1-4 EEL =      4576.8432  VDWAALS    =     12391.3648
 EELEC  =   -104083.2950  EHBOND  =         0.0000  RESTRAINT  =         0.0000
 ------------------------------------------------------------------------------


 NSTEP =     2500   TIME(PS) =      11.250  TEMP(K) =   295.23  PRESS =     0.0
 Etot   =    -51826.0637  EKtot   =     20312.4453  EPtot      =    -72138.5091
 BOND   =     12347.9245  ANGLE   =      1027.3247  DIHED      =      1328.9823
 1-4 NB =       435.4912  1-4 EEL =      4612.6274  VDWAALS    =     12401.1490
 EELEC  =   -104292.0082  EHBOND  =         0.0000  RESTRAINT  =         0.0000
 ------------------------------------------------------------------------------


 NSTEP =     3000   TIME(PS) =      11.500  TEMP(K) =   298.10  PRESS =     0.0
 Etot   =    -51755.3432  EKtot   =     20510.0000  EPtot      =    -72265.3432
 BOND   =     12405.0584  ANGLE   =      1056.4227  DIHED      =      1334.8810
 1-4 NB =       449.9197  1-4 EEL =      4624.3204  VDWAALS    =     12476.6085
 EELEC  =   -104612.5538  EHBOND  =         0.0000  RESTRAINT  =         0.0000
 ------------------------------------------------------------------------------


 NSTEP =     3500   TIME(PS) =      11.750  TEMP(K) =   301.47  PRESS =     0.0
 Etot   =    -51636.7867  EKtot   =     20741.9395  EPtot      =    -72378.7261
 BOND   =     12690.4959  ANGLE   =       997.6260  DIHED      =      1297.6873
 1-4 NB =       444.5113  1-4 EEL =      4623.2910  VDWAALS    =     12290.6059
 EELEC  =   -104722.9436  EHBOND  =         0.0000  RESTRAINT  =         0.0000
 ------------------------------------------------------------------------------


 NSTEP =     4000   TIME(PS) =      12.000  TEMP(K) =   300.44  PRESS =     0.0
 Etot   =    -51618.7108  EKtot   =     20670.7363  EPtot      =    -72289.4472
 BOND   =     12806.4694  ANGLE   =       997.8330  DIHED      =      1327.5902
 1-4 NB =       443.9111  1-4 EEL =      4617.5680  VDWAALS    =     12859.8393
 EELEC  =   -105342.6582  EHBOND  =         0.0000  RESTRAINT  =         0.0000
 ------------------------------------------------------------------------------


 NSTEP =     4500   TIME(PS) =      12.250  TEMP(K) =   301.46  PRESS =     0.0
 Etot   =    -51488.0971  EKtot   =     20740.9609  EPtot      =    -72229.0581
 BOND   =     12795.0677  ANGLE   =      1033.6966  DIHED      =      1329.7840
 1-4 NB =       432.1501  1-4 EEL =      4622.4289  VDWAALS    =     12417.7695
 EELEC  =   -104859.9548  EHBOND  =         0.0000  RESTRAINT  =         0.0000
 ------------------------------------------------------------------------------


 NSTEP =     5000   TIME(PS) =      12.500  TEMP(K) =   299.78  PRESS =     0.0
 Etot   =    -51670.0727  EKtot   =     20625.2930  EPtot      =    -72295.3656
 BOND   =     12636.9312  ANGLE   =      1032.1800  DIHED      =      1340.8535
 1-4 NB =       432.0350  1-4 EEL =      4598.8984  VDWAALS    =     12616.6855
 EELEC  =   -104952.9493  EHBOND  =         0.0000  RESTRAINT  =         0.0000
 ------------------------------------------------------------------------------


 NSTEP =     5500   TIME(PS) =      12.750  TEMP(K) =   300.57  PRESS =     0.0
 Etot   =    -51720.2169  EKtot   =     20679.7168  EPtot      =    -72399.9337
 BOND   =     12783.5150  ANGLE   =       998.4416  DIHED      =      1324.7245
 1-4 NB =       451.4620  1-4 EEL =      4667.4738  VDWAALS    =     12507.7810
 EELEC  =   -105133.3317  EHBOND  =         0.0000  RESTRAINT  =         0.0000
 ------------------------------------------------------------------------------


 NSTEP =     6000   TIME(PS) =      13.000  TEMP(K) =   300.53  PRESS =     0.0
 Etot   =    -51526.7145  EKtot   =     20677.4375  EPtot      =    -72204.1520
 BOND   =     13038.8918  ANGLE   =       984.0717  DIHED      =      1339.4752
 1-4 NB =       435.1386  1-4 EEL =      4659.6165  VDWAALS    =     12748.6980
 EELEC  =   -105410.0437  EHBOND  =         0.0000  RESTRAINT  =         0.0000
 ------------------------------------------------------------------------------


 NSTEP =     6500   TIME(PS) =      13.250  TEMP(K) =   301.31  PRESS =     0.0
 Etot   =    -51639.2936  EKtot   =     20730.7461  EPtot      =    -72370.0397
 BOND   =     12621.4991  ANGLE   =      1078.3155  DIHED      =      1339.1990
 1-4 NB =       438.5076  1-4 EEL =      4604.2548  VDWAALS    =     12431.0190
 EELEC  =   -104882.8347  EHBOND  =         0.0000  RESTRAINT  =         0.0000
 ------------------------------------------------------------------------------


 NSTEP =     7000   TIME(PS) =      13.500  TEMP(K) =   300.96  PRESS =     0.0
 Etot   =    -51797.7834  EKtot   =     20706.8066  EPtot      =    -72504.5900
 BOND   =     12585.0802  ANGLE   =      1040.3515  DIHED      =      1306.5504
 1-4 NB =       437.9820  1-4 EEL =      4605.0211  VDWAALS    =     12557.2257
 EELEC  =   -105036.8010  EHBOND  =         0.0000  RESTRAINT  =         0.0000
 ------------------------------------------------------------------------------


 NSTEP =     7500   TIME(PS) =      13.750  TEMP(K) =   301.44  PRESS =     0.0
 Etot   =    -51571.1256  EKtot   =     20739.8516  EPtot      =    -72310.9772
 BOND   =     12768.3310  ANGLE   =      1072.2104  DIHED      =      1336.9093
 1-4 NB =       447.1278  1-4 EEL =      4583.6806  VDWAALS    =     12606.7178
 EELEC  =   -105125.9541  EHBOND  =         0.0000  RESTRAINT  =         0.0000
 ------------------------------------------------------------------------------


 NSTEP =     8000   TIME(PS) =      14.000  TEMP(K) =   301.07  PRESS =     0.0
 Etot   =    -51407.8226  EKtot   =     20714.6953  EPtot      =    -72122.5179
 BOND   =     12711.7861  ANGLE   =      1061.6450  DIHED      =      1330.1564
 1-4 NB =       449.2131  1-4 EEL =      4638.2738  VDWAALS    =     12448.4980
 EELEC  =   -104762.0903  EHBOND  =         0.0000  RESTRAINT  =         0.0000
 ------------------------------------------------------------------------------


 NSTEP =     8500   TIME(PS) =      14.250  TEMP(K) =   300.33  PRESS =     0.0
 Etot   =    -51700.8518  EKtot   =     20663.6348  EPtot      =    -72364.4866
 BOND   =     12716.8366  ANGLE   =      1026.9648  DIHED      =      1325.7332
 1-4 NB =       441.6350  1-4 EEL =      4655.6796  VDWAALS    =     12601.5162
 EELEC  =   -105132.8520  EHBOND  =         0.0000  RESTRAINT  =         0.0000
 ------------------------------------------------------------------------------


 NSTEP =     9000   TIME(PS) =      14.500  TEMP(K) =   299.38  PRESS =     0.0
 Etot   =    -51905.0456  EKtot   =     20597.9023  EPtot      =    -72502.9479
 BOND   =     12649.7076  ANGLE   =      1050.0505  DIHED      =      1334.8650
 1-4 NB =       423.7197  1-4 EEL =      4628.9124  VDWAALS    =     12390.6234
 EELEC  =   -104980.8264  EHBOND  =         0.0000  RESTRAINT  =         0.0000
 ------------------------------------------------------------------------------


 NSTEP =     9500   TIME(PS) =      14.750  TEMP(K) =   296.44  PRESS =     0.0
 Etot   =    -52092.0493  EKtot   =     20395.4844  EPtot      =    -72487.5336
 BOND   =     12716.1814  ANGLE   =      1057.0520  DIHED      =      1328.6702
 1-4 NB =       437.7511  1-4 EEL =      4597.0860  VDWAALS    =     12640.1016
 EELEC  =   -105264.3759  EHBOND  =         0.0000  RESTRAINT  =         0.0000
 ------------------------------------------------------------------------------


 NSTEP =    10000   TIME(PS) =      15.000  TEMP(K) =   298.81  PRESS =     0.0
 Etot   =    -52068.2723  EKtot   =     20558.8926  EPtot      =    -72627.1648
 BOND   =     12641.4949  ANGLE   =      1044.2450  DIHED      =      1323.5723
 1-4 NB =       437.0168  1-4 EEL =      4627.1093  VDWAALS    =     12481.1500
 EELEC  =   -105181.7532  EHBOND  =         0.0000  RESTRAINT  =         0.0000
 ------------------------------------------------------------------------------


 NSTEP =    10500   TIME(PS) =      15.250  TEMP(K) =   301.79  PRESS =     0.0
 Etot   =    -51871.6598  EKtot   =     20764.1973  EPtot      =    -72635.8571
 BOND   =     12711.1425  ANGLE   =      1040.2920  DIHED      =      1322.7423
 1-4 NB =       432.0147  1-4 EEL =      4612.6555  VDWAALS    =     12621.9969
 EELEC  =   -105376.7010  EHBOND  =         0.0000  RESTRAINT  =         0.0000
 ------------------------------------------------------------------------------


 NSTEP =    11000   TIME(PS) =      15.500  TEMP(K) =   301.14  PRESS =     0.0
 Etot   =    -52072.1619  EKtot   =     20718.9121  EPtot      =    -72791.0740
 BOND   =     12720.5629  ANGLE   =      1028.1699  DIHED      =      1312.8020
 1-4 NB =       448.9390  1-4 EEL =      4621.1327  VDWAALS    =     12694.6303
 EELEC  =   -105617.3109  EHBOND  =         0.0000  RESTRAINT  =         0.0000
 ------------------------------------------------------------------------------


 NSTEP =    11500   TIME(PS) =      15.750  TEMP(K) =   298.39  PRESS =     0.0
 Etot   =    -52115.5541  EKtot   =     20530.0957  EPtot      =    -72645.6498
 BOND   =     12740.3971  ANGLE   =      1044.7130  DIHED      =      1338.0301
 1-4 NB =       436.9454  1-4 EEL =      4622.2749  VDWAALS    =     12619.0098
 EELEC  =   -105447.0199  EHBOND  =         0.0000  RESTRAINT  =         0.0000
 ------------------------------------------------------------------------------


 NSTEP =    12000   TIME(PS) =      16.000  TEMP(K) =   297.89  PRESS =     0.0
 Etot   =    -52207.7073  EKtot   =     20495.8477  EPtot      =    -72703.5550
 BOND   =     12738.7015  ANGLE   =      1059.5818  DIHED      =      1323.4224
 1-4 NB =       432.2106  1-4 EEL =      4578.1707  VDWAALS    =     12686.7973
 EELEC  =   -105522.4392  EHBOND  =         0.0000  RESTRAINT  =         0.0000
 ------------------------------------------------------------------------------


 NSTEP =    12500   TIME(PS) =      16.250  TEMP(K) =   297.96  PRESS =     0.0
 Etot   =    -52040.8980  EKtot   =     20500.2559  EPtot      =    -72541.1538
 BOND   =     12756.3000  ANGLE   =       976.9689  DIHED      =      1315.6911
 1-4 NB =       440.2693  1-4 EEL =      4643.7874  VDWAALS    =     12574.6671
 EELEC  =   -105248.8375  EHBOND  =         0.0000  RESTRAINT  =         0.0000
 ------------------------------------------------------------------------------


 NSTEP =    13000   TIME(PS) =      16.500  TEMP(K) =   301.65  PRESS =     0.0
 Etot   =    -51905.4589  EKtot   =     20754.1914  EPtot      =    -72659.6503
 BOND   =     12800.8064  ANGLE   =      1040.3791  DIHED      =      1323.8217
 1-4 NB =       446.5156  1-4 EEL =      4617.9329  VDWAALS    =     12874.2616
 EELEC  =   -105763.3675  EHBOND  =         0.0000  RESTRAINT  =         0.0000
 ------------------------------------------------------------------------------


 NSTEP =    13500   TIME(PS) =      16.750  TEMP(K) =   302.26  PRESS =     0.0
 Etot   =    -51795.4918  EKtot   =     20796.4609  EPtot      =    -72591.9527
 BOND   =     12780.3799  ANGLE   =      1070.1846  DIHED      =      1337.8905
 1-4 NB =       438.7313  1-4 EEL =      4571.6435  VDWAALS    =     12874.0200
 EELEC  =   -105664.8025  EHBOND  =         0.0000  RESTRAINT  =         0.0000
 ------------------------------------------------------------------------------


 NSTEP =    14000   TIME(PS) =      17.000  TEMP(K) =   300.62  PRESS =     0.0
 Etot   =    -52070.5638  EKtot   =     20683.2969  EPtot      =    -72753.8606
 BOND   =     12717.0742  ANGLE   =      1043.7340  DIHED      =      1332.2619
 1-4 NB =       433.8473  1-4 EEL =      4621.3015  VDWAALS    =     12655.7714
 EELEC  =   -105557.8509  EHBOND  =         0.0000  RESTRAINT  =         0.0000
 ------------------------------------------------------------------------------


 NSTEP =    14500   TIME(PS) =      17.250  TEMP(K) =   299.49  PRESS =     0.0
 Etot   =    -51911.5047  EKtot   =     20605.8223  EPtot      =    -72517.3270
 BOND   =     13027.9466  ANGLE   =      1047.4285  DIHED      =      1295.4088
 1-4 NB =       445.6118  1-4 EEL =      4647.2499  VDWAALS    =     12702.3934
 EELEC  =   -105683.3659  EHBOND  =         0.0000  RESTRAINT  =         0.0000
 ------------------------------------------------------------------------------


 NSTEP =    15000   TIME(PS) =      17.500  TEMP(K) =   300.71  PRESS =     0.0
 Etot   =    -51939.0472  EKtot   =     20689.3555  EPtot      =    -72628.4026
 BOND   =     12809.9759  ANGLE   =      1027.1311  DIHED      =      1337.0549
 1-4 NB =       432.9373  1-4 EEL =      4609.2896  VDWAALS    =     12851.6099
 EELEC  =   -105696.4014  EHBOND  =         0.0000  RESTRAINT  =         0.0000
 ------------------------------------------------------------------------------


 NSTEP =    15500   TIME(PS) =      17.750  TEMP(K) =   298.08  PRESS =     0.0
 Etot   =    -52000.0933  EKtot   =     20508.9961  EPtot      =    -72509.0894
 BOND   =     12686.3941  ANGLE   =      1085.4556  DIHED      =      1330.5026
 1-4 NB =       422.5994  1-4 EEL =      4581.6431  VDWAALS    =     12653.2460
 EELEC  =   -105268.9302  EHBOND  =         0.0000  RESTRAINT  =         0.0000
 ------------------------------------------------------------------------------


 NSTEP =    16000   TIME(PS) =      18.000  TEMP(K) =   302.55  PRESS =     0.0
 Etot   =    -51921.6698  EKtot   =     20816.0469  EPtot      =    -72737.7167
 BOND   =     13014.3209  ANGLE   =       996.1880  DIHED      =      1343.0125
 1-4 NB =       444.6263  1-4 EEL =      4678.0300  VDWAALS    =     12941.2124
 EELEC  =   -106155.1068  EHBOND  =         0.0000  RESTRAINT  =         0.0000
 ------------------------------------------------------------------------------


 NSTEP =    16500   TIME(PS) =      18.250  TEMP(K) =   300.85  PRESS =     0.0
 Etot   =    -51977.4080  EKtot   =     20699.1758  EPtot      =    -72676.5838
 BOND   =     12609.9073  ANGLE   =       995.4942  DIHED      =      1336.0920
 1-4 NB =       441.8280  1-4 EEL =      4628.8517  VDWAALS    =     12757.0652
 EELEC  =   -105445.8221  EHBOND  =         0.0000  RESTRAINT  =         0.0000
 ------------------------------------------------------------------------------


 NSTEP =    17000   TIME(PS) =      18.500  TEMP(K) =   299.19  PRESS =     0.0
 Etot   =    -52049.3110  EKtot   =     20585.3535  EPtot      =    -72634.6645
 BOND   =     12605.2635  ANGLE   =      1024.4953  DIHED      =      1340.6465
 1-4 NB =       442.8180  1-4 EEL =      4569.8245  VDWAALS    =     12801.2956
 EELEC  =   -105419.0079  EHBOND  =         0.0000  RESTRAINT  =         0.0000
 ------------------------------------------------------------------------------


 NSTEP =    17500   TIME(PS) =      18.750  TEMP(K) =   300.74  PRESS =     0.0
 Etot   =    -52042.9618  EKtot   =     20691.8086  EPtot      =    -72734.7704
 BOND   =     12900.1798  ANGLE   =      1012.5340  DIHED      =      1335.3633
 1-4 NB =       439.3329  1-4 EEL =      4626.8332  VDWAALS    =     12937.6316
 EELEC  =   -105986.6451  EHBOND  =         0.0000  RESTRAINT  =         0.0000
 ------------------------------------------------------------------------------


 NSTEP =    18000   TIME(PS) =      19.000  TEMP(K) =   300.49  PRESS =     0.0
 Etot   =    -51784.5087  EKtot   =     20674.6816  EPtot      =    -72459.1903
 BOND   =     12991.1819  ANGLE   =      1023.0186  DIHED      =      1341.1473
 1-4 NB =       421.4779  1-4 EEL =      4568.4867  VDWAALS    =     12841.0232
 EELEC  =   -105645.5260  EHBOND  =         0.0000  RESTRAINT  =         0.0000
 ------------------------------------------------------------------------------


 NSTEP =    18500   TIME(PS) =      19.250  TEMP(K) =   299.89  PRESS =     0.0
 Etot   =    -52035.0178  EKtot   =     20633.4375  EPtot      =    -72668.4553
 BOND   =     12789.3385  ANGLE   =      1020.2136  DIHED      =      1315.4415
 1-4 NB =       448.1244  1-4 EEL =      4625.2600  VDWAALS    =     12822.3369
 EELEC  =   -105689.1703  EHBOND  =         0.0000  RESTRAINT  =         0.0000
 ------------------------------------------------------------------------------


 NSTEP =    19000   TIME(PS) =      19.500  TEMP(K) =   301.98  PRESS =     0.0
 Etot   =    -51990.9243  EKtot   =     20776.7227  EPtot      =    -72767.6470
 BOND   =     12739.1949  ANGLE   =      1029.8190  DIHED      =      1354.3008
 1-4 NB =       440.5341  1-4 EEL =      4615.6812  VDWAALS    =     12911.9301
 EELEC  =   -105859.1070  EHBOND  =         0.0000  RESTRAINT  =         0.0000
 ------------------------------------------------------------------------------


 NSTEP =    19500   TIME(PS) =      19.750  TEMP(K) =   298.41  PRESS =     0.0
 Etot   =    -52128.1865  EKtot   =     20531.6816  EPtot      =    -72659.8681
 BOND   =     12794.8322  ANGLE   =      1000.3592  DIHED      =      1359.3854
 1-4 NB =       440.0263  1-4 EEL =      4634.2219  VDWAALS    =     12700.7787
 EELEC  =   -105589.4718  EHBOND  =         0.0000  RESTRAINT  =         0.0000
 ------------------------------------------------------------------------------


 NSTEP =    20000   TIME(PS) =      20.000  TEMP(K) =   302.40  PRESS =     0.0
 Etot   =    -51864.3902  EKtot   =     20805.8477  EPtot      =    -72670.2378
 BOND   =     12780.0654  ANGLE   =      1036.2661  DIHED      =      1336.1370
 1-4 NB =       438.6516  1-4 EEL =      4628.6476  VDWAALS    =     12783.9725
 EELEC  =   -105673.9780  EHBOND  =         0.0000  RESTRAINT  =         0.0000
 ------------------------------------------------------------------------------


      A V E R A G E S   O V E R      40 S T E P S


 NSTEP =    20000   TIME(PS) =      20.000  TEMP(K) =   298.66  PRESS =     0.0
 Etot   =    -51977.0105  EKtot   =     20548.8133  EPtot      =    -72525.8237
 BOND   =     12486.8021  ANGLE   =      1030.3475  DIHED      =      1330.3534
 1-4 NB =       438.6714  1-4 EEL =      4617.0671  VDWAALS    =     12603.4374
 EELEC  =   -105032.5026  EHBOND  =         0.0000  RESTRAINT  =         0.0000
 ------------------------------------------------------------------------------


      R M S  F L U C T U A T I O N S


 NSTEP =    20000   TIME(PS) =      20.000  TEMP(K) =     5.35  PRESS =     0.0
 Etot   =       484.6223  EKtot   =       367.9254  EPtot      =       212.1003
 BOND   =       980.8900  ANGLE   =        26.0851  DIHED      =        12.7615
 1-4 NB =         7.2317  1-4 EEL =        25.5915  VDWAALS    =       250.8530
 EELEC  =      1140.9682  EHBOND  =         0.0000  RESTRAINT  =         0.0000
 ------------------------------------------------------------------------------

--------------------------------------------------------------------------------
   5.  TIMINGS
--------------------------------------------------------------------------------

|  NonSetup CPU Time in Major Routines:
|
|     Routine           Sec        %
|     ------------------------------
|     Nonbond           4.02   10.11
|     Bond              0.00    0.00
|     Angle             0.00    0.00
|     Dihedral          0.00    0.00
|     Shake             0.00    0.00
|     RunMD            35.66   89.78
|     Other             0.04    0.11
|     ------------------------------
|     Total            39.72

|  PME Nonbond Pairlist CPU Time:
|
|     Routine              Sec        %
|     ---------------------------------
|     Set Up Cit           0.00    0.00
|     Build List           0.00    0.00
|     ---------------------------------
|     Total                0.00    0.00

|  PME Direct Force CPU Time:
|
|     Routine              Sec        %
|     ---------------------------------
|     NonBonded Calc       0.00    0.00
|     Exclude Masked       0.00    0.00
|     Other                0.02    0.04
|     ---------------------------------
|     Total                0.02    0.04

|  PME Reciprocal Force CPU Time:
|
|     Routine              Sec        %
|     ---------------------------------
|     1D bspline           0.00    0.00
|     Grid Charges         0.00    0.00
|     Scalar Sum           0.00    0.00
|     Gradient Sum         0.00    0.00
|     FFT                  0.00    0.00
|     ---------------------------------
|     Total                0.00    0.00

|  Final Performance Info:
|     -----------------------------------------------------
|     Average timings for last   19500 steps:
|     Elapsed(s) =      40.38 Per Step(ms) =       2.07
|         ns/day =      20.86   seconds/ns =    4141.43
|
|     Average timings for all steps:
|     Elapsed(s) =      41.41 Per Step(ms) =       2.07
|         ns/day =      20.87   seconds/ns =    4140.86
|     -----------------------------------------------------

|  Setup CPU time:            2.83 seconds
|  NonSetup CPU time:        39.72 seconds
|  Total CPU time:           42.54 seconds     0.01 hours

|  Setup wall time:           6    seconds
|  NonSetup wall time:       42    seconds
|  Total wall time:          48    seconds     0.01 hours
