
          -------------------------------------------------------
          Amber 16 PMEMD                              2016
          -------------------------------------------------------

| PMEMD implementation of SANDER, Release 16

| Run on 08/24/2017 at 12:15:28

|   Executable path: /apps/amber16/bin/pmemd.cuda
| Working directory: /scratch/pbarletta/pdz/run/lb/neq/data/2
|          Hostname: mordor

  [-O]verwriting output

File Assignments:
|   MDIN: pdt.in                                                                
|  MDOUT: 154plb_2.out                                                          
| INPCRD: ../1/154plb_1.rst7                                                    
|   PARM: /scratch/pbarletta/pdz/top_files/lb.prmtop                            
| RESTRT: 154plb_2.rst7                                                         
|   REFC: refc                                                                  
|  MDVEL: mdvel                                                                 
|   MDEN: mden                                                                  
|  MDCRD: 154plb_2.nc                                                           
| MDINFO: mdinfo                                                                
|  MDFRC: mdfrc                                                                 


 Here is the input file:

!NVE run                                                                       
&cntrl                                                                         
imin = 0,                           ! No Minimization                          
nmropt = 0,                         ! No NMR restraints read                   
                                                                               
! Nature and format of the input                                               
ntx = 5,                            ! Coordinates and velocities will be read  
irest = 1,                          ! Restart simulation                       
                                                                               
! Nature and format of the output                                              
ioutfm = 1,			    ! NetCDF format for output files                             
ntxo = 1,                           ! rstrt file in ASCII format               
ntpr = 500,                         ! inf in output every ntpr steps           
ntwr = 500,                         ! rstrt file every ntwr steps              
ntwx = 20,                          ! mdcrd file every ntwx steps              
ntwv = -1,                          ! mdvel without velocities                 
ntwe = 0,                           ! Energies and temperatures not written in 
idecomp = 0,                        ! No energy decomposition                  
iwrap = 1,                          ! Coordinates of the restart and mdcrd file
                                                                               
! Frozen or restrained atoms                                                   
ibelly = 0,                         ! No frozen atoms                          
ntr=0,                              ! Harmonic potential restraints            
                                                                               
! Molecular dynamics                                                           
nstlim = 20000,                      ! Number of MD-steps                      
dt = 0.0005,                        ! Time step                                
                                                                               
! Temperature regulation                                                       
ntt = 3,                            ! Langevin thermostat                      
gamma_ln = 2,                       ! Gamma constant for Langevin              
temp0 = 300.0,                      ! Reference T at which the system is to be 
tempi = 300.0,                      ! Initial T                                
                                                                               
! P and V regulation                                                           
ntp = 0,                            ! No P control                             
ntb = 1,                            ! constant V                               
                                                                               
! SHAKE variables                                                              
ntc = 1,                            ! No SHAKE                                 
ntf = 1,                            ! Get E with allatom                       
                                                                               
cut = 9.0,                          ! Nonbonded cutoff                         
/                                                                              
&end                                                                           


Note: ig = -1. Setting random seed to   784172 based on wallclock time in 
      microseconds.
| irandom = 1, using AMBER's internal random number generator (default).
 
|--------------------- INFORMATION ----------------------
| GPU (CUDA) Version of PMEMD in use: NVIDIA GPU IN USE.
|                    Version 16.0.0
| 
|                      02/25/2016
| 
| Implementation by:
|                    Ross C. Walker     (SDSC)
|                    Scott Le Grand     (nVIDIA)
| 
| Precision model in use:
|      [SPFP] - Single Precision Forces, 64-bit Fixed Point
|               Accumulation. (Default)
| 
|--------------------------------------------------------
 
|----------------- CITATION INFORMATION -----------------
|
|    When publishing work that utilized the CUDA version
|    of AMBER, please cite the following in addition to
|    the regular AMBER citations:
|
|  - Romelia Salomon-Ferrer; Andreas W. Goetz; Duncan
|    Poole; Scott Le Grand; Ross C. Walker "Routine
|    microsecond molecular dynamics simulations with
|    AMBER - Part II: Particle Mesh Ewald", J. Chem.
|    Theory Comput., 2013, 9 (9), pp3878-3888,
|    DOI: 10.1021/ct400314y.
|
|  - Andreas W. Goetz; Mark J. Williamson; Dong Xu;
|    Duncan Poole; Scott Le Grand; Ross C. Walker
|    "Routine microsecond molecular dynamics simulations
|    with AMBER - Part I: Generalized Born", J. Chem.
|    Theory Comput., 2012, 8 (5), pp1542-1555.
|
|  - Scott Le Grand; Andreas W. Goetz; Ross C. Walker
|    "SPFP: Speed without compromise - a mixed precision
|    model for GPU accelerated molecular dynamics
|    simulations.", Comp. Phys. Comm., 2013, 184
|    pp374-380, DOI: 10.1016/j.cpc.2012.09.022
|
|--------------------------------------------------------
 
|------------------- GPU DEVICE INFO --------------------
|
|            CUDA_VISIBLE_DEVICES: 0
|   CUDA Capable Devices Detected:      1
|           CUDA Device ID in use:      0
|                CUDA Device Name: GeForce GTX TITAN
|     CUDA Device Global Mem Size:   6082 MB
| CUDA Device Num Multiprocessors:     14
|           CUDA Device Core Freq:   0.93 GHz
|
|--------------------------------------------------------
 
 
| Conditional Compilation Defines Used:
| PUBFFT
| BINTRAJ
| CUDA
| EMIL

| Largest sphere to fit in unit cell has radius =    26.281

| New format PARM file being parsed.
| Version =    1.000 Date = 09/04/12 Time = 16:08:43

| Note: 1-4 EEL scale factors are being read from the topology file.

| Note: 1-4 VDW scale factors are being read from the topology file.
| Duplicated    0 dihedrals

| Duplicated    0 dihedrals

--------------------------------------------------------------------------------
   1.  RESOURCE   USE: 
--------------------------------------------------------------------------------

 getting new box info from bottom of inpcrd
 NATOM  =   23082 NTYPES =      16 NBONH =   22055 MBONA  =    1038
 NTHETH =    2390 MTHETA =    1396 NPHIH =    4631 MPHIA  =    3488
 NHPARM =       0 NPARM  =       0 NNB   =   39434 NRES   =    7134
 NBONA  =    1038 NTHETA =    1396 NPHIA =    3488 NUMBND =      41
 NUMANG =      86 NPTRA  =      41 NATYP =      28 NPHB   =       1
 IFBOX  =       1 NMXRS  =      24 IFCAP =       0 NEXTRA =       0
 NCOPY  =       0

| Coordinate Index Table dimensions:    12   14   10
| Direct force subcell size =     5.0212    5.2012    5.2562

     BOX TYPE: RECTILINEAR

--------------------------------------------------------------------------------
   2.  CONTROL  DATA  FOR  THE  RUN
--------------------------------------------------------------------------------

default_name                                                                    

General flags:
     imin    =       0, nmropt  =       0

Nature and format of input:
     ntx     =       5, irest   =       1, ntrx    =       1

Nature and format of output:
     ntxo    =       1, ntpr    =     500, ntrx    =       1, ntwr    =     500
     iwrap   =       1, ntwx    =      20, ntwv    =      -1, ntwe    =       0
     ioutfm  =       1, ntwprt  =       0, idecomp =       0, rbornstat=      0

Potential function:
     ntf     =       1, ntb     =       1, igb     =       0, nsnb    =      25
     ipol    =       0, gbsa    =       0, iesp    =       0
     dielc   =   1.00000, cut     =   9.00000, intdiel =   1.00000

Frozen or restrained atoms:
     ibelly  =       0, ntr     =       0

Molecular dynamics:
     nstlim  =     20000, nscm    =      1000, nrespa  =         1
     t       =   0.00000, dt      =   0.00050, vlimit  =  -1.00000

Langevin dynamics temperature regulation:
     ig      =  784172
     temp0   = 300.00000, tempi   = 300.00000, gamma_ln=   2.00000

| Intermolecular bonds treatment:
|     no_intermolecular_bonds =       1

| Energy averages sample interval:
|     ene_avg_sampling =     500

Ewald parameters:
     verbose =       0, ew_type =       0, nbflag  =       1, use_pme =       1
     vdwmeth =       1, eedmeth =       1, netfrc  =       1
     Box X =   60.254   Box Y =   72.816   Box Z =   52.562
     Alpha =   90.000   Beta  =   90.000   Gamma =   90.000
     NFFT1 =   64       NFFT2 =   80       NFFT3 =   56
     Cutoff=    9.000   Tol   =0.100E-04
     Ewald Coefficient =  0.30768
     Interpolation order =    4

--------------------------------------------------------------------------------
   3.  ATOMIC COORDINATES AND VELOCITIES
--------------------------------------------------------------------------------

default_name                                                                    
 begin time read from input coords =    10.000 ps

 
 Number of triangulated 3-point waters found:     7002

     Sum of charges from parm topology file =  -0.00000008
     Forcing neutrality...

| Dynamic Memory, Types Used:
| Reals              710578
| Integers           737140

| Nonbonded Pairs Initial Allocation:     5262696

| GPU memory information (estimate):
| KB of GPU memory in use:    132483
| KB of CPU memory in use:     27891

--------------------------------------------------------------------------------
   4.  RESULTS
--------------------------------------------------------------------------------

 ---------------------------------------------------
 APPROXIMATING switch and d/dx switch using CUBIC SPLINE INTERPOLATION
 using   5000.0 points per unit in tabled values
 TESTING RELATIVE ERROR over r ranging from 0.0 to cutoff
| CHECK switch(x): max rel err =   0.2738E-14   at   2.422500
| CHECK d/dx switch(x): max rel err =   0.8314E-11   at   2.736960
 ---------------------------------------------------
|---------------------------------------------------
| APPROXIMATING direct energy using CUBIC SPLINE INTERPOLATION
|  with   50.0 points per unit in tabled values
| Relative Error Limit not exceeded for r .gt.   2.39
| APPROXIMATING direct force using CUBIC SPLINE INTERPOLATION
|  with   50.0 points per unit in tabled values
| Relative Error Limit not exceeded for r .gt.   2.84
|---------------------------------------------------

 NSTEP =      500   TIME(PS) =      10.250  TEMP(K) =   273.97  PRESS =     0.0
 Etot   =    -54664.5525  EKtot   =     18849.7969  EPtot      =    -73514.3494
 BOND   =      7087.6062  ANGLE   =       988.5134  DIHED      =      1306.5412
 1-4 NB =       434.1914  1-4 EEL =      4655.8525  VDWAALS    =     11916.1671
 EELEC  =    -99903.2212  EHBOND  =         0.0000  RESTRAINT  =         0.0000
 ------------------------------------------------------------------------------


 NSTEP =     1000   TIME(PS) =      10.500  TEMP(K) =   284.26  PRESS =     0.0
 Etot   =    -53231.1871  EKtot   =     19557.5312  EPtot      =    -72788.7183
 BOND   =     10304.5521  ANGLE   =       939.4915  DIHED      =      1293.1971
 1-4 NB =       424.4027  1-4 EEL =      4667.6342  VDWAALS    =     11832.6191
 EELEC  =   -102250.6151  EHBOND  =         0.0000  RESTRAINT  =         0.0000
 ------------------------------------------------------------------------------


 NSTEP =     1500   TIME(PS) =      10.750  TEMP(K) =   295.15  PRESS =     0.0
 Etot   =    -52300.0014  EKtot   =     20307.4043  EPtot      =    -72607.4057
 BOND   =     11501.1265  ANGLE   =      1005.6475  DIHED      =      1319.7705
 1-4 NB =       442.3136  1-4 EEL =      4658.1203  VDWAALS    =     12152.8480
 EELEC  =   -103687.2320  EHBOND  =         0.0000  RESTRAINT  =         0.0000
 ------------------------------------------------------------------------------


 NSTEP =     2000   TIME(PS) =      11.000  TEMP(K) =   296.28  PRESS =     0.0
 Etot   =    -51937.3935  EKtot   =     20384.9023  EPtot      =    -72322.2958
 BOND   =     12070.7440  ANGLE   =      1058.9001  DIHED      =      1312.3681
 1-4 NB =       448.2101  1-4 EEL =      4616.7303  VDWAALS    =     12382.9561
 EELEC  =   -104212.2046  EHBOND  =         0.0000  RESTRAINT  =         0.0000
 ------------------------------------------------------------------------------


 NSTEP =     2500   TIME(PS) =      11.250  TEMP(K) =   299.09  PRESS =     0.0
 Etot   =    -51743.4770  EKtot   =     20578.1719  EPtot      =    -72321.6489
 BOND   =     12273.8472  ANGLE   =      1012.9095  DIHED      =      1313.8478
 1-4 NB =       437.9428  1-4 EEL =      4693.4862  VDWAALS    =     12388.5641
 EELEC  =   -104442.2465  EHBOND  =         0.0000  RESTRAINT  =         0.0000
 ------------------------------------------------------------------------------


 NSTEP =     3000   TIME(PS) =      11.500  TEMP(K) =   299.43  PRESS =     0.0
 Etot   =    -51724.2413  EKtot   =     20601.7031  EPtot      =    -72325.9444
 BOND   =     12475.8702  ANGLE   =      1017.6674  DIHED      =      1318.5469
 1-4 NB =       444.2356  1-4 EEL =      4642.4981  VDWAALS    =     12639.0119
 EELEC  =   -104863.7746  EHBOND  =         0.0000  RESTRAINT  =         0.0000
 ------------------------------------------------------------------------------


 NSTEP =     3500   TIME(PS) =      11.750  TEMP(K) =   300.18  PRESS =     0.0
 Etot   =    -51763.9648  EKtot   =     20652.9277  EPtot      =    -72416.8926
 BOND   =     12491.1972  ANGLE   =      1043.9510  DIHED      =      1324.3648
 1-4 NB =       461.8180  1-4 EEL =      4668.7961  VDWAALS    =     12457.7889
 EELEC  =   -104864.8086  EHBOND  =         0.0000  RESTRAINT  =         0.0000
 ------------------------------------------------------------------------------


 NSTEP =     4000   TIME(PS) =      12.000  TEMP(K) =   301.12  PRESS =     0.0
 Etot   =    -51753.1729  EKtot   =     20717.9121  EPtot      =    -72471.0850
 BOND   =     12670.9237  ANGLE   =      1073.1364  DIHED      =      1338.4049
 1-4 NB =       444.0127  1-4 EEL =      4634.8835  VDWAALS    =     12877.2332
 EELEC  =   -105509.6795  EHBOND  =         0.0000  RESTRAINT  =         0.0000
 ------------------------------------------------------------------------------


 NSTEP =     4500   TIME(PS) =      12.250  TEMP(K) =   301.27  PRESS =     0.0
 Etot   =    -51862.0725  EKtot   =     20728.4551  EPtot      =    -72590.5276
 BOND   =     12615.6444  ANGLE   =      1000.4318  DIHED      =      1317.8183
 1-4 NB =       451.7889  1-4 EEL =      4661.6884  VDWAALS    =     12692.9589
 EELEC  =   -105330.8583  EHBOND  =         0.0000  RESTRAINT  =         0.0000
 ------------------------------------------------------------------------------


 NSTEP =     5000   TIME(PS) =      12.500  TEMP(K) =   302.83  PRESS =     0.0
 Etot   =    -51693.4159  EKtot   =     20835.6055  EPtot      =    -72529.0214
 BOND   =     12593.7299  ANGLE   =       985.5142  DIHED      =      1321.9632
 1-4 NB =       459.5898  1-4 EEL =      4636.7272  VDWAALS    =     12593.4868
 EELEC  =   -105120.0325  EHBOND  =         0.0000  RESTRAINT  =         0.0000
 ------------------------------------------------------------------------------


 NSTEP =     5500   TIME(PS) =      12.750  TEMP(K) =   299.74  PRESS =     0.0
 Etot   =    -51784.9048  EKtot   =     20623.0234  EPtot      =    -72407.9282
 BOND   =     12712.6344  ANGLE   =      1016.6003  DIHED      =      1318.3427
 1-4 NB =       449.9546  1-4 EEL =      4659.6823  VDWAALS    =     12719.7753
 EELEC  =   -105284.9178  EHBOND  =         0.0000  RESTRAINT  =         0.0000
 ------------------------------------------------------------------------------


 NSTEP =     6000   TIME(PS) =      13.000  TEMP(K) =   302.57  PRESS =     0.0
 Etot   =    -51768.9668  EKtot   =     20817.6465  EPtot      =    -72586.6133
 BOND   =     12681.0565  ANGLE   =      1036.2138  DIHED      =      1313.0336
 1-4 NB =       442.7612  1-4 EEL =      4639.8618  VDWAALS    =     12860.3318
 EELEC  =   -105559.8720  EHBOND  =         0.0000  RESTRAINT  =         0.0000
 ------------------------------------------------------------------------------


 NSTEP =     6500   TIME(PS) =      13.250  TEMP(K) =   301.55  PRESS =     0.0
 Etot   =    -51933.7955  EKtot   =     20747.2031  EPtot      =    -72680.9986
 BOND   =     12671.6398  ANGLE   =      1001.9365  DIHED      =      1344.2664
 1-4 NB =       447.8901  1-4 EEL =      4661.1286  VDWAALS    =     12762.1080
 EELEC  =   -105569.9681  EHBOND  =         0.0000  RESTRAINT  =         0.0000
 ------------------------------------------------------------------------------


 NSTEP =     7000   TIME(PS) =      13.500  TEMP(K) =   302.61  PRESS =     0.0
 Etot   =    -51756.8918  EKtot   =     20820.4902  EPtot      =    -72577.3821
 BOND   =     12689.3640  ANGLE   =      1050.8588  DIHED      =      1349.7658
 1-4 NB =       427.6398  1-4 EEL =      4657.5287  VDWAALS    =     12474.7693
 EELEC  =   -105227.3085  EHBOND  =         0.0000  RESTRAINT  =         0.0000
 ------------------------------------------------------------------------------


 NSTEP =     7500   TIME(PS) =      13.750  TEMP(K) =   300.36  PRESS =     0.0
 Etot   =    -51846.9074  EKtot   =     20665.3613  EPtot      =    -72512.2687
 BOND   =     12875.9402  ANGLE   =      1035.8703  DIHED      =      1350.9867
 1-4 NB =       432.8448  1-4 EEL =      4650.8246  VDWAALS    =     12643.7303
 EELEC  =   -105502.4655  EHBOND  =         0.0000  RESTRAINT  =         0.0000
 ------------------------------------------------------------------------------


 NSTEP =     8000   TIME(PS) =      14.000  TEMP(K) =   301.23  PRESS =     0.0
 Etot   =    -52004.0487  EKtot   =     20725.1855  EPtot      =    -72729.2343
 BOND   =     12773.2099  ANGLE   =      1012.1593  DIHED      =      1313.0642
 1-4 NB =       440.3873  1-4 EEL =      4628.4232  VDWAALS    =     12741.8179
 EELEC  =   -105638.2962  EHBOND  =         0.0000  RESTRAINT  =         0.0000
 ------------------------------------------------------------------------------


 NSTEP =     8500   TIME(PS) =      14.250  TEMP(K) =   299.19  PRESS =     0.0
 Etot   =    -52164.7818  EKtot   =     20585.0430  EPtot      =    -72749.8248
 BOND   =     12885.7744  ANGLE   =      1070.8156  DIHED      =      1316.2021
 1-4 NB =       437.2332  1-4 EEL =      4640.7713  VDWAALS    =     12753.7151
 EELEC  =   -105854.3366  EHBOND  =         0.0000  RESTRAINT  =         0.0000
 ------------------------------------------------------------------------------


 NSTEP =     9000   TIME(PS) =      14.500  TEMP(K) =   299.71  PRESS =     0.0
 Etot   =    -52249.4952  EKtot   =     20620.8652  EPtot      =    -72870.3605
 BOND   =     12937.2191  ANGLE   =      1014.6712  DIHED      =      1316.1121
 1-4 NB =       440.8762  1-4 EEL =      4645.2339  VDWAALS    =     13025.4696
 EELEC  =   -106249.9425  EHBOND  =         0.0000  RESTRAINT  =         0.0000
 ------------------------------------------------------------------------------


 NSTEP =     9500   TIME(PS) =      14.750  TEMP(K) =   301.36  PRESS =     0.0
 Etot   =    -51955.3668  EKtot   =     20734.4160  EPtot      =    -72689.7828
 BOND   =     12939.4514  ANGLE   =      1074.4603  DIHED      =      1326.4442
 1-4 NB =       418.8788  1-4 EEL =      4649.7799  VDWAALS    =     12794.5442
 EELEC  =   -105893.3415  EHBOND  =         0.0000  RESTRAINT  =         0.0000
 ------------------------------------------------------------------------------


 NSTEP =    10000   TIME(PS) =      15.000  TEMP(K) =   303.23  PRESS =     0.0
 Etot   =    -51928.7547  EKtot   =     20862.6504  EPtot      =    -72791.4050
 BOND   =     12806.8146  ANGLE   =       998.6455  DIHED      =      1317.4552
 1-4 NB =       429.2696  1-4 EEL =      4629.5827  VDWAALS    =     12891.9387
 EELEC  =   -105865.1113  EHBOND  =         0.0000  RESTRAINT  =         0.0000
 ------------------------------------------------------------------------------


 NSTEP =    10500   TIME(PS) =      15.250  TEMP(K) =   301.27  PRESS =     0.0
 Etot   =    -52054.6242  EKtot   =     20728.0918  EPtot      =    -72782.7160
 BOND   =     12762.8458  ANGLE   =      1005.7203  DIHED      =      1319.2277
 1-4 NB =       446.7578  1-4 EEL =      4647.6218  VDWAALS    =     12952.7261
 EELEC  =   -105917.6156  EHBOND  =         0.0000  RESTRAINT  =         0.0000
 ------------------------------------------------------------------------------


 NSTEP =    11000   TIME(PS) =      15.500  TEMP(K) =   301.36  PRESS =     0.0
 Etot   =    -51659.9632  EKtot   =     20734.1562  EPtot      =    -72394.1195
 BOND   =     12845.9279  ANGLE   =      1014.5100  DIHED      =      1313.5524
 1-4 NB =       441.1772  1-4 EEL =      4680.6392  VDWAALS    =     12737.0786
 EELEC  =   -105427.0048  EHBOND  =         0.0000  RESTRAINT  =         0.0000
 ------------------------------------------------------------------------------


 NSTEP =    11500   TIME(PS) =      15.750  TEMP(K) =   302.54  PRESS =     0.0
 Etot   =    -51463.0692  EKtot   =     20815.4785  EPtot      =    -72278.5477
 BOND   =     12872.2874  ANGLE   =      1053.2426  DIHED      =      1313.0854
 1-4 NB =       438.0763  1-4 EEL =      4619.8819  VDWAALS    =     12928.1933
 EELEC  =   -105503.3146  EHBOND  =         0.0000  RESTRAINT  =         0.0000
 ------------------------------------------------------------------------------


 NSTEP =    12000   TIME(PS) =      16.000  TEMP(K) =   300.49  PRESS =     0.0
 Etot   =    -51841.9160  EKtot   =     20674.5703  EPtot      =    -72516.4863
 BOND   =     12911.0180  ANGLE   =       998.2969  DIHED      =      1345.4003
 1-4 NB =       423.1251  1-4 EEL =      4643.2430  VDWAALS    =     12650.1958
 EELEC  =   -105487.7654  EHBOND  =         0.0000  RESTRAINT  =         0.0000
 ------------------------------------------------------------------------------


 NSTEP =    12500   TIME(PS) =      16.250  TEMP(K) =   300.85  PRESS =     0.0
 Etot   =    -51785.5580  EKtot   =     20699.0840  EPtot      =    -72484.6420
 BOND   =     12731.5017  ANGLE   =      1025.6154  DIHED      =      1317.5779
 1-4 NB =       448.5408  1-4 EEL =      4659.8082  VDWAALS    =     12856.6345
 EELEC  =   -105524.3205  EHBOND  =         0.0000  RESTRAINT  =         0.0000
 ------------------------------------------------------------------------------


 NSTEP =    13000   TIME(PS) =      16.500  TEMP(K) =   299.91  PRESS =     0.0
 Etot   =    -51954.9068  EKtot   =     20634.5430  EPtot      =    -72589.4498
 BOND   =     12814.8491  ANGLE   =      1055.4836  DIHED      =      1308.9846
 1-4 NB =       439.7429  1-4 EEL =      4645.2795  VDWAALS    =     12733.0136
 EELEC  =   -105586.8031  EHBOND  =         0.0000  RESTRAINT  =         0.0000
 ------------------------------------------------------------------------------


 NSTEP =    13500   TIME(PS) =      16.750  TEMP(K) =   302.14  PRESS =     0.0
 Etot   =    -51906.3143  EKtot   =     20787.9785  EPtot      =    -72694.2928
 BOND   =     12659.4673  ANGLE   =      1058.0026  DIHED      =      1323.9850
 1-4 NB =       428.6126  1-4 EEL =      4633.9764  VDWAALS    =     12531.2211
 EELEC  =   -105329.5578  EHBOND  =         0.0000  RESTRAINT  =         0.0000
 ------------------------------------------------------------------------------


 NSTEP =    14000   TIME(PS) =      17.000  TEMP(K) =   299.97  PRESS =     0.0
 Etot   =    -52156.1685  EKtot   =     20639.0176  EPtot      =    -72795.1861
 BOND   =     12772.2993  ANGLE   =       988.6994  DIHED      =      1317.5772
 1-4 NB =       443.8680  1-4 EEL =      4663.5581  VDWAALS    =     12787.9234
 EELEC  =   -105769.1115  EHBOND  =         0.0000  RESTRAINT  =         0.0000
 ------------------------------------------------------------------------------


 NSTEP =    14500   TIME(PS) =      17.250  TEMP(K) =   298.64  PRESS =     0.0
 Etot   =    -52227.4200  EKtot   =     20547.1445  EPtot      =    -72774.5645
 BOND   =     12867.6751  ANGLE   =      1040.2454  DIHED      =      1294.7392
 1-4 NB =       422.6774  1-4 EEL =      4615.3800  VDWAALS    =     12952.7654
 EELEC  =   -105968.0471  EHBOND  =         0.0000  RESTRAINT  =         0.0000
 ------------------------------------------------------------------------------


 NSTEP =    15000   TIME(PS) =      17.500  TEMP(K) =   300.37  PRESS =     0.0
 Etot   =    -52080.7885  EKtot   =     20665.9863  EPtot      =    -72746.7748
 BOND   =     12793.3464  ANGLE   =      1043.1819  DIHED      =      1286.5574
 1-4 NB =       426.9611  1-4 EEL =      4650.7386  VDWAALS    =     12775.6506
 EELEC  =   -105723.2108  EHBOND  =         0.0000  RESTRAINT  =         0.0000
 ------------------------------------------------------------------------------


 NSTEP =    15500   TIME(PS) =      17.750  TEMP(K) =   297.02  PRESS =     0.0
 Etot   =    -52278.9540  EKtot   =     20436.0176  EPtot      =    -72714.9715
 BOND   =     12961.0269  ANGLE   =      1110.1234  DIHED      =      1308.2322
 1-4 NB =       428.7774  1-4 EEL =      4619.6404  VDWAALS    =     12974.0872
 EELEC  =   -106116.8591  EHBOND  =         0.0000  RESTRAINT  =         0.0000
 ------------------------------------------------------------------------------


 NSTEP =    16000   TIME(PS) =      18.000  TEMP(K) =   298.89  PRESS =     0.0
 Etot   =    -52249.8138  EKtot   =     20564.2734  EPtot      =    -72814.0872
 BOND   =     12765.4178  ANGLE   =      1080.6204  DIHED      =      1324.4750
 1-4 NB =       434.2074  1-4 EEL =      4690.5309  VDWAALS    =     12918.2279
 EELEC  =   -106027.5666  EHBOND  =         0.0000  RESTRAINT  =         0.0000
 ------------------------------------------------------------------------------


 NSTEP =    16500   TIME(PS) =      18.250  TEMP(K) =   299.22  PRESS =     0.0
 Etot   =    -52143.5789  EKtot   =     20587.1738  EPtot      =    -72730.7528
 BOND   =     12853.0678  ANGLE   =      1028.9770  DIHED      =      1326.4126
 1-4 NB =       435.1408  1-4 EEL =      4629.7576  VDWAALS    =     12642.8852
 EELEC  =   -105646.9936  EHBOND  =         0.0000  RESTRAINT  =         0.0000
 ------------------------------------------------------------------------------


 NSTEP =    17000   TIME(PS) =      18.500  TEMP(K) =   298.85  PRESS =     0.0
 Etot   =    -52139.2194  EKtot   =     20561.8105  EPtot      =    -72701.0299
 BOND   =     12940.8984  ANGLE   =      1054.2805  DIHED      =      1334.9201
 1-4 NB =       431.2715  1-4 EEL =      4649.8603  VDWAALS    =     12891.5061
 EELEC  =   -106003.7668  EHBOND  =         0.0000  RESTRAINT  =         0.0000
 ------------------------------------------------------------------------------


 NSTEP =    17500   TIME(PS) =      18.750  TEMP(K) =   298.61  PRESS =     0.0
 Etot   =    -52029.7733  EKtot   =     20544.9102  EPtot      =    -72574.6834
 BOND   =     12852.6159  ANGLE   =      1034.9404  DIHED      =      1328.2326
 1-4 NB =       456.0288  1-4 EEL =      4660.8707  VDWAALS    =     12917.3371
 EELEC  =   -105824.7089  EHBOND  =         0.0000  RESTRAINT  =         0.0000
 ------------------------------------------------------------------------------


 NSTEP =    18000   TIME(PS) =      19.000  TEMP(K) =   298.04  PRESS =     0.0
 Etot   =    -52061.9425  EKtot   =     20506.0703  EPtot      =    -72568.0128
 BOND   =     12846.5396  ANGLE   =      1049.1043  DIHED      =      1321.0112
 1-4 NB =       429.9630  1-4 EEL =      4636.5896  VDWAALS    =     12936.4336
 EELEC  =   -105787.6541  EHBOND  =         0.0000  RESTRAINT  =         0.0000
 ------------------------------------------------------------------------------


 NSTEP =    18500   TIME(PS) =      19.250  TEMP(K) =   300.86  PRESS =     0.0
 Etot   =    -51986.8697  EKtot   =     20699.8398  EPtot      =    -72686.7095
 BOND   =     12758.1534  ANGLE   =      1009.7450  DIHED      =      1310.9329
 1-4 NB =       452.3801  1-4 EEL =      4648.1012  VDWAALS    =     12750.5243
 EELEC  =   -105616.5465  EHBOND  =         0.0000  RESTRAINT  =         0.0000
 ------------------------------------------------------------------------------


 NSTEP =    19000   TIME(PS) =      19.500  TEMP(K) =   300.31  PRESS =     0.0
 Etot   =    -51984.6512  EKtot   =     20662.1484  EPtot      =    -72646.7997
 BOND   =     12797.8917  ANGLE   =      1036.2379  DIHED      =      1312.3431
 1-4 NB =       436.3283  1-4 EEL =      4605.2914  VDWAALS    =     12663.3618
 EELEC  =   -105498.2537  EHBOND  =         0.0000  RESTRAINT  =         0.0000
 ------------------------------------------------------------------------------


 NSTEP =    19500   TIME(PS) =      19.750  TEMP(K) =   297.47  PRESS =     0.0
 Etot   =    -52289.6979  EKtot   =     20466.3867  EPtot      =    -72756.0846
 BOND   =     12689.7041  ANGLE   =      1015.2850  DIHED      =      1304.2004
 1-4 NB =       449.0947  1-4 EEL =      4664.4894  VDWAALS    =     12770.4495
 EELEC  =   -105649.3077  EHBOND  =         0.0000  RESTRAINT  =         0.0000
 ------------------------------------------------------------------------------


 NSTEP =    20000   TIME(PS) =      20.000  TEMP(K) =   299.50  PRESS =     0.0
 Etot   =    -52223.0427  EKtot   =     20606.0312  EPtot      =    -72829.0740
 BOND   =     12774.0457  ANGLE   =      1053.6487  DIHED      =      1342.2221
 1-4 NB =       446.0610  1-4 EEL =      4673.5625  VDWAALS    =     12849.2805
 EELEC  =   -105967.8945  EHBOND  =         0.0000  RESTRAINT  =         0.0000
 ------------------------------------------------------------------------------


      A V E R A G E S   O V E R      40 S T E P S


 NSTEP =    20000   TIME(PS) =      20.000  TEMP(K) =   299.04  PRESS =     0.0
 Etot   =    -52064.6416  EKtot   =     20574.4252  EPtot      =    -72639.0668
 BOND   =     12508.2231  ANGLE   =      1029.8589  DIHED      =      1319.6541
 1-4 NB =       439.3758  1-4 EEL =      4648.4514  VDWAALS    =     12695.5332
 EELEC  =   -105280.1634  EHBOND  =         0.0000  RESTRAINT  =         0.0000
 ------------------------------------------------------------------------------


      R M S  F L U C T U A T I O N S


 NSTEP =    20000   TIME(PS) =      20.000  TEMP(K) =     5.03  PRESS =     0.0
 Etot   =       502.1787  EKtot   =       345.8860  EPtot      =       210.8010
 BOND   =       980.6346  ANGLE   =        31.7595  DIHED      =        14.1309
 1-4 NB =        10.2961  1-4 EEL =        19.5750  VDWAALS    =       262.5086
 EELEC  =      1118.6358  EHBOND  =         0.0000  RESTRAINT  =         0.0000
 ------------------------------------------------------------------------------

--------------------------------------------------------------------------------
   5.  TIMINGS
--------------------------------------------------------------------------------

|  NonSetup CPU Time in Major Routines:
|
|     Routine           Sec        %
|     ------------------------------
|     Nonbond           4.16   10.42
|     Bond              0.00    0.00
|     Angle             0.00    0.00
|     Dihedral          0.00    0.00
|     Shake             0.00    0.00
|     RunMD            35.69   89.47
|     Other             0.04    0.11
|     ------------------------------
|     Total            39.89

|  PME Nonbond Pairlist CPU Time:
|
|     Routine              Sec        %
|     ---------------------------------
|     Set Up Cit           0.00    0.00
|     Build List           0.00    0.00
|     ---------------------------------
|     Total                0.00    0.00

|  PME Direct Force CPU Time:
|
|     Routine              Sec        %
|     ---------------------------------
|     NonBonded Calc       0.00    0.00
|     Exclude Masked       0.00    0.00
|     Other                0.01    0.03
|     ---------------------------------
|     Total                0.01    0.03

|  PME Reciprocal Force CPU Time:
|
|     Routine              Sec        %
|     ---------------------------------
|     1D bspline           0.00    0.00
|     Grid Charges         0.00    0.00
|     Scalar Sum           0.00    0.00
|     Gradient Sum         0.00    0.00
|     FFT                  0.00    0.00
|     ---------------------------------
|     Total                0.00    0.00

|  Final Performance Info:
|     -----------------------------------------------------
|     Average timings for last   19500 steps:
|     Elapsed(s) =      42.05 Per Step(ms) =       2.16
|         ns/day =      20.03   seconds/ns =    4312.72
|
|     Average timings for all steps:
|     Elapsed(s) =      42.98 Per Step(ms) =       2.15
|         ns/day =      20.10   seconds/ns =    4298.28
|     -----------------------------------------------------

|  Setup CPU time:            2.80 seconds
|  NonSetup CPU time:        39.89 seconds
|  Total CPU time:           42.69 seconds     0.01 hours

|  Setup wall time:           3    seconds
|  NonSetup wall time:       43    seconds
|  Total wall time:          46    seconds     0.01 hours
