
          -------------------------------------------------------
          Amber 16 PMEMD                              2016
          -------------------------------------------------------

| PMEMD implementation of SANDER, Release 16

| Run on 09/27/2017 at 15:39:31

|   Executable path: /apps/amber16/bin/pmemd.cuda
| Working directory: /scratch/pbarletta/pdz/run/lb/neq/data/2
|          Hostname: isengard

  [-O]verwriting output

File Assignments:
|   MDIN: pdt.in                                                                
|  MDOUT: 165plb_2.out                                                          
| INPCRD: ../1/165plb_1.rst7                                                    
|   PARM: /scratch/pbarletta/pdz/top_files/lb.prmtop                            
| RESTRT: 165plb_2.rst7                                                         
|   REFC: refc                                                                  
|  MDVEL: mdvel                                                                 
|   MDEN: mden                                                                  
|  MDCRD: 165plb_2.nc                                                           
| MDINFO: mdinfo                                                                
|  MDFRC: mdfrc                                                                 


 Here is the input file:

!NVE run                                                                       
&cntrl                                                                         
imin = 0,                           ! No Minimization                          
nmropt = 0,                         ! No NMR restraints read                   
                                                                               
! Nature and format of the input                                               
ntx = 5,                            ! Coordinates and velocities will be read  
irest = 1,                          ! Do not run a new simulation              
                                                                               
! Nature and format of the output                                              
ioutfm = 1,			    ! NetCDF format for output files                             
ntxo = 1,                           ! rstrt file in ASCII format               
ntpr = 500,                         ! inf in output every ntpr steps           
ntwr = 500,                         ! rstrt file every ntwr steps              
ntwx = 20,                          ! mdcrd file every ntwx steps              
ntwv = -1,                          ! mdvel without velocities                 
ntwe = 0,                           ! Energies and temperatures not written in 
idecomp = 0,                        ! No energy decomposition                  
iwrap = 1,                          ! Coordinates of the restart and mdcrd file
                                                                               
! Frozen or restrained atoms                                                   
ibelly = 0,                         ! No frozen atoms                          
ntr=0,                              ! Harmonic potential restraints            
                                                                               
! Molecular dynamics                                                           
nstlim = 20000,                     ! Number of MD-steps                       
dt = 0.0005,                        ! Time step                                
                                                                               
! Temperature regulation                                                       
ntt = 0,                            ! Constant total energy                    
                                                                               
! P and V regulation                                                           
ntp = 0,                            ! No P control                             
ntb = 1,                            ! constant V                               
                                                                               
! SHAKE variables                                                              
ntc = 1,                            ! Bonds involving H are constrained        
ntf = 1,                            ! Bond interaction involving H are ommited.
                                                                               
cut = 9.0,                          ! Nonbonded cutoff                         
/                                                                              
&end                                                                           


Note: ig = -1. Setting random seed to   105786 based on wallclock time in 
      microseconds.
| irandom = 1, using AMBER's internal random number generator (default).
 
|--------------------- INFORMATION ----------------------
| GPU (CUDA) Version of PMEMD in use: NVIDIA GPU IN USE.
|                    Version 16.0.0
| 
|                      02/25/2016
| 
| Implementation by:
|                    Ross C. Walker     (SDSC)
|                    Scott Le Grand     (nVIDIA)
| 
| Precision model in use:
|      [SPFP] - Single Precision Forces, 64-bit Fixed Point
|               Accumulation. (Default)
| 
|--------------------------------------------------------
 
|----------------- CITATION INFORMATION -----------------
|
|    When publishing work that utilized the CUDA version
|    of AMBER, please cite the following in addition to
|    the regular AMBER citations:
|
|  - Romelia Salomon-Ferrer; Andreas W. Goetz; Duncan
|    Poole; Scott Le Grand; Ross C. Walker "Routine
|    microsecond molecular dynamics simulations with
|    AMBER - Part II: Particle Mesh Ewald", J. Chem.
|    Theory Comput., 2013, 9 (9), pp3878-3888,
|    DOI: 10.1021/ct400314y.
|
|  - Andreas W. Goetz; Mark J. Williamson; Dong Xu;
|    Duncan Poole; Scott Le Grand; Ross C. Walker
|    "Routine microsecond molecular dynamics simulations
|    with AMBER - Part I: Generalized Born", J. Chem.
|    Theory Comput., 2012, 8 (5), pp1542-1555.
|
|  - Scott Le Grand; Andreas W. Goetz; Ross C. Walker
|    "SPFP: Speed without compromise - a mixed precision
|    model for GPU accelerated molecular dynamics
|    simulations.", Comp. Phys. Comm., 2013, 184
|    pp374-380, DOI: 10.1016/j.cpc.2012.09.022
|
|--------------------------------------------------------
 
|------------------- GPU DEVICE INFO --------------------
|
|            CUDA_VISIBLE_DEVICES: 0
|   CUDA Capable Devices Detected:      1
|           CUDA Device ID in use:      0
|                CUDA Device Name: Quadro GP100
|     CUDA Device Global Mem Size:  16273 MB
| CUDA Device Num Multiprocessors:     56
|           CUDA Device Core Freq:   1.44 GHz
|
|--------------------------------------------------------
 
 
| Conditional Compilation Defines Used:
| PUBFFT
| BINTRAJ
| CUDA
| EMIL

| Largest sphere to fit in unit cell has radius =    29.644

| New format PARM file being parsed.
| Version =    1.000 Date = 09/01/17 Time = 19:23:45

| Note: 1-4 EEL scale factors are being read from the topology file.

| Note: 1-4 VDW scale factors are being read from the topology file.
| Duplicated    0 dihedrals

| Duplicated    0 dihedrals

--------------------------------------------------------------------------------
   1.  RESOURCE   USE: 
--------------------------------------------------------------------------------

 getting new box info from bottom of inpcrd
 NATOM  =   29433 NTYPES =      16 NBONH =   28406 MBONA  =    1038
 NTHETH =    2390 MTHETA =    1396 NPHIH =    4771 MPHIA  =    4486
 NHPARM =       0 NPARM  =       0 NNB   =   47902 NRES   =    9251
 NBONA  =    1038 NTHETA =    1396 NPHIA =    4486 NUMBND =      69
 NUMANG =     160 NPTRA  =     189 NATYP =      34 NPHB   =       1
 IFBOX  =       2 NMXRS  =      24 IFCAP =       0 NEXTRA =       0
 NCOPY  =       0

| Coordinate Index Table dimensions:    12   12   12
| Direct force subcell size =     6.0511    6.0511    6.0511

     BOX TYPE: TRUNCATED OCTAHEDRON

--------------------------------------------------------------------------------
   2.  CONTROL  DATA  FOR  THE  RUN
--------------------------------------------------------------------------------

default_name                                                                    

General flags:
     imin    =       0, nmropt  =       0

Nature and format of input:
     ntx     =       5, irest   =       1, ntrx    =       1

Nature and format of output:
     ntxo    =       1, ntpr    =     500, ntrx    =       1, ntwr    =     500
     iwrap   =       1, ntwx    =      20, ntwv    =      -1, ntwe    =       0
     ioutfm  =       1, ntwprt  =       0, idecomp =       0, rbornstat=      0

Potential function:
     ntf     =       1, ntb     =       1, igb     =       0, nsnb    =      25
     ipol    =       0, gbsa    =       0, iesp    =       0
     dielc   =   1.00000, cut     =   9.00000, intdiel =   1.00000

Frozen or restrained atoms:
     ibelly  =       0, ntr     =       0

Molecular dynamics:
     nstlim  =     20000, nscm    =      1000, nrespa  =         1
     t       =   0.00000, dt      =   0.00050, vlimit  =  -1.00000

| Intermolecular bonds treatment:
|     no_intermolecular_bonds =       1

| Energy averages sample interval:
|     ene_avg_sampling =     500

Ewald parameters:
     verbose =       0, ew_type =       0, nbflag  =       1, use_pme =       1
     vdwmeth =       1, eedmeth =       1, netfrc  =       1
     Box X =   72.613   Box Y =   72.613   Box Z =   72.613
     Alpha =  109.471   Beta  =  109.471   Gamma =  109.471
     NFFT1 =   80       NFFT2 =   80       NFFT3 =   80
     Cutoff=    9.000   Tol   =0.100E-04
     Ewald Coefficient =  0.30768
     Interpolation order =    4

--------------------------------------------------------------------------------
   3.  ATOMIC COORDINATES AND VELOCITIES
--------------------------------------------------------------------------------

default_name                                                                    
 begin time read from input coords =335010.000 ps

 
 Number of triangulated 3-point waters found:     9119

     Sum of charges from parm topology file =  -0.00000008
     Forcing neutrality...

| Dynamic Memory, Types Used:
| Reals              870797
| Integers           902230

| Nonbonded Pairs Initial Allocation:     6710724

| GPU memory information (estimate):
| KB of GPU memory in use:    101822
| KB of CPU memory in use:     45122

--------------------------------------------------------------------------------
   4.  RESULTS
--------------------------------------------------------------------------------

 ---------------------------------------------------
 APPROXIMATING switch and d/dx switch using CUBIC SPLINE INTERPOLATION
 using   5000.0 points per unit in tabled values
 TESTING RELATIVE ERROR over r ranging from 0.0 to cutoff
| CHECK switch(x): max rel err =   0.2738E-14   at   2.422500
| CHECK d/dx switch(x): max rel err =   0.8314E-11   at   2.736960
 ---------------------------------------------------
|---------------------------------------------------
| APPROXIMATING direct energy using CUBIC SPLINE INTERPOLATION
|  with   50.0 points per unit in tabled values
| Relative Error Limit not exceeded for r .gt.   2.39
| APPROXIMATING direct force using CUBIC SPLINE INTERPOLATION
|  with   50.0 points per unit in tabled values
| Relative Error Limit not exceeded for r .gt.   2.84
|---------------------------------------------------

 NSTEP =      500   TIME(PS) =  335010.250  TEMP(K) =   301.47  PRESS =     0.0
 Etot   =    -66498.1210  EKtot   =     26448.3223  EPtot      =    -92946.4433
 BOND   =     16505.2534  ANGLE   =      1051.0849  DIHED      =      1657.4196
 1-4 NB =       443.7682  1-4 EEL =      4484.0168  VDWAALS    =     16996.7493
 EELEC  =   -134084.7355  EHBOND  =         0.0000  RESTRAINT  =         0.0000
 ------------------------------------------------------------------------------

check COM velocity, temp:        0.002581     0.01(Removed)

 NSTEP =     1000   TIME(PS) =  335010.500  TEMP(K) =   301.44  PRESS =     0.0
 Etot   =    -66495.6643  EKtot   =     26445.2305  EPtot      =    -92940.8947
 BOND   =     16395.6938  ANGLE   =      1032.7093  DIHED      =      1649.4928
 1-4 NB =       458.5135  1-4 EEL =      4503.6629  VDWAALS    =     17015.9185
 EELEC  =   -133996.8854  EHBOND  =         0.0000  RESTRAINT  =         0.0000
 ------------------------------------------------------------------------------


 NSTEP =     1500   TIME(PS) =  335010.750  TEMP(K) =   300.94  PRESS =     0.0
 Etot   =    -66491.5690  EKtot   =     26401.3379  EPtot      =    -92892.9069
 BOND   =     16606.8630  ANGLE   =      1036.1126  DIHED      =      1650.5975
 1-4 NB =       448.1739  1-4 EEL =      4457.5124  VDWAALS    =     16862.9308
 EELEC  =   -133955.0972  EHBOND  =         0.0000  RESTRAINT  =         0.0000
 ------------------------------------------------------------------------------

check COM velocity, temp:        0.000004     0.00(Removed)

 NSTEP =     2000   TIME(PS) =  335011.000  TEMP(K) =   299.27  PRESS =     0.0
 Etot   =    -66491.4243  EKtot   =     26255.1191  EPtot      =    -92746.5434
 BOND   =     16613.9052  ANGLE   =      1091.5079  DIHED      =      1672.8387
 1-4 NB =       447.8962  1-4 EEL =      4486.6679  VDWAALS    =     17159.3372
 EELEC  =   -134218.6965  EHBOND  =         0.0000  RESTRAINT  =         0.0000
 ------------------------------------------------------------------------------


 NSTEP =     2500   TIME(PS) =  335011.250  TEMP(K) =   301.56  PRESS =     0.0
 Etot   =    -66492.9281  EKtot   =     26455.5977  EPtot      =    -92948.5258
 BOND   =     16718.0143  ANGLE   =      1037.6984  DIHED      =      1650.0890
 1-4 NB =       446.4712  1-4 EEL =      4419.6404  VDWAALS    =     17091.2910
 EELEC  =   -134311.7301  EHBOND  =         0.0000  RESTRAINT  =         0.0000
 ------------------------------------------------------------------------------

check COM velocity, temp:        0.000003     0.00(Removed)

 NSTEP =     3000   TIME(PS) =  335011.500  TEMP(K) =   300.12  PRESS =     0.0
 Etot   =    -66494.6738  EKtot   =     26329.7266  EPtot      =    -92824.4003
 BOND   =     16432.4757  ANGLE   =      1055.3829  DIHED      =      1645.5856
 1-4 NB =       452.5704  1-4 EEL =      4478.8142  VDWAALS    =     16787.4522
 EELEC  =   -133676.6812  EHBOND  =         0.0000  RESTRAINT  =         0.0000
 ------------------------------------------------------------------------------


 NSTEP =     3500   TIME(PS) =  335011.750  TEMP(K) =   300.48  PRESS =     0.0
 Etot   =    -66492.1075  EKtot   =     26361.0137  EPtot      =    -92853.1211
 BOND   =     16491.4561  ANGLE   =      1085.3404  DIHED      =      1647.7758
 1-4 NB =       446.8151  1-4 EEL =      4516.7353  VDWAALS    =     16887.0369
 EELEC  =   -133928.2809  EHBOND  =         0.0000  RESTRAINT  =         0.0000
 ------------------------------------------------------------------------------

check COM velocity, temp:        0.000007     0.00(Removed)

 NSTEP =     4000   TIME(PS) =  335012.000  TEMP(K) =   299.85  PRESS =     0.0
 Etot   =    -66488.4693  EKtot   =     26305.9688  EPtot      =    -92794.4380
 BOND   =     16530.3530  ANGLE   =      1087.1663  DIHED      =      1641.5557
 1-4 NB =       441.0358  1-4 EEL =      4485.3492  VDWAALS    =     16689.2129
 EELEC  =   -133669.1108  EHBOND  =         0.0000  RESTRAINT  =         0.0000
 ------------------------------------------------------------------------------


 NSTEP =     4500   TIME(PS) =  335012.250  TEMP(K) =   300.33  PRESS =     0.0
 Etot   =    -66493.7897  EKtot   =     26347.6875  EPtot      =    -92841.4772
 BOND   =     16319.8232  ANGLE   =      1102.2759  DIHED      =      1631.4833
 1-4 NB =       434.6601  1-4 EEL =      4447.9060  VDWAALS    =     17082.2428
 EELEC  =   -133859.8685  EHBOND  =         0.0000  RESTRAINT  =         0.0000
 ------------------------------------------------------------------------------

check COM velocity, temp:        0.000004     0.00(Removed)

 NSTEP =     5000   TIME(PS) =  335012.500  TEMP(K) =   299.96  PRESS =     0.0
 Etot   =    -66493.9237  EKtot   =     26315.9277  EPtot      =    -92809.8514
 BOND   =     16420.0639  ANGLE   =      1057.6494  DIHED      =      1637.1179
 1-4 NB =       452.7141  1-4 EEL =      4457.2256  VDWAALS    =     17080.3710
 EELEC  =   -133914.9933  EHBOND  =         0.0000  RESTRAINT  =         0.0000
 ------------------------------------------------------------------------------


 NSTEP =     5500   TIME(PS) =  335012.750  TEMP(K) =   300.18  PRESS =     0.0
 Etot   =    -66490.7963  EKtot   =     26335.0508  EPtot      =    -92825.8471
 BOND   =     16645.5144  ANGLE   =      1083.8268  DIHED      =      1647.9419
 1-4 NB =       421.2768  1-4 EEL =      4461.5483  VDWAALS    =     17120.5594
 EELEC  =   -134206.5147  EHBOND  =         0.0000  RESTRAINT  =         0.0000
 ------------------------------------------------------------------------------

check COM velocity, temp:        0.000006     0.00(Removed)

 NSTEP =     6000   TIME(PS) =  335013.000  TEMP(K) =   299.19  PRESS =     0.0
 Etot   =    -66490.5956  EKtot   =     26248.1309  EPtot      =    -92738.7264
 BOND   =     16620.3834  ANGLE   =      1013.7755  DIHED      =      1648.3878
 1-4 NB =       447.7716  1-4 EEL =      4433.9911  VDWAALS    =     16831.8945
 EELEC  =   -133734.9304  EHBOND  =         0.0000  RESTRAINT  =         0.0000
 ------------------------------------------------------------------------------


 NSTEP =     6500   TIME(PS) =  335013.250  TEMP(K) =   301.07  PRESS =     0.0
 Etot   =    -66494.7289  EKtot   =     26412.9336  EPtot      =    -92907.6624
 BOND   =     16543.6824  ANGLE   =      1118.7266  DIHED      =      1630.1121
 1-4 NB =       436.5358  1-4 EEL =      4448.7391  VDWAALS    =     17188.0408
 EELEC  =   -134273.4992  EHBOND  =         0.0000  RESTRAINT  =         0.0000
 ------------------------------------------------------------------------------

check COM velocity, temp:        0.000004     0.00(Removed)

 NSTEP =     7000   TIME(PS) =  335013.500  TEMP(K) =   300.67  PRESS =     0.0
 Etot   =    -66497.6030  EKtot   =     26377.6133  EPtot      =    -92875.2163
 BOND   =     16454.8861  ANGLE   =      1050.0622  DIHED      =      1655.5239
 1-4 NB =       456.8240  1-4 EEL =      4439.6214  VDWAALS    =     16977.1318
 EELEC  =   -133909.2658  EHBOND  =         0.0000  RESTRAINT  =         0.0000
 ------------------------------------------------------------------------------


 NSTEP =     7500   TIME(PS) =  335013.750  TEMP(K) =   300.86  PRESS =     0.0
 Etot   =    -66496.5306  EKtot   =     26394.8164  EPtot      =    -92891.3470
 BOND   =     16367.2389  ANGLE   =      1034.9308  DIHED      =      1656.4358
 1-4 NB =       452.6630  1-4 EEL =      4450.7309  VDWAALS    =     16999.9715
 EELEC  =   -133853.3180  EHBOND  =         0.0000  RESTRAINT  =         0.0000
 ------------------------------------------------------------------------------

check COM velocity, temp:        0.000003     0.00(Removed)

 NSTEP =     8000   TIME(PS) =  335014.000  TEMP(K) =   301.73  PRESS =     0.0
 Etot   =    -66494.2650  EKtot   =     26471.3711  EPtot      =    -92965.6361
 BOND   =     16483.7610  ANGLE   =      1005.7370  DIHED      =      1668.5050
 1-4 NB =       440.5732  1-4 EEL =      4435.8690  VDWAALS    =     17232.0666
 EELEC  =   -134232.1480  EHBOND  =         0.0000  RESTRAINT  =         0.0000
 ------------------------------------------------------------------------------


 NSTEP =     8500   TIME(PS) =  335014.250  TEMP(K) =   298.00  PRESS =     0.0
 Etot   =    -66492.2153  EKtot   =     26144.0488  EPtot      =    -92636.2641
 BOND   =     16354.6468  ANGLE   =      1076.1824  DIHED      =      1641.4041
 1-4 NB =       442.1952  1-4 EEL =      4456.1178  VDWAALS    =     16952.5956
 EELEC  =   -133559.4060  EHBOND  =         0.0000  RESTRAINT  =         0.0000
 ------------------------------------------------------------------------------

check COM velocity, temp:        0.000002     0.00(Removed)

 NSTEP =     9000   TIME(PS) =  335014.500  TEMP(K) =   297.46  PRESS =     0.0
 Etot   =    -66493.6897  EKtot   =     26096.6172  EPtot      =    -92590.3068
 BOND   =     16379.8869  ANGLE   =      1070.8004  DIHED      =      1626.5343
 1-4 NB =       452.1035  1-4 EEL =      4483.7710  VDWAALS    =     16818.6870
 EELEC  =   -133422.0899  EHBOND  =         0.0000  RESTRAINT  =         0.0000
 ------------------------------------------------------------------------------


 NSTEP =     9500   TIME(PS) =  335014.750  TEMP(K) =   298.82  PRESS =     0.0
 Etot   =    -66488.2700  EKtot   =     26215.5391  EPtot      =    -92703.8091
 BOND   =     16657.3314  ANGLE   =      1059.3285  DIHED      =      1666.8200
 1-4 NB =       461.9037  1-4 EEL =      4505.3663  VDWAALS    =     17221.8276
 EELEC  =   -134276.3865  EHBOND  =         0.0000  RESTRAINT  =         0.0000
 ------------------------------------------------------------------------------

check COM velocity, temp:        0.000009     0.00(Removed)

 NSTEP =    10000   TIME(PS) =  335015.000  TEMP(K) =   300.37  PRESS =     0.0
 Etot   =    -66494.1609  EKtot   =     26351.4062  EPtot      =    -92845.5672
 BOND   =     16451.6305  ANGLE   =      1011.1934  DIHED      =      1637.5657
 1-4 NB =       454.3878  1-4 EEL =      4514.6504  VDWAALS    =     17083.2348
 EELEC  =   -133998.2297  EHBOND  =         0.0000  RESTRAINT  =         0.0000
 ------------------------------------------------------------------------------


 NSTEP =    10500   TIME(PS) =  335015.250  TEMP(K) =   298.19  PRESS =     0.0
 Etot   =    -66489.1100  EKtot   =     26160.2695  EPtot      =    -92649.3795
 BOND   =     16592.4060  ANGLE   =      1031.7758  DIHED      =      1626.7813
 1-4 NB =       452.3755  1-4 EEL =      4439.9613  VDWAALS    =     17057.4971
 EELEC  =   -133850.1766  EHBOND  =         0.0000  RESTRAINT  =         0.0000
 ------------------------------------------------------------------------------

check COM velocity, temp:        0.000009     0.00(Removed)

 NSTEP =    11000   TIME(PS) =  335015.500  TEMP(K) =   301.54  PRESS =     0.0
 Etot   =    -66495.3196  EKtot   =     26453.8516  EPtot      =    -92949.1712
 BOND   =     16497.4316  ANGLE   =      1005.1108  DIHED      =      1648.9586
 1-4 NB =       437.3112  1-4 EEL =      4426.6803  VDWAALS    =     17057.3502
 EELEC  =   -134022.0139  EHBOND  =         0.0000  RESTRAINT  =         0.0000
 ------------------------------------------------------------------------------


 NSTEP =    11500   TIME(PS) =  335015.750  TEMP(K) =   301.66  PRESS =     0.0
 Etot   =    -66496.9688  EKtot   =     26464.5117  EPtot      =    -92961.4806
 BOND   =     16397.6603  ANGLE   =      1028.5865  DIHED      =      1656.4956
 1-4 NB =       448.7295  1-4 EEL =      4475.0416  VDWAALS    =     16856.8973
 EELEC  =   -133824.8913  EHBOND  =         0.0000  RESTRAINT  =         0.0000
 ------------------------------------------------------------------------------

check COM velocity, temp:        0.000005     0.00(Removed)

 NSTEP =    12000   TIME(PS) =  335016.000  TEMP(K) =   301.75  PRESS =     0.0
 Etot   =    -66496.0924  EKtot   =     26472.7598  EPtot      =    -92968.8522
 BOND   =     16355.2916  ANGLE   =      1022.0845  DIHED      =      1645.1427
 1-4 NB =       463.9523  1-4 EEL =      4486.3242  VDWAALS    =     17076.8616
 EELEC  =   -134018.5091  EHBOND  =         0.0000  RESTRAINT  =         0.0000
 ------------------------------------------------------------------------------


 NSTEP =    12500   TIME(PS) =  335016.250  TEMP(K) =   299.91  PRESS =     0.0
 Etot   =    -66491.4113  EKtot   =     26311.2969  EPtot      =    -92802.7082
 BOND   =     16388.1760  ANGLE   =      1017.9602  DIHED      =      1647.5853
 1-4 NB =       457.3280  1-4 EEL =      4499.0253  VDWAALS    =     17145.1043
 EELEC  =   -133957.8873  EHBOND  =         0.0000  RESTRAINT  =         0.0000
 ------------------------------------------------------------------------------

check COM velocity, temp:        0.000004     0.00(Removed)

 NSTEP =    13000   TIME(PS) =  335016.500  TEMP(K) =   301.11  PRESS =     0.0
 Etot   =    -66493.0142  EKtot   =     26416.2227  EPtot      =    -92909.2368
 BOND   =     16413.7006  ANGLE   =      1014.7998  DIHED      =      1643.7178
 1-4 NB =       452.6657  1-4 EEL =      4476.9314  VDWAALS    =     16845.5989
 EELEC  =   -133756.6510  EHBOND  =         0.0000  RESTRAINT  =         0.0000
 ------------------------------------------------------------------------------


 NSTEP =    13500   TIME(PS) =  335016.750  TEMP(K) =   301.13  PRESS =     0.0
 Etot   =    -66491.3963  EKtot   =     26418.7305  EPtot      =    -92910.1268
 BOND   =     16488.7849  ANGLE   =      1014.2976  DIHED      =      1668.4428
 1-4 NB =       456.4754  1-4 EEL =      4482.3463  VDWAALS    =     17293.1644
 EELEC  =   -134313.6382  EHBOND  =         0.0000  RESTRAINT  =         0.0000
 ------------------------------------------------------------------------------

check COM velocity, temp:        0.000004     0.00(Removed)

 NSTEP =    14000   TIME(PS) =  335017.000  TEMP(K) =   300.94  PRESS =     0.0
 Etot   =    -66490.5030  EKtot   =     26401.9004  EPtot      =    -92892.4034
 BOND   =     16542.1772  ANGLE   =      1024.9787  DIHED      =      1685.4896
 1-4 NB =       454.3547  1-4 EEL =      4452.8869  VDWAALS    =     17019.2579
 EELEC  =   -134071.5483  EHBOND  =         0.0000  RESTRAINT  =         0.0000
 ------------------------------------------------------------------------------


 NSTEP =    14500   TIME(PS) =  335017.250  TEMP(K) =   299.41  PRESS =     0.0
 Etot   =    -66489.8903  EKtot   =     26267.4961  EPtot      =    -92757.3864
 BOND   =     16397.6905  ANGLE   =      1041.8018  DIHED      =      1641.0512
 1-4 NB =       470.6685  1-4 EEL =      4475.8201  VDWAALS    =     16841.8915
 EELEC  =   -133626.3101  EHBOND  =         0.0000  RESTRAINT  =         0.0000
 ------------------------------------------------------------------------------

check COM velocity, temp:        0.000004     0.00(Removed)

 NSTEP =    15000   TIME(PS) =  335017.500  TEMP(K) =   302.36  PRESS =     0.0
 Etot   =    -66490.5350  EKtot   =     26525.7910  EPtot      =    -93016.3260
 BOND   =     16513.9184  ANGLE   =      1042.7582  DIHED      =      1638.4523
 1-4 NB =       440.6838  1-4 EEL =      4481.3585  VDWAALS    =     17104.0239
 EELEC  =   -134237.5211  EHBOND  =         0.0000  RESTRAINT  =         0.0000
 ------------------------------------------------------------------------------


 NSTEP =    15500   TIME(PS) =  335017.750  TEMP(K) =   299.79  PRESS =     0.0
 Etot   =    -66487.9188  EKtot   =     26300.6797  EPtot      =    -92788.5985
 BOND   =     16672.7170  ANGLE   =      1018.6222  DIHED      =      1647.0533
 1-4 NB =       445.1561  1-4 EEL =      4467.1397  VDWAALS    =     17288.2463
 EELEC  =   -134327.5331  EHBOND  =         0.0000  RESTRAINT  =         0.0000
 ------------------------------------------------------------------------------

check COM velocity, temp:        0.000002     0.00(Removed)

 NSTEP =    16000   TIME(PS) =  335018.000  TEMP(K) =   299.13  PRESS =     0.0
 Etot   =    -66489.1342  EKtot   =     26242.8555  EPtot      =    -92731.9896
 BOND   =     16482.5506  ANGLE   =      1076.3938  DIHED      =      1638.1498
 1-4 NB =       454.4132  1-4 EEL =      4479.8162  VDWAALS    =     17033.2923
 EELEC  =   -133896.6055  EHBOND  =         0.0000  RESTRAINT  =         0.0000
 ------------------------------------------------------------------------------


 NSTEP =    16500   TIME(PS) =  335018.250  TEMP(K) =   298.00  PRESS =     0.0
 Etot   =    -66488.5111  EKtot   =     26143.3027  EPtot      =    -92631.8138
 BOND   =     16479.1065  ANGLE   =      1064.4654  DIHED      =      1659.5214
 1-4 NB =       457.3032  1-4 EEL =      4460.2692  VDWAALS    =     16892.2543
 EELEC  =   -133644.7339  EHBOND  =         0.0000  RESTRAINT  =         0.0000
 ------------------------------------------------------------------------------

check COM velocity, temp:        0.000003     0.00(Removed)

 NSTEP =    17000   TIME(PS) =  335018.500  TEMP(K) =   302.14  PRESS =     0.0
 Etot   =    -66493.8571  EKtot   =     26506.9160  EPtot      =    -93000.7731
 BOND   =     16407.7045  ANGLE   =      1054.9192  DIHED      =      1654.7039
 1-4 NB =       447.3135  1-4 EEL =      4472.3492  VDWAALS    =     16941.6084
 EELEC  =   -133979.3718  EHBOND  =         0.0000  RESTRAINT  =         0.0000
 ------------------------------------------------------------------------------


 NSTEP =    17500   TIME(PS) =  335018.750  TEMP(K) =   300.55  PRESS =     0.0
 Etot   =    -66494.1590  EKtot   =     26367.4844  EPtot      =    -92861.6433
 BOND   =     16714.8766  ANGLE   =      1049.1890  DIHED      =      1668.0393
 1-4 NB =       448.0298  1-4 EEL =      4489.7962  VDWAALS    =     17074.1006
 EELEC  =   -134305.6749  EHBOND  =         0.0000  RESTRAINT  =         0.0000
 ------------------------------------------------------------------------------

check COM velocity, temp:        0.000004     0.00(Removed)

 NSTEP =    18000   TIME(PS) =  335019.000  TEMP(K) =   299.33  PRESS =     0.0
 Etot   =    -66492.3223  EKtot   =     26260.2031  EPtot      =    -92752.5254
 BOND   =     16695.7263  ANGLE   =      1027.9382  DIHED      =      1655.3425
 1-4 NB =       434.6248  1-4 EEL =      4540.7353  VDWAALS    =     17053.1471
 EELEC  =   -134160.0396  EHBOND  =         0.0000  RESTRAINT  =         0.0000
 ------------------------------------------------------------------------------


 NSTEP =    18500   TIME(PS) =  335019.250  TEMP(K) =   301.04  PRESS =     0.0
 Etot   =    -66490.5240  EKtot   =     26410.6953  EPtot      =    -92901.2193
 BOND   =     16556.5872  ANGLE   =      1030.5512  DIHED      =      1649.5820
 1-4 NB =       447.7459  1-4 EEL =      4462.8516  VDWAALS    =     16860.1005
 EELEC  =   -133908.6377  EHBOND  =         0.0000  RESTRAINT  =         0.0000
 ------------------------------------------------------------------------------

check COM velocity, temp:        0.000004     0.00(Removed)

 NSTEP =    19000   TIME(PS) =  335019.500  TEMP(K) =   299.84  PRESS =     0.0
 Etot   =    -66489.0232  EKtot   =     26304.9062  EPtot      =    -92793.9295
 BOND   =     16567.9992  ANGLE   =      1019.8882  DIHED      =      1646.3593
 1-4 NB =       449.8744  1-4 EEL =      4443.1585  VDWAALS    =     16711.9224
 EELEC  =   -133633.1314  EHBOND  =         0.0000  RESTRAINT  =         0.0000
 ------------------------------------------------------------------------------


 NSTEP =    19500   TIME(PS) =  335019.750  TEMP(K) =   300.43  PRESS =     0.0
 Etot   =    -66491.4614  EKtot   =     26356.6387  EPtot      =    -92848.1001
 BOND   =     16380.2219  ANGLE   =      1021.4140  DIHED      =      1631.0219
 1-4 NB =       457.0112  1-4 EEL =      4479.4683  VDWAALS    =     17215.2923
 EELEC  =   -134032.5297  EHBOND  =         0.0000  RESTRAINT  =         0.0000
 ------------------------------------------------------------------------------

check COM velocity, temp:        0.000004     0.00(Removed)

 NSTEP =    20000   TIME(PS) =  335020.000  TEMP(K) =   300.40  PRESS =     0.0
 Etot   =    -66489.3104  EKtot   =     26354.5977  EPtot      =    -92843.9080
 BOND   =     16669.0964  ANGLE   =       986.8411  DIHED      =      1653.5713
 1-4 NB =       434.5085  1-4 EEL =      4492.1732  VDWAALS    =     17145.7036
 EELEC  =   -134225.8022  EHBOND  =         0.0000  RESTRAINT  =         0.0000
 ------------------------------------------------------------------------------


      A V E R A G E S   O V E R      40 S T E P S


 NSTEP =    20000   TIME(PS) =  335020.000  TEMP(K) =   300.31  PRESS =     0.0
 Etot   =    -66492.3997  EKtot   =     26346.3642  EPtot      =    -92838.7639
 BOND   =     16505.1672  ANGLE   =      1043.8967  DIHED      =      1649.2162
 1-4 NB =       448.7344  1-4 EEL =      4471.3017  VDWAALS    =     17014.7967
 EELEC  =   -133971.8769  EHBOND  =         0.0000  RESTRAINT  =         0.0000
 ------------------------------------------------------------------------------


      R M S  F L U C T U A T I O N S


 NSTEP =    20000   TIME(PS) =  335020.000  TEMP(K) =     1.17  PRESS =     0.0
 Etot   =         2.7250  EKtot   =       102.8085  EPtot      =       104.1922
 BOND   =       111.0330  ANGLE   =        29.4827  DIHED      =        12.7501
 1-4 NB =         9.2520  1-4 EEL =        25.8887  VDWAALS    =       151.0989
 EELEC  =       235.4555  EHBOND  =         0.0000  RESTRAINT  =         0.0000
|E(PBS) =         0.6736
 ------------------------------------------------------------------------------

--------------------------------------------------------------------------------
   5.  TIMINGS
--------------------------------------------------------------------------------

|  NonSetup CPU Time in Major Routines:
|
|     Routine           Sec        %
|     ------------------------------
|     Nonbond           2.89   10.07
|     Bond              0.00    0.00
|     Angle             0.00    0.00
|     Dihedral          0.00    0.00
|     Shake             0.00    0.00
|     RunMD            25.78   89.79
|     Other             0.04    0.14
|     ------------------------------
|     Total            28.72

|  PME Nonbond Pairlist CPU Time:
|
|     Routine              Sec        %
|     ---------------------------------
|     Set Up Cit           0.00    0.00
|     Build List           0.00    0.00
|     ---------------------------------
|     Total                0.00    0.00

|  PME Direct Force CPU Time:
|
|     Routine              Sec        %
|     ---------------------------------
|     NonBonded Calc       0.00    0.00
|     Exclude Masked       0.00    0.00
|     Other                0.02    0.08
|     ---------------------------------
|     Total                0.02    0.08

|  PME Reciprocal Force CPU Time:
|
|     Routine              Sec        %
|     ---------------------------------
|     1D bspline           0.00    0.00
|     Grid Charges         0.00    0.00
|     Scalar Sum           0.00    0.00
|     Gradient Sum         0.00    0.00
|     FFT                  0.00    0.00
|     ---------------------------------
|     Total                0.00    0.00

|  Final Performance Info:
|     -----------------------------------------------------
|     Average timings for last   19500 steps:
|     Elapsed(s) =      28.37 Per Step(ms) =       1.45
|         ns/day =      29.70   seconds/ns =    2909.45
|
|     Average timings for all steps:
|     Elapsed(s) =      29.14 Per Step(ms) =       1.46
|         ns/day =      29.65   seconds/ns =    2914.02
|     -----------------------------------------------------

|  Setup CPU time:            1.37 seconds
|  NonSetup CPU time:        28.72 seconds
|  Total CPU time:           30.09 seconds     0.01 hours

|  Setup wall time:           2    seconds
|  NonSetup wall time:       29    seconds
|  Total wall time:          31    seconds     0.01 hours
