
          -------------------------------------------------------
          Amber 16 PMEMD                              2016
          -------------------------------------------------------

| PMEMD implementation of SANDER, Release 16

| Run on 08/24/2017 at 12:25:37

|   Executable path: /apps/amber16/bin/pmemd.cuda
| Working directory: /scratch/pbarletta/pdz/run/lb/neq/data/2
|          Hostname: mordor

  [-O]verwriting output

File Assignments:
|   MDIN: pdt.in                                                                
|  MDOUT: 167plb_2.out                                                          
| INPCRD: ../1/167plb_1.rst7                                                    
|   PARM: /scratch/pbarletta/pdz/top_files/lb.prmtop                            
| RESTRT: 167plb_2.rst7                                                         
|   REFC: refc                                                                  
|  MDVEL: mdvel                                                                 
|   MDEN: mden                                                                  
|  MDCRD: 167plb_2.nc                                                           
| MDINFO: mdinfo                                                                
|  MDFRC: mdfrc                                                                 


 Here is the input file:

!NVE run                                                                       
&cntrl                                                                         
imin = 0,                           ! No Minimization                          
nmropt = 0,                         ! No NMR restraints read                   
                                                                               
! Nature and format of the input                                               
ntx = 5,                            ! Coordinates and velocities will be read  
irest = 1,                          ! Restart simulation                       
                                                                               
! Nature and format of the output                                              
ioutfm = 1,			    ! NetCDF format for output files                             
ntxo = 1,                           ! rstrt file in ASCII format               
ntpr = 500,                         ! inf in output every ntpr steps           
ntwr = 500,                         ! rstrt file every ntwr steps              
ntwx = 20,                          ! mdcrd file every ntwx steps              
ntwv = -1,                          ! mdvel without velocities                 
ntwe = 0,                           ! Energies and temperatures not written in 
idecomp = 0,                        ! No energy decomposition                  
iwrap = 1,                          ! Coordinates of the restart and mdcrd file
                                                                               
! Frozen or restrained atoms                                                   
ibelly = 0,                         ! No frozen atoms                          
ntr=0,                              ! Harmonic potential restraints            
                                                                               
! Molecular dynamics                                                           
nstlim = 20000,                      ! Number of MD-steps                      
dt = 0.0005,                        ! Time step                                
                                                                               
! Temperature regulation                                                       
ntt = 3,                            ! Langevin thermostat                      
gamma_ln = 2,                       ! Gamma constant for Langevin              
temp0 = 300.0,                      ! Reference T at which the system is to be 
tempi = 300.0,                      ! Initial T                                
                                                                               
! P and V regulation                                                           
ntp = 0,                            ! No P control                             
ntb = 1,                            ! constant V                               
                                                                               
! SHAKE variables                                                              
ntc = 1,                            ! No SHAKE                                 
ntf = 1,                            ! Get E with allatom                       
                                                                               
cut = 9.0,                          ! Nonbonded cutoff                         
/                                                                              
&end                                                                           


Note: ig = -1. Setting random seed to   664541 based on wallclock time in 
      microseconds.
| irandom = 1, using AMBER's internal random number generator (default).
 
|--------------------- INFORMATION ----------------------
| GPU (CUDA) Version of PMEMD in use: NVIDIA GPU IN USE.
|                    Version 16.0.0
| 
|                      02/25/2016
| 
| Implementation by:
|                    Ross C. Walker     (SDSC)
|                    Scott Le Grand     (nVIDIA)
| 
| Precision model in use:
|      [SPFP] - Single Precision Forces, 64-bit Fixed Point
|               Accumulation. (Default)
| 
|--------------------------------------------------------
 
|----------------- CITATION INFORMATION -----------------
|
|    When publishing work that utilized the CUDA version
|    of AMBER, please cite the following in addition to
|    the regular AMBER citations:
|
|  - Romelia Salomon-Ferrer; Andreas W. Goetz; Duncan
|    Poole; Scott Le Grand; Ross C. Walker "Routine
|    microsecond molecular dynamics simulations with
|    AMBER - Part II: Particle Mesh Ewald", J. Chem.
|    Theory Comput., 2013, 9 (9), pp3878-3888,
|    DOI: 10.1021/ct400314y.
|
|  - Andreas W. Goetz; Mark J. Williamson; Dong Xu;
|    Duncan Poole; Scott Le Grand; Ross C. Walker
|    "Routine microsecond molecular dynamics simulations
|    with AMBER - Part I: Generalized Born", J. Chem.
|    Theory Comput., 2012, 8 (5), pp1542-1555.
|
|  - Scott Le Grand; Andreas W. Goetz; Ross C. Walker
|    "SPFP: Speed without compromise - a mixed precision
|    model for GPU accelerated molecular dynamics
|    simulations.", Comp. Phys. Comm., 2013, 184
|    pp374-380, DOI: 10.1016/j.cpc.2012.09.022
|
|--------------------------------------------------------
 
|------------------- GPU DEVICE INFO --------------------
|
|            CUDA_VISIBLE_DEVICES: 0
|   CUDA Capable Devices Detected:      1
|           CUDA Device ID in use:      0
|                CUDA Device Name: GeForce GTX TITAN
|     CUDA Device Global Mem Size:   6082 MB
| CUDA Device Num Multiprocessors:     14
|           CUDA Device Core Freq:   0.93 GHz
|
|--------------------------------------------------------
 
 
| Conditional Compilation Defines Used:
| PUBFFT
| BINTRAJ
| CUDA
| EMIL

| Largest sphere to fit in unit cell has radius =    26.281

| New format PARM file being parsed.
| Version =    1.000 Date = 09/04/12 Time = 16:08:43

| Note: 1-4 EEL scale factors are being read from the topology file.

| Note: 1-4 VDW scale factors are being read from the topology file.
| Duplicated    0 dihedrals

| Duplicated    0 dihedrals

--------------------------------------------------------------------------------
   1.  RESOURCE   USE: 
--------------------------------------------------------------------------------

 getting new box info from bottom of inpcrd
 NATOM  =   23082 NTYPES =      16 NBONH =   22055 MBONA  =    1038
 NTHETH =    2390 MTHETA =    1396 NPHIH =    4631 MPHIA  =    3488
 NHPARM =       0 NPARM  =       0 NNB   =   39434 NRES   =    7134
 NBONA  =    1038 NTHETA =    1396 NPHIA =    3488 NUMBND =      41
 NUMANG =      86 NPTRA  =      41 NATYP =      28 NPHB   =       1
 IFBOX  =       1 NMXRS  =      24 IFCAP =       0 NEXTRA =       0
 NCOPY  =       0

| Coordinate Index Table dimensions:    12   14   10
| Direct force subcell size =     5.0212    5.2012    5.2562

     BOX TYPE: RECTILINEAR

--------------------------------------------------------------------------------
   2.  CONTROL  DATA  FOR  THE  RUN
--------------------------------------------------------------------------------

default_name                                                                    

General flags:
     imin    =       0, nmropt  =       0

Nature and format of input:
     ntx     =       5, irest   =       1, ntrx    =       1

Nature and format of output:
     ntxo    =       1, ntpr    =     500, ntrx    =       1, ntwr    =     500
     iwrap   =       1, ntwx    =      20, ntwv    =      -1, ntwe    =       0
     ioutfm  =       1, ntwprt  =       0, idecomp =       0, rbornstat=      0

Potential function:
     ntf     =       1, ntb     =       1, igb     =       0, nsnb    =      25
     ipol    =       0, gbsa    =       0, iesp    =       0
     dielc   =   1.00000, cut     =   9.00000, intdiel =   1.00000

Frozen or restrained atoms:
     ibelly  =       0, ntr     =       0

Molecular dynamics:
     nstlim  =     20000, nscm    =      1000, nrespa  =         1
     t       =   0.00000, dt      =   0.00050, vlimit  =  -1.00000

Langevin dynamics temperature regulation:
     ig      =  664541
     temp0   = 300.00000, tempi   = 300.00000, gamma_ln=   2.00000

| Intermolecular bonds treatment:
|     no_intermolecular_bonds =       1

| Energy averages sample interval:
|     ene_avg_sampling =     500

Ewald parameters:
     verbose =       0, ew_type =       0, nbflag  =       1, use_pme =       1
     vdwmeth =       1, eedmeth =       1, netfrc  =       1
     Box X =   60.254   Box Y =   72.816   Box Z =   52.562
     Alpha =   90.000   Beta  =   90.000   Gamma =   90.000
     NFFT1 =   64       NFFT2 =   80       NFFT3 =   56
     Cutoff=    9.000   Tol   =0.100E-04
     Ewald Coefficient =  0.30768
     Interpolation order =    4

--------------------------------------------------------------------------------
   3.  ATOMIC COORDINATES AND VELOCITIES
--------------------------------------------------------------------------------

default_name                                                                    
 begin time read from input coords =    10.000 ps

 
 Number of triangulated 3-point waters found:     7002

     Sum of charges from parm topology file =  -0.00000008
     Forcing neutrality...

| Dynamic Memory, Types Used:
| Reals              710578
| Integers           737140

| Nonbonded Pairs Initial Allocation:     5262696

| GPU memory information (estimate):
| KB of GPU memory in use:    132483
| KB of CPU memory in use:     27891

--------------------------------------------------------------------------------
   4.  RESULTS
--------------------------------------------------------------------------------

 ---------------------------------------------------
 APPROXIMATING switch and d/dx switch using CUBIC SPLINE INTERPOLATION
 using   5000.0 points per unit in tabled values
 TESTING RELATIVE ERROR over r ranging from 0.0 to cutoff
| CHECK switch(x): max rel err =   0.2738E-14   at   2.422500
| CHECK d/dx switch(x): max rel err =   0.8314E-11   at   2.736960
 ---------------------------------------------------
|---------------------------------------------------
| APPROXIMATING direct energy using CUBIC SPLINE INTERPOLATION
|  with   50.0 points per unit in tabled values
| Relative Error Limit not exceeded for r .gt.   2.39
| APPROXIMATING direct force using CUBIC SPLINE INTERPOLATION
|  with   50.0 points per unit in tabled values
| Relative Error Limit not exceeded for r .gt.   2.84
|---------------------------------------------------

 NSTEP =      500   TIME(PS) =      10.250  TEMP(K) =   271.24  PRESS =     0.0
 Etot   =    -54867.8123  EKtot   =     18662.0371  EPtot      =    -73529.8494
 BOND   =      6977.8889  ANGLE   =       989.3653  DIHED      =      1293.7032
 1-4 NB =       456.4698  1-4 EEL =      4611.9768  VDWAALS    =     11774.6333
 EELEC  =    -99633.8867  EHBOND  =         0.0000  RESTRAINT  =         0.0000
 ------------------------------------------------------------------------------


 NSTEP =     1000   TIME(PS) =      10.500  TEMP(K) =   283.79  PRESS =     0.0
 Etot   =    -53172.4358  EKtot   =     19525.4785  EPtot      =    -72697.9143
 BOND   =     10224.2435  ANGLE   =       991.3232  DIHED      =      1329.4678
 1-4 NB =       468.4067  1-4 EEL =      4607.2533  VDWAALS    =     11972.6899
 EELEC  =   -102291.2988  EHBOND  =         0.0000  RESTRAINT  =         0.0000
 ------------------------------------------------------------------------------


 NSTEP =     1500   TIME(PS) =      10.750  TEMP(K) =   293.69  PRESS =     0.0
 Etot   =    -52160.8609  EKtot   =     20206.6875  EPtot      =    -72367.5484
 BOND   =     11618.4787  ANGLE   =       987.2514  DIHED      =      1313.6530
 1-4 NB =       444.9512  1-4 EEL =      4657.3750  VDWAALS    =     12134.1555
 EELEC  =   -103523.4132  EHBOND  =         0.0000  RESTRAINT  =         0.0000
 ------------------------------------------------------------------------------


 NSTEP =     2000   TIME(PS) =      11.000  TEMP(K) =   298.99  PRESS =     0.0
 Etot   =    -51435.1672  EKtot   =     20571.2109  EPtot      =    -72006.3781
 BOND   =     11939.3433  ANGLE   =       996.4714  DIHED      =      1309.2100
 1-4 NB =       446.6387  1-4 EEL =      4628.6791  VDWAALS    =     12445.6372
 EELEC  =   -103772.3578  EHBOND  =         0.0000  RESTRAINT  =         0.0000
 ------------------------------------------------------------------------------


 NSTEP =     2500   TIME(PS) =      11.250  TEMP(K) =   300.51  PRESS =     0.0
 Etot   =    -51451.0389  EKtot   =     20675.7109  EPtot      =    -72126.7498
 BOND   =     12098.6623  ANGLE   =      1042.2805  DIHED      =      1308.7375
 1-4 NB =       458.2933  1-4 EEL =      4639.0606  VDWAALS    =     12293.6372
 EELEC  =   -103967.4212  EHBOND  =         0.0000  RESTRAINT  =         0.0000
 ------------------------------------------------------------------------------


 NSTEP =     3000   TIME(PS) =      11.500  TEMP(K) =   303.29  PRESS =     0.0
 Etot   =    -51498.2552  EKtot   =     20867.1074  EPtot      =    -72365.3627
 BOND   =     12205.3392  ANGLE   =      1020.2509  DIHED      =      1331.6250
 1-4 NB =       441.5617  1-4 EEL =      4666.1920  VDWAALS    =     12344.6450
 EELEC  =   -104374.9764  EHBOND  =         0.0000  RESTRAINT  =         0.0000
 ------------------------------------------------------------------------------


 NSTEP =     3500   TIME(PS) =      11.750  TEMP(K) =   301.37  PRESS =     0.0
 Etot   =    -51552.7628  EKtot   =     20735.3477  EPtot      =    -72288.1104
 BOND   =     12390.4840  ANGLE   =      1068.0546  DIHED      =      1323.7935
 1-4 NB =       453.9831  1-4 EEL =      4692.5880  VDWAALS    =     12498.7170
 EELEC  =   -104715.7307  EHBOND  =         0.0000  RESTRAINT  =         0.0000
 ------------------------------------------------------------------------------


 NSTEP =     4000   TIME(PS) =      12.000  TEMP(K) =   300.80  PRESS =     0.0
 Etot   =    -51497.5017  EKtot   =     20695.9961  EPtot      =    -72193.4978
 BOND   =     12832.2348  ANGLE   =      1041.9957  DIHED      =      1321.0524
 1-4 NB =       444.2672  1-4 EEL =      4638.3075  VDWAALS    =     12918.1320
 EELEC  =   -105389.4875  EHBOND  =         0.0000  RESTRAINT  =         0.0000
 ------------------------------------------------------------------------------


 NSTEP =     4500   TIME(PS) =      12.250  TEMP(K) =   301.89  PRESS =     0.0
 Etot   =    -51576.2494  EKtot   =     20771.0859  EPtot      =    -72347.3353
 BOND   =     12673.8589  ANGLE   =      1084.4319  DIHED      =      1320.3635
 1-4 NB =       438.9164  1-4 EEL =      4613.0856  VDWAALS    =     12376.3497
 EELEC  =   -104854.3412  EHBOND  =         0.0000  RESTRAINT  =         0.0000
 ------------------------------------------------------------------------------


 NSTEP =     5000   TIME(PS) =      12.500  TEMP(K) =   303.48  PRESS =     0.0
 Etot   =    -51511.0981  EKtot   =     20880.4492  EPtot      =    -72391.5473
 BOND   =     12521.7815  ANGLE   =      1016.5103  DIHED      =      1302.8897
 1-4 NB =       447.2247  1-4 EEL =      4666.5496  VDWAALS    =     12419.9516
 EELEC  =   -104766.4547  EHBOND  =         0.0000  RESTRAINT  =         0.0000
 ------------------------------------------------------------------------------


 NSTEP =     5500   TIME(PS) =      12.750  TEMP(K) =   302.12  PRESS =     0.0
 Etot   =    -51687.3436  EKtot   =     20786.5273  EPtot      =    -72473.8710
 BOND   =     12602.9892  ANGLE   =      1044.9269  DIHED      =      1300.3333
 1-4 NB =       444.2928  1-4 EEL =      4624.0125  VDWAALS    =     12454.6126
 EELEC  =   -104945.0383  EHBOND  =         0.0000  RESTRAINT  =         0.0000
 ------------------------------------------------------------------------------


 NSTEP =     6000   TIME(PS) =      13.000  TEMP(K) =   301.86  PRESS =     0.0
 Etot   =    -51548.7066  EKtot   =     20768.6602  EPtot      =    -72317.3668
 BOND   =     12884.2190  ANGLE   =      1043.0573  DIHED      =      1308.1177
 1-4 NB =       441.4310  1-4 EEL =      4625.6968  VDWAALS    =     12659.4320
 EELEC  =   -105279.3205  EHBOND  =         0.0000  RESTRAINT  =         0.0000
 ------------------------------------------------------------------------------


 NSTEP =     6500   TIME(PS) =      13.250  TEMP(K) =   300.72  PRESS =     0.0
 Etot   =    -51633.4019  EKtot   =     20690.1445  EPtot      =    -72323.5465
 BOND   =     12926.7465  ANGLE   =      1022.5403  DIHED      =      1325.5210
 1-4 NB =       442.3899  1-4 EEL =      4654.1390  VDWAALS    =     12644.4895
 EELEC  =   -105339.3728  EHBOND  =         0.0000  RESTRAINT  =         0.0000
 ------------------------------------------------------------------------------


 NSTEP =     7000   TIME(PS) =      13.500  TEMP(K) =   303.44  PRESS =     0.0
 Etot   =    -51588.8656  EKtot   =     20877.1738  EPtot      =    -72466.0395
 BOND   =     12825.5200  ANGLE   =      1058.3988  DIHED      =      1323.3774
 1-4 NB =       443.7098  1-4 EEL =      4628.1376  VDWAALS    =     12826.3165
 EELEC  =   -105571.4995  EHBOND  =         0.0000  RESTRAINT  =         0.0000
 ------------------------------------------------------------------------------


 NSTEP =     7500   TIME(PS) =      13.750  TEMP(K) =   301.56  PRESS =     0.0
 Etot   =    -51775.4311  EKtot   =     20747.7500  EPtot      =    -72523.1811
 BOND   =     12933.7092  ANGLE   =      1007.4429  DIHED      =      1331.6703
 1-4 NB =       444.6310  1-4 EEL =      4626.0055  VDWAALS    =     12769.5062
 EELEC  =   -105636.1462  EHBOND  =         0.0000  RESTRAINT  =         0.0000
 ------------------------------------------------------------------------------


 NSTEP =     8000   TIME(PS) =      14.000  TEMP(K) =   302.77  PRESS =     0.0
 Etot   =    -51696.9217  EKtot   =     20831.2188  EPtot      =    -72528.1405
 BOND   =     12785.9495  ANGLE   =      1022.0976  DIHED      =      1322.5671
 1-4 NB =       454.3801  1-4 EEL =      4636.8112  VDWAALS    =     12534.2517
 EELEC  =   -105284.1977  EHBOND  =         0.0000  RESTRAINT  =         0.0000
 ------------------------------------------------------------------------------


 NSTEP =     8500   TIME(PS) =      14.250  TEMP(K) =   302.73  PRESS =     0.0
 Etot   =    -51802.8441  EKtot   =     20828.4492  EPtot      =    -72631.2933
 BOND   =     12658.3393  ANGLE   =      1008.9118  DIHED      =      1322.1304
 1-4 NB =       438.3187  1-4 EEL =      4601.3317  VDWAALS    =     12254.3425
 EELEC  =   -104914.6678  EHBOND  =         0.0000  RESTRAINT  =         0.0000
 ------------------------------------------------------------------------------


 NSTEP =     9000   TIME(PS) =      14.500  TEMP(K) =   300.72  PRESS =     0.0
 Etot   =    -51843.1746  EKtot   =     20690.1738  EPtot      =    -72533.3485
 BOND   =     12766.5945  ANGLE   =      1042.5495  DIHED      =      1311.1090
 1-4 NB =       443.4212  1-4 EEL =      4601.0026  VDWAALS    =     12723.3488
 EELEC  =   -105421.3740  EHBOND  =         0.0000  RESTRAINT  =         0.0000
 ------------------------------------------------------------------------------


 NSTEP =     9500   TIME(PS) =      14.750  TEMP(K) =   303.03  PRESS =     0.0
 Etot   =    -51664.8964  EKtot   =     20849.4219  EPtot      =    -72514.3183
 BOND   =     12901.6187  ANGLE   =       980.8237  DIHED      =      1323.7343
 1-4 NB =       443.1435  1-4 EEL =      4646.6510  VDWAALS    =     12850.9854
 EELEC  =   -105661.2748  EHBOND  =         0.0000  RESTRAINT  =         0.0000
 ------------------------------------------------------------------------------


 NSTEP =    10000   TIME(PS) =      15.000  TEMP(K) =   299.86  PRESS =     0.0
 Etot   =    -51881.7021  EKtot   =     20631.3398  EPtot      =    -72513.0419
 BOND   =     12708.3090  ANGLE   =      1022.0185  DIHED      =      1323.3562
 1-4 NB =       441.3873  1-4 EEL =      4652.3246  VDWAALS    =     12768.1416
 EELEC  =   -105428.5792  EHBOND  =         0.0000  RESTRAINT  =         0.0000
 ------------------------------------------------------------------------------


 NSTEP =    10500   TIME(PS) =      15.250  TEMP(K) =   302.27  PRESS =     0.0
 Etot   =    -52003.7088  EKtot   =     20796.9492  EPtot      =    -72800.6580
 BOND   =     12604.4983  ANGLE   =       985.9282  DIHED      =      1294.3089
 1-4 NB =       456.1219  1-4 EEL =      4680.8478  VDWAALS    =     12724.0532
 EELEC  =   -105546.4164  EHBOND  =         0.0000  RESTRAINT  =         0.0000
 ------------------------------------------------------------------------------


 NSTEP =    11000   TIME(PS) =      15.500  TEMP(K) =   301.39  PRESS =     0.0
 Etot   =    -51945.4098  EKtot   =     20736.0898  EPtot      =    -72681.4997
 BOND   =     12829.0834  ANGLE   =      1026.1574  DIHED      =      1320.5748
 1-4 NB =       425.8832  1-4 EEL =      4618.6065  VDWAALS    =     12544.6373
 EELEC  =   -105446.4423  EHBOND  =         0.0000  RESTRAINT  =         0.0000
 ------------------------------------------------------------------------------


 NSTEP =    11500   TIME(PS) =      15.750  TEMP(K) =   300.88  PRESS =     0.0
 Etot   =    -51841.7146  EKtot   =     20701.4043  EPtot      =    -72543.1189
 BOND   =     13017.1646  ANGLE   =      1021.4149  DIHED      =      1301.6146
 1-4 NB =       449.1085  1-4 EEL =      4652.2915  VDWAALS    =     12756.0026
 EELEC  =   -105740.7155  EHBOND  =         0.0000  RESTRAINT  =         0.0000
 ------------------------------------------------------------------------------


 NSTEP =    12000   TIME(PS) =      16.000  TEMP(K) =   300.53  PRESS =     0.0
 Etot   =    -51738.8218  EKtot   =     20676.9531  EPtot      =    -72415.7750
 BOND   =     12877.6824  ANGLE   =      1060.2048  DIHED      =      1296.9458
 1-4 NB =       442.4408  1-4 EEL =      4647.1227  VDWAALS    =     12713.1598
 EELEC  =   -105453.3313  EHBOND  =         0.0000  RESTRAINT  =         0.0000
 ------------------------------------------------------------------------------


 NSTEP =    12500   TIME(PS) =      16.250  TEMP(K) =   301.73  PRESS =     0.0
 Etot   =    -51808.6181  EKtot   =     20759.7988  EPtot      =    -72568.4170
 BOND   =     12846.0636  ANGLE   =      1042.9697  DIHED      =      1320.0475
 1-4 NB =       451.2642  1-4 EEL =      4643.3282  VDWAALS    =     12471.3468
 EELEC  =   -105343.4370  EHBOND  =         0.0000  RESTRAINT  =         0.0000
 ------------------------------------------------------------------------------


 NSTEP =    13000   TIME(PS) =      16.500  TEMP(K) =   301.52  PRESS =     0.0
 Etot   =    -51724.1052  EKtot   =     20745.6602  EPtot      =    -72469.7654
 BOND   =     12851.3219  ANGLE   =      1032.2800  DIHED      =      1301.4800
 1-4 NB =       449.8993  1-4 EEL =      4672.6365  VDWAALS    =     12659.2871
 EELEC  =   -105436.6702  EHBOND  =         0.0000  RESTRAINT  =         0.0000
 ------------------------------------------------------------------------------

wrapping first mol.:        0.00000        0.00000      -52.56165
wrapping first mol.:        0.00000        0.00000      -52.56165
wrapping first mol.:        0.00000        0.00000      -52.56165
wrapping first mol.:        0.00000        0.00000      -52.56165
wrapping first mol.:        0.00000        0.00000      -52.56165
wrapping first mol.:        0.00000        0.00000      -52.56165
wrapping first mol.:        0.00000        0.00000      -52.56165
wrapping first mol.:        0.00000        0.00000      -52.56165
wrapping first mol.:        0.00000        0.00000      -52.56165
wrapping first mol.:        0.00000        0.00000      -52.56165
wrapping first mol.:        0.00000        0.00000      -52.56165
wrapping first mol.:        0.00000        0.00000      -52.56165
wrapping first mol.:        0.00000        0.00000      -52.56165
wrapping first mol.:        0.00000        0.00000      -52.56165
wrapping first mol.:        0.00000        0.00000      -52.56165
wrapping first mol.:        0.00000        0.00000      -52.56165
wrapping first mol.:        0.00000        0.00000      -52.56165
wrapping first mol.:        0.00000        0.00000      -52.56165
wrapping first mol.:        0.00000        0.00000      -52.56165
wrapping first mol.:        0.00000        0.00000      -52.56165
wrapping first mol.:        0.00000        0.00000      -52.56165
wrapping first mol.:        0.00000        0.00000      -52.56165
wrapping first mol.:        0.00000        0.00000      -52.56165
wrapping first mol.:        0.00000        0.00000      -52.56165
wrapping first mol.:        0.00000        0.00000      -52.56165

 NSTEP =    13500   TIME(PS) =      16.750  TEMP(K) =   299.43  PRESS =     0.0
 Etot   =    -51607.1900  EKtot   =     20601.5840  EPtot      =    -72208.7740
 BOND   =     12634.8691  ANGLE   =      1040.1797  DIHED      =      1308.8590
 1-4 NB =       457.8026  1-4 EEL =      4663.4243  VDWAALS    =     12623.0351
 EELEC  =   -104936.9437  EHBOND  =         0.0000  RESTRAINT  =         0.0000
 ------------------------------------------------------------------------------

wrapping first mol.:        0.00000        0.00000      -52.56165
wrapping first mol.:        0.00000        0.00000      -52.56165
wrapping first mol.:        0.00000        0.00000      -52.56165
wrapping first mol.:        0.00000        0.00000      -52.56165
wrapping first mol.:        0.00000        0.00000      -52.56165
wrapping first mol.:        0.00000        0.00000      -52.56165
wrapping first mol.:        0.00000        0.00000      -52.56165
wrapping first mol.:        0.00000        0.00000      -52.56165

 NSTEP =    14000   TIME(PS) =      17.000  TEMP(K) =   300.38  PRESS =     0.0
 Etot   =    -51739.2531  EKtot   =     20666.6230  EPtot      =    -72405.8761
 BOND   =     12923.6383  ANGLE   =      1017.8071  DIHED      =      1297.3292
 1-4 NB =       447.6996  1-4 EEL =      4629.8423  VDWAALS    =     12735.5568
 EELEC  =   -105457.7494  EHBOND  =         0.0000  RESTRAINT  =         0.0000
 ------------------------------------------------------------------------------


 NSTEP =    14500   TIME(PS) =      17.250  TEMP(K) =   298.56  PRESS =     0.0
 Etot   =    -51880.1009  EKtot   =     20541.9824  EPtot      =    -72422.0834
 BOND   =     12892.3082  ANGLE   =      1034.3029  DIHED      =      1309.2353
 1-4 NB =       440.2681  1-4 EEL =      4669.2730  VDWAALS    =     12717.1639
 EELEC  =   -105484.6348  EHBOND  =         0.0000  RESTRAINT  =         0.0000
 ------------------------------------------------------------------------------


 NSTEP =    15000   TIME(PS) =      17.500  TEMP(K) =   301.63  PRESS =     0.0
 Etot   =    -51955.5752  EKtot   =     20752.7539  EPtot      =    -72708.3291
 BOND   =     12950.1214  ANGLE   =      1036.9395  DIHED      =      1305.5973
 1-4 NB =       447.9636  1-4 EEL =      4649.9775  VDWAALS    =     12542.4755
 EELEC  =   -105641.4039  EHBOND  =         0.0000  RESTRAINT  =         0.0000
 ------------------------------------------------------------------------------


 NSTEP =    15500   TIME(PS) =      17.750  TEMP(K) =   300.97  PRESS =     0.0
 Etot   =    -52146.6189  EKtot   =     20707.7578  EPtot      =    -72854.3767
 BOND   =     12971.7674  ANGLE   =      1007.7492  DIHED      =      1317.8724
 1-4 NB =       452.4372  1-4 EEL =      4642.6876  VDWAALS    =     12937.6306
 EELEC  =   -106184.5210  EHBOND  =         0.0000  RESTRAINT  =         0.0000
 ------------------------------------------------------------------------------


 NSTEP =    16000   TIME(PS) =      18.000  TEMP(K) =   301.63  PRESS =     0.0
 Etot   =    -52270.1880  EKtot   =     20752.7871  EPtot      =    -73022.9751
 BOND   =     12870.0378  ANGLE   =       990.7608  DIHED      =      1304.8171
 1-4 NB =       446.0532  1-4 EEL =      4661.5931  VDWAALS    =     12890.4525
 EELEC  =   -106186.6896  EHBOND  =         0.0000  RESTRAINT  =         0.0000
 ------------------------------------------------------------------------------


 NSTEP =    16500   TIME(PS) =      18.250  TEMP(K) =   299.05  PRESS =     0.0
 Etot   =    -52306.4678  EKtot   =     20575.2520  EPtot      =    -72881.7197
 BOND   =     12947.2607  ANGLE   =      1058.5183  DIHED      =      1294.4146
 1-4 NB =       438.8664  1-4 EEL =      4634.6675  VDWAALS    =     13091.5422
 EELEC  =   -106346.9894  EHBOND  =         0.0000  RESTRAINT  =         0.0000
 ------------------------------------------------------------------------------


 NSTEP =    17000   TIME(PS) =      18.500  TEMP(K) =   298.82  PRESS =     0.0
 Etot   =    -52165.1360  EKtot   =     20559.8945  EPtot      =    -72725.0306
 BOND   =     12751.3907  ANGLE   =      1050.6370  DIHED      =      1302.6283
 1-4 NB =       442.7194  1-4 EEL =      4643.3649  VDWAALS    =     12577.7685
 EELEC  =   -105493.5394  EHBOND  =         0.0000  RESTRAINT  =         0.0000
 ------------------------------------------------------------------------------


 NSTEP =    17500   TIME(PS) =      18.750  TEMP(K) =   299.52  PRESS =     0.0
 Etot   =    -52228.8038  EKtot   =     20607.7988  EPtot      =    -72836.6027
 BOND   =     12768.3897  ANGLE   =      1067.5236  DIHED      =      1319.2165
 1-4 NB =       449.3633  1-4 EEL =      4613.3308  VDWAALS    =     12877.1125
 EELEC  =   -105931.5391  EHBOND  =         0.0000  RESTRAINT  =         0.0000
 ------------------------------------------------------------------------------


 NSTEP =    18000   TIME(PS) =      19.000  TEMP(K) =   301.37  PRESS =     0.0
 Etot   =    -52200.6376  EKtot   =     20734.8164  EPtot      =    -72935.4540
 BOND   =     12814.2765  ANGLE   =      1001.8654  DIHED      =      1287.9203
 1-4 NB =       442.5399  1-4 EEL =      4641.7909  VDWAALS    =     12882.8929
 EELEC  =   -106006.7398  EHBOND  =         0.0000  RESTRAINT  =         0.0000
 ------------------------------------------------------------------------------


 NSTEP =    18500   TIME(PS) =      19.250  TEMP(K) =   301.20  PRESS =     0.0
 Etot   =    -52148.2655  EKtot   =     20723.6348  EPtot      =    -72871.9003
 BOND   =     12783.1614  ANGLE   =      1092.4712  DIHED      =      1317.3010
 1-4 NB =       433.4713  1-4 EEL =      4616.0520  VDWAALS    =     12848.7922
 EELEC  =   -105963.1493  EHBOND  =         0.0000  RESTRAINT  =         0.0000
 ------------------------------------------------------------------------------


 NSTEP =    19000   TIME(PS) =      19.500  TEMP(K) =   302.18  PRESS =     0.0
 Etot   =    -52127.1016  EKtot   =     20790.5508  EPtot      =    -72917.6524
 BOND   =     12980.6774  ANGLE   =      1058.6755  DIHED      =      1296.9274
 1-4 NB =       434.2981  1-4 EEL =      4566.1659  VDWAALS    =     13029.0019
 EELEC  =   -106283.3986  EHBOND  =         0.0000  RESTRAINT  =         0.0000
 ------------------------------------------------------------------------------


 NSTEP =    19500   TIME(PS) =      19.750  TEMP(K) =   300.71  PRESS =     0.0
 Etot   =    -52193.7621  EKtot   =     20689.3418  EPtot      =    -72883.1039
 BOND   =     12774.3184  ANGLE   =      1028.6508  DIHED      =      1317.4981
 1-4 NB =       463.1147  1-4 EEL =      4711.0677  VDWAALS    =     12866.7563
 EELEC  =   -106044.5099  EHBOND  =         0.0000  RESTRAINT  =         0.0000
 ------------------------------------------------------------------------------


 NSTEP =    20000   TIME(PS) =      20.000  TEMP(K) =   302.31  PRESS =     0.0
 Etot   =    -52266.3429  EKtot   =     20799.6348  EPtot      =    -73065.9777
 BOND   =     12762.3488  ANGLE   =      1022.6768  DIHED      =      1297.7281
 1-4 NB =       444.7359  1-4 EEL =      4626.3916  VDWAALS    =     13068.1154
 EELEC  =   -106287.9742  EHBOND  =         0.0000  RESTRAINT  =         0.0000
 ------------------------------------------------------------------------------


      A V E R A G E S   O V E R      40 S T E P S


 NSTEP =    20000   TIME(PS) =      20.000  TEMP(K) =   299.85  PRESS =     0.0
 Etot   =    -51953.6073  EKtot   =     20630.3310  EPtot      =    -72583.9383
 BOND   =     12508.1672  ANGLE   =      1029.2104  DIHED      =      1311.4682
 1-4 NB =       446.3467  1-4 EEL =      4640.0411  VDWAALS    =     12630.5189
 EELEC  =   -105149.6908  EHBOND  =         0.0000  RESTRAINT  =         0.0000
 ------------------------------------------------------------------------------


      R M S  F L U C T U A T I O N S


 NSTEP =    20000   TIME(PS) =      20.000  TEMP(K) =     5.58  PRESS =     0.0
 Etot   =       572.7444  EKtot   =       383.8881  EPtot      =       293.9431
 BOND   =      1009.3938  ANGLE   =        27.2291  DIHED      =        11.7424
 1-4 NB =         8.0202  1-4 EEL =        26.8757  VDWAALS    =       283.4300
 EELEC  =      1193.7154  EHBOND  =         0.0000  RESTRAINT  =         0.0000
 ------------------------------------------------------------------------------

--------------------------------------------------------------------------------
   5.  TIMINGS
--------------------------------------------------------------------------------

|  NonSetup CPU Time in Major Routines:
|
|     Routine           Sec        %
|     ------------------------------
|     Nonbond           4.08   10.28
|     Bond              0.00    0.00
|     Angle             0.00    0.00
|     Dihedral          0.00    0.00
|     Shake             0.00    0.00
|     RunMD            35.52   89.61
|     Other             0.04    0.11
|     ------------------------------
|     Total            39.64

|  PME Nonbond Pairlist CPU Time:
|
|     Routine              Sec        %
|     ---------------------------------
|     Set Up Cit           0.00    0.00
|     Build List           0.00    0.00
|     ---------------------------------
|     Total                0.00    0.00

|  PME Direct Force CPU Time:
|
|     Routine              Sec        %
|     ---------------------------------
|     NonBonded Calc       0.00    0.00
|     Exclude Masked       0.00    0.00
|     Other                0.02    0.06
|     ---------------------------------
|     Total                0.02    0.06

|  PME Reciprocal Force CPU Time:
|
|     Routine              Sec        %
|     ---------------------------------
|     1D bspline           0.00    0.00
|     Grid Charges         0.00    0.00
|     Scalar Sum           0.00    0.00
|     Gradient Sum         0.00    0.00
|     FFT                  0.00    0.00
|     ---------------------------------
|     Total                0.00    0.00

|  Final Performance Info:
|     -----------------------------------------------------
|     Average timings for last   19500 steps:
|     Elapsed(s) =      42.82 Per Step(ms) =       2.20
|         ns/day =      19.67   seconds/ns =    4391.52
|
|     Average timings for all steps:
|     Elapsed(s) =      43.75 Per Step(ms) =       2.19
|         ns/day =      19.75   seconds/ns =    4375.22
|     -----------------------------------------------------

|  Setup CPU time:            2.90 seconds
|  NonSetup CPU time:        39.64 seconds
|  Total CPU time:           42.54 seconds     0.01 hours

|  Setup wall time:           3    seconds
|  NonSetup wall time:       44    seconds
|  Total wall time:          47    seconds     0.01 hours
