
          -------------------------------------------------------
          Amber 16 PMEMD                              2016
          -------------------------------------------------------

| PMEMD implementation of SANDER, Release 16

| Run on 08/24/2017 at 12:28:01

|   Executable path: /apps/amber16/bin/pmemd.cuda
| Working directory: /scratch/pbarletta/pdz/run/lb/neq/data/2
|          Hostname: mordor

  [-O]verwriting output

File Assignments:
|   MDIN: pdt.in                                                                
|  MDOUT: 170plb_2.out                                                          
| INPCRD: ../1/170plb_1.rst7                                                    
|   PARM: /scratch/pbarletta/pdz/top_files/lb.prmtop                            
| RESTRT: 170plb_2.rst7                                                         
|   REFC: refc                                                                  
|  MDVEL: mdvel                                                                 
|   MDEN: mden                                                                  
|  MDCRD: 170plb_2.nc                                                           
| MDINFO: mdinfo                                                                
|  MDFRC: mdfrc                                                                 


 Here is the input file:

!NVE run                                                                       
&cntrl                                                                         
imin = 0,                           ! No Minimization                          
nmropt = 0,                         ! No NMR restraints read                   
                                                                               
! Nature and format of the input                                               
ntx = 5,                            ! Coordinates and velocities will be read  
irest = 1,                          ! Restart simulation                       
                                                                               
! Nature and format of the output                                              
ioutfm = 1,			    ! NetCDF format for output files                             
ntxo = 1,                           ! rstrt file in ASCII format               
ntpr = 500,                         ! inf in output every ntpr steps           
ntwr = 500,                         ! rstrt file every ntwr steps              
ntwx = 20,                          ! mdcrd file every ntwx steps              
ntwv = -1,                          ! mdvel without velocities                 
ntwe = 0,                           ! Energies and temperatures not written in 
idecomp = 0,                        ! No energy decomposition                  
iwrap = 1,                          ! Coordinates of the restart and mdcrd file
                                                                               
! Frozen or restrained atoms                                                   
ibelly = 0,                         ! No frozen atoms                          
ntr=0,                              ! Harmonic potential restraints            
                                                                               
! Molecular dynamics                                                           
nstlim = 20000,                      ! Number of MD-steps                      
dt = 0.0005,                        ! Time step                                
                                                                               
! Temperature regulation                                                       
ntt = 3,                            ! Langevin thermostat                      
gamma_ln = 2,                       ! Gamma constant for Langevin              
temp0 = 300.0,                      ! Reference T at which the system is to be 
tempi = 300.0,                      ! Initial T                                
                                                                               
! P and V regulation                                                           
ntp = 0,                            ! No P control                             
ntb = 1,                            ! constant V                               
                                                                               
! SHAKE variables                                                              
ntc = 1,                            ! No SHAKE                                 
ntf = 1,                            ! Get E with allatom                       
                                                                               
cut = 9.0,                          ! Nonbonded cutoff                         
/                                                                              
&end                                                                           


Note: ig = -1. Setting random seed to   316910 based on wallclock time in 
      microseconds.
| irandom = 1, using AMBER's internal random number generator (default).
 
|--------------------- INFORMATION ----------------------
| GPU (CUDA) Version of PMEMD in use: NVIDIA GPU IN USE.
|                    Version 16.0.0
| 
|                      02/25/2016
| 
| Implementation by:
|                    Ross C. Walker     (SDSC)
|                    Scott Le Grand     (nVIDIA)
| 
| Precision model in use:
|      [SPFP] - Single Precision Forces, 64-bit Fixed Point
|               Accumulation. (Default)
| 
|--------------------------------------------------------
 
|----------------- CITATION INFORMATION -----------------
|
|    When publishing work that utilized the CUDA version
|    of AMBER, please cite the following in addition to
|    the regular AMBER citations:
|
|  - Romelia Salomon-Ferrer; Andreas W. Goetz; Duncan
|    Poole; Scott Le Grand; Ross C. Walker "Routine
|    microsecond molecular dynamics simulations with
|    AMBER - Part II: Particle Mesh Ewald", J. Chem.
|    Theory Comput., 2013, 9 (9), pp3878-3888,
|    DOI: 10.1021/ct400314y.
|
|  - Andreas W. Goetz; Mark J. Williamson; Dong Xu;
|    Duncan Poole; Scott Le Grand; Ross C. Walker
|    "Routine microsecond molecular dynamics simulations
|    with AMBER - Part I: Generalized Born", J. Chem.
|    Theory Comput., 2012, 8 (5), pp1542-1555.
|
|  - Scott Le Grand; Andreas W. Goetz; Ross C. Walker
|    "SPFP: Speed without compromise - a mixed precision
|    model for GPU accelerated molecular dynamics
|    simulations.", Comp. Phys. Comm., 2013, 184
|    pp374-380, DOI: 10.1016/j.cpc.2012.09.022
|
|--------------------------------------------------------
 
|------------------- GPU DEVICE INFO --------------------
|
|            CUDA_VISIBLE_DEVICES: 0
|   CUDA Capable Devices Detected:      1
|           CUDA Device ID in use:      0
|                CUDA Device Name: GeForce GTX TITAN
|     CUDA Device Global Mem Size:   6082 MB
| CUDA Device Num Multiprocessors:     14
|           CUDA Device Core Freq:   0.93 GHz
|
|--------------------------------------------------------
 
 
| Conditional Compilation Defines Used:
| PUBFFT
| BINTRAJ
| CUDA
| EMIL

| Largest sphere to fit in unit cell has radius =    26.281

| New format PARM file being parsed.
| Version =    1.000 Date = 09/04/12 Time = 16:08:43

| Note: 1-4 EEL scale factors are being read from the topology file.

| Note: 1-4 VDW scale factors are being read from the topology file.
| Duplicated    0 dihedrals

| Duplicated    0 dihedrals

--------------------------------------------------------------------------------
   1.  RESOURCE   USE: 
--------------------------------------------------------------------------------

 getting new box info from bottom of inpcrd
 NATOM  =   23082 NTYPES =      16 NBONH =   22055 MBONA  =    1038
 NTHETH =    2390 MTHETA =    1396 NPHIH =    4631 MPHIA  =    3488
 NHPARM =       0 NPARM  =       0 NNB   =   39434 NRES   =    7134
 NBONA  =    1038 NTHETA =    1396 NPHIA =    3488 NUMBND =      41
 NUMANG =      86 NPTRA  =      41 NATYP =      28 NPHB   =       1
 IFBOX  =       1 NMXRS  =      24 IFCAP =       0 NEXTRA =       0
 NCOPY  =       0

| Coordinate Index Table dimensions:    12   14   10
| Direct force subcell size =     5.0212    5.2012    5.2562

     BOX TYPE: RECTILINEAR

--------------------------------------------------------------------------------
   2.  CONTROL  DATA  FOR  THE  RUN
--------------------------------------------------------------------------------

default_name                                                                    

General flags:
     imin    =       0, nmropt  =       0

Nature and format of input:
     ntx     =       5, irest   =       1, ntrx    =       1

Nature and format of output:
     ntxo    =       1, ntpr    =     500, ntrx    =       1, ntwr    =     500
     iwrap   =       1, ntwx    =      20, ntwv    =      -1, ntwe    =       0
     ioutfm  =       1, ntwprt  =       0, idecomp =       0, rbornstat=      0

Potential function:
     ntf     =       1, ntb     =       1, igb     =       0, nsnb    =      25
     ipol    =       0, gbsa    =       0, iesp    =       0
     dielc   =   1.00000, cut     =   9.00000, intdiel =   1.00000

Frozen or restrained atoms:
     ibelly  =       0, ntr     =       0

Molecular dynamics:
     nstlim  =     20000, nscm    =      1000, nrespa  =         1
     t       =   0.00000, dt      =   0.00050, vlimit  =  -1.00000

Langevin dynamics temperature regulation:
     ig      =  316910
     temp0   = 300.00000, tempi   = 300.00000, gamma_ln=   2.00000

| Intermolecular bonds treatment:
|     no_intermolecular_bonds =       1

| Energy averages sample interval:
|     ene_avg_sampling =     500

Ewald parameters:
     verbose =       0, ew_type =       0, nbflag  =       1, use_pme =       1
     vdwmeth =       1, eedmeth =       1, netfrc  =       1
     Box X =   60.254   Box Y =   72.816   Box Z =   52.562
     Alpha =   90.000   Beta  =   90.000   Gamma =   90.000
     NFFT1 =   64       NFFT2 =   80       NFFT3 =   56
     Cutoff=    9.000   Tol   =0.100E-04
     Ewald Coefficient =  0.30768
     Interpolation order =    4

--------------------------------------------------------------------------------
   3.  ATOMIC COORDINATES AND VELOCITIES
--------------------------------------------------------------------------------

default_name                                                                    
 begin time read from input coords =    10.000 ps

 
 Number of triangulated 3-point waters found:     7002

     Sum of charges from parm topology file =  -0.00000008
     Forcing neutrality...

| Dynamic Memory, Types Used:
| Reals              710578
| Integers           737140

| Nonbonded Pairs Initial Allocation:     5262696

| GPU memory information (estimate):
| KB of GPU memory in use:    132483
| KB of CPU memory in use:     27891

--------------------------------------------------------------------------------
   4.  RESULTS
--------------------------------------------------------------------------------

 ---------------------------------------------------
 APPROXIMATING switch and d/dx switch using CUBIC SPLINE INTERPOLATION
 using   5000.0 points per unit in tabled values
 TESTING RELATIVE ERROR over r ranging from 0.0 to cutoff
| CHECK switch(x): max rel err =   0.2738E-14   at   2.422500
| CHECK d/dx switch(x): max rel err =   0.8314E-11   at   2.736960
 ---------------------------------------------------
|---------------------------------------------------
| APPROXIMATING direct energy using CUBIC SPLINE INTERPOLATION
|  with   50.0 points per unit in tabled values
| Relative Error Limit not exceeded for r .gt.   2.39
| APPROXIMATING direct force using CUBIC SPLINE INTERPOLATION
|  with   50.0 points per unit in tabled values
| Relative Error Limit not exceeded for r .gt.   2.84
|---------------------------------------------------

 NSTEP =      500   TIME(PS) =      10.250  TEMP(K) =   270.29  PRESS =     0.0
 Etot   =    -54996.1224  EKtot   =     18596.7559  EPtot      =    -73592.8783
 BOND   =      6984.2294  ANGLE   =       966.8655  DIHED      =      1312.4898
 1-4 NB =       442.2096  1-4 EEL =      4637.5557  VDWAALS    =     12052.5450
 EELEC  =    -99988.7732  EHBOND  =         0.0000  RESTRAINT  =         0.0000
 ------------------------------------------------------------------------------


 NSTEP =     1000   TIME(PS) =      10.500  TEMP(K) =   283.06  PRESS =     0.0
 Etot   =    -53334.3251  EKtot   =     19474.9805  EPtot      =    -72809.3056
 BOND   =     10332.9326  ANGLE   =      1004.4048  DIHED      =      1298.1894
 1-4 NB =       422.9685  1-4 EEL =      4599.0227  VDWAALS    =     12107.8354
 EELEC  =   -102574.6589  EHBOND  =         0.0000  RESTRAINT  =         0.0000
 ------------------------------------------------------------------------------


 NSTEP =     1500   TIME(PS) =      10.750  TEMP(K) =   289.39  PRESS =     0.0
 Etot   =    -52646.1420  EKtot   =     19910.8105  EPtot      =    -72556.9526
 BOND   =     11566.9347  ANGLE   =      1046.1355  DIHED      =      1321.4074
 1-4 NB =       433.2593  1-4 EEL =      4609.2288  VDWAALS    =     12254.8939
 EELEC  =   -103788.8122  EHBOND  =         0.0000  RESTRAINT  =         0.0000
 ------------------------------------------------------------------------------


 NSTEP =     2000   TIME(PS) =      11.000  TEMP(K) =   295.17  PRESS =     0.0
 Etot   =    -52054.4296  EKtot   =     20308.7422  EPtot      =    -72363.1718
 BOND   =     12077.1136  ANGLE   =      1028.1016  DIHED      =      1325.2494
 1-4 NB =       428.9732  1-4 EEL =      4622.0562  VDWAALS    =     12573.7891
 EELEC  =   -104418.4550  EHBOND  =         0.0000  RESTRAINT  =         0.0000
 ------------------------------------------------------------------------------


 NSTEP =     2500   TIME(PS) =      11.250  TEMP(K) =   300.19  PRESS =     0.0
 Etot   =    -51500.9841  EKtot   =     20653.8340  EPtot      =    -72154.8181
 BOND   =     12384.7919  ANGLE   =      1026.1308  DIHED      =      1309.2709
 1-4 NB =       442.6475  1-4 EEL =      4618.8556  VDWAALS    =     12386.8847
 EELEC  =   -104323.3995  EHBOND  =         0.0000  RESTRAINT  =         0.0000
 ------------------------------------------------------------------------------


 NSTEP =     3000   TIME(PS) =      11.500  TEMP(K) =   300.11  PRESS =     0.0
 Etot   =    -51465.9900  EKtot   =     20648.2793  EPtot      =    -72114.2693
 BOND   =     12524.7671  ANGLE   =      1013.9286  DIHED      =      1304.7128
 1-4 NB =       436.5552  1-4 EEL =      4595.5636  VDWAALS    =     12627.8926
 EELEC  =   -104617.6891  EHBOND  =         0.0000  RESTRAINT  =         0.0000
 ------------------------------------------------------------------------------


 NSTEP =     3500   TIME(PS) =      11.750  TEMP(K) =   301.99  PRESS =     0.0
 Etot   =    -51376.6906  EKtot   =     20777.7148  EPtot      =    -72154.4055
 BOND   =     12446.3582  ANGLE   =      1017.9576  DIHED      =      1337.9381
 1-4 NB =       437.6332  1-4 EEL =      4611.0892  VDWAALS    =     12366.8930
 EELEC  =   -104372.2747  EHBOND  =         0.0000  RESTRAINT  =         0.0000
 ------------------------------------------------------------------------------


 NSTEP =     4000   TIME(PS) =      12.000  TEMP(K) =   302.34  PRESS =     0.0
 Etot   =    -51455.5020  EKtot   =     20801.9941  EPtot      =    -72257.4961
 BOND   =     12767.6824  ANGLE   =      1049.3030  DIHED      =      1301.6591
 1-4 NB =       442.5143  1-4 EEL =      4630.2090  VDWAALS    =     12469.1618
 EELEC  =   -104918.0257  EHBOND  =         0.0000  RESTRAINT  =         0.0000
 ------------------------------------------------------------------------------


 NSTEP =     4500   TIME(PS) =      12.250  TEMP(K) =   298.99  PRESS =     0.0
 Etot   =    -51547.3865  EKtot   =     20571.4062  EPtot      =    -72118.7928
 BOND   =     12731.7047  ANGLE   =      1081.0108  DIHED      =      1327.9188
 1-4 NB =       434.7815  1-4 EEL =      4605.1507  VDWAALS    =     12428.1498
 EELEC  =   -104727.5092  EHBOND  =         0.0000  RESTRAINT  =         0.0000
 ------------------------------------------------------------------------------


 NSTEP =     5000   TIME(PS) =      12.500  TEMP(K) =   297.08  PRESS =     0.0
 Etot   =    -51773.9147  EKtot   =     20440.0938  EPtot      =    -72214.0084
 BOND   =     12779.6823  ANGLE   =      1028.2546  DIHED      =      1299.8439
 1-4 NB =       437.4678  1-4 EEL =      4612.3396  VDWAALS    =     12418.4956
 EELEC  =   -104790.0923  EHBOND  =         0.0000  RESTRAINT  =         0.0000
 ------------------------------------------------------------------------------


 NSTEP =     5500   TIME(PS) =      12.750  TEMP(K) =   300.86  PRESS =     0.0
 Etot   =    -51701.5090  EKtot   =     20699.9492  EPtot      =    -72401.4582
 BOND   =     12905.6887  ANGLE   =      1047.1808  DIHED      =      1315.6445
 1-4 NB =       466.4353  1-4 EEL =      4584.9746  VDWAALS    =     12527.3271
 EELEC  =   -105248.7091  EHBOND  =         0.0000  RESTRAINT  =         0.0000
 ------------------------------------------------------------------------------


 NSTEP =     6000   TIME(PS) =      13.000  TEMP(K) =   300.81  PRESS =     0.0
 Etot   =    -51682.7115  EKtot   =     20696.8027  EPtot      =    -72379.5142
 BOND   =     13050.8752  ANGLE   =      1034.6038  DIHED      =      1309.6993
 1-4 NB =       447.0398  1-4 EEL =      4643.0023  VDWAALS    =     12545.5643
 EELEC  =   -105410.2988  EHBOND  =         0.0000  RESTRAINT  =         0.0000
 ------------------------------------------------------------------------------


 NSTEP =     6500   TIME(PS) =      13.250  TEMP(K) =   298.71  PRESS =     0.0
 Etot   =    -51781.9298  EKtot   =     20551.8828  EPtot      =    -72333.8126
 BOND   =     12939.8819  ANGLE   =      1037.7765  DIHED      =      1306.1612
 1-4 NB =       435.2389  1-4 EEL =      4604.9197  VDWAALS    =     12573.4889
 EELEC  =   -105231.2797  EHBOND  =         0.0000  RESTRAINT  =         0.0000
 ------------------------------------------------------------------------------


 NSTEP =     7000   TIME(PS) =      13.500  TEMP(K) =   301.41  PRESS =     0.0
 Etot   =    -51810.6391  EKtot   =     20737.5605  EPtot      =    -72548.1996
 BOND   =     12814.2012  ANGLE   =      1071.6176  DIHED      =      1304.1542
 1-4 NB =       421.6088  1-4 EEL =      4587.1347  VDWAALS    =     12598.9183
 EELEC  =   -105345.8343  EHBOND  =         0.0000  RESTRAINT  =         0.0000
 ------------------------------------------------------------------------------


 NSTEP =     7500   TIME(PS) =      13.750  TEMP(K) =   300.31  PRESS =     0.0
 Etot   =    -52003.7125  EKtot   =     20662.3398  EPtot      =    -72666.0524
 BOND   =     12980.9102  ANGLE   =      1050.4511  DIHED      =      1321.3583
 1-4 NB =       438.5552  1-4 EEL =      4604.0351  VDWAALS    =     12805.7867
 EELEC  =   -105867.1489  EHBOND  =         0.0000  RESTRAINT  =         0.0000
 ------------------------------------------------------------------------------


 NSTEP =     8000   TIME(PS) =      14.000  TEMP(K) =   300.41  PRESS =     0.0
 Etot   =    -51938.2361  EKtot   =     20669.2207  EPtot      =    -72607.4568
 BOND   =     12887.8122  ANGLE   =      1024.0872  DIHED      =      1336.8227
 1-4 NB =       434.4124  1-4 EEL =      4580.5096  VDWAALS    =     12737.8440
 EELEC  =   -105608.9448  EHBOND  =         0.0000  RESTRAINT  =         0.0000
 ------------------------------------------------------------------------------


 NSTEP =     8500   TIME(PS) =      14.250  TEMP(K) =   301.67  PRESS =     0.0
 Etot   =    -51740.5965  EKtot   =     20755.7402  EPtot      =    -72496.3368
 BOND   =     12875.4207  ANGLE   =      1043.2693  DIHED      =      1296.1091
 1-4 NB =       446.2578  1-4 EEL =      4625.1380  VDWAALS    =     12716.7694
 EELEC  =   -105499.3010  EHBOND  =         0.0000  RESTRAINT  =         0.0000
 ------------------------------------------------------------------------------


 NSTEP =     9000   TIME(PS) =      14.500  TEMP(K) =   301.47  PRESS =     0.0
 Etot   =    -51823.9735  EKtot   =     20741.8516  EPtot      =    -72565.8251
 BOND   =     12766.9500  ANGLE   =      1059.7950  DIHED      =      1306.5567
 1-4 NB =       437.7467  1-4 EEL =      4631.6537  VDWAALS    =     12504.2897
 EELEC  =   -105272.8169  EHBOND  =         0.0000  RESTRAINT  =         0.0000
 ------------------------------------------------------------------------------


 NSTEP =     9500   TIME(PS) =      14.750  TEMP(K) =   301.69  PRESS =     0.0
 Etot   =    -51742.6013  EKtot   =     20757.1602  EPtot      =    -72499.7614
 BOND   =     12746.5387  ANGLE   =      1057.0625  DIHED      =      1330.8579
 1-4 NB =       430.4751  1-4 EEL =      4617.8783  VDWAALS    =     12659.2032
 EELEC  =   -105341.7770  EHBOND  =         0.0000  RESTRAINT  =         0.0000
 ------------------------------------------------------------------------------


 NSTEP =    10000   TIME(PS) =      15.000  TEMP(K) =   300.42  PRESS =     0.0
 Etot   =    -51891.9456  EKtot   =     20669.5566  EPtot      =    -72561.5022
 BOND   =     12812.9716  ANGLE   =      1022.3650  DIHED      =      1318.1903
 1-4 NB =       429.6614  1-4 EEL =      4587.0711  VDWAALS    =     12838.6699
 EELEC  =   -105570.4316  EHBOND  =         0.0000  RESTRAINT  =         0.0000
 ------------------------------------------------------------------------------


 NSTEP =    10500   TIME(PS) =      15.250  TEMP(K) =   299.53  PRESS =     0.0
 Etot   =    -52023.2730  EKtot   =     20608.7617  EPtot      =    -72632.0347
 BOND   =     12636.6260  ANGLE   =      1074.4689  DIHED      =      1313.0738
 1-4 NB =       437.2165  1-4 EEL =      4578.3751  VDWAALS    =     12786.3033
 EELEC  =   -105458.0982  EHBOND  =         0.0000  RESTRAINT  =         0.0000
 ------------------------------------------------------------------------------


 NSTEP =    11000   TIME(PS) =      15.500  TEMP(K) =   298.90  PRESS =     0.0
 Etot   =    -52102.6505  EKtot   =     20565.0820  EPtot      =    -72667.7325
 BOND   =     12720.9178  ANGLE   =      1060.3867  DIHED      =      1303.9734
 1-4 NB =       434.8495  1-4 EEL =      4621.9261  VDWAALS    =     12594.3196
 EELEC  =   -105404.1057  EHBOND  =         0.0000  RESTRAINT  =         0.0000
 ------------------------------------------------------------------------------


 NSTEP =    11500   TIME(PS) =      15.750  TEMP(K) =   299.52  PRESS =     0.0
 Etot   =    -52110.5681  EKtot   =     20607.8047  EPtot      =    -72718.3728
 BOND   =     12875.0638  ANGLE   =      1099.6260  DIHED      =      1318.1775
 1-4 NB =       446.7581  1-4 EEL =      4575.9043  VDWAALS    =     12914.7354
 EELEC  =   -105948.6378  EHBOND  =         0.0000  RESTRAINT  =         0.0000
 ------------------------------------------------------------------------------


 NSTEP =    12000   TIME(PS) =      16.000  TEMP(K) =   299.07  PRESS =     0.0
 Etot   =    -52064.9448  EKtot   =     20577.0859  EPtot      =    -72642.0307
 BOND   =     12809.4203  ANGLE   =      1040.2968  DIHED      =      1308.2875
 1-4 NB =       421.4754  1-4 EEL =      4609.0535  VDWAALS    =     12654.1039
 EELEC  =   -105484.6680  EHBOND  =         0.0000  RESTRAINT  =         0.0000
 ------------------------------------------------------------------------------


 NSTEP =    12500   TIME(PS) =      16.250  TEMP(K) =   296.08  PRESS =     0.0
 Etot   =    -52238.5860  EKtot   =     20370.9746  EPtot      =    -72609.5606
 BOND   =     12804.6159  ANGLE   =      1057.9367  DIHED      =      1300.2572
 1-4 NB =       441.1345  1-4 EEL =      4572.6260  VDWAALS    =     12891.7630
 EELEC  =   -105677.8938  EHBOND  =         0.0000  RESTRAINT  =         0.0000
 ------------------------------------------------------------------------------


 NSTEP =    13000   TIME(PS) =      16.500  TEMP(K) =   300.52  PRESS =     0.0
 Etot   =    -52101.9122  EKtot   =     20676.7539  EPtot      =    -72778.6661
 BOND   =     12861.3859  ANGLE   =      1034.6504  DIHED      =      1317.1405
 1-4 NB =       436.2313  1-4 EEL =      4619.1610  VDWAALS    =     12730.6140
 EELEC  =   -105777.8493  EHBOND  =         0.0000  RESTRAINT  =         0.0000
 ------------------------------------------------------------------------------


 NSTEP =    13500   TIME(PS) =      16.750  TEMP(K) =   299.92  PRESS =     0.0
 Etot   =    -52115.6020  EKtot   =     20635.5645  EPtot      =    -72751.1664
 BOND   =     12917.4165  ANGLE   =      1051.8476  DIHED      =      1292.2016
 1-4 NB =       446.3503  1-4 EEL =      4661.7729  VDWAALS    =     13082.8532
 EELEC  =   -106203.6085  EHBOND  =         0.0000  RESTRAINT  =         0.0000
 ------------------------------------------------------------------------------


 NSTEP =    14000   TIME(PS) =      17.000  TEMP(K) =   300.72  PRESS =     0.0
 Etot   =    -52184.9562  EKtot   =     20690.2051  EPtot      =    -72875.1613
 BOND   =     12705.0842  ANGLE   =      1063.1183  DIHED      =      1297.9326
 1-4 NB =       444.6446  1-4 EEL =      4648.6319  VDWAALS    =     12780.6977
 EELEC  =   -105815.2706  EHBOND  =         0.0000  RESTRAINT  =         0.0000
 ------------------------------------------------------------------------------


 NSTEP =    14500   TIME(PS) =      17.250  TEMP(K) =   300.13  PRESS =     0.0
 Etot   =    -51945.9615  EKtot   =     20649.4336  EPtot      =    -72595.3951
 BOND   =     12770.7013  ANGLE   =      1066.2506  DIHED      =      1314.1260
 1-4 NB =       430.3201  1-4 EEL =      4640.2884  VDWAALS    =     12698.6965
 EELEC  =   -105515.7780  EHBOND  =         0.0000  RESTRAINT  =         0.0000
 ------------------------------------------------------------------------------


 NSTEP =    15000   TIME(PS) =      17.500  TEMP(K) =   299.43  PRESS =     0.0
 Etot   =    -51977.5533  EKtot   =     20601.7773  EPtot      =    -72579.3307
 BOND   =     12692.6677  ANGLE   =      1026.4957  DIHED      =      1316.7567
 1-4 NB =       448.8213  1-4 EEL =      4642.2115  VDWAALS    =     12803.5295
 EELEC  =   -105509.8131  EHBOND  =         0.0000  RESTRAINT  =         0.0000
 ------------------------------------------------------------------------------


 NSTEP =    15500   TIME(PS) =      17.750  TEMP(K) =   300.76  PRESS =     0.0
 Etot   =    -51854.3336  EKtot   =     20693.2793  EPtot      =    -72547.6129
 BOND   =     12818.9246  ANGLE   =      1038.3796  DIHED      =      1309.1840
 1-4 NB =       439.3571  1-4 EEL =      4649.0564  VDWAALS    =     12441.4621
 EELEC  =   -105243.9766  EHBOND  =         0.0000  RESTRAINT  =         0.0000
 ------------------------------------------------------------------------------


 NSTEP =    16000   TIME(PS) =      18.000  TEMP(K) =   302.36  PRESS =     0.0
 Etot   =    -51787.3932  EKtot   =     20802.9102  EPtot      =    -72590.3033
 BOND   =     12707.1017  ANGLE   =      1031.0711  DIHED      =      1304.2764
 1-4 NB =       428.2773  1-4 EEL =      4659.8157  VDWAALS    =     12514.5041
 EELEC  =   -105235.3496  EHBOND  =         0.0000  RESTRAINT  =         0.0000
 ------------------------------------------------------------------------------


 NSTEP =    16500   TIME(PS) =      18.250  TEMP(K) =   303.15  PRESS =     0.0
 Etot   =    -51756.7541  EKtot   =     20857.4785  EPtot      =    -72614.2326
 BOND   =     13001.3836  ANGLE   =      1045.1069  DIHED      =      1312.9798
 1-4 NB =       438.1041  1-4 EEL =      4595.4650  VDWAALS    =     12685.5844
 EELEC  =   -105692.8564  EHBOND  =         0.0000  RESTRAINT  =         0.0000
 ------------------------------------------------------------------------------


 NSTEP =    17000   TIME(PS) =      18.500  TEMP(K) =   301.47  PRESS =     0.0
 Etot   =    -51884.2179  EKtot   =     20741.7285  EPtot      =    -72625.9464
 BOND   =     12860.5493  ANGLE   =      1053.4968  DIHED      =      1307.7008
 1-4 NB =       423.4786  1-4 EEL =      4580.8280  VDWAALS    =     12630.8762
 EELEC  =   -105482.8761  EHBOND  =         0.0000  RESTRAINT  =         0.0000
 ------------------------------------------------------------------------------


 NSTEP =    17500   TIME(PS) =      18.750  TEMP(K) =   297.98  PRESS =     0.0
 Etot   =    -51888.1145  EKtot   =     20501.6230  EPtot      =    -72389.7375
 BOND   =     12704.6759  ANGLE   =      1045.3854  DIHED      =      1320.0784
 1-4 NB =       453.0567  1-4 EEL =      4638.4742  VDWAALS    =     12643.2522
 EELEC  =   -105194.6604  EHBOND  =         0.0000  RESTRAINT  =         0.0000
 ------------------------------------------------------------------------------


 NSTEP =    18000   TIME(PS) =      19.000  TEMP(K) =   299.31  PRESS =     0.0
 Etot   =    -51945.1676  EKtot   =     20593.5918  EPtot      =    -72538.7594
 BOND   =     12974.2667  ANGLE   =      1061.3754  DIHED      =      1308.1611
 1-4 NB =       437.6549  1-4 EEL =      4623.8787  VDWAALS    =     12752.6695
 EELEC  =   -105696.7658  EHBOND  =         0.0000  RESTRAINT  =         0.0000
 ------------------------------------------------------------------------------


 NSTEP =    18500   TIME(PS) =      19.250  TEMP(K) =   302.94  PRESS =     0.0
 Etot   =    -51781.4007  EKtot   =     20843.3281  EPtot      =    -72624.7289
 BOND   =     12861.8302  ANGLE   =      1016.6472  DIHED      =      1334.3890
 1-4 NB =       440.5004  1-4 EEL =      4605.5947  VDWAALS    =     12673.7496
 EELEC  =   -105557.4400  EHBOND  =         0.0000  RESTRAINT  =         0.0000
 ------------------------------------------------------------------------------


 NSTEP =    19000   TIME(PS) =      19.500  TEMP(K) =   298.24  PRESS =     0.0
 Etot   =    -52032.5079  EKtot   =     20519.5098  EPtot      =    -72552.0176
 BOND   =     12879.4120  ANGLE   =      1049.2648  DIHED      =      1300.0229
 1-4 NB =       419.0891  1-4 EEL =      4569.2927  VDWAALS    =     12717.5832
 EELEC  =   -105486.6823  EHBOND  =         0.0000  RESTRAINT  =         0.0000
 ------------------------------------------------------------------------------


 NSTEP =    19500   TIME(PS) =      19.750  TEMP(K) =   300.60  PRESS =     0.0
 Etot   =    -52073.4404  EKtot   =     20681.8184  EPtot      =    -72755.2588
 BOND   =     12728.4390  ANGLE   =      1069.8702  DIHED      =      1311.4856
 1-4 NB =       428.9575  1-4 EEL =      4594.3977  VDWAALS    =     12759.1293
 EELEC  =   -105647.5381  EHBOND  =         0.0000  RESTRAINT  =         0.0000
 ------------------------------------------------------------------------------


 NSTEP =    20000   TIME(PS) =      20.000  TEMP(K) =   299.86  PRESS =     0.0
 Etot   =    -52069.3126  EKtot   =     20631.2266  EPtot      =    -72700.5391
 BOND   =     12927.5600  ANGLE   =      1042.4502  DIHED      =      1345.7019
 1-4 NB =       427.7112  1-4 EEL =      4595.2036  VDWAALS    =     12865.5748
 EELEC  =   -105904.7409  EHBOND  =         0.0000  RESTRAINT  =         0.0000
 ------------------------------------------------------------------------------


      A V E R A G E S   O V E R      40 S T E P S


 NSTEP =    20000   TIME(PS) =      20.000  TEMP(K) =   298.67  PRESS =     0.0
 Etot   =    -52005.1998  EKtot   =     20549.4153  EPtot      =    -72554.6151
 BOND   =     12540.8872  ANGLE   =      1043.4607  DIHED      =      1313.0035
 1-4 NB =       436.7608  1-4 EEL =      4612.2336  VDWAALS    =     12620.4101
 EELEC  =   -105121.3710  EHBOND  =         0.0000  RESTRAINT  =         0.0000
 ------------------------------------------------------------------------------


      R M S  F L U C T U A T I O N S


 NSTEP =    20000   TIME(PS) =      20.000  TEMP(K) =     5.75  PRESS =     0.0
 Etot   =       580.1790  EKtot   =       395.4338  EPtot      =       253.2960
 BOND   =       999.9041  ANGLE   =        23.1269  DIHED      =        12.2443
 1-4 NB =         9.3059  1-4 EEL =        24.5625  VDWAALS    =       207.1015
 EELEC  =      1048.5040  EHBOND  =         0.0000  RESTRAINT  =         0.0000
 ------------------------------------------------------------------------------

--------------------------------------------------------------------------------
   5.  TIMINGS
--------------------------------------------------------------------------------

|  NonSetup CPU Time in Major Routines:
|
|     Routine           Sec        %
|     ------------------------------
|     Nonbond           4.25   10.69
|     Bond              0.00    0.00
|     Angle             0.00    0.00
|     Dihedral          0.00    0.00
|     Shake             0.00    0.00
|     RunMD            35.47   89.20
|     Other             0.04    0.11
|     ------------------------------
|     Total            39.77

|  PME Nonbond Pairlist CPU Time:
|
|     Routine              Sec        %
|     ---------------------------------
|     Set Up Cit           0.00    0.00
|     Build List           0.00    0.00
|     ---------------------------------
|     Total                0.00    0.00

|  PME Direct Force CPU Time:
|
|     Routine              Sec        %
|     ---------------------------------
|     NonBonded Calc       0.00    0.00
|     Exclude Masked       0.00    0.00
|     Other                0.02    0.04
|     ---------------------------------
|     Total                0.02    0.04

|  PME Reciprocal Force CPU Time:
|
|     Routine              Sec        %
|     ---------------------------------
|     1D bspline           0.00    0.00
|     Grid Charges         0.00    0.00
|     Scalar Sum           0.00    0.00
|     Gradient Sum         0.00    0.00
|     FFT                  0.00    0.00
|     ---------------------------------
|     Total                0.00    0.00

|  Final Performance Info:
|     -----------------------------------------------------
|     Average timings for last   19500 steps:
|     Elapsed(s) =      40.81 Per Step(ms) =       2.09
|         ns/day =      20.64   seconds/ns =    4185.16
|
|     Average timings for all steps:
|     Elapsed(s) =      41.72 Per Step(ms) =       2.09
|         ns/day =      20.71   seconds/ns =    4172.37
|     -----------------------------------------------------

|  Setup CPU time:            2.81 seconds
|  NonSetup CPU time:        39.77 seconds
|  Total CPU time:           42.58 seconds     0.01 hours

|  Setup wall time:           3    seconds
|  NonSetup wall time:       42    seconds
|  Total wall time:          45    seconds     0.01 hours
