
          -------------------------------------------------------
          Amber 16 PMEMD                              2016
          -------------------------------------------------------

| PMEMD implementation of SANDER, Release 16

| Run on 08/24/2017 at 12:33:30

|   Executable path: /apps/amber16/bin/pmemd.cuda
| Working directory: /scratch/pbarletta/pdz/run/lb/neq/data/2
|          Hostname: mordor

  [-O]verwriting output

File Assignments:
|   MDIN: pdt.in                                                                
|  MDOUT: 177plb_2.out                                                          
| INPCRD: ../1/177plb_1.rst7                                                    
|   PARM: /scratch/pbarletta/pdz/top_files/lb.prmtop                            
| RESTRT: 177plb_2.rst7                                                         
|   REFC: refc                                                                  
|  MDVEL: mdvel                                                                 
|   MDEN: mden                                                                  
|  MDCRD: 177plb_2.nc                                                           
| MDINFO: mdinfo                                                                
|  MDFRC: mdfrc                                                                 


 Here is the input file:

!NVE run                                                                       
&cntrl                                                                         
imin = 0,                           ! No Minimization                          
nmropt = 0,                         ! No NMR restraints read                   
                                                                               
! Nature and format of the input                                               
ntx = 5,                            ! Coordinates and velocities will be read  
irest = 1,                          ! Restart simulation                       
                                                                               
! Nature and format of the output                                              
ioutfm = 1,			    ! NetCDF format for output files                             
ntxo = 1,                           ! rstrt file in ASCII format               
ntpr = 500,                         ! inf in output every ntpr steps           
ntwr = 500,                         ! rstrt file every ntwr steps              
ntwx = 20,                          ! mdcrd file every ntwx steps              
ntwv = -1,                          ! mdvel without velocities                 
ntwe = 0,                           ! Energies and temperatures not written in 
idecomp = 0,                        ! No energy decomposition                  
iwrap = 1,                          ! Coordinates of the restart and mdcrd file
                                                                               
! Frozen or restrained atoms                                                   
ibelly = 0,                         ! No frozen atoms                          
ntr=0,                              ! Harmonic potential restraints            
                                                                               
! Molecular dynamics                                                           
nstlim = 20000,                      ! Number of MD-steps                      
dt = 0.0005,                        ! Time step                                
                                                                               
! Temperature regulation                                                       
ntt = 3,                            ! Langevin thermostat                      
gamma_ln = 2,                       ! Gamma constant for Langevin              
temp0 = 300.0,                      ! Reference T at which the system is to be 
tempi = 300.0,                      ! Initial T                                
                                                                               
! P and V regulation                                                           
ntp = 0,                            ! No P control                             
ntb = 1,                            ! constant V                               
                                                                               
! SHAKE variables                                                              
ntc = 1,                            ! No SHAKE                                 
ntf = 1,                            ! Get E with allatom                       
                                                                               
cut = 9.0,                          ! Nonbonded cutoff                         
/                                                                              
&end                                                                           


Note: ig = -1. Setting random seed to   212249 based on wallclock time in 
      microseconds.
| irandom = 1, using AMBER's internal random number generator (default).
 
|--------------------- INFORMATION ----------------------
| GPU (CUDA) Version of PMEMD in use: NVIDIA GPU IN USE.
|                    Version 16.0.0
| 
|                      02/25/2016
| 
| Implementation by:
|                    Ross C. Walker     (SDSC)
|                    Scott Le Grand     (nVIDIA)
| 
| Precision model in use:
|      [SPFP] - Single Precision Forces, 64-bit Fixed Point
|               Accumulation. (Default)
| 
|--------------------------------------------------------
 
|----------------- CITATION INFORMATION -----------------
|
|    When publishing work that utilized the CUDA version
|    of AMBER, please cite the following in addition to
|    the regular AMBER citations:
|
|  - Romelia Salomon-Ferrer; Andreas W. Goetz; Duncan
|    Poole; Scott Le Grand; Ross C. Walker "Routine
|    microsecond molecular dynamics simulations with
|    AMBER - Part II: Particle Mesh Ewald", J. Chem.
|    Theory Comput., 2013, 9 (9), pp3878-3888,
|    DOI: 10.1021/ct400314y.
|
|  - Andreas W. Goetz; Mark J. Williamson; Dong Xu;
|    Duncan Poole; Scott Le Grand; Ross C. Walker
|    "Routine microsecond molecular dynamics simulations
|    with AMBER - Part I: Generalized Born", J. Chem.
|    Theory Comput., 2012, 8 (5), pp1542-1555.
|
|  - Scott Le Grand; Andreas W. Goetz; Ross C. Walker
|    "SPFP: Speed without compromise - a mixed precision
|    model for GPU accelerated molecular dynamics
|    simulations.", Comp. Phys. Comm., 2013, 184
|    pp374-380, DOI: 10.1016/j.cpc.2012.09.022
|
|--------------------------------------------------------
 
|------------------- GPU DEVICE INFO --------------------
|
|            CUDA_VISIBLE_DEVICES: 0
|   CUDA Capable Devices Detected:      1
|           CUDA Device ID in use:      0
|                CUDA Device Name: GeForce GTX TITAN
|     CUDA Device Global Mem Size:   6082 MB
| CUDA Device Num Multiprocessors:     14
|           CUDA Device Core Freq:   0.93 GHz
|
|--------------------------------------------------------
 
 
| Conditional Compilation Defines Used:
| PUBFFT
| BINTRAJ
| CUDA
| EMIL

| Largest sphere to fit in unit cell has radius =    26.281

| New format PARM file being parsed.
| Version =    1.000 Date = 09/04/12 Time = 16:08:43

| Note: 1-4 EEL scale factors are being read from the topology file.

| Note: 1-4 VDW scale factors are being read from the topology file.
| Duplicated    0 dihedrals

| Duplicated    0 dihedrals

--------------------------------------------------------------------------------
   1.  RESOURCE   USE: 
--------------------------------------------------------------------------------

 getting new box info from bottom of inpcrd
 NATOM  =   23082 NTYPES =      16 NBONH =   22055 MBONA  =    1038
 NTHETH =    2390 MTHETA =    1396 NPHIH =    4631 MPHIA  =    3488
 NHPARM =       0 NPARM  =       0 NNB   =   39434 NRES   =    7134
 NBONA  =    1038 NTHETA =    1396 NPHIA =    3488 NUMBND =      41
 NUMANG =      86 NPTRA  =      41 NATYP =      28 NPHB   =       1
 IFBOX  =       1 NMXRS  =      24 IFCAP =       0 NEXTRA =       0
 NCOPY  =       0

| Coordinate Index Table dimensions:    12   14   10
| Direct force subcell size =     5.0212    5.2012    5.2562

     BOX TYPE: RECTILINEAR

--------------------------------------------------------------------------------
   2.  CONTROL  DATA  FOR  THE  RUN
--------------------------------------------------------------------------------

default_name                                                                    

General flags:
     imin    =       0, nmropt  =       0

Nature and format of input:
     ntx     =       5, irest   =       1, ntrx    =       1

Nature and format of output:
     ntxo    =       1, ntpr    =     500, ntrx    =       1, ntwr    =     500
     iwrap   =       1, ntwx    =      20, ntwv    =      -1, ntwe    =       0
     ioutfm  =       1, ntwprt  =       0, idecomp =       0, rbornstat=      0

Potential function:
     ntf     =       1, ntb     =       1, igb     =       0, nsnb    =      25
     ipol    =       0, gbsa    =       0, iesp    =       0
     dielc   =   1.00000, cut     =   9.00000, intdiel =   1.00000

Frozen or restrained atoms:
     ibelly  =       0, ntr     =       0

Molecular dynamics:
     nstlim  =     20000, nscm    =      1000, nrespa  =         1
     t       =   0.00000, dt      =   0.00050, vlimit  =  -1.00000

Langevin dynamics temperature regulation:
     ig      =  212249
     temp0   = 300.00000, tempi   = 300.00000, gamma_ln=   2.00000

| Intermolecular bonds treatment:
|     no_intermolecular_bonds =       1

| Energy averages sample interval:
|     ene_avg_sampling =     500

Ewald parameters:
     verbose =       0, ew_type =       0, nbflag  =       1, use_pme =       1
     vdwmeth =       1, eedmeth =       1, netfrc  =       1
     Box X =   60.254   Box Y =   72.816   Box Z =   52.562
     Alpha =   90.000   Beta  =   90.000   Gamma =   90.000
     NFFT1 =   64       NFFT2 =   80       NFFT3 =   56
     Cutoff=    9.000   Tol   =0.100E-04
     Ewald Coefficient =  0.30768
     Interpolation order =    4

--------------------------------------------------------------------------------
   3.  ATOMIC COORDINATES AND VELOCITIES
--------------------------------------------------------------------------------

default_name                                                                    
 begin time read from input coords =    10.000 ps

 
 Number of triangulated 3-point waters found:     7002

     Sum of charges from parm topology file =  -0.00000008
     Forcing neutrality...

| Dynamic Memory, Types Used:
| Reals              710578
| Integers           737140

| Nonbonded Pairs Initial Allocation:     5262696

| GPU memory information (estimate):
| KB of GPU memory in use:    132483
| KB of CPU memory in use:     27891

--------------------------------------------------------------------------------
   4.  RESULTS
--------------------------------------------------------------------------------

 ---------------------------------------------------
 APPROXIMATING switch and d/dx switch using CUBIC SPLINE INTERPOLATION
 using   5000.0 points per unit in tabled values
 TESTING RELATIVE ERROR over r ranging from 0.0 to cutoff
| CHECK switch(x): max rel err =   0.2738E-14   at   2.422500
| CHECK d/dx switch(x): max rel err =   0.8314E-11   at   2.736960
 ---------------------------------------------------
|---------------------------------------------------
| APPROXIMATING direct energy using CUBIC SPLINE INTERPOLATION
|  with   50.0 points per unit in tabled values
| Relative Error Limit not exceeded for r .gt.   2.39
| APPROXIMATING direct force using CUBIC SPLINE INTERPOLATION
|  with   50.0 points per unit in tabled values
| Relative Error Limit not exceeded for r .gt.   2.84
|---------------------------------------------------

 NSTEP =      500   TIME(PS) =      10.250  TEMP(K) =   270.17  PRESS =     0.0
 Etot   =    -54972.8676  EKtot   =     18588.0410  EPtot      =    -73560.9086
 BOND   =      7075.6213  ANGLE   =       985.2155  DIHED      =      1326.5161
 1-4 NB =       438.5150  1-4 EEL =      4617.3754  VDWAALS    =     11725.5737
 EELEC  =    -99729.7256  EHBOND  =         0.0000  RESTRAINT  =         0.0000
 ------------------------------------------------------------------------------


 NSTEP =     1000   TIME(PS) =      10.500  TEMP(K) =   283.32  PRESS =     0.0
 Etot   =    -53276.6527  EKtot   =     19492.8125  EPtot      =    -72769.4652
 BOND   =     10208.1748  ANGLE   =       988.5727  DIHED      =      1328.2830
 1-4 NB =       447.9238  1-4 EEL =      4645.7059  VDWAALS    =     11882.8370
 EELEC  =   -102270.9624  EHBOND  =         0.0000  RESTRAINT  =         0.0000
 ------------------------------------------------------------------------------


 NSTEP =     1500   TIME(PS) =      10.750  TEMP(K) =   290.41  PRESS =     0.0
 Etot   =    -52603.4736  EKtot   =     19981.1348  EPtot      =    -72584.6083
 BOND   =     11489.0714  ANGLE   =      1043.3953  DIHED      =      1307.6520
 1-4 NB =       443.9306  1-4 EEL =      4651.6395  VDWAALS    =     12201.0798
 EELEC  =   -103721.3770  EHBOND  =         0.0000  RESTRAINT  =         0.0000
 ------------------------------------------------------------------------------


 NSTEP =     2000   TIME(PS) =      11.000  TEMP(K) =   295.24  PRESS =     0.0
 Etot   =    -52199.2063  EKtot   =     20313.5762  EPtot      =    -72512.7825
 BOND   =     11881.0190  ANGLE   =      1056.1534  DIHED      =      1305.5821
 1-4 NB =       460.8547  1-4 EEL =      4666.8759  VDWAALS    =     12354.6550
 EELEC  =   -104237.9226  EHBOND  =         0.0000  RESTRAINT  =         0.0000
 ------------------------------------------------------------------------------


 NSTEP =     2500   TIME(PS) =      11.250  TEMP(K) =   298.56  PRESS =     0.0
 Etot   =    -51859.4880  EKtot   =     20541.8398  EPtot      =    -72401.3278
 BOND   =     12302.8324  ANGLE   =       999.7467  DIHED      =      1320.5144
 1-4 NB =       454.0091  1-4 EEL =      4651.4505  VDWAALS    =     12535.2295
 EELEC  =   -104665.1105  EHBOND  =         0.0000  RESTRAINT  =         0.0000
 ------------------------------------------------------------------------------


 NSTEP =     3000   TIME(PS) =      11.500  TEMP(K) =   298.26  PRESS =     0.0
 Etot   =    -51881.6597  EKtot   =     20520.8867  EPtot      =    -72402.5464
 BOND   =     12328.5337  ANGLE   =      1024.8499  DIHED      =      1310.5981
 1-4 NB =       440.0717  1-4 EEL =      4627.5051  VDWAALS    =     12452.5856
 EELEC  =   -104586.6906  EHBOND  =         0.0000  RESTRAINT  =         0.0000
 ------------------------------------------------------------------------------


 NSTEP =     3500   TIME(PS) =      11.750  TEMP(K) =   300.40  PRESS =     0.0
 Etot   =    -51731.4885  EKtot   =     20668.2930  EPtot      =    -72399.7814
 BOND   =     12522.8507  ANGLE   =      1039.8847  DIHED      =      1312.0228
 1-4 NB =       436.7518  1-4 EEL =      4628.5798  VDWAALS    =     12550.6004
 EELEC  =   -104890.4715  EHBOND  =         0.0000  RESTRAINT  =         0.0000
 ------------------------------------------------------------------------------


 NSTEP =     4000   TIME(PS) =      12.000  TEMP(K) =   302.84  PRESS =     0.0
 Etot   =    -51619.1207  EKtot   =     20836.0742  EPtot      =    -72455.1949
 BOND   =     12592.6188  ANGLE   =      1015.6934  DIHED      =      1293.9847
 1-4 NB =       445.1155  1-4 EEL =      4635.4585  VDWAALS    =     12666.9768
 EELEC  =   -105105.0428  EHBOND  =         0.0000  RESTRAINT  =         0.0000
 ------------------------------------------------------------------------------


 NSTEP =     4500   TIME(PS) =      12.250  TEMP(K) =   302.13  PRESS =     0.0
 Etot   =    -51694.8094  EKtot   =     20787.0820  EPtot      =    -72481.8914
 BOND   =     12572.4622  ANGLE   =      1085.0870  DIHED      =      1321.3359
 1-4 NB =       447.4991  1-4 EEL =      4658.4700  VDWAALS    =     12917.9755
 EELEC  =   -105484.7213  EHBOND  =         0.0000  RESTRAINT  =         0.0000
 ------------------------------------------------------------------------------


 NSTEP =     5000   TIME(PS) =      12.500  TEMP(K) =   301.49  PRESS =     0.0
 Etot   =    -51566.5094  EKtot   =     20743.2109  EPtot      =    -72309.7204
 BOND   =     12767.5335  ANGLE   =      1040.0169  DIHED      =      1311.9060
 1-4 NB =       440.9086  1-4 EEL =      4629.0077  VDWAALS    =     12766.5485
 EELEC  =   -105265.6416  EHBOND  =         0.0000  RESTRAINT  =         0.0000
 ------------------------------------------------------------------------------


 NSTEP =     5500   TIME(PS) =      12.750  TEMP(K) =   301.76  PRESS =     0.0
 Etot   =    -51741.7700  EKtot   =     20761.7578  EPtot      =    -72503.5278
 BOND   =     12901.1251  ANGLE   =      1032.0985  DIHED      =      1316.8499
 1-4 NB =       430.4736  1-4 EEL =      4637.1938  VDWAALS    =     12722.2675
 EELEC  =   -105543.5362  EHBOND  =         0.0000  RESTRAINT  =         0.0000
 ------------------------------------------------------------------------------


 NSTEP =     6000   TIME(PS) =      13.000  TEMP(K) =   300.68  PRESS =     0.0
 Etot   =    -51763.0084  EKtot   =     20687.3633  EPtot      =    -72450.3717
 BOND   =     12856.7949  ANGLE   =      1074.2089  DIHED      =      1330.9028
 1-4 NB =       447.8646  1-4 EEL =      4585.9674  VDWAALS    =     12574.1590
 EELEC  =   -105320.2692  EHBOND  =         0.0000  RESTRAINT  =         0.0000
 ------------------------------------------------------------------------------


 NSTEP =     6500   TIME(PS) =      13.250  TEMP(K) =   300.14  PRESS =     0.0
 Etot   =    -51779.6304  EKtot   =     20650.4102  EPtot      =    -72430.0406
 BOND   =     12815.4804  ANGLE   =      1025.7910  DIHED      =      1310.4849
 1-4 NB =       451.9877  1-4 EEL =      4654.0655  VDWAALS    =     12943.9655
 EELEC  =   -105631.8156  EHBOND  =         0.0000  RESTRAINT  =         0.0000
 ------------------------------------------------------------------------------


 NSTEP =     7000   TIME(PS) =      13.500  TEMP(K) =   299.27  PRESS =     0.0
 Etot   =    -52024.7538  EKtot   =     20590.4492  EPtot      =    -72615.2030
 BOND   =     12854.9982  ANGLE   =      1053.2564  DIHED      =      1312.3091
 1-4 NB =       445.0221  1-4 EEL =      4639.1934  VDWAALS    =     12584.1856
 EELEC  =   -105504.1678  EHBOND  =         0.0000  RESTRAINT  =         0.0000
 ------------------------------------------------------------------------------


 NSTEP =     7500   TIME(PS) =      13.750  TEMP(K) =   301.00  PRESS =     0.0
 Etot   =    -51939.0875  EKtot   =     20709.7324  EPtot      =    -72648.8199
 BOND   =     12718.1135  ANGLE   =      1012.1615  DIHED      =      1313.0958
 1-4 NB =       453.5192  1-4 EEL =      4652.9312  VDWAALS    =     12688.8015
 EELEC  =   -105487.4426  EHBOND  =         0.0000  RESTRAINT  =         0.0000
 ------------------------------------------------------------------------------


 NSTEP =     8000   TIME(PS) =      14.000  TEMP(K) =   300.32  PRESS =     0.0
 Etot   =    -51808.4046  EKtot   =     20663.0215  EPtot      =    -72471.4261
 BOND   =     12893.3551  ANGLE   =       985.7051  DIHED      =      1324.9819
 1-4 NB =       451.3217  1-4 EEL =      4638.5014  VDWAALS    =     12699.7870
 EELEC  =   -105465.0782  EHBOND  =         0.0000  RESTRAINT  =         0.0000
 ------------------------------------------------------------------------------


 NSTEP =     8500   TIME(PS) =      14.250  TEMP(K) =   300.64  PRESS =     0.0
 Etot   =    -51817.6512  EKtot   =     20684.9297  EPtot      =    -72502.5809
 BOND   =     12792.4605  ANGLE   =      1074.3187  DIHED      =      1322.6183
 1-4 NB =       431.0437  1-4 EEL =      4620.4495  VDWAALS    =     12739.3786
 EELEC  =   -105482.8504  EHBOND  =         0.0000  RESTRAINT  =         0.0000
 ------------------------------------------------------------------------------


 NSTEP =     9000   TIME(PS) =      14.500  TEMP(K) =   301.37  PRESS =     0.0
 Etot   =    -51900.1192  EKtot   =     20734.7383  EPtot      =    -72634.8575
 BOND   =     12773.5755  ANGLE   =      1055.3493  DIHED      =      1306.7118
 1-4 NB =       433.4108  1-4 EEL =      4638.4045  VDWAALS    =     12580.2216
 EELEC  =   -105422.5309  EHBOND  =         0.0000  RESTRAINT  =         0.0000
 ------------------------------------------------------------------------------


 NSTEP =     9500   TIME(PS) =      14.750  TEMP(K) =   299.34  PRESS =     0.0
 Etot   =    -52043.8848  EKtot   =     20595.3008  EPtot      =    -72639.1856
 BOND   =     12846.9453  ANGLE   =      1023.9473  DIHED      =      1309.8857
 1-4 NB =       420.3445  1-4 EEL =      4592.7986  VDWAALS    =     12638.1717
 EELEC  =   -105471.2787  EHBOND  =         0.0000  RESTRAINT  =         0.0000
 ------------------------------------------------------------------------------


 NSTEP =    10000   TIME(PS) =      15.000  TEMP(K) =   303.00  PRESS =     0.0
 Etot   =    -52033.6726  EKtot   =     20847.2402  EPtot      =    -72880.9128
 BOND   =     12476.8509  ANGLE   =      1044.1234  DIHED      =      1313.5223
 1-4 NB =       436.5800  1-4 EEL =      4627.6424  VDWAALS    =     12666.3084
 EELEC  =   -105445.9402  EHBOND  =         0.0000  RESTRAINT  =         0.0000
 ------------------------------------------------------------------------------


 NSTEP =    10500   TIME(PS) =      15.250  TEMP(K) =   300.89  PRESS =     0.0
 Etot   =    -51826.8892  EKtot   =     20701.7500  EPtot      =    -72528.6392
 BOND   =     12574.8640  ANGLE   =      1045.3463  DIHED      =      1322.4464
 1-4 NB =       450.9959  1-4 EEL =      4640.0250  VDWAALS    =     12846.8960
 EELEC  =   -105409.2128  EHBOND  =         0.0000  RESTRAINT  =         0.0000
 ------------------------------------------------------------------------------


 NSTEP =    11000   TIME(PS) =      15.500  TEMP(K) =   299.73  PRESS =     0.0
 Etot   =    -51835.0288  EKtot   =     20621.8535  EPtot      =    -72456.8824
 BOND   =     12824.1229  ANGLE   =      1049.7908  DIHED      =      1321.8873
 1-4 NB =       446.8628  1-4 EEL =      4648.3766  VDWAALS    =     12707.9430
 EELEC  =   -105455.8658  EHBOND  =         0.0000  RESTRAINT  =         0.0000
 ------------------------------------------------------------------------------


 NSTEP =    11500   TIME(PS) =      15.750  TEMP(K) =   298.20  PRESS =     0.0
 Etot   =    -52162.7292  EKtot   =     20516.9199  EPtot      =    -72679.6491
 BOND   =     12680.6947  ANGLE   =       985.5462  DIHED      =      1305.5104
 1-4 NB =       447.5239  1-4 EEL =      4596.9454  VDWAALS    =     12606.7506
 EELEC  =   -105302.6202  EHBOND  =         0.0000  RESTRAINT  =         0.0000
 ------------------------------------------------------------------------------


 NSTEP =    12000   TIME(PS) =      16.000  TEMP(K) =   298.08  PRESS =     0.0
 Etot   =    -52201.6972  EKtot   =     20508.4902  EPtot      =    -72710.1874
 BOND   =     12608.2216  ANGLE   =       999.4892  DIHED      =      1327.6026
 1-4 NB =       434.0216  1-4 EEL =      4661.6831  VDWAALS    =     12833.1695
 EELEC  =   -105574.3751  EHBOND  =         0.0000  RESTRAINT  =         0.0000
 ------------------------------------------------------------------------------


 NSTEP =    12500   TIME(PS) =      16.250  TEMP(K) =   301.71  PRESS =     0.0
 Etot   =    -52048.0766  EKtot   =     20758.7363  EPtot      =    -72806.8129
 BOND   =     12689.5116  ANGLE   =      1029.9703  DIHED      =      1299.7400
 1-4 NB =       435.9928  1-4 EEL =      4642.8505  VDWAALS    =     13023.2342
 EELEC  =   -105928.1123  EHBOND  =         0.0000  RESTRAINT  =         0.0000
 ------------------------------------------------------------------------------


 NSTEP =    13000   TIME(PS) =      16.500  TEMP(K) =   299.59  PRESS =     0.0
 Etot   =    -52161.7834  EKtot   =     20612.8457  EPtot      =    -72774.6291
 BOND   =     12646.9831  ANGLE   =      1038.2899  DIHED      =      1326.2036
 1-4 NB =       470.4535  1-4 EEL =      4637.2302  VDWAALS    =     12895.8100
 EELEC  =   -105789.5994  EHBOND  =         0.0000  RESTRAINT  =         0.0000
 ------------------------------------------------------------------------------


 NSTEP =    13500   TIME(PS) =      16.750  TEMP(K) =   300.01  PRESS =     0.0
 Etot   =    -52090.9425  EKtot   =     20641.2051  EPtot      =    -72732.1476
 BOND   =     12846.0137  ANGLE   =      1042.5089  DIHED      =      1326.1353
 1-4 NB =       434.4975  1-4 EEL =      4628.5467  VDWAALS    =     12726.0950
 EELEC  =   -105735.9447  EHBOND  =         0.0000  RESTRAINT  =         0.0000
 ------------------------------------------------------------------------------


 NSTEP =    14000   TIME(PS) =      17.000  TEMP(K) =   301.23  PRESS =     0.0
 Etot   =    -52126.4949  EKtot   =     20725.3379  EPtot      =    -72851.8327
 BOND   =     12792.9085  ANGLE   =       994.6637  DIHED      =      1326.3915
 1-4 NB =       454.0202  1-4 EEL =      4644.5820  VDWAALS    =     12906.3598
 EELEC  =   -105970.7585  EHBOND  =         0.0000  RESTRAINT  =         0.0000
 ------------------------------------------------------------------------------


 NSTEP =    14500   TIME(PS) =      17.250  TEMP(K) =   297.67  PRESS =     0.0
 Etot   =    -52133.0212  EKtot   =     20480.6074  EPtot      =    -72613.6286
 BOND   =     12934.9746  ANGLE   =      1058.8559  DIHED      =      1324.3720
 1-4 NB =       449.3155  1-4 EEL =      4623.4443  VDWAALS    =     12957.9451
 EELEC  =   -105962.5360  EHBOND  =         0.0000  RESTRAINT  =         0.0000
 ------------------------------------------------------------------------------


 NSTEP =    15000   TIME(PS) =      17.500  TEMP(K) =   300.32  PRESS =     0.0
 Etot   =    -52158.3568  EKtot   =     20662.9004  EPtot      =    -72821.2572
 BOND   =     12780.5379  ANGLE   =      1018.0991  DIHED      =      1304.4572
 1-4 NB =       430.2459  1-4 EEL =      4630.0828  VDWAALS    =     12953.9244
 EELEC  =   -105938.6043  EHBOND  =         0.0000  RESTRAINT  =         0.0000
 ------------------------------------------------------------------------------


 NSTEP =    15500   TIME(PS) =      17.750  TEMP(K) =   300.22  PRESS =     0.0
 Etot   =    -52027.1093  EKtot   =     20655.9629  EPtot      =    -72683.0722
 BOND   =     12704.6174  ANGLE   =      1044.8064  DIHED      =      1311.2959
 1-4 NB =       447.1661  1-4 EEL =      4641.0677  VDWAALS    =     12983.5053
 EELEC  =   -105815.5309  EHBOND  =         0.0000  RESTRAINT  =         0.0000
 ------------------------------------------------------------------------------


 NSTEP =    16000   TIME(PS) =      18.000  TEMP(K) =   299.73  PRESS =     0.0
 Etot   =    -52056.4651  EKtot   =     20622.3984  EPtot      =    -72678.8635
 BOND   =     12701.3284  ANGLE   =      1024.6806  DIHED      =      1319.0880
 1-4 NB =       454.3036  1-4 EEL =      4659.2569  VDWAALS    =     12553.0749
 EELEC  =   -105390.5960  EHBOND  =         0.0000  RESTRAINT  =         0.0000
 ------------------------------------------------------------------------------


 NSTEP =    16500   TIME(PS) =      18.250  TEMP(K) =   298.94  PRESS =     0.0
 Etot   =    -52116.1715  EKtot   =     20568.0312  EPtot      =    -72684.2028
 BOND   =     12778.2171  ANGLE   =      1093.3205  DIHED      =      1332.0561
 1-4 NB =       440.9184  1-4 EEL =      4639.2651  VDWAALS    =     12694.9439
 EELEC  =   -105662.9238  EHBOND  =         0.0000  RESTRAINT  =         0.0000
 ------------------------------------------------------------------------------


 NSTEP =    17000   TIME(PS) =      18.500  TEMP(K) =   300.67  PRESS =     0.0
 Etot   =    -52044.9297  EKtot   =     20687.0293  EPtot      =    -72731.9590
 BOND   =     12942.9765  ANGLE   =      1061.3791  DIHED      =      1304.4660
 1-4 NB =       433.0199  1-4 EEL =      4606.8621  VDWAALS    =     12802.5912
 EELEC  =   -105883.2539  EHBOND  =         0.0000  RESTRAINT  =         0.0000
 ------------------------------------------------------------------------------


 NSTEP =    17500   TIME(PS) =      18.750  TEMP(K) =   301.67  PRESS =     0.0
 Etot   =    -52043.3895  EKtot   =     20755.6465  EPtot      =    -72799.0360
 BOND   =     12865.2473  ANGLE   =      1016.9515  DIHED      =      1316.4103
 1-4 NB =       437.3503  1-4 EEL =      4671.9730  VDWAALS    =     12881.9826
 EELEC  =   -105988.9510  EHBOND  =         0.0000  RESTRAINT  =         0.0000
 ------------------------------------------------------------------------------


 NSTEP =    18000   TIME(PS) =      19.000  TEMP(K) =   297.05  PRESS =     0.0
 Etot   =    -52230.3270  EKtot   =     20437.7305  EPtot      =    -72668.0574
 BOND   =     12862.7013  ANGLE   =      1057.7143  DIHED      =      1307.4627
 1-4 NB =       445.8935  1-4 EEL =      4648.7453  VDWAALS    =     12619.2123
 EELEC  =   -105609.7868  EHBOND  =         0.0000  RESTRAINT  =         0.0000
 ------------------------------------------------------------------------------


 NSTEP =    18500   TIME(PS) =      19.250  TEMP(K) =   297.59  PRESS =     0.0
 Etot   =    -52217.9648  EKtot   =     20474.7617  EPtot      =    -72692.7265
 BOND   =     12694.8978  ANGLE   =      1060.2412  DIHED      =      1319.5377
 1-4 NB =       440.9992  1-4 EEL =      4613.3915  VDWAALS    =     12664.2694
 EELEC  =   -105486.0632  EHBOND  =         0.0000  RESTRAINT  =         0.0000
 ------------------------------------------------------------------------------


 NSTEP =    19000   TIME(PS) =      19.500  TEMP(K) =   298.03  PRESS =     0.0
 Etot   =    -52413.9151  EKtot   =     20505.1855  EPtot      =    -72919.1006
 BOND   =     12696.8826  ANGLE   =      1030.0323  DIHED      =      1292.3238
 1-4 NB =       450.9735  1-4 EEL =      4613.2131  VDWAALS    =     13000.6609
 EELEC  =   -106003.1868  EHBOND  =         0.0000  RESTRAINT  =         0.0000
 ------------------------------------------------------------------------------


 NSTEP =    19500   TIME(PS) =      19.750  TEMP(K) =   297.79  PRESS =     0.0
 Etot   =    -52374.6243  EKtot   =     20488.9883  EPtot      =    -72863.6126
 BOND   =     12870.3872  ANGLE   =      1032.1583  DIHED      =      1320.2552
 1-4 NB =       438.2884  1-4 EEL =      4617.0934  VDWAALS    =     13078.9072
 EELEC  =   -106220.7022  EHBOND  =         0.0000  RESTRAINT  =         0.0000
 ------------------------------------------------------------------------------


 NSTEP =    20000   TIME(PS) =      20.000  TEMP(K) =   298.17  PRESS =     0.0
 Etot   =    -52366.6340  EKtot   =     20515.1543  EPtot      =    -72881.7883
 BOND   =     12793.7556  ANGLE   =      1049.0912  DIHED      =      1298.1625
 1-4 NB =       440.5949  1-4 EEL =      4653.7123  VDWAALS    =     13104.3183
 EELEC  =   -106221.4232  EHBOND  =         0.0000  RESTRAINT  =         0.0000
 ------------------------------------------------------------------------------


      A V E R A G E S   O V E R      40 S T E P S


 NSTEP =    20000   TIME(PS) =      20.000  TEMP(K) =   298.44  PRESS =     0.0
 Etot   =    -52122.3452  EKtot   =     20533.4857  EPtot      =    -72655.8310
 BOND   =     12474.0065  ANGLE   =      1034.8128  DIHED      =      1315.1391
 1-4 NB =       443.5146  1-4 EEL =      4635.4391  VDWAALS    =     12693.3225
 EELEC  =   -105252.0656  EHBOND  =         0.0000  RESTRAINT  =         0.0000
 ------------------------------------------------------------------------------


      R M S  F L U C T U A T I O N S


 NSTEP =    20000   TIME(PS) =      20.000  TEMP(K) =     5.64  PRESS =     0.0
 Etot   =       544.3220  EKtot   =       387.9590  EPtot      =       214.0311
 BOND   =       985.0528  ANGLE   =        26.9835  DIHED      =        10.0538
 1-4 NB =         9.4207  1-4 EEL =        19.4765  VDWAALS    =       281.6767
 EELEC  =      1129.5115  EHBOND  =         0.0000  RESTRAINT  =         0.0000
 ------------------------------------------------------------------------------

--------------------------------------------------------------------------------
   5.  TIMINGS
--------------------------------------------------------------------------------

|  NonSetup CPU Time in Major Routines:
|
|     Routine           Sec        %
|     ------------------------------
|     Nonbond           4.31   10.83
|     Bond              0.00    0.00
|     Angle             0.00    0.00
|     Dihedral          0.00    0.00
|     Shake             0.00    0.00
|     RunMD            35.44   89.04
|     Other             0.05    0.13
|     ------------------------------
|     Total            39.80

|  PME Nonbond Pairlist CPU Time:
|
|     Routine              Sec        %
|     ---------------------------------
|     Set Up Cit           0.00    0.00
|     Build List           0.00    0.00
|     ---------------------------------
|     Total                0.00    0.00

|  PME Direct Force CPU Time:
|
|     Routine              Sec        %
|     ---------------------------------
|     NonBonded Calc       0.00    0.00
|     Exclude Masked       0.00    0.00
|     Other                0.02    0.04
|     ---------------------------------
|     Total                0.02    0.04

|  PME Reciprocal Force CPU Time:
|
|     Routine              Sec        %
|     ---------------------------------
|     1D bspline           0.00    0.00
|     Grid Charges         0.00    0.00
|     Scalar Sum           0.00    0.00
|     Gradient Sum         0.00    0.00
|     FFT                  0.00    0.00
|     ---------------------------------
|     Total                0.00    0.00

|  Final Performance Info:
|     -----------------------------------------------------
|     Average timings for last   19500 steps:
|     Elapsed(s) =      42.15 Per Step(ms) =       2.16
|         ns/day =      19.99   seconds/ns =    4322.88
|
|     Average timings for all steps:
|     Elapsed(s) =      43.09 Per Step(ms) =       2.15
|         ns/day =      20.05   seconds/ns =    4309.20
|     -----------------------------------------------------

|  Setup CPU time:            2.63 seconds
|  NonSetup CPU time:        39.80 seconds
|  Total CPU time:           42.42 seconds     0.01 hours

|  Setup wall time:           3    seconds
|  NonSetup wall time:       43    seconds
|  Total wall time:          46    seconds     0.01 hours
