
          -------------------------------------------------------
          Amber 16 PMEMD                              2016
          -------------------------------------------------------

| PMEMD implementation of SANDER, Release 16

| Run on 08/24/2017 at 10:28:11

|   Executable path: /apps/amber16/bin/pmemd.cuda
| Working directory: /scratch/pbarletta/pdz/run/lb/neq/data/2
|          Hostname: mordor

  [-O]verwriting output

File Assignments:
|   MDIN: pdt.in                                                                
|  MDOUT: 17plb_2.out                                                           
| INPCRD: ../1/17plb_1.rst7                                                     
|   PARM: /scratch/pbarletta/pdz/top_files/lb.prmtop                            
| RESTRT: 17plb_2.rst7                                                          
|   REFC: refc                                                                  
|  MDVEL: mdvel                                                                 
|   MDEN: mden                                                                  
|  MDCRD: 17plb_2.nc                                                            
| MDINFO: mdinfo                                                                
|  MDFRC: mdfrc                                                                 


 Here is the input file:

!NVE run                                                                       
&cntrl                                                                         
imin = 0,                           ! No Minimization                          
nmropt = 0,                         ! No NMR restraints read                   
                                                                               
! Nature and format of the input                                               
ntx = 5,                            ! Coordinates and velocities will be read  
irest = 1,                          ! Restart simulation                       
                                                                               
! Nature and format of the output                                              
ioutfm = 1,			    ! NetCDF format for output files                             
ntxo = 1,                           ! rstrt file in ASCII format               
ntpr = 500,                         ! inf in output every ntpr steps           
ntwr = 500,                         ! rstrt file every ntwr steps              
ntwx = 20,                          ! mdcrd file every ntwx steps              
ntwv = -1,                          ! mdvel without velocities                 
ntwe = 0,                           ! Energies and temperatures not written in 
idecomp = 0,                        ! No energy decomposition                  
iwrap = 1,                          ! Coordinates of the restart and mdcrd file
                                                                               
! Frozen or restrained atoms                                                   
ibelly = 0,                         ! No frozen atoms                          
ntr=0,                              ! Harmonic potential restraints            
                                                                               
! Molecular dynamics                                                           
nstlim = 20000,                      ! Number of MD-steps                      
dt = 0.0005,                        ! Time step                                
                                                                               
! Temperature regulation                                                       
ntt = 3,                            ! Langevin thermostat                      
gamma_ln = 2,                       ! Gamma constant for Langevin              
temp0 = 300.0,                      ! Reference T at which the system is to be 
tempi = 300.0,                      ! Initial T                                
                                                                               
! P and V regulation                                                           
ntp = 0,                            ! No P control                             
ntb = 1,                            ! constant V                               
                                                                               
! SHAKE variables                                                              
ntc = 1,                            ! No SHAKE                                 
ntf = 1,                            ! Get E with allatom                       
                                                                               
cut = 9.0,                          ! Nonbonded cutoff                         
/                                                                              
&end                                                                           


Note: ig = -1. Setting random seed to   523467 based on wallclock time in 
      microseconds.
| irandom = 1, using AMBER's internal random number generator (default).
 
|--------------------- INFORMATION ----------------------
| GPU (CUDA) Version of PMEMD in use: NVIDIA GPU IN USE.
|                    Version 16.0.0
| 
|                      02/25/2016
| 
| Implementation by:
|                    Ross C. Walker     (SDSC)
|                    Scott Le Grand     (nVIDIA)
| 
| Precision model in use:
|      [SPFP] - Single Precision Forces, 64-bit Fixed Point
|               Accumulation. (Default)
| 
|--------------------------------------------------------
 
|----------------- CITATION INFORMATION -----------------
|
|    When publishing work that utilized the CUDA version
|    of AMBER, please cite the following in addition to
|    the regular AMBER citations:
|
|  - Romelia Salomon-Ferrer; Andreas W. Goetz; Duncan
|    Poole; Scott Le Grand; Ross C. Walker "Routine
|    microsecond molecular dynamics simulations with
|    AMBER - Part II: Particle Mesh Ewald", J. Chem.
|    Theory Comput., 2013, 9 (9), pp3878-3888,
|    DOI: 10.1021/ct400314y.
|
|  - Andreas W. Goetz; Mark J. Williamson; Dong Xu;
|    Duncan Poole; Scott Le Grand; Ross C. Walker
|    "Routine microsecond molecular dynamics simulations
|    with AMBER - Part I: Generalized Born", J. Chem.
|    Theory Comput., 2012, 8 (5), pp1542-1555.
|
|  - Scott Le Grand; Andreas W. Goetz; Ross C. Walker
|    "SPFP: Speed without compromise - a mixed precision
|    model for GPU accelerated molecular dynamics
|    simulations.", Comp. Phys. Comm., 2013, 184
|    pp374-380, DOI: 10.1016/j.cpc.2012.09.022
|
|--------------------------------------------------------
 
|------------------- GPU DEVICE INFO --------------------
|
|            CUDA_VISIBLE_DEVICES: 0
|   CUDA Capable Devices Detected:      1
|           CUDA Device ID in use:      0
|                CUDA Device Name: GeForce GTX TITAN
|     CUDA Device Global Mem Size:   6082 MB
| CUDA Device Num Multiprocessors:     14
|           CUDA Device Core Freq:   0.93 GHz
|
|--------------------------------------------------------
 
 
| Conditional Compilation Defines Used:
| PUBFFT
| BINTRAJ
| CUDA
| EMIL

| Largest sphere to fit in unit cell has radius =    26.281

| New format PARM file being parsed.
| Version =    1.000 Date = 09/04/12 Time = 16:08:43

| Note: 1-4 EEL scale factors are being read from the topology file.

| Note: 1-4 VDW scale factors are being read from the topology file.
| Duplicated    0 dihedrals

| Duplicated    0 dihedrals

--------------------------------------------------------------------------------
   1.  RESOURCE   USE: 
--------------------------------------------------------------------------------

 getting new box info from bottom of inpcrd
 NATOM  =   23082 NTYPES =      16 NBONH =   22055 MBONA  =    1038
 NTHETH =    2390 MTHETA =    1396 NPHIH =    4631 MPHIA  =    3488
 NHPARM =       0 NPARM  =       0 NNB   =   39434 NRES   =    7134
 NBONA  =    1038 NTHETA =    1396 NPHIA =    3488 NUMBND =      41
 NUMANG =      86 NPTRA  =      41 NATYP =      28 NPHB   =       1
 IFBOX  =       1 NMXRS  =      24 IFCAP =       0 NEXTRA =       0
 NCOPY  =       0

| Coordinate Index Table dimensions:    12   14   10
| Direct force subcell size =     5.0212    5.2012    5.2562

     BOX TYPE: RECTILINEAR

--------------------------------------------------------------------------------
   2.  CONTROL  DATA  FOR  THE  RUN
--------------------------------------------------------------------------------

default_name                                                                    

General flags:
     imin    =       0, nmropt  =       0

Nature and format of input:
     ntx     =       5, irest   =       1, ntrx    =       1

Nature and format of output:
     ntxo    =       1, ntpr    =     500, ntrx    =       1, ntwr    =     500
     iwrap   =       1, ntwx    =      20, ntwv    =      -1, ntwe    =       0
     ioutfm  =       1, ntwprt  =       0, idecomp =       0, rbornstat=      0

Potential function:
     ntf     =       1, ntb     =       1, igb     =       0, nsnb    =      25
     ipol    =       0, gbsa    =       0, iesp    =       0
     dielc   =   1.00000, cut     =   9.00000, intdiel =   1.00000

Frozen or restrained atoms:
     ibelly  =       0, ntr     =       0

Molecular dynamics:
     nstlim  =     20000, nscm    =      1000, nrespa  =         1
     t       =   0.00000, dt      =   0.00050, vlimit  =  -1.00000

Langevin dynamics temperature regulation:
     ig      =  523467
     temp0   = 300.00000, tempi   = 300.00000, gamma_ln=   2.00000

| Intermolecular bonds treatment:
|     no_intermolecular_bonds =       1

| Energy averages sample interval:
|     ene_avg_sampling =     500

Ewald parameters:
     verbose =       0, ew_type =       0, nbflag  =       1, use_pme =       1
     vdwmeth =       1, eedmeth =       1, netfrc  =       1
     Box X =   60.254   Box Y =   72.816   Box Z =   52.562
     Alpha =   90.000   Beta  =   90.000   Gamma =   90.000
     NFFT1 =   64       NFFT2 =   80       NFFT3 =   56
     Cutoff=    9.000   Tol   =0.100E-04
     Ewald Coefficient =  0.30768
     Interpolation order =    4

--------------------------------------------------------------------------------
   3.  ATOMIC COORDINATES AND VELOCITIES
--------------------------------------------------------------------------------

default_name                                                                    
 begin time read from input coords =    10.000 ps

 
 Number of triangulated 3-point waters found:     7002

     Sum of charges from parm topology file =  -0.00000008
     Forcing neutrality...

| Dynamic Memory, Types Used:
| Reals              710578
| Integers           737140

| Nonbonded Pairs Initial Allocation:     5262696

| GPU memory information (estimate):
| KB of GPU memory in use:    132483
| KB of CPU memory in use:     27891

--------------------------------------------------------------------------------
   4.  RESULTS
--------------------------------------------------------------------------------

 ---------------------------------------------------
 APPROXIMATING switch and d/dx switch using CUBIC SPLINE INTERPOLATION
 using   5000.0 points per unit in tabled values
 TESTING RELATIVE ERROR over r ranging from 0.0 to cutoff
| CHECK switch(x): max rel err =   0.2738E-14   at   2.422500
| CHECK d/dx switch(x): max rel err =   0.8314E-11   at   2.736960
 ---------------------------------------------------
|---------------------------------------------------
| APPROXIMATING direct energy using CUBIC SPLINE INTERPOLATION
|  with   50.0 points per unit in tabled values
| Relative Error Limit not exceeded for r .gt.   2.39
| APPROXIMATING direct force using CUBIC SPLINE INTERPOLATION
|  with   50.0 points per unit in tabled values
| Relative Error Limit not exceeded for r .gt.   2.84
|---------------------------------------------------

 NSTEP =      500   TIME(PS) =      10.250  TEMP(K) =   271.01  PRESS =     0.0
 Etot   =    -54678.5799  EKtot   =     18646.0488  EPtot      =    -73324.6287
 BOND   =      6899.6477  ANGLE   =       971.5468  DIHED      =      1313.7917
 1-4 NB =       458.4783  1-4 EEL =      4621.3576  VDWAALS    =     11789.2127
 EELEC  =    -99378.6636  EHBOND  =         0.0000  RESTRAINT  =         0.0000
 ------------------------------------------------------------------------------


 NSTEP =     1000   TIME(PS) =      10.500  TEMP(K) =   285.82  PRESS =     0.0
 Etot   =    -53151.9675  EKtot   =     19665.4629  EPtot      =    -72817.4304
 BOND   =     10158.7012  ANGLE   =       986.3162  DIHED      =      1296.4900
 1-4 NB =       449.4700  1-4 EEL =      4617.3733  VDWAALS    =     11840.2747
 EELEC  =   -102166.0558  EHBOND  =         0.0000  RESTRAINT  =         0.0000
 ------------------------------------------------------------------------------


 NSTEP =     1500   TIME(PS) =      10.750  TEMP(K) =   291.55  PRESS =     0.0
 Etot   =    -52266.1906  EKtot   =     20059.2793  EPtot      =    -72325.4699
 BOND   =     11402.3656  ANGLE   =       991.7970  DIHED      =      1319.0395
 1-4 NB =       452.9952  1-4 EEL =      4637.4547  VDWAALS    =     12311.3287
 EELEC  =   -103440.4505  EHBOND  =         0.0000  RESTRAINT  =         0.0000
 ------------------------------------------------------------------------------


 NSTEP =     2000   TIME(PS) =      11.000  TEMP(K) =   297.97  PRESS =     0.0
 Etot   =    -51828.7886  EKtot   =     20500.8418  EPtot      =    -72329.6304
 BOND   =     11927.3236  ANGLE   =      1001.3150  DIHED      =      1332.7222
 1-4 NB =       441.7920  1-4 EEL =      4629.5111  VDWAALS    =     12237.1704
 EELEC  =   -103899.4646  EHBOND  =         0.0000  RESTRAINT  =         0.0000
 ------------------------------------------------------------------------------


 NSTEP =     2500   TIME(PS) =      11.250  TEMP(K) =   299.82  PRESS =     0.0
 Etot   =    -51491.4472  EKtot   =     20628.1191  EPtot      =    -72119.5664
 BOND   =     12111.9527  ANGLE   =      1000.1404  DIHED      =      1337.1548
 1-4 NB =       456.7904  1-4 EEL =      4663.7464  VDWAALS    =     12577.5422
 EELEC  =   -104266.8933  EHBOND  =         0.0000  RESTRAINT  =         0.0000
 ------------------------------------------------------------------------------


 NSTEP =     3000   TIME(PS) =      11.500  TEMP(K) =   302.60  PRESS =     0.0
 Etot   =    -51214.2659  EKtot   =     20819.3926  EPtot      =    -72033.6585
 BOND   =     12536.5119  ANGLE   =      1030.3759  DIHED      =      1327.6951
 1-4 NB =       438.3000  1-4 EEL =      4626.4828  VDWAALS    =     12339.3180
 EELEC  =   -104332.3421  EHBOND  =         0.0000  RESTRAINT  =         0.0000
 ------------------------------------------------------------------------------


 NSTEP =     3500   TIME(PS) =      11.750  TEMP(K) =   303.07  PRESS =     0.0
 Etot   =    -51152.2884  EKtot   =     20852.3008  EPtot      =    -72004.5892
 BOND   =     12684.4561  ANGLE   =      1057.1330  DIHED      =      1347.7707
 1-4 NB =       463.4624  1-4 EEL =      4599.1509  VDWAALS    =     12307.4646
 EELEC  =   -104464.0270  EHBOND  =         0.0000  RESTRAINT  =         0.0000
 ------------------------------------------------------------------------------


 NSTEP =     4000   TIME(PS) =      12.000  TEMP(K) =   301.94  PRESS =     0.0
 Etot   =    -51360.5378  EKtot   =     20774.3691  EPtot      =    -72134.9070
 BOND   =     12569.8373  ANGLE   =      1032.4388  DIHED      =      1331.1488
 1-4 NB =       456.8805  1-4 EEL =      4628.5280  VDWAALS    =     12690.6887
 EELEC  =   -104844.4290  EHBOND  =         0.0000  RESTRAINT  =         0.0000
 ------------------------------------------------------------------------------


 NSTEP =     4500   TIME(PS) =      12.250  TEMP(K) =   303.51  PRESS =     0.0
 Etot   =    -51444.9408  EKtot   =     20882.4199  EPtot      =    -72327.3607
 BOND   =     12822.2501  ANGLE   =      1058.4594  DIHED      =      1331.8111
 1-4 NB =       455.7599  1-4 EEL =      4663.8990  VDWAALS    =     12577.4562
 EELEC  =   -105236.9965  EHBOND  =         0.0000  RESTRAINT  =         0.0000
 ------------------------------------------------------------------------------


 NSTEP =     5000   TIME(PS) =      12.500  TEMP(K) =   301.19  PRESS =     0.0
 Etot   =    -51474.0741  EKtot   =     20722.6992  EPtot      =    -72196.7733
 BOND   =     12915.7769  ANGLE   =      1043.5844  DIHED      =      1336.3357
 1-4 NB =       454.7286  1-4 EEL =      4647.8308  VDWAALS    =     12704.7006
 EELEC  =   -105299.7304  EHBOND  =         0.0000  RESTRAINT  =         0.0000
 ------------------------------------------------------------------------------


 NSTEP =     5500   TIME(PS) =      12.750  TEMP(K) =   301.23  PRESS =     0.0
 Etot   =    -51754.3371  EKtot   =     20725.0566  EPtot      =    -72479.3937
 BOND   =     12772.8732  ANGLE   =      1049.7208  DIHED      =      1320.1230
 1-4 NB =       440.8778  1-4 EEL =      4660.6833  VDWAALS    =     12543.1293
 EELEC  =   -105266.8011  EHBOND  =         0.0000  RESTRAINT  =         0.0000
 ------------------------------------------------------------------------------


 NSTEP =     6000   TIME(PS) =      13.000  TEMP(K) =   303.59  PRESS =     0.0
 Etot   =    -51810.0598  EKtot   =     20887.7227  EPtot      =    -72697.7824
 BOND   =     12684.6637  ANGLE   =      1066.8335  DIHED      =      1322.2541
 1-4 NB =       447.5446  1-4 EEL =      4646.0804  VDWAALS    =     12764.9234
 EELEC  =   -105630.0821  EHBOND  =         0.0000  RESTRAINT  =         0.0000
 ------------------------------------------------------------------------------


 NSTEP =     6500   TIME(PS) =      13.250  TEMP(K) =   298.91  PRESS =     0.0
 Etot   =    -51987.1877  EKtot   =     20565.9473  EPtot      =    -72553.1350
 BOND   =     12806.8876  ANGLE   =      1059.7399  DIHED      =      1339.1054
 1-4 NB =       446.4888  1-4 EEL =      4630.9888  VDWAALS    =     12978.4478
 EELEC  =   -105814.7933  EHBOND  =         0.0000  RESTRAINT  =         0.0000
 ------------------------------------------------------------------------------


 NSTEP =     7000   TIME(PS) =      13.500  TEMP(K) =   297.54  PRESS =     0.0
 Etot   =    -52109.7313  EKtot   =     20471.3418  EPtot      =    -72581.0731
 BOND   =     12807.8568  ANGLE   =       995.9577  DIHED      =      1337.7101
 1-4 NB =       463.5924  1-4 EEL =      4611.2204  VDWAALS    =     12783.4763
 EELEC  =   -105580.8868  EHBOND  =         0.0000  RESTRAINT  =         0.0000
 ------------------------------------------------------------------------------


 NSTEP =     7500   TIME(PS) =      13.750  TEMP(K) =   299.47  PRESS =     0.0
 Etot   =    -52230.8941  EKtot   =     20604.2168  EPtot      =    -72835.1109
 BOND   =     12735.6865  ANGLE   =      1016.8697  DIHED      =      1326.6680
 1-4 NB =       434.7158  1-4 EEL =      4601.5701  VDWAALS    =     12963.2505
 EELEC  =   -105913.8714  EHBOND  =         0.0000  RESTRAINT  =         0.0000
 ------------------------------------------------------------------------------


 NSTEP =     8000   TIME(PS) =      14.000  TEMP(K) =   299.12  PRESS =     0.0
 Etot   =    -52150.2695  EKtot   =     20580.2656  EPtot      =    -72730.5351
 BOND   =     12677.9245  ANGLE   =      1060.8885  DIHED      =      1331.9899
 1-4 NB =       442.6256  1-4 EEL =      4603.8645  VDWAALS    =     12729.7192
 EELEC  =   -105577.5473  EHBOND  =         0.0000  RESTRAINT  =         0.0000
 ------------------------------------------------------------------------------


 NSTEP =     8500   TIME(PS) =      14.250  TEMP(K) =   299.34  PRESS =     0.0
 Etot   =    -52283.7729  EKtot   =     20595.3867  EPtot      =    -72879.1596
 BOND   =     12791.0975  ANGLE   =      1031.3201  DIHED      =      1336.6540
 1-4 NB =       433.5210  1-4 EEL =      4600.0210  VDWAALS    =     12658.8230
 EELEC  =   -105730.5962  EHBOND  =         0.0000  RESTRAINT  =         0.0000
 ------------------------------------------------------------------------------


 NSTEP =     9000   TIME(PS) =      14.500  TEMP(K) =   300.60  PRESS =     0.0
 Etot   =    -51977.2703  EKtot   =     20682.1230  EPtot      =    -72659.3933
 BOND   =     12831.2966  ANGLE   =      1037.7612  DIHED      =      1341.8195
 1-4 NB =       437.5011  1-4 EEL =      4623.4367  VDWAALS    =     12875.3586
 EELEC  =   -105806.5670  EHBOND  =         0.0000  RESTRAINT  =         0.0000
 ------------------------------------------------------------------------------


 NSTEP =     9500   TIME(PS) =      14.750  TEMP(K) =   299.63  PRESS =     0.0
 Etot   =    -51842.3659  EKtot   =     20615.0586  EPtot      =    -72457.4245
 BOND   =     12701.1289  ANGLE   =      1080.4268  DIHED      =      1332.5811
 1-4 NB =       434.4831  1-4 EEL =      4633.9607  VDWAALS    =     12725.4694
 EELEC  =   -105365.4746  EHBOND  =         0.0000  RESTRAINT  =         0.0000
 ------------------------------------------------------------------------------


 NSTEP =    10000   TIME(PS) =      15.000  TEMP(K) =   302.95  PRESS =     0.0
 Etot   =    -51699.7452  EKtot   =     20843.9609  EPtot      =    -72543.7062
 BOND   =     12844.1070  ANGLE   =      1042.5961  DIHED      =      1315.4780
 1-4 NB =       454.1987  1-4 EEL =      4630.8821  VDWAALS    =     12474.2081
 EELEC  =   -105305.1761  EHBOND  =         0.0000  RESTRAINT  =         0.0000
 ------------------------------------------------------------------------------


 NSTEP =    10500   TIME(PS) =      15.250  TEMP(K) =   300.12  PRESS =     0.0
 Etot   =    -51901.7318  EKtot   =     20649.2383  EPtot      =    -72550.9701
 BOND   =     12992.2359  ANGLE   =      1002.5126  DIHED      =      1306.9003
 1-4 NB =       444.2710  1-4 EEL =      4668.7370  VDWAALS    =     12715.2565
 EELEC  =   -105680.8836  EHBOND  =         0.0000  RESTRAINT  =         0.0000
 ------------------------------------------------------------------------------


 NSTEP =    11000   TIME(PS) =      15.500  TEMP(K) =   303.36  PRESS =     0.0
 Etot   =    -51818.6799  EKtot   =     20871.7852  EPtot      =    -72690.4651
 BOND   =     12846.8008  ANGLE   =      1028.2735  DIHED      =      1309.8153
 1-4 NB =       447.2517  1-4 EEL =      4626.9897  VDWAALS    =     12918.2289
 EELEC  =   -105867.8250  EHBOND  =         0.0000  RESTRAINT  =         0.0000
 ------------------------------------------------------------------------------


 NSTEP =    11500   TIME(PS) =      15.750  TEMP(K) =   301.70  PRESS =     0.0
 Etot   =    -51979.6353  EKtot   =     20757.9375  EPtot      =    -72737.5728
 BOND   =     12797.6175  ANGLE   =      1013.2892  DIHED      =      1324.4832
 1-4 NB =       428.1709  1-4 EEL =      4625.0827  VDWAALS    =     12573.0025
 EELEC  =   -105499.2188  EHBOND  =         0.0000  RESTRAINT  =         0.0000
 ------------------------------------------------------------------------------


 NSTEP =    12000   TIME(PS) =      16.000  TEMP(K) =   301.62  PRESS =     0.0
 Etot   =    -52072.3551  EKtot   =     20751.9980  EPtot      =    -72824.3531
 BOND   =     12697.4524  ANGLE   =      1027.8096  DIHED      =      1317.2243
 1-4 NB =       440.9153  1-4 EEL =      4621.5368  VDWAALS    =     12655.0423
 EELEC  =   -105584.3338  EHBOND  =         0.0000  RESTRAINT  =         0.0000
 ------------------------------------------------------------------------------


 NSTEP =    12500   TIME(PS) =      16.250  TEMP(K) =   301.02  PRESS =     0.0
 Etot   =    -51988.4974  EKtot   =     20710.9297  EPtot      =    -72699.4271
 BOND   =     12675.5580  ANGLE   =      1030.0991  DIHED      =      1321.1828
 1-4 NB =       457.5273  1-4 EEL =      4613.7167  VDWAALS    =     12681.6261
 EELEC  =   -105479.1371  EHBOND  =         0.0000  RESTRAINT  =         0.0000
 ------------------------------------------------------------------------------


 NSTEP =    13000   TIME(PS) =      16.500  TEMP(K) =   298.46  PRESS =     0.0
 Etot   =    -51995.3087  EKtot   =     20535.0684  EPtot      =    -72530.3771
 BOND   =     12785.5602  ANGLE   =      1020.5250  DIHED      =      1329.7474
 1-4 NB =       460.5351  1-4 EEL =      4631.6651  VDWAALS    =     12692.7588
 EELEC  =   -105451.1686  EHBOND  =         0.0000  RESTRAINT  =         0.0000
 ------------------------------------------------------------------------------


 NSTEP =    13500   TIME(PS) =      16.750  TEMP(K) =   301.07  PRESS =     0.0
 Etot   =    -51892.6095  EKtot   =     20714.3418  EPtot      =    -72606.9513
 BOND   =     12669.9836  ANGLE   =      1080.1036  DIHED      =      1305.9098
 1-4 NB =       434.3497  1-4 EEL =      4591.5750  VDWAALS    =     12442.8159
 EELEC  =   -105131.6890  EHBOND  =         0.0000  RESTRAINT  =         0.0000
 ------------------------------------------------------------------------------


 NSTEP =    14000   TIME(PS) =      17.000  TEMP(K) =   301.19  PRESS =     0.0
 Etot   =    -51883.2412  EKtot   =     20722.4238  EPtot      =    -72605.6651
 BOND   =     12804.3438  ANGLE   =      1047.7675  DIHED      =      1319.1597
 1-4 NB =       437.4057  1-4 EEL =      4656.7364  VDWAALS    =     12898.8393
 EELEC  =   -105769.9176  EHBOND  =         0.0000  RESTRAINT  =         0.0000
 ------------------------------------------------------------------------------


 NSTEP =    14500   TIME(PS) =      17.250  TEMP(K) =   301.29  PRESS =     0.0
 Etot   =    -51914.3470  EKtot   =     20729.4746  EPtot      =    -72643.8216
 BOND   =     12797.3722  ANGLE   =      1038.5887  DIHED      =      1313.7503
 1-4 NB =       467.3901  1-4 EEL =      4584.2343  VDWAALS    =     12974.7474
 EELEC  =   -105819.9046  EHBOND  =         0.0000  RESTRAINT  =         0.0000
 ------------------------------------------------------------------------------


 NSTEP =    15000   TIME(PS) =      17.500  TEMP(K) =   299.90  PRESS =     0.0
 Etot   =    -52043.0352  EKtot   =     20634.0508  EPtot      =    -72677.0860
 BOND   =     12724.8045  ANGLE   =      1038.9809  DIHED      =      1319.8754
 1-4 NB =       451.2354  1-4 EEL =      4618.6646  VDWAALS    =     12840.3910
 EELEC  =   -105671.0378  EHBOND  =         0.0000  RESTRAINT  =         0.0000
 ------------------------------------------------------------------------------


 NSTEP =    15500   TIME(PS) =      17.750  TEMP(K) =   300.61  PRESS =     0.0
 Etot   =    -51965.5677  EKtot   =     20682.4121  EPtot      =    -72647.9798
 BOND   =     12718.7437  ANGLE   =      1044.5034  DIHED      =      1310.0554
 1-4 NB =       433.8131  1-4 EEL =      4629.1005  VDWAALS    =     12598.7924
 EELEC  =   -105382.9882  EHBOND  =         0.0000  RESTRAINT  =         0.0000
 ------------------------------------------------------------------------------


 NSTEP =    16000   TIME(PS) =      18.000  TEMP(K) =   299.81  PRESS =     0.0
 Etot   =    -51761.4377  EKtot   =     20627.5625  EPtot      =    -72389.0002
 BOND   =     12979.5106  ANGLE   =      1080.4023  DIHED      =      1320.1579
 1-4 NB =       448.5204  1-4 EEL =      4618.0625  VDWAALS    =     13123.9590
 EELEC  =   -105959.6129  EHBOND  =         0.0000  RESTRAINT  =         0.0000
 ------------------------------------------------------------------------------


 NSTEP =    16500   TIME(PS) =      18.250  TEMP(K) =   299.63  PRESS =     0.0
 Etot   =    -51613.7467  EKtot   =     20615.2793  EPtot      =    -72229.0259
 BOND   =     12759.2271  ANGLE   =      1080.7818  DIHED      =      1322.8635
 1-4 NB =       446.8662  1-4 EEL =      4654.7244  VDWAALS    =     12788.5442
 EELEC  =   -105282.0331  EHBOND  =         0.0000  RESTRAINT  =         0.0000
 ------------------------------------------------------------------------------


 NSTEP =    17000   TIME(PS) =      18.500  TEMP(K) =   301.09  PRESS =     0.0
 Etot   =    -51739.8926  EKtot   =     20715.9355  EPtot      =    -72455.8282
 BOND   =     12865.0933  ANGLE   =      1009.3138  DIHED      =      1295.6758
 1-4 NB =       434.2853  1-4 EEL =      4587.0086  VDWAALS    =     12684.1828
 EELEC  =   -105331.3879  EHBOND  =         0.0000  RESTRAINT  =         0.0000
 ------------------------------------------------------------------------------


 NSTEP =    17500   TIME(PS) =      18.750  TEMP(K) =   302.27  PRESS =     0.0
 Etot   =    -51808.9841  EKtot   =     20797.1582  EPtot      =    -72606.1423
 BOND   =     12809.4420  ANGLE   =      1041.9090  DIHED      =      1304.1497
 1-4 NB =       447.8049  1-4 EEL =      4599.0140  VDWAALS    =     12895.5591
 EELEC  =   -105704.0211  EHBOND  =         0.0000  RESTRAINT  =         0.0000
 ------------------------------------------------------------------------------


 NSTEP =    18000   TIME(PS) =      19.000  TEMP(K) =   302.86  PRESS =     0.0
 Etot   =    -51852.8710  EKtot   =     20837.3730  EPtot      =    -72690.2441
 BOND   =     12708.7468  ANGLE   =      1035.4043  DIHED      =      1301.3438
 1-4 NB =       445.5314  1-4 EEL =      4663.4079  VDWAALS    =     12639.6810
 EELEC  =   -105484.3592  EHBOND  =         0.0000  RESTRAINT  =         0.0000
 ------------------------------------------------------------------------------


 NSTEP =    18500   TIME(PS) =      19.250  TEMP(K) =   298.12  PRESS =     0.0
 Etot   =    -52036.4453  EKtot   =     20511.5938  EPtot      =    -72548.0390
 BOND   =     12806.4327  ANGLE   =      1015.7032  DIHED      =      1304.7703
 1-4 NB =       440.5456  1-4 EEL =      4686.8121  VDWAALS    =     12512.1244
 EELEC  =   -105314.4273  EHBOND  =         0.0000  RESTRAINT  =         0.0000
 ------------------------------------------------------------------------------


 NSTEP =    19000   TIME(PS) =      19.500  TEMP(K) =   299.10  PRESS =     0.0
 Etot   =    -52067.7788  EKtot   =     20578.7676  EPtot      =    -72646.5464
 BOND   =     12746.2443  ANGLE   =       998.7791  DIHED      =      1325.7395
 1-4 NB =       428.7551  1-4 EEL =      4598.0599  VDWAALS    =     12443.1342
 EELEC  =   -105187.2584  EHBOND  =         0.0000  RESTRAINT  =         0.0000
 ------------------------------------------------------------------------------


 NSTEP =    19500   TIME(PS) =      19.750  TEMP(K) =   298.85  PRESS =     0.0
 Etot   =    -52038.2832  EKtot   =     20561.6855  EPtot      =    -72599.9687
 BOND   =     12636.0078  ANGLE   =      1050.1903  DIHED      =      1323.7386
 1-4 NB =       450.0079  1-4 EEL =      4624.4348  VDWAALS    =     12596.9161
 EELEC  =   -105281.2643  EHBOND  =         0.0000  RESTRAINT  =         0.0000
 ------------------------------------------------------------------------------


 NSTEP =    20000   TIME(PS) =      20.000  TEMP(K) =   299.82  PRESS =     0.0
 Etot   =    -52087.4371  EKtot   =     20628.6816  EPtot      =    -72716.1188
 BOND   =     12792.5787  ANGLE   =      1029.4928  DIHED      =      1311.9646
 1-4 NB =       439.9810  1-4 EEL =      4644.0898  VDWAALS    =     12809.0116
 EELEC  =   -105743.2372  EHBOND  =         0.0000  RESTRAINT  =         0.0000
 ------------------------------------------------------------------------------


      A V E R A G E S   O V E R      40 S T E P S


 NSTEP =    20000   TIME(PS) =      20.000  TEMP(K) =   299.32  PRESS =     0.0
 Etot   =    -51959.2650  EKtot   =     20593.8928  EPtot      =    -72553.1578
 BOND   =     12482.4025  ANGLE   =      1033.2413  DIHED      =      1321.6713
 1-4 NB =       446.2342  1-4 EEL =      4628.0424  VDWAALS    =     12633.9144
 EELEC  =   -105098.6639  EHBOND  =         0.0000  RESTRAINT  =         0.0000
 ------------------------------------------------------------------------------


      R M S  F L U C T U A T I O N S


 NSTEP =    20000   TIME(PS) =      20.000  TEMP(K) =     5.50  PRESS =     0.0
 Etot   =       546.2420  EKtot   =       378.3749  EPtot      =       251.5248
 BOND   =      1016.2533  ANGLE   =        26.9828  DIHED      =        12.6305
 1-4 NB =         9.9628  1-4 EEL =        24.0604  VDWAALS    =       272.5869
 EELEC  =      1173.6731  EHBOND  =         0.0000  RESTRAINT  =         0.0000
 ------------------------------------------------------------------------------

--------------------------------------------------------------------------------
   5.  TIMINGS
--------------------------------------------------------------------------------

|  NonSetup CPU Time in Major Routines:
|
|     Routine           Sec        %
|     ------------------------------
|     Nonbond           4.00   10.07
|     Bond              0.00    0.00
|     Angle             0.00    0.00
|     Dihedral          0.00    0.00
|     Shake             0.00    0.00
|     RunMD            35.64   89.84
|     Other             0.03    0.08
|     ------------------------------
|     Total            39.66

|  PME Nonbond Pairlist CPU Time:
|
|     Routine              Sec        %
|     ---------------------------------
|     Set Up Cit           0.00    0.00
|     Build List           0.00    0.00
|     ---------------------------------
|     Total                0.00    0.00

|  PME Direct Force CPU Time:
|
|     Routine              Sec        %
|     ---------------------------------
|     NonBonded Calc       0.00    0.00
|     Exclude Masked       0.00    0.00
|     Other                0.01    0.03
|     ---------------------------------
|     Total                0.01    0.03

|  PME Reciprocal Force CPU Time:
|
|     Routine              Sec        %
|     ---------------------------------
|     1D bspline           0.00    0.00
|     Grid Charges         0.00    0.00
|     Scalar Sum           0.00    0.00
|     Gradient Sum         0.00    0.00
|     FFT                  0.00    0.00
|     ---------------------------------
|     Total                0.00    0.00

|  Final Performance Info:
|     -----------------------------------------------------
|     Average timings for last   19500 steps:
|     Elapsed(s) =      40.97 Per Step(ms) =       2.10
|         ns/day =      20.56   seconds/ns =    4201.68
|
|     Average timings for all steps:
|     Elapsed(s) =      41.91 Per Step(ms) =       2.10
|         ns/day =      20.61   seconds/ns =    4191.20
|     -----------------------------------------------------

|  Setup CPU time:            2.97 seconds
|  NonSetup CPU time:        39.66 seconds
|  Total CPU time:           42.64 seconds     0.01 hours

|  Setup wall time:           4    seconds
|  NonSetup wall time:       42    seconds
|  Total wall time:          46    seconds     0.01 hours
