
          -------------------------------------------------------
          Amber 16 PMEMD                              2016
          -------------------------------------------------------

| PMEMD implementation of SANDER, Release 16

| Run on 08/24/2017 at 10:15:56

|   Executable path: /apps/amber16/bin/pmemd.cuda
| Working directory: /scratch/pbarletta/pdz/run/lb/neq/data/2
|          Hostname: mordor

  [-O]verwriting output

File Assignments:
|   MDIN: pdt.in                                                                
|  MDOUT: 1plb_2.out                                                            
| INPCRD: ../1/1plb_1.rst7                                                      
|   PARM: /scratch/pbarletta/pdz/top_files/lb.prmtop                            
| RESTRT: 1plb_2.rst7                                                           
|   REFC: refc                                                                  
|  MDVEL: mdvel                                                                 
|   MDEN: mden                                                                  
|  MDCRD: 1plb_2.nc                                                             
| MDINFO: mdinfo                                                                
|  MDFRC: mdfrc                                                                 


 Here is the input file:

!NVE run                                                                       
&cntrl                                                                         
imin = 0,                           ! No Minimization                          
nmropt = 0,                         ! No NMR restraints read                   
                                                                               
! Nature and format of the input                                               
ntx = 5,                            ! Coordinates and velocities will be read  
irest = 1,                          ! Restart simulation                       
                                                                               
! Nature and format of the output                                              
ioutfm = 1,			    ! NetCDF format for output files                             
ntxo = 1,                           ! rstrt file in ASCII format               
ntpr = 500,                         ! inf in output every ntpr steps           
ntwr = 500,                         ! rstrt file every ntwr steps              
ntwx = 20,                          ! mdcrd file every ntwx steps              
ntwv = -1,                          ! mdvel without velocities                 
ntwe = 0,                           ! Energies and temperatures not written in 
idecomp = 0,                        ! No energy decomposition                  
iwrap = 1,                          ! Coordinates of the restart and mdcrd file
                                                                               
! Frozen or restrained atoms                                                   
ibelly = 0,                         ! No frozen atoms                          
ntr=0,                              ! Harmonic potential restraints            
                                                                               
! Molecular dynamics                                                           
nstlim = 20000,                      ! Number of MD-steps                      
dt = 0.0005,                        ! Time step                                
                                                                               
! Temperature regulation                                                       
ntt = 3,                            ! Langevin thermostat                      
gamma_ln = 2,                       ! Gamma constant for Langevin              
temp0 = 300.0,                      ! Reference T at which the system is to be 
tempi = 300.0,                      ! Initial T                                
                                                                               
! P and V regulation                                                           
ntp = 0,                            ! No P control                             
ntb = 1,                            ! constant V                               
                                                                               
! SHAKE variables                                                              
ntc = 1,                            ! No SHAKE                                 
ntf = 1,                            ! Get E with allatom                       
                                                                               
cut = 9.0,                          ! Nonbonded cutoff                         
/                                                                              
&end                                                                           


Note: ig = -1. Setting random seed to   738691 based on wallclock time in 
      microseconds.
| irandom = 1, using AMBER's internal random number generator (default).
 
|--------------------- INFORMATION ----------------------
| GPU (CUDA) Version of PMEMD in use: NVIDIA GPU IN USE.
|                    Version 16.0.0
| 
|                      02/25/2016
| 
| Implementation by:
|                    Ross C. Walker     (SDSC)
|                    Scott Le Grand     (nVIDIA)
| 
| Precision model in use:
|      [SPFP] - Single Precision Forces, 64-bit Fixed Point
|               Accumulation. (Default)
| 
|--------------------------------------------------------
 
|----------------- CITATION INFORMATION -----------------
|
|    When publishing work that utilized the CUDA version
|    of AMBER, please cite the following in addition to
|    the regular AMBER citations:
|
|  - Romelia Salomon-Ferrer; Andreas W. Goetz; Duncan
|    Poole; Scott Le Grand; Ross C. Walker "Routine
|    microsecond molecular dynamics simulations with
|    AMBER - Part II: Particle Mesh Ewald", J. Chem.
|    Theory Comput., 2013, 9 (9), pp3878-3888,
|    DOI: 10.1021/ct400314y.
|
|  - Andreas W. Goetz; Mark J. Williamson; Dong Xu;
|    Duncan Poole; Scott Le Grand; Ross C. Walker
|    "Routine microsecond molecular dynamics simulations
|    with AMBER - Part I: Generalized Born", J. Chem.
|    Theory Comput., 2012, 8 (5), pp1542-1555.
|
|  - Scott Le Grand; Andreas W. Goetz; Ross C. Walker
|    "SPFP: Speed without compromise - a mixed precision
|    model for GPU accelerated molecular dynamics
|    simulations.", Comp. Phys. Comm., 2013, 184
|    pp374-380, DOI: 10.1016/j.cpc.2012.09.022
|
|--------------------------------------------------------
 
|------------------- GPU DEVICE INFO --------------------
|
|            CUDA_VISIBLE_DEVICES: 0
|   CUDA Capable Devices Detected:      1
|           CUDA Device ID in use:      0
|                CUDA Device Name: GeForce GTX TITAN
|     CUDA Device Global Mem Size:   6082 MB
| CUDA Device Num Multiprocessors:     14
|           CUDA Device Core Freq:   0.93 GHz
|
|--------------------------------------------------------
 
 
| Conditional Compilation Defines Used:
| PUBFFT
| BINTRAJ
| CUDA
| EMIL

| Largest sphere to fit in unit cell has radius =    26.281

| New format PARM file being parsed.
| Version =    1.000 Date = 09/04/12 Time = 16:08:43

| Note: 1-4 EEL scale factors are being read from the topology file.

| Note: 1-4 VDW scale factors are being read from the topology file.
| Duplicated    0 dihedrals

| Duplicated    0 dihedrals

--------------------------------------------------------------------------------
   1.  RESOURCE   USE: 
--------------------------------------------------------------------------------

 getting new box info from bottom of inpcrd
 NATOM  =   23082 NTYPES =      16 NBONH =   22055 MBONA  =    1038
 NTHETH =    2390 MTHETA =    1396 NPHIH =    4631 MPHIA  =    3488
 NHPARM =       0 NPARM  =       0 NNB   =   39434 NRES   =    7134
 NBONA  =    1038 NTHETA =    1396 NPHIA =    3488 NUMBND =      41
 NUMANG =      86 NPTRA  =      41 NATYP =      28 NPHB   =       1
 IFBOX  =       1 NMXRS  =      24 IFCAP =       0 NEXTRA =       0
 NCOPY  =       0

| Coordinate Index Table dimensions:    12   14   10
| Direct force subcell size =     5.0212    5.2012    5.2562

     BOX TYPE: RECTILINEAR

--------------------------------------------------------------------------------
   2.  CONTROL  DATA  FOR  THE  RUN
--------------------------------------------------------------------------------

default_name                                                                    

General flags:
     imin    =       0, nmropt  =       0

Nature and format of input:
     ntx     =       5, irest   =       1, ntrx    =       1

Nature and format of output:
     ntxo    =       1, ntpr    =     500, ntrx    =       1, ntwr    =     500
     iwrap   =       1, ntwx    =      20, ntwv    =      -1, ntwe    =       0
     ioutfm  =       1, ntwprt  =       0, idecomp =       0, rbornstat=      0

Potential function:
     ntf     =       1, ntb     =       1, igb     =       0, nsnb    =      25
     ipol    =       0, gbsa    =       0, iesp    =       0
     dielc   =   1.00000, cut     =   9.00000, intdiel =   1.00000

Frozen or restrained atoms:
     ibelly  =       0, ntr     =       0

Molecular dynamics:
     nstlim  =     20000, nscm    =      1000, nrespa  =         1
     t       =   0.00000, dt      =   0.00050, vlimit  =  -1.00000

Langevin dynamics temperature regulation:
     ig      =  738691
     temp0   = 300.00000, tempi   = 300.00000, gamma_ln=   2.00000

| Intermolecular bonds treatment:
|     no_intermolecular_bonds =       1

| Energy averages sample interval:
|     ene_avg_sampling =     500

Ewald parameters:
     verbose =       0, ew_type =       0, nbflag  =       1, use_pme =       1
     vdwmeth =       1, eedmeth =       1, netfrc  =       1
     Box X =   60.254   Box Y =   72.816   Box Z =   52.562
     Alpha =   90.000   Beta  =   90.000   Gamma =   90.000
     NFFT1 =   64       NFFT2 =   80       NFFT3 =   56
     Cutoff=    9.000   Tol   =0.100E-04
     Ewald Coefficient =  0.30768
     Interpolation order =    4

--------------------------------------------------------------------------------
   3.  ATOMIC COORDINATES AND VELOCITIES
--------------------------------------------------------------------------------

default_name                                                                    
 begin time read from input coords =    10.000 ps

 
 Number of triangulated 3-point waters found:     7002

     Sum of charges from parm topology file =  -0.00000008
     Forcing neutrality...

| Dynamic Memory, Types Used:
| Reals              710578
| Integers           737140

| Nonbonded Pairs Initial Allocation:     5262696

| GPU memory information (estimate):
| KB of GPU memory in use:    132483
| KB of CPU memory in use:     27891

--------------------------------------------------------------------------------
   4.  RESULTS
--------------------------------------------------------------------------------

 ---------------------------------------------------
 APPROXIMATING switch and d/dx switch using CUBIC SPLINE INTERPOLATION
 using   5000.0 points per unit in tabled values
 TESTING RELATIVE ERROR over r ranging from 0.0 to cutoff
| CHECK switch(x): max rel err =   0.2738E-14   at   2.422500
| CHECK d/dx switch(x): max rel err =   0.8314E-11   at   2.736960
 ---------------------------------------------------
|---------------------------------------------------
| APPROXIMATING direct energy using CUBIC SPLINE INTERPOLATION
|  with   50.0 points per unit in tabled values
| Relative Error Limit not exceeded for r .gt.   2.39
| APPROXIMATING direct force using CUBIC SPLINE INTERPOLATION
|  with   50.0 points per unit in tabled values
| Relative Error Limit not exceeded for r .gt.   2.84
|---------------------------------------------------

 NSTEP =      500   TIME(PS) =      10.250  TEMP(K) =   269.90  PRESS =     0.0
 Etot   =    -54651.3650  EKtot   =     18570.0176  EPtot      =    -73221.3826
 BOND   =      6977.0835  ANGLE   =      1004.3826  DIHED      =      1337.4915
 1-4 NB =       456.4923  1-4 EEL =      4635.7811  VDWAALS    =     11630.6585
 EELEC  =    -99263.2722  EHBOND  =         0.0000  RESTRAINT  =         0.0000
 ------------------------------------------------------------------------------


 NSTEP =     1000   TIME(PS) =      10.500  TEMP(K) =   286.77  PRESS =     0.0
 Etot   =    -52926.3699  EKtot   =     19730.5410  EPtot      =    -72656.9110
 BOND   =     10163.1752  ANGLE   =      1002.6843  DIHED      =      1347.0716
 1-4 NB =       430.0644  1-4 EEL =      4611.8264  VDWAALS    =     11876.7143
 EELEC  =   -102088.4472  EHBOND  =         0.0000  RESTRAINT  =         0.0000
 ------------------------------------------------------------------------------


 NSTEP =     1500   TIME(PS) =      10.750  TEMP(K) =   294.06  PRESS =     0.0
 Etot   =    -52033.1526  EKtot   =     20231.9844  EPtot      =    -72265.1370
 BOND   =     11562.2069  ANGLE   =      1043.8123  DIHED      =      1350.6833
 1-4 NB =       441.8161  1-4 EEL =      4619.5364  VDWAALS    =     12342.1932
 EELEC  =   -103625.3851  EHBOND  =         0.0000  RESTRAINT  =         0.0000
 ------------------------------------------------------------------------------


 NSTEP =     2000   TIME(PS) =      11.000  TEMP(K) =   300.90  PRESS =     0.0
 Etot   =    -51500.0276  EKtot   =     20702.8770  EPtot      =    -72202.9046
 BOND   =     11976.6989  ANGLE   =       986.4336  DIHED      =      1340.2660
 1-4 NB =       466.6065  1-4 EEL =      4688.4836  VDWAALS    =     12156.6885
 EELEC  =   -103818.0818  EHBOND  =         0.0000  RESTRAINT  =         0.0000
 ------------------------------------------------------------------------------


 NSTEP =     2500   TIME(PS) =      11.250  TEMP(K) =   299.29  PRESS =     0.0
 Etot   =    -51496.1455  EKtot   =     20592.1426  EPtot      =    -72088.2880
 BOND   =     12398.3494  ANGLE   =      1041.6997  DIHED      =      1301.3799
 1-4 NB =       435.0853  1-4 EEL =      4607.0585  VDWAALS    =     12452.0540
 EELEC  =   -104323.9150  EHBOND  =         0.0000  RESTRAINT  =         0.0000
 ------------------------------------------------------------------------------


 NSTEP =     3000   TIME(PS) =      11.500  TEMP(K) =   301.15  PRESS =     0.0
 Etot   =    -51808.8918  EKtot   =     20720.1523  EPtot      =    -72529.0441
 BOND   =     12242.0130  ANGLE   =      1045.7593  DIHED      =      1317.3275
 1-4 NB =       455.0447  1-4 EEL =      4659.5288  VDWAALS    =     12528.9929
 EELEC  =   -104777.7103  EHBOND  =         0.0000  RESTRAINT  =         0.0000
 ------------------------------------------------------------------------------


 NSTEP =     3500   TIME(PS) =      11.750  TEMP(K) =   301.97  PRESS =     0.0
 Etot   =    -51703.5231  EKtot   =     20776.6445  EPtot      =    -72480.1676
 BOND   =     12399.2653  ANGLE   =      1034.9065  DIHED      =      1341.7347
 1-4 NB =       452.1705  1-4 EEL =      4627.9251  VDWAALS    =     12405.4270
 EELEC  =   -104741.5967  EHBOND  =         0.0000  RESTRAINT  =         0.0000
 ------------------------------------------------------------------------------


 NSTEP =     4000   TIME(PS) =      12.000  TEMP(K) =   298.08  PRESS =     0.0
 Etot   =    -51747.6253  EKtot   =     20508.7344  EPtot      =    -72256.3597
 BOND   =     12613.3909  ANGLE   =      1091.5017  DIHED      =      1336.8538
 1-4 NB =       445.7532  1-4 EEL =      4615.6868  VDWAALS    =     12541.1107
 EELEC  =   -104900.6567  EHBOND  =         0.0000  RESTRAINT  =         0.0000
 ------------------------------------------------------------------------------


 NSTEP =     4500   TIME(PS) =      12.250  TEMP(K) =   301.70  PRESS =     0.0
 Etot   =    -51616.2639  EKtot   =     20758.0605  EPtot      =    -72374.3244
 BOND   =     12663.3114  ANGLE   =      1064.3023  DIHED      =      1329.3625
 1-4 NB =       440.7530  1-4 EEL =      4639.0467  VDWAALS    =     12496.3926
 EELEC  =   -105007.4930  EHBOND  =         0.0000  RESTRAINT  =         0.0000
 ------------------------------------------------------------------------------


 NSTEP =     5000   TIME(PS) =      12.500  TEMP(K) =   300.32  PRESS =     0.0
 Etot   =    -51657.4782  EKtot   =     20662.7051  EPtot      =    -72320.1832
 BOND   =     12755.2093  ANGLE   =      1015.1667  DIHED      =      1325.3125
 1-4 NB =       447.8183  1-4 EEL =      4624.7235  VDWAALS    =     12489.2386
 EELEC  =   -104977.6521  EHBOND  =         0.0000  RESTRAINT  =         0.0000
 ------------------------------------------------------------------------------


 NSTEP =     5500   TIME(PS) =      12.750  TEMP(K) =   301.30  PRESS =     0.0
 Etot   =    -51615.9521  EKtot   =     20730.2266  EPtot      =    -72346.1787
 BOND   =     12703.0016  ANGLE   =      1043.6957  DIHED      =      1326.8418
 1-4 NB =       433.8521  1-4 EEL =      4608.8713  VDWAALS    =     12707.0786
 EELEC  =   -105169.5198  EHBOND  =         0.0000  RESTRAINT  =         0.0000
 ------------------------------------------------------------------------------


 NSTEP =     6000   TIME(PS) =      13.000  TEMP(K) =   300.06  PRESS =     0.0
 Etot   =    -51855.1007  EKtot   =     20644.8008  EPtot      =    -72499.9015
 BOND   =     12546.5627  ANGLE   =      1022.9171  DIHED      =      1340.0825
 1-4 NB =       430.5010  1-4 EEL =      4642.2943  VDWAALS    =     12653.1928
 EELEC  =   -105135.4520  EHBOND  =         0.0000  RESTRAINT  =         0.0000
 ------------------------------------------------------------------------------


 NSTEP =     6500   TIME(PS) =      13.250  TEMP(K) =   299.65  PRESS =     0.0
 Etot   =    -51923.1231  EKtot   =     20616.9258  EPtot      =    -72540.0489
 BOND   =     12476.2185  ANGLE   =      1040.5230  DIHED      =      1333.3445
 1-4 NB =       440.4518  1-4 EEL =      4609.1875  VDWAALS    =     12455.7088
 EELEC  =   -104895.4830  EHBOND  =         0.0000  RESTRAINT  =         0.0000
 ------------------------------------------------------------------------------


 NSTEP =     7000   TIME(PS) =      13.500  TEMP(K) =   300.93  PRESS =     0.0
 Etot   =    -51878.1206  EKtot   =     20704.4629  EPtot      =    -72582.5835
 BOND   =     12600.4969  ANGLE   =      1043.6295  DIHED      =      1323.8821
 1-4 NB =       449.8768  1-4 EEL =      4656.6823  VDWAALS    =     12775.4236
 EELEC  =   -105432.5747  EHBOND  =         0.0000  RESTRAINT  =         0.0000
 ------------------------------------------------------------------------------


 NSTEP =     7500   TIME(PS) =      13.750  TEMP(K) =   297.48  PRESS =     0.0
 Etot   =    -52127.8210  EKtot   =     20467.6992  EPtot      =    -72595.5202
 BOND   =     12654.2760  ANGLE   =      1076.7763  DIHED      =      1320.7907
 1-4 NB =       447.2878  1-4 EEL =      4629.0948  VDWAALS    =     12680.4698
 EELEC  =   -105404.2156  EHBOND  =         0.0000  RESTRAINT  =         0.0000
 ------------------------------------------------------------------------------


 NSTEP =     8000   TIME(PS) =      14.000  TEMP(K) =   297.40  PRESS =     0.0
 Etot   =    -52110.9758  EKtot   =     20461.5879  EPtot      =    -72572.5637
 BOND   =     12723.4930  ANGLE   =      1056.0845  DIHED      =      1331.3628
 1-4 NB =       451.3926  1-4 EEL =      4702.3456  VDWAALS    =     12743.2415
 EELEC  =   -105580.4837  EHBOND  =         0.0000  RESTRAINT  =         0.0000
 ------------------------------------------------------------------------------


 NSTEP =     8500   TIME(PS) =      14.250  TEMP(K) =   299.23  PRESS =     0.0
 Etot   =    -51797.1285  EKtot   =     20587.7969  EPtot      =    -72384.9253
 BOND   =     12917.1665  ANGLE   =      1054.8744  DIHED      =      1330.5837
 1-4 NB =       441.5586  1-4 EEL =      4668.5473  VDWAALS    =     12786.0253
 EELEC  =   -105583.6812  EHBOND  =         0.0000  RESTRAINT  =         0.0000
 ------------------------------------------------------------------------------


 NSTEP =     9000   TIME(PS) =      14.500  TEMP(K) =   300.59  PRESS =     0.0
 Etot   =    -51726.5581  EKtot   =     20681.2422  EPtot      =    -72407.8003
 BOND   =     12747.0315  ANGLE   =      1011.4496  DIHED      =      1324.4301
 1-4 NB =       435.8146  1-4 EEL =      4617.6552  VDWAALS    =     12641.2266
 EELEC  =   -105185.4080  EHBOND  =         0.0000  RESTRAINT  =         0.0000
 ------------------------------------------------------------------------------


 NSTEP =     9500   TIME(PS) =      14.750  TEMP(K) =   297.62  PRESS =     0.0
 Etot   =    -51966.0300  EKtot   =     20476.9766  EPtot      =    -72443.0066
 BOND   =     12808.3169  ANGLE   =      1024.8228  DIHED      =      1317.8868
 1-4 NB =       451.0184  1-4 EEL =      4668.6030  VDWAALS    =     12976.1821
 EELEC  =   -105689.8366  EHBOND  =         0.0000  RESTRAINT  =         0.0000
 ------------------------------------------------------------------------------


 NSTEP =    10000   TIME(PS) =      15.000  TEMP(K) =   301.70  PRESS =     0.0
 Etot   =    -52066.1037  EKtot   =     20757.9043  EPtot      =    -72824.0080
 BOND   =     12744.3900  ANGLE   =       999.1024  DIHED      =      1315.7396
 1-4 NB =       422.3496  1-4 EEL =      4703.8085  VDWAALS    =     12907.5576
 EELEC  =   -105916.9557  EHBOND  =         0.0000  RESTRAINT  =         0.0000
 ------------------------------------------------------------------------------


 NSTEP =    10500   TIME(PS) =      15.250  TEMP(K) =   299.68  PRESS =     0.0
 Etot   =    -52125.5485  EKtot   =     20618.7832  EPtot      =    -72744.3317
 BOND   =     12804.9889  ANGLE   =      1048.3494  DIHED      =      1308.3878
 1-4 NB =       439.3894  1-4 EEL =      4628.4430  VDWAALS    =     12955.7307
 EELEC  =   -105929.6209  EHBOND  =         0.0000  RESTRAINT  =         0.0000
 ------------------------------------------------------------------------------


 NSTEP =    11000   TIME(PS) =      15.500  TEMP(K) =   299.33  PRESS =     0.0
 Etot   =    -52247.9512  EKtot   =     20594.4473  EPtot      =    -72842.3985
 BOND   =     12852.5307  ANGLE   =      1037.7542  DIHED      =      1313.4771
 1-4 NB =       444.2211  1-4 EEL =      4643.6821  VDWAALS    =     12897.2538
 EELEC  =   -106031.3174  EHBOND  =         0.0000  RESTRAINT  =         0.0000
 ------------------------------------------------------------------------------


 NSTEP =    11500   TIME(PS) =      15.750  TEMP(K) =   299.33  PRESS =     0.0
 Etot   =    -52126.0354  EKtot   =     20594.7578  EPtot      =    -72720.7933
 BOND   =     12876.3872  ANGLE   =       996.7295  DIHED      =      1331.2173
 1-4 NB =       441.2945  1-4 EEL =      4655.6158  VDWAALS    =     12659.5365
 EELEC  =   -105681.5740  EHBOND  =         0.0000  RESTRAINT  =         0.0000
 ------------------------------------------------------------------------------


 NSTEP =    12000   TIME(PS) =      16.000  TEMP(K) =   302.16  PRESS =     0.0
 Etot   =    -51794.3065  EKtot   =     20789.1934  EPtot      =    -72583.4998
 BOND   =     12792.3037  ANGLE   =      1022.0463  DIHED      =      1326.8820
 1-4 NB =       438.8928  1-4 EEL =      4635.2782  VDWAALS    =     12692.0394
 EELEC  =   -105490.9423  EHBOND  =         0.0000  RESTRAINT  =         0.0000
 ------------------------------------------------------------------------------


 NSTEP =    12500   TIME(PS) =      16.250  TEMP(K) =   299.48  PRESS =     0.0
 Etot   =    -51936.6922  EKtot   =     20604.7734  EPtot      =    -72541.4657
 BOND   =     12869.8673  ANGLE   =      1004.1455  DIHED      =      1342.2181
 1-4 NB =       436.5157  1-4 EEL =      4639.3837  VDWAALS    =     12719.3810
 EELEC  =   -105552.9770  EHBOND  =         0.0000  RESTRAINT  =         0.0000
 ------------------------------------------------------------------------------


 NSTEP =    13000   TIME(PS) =      16.500  TEMP(K) =   301.98  PRESS =     0.0
 Etot   =    -51909.7818  EKtot   =     20777.1211  EPtot      =    -72686.9029
 BOND   =     12767.0086  ANGLE   =       984.8624  DIHED      =      1326.5524
 1-4 NB =       452.2351  1-4 EEL =      4678.0582  VDWAALS    =     12453.0723
 EELEC  =   -105348.6918  EHBOND  =         0.0000  RESTRAINT  =         0.0000
 ------------------------------------------------------------------------------


 NSTEP =    13500   TIME(PS) =      16.750  TEMP(K) =   300.71  PRESS =     0.0
 Etot   =    -52063.9891  EKtot   =     20689.7676  EPtot      =    -72753.7567
 BOND   =     12691.6227  ANGLE   =       985.9354  DIHED      =      1331.9597
 1-4 NB =       443.4777  1-4 EEL =      4640.8881  VDWAALS    =     12633.9011
 EELEC  =   -105481.5412  EHBOND  =         0.0000  RESTRAINT  =         0.0000
 ------------------------------------------------------------------------------


 NSTEP =    14000   TIME(PS) =      17.000  TEMP(K) =   300.33  PRESS =     0.0
 Etot   =    -51987.2239  EKtot   =     20663.4902  EPtot      =    -72650.7141
 BOND   =     12759.0001  ANGLE   =      1031.4689  DIHED      =      1306.5000
 1-4 NB =       438.6679  1-4 EEL =      4650.6896  VDWAALS    =     12818.1540
 EELEC  =   -105655.1945  EHBOND  =         0.0000  RESTRAINT  =         0.0000
 ------------------------------------------------------------------------------


 NSTEP =    14500   TIME(PS) =      17.250  TEMP(K) =   300.76  PRESS =     0.0
 Etot   =    -52029.8215  EKtot   =     20693.2402  EPtot      =    -72723.0618
 BOND   =     12715.9540  ANGLE   =      1061.6951  DIHED      =      1327.0278
 1-4 NB =       446.1837  1-4 EEL =      4659.3443  VDWAALS    =     12862.6975
 EELEC  =   -105795.9642  EHBOND  =         0.0000  RESTRAINT  =         0.0000
 ------------------------------------------------------------------------------


 NSTEP =    15000   TIME(PS) =      17.500  TEMP(K) =   298.95  PRESS =     0.0
 Etot   =    -52269.0925  EKtot   =     20568.2559  EPtot      =    -72837.3483
 BOND   =     12756.7904  ANGLE   =      1028.4394  DIHED      =      1334.4159
 1-4 NB =       445.2367  1-4 EEL =      4615.6642  VDWAALS    =     12678.0822
 EELEC  =   -105695.9772  EHBOND  =         0.0000  RESTRAINT  =         0.0000
 ------------------------------------------------------------------------------


 NSTEP =    15500   TIME(PS) =      17.750  TEMP(K) =   298.28  PRESS =     0.0
 Etot   =    -52471.1915  EKtot   =     20522.7637  EPtot      =    -72993.9551
 BOND   =     12765.4358  ANGLE   =      1061.7091  DIHED      =      1337.2900
 1-4 NB =       436.1769  1-4 EEL =      4624.8389  VDWAALS    =     12868.5424
 EELEC  =   -106087.9484  EHBOND  =         0.0000  RESTRAINT  =         0.0000
 ------------------------------------------------------------------------------


 NSTEP =    16000   TIME(PS) =      18.000  TEMP(K) =   298.20  PRESS =     0.0
 Etot   =    -52477.4393  EKtot   =     20516.7305  EPtot      =    -72994.1698
 BOND   =     12631.4806  ANGLE   =      1076.2244  DIHED      =      1329.9825
 1-4 NB =       438.6652  1-4 EEL =      4651.2935  VDWAALS    =     12938.8944
 EELEC  =   -106060.7103  EHBOND  =         0.0000  RESTRAINT  =         0.0000
 ------------------------------------------------------------------------------


 NSTEP =    16500   TIME(PS) =      18.250  TEMP(K) =   300.88  PRESS =     0.0
 Etot   =    -52361.8647  EKtot   =     20701.0859  EPtot      =    -73062.9506
 BOND   =     12632.8633  ANGLE   =      1037.5652  DIHED      =      1318.2426
 1-4 NB =       447.0492  1-4 EEL =      4638.5304  VDWAALS    =     12682.4837
 EELEC  =   -105819.6850  EHBOND  =         0.0000  RESTRAINT  =         0.0000
 ------------------------------------------------------------------------------


 NSTEP =    17000   TIME(PS) =      18.500  TEMP(K) =   300.58  PRESS =     0.0
 Etot   =    -52268.6721  EKtot   =     20680.8594  EPtot      =    -72949.5314
 BOND   =     12619.4909  ANGLE   =      1026.8491  DIHED      =      1307.2762
 1-4 NB =       442.7344  1-4 EEL =      4641.2853  VDWAALS    =     12713.8696
 EELEC  =   -105701.0369  EHBOND  =         0.0000  RESTRAINT  =         0.0000
 ------------------------------------------------------------------------------


 NSTEP =    17500   TIME(PS) =      18.750  TEMP(K) =   298.19  PRESS =     0.0
 Etot   =    -52511.2565  EKtot   =     20516.3750  EPtot      =    -73027.6315
 BOND   =     12743.5053  ANGLE   =      1006.7801  DIHED      =      1327.7496
 1-4 NB =       451.3011  1-4 EEL =      4632.5292  VDWAALS    =     13066.8465
 EELEC  =   -106256.3432  EHBOND  =         0.0000  RESTRAINT  =         0.0000
 ------------------------------------------------------------------------------


 NSTEP =    18000   TIME(PS) =      19.000  TEMP(K) =   299.02  PRESS =     0.0
 Etot   =    -52436.1428  EKtot   =     20573.4609  EPtot      =    -73009.6037
 BOND   =     12859.3261  ANGLE   =       999.7188  DIHED      =      1336.9417
 1-4 NB =       445.5876  1-4 EEL =      4610.1368  VDWAALS    =     12925.3603
 EELEC  =   -106186.6750  EHBOND  =         0.0000  RESTRAINT  =         0.0000
 ------------------------------------------------------------------------------


 NSTEP =    18500   TIME(PS) =      19.250  TEMP(K) =   298.61  PRESS =     0.0
 Etot   =    -52302.6158  EKtot   =     20544.9512  EPtot      =    -72847.5669
 BOND   =     12814.8328  ANGLE   =      1018.0725  DIHED      =      1315.3051
 1-4 NB =       435.1721  1-4 EEL =      4625.8032  VDWAALS    =     12722.8030
 EELEC  =   -105779.5557  EHBOND  =         0.0000  RESTRAINT  =         0.0000
 ------------------------------------------------------------------------------


 NSTEP =    19000   TIME(PS) =      19.500  TEMP(K) =   300.66  PRESS =     0.0
 Etot   =    -52191.4798  EKtot   =     20686.0215  EPtot      =    -72877.5013
 BOND   =     12798.8751  ANGLE   =      1017.7674  DIHED      =      1315.7287
 1-4 NB =       446.6344  1-4 EEL =      4626.6946  VDWAALS    =     12835.1787
 EELEC  =   -105918.3802  EHBOND  =         0.0000  RESTRAINT  =         0.0000
 ------------------------------------------------------------------------------


 NSTEP =    19500   TIME(PS) =      19.750  TEMP(K) =   298.14  PRESS =     0.0
 Etot   =    -52211.7998  EKtot   =     20512.8555  EPtot      =    -72724.6552
 BOND   =     12857.6123  ANGLE   =      1032.2372  DIHED      =      1330.6876
 1-4 NB =       445.9904  1-4 EEL =      4582.1319  VDWAALS    =     12651.2417
 EELEC  =   -105624.5563  EHBOND  =         0.0000  RESTRAINT  =         0.0000
 ------------------------------------------------------------------------------


 NSTEP =    20000   TIME(PS) =      20.000  TEMP(K) =   300.26  PRESS =     0.0
 Etot   =    -52369.2338  EKtot   =     20658.8633  EPtot      =    -73028.0970
 BOND   =     12845.6276  ANGLE   =      1070.0983  DIHED      =      1338.1071
 1-4 NB =       443.4192  1-4 EEL =      4640.2515  VDWAALS    =     12864.6467
 EELEC  =   -106230.2474  EHBOND  =         0.0000  RESTRAINT  =         0.0000
 ------------------------------------------------------------------------------


      A V E R A G E S   O V E R      40 S T E P S


 NSTEP =    20000   TIME(PS) =      20.000  TEMP(K) =   298.64  PRESS =     0.0
 Etot   =    -52107.4974  EKtot   =     20547.2820  EPtot      =    -72654.7794
 BOND   =     12453.1790  ANGLE   =      1031.3243  DIHED      =      1327.4594
 1-4 NB =       443.3638  1-4 EEL =      4638.9307  VDWAALS    =     12647.1323
 EELEC  =   -105196.1690  EHBOND  =         0.0000  RESTRAINT  =         0.0000
 ------------------------------------------------------------------------------


      R M S  F L U C T U A T I O N S


 NSTEP =    20000   TIME(PS) =      20.000  TEMP(K) =     5.27  PRESS =     0.0
 Etot   =       508.9680  EKtot   =       362.5073  EPtot      =       266.5884
 BOND   =       991.8550  ANGLE   =        26.5285  DIHED      =        11.3813
 1-4 NB =         8.0532  1-4 EEL =        25.6732  VDWAALS    =       280.7867
 EELEC  =      1232.9694  EHBOND  =         0.0000  RESTRAINT  =         0.0000
 ------------------------------------------------------------------------------

--------------------------------------------------------------------------------
   5.  TIMINGS
--------------------------------------------------------------------------------

|  NonSetup CPU Time in Major Routines:
|
|     Routine           Sec        %
|     ------------------------------
|     Nonbond           4.17   11.60
|     Bond              0.00    0.00
|     Angle             0.00    0.00
|     Dihedral          0.00    0.00
|     Shake             0.00    0.00
|     RunMD            31.74   88.24
|     Other             0.06    0.17
|     ------------------------------
|     Total            35.98

|  PME Nonbond Pairlist CPU Time:
|
|     Routine              Sec        %
|     ---------------------------------
|     Set Up Cit           0.00    0.00
|     Build List           0.00    0.00
|     ---------------------------------
|     Total                0.00    0.00

|  PME Direct Force CPU Time:
|
|     Routine              Sec        %
|     ---------------------------------
|     NonBonded Calc       0.00    0.00
|     Exclude Masked       0.00    0.00
|     Other                0.02    0.06
|     ---------------------------------
|     Total                0.02    0.06

|  PME Reciprocal Force CPU Time:
|
|     Routine              Sec        %
|     ---------------------------------
|     1D bspline           0.00    0.00
|     Grid Charges         0.00    0.00
|     Scalar Sum           0.00    0.00
|     Gradient Sum         0.00    0.00
|     FFT                  0.00    0.00
|     ---------------------------------
|     Total                0.00    0.00

|  Final Performance Info:
|     -----------------------------------------------------
|     Average timings for last   19500 steps:
|     Elapsed(s) =      35.78 Per Step(ms) =       1.83
|         ns/day =      23.54   seconds/ns =    3669.79
|
|     Average timings for all steps:
|     Elapsed(s) =      36.75 Per Step(ms) =       1.84
|         ns/day =      23.51   seconds/ns =    3674.69
|     -----------------------------------------------------

|  Setup CPU time:            3.30 seconds
|  NonSetup CPU time:        35.98 seconds
|  Total CPU time:           39.27 seconds     0.01 hours

|  Setup wall time:           5    seconds
|  NonSetup wall time:       37    seconds
|  Total wall time:          42    seconds     0.01 hours
