
          -------------------------------------------------------
          Amber 16 PMEMD                              2016
          -------------------------------------------------------

| PMEMD implementation of SANDER, Release 16

| Run on 08/24/2017 at 12:51:12

|   Executable path: /apps/amber16/bin/pmemd.cuda
| Working directory: /scratch/pbarletta/pdz/run/lb/neq/data/2
|          Hostname: mordor

  [-O]verwriting output

File Assignments:
|   MDIN: pdt.in                                                                
|  MDOUT: 200plb_2.out                                                          
| INPCRD: ../1/200plb_1.rst7                                                    
|   PARM: /scratch/pbarletta/pdz/top_files/lb.prmtop                            
| RESTRT: 200plb_2.rst7                                                         
|   REFC: refc                                                                  
|  MDVEL: mdvel                                                                 
|   MDEN: mden                                                                  
|  MDCRD: 200plb_2.nc                                                           
| MDINFO: mdinfo                                                                
|  MDFRC: mdfrc                                                                 


 Here is the input file:

!NVE run                                                                       
&cntrl                                                                         
imin = 0,                           ! No Minimization                          
nmropt = 0,                         ! No NMR restraints read                   
                                                                               
! Nature and format of the input                                               
ntx = 5,                            ! Coordinates and velocities will be read  
irest = 1,                          ! Restart simulation                       
                                                                               
! Nature and format of the output                                              
ioutfm = 1,			    ! NetCDF format for output files                             
ntxo = 1,                           ! rstrt file in ASCII format               
ntpr = 500,                         ! inf in output every ntpr steps           
ntwr = 500,                         ! rstrt file every ntwr steps              
ntwx = 20,                          ! mdcrd file every ntwx steps              
ntwv = -1,                          ! mdvel without velocities                 
ntwe = 0,                           ! Energies and temperatures not written in 
idecomp = 0,                        ! No energy decomposition                  
iwrap = 1,                          ! Coordinates of the restart and mdcrd file
                                                                               
! Frozen or restrained atoms                                                   
ibelly = 0,                         ! No frozen atoms                          
ntr=0,                              ! Harmonic potential restraints            
                                                                               
! Molecular dynamics                                                           
nstlim = 20000,                      ! Number of MD-steps                      
dt = 0.0005,                        ! Time step                                
                                                                               
! Temperature regulation                                                       
ntt = 3,                            ! Langevin thermostat                      
gamma_ln = 2,                       ! Gamma constant for Langevin              
temp0 = 300.0,                      ! Reference T at which the system is to be 
tempi = 300.0,                      ! Initial T                                
                                                                               
! P and V regulation                                                           
ntp = 0,                            ! No P control                             
ntb = 1,                            ! constant V                               
                                                                               
! SHAKE variables                                                              
ntc = 1,                            ! No SHAKE                                 
ntf = 1,                            ! Get E with allatom                       
                                                                               
cut = 9.0,                          ! Nonbonded cutoff                         
/                                                                              
&end                                                                           


Note: ig = -1. Setting random seed to   531548 based on wallclock time in 
      microseconds.
| irandom = 1, using AMBER's internal random number generator (default).
 
|--------------------- INFORMATION ----------------------
| GPU (CUDA) Version of PMEMD in use: NVIDIA GPU IN USE.
|                    Version 16.0.0
| 
|                      02/25/2016
| 
| Implementation by:
|                    Ross C. Walker     (SDSC)
|                    Scott Le Grand     (nVIDIA)
| 
| Precision model in use:
|      [SPFP] - Single Precision Forces, 64-bit Fixed Point
|               Accumulation. (Default)
| 
|--------------------------------------------------------
 
|----------------- CITATION INFORMATION -----------------
|
|    When publishing work that utilized the CUDA version
|    of AMBER, please cite the following in addition to
|    the regular AMBER citations:
|
|  - Romelia Salomon-Ferrer; Andreas W. Goetz; Duncan
|    Poole; Scott Le Grand; Ross C. Walker "Routine
|    microsecond molecular dynamics simulations with
|    AMBER - Part II: Particle Mesh Ewald", J. Chem.
|    Theory Comput., 2013, 9 (9), pp3878-3888,
|    DOI: 10.1021/ct400314y.
|
|  - Andreas W. Goetz; Mark J. Williamson; Dong Xu;
|    Duncan Poole; Scott Le Grand; Ross C. Walker
|    "Routine microsecond molecular dynamics simulations
|    with AMBER - Part I: Generalized Born", J. Chem.
|    Theory Comput., 2012, 8 (5), pp1542-1555.
|
|  - Scott Le Grand; Andreas W. Goetz; Ross C. Walker
|    "SPFP: Speed without compromise - a mixed precision
|    model for GPU accelerated molecular dynamics
|    simulations.", Comp. Phys. Comm., 2013, 184
|    pp374-380, DOI: 10.1016/j.cpc.2012.09.022
|
|--------------------------------------------------------
 
|------------------- GPU DEVICE INFO --------------------
|
|            CUDA_VISIBLE_DEVICES: 0
|   CUDA Capable Devices Detected:      1
|           CUDA Device ID in use:      0
|                CUDA Device Name: GeForce GTX TITAN
|     CUDA Device Global Mem Size:   6082 MB
| CUDA Device Num Multiprocessors:     14
|           CUDA Device Core Freq:   0.93 GHz
|
|--------------------------------------------------------
 
 
| Conditional Compilation Defines Used:
| PUBFFT
| BINTRAJ
| CUDA
| EMIL

| Largest sphere to fit in unit cell has radius =    26.281

| New format PARM file being parsed.
| Version =    1.000 Date = 09/04/12 Time = 16:08:43

| Note: 1-4 EEL scale factors are being read from the topology file.

| Note: 1-4 VDW scale factors are being read from the topology file.
| Duplicated    0 dihedrals

| Duplicated    0 dihedrals

--------------------------------------------------------------------------------
   1.  RESOURCE   USE: 
--------------------------------------------------------------------------------

 getting new box info from bottom of inpcrd
 NATOM  =   23082 NTYPES =      16 NBONH =   22055 MBONA  =    1038
 NTHETH =    2390 MTHETA =    1396 NPHIH =    4631 MPHIA  =    3488
 NHPARM =       0 NPARM  =       0 NNB   =   39434 NRES   =    7134
 NBONA  =    1038 NTHETA =    1396 NPHIA =    3488 NUMBND =      41
 NUMANG =      86 NPTRA  =      41 NATYP =      28 NPHB   =       1
 IFBOX  =       1 NMXRS  =      24 IFCAP =       0 NEXTRA =       0
 NCOPY  =       0

| Coordinate Index Table dimensions:    12   14   10
| Direct force subcell size =     5.0212    5.2012    5.2562

     BOX TYPE: RECTILINEAR

--------------------------------------------------------------------------------
   2.  CONTROL  DATA  FOR  THE  RUN
--------------------------------------------------------------------------------

default_name                                                                    

General flags:
     imin    =       0, nmropt  =       0

Nature and format of input:
     ntx     =       5, irest   =       1, ntrx    =       1

Nature and format of output:
     ntxo    =       1, ntpr    =     500, ntrx    =       1, ntwr    =     500
     iwrap   =       1, ntwx    =      20, ntwv    =      -1, ntwe    =       0
     ioutfm  =       1, ntwprt  =       0, idecomp =       0, rbornstat=      0

Potential function:
     ntf     =       1, ntb     =       1, igb     =       0, nsnb    =      25
     ipol    =       0, gbsa    =       0, iesp    =       0
     dielc   =   1.00000, cut     =   9.00000, intdiel =   1.00000

Frozen or restrained atoms:
     ibelly  =       0, ntr     =       0

Molecular dynamics:
     nstlim  =     20000, nscm    =      1000, nrespa  =         1
     t       =   0.00000, dt      =   0.00050, vlimit  =  -1.00000

Langevin dynamics temperature regulation:
     ig      =  531548
     temp0   = 300.00000, tempi   = 300.00000, gamma_ln=   2.00000

| Intermolecular bonds treatment:
|     no_intermolecular_bonds =       1

| Energy averages sample interval:
|     ene_avg_sampling =     500

Ewald parameters:
     verbose =       0, ew_type =       0, nbflag  =       1, use_pme =       1
     vdwmeth =       1, eedmeth =       1, netfrc  =       1
     Box X =   60.254   Box Y =   72.816   Box Z =   52.562
     Alpha =   90.000   Beta  =   90.000   Gamma =   90.000
     NFFT1 =   64       NFFT2 =   80       NFFT3 =   56
     Cutoff=    9.000   Tol   =0.100E-04
     Ewald Coefficient =  0.30768
     Interpolation order =    4

--------------------------------------------------------------------------------
   3.  ATOMIC COORDINATES AND VELOCITIES
--------------------------------------------------------------------------------

default_name                                                                    
 begin time read from input coords =    10.000 ps

 
 Number of triangulated 3-point waters found:     7002

     Sum of charges from parm topology file =  -0.00000008
     Forcing neutrality...

| Dynamic Memory, Types Used:
| Reals              710578
| Integers           737140

| Nonbonded Pairs Initial Allocation:     5262696

| GPU memory information (estimate):
| KB of GPU memory in use:    132483
| KB of CPU memory in use:     27891

--------------------------------------------------------------------------------
   4.  RESULTS
--------------------------------------------------------------------------------

 ---------------------------------------------------
 APPROXIMATING switch and d/dx switch using CUBIC SPLINE INTERPOLATION
 using   5000.0 points per unit in tabled values
 TESTING RELATIVE ERROR over r ranging from 0.0 to cutoff
| CHECK switch(x): max rel err =   0.2738E-14   at   2.422500
| CHECK d/dx switch(x): max rel err =   0.8314E-11   at   2.736960
 ---------------------------------------------------
|---------------------------------------------------
| APPROXIMATING direct energy using CUBIC SPLINE INTERPOLATION
|  with   50.0 points per unit in tabled values
| Relative Error Limit not exceeded for r .gt.   2.39
| APPROXIMATING direct force using CUBIC SPLINE INTERPOLATION
|  with   50.0 points per unit in tabled values
| Relative Error Limit not exceeded for r .gt.   2.84
|---------------------------------------------------

 NSTEP =      500   TIME(PS) =      10.250  TEMP(K) =   274.99  PRESS =     0.0
 Etot   =    -54314.7075  EKtot   =     18919.7988  EPtot      =    -73234.5064
 BOND   =      7033.2254  ANGLE   =       993.5204  DIHED      =      1320.4796
 1-4 NB =       453.3987  1-4 EEL =      4698.5473  VDWAALS    =     11631.8629
 EELEC  =    -99365.5408  EHBOND  =         0.0000  RESTRAINT  =         0.0000
 ------------------------------------------------------------------------------


 NSTEP =     1000   TIME(PS) =      10.500  TEMP(K) =   283.00  PRESS =     0.0
 Etot   =    -53339.8992  EKtot   =     19471.0352  EPtot      =    -72810.9344
 BOND   =     10077.1838  ANGLE   =      1012.7780  DIHED      =      1324.9834
 1-4 NB =       442.2363  1-4 EEL =      4624.8475  VDWAALS    =     11855.2251
 EELEC  =   -102148.1885  EHBOND  =         0.0000  RESTRAINT  =         0.0000
 ------------------------------------------------------------------------------


 NSTEP =     1500   TIME(PS) =      10.750  TEMP(K) =   291.73  PRESS =     0.0
 Etot   =    -52388.4974  EKtot   =     20072.0215  EPtot      =    -72460.5189
 BOND   =     11567.8711  ANGLE   =      1024.0804  DIHED      =      1318.7246
 1-4 NB =       449.8619  1-4 EEL =      4662.6565  VDWAALS    =     12156.9202
 EELEC  =   -103640.6337  EHBOND  =         0.0000  RESTRAINT  =         0.0000
 ------------------------------------------------------------------------------


 NSTEP =     2000   TIME(PS) =      11.000  TEMP(K) =   294.52  PRESS =     0.0
 Etot   =    -52159.3967  EKtot   =     20263.4395  EPtot      =    -72422.8361
 BOND   =     12118.4966  ANGLE   =      1024.7335  DIHED      =      1326.9531
 1-4 NB =       431.2980  1-4 EEL =      4634.2054  VDWAALS    =     12354.8579
 EELEC  =   -104313.3806  EHBOND  =         0.0000  RESTRAINT  =         0.0000
 ------------------------------------------------------------------------------


 NSTEP =     2500   TIME(PS) =      11.250  TEMP(K) =   297.26  PRESS =     0.0
 Etot   =    -52145.2541  EKtot   =     20452.5566  EPtot      =    -72597.8107
 BOND   =     12283.3676  ANGLE   =      1039.1980  DIHED      =      1324.8066
 1-4 NB =       456.6271  1-4 EEL =      4668.8288  VDWAALS    =     12818.2406
 EELEC  =   -105188.8794  EHBOND  =         0.0000  RESTRAINT  =         0.0000
 ------------------------------------------------------------------------------


 NSTEP =     3000   TIME(PS) =      11.500  TEMP(K) =   299.12  PRESS =     0.0
 Etot   =    -51931.0059  EKtot   =     20579.9551  EPtot      =    -72510.9610
 BOND   =     12423.0521  ANGLE   =      1032.9756  DIHED      =      1328.8892
 1-4 NB =       424.1523  1-4 EEL =      4656.1802  VDWAALS    =     12479.2814
 EELEC  =   -104855.4919  EHBOND  =         0.0000  RESTRAINT  =         0.0000
 ------------------------------------------------------------------------------


 NSTEP =     3500   TIME(PS) =      11.750  TEMP(K) =   300.22  PRESS =     0.0
 Etot   =    -51919.7534  EKtot   =     20655.5938  EPtot      =    -72575.3472
 BOND   =     12673.7652  ANGLE   =      1027.3868  DIHED      =      1332.3542
 1-4 NB =       449.9907  1-4 EEL =      4685.0693  VDWAALS    =     12739.3980
 EELEC  =   -105483.3114  EHBOND  =         0.0000  RESTRAINT  =         0.0000
 ------------------------------------------------------------------------------


 NSTEP =     4000   TIME(PS) =      12.000  TEMP(K) =   300.86  PRESS =     0.0
 Etot   =    -51987.9774  EKtot   =     20700.0098  EPtot      =    -72687.9872
 BOND   =     12706.8010  ANGLE   =       985.5943  DIHED      =      1331.8500
 1-4 NB =       441.3364  1-4 EEL =      4674.8983  VDWAALS    =     12703.3353
 EELEC  =   -105531.8025  EHBOND  =         0.0000  RESTRAINT  =         0.0000
 ------------------------------------------------------------------------------


 NSTEP =     4500   TIME(PS) =      12.250  TEMP(K) =   301.94  PRESS =     0.0
 Etot   =    -51899.3462  EKtot   =     20774.4277  EPtot      =    -72673.7739
 BOND   =     12654.4677  ANGLE   =      1013.5974  DIHED      =      1330.6804
 1-4 NB =       439.1180  1-4 EEL =      4660.0112  VDWAALS    =     12669.1487
 EELEC  =   -105440.7973  EHBOND  =         0.0000  RESTRAINT  =         0.0000
 ------------------------------------------------------------------------------


 NSTEP =     5000   TIME(PS) =      12.500  TEMP(K) =   299.83  PRESS =     0.0
 Etot   =    -51889.9789  EKtot   =     20629.2930  EPtot      =    -72519.2718
 BOND   =     12596.5827  ANGLE   =      1002.4825  DIHED      =      1354.3246
 1-4 NB =       447.7804  1-4 EEL =      4644.5209  VDWAALS    =     12764.2305
 EELEC  =   -105329.1934  EHBOND  =         0.0000  RESTRAINT  =         0.0000
 ------------------------------------------------------------------------------


 NSTEP =     5500   TIME(PS) =      12.750  TEMP(K) =   298.67  PRESS =     0.0
 Etot   =    -51901.1965  EKtot   =     20549.2676  EPtot      =    -72450.4640
 BOND   =     12712.3781  ANGLE   =      1020.6050  DIHED      =      1331.1133
 1-4 NB =       443.5207  1-4 EEL =      4671.8702  VDWAALS    =     12509.9195
 EELEC  =   -105139.8709  EHBOND  =         0.0000  RESTRAINT  =         0.0000
 ------------------------------------------------------------------------------


 NSTEP =     6000   TIME(PS) =      13.000  TEMP(K) =   299.67  PRESS =     0.0
 Etot   =    -51827.2212  EKtot   =     20617.9922  EPtot      =    -72445.2133
 BOND   =     12798.4872  ANGLE   =      1008.9567  DIHED      =      1336.9363
 1-4 NB =       439.4085  1-4 EEL =      4613.7089  VDWAALS    =     12672.1545
 EELEC  =   -105314.8656  EHBOND  =         0.0000  RESTRAINT  =         0.0000
 ------------------------------------------------------------------------------


 NSTEP =     6500   TIME(PS) =      13.250  TEMP(K) =   301.06  PRESS =     0.0
 Etot   =    -51785.2119  EKtot   =     20713.8867  EPtot      =    -72499.0986
 BOND   =     12843.5690  ANGLE   =      1047.7563  DIHED      =      1318.3541
 1-4 NB =       452.7697  1-4 EEL =      4672.0171  VDWAALS    =     12704.4986
 EELEC  =   -105538.0634  EHBOND  =         0.0000  RESTRAINT  =         0.0000
 ------------------------------------------------------------------------------


 NSTEP =     7000   TIME(PS) =      13.500  TEMP(K) =   301.05  PRESS =     0.0
 Etot   =    -51844.2011  EKtot   =     20713.1992  EPtot      =    -72557.4003
 BOND   =     12853.3196  ANGLE   =      1050.6592  DIHED      =      1315.4415
 1-4 NB =       440.6888  1-4 EEL =      4659.2583  VDWAALS    =     12718.7404
 EELEC  =   -105595.5081  EHBOND  =         0.0000  RESTRAINT  =         0.0000
 ------------------------------------------------------------------------------


 NSTEP =     7500   TIME(PS) =      13.750  TEMP(K) =   301.10  PRESS =     0.0
 Etot   =    -51877.2724  EKtot   =     20716.7266  EPtot      =    -72593.9989
 BOND   =     12834.4800  ANGLE   =      1051.1865  DIHED      =      1332.2918
 1-4 NB =       443.0777  1-4 EEL =      4630.1047  VDWAALS    =     12765.5329
 EELEC  =   -105650.6726  EHBOND  =         0.0000  RESTRAINT  =         0.0000
 ------------------------------------------------------------------------------


 NSTEP =     8000   TIME(PS) =      14.000  TEMP(K) =   300.17  PRESS =     0.0
 Etot   =    -52035.9138  EKtot   =     20652.3477  EPtot      =    -72688.2615
 BOND   =     12892.1976  ANGLE   =      1030.5969  DIHED      =      1299.0276
 1-4 NB =       453.5468  1-4 EEL =      4659.7623  VDWAALS    =     12920.3474
 EELEC  =   -105943.7401  EHBOND  =         0.0000  RESTRAINT  =         0.0000
 ------------------------------------------------------------------------------


 NSTEP =     8500   TIME(PS) =      14.250  TEMP(K) =   302.97  PRESS =     0.0
 Etot   =    -52108.5766  EKtot   =     20845.1953  EPtot      =    -72953.7719
 BOND   =     12717.0120  ANGLE   =      1038.5325  DIHED      =      1325.2364
 1-4 NB =       458.1090  1-4 EEL =      4628.9620  VDWAALS    =     12770.2727
 EELEC  =   -105891.8964  EHBOND  =         0.0000  RESTRAINT  =         0.0000
 ------------------------------------------------------------------------------


 NSTEP =     9000   TIME(PS) =      14.500  TEMP(K) =   301.88  PRESS =     0.0
 Etot   =    -52018.9330  EKtot   =     20770.3398  EPtot      =    -72789.2729
 BOND   =     12916.3536  ANGLE   =      1035.3025  DIHED      =      1324.3014
 1-4 NB =       450.4239  1-4 EEL =      4667.0411  VDWAALS    =     12796.5828
 EELEC  =   -105979.2782  EHBOND  =         0.0000  RESTRAINT  =         0.0000
 ------------------------------------------------------------------------------


 NSTEP =     9500   TIME(PS) =      14.750  TEMP(K) =   298.76  PRESS =     0.0
 Etot   =    -51964.4819  EKtot   =     20555.7148  EPtot      =    -72520.1967
 BOND   =     12901.1897  ANGLE   =       959.5368  DIHED      =      1333.0707
 1-4 NB =       453.2169  1-4 EEL =      4690.4236  VDWAALS    =     12813.5713
 EELEC  =   -105671.2056  EHBOND  =         0.0000  RESTRAINT  =         0.0000
 ------------------------------------------------------------------------------


 NSTEP =    10000   TIME(PS) =      15.000  TEMP(K) =   299.03  PRESS =     0.0
 Etot   =    -52128.8953  EKtot   =     20573.6973  EPtot      =    -72702.5925
 BOND   =     12799.6304  ANGLE   =      1017.7140  DIHED      =      1323.5405
 1-4 NB =       445.7596  1-4 EEL =      4659.7787  VDWAALS    =     12735.5824
 EELEC  =   -105684.5981  EHBOND  =         0.0000  RESTRAINT  =         0.0000
 ------------------------------------------------------------------------------


 NSTEP =    10500   TIME(PS) =      15.250  TEMP(K) =   297.69  PRESS =     0.0
 Etot   =    -52192.8249  EKtot   =     20481.6719  EPtot      =    -72674.4968
 BOND   =     12774.6429  ANGLE   =       974.9687  DIHED      =      1343.9889
 1-4 NB =       450.9771  1-4 EEL =      4643.6736  VDWAALS    =     12721.4570
 EELEC  =   -105584.2050  EHBOND  =         0.0000  RESTRAINT  =         0.0000
 ------------------------------------------------------------------------------


 NSTEP =    11000   TIME(PS) =      15.500  TEMP(K) =   296.58  PRESS =     0.0
 Etot   =    -52374.9908  EKtot   =     20405.7520  EPtot      =    -72780.7427
 BOND   =     12711.6792  ANGLE   =      1047.9233  DIHED      =      1314.9206
 1-4 NB =       430.8162  1-4 EEL =      4600.0002  VDWAALS    =     12900.8655
 EELEC  =   -105786.9477  EHBOND  =         0.0000  RESTRAINT  =         0.0000
 ------------------------------------------------------------------------------


 NSTEP =    11500   TIME(PS) =      15.750  TEMP(K) =   296.51  PRESS =     0.0
 Etot   =    -52345.8342  EKtot   =     20400.6660  EPtot      =    -72746.5002
 BOND   =     12814.7167  ANGLE   =      1060.1286  DIHED      =      1317.1180
 1-4 NB =       443.4756  1-4 EEL =      4657.6894  VDWAALS    =     12665.8203
 EELEC  =   -105705.4488  EHBOND  =         0.0000  RESTRAINT  =         0.0000
 ------------------------------------------------------------------------------


 NSTEP =    12000   TIME(PS) =      16.000  TEMP(K) =   299.58  PRESS =     0.0
 Etot   =    -52231.9184  EKtot   =     20612.1953  EPtot      =    -72844.1137
 BOND   =     12791.9393  ANGLE   =      1045.0477  DIHED      =      1320.3635
 1-4 NB =       438.3564  1-4 EEL =      4643.6094  VDWAALS    =     12758.7086
 EELEC  =   -105842.1384  EHBOND  =         0.0000  RESTRAINT  =         0.0000
 ------------------------------------------------------------------------------


 NSTEP =    12500   TIME(PS) =      16.250  TEMP(K) =   297.82  PRESS =     0.0
 Etot   =    -52192.2808  EKtot   =     20490.5684  EPtot      =    -72682.8491
 BOND   =     12938.3637  ANGLE   =       994.7484  DIHED      =      1349.9698
 1-4 NB =       458.3380  1-4 EEL =      4646.4091  VDWAALS    =     12866.3923
 EELEC  =   -105937.0704  EHBOND  =         0.0000  RESTRAINT  =         0.0000
 ------------------------------------------------------------------------------


 NSTEP =    13000   TIME(PS) =      16.500  TEMP(K) =   299.31  PRESS =     0.0
 Etot   =    -52191.5557  EKtot   =     20593.4238  EPtot      =    -72784.9795
 BOND   =     12750.5384  ANGLE   =      1015.5050  DIHED      =      1336.2944
 1-4 NB =       446.8229  1-4 EEL =      4657.3581  VDWAALS    =     12898.0751
 EELEC  =   -105889.5734  EHBOND  =         0.0000  RESTRAINT  =         0.0000
 ------------------------------------------------------------------------------


 NSTEP =    13500   TIME(PS) =      16.750  TEMP(K) =   301.10  PRESS =     0.0
 Etot   =    -52012.5026  EKtot   =     20716.1973  EPtot      =    -72728.6999
 BOND   =     12811.9311  ANGLE   =      1010.0044  DIHED      =      1312.1252
 1-4 NB =       441.0785  1-4 EEL =      4648.2552  VDWAALS    =     12653.8644
 EELEC  =   -105605.9586  EHBOND  =         0.0000  RESTRAINT  =         0.0000
 ------------------------------------------------------------------------------


 NSTEP =    14000   TIME(PS) =      17.000  TEMP(K) =   298.83  PRESS =     0.0
 Etot   =    -52055.9180  EKtot   =     20560.1816  EPtot      =    -72616.0997
 BOND   =     12815.5934  ANGLE   =      1052.2980  DIHED      =      1317.2160
 1-4 NB =       420.1261  1-4 EEL =      4594.8926  VDWAALS    =     12702.8002
 EELEC  =   -105519.0261  EHBOND  =         0.0000  RESTRAINT  =         0.0000
 ------------------------------------------------------------------------------


 NSTEP =    14500   TIME(PS) =      17.250  TEMP(K) =   301.99  PRESS =     0.0
 Etot   =    -51897.0195  EKtot   =     20777.7285  EPtot      =    -72674.7480
 BOND   =     12654.8484  ANGLE   =      1022.5183  DIHED      =      1297.5583
 1-4 NB =       449.4734  1-4 EEL =      4640.5067  VDWAALS    =     12694.2362
 EELEC  =   -105433.8892  EHBOND  =         0.0000  RESTRAINT  =         0.0000
 ------------------------------------------------------------------------------


 NSTEP =    15000   TIME(PS) =      17.500  TEMP(K) =   300.00  PRESS =     0.0
 Etot   =    -51857.0153  EKtot   =     20640.9473  EPtot      =    -72497.9626
 BOND   =     12787.1128  ANGLE   =      1016.9189  DIHED      =      1331.3528
 1-4 NB =       453.2852  1-4 EEL =      4647.8554  VDWAALS    =     12763.0257
 EELEC  =   -105497.5133  EHBOND  =         0.0000  RESTRAINT  =         0.0000
 ------------------------------------------------------------------------------


 NSTEP =    15500   TIME(PS) =      17.750  TEMP(K) =   302.40  PRESS =     0.0
 Etot   =    -51779.6568  EKtot   =     20805.8672  EPtot      =    -72585.5239
 BOND   =     12657.1111  ANGLE   =      1017.8667  DIHED      =      1320.2538
 1-4 NB =       448.1529  1-4 EEL =      4644.2958  VDWAALS    =     12305.9888
 EELEC  =   -104979.1930  EHBOND  =         0.0000  RESTRAINT  =         0.0000
 ------------------------------------------------------------------------------


 NSTEP =    16000   TIME(PS) =      18.000  TEMP(K) =   298.46  PRESS =     0.0
 Etot   =    -51978.1576  EKtot   =     20534.5566  EPtot      =    -72512.7142
 BOND   =     12678.9757  ANGLE   =      1008.8971  DIHED      =      1300.3695
 1-4 NB =       465.5520  1-4 EEL =      4661.0636  VDWAALS    =     12576.2935
 EELEC  =   -105203.8658  EHBOND  =         0.0000  RESTRAINT  =         0.0000
 ------------------------------------------------------------------------------


 NSTEP =    16500   TIME(PS) =      18.250  TEMP(K) =   301.19  PRESS =     0.0
 Etot   =    -51923.8328  EKtot   =     20722.5527  EPtot      =    -72646.3855
 BOND   =     12729.0479  ANGLE   =      1046.2227  DIHED      =      1328.4304
 1-4 NB =       429.8410  1-4 EEL =      4643.9088  VDWAALS    =     12681.7476
 EELEC  =   -105505.5839  EHBOND  =         0.0000  RESTRAINT  =         0.0000
 ------------------------------------------------------------------------------


 NSTEP =    17000   TIME(PS) =      18.500  TEMP(K) =   298.00  PRESS =     0.0
 Etot   =    -52042.9090  EKtot   =     20503.2285  EPtot      =    -72546.1375
 BOND   =     12813.4655  ANGLE   =      1081.5484  DIHED      =      1349.7573
 1-4 NB =       434.1338  1-4 EEL =      4614.0396  VDWAALS    =     12908.7467
 EELEC  =   -105747.8287  EHBOND  =         0.0000  RESTRAINT  =         0.0000
 ------------------------------------------------------------------------------


 NSTEP =    17500   TIME(PS) =      18.750  TEMP(K) =   299.55  PRESS =     0.0
 Etot   =    -52129.9982  EKtot   =     20609.6211  EPtot      =    -72739.6193
 BOND   =     12707.9927  ANGLE   =      1065.9677  DIHED      =      1333.5810
 1-4 NB =       446.1791  1-4 EEL =      4652.7791  VDWAALS    =     12797.8448
 EELEC  =   -105743.9637  EHBOND  =         0.0000  RESTRAINT  =         0.0000
 ------------------------------------------------------------------------------


 NSTEP =    18000   TIME(PS) =      19.000  TEMP(K) =   301.36  PRESS =     0.0
 Etot   =    -51921.8085  EKtot   =     20734.0312  EPtot      =    -72655.8398
 BOND   =     12943.2708  ANGLE   =      1028.5003  DIHED      =      1316.1277
 1-4 NB =       451.3519  1-4 EEL =      4661.0634  VDWAALS    =     12819.9997
 EELEC  =   -105876.1536  EHBOND  =         0.0000  RESTRAINT  =         0.0000
 ------------------------------------------------------------------------------


 NSTEP =    18500   TIME(PS) =      19.250  TEMP(K) =   301.86  PRESS =     0.0
 Etot   =    -51873.7497  EKtot   =     20768.8359  EPtot      =    -72642.5856
 BOND   =     12824.7416  ANGLE   =      1051.9622  DIHED      =      1323.1625
 1-4 NB =       450.8511  1-4 EEL =      4635.1167  VDWAALS    =     12863.3440
 EELEC  =   -105791.7637  EHBOND  =         0.0000  RESTRAINT  =         0.0000
 ------------------------------------------------------------------------------


 NSTEP =    19000   TIME(PS) =      19.500  TEMP(K) =   301.60  PRESS =     0.0
 Etot   =    -51917.4012  EKtot   =     20750.5938  EPtot      =    -72667.9950
 BOND   =     12834.4947  ANGLE   =      1028.1331  DIHED      =      1321.4867
 1-4 NB =       459.7347  1-4 EEL =      4645.4242  VDWAALS    =     12881.3096
 EELEC  =   -105838.5781  EHBOND  =         0.0000  RESTRAINT  =         0.0000
 ------------------------------------------------------------------------------


 NSTEP =    19500   TIME(PS) =      19.750  TEMP(K) =   301.63  PRESS =     0.0
 Etot   =    -51968.8640  EKtot   =     20752.8320  EPtot      =    -72721.6960
 BOND   =     12972.7267  ANGLE   =      1016.5780  DIHED      =      1313.9692
 1-4 NB =       454.2025  1-4 EEL =      4648.4313  VDWAALS    =     12946.0072
 EELEC  =   -106073.6110  EHBOND  =         0.0000  RESTRAINT  =         0.0000
 ------------------------------------------------------------------------------


 NSTEP =    20000   TIME(PS) =      20.000  TEMP(K) =   298.59  PRESS =     0.0
 Etot   =    -52142.8290  EKtot   =     20543.9023  EPtot      =    -72686.7314
 BOND   =     12906.3800  ANGLE   =      1046.4944  DIHED      =      1319.9297
 1-4 NB =       451.0958  1-4 EEL =      4653.4782  VDWAALS    =     12645.1824
 EELEC  =   -105709.2919  EHBOND  =         0.0000  RESTRAINT  =         0.0000
 ------------------------------------------------------------------------------


      A V E R A G E S   O V E R      40 S T E P S


 NSTEP =    20000   TIME(PS) =      20.000  TEMP(K) =   298.55  PRESS =     0.0
 Etot   =    -52112.4697  EKtot   =     20540.7963  EPtot      =    -72653.2660
 BOND   =     12508.0751  ANGLE   =      1026.2356  DIHED      =      1325.0334
 1-4 NB =       446.0041  1-4 EEL =      4650.0636  VDWAALS    =     12665.7853
 EELEC  =   -105274.4631  EHBOND  =         0.0000  RESTRAINT  =         0.0000
 ------------------------------------------------------------------------------


      R M S  F L U C T U A T I O N S


 NSTEP =    20000   TIME(PS) =      20.000  TEMP(K) =     5.07  PRESS =     0.0
 Etot   =       436.3954  EKtot   =       348.9843  EPtot      =       151.1734
 BOND   =       999.4538  ANGLE   =        24.4789  DIHED      =        12.3175
 1-4 NB =         9.6704  1-4 EEL =        21.6825  VDWAALS    =       268.7788
 EELEC  =      1171.3805  EHBOND  =         0.0000  RESTRAINT  =         0.0000
 ------------------------------------------------------------------------------

--------------------------------------------------------------------------------
   5.  TIMINGS
--------------------------------------------------------------------------------

|  NonSetup CPU Time in Major Routines:
|
|     Routine           Sec        %
|     ------------------------------
|     Nonbond           4.30   10.64
|     Bond              0.00    0.00
|     Angle             0.00    0.00
|     Dihedral          0.00    0.00
|     Shake             0.00    0.00
|     RunMD            36.03   89.27
|     Other             0.04    0.09
|     ------------------------------
|     Total            40.36

|  PME Nonbond Pairlist CPU Time:
|
|     Routine              Sec        %
|     ---------------------------------
|     Set Up Cit           0.00    0.00
|     Build List           0.00    0.00
|     ---------------------------------
|     Total                0.00    0.00

|  PME Direct Force CPU Time:
|
|     Routine              Sec        %
|     ---------------------------------
|     NonBonded Calc       0.00    0.00
|     Exclude Masked       0.00    0.00
|     Other                0.02    0.06
|     ---------------------------------
|     Total                0.02    0.06

|  PME Reciprocal Force CPU Time:
|
|     Routine              Sec        %
|     ---------------------------------
|     1D bspline           0.00    0.00
|     Grid Charges         0.00    0.00
|     Scalar Sum           0.00    0.00
|     Gradient Sum         0.00    0.00
|     FFT                  0.00    0.00
|     ---------------------------------
|     Total                0.00    0.00

|  Final Performance Info:
|     -----------------------------------------------------
|     Average timings for last   19500 steps:
|     Elapsed(s) =      42.02 Per Step(ms) =       2.15
|         ns/day =      20.05   seconds/ns =    4309.52
|
|     Average timings for all steps:
|     Elapsed(s) =      42.95 Per Step(ms) =       2.15
|         ns/day =      20.12   seconds/ns =    4295.27
|     -----------------------------------------------------

|  Setup CPU time:            2.71 seconds
|  NonSetup CPU time:        40.36 seconds
|  Total CPU time:           43.07 seconds     0.01 hours

|  Setup wall time:           2    seconds
|  NonSetup wall time:       43    seconds
|  Total wall time:          45    seconds     0.01 hours
