
          -------------------------------------------------------
          Amber 16 PMEMD                              2016
          -------------------------------------------------------

| PMEMD implementation of SANDER, Release 16

| Run on 08/24/2017 at 10:52:32

|   Executable path: /apps/amber16/bin/pmemd.cuda
| Working directory: /scratch/pbarletta/pdz/run/lb/neq/data/2
|          Hostname: mordor

  [-O]verwriting output

File Assignments:
|   MDIN: pdt.in                                                                
|  MDOUT: 248plb_2.out                                                          
| INPCRD: ../1/248plb_1.rst7                                                    
|   PARM: /scratch/pbarletta/pdz/top_files/lb.prmtop                            
| RESTRT: 248plb_2.rst7                                                         
|   REFC: refc                                                                  
|  MDVEL: mdvel                                                                 
|   MDEN: mden                                                                  
|  MDCRD: 248plb_2.nc                                                           
| MDINFO: mdinfo                                                                
|  MDFRC: mdfrc                                                                 


 Here is the input file:

!NVE run                                                                       
&cntrl                                                                         
imin = 0,                           ! No Minimization                          
nmropt = 0,                         ! No NMR restraints read                   
                                                                               
! Nature and format of the input                                               
ntx = 5,                            ! Coordinates and velocities will be read  
irest = 1,                          ! Restart simulation                       
                                                                               
! Nature and format of the output                                              
ioutfm = 1,			    ! NetCDF format for output files                             
ntxo = 1,                           ! rstrt file in ASCII format               
ntpr = 500,                         ! inf in output every ntpr steps           
ntwr = 500,                         ! rstrt file every ntwr steps              
ntwx = 20,                          ! mdcrd file every ntwx steps              
ntwv = -1,                          ! mdvel without velocities                 
ntwe = 0,                           ! Energies and temperatures not written in 
idecomp = 0,                        ! No energy decomposition                  
iwrap = 1,                          ! Coordinates of the restart and mdcrd file
                                                                               
! Frozen or restrained atoms                                                   
ibelly = 0,                         ! No frozen atoms                          
ntr=0,                              ! Harmonic potential restraints            
                                                                               
! Molecular dynamics                                                           
nstlim = 20000,                      ! Number of MD-steps                      
dt = 0.0005,                        ! Time step                                
                                                                               
! Temperature regulation                                                       
ntt = 3,                            ! Langevin thermostat                      
gamma_ln = 2,                       ! Gamma constant for Langevin              
temp0 = 300.0,                      ! Reference T at which the system is to be 
tempi = 300.0,                      ! Initial T                                
                                                                               
! P and V regulation                                                           
ntp = 0,                            ! No P control                             
ntb = 1,                            ! constant V                               
                                                                               
! SHAKE variables                                                              
ntc = 1,                            ! No SHAKE                                 
ntf = 1,                            ! Get E with allatom                       
                                                                               
cut = 9.0,                          ! Nonbonded cutoff                         
/                                                                              
&end                                                                           


Note: ig = -1. Setting random seed to   723962 based on wallclock time in 
      microseconds.
| irandom = 1, using AMBER's internal random number generator (default).
 
|--------------------- INFORMATION ----------------------
| GPU (CUDA) Version of PMEMD in use: NVIDIA GPU IN USE.
|                    Version 16.0.0
| 
|                      02/25/2016
| 
| Implementation by:
|                    Ross C. Walker     (SDSC)
|                    Scott Le Grand     (nVIDIA)
| 
| Precision model in use:
|      [SPFP] - Single Precision Forces, 64-bit Fixed Point
|               Accumulation. (Default)
| 
|--------------------------------------------------------
 
|----------------- CITATION INFORMATION -----------------
|
|    When publishing work that utilized the CUDA version
|    of AMBER, please cite the following in addition to
|    the regular AMBER citations:
|
|  - Romelia Salomon-Ferrer; Andreas W. Goetz; Duncan
|    Poole; Scott Le Grand; Ross C. Walker "Routine
|    microsecond molecular dynamics simulations with
|    AMBER - Part II: Particle Mesh Ewald", J. Chem.
|    Theory Comput., 2013, 9 (9), pp3878-3888,
|    DOI: 10.1021/ct400314y.
|
|  - Andreas W. Goetz; Mark J. Williamson; Dong Xu;
|    Duncan Poole; Scott Le Grand; Ross C. Walker
|    "Routine microsecond molecular dynamics simulations
|    with AMBER - Part I: Generalized Born", J. Chem.
|    Theory Comput., 2012, 8 (5), pp1542-1555.
|
|  - Scott Le Grand; Andreas W. Goetz; Ross C. Walker
|    "SPFP: Speed without compromise - a mixed precision
|    model for GPU accelerated molecular dynamics
|    simulations.", Comp. Phys. Comm., 2013, 184
|    pp374-380, DOI: 10.1016/j.cpc.2012.09.022
|
|--------------------------------------------------------
 
|------------------- GPU DEVICE INFO --------------------
|
|            CUDA_VISIBLE_DEVICES: 1
|   CUDA Capable Devices Detected:      1
|           CUDA Device ID in use:      0
|                CUDA Device Name: GeForce GTX TITAN
|     CUDA Device Global Mem Size:   6082 MB
| CUDA Device Num Multiprocessors:     14
|           CUDA Device Core Freq:   0.93 GHz
|
|--------------------------------------------------------
 
 
| Conditional Compilation Defines Used:
| PUBFFT
| BINTRAJ
| CUDA
| EMIL

| Largest sphere to fit in unit cell has radius =    26.281

| New format PARM file being parsed.
| Version =    1.000 Date = 09/04/12 Time = 16:08:43

| Note: 1-4 EEL scale factors are being read from the topology file.

| Note: 1-4 VDW scale factors are being read from the topology file.
| Duplicated    0 dihedrals

| Duplicated    0 dihedrals

--------------------------------------------------------------------------------
   1.  RESOURCE   USE: 
--------------------------------------------------------------------------------

 getting new box info from bottom of inpcrd
 NATOM  =   23082 NTYPES =      16 NBONH =   22055 MBONA  =    1038
 NTHETH =    2390 MTHETA =    1396 NPHIH =    4631 MPHIA  =    3488
 NHPARM =       0 NPARM  =       0 NNB   =   39434 NRES   =    7134
 NBONA  =    1038 NTHETA =    1396 NPHIA =    3488 NUMBND =      41
 NUMANG =      86 NPTRA  =      41 NATYP =      28 NPHB   =       1
 IFBOX  =       1 NMXRS  =      24 IFCAP =       0 NEXTRA =       0
 NCOPY  =       0

| Coordinate Index Table dimensions:    12   14   10
| Direct force subcell size =     5.0212    5.2012    5.2562

     BOX TYPE: RECTILINEAR

--------------------------------------------------------------------------------
   2.  CONTROL  DATA  FOR  THE  RUN
--------------------------------------------------------------------------------

default_name                                                                    

General flags:
     imin    =       0, nmropt  =       0

Nature and format of input:
     ntx     =       5, irest   =       1, ntrx    =       1

Nature and format of output:
     ntxo    =       1, ntpr    =     500, ntrx    =       1, ntwr    =     500
     iwrap   =       1, ntwx    =      20, ntwv    =      -1, ntwe    =       0
     ioutfm  =       1, ntwprt  =       0, idecomp =       0, rbornstat=      0

Potential function:
     ntf     =       1, ntb     =       1, igb     =       0, nsnb    =      25
     ipol    =       0, gbsa    =       0, iesp    =       0
     dielc   =   1.00000, cut     =   9.00000, intdiel =   1.00000

Frozen or restrained atoms:
     ibelly  =       0, ntr     =       0

Molecular dynamics:
     nstlim  =     20000, nscm    =      1000, nrespa  =         1
     t       =   0.00000, dt      =   0.00050, vlimit  =  -1.00000

Langevin dynamics temperature regulation:
     ig      =  723962
     temp0   = 300.00000, tempi   = 300.00000, gamma_ln=   2.00000

| Intermolecular bonds treatment:
|     no_intermolecular_bonds =       1

| Energy averages sample interval:
|     ene_avg_sampling =     500

Ewald parameters:
     verbose =       0, ew_type =       0, nbflag  =       1, use_pme =       1
     vdwmeth =       1, eedmeth =       1, netfrc  =       1
     Box X =   60.254   Box Y =   72.816   Box Z =   52.562
     Alpha =   90.000   Beta  =   90.000   Gamma =   90.000
     NFFT1 =   64       NFFT2 =   80       NFFT3 =   56
     Cutoff=    9.000   Tol   =0.100E-04
     Ewald Coefficient =  0.30768
     Interpolation order =    4

--------------------------------------------------------------------------------
   3.  ATOMIC COORDINATES AND VELOCITIES
--------------------------------------------------------------------------------

default_name                                                                    
 begin time read from input coords =    10.000 ps

 
 Number of triangulated 3-point waters found:     7002

     Sum of charges from parm topology file =  -0.00000008
     Forcing neutrality...

| Dynamic Memory, Types Used:
| Reals              710578
| Integers           737140

| Nonbonded Pairs Initial Allocation:     5262696

| GPU memory information (estimate):
| KB of GPU memory in use:    132483
| KB of CPU memory in use:     27891

--------------------------------------------------------------------------------
   4.  RESULTS
--------------------------------------------------------------------------------

 ---------------------------------------------------
 APPROXIMATING switch and d/dx switch using CUBIC SPLINE INTERPOLATION
 using   5000.0 points per unit in tabled values
 TESTING RELATIVE ERROR over r ranging from 0.0 to cutoff
| CHECK switch(x): max rel err =   0.2738E-14   at   2.422500
| CHECK d/dx switch(x): max rel err =   0.8314E-11   at   2.736960
 ---------------------------------------------------
|---------------------------------------------------
| APPROXIMATING direct energy using CUBIC SPLINE INTERPOLATION
|  with   50.0 points per unit in tabled values
| Relative Error Limit not exceeded for r .gt.   2.39
| APPROXIMATING direct force using CUBIC SPLINE INTERPOLATION
|  with   50.0 points per unit in tabled values
| Relative Error Limit not exceeded for r .gt.   2.84
|---------------------------------------------------

 NSTEP =      500   TIME(PS) =      10.250  TEMP(K) =   270.66  PRESS =     0.0
 Etot   =    -54733.0851  EKtot   =     18622.2129  EPtot      =    -73355.2980
 BOND   =      7038.3362  ANGLE   =      1053.4619  DIHED      =      1314.3793
 1-4 NB =       441.3226  1-4 EEL =      4653.8572  VDWAALS    =     11777.9666
 EELEC  =    -99634.6218  EHBOND  =         0.0000  RESTRAINT  =         0.0000
 ------------------------------------------------------------------------------


 NSTEP =     1000   TIME(PS) =      10.500  TEMP(K) =   286.71  PRESS =     0.0
 Etot   =    -53204.1035  EKtot   =     19726.7148  EPtot      =    -72930.8183
 BOND   =     10115.9818  ANGLE   =      1006.9619  DIHED      =      1336.3073
 1-4 NB =       430.7437  1-4 EEL =      4682.7369  VDWAALS    =     12150.5188
 EELEC  =   -102654.0687  EHBOND  =         0.0000  RESTRAINT  =         0.0000
 ------------------------------------------------------------------------------


 NSTEP =     1500   TIME(PS) =      10.750  TEMP(K) =   292.35  PRESS =     0.0
 Etot   =    -52301.4917  EKtot   =     20114.5078  EPtot      =    -72415.9995
 BOND   =     11647.3176  ANGLE   =      1022.5850  DIHED      =      1327.9964
 1-4 NB =       453.6698  1-4 EEL =      4684.7027  VDWAALS    =     12421.0191
 EELEC  =   -103973.2900  EHBOND  =         0.0000  RESTRAINT  =         0.0000
 ------------------------------------------------------------------------------


 NSTEP =     2000   TIME(PS) =      11.000  TEMP(K) =   294.83  PRESS =     0.0
 Etot   =    -52067.8752  EKtot   =     20285.1797  EPtot      =    -72353.0549
 BOND   =     12148.8927  ANGLE   =      1001.2389  DIHED      =      1317.6181
 1-4 NB =       439.5305  1-4 EEL =      4703.5469  VDWAALS    =     12489.4767
 EELEC  =   -104453.3587  EHBOND  =         0.0000  RESTRAINT  =         0.0000
 ------------------------------------------------------------------------------


 NSTEP =     2500   TIME(PS) =      11.250  TEMP(K) =   297.12  PRESS =     0.0
 Etot   =    -51798.5023  EKtot   =     20442.3496  EPtot      =    -72240.8519
 BOND   =     12143.0627  ANGLE   =      1031.9115  DIHED      =      1309.6414
 1-4 NB =       445.5808  1-4 EEL =      4675.7012  VDWAALS    =     12290.7501
 EELEC  =   -104137.4995  EHBOND  =         0.0000  RESTRAINT  =         0.0000
 ------------------------------------------------------------------------------


 NSTEP =     3000   TIME(PS) =      11.500  TEMP(K) =   301.99  PRESS =     0.0
 Etot   =    -51652.7456  EKtot   =     20777.9141  EPtot      =    -72430.6597
 BOND   =     12380.1690  ANGLE   =      1072.8755  DIHED      =      1310.7384
 1-4 NB =       436.8137  1-4 EEL =      4636.0622  VDWAALS    =     12538.0470
 EELEC  =   -104805.3654  EHBOND  =         0.0000  RESTRAINT  =         0.0000
 ------------------------------------------------------------------------------


 NSTEP =     3500   TIME(PS) =      11.750  TEMP(K) =   300.69  PRESS =     0.0
 Etot   =    -51667.7070  EKtot   =     20688.0723  EPtot      =    -72355.7792
 BOND   =     12669.7759  ANGLE   =      1004.5018  DIHED      =      1306.2863
 1-4 NB =       454.9981  1-4 EEL =      4688.9343  VDWAALS    =     12619.4046
 EELEC  =   -105099.6802  EHBOND  =         0.0000  RESTRAINT  =         0.0000
 ------------------------------------------------------------------------------


 NSTEP =     4000   TIME(PS) =      12.000  TEMP(K) =   302.57  PRESS =     0.0
 Etot   =    -51742.5778  EKtot   =     20817.7812  EPtot      =    -72560.3590
 BOND   =     12496.2039  ANGLE   =      1026.4477  DIHED      =      1330.5516
 1-4 NB =       447.0626  1-4 EEL =      4665.3076  VDWAALS    =     12632.7316
 EELEC  =   -105158.6640  EHBOND  =         0.0000  RESTRAINT  =         0.0000
 ------------------------------------------------------------------------------


 NSTEP =     4500   TIME(PS) =      12.250  TEMP(K) =   301.38  PRESS =     0.0
 Etot   =    -51687.0824  EKtot   =     20735.8438  EPtot      =    -72422.9262
 BOND   =     12697.2989  ANGLE   =      1051.3154  DIHED      =      1321.4132
 1-4 NB =       459.3057  1-4 EEL =      4703.4789  VDWAALS    =     12858.4338
 EELEC  =   -105514.1723  EHBOND  =         0.0000  RESTRAINT  =         0.0000
 ------------------------------------------------------------------------------


 NSTEP =     5000   TIME(PS) =      12.500  TEMP(K) =   300.39  PRESS =     0.0
 Etot   =    -51602.6212  EKtot   =     20667.4844  EPtot      =    -72270.1056
 BOND   =     12833.0226  ANGLE   =      1033.7289  DIHED      =      1324.9461
 1-4 NB =       447.4533  1-4 EEL =      4680.8001  VDWAALS    =     12840.4540
 EELEC  =   -105430.5106  EHBOND  =         0.0000  RESTRAINT  =         0.0000
 ------------------------------------------------------------------------------


 NSTEP =     5500   TIME(PS) =      12.750  TEMP(K) =   301.15  PRESS =     0.0
 Etot   =    -51885.0772  EKtot   =     20719.5430  EPtot      =    -72604.6201
 BOND   =     12728.2494  ANGLE   =      1053.3416  DIHED      =      1324.5004
 1-4 NB =       436.7661  1-4 EEL =      4638.3024  VDWAALS    =     12810.2943
 EELEC  =   -105596.0743  EHBOND  =         0.0000  RESTRAINT  =         0.0000
 ------------------------------------------------------------------------------


 NSTEP =     6000   TIME(PS) =      13.000  TEMP(K) =   301.35  PRESS =     0.0
 Etot   =    -51896.4486  EKtot   =     20733.4609  EPtot      =    -72629.9096
 BOND   =     12697.7823  ANGLE   =      1056.1145  DIHED      =      1310.2260
 1-4 NB =       448.5138  1-4 EEL =      4676.0895  VDWAALS    =     12627.1302
 EELEC  =   -105445.7659  EHBOND  =         0.0000  RESTRAINT  =         0.0000
 ------------------------------------------------------------------------------


 NSTEP =     6500   TIME(PS) =      13.250  TEMP(K) =   299.55  PRESS =     0.0
 Etot   =    -51838.9306  EKtot   =     20609.6035  EPtot      =    -72448.5341
 BOND   =     12923.5151  ANGLE   =      1064.4581  DIHED      =      1325.5319
 1-4 NB =       454.1287  1-4 EEL =      4663.1544  VDWAALS    =     12699.8226
 EELEC  =   -105579.1448  EHBOND  =         0.0000  RESTRAINT  =         0.0000
 ------------------------------------------------------------------------------


 NSTEP =     7000   TIME(PS) =      13.500  TEMP(K) =   301.97  PRESS =     0.0
 Etot   =    -51933.9052  EKtot   =     20776.5957  EPtot      =    -72710.5009
 BOND   =     12727.2316  ANGLE   =      1037.3286  DIHED      =      1328.8709
 1-4 NB =       448.4894  1-4 EEL =      4696.3687  VDWAALS    =     12723.0081
 EELEC  =   -105671.7982  EHBOND  =         0.0000  RESTRAINT  =         0.0000
 ------------------------------------------------------------------------------


 NSTEP =     7500   TIME(PS) =      13.750  TEMP(K) =   302.22  PRESS =     0.0
 Etot   =    -51959.1134  EKtot   =     20793.4473  EPtot      =    -72752.5607
 BOND   =     12699.1191  ANGLE   =      1037.3148  DIHED      =      1336.4696
 1-4 NB =       435.3671  1-4 EEL =      4660.0639  VDWAALS    =     12967.8982
 EELEC  =   -105888.7934  EHBOND  =         0.0000  RESTRAINT  =         0.0000
 ------------------------------------------------------------------------------


 NSTEP =     8000   TIME(PS) =      14.000  TEMP(K) =   298.22  PRESS =     0.0
 Etot   =    -52092.5392  EKtot   =     20518.1855  EPtot      =    -72610.7248
 BOND   =     12893.0813  ANGLE   =      1021.3054  DIHED      =      1323.0485
 1-4 NB =       452.8305  1-4 EEL =      4660.8285  VDWAALS    =     12950.1532
 EELEC  =   -105911.9722  EHBOND  =         0.0000  RESTRAINT  =         0.0000
 ------------------------------------------------------------------------------


 NSTEP =     8500   TIME(PS) =      14.250  TEMP(K) =   299.85  PRESS =     0.0
 Etot   =    -51867.8872  EKtot   =     20630.4824  EPtot      =    -72498.3696
 BOND   =     12760.1169  ANGLE   =      1037.6862  DIHED      =      1310.2212
 1-4 NB =       442.3320  1-4 EEL =      4691.6756  VDWAALS    =     12811.2816
 EELEC  =   -105551.6832  EHBOND  =         0.0000  RESTRAINT  =         0.0000
 ------------------------------------------------------------------------------


 NSTEP =     9000   TIME(PS) =      14.500  TEMP(K) =   300.04  PRESS =     0.0
 Etot   =    -51994.5600  EKtot   =     20643.6953  EPtot      =    -72638.2553
 BOND   =     12744.2468  ANGLE   =      1023.7379  DIHED      =      1332.1439
 1-4 NB =       435.9766  1-4 EEL =      4641.4333  VDWAALS    =     12516.6775
 EELEC  =   -105332.4714  EHBOND  =         0.0000  RESTRAINT  =         0.0000
 ------------------------------------------------------------------------------


 NSTEP =     9500   TIME(PS) =      14.750  TEMP(K) =   299.28  PRESS =     0.0
 Etot   =    -52095.8682  EKtot   =     20591.2129  EPtot      =    -72687.0810
 BOND   =     12777.2873  ANGLE   =      1060.1546  DIHED      =      1319.3340
 1-4 NB =       455.0734  1-4 EEL =      4672.2742  VDWAALS    =     12692.2729
 EELEC  =   -105663.4775  EHBOND  =         0.0000  RESTRAINT  =         0.0000
 ------------------------------------------------------------------------------


 NSTEP =    10000   TIME(PS) =      15.000  TEMP(K) =   297.26  PRESS =     0.0
 Etot   =    -52065.3724  EKtot   =     20452.1719  EPtot      =    -72517.5443
 BOND   =     12834.8561  ANGLE   =      1051.9870  DIHED      =      1310.1699
 1-4 NB =       457.6074  1-4 EEL =      4642.9183  VDWAALS    =     12906.2011
 EELEC  =   -105721.2841  EHBOND  =         0.0000  RESTRAINT  =         0.0000
 ------------------------------------------------------------------------------


 NSTEP =    10500   TIME(PS) =      15.250  TEMP(K) =   300.15  PRESS =     0.0
 Etot   =    -52079.2338  EKtot   =     20651.3008  EPtot      =    -72730.5346
 BOND   =     12985.0298  ANGLE   =      1046.1379  DIHED      =      1321.6694
 1-4 NB =       453.0444  1-4 EEL =      4672.2306  VDWAALS    =     12626.4328
 EELEC  =   -105835.0796  EHBOND  =         0.0000  RESTRAINT  =         0.0000
 ------------------------------------------------------------------------------


 NSTEP =    11000   TIME(PS) =      15.500  TEMP(K) =   300.32  PRESS =     0.0
 Etot   =    -52027.6760  EKtot   =     20662.4414  EPtot      =    -72690.1174
 BOND   =     13026.1187  ANGLE   =      1011.9071  DIHED      =      1329.8828
 1-4 NB =       443.7781  1-4 EEL =      4664.9910  VDWAALS    =     12728.0442
 EELEC  =   -105894.8394  EHBOND  =         0.0000  RESTRAINT  =         0.0000
 ------------------------------------------------------------------------------


 NSTEP =    11500   TIME(PS) =      15.750  TEMP(K) =   300.86  PRESS =     0.0
 Etot   =    -52045.3261  EKtot   =     20699.8359  EPtot      =    -72745.1621
 BOND   =     12889.3742  ANGLE   =      1060.6468  DIHED      =      1331.7008
 1-4 NB =       455.3773  1-4 EEL =      4705.1760  VDWAALS    =     12947.7744
 EELEC  =   -106135.2116  EHBOND  =         0.0000  RESTRAINT  =         0.0000
 ------------------------------------------------------------------------------


 NSTEP =    12000   TIME(PS) =      16.000  TEMP(K) =   297.05  PRESS =     0.0
 Etot   =    -52180.6394  EKtot   =     20437.7422  EPtot      =    -72618.3816
 BOND   =     12769.4557  ANGLE   =      1061.1488  DIHED      =      1324.2904
 1-4 NB =       461.4239  1-4 EEL =      4668.7433  VDWAALS    =     12800.8195
 EELEC  =   -105704.2632  EHBOND  =         0.0000  RESTRAINT  =         0.0000
 ------------------------------------------------------------------------------


 NSTEP =    12500   TIME(PS) =      16.250  TEMP(K) =   300.25  PRESS =     0.0
 Etot   =    -51866.5643  EKtot   =     20658.0332  EPtot      =    -72524.5975
 BOND   =     12792.6062  ANGLE   =      1058.1827  DIHED      =      1327.5624
 1-4 NB =       429.9742  1-4 EEL =      4622.8731  VDWAALS    =     12999.7391
 EELEC  =   -105755.5352  EHBOND  =         0.0000  RESTRAINT  =         0.0000
 ------------------------------------------------------------------------------


 NSTEP =    13000   TIME(PS) =      16.500  TEMP(K) =   299.62  PRESS =     0.0
 Etot   =    -51836.2170  EKtot   =     20614.7383  EPtot      =    -72450.9553
 BOND   =     12755.7689  ANGLE   =      1030.4562  DIHED      =      1308.0001
 1-4 NB =       440.7392  1-4 EEL =      4680.0060  VDWAALS    =     12321.6711
 EELEC  =   -104987.5968  EHBOND  =         0.0000  RESTRAINT  =         0.0000
 ------------------------------------------------------------------------------


 NSTEP =    13500   TIME(PS) =      16.750  TEMP(K) =   298.90  PRESS =     0.0
 Etot   =    -51866.3219  EKtot   =     20565.1738  EPtot      =    -72431.4957
 BOND   =     12983.6019  ANGLE   =      1039.2761  DIHED      =      1300.4168
 1-4 NB =       437.0020  1-4 EEL =      4667.8910  VDWAALS    =     12597.0358
 EELEC  =   -105456.7193  EHBOND  =         0.0000  RESTRAINT  =         0.0000
 ------------------------------------------------------------------------------


 NSTEP =    14000   TIME(PS) =      17.000  TEMP(K) =   300.07  PRESS =     0.0
 Etot   =    -51780.2559  EKtot   =     20645.8867  EPtot      =    -72426.1426
 BOND   =     12817.7458  ANGLE   =      1035.3196  DIHED      =      1340.8410
 1-4 NB =       443.4408  1-4 EEL =      4694.3834  VDWAALS    =     12561.4572
 EELEC  =   -105319.3304  EHBOND  =         0.0000  RESTRAINT  =         0.0000
 ------------------------------------------------------------------------------


 NSTEP =    14500   TIME(PS) =      17.250  TEMP(K) =   300.33  PRESS =     0.0
 Etot   =    -51962.2378  EKtot   =     20663.4824  EPtot      =    -72625.7202
 BOND   =     12689.8249  ANGLE   =      1030.3265  DIHED      =      1314.3890
 1-4 NB =       434.9147  1-4 EEL =      4600.7782  VDWAALS    =     12547.2120
 EELEC  =   -105243.1656  EHBOND  =         0.0000  RESTRAINT  =         0.0000
 ------------------------------------------------------------------------------


 NSTEP =    15000   TIME(PS) =      17.500  TEMP(K) =   300.96  PRESS =     0.0
 Etot   =    -52056.3475  EKtot   =     20706.5703  EPtot      =    -72762.9178
 BOND   =     12684.0412  ANGLE   =      1040.2269  DIHED      =      1327.9096
 1-4 NB =       449.6876  1-4 EEL =      4626.8988  VDWAALS    =     12767.7036
 EELEC  =   -105659.3856  EHBOND  =         0.0000  RESTRAINT  =         0.0000
 ------------------------------------------------------------------------------


 NSTEP =    15500   TIME(PS) =      17.750  TEMP(K) =   301.57  PRESS =     0.0
 Etot   =    -52122.4887  EKtot   =     20748.4922  EPtot      =    -72870.9809
 BOND   =     12817.7272  ANGLE   =       988.8962  DIHED      =      1311.7876
 1-4 NB =       446.4377  1-4 EEL =      4688.9020  VDWAALS    =     12771.5049
 EELEC  =   -105896.2365  EHBOND  =         0.0000  RESTRAINT  =         0.0000
 ------------------------------------------------------------------------------


 NSTEP =    16000   TIME(PS) =      18.000  TEMP(K) =   299.50  PRESS =     0.0
 Etot   =    -52257.5633  EKtot   =     20606.1094  EPtot      =    -72863.6726
 BOND   =     12896.1432  ANGLE   =      1019.3620  DIHED      =      1313.9952
 1-4 NB =       424.9330  1-4 EEL =      4661.0296  VDWAALS    =     12722.3411
 EELEC  =   -105901.4768  EHBOND  =         0.0000  RESTRAINT  =         0.0000
 ------------------------------------------------------------------------------


 NSTEP =    16500   TIME(PS) =      18.250  TEMP(K) =   300.50  PRESS =     0.0
 Etot   =    -52204.0870  EKtot   =     20674.9766  EPtot      =    -72879.0636
 BOND   =     12784.8528  ANGLE   =      1015.6177  DIHED      =      1326.9984
 1-4 NB =       461.9072  1-4 EEL =      4661.9373  VDWAALS    =     12987.9965
 EELEC  =   -106118.3734  EHBOND  =         0.0000  RESTRAINT  =         0.0000
 ------------------------------------------------------------------------------


 NSTEP =    17000   TIME(PS) =      18.500  TEMP(K) =   300.10  PRESS =     0.0
 Etot   =    -52094.4853  EKtot   =     20647.8633  EPtot      =    -72742.3486
 BOND   =     12649.4794  ANGLE   =      1063.1208  DIHED      =      1333.5618
 1-4 NB =       440.1161  1-4 EEL =      4655.5687  VDWAALS    =     12556.4788
 EELEC  =   -105440.6742  EHBOND  =         0.0000  RESTRAINT  =         0.0000
 ------------------------------------------------------------------------------


 NSTEP =    17500   TIME(PS) =      18.750  TEMP(K) =   298.30  PRESS =     0.0
 Etot   =    -52210.3835  EKtot   =     20523.4961  EPtot      =    -72733.8796
 BOND   =     12672.3301  ANGLE   =      1009.9385  DIHED      =      1329.9721
 1-4 NB =       434.6452  1-4 EEL =      4674.1700  VDWAALS    =     12721.2934
 EELEC  =   -105576.2289  EHBOND  =         0.0000  RESTRAINT  =         0.0000
 ------------------------------------------------------------------------------


 NSTEP =    18000   TIME(PS) =      19.000  TEMP(K) =   302.27  PRESS =     0.0
 Etot   =    -51975.2756  EKtot   =     20797.0352  EPtot      =    -72772.3108
 BOND   =     12725.6225  ANGLE   =      1053.4818  DIHED      =      1319.8975
 1-4 NB =       444.6576  1-4 EEL =      4635.2964  VDWAALS    =     12874.9702
 EELEC  =   -105826.2368  EHBOND  =         0.0000  RESTRAINT  =         0.0000
 ------------------------------------------------------------------------------


 NSTEP =    18500   TIME(PS) =      19.250  TEMP(K) =   300.50  PRESS =     0.0
 Etot   =    -52191.0076  EKtot   =     20674.8281  EPtot      =    -72865.8357
 BOND   =     12878.3714  ANGLE   =      1028.7464  DIHED      =      1317.0399
 1-4 NB =       441.8356  1-4 EEL =      4642.4210  VDWAALS    =     12530.7755
 EELEC  =   -105705.0255  EHBOND  =         0.0000  RESTRAINT  =         0.0000
 ------------------------------------------------------------------------------


 NSTEP =    19000   TIME(PS) =      19.500  TEMP(K) =   297.66  PRESS =     0.0
 Etot   =    -52216.9441  EKtot   =     20479.8164  EPtot      =    -72696.7605
 BOND   =     12705.0344  ANGLE   =      1033.5647  DIHED      =      1332.5211
 1-4 NB =       445.6863  1-4 EEL =      4631.5483  VDWAALS    =     12442.0092
 EELEC  =   -105287.1246  EHBOND  =         0.0000  RESTRAINT  =         0.0000
 ------------------------------------------------------------------------------


 NSTEP =    19500   TIME(PS) =      19.750  TEMP(K) =   296.88  PRESS =     0.0
 Etot   =    -52350.6289  EKtot   =     20425.8984  EPtot      =    -72776.5274
 BOND   =     12841.6029  ANGLE   =      1035.0955  DIHED      =      1320.1608
 1-4 NB =       442.6500  1-4 EEL =      4668.4477  VDWAALS    =     12698.1439
 EELEC  =   -105782.6282  EHBOND  =         0.0000  RESTRAINT  =         0.0000
 ------------------------------------------------------------------------------


 NSTEP =    20000   TIME(PS) =      20.000  TEMP(K) =   299.36  PRESS =     0.0
 Etot   =    -52100.6049  EKtot   =     20596.3848  EPtot      =    -72696.9897
 BOND   =     12754.0485  ANGLE   =      1036.3767  DIHED      =      1331.2900
 1-4 NB =       438.4034  1-4 EEL =      4666.8829  VDWAALS    =     13083.6516
 EELEC  =   -106007.6427  EHBOND  =         0.0000  RESTRAINT  =         0.0000
 ------------------------------------------------------------------------------


      A V E R A G E S   O V E R      40 S T E P S


 NSTEP =    20000   TIME(PS) =      20.000  TEMP(K) =   298.62  PRESS =     0.0
 Etot   =    -52087.7946  EKtot   =     20545.6641  EPtot      =    -72633.4587
 BOND   =     12501.8582  ANGLE   =      1036.1572  DIHED      =      1322.1070
 1-4 NB =       444.8555  1-4 EEL =      4665.2103  VDWAALS    =     12665.2649
 EELEC  =   -105268.9118  EHBOND  =         0.0000  RESTRAINT  =         0.0000
 ------------------------------------------------------------------------------


      R M S  F L U C T U A T I O N S


 NSTEP =    20000   TIME(PS) =      20.000  TEMP(K) =     5.31  PRESS =     0.0
 Etot   =       498.6596  EKtot   =       365.6539  EPtot      =       208.8225
 BOND   =       995.2024  ANGLE   =        19.4679  DIHED      =         9.5551
 1-4 NB =         8.8614  1-4 EEL =        23.8027  VDWAALS    =       248.3703
 EELEC  =      1110.1418  EHBOND  =         0.0000  RESTRAINT  =         0.0000
 ------------------------------------------------------------------------------

--------------------------------------------------------------------------------
   5.  TIMINGS
--------------------------------------------------------------------------------

|  NonSetup CPU Time in Major Routines:
|
|     Routine           Sec        %
|     ------------------------------
|     Nonbond           4.06   10.23
|     Bond              0.00    0.00
|     Angle             0.00    0.00
|     Dihedral          0.00    0.00
|     Shake             0.00    0.00
|     RunMD            35.56   89.68
|     Other             0.04    0.09
|     ------------------------------
|     Total            39.66

|  PME Nonbond Pairlist CPU Time:
|
|     Routine              Sec        %
|     ---------------------------------
|     Set Up Cit           0.00    0.00
|     Build List           0.00    0.00
|     ---------------------------------
|     Total                0.00    0.00

|  PME Direct Force CPU Time:
|
|     Routine              Sec        %
|     ---------------------------------
|     NonBonded Calc       0.00    0.00
|     Exclude Masked       0.00    0.00
|     Other                0.02    0.05
|     ---------------------------------
|     Total                0.02    0.05

|  PME Reciprocal Force CPU Time:
|
|     Routine              Sec        %
|     ---------------------------------
|     1D bspline           0.00    0.00
|     Grid Charges         0.00    0.00
|     Scalar Sum           0.00    0.00
|     Gradient Sum         0.00    0.00
|     FFT                  0.00    0.00
|     ---------------------------------
|     Total                0.00    0.00

|  Final Performance Info:
|     -----------------------------------------------------
|     Average timings for last   19500 steps:
|     Elapsed(s) =      41.63 Per Step(ms) =       2.13
|         ns/day =      20.24   seconds/ns =    4269.81
|
|     Average timings for all steps:
|     Elapsed(s) =      42.63 Per Step(ms) =       2.13
|         ns/day =      20.27   seconds/ns =    4263.27
|     -----------------------------------------------------

|  Setup CPU time:            2.78 seconds
|  NonSetup CPU time:        39.66 seconds
|  Total CPU time:           42.44 seconds     0.01 hours

|  Setup wall time:           3    seconds
|  NonSetup wall time:       42    seconds
|  Total wall time:          45    seconds     0.01 hours
