
          -------------------------------------------------------
          Amber 16 PMEMD                              2016
          -------------------------------------------------------

| PMEMD implementation of SANDER, Release 16

| Run on 08/24/2017 at 10:57:12

|   Executable path: /apps/amber16/bin/pmemd.cuda
| Working directory: /scratch/pbarletta/pdz/run/lb/neq/data/2
|          Hostname: mordor

  [-O]verwriting output

File Assignments:
|   MDIN: pdt.in                                                                
|  MDOUT: 254plb_2.out                                                          
| INPCRD: ../1/254plb_1.rst7                                                    
|   PARM: /scratch/pbarletta/pdz/top_files/lb.prmtop                            
| RESTRT: 254plb_2.rst7                                                         
|   REFC: refc                                                                  
|  MDVEL: mdvel                                                                 
|   MDEN: mden                                                                  
|  MDCRD: 254plb_2.nc                                                           
| MDINFO: mdinfo                                                                
|  MDFRC: mdfrc                                                                 


 Here is the input file:

!NVE run                                                                       
&cntrl                                                                         
imin = 0,                           ! No Minimization                          
nmropt = 0,                         ! No NMR restraints read                   
                                                                               
! Nature and format of the input                                               
ntx = 5,                            ! Coordinates and velocities will be read  
irest = 1,                          ! Restart simulation                       
                                                                               
! Nature and format of the output                                              
ioutfm = 1,			    ! NetCDF format for output files                             
ntxo = 1,                           ! rstrt file in ASCII format               
ntpr = 500,                         ! inf in output every ntpr steps           
ntwr = 500,                         ! rstrt file every ntwr steps              
ntwx = 20,                          ! mdcrd file every ntwx steps              
ntwv = -1,                          ! mdvel without velocities                 
ntwe = 0,                           ! Energies and temperatures not written in 
idecomp = 0,                        ! No energy decomposition                  
iwrap = 1,                          ! Coordinates of the restart and mdcrd file
                                                                               
! Frozen or restrained atoms                                                   
ibelly = 0,                         ! No frozen atoms                          
ntr=0,                              ! Harmonic potential restraints            
                                                                               
! Molecular dynamics                                                           
nstlim = 20000,                      ! Number of MD-steps                      
dt = 0.0005,                        ! Time step                                
                                                                               
! Temperature regulation                                                       
ntt = 3,                            ! Langevin thermostat                      
gamma_ln = 2,                       ! Gamma constant for Langevin              
temp0 = 300.0,                      ! Reference T at which the system is to be 
tempi = 300.0,                      ! Initial T                                
                                                                               
! P and V regulation                                                           
ntp = 0,                            ! No P control                             
ntb = 1,                            ! constant V                               
                                                                               
! SHAKE variables                                                              
ntc = 1,                            ! No SHAKE                                 
ntf = 1,                            ! Get E with allatom                       
                                                                               
cut = 9.0,                          ! Nonbonded cutoff                         
/                                                                              
&end                                                                           


Note: ig = -1. Setting random seed to   624378 based on wallclock time in 
      microseconds.
| irandom = 1, using AMBER's internal random number generator (default).
 
|--------------------- INFORMATION ----------------------
| GPU (CUDA) Version of PMEMD in use: NVIDIA GPU IN USE.
|                    Version 16.0.0
| 
|                      02/25/2016
| 
| Implementation by:
|                    Ross C. Walker     (SDSC)
|                    Scott Le Grand     (nVIDIA)
| 
| Precision model in use:
|      [SPFP] - Single Precision Forces, 64-bit Fixed Point
|               Accumulation. (Default)
| 
|--------------------------------------------------------
 
|----------------- CITATION INFORMATION -----------------
|
|    When publishing work that utilized the CUDA version
|    of AMBER, please cite the following in addition to
|    the regular AMBER citations:
|
|  - Romelia Salomon-Ferrer; Andreas W. Goetz; Duncan
|    Poole; Scott Le Grand; Ross C. Walker "Routine
|    microsecond molecular dynamics simulations with
|    AMBER - Part II: Particle Mesh Ewald", J. Chem.
|    Theory Comput., 2013, 9 (9), pp3878-3888,
|    DOI: 10.1021/ct400314y.
|
|  - Andreas W. Goetz; Mark J. Williamson; Dong Xu;
|    Duncan Poole; Scott Le Grand; Ross C. Walker
|    "Routine microsecond molecular dynamics simulations
|    with AMBER - Part I: Generalized Born", J. Chem.
|    Theory Comput., 2012, 8 (5), pp1542-1555.
|
|  - Scott Le Grand; Andreas W. Goetz; Ross C. Walker
|    "SPFP: Speed without compromise - a mixed precision
|    model for GPU accelerated molecular dynamics
|    simulations.", Comp. Phys. Comm., 2013, 184
|    pp374-380, DOI: 10.1016/j.cpc.2012.09.022
|
|--------------------------------------------------------
 
|------------------- GPU DEVICE INFO --------------------
|
|            CUDA_VISIBLE_DEVICES: 1
|   CUDA Capable Devices Detected:      1
|           CUDA Device ID in use:      0
|                CUDA Device Name: GeForce GTX TITAN
|     CUDA Device Global Mem Size:   6082 MB
| CUDA Device Num Multiprocessors:     14
|           CUDA Device Core Freq:   0.93 GHz
|
|--------------------------------------------------------
 
 
| Conditional Compilation Defines Used:
| PUBFFT
| BINTRAJ
| CUDA
| EMIL

| Largest sphere to fit in unit cell has radius =    26.281

| New format PARM file being parsed.
| Version =    1.000 Date = 09/04/12 Time = 16:08:43

| Note: 1-4 EEL scale factors are being read from the topology file.

| Note: 1-4 VDW scale factors are being read from the topology file.
| Duplicated    0 dihedrals

| Duplicated    0 dihedrals

--------------------------------------------------------------------------------
   1.  RESOURCE   USE: 
--------------------------------------------------------------------------------

 getting new box info from bottom of inpcrd
 NATOM  =   23082 NTYPES =      16 NBONH =   22055 MBONA  =    1038
 NTHETH =    2390 MTHETA =    1396 NPHIH =    4631 MPHIA  =    3488
 NHPARM =       0 NPARM  =       0 NNB   =   39434 NRES   =    7134
 NBONA  =    1038 NTHETA =    1396 NPHIA =    3488 NUMBND =      41
 NUMANG =      86 NPTRA  =      41 NATYP =      28 NPHB   =       1
 IFBOX  =       1 NMXRS  =      24 IFCAP =       0 NEXTRA =       0
 NCOPY  =       0

| Coordinate Index Table dimensions:    12   14   10
| Direct force subcell size =     5.0212    5.2012    5.2562

     BOX TYPE: RECTILINEAR

--------------------------------------------------------------------------------
   2.  CONTROL  DATA  FOR  THE  RUN
--------------------------------------------------------------------------------

default_name                                                                    

General flags:
     imin    =       0, nmropt  =       0

Nature and format of input:
     ntx     =       5, irest   =       1, ntrx    =       1

Nature and format of output:
     ntxo    =       1, ntpr    =     500, ntrx    =       1, ntwr    =     500
     iwrap   =       1, ntwx    =      20, ntwv    =      -1, ntwe    =       0
     ioutfm  =       1, ntwprt  =       0, idecomp =       0, rbornstat=      0

Potential function:
     ntf     =       1, ntb     =       1, igb     =       0, nsnb    =      25
     ipol    =       0, gbsa    =       0, iesp    =       0
     dielc   =   1.00000, cut     =   9.00000, intdiel =   1.00000

Frozen or restrained atoms:
     ibelly  =       0, ntr     =       0

Molecular dynamics:
     nstlim  =     20000, nscm    =      1000, nrespa  =         1
     t       =   0.00000, dt      =   0.00050, vlimit  =  -1.00000

Langevin dynamics temperature regulation:
     ig      =  624378
     temp0   = 300.00000, tempi   = 300.00000, gamma_ln=   2.00000

| Intermolecular bonds treatment:
|     no_intermolecular_bonds =       1

| Energy averages sample interval:
|     ene_avg_sampling =     500

Ewald parameters:
     verbose =       0, ew_type =       0, nbflag  =       1, use_pme =       1
     vdwmeth =       1, eedmeth =       1, netfrc  =       1
     Box X =   60.254   Box Y =   72.816   Box Z =   52.562
     Alpha =   90.000   Beta  =   90.000   Gamma =   90.000
     NFFT1 =   64       NFFT2 =   80       NFFT3 =   56
     Cutoff=    9.000   Tol   =0.100E-04
     Ewald Coefficient =  0.30768
     Interpolation order =    4

--------------------------------------------------------------------------------
   3.  ATOMIC COORDINATES AND VELOCITIES
--------------------------------------------------------------------------------

default_name                                                                    
 begin time read from input coords =    10.000 ps

 
 Number of triangulated 3-point waters found:     7002

     Sum of charges from parm topology file =  -0.00000008
     Forcing neutrality...

| Dynamic Memory, Types Used:
| Reals              710578
| Integers           737140

| Nonbonded Pairs Initial Allocation:     5262696

| GPU memory information (estimate):
| KB of GPU memory in use:    132483
| KB of CPU memory in use:     27891

--------------------------------------------------------------------------------
   4.  RESULTS
--------------------------------------------------------------------------------

 ---------------------------------------------------
 APPROXIMATING switch and d/dx switch using CUBIC SPLINE INTERPOLATION
 using   5000.0 points per unit in tabled values
 TESTING RELATIVE ERROR over r ranging from 0.0 to cutoff
| CHECK switch(x): max rel err =   0.2738E-14   at   2.422500
| CHECK d/dx switch(x): max rel err =   0.8314E-11   at   2.736960
 ---------------------------------------------------
|---------------------------------------------------
| APPROXIMATING direct energy using CUBIC SPLINE INTERPOLATION
|  with   50.0 points per unit in tabled values
| Relative Error Limit not exceeded for r .gt.   2.39
| APPROXIMATING direct force using CUBIC SPLINE INTERPOLATION
|  with   50.0 points per unit in tabled values
| Relative Error Limit not exceeded for r .gt.   2.84
|---------------------------------------------------

 NSTEP =      500   TIME(PS) =      10.250  TEMP(K) =   271.15  PRESS =     0.0
 Etot   =    -54681.6528  EKtot   =     18655.7676  EPtot      =    -73337.4204
 BOND   =      7144.9639  ANGLE   =      1017.1096  DIHED      =      1318.8786
 1-4 NB =       431.9564  1-4 EEL =      4596.0750  VDWAALS    =     11748.8211
 EELEC  =    -99595.2249  EHBOND  =         0.0000  RESTRAINT  =         0.0000
 ------------------------------------------------------------------------------


 NSTEP =     1000   TIME(PS) =      10.500  TEMP(K) =   283.77  PRESS =     0.0
 Etot   =    -53223.9188  EKtot   =     19524.0488  EPtot      =    -72747.9676
 BOND   =     10299.0210  ANGLE   =      1039.7053  DIHED      =      1327.4963
 1-4 NB =       439.5859  1-4 EEL =      4608.5934  VDWAALS    =     12103.2595
 EELEC  =   -102565.6291  EHBOND  =         0.0000  RESTRAINT  =         0.0000
 ------------------------------------------------------------------------------


 NSTEP =     1500   TIME(PS) =      10.750  TEMP(K) =   291.47  PRESS =     0.0
 Etot   =    -52391.0543  EKtot   =     20053.9023  EPtot      =    -72444.9566
 BOND   =     11593.8011  ANGLE   =      1059.9267  DIHED      =      1320.1989
 1-4 NB =       454.3417  1-4 EEL =      4584.9343  VDWAALS    =     12018.3725
 EELEC  =   -103476.5318  EHBOND  =         0.0000  RESTRAINT  =         0.0000
 ------------------------------------------------------------------------------


 NSTEP =     2000   TIME(PS) =      11.000  TEMP(K) =   296.52  PRESS =     0.0
 Etot   =    -51905.8233  EKtot   =     20401.4395  EPtot      =    -72307.2628
 BOND   =     11975.8669  ANGLE   =      1007.6859  DIHED      =      1322.9248
 1-4 NB =       457.8558  1-4 EEL =      4637.1087  VDWAALS    =     12199.7111
 EELEC  =   -103908.4159  EHBOND  =         0.0000  RESTRAINT  =         0.0000
 ------------------------------------------------------------------------------


 NSTEP =     2500   TIME(PS) =      11.250  TEMP(K) =   301.88  PRESS =     0.0
 Etot   =    -51607.1933  EKtot   =     20770.1426  EPtot      =    -72377.3358
 BOND   =     12114.5959  ANGLE   =      1049.0690  DIHED      =      1327.2195
 1-4 NB =       443.8356  1-4 EEL =      4641.7578  VDWAALS    =     12374.0127
 EELEC  =   -104327.8264  EHBOND  =         0.0000  RESTRAINT  =         0.0000
 ------------------------------------------------------------------------------


 NSTEP =     3000   TIME(PS) =      11.500  TEMP(K) =   303.02  PRESS =     0.0
 Etot   =    -51508.2287  EKtot   =     20848.3691  EPtot      =    -72356.5978
 BOND   =     12366.7489  ANGLE   =      1070.9291  DIHED      =      1326.2788
 1-4 NB =       444.9169  1-4 EEL =      4554.9263  VDWAALS    =     12596.2152
 EELEC  =   -104716.6130  EHBOND  =         0.0000  RESTRAINT  =         0.0000
 ------------------------------------------------------------------------------


 NSTEP =     3500   TIME(PS) =      11.750  TEMP(K) =   300.75  PRESS =     0.0
 Etot   =    -51675.6678  EKtot   =     20692.1582  EPtot      =    -72367.8260
 BOND   =     12602.7238  ANGLE   =      1047.0644  DIHED      =      1309.3058
 1-4 NB =       441.3415  1-4 EEL =      4595.7700  VDWAALS    =     12545.8095
 EELEC  =   -104909.8410  EHBOND  =         0.0000  RESTRAINT  =         0.0000
 ------------------------------------------------------------------------------


 NSTEP =     4000   TIME(PS) =      12.000  TEMP(K) =   300.08  PRESS =     0.0
 Etot   =    -51775.9247  EKtot   =     20646.2031  EPtot      =    -72422.1278
 BOND   =     12545.0829  ANGLE   =      1032.0052  DIHED      =      1321.3842
 1-4 NB =       433.7733  1-4 EEL =      4584.7478  VDWAALS    =     12630.9224
 EELEC  =   -104970.0437  EHBOND  =         0.0000  RESTRAINT  =         0.0000
 ------------------------------------------------------------------------------


 NSTEP =     4500   TIME(PS) =      12.250  TEMP(K) =   300.58  PRESS =     0.0
 Etot   =    -51559.0546  EKtot   =     20680.9922  EPtot      =    -72240.0468
 BOND   =     12698.6431  ANGLE   =      1076.9387  DIHED      =      1310.6324
 1-4 NB =       429.2561  1-4 EEL =      4557.9444  VDWAALS    =     12511.1639
 EELEC  =   -104824.6254  EHBOND  =         0.0000  RESTRAINT  =         0.0000
 ------------------------------------------------------------------------------


 NSTEP =     5000   TIME(PS) =      12.500  TEMP(K) =   298.76  PRESS =     0.0
 Etot   =    -51897.1377  EKtot   =     20555.2891  EPtot      =    -72452.4268
 BOND   =     12795.2551  ANGLE   =      1056.4948  DIHED      =      1309.2684
 1-4 NB =       420.1068  1-4 EEL =      4592.8827  VDWAALS    =     12545.2009
 EELEC  =   -105171.6355  EHBOND  =         0.0000  RESTRAINT  =         0.0000
 ------------------------------------------------------------------------------


 NSTEP =     5500   TIME(PS) =      12.750  TEMP(K) =   296.39  PRESS =     0.0
 Etot   =    -51956.8061  EKtot   =     20392.2344  EPtot      =    -72349.0405
 BOND   =     12721.3836  ANGLE   =      1048.8055  DIHED      =      1338.7616
 1-4 NB =       440.4348  1-4 EEL =      4609.5664  VDWAALS    =     12525.4085
 EELEC  =   -105033.4011  EHBOND  =         0.0000  RESTRAINT  =         0.0000
 ------------------------------------------------------------------------------


 NSTEP =     6000   TIME(PS) =      13.000  TEMP(K) =   298.83  PRESS =     0.0
 Etot   =    -52000.1361  EKtot   =     20560.2930  EPtot      =    -72560.4290
 BOND   =     12779.8968  ANGLE   =      1054.7845  DIHED      =      1325.5534
 1-4 NB =       441.8554  1-4 EEL =      4595.7885  VDWAALS    =     12992.9107
 EELEC  =   -105751.2184  EHBOND  =         0.0000  RESTRAINT  =         0.0000
 ------------------------------------------------------------------------------


 NSTEP =     6500   TIME(PS) =      13.250  TEMP(K) =   303.12  PRESS =     0.0
 Etot   =    -51728.0046  EKtot   =     20855.1406  EPtot      =    -72583.1452
 BOND   =     12887.0479  ANGLE   =      1050.4803  DIHED      =      1308.8195
 1-4 NB =       444.5864  1-4 EEL =      4610.2429  VDWAALS    =     12653.3120
 EELEC  =   -105537.6341  EHBOND  =         0.0000  RESTRAINT  =         0.0000
 ------------------------------------------------------------------------------


 NSTEP =     7000   TIME(PS) =      13.500  TEMP(K) =   302.66  PRESS =     0.0
 Etot   =    -51622.6600  EKtot   =     20823.8184  EPtot      =    -72446.4784
 BOND   =     12755.8114  ANGLE   =      1043.2547  DIHED      =      1317.8316
 1-4 NB =       439.0460  1-4 EEL =      4581.5404  VDWAALS    =     12747.2996
 EELEC  =   -105331.2621  EHBOND  =         0.0000  RESTRAINT  =         0.0000
 ------------------------------------------------------------------------------


 NSTEP =     7500   TIME(PS) =      13.750  TEMP(K) =   303.50  PRESS =     0.0
 Etot   =    -51608.3818  EKtot   =     20881.5742  EPtot      =    -72489.9561
 BOND   =     13063.7808  ANGLE   =      1024.2857  DIHED      =      1308.1263
 1-4 NB =       446.5588  1-4 EEL =      4628.6329  VDWAALS    =     12601.0565
 EELEC  =   -105562.3971  EHBOND  =         0.0000  RESTRAINT  =         0.0000
 ------------------------------------------------------------------------------


 NSTEP =     8000   TIME(PS) =      14.000  TEMP(K) =   302.48  PRESS =     0.0
 Etot   =    -51691.6552  EKtot   =     20811.2598  EPtot      =    -72502.9150
 BOND   =     12706.2283  ANGLE   =      1035.1287  DIHED      =      1302.6779
 1-4 NB =       447.2734  1-4 EEL =      4587.9497  VDWAALS    =     12490.7222
 EELEC  =   -105072.8952  EHBOND  =         0.0000  RESTRAINT  =         0.0000
 ------------------------------------------------------------------------------


 NSTEP =     8500   TIME(PS) =      14.250  TEMP(K) =   305.31  PRESS =     0.0
 Etot   =    -51530.9662  EKtot   =     21006.2051  EPtot      =    -72537.1713
 BOND   =     12795.1374  ANGLE   =      1092.3438  DIHED      =      1295.9955
 1-4 NB =       452.3331  1-4 EEL =      4591.7624  VDWAALS    =     12839.2614
 EELEC  =   -105604.0050  EHBOND  =         0.0000  RESTRAINT  =         0.0000
 ------------------------------------------------------------------------------


 NSTEP =     9000   TIME(PS) =      14.500  TEMP(K) =   301.97  PRESS =     0.0
 Etot   =    -51805.4884  EKtot   =     20776.3848  EPtot      =    -72581.8732
 BOND   =     12798.7614  ANGLE   =      1038.5440  DIHED      =      1306.2709
 1-4 NB =       445.9212  1-4 EEL =      4625.7971  VDWAALS    =     12792.9204
 EELEC  =   -105590.0882  EHBOND  =         0.0000  RESTRAINT  =         0.0000
 ------------------------------------------------------------------------------


 NSTEP =     9500   TIME(PS) =      14.750  TEMP(K) =   300.04  PRESS =     0.0
 Etot   =    -52022.7689  EKtot   =     20643.7930  EPtot      =    -72666.5618
 BOND   =     12726.9799  ANGLE   =      1035.6977  DIHED      =      1295.3688
 1-4 NB =       439.8921  1-4 EEL =      4610.8812  VDWAALS    =     12468.1271
 EELEC  =   -105243.5086  EHBOND  =         0.0000  RESTRAINT  =         0.0000
 ------------------------------------------------------------------------------


 NSTEP =    10000   TIME(PS) =      15.000  TEMP(K) =   299.07  PRESS =     0.0
 Etot   =    -52109.7740  EKtot   =     20576.5586  EPtot      =    -72686.3326
 BOND   =     12737.7209  ANGLE   =      1033.4778  DIHED      =      1309.4056
 1-4 NB =       447.0058  1-4 EEL =      4645.0267  VDWAALS    =     13081.4058
 EELEC  =   -105940.3752  EHBOND  =         0.0000  RESTRAINT  =         0.0000
 ------------------------------------------------------------------------------


 NSTEP =    10500   TIME(PS) =      15.250  TEMP(K) =   299.53  PRESS =     0.0
 Etot   =    -52015.6050  EKtot   =     20608.2910  EPtot      =    -72623.8960
 BOND   =     12821.9952  ANGLE   =      1060.9352  DIHED      =      1336.9308
 1-4 NB =       433.7493  1-4 EEL =      4614.9451  VDWAALS    =     12639.2330
 EELEC  =   -105531.6847  EHBOND  =         0.0000  RESTRAINT  =         0.0000
 ------------------------------------------------------------------------------


 NSTEP =    11000   TIME(PS) =      15.500  TEMP(K) =   301.44  PRESS =     0.0
 Etot   =    -52081.2053  EKtot   =     20739.9121  EPtot      =    -72821.1174
 BOND   =     12704.0175  ANGLE   =      1012.0462  DIHED      =      1313.7028
 1-4 NB =       459.2486  1-4 EEL =      4609.2970  VDWAALS    =     12833.1994
 EELEC  =   -105752.6289  EHBOND  =         0.0000  RESTRAINT  =         0.0000
 ------------------------------------------------------------------------------


 NSTEP =    11500   TIME(PS) =      15.750  TEMP(K) =   297.38  PRESS =     0.0
 Etot   =    -52140.1634  EKtot   =     20460.1875  EPtot      =    -72600.3509
 BOND   =     12754.5238  ANGLE   =      1062.1952  DIHED      =      1298.7151
 1-4 NB =       444.4326  1-4 EEL =      4580.6735  VDWAALS    =     12560.9597
 EELEC  =   -105301.8508  EHBOND  =         0.0000  RESTRAINT  =         0.0000
 ------------------------------------------------------------------------------


 NSTEP =    12000   TIME(PS) =      16.000  TEMP(K) =   298.07  PRESS =     0.0
 Etot   =    -52093.5867  EKtot   =     20508.2715  EPtot      =    -72601.8582
 BOND   =     12670.3788  ANGLE   =       980.6863  DIHED      =      1324.1367
 1-4 NB =       447.1949  1-4 EEL =      4629.9160  VDWAALS    =     12768.3526
 EELEC  =   -105422.5236  EHBOND  =         0.0000  RESTRAINT  =         0.0000
 ------------------------------------------------------------------------------


 NSTEP =    12500   TIME(PS) =      16.250  TEMP(K) =   300.15  PRESS =     0.0
 Etot   =    -52120.0821  EKtot   =     20650.7793  EPtot      =    -72770.8614
 BOND   =     12532.9709  ANGLE   =      1021.5008  DIHED      =      1310.8422
 1-4 NB =       437.8805  1-4 EEL =      4636.9769  VDWAALS    =     12663.5031
 EELEC  =   -105374.5357  EHBOND  =         0.0000  RESTRAINT  =         0.0000
 ------------------------------------------------------------------------------


 NSTEP =    13000   TIME(PS) =      16.500  TEMP(K) =   301.30  PRESS =     0.0
 Etot   =    -52140.3046  EKtot   =     20730.0703  EPtot      =    -72870.3749
 BOND   =     12851.2809  ANGLE   =      1046.1972  DIHED      =      1297.1953
 1-4 NB =       463.0130  1-4 EEL =      4614.1043  VDWAALS    =     12767.0163
 EELEC  =   -105909.1819  EHBOND  =         0.0000  RESTRAINT  =         0.0000
 ------------------------------------------------------------------------------


 NSTEP =    13500   TIME(PS) =      16.750  TEMP(K) =   299.31  PRESS =     0.0
 Etot   =    -52227.1638  EKtot   =     20593.2168  EPtot      =    -72820.3806
 BOND   =     12716.6964  ANGLE   =      1015.2531  DIHED      =      1324.9117
 1-4 NB =       439.3052  1-4 EEL =      4583.7006  VDWAALS    =     12541.6036
 EELEC  =   -105441.8512  EHBOND  =         0.0000  RESTRAINT  =         0.0000
 ------------------------------------------------------------------------------


 NSTEP =    14000   TIME(PS) =      17.000  TEMP(K) =   298.20  PRESS =     0.0
 Etot   =    -52368.2286  EKtot   =     20516.6465  EPtot      =    -72884.8750
 BOND   =     12761.6485  ANGLE   =      1027.7566  DIHED      =      1309.5376
 1-4 NB =       431.3533  1-4 EEL =      4580.9213  VDWAALS    =     12601.3036
 EELEC  =   -105597.3959  EHBOND  =         0.0000  RESTRAINT  =         0.0000
 ------------------------------------------------------------------------------


 NSTEP =    14500   TIME(PS) =      17.250  TEMP(K) =   297.36  PRESS =     0.0
 Etot   =    -52391.1190  EKtot   =     20458.9824  EPtot      =    -72850.1015
 BOND   =     12744.5995  ANGLE   =      1002.7208  DIHED      =      1298.3008
 1-4 NB =       453.8551  1-4 EEL =      4613.1490  VDWAALS    =     12743.8247
 EELEC  =   -105706.5513  EHBOND  =         0.0000  RESTRAINT  =         0.0000
 ------------------------------------------------------------------------------


 NSTEP =    15000   TIME(PS) =      17.500  TEMP(K) =   300.12  PRESS =     0.0
 Etot   =    -52183.7222  EKtot   =     20648.9043  EPtot      =    -72832.6265
 BOND   =     12784.4383  ANGLE   =      1033.5974  DIHED      =      1322.1361
 1-4 NB =       444.6914  1-4 EEL =      4629.4666  VDWAALS    =     12727.2712
 EELEC  =   -105774.2275  EHBOND  =         0.0000  RESTRAINT  =         0.0000
 ------------------------------------------------------------------------------


 NSTEP =    15500   TIME(PS) =      17.750  TEMP(K) =   302.32  PRESS =     0.0
 Etot   =    -52080.9376  EKtot   =     20800.5137  EPtot      =    -72881.4513
 BOND   =     12844.9606  ANGLE   =      1055.2846  DIHED      =      1289.2763
 1-4 NB =       451.9853  1-4 EEL =      4556.0592  VDWAALS    =     12858.7751
 EELEC  =   -105937.7925  EHBOND  =         0.0000  RESTRAINT  =         0.0000
 ------------------------------------------------------------------------------


 NSTEP =    16000   TIME(PS) =      18.000  TEMP(K) =   299.80  PRESS =     0.0
 Etot   =    -51990.4177  EKtot   =     20626.8145  EPtot      =    -72617.2322
 BOND   =     12778.0946  ANGLE   =      1030.1015  DIHED      =      1341.3753
 1-4 NB =       443.1345  1-4 EEL =      4597.4267  VDWAALS    =     12985.1536
 EELEC  =   -105792.5184  EHBOND  =         0.0000  RESTRAINT  =         0.0000
 ------------------------------------------------------------------------------


 NSTEP =    16500   TIME(PS) =      18.250  TEMP(K) =   298.98  PRESS =     0.0
 Etot   =    -52092.4411  EKtot   =     20570.5508  EPtot      =    -72662.9919
 BOND   =     12912.9271  ANGLE   =      1081.7603  DIHED      =      1303.6595
 1-4 NB =       441.7388  1-4 EEL =      4615.1702  VDWAALS    =     12796.6915
 EELEC  =   -105814.9393  EHBOND  =         0.0000  RESTRAINT  =         0.0000
 ------------------------------------------------------------------------------


 NSTEP =    17000   TIME(PS) =      18.500  TEMP(K) =   298.69  PRESS =     0.0
 Etot   =    -51967.6517  EKtot   =     20550.6211  EPtot      =    -72518.2728
 BOND   =     12774.7762  ANGLE   =      1020.4530  DIHED      =      1323.4909
 1-4 NB =       449.4841  1-4 EEL =      4626.0572  VDWAALS    =     12608.9517
 EELEC  =   -105321.4859  EHBOND  =         0.0000  RESTRAINT  =         0.0000
 ------------------------------------------------------------------------------


 NSTEP =    17500   TIME(PS) =      18.750  TEMP(K) =   299.04  PRESS =     0.0
 Etot   =    -52028.0742  EKtot   =     20574.6035  EPtot      =    -72602.6778
 BOND   =     12857.3842  ANGLE   =      1008.7592  DIHED      =      1310.0047
 1-4 NB =       438.8984  1-4 EEL =      4565.1299  VDWAALS    =     12807.4033
 EELEC  =   -105590.2575  EHBOND  =         0.0000  RESTRAINT  =         0.0000
 ------------------------------------------------------------------------------


 NSTEP =    18000   TIME(PS) =      19.000  TEMP(K) =   300.20  PRESS =     0.0
 Etot   =    -51982.2311  EKtot   =     20654.7500  EPtot      =    -72636.9811
 BOND   =     12901.2013  ANGLE   =      1074.2329  DIHED      =      1311.1719
 1-4 NB =       446.4088  1-4 EEL =      4596.8388  VDWAALS    =     12664.3390
 EELEC  =   -105631.1738  EHBOND  =         0.0000  RESTRAINT  =         0.0000
 ------------------------------------------------------------------------------


 NSTEP =    18500   TIME(PS) =      19.250  TEMP(K) =   297.57  PRESS =     0.0
 Etot   =    -52149.8475  EKtot   =     20473.7305  EPtot      =    -72623.5780
 BOND   =     12651.5455  ANGLE   =      1042.5997  DIHED      =      1300.1887
 1-4 NB =       444.8653  1-4 EEL =      4564.1928  VDWAALS    =     12814.5761
 EELEC  =   -105441.5461  EHBOND  =         0.0000  RESTRAINT  =         0.0000
 ------------------------------------------------------------------------------


 NSTEP =    19000   TIME(PS) =      19.500  TEMP(K) =   297.92  PRESS =     0.0
 Etot   =    -52227.0123  EKtot   =     20497.4160  EPtot      =    -72724.4283
 BOND   =     12770.2407  ANGLE   =      1053.0193  DIHED      =      1303.9631
 1-4 NB =       449.9358  1-4 EEL =      4567.0434  VDWAALS    =     12867.5230
 EELEC  =   -105736.1536  EHBOND  =         0.0000  RESTRAINT  =         0.0000
 ------------------------------------------------------------------------------


 NSTEP =    19500   TIME(PS) =      19.750  TEMP(K) =   299.32  PRESS =     0.0
 Etot   =    -52116.1994  EKtot   =     20593.9082  EPtot      =    -72710.1076
 BOND   =     12806.9194  ANGLE   =      1010.4961  DIHED      =      1319.7724
 1-4 NB =       437.7795  1-4 EEL =      4558.9975  VDWAALS    =     12794.1918
 EELEC  =   -105638.2643  EHBOND  =         0.0000  RESTRAINT  =         0.0000
 ------------------------------------------------------------------------------


 NSTEP =    20000   TIME(PS) =      20.000  TEMP(K) =   301.30  PRESS =     0.0
 Etot   =    -52008.0448  EKtot   =     20729.9023  EPtot      =    -72737.9472
 BOND   =     12521.8206  ANGLE   =      1012.1455  DIHED      =      1309.1453
 1-4 NB =       442.7028  1-4 EEL =      4576.4041  VDWAALS    =     12688.8942
 EELEC  =   -105289.0597  EHBOND  =         0.0000  RESTRAINT  =         0.0000
 ------------------------------------------------------------------------------


      A V E R A G E S   O V E R      40 S T E P S


 NSTEP =    20000   TIME(PS) =      20.000  TEMP(K) =   298.73  PRESS =     0.0
 Etot   =    -52067.6584  EKtot   =     20553.5912  EPtot      =    -72621.2495
 BOND   =     12481.7968  ANGLE   =      1039.1368  DIHED      =      1313.7714
 1-4 NB =       443.5884  1-4 EEL =      4598.9600  VDWAALS    =     12629.9670
 EELEC  =   -105128.4699  EHBOND  =         0.0000  RESTRAINT  =         0.0000
 ------------------------------------------------------------------------------


      R M S  F L U C T U A T I O N S


 NSTEP =    20000   TIME(PS) =      20.000  TEMP(K) =     5.61  PRESS =     0.0
 Etot   =       517.4387  EKtot   =       386.2994  EPtot      =       204.0856
 BOND   =       967.4414  ANGLE   =        23.6892  DIHED      =        12.2444
 1-4 NB =         8.2921  1-4 EEL =        25.1934  VDWAALS    =       257.9838
 EELEC  =      1112.6541  EHBOND  =         0.0000  RESTRAINT  =         0.0000
 ------------------------------------------------------------------------------

--------------------------------------------------------------------------------
   5.  TIMINGS
--------------------------------------------------------------------------------

|  NonSetup CPU Time in Major Routines:
|
|     Routine           Sec        %
|     ------------------------------
|     Nonbond           4.28   10.81
|     Bond              0.00    0.00
|     Angle             0.00    0.00
|     Dihedral          0.00    0.00
|     Shake             0.00    0.00
|     RunMD            35.32   89.16
|     Other             0.01    0.02
|     ------------------------------
|     Total            39.61

|  PME Nonbond Pairlist CPU Time:
|
|     Routine              Sec        %
|     ---------------------------------
|     Set Up Cit           0.00    0.00
|     Build List           0.00    0.00
|     ---------------------------------
|     Total                0.00    0.00

|  PME Direct Force CPU Time:
|
|     Routine              Sec        %
|     ---------------------------------
|     NonBonded Calc       0.00    0.00
|     Exclude Masked       0.00    0.00
|     Other                0.00    0.01
|     ---------------------------------
|     Total                0.00    0.01

|  PME Reciprocal Force CPU Time:
|
|     Routine              Sec        %
|     ---------------------------------
|     1D bspline           0.00    0.00
|     Grid Charges         0.00    0.00
|     Scalar Sum           0.00    0.00
|     Gradient Sum         0.00    0.00
|     FFT                  0.00    0.00
|     ---------------------------------
|     Total                0.00    0.00

|  Final Performance Info:
|     -----------------------------------------------------
|     Average timings for last   19500 steps:
|     Elapsed(s) =      40.51 Per Step(ms) =       2.08
|         ns/day =      20.80   seconds/ns =    4154.46
|
|     Average timings for all steps:
|     Elapsed(s) =      41.44 Per Step(ms) =       2.07
|         ns/day =      20.85   seconds/ns =    4143.52
|     -----------------------------------------------------

|  Setup CPU time:            2.74 seconds
|  NonSetup CPU time:        39.61 seconds
|  Total CPU time:           42.35 seconds     0.01 hours

|  Setup wall time:           3    seconds
|  NonSetup wall time:       41    seconds
|  Total wall time:          44    seconds     0.01 hours
