
          -------------------------------------------------------
          Amber 16 PMEMD                              2016
          -------------------------------------------------------

| PMEMD implementation of SANDER, Release 16

| Run on 08/24/2017 at 11:00:21

|   Executable path: /apps/amber16/bin/pmemd.cuda
| Working directory: /scratch/pbarletta/pdz/run/lb/neq/data/2
|          Hostname: mordor

  [-O]verwriting output

File Assignments:
|   MDIN: pdt.in                                                                
|  MDOUT: 258plb_2.out                                                          
| INPCRD: ../1/258plb_1.rst7                                                    
|   PARM: /scratch/pbarletta/pdz/top_files/lb.prmtop                            
| RESTRT: 258plb_2.rst7                                                         
|   REFC: refc                                                                  
|  MDVEL: mdvel                                                                 
|   MDEN: mden                                                                  
|  MDCRD: 258plb_2.nc                                                           
| MDINFO: mdinfo                                                                
|  MDFRC: mdfrc                                                                 


 Here is the input file:

!NVE run                                                                       
&cntrl                                                                         
imin = 0,                           ! No Minimization                          
nmropt = 0,                         ! No NMR restraints read                   
                                                                               
! Nature and format of the input                                               
ntx = 5,                            ! Coordinates and velocities will be read  
irest = 1,                          ! Restart simulation                       
                                                                               
! Nature and format of the output                                              
ioutfm = 1,			    ! NetCDF format for output files                             
ntxo = 1,                           ! rstrt file in ASCII format               
ntpr = 500,                         ! inf in output every ntpr steps           
ntwr = 500,                         ! rstrt file every ntwr steps              
ntwx = 20,                          ! mdcrd file every ntwx steps              
ntwv = -1,                          ! mdvel without velocities                 
ntwe = 0,                           ! Energies and temperatures not written in 
idecomp = 0,                        ! No energy decomposition                  
iwrap = 1,                          ! Coordinates of the restart and mdcrd file
                                                                               
! Frozen or restrained atoms                                                   
ibelly = 0,                         ! No frozen atoms                          
ntr=0,                              ! Harmonic potential restraints            
                                                                               
! Molecular dynamics                                                           
nstlim = 20000,                      ! Number of MD-steps                      
dt = 0.0005,                        ! Time step                                
                                                                               
! Temperature regulation                                                       
ntt = 3,                            ! Langevin thermostat                      
gamma_ln = 2,                       ! Gamma constant for Langevin              
temp0 = 300.0,                      ! Reference T at which the system is to be 
tempi = 300.0,                      ! Initial T                                
                                                                               
! P and V regulation                                                           
ntp = 0,                            ! No P control                             
ntb = 1,                            ! constant V                               
                                                                               
! SHAKE variables                                                              
ntc = 1,                            ! No SHAKE                                 
ntf = 1,                            ! Get E with allatom                       
                                                                               
cut = 9.0,                          ! Nonbonded cutoff                         
/                                                                              
&end                                                                           


Note: ig = -1. Setting random seed to   416756 based on wallclock time in 
      microseconds.
| irandom = 1, using AMBER's internal random number generator (default).
 
|--------------------- INFORMATION ----------------------
| GPU (CUDA) Version of PMEMD in use: NVIDIA GPU IN USE.
|                    Version 16.0.0
| 
|                      02/25/2016
| 
| Implementation by:
|                    Ross C. Walker     (SDSC)
|                    Scott Le Grand     (nVIDIA)
| 
| Precision model in use:
|      [SPFP] - Single Precision Forces, 64-bit Fixed Point
|               Accumulation. (Default)
| 
|--------------------------------------------------------
 
|----------------- CITATION INFORMATION -----------------
|
|    When publishing work that utilized the CUDA version
|    of AMBER, please cite the following in addition to
|    the regular AMBER citations:
|
|  - Romelia Salomon-Ferrer; Andreas W. Goetz; Duncan
|    Poole; Scott Le Grand; Ross C. Walker "Routine
|    microsecond molecular dynamics simulations with
|    AMBER - Part II: Particle Mesh Ewald", J. Chem.
|    Theory Comput., 2013, 9 (9), pp3878-3888,
|    DOI: 10.1021/ct400314y.
|
|  - Andreas W. Goetz; Mark J. Williamson; Dong Xu;
|    Duncan Poole; Scott Le Grand; Ross C. Walker
|    "Routine microsecond molecular dynamics simulations
|    with AMBER - Part I: Generalized Born", J. Chem.
|    Theory Comput., 2012, 8 (5), pp1542-1555.
|
|  - Scott Le Grand; Andreas W. Goetz; Ross C. Walker
|    "SPFP: Speed without compromise - a mixed precision
|    model for GPU accelerated molecular dynamics
|    simulations.", Comp. Phys. Comm., 2013, 184
|    pp374-380, DOI: 10.1016/j.cpc.2012.09.022
|
|--------------------------------------------------------
 
|------------------- GPU DEVICE INFO --------------------
|
|            CUDA_VISIBLE_DEVICES: 1
|   CUDA Capable Devices Detected:      1
|           CUDA Device ID in use:      0
|                CUDA Device Name: GeForce GTX TITAN
|     CUDA Device Global Mem Size:   6082 MB
| CUDA Device Num Multiprocessors:     14
|           CUDA Device Core Freq:   0.93 GHz
|
|--------------------------------------------------------
 
 
| Conditional Compilation Defines Used:
| PUBFFT
| BINTRAJ
| CUDA
| EMIL

| Largest sphere to fit in unit cell has radius =    26.281

| New format PARM file being parsed.
| Version =    1.000 Date = 09/04/12 Time = 16:08:43

| Note: 1-4 EEL scale factors are being read from the topology file.

| Note: 1-4 VDW scale factors are being read from the topology file.
| Duplicated    0 dihedrals

| Duplicated    0 dihedrals

--------------------------------------------------------------------------------
   1.  RESOURCE   USE: 
--------------------------------------------------------------------------------

 getting new box info from bottom of inpcrd
 NATOM  =   23082 NTYPES =      16 NBONH =   22055 MBONA  =    1038
 NTHETH =    2390 MTHETA =    1396 NPHIH =    4631 MPHIA  =    3488
 NHPARM =       0 NPARM  =       0 NNB   =   39434 NRES   =    7134
 NBONA  =    1038 NTHETA =    1396 NPHIA =    3488 NUMBND =      41
 NUMANG =      86 NPTRA  =      41 NATYP =      28 NPHB   =       1
 IFBOX  =       1 NMXRS  =      24 IFCAP =       0 NEXTRA =       0
 NCOPY  =       0

| Coordinate Index Table dimensions:    12   14   10
| Direct force subcell size =     5.0212    5.2012    5.2562

     BOX TYPE: RECTILINEAR

--------------------------------------------------------------------------------
   2.  CONTROL  DATA  FOR  THE  RUN
--------------------------------------------------------------------------------

default_name                                                                    

General flags:
     imin    =       0, nmropt  =       0

Nature and format of input:
     ntx     =       5, irest   =       1, ntrx    =       1

Nature and format of output:
     ntxo    =       1, ntpr    =     500, ntrx    =       1, ntwr    =     500
     iwrap   =       1, ntwx    =      20, ntwv    =      -1, ntwe    =       0
     ioutfm  =       1, ntwprt  =       0, idecomp =       0, rbornstat=      0

Potential function:
     ntf     =       1, ntb     =       1, igb     =       0, nsnb    =      25
     ipol    =       0, gbsa    =       0, iesp    =       0
     dielc   =   1.00000, cut     =   9.00000, intdiel =   1.00000

Frozen or restrained atoms:
     ibelly  =       0, ntr     =       0

Molecular dynamics:
     nstlim  =     20000, nscm    =      1000, nrespa  =         1
     t       =   0.00000, dt      =   0.00050, vlimit  =  -1.00000

Langevin dynamics temperature regulation:
     ig      =  416756
     temp0   = 300.00000, tempi   = 300.00000, gamma_ln=   2.00000

| Intermolecular bonds treatment:
|     no_intermolecular_bonds =       1

| Energy averages sample interval:
|     ene_avg_sampling =     500

Ewald parameters:
     verbose =       0, ew_type =       0, nbflag  =       1, use_pme =       1
     vdwmeth =       1, eedmeth =       1, netfrc  =       1
     Box X =   60.254   Box Y =   72.816   Box Z =   52.562
     Alpha =   90.000   Beta  =   90.000   Gamma =   90.000
     NFFT1 =   64       NFFT2 =   80       NFFT3 =   56
     Cutoff=    9.000   Tol   =0.100E-04
     Ewald Coefficient =  0.30768
     Interpolation order =    4

--------------------------------------------------------------------------------
   3.  ATOMIC COORDINATES AND VELOCITIES
--------------------------------------------------------------------------------

default_name                                                                    
 begin time read from input coords =    10.000 ps

 
 Number of triangulated 3-point waters found:     7002

     Sum of charges from parm topology file =  -0.00000008
     Forcing neutrality...

| Dynamic Memory, Types Used:
| Reals              710578
| Integers           737140

| Nonbonded Pairs Initial Allocation:     5262696

| GPU memory information (estimate):
| KB of GPU memory in use:    132483
| KB of CPU memory in use:     27891

--------------------------------------------------------------------------------
   4.  RESULTS
--------------------------------------------------------------------------------

 ---------------------------------------------------
 APPROXIMATING switch and d/dx switch using CUBIC SPLINE INTERPOLATION
 using   5000.0 points per unit in tabled values
 TESTING RELATIVE ERROR over r ranging from 0.0 to cutoff
| CHECK switch(x): max rel err =   0.2738E-14   at   2.422500
| CHECK d/dx switch(x): max rel err =   0.8314E-11   at   2.736960
 ---------------------------------------------------
|---------------------------------------------------
| APPROXIMATING direct energy using CUBIC SPLINE INTERPOLATION
|  with   50.0 points per unit in tabled values
| Relative Error Limit not exceeded for r .gt.   2.39
| APPROXIMATING direct force using CUBIC SPLINE INTERPOLATION
|  with   50.0 points per unit in tabled values
| Relative Error Limit not exceeded for r .gt.   2.84
|---------------------------------------------------

 NSTEP =      500   TIME(PS) =      10.250  TEMP(K) =   271.13  PRESS =     0.0
 Etot   =    -54698.5278  EKtot   =     18654.3555  EPtot      =    -73352.8833
 BOND   =      7113.2460  ANGLE   =      1001.8670  DIHED      =      1309.9262
 1-4 NB =       448.0435  1-4 EEL =      4658.7495  VDWAALS    =     12035.0483
 EELEC  =    -99919.7638  EHBOND  =         0.0000  RESTRAINT  =         0.0000
 ------------------------------------------------------------------------------


 NSTEP =     1000   TIME(PS) =      10.500  TEMP(K) =   286.87  PRESS =     0.0
 Etot   =    -52905.8917  EKtot   =     19737.3320  EPtot      =    -72643.2238
 BOND   =     10202.7866  ANGLE   =       978.8333  DIHED      =      1341.2122
 1-4 NB =       464.5518  1-4 EEL =      4663.9086  VDWAALS    =     11941.8265
 EELEC  =   -102236.3427  EHBOND  =         0.0000  RESTRAINT  =         0.0000
 ------------------------------------------------------------------------------


 NSTEP =     1500   TIME(PS) =      10.750  TEMP(K) =   292.05  PRESS =     0.0
 Etot   =    -52073.5859  EKtot   =     20093.7012  EPtot      =    -72167.2870
 BOND   =     11620.3806  ANGLE   =      1049.6868  DIHED      =      1343.9865
 1-4 NB =       451.4848  1-4 EEL =      4615.1985  VDWAALS    =     12197.6396
 EELEC  =   -103445.6638  EHBOND  =         0.0000  RESTRAINT  =         0.0000
 ------------------------------------------------------------------------------


 NSTEP =     2000   TIME(PS) =      11.000  TEMP(K) =   295.64  PRESS =     0.0
 Etot   =    -51748.4468  EKtot   =     20341.1191  EPtot      =    -72089.5659
 BOND   =     12063.2072  ANGLE   =      1008.8630  DIHED      =      1330.2612
 1-4 NB =       460.7857  1-4 EEL =      4648.2379  VDWAALS    =     12291.9857
 EELEC  =   -103892.9066  EHBOND  =         0.0000  RESTRAINT  =         0.0000
 ------------------------------------------------------------------------------


 NSTEP =     2500   TIME(PS) =      11.250  TEMP(K) =   299.41  PRESS =     0.0
 Etot   =    -51619.2892  EKtot   =     20600.0391  EPtot      =    -72219.3283
 BOND   =     12421.9598  ANGLE   =       998.0774  DIHED      =      1336.4949
 1-4 NB =       442.5980  1-4 EEL =      4615.8286  VDWAALS    =     12433.5393
 EELEC  =   -104467.8263  EHBOND  =         0.0000  RESTRAINT  =         0.0000
 ------------------------------------------------------------------------------


 NSTEP =     3000   TIME(PS) =      11.500  TEMP(K) =   299.84  PRESS =     0.0
 Etot   =    -51512.2642  EKtot   =     20629.7129  EPtot      =    -72141.9771
 BOND   =     12568.1979  ANGLE   =      1023.2675  DIHED      =      1346.8837
 1-4 NB =       448.9212  1-4 EEL =      4631.8421  VDWAALS    =     12245.6277
 EELEC  =   -104406.7172  EHBOND  =         0.0000  RESTRAINT  =         0.0000
 ------------------------------------------------------------------------------


 NSTEP =     3500   TIME(PS) =      11.750  TEMP(K) =   300.04  PRESS =     0.0
 Etot   =    -51600.1185  EKtot   =     20643.4961  EPtot      =    -72243.6145
 BOND   =     12576.5812  ANGLE   =       996.1189  DIHED      =      1337.5777
 1-4 NB =       445.4402  1-4 EEL =      4651.1710  VDWAALS    =     12320.5436
 EELEC  =   -104571.0470  EHBOND  =         0.0000  RESTRAINT  =         0.0000
 ------------------------------------------------------------------------------


 NSTEP =     4000   TIME(PS) =      12.000  TEMP(K) =   302.19  PRESS =     0.0
 Etot   =    -51683.1980  EKtot   =     20791.1758  EPtot      =    -72474.3738
 BOND   =     12740.7571  ANGLE   =      1054.9047  DIHED      =      1331.9730
 1-4 NB =       453.2132  1-4 EEL =      4623.1293  VDWAALS    =     12849.9754
 EELEC  =   -105528.3266  EHBOND  =         0.0000  RESTRAINT  =         0.0000
 ------------------------------------------------------------------------------


 NSTEP =     4500   TIME(PS) =      12.250  TEMP(K) =   301.09  PRESS =     0.0
 Etot   =    -51713.9936  EKtot   =     20715.7480  EPtot      =    -72429.7417
 BOND   =     12663.7528  ANGLE   =      1051.9211  DIHED      =      1331.8114
 1-4 NB =       450.7226  1-4 EEL =      4611.1700  VDWAALS    =     12859.7990
 EELEC  =   -105398.9185  EHBOND  =         0.0000  RESTRAINT  =         0.0000
 ------------------------------------------------------------------------------


 NSTEP =     5000   TIME(PS) =      12.500  TEMP(K) =   299.15  PRESS =     0.0
 Etot   =    -51933.2302  EKtot   =     20582.3652  EPtot      =    -72515.5955
 BOND   =     12609.5734  ANGLE   =      1031.7122  DIHED      =      1336.5355
 1-4 NB =       463.6801  1-4 EEL =      4678.8898  VDWAALS    =     12805.6824
 EELEC  =   -105441.6689  EHBOND  =         0.0000  RESTRAINT  =         0.0000
 ------------------------------------------------------------------------------


 NSTEP =     5500   TIME(PS) =      12.750  TEMP(K) =   300.85  PRESS =     0.0
 Etot   =    -51781.6404  EKtot   =     20699.3613  EPtot      =    -72481.0017
 BOND   =     12654.2627  ANGLE   =      1038.3650  DIHED      =      1344.6632
 1-4 NB =       451.3355  1-4 EEL =      4652.9825  VDWAALS    =     12842.1382
 EELEC  =   -105464.7488  EHBOND  =         0.0000  RESTRAINT  =         0.0000
 ------------------------------------------------------------------------------


 NSTEP =     6000   TIME(PS) =      13.000  TEMP(K) =   302.31  PRESS =     0.0
 Etot   =    -51860.3050  EKtot   =     20799.5410  EPtot      =    -72659.8460
 BOND   =     12690.4556  ANGLE   =      1075.4238  DIHED      =      1314.3241
 1-4 NB =       439.9236  1-4 EEL =      4639.2245  VDWAALS    =     12681.0486
 EELEC  =   -105500.2461  EHBOND  =         0.0000  RESTRAINT  =         0.0000
 ------------------------------------------------------------------------------


 NSTEP =     6500   TIME(PS) =      13.250  TEMP(K) =   299.00  PRESS =     0.0
 Etot   =    -51881.8811  EKtot   =     20572.2871  EPtot      =    -72454.1682
 BOND   =     12585.4004  ANGLE   =      1015.1866  DIHED      =      1318.5168
 1-4 NB =       436.4448  1-4 EEL =      4629.1204  VDWAALS    =     12695.2451
 EELEC  =   -105134.0823  EHBOND  =         0.0000  RESTRAINT  =         0.0000
 ------------------------------------------------------------------------------


 NSTEP =     7000   TIME(PS) =      13.500  TEMP(K) =   302.03  PRESS =     0.0
 Etot   =    -51732.5323  EKtot   =     20780.6387  EPtot      =    -72513.1709
 BOND   =     12718.3431  ANGLE   =      1075.1480  DIHED      =      1317.4765
 1-4 NB =       435.7617  1-4 EEL =      4627.7611  VDWAALS    =     12606.0426
 EELEC  =   -105293.7039  EHBOND  =         0.0000  RESTRAINT  =         0.0000
 ------------------------------------------------------------------------------


 NSTEP =     7500   TIME(PS) =      13.750  TEMP(K) =   300.52  PRESS =     0.0
 Etot   =    -51933.2603  EKtot   =     20676.3809  EPtot      =    -72609.6412
 BOND   =     12832.9842  ANGLE   =      1045.7389  DIHED      =      1334.9741
 1-4 NB =       444.3450  1-4 EEL =      4642.6619  VDWAALS    =     12578.9535
 EELEC  =   -105489.2988  EHBOND  =         0.0000  RESTRAINT  =         0.0000
 ------------------------------------------------------------------------------


 NSTEP =     8000   TIME(PS) =      14.000  TEMP(K) =   299.71  PRESS =     0.0
 Etot   =    -51747.3193  EKtot   =     20621.0625  EPtot      =    -72368.3818
 BOND   =     12892.9954  ANGLE   =      1033.9174  DIHED      =      1333.9082
 1-4 NB =       434.6876  1-4 EEL =      4637.6475  VDWAALS    =     12640.8319
 EELEC  =   -105342.3697  EHBOND  =         0.0000  RESTRAINT  =         0.0000
 ------------------------------------------------------------------------------


 NSTEP =     8500   TIME(PS) =      14.250  TEMP(K) =   300.12  PRESS =     0.0
 Etot   =    -51794.3239  EKtot   =     20649.1406  EPtot      =    -72443.4645
 BOND   =     12739.0646  ANGLE   =      1018.3833  DIHED      =      1333.5829
 1-4 NB =       429.9282  1-4 EEL =      4606.6584  VDWAALS    =     12608.7996
 EELEC  =   -105179.8814  EHBOND  =         0.0000  RESTRAINT  =         0.0000
 ------------------------------------------------------------------------------


 NSTEP =     9000   TIME(PS) =      14.500  TEMP(K) =   303.26  PRESS =     0.0
 Etot   =    -51705.7551  EKtot   =     20864.8535  EPtot      =    -72570.6087
 BOND   =     12709.8768  ANGLE   =      1045.7025  DIHED      =      1344.9677
 1-4 NB =       432.8742  1-4 EEL =      4657.6778  VDWAALS    =     12721.5659
 EELEC  =   -105483.2737  EHBOND  =         0.0000  RESTRAINT  =         0.0000
 ------------------------------------------------------------------------------


 NSTEP =     9500   TIME(PS) =      14.750  TEMP(K) =   300.36  PRESS =     0.0
 Etot   =    -51846.1349  EKtot   =     20665.3027  EPtot      =    -72511.4376
 BOND   =     12664.1875  ANGLE   =      1025.0324  DIHED      =      1351.3937
 1-4 NB =       442.2653  1-4 EEL =      4632.8418  VDWAALS    =     12590.1157
 EELEC  =   -105217.2741  EHBOND  =         0.0000  RESTRAINT  =         0.0000
 ------------------------------------------------------------------------------


 NSTEP =    10000   TIME(PS) =      15.000  TEMP(K) =   301.77  PRESS =     0.0
 Etot   =    -51676.5060  EKtot   =     20762.2969  EPtot      =    -72438.8028
 BOND   =     12753.1260  ANGLE   =      1038.9465  DIHED      =      1313.5475
 1-4 NB =       453.4809  1-4 EEL =      4650.6091  VDWAALS    =     12665.7235
 EELEC  =   -105314.2363  EHBOND  =         0.0000  RESTRAINT  =         0.0000
 ------------------------------------------------------------------------------


 NSTEP =    10500   TIME(PS) =      15.250  TEMP(K) =   298.48  PRESS =     0.0
 Etot   =    -51981.0902  EKtot   =     20536.1445  EPtot      =    -72517.2347
 BOND   =     12741.3958  ANGLE   =      1058.9921  DIHED      =      1315.9841
 1-4 NB =       457.3517  1-4 EEL =      4648.1199  VDWAALS    =     12600.3300
 EELEC  =   -105339.4083  EHBOND  =         0.0000  RESTRAINT  =         0.0000
 ------------------------------------------------------------------------------


 NSTEP =    11000   TIME(PS) =      15.500  TEMP(K) =   300.03  PRESS =     0.0
 Etot   =    -51975.2141  EKtot   =     20643.0605  EPtot      =    -72618.2747
 BOND   =     12885.7780  ANGLE   =      1080.2424  DIHED      =      1350.2010
 1-4 NB =       443.3872  1-4 EEL =      4621.5193  VDWAALS    =     12740.5606
 EELEC  =   -105739.9633  EHBOND  =         0.0000  RESTRAINT  =         0.0000
 ------------------------------------------------------------------------------


 NSTEP =    11500   TIME(PS) =      15.750  TEMP(K) =   300.34  PRESS =     0.0
 Etot   =    -51844.9422  EKtot   =     20663.8848  EPtot      =    -72508.8269
 BOND   =     12939.4067  ANGLE   =      1072.9252  DIHED      =      1308.8931
 1-4 NB =       444.2448  1-4 EEL =      4640.5443  VDWAALS    =     12637.2237
 EELEC  =   -105552.0648  EHBOND  =         0.0000  RESTRAINT  =         0.0000
 ------------------------------------------------------------------------------


 NSTEP =    12000   TIME(PS) =      16.000  TEMP(K) =   301.44  PRESS =     0.0
 Etot   =    -51804.9300  EKtot   =     20739.8301  EPtot      =    -72544.7601
 BOND   =     12866.7230  ANGLE   =      1004.1027  DIHED      =      1302.7629
 1-4 NB =       460.3362  1-4 EEL =      4664.8503  VDWAALS    =     12689.8483
 EELEC  =   -105533.3835  EHBOND  =         0.0000  RESTRAINT  =         0.0000
 ------------------------------------------------------------------------------


 NSTEP =    12500   TIME(PS) =      16.250  TEMP(K) =   301.47  PRESS =     0.0
 Etot   =    -51883.3442  EKtot   =     20741.8340  EPtot      =    -72625.1782
 BOND   =     12620.1140  ANGLE   =      1012.1697  DIHED      =      1318.0713
 1-4 NB =       465.6672  1-4 EEL =      4634.7986  VDWAALS    =     12749.7740
 EELEC  =   -105425.7730  EHBOND  =         0.0000  RESTRAINT  =         0.0000
 ------------------------------------------------------------------------------


 NSTEP =    13000   TIME(PS) =      16.500  TEMP(K) =   299.62  PRESS =     0.0
 Etot   =    -52005.1016  EKtot   =     20614.6035  EPtot      =    -72619.7052
 BOND   =     12795.8096  ANGLE   =      1030.7691  DIHED      =      1337.0730
 1-4 NB =       461.2766  1-4 EEL =      4637.3732  VDWAALS    =     12706.2657
 EELEC  =   -105588.2724  EHBOND  =         0.0000  RESTRAINT  =         0.0000
 ------------------------------------------------------------------------------


 NSTEP =    13500   TIME(PS) =      16.750  TEMP(K) =   300.54  PRESS =     0.0
 Etot   =    -51883.3642  EKtot   =     20678.0391  EPtot      =    -72561.4032
 BOND   =     12808.6897  ANGLE   =      1031.2228  DIHED      =      1330.7781
 1-4 NB =       444.9048  1-4 EEL =      4604.4694  VDWAALS    =     12706.0515
 EELEC  =   -105487.5197  EHBOND  =         0.0000  RESTRAINT  =         0.0000
 ------------------------------------------------------------------------------


 NSTEP =    14000   TIME(PS) =      17.000  TEMP(K) =   298.91  PRESS =     0.0
 Etot   =    -51814.0830  EKtot   =     20565.7578  EPtot      =    -72379.8408
 BOND   =     12805.2633  ANGLE   =      1079.5260  DIHED      =      1324.7360
 1-4 NB =       437.8203  1-4 EEL =      4628.7986  VDWAALS    =     12777.7028
 EELEC  =   -105433.6878  EHBOND  =         0.0000  RESTRAINT  =         0.0000
 ------------------------------------------------------------------------------


 NSTEP =    14500   TIME(PS) =      17.250  TEMP(K) =   302.01  PRESS =     0.0
 Etot   =    -51871.3007  EKtot   =     20778.9492  EPtot      =    -72650.2499
 BOND   =     12662.2220  ANGLE   =      1018.1973  DIHED      =      1310.8204
 1-4 NB =       462.6350  1-4 EEL =      4689.9627  VDWAALS    =     12569.3294
 EELEC  =   -105363.4168  EHBOND  =         0.0000  RESTRAINT  =         0.0000
 ------------------------------------------------------------------------------


 NSTEP =    15000   TIME(PS) =      17.500  TEMP(K) =   302.82  PRESS =     0.0
 Etot   =    -51628.3178  EKtot   =     20834.9355  EPtot      =    -72463.2533
 BOND   =     12935.7250  ANGLE   =      1062.3629  DIHED      =      1346.2598
 1-4 NB =       438.3653  1-4 EEL =      4612.9584  VDWAALS    =     12644.4707
 EELEC  =   -105503.3954  EHBOND  =         0.0000  RESTRAINT  =         0.0000
 ------------------------------------------------------------------------------


 NSTEP =    15500   TIME(PS) =      17.750  TEMP(K) =   301.42  PRESS =     0.0
 Etot   =    -51783.6467  EKtot   =     20738.4883  EPtot      =    -72522.1350
 BOND   =     12642.5125  ANGLE   =      1070.1919  DIHED      =      1311.0951
 1-4 NB =       442.5324  1-4 EEL =      4620.2367  VDWAALS    =     12721.6750
 EELEC  =   -105330.3785  EHBOND  =         0.0000  RESTRAINT  =         0.0000
 ------------------------------------------------------------------------------


 NSTEP =    16000   TIME(PS) =      18.000  TEMP(K) =   301.14  PRESS =     0.0
 Etot   =    -51845.0506  EKtot   =     20719.5234  EPtot      =    -72564.5740
 BOND   =     12800.0177  ANGLE   =      1051.0089  DIHED      =      1340.8186
 1-4 NB =       443.5797  1-4 EEL =      4600.7222  VDWAALS    =     12767.5684
 EELEC  =   -105568.2895  EHBOND  =         0.0000  RESTRAINT  =         0.0000
 ------------------------------------------------------------------------------


 NSTEP =    16500   TIME(PS) =      18.250  TEMP(K) =   303.81  PRESS =     0.0
 Etot   =    -51657.0413  EKtot   =     20902.9805  EPtot      =    -72560.0218
 BOND   =     13000.7453  ANGLE   =      1068.6876  DIHED      =      1342.0265
 1-4 NB =       439.3264  1-4 EEL =      4636.6693  VDWAALS    =     12986.2351
 EELEC  =   -106033.7120  EHBOND  =         0.0000  RESTRAINT  =         0.0000
 ------------------------------------------------------------------------------


 NSTEP =    17000   TIME(PS) =      18.500  TEMP(K) =   301.76  PRESS =     0.0
 Etot   =    -51889.0605  EKtot   =     20761.9199  EPtot      =    -72650.9804
 BOND   =     12908.2627  ANGLE   =      1062.7683  DIHED      =      1323.1977
 1-4 NB =       441.8588  1-4 EEL =      4644.2468  VDWAALS    =     12729.0701
 EELEC  =   -105760.3849  EHBOND  =         0.0000  RESTRAINT  =         0.0000
 ------------------------------------------------------------------------------


 NSTEP =    17500   TIME(PS) =      18.750  TEMP(K) =   299.47  PRESS =     0.0
 Etot   =    -51937.1269  EKtot   =     20604.1270  EPtot      =    -72541.2539
 BOND   =     12882.9585  ANGLE   =      1062.7427  DIHED      =      1318.8695
 1-4 NB =       437.6094  1-4 EEL =      4645.6393  VDWAALS    =     12656.7042
 EELEC  =   -105545.7775  EHBOND  =         0.0000  RESTRAINT  =         0.0000
 ------------------------------------------------------------------------------


 NSTEP =    18000   TIME(PS) =      19.000  TEMP(K) =   302.54  PRESS =     0.0
 Etot   =    -51932.6422  EKtot   =     20815.6465  EPtot      =    -72748.2887
 BOND   =     12637.0230  ANGLE   =      1038.3635  DIHED      =      1325.7574
 1-4 NB =       439.9610  1-4 EEL =      4646.6555  VDWAALS    =     12786.6053
 EELEC  =   -105622.6543  EHBOND  =         0.0000  RESTRAINT  =         0.0000
 ------------------------------------------------------------------------------


 NSTEP =    18500   TIME(PS) =      19.250  TEMP(K) =   300.72  PRESS =     0.0
 Etot   =    -51881.6226  EKtot   =     20690.2422  EPtot      =    -72571.8647
 BOND   =     12913.0588  ANGLE   =      1065.0426  DIHED      =      1324.3295
 1-4 NB =       447.0585  1-4 EEL =      4658.3615  VDWAALS    =     12762.1189
 EELEC  =   -105741.8345  EHBOND  =         0.0000  RESTRAINT  =         0.0000
 ------------------------------------------------------------------------------


 NSTEP =    19000   TIME(PS) =      19.500  TEMP(K) =   305.23  PRESS =     0.0
 Etot   =    -51701.2128  EKtot   =     21000.8848  EPtot      =    -72702.0976
 BOND   =     12751.2019  ANGLE   =      1096.0578  DIHED      =      1313.8302
 1-4 NB =       451.0522  1-4 EEL =      4643.7825  VDWAALS    =     12711.2824
 EELEC  =   -105669.3046  EHBOND  =         0.0000  RESTRAINT  =         0.0000
 ------------------------------------------------------------------------------


 NSTEP =    19500   TIME(PS) =      19.750  TEMP(K) =   302.16  PRESS =     0.0
 Etot   =    -51759.2899  EKtot   =     20789.2656  EPtot      =    -72548.5555
 BOND   =     12949.3478  ANGLE   =      1069.5859  DIHED      =      1330.1792
 1-4 NB =       449.7872  1-4 EEL =      4643.2865  VDWAALS    =     12878.5414
 EELEC  =   -105869.2836  EHBOND  =         0.0000  RESTRAINT  =         0.0000
 ------------------------------------------------------------------------------


 NSTEP =    20000   TIME(PS) =      20.000  TEMP(K) =   303.04  PRESS =     0.0
 Etot   =    -51676.9189  EKtot   =     20849.9316  EPtot      =    -72526.8506
 BOND   =     12854.1611  ANGLE   =      1009.1878  DIHED      =      1322.3050
 1-4 NB =       447.2427  1-4 EEL =      4627.8876  VDWAALS    =     12590.8149
 EELEC  =   -105378.4497  EHBOND  =         0.0000  RESTRAINT  =         0.0000
 ------------------------------------------------------------------------------


      A V E R A G E S   O V E R      40 S T E P S


 NSTEP =    20000   TIME(PS) =      20.000  TEMP(K) =   299.61  PRESS =     0.0
 Etot   =    -51905.0876  EKtot   =     20613.7490  EPtot      =    -72518.8366
 BOND   =     12505.5389  ANGLE   =      1041.2811  DIHED      =      1328.8001
 1-4 NB =       447.1621  1-4 EEL =      4638.1548  VDWAALS    =     12625.6076
 EELEC  =   -105105.3813  EHBOND  =         0.0000  RESTRAINT  =         0.0000
 ------------------------------------------------------------------------------


      R M S  F L U C T U A T I O N S


 NSTEP =    20000   TIME(PS) =      20.000  TEMP(K) =     5.49  PRESS =     0.0
 Etot   =       494.2931  EKtot   =       377.5117  EPtot      =       199.5615
 BOND   =       977.7405  ANGLE   =        27.7526  DIHED      =        12.9044
 1-4 NB =         9.2731  1-4 EEL =        19.4511  VDWAALS    =       221.0227
 EELEC  =      1080.3668  EHBOND  =         0.0000  RESTRAINT  =         0.0000
 ------------------------------------------------------------------------------

--------------------------------------------------------------------------------
   5.  TIMINGS
--------------------------------------------------------------------------------

|  NonSetup CPU Time in Major Routines:
|
|     Routine           Sec        %
|     ------------------------------
|     Nonbond           4.14   10.40
|     Bond              0.00    0.00
|     Angle             0.00    0.00
|     Dihedral          0.00    0.00
|     Shake             0.00    0.00
|     RunMD            35.59   89.52
|     Other             0.03    0.08
|     ------------------------------
|     Total            39.76

|  PME Nonbond Pairlist CPU Time:
|
|     Routine              Sec        %
|     ---------------------------------
|     Set Up Cit           0.00    0.00
|     Build List           0.00    0.00
|     ---------------------------------
|     Total                0.00    0.00

|  PME Direct Force CPU Time:
|
|     Routine              Sec        %
|     ---------------------------------
|     NonBonded Calc       0.00    0.00
|     Exclude Masked       0.00    0.00
|     Other                0.02    0.05
|     ---------------------------------
|     Total                0.02    0.05

|  PME Reciprocal Force CPU Time:
|
|     Routine              Sec        %
|     ---------------------------------
|     1D bspline           0.00    0.00
|     Grid Charges         0.00    0.00
|     Scalar Sum           0.00    0.00
|     Gradient Sum         0.00    0.00
|     FFT                  0.00    0.00
|     ---------------------------------
|     Total                0.00    0.00

|  Final Performance Info:
|     -----------------------------------------------------
|     Average timings for last   19500 steps:
|     Elapsed(s) =      40.58 Per Step(ms) =       2.08
|         ns/day =      20.76   seconds/ns =    4162.40
|
|     Average timings for all steps:
|     Elapsed(s) =      41.50 Per Step(ms) =       2.08
|         ns/day =      20.82   seconds/ns =    4150.21
|     -----------------------------------------------------

|  Setup CPU time:            2.76 seconds
|  NonSetup CPU time:        39.76 seconds
|  Total CPU time:           42.52 seconds     0.01 hours

|  Setup wall time:           3    seconds
|  NonSetup wall time:       42    seconds
|  Total wall time:          45    seconds     0.01 hours
