
          -------------------------------------------------------
          Amber 16 PMEMD                              2016
          -------------------------------------------------------

| PMEMD implementation of SANDER, Release 16

| Run on 08/24/2017 at 11:01:55

|   Executable path: /apps/amber16/bin/pmemd.cuda
| Working directory: /scratch/pbarletta/pdz/run/lb/neq/data/2
|          Hostname: mordor

  [-O]verwriting output

File Assignments:
|   MDIN: pdt.in                                                                
|  MDOUT: 260plb_2.out                                                          
| INPCRD: ../1/260plb_1.rst7                                                    
|   PARM: /scratch/pbarletta/pdz/top_files/lb.prmtop                            
| RESTRT: 260plb_2.rst7                                                         
|   REFC: refc                                                                  
|  MDVEL: mdvel                                                                 
|   MDEN: mden                                                                  
|  MDCRD: 260plb_2.nc                                                           
| MDINFO: mdinfo                                                                
|  MDFRC: mdfrc                                                                 


 Here is the input file:

!NVE run                                                                       
&cntrl                                                                         
imin = 0,                           ! No Minimization                          
nmropt = 0,                         ! No NMR restraints read                   
                                                                               
! Nature and format of the input                                               
ntx = 5,                            ! Coordinates and velocities will be read  
irest = 1,                          ! Restart simulation                       
                                                                               
! Nature and format of the output                                              
ioutfm = 1,			    ! NetCDF format for output files                             
ntxo = 1,                           ! rstrt file in ASCII format               
ntpr = 500,                         ! inf in output every ntpr steps           
ntwr = 500,                         ! rstrt file every ntwr steps              
ntwx = 20,                          ! mdcrd file every ntwx steps              
ntwv = -1,                          ! mdvel without velocities                 
ntwe = 0,                           ! Energies and temperatures not written in 
idecomp = 0,                        ! No energy decomposition                  
iwrap = 1,                          ! Coordinates of the restart and mdcrd file
                                                                               
! Frozen or restrained atoms                                                   
ibelly = 0,                         ! No frozen atoms                          
ntr=0,                              ! Harmonic potential restraints            
                                                                               
! Molecular dynamics                                                           
nstlim = 20000,                      ! Number of MD-steps                      
dt = 0.0005,                        ! Time step                                
                                                                               
! Temperature regulation                                                       
ntt = 3,                            ! Langevin thermostat                      
gamma_ln = 2,                       ! Gamma constant for Langevin              
temp0 = 300.0,                      ! Reference T at which the system is to be 
tempi = 300.0,                      ! Initial T                                
                                                                               
! P and V regulation                                                           
ntp = 0,                            ! No P control                             
ntb = 1,                            ! constant V                               
                                                                               
! SHAKE variables                                                              
ntc = 1,                            ! No SHAKE                                 
ntf = 1,                            ! Get E with allatom                       
                                                                               
cut = 9.0,                          ! Nonbonded cutoff                         
/                                                                              
&end                                                                           


Note: ig = -1. Setting random seed to   849388 based on wallclock time in 
      microseconds.
| irandom = 1, using AMBER's internal random number generator (default).
 
|--------------------- INFORMATION ----------------------
| GPU (CUDA) Version of PMEMD in use: NVIDIA GPU IN USE.
|                    Version 16.0.0
| 
|                      02/25/2016
| 
| Implementation by:
|                    Ross C. Walker     (SDSC)
|                    Scott Le Grand     (nVIDIA)
| 
| Precision model in use:
|      [SPFP] - Single Precision Forces, 64-bit Fixed Point
|               Accumulation. (Default)
| 
|--------------------------------------------------------
 
|----------------- CITATION INFORMATION -----------------
|
|    When publishing work that utilized the CUDA version
|    of AMBER, please cite the following in addition to
|    the regular AMBER citations:
|
|  - Romelia Salomon-Ferrer; Andreas W. Goetz; Duncan
|    Poole; Scott Le Grand; Ross C. Walker "Routine
|    microsecond molecular dynamics simulations with
|    AMBER - Part II: Particle Mesh Ewald", J. Chem.
|    Theory Comput., 2013, 9 (9), pp3878-3888,
|    DOI: 10.1021/ct400314y.
|
|  - Andreas W. Goetz; Mark J. Williamson; Dong Xu;
|    Duncan Poole; Scott Le Grand; Ross C. Walker
|    "Routine microsecond molecular dynamics simulations
|    with AMBER - Part I: Generalized Born", J. Chem.
|    Theory Comput., 2012, 8 (5), pp1542-1555.
|
|  - Scott Le Grand; Andreas W. Goetz; Ross C. Walker
|    "SPFP: Speed without compromise - a mixed precision
|    model for GPU accelerated molecular dynamics
|    simulations.", Comp. Phys. Comm., 2013, 184
|    pp374-380, DOI: 10.1016/j.cpc.2012.09.022
|
|--------------------------------------------------------
 
|------------------- GPU DEVICE INFO --------------------
|
|            CUDA_VISIBLE_DEVICES: 1
|   CUDA Capable Devices Detected:      1
|           CUDA Device ID in use:      0
|                CUDA Device Name: GeForce GTX TITAN
|     CUDA Device Global Mem Size:   6082 MB
| CUDA Device Num Multiprocessors:     14
|           CUDA Device Core Freq:   0.93 GHz
|
|--------------------------------------------------------
 
 
| Conditional Compilation Defines Used:
| PUBFFT
| BINTRAJ
| CUDA
| EMIL

| Largest sphere to fit in unit cell has radius =    26.281

| New format PARM file being parsed.
| Version =    1.000 Date = 09/04/12 Time = 16:08:43

| Note: 1-4 EEL scale factors are being read from the topology file.

| Note: 1-4 VDW scale factors are being read from the topology file.
| Duplicated    0 dihedrals

| Duplicated    0 dihedrals

--------------------------------------------------------------------------------
   1.  RESOURCE   USE: 
--------------------------------------------------------------------------------

 getting new box info from bottom of inpcrd
 NATOM  =   23082 NTYPES =      16 NBONH =   22055 MBONA  =    1038
 NTHETH =    2390 MTHETA =    1396 NPHIH =    4631 MPHIA  =    3488
 NHPARM =       0 NPARM  =       0 NNB   =   39434 NRES   =    7134
 NBONA  =    1038 NTHETA =    1396 NPHIA =    3488 NUMBND =      41
 NUMANG =      86 NPTRA  =      41 NATYP =      28 NPHB   =       1
 IFBOX  =       1 NMXRS  =      24 IFCAP =       0 NEXTRA =       0
 NCOPY  =       0

| Coordinate Index Table dimensions:    12   14   10
| Direct force subcell size =     5.0212    5.2012    5.2562

     BOX TYPE: RECTILINEAR

--------------------------------------------------------------------------------
   2.  CONTROL  DATA  FOR  THE  RUN
--------------------------------------------------------------------------------

default_name                                                                    

General flags:
     imin    =       0, nmropt  =       0

Nature and format of input:
     ntx     =       5, irest   =       1, ntrx    =       1

Nature and format of output:
     ntxo    =       1, ntpr    =     500, ntrx    =       1, ntwr    =     500
     iwrap   =       1, ntwx    =      20, ntwv    =      -1, ntwe    =       0
     ioutfm  =       1, ntwprt  =       0, idecomp =       0, rbornstat=      0

Potential function:
     ntf     =       1, ntb     =       1, igb     =       0, nsnb    =      25
     ipol    =       0, gbsa    =       0, iesp    =       0
     dielc   =   1.00000, cut     =   9.00000, intdiel =   1.00000

Frozen or restrained atoms:
     ibelly  =       0, ntr     =       0

Molecular dynamics:
     nstlim  =     20000, nscm    =      1000, nrespa  =         1
     t       =   0.00000, dt      =   0.00050, vlimit  =  -1.00000

Langevin dynamics temperature regulation:
     ig      =  849388
     temp0   = 300.00000, tempi   = 300.00000, gamma_ln=   2.00000

| Intermolecular bonds treatment:
|     no_intermolecular_bonds =       1

| Energy averages sample interval:
|     ene_avg_sampling =     500

Ewald parameters:
     verbose =       0, ew_type =       0, nbflag  =       1, use_pme =       1
     vdwmeth =       1, eedmeth =       1, netfrc  =       1
     Box X =   60.254   Box Y =   72.816   Box Z =   52.562
     Alpha =   90.000   Beta  =   90.000   Gamma =   90.000
     NFFT1 =   64       NFFT2 =   80       NFFT3 =   56
     Cutoff=    9.000   Tol   =0.100E-04
     Ewald Coefficient =  0.30768
     Interpolation order =    4

--------------------------------------------------------------------------------
   3.  ATOMIC COORDINATES AND VELOCITIES
--------------------------------------------------------------------------------

default_name                                                                    
 begin time read from input coords =    10.000 ps

 
 Number of triangulated 3-point waters found:     7002

     Sum of charges from parm topology file =  -0.00000008
     Forcing neutrality...

| Dynamic Memory, Types Used:
| Reals              710578
| Integers           737140

| Nonbonded Pairs Initial Allocation:     5262696

| GPU memory information (estimate):
| KB of GPU memory in use:    132483
| KB of CPU memory in use:     27891

--------------------------------------------------------------------------------
   4.  RESULTS
--------------------------------------------------------------------------------

 ---------------------------------------------------
 APPROXIMATING switch and d/dx switch using CUBIC SPLINE INTERPOLATION
 using   5000.0 points per unit in tabled values
 TESTING RELATIVE ERROR over r ranging from 0.0 to cutoff
| CHECK switch(x): max rel err =   0.2738E-14   at   2.422500
| CHECK d/dx switch(x): max rel err =   0.8314E-11   at   2.736960
 ---------------------------------------------------
|---------------------------------------------------
| APPROXIMATING direct energy using CUBIC SPLINE INTERPOLATION
|  with   50.0 points per unit in tabled values
| Relative Error Limit not exceeded for r .gt.   2.39
| APPROXIMATING direct force using CUBIC SPLINE INTERPOLATION
|  with   50.0 points per unit in tabled values
| Relative Error Limit not exceeded for r .gt.   2.84
|---------------------------------------------------

 NSTEP =      500   TIME(PS) =      10.250  TEMP(K) =   273.52  PRESS =     0.0
 Etot   =    -54520.4626  EKtot   =     18819.0508  EPtot      =    -73339.5134
 BOND   =      7118.8264  ANGLE   =      1011.6564  DIHED      =      1319.9241
 1-4 NB =       439.1101  1-4 EEL =      4558.1675  VDWAALS    =     11843.1144
 EELEC  =    -99630.3122  EHBOND  =         0.0000  RESTRAINT  =         0.0000
 ------------------------------------------------------------------------------


 NSTEP =     1000   TIME(PS) =      10.500  TEMP(K) =   284.80  PRESS =     0.0
 Etot   =    -52916.4469  EKtot   =     19594.9297  EPtot      =    -72511.3766
 BOND   =     10325.1976  ANGLE   =       999.3700  DIHED      =      1331.6705
 1-4 NB =       437.7485  1-4 EEL =      4597.9146  VDWAALS    =     11777.0934
 EELEC  =   -101980.3712  EHBOND  =         0.0000  RESTRAINT  =         0.0000
 ------------------------------------------------------------------------------


 NSTEP =     1500   TIME(PS) =      10.750  TEMP(K) =   293.97  PRESS =     0.0
 Etot   =    -52188.4341  EKtot   =     20225.9160  EPtot      =    -72414.3502
 BOND   =     11594.4304  ANGLE   =       955.1142  DIHED      =      1321.8168
 1-4 NB =       456.0142  1-4 EEL =      4602.9084  VDWAALS    =     12167.8268
 EELEC  =   -103512.4610  EHBOND  =         0.0000  RESTRAINT  =         0.0000
 ------------------------------------------------------------------------------


 NSTEP =     2000   TIME(PS) =      11.000  TEMP(K) =   295.89  PRESS =     0.0
 Etot   =    -51898.0738  EKtot   =     20357.9141  EPtot      =    -72255.9878
 BOND   =     12274.6338  ANGLE   =      1050.9916  DIHED      =      1343.8069
 1-4 NB =       432.2095  1-4 EEL =      4607.0299  VDWAALS    =     12353.6397
 EELEC  =   -104318.2992  EHBOND  =         0.0000  RESTRAINT  =         0.0000
 ------------------------------------------------------------------------------


 NSTEP =     2500   TIME(PS) =      11.250  TEMP(K) =   298.78  PRESS =     0.0
 Etot   =    -51907.3974  EKtot   =     20556.6055  EPtot      =    -72464.0029
 BOND   =     12373.2128  ANGLE   =      1050.5191  DIHED      =      1331.4202
 1-4 NB =       430.7279  1-4 EEL =      4623.9149  VDWAALS    =     12240.0640
 EELEC  =   -104513.8618  EHBOND  =         0.0000  RESTRAINT  =         0.0000
 ------------------------------------------------------------------------------


 NSTEP =     3000   TIME(PS) =      11.500  TEMP(K) =   297.12  PRESS =     0.0
 Etot   =    -52177.9169  EKtot   =     20442.5684  EPtot      =    -72620.4853
 BOND   =     12463.8671  ANGLE   =      1041.6956  DIHED      =      1317.0818
 1-4 NB =       449.3629  1-4 EEL =      4621.4243  VDWAALS    =     12603.9523
 EELEC  =   -105117.8693  EHBOND  =         0.0000  RESTRAINT  =         0.0000
 ------------------------------------------------------------------------------


 NSTEP =     3500   TIME(PS) =      11.750  TEMP(K) =   298.61  PRESS =     0.0
 Etot   =    -51893.5117  EKtot   =     20545.1191  EPtot      =    -72438.6308
 BOND   =     12617.7960  ANGLE   =      1035.9404  DIHED      =      1336.8093
 1-4 NB =       450.6954  1-4 EEL =      4650.1578  VDWAALS    =     12640.8612
 EELEC  =   -105170.8908  EHBOND  =         0.0000  RESTRAINT  =         0.0000
 ------------------------------------------------------------------------------


 NSTEP =     4000   TIME(PS) =      12.000  TEMP(K) =   299.29  PRESS =     0.0
 Etot   =    -51953.1449  EKtot   =     20592.0547  EPtot      =    -72545.1996
 BOND   =     12694.2791  ANGLE   =      1005.4148  DIHED      =      1309.9996
 1-4 NB =       434.3632  1-4 EEL =      4615.7816  VDWAALS    =     12852.4702
 EELEC  =   -105457.5081  EHBOND  =         0.0000  RESTRAINT  =         0.0000
 ------------------------------------------------------------------------------


 NSTEP =     4500   TIME(PS) =      12.250  TEMP(K) =   300.24  PRESS =     0.0
 Etot   =    -51867.2391  EKtot   =     20657.6016  EPtot      =    -72524.8406
 BOND   =     12737.4801  ANGLE   =      1057.2788  DIHED      =      1332.1482
 1-4 NB =       423.6977  1-4 EEL =      4619.3412  VDWAALS    =     12773.4273
 EELEC  =   -105468.2138  EHBOND  =         0.0000  RESTRAINT  =         0.0000
 ------------------------------------------------------------------------------


 NSTEP =     5000   TIME(PS) =      12.500  TEMP(K) =   299.53  PRESS =     0.0
 Etot   =    -51711.3954  EKtot   =     20608.3750  EPtot      =    -72319.7704
 BOND   =     12791.3614  ANGLE   =      1038.2700  DIHED      =      1327.9395
 1-4 NB =       441.7738  1-4 EEL =      4629.2343  VDWAALS    =     12685.4177
 EELEC  =   -105233.7671  EHBOND  =         0.0000  RESTRAINT  =         0.0000
 ------------------------------------------------------------------------------


 NSTEP =     5500   TIME(PS) =      12.750  TEMP(K) =   303.21  PRESS =     0.0
 Etot   =    -51499.3780  EKtot   =     20861.5762  EPtot      =    -72360.9542
 BOND   =     12813.3467  ANGLE   =      1030.6357  DIHED      =      1300.5568
 1-4 NB =       439.4646  1-4 EEL =      4606.8390  VDWAALS    =     12576.2839
 EELEC  =   -105128.0808  EHBOND  =         0.0000  RESTRAINT  =         0.0000
 ------------------------------------------------------------------------------


 NSTEP =     6000   TIME(PS) =      13.000  TEMP(K) =   302.34  PRESS =     0.0
 Etot   =    -51635.1233  EKtot   =     20801.5371  EPtot      =    -72436.6604
 BOND   =     12751.4861  ANGLE   =      1052.0030  DIHED      =      1321.3957
 1-4 NB =       441.0294  1-4 EEL =      4650.1153  VDWAALS    =     12711.7000
 EELEC  =   -105364.3899  EHBOND  =         0.0000  RESTRAINT  =         0.0000
 ------------------------------------------------------------------------------


 NSTEP =     6500   TIME(PS) =      13.250  TEMP(K) =   300.80  PRESS =     0.0
 Etot   =    -51657.0143  EKtot   =     20695.6484  EPtot      =    -72352.6627
 BOND   =     12725.0276  ANGLE   =      1051.1916  DIHED      =      1346.8548
 1-4 NB =       444.3881  1-4 EEL =      4604.1040  VDWAALS    =     12603.6610
 EELEC  =   -105127.8898  EHBOND  =         0.0000  RESTRAINT  =         0.0000
 ------------------------------------------------------------------------------


 NSTEP =     7000   TIME(PS) =      13.500  TEMP(K) =   300.03  PRESS =     0.0
 Etot   =    -51928.4208  EKtot   =     20643.1270  EPtot      =    -72571.5477
 BOND   =     12825.3609  ANGLE   =      1044.9259  DIHED      =      1328.3431
 1-4 NB =       423.3291  1-4 EEL =      4624.4923  VDWAALS    =     12909.1762
 EELEC  =   -105727.1751  EHBOND  =         0.0000  RESTRAINT  =         0.0000
 ------------------------------------------------------------------------------


 NSTEP =     7500   TIME(PS) =      13.750  TEMP(K) =   298.77  PRESS =     0.0
 Etot   =    -51943.5778  EKtot   =     20556.0176  EPtot      =    -72499.5954
 BOND   =     12933.5176  ANGLE   =      1053.6969  DIHED      =      1337.2944
 1-4 NB =       444.5142  1-4 EEL =      4664.9878  VDWAALS    =     12716.8220
 EELEC  =   -105650.4282  EHBOND  =         0.0000  RESTRAINT  =         0.0000
 ------------------------------------------------------------------------------


 NSTEP =     8000   TIME(PS) =      14.000  TEMP(K) =   298.36  PRESS =     0.0
 Etot   =    -52126.5115  EKtot   =     20528.1035  EPtot      =    -72654.6151
 BOND   =     12904.5737  ANGLE   =       990.5027  DIHED      =      1330.3506
 1-4 NB =       427.5495  1-4 EEL =      4590.1270  VDWAALS    =     12908.0071
 EELEC  =   -105805.7258  EHBOND  =         0.0000  RESTRAINT  =         0.0000
 ------------------------------------------------------------------------------


 NSTEP =     8500   TIME(PS) =      14.250  TEMP(K) =   298.66  PRESS =     0.0
 Etot   =    -52277.0194  EKtot   =     20548.8613  EPtot      =    -72825.8807
 BOND   =     12810.2184  ANGLE   =      1005.9982  DIHED      =      1344.2998
 1-4 NB =       442.0925  1-4 EEL =      4580.6652  VDWAALS    =     12834.1578
 EELEC  =   -105843.3126  EHBOND  =         0.0000  RESTRAINT  =         0.0000
 ------------------------------------------------------------------------------


 NSTEP =     9000   TIME(PS) =      14.500  TEMP(K) =   298.92  PRESS =     0.0
 Etot   =    -52351.2216  EKtot   =     20566.2090  EPtot      =    -72917.4306
 BOND   =     12797.6464  ANGLE   =       983.3785  DIHED      =      1341.5520
 1-4 NB =       446.7544  1-4 EEL =      4624.3892  VDWAALS    =     12841.0380
 EELEC  =   -105952.1890  EHBOND  =         0.0000  RESTRAINT  =         0.0000
 ------------------------------------------------------------------------------


 NSTEP =     9500   TIME(PS) =      14.750  TEMP(K) =   295.96  PRESS =     0.0
 Etot   =    -52356.3564  EKtot   =     20362.8320  EPtot      =    -72719.1884
 BOND   =     12717.8288  ANGLE   =      1074.1914  DIHED      =      1325.5949
 1-4 NB =       436.6881  1-4 EEL =      4611.3150  VDWAALS    =     12757.9903
 EELEC  =   -105642.7969  EHBOND  =         0.0000  RESTRAINT  =         0.0000
 ------------------------------------------------------------------------------


 NSTEP =    10000   TIME(PS) =      15.000  TEMP(K) =   299.29  PRESS =     0.0
 Etot   =    -52119.1606  EKtot   =     20592.1738  EPtot      =    -72711.3344
 BOND   =     12679.2935  ANGLE   =      1032.8641  DIHED      =      1334.8284
 1-4 NB =       448.5545  1-4 EEL =      4642.4274  VDWAALS    =     12644.6202
 EELEC  =   -105493.9225  EHBOND  =         0.0000  RESTRAINT  =         0.0000
 ------------------------------------------------------------------------------


 NSTEP =    10500   TIME(PS) =      15.250  TEMP(K) =   301.79  PRESS =     0.0
 Etot   =    -51787.8819  EKtot   =     20763.6523  EPtot      =    -72551.5343
 BOND   =     12712.6138  ANGLE   =      1064.4148  DIHED      =      1337.6931
 1-4 NB =       441.4913  1-4 EEL =      4610.1576  VDWAALS    =     12541.4533
 EELEC  =   -105259.3581  EHBOND  =         0.0000  RESTRAINT  =         0.0000
 ------------------------------------------------------------------------------


 NSTEP =    11000   TIME(PS) =      15.500  TEMP(K) =   301.10  PRESS =     0.0
 Etot   =    -51876.0038  EKtot   =     20716.4238  EPtot      =    -72592.4276
 BOND   =     12751.0799  ANGLE   =      1052.8604  DIHED      =      1303.9847
 1-4 NB =       439.7942  1-4 EEL =      4580.2279  VDWAALS    =     12724.2625
 EELEC  =   -105444.6373  EHBOND  =         0.0000  RESTRAINT  =         0.0000
 ------------------------------------------------------------------------------


 NSTEP =    11500   TIME(PS) =      15.750  TEMP(K) =   301.07  PRESS =     0.0
 Etot   =    -51936.6324  EKtot   =     20714.3301  EPtot      =    -72650.9625
 BOND   =     12838.1855  ANGLE   =      1068.4368  DIHED      =      1312.2003
 1-4 NB =       438.6977  1-4 EEL =      4548.3324  VDWAALS    =     12676.2466
 EELEC  =   -105533.0617  EHBOND  =         0.0000  RESTRAINT  =         0.0000
 ------------------------------------------------------------------------------


 NSTEP =    12000   TIME(PS) =      16.000  TEMP(K) =   298.14  PRESS =     0.0
 Etot   =    -52003.0148  EKtot   =     20512.4824  EPtot      =    -72515.4972
 BOND   =     12947.9010  ANGLE   =      1046.8824  DIHED      =      1324.0935
 1-4 NB =       446.5227  1-4 EEL =      4615.6393  VDWAALS    =     12925.9001
 EELEC  =   -105822.4362  EHBOND  =         0.0000  RESTRAINT  =         0.0000
 ------------------------------------------------------------------------------


 NSTEP =    12500   TIME(PS) =      16.250  TEMP(K) =   302.84  PRESS =     0.0
 Etot   =    -51934.8967  EKtot   =     20836.1914  EPtot      =    -72771.0882
 BOND   =     12913.1784  ANGLE   =      1041.3517  DIHED      =      1317.1071
 1-4 NB =       436.4323  1-4 EEL =      4599.4129  VDWAALS    =     12992.2929
 EELEC  =   -106070.8634  EHBOND  =         0.0000  RESTRAINT  =         0.0000
 ------------------------------------------------------------------------------


 NSTEP =    13000   TIME(PS) =      16.500  TEMP(K) =   300.29  PRESS =     0.0
 Etot   =    -51940.2241  EKtot   =     20660.7266  EPtot      =    -72600.9507
 BOND   =     12750.3152  ANGLE   =      1061.6312  DIHED      =      1330.9447
 1-4 NB =       457.7200  1-4 EEL =      4621.2404  VDWAALS    =     12662.5895
 EELEC  =   -105485.3917  EHBOND  =         0.0000  RESTRAINT  =         0.0000
 ------------------------------------------------------------------------------


 NSTEP =    13500   TIME(PS) =      16.750  TEMP(K) =   300.39  PRESS =     0.0
 Etot   =    -51951.3900  EKtot   =     20667.6113  EPtot      =    -72619.0013
 BOND   =     12792.0672  ANGLE   =      1059.3949  DIHED      =      1296.6434
 1-4 NB =       437.1880  1-4 EEL =      4578.7479  VDWAALS    =     12957.9567
 EELEC  =   -105740.9994  EHBOND  =         0.0000  RESTRAINT  =         0.0000
 ------------------------------------------------------------------------------


 NSTEP =    14000   TIME(PS) =      17.000  TEMP(K) =   300.62  PRESS =     0.0
 Etot   =    -51742.4526  EKtot   =     20683.6426  EPtot      =    -72426.0952
 BOND   =     13029.4970  ANGLE   =      1092.9926  DIHED      =      1344.8035
 1-4 NB =       431.7066  1-4 EEL =      4601.7725  VDWAALS    =     12779.2900
 EELEC  =   -105706.1574  EHBOND  =         0.0000  RESTRAINT  =         0.0000
 ------------------------------------------------------------------------------


 NSTEP =    14500   TIME(PS) =      17.250  TEMP(K) =   298.88  PRESS =     0.0
 Etot   =    -51844.0060  EKtot   =     20563.5664  EPtot      =    -72407.5724
 BOND   =     12747.1942  ANGLE   =      1047.5389  DIHED      =      1318.4869
 1-4 NB =       444.2091  1-4 EEL =      4635.9948  VDWAALS    =     12733.2341
 EELEC  =   -105334.2305  EHBOND  =         0.0000  RESTRAINT  =         0.0000
 ------------------------------------------------------------------------------


 NSTEP =    15000   TIME(PS) =      17.500  TEMP(K) =   300.89  PRESS =     0.0
 Etot   =    -51814.0539  EKtot   =     20702.0234  EPtot      =    -72516.0773
 BOND   =     12916.5256  ANGLE   =      1040.1197  DIHED      =      1302.3825
 1-4 NB =       441.8821  1-4 EEL =      4611.6641  VDWAALS    =     12832.6104
 EELEC  =   -105661.2617  EHBOND  =         0.0000  RESTRAINT  =         0.0000
 ------------------------------------------------------------------------------


 NSTEP =    15500   TIME(PS) =      17.750  TEMP(K) =   303.18  PRESS =     0.0
 Etot   =    -51666.6599  EKtot   =     20859.4062  EPtot      =    -72526.0661
 BOND   =     12839.5388  ANGLE   =      1032.2299  DIHED      =      1318.7397
 1-4 NB =       431.5754  1-4 EEL =      4588.6013  VDWAALS    =     12845.8020
 EELEC  =   -105582.5532  EHBOND  =         0.0000  RESTRAINT  =         0.0000
 ------------------------------------------------------------------------------


 NSTEP =    16000   TIME(PS) =      18.000  TEMP(K) =   303.66  PRESS =     0.0
 Etot   =    -51791.8272  EKtot   =     20892.7227  EPtot      =    -72684.5499
 BOND   =     12884.2499  ANGLE   =      1020.1657  DIHED      =      1319.2108
 1-4 NB =       453.5372  1-4 EEL =      4637.1743  VDWAALS    =     12843.9729
 EELEC  =   -105842.8607  EHBOND  =         0.0000  RESTRAINT  =         0.0000
 ------------------------------------------------------------------------------


 NSTEP =    16500   TIME(PS) =      18.250  TEMP(K) =   300.31  PRESS =     0.0
 Etot   =    -51780.4142  EKtot   =     20662.3867  EPtot      =    -72442.8009
 BOND   =     12796.4319  ANGLE   =      1075.3735  DIHED      =      1335.4441
 1-4 NB =       451.7402  1-4 EEL =      4603.7524  VDWAALS    =     12733.4879
 EELEC  =   -105439.0310  EHBOND  =         0.0000  RESTRAINT  =         0.0000
 ------------------------------------------------------------------------------


 NSTEP =    17000   TIME(PS) =      18.500  TEMP(K) =   299.40  PRESS =     0.0
 Etot   =    -52126.8222  EKtot   =     20599.6680  EPtot      =    -72726.4902
 BOND   =     12787.4131  ANGLE   =      1042.8543  DIHED      =      1322.8891
 1-4 NB =       426.3929  1-4 EEL =      4533.0047  VDWAALS    =     12700.5449
 EELEC  =   -105539.5892  EHBOND  =         0.0000  RESTRAINT  =         0.0000
 ------------------------------------------------------------------------------


 NSTEP =    17500   TIME(PS) =      18.750  TEMP(K) =   299.25  PRESS =     0.0
 Etot   =    -52016.8348  EKtot   =     20588.9121  EPtot      =    -72605.7469
 BOND   =     12992.9904  ANGLE   =      1045.6290  DIHED      =      1320.9538
 1-4 NB =       445.3777  1-4 EEL =      4622.7607  VDWAALS    =     12889.9636
 EELEC  =   -105923.4221  EHBOND  =         0.0000  RESTRAINT  =         0.0000
 ------------------------------------------------------------------------------


 NSTEP =    18000   TIME(PS) =      19.000  TEMP(K) =   299.57  PRESS =     0.0
 Etot   =    -52047.9637  EKtot   =     20611.4844  EPtot      =    -72659.4480
 BOND   =     12914.0845  ANGLE   =      1063.3322  DIHED      =      1316.3913
 1-4 NB =       428.1061  1-4 EEL =      4641.6860  VDWAALS    =     12911.0144
 EELEC  =   -105934.0626  EHBOND  =         0.0000  RESTRAINT  =         0.0000
 ------------------------------------------------------------------------------


 NSTEP =    18500   TIME(PS) =      19.250  TEMP(K) =   301.74  PRESS =     0.0
 Etot   =    -51821.6461  EKtot   =     20760.7383  EPtot      =    -72582.3843
 BOND   =     12767.8754  ANGLE   =      1040.6501  DIHED      =      1315.5366
 1-4 NB =       444.3677  1-4 EEL =      4617.7209  VDWAALS    =     12852.2284
 EELEC  =   -105620.7635  EHBOND  =         0.0000  RESTRAINT  =         0.0000
 ------------------------------------------------------------------------------


 NSTEP =    19000   TIME(PS) =      19.500  TEMP(K) =   298.49  PRESS =     0.0
 Etot   =    -51995.7341  EKtot   =     20536.8555  EPtot      =    -72532.5895
 BOND   =     13030.9064  ANGLE   =      1014.9722  DIHED      =      1320.5599
 1-4 NB =       452.7939  1-4 EEL =      4631.2440  VDWAALS    =     12805.0455
 EELEC  =   -105788.1114  EHBOND  =         0.0000  RESTRAINT  =         0.0000
 ------------------------------------------------------------------------------


 NSTEP =    19500   TIME(PS) =      19.750  TEMP(K) =   300.47  PRESS =     0.0
 Etot   =    -52163.3452  EKtot   =     20673.0078  EPtot      =    -72836.3530
 BOND   =     12833.5029  ANGLE   =       997.2595  DIHED      =      1301.0289
 1-4 NB =       434.7273  1-4 EEL =      4600.0224  VDWAALS    =     12650.7029
 EELEC  =   -105653.5970  EHBOND  =         0.0000  RESTRAINT  =         0.0000
 ------------------------------------------------------------------------------


 NSTEP =    20000   TIME(PS) =      20.000  TEMP(K) =   297.48  PRESS =     0.0
 Etot   =    -52245.5311  EKtot   =     20467.2969  EPtot      =    -72712.8280
 BOND   =     12952.8677  ANGLE   =      1036.8202  DIHED      =      1314.2372
 1-4 NB =       445.8000  1-4 EEL =      4623.0059  VDWAALS    =     12710.0102
 EELEC  =   -105795.5691  EHBOND  =         0.0000  RESTRAINT  =         0.0000
 ------------------------------------------------------------------------------


      A V E R A G E S   O V E R      40 S T E P S


 NSTEP =    20000   TIME(PS) =      20.000  TEMP(K) =   298.69  PRESS =     0.0
 Etot   =    -52035.3785  EKtot   =     20550.7337  EPtot      =    -72586.1123
 BOND   =     12553.6951  ANGLE   =      1037.7637  DIHED      =      1323.9255
 1-4 NB =       440.5032  1-4 EEL =      4610.6875  VDWAALS    =     12680.2483
 EELEC  =   -105232.9356  EHBOND  =         0.0000  RESTRAINT  =         0.0000
 ------------------------------------------------------------------------------


      R M S  F L U C T U A T I O N S


 NSTEP =    20000   TIME(PS) =      20.000  TEMP(K) =     5.06  PRESS =     0.0
 Etot   =       467.7087  EKtot   =       348.4784  EPtot      =       188.1259
 BOND   =       979.3020  ANGLE   =        27.3361  DIHED      =        12.8746
 1-4 NB =         8.6207  1-4 EEL =        26.6910  VDWAALS    =       264.5362
 EELEC  =      1148.8370  EHBOND  =         0.0000  RESTRAINT  =         0.0000
 ------------------------------------------------------------------------------

--------------------------------------------------------------------------------
   5.  TIMINGS
--------------------------------------------------------------------------------

|  NonSetup CPU Time in Major Routines:
|
|     Routine           Sec        %
|     ------------------------------
|     Nonbond           4.05   10.15
|     Bond              0.00    0.00
|     Angle             0.00    0.00
|     Dihedral          0.00    0.00
|     Shake             0.00    0.00
|     RunMD            35.79   89.74
|     Other             0.04    0.11
|     ------------------------------
|     Total            39.88

|  PME Nonbond Pairlist CPU Time:
|
|     Routine              Sec        %
|     ---------------------------------
|     Set Up Cit           0.00    0.00
|     Build List           0.00    0.00
|     ---------------------------------
|     Total                0.00    0.00

|  PME Direct Force CPU Time:
|
|     Routine              Sec        %
|     ---------------------------------
|     NonBonded Calc       0.00    0.00
|     Exclude Masked       0.00    0.00
|     Other                0.03    0.07
|     ---------------------------------
|     Total                0.03    0.07

|  PME Reciprocal Force CPU Time:
|
|     Routine              Sec        %
|     ---------------------------------
|     1D bspline           0.00    0.00
|     Grid Charges         0.00    0.00
|     Scalar Sum           0.00    0.00
|     Gradient Sum         0.00    0.00
|     FFT                  0.00    0.00
|     ---------------------------------
|     Total                0.00    0.00

|  Final Performance Info:
|     -----------------------------------------------------
|     Average timings for last   19500 steps:
|     Elapsed(s) =      41.84 Per Step(ms) =       2.15
|         ns/day =      20.13   seconds/ns =    4291.16
|
|     Average timings for all steps:
|     Elapsed(s) =      42.76 Per Step(ms) =       2.14
|         ns/day =      20.20   seconds/ns =    4276.30
|     -----------------------------------------------------

|  Setup CPU time:            2.84 seconds
|  NonSetup CPU time:        39.88 seconds
|  Total CPU time:           42.72 seconds     0.01 hours

|  Setup wall time:           3    seconds
|  NonSetup wall time:       43    seconds
|  Total wall time:          46    seconds     0.01 hours
