
          -------------------------------------------------------
          Amber 16 PMEMD                              2016
          -------------------------------------------------------

| PMEMD implementation of SANDER, Release 16

| Run on 08/24/2017 at 11:05:55

|   Executable path: /apps/amber16/bin/pmemd.cuda
| Working directory: /scratch/pbarletta/pdz/run/lb/neq/data/2
|          Hostname: mordor

  [-O]verwriting output

File Assignments:
|   MDIN: pdt.in                                                                
|  MDOUT: 265plb_2.out                                                          
| INPCRD: ../1/265plb_1.rst7                                                    
|   PARM: /scratch/pbarletta/pdz/top_files/lb.prmtop                            
| RESTRT: 265plb_2.rst7                                                         
|   REFC: refc                                                                  
|  MDVEL: mdvel                                                                 
|   MDEN: mden                                                                  
|  MDCRD: 265plb_2.nc                                                           
| MDINFO: mdinfo                                                                
|  MDFRC: mdfrc                                                                 


 Here is the input file:

!NVE run                                                                       
&cntrl                                                                         
imin = 0,                           ! No Minimization                          
nmropt = 0,                         ! No NMR restraints read                   
                                                                               
! Nature and format of the input                                               
ntx = 5,                            ! Coordinates and velocities will be read  
irest = 1,                          ! Restart simulation                       
                                                                               
! Nature and format of the output                                              
ioutfm = 1,			    ! NetCDF format for output files                             
ntxo = 1,                           ! rstrt file in ASCII format               
ntpr = 500,                         ! inf in output every ntpr steps           
ntwr = 500,                         ! rstrt file every ntwr steps              
ntwx = 20,                          ! mdcrd file every ntwx steps              
ntwv = -1,                          ! mdvel without velocities                 
ntwe = 0,                           ! Energies and temperatures not written in 
idecomp = 0,                        ! No energy decomposition                  
iwrap = 1,                          ! Coordinates of the restart and mdcrd file
                                                                               
! Frozen or restrained atoms                                                   
ibelly = 0,                         ! No frozen atoms                          
ntr=0,                              ! Harmonic potential restraints            
                                                                               
! Molecular dynamics                                                           
nstlim = 20000,                      ! Number of MD-steps                      
dt = 0.0005,                        ! Time step                                
                                                                               
! Temperature regulation                                                       
ntt = 3,                            ! Langevin thermostat                      
gamma_ln = 2,                       ! Gamma constant for Langevin              
temp0 = 300.0,                      ! Reference T at which the system is to be 
tempi = 300.0,                      ! Initial T                                
                                                                               
! P and V regulation                                                           
ntp = 0,                            ! No P control                             
ntb = 1,                            ! constant V                               
                                                                               
! SHAKE variables                                                              
ntc = 1,                            ! No SHAKE                                 
ntf = 1,                            ! Get E with allatom                       
                                                                               
cut = 9.0,                          ! Nonbonded cutoff                         
/                                                                              
&end                                                                           


Note: ig = -1. Setting random seed to   912176 based on wallclock time in 
      microseconds.
| irandom = 1, using AMBER's internal random number generator (default).
 
|--------------------- INFORMATION ----------------------
| GPU (CUDA) Version of PMEMD in use: NVIDIA GPU IN USE.
|                    Version 16.0.0
| 
|                      02/25/2016
| 
| Implementation by:
|                    Ross C. Walker     (SDSC)
|                    Scott Le Grand     (nVIDIA)
| 
| Precision model in use:
|      [SPFP] - Single Precision Forces, 64-bit Fixed Point
|               Accumulation. (Default)
| 
|--------------------------------------------------------
 
|----------------- CITATION INFORMATION -----------------
|
|    When publishing work that utilized the CUDA version
|    of AMBER, please cite the following in addition to
|    the regular AMBER citations:
|
|  - Romelia Salomon-Ferrer; Andreas W. Goetz; Duncan
|    Poole; Scott Le Grand; Ross C. Walker "Routine
|    microsecond molecular dynamics simulations with
|    AMBER - Part II: Particle Mesh Ewald", J. Chem.
|    Theory Comput., 2013, 9 (9), pp3878-3888,
|    DOI: 10.1021/ct400314y.
|
|  - Andreas W. Goetz; Mark J. Williamson; Dong Xu;
|    Duncan Poole; Scott Le Grand; Ross C. Walker
|    "Routine microsecond molecular dynamics simulations
|    with AMBER - Part I: Generalized Born", J. Chem.
|    Theory Comput., 2012, 8 (5), pp1542-1555.
|
|  - Scott Le Grand; Andreas W. Goetz; Ross C. Walker
|    "SPFP: Speed without compromise - a mixed precision
|    model for GPU accelerated molecular dynamics
|    simulations.", Comp. Phys. Comm., 2013, 184
|    pp374-380, DOI: 10.1016/j.cpc.2012.09.022
|
|--------------------------------------------------------
 
|------------------- GPU DEVICE INFO --------------------
|
|            CUDA_VISIBLE_DEVICES: 1
|   CUDA Capable Devices Detected:      1
|           CUDA Device ID in use:      0
|                CUDA Device Name: GeForce GTX TITAN
|     CUDA Device Global Mem Size:   6082 MB
| CUDA Device Num Multiprocessors:     14
|           CUDA Device Core Freq:   0.93 GHz
|
|--------------------------------------------------------
 
 
| Conditional Compilation Defines Used:
| PUBFFT
| BINTRAJ
| CUDA
| EMIL

| Largest sphere to fit in unit cell has radius =    26.281

| New format PARM file being parsed.
| Version =    1.000 Date = 09/04/12 Time = 16:08:43

| Note: 1-4 EEL scale factors are being read from the topology file.

| Note: 1-4 VDW scale factors are being read from the topology file.
| Duplicated    0 dihedrals

| Duplicated    0 dihedrals

--------------------------------------------------------------------------------
   1.  RESOURCE   USE: 
--------------------------------------------------------------------------------

 getting new box info from bottom of inpcrd
 NATOM  =   23082 NTYPES =      16 NBONH =   22055 MBONA  =    1038
 NTHETH =    2390 MTHETA =    1396 NPHIH =    4631 MPHIA  =    3488
 NHPARM =       0 NPARM  =       0 NNB   =   39434 NRES   =    7134
 NBONA  =    1038 NTHETA =    1396 NPHIA =    3488 NUMBND =      41
 NUMANG =      86 NPTRA  =      41 NATYP =      28 NPHB   =       1
 IFBOX  =       1 NMXRS  =      24 IFCAP =       0 NEXTRA =       0
 NCOPY  =       0

| Coordinate Index Table dimensions:    12   14   10
| Direct force subcell size =     5.0212    5.2012    5.2562

     BOX TYPE: RECTILINEAR

--------------------------------------------------------------------------------
   2.  CONTROL  DATA  FOR  THE  RUN
--------------------------------------------------------------------------------

default_name                                                                    

General flags:
     imin    =       0, nmropt  =       0

Nature and format of input:
     ntx     =       5, irest   =       1, ntrx    =       1

Nature and format of output:
     ntxo    =       1, ntpr    =     500, ntrx    =       1, ntwr    =     500
     iwrap   =       1, ntwx    =      20, ntwv    =      -1, ntwe    =       0
     ioutfm  =       1, ntwprt  =       0, idecomp =       0, rbornstat=      0

Potential function:
     ntf     =       1, ntb     =       1, igb     =       0, nsnb    =      25
     ipol    =       0, gbsa    =       0, iesp    =       0
     dielc   =   1.00000, cut     =   9.00000, intdiel =   1.00000

Frozen or restrained atoms:
     ibelly  =       0, ntr     =       0

Molecular dynamics:
     nstlim  =     20000, nscm    =      1000, nrespa  =         1
     t       =   0.00000, dt      =   0.00050, vlimit  =  -1.00000

Langevin dynamics temperature regulation:
     ig      =  912176
     temp0   = 300.00000, tempi   = 300.00000, gamma_ln=   2.00000

| Intermolecular bonds treatment:
|     no_intermolecular_bonds =       1

| Energy averages sample interval:
|     ene_avg_sampling =     500

Ewald parameters:
     verbose =       0, ew_type =       0, nbflag  =       1, use_pme =       1
     vdwmeth =       1, eedmeth =       1, netfrc  =       1
     Box X =   60.254   Box Y =   72.816   Box Z =   52.562
     Alpha =   90.000   Beta  =   90.000   Gamma =   90.000
     NFFT1 =   64       NFFT2 =   80       NFFT3 =   56
     Cutoff=    9.000   Tol   =0.100E-04
     Ewald Coefficient =  0.30768
     Interpolation order =    4

--------------------------------------------------------------------------------
   3.  ATOMIC COORDINATES AND VELOCITIES
--------------------------------------------------------------------------------

default_name                                                                    
 begin time read from input coords =    10.000 ps

 
 Number of triangulated 3-point waters found:     7002

     Sum of charges from parm topology file =  -0.00000008
     Forcing neutrality...

| Dynamic Memory, Types Used:
| Reals              710578
| Integers           737140

| Nonbonded Pairs Initial Allocation:     5262696

| GPU memory information (estimate):
| KB of GPU memory in use:    132483
| KB of CPU memory in use:     27891

--------------------------------------------------------------------------------
   4.  RESULTS
--------------------------------------------------------------------------------

 ---------------------------------------------------
 APPROXIMATING switch and d/dx switch using CUBIC SPLINE INTERPOLATION
 using   5000.0 points per unit in tabled values
 TESTING RELATIVE ERROR over r ranging from 0.0 to cutoff
| CHECK switch(x): max rel err =   0.2738E-14   at   2.422500
| CHECK d/dx switch(x): max rel err =   0.8314E-11   at   2.736960
 ---------------------------------------------------
|---------------------------------------------------
| APPROXIMATING direct energy using CUBIC SPLINE INTERPOLATION
|  with   50.0 points per unit in tabled values
| Relative Error Limit not exceeded for r .gt.   2.39
| APPROXIMATING direct force using CUBIC SPLINE INTERPOLATION
|  with   50.0 points per unit in tabled values
| Relative Error Limit not exceeded for r .gt.   2.84
|---------------------------------------------------

 NSTEP =      500   TIME(PS) =      10.250  TEMP(K) =   272.28  PRESS =     0.0
 Etot   =    -54675.2707  EKtot   =     18733.8848  EPtot      =    -73409.1555
 BOND   =      6841.7495  ANGLE   =      1033.4137  DIHED      =      1289.7252
 1-4 NB =       429.1932  1-4 EEL =      4576.4226  VDWAALS    =     11499.6288
 EELEC  =    -99079.2885  EHBOND  =         0.0000  RESTRAINT  =         0.0000
 ------------------------------------------------------------------------------


 NSTEP =     1000   TIME(PS) =      10.500  TEMP(K) =   284.88  PRESS =     0.0
 Etot   =    -53177.7157  EKtot   =     19600.7715  EPtot      =    -72778.4871
 BOND   =     10244.1490  ANGLE   =      1016.7351  DIHED      =      1294.2680
 1-4 NB =       423.6755  1-4 EEL =      4637.0134  VDWAALS    =     11814.5893
 EELEC  =   -102208.9175  EHBOND  =         0.0000  RESTRAINT  =         0.0000
 ------------------------------------------------------------------------------


 NSTEP =     1500   TIME(PS) =      10.750  TEMP(K) =   289.92  PRESS =     0.0
 Etot   =    -52497.5307  EKtot   =     19947.1211  EPtot      =    -72444.6518
 BOND   =     11471.1701  ANGLE   =      1084.0833  DIHED      =      1300.1305
 1-4 NB =       436.6096  1-4 EEL =      4617.0841  VDWAALS    =     12356.3252
 EELEC  =   -103710.0546  EHBOND  =         0.0000  RESTRAINT  =         0.0000
 ------------------------------------------------------------------------------


 NSTEP =     2000   TIME(PS) =      11.000  TEMP(K) =   295.20  PRESS =     0.0
 Etot   =    -51927.1486  EKtot   =     20310.2012  EPtot      =    -72237.3498
 BOND   =     11857.6962  ANGLE   =      1021.1034  DIHED      =      1316.2066
 1-4 NB =       453.8728  1-4 EEL =      4599.5291  VDWAALS    =     12206.2467
 EELEC  =   -103692.0046  EHBOND  =         0.0000  RESTRAINT  =         0.0000
 ------------------------------------------------------------------------------


 NSTEP =     2500   TIME(PS) =      11.250  TEMP(K) =   299.35  PRESS =     0.0
 Etot   =    -51670.0838  EKtot   =     20595.9004  EPtot      =    -72265.9842
 BOND   =     12218.7928  ANGLE   =      1044.3262  DIHED      =      1292.3183
 1-4 NB =       445.8006  1-4 EEL =      4586.0359  VDWAALS    =     12214.0332
 EELEC  =   -104067.2913  EHBOND  =         0.0000  RESTRAINT  =         0.0000
 ------------------------------------------------------------------------------


 NSTEP =     3000   TIME(PS) =      11.500  TEMP(K) =   299.89  PRESS =     0.0
 Etot   =    -51588.1859  EKtot   =     20633.0078  EPtot      =    -72221.1937
 BOND   =     12421.1695  ANGLE   =      1056.7381  DIHED      =      1339.9205
 1-4 NB =       436.1724  1-4 EEL =      4579.9438  VDWAALS    =     12458.3156
 EELEC  =   -104513.4535  EHBOND  =         0.0000  RESTRAINT  =         0.0000
 ------------------------------------------------------------------------------


 NSTEP =     3500   TIME(PS) =      11.750  TEMP(K) =   300.66  PRESS =     0.0
 Etot   =    -51669.6758  EKtot   =     20686.2656  EPtot      =    -72355.9414
 BOND   =     12532.8082  ANGLE   =      1021.5437  DIHED      =      1304.2939
 1-4 NB =       429.7844  1-4 EEL =      4630.4840  VDWAALS    =     12505.4680
 EELEC  =   -104780.3235  EHBOND  =         0.0000  RESTRAINT  =         0.0000
 ------------------------------------------------------------------------------


 NSTEP =     4000   TIME(PS) =      12.000  TEMP(K) =   301.62  PRESS =     0.0
 Etot   =    -51646.9013  EKtot   =     20752.1699  EPtot      =    -72399.0713
 BOND   =     12550.7180  ANGLE   =      1000.6313  DIHED      =      1303.2159
 1-4 NB =       446.9064  1-4 EEL =      4590.3890  VDWAALS    =     12475.0111
 EELEC  =   -104765.9430  EHBOND  =         0.0000  RESTRAINT  =         0.0000
 ------------------------------------------------------------------------------


 NSTEP =     4500   TIME(PS) =      12.250  TEMP(K) =   303.40  PRESS =     0.0
 Etot   =    -51482.3885  EKtot   =     20874.7617  EPtot      =    -72357.1503
 BOND   =     12800.6436  ANGLE   =      1024.0436  DIHED      =      1293.7262
 1-4 NB =       458.7926  1-4 EEL =      4625.0472  VDWAALS    =     12652.7021
 EELEC  =   -105212.1055  EHBOND  =         0.0000  RESTRAINT  =         0.0000
 ------------------------------------------------------------------------------


 NSTEP =     5000   TIME(PS) =      12.500  TEMP(K) =   303.79  PRESS =     0.0
 Etot   =    -51437.2094  EKtot   =     20901.1914  EPtot      =    -72338.4008
 BOND   =     12698.1698  ANGLE   =      1061.2989  DIHED      =      1302.8399
 1-4 NB =       424.3013  1-4 EEL =      4586.5383  VDWAALS    =     12366.9680
 EELEC  =   -104778.5170  EHBOND  =         0.0000  RESTRAINT  =         0.0000
 ------------------------------------------------------------------------------


 NSTEP =     5500   TIME(PS) =      12.750  TEMP(K) =   303.35  PRESS =     0.0
 Etot   =    -51358.8501  EKtot   =     20871.2715  EPtot      =    -72230.1216
 BOND   =     12745.4087  ANGLE   =      1031.5072  DIHED      =      1330.8291
 1-4 NB =       448.7794  1-4 EEL =      4620.4310  VDWAALS    =     12494.6663
 EELEC  =   -104901.7434  EHBOND  =         0.0000  RESTRAINT  =         0.0000
 ------------------------------------------------------------------------------


 NSTEP =     6000   TIME(PS) =      13.000  TEMP(K) =   301.65  PRESS =     0.0
 Etot   =    -51565.3401  EKtot   =     20754.2266  EPtot      =    -72319.5666
 BOND   =     12811.9088  ANGLE   =      1003.2757  DIHED      =      1309.8397
 1-4 NB =       471.4384  1-4 EEL =      4648.9189  VDWAALS    =     12700.4797
 EELEC  =   -105265.4278  EHBOND  =         0.0000  RESTRAINT  =         0.0000
 ------------------------------------------------------------------------------


 NSTEP =     6500   TIME(PS) =      13.250  TEMP(K) =   300.22  PRESS =     0.0
 Etot   =    -51823.0709  EKtot   =     20656.0762  EPtot      =    -72479.1471
 BOND   =     12738.2594  ANGLE   =       997.0212  DIHED      =      1347.9304
 1-4 NB =       439.6679  1-4 EEL =      4622.5080  VDWAALS    =     12462.7021
 EELEC  =   -105087.2361  EHBOND  =         0.0000  RESTRAINT  =         0.0000
 ------------------------------------------------------------------------------


 NSTEP =     7000   TIME(PS) =      13.500  TEMP(K) =   299.94  PRESS =     0.0
 Etot   =    -51819.2365  EKtot   =     20636.6387  EPtot      =    -72455.8752
 BOND   =     12853.6616  ANGLE   =      1044.7180  DIHED      =      1312.8778
 1-4 NB =       437.9053  1-4 EEL =      4639.4679  VDWAALS    =     12476.6826
 EELEC  =   -105221.1884  EHBOND  =         0.0000  RESTRAINT  =         0.0000
 ------------------------------------------------------------------------------


 NSTEP =     7500   TIME(PS) =      13.750  TEMP(K) =   299.75  PRESS =     0.0
 Etot   =    -51845.6380  EKtot   =     20623.5215  EPtot      =    -72469.1595
 BOND   =     12983.6436  ANGLE   =      1026.5573  DIHED      =      1325.4091
 1-4 NB =       439.5587  1-4 EEL =      4590.5254  VDWAALS    =     12824.3415
 EELEC  =   -105659.1951  EHBOND  =         0.0000  RESTRAINT  =         0.0000
 ------------------------------------------------------------------------------


 NSTEP =     8000   TIME(PS) =      14.000  TEMP(K) =   298.64  PRESS =     0.0
 Etot   =    -52198.9287  EKtot   =     20547.5039  EPtot      =    -72746.4326
 BOND   =     12865.4392  ANGLE   =      1050.2138  DIHED      =      1305.9136
 1-4 NB =       466.0116  1-4 EEL =      4641.0227  VDWAALS    =     12749.7705
 EELEC  =   -105824.8039  EHBOND  =         0.0000  RESTRAINT  =         0.0000
 ------------------------------------------------------------------------------


 NSTEP =     8500   TIME(PS) =      14.250  TEMP(K) =   300.63  PRESS =     0.0
 Etot   =    -52073.7001  EKtot   =     20684.4414  EPtot      =    -72758.1415
 BOND   =     12871.3642  ANGLE   =      1049.2401  DIHED      =      1337.4234
 1-4 NB =       453.9772  1-4 EEL =      4632.8180  VDWAALS    =     12865.2727
 EELEC  =   -105968.2371  EHBOND  =         0.0000  RESTRAINT  =         0.0000
 ------------------------------------------------------------------------------


 NSTEP =     9000   TIME(PS) =      14.500  TEMP(K) =   302.13  PRESS =     0.0
 Etot   =    -52182.2707  EKtot   =     20787.4570  EPtot      =    -72969.7277
 BOND   =     12776.7891  ANGLE   =      1067.5311  DIHED      =      1299.2713
 1-4 NB =       446.4887  1-4 EEL =      4605.4915  VDWAALS    =     12476.3237
 EELEC  =   -105641.6232  EHBOND  =         0.0000  RESTRAINT  =         0.0000
 ------------------------------------------------------------------------------


 NSTEP =     9500   TIME(PS) =      14.750  TEMP(K) =   302.11  PRESS =     0.0
 Etot   =    -52029.5705  EKtot   =     20785.9648  EPtot      =    -72815.5353
 BOND   =     12915.1859  ANGLE   =      1008.2521  DIHED      =      1297.9745
 1-4 NB =       450.3832  1-4 EEL =      4606.1120  VDWAALS    =     12700.1162
 EELEC  =   -105793.5594  EHBOND  =         0.0000  RESTRAINT  =         0.0000
 ------------------------------------------------------------------------------


 NSTEP =    10000   TIME(PS) =      15.000  TEMP(K) =   296.43  PRESS =     0.0
 Etot   =    -52107.2101  EKtot   =     20395.0293  EPtot      =    -72502.2394
 BOND   =     12727.5306  ANGLE   =      1063.6318  DIHED      =      1324.1213
 1-4 NB =       440.4587  1-4 EEL =      4593.2345  VDWAALS    =     12520.1098
 EELEC  =   -105171.3260  EHBOND  =         0.0000  RESTRAINT  =         0.0000
 ------------------------------------------------------------------------------


 NSTEP =    10500   TIME(PS) =      15.250  TEMP(K) =   301.41  PRESS =     0.0
 Etot   =    -52082.5687  EKtot   =     20738.0391  EPtot      =    -72820.6078
 BOND   =     12965.6606  ANGLE   =      1015.2377  DIHED      =      1315.0556
 1-4 NB =       458.2381  1-4 EEL =      4623.1244  VDWAALS    =     12853.7551
 EELEC  =   -106051.6792  EHBOND  =         0.0000  RESTRAINT  =         0.0000
 ------------------------------------------------------------------------------


 NSTEP =    11000   TIME(PS) =      15.500  TEMP(K) =   298.25  PRESS =     0.0
 Etot   =    -52188.7375  EKtot   =     20520.1211  EPtot      =    -72708.8586
 BOND   =     12939.1476  ANGLE   =      1063.7100  DIHED      =      1304.0194
 1-4 NB =       446.7061  1-4 EEL =      4609.0948  VDWAALS    =     12834.5780
 EELEC  =   -105906.1145  EHBOND  =         0.0000  RESTRAINT  =         0.0000
 ------------------------------------------------------------------------------


 NSTEP =    11500   TIME(PS) =      15.750  TEMP(K) =   298.62  PRESS =     0.0
 Etot   =    -52109.9802  EKtot   =     20545.5371  EPtot      =    -72655.5173
 BOND   =     12916.7372  ANGLE   =      1075.9868  DIHED      =      1314.9033
 1-4 NB =       453.7390  1-4 EEL =      4618.5770  VDWAALS    =     12783.2270
 EELEC  =   -105818.6876  EHBOND  =         0.0000  RESTRAINT  =         0.0000
 ------------------------------------------------------------------------------


 NSTEP =    12000   TIME(PS) =      16.000  TEMP(K) =   300.14  PRESS =     0.0
 Etot   =    -52141.6658  EKtot   =     20650.4453  EPtot      =    -72792.1111
 BOND   =     12811.3898  ANGLE   =      1011.6577  DIHED      =      1324.7029
 1-4 NB =       455.2741  1-4 EEL =      4658.9109  VDWAALS    =     12779.3672
 EELEC  =   -105833.4138  EHBOND  =         0.0000  RESTRAINT  =         0.0000
 ------------------------------------------------------------------------------


 NSTEP =    12500   TIME(PS) =      16.250  TEMP(K) =   299.47  PRESS =     0.0
 Etot   =    -52025.0022  EKtot   =     20604.3633  EPtot      =    -72629.3655
 BOND   =     12736.2667  ANGLE   =      1058.3364  DIHED      =      1357.3051
 1-4 NB =       452.8642  1-4 EEL =      4590.4191  VDWAALS    =     12852.5981
 EELEC  =   -105677.1550  EHBOND  =         0.0000  RESTRAINT  =         0.0000
 ------------------------------------------------------------------------------


 NSTEP =    13000   TIME(PS) =      16.500  TEMP(K) =   298.22  PRESS =     0.0
 Etot   =    -52104.5829  EKtot   =     20518.1914  EPtot      =    -72622.7743
 BOND   =     12917.2809  ANGLE   =      1038.1793  DIHED      =      1326.0417
 1-4 NB =       453.6726  1-4 EEL =      4641.6420  VDWAALS    =     13048.5064
 EELEC  =   -106048.0973  EHBOND  =         0.0000  RESTRAINT  =         0.0000
 ------------------------------------------------------------------------------


 NSTEP =    13500   TIME(PS) =      16.750  TEMP(K) =   300.05  PRESS =     0.0
 Etot   =    -52014.8973  EKtot   =     20644.2305  EPtot      =    -72659.1278
 BOND   =     12721.8801  ANGLE   =      1082.0202  DIHED      =      1327.7030
 1-4 NB =       433.6292  1-4 EEL =      4594.1650  VDWAALS    =     12677.5111
 EELEC  =   -105496.0364  EHBOND  =         0.0000  RESTRAINT  =         0.0000
 ------------------------------------------------------------------------------


 NSTEP =    14000   TIME(PS) =      17.000  TEMP(K) =   299.60  PRESS =     0.0
 Etot   =    -51955.4734  EKtot   =     20613.4902  EPtot      =    -72568.9637
 BOND   =     12797.1101  ANGLE   =      1048.7256  DIHED      =      1332.4876
 1-4 NB =       439.8209  1-4 EEL =      4621.0539  VDWAALS    =     12867.1214
 EELEC  =   -105675.2832  EHBOND  =         0.0000  RESTRAINT  =         0.0000
 ------------------------------------------------------------------------------


 NSTEP =    14500   TIME(PS) =      17.250  TEMP(K) =   298.19  PRESS =     0.0
 Etot   =    -52117.0919  EKtot   =     20516.1641  EPtot      =    -72633.2560
 BOND   =     12666.0335  ANGLE   =      1057.7492  DIHED      =      1304.8389
 1-4 NB =       432.9098  1-4 EEL =      4632.0901  VDWAALS    =     12850.8004
 EELEC  =   -105577.6779  EHBOND  =         0.0000  RESTRAINT  =         0.0000
 ------------------------------------------------------------------------------


 NSTEP =    15000   TIME(PS) =      17.500  TEMP(K) =   295.93  PRESS =     0.0
 Etot   =    -52476.8518  EKtot   =     20360.7930  EPtot      =    -72837.6447
 BOND   =     12787.7503  ANGLE   =      1061.2651  DIHED      =      1313.2844
 1-4 NB =       448.1193  1-4 EEL =      4617.9381  VDWAALS    =     12808.0190
 EELEC  =   -105874.0210  EHBOND  =         0.0000  RESTRAINT  =         0.0000
 ------------------------------------------------------------------------------


 NSTEP =    15500   TIME(PS) =      17.750  TEMP(K) =   298.69  PRESS =     0.0
 Etot   =    -52357.0584  EKtot   =     20550.8828  EPtot      =    -72907.9412
 BOND   =     12724.0442  ANGLE   =      1046.6484  DIHED      =      1315.4935
 1-4 NB =       453.3117  1-4 EEL =      4658.0711  VDWAALS    =     13060.0625
 EELEC  =   -106165.5726  EHBOND  =         0.0000  RESTRAINT  =         0.0000
 ------------------------------------------------------------------------------


 NSTEP =    16000   TIME(PS) =      18.000  TEMP(K) =   299.54  PRESS =     0.0
 Etot   =    -52346.0046  EKtot   =     20609.1953  EPtot      =    -72955.1999
 BOND   =     12714.6141  ANGLE   =      1046.2844  DIHED      =      1325.0142
 1-4 NB =       460.3707  1-4 EEL =      4678.7319  VDWAALS    =     12620.9343
 EELEC  =   -105801.1494  EHBOND  =         0.0000  RESTRAINT  =         0.0000
 ------------------------------------------------------------------------------


 NSTEP =    16500   TIME(PS) =      18.250  TEMP(K) =   296.38  PRESS =     0.0
 Etot   =    -52335.1735  EKtot   =     20391.6797  EPtot      =    -72726.8532
 BOND   =     12851.2263  ANGLE   =      1052.3993  DIHED      =      1318.9031
 1-4 NB =       447.7206  1-4 EEL =      4620.5824  VDWAALS    =     12852.0941
 EELEC  =   -105869.7788  EHBOND  =         0.0000  RESTRAINT  =         0.0000
 ------------------------------------------------------------------------------


 NSTEP =    17000   TIME(PS) =      18.500  TEMP(K) =   299.86  PRESS =     0.0
 Etot   =    -52173.3213  EKtot   =     20630.8203  EPtot      =    -72804.1416
 BOND   =     12544.8189  ANGLE   =      1024.4503  DIHED      =      1330.7441
 1-4 NB =       446.9261  1-4 EEL =      4679.9013  VDWAALS    =     12826.0776
 EELEC  =   -105657.0600  EHBOND  =         0.0000  RESTRAINT  =         0.0000
 ------------------------------------------------------------------------------


 NSTEP =    17500   TIME(PS) =      18.750  TEMP(K) =   300.81  PRESS =     0.0
 Etot   =    -51987.7967  EKtot   =     20696.7617  EPtot      =    -72684.5584
 BOND   =     12721.4955  ANGLE   =      1028.2018  DIHED      =      1333.2568
 1-4 NB =       450.2641  1-4 EEL =      4624.3441  VDWAALS    =     12790.1836
 EELEC  =   -105632.3043  EHBOND  =         0.0000  RESTRAINT  =         0.0000
 ------------------------------------------------------------------------------


 NSTEP =    18000   TIME(PS) =      19.000  TEMP(K) =   301.14  PRESS =     0.0
 Etot   =    -51984.3260  EKtot   =     20719.0117  EPtot      =    -72703.3377
 BOND   =     12727.5690  ANGLE   =      1063.4566  DIHED      =      1328.2346
 1-4 NB =       451.2199  1-4 EEL =      4610.5957  VDWAALS    =     12770.1584
 EELEC  =   -105654.5720  EHBOND  =         0.0000  RESTRAINT  =         0.0000
 ------------------------------------------------------------------------------


 NSTEP =    18500   TIME(PS) =      19.250  TEMP(K) =   304.44  PRESS =     0.0
 Etot   =    -51907.5220  EKtot   =     20946.5332  EPtot      =    -72854.0552
 BOND   =     12616.7520  ANGLE   =      1053.2413  DIHED      =      1334.1545
 1-4 NB =       443.9020  1-4 EEL =      4651.3937  VDWAALS    =     12898.6490
 EELEC  =   -105852.1477  EHBOND  =         0.0000  RESTRAINT  =         0.0000
 ------------------------------------------------------------------------------


 NSTEP =    19000   TIME(PS) =      19.500  TEMP(K) =   301.76  PRESS =     0.0
 Etot   =    -51940.8229  EKtot   =     20761.9473  EPtot      =    -72702.7702
 BOND   =     12725.2983  ANGLE   =      1011.9598  DIHED      =      1336.2010
 1-4 NB =       467.2080  1-4 EEL =      4632.5795  VDWAALS    =     12896.6340
 EELEC  =   -105772.6507  EHBOND  =         0.0000  RESTRAINT  =         0.0000
 ------------------------------------------------------------------------------


 NSTEP =    19500   TIME(PS) =      19.750  TEMP(K) =   301.46  PRESS =     0.0
 Etot   =    -51953.3356  EKtot   =     20740.8984  EPtot      =    -72694.2340
 BOND   =     12871.7036  ANGLE   =      1067.2060  DIHED      =      1328.9216
 1-4 NB =       442.0525  1-4 EEL =      4589.7303  VDWAALS    =     13179.6663
 EELEC  =   -106173.5145  EHBOND  =         0.0000  RESTRAINT  =         0.0000
 ------------------------------------------------------------------------------


 NSTEP =    20000   TIME(PS) =      20.000  TEMP(K) =   301.78  PRESS =     0.0
 Etot   =    -51850.2647  EKtot   =     20763.1211  EPtot      =    -72613.3858
 BOND   =     13032.5803  ANGLE   =      1040.7134  DIHED      =      1330.3077
 1-4 NB =       440.7713  1-4 EEL =      4582.3258  VDWAALS    =     12980.7281
 EELEC  =   -106020.8124  EHBOND  =         0.0000  RESTRAINT  =         0.0000
 ------------------------------------------------------------------------------


      A V E R A G E S   O V E R      40 S T E P S


 NSTEP =    20000   TIME(PS) =      20.000  TEMP(K) =   298.79  PRESS =     0.0
 Etot   =    -52070.7101  EKtot   =     20557.4908  EPtot      =    -72628.2009
 BOND   =     12492.8904  ANGLE   =      1041.3324  DIHED      =      1318.2452
 1-4 NB =       446.4624  1-4 EEL =      4619.1072  VDWAALS    =     12651.2606
 EELEC  =   -105197.4992  EHBOND  =         0.0000  RESTRAINT  =         0.0000
 ------------------------------------------------------------------------------


      R M S  F L U C T U A T I O N S


 NSTEP =    20000   TIME(PS) =      20.000  TEMP(K) =     5.49  PRESS =     0.0
 Etot   =       529.8191  EKtot   =       377.7544  EPtot      =       242.1068
 BOND   =      1023.5304  ANGLE   =        22.7980  DIHED      =        16.0904
 1-4 NB =        10.9648  1-4 EEL =        26.0633  VDWAALS    =       320.2132
 EELEC  =      1261.2585  EHBOND  =         0.0000  RESTRAINT  =         0.0000
 ------------------------------------------------------------------------------

--------------------------------------------------------------------------------
   5.  TIMINGS
--------------------------------------------------------------------------------

|  NonSetup CPU Time in Major Routines:
|
|     Routine           Sec        %
|     ------------------------------
|     Nonbond           4.14   10.39
|     Bond              0.00    0.00
|     Angle             0.00    0.00
|     Dihedral          0.00    0.00
|     Shake             0.00    0.00
|     RunMD            35.64   89.53
|     Other             0.03    0.08
|     ------------------------------
|     Total            39.81

|  PME Nonbond Pairlist CPU Time:
|
|     Routine              Sec        %
|     ---------------------------------
|     Set Up Cit           0.00    0.00
|     Build List           0.00    0.00
|     ---------------------------------
|     Total                0.00    0.00

|  PME Direct Force CPU Time:
|
|     Routine              Sec        %
|     ---------------------------------
|     NonBonded Calc       0.00    0.00
|     Exclude Masked       0.00    0.00
|     Other                0.03    0.07
|     ---------------------------------
|     Total                0.03    0.07

|  PME Reciprocal Force CPU Time:
|
|     Routine              Sec        %
|     ---------------------------------
|     1D bspline           0.00    0.00
|     Grid Charges         0.00    0.00
|     Scalar Sum           0.00    0.00
|     Gradient Sum         0.00    0.00
|     FFT                  0.00    0.00
|     ---------------------------------
|     Total                0.00    0.00

|  Final Performance Info:
|     -----------------------------------------------------
|     Average timings for last   19500 steps:
|     Elapsed(s) =      42.21 Per Step(ms) =       2.16
|         ns/day =      19.96   seconds/ns =    4329.66
|
|     Average timings for all steps:
|     Elapsed(s) =      43.15 Per Step(ms) =       2.16
|         ns/day =      20.02   seconds/ns =    4315.41
|     -----------------------------------------------------

|  Setup CPU time:            2.90 seconds
|  NonSetup CPU time:        39.81 seconds
|  Total CPU time:           42.71 seconds     0.01 hours

|  Setup wall time:           3    seconds
|  NonSetup wall time:       43    seconds
|  Total wall time:          46    seconds     0.01 hours
