
          -------------------------------------------------------
          Amber 16 PMEMD                              2016
          -------------------------------------------------------

| PMEMD implementation of SANDER, Release 16

| Run on 08/24/2017 at 11:06:43

|   Executable path: /apps/amber16/bin/pmemd.cuda
| Working directory: /scratch/pbarletta/pdz/run/lb/neq/data/2
|          Hostname: mordor

  [-O]verwriting output

File Assignments:
|   MDIN: pdt.in                                                                
|  MDOUT: 266plb_2.out                                                          
| INPCRD: ../1/266plb_1.rst7                                                    
|   PARM: /scratch/pbarletta/pdz/top_files/lb.prmtop                            
| RESTRT: 266plb_2.rst7                                                         
|   REFC: refc                                                                  
|  MDVEL: mdvel                                                                 
|   MDEN: mden                                                                  
|  MDCRD: 266plb_2.nc                                                           
| MDINFO: mdinfo                                                                
|  MDFRC: mdfrc                                                                 


 Here is the input file:

!NVE run                                                                       
&cntrl                                                                         
imin = 0,                           ! No Minimization                          
nmropt = 0,                         ! No NMR restraints read                   
                                                                               
! Nature and format of the input                                               
ntx = 5,                            ! Coordinates and velocities will be read  
irest = 1,                          ! Restart simulation                       
                                                                               
! Nature and format of the output                                              
ioutfm = 1,			    ! NetCDF format for output files                             
ntxo = 1,                           ! rstrt file in ASCII format               
ntpr = 500,                         ! inf in output every ntpr steps           
ntwr = 500,                         ! rstrt file every ntwr steps              
ntwx = 20,                          ! mdcrd file every ntwx steps              
ntwv = -1,                          ! mdvel without velocities                 
ntwe = 0,                           ! Energies and temperatures not written in 
idecomp = 0,                        ! No energy decomposition                  
iwrap = 1,                          ! Coordinates of the restart and mdcrd file
                                                                               
! Frozen or restrained atoms                                                   
ibelly = 0,                         ! No frozen atoms                          
ntr=0,                              ! Harmonic potential restraints            
                                                                               
! Molecular dynamics                                                           
nstlim = 20000,                      ! Number of MD-steps                      
dt = 0.0005,                        ! Time step                                
                                                                               
! Temperature regulation                                                       
ntt = 3,                            ! Langevin thermostat                      
gamma_ln = 2,                       ! Gamma constant for Langevin              
temp0 = 300.0,                      ! Reference T at which the system is to be 
tempi = 300.0,                      ! Initial T                                
                                                                               
! P and V regulation                                                           
ntp = 0,                            ! No P control                             
ntb = 1,                            ! constant V                               
                                                                               
! SHAKE variables                                                              
ntc = 1,                            ! No SHAKE                                 
ntf = 1,                            ! Get E with allatom                       
                                                                               
cut = 9.0,                          ! Nonbonded cutoff                         
/                                                                              
&end                                                                           


Note: ig = -1. Setting random seed to   480856 based on wallclock time in 
      microseconds.
| irandom = 1, using AMBER's internal random number generator (default).
 
|--------------------- INFORMATION ----------------------
| GPU (CUDA) Version of PMEMD in use: NVIDIA GPU IN USE.
|                    Version 16.0.0
| 
|                      02/25/2016
| 
| Implementation by:
|                    Ross C. Walker     (SDSC)
|                    Scott Le Grand     (nVIDIA)
| 
| Precision model in use:
|      [SPFP] - Single Precision Forces, 64-bit Fixed Point
|               Accumulation. (Default)
| 
|--------------------------------------------------------
 
|----------------- CITATION INFORMATION -----------------
|
|    When publishing work that utilized the CUDA version
|    of AMBER, please cite the following in addition to
|    the regular AMBER citations:
|
|  - Romelia Salomon-Ferrer; Andreas W. Goetz; Duncan
|    Poole; Scott Le Grand; Ross C. Walker "Routine
|    microsecond molecular dynamics simulations with
|    AMBER - Part II: Particle Mesh Ewald", J. Chem.
|    Theory Comput., 2013, 9 (9), pp3878-3888,
|    DOI: 10.1021/ct400314y.
|
|  - Andreas W. Goetz; Mark J. Williamson; Dong Xu;
|    Duncan Poole; Scott Le Grand; Ross C. Walker
|    "Routine microsecond molecular dynamics simulations
|    with AMBER - Part I: Generalized Born", J. Chem.
|    Theory Comput., 2012, 8 (5), pp1542-1555.
|
|  - Scott Le Grand; Andreas W. Goetz; Ross C. Walker
|    "SPFP: Speed without compromise - a mixed precision
|    model for GPU accelerated molecular dynamics
|    simulations.", Comp. Phys. Comm., 2013, 184
|    pp374-380, DOI: 10.1016/j.cpc.2012.09.022
|
|--------------------------------------------------------
 
|------------------- GPU DEVICE INFO --------------------
|
|            CUDA_VISIBLE_DEVICES: 1
|   CUDA Capable Devices Detected:      1
|           CUDA Device ID in use:      0
|                CUDA Device Name: GeForce GTX TITAN
|     CUDA Device Global Mem Size:   6082 MB
| CUDA Device Num Multiprocessors:     14
|           CUDA Device Core Freq:   0.93 GHz
|
|--------------------------------------------------------
 
 
| Conditional Compilation Defines Used:
| PUBFFT
| BINTRAJ
| CUDA
| EMIL

| Largest sphere to fit in unit cell has radius =    26.281

| New format PARM file being parsed.
| Version =    1.000 Date = 09/04/12 Time = 16:08:43

| Note: 1-4 EEL scale factors are being read from the topology file.

| Note: 1-4 VDW scale factors are being read from the topology file.
| Duplicated    0 dihedrals

| Duplicated    0 dihedrals

--------------------------------------------------------------------------------
   1.  RESOURCE   USE: 
--------------------------------------------------------------------------------

 getting new box info from bottom of inpcrd
 NATOM  =   23082 NTYPES =      16 NBONH =   22055 MBONA  =    1038
 NTHETH =    2390 MTHETA =    1396 NPHIH =    4631 MPHIA  =    3488
 NHPARM =       0 NPARM  =       0 NNB   =   39434 NRES   =    7134
 NBONA  =    1038 NTHETA =    1396 NPHIA =    3488 NUMBND =      41
 NUMANG =      86 NPTRA  =      41 NATYP =      28 NPHB   =       1
 IFBOX  =       1 NMXRS  =      24 IFCAP =       0 NEXTRA =       0
 NCOPY  =       0

| Coordinate Index Table dimensions:    12   14   10
| Direct force subcell size =     5.0212    5.2012    5.2562

     BOX TYPE: RECTILINEAR

--------------------------------------------------------------------------------
   2.  CONTROL  DATA  FOR  THE  RUN
--------------------------------------------------------------------------------

default_name                                                                    

General flags:
     imin    =       0, nmropt  =       0

Nature and format of input:
     ntx     =       5, irest   =       1, ntrx    =       1

Nature and format of output:
     ntxo    =       1, ntpr    =     500, ntrx    =       1, ntwr    =     500
     iwrap   =       1, ntwx    =      20, ntwv    =      -1, ntwe    =       0
     ioutfm  =       1, ntwprt  =       0, idecomp =       0, rbornstat=      0

Potential function:
     ntf     =       1, ntb     =       1, igb     =       0, nsnb    =      25
     ipol    =       0, gbsa    =       0, iesp    =       0
     dielc   =   1.00000, cut     =   9.00000, intdiel =   1.00000

Frozen or restrained atoms:
     ibelly  =       0, ntr     =       0

Molecular dynamics:
     nstlim  =     20000, nscm    =      1000, nrespa  =         1
     t       =   0.00000, dt      =   0.00050, vlimit  =  -1.00000

Langevin dynamics temperature regulation:
     ig      =  480856
     temp0   = 300.00000, tempi   = 300.00000, gamma_ln=   2.00000

| Intermolecular bonds treatment:
|     no_intermolecular_bonds =       1

| Energy averages sample interval:
|     ene_avg_sampling =     500

Ewald parameters:
     verbose =       0, ew_type =       0, nbflag  =       1, use_pme =       1
     vdwmeth =       1, eedmeth =       1, netfrc  =       1
     Box X =   60.254   Box Y =   72.816   Box Z =   52.562
     Alpha =   90.000   Beta  =   90.000   Gamma =   90.000
     NFFT1 =   64       NFFT2 =   80       NFFT3 =   56
     Cutoff=    9.000   Tol   =0.100E-04
     Ewald Coefficient =  0.30768
     Interpolation order =    4

--------------------------------------------------------------------------------
   3.  ATOMIC COORDINATES AND VELOCITIES
--------------------------------------------------------------------------------

default_name                                                                    
 begin time read from input coords =    10.000 ps

 
 Number of triangulated 3-point waters found:     7002

     Sum of charges from parm topology file =  -0.00000008
     Forcing neutrality...

| Dynamic Memory, Types Used:
| Reals              710578
| Integers           737140

| Nonbonded Pairs Initial Allocation:     5262696

| GPU memory information (estimate):
| KB of GPU memory in use:    132483
| KB of CPU memory in use:     27891

--------------------------------------------------------------------------------
   4.  RESULTS
--------------------------------------------------------------------------------

 ---------------------------------------------------
 APPROXIMATING switch and d/dx switch using CUBIC SPLINE INTERPOLATION
 using   5000.0 points per unit in tabled values
 TESTING RELATIVE ERROR over r ranging from 0.0 to cutoff
| CHECK switch(x): max rel err =   0.2738E-14   at   2.422500
| CHECK d/dx switch(x): max rel err =   0.8314E-11   at   2.736960
 ---------------------------------------------------
|---------------------------------------------------
| APPROXIMATING direct energy using CUBIC SPLINE INTERPOLATION
|  with   50.0 points per unit in tabled values
| Relative Error Limit not exceeded for r .gt.   2.39
| APPROXIMATING direct force using CUBIC SPLINE INTERPOLATION
|  with   50.0 points per unit in tabled values
| Relative Error Limit not exceeded for r .gt.   2.84
|---------------------------------------------------

 NSTEP =      500   TIME(PS) =      10.250  TEMP(K) =   274.10  PRESS =     0.0
 Etot   =    -54670.8943  EKtot   =     18859.0469  EPtot      =    -73529.9411
 BOND   =      6965.1114  ANGLE   =      1016.7686  DIHED      =      1301.2787
 1-4 NB =       436.6815  1-4 EEL =      4630.6709  VDWAALS    =     11753.0115
 EELEC  =    -99633.4638  EHBOND  =         0.0000  RESTRAINT  =         0.0000
 ------------------------------------------------------------------------------


 NSTEP =     1000   TIME(PS) =      10.500  TEMP(K) =   283.27  PRESS =     0.0
 Etot   =    -53294.5133  EKtot   =     19489.8574  EPtot      =    -72784.3707
 BOND   =     10239.6877  ANGLE   =      1057.6988  DIHED      =      1326.6349
 1-4 NB =       431.8387  1-4 EEL =      4608.4890  VDWAALS    =     12126.3512
 EELEC  =   -102575.0710  EHBOND  =         0.0000  RESTRAINT  =         0.0000
 ------------------------------------------------------------------------------


 NSTEP =     1500   TIME(PS) =      10.750  TEMP(K) =   289.97  PRESS =     0.0
 Etot   =    -52379.5596  EKtot   =     19950.5195  EPtot      =    -72330.0792
 BOND   =     11391.9405  ANGLE   =      1035.2030  DIHED      =      1321.6151
 1-4 NB =       419.5609  1-4 EEL =      4599.3890  VDWAALS    =     12045.4046
 EELEC  =   -103143.1923  EHBOND  =         0.0000  RESTRAINT  =         0.0000
 ------------------------------------------------------------------------------


 NSTEP =     2000   TIME(PS) =      11.000  TEMP(K) =   294.44  PRESS =     0.0
 Etot   =    -52048.9656  EKtot   =     20258.3359  EPtot      =    -72307.3015
 BOND   =     11940.2729  ANGLE   =       986.7179  DIHED      =      1318.1165
 1-4 NB =       428.7246  1-4 EEL =      4610.9703  VDWAALS    =     12140.9632
 EELEC  =   -103733.0670  EHBOND  =         0.0000  RESTRAINT  =         0.0000
 ------------------------------------------------------------------------------


 NSTEP =     2500   TIME(PS) =      11.250  TEMP(K) =   298.36  PRESS =     0.0
 Etot   =    -51778.7799  EKtot   =     20528.1523  EPtot      =    -72306.9323
 BOND   =     12194.6020  ANGLE   =       995.7090  DIHED      =      1352.9095
 1-4 NB =       443.6194  1-4 EEL =      4594.8357  VDWAALS    =     12191.7413
 EELEC  =   -104080.3493  EHBOND  =         0.0000  RESTRAINT  =         0.0000
 ------------------------------------------------------------------------------


 NSTEP =     3000   TIME(PS) =      11.500  TEMP(K) =   299.04  PRESS =     0.0
 Etot   =    -51604.6360  EKtot   =     20575.0215  EPtot      =    -72179.6575
 BOND   =     12610.1753  ANGLE   =      1070.4005  DIHED      =      1298.3863
 1-4 NB =       444.8463  1-4 EEL =      4641.4112  VDWAALS    =     12504.0248
 EELEC  =   -104748.9019  EHBOND  =         0.0000  RESTRAINT  =         0.0000
 ------------------------------------------------------------------------------


 NSTEP =     3500   TIME(PS) =      11.750  TEMP(K) =   299.98  PRESS =     0.0
 Etot   =    -51745.1607  EKtot   =     20639.4590  EPtot      =    -72384.6197
 BOND   =     12479.2560  ANGLE   =      1036.2514  DIHED      =      1310.1018
 1-4 NB =       441.7180  1-4 EEL =      4639.1070  VDWAALS    =     12669.9387
 EELEC  =   -104960.9926  EHBOND  =         0.0000  RESTRAINT  =         0.0000
 ------------------------------------------------------------------------------


 NSTEP =     4000   TIME(PS) =      12.000  TEMP(K) =   299.69  PRESS =     0.0
 Etot   =    -51778.6603  EKtot   =     20619.7754  EPtot      =    -72398.4357
 BOND   =     12705.4652  ANGLE   =      1005.3038  DIHED      =      1322.6676
 1-4 NB =       444.4567  1-4 EEL =      4662.0946  VDWAALS    =     12778.4642
 EELEC  =   -105316.8878  EHBOND  =         0.0000  RESTRAINT  =         0.0000
 ------------------------------------------------------------------------------


 NSTEP =     4500   TIME(PS) =      12.250  TEMP(K) =   300.66  PRESS =     0.0
 Etot   =    -51853.7005  EKtot   =     20686.2930  EPtot      =    -72539.9935
 BOND   =     12821.1307  ANGLE   =      1010.7238  DIHED      =      1330.6152
 1-4 NB =       449.5577  1-4 EEL =      4670.5621  VDWAALS    =     12509.3886
 EELEC  =   -105331.9717  EHBOND  =         0.0000  RESTRAINT  =         0.0000
 ------------------------------------------------------------------------------


 NSTEP =     5000   TIME(PS) =      12.500  TEMP(K) =   299.97  PRESS =     0.0
 Etot   =    -51997.2698  EKtot   =     20638.6602  EPtot      =    -72635.9300
 BOND   =     12631.1264  ANGLE   =       980.2355  DIHED      =      1324.1192
 1-4 NB =       447.6513  1-4 EEL =      4643.3030  VDWAALS    =     12939.3014
 EELEC  =   -105601.6668  EHBOND  =         0.0000  RESTRAINT  =         0.0000
 ------------------------------------------------------------------------------


 NSTEP =     5500   TIME(PS) =      12.750  TEMP(K) =   297.13  PRESS =     0.0
 Etot   =    -52034.2939  EKtot   =     20443.0195  EPtot      =    -72477.3134
 BOND   =     12589.4668  ANGLE   =       979.6559  DIHED      =      1319.3028
 1-4 NB =       442.8595  1-4 EEL =      4659.2570  VDWAALS    =     12559.7306
 EELEC  =   -105027.5861  EHBOND  =         0.0000  RESTRAINT  =         0.0000
 ------------------------------------------------------------------------------


 NSTEP =     6000   TIME(PS) =      13.000  TEMP(K) =   298.23  PRESS =     0.0
 Etot   =    -51974.0886  EKtot   =     20518.9180  EPtot      =    -72493.0066
 BOND   =     12601.9175  ANGLE   =      1022.7082  DIHED      =      1329.5412
 1-4 NB =       443.8533  1-4 EEL =      4676.7515  VDWAALS    =     12723.6187
 EELEC  =   -105291.3969  EHBOND  =         0.0000  RESTRAINT  =         0.0000
 ------------------------------------------------------------------------------


 NSTEP =     6500   TIME(PS) =      13.250  TEMP(K) =   298.86  PRESS =     0.0
 Etot   =    -52099.8158  EKtot   =     20562.0547  EPtot      =    -72661.8705
 BOND   =     12697.2311  ANGLE   =      1057.8336  DIHED      =      1309.3342
 1-4 NB =       446.2997  1-4 EEL =      4636.2651  VDWAALS    =     12456.7585
 EELEC  =   -105265.5927  EHBOND  =         0.0000  RESTRAINT  =         0.0000
 ------------------------------------------------------------------------------


 NSTEP =     7000   TIME(PS) =      13.500  TEMP(K) =   297.22  PRESS =     0.0
 Etot   =    -52322.8396  EKtot   =     20449.2793  EPtot      =    -72772.1189
 BOND   =     12792.1366  ANGLE   =      1033.1392  DIHED      =      1317.0797
 1-4 NB =       441.5795  1-4 EEL =      4616.9634  VDWAALS    =     12814.5895
 EELEC  =   -105787.6068  EHBOND  =         0.0000  RESTRAINT  =         0.0000
 ------------------------------------------------------------------------------


 NSTEP =     7500   TIME(PS) =      13.750  TEMP(K) =   296.95  PRESS =     0.0
 Etot   =    -52151.5743  EKtot   =     20430.6953  EPtot      =    -72582.2696
 BOND   =     12717.1148  ANGLE   =      1086.1955  DIHED      =      1323.2182
 1-4 NB =       451.5647  1-4 EEL =      4582.4151  VDWAALS    =     12805.6257
 EELEC  =   -105548.4035  EHBOND  =         0.0000  RESTRAINT  =         0.0000
 ------------------------------------------------------------------------------


 NSTEP =     8000   TIME(PS) =      14.000  TEMP(K) =   299.36  PRESS =     0.0
 Etot   =    -52197.4291  EKtot   =     20597.0234  EPtot      =    -72794.4525
 BOND   =     12684.9446  ANGLE   =      1039.4166  DIHED      =      1334.3774
 1-4 NB =       443.4023  1-4 EEL =      4637.3284  VDWAALS    =     12855.1110
 EELEC  =   -105789.0328  EHBOND  =         0.0000  RESTRAINT  =         0.0000
 ------------------------------------------------------------------------------


 NSTEP =     8500   TIME(PS) =      14.250  TEMP(K) =   301.33  PRESS =     0.0
 Etot   =    -52014.1394  EKtot   =     20732.5840  EPtot      =    -72746.7233
 BOND   =     12609.5419  ANGLE   =      1023.8309  DIHED      =      1334.6461
 1-4 NB =       451.1032  1-4 EEL =      4613.7021  VDWAALS    =     12903.3334
 EELEC  =   -105682.8809  EHBOND  =         0.0000  RESTRAINT  =         0.0000
 ------------------------------------------------------------------------------


 NSTEP =     9000   TIME(PS) =      14.500  TEMP(K) =   296.86  PRESS =     0.0
 Etot   =    -52339.4424  EKtot   =     20424.6582  EPtot      =    -72764.1006
 BOND   =     12735.4052  ANGLE   =      1056.2718  DIHED      =      1338.6731
 1-4 NB =       445.0451  1-4 EEL =      4620.7837  VDWAALS    =     12804.8432
 EELEC  =   -105765.1227  EHBOND  =         0.0000  RESTRAINT  =         0.0000
 ------------------------------------------------------------------------------


 NSTEP =     9500   TIME(PS) =      14.750  TEMP(K) =   298.88  PRESS =     0.0
 Etot   =    -52378.3203  EKtot   =     20563.6074  EPtot      =    -72941.9277
 BOND   =     12940.8650  ANGLE   =      1036.4794  DIHED      =      1317.1352
 1-4 NB =       447.8682  1-4 EEL =      4625.0303  VDWAALS    =     12792.2316
 EELEC  =   -106101.5374  EHBOND  =         0.0000  RESTRAINT  =         0.0000
 ------------------------------------------------------------------------------


 NSTEP =    10000   TIME(PS) =      15.000  TEMP(K) =   300.33  PRESS =     0.0
 Etot   =    -52124.3968  EKtot   =     20663.3828  EPtot      =    -72787.7796
 BOND   =     13028.1673  ANGLE   =      1048.1425  DIHED      =      1337.0475
 1-4 NB =       449.5916  1-4 EEL =      4594.9934  VDWAALS    =     12733.1701
 EELEC  =   -105978.8919  EHBOND  =         0.0000  RESTRAINT  =         0.0000
 ------------------------------------------------------------------------------


 NSTEP =    10500   TIME(PS) =      15.250  TEMP(K) =   299.03  PRESS =     0.0
 Etot   =    -52392.7843  EKtot   =     20573.9570  EPtot      =    -72966.7414
 BOND   =     12745.1690  ANGLE   =      1091.6552  DIHED      =      1340.9198
 1-4 NB =       417.2610  1-4 EEL =      4629.6890  VDWAALS    =     12829.8163
 EELEC  =   -106021.2516  EHBOND  =         0.0000  RESTRAINT  =         0.0000
 ------------------------------------------------------------------------------


 NSTEP =    11000   TIME(PS) =      15.500  TEMP(K) =   298.96  PRESS =     0.0
 Etot   =    -52289.2652  EKtot   =     20569.2031  EPtot      =    -72858.4683
 BOND   =     12762.8095  ANGLE   =      1049.5616  DIHED      =      1324.1412
 1-4 NB =       430.6765  1-4 EEL =      4594.8624  VDWAALS    =     12706.6776
 EELEC  =   -105727.1970  EHBOND  =         0.0000  RESTRAINT  =         0.0000
 ------------------------------------------------------------------------------


 NSTEP =    11500   TIME(PS) =      15.750  TEMP(K) =   299.09  PRESS =     0.0
 Etot   =    -52339.3171  EKtot   =     20578.2734  EPtot      =    -72917.5906
 BOND   =     12728.5136  ANGLE   =      1004.7460  DIHED      =      1324.0235
 1-4 NB =       444.1987  1-4 EEL =      4634.6725  VDWAALS    =     12690.7251
 EELEC  =   -105744.4700  EHBOND  =         0.0000  RESTRAINT  =         0.0000
 ------------------------------------------------------------------------------


 NSTEP =    12000   TIME(PS) =      16.000  TEMP(K) =   298.56  PRESS =     0.0
 Etot   =    -52205.6944  EKtot   =     20541.6738  EPtot      =    -72747.3682
 BOND   =     12716.7030  ANGLE   =      1037.2703  DIHED      =      1317.4840
 1-4 NB =       430.2088  1-4 EEL =      4606.6807  VDWAALS    =     12691.1677
 EELEC  =   -105546.8827  EHBOND  =         0.0000  RESTRAINT  =         0.0000
 ------------------------------------------------------------------------------


 NSTEP =    12500   TIME(PS) =      16.250  TEMP(K) =   300.71  PRESS =     0.0
 Etot   =    -52065.2844  EKtot   =     20689.3105  EPtot      =    -72754.5949
 BOND   =     12871.2075  ANGLE   =       989.8106  DIHED      =      1320.5841
 1-4 NB =       440.6495  1-4 EEL =      4617.9512  VDWAALS    =     12671.2261
 EELEC  =   -105666.0240  EHBOND  =         0.0000  RESTRAINT  =         0.0000
 ------------------------------------------------------------------------------


 NSTEP =    13000   TIME(PS) =      16.500  TEMP(K) =   299.46  PRESS =     0.0
 Etot   =    -52313.8437  EKtot   =     20603.7148  EPtot      =    -72917.5586
 BOND   =     12870.9246  ANGLE   =      1013.5974  DIHED      =      1307.9206
 1-4 NB =       433.6439  1-4 EEL =      4609.4659  VDWAALS    =     12977.3018
 EELEC  =   -106130.4127  EHBOND  =         0.0000  RESTRAINT  =         0.0000
 ------------------------------------------------------------------------------


 NSTEP =    13500   TIME(PS) =      16.750  TEMP(K) =   298.96  PRESS =     0.0
 Etot   =    -52345.8912  EKtot   =     20569.2695  EPtot      =    -72915.1608
 BOND   =     12691.7851  ANGLE   =      1002.4978  DIHED      =      1320.4165
 1-4 NB =       438.7581  1-4 EEL =      4649.6662  VDWAALS    =     12728.7465
 EELEC  =   -105747.0311  EHBOND  =         0.0000  RESTRAINT  =         0.0000
 ------------------------------------------------------------------------------


 NSTEP =    14000   TIME(PS) =      17.000  TEMP(K) =   298.68  PRESS =     0.0
 Etot   =    -52355.2681  EKtot   =     20549.6094  EPtot      =    -72904.8775
 BOND   =     12764.1245  ANGLE   =      1002.0453  DIHED      =      1317.8541
 1-4 NB =       448.4198  1-4 EEL =      4615.8059  VDWAALS    =     12644.7005
 EELEC  =   -105697.8276  EHBOND  =         0.0000  RESTRAINT  =         0.0000
 ------------------------------------------------------------------------------


 NSTEP =    14500   TIME(PS) =      17.250  TEMP(K) =   300.16  PRESS =     0.0
 Etot   =    -52355.7378  EKtot   =     20651.9941  EPtot      =    -73007.7319
 BOND   =     12816.7235  ANGLE   =      1060.9962  DIHED      =      1318.5892
 1-4 NB =       434.5565  1-4 EEL =      4620.5261  VDWAALS    =     12843.8363
 EELEC  =   -106102.9596  EHBOND  =         0.0000  RESTRAINT  =         0.0000
 ------------------------------------------------------------------------------


 NSTEP =    15000   TIME(PS) =      17.500  TEMP(K) =   300.79  PRESS =     0.0
 Etot   =    -52101.5922  EKtot   =     20695.1895  EPtot      =    -72796.7816
 BOND   =     12658.3704  ANGLE   =      1039.7718  DIHED      =      1318.2678
 1-4 NB =       416.2732  1-4 EEL =      4610.7895  VDWAALS    =     13003.5826
 EELEC  =   -105843.8369  EHBOND  =         0.0000  RESTRAINT  =         0.0000
 ------------------------------------------------------------------------------


 NSTEP =    15500   TIME(PS) =      17.750  TEMP(K) =   299.60  PRESS =     0.0
 Etot   =    -52280.3887  EKtot   =     20613.4746  EPtot      =    -72893.8633
 BOND   =     12633.8244  ANGLE   =      1045.7671  DIHED      =      1311.5423
 1-4 NB =       441.3848  1-4 EEL =      4627.8615  VDWAALS    =     12941.6846
 EELEC  =   -105895.9281  EHBOND  =         0.0000  RESTRAINT  =         0.0000
 ------------------------------------------------------------------------------


 NSTEP =    16000   TIME(PS) =      18.000  TEMP(K) =   298.22  PRESS =     0.0
 Etot   =    -52027.5628  EKtot   =     20518.4102  EPtot      =    -72545.9730
 BOND   =     12889.2032  ANGLE   =      1057.9279  DIHED      =      1348.0253
 1-4 NB =       434.2265  1-4 EEL =      4630.4077  VDWAALS    =     12528.8958
 EELEC  =   -105434.6594  EHBOND  =         0.0000  RESTRAINT  =         0.0000
 ------------------------------------------------------------------------------


 NSTEP =    16500   TIME(PS) =      18.250  TEMP(K) =   299.15  PRESS =     0.0
 Etot   =    -52143.3815  EKtot   =     20582.0000  EPtot      =    -72725.3815
 BOND   =     12672.9776  ANGLE   =      1050.4066  DIHED      =      1338.8136
 1-4 NB =       426.8105  1-4 EEL =      4635.7308  VDWAALS    =     12733.7847
 EELEC  =   -105583.9052  EHBOND  =         0.0000  RESTRAINT  =         0.0000
 ------------------------------------------------------------------------------


 NSTEP =    17000   TIME(PS) =      18.500  TEMP(K) =   300.29  PRESS =     0.0
 Etot   =    -52108.6129  EKtot   =     20660.7480  EPtot      =    -72769.3609
 BOND   =     12577.7776  ANGLE   =      1027.3379  DIHED      =      1319.1988
 1-4 NB =       458.8275  1-4 EEL =      4637.2946  VDWAALS    =     12598.3034
 EELEC  =   -105388.1007  EHBOND  =         0.0000  RESTRAINT  =         0.0000
 ------------------------------------------------------------------------------


 NSTEP =    17500   TIME(PS) =      18.750  TEMP(K) =   298.93  PRESS =     0.0
 Etot   =    -52138.4837  EKtot   =     20567.4336  EPtot      =    -72705.9173
 BOND   =     12742.8328  ANGLE   =      1018.5078  DIHED      =      1323.7652
 1-4 NB =       444.2672  1-4 EEL =      4631.1010  VDWAALS    =     12719.6328
 EELEC  =   -105586.0241  EHBOND  =         0.0000  RESTRAINT  =         0.0000
 ------------------------------------------------------------------------------


 NSTEP =    18000   TIME(PS) =      19.000  TEMP(K) =   301.23  PRESS =     0.0
 Etot   =    -52105.8089  EKtot   =     20725.2637  EPtot      =    -72831.0726
 BOND   =     12851.7158  ANGLE   =       994.4364  DIHED      =      1297.9099
 1-4 NB =       447.4807  1-4 EEL =      4627.8505  VDWAALS    =     13109.0735
 EELEC  =   -106159.5393  EHBOND  =         0.0000  RESTRAINT  =         0.0000
 ------------------------------------------------------------------------------


 NSTEP =    18500   TIME(PS) =      19.250  TEMP(K) =   298.60  PRESS =     0.0
 Etot   =    -52230.3512  EKtot   =     20544.3691  EPtot      =    -72774.7204
 BOND   =     12928.0786  ANGLE   =      1030.0945  DIHED      =      1322.6386
 1-4 NB =       448.8831  1-4 EEL =      4626.8046  VDWAALS    =     12921.3023
 EELEC  =   -106052.5220  EHBOND  =         0.0000  RESTRAINT  =         0.0000
 ------------------------------------------------------------------------------


 NSTEP =    19000   TIME(PS) =      19.500  TEMP(K) =   299.46  PRESS =     0.0
 Etot   =    -52196.4377  EKtot   =     20603.6426  EPtot      =    -72800.0803
 BOND   =     12703.0735  ANGLE   =      1043.9599  DIHED      =      1319.8184
 1-4 NB =       464.3924  1-4 EEL =      4628.4528  VDWAALS    =     12882.2576
 EELEC  =   -105842.0349  EHBOND  =         0.0000  RESTRAINT  =         0.0000
 ------------------------------------------------------------------------------


 NSTEP =    19500   TIME(PS) =      19.750  TEMP(K) =   296.18  PRESS =     0.0
 Etot   =    -52208.0366  EKtot   =     20377.7988  EPtot      =    -72585.8354
 BOND   =     13010.1380  ANGLE   =      1011.6899  DIHED      =      1318.1195
 1-4 NB =       451.6724  1-4 EEL =      4651.1380  VDWAALS    =     12764.6897
 EELEC  =   -105793.2828  EHBOND  =         0.0000  RESTRAINT  =         0.0000
 ------------------------------------------------------------------------------


 NSTEP =    20000   TIME(PS) =      20.000  TEMP(K) =   297.55  PRESS =     0.0
 Etot   =    -52283.5464  EKtot   =     20471.8574  EPtot      =    -72755.4039
 BOND   =     12925.4696  ANGLE   =      1048.4224  DIHED      =      1325.8120
 1-4 NB =       448.5078  1-4 EEL =      4616.8706  VDWAALS    =     12709.7232
 EELEC  =   -105830.2095  EHBOND  =         0.0000  RESTRAINT  =         0.0000
 ------------------------------------------------------------------------------


      A V E R A G E S   O V E R      40 S T E P S


 NSTEP =    20000   TIME(PS) =      20.000  TEMP(K) =   297.71  PRESS =     0.0
 Etot   =    -52231.8942  EKtot   =     20482.9384  EPtot      =    -72714.8327
 BOND   =     12473.4245  ANGLE   =      1029.9797  DIHED      =      1322.5661
 1-4 NB =       441.3230  1-4 EEL =      4626.6986  VDWAALS    =     12670.1183
 EELEC  =   -105278.9429  EHBOND  =         0.0000  RESTRAINT  =         0.0000
 ------------------------------------------------------------------------------


      R M S  F L U C T U A T I O N S


 NSTEP =    20000   TIME(PS) =      20.000  TEMP(K) =     4.89  PRESS =     0.0
 Etot   =       469.9956  EKtot   =       336.6522  EPtot      =       240.9421
 BOND   =      1000.9919  ANGLE   =        27.3576  DIHED      =        11.8389
 1-4 NB =        10.2697  1-4 EEL =        20.5795  VDWAALS    =       277.6298
 EELEC  =      1187.9948  EHBOND  =         0.0000  RESTRAINT  =         0.0000
 ------------------------------------------------------------------------------

--------------------------------------------------------------------------------
   5.  TIMINGS
--------------------------------------------------------------------------------

|  NonSetup CPU Time in Major Routines:
|
|     Routine           Sec        %
|     ------------------------------
|     Nonbond           4.02   10.05
|     Bond              0.00    0.00
|     Angle             0.00    0.00
|     Dihedral          0.00    0.00
|     Shake             0.00    0.00
|     RunMD            35.90   89.88
|     Other             0.03    0.07
|     ------------------------------
|     Total            39.94

|  PME Nonbond Pairlist CPU Time:
|
|     Routine              Sec        %
|     ---------------------------------
|     Set Up Cit           0.00    0.00
|     Build List           0.00    0.00
|     ---------------------------------
|     Total                0.00    0.00

|  PME Direct Force CPU Time:
|
|     Routine              Sec        %
|     ---------------------------------
|     NonBonded Calc       0.00    0.00
|     Exclude Masked       0.00    0.00
|     Other                0.01    0.02
|     ---------------------------------
|     Total                0.01    0.02

|  PME Reciprocal Force CPU Time:
|
|     Routine              Sec        %
|     ---------------------------------
|     1D bspline           0.00    0.00
|     Grid Charges         0.00    0.00
|     Scalar Sum           0.00    0.00
|     Gradient Sum         0.00    0.00
|     FFT                  0.00    0.00
|     ---------------------------------
|     Total                0.00    0.00

|  Final Performance Info:
|     -----------------------------------------------------
|     Average timings for last   19500 steps:
|     Elapsed(s) =      41.43 Per Step(ms) =       2.12
|         ns/day =      20.33   seconds/ns =    4248.98
|
|     Average timings for all steps:
|     Elapsed(s) =      42.43 Per Step(ms) =       2.12
|         ns/day =      20.36   seconds/ns =    4243.16
|     -----------------------------------------------------

|  Setup CPU time:            2.81 seconds
|  NonSetup CPU time:        39.94 seconds
|  Total CPU time:           42.75 seconds     0.01 hours

|  Setup wall time:           3    seconds
|  NonSetup wall time:       43    seconds
|  Total wall time:          46    seconds     0.01 hours
