
          -------------------------------------------------------
          Amber 16 PMEMD                              2016
          -------------------------------------------------------

| PMEMD implementation of SANDER, Release 16

| Run on 08/24/2017 at 11:18:37

|   Executable path: /apps/amber16/bin/pmemd.cuda
| Working directory: /scratch/pbarletta/pdz/run/lb/neq/data/2
|          Hostname: mordor

  [-O]verwriting output

File Assignments:
|   MDIN: pdt.in                                                                
|  MDOUT: 281plb_2.out                                                          
| INPCRD: ../1/281plb_1.rst7                                                    
|   PARM: /scratch/pbarletta/pdz/top_files/lb.prmtop                            
| RESTRT: 281plb_2.rst7                                                         
|   REFC: refc                                                                  
|  MDVEL: mdvel                                                                 
|   MDEN: mden                                                                  
|  MDCRD: 281plb_2.nc                                                           
| MDINFO: mdinfo                                                                
|  MDFRC: mdfrc                                                                 


 Here is the input file:

!NVE run                                                                       
&cntrl                                                                         
imin = 0,                           ! No Minimization                          
nmropt = 0,                         ! No NMR restraints read                   
                                                                               
! Nature and format of the input                                               
ntx = 5,                            ! Coordinates and velocities will be read  
irest = 1,                          ! Restart simulation                       
                                                                               
! Nature and format of the output                                              
ioutfm = 1,			    ! NetCDF format for output files                             
ntxo = 1,                           ! rstrt file in ASCII format               
ntpr = 500,                         ! inf in output every ntpr steps           
ntwr = 500,                         ! rstrt file every ntwr steps              
ntwx = 20,                          ! mdcrd file every ntwx steps              
ntwv = -1,                          ! mdvel without velocities                 
ntwe = 0,                           ! Energies and temperatures not written in 
idecomp = 0,                        ! No energy decomposition                  
iwrap = 1,                          ! Coordinates of the restart and mdcrd file
                                                                               
! Frozen or restrained atoms                                                   
ibelly = 0,                         ! No frozen atoms                          
ntr=0,                              ! Harmonic potential restraints            
                                                                               
! Molecular dynamics                                                           
nstlim = 20000,                      ! Number of MD-steps                      
dt = 0.0005,                        ! Time step                                
                                                                               
! Temperature regulation                                                       
ntt = 3,                            ! Langevin thermostat                      
gamma_ln = 2,                       ! Gamma constant for Langevin              
temp0 = 300.0,                      ! Reference T at which the system is to be 
tempi = 300.0,                      ! Initial T                                
                                                                               
! P and V regulation                                                           
ntp = 0,                            ! No P control                             
ntb = 1,                            ! constant V                               
                                                                               
! SHAKE variables                                                              
ntc = 1,                            ! No SHAKE                                 
ntf = 1,                            ! Get E with allatom                       
                                                                               
cut = 9.0,                          ! Nonbonded cutoff                         
/                                                                              
&end                                                                           


Note: ig = -1. Setting random seed to   170129 based on wallclock time in 
      microseconds.
| irandom = 1, using AMBER's internal random number generator (default).
 
|--------------------- INFORMATION ----------------------
| GPU (CUDA) Version of PMEMD in use: NVIDIA GPU IN USE.
|                    Version 16.0.0
| 
|                      02/25/2016
| 
| Implementation by:
|                    Ross C. Walker     (SDSC)
|                    Scott Le Grand     (nVIDIA)
| 
| Precision model in use:
|      [SPFP] - Single Precision Forces, 64-bit Fixed Point
|               Accumulation. (Default)
| 
|--------------------------------------------------------
 
|----------------- CITATION INFORMATION -----------------
|
|    When publishing work that utilized the CUDA version
|    of AMBER, please cite the following in addition to
|    the regular AMBER citations:
|
|  - Romelia Salomon-Ferrer; Andreas W. Goetz; Duncan
|    Poole; Scott Le Grand; Ross C. Walker "Routine
|    microsecond molecular dynamics simulations with
|    AMBER - Part II: Particle Mesh Ewald", J. Chem.
|    Theory Comput., 2013, 9 (9), pp3878-3888,
|    DOI: 10.1021/ct400314y.
|
|  - Andreas W. Goetz; Mark J. Williamson; Dong Xu;
|    Duncan Poole; Scott Le Grand; Ross C. Walker
|    "Routine microsecond molecular dynamics simulations
|    with AMBER - Part I: Generalized Born", J. Chem.
|    Theory Comput., 2012, 8 (5), pp1542-1555.
|
|  - Scott Le Grand; Andreas W. Goetz; Ross C. Walker
|    "SPFP: Speed without compromise - a mixed precision
|    model for GPU accelerated molecular dynamics
|    simulations.", Comp. Phys. Comm., 2013, 184
|    pp374-380, DOI: 10.1016/j.cpc.2012.09.022
|
|--------------------------------------------------------
 
|------------------- GPU DEVICE INFO --------------------
|
|            CUDA_VISIBLE_DEVICES: 1
|   CUDA Capable Devices Detected:      1
|           CUDA Device ID in use:      0
|                CUDA Device Name: GeForce GTX TITAN
|     CUDA Device Global Mem Size:   6082 MB
| CUDA Device Num Multiprocessors:     14
|           CUDA Device Core Freq:   0.93 GHz
|
|--------------------------------------------------------
 
 
| Conditional Compilation Defines Used:
| PUBFFT
| BINTRAJ
| CUDA
| EMIL

| Largest sphere to fit in unit cell has radius =    26.281

| New format PARM file being parsed.
| Version =    1.000 Date = 09/04/12 Time = 16:08:43

| Note: 1-4 EEL scale factors are being read from the topology file.

| Note: 1-4 VDW scale factors are being read from the topology file.
| Duplicated    0 dihedrals

| Duplicated    0 dihedrals

--------------------------------------------------------------------------------
   1.  RESOURCE   USE: 
--------------------------------------------------------------------------------

 getting new box info from bottom of inpcrd
 NATOM  =   23082 NTYPES =      16 NBONH =   22055 MBONA  =    1038
 NTHETH =    2390 MTHETA =    1396 NPHIH =    4631 MPHIA  =    3488
 NHPARM =       0 NPARM  =       0 NNB   =   39434 NRES   =    7134
 NBONA  =    1038 NTHETA =    1396 NPHIA =    3488 NUMBND =      41
 NUMANG =      86 NPTRA  =      41 NATYP =      28 NPHB   =       1
 IFBOX  =       1 NMXRS  =      24 IFCAP =       0 NEXTRA =       0
 NCOPY  =       0

| Coordinate Index Table dimensions:    12   14   10
| Direct force subcell size =     5.0212    5.2012    5.2562

     BOX TYPE: RECTILINEAR

--------------------------------------------------------------------------------
   2.  CONTROL  DATA  FOR  THE  RUN
--------------------------------------------------------------------------------

default_name                                                                    

General flags:
     imin    =       0, nmropt  =       0

Nature and format of input:
     ntx     =       5, irest   =       1, ntrx    =       1

Nature and format of output:
     ntxo    =       1, ntpr    =     500, ntrx    =       1, ntwr    =     500
     iwrap   =       1, ntwx    =      20, ntwv    =      -1, ntwe    =       0
     ioutfm  =       1, ntwprt  =       0, idecomp =       0, rbornstat=      0

Potential function:
     ntf     =       1, ntb     =       1, igb     =       0, nsnb    =      25
     ipol    =       0, gbsa    =       0, iesp    =       0
     dielc   =   1.00000, cut     =   9.00000, intdiel =   1.00000

Frozen or restrained atoms:
     ibelly  =       0, ntr     =       0

Molecular dynamics:
     nstlim  =     20000, nscm    =      1000, nrespa  =         1
     t       =   0.00000, dt      =   0.00050, vlimit  =  -1.00000

Langevin dynamics temperature regulation:
     ig      =  170129
     temp0   = 300.00000, tempi   = 300.00000, gamma_ln=   2.00000

| Intermolecular bonds treatment:
|     no_intermolecular_bonds =       1

| Energy averages sample interval:
|     ene_avg_sampling =     500

Ewald parameters:
     verbose =       0, ew_type =       0, nbflag  =       1, use_pme =       1
     vdwmeth =       1, eedmeth =       1, netfrc  =       1
     Box X =   60.254   Box Y =   72.816   Box Z =   52.562
     Alpha =   90.000   Beta  =   90.000   Gamma =   90.000
     NFFT1 =   64       NFFT2 =   80       NFFT3 =   56
     Cutoff=    9.000   Tol   =0.100E-04
     Ewald Coefficient =  0.30768
     Interpolation order =    4

--------------------------------------------------------------------------------
   3.  ATOMIC COORDINATES AND VELOCITIES
--------------------------------------------------------------------------------

default_name                                                                    
 begin time read from input coords =    10.000 ps

 
 Number of triangulated 3-point waters found:     7002

     Sum of charges from parm topology file =  -0.00000008
     Forcing neutrality...

| Dynamic Memory, Types Used:
| Reals              710578
| Integers           737140

| Nonbonded Pairs Initial Allocation:     5262696

| GPU memory information (estimate):
| KB of GPU memory in use:    132483
| KB of CPU memory in use:     27891

--------------------------------------------------------------------------------
   4.  RESULTS
--------------------------------------------------------------------------------

 ---------------------------------------------------
 APPROXIMATING switch and d/dx switch using CUBIC SPLINE INTERPOLATION
 using   5000.0 points per unit in tabled values
 TESTING RELATIVE ERROR over r ranging from 0.0 to cutoff
| CHECK switch(x): max rel err =   0.2738E-14   at   2.422500
| CHECK d/dx switch(x): max rel err =   0.8314E-11   at   2.736960
 ---------------------------------------------------
|---------------------------------------------------
| APPROXIMATING direct energy using CUBIC SPLINE INTERPOLATION
|  with   50.0 points per unit in tabled values
| Relative Error Limit not exceeded for r .gt.   2.39
| APPROXIMATING direct force using CUBIC SPLINE INTERPOLATION
|  with   50.0 points per unit in tabled values
| Relative Error Limit not exceeded for r .gt.   2.84
|---------------------------------------------------

 NSTEP =      500   TIME(PS) =      10.250  TEMP(K) =   270.15  PRESS =     0.0
 Etot   =    -54915.7673  EKtot   =     18587.3477  EPtot      =    -73503.1149
 BOND   =      7167.2928  ANGLE   =      1022.4133  DIHED      =      1311.6466
 1-4 NB =       443.2649  1-4 EEL =      4632.1273  VDWAALS    =     11937.3734
 EELEC  =   -100017.2334  EHBOND  =         0.0000  RESTRAINT  =         0.0000
 ------------------------------------------------------------------------------


 NSTEP =     1000   TIME(PS) =      10.500  TEMP(K) =   283.70  PRESS =     0.0
 Etot   =    -53395.5253  EKtot   =     19519.0566  EPtot      =    -72914.5820
 BOND   =     10409.9889  ANGLE   =      1034.1768  DIHED      =      1317.1851
 1-4 NB =       446.1830  1-4 EEL =      4661.3659  VDWAALS    =     11783.8179
 EELEC  =   -102567.2995  EHBOND  =         0.0000  RESTRAINT  =         0.0000
 ------------------------------------------------------------------------------


 NSTEP =     1500   TIME(PS) =      10.750  TEMP(K) =   289.44  PRESS =     0.0
 Etot   =    -52558.7347  EKtot   =     19914.3477  EPtot      =    -72473.0824
 BOND   =     11573.4293  ANGLE   =      1008.6857  DIHED      =      1320.1816
 1-4 NB =       448.9859  1-4 EEL =      4623.3004  VDWAALS    =     12132.5141
 EELEC  =   -103580.1793  EHBOND  =         0.0000  RESTRAINT  =         0.0000
 ------------------------------------------------------------------------------


 NSTEP =     2000   TIME(PS) =      11.000  TEMP(K) =   292.43  PRESS =     0.0
 Etot   =    -52315.9008  EKtot   =     20120.0723  EPtot      =    -72435.9730
 BOND   =     11961.6941  ANGLE   =      1017.8108  DIHED      =      1308.0113
 1-4 NB =       447.8287  1-4 EEL =      4622.5117  VDWAALS    =     12498.5807
 EELEC  =   -104292.4104  EHBOND  =         0.0000  RESTRAINT  =         0.0000
 ------------------------------------------------------------------------------


 NSTEP =     2500   TIME(PS) =      11.250  TEMP(K) =   298.98  PRESS =     0.0
 Etot   =    -51947.3049  EKtot   =     20570.4609  EPtot      =    -72517.7659
 BOND   =     12200.7243  ANGLE   =      1028.1214  DIHED      =      1325.2765
 1-4 NB =       441.0159  1-4 EEL =      4621.9049  VDWAALS    =     12484.0323
 EELEC  =   -104618.8411  EHBOND  =         0.0000  RESTRAINT  =         0.0000
 ------------------------------------------------------------------------------


 NSTEP =     3000   TIME(PS) =      11.500  TEMP(K) =   301.80  PRESS =     0.0
 Etot   =    -51672.9977  EKtot   =     20764.6914  EPtot      =    -72437.6891
 BOND   =     12490.2039  ANGLE   =      1047.0411  DIHED      =      1332.3431
 1-4 NB =       453.0690  1-4 EEL =      4648.5685  VDWAALS    =     12632.9571
 EELEC  =   -105041.8718  EHBOND  =         0.0000  RESTRAINT  =         0.0000
 ------------------------------------------------------------------------------


 NSTEP =     3500   TIME(PS) =      11.750  TEMP(K) =   299.89  PRESS =     0.0
 Etot   =    -51673.3386  EKtot   =     20633.2578  EPtot      =    -72306.5964
 BOND   =     12781.5253  ANGLE   =      1053.6791  DIHED      =      1338.6161
 1-4 NB =       444.2371  1-4 EEL =      4652.7627  VDWAALS    =     12537.2529
 EELEC  =   -105114.6697  EHBOND  =         0.0000  RESTRAINT  =         0.0000
 ------------------------------------------------------------------------------


 NSTEP =     4000   TIME(PS) =      12.000  TEMP(K) =   303.58  PRESS =     0.0
 Etot   =    -51423.1182  EKtot   =     20886.9531  EPtot      =    -72310.0713
 BOND   =     12727.5935  ANGLE   =      1040.1895  DIHED      =      1297.7293
 1-4 NB =       459.7468  1-4 EEL =      4637.4497  VDWAALS    =     12737.5203
 EELEC  =   -105210.3002  EHBOND  =         0.0000  RESTRAINT  =         0.0000
 ------------------------------------------------------------------------------


 NSTEP =     4500   TIME(PS) =      12.250  TEMP(K) =   302.63  PRESS =     0.0
 Etot   =    -51688.1248  EKtot   =     20822.0117  EPtot      =    -72510.1365
 BOND   =     12637.2029  ANGLE   =      1043.2349  DIHED      =      1346.3692
 1-4 NB =       447.9981  1-4 EEL =      4675.0650  VDWAALS    =     12679.6838
 EELEC  =   -105339.6904  EHBOND  =         0.0000  RESTRAINT  =         0.0000
 ------------------------------------------------------------------------------


 NSTEP =     5000   TIME(PS) =      12.500  TEMP(K) =   303.03  PRESS =     0.0
 Etot   =    -51704.5321  EKtot   =     20849.2227  EPtot      =    -72553.7547
 BOND   =     12745.2128  ANGLE   =      1041.4857  DIHED      =      1307.6192
 1-4 NB =       451.5615  1-4 EEL =      4665.8803  VDWAALS    =     12539.7489
 EELEC  =   -105305.2631  EHBOND  =         0.0000  RESTRAINT  =         0.0000
 ------------------------------------------------------------------------------


 NSTEP =     5500   TIME(PS) =      12.750  TEMP(K) =   299.80  PRESS =     0.0
 Etot   =    -51761.6822  EKtot   =     20627.3086  EPtot      =    -72388.9908
 BOND   =     12715.6672  ANGLE   =      1094.9005  DIHED      =      1339.8742
 1-4 NB =       440.6374  1-4 EEL =      4676.8097  VDWAALS    =     12847.2350
 EELEC  =   -105504.1148  EHBOND  =         0.0000  RESTRAINT  =         0.0000
 ------------------------------------------------------------------------------


 NSTEP =     6000   TIME(PS) =      13.000  TEMP(K) =   302.01  PRESS =     0.0
 Etot   =    -51732.2785  EKtot   =     20779.1445  EPtot      =    -72511.4230
 BOND   =     12719.4498  ANGLE   =      1063.5344  DIHED      =      1323.0983
 1-4 NB =       439.9751  1-4 EEL =      4588.1145  VDWAALS    =     12830.6491
 EELEC  =   -105476.2442  EHBOND  =         0.0000  RESTRAINT  =         0.0000
 ------------------------------------------------------------------------------


 NSTEP =     6500   TIME(PS) =      13.250  TEMP(K) =   302.50  PRESS =     0.0
 Etot   =    -51780.6298  EKtot   =     20812.5215  EPtot      =    -72593.1513
 BOND   =     12592.0068  ANGLE   =      1061.2279  DIHED      =      1316.9717
 1-4 NB =       450.8150  1-4 EEL =      4608.9520  VDWAALS    =     12529.6350
 EELEC  =   -105152.7597  EHBOND  =         0.0000  RESTRAINT  =         0.0000
 ------------------------------------------------------------------------------


 NSTEP =     7000   TIME(PS) =      13.500  TEMP(K) =   298.71  PRESS =     0.0
 Etot   =    -51880.5059  EKtot   =     20551.8301  EPtot      =    -72432.3360
 BOND   =     12841.5071  ANGLE   =      1080.1720  DIHED      =      1321.9791
 1-4 NB =       450.5185  1-4 EEL =      4608.8186  VDWAALS    =     12694.2841
 EELEC  =   -105429.6155  EHBOND  =         0.0000  RESTRAINT  =         0.0000
 ------------------------------------------------------------------------------


 NSTEP =     7500   TIME(PS) =      13.750  TEMP(K) =   300.24  PRESS =     0.0
 Etot   =    -52110.6801  EKtot   =     20657.0781  EPtot      =    -72767.7582
 BOND   =     12703.8428  ANGLE   =      1030.5767  DIHED      =      1325.4537
 1-4 NB =       435.5825  1-4 EEL =      4669.4001  VDWAALS    =     12928.4234
 EELEC  =   -105861.0374  EHBOND  =         0.0000  RESTRAINT  =         0.0000
 ------------------------------------------------------------------------------


 NSTEP =     8000   TIME(PS) =      14.000  TEMP(K) =   298.33  PRESS =     0.0
 Etot   =    -52157.1835  EKtot   =     20526.1113  EPtot      =    -72683.2948
 BOND   =     12813.4735  ANGLE   =      1035.5325  DIHED      =      1317.1904
 1-4 NB =       444.3843  1-4 EEL =      4603.3243  VDWAALS    =     12890.3640
 EELEC  =   -105787.5640  EHBOND  =         0.0000  RESTRAINT  =         0.0000
 ------------------------------------------------------------------------------


 NSTEP =     8500   TIME(PS) =      14.250  TEMP(K) =   301.35  PRESS =     0.0
 Etot   =    -52138.9900  EKtot   =     20733.5469  EPtot      =    -72872.5368
 BOND   =     12739.1393  ANGLE   =      1049.8471  DIHED      =      1330.7993
 1-4 NB =       433.1851  1-4 EEL =      4576.6806  VDWAALS    =     13090.0533
 EELEC  =   -106092.2414  EHBOND  =         0.0000  RESTRAINT  =         0.0000
 ------------------------------------------------------------------------------


 NSTEP =     9000   TIME(PS) =      14.500  TEMP(K) =   300.95  PRESS =     0.0
 Etot   =    -51965.3087  EKtot   =     20706.1523  EPtot      =    -72671.4610
 BOND   =     12755.3604  ANGLE   =      1022.2344  DIHED      =      1343.8991
 1-4 NB =       451.2354  1-4 EEL =      4595.3842  VDWAALS    =     12974.2139
 EELEC  =   -105813.7886  EHBOND  =         0.0000  RESTRAINT  =         0.0000
 ------------------------------------------------------------------------------


 NSTEP =     9500   TIME(PS) =      14.750  TEMP(K) =   299.01  PRESS =     0.0
 Etot   =    -52087.5178  EKtot   =     20572.6953  EPtot      =    -72660.2132
 BOND   =     12864.5912  ANGLE   =      1046.8633  DIHED      =      1340.7559
 1-4 NB =       442.2518  1-4 EEL =      4656.3372  VDWAALS    =     12717.7838
 EELEC  =   -105728.7964  EHBOND  =         0.0000  RESTRAINT  =         0.0000
 ------------------------------------------------------------------------------


 NSTEP =    10000   TIME(PS) =      15.000  TEMP(K) =   300.41  PRESS =     0.0
 Etot   =    -52063.6369  EKtot   =     20668.6914  EPtot      =    -72732.3283
 BOND   =     12692.6559  ANGLE   =      1008.8172  DIHED      =      1311.9443
 1-4 NB =       449.1666  1-4 EEL =      4670.9936  VDWAALS    =     12889.8446
 EELEC  =   -105755.7504  EHBOND  =         0.0000  RESTRAINT  =         0.0000
 ------------------------------------------------------------------------------


 NSTEP =    10500   TIME(PS) =      15.250  TEMP(K) =   298.39  PRESS =     0.0
 Etot   =    -52147.7000  EKtot   =     20530.1660  EPtot      =    -72677.8660
 BOND   =     12737.3721  ANGLE   =      1025.1752  DIHED      =      1343.6878
 1-4 NB =       434.9764  1-4 EEL =      4617.3631  VDWAALS    =     12871.0258
 EELEC  =   -105707.4664  EHBOND  =         0.0000  RESTRAINT  =         0.0000
 ------------------------------------------------------------------------------


 NSTEP =    11000   TIME(PS) =      15.500  TEMP(K) =   300.00  PRESS =     0.0
 Etot   =    -52084.2742  EKtot   =     20640.7461  EPtot      =    -72725.0203
 BOND   =     12852.0412  ANGLE   =      1046.5865  DIHED      =      1349.0453
 1-4 NB =       434.1807  1-4 EEL =      4614.4868  VDWAALS    =     12935.9735
 EELEC  =   -105957.3342  EHBOND  =         0.0000  RESTRAINT  =         0.0000
 ------------------------------------------------------------------------------


 NSTEP =    11500   TIME(PS) =      15.750  TEMP(K) =   300.37  PRESS =     0.0
 Etot   =    -52002.4778  EKtot   =     20666.3535  EPtot      =    -72668.8313
 BOND   =     12865.8736  ANGLE   =      1039.0302  DIHED      =      1319.4513
 1-4 NB =       432.1591  1-4 EEL =      4615.7300  VDWAALS    =     13033.4338
 EELEC  =   -105974.5093  EHBOND  =         0.0000  RESTRAINT  =         0.0000
 ------------------------------------------------------------------------------


 NSTEP =    12000   TIME(PS) =      16.000  TEMP(K) =   299.74  PRESS =     0.0
 Etot   =    -52059.3153  EKtot   =     20622.7383  EPtot      =    -72682.0535
 BOND   =     12834.0651  ANGLE   =      1033.1495  DIHED      =      1333.1441
 1-4 NB =       439.5510  1-4 EEL =      4656.0654  VDWAALS    =     12794.6703
 EELEC  =   -105772.6989  EHBOND  =         0.0000  RESTRAINT  =         0.0000
 ------------------------------------------------------------------------------


 NSTEP =    12500   TIME(PS) =      16.250  TEMP(K) =   297.09  PRESS =     0.0
 Etot   =    -52235.6114  EKtot   =     20440.6816  EPtot      =    -72676.2930
 BOND   =     12697.1207  ANGLE   =       991.5117  DIHED      =      1345.2687
 1-4 NB =       442.5246  1-4 EEL =      4634.5248  VDWAALS    =     12621.8110
 EELEC  =   -105409.0545  EHBOND  =         0.0000  RESTRAINT  =         0.0000
 ------------------------------------------------------------------------------


 NSTEP =    13000   TIME(PS) =      16.500  TEMP(K) =   298.18  PRESS =     0.0
 Etot   =    -52085.8204  EKtot   =     20515.7949  EPtot      =    -72601.6154
 BOND   =     12799.6770  ANGLE   =      1060.2114  DIHED      =      1317.9885
 1-4 NB =       449.0392  1-4 EEL =      4603.5004  VDWAALS    =     12988.7306
 EELEC  =   -105820.7624  EHBOND  =         0.0000  RESTRAINT  =         0.0000
 ------------------------------------------------------------------------------


 NSTEP =    13500   TIME(PS) =      16.750  TEMP(K) =   299.49  PRESS =     0.0
 Etot   =    -52111.1108  EKtot   =     20606.0098  EPtot      =    -72717.1205
 BOND   =     12693.4163  ANGLE   =      1040.3930  DIHED      =      1343.5184
 1-4 NB =       431.4955  1-4 EEL =      4617.1387  VDWAALS    =     12742.0353
 EELEC  =   -105585.1177  EHBOND  =         0.0000  RESTRAINT  =         0.0000
 ------------------------------------------------------------------------------


 NSTEP =    14000   TIME(PS) =      17.000  TEMP(K) =   300.19  PRESS =     0.0
 Etot   =    -52030.5000  EKtot   =     20653.8145  EPtot      =    -72684.3144
 BOND   =     12606.2577  ANGLE   =      1049.5296  DIHED      =      1323.1246
 1-4 NB =       441.2551  1-4 EEL =      4586.8837  VDWAALS    =     12743.4340
 EELEC  =   -105434.7992  EHBOND  =         0.0000  RESTRAINT  =         0.0000
 ------------------------------------------------------------------------------


 NSTEP =    14500   TIME(PS) =      17.250  TEMP(K) =   300.74  PRESS =     0.0
 Etot   =    -52084.4187  EKtot   =     20691.4727  EPtot      =    -72775.8914
 BOND   =     12805.1088  ANGLE   =      1032.4067  DIHED      =      1347.0863
 1-4 NB =       433.6337  1-4 EEL =      4644.1771  VDWAALS    =     12574.1800
 EELEC  =   -105612.4839  EHBOND  =         0.0000  RESTRAINT  =         0.0000
 ------------------------------------------------------------------------------


 NSTEP =    15000   TIME(PS) =      17.500  TEMP(K) =   301.24  PRESS =     0.0
 Etot   =    -51938.0368  EKtot   =     20726.2090  EPtot      =    -72664.2458
 BOND   =     12906.7230  ANGLE   =      1051.3887  DIHED      =      1337.5441
 1-4 NB =       441.1326  1-4 EEL =      4639.3504  VDWAALS    =     12817.7107
 EELEC  =   -105858.0952  EHBOND  =         0.0000  RESTRAINT  =         0.0000
 ------------------------------------------------------------------------------


 NSTEP =    15500   TIME(PS) =      17.750  TEMP(K) =   296.49  PRESS =     0.0
 Etot   =    -52172.4228  EKtot   =     20399.3516  EPtot      =    -72571.7744
 BOND   =     12812.3323  ANGLE   =      1012.9688  DIHED      =      1327.6386
 1-4 NB =       460.2929  1-4 EEL =      4636.3579  VDWAALS    =     12666.4871
 EELEC  =   -105487.8520  EHBOND  =         0.0000  RESTRAINT  =         0.0000
 ------------------------------------------------------------------------------


 NSTEP =    16000   TIME(PS) =      18.000  TEMP(K) =   299.57  PRESS =     0.0
 Etot   =    -52236.3634  EKtot   =     20611.4102  EPtot      =    -72847.7736
 BOND   =     12896.9204  ANGLE   =      1039.5186  DIHED      =      1344.2307
 1-4 NB =       445.1000  1-4 EEL =      4621.7344  VDWAALS    =     13040.8000
 EELEC  =   -106236.0776  EHBOND  =         0.0000  RESTRAINT  =         0.0000
 ------------------------------------------------------------------------------


 NSTEP =    16500   TIME(PS) =      18.250  TEMP(K) =   301.99  PRESS =     0.0
 Etot   =    -52057.7107  EKtot   =     20777.5684  EPtot      =    -72835.2791
 BOND   =     12974.9972  ANGLE   =      1033.0153  DIHED      =      1329.3110
 1-4 NB =       429.9551  1-4 EEL =      4639.1020  VDWAALS    =     12947.6956
 EELEC  =   -106189.3551  EHBOND  =         0.0000  RESTRAINT  =         0.0000
 ------------------------------------------------------------------------------


 NSTEP =    17000   TIME(PS) =      18.500  TEMP(K) =   300.43  PRESS =     0.0
 Etot   =    -51930.5844  EKtot   =     20670.4883  EPtot      =    -72601.0726
 BOND   =     12997.0365  ANGLE   =      1039.6680  DIHED      =      1318.2436
 1-4 NB =       448.4556  1-4 EEL =      4699.2974  VDWAALS    =     12736.9079
 EELEC  =   -105840.6817  EHBOND  =         0.0000  RESTRAINT  =         0.0000
 ------------------------------------------------------------------------------


 NSTEP =    17500   TIME(PS) =      18.750  TEMP(K) =   299.95  PRESS =     0.0
 Etot   =    -51805.9928  EKtot   =     20637.3086  EPtot      =    -72443.3014
 BOND   =     12930.9246  ANGLE   =      1091.0726  DIHED      =      1333.4692
 1-4 NB =       430.8147  1-4 EEL =      4600.6216  VDWAALS    =     12667.0609
 EELEC  =   -105497.2651  EHBOND  =         0.0000  RESTRAINT  =         0.0000
 ------------------------------------------------------------------------------


 NSTEP =    18000   TIME(PS) =      19.000  TEMP(K) =   300.35  PRESS =     0.0
 Etot   =    -51967.0527  EKtot   =     20664.5625  EPtot      =    -72631.6152
 BOND   =     12831.0486  ANGLE   =      1056.0021  DIHED      =      1296.0280
 1-4 NB =       446.5155  1-4 EEL =      4611.6137  VDWAALS    =     12564.9978
 EELEC  =   -105437.8209  EHBOND  =         0.0000  RESTRAINT  =         0.0000
 ------------------------------------------------------------------------------


 NSTEP =    18500   TIME(PS) =      19.250  TEMP(K) =   296.22  PRESS =     0.0
 Etot   =    -52145.1908  EKtot   =     20381.0020  EPtot      =    -72526.1927
 BOND   =     12806.1642  ANGLE   =      1053.0302  DIHED      =      1325.2500
 1-4 NB =       434.9255  1-4 EEL =      4647.8154  VDWAALS    =     12473.7650
 EELEC  =   -105267.1431  EHBOND  =         0.0000  RESTRAINT  =         0.0000
 ------------------------------------------------------------------------------


 NSTEP =    19000   TIME(PS) =      19.500  TEMP(K) =   297.33  PRESS =     0.0
 Etot   =    -52141.4591  EKtot   =     20457.1914  EPtot      =    -72598.6505
 BOND   =     12762.5602  ANGLE   =      1066.5211  DIHED      =      1323.6142
 1-4 NB =       445.9011  1-4 EEL =      4600.1495  VDWAALS    =     12701.2918
 EELEC  =   -105498.6884  EHBOND  =         0.0000  RESTRAINT  =         0.0000
 ------------------------------------------------------------------------------


 NSTEP =    19500   TIME(PS) =      19.750  TEMP(K) =   297.66  PRESS =     0.0
 Etot   =    -52074.3549  EKtot   =     20479.6250  EPtot      =    -72553.9799
 BOND   =     12777.8517  ANGLE   =      1039.7999  DIHED      =      1341.4254
 1-4 NB =       449.4208  1-4 EEL =      4610.6304  VDWAALS    =     12793.7218
 EELEC  =   -105566.8299  EHBOND  =         0.0000  RESTRAINT  =         0.0000
 ------------------------------------------------------------------------------


 NSTEP =    20000   TIME(PS) =      20.000  TEMP(K) =   300.22  PRESS =     0.0
 Etot   =    -51832.0862  EKtot   =     20655.9004  EPtot      =    -72487.9866
 BOND   =     12770.2067  ANGLE   =      1028.3831  DIHED      =      1325.0344
 1-4 NB =       433.6130  1-4 EEL =      4623.5149  VDWAALS    =     12609.8225
 EELEC  =   -105278.5612  EHBOND  =         0.0000  RESTRAINT  =         0.0000
 ------------------------------------------------------------------------------


      A V E R A G E S   O V E R      40 S T E P S


 NSTEP =    20000   TIME(PS) =      20.000  TEMP(K) =   298.37  PRESS =     0.0
 Etot   =    -52102.9060  EKtot   =     20528.2724  EPtot      =    -72631.1784
 BOND   =     12512.2565  ANGLE   =      1041.4977  DIHED      =      1327.5262
 1-4 NB =       443.1646  1-4 EEL =      4630.3952  VDWAALS    =     12692.0381
 EELEC  =   -105278.0567  EHBOND  =         0.0000  RESTRAINT  =         0.0000
 ------------------------------------------------------------------------------


      R M S  F L U C T U A T I O N S


 NSTEP =    20000   TIME(PS) =      20.000  TEMP(K) =     5.77  PRESS =     0.0
 Etot   =       542.1776  EKtot   =       396.8594  EPtot      =       200.3993
 BOND   =       963.0351  ANGLE   =        20.7915  DIHED      =        13.5157
 1-4 NB =         7.6615  1-4 EEL =        27.8573  VDWAALS    =       269.3226
 EELEC  =      1073.3552  EHBOND  =         0.0000  RESTRAINT  =         0.0000
 ------------------------------------------------------------------------------

--------------------------------------------------------------------------------
   5.  TIMINGS
--------------------------------------------------------------------------------

|  NonSetup CPU Time in Major Routines:
|
|     Routine           Sec        %
|     ------------------------------
|     Nonbond           4.52   11.33
|     Bond              0.00    0.00
|     Angle             0.00    0.00
|     Dihedral          0.00    0.00
|     Shake             0.00    0.00
|     RunMD            35.30   88.57
|     Other             0.04    0.10
|     ------------------------------
|     Total            39.86

|  PME Nonbond Pairlist CPU Time:
|
|     Routine              Sec        %
|     ---------------------------------
|     Set Up Cit           0.00    0.00
|     Build List           0.00    0.00
|     ---------------------------------
|     Total                0.00    0.00

|  PME Direct Force CPU Time:
|
|     Routine              Sec        %
|     ---------------------------------
|     NonBonded Calc       0.00    0.00
|     Exclude Masked       0.00    0.00
|     Other                0.02    0.05
|     ---------------------------------
|     Total                0.02    0.05

|  PME Reciprocal Force CPU Time:
|
|     Routine              Sec        %
|     ---------------------------------
|     1D bspline           0.00    0.00
|     Grid Charges         0.00    0.00
|     Scalar Sum           0.00    0.00
|     Gradient Sum         0.00    0.00
|     FFT                  0.00    0.00
|     ---------------------------------
|     Total                0.00    0.00

|  Final Performance Info:
|     -----------------------------------------------------
|     Average timings for last   19500 steps:
|     Elapsed(s) =      42.39 Per Step(ms) =       2.17
|         ns/day =      19.87   seconds/ns =    4348.07
|
|     Average timings for all steps:
|     Elapsed(s) =      43.35 Per Step(ms) =       2.17
|         ns/day =      19.93   seconds/ns =    4334.84
|     -----------------------------------------------------

|  Setup CPU time:            2.86 seconds
|  NonSetup CPU time:        39.86 seconds
|  Total CPU time:           42.72 seconds     0.01 hours

|  Setup wall time:           3    seconds
|  NonSetup wall time:       44    seconds
|  Total wall time:          47    seconds     0.01 hours
