
          -------------------------------------------------------
          Amber 16 PMEMD                              2016
          -------------------------------------------------------

| PMEMD implementation of SANDER, Release 16

| Run on 08/24/2017 at 11:24:01

|   Executable path: /apps/amber16/bin/pmemd.cuda
| Working directory: /scratch/pbarletta/pdz/run/lb/neq/data/2
|          Hostname: mordor

  [-O]verwriting output

File Assignments:
|   MDIN: pdt.in                                                                
|  MDOUT: 288plb_2.out                                                          
| INPCRD: ../1/288plb_1.rst7                                                    
|   PARM: /scratch/pbarletta/pdz/top_files/lb.prmtop                            
| RESTRT: 288plb_2.rst7                                                         
|   REFC: refc                                                                  
|  MDVEL: mdvel                                                                 
|   MDEN: mden                                                                  
|  MDCRD: 288plb_2.nc                                                           
| MDINFO: mdinfo                                                                
|  MDFRC: mdfrc                                                                 


 Here is the input file:

!NVE run                                                                       
&cntrl                                                                         
imin = 0,                           ! No Minimization                          
nmropt = 0,                         ! No NMR restraints read                   
                                                                               
! Nature and format of the input                                               
ntx = 5,                            ! Coordinates and velocities will be read  
irest = 1,                          ! Restart simulation                       
                                                                               
! Nature and format of the output                                              
ioutfm = 1,			    ! NetCDF format for output files                             
ntxo = 1,                           ! rstrt file in ASCII format               
ntpr = 500,                         ! inf in output every ntpr steps           
ntwr = 500,                         ! rstrt file every ntwr steps              
ntwx = 20,                          ! mdcrd file every ntwx steps              
ntwv = -1,                          ! mdvel without velocities                 
ntwe = 0,                           ! Energies and temperatures not written in 
idecomp = 0,                        ! No energy decomposition                  
iwrap = 1,                          ! Coordinates of the restart and mdcrd file
                                                                               
! Frozen or restrained atoms                                                   
ibelly = 0,                         ! No frozen atoms                          
ntr=0,                              ! Harmonic potential restraints            
                                                                               
! Molecular dynamics                                                           
nstlim = 20000,                      ! Number of MD-steps                      
dt = 0.0005,                        ! Time step                                
                                                                               
! Temperature regulation                                                       
ntt = 3,                            ! Langevin thermostat                      
gamma_ln = 2,                       ! Gamma constant for Langevin              
temp0 = 300.0,                      ! Reference T at which the system is to be 
tempi = 300.0,                      ! Initial T                                
                                                                               
! P and V regulation                                                           
ntp = 0,                            ! No P control                             
ntb = 1,                            ! constant V                               
                                                                               
! SHAKE variables                                                              
ntc = 1,                            ! No SHAKE                                 
ntf = 1,                            ! Get E with allatom                       
                                                                               
cut = 9.0,                          ! Nonbonded cutoff                         
/                                                                              
&end                                                                           


Note: ig = -1. Setting random seed to   762118 based on wallclock time in 
      microseconds.
| irandom = 1, using AMBER's internal random number generator (default).
 
|--------------------- INFORMATION ----------------------
| GPU (CUDA) Version of PMEMD in use: NVIDIA GPU IN USE.
|                    Version 16.0.0
| 
|                      02/25/2016
| 
| Implementation by:
|                    Ross C. Walker     (SDSC)
|                    Scott Le Grand     (nVIDIA)
| 
| Precision model in use:
|      [SPFP] - Single Precision Forces, 64-bit Fixed Point
|               Accumulation. (Default)
| 
|--------------------------------------------------------
 
|----------------- CITATION INFORMATION -----------------
|
|    When publishing work that utilized the CUDA version
|    of AMBER, please cite the following in addition to
|    the regular AMBER citations:
|
|  - Romelia Salomon-Ferrer; Andreas W. Goetz; Duncan
|    Poole; Scott Le Grand; Ross C. Walker "Routine
|    microsecond molecular dynamics simulations with
|    AMBER - Part II: Particle Mesh Ewald", J. Chem.
|    Theory Comput., 2013, 9 (9), pp3878-3888,
|    DOI: 10.1021/ct400314y.
|
|  - Andreas W. Goetz; Mark J. Williamson; Dong Xu;
|    Duncan Poole; Scott Le Grand; Ross C. Walker
|    "Routine microsecond molecular dynamics simulations
|    with AMBER - Part I: Generalized Born", J. Chem.
|    Theory Comput., 2012, 8 (5), pp1542-1555.
|
|  - Scott Le Grand; Andreas W. Goetz; Ross C. Walker
|    "SPFP: Speed without compromise - a mixed precision
|    model for GPU accelerated molecular dynamics
|    simulations.", Comp. Phys. Comm., 2013, 184
|    pp374-380, DOI: 10.1016/j.cpc.2012.09.022
|
|--------------------------------------------------------
 
|------------------- GPU DEVICE INFO --------------------
|
|            CUDA_VISIBLE_DEVICES: 1
|   CUDA Capable Devices Detected:      1
|           CUDA Device ID in use:      0
|                CUDA Device Name: GeForce GTX TITAN
|     CUDA Device Global Mem Size:   6082 MB
| CUDA Device Num Multiprocessors:     14
|           CUDA Device Core Freq:   0.93 GHz
|
|--------------------------------------------------------
 
 
| Conditional Compilation Defines Used:
| PUBFFT
| BINTRAJ
| CUDA
| EMIL

| Largest sphere to fit in unit cell has radius =    26.281

| New format PARM file being parsed.
| Version =    1.000 Date = 09/04/12 Time = 16:08:43

| Note: 1-4 EEL scale factors are being read from the topology file.

| Note: 1-4 VDW scale factors are being read from the topology file.
| Duplicated    0 dihedrals

| Duplicated    0 dihedrals

--------------------------------------------------------------------------------
   1.  RESOURCE   USE: 
--------------------------------------------------------------------------------

 getting new box info from bottom of inpcrd
 NATOM  =   23082 NTYPES =      16 NBONH =   22055 MBONA  =    1038
 NTHETH =    2390 MTHETA =    1396 NPHIH =    4631 MPHIA  =    3488
 NHPARM =       0 NPARM  =       0 NNB   =   39434 NRES   =    7134
 NBONA  =    1038 NTHETA =    1396 NPHIA =    3488 NUMBND =      41
 NUMANG =      86 NPTRA  =      41 NATYP =      28 NPHB   =       1
 IFBOX  =       1 NMXRS  =      24 IFCAP =       0 NEXTRA =       0
 NCOPY  =       0

| Coordinate Index Table dimensions:    12   14   10
| Direct force subcell size =     5.0212    5.2012    5.2562

     BOX TYPE: RECTILINEAR

--------------------------------------------------------------------------------
   2.  CONTROL  DATA  FOR  THE  RUN
--------------------------------------------------------------------------------

default_name                                                                    

General flags:
     imin    =       0, nmropt  =       0

Nature and format of input:
     ntx     =       5, irest   =       1, ntrx    =       1

Nature and format of output:
     ntxo    =       1, ntpr    =     500, ntrx    =       1, ntwr    =     500
     iwrap   =       1, ntwx    =      20, ntwv    =      -1, ntwe    =       0
     ioutfm  =       1, ntwprt  =       0, idecomp =       0, rbornstat=      0

Potential function:
     ntf     =       1, ntb     =       1, igb     =       0, nsnb    =      25
     ipol    =       0, gbsa    =       0, iesp    =       0
     dielc   =   1.00000, cut     =   9.00000, intdiel =   1.00000

Frozen or restrained atoms:
     ibelly  =       0, ntr     =       0

Molecular dynamics:
     nstlim  =     20000, nscm    =      1000, nrespa  =         1
     t       =   0.00000, dt      =   0.00050, vlimit  =  -1.00000

Langevin dynamics temperature regulation:
     ig      =  762118
     temp0   = 300.00000, tempi   = 300.00000, gamma_ln=   2.00000

| Intermolecular bonds treatment:
|     no_intermolecular_bonds =       1

| Energy averages sample interval:
|     ene_avg_sampling =     500

Ewald parameters:
     verbose =       0, ew_type =       0, nbflag  =       1, use_pme =       1
     vdwmeth =       1, eedmeth =       1, netfrc  =       1
     Box X =   60.254   Box Y =   72.816   Box Z =   52.562
     Alpha =   90.000   Beta  =   90.000   Gamma =   90.000
     NFFT1 =   64       NFFT2 =   80       NFFT3 =   56
     Cutoff=    9.000   Tol   =0.100E-04
     Ewald Coefficient =  0.30768
     Interpolation order =    4

--------------------------------------------------------------------------------
   3.  ATOMIC COORDINATES AND VELOCITIES
--------------------------------------------------------------------------------

default_name                                                                    
 begin time read from input coords =    10.000 ps

 
 Number of triangulated 3-point waters found:     7002

     Sum of charges from parm topology file =  -0.00000008
     Forcing neutrality...

| Dynamic Memory, Types Used:
| Reals              710578
| Integers           737140

| Nonbonded Pairs Initial Allocation:     5262696

| GPU memory information (estimate):
| KB of GPU memory in use:    132483
| KB of CPU memory in use:     27891

--------------------------------------------------------------------------------
   4.  RESULTS
--------------------------------------------------------------------------------

 ---------------------------------------------------
 APPROXIMATING switch and d/dx switch using CUBIC SPLINE INTERPOLATION
 using   5000.0 points per unit in tabled values
 TESTING RELATIVE ERROR over r ranging from 0.0 to cutoff
| CHECK switch(x): max rel err =   0.2738E-14   at   2.422500
| CHECK d/dx switch(x): max rel err =   0.8314E-11   at   2.736960
 ---------------------------------------------------
|---------------------------------------------------
| APPROXIMATING direct energy using CUBIC SPLINE INTERPOLATION
|  with   50.0 points per unit in tabled values
| Relative Error Limit not exceeded for r .gt.   2.39
| APPROXIMATING direct force using CUBIC SPLINE INTERPOLATION
|  with   50.0 points per unit in tabled values
| Relative Error Limit not exceeded for r .gt.   2.84
|---------------------------------------------------

 NSTEP =      500   TIME(PS) =      10.250  TEMP(K) =   270.93  PRESS =     0.0
 Etot   =    -54589.2826  EKtot   =     18640.5859  EPtot      =    -73229.8685
 BOND   =      7035.6710  ANGLE   =       989.6685  DIHED      =      1320.8523
 1-4 NB =       433.4749  1-4 EEL =      4647.5163  VDWAALS    =     11630.4983
 EELEC  =    -99287.5498  EHBOND  =         0.0000  RESTRAINT  =         0.0000
 ------------------------------------------------------------------------------


 NSTEP =     1000   TIME(PS) =      10.500  TEMP(K) =   285.27  PRESS =     0.0
 Etot   =    -52866.8562  EKtot   =     19627.1094  EPtot      =    -72493.9656
 BOND   =     10333.2385  ANGLE   =      1017.0707  DIHED      =      1303.6617
 1-4 NB =       433.9918  1-4 EEL =      4662.2119  VDWAALS    =     12028.5282
 EELEC  =   -102272.6683  EHBOND  =         0.0000  RESTRAINT  =         0.0000
 ------------------------------------------------------------------------------


 NSTEP =     1500   TIME(PS) =      10.750  TEMP(K) =   293.26  PRESS =     0.0
 Etot   =    -52099.1216  EKtot   =     20176.7734  EPtot      =    -72275.8951
 BOND   =     11558.9390  ANGLE   =      1028.4356  DIHED      =      1348.8582
 1-4 NB =       445.0109  1-4 EEL =      4651.1597  VDWAALS    =     12134.2440
 EELEC  =   -103442.5424  EHBOND  =         0.0000  RESTRAINT  =         0.0000
 ------------------------------------------------------------------------------


 NSTEP =     2000   TIME(PS) =      11.000  TEMP(K) =   295.48  PRESS =     0.0
 Etot   =    -51729.6834  EKtot   =     20329.6465  EPtot      =    -72059.3299
 BOND   =     11966.0783  ANGLE   =      1061.6644  DIHED      =      1349.6466
 1-4 NB =       450.9674  1-4 EEL =      4676.8889  VDWAALS    =     12195.9601
 EELEC  =   -103760.5355  EHBOND  =         0.0000  RESTRAINT  =         0.0000
 ------------------------------------------------------------------------------


 NSTEP =     2500   TIME(PS) =      11.250  TEMP(K) =   298.95  PRESS =     0.0
 Etot   =    -51585.6764  EKtot   =     20568.5352  EPtot      =    -72154.2116
 BOND   =     12352.2356  ANGLE   =      1055.6049  DIHED      =      1331.1128
 1-4 NB =       451.0210  1-4 EEL =      4641.9920  VDWAALS    =     12442.1401
 EELEC  =   -104428.3179  EHBOND  =         0.0000  RESTRAINT  =         0.0000
 ------------------------------------------------------------------------------


 NSTEP =     3000   TIME(PS) =      11.500  TEMP(K) =   301.47  PRESS =     0.0
 Etot   =    -51424.1479  EKtot   =     20741.6641  EPtot      =    -72165.8120
 BOND   =     12550.5095  ANGLE   =      1027.9471  DIHED      =      1309.6865
 1-4 NB =       441.3567  1-4 EEL =      4653.8658  VDWAALS    =     12633.2077
 EELEC  =   -104782.3854  EHBOND  =         0.0000  RESTRAINT  =         0.0000
 ------------------------------------------------------------------------------


 NSTEP =     3500   TIME(PS) =      11.750  TEMP(K) =   302.76  PRESS =     0.0
 Etot   =    -51452.2607  EKtot   =     20830.5762  EPtot      =    -72282.8368
 BOND   =     12687.7797  ANGLE   =      1040.9086  DIHED      =      1311.9569
 1-4 NB =       429.7619  1-4 EEL =      4673.2353  VDWAALS    =     12499.2153
 EELEC  =   -104925.6945  EHBOND  =         0.0000  RESTRAINT  =         0.0000
 ------------------------------------------------------------------------------


 NSTEP =     4000   TIME(PS) =      12.000  TEMP(K) =   304.26  PRESS =     0.0
 Etot   =    -51287.4291  EKtot   =     20933.6562  EPtot      =    -72221.0854
 BOND   =     12674.7840  ANGLE   =      1027.3236  DIHED      =      1328.7199
 1-4 NB =       436.7444  1-4 EEL =      4643.9297  VDWAALS    =     12645.2056
 EELEC  =   -104977.7926  EHBOND  =         0.0000  RESTRAINT  =         0.0000
 ------------------------------------------------------------------------------


 NSTEP =     4500   TIME(PS) =      12.250  TEMP(K) =   302.34  PRESS =     0.0
 Etot   =    -51496.1780  EKtot   =     20801.5195  EPtot      =    -72297.6976
 BOND   =     12689.3583  ANGLE   =      1014.7379  DIHED      =      1328.9614
 1-4 NB =       442.1910  1-4 EEL =      4648.3385  VDWAALS    =     12376.4913
 EELEC  =   -104797.7761  EHBOND  =         0.0000  RESTRAINT  =         0.0000
 ------------------------------------------------------------------------------


 NSTEP =     5000   TIME(PS) =      12.500  TEMP(K) =   304.13  PRESS =     0.0
 Etot   =    -51412.9148  EKtot   =     20924.8066  EPtot      =    -72337.7214
 BOND   =     12718.4630  ANGLE   =      1067.2263  DIHED      =      1328.5095
 1-4 NB =       440.1148  1-4 EEL =      4671.8494  VDWAALS    =     12414.7727
 EELEC  =   -104978.6570  EHBOND  =         0.0000  RESTRAINT  =         0.0000
 ------------------------------------------------------------------------------


 NSTEP =     5500   TIME(PS) =      12.750  TEMP(K) =   302.57  PRESS =     0.0
 Etot   =    -51514.2685  EKtot   =     20817.4434  EPtot      =    -72331.7119
 BOND   =     12876.9728  ANGLE   =      1014.9160  DIHED      =      1327.3118
 1-4 NB =       448.2374  1-4 EEL =      4702.1880  VDWAALS    =     12601.6702
 EELEC  =   -105303.0081  EHBOND  =         0.0000  RESTRAINT  =         0.0000
 ------------------------------------------------------------------------------


 NSTEP =     6000   TIME(PS) =      13.000  TEMP(K) =   302.19  PRESS =     0.0
 Etot   =    -51480.8160  EKtot   =     20791.1680  EPtot      =    -72271.9839
 BOND   =     12797.6601  ANGLE   =      1046.0444  DIHED      =      1331.0320
 1-4 NB =       453.9854  1-4 EEL =      4673.7745  VDWAALS    =     12560.5086
 EELEC  =   -105134.9888  EHBOND  =         0.0000  RESTRAINT  =         0.0000
 ------------------------------------------------------------------------------


 NSTEP =     6500   TIME(PS) =      13.250  TEMP(K) =   299.28  PRESS =     0.0
 Etot   =    -51694.7353  EKtot   =     20591.1621  EPtot      =    -72285.8975
 BOND   =     12633.5258  ANGLE   =      1029.9921  DIHED      =      1326.6750
 1-4 NB =       427.7770  1-4 EEL =      4680.3280  VDWAALS    =     12596.1505
 EELEC  =   -104980.3458  EHBOND  =         0.0000  RESTRAINT  =         0.0000
 ------------------------------------------------------------------------------


 NSTEP =     7000   TIME(PS) =      13.500  TEMP(K) =   300.72  PRESS =     0.0
 Etot   =    -51986.6926  EKtot   =     20690.1602  EPtot      =    -72676.8527
 BOND   =     12521.0430  ANGLE   =      1006.1638  DIHED      =      1324.7225
 1-4 NB =       450.2894  1-4 EEL =      4675.2207  VDWAALS    =     12670.4395
 EELEC  =   -105324.7317  EHBOND  =         0.0000  RESTRAINT  =         0.0000
 ------------------------------------------------------------------------------


 NSTEP =     7500   TIME(PS) =      13.750  TEMP(K) =   297.11  PRESS =     0.0
 Etot   =    -52011.0190  EKtot   =     20442.1699  EPtot      =    -72453.1889
 BOND   =     12957.9246  ANGLE   =      1041.7319  DIHED      =      1326.4453
 1-4 NB =       424.2205  1-4 EEL =      4606.6675  VDWAALS    =     12770.3247
 EELEC  =   -105580.5034  EHBOND  =         0.0000  RESTRAINT  =         0.0000
 ------------------------------------------------------------------------------


 NSTEP =     8000   TIME(PS) =      14.000  TEMP(K) =   300.67  PRESS =     0.0
 Etot   =    -51922.7841  EKtot   =     20686.5820  EPtot      =    -72609.3661
 BOND   =     12879.0467  ANGLE   =      1034.5688  DIHED      =      1316.6521
 1-4 NB =       442.6008  1-4 EEL =      4640.6746  VDWAALS    =     12565.0606
 EELEC  =   -105487.9698  EHBOND  =         0.0000  RESTRAINT  =         0.0000
 ------------------------------------------------------------------------------


 NSTEP =     8500   TIME(PS) =      14.250  TEMP(K) =   299.31  PRESS =     0.0
 Etot   =    -52101.7319  EKtot   =     20593.4414  EPtot      =    -72695.1733
 BOND   =     12738.9347  ANGLE   =      1018.4234  DIHED      =      1325.1012
 1-4 NB =       431.6113  1-4 EEL =      4677.1493  VDWAALS    =     12690.9351
 EELEC  =   -105577.3283  EHBOND  =         0.0000  RESTRAINT  =         0.0000
 ------------------------------------------------------------------------------


 NSTEP =     9000   TIME(PS) =      14.500  TEMP(K) =   300.94  PRESS =     0.0
 Etot   =    -51991.3704  EKtot   =     20705.4121  EPtot      =    -72696.7825
 BOND   =     12960.3969  ANGLE   =       997.8099  DIHED      =      1305.0155
 1-4 NB =       425.8966  1-4 EEL =      4639.1842  VDWAALS    =     12873.6812
 EELEC  =   -105898.7669  EHBOND  =         0.0000  RESTRAINT  =         0.0000
 ------------------------------------------------------------------------------


 NSTEP =     9500   TIME(PS) =      14.750  TEMP(K) =   299.33  PRESS =     0.0
 Etot   =    -52040.6722  EKtot   =     20594.4199  EPtot      =    -72635.0921
 BOND   =     12550.1709  ANGLE   =      1011.5148  DIHED      =      1332.6138
 1-4 NB =       444.9714  1-4 EEL =      4666.5830  VDWAALS    =     12540.5725
 EELEC  =   -105181.5185  EHBOND  =         0.0000  RESTRAINT  =         0.0000
 ------------------------------------------------------------------------------


 NSTEP =    10000   TIME(PS) =      15.000  TEMP(K) =   299.28  PRESS =     0.0
 Etot   =    -52161.4274  EKtot   =     20591.2871  EPtot      =    -72752.7145
 BOND   =     12796.1824  ANGLE   =      1017.8793  DIHED      =      1330.0425
 1-4 NB =       443.6470  1-4 EEL =      4594.0283  VDWAALS    =     12877.2325
 EELEC  =   -105811.7265  EHBOND  =         0.0000  RESTRAINT  =         0.0000
 ------------------------------------------------------------------------------


 NSTEP =    10500   TIME(PS) =      15.250  TEMP(K) =   299.25  PRESS =     0.0
 Etot   =    -52044.1344  EKtot   =     20588.8301  EPtot      =    -72632.9644
 BOND   =     12683.2252  ANGLE   =      1030.4413  DIHED      =      1301.7579
 1-4 NB =       447.1782  1-4 EEL =      4644.9343  VDWAALS    =     12549.0925
 EELEC  =   -105289.5938  EHBOND  =         0.0000  RESTRAINT  =         0.0000
 ------------------------------------------------------------------------------


 NSTEP =    11000   TIME(PS) =      15.500  TEMP(K) =   298.99  PRESS =     0.0
 Etot   =    -52041.0652  EKtot   =     20570.9980  EPtot      =    -72612.0633
 BOND   =     12718.0967  ANGLE   =      1027.7874  DIHED      =      1314.7876
 1-4 NB =       433.1834  1-4 EEL =      4653.8399  VDWAALS    =     12576.1094
 EELEC  =   -105335.8677  EHBOND  =         0.0000  RESTRAINT  =         0.0000
 ------------------------------------------------------------------------------


 NSTEP =    11500   TIME(PS) =      15.750  TEMP(K) =   300.15  PRESS =     0.0
 Etot   =    -52240.8837  EKtot   =     20651.4121  EPtot      =    -72892.2958
 BOND   =     12716.8621  ANGLE   =       995.5632  DIHED      =      1332.2602
 1-4 NB =       426.7260  1-4 EEL =      4642.6763  VDWAALS    =     12650.5750
 EELEC  =   -105656.9586  EHBOND  =         0.0000  RESTRAINT  =         0.0000
 ------------------------------------------------------------------------------


 NSTEP =    12000   TIME(PS) =      16.000  TEMP(K) =   298.60  PRESS =     0.0
 Etot   =    -52146.6191  EKtot   =     20544.6230  EPtot      =    -72691.2421
 BOND   =     12739.4441  ANGLE   =      1018.9005  DIHED      =      1330.2279
 1-4 NB =       446.8735  1-4 EEL =      4608.4477  VDWAALS    =     12864.1941
 EELEC  =   -105699.3299  EHBOND  =         0.0000  RESTRAINT  =         0.0000
 ------------------------------------------------------------------------------


 NSTEP =    12500   TIME(PS) =      16.250  TEMP(K) =   299.55  PRESS =     0.0
 Etot   =    -52128.5905  EKtot   =     20610.0684  EPtot      =    -72738.6588
 BOND   =     12648.1459  ANGLE   =      1011.6399  DIHED      =      1328.0802
 1-4 NB =       450.6135  1-4 EEL =      4676.6213  VDWAALS    =     12896.8283
 EELEC  =   -105750.5880  EHBOND  =         0.0000  RESTRAINT  =         0.0000
 ------------------------------------------------------------------------------


 NSTEP =    13000   TIME(PS) =      16.500  TEMP(K) =   301.14  PRESS =     0.0
 Etot   =    -51978.4832  EKtot   =     20719.1582  EPtot      =    -72697.6414
 BOND   =     12849.0713  ANGLE   =      1051.8286  DIHED      =      1322.6251
 1-4 NB =       449.1846  1-4 EEL =      4692.3211  VDWAALS    =     12801.3412
 EELEC  =   -105864.0132  EHBOND  =         0.0000  RESTRAINT  =         0.0000
 ------------------------------------------------------------------------------


 NSTEP =    13500   TIME(PS) =      16.750  TEMP(K) =   297.33  PRESS =     0.0
 Etot   =    -52214.3951  EKtot   =     20456.7246  EPtot      =    -72671.1197
 BOND   =     12815.5516  ANGLE   =      1054.1456  DIHED      =      1310.6742
 1-4 NB =       441.4929  1-4 EEL =      4639.3590  VDWAALS    =     12889.0928
 EELEC  =   -105821.4358  EHBOND  =         0.0000  RESTRAINT  =         0.0000
 ------------------------------------------------------------------------------


 NSTEP =    14000   TIME(PS) =      17.000  TEMP(K) =   298.99  PRESS =     0.0
 Etot   =    -52093.0615  EKtot   =     20571.2461  EPtot      =    -72664.3076
 BOND   =     12899.4125  ANGLE   =      1049.6956  DIHED      =      1320.4755
 1-4 NB =       437.7030  1-4 EEL =      4627.1129  VDWAALS    =     12649.0038
 EELEC  =   -105647.7108  EHBOND  =         0.0000  RESTRAINT  =         0.0000
 ------------------------------------------------------------------------------


 NSTEP =    14500   TIME(PS) =      17.250  TEMP(K) =   300.29  PRESS =     0.0
 Etot   =    -52004.1144  EKtot   =     20660.5195  EPtot      =    -72664.6339
 BOND   =     12850.7138  ANGLE   =      1053.6589  DIHED      =      1325.4957
 1-4 NB =       451.0437  1-4 EEL =      4620.7651  VDWAALS    =     12794.5454
 EELEC  =   -105760.8565  EHBOND  =         0.0000  RESTRAINT  =         0.0000
 ------------------------------------------------------------------------------


 NSTEP =    15000   TIME(PS) =      17.500  TEMP(K) =   302.57  PRESS =     0.0
 Etot   =    -52034.5799  EKtot   =     20817.2793  EPtot      =    -72851.8592
 BOND   =     12927.0062  ANGLE   =      1042.4379  DIHED      =      1332.6485
 1-4 NB =       433.7475  1-4 EEL =      4619.4479  VDWAALS    =     12533.6849
 EELEC  =   -105740.8323  EHBOND  =         0.0000  RESTRAINT  =         0.0000
 ------------------------------------------------------------------------------


 NSTEP =    15500   TIME(PS) =      17.750  TEMP(K) =   300.77  PRESS =     0.0
 Etot   =    -52031.0626  EKtot   =     20693.6250  EPtot      =    -72724.6876
 BOND   =     12870.2922  ANGLE   =      1047.0367  DIHED      =      1321.3767
 1-4 NB =       442.3978  1-4 EEL =      4643.7159  VDWAALS    =     12678.6247
 EELEC  =   -105728.1316  EHBOND  =         0.0000  RESTRAINT  =         0.0000
 ------------------------------------------------------------------------------


 NSTEP =    16000   TIME(PS) =      18.000  TEMP(K) =   299.89  PRESS =     0.0
 Etot   =    -52021.2069  EKtot   =     20633.3301  EPtot      =    -72654.5370
 BOND   =     12980.5926  ANGLE   =      1061.7854  DIHED      =      1332.7355
 1-4 NB =       447.0790  1-4 EEL =      4646.0809  VDWAALS    =     12807.3437
 EELEC  =   -105930.1542  EHBOND  =         0.0000  RESTRAINT  =         0.0000
 ------------------------------------------------------------------------------


 NSTEP =    16500   TIME(PS) =      18.250  TEMP(K) =   300.10  PRESS =     0.0
 Etot   =    -52088.0020  EKtot   =     20647.7344  EPtot      =    -72735.7364
 BOND   =     12725.2682  ANGLE   =      1034.4728  DIHED      =      1325.4325
 1-4 NB =       444.1336  1-4 EEL =      4658.4200  VDWAALS    =     12751.8079
 EELEC  =   -105675.2714  EHBOND  =         0.0000  RESTRAINT  =         0.0000
 ------------------------------------------------------------------------------


 NSTEP =    17000   TIME(PS) =      18.500  TEMP(K) =   299.36  PRESS =     0.0
 Etot   =    -52090.7334  EKtot   =     20596.8145  EPtot      =    -72687.5478
 BOND   =     12565.2154  ANGLE   =      1074.6768  DIHED      =      1337.0477
 1-4 NB =       445.8436  1-4 EEL =      4630.2765  VDWAALS    =     12956.0942
 EELEC  =   -105696.7022  EHBOND  =         0.0000  RESTRAINT  =         0.0000
 ------------------------------------------------------------------------------


 NSTEP =    17500   TIME(PS) =      18.750  TEMP(K) =   298.94  PRESS =     0.0
 Etot   =    -52325.4200  EKtot   =     20567.5391  EPtot      =    -72892.9590
 BOND   =     12622.6751  ANGLE   =      1052.8731  DIHED      =      1315.3187
 1-4 NB =       449.3244  1-4 EEL =      4673.2925  VDWAALS    =     13056.3174
 EELEC  =   -106062.7604  EHBOND  =         0.0000  RESTRAINT  =         0.0000
 ------------------------------------------------------------------------------


 NSTEP =    18000   TIME(PS) =      19.000  TEMP(K) =   297.56  PRESS =     0.0
 Etot   =    -52357.3577  EKtot   =     20472.7949  EPtot      =    -72830.1526
 BOND   =     12680.8710  ANGLE   =      1019.4148  DIHED      =      1330.3333
 1-4 NB =       450.4973  1-4 EEL =      4672.3889  VDWAALS    =     12694.6266
 EELEC  =   -105678.2845  EHBOND  =         0.0000  RESTRAINT  =         0.0000
 ------------------------------------------------------------------------------


 NSTEP =    18500   TIME(PS) =      19.250  TEMP(K) =   297.53  PRESS =     0.0
 Etot   =    -52344.6465  EKtot   =     20470.6855  EPtot      =    -72815.3320
 BOND   =     12730.9289  ANGLE   =      1056.4285  DIHED      =      1315.1890
 1-4 NB =       443.7393  1-4 EEL =      4641.0496  VDWAALS    =     12775.0107
 EELEC  =   -105777.6781  EHBOND  =         0.0000  RESTRAINT  =         0.0000
 ------------------------------------------------------------------------------


 NSTEP =    19000   TIME(PS) =      19.500  TEMP(K) =   298.96  PRESS =     0.0
 Etot   =    -52227.5304  EKtot   =     20569.0215  EPtot      =    -72796.5519
 BOND   =     12707.1729  ANGLE   =      1042.7790  DIHED      =      1318.3969
 1-4 NB =       437.1317  1-4 EEL =      4665.1866  VDWAALS    =     12688.1671
 EELEC  =   -105655.3862  EHBOND  =         0.0000  RESTRAINT  =         0.0000
 ------------------------------------------------------------------------------


 NSTEP =    19500   TIME(PS) =      19.750  TEMP(K) =   298.32  PRESS =     0.0
 Etot   =    -52196.6879  EKtot   =     20525.3477  EPtot      =    -72722.0355
 BOND   =     12804.7716  ANGLE   =      1029.3392  DIHED      =      1319.0503
 1-4 NB =       440.7301  1-4 EEL =      4632.9421  VDWAALS    =     12774.9926
 EELEC  =   -105723.8614  EHBOND  =         0.0000  RESTRAINT  =         0.0000
 ------------------------------------------------------------------------------


 NSTEP =    20000   TIME(PS) =      20.000  TEMP(K) =   299.62  PRESS =     0.0
 Etot   =    -52160.7460  EKtot   =     20614.2852  EPtot      =    -72775.0311
 BOND   =     13127.0005  ANGLE   =      1046.7640  DIHED      =      1306.4479
 1-4 NB =       430.3201  1-4 EEL =      4585.2818  VDWAALS    =     12934.1823
 EELEC  =   -106205.0278  EHBOND  =         0.0000  RESTRAINT  =         0.0000
 ------------------------------------------------------------------------------


      A V E R A G E S   O V E R      40 S T E P S


 NSTEP =    20000   TIME(PS) =      20.000  TEMP(K) =   298.70  PRESS =     0.0
 Etot   =    -52040.4597  EKtot   =     20551.5039  EPtot      =    -72591.9636
 BOND   =     12498.5308  ANGLE   =      1033.7825  DIHED      =      1323.6985
 1-4 NB =       441.1704  1-4 EEL =      4650.0236  VDWAALS    =     12626.7118
 EELEC  =   -105165.8813  EHBOND  =         0.0000  RESTRAINT  =         0.0000
 ------------------------------------------------------------------------------


      R M S  F L U C T U A T I O N S


 NSTEP =    20000   TIME(PS) =      20.000  TEMP(K) =     5.42  PRESS =     0.0
 Etot   =       516.4283  EKtot   =       372.7392  EPtot      =       247.8713
 BOND   =       984.9696  ANGLE   =        20.2546  DIHED      =        10.6636
 1-4 NB =         8.0658  1-4 EEL =        25.5837  VDWAALS    =       267.8740
 EELEC  =      1199.6152  EHBOND  =         0.0000  RESTRAINT  =         0.0000
 ------------------------------------------------------------------------------

--------------------------------------------------------------------------------
   5.  TIMINGS
--------------------------------------------------------------------------------

|  NonSetup CPU Time in Major Routines:
|
|     Routine           Sec        %
|     ------------------------------
|     Nonbond           4.24   10.63
|     Bond              0.00    0.00
|     Angle             0.00    0.00
|     Dihedral          0.00    0.00
|     Shake             0.00    0.00
|     RunMD            35.61   89.31
|     Other             0.02    0.06
|     ------------------------------
|     Total            39.87

|  PME Nonbond Pairlist CPU Time:
|
|     Routine              Sec        %
|     ---------------------------------
|     Set Up Cit           0.00    0.00
|     Build List           0.00    0.00
|     ---------------------------------
|     Total                0.00    0.00

|  PME Direct Force CPU Time:
|
|     Routine              Sec        %
|     ---------------------------------
|     NonBonded Calc       0.00    0.00
|     Exclude Masked       0.00    0.00
|     Other                0.01    0.02
|     ---------------------------------
|     Total                0.01    0.02

|  PME Reciprocal Force CPU Time:
|
|     Routine              Sec        %
|     ---------------------------------
|     1D bspline           0.00    0.00
|     Grid Charges         0.00    0.00
|     Scalar Sum           0.00    0.00
|     Gradient Sum         0.00    0.00
|     FFT                  0.00    0.00
|     ---------------------------------
|     Total                0.00    0.00

|  Final Performance Info:
|     -----------------------------------------------------
|     Average timings for last   19500 steps:
|     Elapsed(s) =      44.22 Per Step(ms) =       2.27
|         ns/day =      19.05   seconds/ns =    4534.98
|
|     Average timings for all steps:
|     Elapsed(s) =      45.14 Per Step(ms) =       2.26
|         ns/day =      19.14   seconds/ns =    4513.63
|     -----------------------------------------------------

|  Setup CPU time:            2.86 seconds
|  NonSetup CPU time:        39.87 seconds
|  Total CPU time:           42.74 seconds     0.01 hours

|  Setup wall time:           3    seconds
|  NonSetup wall time:       45    seconds
|  Total wall time:          48    seconds     0.01 hours
