
          -------------------------------------------------------
          Amber 16 PMEMD                              2016
          -------------------------------------------------------

| PMEMD implementation of SANDER, Release 16

| Run on 09/27/2017 at 13:25:57

|   Executable path: /apps/amber16/bin/pmemd.cuda
| Working directory: /scratch/pbarletta/pdz/run/lb/neq/data/2
|          Hostname: isengard

  [-O]verwriting output

File Assignments:
|   MDIN: pdt.in                                                                
|  MDOUT: 300plb_2.out                                                          
| INPCRD: ../1/300plb_1.rst7                                                    
|   PARM: /scratch/pbarletta/pdz/top_files/lb.prmtop                            
| RESTRT: 300plb_2.rst7                                                         
|   REFC: refc                                                                  
|  MDVEL: mdvel                                                                 
|   MDEN: mden                                                                  
|  MDCRD: 300plb_2.nc                                                           
| MDINFO: mdinfo                                                                
|  MDFRC: mdfrc                                                                 


 Here is the input file:

!NVE run                                                                       
&cntrl                                                                         
imin = 0,                           ! No Minimization                          
nmropt = 0,                         ! No NMR restraints read                   
                                                                               
! Nature and format of the input                                               
ntx = 5,                            ! Coordinates and velocities will be read  
irest = 1,                          ! Do not run a new simulation              
                                                                               
! Nature and format of the output                                              
ioutfm = 1,			    ! NetCDF format for output files                             
ntxo = 1,                           ! rstrt file in ASCII format               
ntpr = 500,                         ! inf in output every ntpr steps           
ntwr = 500,                         ! rstrt file every ntwr steps              
ntwx = 20,                          ! mdcrd file every ntwx steps              
ntwv = -1,                          ! mdvel without velocities                 
ntwe = 0,                           ! Energies and temperatures not written in 
idecomp = 0,                        ! No energy decomposition                  
iwrap = 1,                          ! Coordinates of the restart and mdcrd file
                                                                               
! Frozen or restrained atoms                                                   
ibelly = 0,                         ! No frozen atoms                          
ntr=0,                              ! Harmonic potential restraints            
                                                                               
! Molecular dynamics                                                           
nstlim = 20000,                     ! Number of MD-steps                       
dt = 0.0005,                        ! Time step                                
                                                                               
! Temperature regulation                                                       
ntt = 0,                            ! Constant total energy                    
                                                                               
! P and V regulation                                                           
ntp = 0,                            ! No P control                             
ntb = 1,                            ! constant V                               
                                                                               
! SHAKE variables                                                              
ntc = 1,                            ! Bonds involving H are constrained        
ntf = 1,                            ! Bond interaction involving H are ommited.
                                                                               
cut = 9.0,                          ! Nonbonded cutoff                         
/                                                                              
&end                                                                           


Note: ig = -1. Setting random seed to   159081 based on wallclock time in 
      microseconds.
| irandom = 1, using AMBER's internal random number generator (default).
 
|--------------------- INFORMATION ----------------------
| GPU (CUDA) Version of PMEMD in use: NVIDIA GPU IN USE.
|                    Version 16.0.0
| 
|                      02/25/2016
| 
| Implementation by:
|                    Ross C. Walker     (SDSC)
|                    Scott Le Grand     (nVIDIA)
| 
| Precision model in use:
|      [SPFP] - Single Precision Forces, 64-bit Fixed Point
|               Accumulation. (Default)
| 
|--------------------------------------------------------
 
|----------------- CITATION INFORMATION -----------------
|
|    When publishing work that utilized the CUDA version
|    of AMBER, please cite the following in addition to
|    the regular AMBER citations:
|
|  - Romelia Salomon-Ferrer; Andreas W. Goetz; Duncan
|    Poole; Scott Le Grand; Ross C. Walker "Routine
|    microsecond molecular dynamics simulations with
|    AMBER - Part II: Particle Mesh Ewald", J. Chem.
|    Theory Comput., 2013, 9 (9), pp3878-3888,
|    DOI: 10.1021/ct400314y.
|
|  - Andreas W. Goetz; Mark J. Williamson; Dong Xu;
|    Duncan Poole; Scott Le Grand; Ross C. Walker
|    "Routine microsecond molecular dynamics simulations
|    with AMBER - Part I: Generalized Born", J. Chem.
|    Theory Comput., 2012, 8 (5), pp1542-1555.
|
|  - Scott Le Grand; Andreas W. Goetz; Ross C. Walker
|    "SPFP: Speed without compromise - a mixed precision
|    model for GPU accelerated molecular dynamics
|    simulations.", Comp. Phys. Comm., 2013, 184
|    pp374-380, DOI: 10.1016/j.cpc.2012.09.022
|
|--------------------------------------------------------
 
|------------------- GPU DEVICE INFO --------------------
|
|            CUDA_VISIBLE_DEVICES: 0
|   CUDA Capable Devices Detected:      1
|           CUDA Device ID in use:      0
|                CUDA Device Name: Quadro GP100
|     CUDA Device Global Mem Size:  16273 MB
| CUDA Device Num Multiprocessors:     56
|           CUDA Device Core Freq:   1.44 GHz
|
|--------------------------------------------------------
 
 
| Conditional Compilation Defines Used:
| PUBFFT
| BINTRAJ
| CUDA
| EMIL

| Largest sphere to fit in unit cell has radius =    29.623

| New format PARM file being parsed.
| Version =    1.000 Date = 09/01/17 Time = 19:23:45

| Note: 1-4 EEL scale factors are being read from the topology file.

| Note: 1-4 VDW scale factors are being read from the topology file.
| Duplicated    0 dihedrals

| Duplicated    0 dihedrals

--------------------------------------------------------------------------------
   1.  RESOURCE   USE: 
--------------------------------------------------------------------------------

 getting new box info from bottom of inpcrd
 NATOM  =   29433 NTYPES =      16 NBONH =   28406 MBONA  =    1038
 NTHETH =    2390 MTHETA =    1396 NPHIH =    4771 MPHIA  =    4486
 NHPARM =       0 NPARM  =       0 NNB   =   47902 NRES   =    9251
 NBONA  =    1038 NTHETA =    1396 NPHIA =    4486 NUMBND =      69
 NUMANG =     160 NPTRA  =     189 NATYP =      34 NPHB   =       1
 IFBOX  =       2 NMXRS  =      24 IFCAP =       0 NEXTRA =       0
 NCOPY  =       0

| Coordinate Index Table dimensions:    12   12   12
| Direct force subcell size =     6.0467    6.0467    6.0467

     BOX TYPE: TRUNCATED OCTAHEDRON

--------------------------------------------------------------------------------
   2.  CONTROL  DATA  FOR  THE  RUN
--------------------------------------------------------------------------------

default_name                                                                    

General flags:
     imin    =       0, nmropt  =       0

Nature and format of input:
     ntx     =       5, irest   =       1, ntrx    =       1

Nature and format of output:
     ntxo    =       1, ntpr    =     500, ntrx    =       1, ntwr    =     500
     iwrap   =       1, ntwx    =      20, ntwv    =      -1, ntwe    =       0
     ioutfm  =       1, ntwprt  =       0, idecomp =       0, rbornstat=      0

Potential function:
     ntf     =       1, ntb     =       1, igb     =       0, nsnb    =      25
     ipol    =       0, gbsa    =       0, iesp    =       0
     dielc   =   1.00000, cut     =   9.00000, intdiel =   1.00000

Frozen or restrained atoms:
     ibelly  =       0, ntr     =       0

Molecular dynamics:
     nstlim  =     20000, nscm    =      1000, nrespa  =         1
     t       =   0.00000, dt      =   0.00050, vlimit  =  -1.00000

| Intermolecular bonds treatment:
|     no_intermolecular_bonds =       1

| Energy averages sample interval:
|     ene_avg_sampling =     500

Ewald parameters:
     verbose =       0, ew_type =       0, nbflag  =       1, use_pme =       1
     vdwmeth =       1, eedmeth =       1, netfrc  =       1
     Box X =   72.560   Box Y =   72.560   Box Z =   72.560
     Alpha =  109.471   Beta  =  109.471   Gamma =  109.471
     NFFT1 =   80       NFFT2 =   80       NFFT3 =   80
     Cutoff=    9.000   Tol   =0.100E-04
     Ewald Coefficient =  0.30768
     Interpolation order =    4

--------------------------------------------------------------------------------
   3.  ATOMIC COORDINATES AND VELOCITIES
--------------------------------------------------------------------------------

default_name                                                                    
 begin time read from input coords =605010.000 ps

 
 Number of triangulated 3-point waters found:     9119

     Sum of charges from parm topology file =  -0.00000008
     Forcing neutrality...

| Dynamic Memory, Types Used:
| Reals              870797
| Integers           902230

| Nonbonded Pairs Initial Allocation:     6710724

| GPU memory information (estimate):
| KB of GPU memory in use:    101822
| KB of CPU memory in use:     45122

--------------------------------------------------------------------------------
   4.  RESULTS
--------------------------------------------------------------------------------

 ---------------------------------------------------
 APPROXIMATING switch and d/dx switch using CUBIC SPLINE INTERPOLATION
 using   5000.0 points per unit in tabled values
 TESTING RELATIVE ERROR over r ranging from 0.0 to cutoff
| CHECK switch(x): max rel err =   0.2738E-14   at   2.422500
| CHECK d/dx switch(x): max rel err =   0.8314E-11   at   2.736960
 ---------------------------------------------------
|---------------------------------------------------
| APPROXIMATING direct energy using CUBIC SPLINE INTERPOLATION
|  with   50.0 points per unit in tabled values
| Relative Error Limit not exceeded for r .gt.   2.39
| APPROXIMATING direct force using CUBIC SPLINE INTERPOLATION
|  with   50.0 points per unit in tabled values
| Relative Error Limit not exceeded for r .gt.   2.84
|---------------------------------------------------

 NSTEP =      500   TIME(PS) =  605010.250  TEMP(K) =   300.36  PRESS =     0.0
 Etot   =    -66870.9660  EKtot   =     26350.3379  EPtot      =    -93221.3039
 BOND   =     16596.6659  ANGLE   =      1049.3724  DIHED      =      1646.4037
 1-4 NB =       445.6553  1-4 EEL =      4539.1630  VDWAALS    =     17038.2835
 EELEC  =   -134536.8476  EHBOND  =         0.0000  RESTRAINT  =         0.0000
 ------------------------------------------------------------------------------

check COM velocity, temp:        0.003380     0.01(Removed)

 NSTEP =     1000   TIME(PS) =  605010.500  TEMP(K) =   297.80  PRESS =     0.0
 Etot   =    -66870.8452  EKtot   =     26125.7324  EPtot      =    -92996.5777
 BOND   =     16464.6869  ANGLE   =      1015.5699  DIHED      =      1663.0496
 1-4 NB =       438.2315  1-4 EEL =      4520.7339  VDWAALS    =     16616.2104
 EELEC  =   -133715.0599  EHBOND  =         0.0000  RESTRAINT  =         0.0000
 ------------------------------------------------------------------------------


 NSTEP =     1500   TIME(PS) =  605010.750  TEMP(K) =   299.73  PRESS =     0.0
 Etot   =    -66873.5106  EKtot   =     26295.0938  EPtot      =    -93168.6044
 BOND   =     16362.4204  ANGLE   =      1023.9417  DIHED      =      1673.6685
 1-4 NB =       461.5361  1-4 EEL =      4524.9280  VDWAALS    =     17131.2524
 EELEC  =   -134346.3515  EHBOND  =         0.0000  RESTRAINT  =         0.0000
 ------------------------------------------------------------------------------

check COM velocity, temp:        0.000004     0.00(Removed)

 NSTEP =     2000   TIME(PS) =  605011.000  TEMP(K) =   300.79  PRESS =     0.0
 Etot   =    -66872.0988  EKtot   =     26388.4570  EPtot      =    -93260.5558
 BOND   =     16568.1924  ANGLE   =      1012.5944  DIHED      =      1659.4749
 1-4 NB =       435.7492  1-4 EEL =      4584.3298  VDWAALS    =     16978.5067
 EELEC  =   -134499.4032  EHBOND  =         0.0000  RESTRAINT  =         0.0000
 ------------------------------------------------------------------------------


 NSTEP =     2500   TIME(PS) =  605011.250  TEMP(K) =   299.07  PRESS =     0.0
 Etot   =    -66872.4687  EKtot   =     26237.1680  EPtot      =    -93109.6366
 BOND   =     16518.2864  ANGLE   =      1039.6701  DIHED      =      1659.3756
 1-4 NB =       439.0935  1-4 EEL =      4521.2378  VDWAALS    =     17053.7519
 EELEC  =   -134341.0520  EHBOND  =         0.0000  RESTRAINT  =         0.0000
 ------------------------------------------------------------------------------

check COM velocity, temp:        0.000004     0.00(Removed)

 NSTEP =     3000   TIME(PS) =  605011.500  TEMP(K) =   300.01  PRESS =     0.0
 Etot   =    -66875.0071  EKtot   =     26320.3477  EPtot      =    -93195.3547
 BOND   =     16334.9899  ANGLE   =      1013.0250  DIHED      =      1667.2192
 1-4 NB =       443.7793  1-4 EEL =      4544.1812  VDWAALS    =     17235.3828
 EELEC  =   -134433.9322  EHBOND  =         0.0000  RESTRAINT  =         0.0000
 ------------------------------------------------------------------------------


 NSTEP =     3500   TIME(PS) =  605011.750  TEMP(K) =   301.90  PRESS =     0.0
 Etot   =    -66873.1569  EKtot   =     26485.9648  EPtot      =    -93359.1217
 BOND   =     16338.3700  ANGLE   =      1027.9158  DIHED      =      1629.7105
 1-4 NB =       430.3061  1-4 EEL =      4500.4289  VDWAALS    =     17263.1892
 EELEC  =   -134549.0422  EHBOND  =         0.0000  RESTRAINT  =         0.0000
 ------------------------------------------------------------------------------

check COM velocity, temp:        0.000002     0.00(Removed)

 NSTEP =     4000   TIME(PS) =  605012.000  TEMP(K) =   299.52  PRESS =     0.0
 Etot   =    -66870.1986  EKtot   =     26277.0156  EPtot      =    -93147.2142
 BOND   =     16570.6389  ANGLE   =      1049.9054  DIHED      =      1648.5180
 1-4 NB =       455.6628  1-4 EEL =      4506.1653  VDWAALS    =     16882.4071
 EELEC  =   -134260.5118  EHBOND  =         0.0000  RESTRAINT  =         0.0000
 ------------------------------------------------------------------------------


 NSTEP =     4500   TIME(PS) =  605012.250  TEMP(K) =   298.61  PRESS =     0.0
 Etot   =    -66873.3689  EKtot   =     26197.0078  EPtot      =    -93070.3767
 BOND   =     16321.5530  ANGLE   =      1033.1607  DIHED      =      1666.4266
 1-4 NB =       434.6908  1-4 EEL =      4487.5685  VDWAALS    =     17198.9390
 EELEC  =   -134212.7153  EHBOND  =         0.0000  RESTRAINT  =         0.0000
 ------------------------------------------------------------------------------

check COM velocity, temp:        0.000004     0.00(Removed)

 NSTEP =     5000   TIME(PS) =  605012.500  TEMP(K) =   301.47  PRESS =     0.0
 Etot   =    -66873.8199  EKtot   =     26448.3926  EPtot      =    -93322.2125
 BOND   =     16249.5380  ANGLE   =      1033.3845  DIHED      =      1665.5193
 1-4 NB =       437.5099  1-4 EEL =      4471.9234  VDWAALS    =     17165.2163
 EELEC  =   -134345.3039  EHBOND  =         0.0000  RESTRAINT  =         0.0000
 ------------------------------------------------------------------------------


 NSTEP =     5500   TIME(PS) =  605012.750  TEMP(K) =   299.97  PRESS =     0.0
 Etot   =    -66874.8251  EKtot   =     26316.2617  EPtot      =    -93191.0868
 BOND   =     16537.7183  ANGLE   =      1049.7907  DIHED      =      1656.0770
 1-4 NB =       442.5369  1-4 EEL =      4521.6362  VDWAALS    =     16967.1469
 EELEC  =   -134365.9928  EHBOND  =         0.0000  RESTRAINT  =         0.0000
 ------------------------------------------------------------------------------

check COM velocity, temp:        0.000004     0.00(Removed)

 NSTEP =     6000   TIME(PS) =  605013.000  TEMP(K) =   300.50  PRESS =     0.0
 Etot   =    -66876.1797  EKtot   =     26363.1328  EPtot      =    -93239.3125
 BOND   =     16482.4094  ANGLE   =      1015.2858  DIHED      =      1640.5768
 1-4 NB =       464.9493  1-4 EEL =      4546.4642  VDWAALS    =     17052.4312
 EELEC  =   -134441.4292  EHBOND  =         0.0000  RESTRAINT  =         0.0000
 ------------------------------------------------------------------------------


 NSTEP =     6500   TIME(PS) =  605013.250  TEMP(K) =   300.52  PRESS =     0.0
 Etot   =    -66875.0581  EKtot   =     26364.4531  EPtot      =    -93239.5112
 BOND   =     16618.1024  ANGLE   =      1010.7319  DIHED      =      1645.2992
 1-4 NB =       448.9041  1-4 EEL =      4530.6251  VDWAALS    =     17226.3161
 EELEC  =   -134719.4899  EHBOND  =         0.0000  RESTRAINT  =         0.0000
 ------------------------------------------------------------------------------

check COM velocity, temp:        0.000001     0.00(Removed)

 NSTEP =     7000   TIME(PS) =  605013.500  TEMP(K) =   299.63  PRESS =     0.0
 Etot   =    -66877.1472  EKtot   =     26286.7832  EPtot      =    -93163.9304
 BOND   =     16616.9741  ANGLE   =      1052.4982  DIHED      =      1630.7844
 1-4 NB =       426.3670  1-4 EEL =      4511.8263  VDWAALS    =     16968.5626
 EELEC  =   -134370.9429  EHBOND  =         0.0000  RESTRAINT  =         0.0000
 ------------------------------------------------------------------------------


 NSTEP =     7500   TIME(PS) =  605013.750  TEMP(K) =   299.77  PRESS =     0.0
 Etot   =    -66873.4935  EKtot   =     26299.0488  EPtot      =    -93172.5423
 BOND   =     16545.3242  ANGLE   =      1008.9701  DIHED      =      1630.1522
 1-4 NB =       459.9579  1-4 EEL =      4536.7060  VDWAALS    =     17272.2314
 EELEC  =   -134625.8840  EHBOND  =         0.0000  RESTRAINT  =         0.0000
 ------------------------------------------------------------------------------

check COM velocity, temp:        0.000003     0.00(Removed)

 NSTEP =     8000   TIME(PS) =  605014.000  TEMP(K) =   300.90  PRESS =     0.0
 Etot   =    -66871.9599  EKtot   =     26398.3633  EPtot      =    -93270.3232
 BOND   =     16428.8988  ANGLE   =      1020.9921  DIHED      =      1641.1612
 1-4 NB =       441.9796  1-4 EEL =      4504.0429  VDWAALS    =     16872.5310
 EELEC  =   -134179.9287  EHBOND  =         0.0000  RESTRAINT  =         0.0000
 ------------------------------------------------------------------------------


 NSTEP =     8500   TIME(PS) =  605014.250  TEMP(K) =   297.87  PRESS =     0.0
 Etot   =    -66869.5830  EKtot   =     26131.8809  EPtot      =    -93001.4638
 BOND   =     16399.8404  ANGLE   =      1050.2456  DIHED      =      1661.5940
 1-4 NB =       459.3879  1-4 EEL =      4525.1346  VDWAALS    =     17247.1792
 EELEC  =   -134344.8456  EHBOND  =         0.0000  RESTRAINT  =         0.0000
 ------------------------------------------------------------------------------

check COM velocity, temp:        0.000003     0.00(Removed)

 NSTEP =     9000   TIME(PS) =  605014.500  TEMP(K) =   298.17  PRESS =     0.0
 Etot   =    -66867.9100  EKtot   =     26158.5430  EPtot      =    -93026.4530
 BOND   =     16473.7407  ANGLE   =      1055.0844  DIHED      =      1667.8190
 1-4 NB =       436.8842  1-4 EEL =      4543.5200  VDWAALS    =     16855.6881
 EELEC  =   -134059.1893  EHBOND  =         0.0000  RESTRAINT  =         0.0000
 ------------------------------------------------------------------------------


 NSTEP =     9500   TIME(PS) =  605014.750  TEMP(K) =   300.50  PRESS =     0.0
 Etot   =    -66869.9290  EKtot   =     26362.7598  EPtot      =    -93232.6888
 BOND   =     16537.2436  ANGLE   =      1044.0350  DIHED      =      1642.6602
 1-4 NB =       438.4964  1-4 EEL =      4455.3430  VDWAALS    =     17308.4523
 EELEC  =   -134658.9195  EHBOND  =         0.0000  RESTRAINT  =         0.0000
 ------------------------------------------------------------------------------

check COM velocity, temp:        0.000004     0.00(Removed)

 NSTEP =    10000   TIME(PS) =  605015.000  TEMP(K) =   298.11  PRESS =     0.0
 Etot   =    -66866.6621  EKtot   =     26153.7344  EPtot      =    -93020.3965
 BOND   =     16741.9628  ANGLE   =      1048.4666  DIHED      =      1649.3301
 1-4 NB =       450.3433  1-4 EEL =      4516.0642  VDWAALS    =     17261.9237
 EELEC  =   -134688.4873  EHBOND  =         0.0000  RESTRAINT  =         0.0000
 ------------------------------------------------------------------------------


 NSTEP =    10500   TIME(PS) =  605015.250  TEMP(K) =   299.25  PRESS =     0.0
 Etot   =    -66873.0196  EKtot   =     26253.7754  EPtot      =    -93126.7950
 BOND   =     16435.7642  ANGLE   =      1021.0070  DIHED      =      1654.7776
 1-4 NB =       442.9228  1-4 EEL =      4496.1179  VDWAALS    =     17018.8918
 EELEC  =   -134196.2763  EHBOND  =         0.0000  RESTRAINT  =         0.0000
 ------------------------------------------------------------------------------

check COM velocity, temp:        0.000006     0.00(Removed)

 NSTEP =    11000   TIME(PS) =  605015.500  TEMP(K) =   300.83  PRESS =     0.0
 Etot   =    -66876.5583  EKtot   =     26391.7207  EPtot      =    -93268.2790
 BOND   =     16211.6941  ANGLE   =      1022.4555  DIHED      =      1645.6006
 1-4 NB =       433.8798  1-4 EEL =      4527.8517  VDWAALS    =     16997.4214
 EELEC  =   -134107.1821  EHBOND  =         0.0000  RESTRAINT  =         0.0000
 ------------------------------------------------------------------------------


 NSTEP =    11500   TIME(PS) =  605015.750  TEMP(K) =   301.15  PRESS =     0.0
 Etot   =    -66871.8846  EKtot   =     26420.2891  EPtot      =    -93292.1737
 BOND   =     16297.0154  ANGLE   =      1029.6490  DIHED      =      1626.1357
 1-4 NB =       447.6627  1-4 EEL =      4512.5435  VDWAALS    =     16855.1599
 EELEC  =   -134060.3399  EHBOND  =         0.0000  RESTRAINT  =         0.0000
 ------------------------------------------------------------------------------

check COM velocity, temp:        0.000004     0.00(Removed)

 NSTEP =    12000   TIME(PS) =  605016.000  TEMP(K) =   298.56  PRESS =     0.0
 Etot   =    -66870.9026  EKtot   =     26192.6445  EPtot      =    -93063.5472
 BOND   =     16328.9278  ANGLE   =      1064.2466  DIHED      =      1637.3553
 1-4 NB =       445.3194  1-4 EEL =      4512.4077  VDWAALS    =     16784.9770
 EELEC  =   -133836.7809  EHBOND  =         0.0000  RESTRAINT  =         0.0000
 ------------------------------------------------------------------------------


 NSTEP =    12500   TIME(PS) =  605016.250  TEMP(K) =   299.65  PRESS =     0.0
 Etot   =    -66871.2657  EKtot   =     26288.8184  EPtot      =    -93160.0840
 BOND   =     16370.6150  ANGLE   =      1030.2495  DIHED      =      1627.2157
 1-4 NB =       432.3862  1-4 EEL =      4462.2007  VDWAALS    =     17102.7409
 EELEC  =   -134185.4919  EHBOND  =         0.0000  RESTRAINT  =         0.0000
 ------------------------------------------------------------------------------

check COM velocity, temp:        0.000004     0.00(Removed)

 NSTEP =    13000   TIME(PS) =  605016.500  TEMP(K) =   299.59  PRESS =     0.0
 Etot   =    -66872.8869  EKtot   =     26282.8340  EPtot      =    -93155.7209
 BOND   =     16228.8880  ANGLE   =      1095.2826  DIHED      =      1646.2515
 1-4 NB =       433.6411  1-4 EEL =      4472.0182  VDWAALS    =     16953.6406
 EELEC  =   -133985.4430  EHBOND  =         0.0000  RESTRAINT  =         0.0000
 ------------------------------------------------------------------------------


 NSTEP =    13500   TIME(PS) =  605016.750  TEMP(K) =   298.03  PRESS =     0.0
 Etot   =    -66871.7898  EKtot   =     26145.9961  EPtot      =    -93017.7859
 BOND   =     16333.2271  ANGLE   =      1012.4476  DIHED      =      1662.6297
 1-4 NB =       440.7769  1-4 EEL =      4526.3559  VDWAALS    =     17156.8496
 EELEC  =   -134150.0728  EHBOND  =         0.0000  RESTRAINT  =         0.0000
 ------------------------------------------------------------------------------

check COM velocity, temp:        0.000003     0.00(Removed)

 NSTEP =    14000   TIME(PS) =  605017.000  TEMP(K) =   299.07  PRESS =     0.0
 Etot   =    -66868.9084  EKtot   =     26237.1660  EPtot      =    -93106.0744
 BOND   =     16250.9472  ANGLE   =      1038.8959  DIHED      =      1649.7099
 1-4 NB =       443.8922  1-4 EEL =      4513.1158  VDWAALS    =     17290.3377
 EELEC  =   -134292.9731  EHBOND  =         0.0000  RESTRAINT  =         0.0000
 ------------------------------------------------------------------------------


 NSTEP =    14500   TIME(PS) =  605017.250  TEMP(K) =   300.32  PRESS =     0.0
 Etot   =    -66873.0567  EKtot   =     26347.2344  EPtot      =    -93220.2911
 BOND   =     16364.7686  ANGLE   =      1052.7627  DIHED      =      1661.5739
 1-4 NB =       440.7163  1-4 EEL =      4536.7472  VDWAALS    =     16937.4133
 EELEC  =   -134214.2731  EHBOND  =         0.0000  RESTRAINT  =         0.0000
 ------------------------------------------------------------------------------

check COM velocity, temp:        0.000005     0.00(Removed)

 NSTEP =    15000   TIME(PS) =  605017.500  TEMP(K) =   297.55  PRESS =     0.0
 Etot   =    -66872.5121  EKtot   =     26103.9492  EPtot      =    -92976.4614
 BOND   =     16343.4915  ANGLE   =      1074.5975  DIHED      =      1646.5541
 1-4 NB =       438.2514  1-4 EEL =      4497.1114  VDWAALS    =     17023.0437
 EELEC  =   -133999.5110  EHBOND  =         0.0000  RESTRAINT  =         0.0000
 ------------------------------------------------------------------------------


 NSTEP =    15500   TIME(PS) =  605017.750  TEMP(K) =   298.57  PRESS =     0.0
 Etot   =    -66869.8372  EKtot   =     26193.5938  EPtot      =    -93063.4309
 BOND   =     16386.2161  ANGLE   =      1059.2247  DIHED      =      1643.1592
 1-4 NB =       421.9144  1-4 EEL =      4494.2114  VDWAALS    =     16901.0975
 EELEC  =   -133969.2543  EHBOND  =         0.0000  RESTRAINT  =         0.0000
 ------------------------------------------------------------------------------

check COM velocity, temp:        0.000007     0.00(Removed)

 NSTEP =    16000   TIME(PS) =  605018.000  TEMP(K) =   298.56  PRESS =     0.0
 Etot   =    -66867.7915  EKtot   =     26193.0605  EPtot      =    -93060.8521
 BOND   =     16492.0199  ANGLE   =      1011.1391  DIHED      =      1645.9584
 1-4 NB =       448.7002  1-4 EEL =      4533.2786  VDWAALS    =     17222.4102
 EELEC  =   -134414.3584  EHBOND  =         0.0000  RESTRAINT  =         0.0000
 ------------------------------------------------------------------------------


 NSTEP =    16500   TIME(PS) =  605018.250  TEMP(K) =   298.01  PRESS =     0.0
 Etot   =    -66874.9491  EKtot   =     26144.3203  EPtot      =    -93019.2694
 BOND   =     16415.0432  ANGLE   =      1058.4579  DIHED      =      1664.3019
 1-4 NB =       446.3341  1-4 EEL =      4533.6300  VDWAALS    =     17212.9457
 EELEC  =   -134349.9822  EHBOND  =         0.0000  RESTRAINT  =         0.0000
 ------------------------------------------------------------------------------

check COM velocity, temp:        0.000005     0.00(Removed)

 NSTEP =    17000   TIME(PS) =  605018.500  TEMP(K) =   298.52  PRESS =     0.0
 Etot   =    -66873.6840  EKtot   =     26189.0781  EPtot      =    -93062.7621
 BOND   =     16301.9045  ANGLE   =      1013.4698  DIHED      =      1644.1387
 1-4 NB =       454.1737  1-4 EEL =      4539.8608  VDWAALS    =     16679.6408
 EELEC  =   -133695.9504  EHBOND  =         0.0000  RESTRAINT  =         0.0000
 ------------------------------------------------------------------------------


 NSTEP =    17500   TIME(PS) =  605018.750  TEMP(K) =   298.72  PRESS =     0.0
 Etot   =    -66870.8626  EKtot   =     26206.4492  EPtot      =    -93077.3118
 BOND   =     16409.5638  ANGLE   =      1072.2882  DIHED      =      1646.7490
 1-4 NB =       432.1497  1-4 EEL =      4483.4205  VDWAALS    =     17093.7964
 EELEC  =   -134215.2795  EHBOND  =         0.0000  RESTRAINT  =         0.0000
 ------------------------------------------------------------------------------

check COM velocity, temp:        0.000003     0.00(Removed)

 NSTEP =    18000   TIME(PS) =  605019.000  TEMP(K) =   299.63  PRESS =     0.0
 Etot   =    -66873.8459  EKtot   =     26287.1152  EPtot      =    -93160.9612
 BOND   =     16245.7128  ANGLE   =      1034.2806  DIHED      =      1632.7334
 1-4 NB =       432.4577  1-4 EEL =      4508.3740  VDWAALS    =     17070.6680
 EELEC  =   -134085.1877  EHBOND  =         0.0000  RESTRAINT  =         0.0000
 ------------------------------------------------------------------------------


 NSTEP =    18500   TIME(PS) =  605019.250  TEMP(K) =   300.01  PRESS =     0.0
 Etot   =    -66872.7590  EKtot   =     26320.3418  EPtot      =    -93193.1008
 BOND   =     16300.4883  ANGLE   =      1003.3484  DIHED      =      1646.9024
 1-4 NB =       451.7328  1-4 EEL =      4496.5048  VDWAALS    =     17292.4688
 EELEC  =   -134384.5464  EHBOND  =         0.0000  RESTRAINT  =         0.0000
 ------------------------------------------------------------------------------

check COM velocity, temp:        0.000005     0.00(Removed)

 NSTEP =    19000   TIME(PS) =  605019.500  TEMP(K) =   298.57  PRESS =     0.0
 Etot   =    -66870.4605  EKtot   =     26193.4453  EPtot      =    -93063.9058
 BOND   =     16249.4179  ANGLE   =      1051.6011  DIHED      =      1650.4461
 1-4 NB =       431.2012  1-4 EEL =      4539.2451  VDWAALS    =     16996.0493
 EELEC  =   -133981.8665  EHBOND  =         0.0000  RESTRAINT  =         0.0000
 ------------------------------------------------------------------------------


 NSTEP =    19500   TIME(PS) =  605019.750  TEMP(K) =   298.59  PRESS =     0.0
 Etot   =    -66871.9364  EKtot   =     26195.3906  EPtot      =    -93067.3270
 BOND   =     16509.3034  ANGLE   =      1082.6653  DIHED      =      1658.6112
 1-4 NB =       437.0171  1-4 EEL =      4511.1784  VDWAALS    =     16915.3286
 EELEC  =   -134181.4310  EHBOND  =         0.0000  RESTRAINT  =         0.0000
 ------------------------------------------------------------------------------

check COM velocity, temp:        0.000006     0.00(Removed)

 NSTEP =    20000   TIME(PS) =  605020.000  TEMP(K) =   298.99  PRESS =     0.0
 Etot   =    -66876.5161  EKtot   =     26230.7891  EPtot      =    -93107.3052
 BOND   =     16286.4289  ANGLE   =      1042.8243  DIHED      =      1650.3423
 1-4 NB =       444.9318  1-4 EEL =      4506.9419  VDWAALS    =     16891.2827
 EELEC  =   -133930.0571  EHBOND  =         0.0000  RESTRAINT  =         0.0000
 ------------------------------------------------------------------------------


      A V E R A G E S   O V E R      40 S T E P S


 NSTEP =    20000   TIME(PS) =  605020.000  TEMP(K) =   299.43  PRESS =     0.0
 Etot   =    -66872.3404  EKtot   =     26269.4623  EPtot      =    -93141.8026
 BOND   =     16411.7249  ANGLE   =      1038.1383  DIHED      =      1649.6492
 1-4 NB =       442.3021  1-4 EEL =      4514.8785  VDWAALS    =     17049.7941
 EELEC  =   -134248.2897  EHBOND  =         0.0000  RESTRAINT  =         0.0000
 ------------------------------------------------------------------------------


      R M S  F L U C T U A T I O N S


 NSTEP =    20000   TIME(PS) =  605020.000  TEMP(K) =     1.09  PRESS =     0.0
 Etot   =         2.4253  EKtot   =        95.9720  EPtot      =        96.9582
 BOND   =       126.8892  ANGLE   =        21.9916  DIHED      =        12.1836
 1-4 NB =         9.6776  1-4 EEL =        25.2700  VDWAALS    =       172.2487
 EELEC  =       247.3065  EHBOND  =         0.0000  RESTRAINT  =         0.0000
|E(PBS) =         0.5775
 ------------------------------------------------------------------------------

--------------------------------------------------------------------------------
   5.  TIMINGS
--------------------------------------------------------------------------------

|  NonSetup CPU Time in Major Routines:
|
|     Routine           Sec        %
|     ------------------------------
|     Nonbond           2.52    9.01
|     Bond              0.00    0.00
|     Angle             0.00    0.00
|     Dihedral          0.00    0.00
|     Shake             0.00    0.00
|     RunMD            25.37   90.87
|     Other             0.03    0.11
|     ------------------------------
|     Total            27.92

|  PME Nonbond Pairlist CPU Time:
|
|     Routine              Sec        %
|     ---------------------------------
|     Set Up Cit           0.00    0.00
|     Build List           0.00    0.00
|     ---------------------------------
|     Total                0.00    0.00

|  PME Direct Force CPU Time:
|
|     Routine              Sec        %
|     ---------------------------------
|     NonBonded Calc       0.00    0.00
|     Exclude Masked       0.00    0.00
|     Other                0.01    0.04
|     ---------------------------------
|     Total                0.01    0.04

|  PME Reciprocal Force CPU Time:
|
|     Routine              Sec        %
|     ---------------------------------
|     1D bspline           0.00    0.00
|     Grid Charges         0.00    0.00
|     Scalar Sum           0.00    0.00
|     Gradient Sum         0.00    0.00
|     FFT                  0.00    0.00
|     ---------------------------------
|     Total                0.00    0.00

|  Final Performance Info:
|     -----------------------------------------------------
|     Average timings for last   19500 steps:
|     Elapsed(s) =      27.64 Per Step(ms) =       1.42
|         ns/day =      30.48   seconds/ns =    2834.38
|
|     Average timings for all steps:
|     Elapsed(s) =      28.40 Per Step(ms) =       1.42
|         ns/day =      30.43   seconds/ns =    2839.61
|     -----------------------------------------------------

|  Setup CPU time:            1.10 seconds
|  NonSetup CPU time:        27.92 seconds
|  Total CPU time:           29.02 seconds     0.01 hours

|  Setup wall time:           1    seconds
|  NonSetup wall time:       29    seconds
|  Total wall time:          30    seconds     0.01 hours
