
          -------------------------------------------------------
          Amber 16 PMEMD                              2016
          -------------------------------------------------------

| PMEMD implementation of SANDER, Release 16

| Run on 08/24/2017 at 11:53:32

|   Executable path: /apps/amber16/bin/pmemd.cuda
| Working directory: /scratch/pbarletta/pdz/run/lb/neq/data/2
|          Hostname: mordor

  [-O]verwriting output

File Assignments:
|   MDIN: pdt.in                                                                
|  MDOUT: 326plb_2.out                                                          
| INPCRD: ../1/326plb_1.rst7                                                    
|   PARM: /scratch/pbarletta/pdz/top_files/lb.prmtop                            
| RESTRT: 326plb_2.rst7                                                         
|   REFC: refc                                                                  
|  MDVEL: mdvel                                                                 
|   MDEN: mden                                                                  
|  MDCRD: 326plb_2.nc                                                           
| MDINFO: mdinfo                                                                
|  MDFRC: mdfrc                                                                 


 Here is the input file:

!NVE run                                                                       
&cntrl                                                                         
imin = 0,                           ! No Minimization                          
nmropt = 0,                         ! No NMR restraints read                   
                                                                               
! Nature and format of the input                                               
ntx = 5,                            ! Coordinates and velocities will be read  
irest = 1,                          ! Restart simulation                       
                                                                               
! Nature and format of the output                                              
ioutfm = 1,			    ! NetCDF format for output files                             
ntxo = 1,                           ! rstrt file in ASCII format               
ntpr = 500,                         ! inf in output every ntpr steps           
ntwr = 500,                         ! rstrt file every ntwr steps              
ntwx = 20,                          ! mdcrd file every ntwx steps              
ntwv = -1,                          ! mdvel without velocities                 
ntwe = 0,                           ! Energies and temperatures not written in 
idecomp = 0,                        ! No energy decomposition                  
iwrap = 1,                          ! Coordinates of the restart and mdcrd file
                                                                               
! Frozen or restrained atoms                                                   
ibelly = 0,                         ! No frozen atoms                          
ntr=0,                              ! Harmonic potential restraints            
                                                                               
! Molecular dynamics                                                           
nstlim = 20000,                      ! Number of MD-steps                      
dt = 0.0005,                        ! Time step                                
                                                                               
! Temperature regulation                                                       
ntt = 3,                            ! Langevin thermostat                      
gamma_ln = 2,                       ! Gamma constant for Langevin              
temp0 = 300.0,                      ! Reference T at which the system is to be 
tempi = 300.0,                      ! Initial T                                
                                                                               
! P and V regulation                                                           
ntp = 0,                            ! No P control                             
ntb = 1,                            ! constant V                               
                                                                               
! SHAKE variables                                                              
ntc = 1,                            ! No SHAKE                                 
ntf = 1,                            ! Get E with allatom                       
                                                                               
cut = 9.0,                          ! Nonbonded cutoff                         
/                                                                              
&end                                                                           


Note: ig = -1. Setting random seed to    12097 based on wallclock time in 
      microseconds.
| irandom = 1, using AMBER's internal random number generator (default).
 
|--------------------- INFORMATION ----------------------
| GPU (CUDA) Version of PMEMD in use: NVIDIA GPU IN USE.
|                    Version 16.0.0
| 
|                      02/25/2016
| 
| Implementation by:
|                    Ross C. Walker     (SDSC)
|                    Scott Le Grand     (nVIDIA)
| 
| Precision model in use:
|      [SPFP] - Single Precision Forces, 64-bit Fixed Point
|               Accumulation. (Default)
| 
|--------------------------------------------------------
 
|----------------- CITATION INFORMATION -----------------
|
|    When publishing work that utilized the CUDA version
|    of AMBER, please cite the following in addition to
|    the regular AMBER citations:
|
|  - Romelia Salomon-Ferrer; Andreas W. Goetz; Duncan
|    Poole; Scott Le Grand; Ross C. Walker "Routine
|    microsecond molecular dynamics simulations with
|    AMBER - Part II: Particle Mesh Ewald", J. Chem.
|    Theory Comput., 2013, 9 (9), pp3878-3888,
|    DOI: 10.1021/ct400314y.
|
|  - Andreas W. Goetz; Mark J. Williamson; Dong Xu;
|    Duncan Poole; Scott Le Grand; Ross C. Walker
|    "Routine microsecond molecular dynamics simulations
|    with AMBER - Part I: Generalized Born", J. Chem.
|    Theory Comput., 2012, 8 (5), pp1542-1555.
|
|  - Scott Le Grand; Andreas W. Goetz; Ross C. Walker
|    "SPFP: Speed without compromise - a mixed precision
|    model for GPU accelerated molecular dynamics
|    simulations.", Comp. Phys. Comm., 2013, 184
|    pp374-380, DOI: 10.1016/j.cpc.2012.09.022
|
|--------------------------------------------------------
 
|------------------- GPU DEVICE INFO --------------------
|
|            CUDA_VISIBLE_DEVICES: 1
|   CUDA Capable Devices Detected:      1
|           CUDA Device ID in use:      0
|                CUDA Device Name: GeForce GTX TITAN
|     CUDA Device Global Mem Size:   6082 MB
| CUDA Device Num Multiprocessors:     14
|           CUDA Device Core Freq:   0.93 GHz
|
|--------------------------------------------------------
 
 
| Conditional Compilation Defines Used:
| PUBFFT
| BINTRAJ
| CUDA
| EMIL

| Largest sphere to fit in unit cell has radius =    26.281

| New format PARM file being parsed.
| Version =    1.000 Date = 09/04/12 Time = 16:08:43

| Note: 1-4 EEL scale factors are being read from the topology file.

| Note: 1-4 VDW scale factors are being read from the topology file.
| Duplicated    0 dihedrals

| Duplicated    0 dihedrals

--------------------------------------------------------------------------------
   1.  RESOURCE   USE: 
--------------------------------------------------------------------------------

 getting new box info from bottom of inpcrd
 NATOM  =   23082 NTYPES =      16 NBONH =   22055 MBONA  =    1038
 NTHETH =    2390 MTHETA =    1396 NPHIH =    4631 MPHIA  =    3488
 NHPARM =       0 NPARM  =       0 NNB   =   39434 NRES   =    7134
 NBONA  =    1038 NTHETA =    1396 NPHIA =    3488 NUMBND =      41
 NUMANG =      86 NPTRA  =      41 NATYP =      28 NPHB   =       1
 IFBOX  =       1 NMXRS  =      24 IFCAP =       0 NEXTRA =       0
 NCOPY  =       0

| Coordinate Index Table dimensions:    12   14   10
| Direct force subcell size =     5.0212    5.2012    5.2562

     BOX TYPE: RECTILINEAR

--------------------------------------------------------------------------------
   2.  CONTROL  DATA  FOR  THE  RUN
--------------------------------------------------------------------------------

default_name                                                                    

General flags:
     imin    =       0, nmropt  =       0

Nature and format of input:
     ntx     =       5, irest   =       1, ntrx    =       1

Nature and format of output:
     ntxo    =       1, ntpr    =     500, ntrx    =       1, ntwr    =     500
     iwrap   =       1, ntwx    =      20, ntwv    =      -1, ntwe    =       0
     ioutfm  =       1, ntwprt  =       0, idecomp =       0, rbornstat=      0

Potential function:
     ntf     =       1, ntb     =       1, igb     =       0, nsnb    =      25
     ipol    =       0, gbsa    =       0, iesp    =       0
     dielc   =   1.00000, cut     =   9.00000, intdiel =   1.00000

Frozen or restrained atoms:
     ibelly  =       0, ntr     =       0

Molecular dynamics:
     nstlim  =     20000, nscm    =      1000, nrespa  =         1
     t       =   0.00000, dt      =   0.00050, vlimit  =  -1.00000

Langevin dynamics temperature regulation:
     ig      =   12097
     temp0   = 300.00000, tempi   = 300.00000, gamma_ln=   2.00000

| Intermolecular bonds treatment:
|     no_intermolecular_bonds =       1

| Energy averages sample interval:
|     ene_avg_sampling =     500

Ewald parameters:
     verbose =       0, ew_type =       0, nbflag  =       1, use_pme =       1
     vdwmeth =       1, eedmeth =       1, netfrc  =       1
     Box X =   60.254   Box Y =   72.816   Box Z =   52.562
     Alpha =   90.000   Beta  =   90.000   Gamma =   90.000
     NFFT1 =   64       NFFT2 =   80       NFFT3 =   56
     Cutoff=    9.000   Tol   =0.100E-04
     Ewald Coefficient =  0.30768
     Interpolation order =    4

--------------------------------------------------------------------------------
   3.  ATOMIC COORDINATES AND VELOCITIES
--------------------------------------------------------------------------------

default_name                                                                    
 begin time read from input coords =    10.000 ps

 
 Number of triangulated 3-point waters found:     7002

     Sum of charges from parm topology file =  -0.00000008
     Forcing neutrality...

| Dynamic Memory, Types Used:
| Reals              710578
| Integers           737140

| Nonbonded Pairs Initial Allocation:     5262696

| GPU memory information (estimate):
| KB of GPU memory in use:    132483
| KB of CPU memory in use:     27891

--------------------------------------------------------------------------------
   4.  RESULTS
--------------------------------------------------------------------------------

 ---------------------------------------------------
 APPROXIMATING switch and d/dx switch using CUBIC SPLINE INTERPOLATION
 using   5000.0 points per unit in tabled values
 TESTING RELATIVE ERROR over r ranging from 0.0 to cutoff
| CHECK switch(x): max rel err =   0.2738E-14   at   2.422500
| CHECK d/dx switch(x): max rel err =   0.8314E-11   at   2.736960
 ---------------------------------------------------
|---------------------------------------------------
| APPROXIMATING direct energy using CUBIC SPLINE INTERPOLATION
|  with   50.0 points per unit in tabled values
| Relative Error Limit not exceeded for r .gt.   2.39
| APPROXIMATING direct force using CUBIC SPLINE INTERPOLATION
|  with   50.0 points per unit in tabled values
| Relative Error Limit not exceeded for r .gt.   2.84
|---------------------------------------------------

 NSTEP =      500   TIME(PS) =      10.250  TEMP(K) =   271.23  PRESS =     0.0
 Etot   =    -54502.7749  EKtot   =     18661.2266  EPtot      =    -73164.0015
 BOND   =      7119.3278  ANGLE   =       979.9161  DIHED      =      1328.1346
 1-4 NB =       445.6873  1-4 EEL =      4620.0064  VDWAALS    =     11587.5633
 EELEC  =    -99244.6369  EHBOND  =         0.0000  RESTRAINT  =         0.0000
 ------------------------------------------------------------------------------


 NSTEP =     1000   TIME(PS) =      10.500  TEMP(K) =   284.43  PRESS =     0.0
 Etot   =    -52721.1005  EKtot   =     19569.4629  EPtot      =    -72290.5634
 BOND   =     10086.5937  ANGLE   =      1036.9972  DIHED      =      1319.6446
 1-4 NB =       439.3696  1-4 EEL =      4663.7715  VDWAALS    =     11821.7093
 EELEC  =   -101658.6495  EHBOND  =         0.0000  RESTRAINT  =         0.0000
 ------------------------------------------------------------------------------


 NSTEP =     1500   TIME(PS) =      10.750  TEMP(K) =   293.17  PRESS =     0.0
 Etot   =    -51931.2496  EKtot   =     20170.5391  EPtot      =    -72101.7886
 BOND   =     11519.2799  ANGLE   =      1021.4636  DIHED      =      1327.6274
 1-4 NB =       436.1793  1-4 EEL =      4655.3118  VDWAALS    =     12057.3628
 EELEC  =   -103119.0135  EHBOND  =         0.0000  RESTRAINT  =         0.0000
 ------------------------------------------------------------------------------


 NSTEP =     2000   TIME(PS) =      11.000  TEMP(K) =   296.97  PRESS =     0.0
 Etot   =    -51449.5945  EKtot   =     20432.2480  EPtot      =    -71881.8425
 BOND   =     11995.9838  ANGLE   =      1047.0147  DIHED      =      1353.4389
 1-4 NB =       431.8624  1-4 EEL =      4660.7408  VDWAALS    =     12118.4265
 EELEC  =   -103489.3096  EHBOND  =         0.0000  RESTRAINT  =         0.0000
 ------------------------------------------------------------------------------


 NSTEP =     2500   TIME(PS) =      11.250  TEMP(K) =   300.58  PRESS =     0.0
 Etot   =    -51401.5026  EKtot   =     20680.9316  EPtot      =    -72082.4343
 BOND   =     12243.4634  ANGLE   =      1022.2873  DIHED      =      1298.7537
 1-4 NB =       451.1445  1-4 EEL =      4685.5292  VDWAALS    =     12576.2120
 EELEC  =   -104359.8243  EHBOND  =         0.0000  RESTRAINT  =         0.0000
 ------------------------------------------------------------------------------


 NSTEP =     3000   TIME(PS) =      11.500  TEMP(K) =   301.48  PRESS =     0.0
 Etot   =    -51288.9432  EKtot   =     20742.5410  EPtot      =    -72031.4842
 BOND   =     12422.4331  ANGLE   =       986.2480  DIHED      =      1316.8012
 1-4 NB =       442.6800  1-4 EEL =      4658.4419  VDWAALS    =     12152.9899
 EELEC  =   -104011.0783  EHBOND  =         0.0000  RESTRAINT  =         0.0000
 ------------------------------------------------------------------------------


 NSTEP =     3500   TIME(PS) =      11.750  TEMP(K) =   301.86  PRESS =     0.0
 Etot   =    -51305.5712  EKtot   =     20768.8379  EPtot      =    -72074.4091
 BOND   =     12564.6781  ANGLE   =      1003.5417  DIHED      =      1312.0816
 1-4 NB =       447.4544  1-4 EEL =      4680.2011  VDWAALS    =     12448.5623
 EELEC  =   -104530.9283  EHBOND  =         0.0000  RESTRAINT  =         0.0000
 ------------------------------------------------------------------------------


 NSTEP =     4000   TIME(PS) =      12.000  TEMP(K) =   298.55  PRESS =     0.0
 Etot   =    -51301.4475  EKtot   =     20541.3242  EPtot      =    -71842.7717
 BOND   =     12574.7388  ANGLE   =      1007.0353  DIHED      =      1318.6893
 1-4 NB =       454.8275  1-4 EEL =      4649.0734  VDWAALS    =     12255.0286
 EELEC  =   -104102.1646  EHBOND  =         0.0000  RESTRAINT  =         0.0000
 ------------------------------------------------------------------------------


 NSTEP =     4500   TIME(PS) =      12.250  TEMP(K) =   301.13  PRESS =     0.0
 Etot   =    -51501.4973  EKtot   =     20718.3008  EPtot      =    -72219.7981
 BOND   =     12622.1478  ANGLE   =      1018.5218  DIHED      =      1345.0319
 1-4 NB =       443.2295  1-4 EEL =      4648.5532  VDWAALS    =     12500.7163
 EELEC  =   -104797.9986  EHBOND  =         0.0000  RESTRAINT  =         0.0000
 ------------------------------------------------------------------------------


 NSTEP =     5000   TIME(PS) =      12.500  TEMP(K) =   301.40  PRESS =     0.0
 Etot   =    -51705.3972  EKtot   =     20737.0527  EPtot      =    -72442.4499
 BOND   =     12781.9838  ANGLE   =       974.2909  DIHED      =      1322.0745
 1-4 NB =       454.9807  1-4 EEL =      4707.9620  VDWAALS    =     12617.9275
 EELEC  =   -105301.6693  EHBOND  =         0.0000  RESTRAINT  =         0.0000
 ------------------------------------------------------------------------------


 NSTEP =     5500   TIME(PS) =      12.750  TEMP(K) =   300.27  PRESS =     0.0
 Etot   =    -51635.2774  EKtot   =     20659.3242  EPtot      =    -72294.6016
 BOND   =     12677.7315  ANGLE   =      1038.0198  DIHED      =      1315.1799
 1-4 NB =       436.2952  1-4 EEL =      4690.0981  VDWAALS    =     12512.4387
 EELEC  =   -104964.3648  EHBOND  =         0.0000  RESTRAINT  =         0.0000
 ------------------------------------------------------------------------------


 NSTEP =     6000   TIME(PS) =      13.000  TEMP(K) =   301.87  PRESS =     0.0
 Etot   =    -51581.3790  EKtot   =     20769.6680  EPtot      =    -72351.0470
 BOND   =     12677.9867  ANGLE   =      1003.7388  DIHED      =      1326.8734
 1-4 NB =       457.9356  1-4 EEL =      4666.1446  VDWAALS    =     12542.7827
 EELEC  =   -105026.5089  EHBOND  =         0.0000  RESTRAINT  =         0.0000
 ------------------------------------------------------------------------------


 NSTEP =     6500   TIME(PS) =      13.250  TEMP(K) =   299.27  PRESS =     0.0
 Etot   =    -51736.4212  EKtot   =     20590.7324  EPtot      =    -72327.1536
 BOND   =     12873.3309  ANGLE   =      1060.0831  DIHED      =      1315.9989
 1-4 NB =       454.7280  1-4 EEL =      4651.5108  VDWAALS    =     12612.4021
 EELEC  =   -105295.2074  EHBOND  =         0.0000  RESTRAINT  =         0.0000
 ------------------------------------------------------------------------------


 NSTEP =     7000   TIME(PS) =      13.500  TEMP(K) =   301.69  PRESS =     0.0
 Etot   =    -51886.0925  EKtot   =     20757.2090  EPtot      =    -72643.3015
 BOND   =     12859.8409  ANGLE   =      1028.9265  DIHED      =      1305.9838
 1-4 NB =       455.0307  1-4 EEL =      4672.5202  VDWAALS    =     12866.0875
 EELEC  =   -105831.6911  EHBOND  =         0.0000  RESTRAINT  =         0.0000
 ------------------------------------------------------------------------------


 NSTEP =     7500   TIME(PS) =      13.750  TEMP(K) =   301.09  PRESS =     0.0
 Etot   =    -51559.0198  EKtot   =     20715.4277  EPtot      =    -72274.4475
 BOND   =     12856.1317  ANGLE   =      1014.0521  DIHED      =      1311.8211
 1-4 NB =       450.5222  1-4 EEL =      4634.5103  VDWAALS    =     12526.4965
 EELEC  =   -105067.9814  EHBOND  =         0.0000  RESTRAINT  =         0.0000
 ------------------------------------------------------------------------------


 NSTEP =     8000   TIME(PS) =      14.000  TEMP(K) =   301.39  PRESS =     0.0
 Etot   =    -51617.0276  EKtot   =     20736.5898  EPtot      =    -72353.6175
 BOND   =     12833.3838  ANGLE   =      1037.5048  DIHED      =      1307.2240
 1-4 NB =       447.0209  1-4 EEL =      4695.3916  VDWAALS    =     12602.4553
 EELEC  =   -105276.5977  EHBOND  =         0.0000  RESTRAINT  =         0.0000
 ------------------------------------------------------------------------------


 NSTEP =     8500   TIME(PS) =      14.250  TEMP(K) =   299.29  PRESS =     0.0
 Etot   =    -51860.0092  EKtot   =     20591.5801  EPtot      =    -72451.5893
 BOND   =     12587.5501  ANGLE   =       999.0667  DIHED      =      1327.5257
 1-4 NB =       451.5210  1-4 EEL =      4637.7297  VDWAALS    =     12685.9323
 EELEC  =   -105140.9148  EHBOND  =         0.0000  RESTRAINT  =         0.0000
 ------------------------------------------------------------------------------


 NSTEP =     9000   TIME(PS) =      14.500  TEMP(K) =   299.32  PRESS =     0.0
 Etot   =    -51897.3803  EKtot   =     20594.2559  EPtot      =    -72491.6362
 BOND   =     12858.7014  ANGLE   =      1017.0814  DIHED      =      1289.3195
 1-4 NB =       444.5044  1-4 EEL =      4654.7605  VDWAALS    =     12875.2739
 EELEC  =   -105631.2774  EHBOND  =         0.0000  RESTRAINT  =         0.0000
 ------------------------------------------------------------------------------


 NSTEP =     9500   TIME(PS) =      14.750  TEMP(K) =   302.58  PRESS =     0.0
 Etot   =    -51763.0699  EKtot   =     20818.1445  EPtot      =    -72581.2145
 BOND   =     12961.8157  ANGLE   =      1049.8211  DIHED      =      1332.0684
 1-4 NB =       435.7594  1-4 EEL =      4610.8793  VDWAALS    =     12841.4388
 EELEC  =   -105812.9972  EHBOND  =         0.0000  RESTRAINT  =         0.0000
 ------------------------------------------------------------------------------


 NSTEP =    10000   TIME(PS) =      15.000  TEMP(K) =   299.97  PRESS =     0.0
 Etot   =    -51876.5019  EKtot   =     20638.5410  EPtot      =    -72515.0429
 BOND   =     12872.8469  ANGLE   =      1051.0040  DIHED      =      1302.3507
 1-4 NB =       439.9349  1-4 EEL =      4617.0963  VDWAALS    =     12759.0726
 EELEC  =   -105557.3483  EHBOND  =         0.0000  RESTRAINT  =         0.0000
 ------------------------------------------------------------------------------


 NSTEP =    10500   TIME(PS) =      15.250  TEMP(K) =   300.63  PRESS =     0.0
 Etot   =    -51982.6114  EKtot   =     20684.0820  EPtot      =    -72666.6934
 BOND   =     13006.8960  ANGLE   =      1003.3511  DIHED      =      1306.7848
 1-4 NB =       447.5176  1-4 EEL =      4677.3458  VDWAALS    =     12702.5779
 EELEC  =   -105811.1666  EHBOND  =         0.0000  RESTRAINT  =         0.0000
 ------------------------------------------------------------------------------


 NSTEP =    11000   TIME(PS) =      15.500  TEMP(K) =   300.10  PRESS =     0.0
 Etot   =    -52206.6496  EKtot   =     20647.6055  EPtot      =    -72854.2550
 BOND   =     12554.5071  ANGLE   =      1012.2802  DIHED      =      1318.0290
 1-4 NB =       459.7645  1-4 EEL =      4672.3107  VDWAALS    =     12893.0546
 EELEC  =   -105764.2012  EHBOND  =         0.0000  RESTRAINT  =         0.0000
 ------------------------------------------------------------------------------


 NSTEP =    11500   TIME(PS) =      15.750  TEMP(K) =   301.93  PRESS =     0.0
 Etot   =    -52015.5500  EKtot   =     20773.3594  EPtot      =    -72788.9094
 BOND   =     12686.6105  ANGLE   =      1013.9591  DIHED      =      1316.6490
 1-4 NB =       445.1992  1-4 EEL =      4636.5491  VDWAALS    =     12408.3114
 EELEC  =   -105296.1876  EHBOND  =         0.0000  RESTRAINT  =         0.0000
 ------------------------------------------------------------------------------


 NSTEP =    12000   TIME(PS) =      16.000  TEMP(K) =   298.57  PRESS =     0.0
 Etot   =    -52044.7495  EKtot   =     20542.5117  EPtot      =    -72587.2612
 BOND   =     12769.8617  ANGLE   =      1050.5254  DIHED      =      1336.8095
 1-4 NB =       443.5582  1-4 EEL =      4619.5711  VDWAALS    =     12716.6842
 EELEC  =   -105524.2713  EHBOND  =         0.0000  RESTRAINT  =         0.0000
 ------------------------------------------------------------------------------


 NSTEP =    12500   TIME(PS) =      16.250  TEMP(K) =   299.42  PRESS =     0.0
 Etot   =    -51987.3822  EKtot   =     20601.1875  EPtot      =    -72588.5697
 BOND   =     12812.7159  ANGLE   =      1024.4750  DIHED      =      1312.8427
 1-4 NB =       463.3626  1-4 EEL =      4706.5009  VDWAALS    =     12698.9500
 EELEC  =   -105607.4168  EHBOND  =         0.0000  RESTRAINT  =         0.0000
 ------------------------------------------------------------------------------


 NSTEP =    13000   TIME(PS) =      16.500  TEMP(K) =   302.18  PRESS =     0.0
 Etot   =    -51802.4560  EKtot   =     20790.6934  EPtot      =    -72593.1494
 BOND   =     12779.3341  ANGLE   =      1002.7526  DIHED      =      1307.4208
 1-4 NB =       461.1227  1-4 EEL =      4700.8535  VDWAALS    =     12640.1564
 EELEC  =   -105484.7895  EHBOND  =         0.0000  RESTRAINT  =         0.0000
 ------------------------------------------------------------------------------


 NSTEP =    13500   TIME(PS) =      16.750  TEMP(K) =   297.41  PRESS =     0.0
 Etot   =    -52082.6094  EKtot   =     20462.3906  EPtot      =    -72545.0001
 BOND   =     12713.2355  ANGLE   =      1010.7730  DIHED      =      1312.6151
 1-4 NB =       444.4478  1-4 EEL =      4648.1937  VDWAALS    =     12769.3934
 EELEC  =   -105443.6586  EHBOND  =         0.0000  RESTRAINT  =         0.0000
 ------------------------------------------------------------------------------


 NSTEP =    14000   TIME(PS) =      17.000  TEMP(K) =   298.60  PRESS =     0.0
 Etot   =    -52007.0770  EKtot   =     20544.1074  EPtot      =    -72551.1845
 BOND   =     12847.9810  ANGLE   =      1038.3842  DIHED      =      1309.2468
 1-4 NB =       457.3310  1-4 EEL =      4677.7867  VDWAALS    =     12661.0983
 EELEC  =   -105543.0124  EHBOND  =         0.0000  RESTRAINT  =         0.0000
 ------------------------------------------------------------------------------


 NSTEP =    14500   TIME(PS) =      17.250  TEMP(K) =   299.55  PRESS =     0.0
 Etot   =    -51884.2788  EKtot   =     20610.0449  EPtot      =    -72494.3237
 BOND   =     12736.8715  ANGLE   =      1033.2605  DIHED      =      1291.8052
 1-4 NB =       450.5781  1-4 EEL =      4692.6127  VDWAALS    =     12554.9305
 EELEC  =   -105254.3822  EHBOND  =         0.0000  RESTRAINT  =         0.0000
 ------------------------------------------------------------------------------


 NSTEP =    15000   TIME(PS) =      17.500  TEMP(K) =   299.43  PRESS =     0.0
 Etot   =    -52002.5417  EKtot   =     20601.7109  EPtot      =    -72604.2526
 BOND   =     12759.6994  ANGLE   =      1034.1401  DIHED      =      1306.1440
 1-4 NB =       437.7487  1-4 EEL =      4665.3865  VDWAALS    =     12652.3979
 EELEC  =   -105459.7691  EHBOND  =         0.0000  RESTRAINT  =         0.0000
 ------------------------------------------------------------------------------


 NSTEP =    15500   TIME(PS) =      17.750  TEMP(K) =   298.69  PRESS =     0.0
 Etot   =    -51888.4295  EKtot   =     20550.7520  EPtot      =    -72439.1814
 BOND   =     12847.5901  ANGLE   =      1032.3999  DIHED      =      1317.5382
 1-4 NB =       446.0562  1-4 EEL =      4654.9964  VDWAALS    =     12530.3011
 EELEC  =   -105268.0633  EHBOND  =         0.0000  RESTRAINT  =         0.0000
 ------------------------------------------------------------------------------


 NSTEP =    16000   TIME(PS) =      18.000  TEMP(K) =   300.43  PRESS =     0.0
 Etot   =    -51853.7966  EKtot   =     20670.4980  EPtot      =    -72524.2946
 BOND   =     12649.9559  ANGLE   =      1042.3385  DIHED      =      1326.1209
 1-4 NB =       455.9483  1-4 EEL =      4666.4554  VDWAALS    =     12892.4396
 EELEC  =   -105557.5532  EHBOND  =         0.0000  RESTRAINT  =         0.0000
 ------------------------------------------------------------------------------


 NSTEP =    16500   TIME(PS) =      18.250  TEMP(K) =   297.95  PRESS =     0.0
 Etot   =    -51904.4326  EKtot   =     20499.5215  EPtot      =    -72403.9540
 BOND   =     12872.6728  ANGLE   =      1013.0832  DIHED      =      1322.6497
 1-4 NB =       451.6763  1-4 EEL =      4677.6642  VDWAALS    =     12784.1834
 EELEC  =   -105525.8836  EHBOND  =         0.0000  RESTRAINT  =         0.0000
 ------------------------------------------------------------------------------


 NSTEP =    17000   TIME(PS) =      18.500  TEMP(K) =   301.17  PRESS =     0.0
 Etot   =    -51934.6861  EKtot   =     20721.5137  EPtot      =    -72656.1998
 BOND   =     12835.3792  ANGLE   =      1045.8855  DIHED      =      1313.4843
 1-4 NB =       441.1150  1-4 EEL =      4648.0362  VDWAALS    =     12986.4932
 EELEC  =   -105926.5931  EHBOND  =         0.0000  RESTRAINT  =         0.0000
 ------------------------------------------------------------------------------


 NSTEP =    17500   TIME(PS) =      18.750  TEMP(K) =   300.92  PRESS =     0.0
 Etot   =    -51805.2697  EKtot   =     20704.0371  EPtot      =    -72509.3068
 BOND   =     12834.7007  ANGLE   =      1058.9147  DIHED      =      1308.4759
 1-4 NB =       452.5900  1-4 EEL =      4676.4587  VDWAALS    =     12728.6009
 EELEC  =   -105569.0479  EHBOND  =         0.0000  RESTRAINT  =         0.0000
 ------------------------------------------------------------------------------


 NSTEP =    18000   TIME(PS) =      19.000  TEMP(K) =   299.98  PRESS =     0.0
 Etot   =    -52045.1726  EKtot   =     20639.2949  EPtot      =    -72684.4675
 BOND   =     12772.8860  ANGLE   =      1031.5905  DIHED      =      1326.8913
 1-4 NB =       461.6384  1-4 EEL =      4661.1235  VDWAALS    =     12704.1457
 EELEC  =   -105642.7428  EHBOND  =         0.0000  RESTRAINT  =         0.0000
 ------------------------------------------------------------------------------


 NSTEP =    18500   TIME(PS) =      19.250  TEMP(K) =   299.56  PRESS =     0.0
 Etot   =    -52329.0918  EKtot   =     20610.4043  EPtot      =    -72939.4961
 BOND   =     12787.3595  ANGLE   =      1010.8984  DIHED      =      1317.4523
 1-4 NB =       449.5087  1-4 EEL =      4643.5549  VDWAALS    =     12790.7999
 EELEC  =   -105939.0699  EHBOND  =         0.0000  RESTRAINT  =         0.0000
 ------------------------------------------------------------------------------


 NSTEP =    19000   TIME(PS) =      19.500  TEMP(K) =   299.03  PRESS =     0.0
 Etot   =    -52357.2436  EKtot   =     20573.9258  EPtot      =    -72931.1694
 BOND   =     12820.2434  ANGLE   =      1032.4317  DIHED      =      1298.8857
 1-4 NB =       450.5432  1-4 EEL =      4669.3048  VDWAALS    =     12950.2753
 EELEC  =   -106152.8534  EHBOND  =         0.0000  RESTRAINT  =         0.0000
 ------------------------------------------------------------------------------


 NSTEP =    19500   TIME(PS) =      19.750  TEMP(K) =   298.29  PRESS =     0.0
 Etot   =    -52286.2975  EKtot   =     20523.0000  EPtot      =    -72809.2975
 BOND   =     12895.4952  ANGLE   =      1015.3336  DIHED      =      1331.2041
 1-4 NB =       451.5068  1-4 EEL =      4679.2096  VDWAALS    =     12597.0925
 EELEC  =   -105779.1392  EHBOND  =         0.0000  RESTRAINT  =         0.0000
 ------------------------------------------------------------------------------


 NSTEP =    20000   TIME(PS) =      20.000  TEMP(K) =   299.07  PRESS =     0.0
 Etot   =    -52087.6824  EKtot   =     20576.7188  EPtot      =    -72664.4011
 BOND   =     12689.3874  ANGLE   =      1043.1717  DIHED      =      1336.9454
 1-4 NB =       444.0045  1-4 EEL =      4669.1704  VDWAALS    =     12977.8766
 EELEC  =   -105824.9571  EHBOND  =         0.0000  RESTRAINT  =         0.0000
 ------------------------------------------------------------------------------


      A V E R A G E S   O V E R      40 S T E P S


 NSTEP =    20000   TIME(PS) =      20.000  TEMP(K) =   298.76  PRESS =     0.0
 Etot   =    -51925.7316  EKtot   =     20555.5324  EPtot      =    -72481.2641
 BOND   =     12491.5833  ANGLE   =      1023.6641  DIHED      =      1317.3655
 1-4 NB =       448.3971  1-4 EEL =      4662.5829  VDWAALS    =     12590.0160
 EELEC  =   -105014.8730  EHBOND  =         0.0000  RESTRAINT  =         0.0000
 ------------------------------------------------------------------------------


      R M S  F L U C T U A T I O N S


 NSTEP =    20000   TIME(PS) =      20.000  TEMP(K) =     5.31  PRESS =     0.0
 Etot   =       509.6823  EKtot   =       365.2841  EPtot      =       280.4783
 BOND   =       987.6234  ANGLE   =        20.5651  DIHED      =        13.2922
 1-4 NB =         7.6898  1-4 EEL =        23.6933  VDWAALS    =       298.2466
 EELEC  =      1261.2257  EHBOND  =         0.0000  RESTRAINT  =         0.0000
 ------------------------------------------------------------------------------

--------------------------------------------------------------------------------
   5.  TIMINGS
--------------------------------------------------------------------------------

|  NonSetup CPU Time in Major Routines:
|
|     Routine           Sec        %
|     ------------------------------
|     Nonbond           3.88    9.72
|     Bond              0.00    0.00
|     Angle             0.00    0.00
|     Dihedral          0.00    0.00
|     Shake             0.00    0.00
|     RunMD            35.98   90.17
|     Other             0.04    0.11
|     ------------------------------
|     Total            39.91

|  PME Nonbond Pairlist CPU Time:
|
|     Routine              Sec        %
|     ---------------------------------
|     Set Up Cit           0.00    0.00
|     Build List           0.00    0.00
|     ---------------------------------
|     Total                0.00    0.00

|  PME Direct Force CPU Time:
|
|     Routine              Sec        %
|     ---------------------------------
|     NonBonded Calc       0.00    0.00
|     Exclude Masked       0.00    0.00
|     Other                0.02    0.04
|     ---------------------------------
|     Total                0.02    0.04

|  PME Reciprocal Force CPU Time:
|
|     Routine              Sec        %
|     ---------------------------------
|     1D bspline           0.00    0.00
|     Grid Charges         0.00    0.00
|     Scalar Sum           0.00    0.00
|     Gradient Sum         0.00    0.00
|     FFT                  0.00    0.00
|     ---------------------------------
|     Total                0.00    0.00

|  Final Performance Info:
|     -----------------------------------------------------
|     Average timings for last   19500 steps:
|     Elapsed(s) =      40.25 Per Step(ms) =       2.06
|         ns/day =      20.93   seconds/ns =    4127.77
|
|     Average timings for all steps:
|     Elapsed(s) =      41.17 Per Step(ms) =       2.06
|         ns/day =      20.98   seconds/ns =    4117.37
|     -----------------------------------------------------

|  Setup CPU time:            2.66 seconds
|  NonSetup CPU time:        39.91 seconds
|  Total CPU time:           42.57 seconds     0.01 hours

|  Setup wall time:           5    seconds
|  NonSetup wall time:       41    seconds
|  Total wall time:          46    seconds     0.01 hours
