
          -------------------------------------------------------
          Amber 16 PMEMD                              2016
          -------------------------------------------------------

| PMEMD implementation of SANDER, Release 16

| Run on 08/24/2017 at 10:39:57

|   Executable path: /apps/amber16/bin/pmemd.cuda
| Working directory: /scratch/pbarletta/pdz/run/lb/neq/data/2
|          Hostname: mordor

  [-O]verwriting output

File Assignments:
|   MDIN: pdt.in                                                                
|  MDOUT: 32plb_2.out                                                           
| INPCRD: ../1/32plb_1.rst7                                                     
|   PARM: /scratch/pbarletta/pdz/top_files/lb.prmtop                            
| RESTRT: 32plb_2.rst7                                                          
|   REFC: refc                                                                  
|  MDVEL: mdvel                                                                 
|   MDEN: mden                                                                  
|  MDCRD: 32plb_2.nc                                                            
| MDINFO: mdinfo                                                                
|  MDFRC: mdfrc                                                                 


 Here is the input file:

!NVE run                                                                       
&cntrl                                                                         
imin = 0,                           ! No Minimization                          
nmropt = 0,                         ! No NMR restraints read                   
                                                                               
! Nature and format of the input                                               
ntx = 5,                            ! Coordinates and velocities will be read  
irest = 1,                          ! Restart simulation                       
                                                                               
! Nature and format of the output                                              
ioutfm = 1,			    ! NetCDF format for output files                             
ntxo = 1,                           ! rstrt file in ASCII format               
ntpr = 500,                         ! inf in output every ntpr steps           
ntwr = 500,                         ! rstrt file every ntwr steps              
ntwx = 20,                          ! mdcrd file every ntwx steps              
ntwv = -1,                          ! mdvel without velocities                 
ntwe = 0,                           ! Energies and temperatures not written in 
idecomp = 0,                        ! No energy decomposition                  
iwrap = 1,                          ! Coordinates of the restart and mdcrd file
                                                                               
! Frozen or restrained atoms                                                   
ibelly = 0,                         ! No frozen atoms                          
ntr=0,                              ! Harmonic potential restraints            
                                                                               
! Molecular dynamics                                                           
nstlim = 20000,                      ! Number of MD-steps                      
dt = 0.0005,                        ! Time step                                
                                                                               
! Temperature regulation                                                       
ntt = 3,                            ! Langevin thermostat                      
gamma_ln = 2,                       ! Gamma constant for Langevin              
temp0 = 300.0,                      ! Reference T at which the system is to be 
tempi = 300.0,                      ! Initial T                                
                                                                               
! P and V regulation                                                           
ntp = 0,                            ! No P control                             
ntb = 1,                            ! constant V                               
                                                                               
! SHAKE variables                                                              
ntc = 1,                            ! No SHAKE                                 
ntf = 1,                            ! Get E with allatom                       
                                                                               
cut = 9.0,                          ! Nonbonded cutoff                         
/                                                                              
&end                                                                           


Note: ig = -1. Setting random seed to   771125 based on wallclock time in 
      microseconds.
| irandom = 1, using AMBER's internal random number generator (default).
 
|--------------------- INFORMATION ----------------------
| GPU (CUDA) Version of PMEMD in use: NVIDIA GPU IN USE.
|                    Version 16.0.0
| 
|                      02/25/2016
| 
| Implementation by:
|                    Ross C. Walker     (SDSC)
|                    Scott Le Grand     (nVIDIA)
| 
| Precision model in use:
|      [SPFP] - Single Precision Forces, 64-bit Fixed Point
|               Accumulation. (Default)
| 
|--------------------------------------------------------
 
|----------------- CITATION INFORMATION -----------------
|
|    When publishing work that utilized the CUDA version
|    of AMBER, please cite the following in addition to
|    the regular AMBER citations:
|
|  - Romelia Salomon-Ferrer; Andreas W. Goetz; Duncan
|    Poole; Scott Le Grand; Ross C. Walker "Routine
|    microsecond molecular dynamics simulations with
|    AMBER - Part II: Particle Mesh Ewald", J. Chem.
|    Theory Comput., 2013, 9 (9), pp3878-3888,
|    DOI: 10.1021/ct400314y.
|
|  - Andreas W. Goetz; Mark J. Williamson; Dong Xu;
|    Duncan Poole; Scott Le Grand; Ross C. Walker
|    "Routine microsecond molecular dynamics simulations
|    with AMBER - Part I: Generalized Born", J. Chem.
|    Theory Comput., 2012, 8 (5), pp1542-1555.
|
|  - Scott Le Grand; Andreas W. Goetz; Ross C. Walker
|    "SPFP: Speed without compromise - a mixed precision
|    model for GPU accelerated molecular dynamics
|    simulations.", Comp. Phys. Comm., 2013, 184
|    pp374-380, DOI: 10.1016/j.cpc.2012.09.022
|
|--------------------------------------------------------
 
|------------------- GPU DEVICE INFO --------------------
|
|            CUDA_VISIBLE_DEVICES: 0
|   CUDA Capable Devices Detected:      1
|           CUDA Device ID in use:      0
|                CUDA Device Name: GeForce GTX TITAN
|     CUDA Device Global Mem Size:   6082 MB
| CUDA Device Num Multiprocessors:     14
|           CUDA Device Core Freq:   0.93 GHz
|
|--------------------------------------------------------
 
 
| Conditional Compilation Defines Used:
| PUBFFT
| BINTRAJ
| CUDA
| EMIL

| Largest sphere to fit in unit cell has radius =    26.281

| New format PARM file being parsed.
| Version =    1.000 Date = 09/04/12 Time = 16:08:43

| Note: 1-4 EEL scale factors are being read from the topology file.

| Note: 1-4 VDW scale factors are being read from the topology file.
| Duplicated    0 dihedrals

| Duplicated    0 dihedrals

--------------------------------------------------------------------------------
   1.  RESOURCE   USE: 
--------------------------------------------------------------------------------

 getting new box info from bottom of inpcrd
 NATOM  =   23082 NTYPES =      16 NBONH =   22055 MBONA  =    1038
 NTHETH =    2390 MTHETA =    1396 NPHIH =    4631 MPHIA  =    3488
 NHPARM =       0 NPARM  =       0 NNB   =   39434 NRES   =    7134
 NBONA  =    1038 NTHETA =    1396 NPHIA =    3488 NUMBND =      41
 NUMANG =      86 NPTRA  =      41 NATYP =      28 NPHB   =       1
 IFBOX  =       1 NMXRS  =      24 IFCAP =       0 NEXTRA =       0
 NCOPY  =       0

| Coordinate Index Table dimensions:    12   14   10
| Direct force subcell size =     5.0212    5.2012    5.2562

     BOX TYPE: RECTILINEAR

--------------------------------------------------------------------------------
   2.  CONTROL  DATA  FOR  THE  RUN
--------------------------------------------------------------------------------

default_name                                                                    

General flags:
     imin    =       0, nmropt  =       0

Nature and format of input:
     ntx     =       5, irest   =       1, ntrx    =       1

Nature and format of output:
     ntxo    =       1, ntpr    =     500, ntrx    =       1, ntwr    =     500
     iwrap   =       1, ntwx    =      20, ntwv    =      -1, ntwe    =       0
     ioutfm  =       1, ntwprt  =       0, idecomp =       0, rbornstat=      0

Potential function:
     ntf     =       1, ntb     =       1, igb     =       0, nsnb    =      25
     ipol    =       0, gbsa    =       0, iesp    =       0
     dielc   =   1.00000, cut     =   9.00000, intdiel =   1.00000

Frozen or restrained atoms:
     ibelly  =       0, ntr     =       0

Molecular dynamics:
     nstlim  =     20000, nscm    =      1000, nrespa  =         1
     t       =   0.00000, dt      =   0.00050, vlimit  =  -1.00000

Langevin dynamics temperature regulation:
     ig      =  771125
     temp0   = 300.00000, tempi   = 300.00000, gamma_ln=   2.00000

| Intermolecular bonds treatment:
|     no_intermolecular_bonds =       1

| Energy averages sample interval:
|     ene_avg_sampling =     500

Ewald parameters:
     verbose =       0, ew_type =       0, nbflag  =       1, use_pme =       1
     vdwmeth =       1, eedmeth =       1, netfrc  =       1
     Box X =   60.254   Box Y =   72.816   Box Z =   52.562
     Alpha =   90.000   Beta  =   90.000   Gamma =   90.000
     NFFT1 =   64       NFFT2 =   80       NFFT3 =   56
     Cutoff=    9.000   Tol   =0.100E-04
     Ewald Coefficient =  0.30768
     Interpolation order =    4

--------------------------------------------------------------------------------
   3.  ATOMIC COORDINATES AND VELOCITIES
--------------------------------------------------------------------------------

default_name                                                                    
 begin time read from input coords =    10.000 ps

 
 Number of triangulated 3-point waters found:     7002

     Sum of charges from parm topology file =  -0.00000008
     Forcing neutrality...

| Dynamic Memory, Types Used:
| Reals              710578
| Integers           737140

| Nonbonded Pairs Initial Allocation:     5262696

| GPU memory information (estimate):
| KB of GPU memory in use:    132483
| KB of CPU memory in use:     27891

--------------------------------------------------------------------------------
   4.  RESULTS
--------------------------------------------------------------------------------

 ---------------------------------------------------
 APPROXIMATING switch and d/dx switch using CUBIC SPLINE INTERPOLATION
 using   5000.0 points per unit in tabled values
 TESTING RELATIVE ERROR over r ranging from 0.0 to cutoff
| CHECK switch(x): max rel err =   0.2738E-14   at   2.422500
| CHECK d/dx switch(x): max rel err =   0.8314E-11   at   2.736960
 ---------------------------------------------------
|---------------------------------------------------
| APPROXIMATING direct energy using CUBIC SPLINE INTERPOLATION
|  with   50.0 points per unit in tabled values
| Relative Error Limit not exceeded for r .gt.   2.39
| APPROXIMATING direct force using CUBIC SPLINE INTERPOLATION
|  with   50.0 points per unit in tabled values
| Relative Error Limit not exceeded for r .gt.   2.84
|---------------------------------------------------

 NSTEP =      500   TIME(PS) =      10.250  TEMP(K) =   270.41  PRESS =     0.0
 Etot   =    -54725.2619  EKtot   =     18604.5879  EPtot      =    -73329.8498
 BOND   =      6985.0061  ANGLE   =       976.6071  DIHED      =      1319.7286
 1-4 NB =       452.5530  1-4 EEL =      4624.1933  VDWAALS    =     11611.6565
 EELEC  =    -99299.5943  EHBOND  =         0.0000  RESTRAINT  =         0.0000
 ------------------------------------------------------------------------------


 NSTEP =     1000   TIME(PS) =      10.500  TEMP(K) =   283.03  PRESS =     0.0
 Etot   =    -53289.7914  EKtot   =     19472.9727  EPtot      =    -72762.7641
 BOND   =     10403.9626  ANGLE   =      1006.1666  DIHED      =      1305.1696
 1-4 NB =       447.0418  1-4 EEL =      4673.7568  VDWAALS    =     12036.1643
 EELEC  =   -102635.0257  EHBOND  =         0.0000  RESTRAINT  =         0.0000
 ------------------------------------------------------------------------------


 NSTEP =     1500   TIME(PS) =      10.750  TEMP(K) =   290.01  PRESS =     0.0
 Etot   =    -52387.7673  EKtot   =     19953.1445  EPtot      =    -72340.9118
 BOND   =     11656.1390  ANGLE   =       996.3439  DIHED      =      1331.8691
 1-4 NB =       435.9711  1-4 EEL =      4622.5212  VDWAALS    =     12193.4149
 EELEC  =   -103577.1710  EHBOND  =         0.0000  RESTRAINT  =         0.0000
 ------------------------------------------------------------------------------


 NSTEP =     2000   TIME(PS) =      11.000  TEMP(K) =   293.42  PRESS =     0.0
 Etot   =    -51976.7238  EKtot   =     20187.7148  EPtot      =    -72164.4387
 BOND   =     12095.4155  ANGLE   =      1023.9988  DIHED      =      1329.1016
 1-4 NB =       440.6146  1-4 EEL =      4593.0730  VDWAALS    =     12411.7818
 EELEC  =   -104058.4239  EHBOND  =         0.0000  RESTRAINT  =         0.0000
 ------------------------------------------------------------------------------


 NSTEP =     2500   TIME(PS) =      11.250  TEMP(K) =   294.73  PRESS =     0.0
 Etot   =    -51959.8441  EKtot   =     20278.0371  EPtot      =    -72237.8812
 BOND   =     12360.6967  ANGLE   =      1037.8778  DIHED      =      1350.6813
 1-4 NB =       447.6857  1-4 EEL =      4631.9562  VDWAALS    =     12417.8230
 EELEC  =   -104484.6019  EHBOND  =         0.0000  RESTRAINT  =         0.0000
 ------------------------------------------------------------------------------


 NSTEP =     3000   TIME(PS) =      11.500  TEMP(K) =   300.14  PRESS =     0.0
 Etot   =    -51767.8588  EKtot   =     20650.4180  EPtot      =    -72418.2768
 BOND   =     12558.1808  ANGLE   =      1011.4009  DIHED      =      1311.9378
 1-4 NB =       446.2219  1-4 EEL =      4632.1117  VDWAALS    =     12715.8834
 EELEC  =   -105094.0133  EHBOND  =         0.0000  RESTRAINT  =         0.0000
 ------------------------------------------------------------------------------


 NSTEP =     3500   TIME(PS) =      11.750  TEMP(K) =   298.92  PRESS =     0.0
 Etot   =    -51737.4500  EKtot   =     20566.5605  EPtot      =    -72304.0105
 BOND   =     12611.2155  ANGLE   =      1064.5952  DIHED      =      1319.0472
 1-4 NB =       435.3089  1-4 EEL =      4597.9424  VDWAALS    =     12683.7951
 EELEC  =   -105015.9148  EHBOND  =         0.0000  RESTRAINT  =         0.0000
 ------------------------------------------------------------------------------


 NSTEP =     4000   TIME(PS) =      12.000  TEMP(K) =   299.20  PRESS =     0.0
 Etot   =    -51759.5716  EKtot   =     20585.7363  EPtot      =    -72345.3079
 BOND   =     12605.0167  ANGLE   =      1069.8399  DIHED      =      1307.7550
 1-4 NB =       431.7733  1-4 EEL =      4589.2299  VDWAALS    =     12683.6415
 EELEC  =   -105032.5642  EHBOND  =         0.0000  RESTRAINT  =         0.0000
 ------------------------------------------------------------------------------


 NSTEP =     4500   TIME(PS) =      12.250  TEMP(K) =   297.70  PRESS =     0.0
 Etot   =    -51968.6087  EKtot   =     20482.7578  EPtot      =    -72451.3665
 BOND   =     12833.8277  ANGLE   =      1010.4730  DIHED      =      1298.3676
 1-4 NB =       443.9370  1-4 EEL =      4598.9045  VDWAALS    =     12827.0084
 EELEC  =   -105463.8848  EHBOND  =         0.0000  RESTRAINT  =         0.0000
 ------------------------------------------------------------------------------


 NSTEP =     5000   TIME(PS) =      12.500  TEMP(K) =   299.80  PRESS =     0.0
 Etot   =    -51970.0223  EKtot   =     20626.8418  EPtot      =    -72596.8641
 BOND   =     12738.3654  ANGLE   =      1034.9827  DIHED      =      1303.1653
 1-4 NB =       449.4987  1-4 EEL =      4651.5394  VDWAALS    =     12599.1189
 EELEC  =   -105373.5345  EHBOND  =         0.0000  RESTRAINT  =         0.0000
 ------------------------------------------------------------------------------


 NSTEP =     5500   TIME(PS) =      12.750  TEMP(K) =   299.41  PRESS =     0.0
 Etot   =    -52008.0364  EKtot   =     20599.8320  EPtot      =    -72607.8684
 BOND   =     12738.9807  ANGLE   =      1007.6721  DIHED      =      1312.7724
 1-4 NB =       448.2977  1-4 EEL =      4641.7172  VDWAALS    =     12632.2898
 EELEC  =   -105389.5984  EHBOND  =         0.0000  RESTRAINT  =         0.0000
 ------------------------------------------------------------------------------


 NSTEP =     6000   TIME(PS) =      13.000  TEMP(K) =   301.30  PRESS =     0.0
 Etot   =    -51907.3066  EKtot   =     20730.3281  EPtot      =    -72637.6347
 BOND   =     12605.0111  ANGLE   =      1044.2930  DIHED      =      1316.4351
 1-4 NB =       450.8557  1-4 EEL =      4616.6167  VDWAALS    =     12802.8823
 EELEC  =   -105473.7286  EHBOND  =         0.0000  RESTRAINT  =         0.0000
 ------------------------------------------------------------------------------


 NSTEP =     6500   TIME(PS) =      13.250  TEMP(K) =   300.97  PRESS =     0.0
 Etot   =    -51779.5869  EKtot   =     20707.6895  EPtot      =    -72487.2764
 BOND   =     12645.0735  ANGLE   =      1038.9679  DIHED      =      1322.8587
 1-4 NB =       447.5645  1-4 EEL =      4649.2684  VDWAALS    =     12702.0990
 EELEC  =   -105293.1084  EHBOND  =         0.0000  RESTRAINT  =         0.0000
 ------------------------------------------------------------------------------


 NSTEP =     7000   TIME(PS) =      13.500  TEMP(K) =   302.28  PRESS =     0.0
 Etot   =    -51562.9020  EKtot   =     20797.9062  EPtot      =    -72360.8083
 BOND   =     12771.7879  ANGLE   =      1024.9241  DIHED      =      1303.4601
 1-4 NB =       442.9890  1-4 EEL =      4617.7425  VDWAALS    =     12655.3811
 EELEC  =   -105177.0929  EHBOND  =         0.0000  RESTRAINT  =         0.0000
 ------------------------------------------------------------------------------


 NSTEP =     7500   TIME(PS) =      13.750  TEMP(K) =   302.06  PRESS =     0.0
 Etot   =    -51597.6350  EKtot   =     20782.4102  EPtot      =    -72380.0451
 BOND   =     12933.4779  ANGLE   =      1093.5633  DIHED      =      1328.0973
 1-4 NB =       424.3556  1-4 EEL =      4592.4506  VDWAALS    =     12609.6572
 EELEC  =   -105361.6470  EHBOND  =         0.0000  RESTRAINT  =         0.0000
 ------------------------------------------------------------------------------


 NSTEP =     8000   TIME(PS) =      14.000  TEMP(K) =   303.38  PRESS =     0.0
 Etot   =    -51492.6079  EKtot   =     20873.4727  EPtot      =    -72366.0806
 BOND   =     12937.9821  ANGLE   =      1025.2329  DIHED      =      1314.0728
 1-4 NB =       457.5097  1-4 EEL =      4643.4738  VDWAALS    =     12815.8263
 EELEC  =   -105560.1783  EHBOND  =         0.0000  RESTRAINT  =         0.0000
 ------------------------------------------------------------------------------


 NSTEP =     8500   TIME(PS) =      14.250  TEMP(K) =   302.16  PRESS =     0.0
 Etot   =    -51642.9300  EKtot   =     20789.6406  EPtot      =    -72432.5706
 BOND   =     12761.6954  ANGLE   =      1012.9500  DIHED      =      1349.2258
 1-4 NB =       461.9470  1-4 EEL =      4631.2930  VDWAALS    =     12908.5932
 EELEC  =   -105558.2748  EHBOND  =         0.0000  RESTRAINT  =         0.0000
 ------------------------------------------------------------------------------


 NSTEP =     9000   TIME(PS) =      14.500  TEMP(K) =   302.05  PRESS =     0.0
 Etot   =    -51590.0999  EKtot   =     20782.0312  EPtot      =    -72372.1311
 BOND   =     12966.9859  ANGLE   =      1087.8210  DIHED      =      1351.4699
 1-4 NB =       436.5870  1-4 EEL =      4606.2930  VDWAALS    =     13028.8762
 EELEC  =   -105850.1641  EHBOND  =         0.0000  RESTRAINT  =         0.0000
 ------------------------------------------------------------------------------


 NSTEP =     9500   TIME(PS) =      14.750  TEMP(K) =   300.92  PRESS =     0.0
 Etot   =    -51744.7759  EKtot   =     20704.0879  EPtot      =    -72448.8638
 BOND   =     12934.9412  ANGLE   =      1039.6353  DIHED      =      1317.9170
 1-4 NB =       439.3915  1-4 EEL =      4587.4213  VDWAALS    =     12991.9496
 EELEC  =   -105760.1197  EHBOND  =         0.0000  RESTRAINT  =         0.0000
 ------------------------------------------------------------------------------


 NSTEP =    10000   TIME(PS) =      15.000  TEMP(K) =   299.46  PRESS =     0.0
 Etot   =    -51920.4168  EKtot   =     20603.6641  EPtot      =    -72524.0809
 BOND   =     12753.0423  ANGLE   =      1058.2256  DIHED      =      1323.2967
 1-4 NB =       451.7330  1-4 EEL =      4625.8123  VDWAALS    =     12854.8684
 EELEC  =   -105591.0591  EHBOND  =         0.0000  RESTRAINT  =         0.0000
 ------------------------------------------------------------------------------


 NSTEP =    10500   TIME(PS) =      15.250  TEMP(K) =   300.75  PRESS =     0.0
 Etot   =    -52173.3370  EKtot   =     20692.4453  EPtot      =    -72865.7823
 BOND   =     12553.5803  ANGLE   =      1067.0870  DIHED      =      1312.1034
 1-4 NB =       455.5087  1-4 EEL =      4596.0944  VDWAALS    =     12846.3632
 EELEC  =   -105696.5192  EHBOND  =         0.0000  RESTRAINT  =         0.0000
 ------------------------------------------------------------------------------


 NSTEP =    11000   TIME(PS) =      15.500  TEMP(K) =   296.82  PRESS =     0.0
 Etot   =    -52309.8053  EKtot   =     20421.6328  EPtot      =    -72731.4381
 BOND   =     12845.2932  ANGLE   =      1039.5765  DIHED      =      1308.0087
 1-4 NB =       446.2209  1-4 EEL =      4596.3990  VDWAALS    =     12887.2454
 EELEC  =   -105854.1818  EHBOND  =         0.0000  RESTRAINT  =         0.0000
 ------------------------------------------------------------------------------


 NSTEP =    11500   TIME(PS) =      15.750  TEMP(K) =   303.01  PRESS =     0.0
 Etot   =    -52077.8365  EKtot   =     20848.1875  EPtot      =    -72926.0240
 BOND   =     12615.5841  ANGLE   =      1044.7032  DIHED      =      1332.2590
 1-4 NB =       450.6632  1-4 EEL =      4628.0309  VDWAALS    =     12804.5002
 EELEC  =   -105801.7644  EHBOND  =         0.0000  RESTRAINT  =         0.0000
 ------------------------------------------------------------------------------


 NSTEP =    12000   TIME(PS) =      16.000  TEMP(K) =   301.84  PRESS =     0.0
 Etot   =    -52095.3993  EKtot   =     20767.5254  EPtot      =    -72862.9247
 BOND   =     12727.2797  ANGLE   =      1034.3612  DIHED      =      1314.8132
 1-4 NB =       439.6768  1-4 EEL =      4609.7973  VDWAALS    =     12853.5986
 EELEC  =   -105842.4515  EHBOND  =         0.0000  RESTRAINT  =         0.0000
 ------------------------------------------------------------------------------


 NSTEP =    12500   TIME(PS) =      16.250  TEMP(K) =   299.17  PRESS =     0.0
 Etot   =    -52168.3788  EKtot   =     20583.8027  EPtot      =    -72752.1815
 BOND   =     12911.1928  ANGLE   =       992.3547  DIHED      =      1330.9862
 1-4 NB =       441.5833  1-4 EEL =      4610.8179  VDWAALS    =     12474.8922
 EELEC  =   -105514.0086  EHBOND  =         0.0000  RESTRAINT  =         0.0000
 ------------------------------------------------------------------------------


 NSTEP =    13000   TIME(PS) =      16.500  TEMP(K) =   299.62  PRESS =     0.0
 Etot   =    -52249.5262  EKtot   =     20614.4395  EPtot      =    -72863.9657
 BOND   =     12927.5148  ANGLE   =      1042.8839  DIHED      =      1299.9236
 1-4 NB =       446.6238  1-4 EEL =      4588.6426  VDWAALS    =     12794.1317
 EELEC  =   -105963.6860  EHBOND  =         0.0000  RESTRAINT  =         0.0000
 ------------------------------------------------------------------------------


 NSTEP =    13500   TIME(PS) =      16.750  TEMP(K) =   297.68  PRESS =     0.0
 Etot   =    -52173.0198  EKtot   =     20481.0918  EPtot      =    -72654.1116
 BOND   =     13101.4454  ANGLE   =      1014.1192  DIHED      =      1321.2976
 1-4 NB =       449.4508  1-4 EEL =      4590.2590  VDWAALS    =     12881.7852
 EELEC  =   -106012.4689  EHBOND  =         0.0000  RESTRAINT  =         0.0000
 ------------------------------------------------------------------------------


 NSTEP =    14000   TIME(PS) =      17.000  TEMP(K) =   298.58  PRESS =     0.0
 Etot   =    -52356.8152  EKtot   =     20542.9473  EPtot      =    -72899.7624
 BOND   =     12739.0374  ANGLE   =       985.1572  DIHED      =      1320.2333
 1-4 NB =       457.9829  1-4 EEL =      4665.7512  VDWAALS    =     12907.8657
 EELEC  =   -105975.7901  EHBOND  =         0.0000  RESTRAINT  =         0.0000
 ------------------------------------------------------------------------------


 NSTEP =    14500   TIME(PS) =      17.250  TEMP(K) =   298.21  PRESS =     0.0
 Etot   =    -51988.8900  EKtot   =     20517.3828  EPtot      =    -72506.2728
 BOND   =     13076.1140  ANGLE   =      1045.9060  DIHED      =      1312.7453
 1-4 NB =       448.2441  1-4 EEL =      4608.5998  VDWAALS    =     12792.8353
 EELEC  =   -105790.7173  EHBOND  =         0.0000  RESTRAINT  =         0.0000
 ------------------------------------------------------------------------------


 NSTEP =    15000   TIME(PS) =      17.500  TEMP(K) =   297.97  PRESS =     0.0
 Etot   =    -52245.4448  EKtot   =     20501.1484  EPtot      =    -72746.5933
 BOND   =     12810.2633  ANGLE   =      1021.5382  DIHED      =      1305.7347
 1-4 NB =       445.9255  1-4 EEL =      4586.3089  VDWAALS    =     12583.8342
 EELEC  =   -105500.1981  EHBOND  =         0.0000  RESTRAINT  =         0.0000
 ------------------------------------------------------------------------------


 NSTEP =    15500   TIME(PS) =      17.750  TEMP(K) =   298.89  PRESS =     0.0
 Etot   =    -52388.0944  EKtot   =     20564.4551  EPtot      =    -72952.5495
 BOND   =     12947.1562  ANGLE   =      1016.5129  DIHED      =      1314.7078
 1-4 NB =       431.3452  1-4 EEL =      4605.2332  VDWAALS    =     12998.2925
 EELEC  =   -106265.7974  EHBOND  =         0.0000  RESTRAINT  =         0.0000
 ------------------------------------------------------------------------------


 NSTEP =    16000   TIME(PS) =      18.000  TEMP(K) =   298.89  PRESS =     0.0
 Etot   =    -52127.1729  EKtot   =     20564.5840  EPtot      =    -72691.7569
 BOND   =     12824.0073  ANGLE   =      1022.7490  DIHED      =      1296.2650
 1-4 NB =       441.2920  1-4 EEL =      4597.8937  VDWAALS    =     12705.2266
 EELEC  =   -105579.1905  EHBOND  =         0.0000  RESTRAINT  =         0.0000
 ------------------------------------------------------------------------------


 NSTEP =    16500   TIME(PS) =      18.250  TEMP(K) =   299.65  PRESS =     0.0
 Etot   =    -52202.5044  EKtot   =     20617.0039  EPtot      =    -72819.5083
 BOND   =     12584.6400  ANGLE   =      1033.4023  DIHED      =      1296.3230
 1-4 NB =       446.7391  1-4 EEL =      4642.6491  VDWAALS    =     12689.8495
 EELEC  =   -105513.1113  EHBOND  =         0.0000  RESTRAINT  =         0.0000
 ------------------------------------------------------------------------------


 NSTEP =    17000   TIME(PS) =      18.500  TEMP(K) =   300.58  PRESS =     0.0
 Etot   =    -52062.2098  EKtot   =     20680.7305  EPtot      =    -72742.9403
 BOND   =     12763.3406  ANGLE   =      1033.0641  DIHED      =      1339.3916
 1-4 NB =       449.4127  1-4 EEL =      4610.7974  VDWAALS    =     12797.6918
 EELEC  =   -105736.6385  EHBOND  =         0.0000  RESTRAINT  =         0.0000
 ------------------------------------------------------------------------------


 NSTEP =    17500   TIME(PS) =      18.750  TEMP(K) =   299.88  PRESS =     0.0
 Etot   =    -52080.8803  EKtot   =     20632.7383  EPtot      =    -72713.6185
 BOND   =     12731.5272  ANGLE   =      1069.8952  DIHED      =      1326.4018
 1-4 NB =       457.8880  1-4 EEL =      4630.8972  VDWAALS    =     12890.1676
 EELEC  =   -105820.3955  EHBOND  =         0.0000  RESTRAINT  =         0.0000
 ------------------------------------------------------------------------------


 NSTEP =    18000   TIME(PS) =      19.000  TEMP(K) =   300.20  PRESS =     0.0
 Etot   =    -52023.6231  EKtot   =     20654.4883  EPtot      =    -72678.1114
 BOND   =     12886.3496  ANGLE   =      1050.1425  DIHED      =      1296.2377
 1-4 NB =       447.5099  1-4 EEL =      4623.1838  VDWAALS    =     12725.3925
 EELEC  =   -105706.9274  EHBOND  =         0.0000  RESTRAINT  =         0.0000
 ------------------------------------------------------------------------------


 NSTEP =    18500   TIME(PS) =      19.250  TEMP(K) =   301.72  PRESS =     0.0
 Etot   =    -52123.6542  EKtot   =     20758.9863  EPtot      =    -72882.6405
 BOND   =     12759.9821  ANGLE   =      1025.4545  DIHED      =      1297.5669
 1-4 NB =       431.4814  1-4 EEL =      4603.3692  VDWAALS    =     12735.7772
 EELEC  =   -105736.2718  EHBOND  =         0.0000  RESTRAINT  =         0.0000
 ------------------------------------------------------------------------------


 NSTEP =    19000   TIME(PS) =      19.500  TEMP(K) =   300.45  PRESS =     0.0
 Etot   =    -51990.7258  EKtot   =     20671.8105  EPtot      =    -72662.5364
 BOND   =     12733.8763  ANGLE   =      1056.1531  DIHED      =      1307.9014
 1-4 NB =       437.2633  1-4 EEL =      4627.8955  VDWAALS    =     12775.1005
 EELEC  =   -105600.7264  EHBOND  =         0.0000  RESTRAINT  =         0.0000
 ------------------------------------------------------------------------------


 NSTEP =    19500   TIME(PS) =      19.750  TEMP(K) =   298.78  PRESS =     0.0
 Etot   =    -52128.1769  EKtot   =     20556.7227  EPtot      =    -72684.8995
 BOND   =     12953.4400  ANGLE   =      1097.1204  DIHED      =      1307.6116
 1-4 NB =       464.8745  1-4 EEL =      4613.7062  VDWAALS    =     12891.7743
 EELEC  =   -106013.4265  EHBOND  =         0.0000  RESTRAINT  =         0.0000
 ------------------------------------------------------------------------------


 NSTEP =    20000   TIME(PS) =      20.000  TEMP(K) =   298.56  PRESS =     0.0
 Etot   =    -52315.3187  EKtot   =     20541.7773  EPtot      =    -72857.0960
 BOND   =     12990.3815  ANGLE   =      1054.9020  DIHED      =      1340.8265
 1-4 NB =       450.8861  1-4 EEL =      4636.1328  VDWAALS    =     12916.4989
 EELEC  =   -106246.7239  EHBOND  =         0.0000  RESTRAINT  =         0.0000
 ------------------------------------------------------------------------------


      A V E R A G E S   O V E R      40 S T E P S


 NSTEP =    20000   TIME(PS) =      20.000  TEMP(K) =   298.32  PRESS =     0.0
 Etot   =    -52101.7503  EKtot   =     20524.8434  EPtot      =    -72626.5936
 BOND   =     12534.4702  ANGLE   =      1035.3164  DIHED      =      1317.4442
 1-4 NB =       445.8102  1-4 EEL =      4617.4944  VDWAALS    =     12703.3883
 EELEC  =   -105280.5174  EHBOND  =         0.0000  RESTRAINT  =         0.0000
 ------------------------------------------------------------------------------


      R M S  F L U C T U A T I O N S


 NSTEP =    20000   TIME(PS) =      20.000  TEMP(K) =     5.72  PRESS =     0.0
 Etot   =       520.7102  EKtot   =       393.8786  EPtot      =       238.0226
 BOND   =       993.3841  ANGLE   =        27.5711  DIHED      =        14.9445
 1-4 NB =         8.6047  1-4 EEL =        21.9632  VDWAALS    =       266.7247
 EELEC  =      1176.8064  EHBOND  =         0.0000  RESTRAINT  =         0.0000
 ------------------------------------------------------------------------------

--------------------------------------------------------------------------------
   5.  TIMINGS
--------------------------------------------------------------------------------

|  NonSetup CPU Time in Major Routines:
|
|     Routine           Sec        %
|     ------------------------------
|     Nonbond           4.21   10.56
|     Bond              0.00    0.00
|     Angle             0.00    0.00
|     Dihedral          0.00    0.00
|     Shake             0.00    0.00
|     RunMD            35.64   89.34
|     Other             0.04    0.10
|     ------------------------------
|     Total            39.89

|  PME Nonbond Pairlist CPU Time:
|
|     Routine              Sec        %
|     ---------------------------------
|     Set Up Cit           0.00    0.00
|     Build List           0.00    0.00
|     ---------------------------------
|     Total                0.00    0.00

|  PME Direct Force CPU Time:
|
|     Routine              Sec        %
|     ---------------------------------
|     NonBonded Calc       0.00    0.00
|     Exclude Masked       0.00    0.00
|     Other                0.02    0.05
|     ---------------------------------
|     Total                0.02    0.05

|  PME Reciprocal Force CPU Time:
|
|     Routine              Sec        %
|     ---------------------------------
|     1D bspline           0.00    0.00
|     Grid Charges         0.00    0.00
|     Scalar Sum           0.00    0.00
|     Gradient Sum         0.00    0.00
|     FFT                  0.00    0.00
|     ---------------------------------
|     Total                0.00    0.00

|  Final Performance Info:
|     -----------------------------------------------------
|     Average timings for last   19500 steps:
|     Elapsed(s) =      41.40 Per Step(ms) =       2.12
|         ns/day =      20.35   seconds/ns =    4246.15
|
|     Average timings for all steps:
|     Elapsed(s) =      42.32 Per Step(ms) =       2.12
|         ns/day =      20.41   seconds/ns =    4232.45
|     -----------------------------------------------------

|  Setup CPU time:            2.82 seconds
|  NonSetup CPU time:        39.89 seconds
|  Total CPU time:           42.70 seconds     0.01 hours

|  Setup wall time:           3    seconds
|  NonSetup wall time:       42    seconds
|  Total wall time:          45    seconds     0.01 hours
