
          -------------------------------------------------------
          Amber 16 PMEMD                              2016
          -------------------------------------------------------

| PMEMD implementation of SANDER, Release 16

| Run on 08/24/2017 at 10:41:29

|   Executable path: /apps/amber16/bin/pmemd.cuda
| Working directory: /scratch/pbarletta/pdz/run/lb/neq/data/2
|          Hostname: mordor

  [-O]verwriting output

File Assignments:
|   MDIN: pdt.in                                                                
|  MDOUT: 34plb_2.out                                                           
| INPCRD: ../1/34plb_1.rst7                                                     
|   PARM: /scratch/pbarletta/pdz/top_files/lb.prmtop                            
| RESTRT: 34plb_2.rst7                                                          
|   REFC: refc                                                                  
|  MDVEL: mdvel                                                                 
|   MDEN: mden                                                                  
|  MDCRD: 34plb_2.nc                                                            
| MDINFO: mdinfo                                                                
|  MDFRC: mdfrc                                                                 


 Here is the input file:

!NVE run                                                                       
&cntrl                                                                         
imin = 0,                           ! No Minimization                          
nmropt = 0,                         ! No NMR restraints read                   
                                                                               
! Nature and format of the input                                               
ntx = 5,                            ! Coordinates and velocities will be read  
irest = 1,                          ! Restart simulation                       
                                                                               
! Nature and format of the output                                              
ioutfm = 1,			    ! NetCDF format for output files                             
ntxo = 1,                           ! rstrt file in ASCII format               
ntpr = 500,                         ! inf in output every ntpr steps           
ntwr = 500,                         ! rstrt file every ntwr steps              
ntwx = 20,                          ! mdcrd file every ntwx steps              
ntwv = -1,                          ! mdvel without velocities                 
ntwe = 0,                           ! Energies and temperatures not written in 
idecomp = 0,                        ! No energy decomposition                  
iwrap = 1,                          ! Coordinates of the restart and mdcrd file
                                                                               
! Frozen or restrained atoms                                                   
ibelly = 0,                         ! No frozen atoms                          
ntr=0,                              ! Harmonic potential restraints            
                                                                               
! Molecular dynamics                                                           
nstlim = 20000,                      ! Number of MD-steps                      
dt = 0.0005,                        ! Time step                                
                                                                               
! Temperature regulation                                                       
ntt = 3,                            ! Langevin thermostat                      
gamma_ln = 2,                       ! Gamma constant for Langevin              
temp0 = 300.0,                      ! Reference T at which the system is to be 
tempi = 300.0,                      ! Initial T                                
                                                                               
! P and V regulation                                                           
ntp = 0,                            ! No P control                             
ntb = 1,                            ! constant V                               
                                                                               
! SHAKE variables                                                              
ntc = 1,                            ! No SHAKE                                 
ntf = 1,                            ! Get E with allatom                       
                                                                               
cut = 9.0,                          ! Nonbonded cutoff                         
/                                                                              
&end                                                                           


Note: ig = -1. Setting random seed to   302792 based on wallclock time in 
      microseconds.
| irandom = 1, using AMBER's internal random number generator (default).
 
|--------------------- INFORMATION ----------------------
| GPU (CUDA) Version of PMEMD in use: NVIDIA GPU IN USE.
|                    Version 16.0.0
| 
|                      02/25/2016
| 
| Implementation by:
|                    Ross C. Walker     (SDSC)
|                    Scott Le Grand     (nVIDIA)
| 
| Precision model in use:
|      [SPFP] - Single Precision Forces, 64-bit Fixed Point
|               Accumulation. (Default)
| 
|--------------------------------------------------------
 
|----------------- CITATION INFORMATION -----------------
|
|    When publishing work that utilized the CUDA version
|    of AMBER, please cite the following in addition to
|    the regular AMBER citations:
|
|  - Romelia Salomon-Ferrer; Andreas W. Goetz; Duncan
|    Poole; Scott Le Grand; Ross C. Walker "Routine
|    microsecond molecular dynamics simulations with
|    AMBER - Part II: Particle Mesh Ewald", J. Chem.
|    Theory Comput., 2013, 9 (9), pp3878-3888,
|    DOI: 10.1021/ct400314y.
|
|  - Andreas W. Goetz; Mark J. Williamson; Dong Xu;
|    Duncan Poole; Scott Le Grand; Ross C. Walker
|    "Routine microsecond molecular dynamics simulations
|    with AMBER - Part I: Generalized Born", J. Chem.
|    Theory Comput., 2012, 8 (5), pp1542-1555.
|
|  - Scott Le Grand; Andreas W. Goetz; Ross C. Walker
|    "SPFP: Speed without compromise - a mixed precision
|    model for GPU accelerated molecular dynamics
|    simulations.", Comp. Phys. Comm., 2013, 184
|    pp374-380, DOI: 10.1016/j.cpc.2012.09.022
|
|--------------------------------------------------------
 
|------------------- GPU DEVICE INFO --------------------
|
|            CUDA_VISIBLE_DEVICES: 0
|   CUDA Capable Devices Detected:      1
|           CUDA Device ID in use:      0
|                CUDA Device Name: GeForce GTX TITAN
|     CUDA Device Global Mem Size:   6082 MB
| CUDA Device Num Multiprocessors:     14
|           CUDA Device Core Freq:   0.93 GHz
|
|--------------------------------------------------------
 
 
| Conditional Compilation Defines Used:
| PUBFFT
| BINTRAJ
| CUDA
| EMIL

| Largest sphere to fit in unit cell has radius =    26.281

| New format PARM file being parsed.
| Version =    1.000 Date = 09/04/12 Time = 16:08:43

| Note: 1-4 EEL scale factors are being read from the topology file.

| Note: 1-4 VDW scale factors are being read from the topology file.
| Duplicated    0 dihedrals

| Duplicated    0 dihedrals

--------------------------------------------------------------------------------
   1.  RESOURCE   USE: 
--------------------------------------------------------------------------------

 getting new box info from bottom of inpcrd
 NATOM  =   23082 NTYPES =      16 NBONH =   22055 MBONA  =    1038
 NTHETH =    2390 MTHETA =    1396 NPHIH =    4631 MPHIA  =    3488
 NHPARM =       0 NPARM  =       0 NNB   =   39434 NRES   =    7134
 NBONA  =    1038 NTHETA =    1396 NPHIA =    3488 NUMBND =      41
 NUMANG =      86 NPTRA  =      41 NATYP =      28 NPHB   =       1
 IFBOX  =       1 NMXRS  =      24 IFCAP =       0 NEXTRA =       0
 NCOPY  =       0

| Coordinate Index Table dimensions:    12   14   10
| Direct force subcell size =     5.0212    5.2012    5.2562

     BOX TYPE: RECTILINEAR

--------------------------------------------------------------------------------
   2.  CONTROL  DATA  FOR  THE  RUN
--------------------------------------------------------------------------------

default_name                                                                    

General flags:
     imin    =       0, nmropt  =       0

Nature and format of input:
     ntx     =       5, irest   =       1, ntrx    =       1

Nature and format of output:
     ntxo    =       1, ntpr    =     500, ntrx    =       1, ntwr    =     500
     iwrap   =       1, ntwx    =      20, ntwv    =      -1, ntwe    =       0
     ioutfm  =       1, ntwprt  =       0, idecomp =       0, rbornstat=      0

Potential function:
     ntf     =       1, ntb     =       1, igb     =       0, nsnb    =      25
     ipol    =       0, gbsa    =       0, iesp    =       0
     dielc   =   1.00000, cut     =   9.00000, intdiel =   1.00000

Frozen or restrained atoms:
     ibelly  =       0, ntr     =       0

Molecular dynamics:
     nstlim  =     20000, nscm    =      1000, nrespa  =         1
     t       =   0.00000, dt      =   0.00050, vlimit  =  -1.00000

Langevin dynamics temperature regulation:
     ig      =  302792
     temp0   = 300.00000, tempi   = 300.00000, gamma_ln=   2.00000

| Intermolecular bonds treatment:
|     no_intermolecular_bonds =       1

| Energy averages sample interval:
|     ene_avg_sampling =     500

Ewald parameters:
     verbose =       0, ew_type =       0, nbflag  =       1, use_pme =       1
     vdwmeth =       1, eedmeth =       1, netfrc  =       1
     Box X =   60.254   Box Y =   72.816   Box Z =   52.562
     Alpha =   90.000   Beta  =   90.000   Gamma =   90.000
     NFFT1 =   64       NFFT2 =   80       NFFT3 =   56
     Cutoff=    9.000   Tol   =0.100E-04
     Ewald Coefficient =  0.30768
     Interpolation order =    4

--------------------------------------------------------------------------------
   3.  ATOMIC COORDINATES AND VELOCITIES
--------------------------------------------------------------------------------

default_name                                                                    
 begin time read from input coords =    10.000 ps

 
 Number of triangulated 3-point waters found:     7002

     Sum of charges from parm topology file =  -0.00000008
     Forcing neutrality...

| Dynamic Memory, Types Used:
| Reals              710578
| Integers           737140

| Nonbonded Pairs Initial Allocation:     5262696

| GPU memory information (estimate):
| KB of GPU memory in use:    132483
| KB of CPU memory in use:     27891

--------------------------------------------------------------------------------
   4.  RESULTS
--------------------------------------------------------------------------------

 ---------------------------------------------------
 APPROXIMATING switch and d/dx switch using CUBIC SPLINE INTERPOLATION
 using   5000.0 points per unit in tabled values
 TESTING RELATIVE ERROR over r ranging from 0.0 to cutoff
| CHECK switch(x): max rel err =   0.2738E-14   at   2.422500
| CHECK d/dx switch(x): max rel err =   0.8314E-11   at   2.736960
 ---------------------------------------------------
|---------------------------------------------------
| APPROXIMATING direct energy using CUBIC SPLINE INTERPOLATION
|  with   50.0 points per unit in tabled values
| Relative Error Limit not exceeded for r .gt.   2.39
| APPROXIMATING direct force using CUBIC SPLINE INTERPOLATION
|  with   50.0 points per unit in tabled values
| Relative Error Limit not exceeded for r .gt.   2.84
|---------------------------------------------------

 NSTEP =      500   TIME(PS) =      10.250  TEMP(K) =   275.28  PRESS =     0.0
 Etot   =    -54399.3289  EKtot   =     18939.8828  EPtot      =    -73339.2117
 BOND   =      6992.5177  ANGLE   =      1056.0945  DIHED      =      1325.9928
 1-4 NB =       439.5966  1-4 EEL =      4580.2434  VDWAALS    =     11481.2098
 EELEC  =    -99214.8665  EHBOND  =         0.0000  RESTRAINT  =         0.0000
 ------------------------------------------------------------------------------


 NSTEP =     1000   TIME(PS) =      10.500  TEMP(K) =   287.30  PRESS =     0.0
 Etot   =    -52871.1750  EKtot   =     19766.6758  EPtot      =    -72637.8508
 BOND   =     10308.8367  ANGLE   =      1043.2731  DIHED      =      1329.5099
 1-4 NB =       428.8457  1-4 EEL =      4572.4478  VDWAALS    =     12142.2038
 EELEC  =   -102462.9678  EHBOND  =         0.0000  RESTRAINT  =         0.0000
 ------------------------------------------------------------------------------


 NSTEP =     1500   TIME(PS) =      10.750  TEMP(K) =   294.27  PRESS =     0.0
 Etot   =    -52195.4590  EKtot   =     20246.4902  EPtot      =    -72441.9492
 BOND   =     11578.2016  ANGLE   =      1074.0907  DIHED      =      1316.6590
 1-4 NB =       439.7310  1-4 EEL =      4579.8328  VDWAALS    =     11868.4503
 EELEC  =   -103298.9146  EHBOND  =         0.0000  RESTRAINT  =         0.0000
 ------------------------------------------------------------------------------


 NSTEP =     2000   TIME(PS) =      11.000  TEMP(K) =   299.93  PRESS =     0.0
 Etot   =    -51466.9138  EKtot   =     20636.0469  EPtot      =    -72102.9607
 BOND   =     11963.0258  ANGLE   =      1045.7868  DIHED      =      1328.1182
 1-4 NB =       432.6167  1-4 EEL =      4563.3851  VDWAALS    =     12173.8820
 EELEC  =   -103609.7752  EHBOND  =         0.0000  RESTRAINT  =         0.0000
 ------------------------------------------------------------------------------


 NSTEP =     2500   TIME(PS) =      11.250  TEMP(K) =   296.87  PRESS =     0.0
 Etot   =    -51460.2257  EKtot   =     20425.5898  EPtot      =    -71885.8155
 BOND   =     12142.1286  ANGLE   =      1073.3127  DIHED      =      1335.6838
 1-4 NB =       446.6544  1-4 EEL =      4569.6770  VDWAALS    =     12063.1407
 EELEC  =   -103516.4127  EHBOND  =         0.0000  RESTRAINT  =         0.0000
 ------------------------------------------------------------------------------


 NSTEP =     3000   TIME(PS) =      11.500  TEMP(K) =   299.73  PRESS =     0.0
 Etot   =    -51373.2798  EKtot   =     20622.3105  EPtot      =    -71995.5903
 BOND   =     12360.9677  ANGLE   =      1037.8644  DIHED      =      1346.0939
 1-4 NB =       450.1990  1-4 EEL =      4551.4137  VDWAALS    =     12291.2192
 EELEC  =   -104033.3483  EHBOND  =         0.0000  RESTRAINT  =         0.0000
 ------------------------------------------------------------------------------


 NSTEP =     3500   TIME(PS) =      11.750  TEMP(K) =   299.71  PRESS =     0.0
 Etot   =    -51440.8715  EKtot   =     20621.1191  EPtot      =    -72061.9906
 BOND   =     12674.3980  ANGLE   =      1023.2887  DIHED      =      1319.7967
 1-4 NB =       456.9028  1-4 EEL =      4626.3916  VDWAALS    =     12690.1295
 EELEC  =   -104852.8979  EHBOND  =         0.0000  RESTRAINT  =         0.0000
 ------------------------------------------------------------------------------


 NSTEP =     4000   TIME(PS) =      12.000  TEMP(K) =   302.14  PRESS =     0.0
 Etot   =    -51497.5527  EKtot   =     20787.6582  EPtot      =    -72285.2109
 BOND   =     12664.5383  ANGLE   =      1064.3602  DIHED      =      1329.4491
 1-4 NB =       439.8883  1-4 EEL =      4570.2214  VDWAALS    =     12607.4436
 EELEC  =   -104961.1118  EHBOND  =         0.0000  RESTRAINT  =         0.0000
 ------------------------------------------------------------------------------


 NSTEP =     4500   TIME(PS) =      12.250  TEMP(K) =   301.61  PRESS =     0.0
 Etot   =    -51517.1478  EKtot   =     20751.7949  EPtot      =    -72268.9428
 BOND   =     12644.5065  ANGLE   =      1051.0918  DIHED      =      1341.7461
 1-4 NB =       443.8174  1-4 EEL =      4565.9217  VDWAALS    =     12525.3274
 EELEC  =   -104841.3536  EHBOND  =         0.0000  RESTRAINT  =         0.0000
 ------------------------------------------------------------------------------


 NSTEP =     5000   TIME(PS) =      12.500  TEMP(K) =   299.82  PRESS =     0.0
 Etot   =    -51652.7256  EKtot   =     20628.4707  EPtot      =    -72281.1963
 BOND   =     12552.8873  ANGLE   =      1066.5211  DIHED      =      1331.8696
 1-4 NB =       449.1779  1-4 EEL =      4601.6865  VDWAALS    =     12300.1167
 EELEC  =   -104583.4554  EHBOND  =         0.0000  RESTRAINT  =         0.0000
 ------------------------------------------------------------------------------


 NSTEP =     5500   TIME(PS) =      12.750  TEMP(K) =   301.30  PRESS =     0.0
 Etot   =    -51876.1407  EKtot   =     20730.5410  EPtot      =    -72606.6817
 BOND   =     12655.1596  ANGLE   =      1042.4707  DIHED      =      1310.8599
 1-4 NB =       437.4818  1-4 EEL =      4623.2410  VDWAALS    =     12751.5212
 EELEC  =   -105427.4159  EHBOND  =         0.0000  RESTRAINT  =         0.0000
 ------------------------------------------------------------------------------


 NSTEP =     6000   TIME(PS) =      13.000  TEMP(K) =   299.29  PRESS =     0.0
 Etot   =    -51771.9770  EKtot   =     20591.6543  EPtot      =    -72363.6313
 BOND   =     12850.5312  ANGLE   =      1043.2000  DIHED      =      1346.5580
 1-4 NB =       455.9274  1-4 EEL =      4614.8310  VDWAALS    =     12202.6515
 EELEC  =   -104877.3304  EHBOND  =         0.0000  RESTRAINT  =         0.0000
 ------------------------------------------------------------------------------


 NSTEP =     6500   TIME(PS) =      13.250  TEMP(K) =   300.30  PRESS =     0.0
 Etot   =    -51811.3225  EKtot   =     20661.2480  EPtot      =    -72472.5706
 BOND   =     12869.6810  ANGLE   =      1045.3673  DIHED      =      1305.7786
 1-4 NB =       446.6033  1-4 EEL =      4550.3079  VDWAALS    =     12684.5463
 EELEC  =   -105374.8549  EHBOND  =         0.0000  RESTRAINT  =         0.0000
 ------------------------------------------------------------------------------


 NSTEP =     7000   TIME(PS) =      13.500  TEMP(K) =   298.96  PRESS =     0.0
 Etot   =    -51913.0860  EKtot   =     20568.9395  EPtot      =    -72482.0255
 BOND   =     12758.2592  ANGLE   =      1050.7857  DIHED      =      1316.7350
 1-4 NB =       448.0029  1-4 EEL =      4570.5864  VDWAALS    =     12612.2641
 EELEC  =   -105238.6589  EHBOND  =         0.0000  RESTRAINT  =         0.0000
 ------------------------------------------------------------------------------


 NSTEP =     7500   TIME(PS) =      13.750  TEMP(K) =   300.38  PRESS =     0.0
 Etot   =    -51849.6397  EKtot   =     20666.9570  EPtot      =    -72516.5967
 BOND   =     12832.3175  ANGLE   =      1058.6355  DIHED      =      1296.9171
 1-4 NB =       442.4323  1-4 EEL =      4573.4895  VDWAALS    =     12702.0367
 EELEC  =   -105422.4252  EHBOND  =         0.0000  RESTRAINT  =         0.0000
 ------------------------------------------------------------------------------


 NSTEP =     8000   TIME(PS) =      14.000  TEMP(K) =   296.91  PRESS =     0.0
 Etot   =    -52107.5722  EKtot   =     20427.9844  EPtot      =    -72535.5566
 BOND   =     12659.8616  ANGLE   =      1066.6559  DIHED      =      1333.0705
 1-4 NB =       436.3896  1-4 EEL =      4566.6569  VDWAALS    =     13018.5314
 EELEC  =   -105616.7226  EHBOND  =         0.0000  RESTRAINT  =         0.0000
 ------------------------------------------------------------------------------


 NSTEP =     8500   TIME(PS) =      14.250  TEMP(K) =   300.48  PRESS =     0.0
 Etot   =    -52106.6972  EKtot   =     20673.5527  EPtot      =    -72780.2499
 BOND   =     12772.7552  ANGLE   =      1051.3822  DIHED      =      1317.4956
 1-4 NB =       437.3736  1-4 EEL =      4558.5993  VDWAALS    =     13081.2291
 EELEC  =   -105999.0850  EHBOND  =         0.0000  RESTRAINT  =         0.0000
 ------------------------------------------------------------------------------


 NSTEP =     9000   TIME(PS) =      14.500  TEMP(K) =   298.04  PRESS =     0.0
 Etot   =    -52061.0962  EKtot   =     20505.8828  EPtot      =    -72566.9790
 BOND   =     12698.3642  ANGLE   =      1088.0319  DIHED      =      1308.5035
 1-4 NB =       429.9107  1-4 EEL =      4553.3110  VDWAALS    =     12830.9028
 EELEC  =   -105476.0032  EHBOND  =         0.0000  RESTRAINT  =         0.0000
 ------------------------------------------------------------------------------


 NSTEP =     9500   TIME(PS) =      14.750  TEMP(K) =   300.41  PRESS =     0.0
 Etot   =    -51977.5344  EKtot   =     20669.1855  EPtot      =    -72646.7199
 BOND   =     12781.0733  ANGLE   =      1071.9944  DIHED      =      1316.8069
 1-4 NB =       447.9614  1-4 EEL =      4582.0107  VDWAALS    =     12671.5455
 EELEC  =   -105518.1120  EHBOND  =         0.0000  RESTRAINT  =         0.0000
 ------------------------------------------------------------------------------


 NSTEP =    10000   TIME(PS) =      15.000  TEMP(K) =   301.86  PRESS =     0.0
 Etot   =    -51931.9750  EKtot   =     20768.6719  EPtot      =    -72700.6468
 BOND   =     12765.4327  ANGLE   =      1039.8020  DIHED      =      1321.2765
 1-4 NB =       438.8686  1-4 EEL =      4611.0094  VDWAALS    =     12886.0095
 EELEC  =   -105763.0457  EHBOND  =         0.0000  RESTRAINT  =         0.0000
 ------------------------------------------------------------------------------


 NSTEP =    10500   TIME(PS) =      15.250  TEMP(K) =   299.88  PRESS =     0.0
 Etot   =    -52034.6537  EKtot   =     20632.4863  EPtot      =    -72667.1400
 BOND   =     12916.2971  ANGLE   =      1081.9546  DIHED      =      1335.9754
 1-4 NB =       428.0831  1-4 EEL =      4577.6385  VDWAALS    =     12682.5990
 EELEC  =   -105689.6877  EHBOND  =         0.0000  RESTRAINT  =         0.0000
 ------------------------------------------------------------------------------


 NSTEP =    11000   TIME(PS) =      15.500  TEMP(K) =   298.43  PRESS =     0.0
 Etot   =    -52186.4100  EKtot   =     20532.9180  EPtot      =    -72719.3280
 BOND   =     12728.6262  ANGLE   =      1061.3667  DIHED      =      1311.3630
 1-4 NB =       427.7079  1-4 EEL =      4567.2415  VDWAALS    =     12698.3294
 EELEC  =   -105513.9626  EHBOND  =         0.0000  RESTRAINT  =         0.0000
 ------------------------------------------------------------------------------


 NSTEP =    11500   TIME(PS) =      15.750  TEMP(K) =   301.14  PRESS =     0.0
 Etot   =    -52032.0419  EKtot   =     20719.0430  EPtot      =    -72751.0849
 BOND   =     12760.4261  ANGLE   =      1058.8811  DIHED      =      1333.1450
 1-4 NB =       437.8912  1-4 EEL =      4570.0400  VDWAALS    =     12820.7431
 EELEC  =   -105732.2114  EHBOND  =         0.0000  RESTRAINT  =         0.0000
 ------------------------------------------------------------------------------


 NSTEP =    12000   TIME(PS) =      16.000  TEMP(K) =   299.07  PRESS =     0.0
 Etot   =    -52213.0325  EKtot   =     20576.6797  EPtot      =    -72789.7122
 BOND   =     12912.7636  ANGLE   =      1064.7752  DIHED      =      1298.1977
 1-4 NB =       434.0425  1-4 EEL =      4623.2524  VDWAALS    =     13015.5071
 EELEC  =   -106138.2507  EHBOND  =         0.0000  RESTRAINT  =         0.0000
 ------------------------------------------------------------------------------


 NSTEP =    12500   TIME(PS) =      16.250  TEMP(K) =   298.03  PRESS =     0.0
 Etot   =    -52287.1370  EKtot   =     20505.5215  EPtot      =    -72792.6585
 BOND   =     12750.2731  ANGLE   =      1041.5107  DIHED      =      1312.6430
 1-4 NB =       427.7037  1-4 EEL =      4567.9403  VDWAALS    =     12914.7492
 EELEC  =   -105807.4787  EHBOND  =         0.0000  RESTRAINT  =         0.0000
 ------------------------------------------------------------------------------


 NSTEP =    13000   TIME(PS) =      16.500  TEMP(K) =   298.07  PRESS =     0.0
 Etot   =    -52283.3436  EKtot   =     20507.8242  EPtot      =    -72791.1678
 BOND   =     12698.8938  ANGLE   =      1053.9484  DIHED      =      1329.5916
 1-4 NB =       432.2621  1-4 EEL =      4599.8014  VDWAALS    =     12733.7998
 EELEC  =   -105639.4649  EHBOND  =         0.0000  RESTRAINT  =         0.0000
 ------------------------------------------------------------------------------


 NSTEP =    13500   TIME(PS) =      16.750  TEMP(K) =   298.60  PRESS =     0.0
 Etot   =    -52166.6802  EKtot   =     20544.3867  EPtot      =    -72711.0669
 BOND   =     12818.2200  ANGLE   =      1071.0486  DIHED      =      1309.7532
 1-4 NB =       458.9348  1-4 EEL =      4591.1536  VDWAALS    =     12992.8066
 EELEC  =   -105952.9837  EHBOND  =         0.0000  RESTRAINT  =         0.0000
 ------------------------------------------------------------------------------


 NSTEP =    14000   TIME(PS) =      17.000  TEMP(K) =   300.25  PRESS =     0.0
 Etot   =    -52071.1018  EKtot   =     20658.2676  EPtot      =    -72729.3694
 BOND   =     12753.6390  ANGLE   =      1110.2314  DIHED      =      1308.9683
 1-4 NB =       426.4051  1-4 EEL =      4629.2082  VDWAALS    =     12789.7260
 EELEC  =   -105747.5475  EHBOND  =         0.0000  RESTRAINT  =         0.0000
 ------------------------------------------------------------------------------


 NSTEP =    14500   TIME(PS) =      17.250  TEMP(K) =   298.87  PRESS =     0.0
 Etot   =    -52157.7578  EKtot   =     20563.2109  EPtot      =    -72720.9687
 BOND   =     12664.8510  ANGLE   =      1007.4815  DIHED      =      1359.9224
 1-4 NB =       446.4299  1-4 EEL =      4602.5037  VDWAALS    =     12748.1932
 EELEC  =   -105550.3505  EHBOND  =         0.0000  RESTRAINT  =         0.0000
 ------------------------------------------------------------------------------


 NSTEP =    15000   TIME(PS) =      17.500  TEMP(K) =   298.19  PRESS =     0.0
 Etot   =    -52176.2365  EKtot   =     20516.1523  EPtot      =    -72692.3888
 BOND   =     12876.8381  ANGLE   =      1027.9840  DIHED      =      1319.0365
 1-4 NB =       445.7777  1-4 EEL =      4613.9353  VDWAALS    =     12875.5723
 EELEC  =   -105851.5327  EHBOND  =         0.0000  RESTRAINT  =         0.0000
 ------------------------------------------------------------------------------


 NSTEP =    15500   TIME(PS) =      17.750  TEMP(K) =   297.18  PRESS =     0.0
 Etot   =    -52197.9912  EKtot   =     20446.7461  EPtot      =    -72644.7373
 BOND   =     12656.1259  ANGLE   =      1074.5151  DIHED      =      1295.9698
 1-4 NB =       441.1062  1-4 EEL =      4595.5698  VDWAALS    =     12576.2763
 EELEC  =   -105284.3005  EHBOND  =         0.0000  RESTRAINT  =         0.0000
 ------------------------------------------------------------------------------


 NSTEP =    16000   TIME(PS) =      18.000  TEMP(K) =   300.12  PRESS =     0.0
 Etot   =    -51959.0792  EKtot   =     20649.0000  EPtot      =    -72608.0792
 BOND   =     12857.7362  ANGLE   =      1050.2772  DIHED      =      1330.0354
 1-4 NB =       437.3454  1-4 EEL =      4560.5746  VDWAALS    =     12484.8095
 EELEC  =   -105328.8576  EHBOND  =         0.0000  RESTRAINT  =         0.0000
 ------------------------------------------------------------------------------


 NSTEP =    16500   TIME(PS) =      18.250  TEMP(K) =   299.07  PRESS =     0.0
 Etot   =    -51982.0443  EKtot   =     20576.8320  EPtot      =    -72558.8763
 BOND   =     12867.8764  ANGLE   =      1078.4954  DIHED      =      1340.8053
 1-4 NB =       453.8886  1-4 EEL =      4576.6159  VDWAALS    =     12826.2388
 EELEC  =   -105702.7968  EHBOND  =         0.0000  RESTRAINT  =         0.0000
 ------------------------------------------------------------------------------


 NSTEP =    17000   TIME(PS) =      18.500  TEMP(K) =   301.68  PRESS =     0.0
 Etot   =    -51665.8839  EKtot   =     20756.4141  EPtot      =    -72422.2980
 BOND   =     12825.5337  ANGLE   =      1061.7815  DIHED      =      1321.1206
 1-4 NB =       435.4746  1-4 EEL =      4595.0097  VDWAALS    =     12694.9536
 EELEC  =   -105356.1717  EHBOND  =         0.0000  RESTRAINT  =         0.0000
 ------------------------------------------------------------------------------


 NSTEP =    17500   TIME(PS) =      18.750  TEMP(K) =   299.13  PRESS =     0.0
 Etot   =    -51803.7828  EKtot   =     20581.2305  EPtot      =    -72385.0133
 BOND   =     12741.6000  ANGLE   =      1065.0819  DIHED      =      1315.8119
 1-4 NB =       435.3091  1-4 EEL =      4608.2674  VDWAALS    =     12769.5945
 EELEC  =   -105320.6782  EHBOND  =         0.0000  RESTRAINT  =         0.0000
 ------------------------------------------------------------------------------


 NSTEP =    18000   TIME(PS) =      19.000  TEMP(K) =   297.29  PRESS =     0.0
 Etot   =    -52071.0702  EKtot   =     20454.1934  EPtot      =    -72525.2635
 BOND   =     12677.1060  ANGLE   =      1070.8557  DIHED      =      1312.8946
 1-4 NB =       446.8457  1-4 EEL =      4618.5673  VDWAALS    =     12640.5679
 EELEC  =   -105292.1006  EHBOND  =         0.0000  RESTRAINT  =         0.0000
 ------------------------------------------------------------------------------


 NSTEP =    18500   TIME(PS) =      19.250  TEMP(K) =   299.50  PRESS =     0.0
 Etot   =    -52197.9277  EKtot   =     20606.0664  EPtot      =    -72803.9941
 BOND   =     12766.6562  ANGLE   =      1029.2439  DIHED      =      1317.5367
 1-4 NB =       462.9327  1-4 EEL =      4581.1832  VDWAALS    =     12905.7096
 EELEC  =   -105867.2563  EHBOND  =         0.0000  RESTRAINT  =         0.0000
 ------------------------------------------------------------------------------


 NSTEP =    19000   TIME(PS) =      19.500  TEMP(K) =   299.42  PRESS =     0.0
 Etot   =    -52085.4053  EKtot   =     20600.9570  EPtot      =    -72686.3624
 BOND   =     12763.7004  ANGLE   =      1077.5497  DIHED      =      1321.0125
 1-4 NB =       437.8234  1-4 EEL =      4593.9374  VDWAALS    =     12834.1076
 EELEC  =   -105714.4933  EHBOND  =         0.0000  RESTRAINT  =         0.0000
 ------------------------------------------------------------------------------


 NSTEP =    19500   TIME(PS) =      19.750  TEMP(K) =   300.28  PRESS =     0.0
 Etot   =    -52126.4326  EKtot   =     20659.8594  EPtot      =    -72786.2920
 BOND   =     12816.9353  ANGLE   =      1043.3673  DIHED      =      1345.0009
 1-4 NB =       461.7063  1-4 EEL =      4577.6377  VDWAALS    =     12780.3333
 EELEC  =   -105811.2727  EHBOND  =         0.0000  RESTRAINT  =         0.0000
 ------------------------------------------------------------------------------


 NSTEP =    20000   TIME(PS) =      20.000  TEMP(K) =   301.68  PRESS =     0.0
 Etot   =    -52022.0047  EKtot   =     20756.5664  EPtot      =    -72778.5711
 BOND   =     12819.2173  ANGLE   =      1080.4734  DIHED      =      1331.3623
 1-4 NB =       451.2191  1-4 EEL =      4568.3673  VDWAALS    =     13038.3566
 EELEC  =   -106067.5670  EHBOND  =         0.0000  RESTRAINT  =         0.0000
 ------------------------------------------------------------------------------


      A V E R A G E S   O V E R      40 S T E P S


 NSTEP =    20000   TIME(PS) =      20.000  TEMP(K) =   298.51  PRESS =     0.0
 Etot   =    -52025.0434  EKtot   =     20538.3753  EPtot      =    -72563.4187
 BOND   =     12479.9690  ANGLE   =      1057.6208  DIHED      =      1323.2267
 1-4 NB =       441.9318  1-4 EEL =      4585.0927  VDWAALS    =     12635.1834
 EELEC  =   -105086.4431  EHBOND  =         0.0000  RESTRAINT  =         0.0000
 ------------------------------------------------------------------------------


      R M S  F L U C T U A T I O N S


 NSTEP =    20000   TIME(PS) =      20.000  TEMP(K) =     4.46  PRESS =     0.0
 Etot   =       478.9075  EKtot   =       307.0756  EPtot      =       264.1432
 BOND   =       986.9240  ANGLE   =        19.3845  DIHED      =        14.2826
 1-4 NB =         9.6217  1-4 EEL =        22.3073  VDWAALS    =       334.7273
 EELEC  =      1234.9539  EHBOND  =         0.0000  RESTRAINT  =         0.0000
 ------------------------------------------------------------------------------

--------------------------------------------------------------------------------
   5.  TIMINGS
--------------------------------------------------------------------------------

|  NonSetup CPU Time in Major Routines:
|
|     Routine           Sec        %
|     ------------------------------
|     Nonbond           4.35   10.99
|     Bond              0.00    0.00
|     Angle             0.00    0.00
|     Dihedral          0.00    0.00
|     Shake             0.00    0.00
|     RunMD            35.18   88.92
|     Other             0.04    0.09
|     ------------------------------
|     Total            39.57

|  PME Nonbond Pairlist CPU Time:
|
|     Routine              Sec        %
|     ---------------------------------
|     Set Up Cit           0.00    0.00
|     Build List           0.00    0.00
|     ---------------------------------
|     Total                0.00    0.00

|  PME Direct Force CPU Time:
|
|     Routine              Sec        %
|     ---------------------------------
|     NonBonded Calc       0.00    0.00
|     Exclude Masked       0.00    0.00
|     Other                0.01    0.03
|     ---------------------------------
|     Total                0.01    0.03

|  PME Reciprocal Force CPU Time:
|
|     Routine              Sec        %
|     ---------------------------------
|     1D bspline           0.00    0.00
|     Grid Charges         0.00    0.00
|     Scalar Sum           0.00    0.00
|     Gradient Sum         0.00    0.00
|     FFT                  0.00    0.00
|     ---------------------------------
|     Total                0.00    0.00

|  Final Performance Info:
|     -----------------------------------------------------
|     Average timings for last   19500 steps:
|     Elapsed(s) =      39.45 Per Step(ms) =       2.02
|         ns/day =      21.35   seconds/ns =    4046.25
|
|     Average timings for all steps:
|     Elapsed(s) =      40.42 Per Step(ms) =       2.02
|         ns/day =      21.38   seconds/ns =    4041.84
|     -----------------------------------------------------

|  Setup CPU time:            2.84 seconds
|  NonSetup CPU time:        39.57 seconds
|  Total CPU time:           42.41 seconds     0.01 hours

|  Setup wall time:           3    seconds
|  NonSetup wall time:       41    seconds
|  Total wall time:          44    seconds     0.01 hours
