
          -------------------------------------------------------
          Amber 16 PMEMD                              2016
          -------------------------------------------------------

| PMEMD implementation of SANDER, Release 16

| Run on 09/27/2017 at 13:56:08

|   Executable path: /apps/amber16/bin/pmemd.cuda
| Working directory: /scratch/pbarletta/pdz/run/lb/neq/data/2
|          Hostname: isengard

  [-O]verwriting output

File Assignments:
|   MDIN: pdt.in                                                                
|  MDOUT: 360plb_2.out                                                          
| INPCRD: ../1/360plb_1.rst7                                                    
|   PARM: /scratch/pbarletta/pdz/top_files/lb.prmtop                            
| RESTRT: 360plb_2.rst7                                                         
|   REFC: refc                                                                  
|  MDVEL: mdvel                                                                 
|   MDEN: mden                                                                  
|  MDCRD: 360plb_2.nc                                                           
| MDINFO: mdinfo                                                                
|  MDFRC: mdfrc                                                                 


 Here is the input file:

!NVE run                                                                       
&cntrl                                                                         
imin = 0,                           ! No Minimization                          
nmropt = 0,                         ! No NMR restraints read                   
                                                                               
! Nature and format of the input                                               
ntx = 5,                            ! Coordinates and velocities will be read  
irest = 1,                          ! Do not run a new simulation              
                                                                               
! Nature and format of the output                                              
ioutfm = 1,			    ! NetCDF format for output files                             
ntxo = 1,                           ! rstrt file in ASCII format               
ntpr = 500,                         ! inf in output every ntpr steps           
ntwr = 500,                         ! rstrt file every ntwr steps              
ntwx = 20,                          ! mdcrd file every ntwx steps              
ntwv = -1,                          ! mdvel without velocities                 
ntwe = 0,                           ! Energies and temperatures not written in 
idecomp = 0,                        ! No energy decomposition                  
iwrap = 1,                          ! Coordinates of the restart and mdcrd file
                                                                               
! Frozen or restrained atoms                                                   
ibelly = 0,                         ! No frozen atoms                          
ntr=0,                              ! Harmonic potential restraints            
                                                                               
! Molecular dynamics                                                           
nstlim = 20000,                     ! Number of MD-steps                       
dt = 0.0005,                        ! Time step                                
                                                                               
! Temperature regulation                                                       
ntt = 0,                            ! Constant total energy                    
                                                                               
! P and V regulation                                                           
ntp = 0,                            ! No P control                             
ntb = 1,                            ! constant V                               
                                                                               
! SHAKE variables                                                              
ntc = 1,                            ! Bonds involving H are constrained        
ntf = 1,                            ! Bond interaction involving H are ommited.
                                                                               
cut = 9.0,                          ! Nonbonded cutoff                         
/                                                                              
&end                                                                           


Note: ig = -1. Setting random seed to    66075 based on wallclock time in 
      microseconds.
| irandom = 1, using AMBER's internal random number generator (default).
 
|--------------------- INFORMATION ----------------------
| GPU (CUDA) Version of PMEMD in use: NVIDIA GPU IN USE.
|                    Version 16.0.0
| 
|                      02/25/2016
| 
| Implementation by:
|                    Ross C. Walker     (SDSC)
|                    Scott Le Grand     (nVIDIA)
| 
| Precision model in use:
|      [SPFP] - Single Precision Forces, 64-bit Fixed Point
|               Accumulation. (Default)
| 
|--------------------------------------------------------
 
|----------------- CITATION INFORMATION -----------------
|
|    When publishing work that utilized the CUDA version
|    of AMBER, please cite the following in addition to
|    the regular AMBER citations:
|
|  - Romelia Salomon-Ferrer; Andreas W. Goetz; Duncan
|    Poole; Scott Le Grand; Ross C. Walker "Routine
|    microsecond molecular dynamics simulations with
|    AMBER - Part II: Particle Mesh Ewald", J. Chem.
|    Theory Comput., 2013, 9 (9), pp3878-3888,
|    DOI: 10.1021/ct400314y.
|
|  - Andreas W. Goetz; Mark J. Williamson; Dong Xu;
|    Duncan Poole; Scott Le Grand; Ross C. Walker
|    "Routine microsecond molecular dynamics simulations
|    with AMBER - Part I: Generalized Born", J. Chem.
|    Theory Comput., 2012, 8 (5), pp1542-1555.
|
|  - Scott Le Grand; Andreas W. Goetz; Ross C. Walker
|    "SPFP: Speed without compromise - a mixed precision
|    model for GPU accelerated molecular dynamics
|    simulations.", Comp. Phys. Comm., 2013, 184
|    pp374-380, DOI: 10.1016/j.cpc.2012.09.022
|
|--------------------------------------------------------
 
|------------------- GPU DEVICE INFO --------------------
|
|            CUDA_VISIBLE_DEVICES: 0
|   CUDA Capable Devices Detected:      1
|           CUDA Device ID in use:      0
|                CUDA Device Name: Quadro GP100
|     CUDA Device Global Mem Size:  16273 MB
| CUDA Device Num Multiprocessors:     56
|           CUDA Device Core Freq:   1.44 GHz
|
|--------------------------------------------------------
 
 
| Conditional Compilation Defines Used:
| PUBFFT
| BINTRAJ
| CUDA
| EMIL

| Largest sphere to fit in unit cell has radius =    29.630

| New format PARM file being parsed.
| Version =    1.000 Date = 09/01/17 Time = 19:23:45

| Note: 1-4 EEL scale factors are being read from the topology file.

| Note: 1-4 VDW scale factors are being read from the topology file.
| Duplicated    0 dihedrals

| Duplicated    0 dihedrals

--------------------------------------------------------------------------------
   1.  RESOURCE   USE: 
--------------------------------------------------------------------------------

 getting new box info from bottom of inpcrd
 NATOM  =   29433 NTYPES =      16 NBONH =   28406 MBONA  =    1038
 NTHETH =    2390 MTHETA =    1396 NPHIH =    4771 MPHIA  =    4486
 NHPARM =       0 NPARM  =       0 NNB   =   47902 NRES   =    9251
 NBONA  =    1038 NTHETA =    1396 NPHIA =    4486 NUMBND =      69
 NUMANG =     160 NPTRA  =     189 NATYP =      34 NPHB   =       1
 IFBOX  =       2 NMXRS  =      24 IFCAP =       0 NEXTRA =       0
 NCOPY  =       0

| Coordinate Index Table dimensions:    12   12   12
| Direct force subcell size =     6.0482    6.0482    6.0482

     BOX TYPE: TRUNCATED OCTAHEDRON

--------------------------------------------------------------------------------
   2.  CONTROL  DATA  FOR  THE  RUN
--------------------------------------------------------------------------------

default_name                                                                    

General flags:
     imin    =       0, nmropt  =       0

Nature and format of input:
     ntx     =       5, irest   =       1, ntrx    =       1

Nature and format of output:
     ntxo    =       1, ntpr    =     500, ntrx    =       1, ntwr    =     500
     iwrap   =       1, ntwx    =      20, ntwv    =      -1, ntwe    =       0
     ioutfm  =       1, ntwprt  =       0, idecomp =       0, rbornstat=      0

Potential function:
     ntf     =       1, ntb     =       1, igb     =       0, nsnb    =      25
     ipol    =       0, gbsa    =       0, iesp    =       0
     dielc   =   1.00000, cut     =   9.00000, intdiel =   1.00000

Frozen or restrained atoms:
     ibelly  =       0, ntr     =       0

Molecular dynamics:
     nstlim  =     20000, nscm    =      1000, nrespa  =         1
     t       =   0.00000, dt      =   0.00050, vlimit  =  -1.00000

| Intermolecular bonds treatment:
|     no_intermolecular_bonds =       1

| Energy averages sample interval:
|     ene_avg_sampling =     500

Ewald parameters:
     verbose =       0, ew_type =       0, nbflag  =       1, use_pme =       1
     vdwmeth =       1, eedmeth =       1, netfrc  =       1
     Box X =   72.579   Box Y =   72.579   Box Z =   72.579
     Alpha =  109.471   Beta  =  109.471   Gamma =  109.471
     NFFT1 =   80       NFFT2 =   80       NFFT3 =   80
     Cutoff=    9.000   Tol   =0.100E-04
     Ewald Coefficient =  0.30768
     Interpolation order =    4

--------------------------------------------------------------------------------
   3.  ATOMIC COORDINATES AND VELOCITIES
--------------------------------------------------------------------------------

default_name                                                                    
 begin time read from input coords =725010.000 ps

 
 Number of triangulated 3-point waters found:     9119

     Sum of charges from parm topology file =  -0.00000008
     Forcing neutrality...

| Dynamic Memory, Types Used:
| Reals              870797
| Integers           902230

| Nonbonded Pairs Initial Allocation:     6710724

| GPU memory information (estimate):
| KB of GPU memory in use:    101822
| KB of CPU memory in use:     45122

--------------------------------------------------------------------------------
   4.  RESULTS
--------------------------------------------------------------------------------

 ---------------------------------------------------
 APPROXIMATING switch and d/dx switch using CUBIC SPLINE INTERPOLATION
 using   5000.0 points per unit in tabled values
 TESTING RELATIVE ERROR over r ranging from 0.0 to cutoff
| CHECK switch(x): max rel err =   0.2738E-14   at   2.422500
| CHECK d/dx switch(x): max rel err =   0.8314E-11   at   2.736960
 ---------------------------------------------------
|---------------------------------------------------
| APPROXIMATING direct energy using CUBIC SPLINE INTERPOLATION
|  with   50.0 points per unit in tabled values
| Relative Error Limit not exceeded for r .gt.   2.39
| APPROXIMATING direct force using CUBIC SPLINE INTERPOLATION
|  with   50.0 points per unit in tabled values
| Relative Error Limit not exceeded for r .gt.   2.84
|---------------------------------------------------

 NSTEP =      500   TIME(PS) =  725010.250  TEMP(K) =   298.84  PRESS =     0.0
 Etot   =    -67043.3893  EKtot   =     26217.6484  EPtot      =    -93261.0377
 BOND   =     16470.1329  ANGLE   =      1056.4666  DIHED      =      1648.9992
 1-4 NB =       449.5104  1-4 EEL =      4571.7601  VDWAALS    =     16879.3995
 EELEC  =   -134337.3064  EHBOND  =         0.0000  RESTRAINT  =         0.0000
 ------------------------------------------------------------------------------

check COM velocity, temp:        0.003266     0.01(Removed)

 NSTEP =     1000   TIME(PS) =  725010.500  TEMP(K) =   298.92  PRESS =     0.0
 Etot   =    -67044.7052  EKtot   =     26224.6445  EPtot      =    -93269.3497
 BOND   =     16462.2079  ANGLE   =       995.7952  DIHED      =      1640.3431
 1-4 NB =       462.6654  1-4 EEL =      4530.7816  VDWAALS    =     16845.2353
 EELEC  =   -134206.3783  EHBOND  =         0.0000  RESTRAINT  =         0.0000
 ------------------------------------------------------------------------------


 NSTEP =     1500   TIME(PS) =  725010.750  TEMP(K) =   297.15  PRESS =     0.0
 Etot   =    -67042.9335  EKtot   =     26069.3047  EPtot      =    -93112.2382
 BOND   =     16850.0363  ANGLE   =      1029.8253  DIHED      =      1652.6409
 1-4 NB =       438.6192  1-4 EEL =      4559.4528  VDWAALS    =     17331.7628
 EELEC  =   -134974.5754  EHBOND  =         0.0000  RESTRAINT  =         0.0000
 ------------------------------------------------------------------------------

check COM velocity, temp:        0.000007     0.00(Removed)

 NSTEP =     2000   TIME(PS) =  725011.000  TEMP(K) =   298.00  PRESS =     0.0
 Etot   =    -67038.8704  EKtot   =     26144.0059  EPtot      =    -93182.8762
 BOND   =     16563.0810  ANGLE   =      1029.3539  DIHED      =      1649.0053
 1-4 NB =       444.5537  1-4 EEL =      4551.6396  VDWAALS    =     16961.9955
 EELEC  =   -134382.5051  EHBOND  =         0.0000  RESTRAINT  =         0.0000
 ------------------------------------------------------------------------------


 NSTEP =     2500   TIME(PS) =  725011.250  TEMP(K) =   298.91  PRESS =     0.0
 Etot   =    -67042.1206  EKtot   =     26223.5586  EPtot      =    -93265.6792
 BOND   =     16394.3126  ANGLE   =      1039.5144  DIHED      =      1653.9089
 1-4 NB =       441.1454  1-4 EEL =      4503.9321  VDWAALS    =     16932.6987
 EELEC  =   -134231.1914  EHBOND  =         0.0000  RESTRAINT  =         0.0000
 ------------------------------------------------------------------------------

check COM velocity, temp:        0.000002     0.00(Removed)

 NSTEP =     3000   TIME(PS) =  725011.500  TEMP(K) =   298.20  PRESS =     0.0
 Etot   =    -67046.4301  EKtot   =     26161.5352  EPtot      =    -93207.9652
 BOND   =     16493.5680  ANGLE   =      1030.8189  DIHED      =      1662.5708
 1-4 NB =       448.8788  1-4 EEL =      4544.4312  VDWAALS    =     17098.8224
 EELEC  =   -134487.0554  EHBOND  =         0.0000  RESTRAINT  =         0.0000
 ------------------------------------------------------------------------------


 NSTEP =     3500   TIME(PS) =  725011.750  TEMP(K) =   297.77  PRESS =     0.0
 Etot   =    -67041.2661  EKtot   =     26123.3164  EPtot      =    -93164.5825
 BOND   =     16692.1308  ANGLE   =      1015.5004  DIHED      =      1663.7594
 1-4 NB =       440.8604  1-4 EEL =      4550.0916  VDWAALS    =     17007.1009
 EELEC  =   -134534.0260  EHBOND  =         0.0000  RESTRAINT  =         0.0000
 ------------------------------------------------------------------------------

check COM velocity, temp:        0.000005     0.00(Removed)

 NSTEP =     4000   TIME(PS) =  725012.000  TEMP(K) =   297.85  PRESS =     0.0
 Etot   =    -67038.8536  EKtot   =     26130.8320  EPtot      =    -93169.6856
 BOND   =     16467.9641  ANGLE   =      1058.8827  DIHED      =      1645.9972
 1-4 NB =       430.7261  1-4 EEL =      4507.1241  VDWAALS    =     17012.3780
 EELEC  =   -134292.7579  EHBOND  =         0.0000  RESTRAINT  =         0.0000
 ------------------------------------------------------------------------------


 NSTEP =     4500   TIME(PS) =  725012.250  TEMP(K) =   298.77  PRESS =     0.0
 Etot   =    -67039.5271  EKtot   =     26211.0391  EPtot      =    -93250.5661
 BOND   =     16568.0707  ANGLE   =      1006.5167  DIHED      =      1648.0229
 1-4 NB =       439.9082  1-4 EEL =      4560.5501  VDWAALS    =     17218.9335
 EELEC  =   -134692.5684  EHBOND  =         0.0000  RESTRAINT  =         0.0000
 ------------------------------------------------------------------------------

check COM velocity, temp:        0.000003     0.00(Removed)

 NSTEP =     5000   TIME(PS) =  725012.500  TEMP(K) =   299.39  PRESS =     0.0
 Etot   =    -67043.3823  EKtot   =     26265.4473  EPtot      =    -93308.8296
 BOND   =     16641.0455  ANGLE   =       999.6879  DIHED      =      1637.3037
 1-4 NB =       444.8598  1-4 EEL =      4583.7900  VDWAALS    =     17239.6805
 EELEC  =   -134855.1970  EHBOND  =         0.0000  RESTRAINT  =         0.0000
 ------------------------------------------------------------------------------


 NSTEP =     5500   TIME(PS) =  725012.750  TEMP(K) =   298.14  PRESS =     0.0
 Etot   =    -67043.3776  EKtot   =     26155.7129  EPtot      =    -93199.0905
 BOND   =     16710.8616  ANGLE   =      1029.4565  DIHED      =      1660.4102
 1-4 NB =       434.4408  1-4 EEL =      4513.5038  VDWAALS    =     17082.1230
 EELEC  =   -134629.8866  EHBOND  =         0.0000  RESTRAINT  =         0.0000
 ------------------------------------------------------------------------------

check COM velocity, temp:        0.000001     0.00(Removed)

 NSTEP =     6000   TIME(PS) =  725013.000  TEMP(K) =   298.01  PRESS =     0.0
 Etot   =    -67043.0092  EKtot   =     26144.6875  EPtot      =    -93187.6967
 BOND   =     16551.3002  ANGLE   =      1036.0098  DIHED      =      1654.6392
 1-4 NB =       439.6301  1-4 EEL =      4552.4739  VDWAALS    =     16908.8080
 EELEC  =   -134330.5579  EHBOND  =         0.0000  RESTRAINT  =         0.0000
 ------------------------------------------------------------------------------


 NSTEP =     6500   TIME(PS) =  725013.250  TEMP(K) =   296.82  PRESS =     0.0
 Etot   =    -67041.2468  EKtot   =     26039.9629  EPtot      =    -93081.2097
 BOND   =     16392.8460  ANGLE   =      1060.8494  DIHED      =      1667.4435
 1-4 NB =       439.6759  1-4 EEL =      4566.7625  VDWAALS    =     17043.7213
 EELEC  =   -134252.5083  EHBOND  =         0.0000  RESTRAINT  =         0.0000
 ------------------------------------------------------------------------------

check COM velocity, temp:        0.000004     0.00(Removed)

 NSTEP =     7000   TIME(PS) =  725013.500  TEMP(K) =   299.28  PRESS =     0.0
 Etot   =    -67048.1759  EKtot   =     26256.0977  EPtot      =    -93304.2736
 BOND   =     16559.7821  ANGLE   =       989.8860  DIHED      =      1669.6558
 1-4 NB =       448.8335  1-4 EEL =      4553.4645  VDWAALS    =     17098.2863
 EELEC  =   -134624.1817  EHBOND  =         0.0000  RESTRAINT  =         0.0000
 ------------------------------------------------------------------------------


 NSTEP =     7500   TIME(PS) =  725013.750  TEMP(K) =   299.34  PRESS =     0.0
 Etot   =    -67045.0000  EKtot   =     26261.1602  EPtot      =    -93306.1601
 BOND   =     16573.9921  ANGLE   =      1004.5034  DIHED      =      1652.9059
 1-4 NB =       457.5254  1-4 EEL =      4558.7540  VDWAALS    =     17232.0555
 EELEC  =   -134785.8965  EHBOND  =         0.0000  RESTRAINT  =         0.0000
 ------------------------------------------------------------------------------

check COM velocity, temp:        0.000006     0.00(Removed)

 NSTEP =     8000   TIME(PS) =  725014.000  TEMP(K) =   298.45  PRESS =     0.0
 Etot   =    -67043.9285  EKtot   =     26182.8281  EPtot      =    -93226.7566
 BOND   =     16459.2847  ANGLE   =      1039.0572  DIHED      =      1654.3481
 1-4 NB =       449.7016  1-4 EEL =      4604.8533  VDWAALS    =     17093.0876
 EELEC  =   -134527.0890  EHBOND  =         0.0000  RESTRAINT  =         0.0000
 ------------------------------------------------------------------------------


 NSTEP =     8500   TIME(PS) =  725014.250  TEMP(K) =   299.26  PRESS =     0.0
 Etot   =    -67044.8590  EKtot   =     26254.1270  EPtot      =    -93298.9859
 BOND   =     16495.9643  ANGLE   =      1034.7427  DIHED      =      1658.1392
 1-4 NB =       437.4024  1-4 EEL =      4565.9244  VDWAALS    =     17171.8541
 EELEC  =   -134663.0131  EHBOND  =         0.0000  RESTRAINT  =         0.0000
 ------------------------------------------------------------------------------

check COM velocity, temp:        0.000005     0.00(Removed)

 NSTEP =     9000   TIME(PS) =  725014.500  TEMP(K) =   298.27  PRESS =     0.0
 Etot   =    -67046.4668  EKtot   =     26167.7266  EPtot      =    -93214.1934
 BOND   =     16532.7439  ANGLE   =      1049.5821  DIHED      =      1642.0778
 1-4 NB =       441.8496  1-4 EEL =      4540.7421  VDWAALS    =     17675.0982
 EELEC  =   -135096.2871  EHBOND  =         0.0000  RESTRAINT  =         0.0000
 ------------------------------------------------------------------------------


 NSTEP =     9500   TIME(PS) =  725014.750  TEMP(K) =   298.23  PRESS =     0.0
 Etot   =    -67045.4632  EKtot   =     26163.8555  EPtot      =    -93209.3187
 BOND   =     16378.2933  ANGLE   =      1073.7085  DIHED      =      1670.3920
 1-4 NB =       443.4807  1-4 EEL =      4548.7417  VDWAALS    =     17022.1624
 EELEC  =   -134346.0973  EHBOND  =         0.0000  RESTRAINT  =         0.0000
 ------------------------------------------------------------------------------

check COM velocity, temp:        0.000009     0.00(Removed)

 NSTEP =    10000   TIME(PS) =  725015.000  TEMP(K) =   298.84  PRESS =     0.0
 Etot   =    -67044.8221  EKtot   =     26217.3574  EPtot      =    -93262.1795
 BOND   =     16547.3838  ANGLE   =      1067.7092  DIHED      =      1643.6229
 1-4 NB =       446.7427  1-4 EEL =      4567.6425  VDWAALS    =     17239.4156
 EELEC  =   -134774.6961  EHBOND  =         0.0000  RESTRAINT  =         0.0000
 ------------------------------------------------------------------------------


 NSTEP =    10500   TIME(PS) =  725015.250  TEMP(K) =   298.09  PRESS =     0.0
 Etot   =    -67043.1523  EKtot   =     26151.3555  EPtot      =    -93194.5078
 BOND   =     16525.3560  ANGLE   =      1053.0520  DIHED      =      1647.6331
 1-4 NB =       443.9474  1-4 EEL =      4524.6884  VDWAALS    =     17232.5767
 EELEC  =   -134621.7613  EHBOND  =         0.0000  RESTRAINT  =         0.0000
 ------------------------------------------------------------------------------

check COM velocity, temp:        0.000003     0.00(Removed)

 NSTEP =    11000   TIME(PS) =  725015.500  TEMP(K) =   298.94  PRESS =     0.0
 Etot   =    -67043.9291  EKtot   =     26225.7715  EPtot      =    -93269.7006
 BOND   =     16358.7890  ANGLE   =      1009.9917  DIHED      =      1680.6368
 1-4 NB =       458.9093  1-4 EEL =      4544.5790  VDWAALS    =     17011.3957
 EELEC  =   -134334.0020  EHBOND  =         0.0000  RESTRAINT  =         0.0000
 ------------------------------------------------------------------------------


 NSTEP =    11500   TIME(PS) =  725015.750  TEMP(K) =   298.86  PRESS =     0.0
 Etot   =    -67045.2861  EKtot   =     26219.4746  EPtot      =    -93264.7607
 BOND   =     16318.7192  ANGLE   =      1013.7396  DIHED      =      1644.7780
 1-4 NB =       442.8166  1-4 EEL =      4540.5100  VDWAALS    =     16989.6152
 EELEC  =   -134214.9393  EHBOND  =         0.0000  RESTRAINT  =         0.0000
 ------------------------------------------------------------------------------

check COM velocity, temp:        0.000004     0.00(Removed)

 NSTEP =    12000   TIME(PS) =  725016.000  TEMP(K) =   298.45  PRESS =     0.0
 Etot   =    -67042.9845  EKtot   =     26182.7617  EPtot      =    -93225.7463
 BOND   =     16292.1418  ANGLE   =      1070.3899  DIHED      =      1655.7155
 1-4 NB =       445.8810  1-4 EEL =      4528.3596  VDWAALS    =     17306.6804
 EELEC  =   -134524.9144  EHBOND  =         0.0000  RESTRAINT  =         0.0000
 ------------------------------------------------------------------------------


 NSTEP =    12500   TIME(PS) =  725016.250  TEMP(K) =   297.72  PRESS =     0.0
 Etot   =    -67038.3516  EKtot   =     26119.5430  EPtot      =    -93157.8946
 BOND   =     16450.1026  ANGLE   =      1061.9540  DIHED      =      1642.1008
 1-4 NB =       438.9927  1-4 EEL =      4536.4501  VDWAALS    =     17275.5961
 EELEC  =   -134563.0909  EHBOND  =         0.0000  RESTRAINT  =         0.0000
 ------------------------------------------------------------------------------

check COM velocity, temp:        0.000003     0.00(Removed)

 NSTEP =    13000   TIME(PS) =  725016.500  TEMP(K) =   299.81  PRESS =     0.0
 Etot   =    -67044.1538  EKtot   =     26302.3711  EPtot      =    -93346.5249
 BOND   =     16654.5675  ANGLE   =      1015.6150  DIHED      =      1639.4042
 1-4 NB =       430.2886  1-4 EEL =      4550.6444  VDWAALS    =     17058.2254
 EELEC  =   -134695.2699  EHBOND  =         0.0000  RESTRAINT  =         0.0000
 ------------------------------------------------------------------------------


 NSTEP =    13500   TIME(PS) =  725016.750  TEMP(K) =   297.44  PRESS =     0.0
 Etot   =    -67044.6328  EKtot   =     26094.6445  EPtot      =    -93139.2774
 BOND   =     16514.5904  ANGLE   =      1071.3931  DIHED      =      1623.2833
 1-4 NB =       439.0693  1-4 EEL =      4485.0346  VDWAALS    =     17042.2971
 EELEC  =   -134314.9452  EHBOND  =         0.0000  RESTRAINT  =         0.0000
 ------------------------------------------------------------------------------

check COM velocity, temp:        0.000009     0.00(Removed)

 NSTEP =    14000   TIME(PS) =  725017.000  TEMP(K) =   300.13  PRESS =     0.0
 Etot   =    -67040.6892  EKtot   =     26330.2383  EPtot      =    -93370.9275
 BOND   =     16672.6281  ANGLE   =      1006.7151  DIHED      =      1652.5282
 1-4 NB =       438.7419  1-4 EEL =      4542.9071  VDWAALS    =     16847.0363
 EELEC  =   -134531.4842  EHBOND  =         0.0000  RESTRAINT  =         0.0000
 ------------------------------------------------------------------------------


 NSTEP =    14500   TIME(PS) =  725017.250  TEMP(K) =   298.12  PRESS =     0.0
 Etot   =    -67042.1684  EKtot   =     26154.5566  EPtot      =    -93196.7251
 BOND   =     16404.6238  ANGLE   =      1077.1382  DIHED      =      1663.2003
 1-4 NB =       435.1138  1-4 EEL =      4527.5242  VDWAALS    =     17083.7008
 EELEC  =   -134388.0260  EHBOND  =         0.0000  RESTRAINT  =         0.0000
 ------------------------------------------------------------------------------

check COM velocity, temp:        0.000004     0.00(Removed)

 NSTEP =    15000   TIME(PS) =  725017.500  TEMP(K) =   298.83  PRESS =     0.0
 Etot   =    -67043.6941  EKtot   =     26216.4434  EPtot      =    -93260.1374
 BOND   =     16406.9987  ANGLE   =      1011.4471  DIHED      =      1639.7392
 1-4 NB =       446.8577  1-4 EEL =      4499.5940  VDWAALS    =     17132.1939
 EELEC  =   -134396.9681  EHBOND  =         0.0000  RESTRAINT  =         0.0000
 ------------------------------------------------------------------------------


 NSTEP =    15500   TIME(PS) =  725017.750  TEMP(K) =   299.11  PRESS =     0.0
 Etot   =    -67043.0280  EKtot   =     26240.6602  EPtot      =    -93283.6881
 BOND   =     16464.7057  ANGLE   =      1062.0912  DIHED      =      1644.3260
 1-4 NB =       452.5053  1-4 EEL =      4536.2738  VDWAALS    =     17378.4200
 EELEC  =   -134822.0101  EHBOND  =         0.0000  RESTRAINT  =         0.0000
 ------------------------------------------------------------------------------

check COM velocity, temp:        0.000002     0.00(Removed)

 NSTEP =    16000   TIME(PS) =  725018.000  TEMP(K) =   299.55  PRESS =     0.0
 Etot   =    -67040.6034  EKtot   =     26280.0840  EPtot      =    -93320.6874
 BOND   =     16511.1308  ANGLE   =      1029.2009  DIHED      =      1650.5410
 1-4 NB =       451.5794  1-4 EEL =      4544.9663  VDWAALS    =     17130.2753
 EELEC  =   -134638.3812  EHBOND  =         0.0000  RESTRAINT  =         0.0000
 ------------------------------------------------------------------------------


 NSTEP =    16500   TIME(PS) =  725018.250  TEMP(K) =   299.16  PRESS =     0.0
 Etot   =    -67045.4688  EKtot   =     26245.0566  EPtot      =    -93290.5254
 BOND   =     16359.1606  ANGLE   =      1073.5236  DIHED      =      1657.0882
 1-4 NB =       439.9577  1-4 EEL =      4532.4250  VDWAALS    =     17088.3362
 EELEC  =   -134441.0168  EHBOND  =         0.0000  RESTRAINT  =         0.0000
 ------------------------------------------------------------------------------

check COM velocity, temp:        0.000003     0.00(Removed)

 NSTEP =    17000   TIME(PS) =  725018.500  TEMP(K) =   298.30  PRESS =     0.0
 Etot   =    -67045.6686  EKtot   =     26170.4121  EPtot      =    -93216.0807
 BOND   =     16551.5839  ANGLE   =      1034.0618  DIHED      =      1644.8664
 1-4 NB =       442.1865  1-4 EEL =      4551.9673  VDWAALS    =     17282.6427
 EELEC  =   -134723.3893  EHBOND  =         0.0000  RESTRAINT  =         0.0000
 ------------------------------------------------------------------------------


 NSTEP =    17500   TIME(PS) =  725018.750  TEMP(K) =   300.18  PRESS =     0.0
 Etot   =    -67045.7628  EKtot   =     26335.2852  EPtot      =    -93381.0480
 BOND   =     16476.2682  ANGLE   =      1038.1647  DIHED      =      1637.0553
 1-4 NB =       438.9239  1-4 EEL =      4501.5490  VDWAALS    =     17277.2376
 EELEC  =   -134750.2465  EHBOND  =         0.0000  RESTRAINT  =         0.0000
 ------------------------------------------------------------------------------

check COM velocity, temp:        0.000005     0.00(Removed)

 NSTEP =    18000   TIME(PS) =  725019.000  TEMP(K) =   298.16  PRESS =     0.0
 Etot   =    -67044.3532  EKtot   =     26158.1543  EPtot      =    -93202.5074
 BOND   =     16444.9830  ANGLE   =      1037.5058  DIHED      =      1650.3234
 1-4 NB =       458.6499  1-4 EEL =      4574.6751  VDWAALS    =     17091.3979
 EELEC  =   -134460.0427  EHBOND  =         0.0000  RESTRAINT  =         0.0000
 ------------------------------------------------------------------------------


 NSTEP =    18500   TIME(PS) =  725019.250  TEMP(K) =   299.65  PRESS =     0.0
 Etot   =    -67046.2005  EKtot   =     26288.7617  EPtot      =    -93334.9622
 BOND   =     16345.0481  ANGLE   =      1059.4150  DIHED      =      1693.0785
 1-4 NB =       447.0811  1-4 EEL =      4553.1911  VDWAALS    =     16864.1616
 EELEC  =   -134296.9376  EHBOND  =         0.0000  RESTRAINT  =         0.0000
 ------------------------------------------------------------------------------

check COM velocity, temp:        0.000007     0.00(Removed)

 NSTEP =    19000   TIME(PS) =  725019.500  TEMP(K) =   300.00  PRESS =     0.0
 Etot   =    -67046.7639  EKtot   =     26318.9180  EPtot      =    -93365.6819
 BOND   =     16557.6215  ANGLE   =      1034.6513  DIHED      =      1647.9341
 1-4 NB =       454.0439  1-4 EEL =      4547.2048  VDWAALS    =     17160.2936
 EELEC  =   -134767.4311  EHBOND  =         0.0000  RESTRAINT  =         0.0000
 ------------------------------------------------------------------------------


 NSTEP =    19500   TIME(PS) =  725019.750  TEMP(K) =   299.87  PRESS =     0.0
 Etot   =    -67047.9323  EKtot   =     26307.9238  EPtot      =    -93355.8561
 BOND   =     16387.6596  ANGLE   =      1044.3426  DIHED      =      1645.8312
 1-4 NB =       457.5955  1-4 EEL =      4546.4235  VDWAALS    =     17358.8504
 EELEC  =   -134796.5590  EHBOND  =         0.0000  RESTRAINT  =         0.0000
 ------------------------------------------------------------------------------

check COM velocity, temp:        0.000003     0.00(Removed)

 NSTEP =    20000   TIME(PS) =  725020.000  TEMP(K) =   299.30  PRESS =     0.0
 Etot   =    -67043.7076  EKtot   =     26258.1309  EPtot      =    -93301.8385
 BOND   =     16440.3438  ANGLE   =      1060.7453  DIHED      =      1673.2567
 1-4 NB =       438.7823  1-4 EEL =      4512.7243  VDWAALS    =     17058.7771
 EELEC  =   -134486.4679  EHBOND  =         0.0000  RESTRAINT  =         0.0000
 ------------------------------------------------------------------------------


      A V E R A G E S   O V E R      40 S T E P S


 NSTEP =    20000   TIME(PS) =  725020.000  TEMP(K) =   298.70  PRESS =     0.0
 Etot   =    -67043.6590  EKtot   =     26205.3849  EPtot      =    -93249.0438
 BOND   =     16498.5506  ANGLE   =      1037.8251  DIHED      =      1652.7377
 1-4 NB =       444.5733  1-4 EEL =      4542.9527  VDWAALS    =     17119.1082
 EELEC  =   -134544.7915  EHBOND  =         0.0000  RESTRAINT  =         0.0000
 ------------------------------------------------------------------------------


      R M S  F L U C T U A T I O N S


 NSTEP =    20000   TIME(PS) =  725020.000  TEMP(K) =     0.81  PRESS =     0.0
 Etot   =         2.3628  EKtot   =        70.6406  EPtot      =        71.5887
 BOND   =       115.2829  ANGLE   =        24.0180  DIHED      =        12.8968
 1-4 NB =         7.6582  1-4 EEL =        24.0801  VDWAALS    =       167.4447
 EELEC  =       218.1357  EHBOND  =         0.0000  RESTRAINT  =         0.0000
|E(PBS) =         0.7146
 ------------------------------------------------------------------------------

--------------------------------------------------------------------------------
   5.  TIMINGS
--------------------------------------------------------------------------------

|  NonSetup CPU Time in Major Routines:
|
|     Routine           Sec        %
|     ------------------------------
|     Nonbond           2.52    9.11
|     Bond              0.00    0.00
|     Angle             0.00    0.00
|     Dihedral          0.00    0.00
|     Shake             0.00    0.00
|     RunMD            25.12   90.76
|     Other             0.04    0.13
|     ------------------------------
|     Total            27.68

|  PME Nonbond Pairlist CPU Time:
|
|     Routine              Sec        %
|     ---------------------------------
|     Set Up Cit           0.00    0.00
|     Build List           0.00    0.00
|     ---------------------------------
|     Total                0.00    0.00

|  PME Direct Force CPU Time:
|
|     Routine              Sec        %
|     ---------------------------------
|     NonBonded Calc       0.00    0.00
|     Exclude Masked       0.00    0.00
|     Other                0.01    0.04
|     ---------------------------------
|     Total                0.01    0.04

|  PME Reciprocal Force CPU Time:
|
|     Routine              Sec        %
|     ---------------------------------
|     1D bspline           0.00    0.00
|     Grid Charges         0.00    0.00
|     Scalar Sum           0.00    0.00
|     Gradient Sum         0.00    0.00
|     FFT                  0.00    0.00
|     ---------------------------------
|     Total                0.00    0.00

|  Final Performance Info:
|     -----------------------------------------------------
|     Average timings for last   19500 steps:
|     Elapsed(s) =      27.44 Per Step(ms) =       1.41
|         ns/day =      30.70   seconds/ns =    2814.23
|
|     Average timings for all steps:
|     Elapsed(s) =      28.13 Per Step(ms) =       1.41
|         ns/day =      30.71   seconds/ns =    2813.49
|     -----------------------------------------------------

|  Setup CPU time:            1.00 seconds
|  NonSetup CPU time:        27.68 seconds
|  Total CPU time:           28.68 seconds     0.01 hours

|  Setup wall time:           1    seconds
|  NonSetup wall time:       28    seconds
|  Total wall time:          29    seconds     0.01 hours
