
          -------------------------------------------------------
          Amber 16 PMEMD                              2016
          -------------------------------------------------------

| PMEMD implementation of SANDER, Release 16

| Run on 08/24/2017 at 12:38:45

|   Executable path: /apps/amber16/bin/pmemd.cuda
| Working directory: /scratch/pbarletta/pdz/run/lb/neq/data/2
|          Hostname: mordor

  [-O]verwriting output

File Assignments:
|   MDIN: pdt.in                                                                
|  MDOUT: 384plb_2.out                                                          
| INPCRD: ../1/384plb_1.rst7                                                    
|   PARM: /scratch/pbarletta/pdz/top_files/lb.prmtop                            
| RESTRT: 384plb_2.rst7                                                         
|   REFC: refc                                                                  
|  MDVEL: mdvel                                                                 
|   MDEN: mden                                                                  
|  MDCRD: 384plb_2.nc                                                           
| MDINFO: mdinfo                                                                
|  MDFRC: mdfrc                                                                 


 Here is the input file:

!NVE run                                                                       
&cntrl                                                                         
imin = 0,                           ! No Minimization                          
nmropt = 0,                         ! No NMR restraints read                   
                                                                               
! Nature and format of the input                                               
ntx = 5,                            ! Coordinates and velocities will be read  
irest = 1,                          ! Restart simulation                       
                                                                               
! Nature and format of the output                                              
ioutfm = 1,			    ! NetCDF format for output files                             
ntxo = 1,                           ! rstrt file in ASCII format               
ntpr = 500,                         ! inf in output every ntpr steps           
ntwr = 500,                         ! rstrt file every ntwr steps              
ntwx = 20,                          ! mdcrd file every ntwx steps              
ntwv = -1,                          ! mdvel without velocities                 
ntwe = 0,                           ! Energies and temperatures not written in 
idecomp = 0,                        ! No energy decomposition                  
iwrap = 1,                          ! Coordinates of the restart and mdcrd file
                                                                               
! Frozen or restrained atoms                                                   
ibelly = 0,                         ! No frozen atoms                          
ntr=0,                              ! Harmonic potential restraints            
                                                                               
! Molecular dynamics                                                           
nstlim = 20000,                      ! Number of MD-steps                      
dt = 0.0005,                        ! Time step                                
                                                                               
! Temperature regulation                                                       
ntt = 3,                            ! Langevin thermostat                      
gamma_ln = 2,                       ! Gamma constant for Langevin              
temp0 = 300.0,                      ! Reference T at which the system is to be 
tempi = 300.0,                      ! Initial T                                
                                                                               
! P and V regulation                                                           
ntp = 0,                            ! No P control                             
ntb = 1,                            ! constant V                               
                                                                               
! SHAKE variables                                                              
ntc = 1,                            ! No SHAKE                                 
ntf = 1,                            ! Get E with allatom                       
                                                                               
cut = 9.0,                          ! Nonbonded cutoff                         
/                                                                              
&end                                                                           


Note: ig = -1. Setting random seed to    89964 based on wallclock time in 
      microseconds.
| irandom = 1, using AMBER's internal random number generator (default).
 
|--------------------- INFORMATION ----------------------
| GPU (CUDA) Version of PMEMD in use: NVIDIA GPU IN USE.
|                    Version 16.0.0
| 
|                      02/25/2016
| 
| Implementation by:
|                    Ross C. Walker     (SDSC)
|                    Scott Le Grand     (nVIDIA)
| 
| Precision model in use:
|      [SPFP] - Single Precision Forces, 64-bit Fixed Point
|               Accumulation. (Default)
| 
|--------------------------------------------------------
 
|----------------- CITATION INFORMATION -----------------
|
|    When publishing work that utilized the CUDA version
|    of AMBER, please cite the following in addition to
|    the regular AMBER citations:
|
|  - Romelia Salomon-Ferrer; Andreas W. Goetz; Duncan
|    Poole; Scott Le Grand; Ross C. Walker "Routine
|    microsecond molecular dynamics simulations with
|    AMBER - Part II: Particle Mesh Ewald", J. Chem.
|    Theory Comput., 2013, 9 (9), pp3878-3888,
|    DOI: 10.1021/ct400314y.
|
|  - Andreas W. Goetz; Mark J. Williamson; Dong Xu;
|    Duncan Poole; Scott Le Grand; Ross C. Walker
|    "Routine microsecond molecular dynamics simulations
|    with AMBER - Part I: Generalized Born", J. Chem.
|    Theory Comput., 2012, 8 (5), pp1542-1555.
|
|  - Scott Le Grand; Andreas W. Goetz; Ross C. Walker
|    "SPFP: Speed without compromise - a mixed precision
|    model for GPU accelerated molecular dynamics
|    simulations.", Comp. Phys. Comm., 2013, 184
|    pp374-380, DOI: 10.1016/j.cpc.2012.09.022
|
|--------------------------------------------------------
 
|------------------- GPU DEVICE INFO --------------------
|
|            CUDA_VISIBLE_DEVICES: 1
|   CUDA Capable Devices Detected:      1
|           CUDA Device ID in use:      0
|                CUDA Device Name: GeForce GTX TITAN
|     CUDA Device Global Mem Size:   6082 MB
| CUDA Device Num Multiprocessors:     14
|           CUDA Device Core Freq:   0.93 GHz
|
|--------------------------------------------------------
 
 
| Conditional Compilation Defines Used:
| PUBFFT
| BINTRAJ
| CUDA
| EMIL

| Largest sphere to fit in unit cell has radius =    26.281

| New format PARM file being parsed.
| Version =    1.000 Date = 09/04/12 Time = 16:08:43

| Note: 1-4 EEL scale factors are being read from the topology file.

| Note: 1-4 VDW scale factors are being read from the topology file.
| Duplicated    0 dihedrals

| Duplicated    0 dihedrals

--------------------------------------------------------------------------------
   1.  RESOURCE   USE: 
--------------------------------------------------------------------------------

 getting new box info from bottom of inpcrd
 NATOM  =   23082 NTYPES =      16 NBONH =   22055 MBONA  =    1038
 NTHETH =    2390 MTHETA =    1396 NPHIH =    4631 MPHIA  =    3488
 NHPARM =       0 NPARM  =       0 NNB   =   39434 NRES   =    7134
 NBONA  =    1038 NTHETA =    1396 NPHIA =    3488 NUMBND =      41
 NUMANG =      86 NPTRA  =      41 NATYP =      28 NPHB   =       1
 IFBOX  =       1 NMXRS  =      24 IFCAP =       0 NEXTRA =       0
 NCOPY  =       0

| Coordinate Index Table dimensions:    12   14   10
| Direct force subcell size =     5.0212    5.2012    5.2562

     BOX TYPE: RECTILINEAR

--------------------------------------------------------------------------------
   2.  CONTROL  DATA  FOR  THE  RUN
--------------------------------------------------------------------------------

default_name                                                                    

General flags:
     imin    =       0, nmropt  =       0

Nature and format of input:
     ntx     =       5, irest   =       1, ntrx    =       1

Nature and format of output:
     ntxo    =       1, ntpr    =     500, ntrx    =       1, ntwr    =     500
     iwrap   =       1, ntwx    =      20, ntwv    =      -1, ntwe    =       0
     ioutfm  =       1, ntwprt  =       0, idecomp =       0, rbornstat=      0

Potential function:
     ntf     =       1, ntb     =       1, igb     =       0, nsnb    =      25
     ipol    =       0, gbsa    =       0, iesp    =       0
     dielc   =   1.00000, cut     =   9.00000, intdiel =   1.00000

Frozen or restrained atoms:
     ibelly  =       0, ntr     =       0

Molecular dynamics:
     nstlim  =     20000, nscm    =      1000, nrespa  =         1
     t       =   0.00000, dt      =   0.00050, vlimit  =  -1.00000

Langevin dynamics temperature regulation:
     ig      =   89964
     temp0   = 300.00000, tempi   = 300.00000, gamma_ln=   2.00000

| Intermolecular bonds treatment:
|     no_intermolecular_bonds =       1

| Energy averages sample interval:
|     ene_avg_sampling =     500

Ewald parameters:
     verbose =       0, ew_type =       0, nbflag  =       1, use_pme =       1
     vdwmeth =       1, eedmeth =       1, netfrc  =       1
     Box X =   60.254   Box Y =   72.816   Box Z =   52.562
     Alpha =   90.000   Beta  =   90.000   Gamma =   90.000
     NFFT1 =   64       NFFT2 =   80       NFFT3 =   56
     Cutoff=    9.000   Tol   =0.100E-04
     Ewald Coefficient =  0.30768
     Interpolation order =    4

--------------------------------------------------------------------------------
   3.  ATOMIC COORDINATES AND VELOCITIES
--------------------------------------------------------------------------------

default_name                                                                    
 begin time read from input coords =    10.000 ps

 
 Number of triangulated 3-point waters found:     7002

     Sum of charges from parm topology file =  -0.00000008
     Forcing neutrality...

| Dynamic Memory, Types Used:
| Reals              710578
| Integers           737140

| Nonbonded Pairs Initial Allocation:     5262696

| GPU memory information (estimate):
| KB of GPU memory in use:    132483
| KB of CPU memory in use:     27891

--------------------------------------------------------------------------------
   4.  RESULTS
--------------------------------------------------------------------------------

 ---------------------------------------------------
 APPROXIMATING switch and d/dx switch using CUBIC SPLINE INTERPOLATION
 using   5000.0 points per unit in tabled values
 TESTING RELATIVE ERROR over r ranging from 0.0 to cutoff
| CHECK switch(x): max rel err =   0.2738E-14   at   2.422500
| CHECK d/dx switch(x): max rel err =   0.8314E-11   at   2.736960
 ---------------------------------------------------
|---------------------------------------------------
| APPROXIMATING direct energy using CUBIC SPLINE INTERPOLATION
|  with   50.0 points per unit in tabled values
| Relative Error Limit not exceeded for r .gt.   2.39
| APPROXIMATING direct force using CUBIC SPLINE INTERPOLATION
|  with   50.0 points per unit in tabled values
| Relative Error Limit not exceeded for r .gt.   2.84
|---------------------------------------------------

 NSTEP =      500   TIME(PS) =      10.250  TEMP(K) =   273.02  PRESS =     0.0
 Etot   =    -54301.3450  EKtot   =     18784.2539  EPtot      =    -73085.5989
 BOND   =      7065.5797  ANGLE   =       972.8086  DIHED      =      1312.0969
 1-4 NB =       439.0774  1-4 EEL =      4657.5122  VDWAALS    =     11846.4072
 EELEC  =    -99379.0809  EHBOND  =         0.0000  RESTRAINT  =         0.0000
 ------------------------------------------------------------------------------


 NSTEP =     1000   TIME(PS) =      10.500  TEMP(K) =   286.03  PRESS =     0.0
 Etot   =    -52846.3068  EKtot   =     19679.7207  EPtot      =    -72526.0275
 BOND   =     10142.6971  ANGLE   =       950.5290  DIHED      =      1328.9893
 1-4 NB =       445.4127  1-4 EEL =      4709.9733  VDWAALS    =     12173.7530
 EELEC  =   -102277.3820  EHBOND  =         0.0000  RESTRAINT  =         0.0000
 ------------------------------------------------------------------------------


 NSTEP =     1500   TIME(PS) =      10.750  TEMP(K) =   291.67  PRESS =     0.0
 Etot   =    -52388.2761  EKtot   =     20067.8164  EPtot      =    -72456.0925
 BOND   =     11563.5421  ANGLE   =       973.7461  DIHED      =      1327.4514
 1-4 NB =       437.4397  1-4 EEL =      4676.0045  VDWAALS    =     12175.4484
 EELEC  =   -103609.7246  EHBOND  =         0.0000  RESTRAINT  =         0.0000
 ------------------------------------------------------------------------------


 NSTEP =     2000   TIME(PS) =      11.000  TEMP(K) =   295.30  PRESS =     0.0
 Etot   =    -51783.0520  EKtot   =     20317.2539  EPtot      =    -72100.3059
 BOND   =     12167.7998  ANGLE   =       973.6120  DIHED      =      1309.8231
 1-4 NB =       441.8734  1-4 EEL =      4672.3381  VDWAALS    =     11946.4673
 EELEC  =   -103612.2196  EHBOND  =         0.0000  RESTRAINT  =         0.0000
 ------------------------------------------------------------------------------


 NSTEP =     2500   TIME(PS) =      11.250  TEMP(K) =   299.03  PRESS =     0.0
 Etot   =    -51525.7984  EKtot   =     20574.3184  EPtot      =    -72100.1167
 BOND   =     12384.9306  ANGLE   =      1003.0353  DIHED      =      1327.2022
 1-4 NB =       441.9928  1-4 EEL =      4716.5622  VDWAALS    =     12448.8708
 EELEC  =   -104422.7107  EHBOND  =         0.0000  RESTRAINT  =         0.0000
 ------------------------------------------------------------------------------


 NSTEP =     3000   TIME(PS) =      11.500  TEMP(K) =   301.06  PRESS =     0.0
 Etot   =    -51331.9534  EKtot   =     20713.6953  EPtot      =    -72045.6487
 BOND   =     12527.5412  ANGLE   =       987.4249  DIHED      =      1325.9245
 1-4 NB =       451.5659  1-4 EEL =      4680.9307  VDWAALS    =     12353.5557
 EELEC  =   -104372.5915  EHBOND  =         0.0000  RESTRAINT  =         0.0000
 ------------------------------------------------------------------------------


 NSTEP =     3500   TIME(PS) =      11.750  TEMP(K) =   301.71  PRESS =     0.0
 Etot   =    -51437.4350  EKtot   =     20758.0977  EPtot      =    -72195.5327
 BOND   =     12756.5228  ANGLE   =      1034.8460  DIHED      =      1319.6692
 1-4 NB =       444.4479  1-4 EEL =      4670.7899  VDWAALS    =     12412.4490
 EELEC  =   -104834.2575  EHBOND  =         0.0000  RESTRAINT  =         0.0000
 ------------------------------------------------------------------------------


 NSTEP =     4000   TIME(PS) =      12.000  TEMP(K) =   303.50  PRESS =     0.0
 Etot   =    -51273.3743  EKtot   =     20881.4355  EPtot      =    -72154.8099
 BOND   =     12649.0036  ANGLE   =      1060.0579  DIHED      =      1314.5017
 1-4 NB =       446.2764  1-4 EEL =      4667.6295  VDWAALS    =     12526.5482
 EELEC  =   -104818.8272  EHBOND  =         0.0000  RESTRAINT  =         0.0000
 ------------------------------------------------------------------------------


 NSTEP =     4500   TIME(PS) =      12.250  TEMP(K) =   302.44  PRESS =     0.0
 Etot   =    -51274.4924  EKtot   =     20808.3418  EPtot      =    -72082.8342
 BOND   =     12659.4186  ANGLE   =      1057.9692  DIHED      =      1338.7336
 1-4 NB =       427.0159  1-4 EEL =      4679.1257  VDWAALS    =     12225.5157
 EELEC  =   -104470.6130  EHBOND  =         0.0000  RESTRAINT  =         0.0000
 ------------------------------------------------------------------------------


 NSTEP =     5000   TIME(PS) =      12.500  TEMP(K) =   303.83  PRESS =     0.0
 Etot   =    -51313.0818  EKtot   =     20904.2930  EPtot      =    -72217.3748
 BOND   =     12829.1364  ANGLE   =      1037.5598  DIHED      =      1310.8815
 1-4 NB =       447.1849  1-4 EEL =      4697.4543  VDWAALS    =     12451.0246
 EELEC  =   -104990.6164  EHBOND  =         0.0000  RESTRAINT  =         0.0000
 ------------------------------------------------------------------------------


 NSTEP =     5500   TIME(PS) =      12.750  TEMP(K) =   302.14  PRESS =     0.0
 Etot   =    -51543.0131  EKtot   =     20788.0938  EPtot      =    -72331.1069
 BOND   =     12702.9485  ANGLE   =      1003.4185  DIHED      =      1298.7667
 1-4 NB =       454.5381  1-4 EEL =      4681.9703  VDWAALS    =     12333.9114
 EELEC  =   -104806.6605  EHBOND  =         0.0000  RESTRAINT  =         0.0000
 ------------------------------------------------------------------------------


 NSTEP =     6000   TIME(PS) =      13.000  TEMP(K) =   299.93  PRESS =     0.0
 Etot   =    -51719.1444  EKtot   =     20636.1562  EPtot      =    -72355.3006
 BOND   =     12538.4729  ANGLE   =      1033.2695  DIHED      =      1326.7310
 1-4 NB =       444.0297  1-4 EEL =      4683.1016  VDWAALS    =     12676.9207
 EELEC  =   -105057.8260  EHBOND  =         0.0000  RESTRAINT  =         0.0000
 ------------------------------------------------------------------------------


 NSTEP =     6500   TIME(PS) =      13.250  TEMP(K) =   297.42  PRESS =     0.0
 Etot   =    -52039.8110  EKtot   =     20463.5410  EPtot      =    -72503.3520
 BOND   =     12684.3478  ANGLE   =      1072.3782  DIHED      =      1333.1748
 1-4 NB =       446.6045  1-4 EEL =      4649.6834  VDWAALS    =     12688.3073
 EELEC  =   -105377.8479  EHBOND  =         0.0000  RESTRAINT  =         0.0000
 ------------------------------------------------------------------------------


 NSTEP =     7000   TIME(PS) =      13.500  TEMP(K) =   298.44  PRESS =     0.0
 Etot   =    -52102.3765  EKtot   =     20533.5059  EPtot      =    -72635.8824
 BOND   =     12747.3669  ANGLE   =      1018.5350  DIHED      =      1345.2347
 1-4 NB =       435.6442  1-4 EEL =      4654.7420  VDWAALS    =     12979.4803
 EELEC  =   -105816.8856  EHBOND  =         0.0000  RESTRAINT  =         0.0000
 ------------------------------------------------------------------------------


 NSTEP =     7500   TIME(PS) =      13.750  TEMP(K) =   300.81  PRESS =     0.0
 Etot   =    -52171.0805  EKtot   =     20696.3379  EPtot      =    -72867.4184
 BOND   =     12652.9848  ANGLE   =      1023.0231  DIHED      =      1314.7695
 1-4 NB =       435.8338  1-4 EEL =      4680.1377  VDWAALS    =     13050.8414
 EELEC  =   -106025.0086  EHBOND  =         0.0000  RESTRAINT  =         0.0000
 ------------------------------------------------------------------------------


 NSTEP =     8000   TIME(PS) =      14.000  TEMP(K) =   301.60  PRESS =     0.0
 Etot   =    -52126.6916  EKtot   =     20750.6758  EPtot      =    -72877.3674
 BOND   =     12656.0964  ANGLE   =      1000.3215  DIHED      =      1327.3464
 1-4 NB =       445.0386  1-4 EEL =      4688.4197  VDWAALS    =     13009.2942
 EELEC  =   -106003.8843  EHBOND  =         0.0000  RESTRAINT  =         0.0000
 ------------------------------------------------------------------------------


 NSTEP =     8500   TIME(PS) =      14.250  TEMP(K) =   302.50  PRESS =     0.0
 Etot   =    -52096.4204  EKtot   =     20812.4648  EPtot      =    -72908.8853
 BOND   =     12833.2726  ANGLE   =       999.1393  DIHED      =      1329.9671
 1-4 NB =       440.6719  1-4 EEL =      4661.4909  VDWAALS    =     12956.8359
 EELEC  =   -106130.2629  EHBOND  =         0.0000  RESTRAINT  =         0.0000
 ------------------------------------------------------------------------------


 NSTEP =     9000   TIME(PS) =      14.500  TEMP(K) =   299.20  PRESS =     0.0
 Etot   =    -52216.1424  EKtot   =     20585.6270  EPtot      =    -72801.7693
 BOND   =     12689.4207  ANGLE   =      1035.1375  DIHED      =      1324.1371
 1-4 NB =       453.2326  1-4 EEL =      4675.9382  VDWAALS    =     12915.3258
 EELEC  =   -105894.9613  EHBOND  =         0.0000  RESTRAINT  =         0.0000
 ------------------------------------------------------------------------------


 NSTEP =     9500   TIME(PS) =      14.750  TEMP(K) =   299.15  PRESS =     0.0
 Etot   =    -52101.4181  EKtot   =     20582.3867  EPtot      =    -72683.8048
 BOND   =     12646.0311  ANGLE   =       946.6717  DIHED      =      1345.7199
 1-4 NB =       440.8624  1-4 EEL =      4693.0242  VDWAALS    =     12934.5027
 EELEC  =   -105690.6168  EHBOND  =         0.0000  RESTRAINT  =         0.0000
 ------------------------------------------------------------------------------


 NSTEP =    10000   TIME(PS) =      15.000  TEMP(K) =   298.54  PRESS =     0.0
 Etot   =    -52007.5754  EKtot   =     20539.9863  EPtot      =    -72547.5617
 BOND   =     12806.3033  ANGLE   =      1043.7985  DIHED      =      1338.3144
 1-4 NB =       439.6553  1-4 EEL =      4687.7435  VDWAALS    =     12934.2327
 EELEC  =   -105797.6095  EHBOND  =         0.0000  RESTRAINT  =         0.0000
 ------------------------------------------------------------------------------


 NSTEP =    10500   TIME(PS) =      15.250  TEMP(K) =   302.00  PRESS =     0.0
 Etot   =    -51886.6683  EKtot   =     20778.4824  EPtot      =    -72665.1508
 BOND   =     12799.6863  ANGLE   =       996.6919  DIHED      =      1338.1074
 1-4 NB =       441.9521  1-4 EEL =      4687.8419  VDWAALS    =     12739.0623
 EELEC  =   -105668.4926  EHBOND  =         0.0000  RESTRAINT  =         0.0000
 ------------------------------------------------------------------------------


 NSTEP =    11000   TIME(PS) =      15.500  TEMP(K) =   300.72  PRESS =     0.0
 Etot   =    -51992.5394  EKtot   =     20690.0898  EPtot      =    -72682.6292
 BOND   =     12651.3861  ANGLE   =      1003.9555  DIHED      =      1326.9672
 1-4 NB =       434.2119  1-4 EEL =      4681.5915  VDWAALS    =     12330.8739
 EELEC  =   -105111.6153  EHBOND  =         0.0000  RESTRAINT  =         0.0000
 ------------------------------------------------------------------------------


 NSTEP =    11500   TIME(PS) =      15.750  TEMP(K) =   298.30  PRESS =     0.0
 Etot   =    -52051.8280  EKtot   =     20523.6250  EPtot      =    -72575.4530
 BOND   =     12788.0721  ANGLE   =      1045.7937  DIHED      =      1332.7326
 1-4 NB =       433.9279  1-4 EEL =      4701.1375  VDWAALS    =     12951.6360
 EELEC  =   -105828.7528  EHBOND  =         0.0000  RESTRAINT  =         0.0000
 ------------------------------------------------------------------------------


 NSTEP =    12000   TIME(PS) =      16.000  TEMP(K) =   299.09  PRESS =     0.0
 Etot   =    -51934.8529  EKtot   =     20578.1836  EPtot      =    -72513.0364
 BOND   =     12793.7680  ANGLE   =      1017.5503  DIHED      =      1342.7202
 1-4 NB =       449.6080  1-4 EEL =      4720.1133  VDWAALS    =     12559.1049
 EELEC  =   -105395.9010  EHBOND  =         0.0000  RESTRAINT  =         0.0000
 ------------------------------------------------------------------------------


 NSTEP =    12500   TIME(PS) =      16.250  TEMP(K) =   298.12  PRESS =     0.0
 Etot   =    -51792.6895  EKtot   =     20511.6484  EPtot      =    -72304.3379
 BOND   =     12825.9715  ANGLE   =      1030.6104  DIHED      =      1324.2541
 1-4 NB =       440.6785  1-4 EEL =      4710.1130  VDWAALS    =     12484.2575
 EELEC  =   -105120.2229  EHBOND  =         0.0000  RESTRAINT  =         0.0000
 ------------------------------------------------------------------------------


 NSTEP =    13000   TIME(PS) =      16.500  TEMP(K) =   300.59  PRESS =     0.0
 Etot   =    -51807.5109  EKtot   =     20681.4805  EPtot      =    -72488.9914
 BOND   =     12871.1895  ANGLE   =      1057.1675  DIHED      =      1338.4455
 1-4 NB =       453.2752  1-4 EEL =      4680.3671  VDWAALS    =     13014.3594
 EELEC  =   -105903.7956  EHBOND  =         0.0000  RESTRAINT  =         0.0000
 ------------------------------------------------------------------------------


 NSTEP =    13500   TIME(PS) =      16.750  TEMP(K) =   301.18  PRESS =     0.0
 Etot   =    -51922.4207  EKtot   =     20722.0977  EPtot      =    -72644.5183
 BOND   =     12849.1335  ANGLE   =      1030.8128  DIHED      =      1346.1306
 1-4 NB =       434.9624  1-4 EEL =      4658.7488  VDWAALS    =     12856.9341
 EELEC  =   -105821.2405  EHBOND  =         0.0000  RESTRAINT  =         0.0000
 ------------------------------------------------------------------------------


 NSTEP =    14000   TIME(PS) =      17.000  TEMP(K) =   300.14  PRESS =     0.0
 Etot   =    -52032.0755  EKtot   =     20650.3672  EPtot      =    -72682.4427
 BOND   =     12749.2682  ANGLE   =      1054.9977  DIHED      =      1331.5301
 1-4 NB =       421.6848  1-4 EEL =      4644.3506  VDWAALS    =     12944.2679
 EELEC  =   -105828.5421  EHBOND  =         0.0000  RESTRAINT  =         0.0000
 ------------------------------------------------------------------------------


 NSTEP =    14500   TIME(PS) =      17.250  TEMP(K) =   299.13  PRESS =     0.0
 Etot   =    -52100.3406  EKtot   =     20580.7949  EPtot      =    -72681.1355
 BOND   =     12734.9011  ANGLE   =      1062.2797  DIHED      =      1338.0342
 1-4 NB =       424.8282  1-4 EEL =      4644.1207  VDWAALS    =     12631.5214
 EELEC  =   -105516.8210  EHBOND  =         0.0000  RESTRAINT  =         0.0000
 ------------------------------------------------------------------------------


 NSTEP =    15000   TIME(PS) =      17.500  TEMP(K) =   298.27  PRESS =     0.0
 Etot   =    -52066.4837  EKtot   =     20521.4961  EPtot      =    -72587.9798
 BOND   =     12746.4116  ANGLE   =      1043.8796  DIHED      =      1340.8155
 1-4 NB =       429.0736  1-4 EEL =      4643.2521  VDWAALS    =     12547.4961
 EELEC  =   -105338.9083  EHBOND  =         0.0000  RESTRAINT  =         0.0000
 ------------------------------------------------------------------------------


 NSTEP =    15500   TIME(PS) =      17.750  TEMP(K) =   298.88  PRESS =     0.0
 Etot   =    -51990.4268  EKtot   =     20563.7656  EPtot      =    -72554.1924
 BOND   =     12670.3002  ANGLE   =      1052.1734  DIHED      =      1337.6566
 1-4 NB =       444.2957  1-4 EEL =      4667.7427  VDWAALS    =     12813.5668
 EELEC  =   -105539.9278  EHBOND  =         0.0000  RESTRAINT  =         0.0000
 ------------------------------------------------------------------------------


 NSTEP =    16000   TIME(PS) =      18.000  TEMP(K) =   299.69  PRESS =     0.0
 Etot   =    -51981.5413  EKtot   =     20619.5684  EPtot      =    -72601.1096
 BOND   =     12899.8023  ANGLE   =      1063.0350  DIHED      =      1318.9275
 1-4 NB =       440.0225  1-4 EEL =      4674.4442  VDWAALS    =     12845.0344
 EELEC  =   -105842.3755  EHBOND  =         0.0000  RESTRAINT  =         0.0000
 ------------------------------------------------------------------------------


 NSTEP =    16500   TIME(PS) =      18.250  TEMP(K) =   299.73  PRESS =     0.0
 Etot   =    -52052.5271  EKtot   =     20622.4629  EPtot      =    -72674.9900
 BOND   =     12897.5808  ANGLE   =      1046.0290  DIHED      =      1332.2457
 1-4 NB =       430.1976  1-4 EEL =      4642.4924  VDWAALS    =     13047.4652
 EELEC  =   -106071.0007  EHBOND  =         0.0000  RESTRAINT  =         0.0000
 ------------------------------------------------------------------------------


 NSTEP =    17000   TIME(PS) =      18.500  TEMP(K) =   300.44  PRESS =     0.0
 Etot   =    -51812.5131  EKtot   =     20671.2715  EPtot      =    -72483.7846
 BOND   =     12706.5757  ANGLE   =      1047.6075  DIHED      =      1313.6260
 1-4 NB =       440.2994  1-4 EEL =      4660.3454  VDWAALS    =     12772.3846
 EELEC  =   -105424.6232  EHBOND  =         0.0000  RESTRAINT  =         0.0000
 ------------------------------------------------------------------------------


 NSTEP =    17500   TIME(PS) =      18.750  TEMP(K) =   301.12  PRESS =     0.0
 Etot   =    -51869.4028  EKtot   =     20717.5195  EPtot      =    -72586.9224
 BOND   =     12889.0768  ANGLE   =      1031.3481  DIHED      =      1306.4951
 1-4 NB =       426.4061  1-4 EEL =      4673.0492  VDWAALS    =     12805.4110
 EELEC  =   -105718.7086  EHBOND  =         0.0000  RESTRAINT  =         0.0000
 ------------------------------------------------------------------------------


 NSTEP =    18000   TIME(PS) =      19.000  TEMP(K) =   299.83  PRESS =     0.0
 Etot   =    -52027.1670  EKtot   =     20629.0293  EPtot      =    -72656.1963
 BOND   =     12855.0308  ANGLE   =      1038.7523  DIHED      =      1327.5268
 1-4 NB =       441.2873  1-4 EEL =      4675.4482  VDWAALS    =     12762.1499
 EELEC  =   -105756.3914  EHBOND  =         0.0000  RESTRAINT  =         0.0000
 ------------------------------------------------------------------------------


 NSTEP =    18500   TIME(PS) =      19.250  TEMP(K) =   302.66  PRESS =     0.0
 Etot   =    -51800.0873  EKtot   =     20823.8145  EPtot      =    -72623.9017
 BOND   =     12793.2738  ANGLE   =      1035.5597  DIHED      =      1332.6440
 1-4 NB =       439.8869  1-4 EEL =      4694.3484  VDWAALS    =     12616.7761
 EELEC  =   -105536.3907  EHBOND  =         0.0000  RESTRAINT  =         0.0000
 ------------------------------------------------------------------------------


 NSTEP =    19000   TIME(PS) =      19.500  TEMP(K) =   301.59  PRESS =     0.0
 Etot   =    -51876.6238  EKtot   =     20750.1582  EPtot      =    -72626.7820
 BOND   =     12784.9498  ANGLE   =      1006.3035  DIHED      =      1331.6758
 1-4 NB =       453.0133  1-4 EEL =      4691.7100  VDWAALS    =     12747.3917
 EELEC  =   -105641.8260  EHBOND  =         0.0000  RESTRAINT  =         0.0000
 ------------------------------------------------------------------------------


 NSTEP =    19500   TIME(PS) =      19.750  TEMP(K) =   302.37  PRESS =     0.0
 Etot   =    -51815.5844  EKtot   =     20803.9043  EPtot      =    -72619.4887
 BOND   =     12916.5679  ANGLE   =      1023.9822  DIHED      =      1320.6534
 1-4 NB =       448.3872  1-4 EEL =      4706.5874  VDWAALS    =     13124.0798
 EELEC  =   -106159.7465  EHBOND  =         0.0000  RESTRAINT  =         0.0000
 ------------------------------------------------------------------------------


 NSTEP =    20000   TIME(PS) =      20.000  TEMP(K) =   304.31  PRESS =     0.0
 Etot   =    -51715.6645  EKtot   =     20937.1523  EPtot      =    -72652.8169
 BOND   =     12820.0948  ANGLE   =       982.4235  DIHED      =      1314.7299
 1-4 NB =       437.7641  1-4 EEL =      4669.2172  VDWAALS    =     13041.4467
 EELEC  =   -105918.4931  EHBOND  =         0.0000  RESTRAINT  =         0.0000
 ------------------------------------------------------------------------------


      A V E R A G E S   O V E R      40 S T E P S


 NSTEP =    20000   TIME(PS) =      20.000  TEMP(K) =   299.14  PRESS =     0.0
 Etot   =    -51953.1934  EKtot   =     20581.3729  EPtot      =    -72534.5663
 BOND   =     12493.6614  ANGLE   =      1022.4559  DIHED      =      1327.3838
 1-4 NB =       440.6040  1-4 EEL =      4677.7898  VDWAALS    =     12666.8728
 EELEC  =   -105163.3341  EHBOND  =         0.0000  RESTRAINT  =         0.0000
 ------------------------------------------------------------------------------


      R M S  F L U C T U A T I O N S


 NSTEP =    20000   TIME(PS) =      20.000  TEMP(K) =     5.25  PRESS =     0.0
 Etot   =       484.6515  EKtot   =       361.3316  EPtot      =       238.4274
 BOND   =       983.5542  ANGLE   =        31.4477  DIHED      =        11.4329
 1-4 NB =         7.9866  1-4 EEL =        19.9943  VDWAALS    =       316.2432
 EELEC  =      1216.0379  EHBOND  =         0.0000  RESTRAINT  =         0.0000
 ------------------------------------------------------------------------------

--------------------------------------------------------------------------------
   5.  TIMINGS
--------------------------------------------------------------------------------

|  NonSetup CPU Time in Major Routines:
|
|     Routine           Sec        %
|     ------------------------------
|     Nonbond           4.22   10.48
|     Bond              0.00    0.00
|     Angle             0.00    0.00
|     Dihedral          0.00    0.00
|     Shake             0.00    0.00
|     RunMD            35.97   89.43
|     Other             0.04    0.09
|     ------------------------------
|     Total            40.22

|  PME Nonbond Pairlist CPU Time:
|
|     Routine              Sec        %
|     ---------------------------------
|     Set Up Cit           0.00    0.00
|     Build List           0.00    0.00
|     ---------------------------------
|     Total                0.00    0.00

|  PME Direct Force CPU Time:
|
|     Routine              Sec        %
|     ---------------------------------
|     NonBonded Calc       0.00    0.00
|     Exclude Masked       0.00    0.00
|     Other                0.02    0.04
|     ---------------------------------
|     Total                0.02    0.04

|  PME Reciprocal Force CPU Time:
|
|     Routine              Sec        %
|     ---------------------------------
|     1D bspline           0.00    0.00
|     Grid Charges         0.00    0.00
|     Scalar Sum           0.00    0.00
|     Gradient Sum         0.00    0.00
|     FFT                  0.00    0.00
|     ---------------------------------
|     Total                0.00    0.00

|  Final Performance Info:
|     -----------------------------------------------------
|     Average timings for last   19500 steps:
|     Elapsed(s) =      43.31 Per Step(ms) =       2.22
|         ns/day =      19.45   seconds/ns =    4442.56
|
|     Average timings for all steps:
|     Elapsed(s) =      44.25 Per Step(ms) =       2.21
|         ns/day =      19.53   seconds/ns =    4424.52
|     -----------------------------------------------------

|  Setup CPU time:            2.82 seconds
|  NonSetup CPU time:        40.22 seconds
|  Total CPU time:           43.04 seconds     0.01 hours

|  Setup wall time:           3    seconds
|  NonSetup wall time:       45    seconds
|  Total wall time:          48    seconds     0.01 hours
