
          -------------------------------------------------------
          Amber 16 PMEMD                              2016
          -------------------------------------------------------

| PMEMD implementation of SANDER, Release 16

| Run on 11/12/2017 at 00:10:24

|   Executable path: /apps/amber16/bin/pmemd.cuda
| Working directory: /scratch/pbarletta/2pdz/run/lb/neq/data/2
|          Hostname: mordor

  [-O]verwriting output

File Assignments:
|   MDIN: pdt.in                                                                
|  MDOUT: 51plb_2.out                                                           
| INPCRD: ../1/51plb_1.rst7                                                     
|   PARM: /scratch/pbarletta/2pdz/top_files/lb.prmtop                           
| RESTRT: 51plb_2.rst7                                                          
|   REFC: refc                                                                  
|  MDVEL: mdvel                                                                 
|   MDEN: mden                                                                  
|  MDCRD: 51plb_2.nc                                                            
| MDINFO: mdinfo                                                                
|  MDFRC: mdfrc                                                                 


 Here is the input file:

!NVE run                                                                       
&cntrl                                                                         
imin = 0,                           ! No Minimization                          
nmropt = 0,                         ! No NMR restraints read                   
                                                                               
! Nature and format of the input                                               
ntx = 5,                            ! Coordinates and velocities will be read  
irest = 1,                          ! Do not run a new simulation              
                                                                               
! Nature and format of the output                                              
ioutfm = 1,			    ! NetCDF format for output files                             
ntxo = 1,                           ! rstrt file in ASCII format               
ntpr = 500,                         ! inf in output every ntpr steps           
ntwr = 500,                         ! rstrt file every ntwr steps              
ntwx = 20,                          ! mdcrd file every ntwx steps              
ntwv = -1,                          ! mdvel without velocities                 
ntwe = 0,                           ! Energies and temperatures not written in 
idecomp = 0,                        ! No energy decomposition                  
iwrap = 1,                          ! Coordinates of the restart and mdcrd file
                                                                               
! Frozen or restrained atoms                                                   
ibelly = 0,                         ! No frozen atoms                          
ntr=0,                              ! Harmonic potential restraints            
                                                                               
! Molecular dynamics                                                           
nstlim = 20000,                     ! Number of MD-steps                       
dt = 0.0005,                        ! Time step                                
                                                                               
! Temperature regulation                                                       
ntt = 0,                            ! Constant total energy                    
                                                                               
! P and V regulation                                                           
ntp = 0,                            ! No P control                             
ntb = 1,                            ! constant V                               
                                                                               
! SHAKE variables                                                              
ntc = 1,                            ! Bonds involving H are constrained        
ntf = 1,                            ! Bond interaction involving H are ommited.
                                                                               
cut = 9.0,                          ! Nonbonded cutoff                         
/                                                                              
&end                                                                           


Note: ig = -1. Setting random seed to   479018 based on wallclock time in 
      microseconds.
| irandom = 1, using AMBER's internal random number generator (default).
 
|--------------------- INFORMATION ----------------------
| GPU (CUDA) Version of PMEMD in use: NVIDIA GPU IN USE.
|                    Version 16.0.0
| 
|                      02/25/2016
| 
| Implementation by:
|                    Ross C. Walker     (SDSC)
|                    Scott Le Grand     (nVIDIA)
| 
| Precision model in use:
|      [SPFP] - Single Precision Forces, 64-bit Fixed Point
|               Accumulation. (Default)
| 
|--------------------------------------------------------
 
|----------------- CITATION INFORMATION -----------------
|
|    When publishing work that utilized the CUDA version
|    of AMBER, please cite the following in addition to
|    the regular AMBER citations:
|
|  - Romelia Salomon-Ferrer; Andreas W. Goetz; Duncan
|    Poole; Scott Le Grand; Ross C. Walker "Routine
|    microsecond molecular dynamics simulations with
|    AMBER - Part II: Particle Mesh Ewald", J. Chem.
|    Theory Comput., 2013, 9 (9), pp3878-3888,
|    DOI: 10.1021/ct400314y.
|
|  - Andreas W. Goetz; Mark J. Williamson; Dong Xu;
|    Duncan Poole; Scott Le Grand; Ross C. Walker
|    "Routine microsecond molecular dynamics simulations
|    with AMBER - Part I: Generalized Born", J. Chem.
|    Theory Comput., 2012, 8 (5), pp1542-1555.
|
|  - Scott Le Grand; Andreas W. Goetz; Ross C. Walker
|    "SPFP: Speed without compromise - a mixed precision
|    model for GPU accelerated molecular dynamics
|    simulations.", Comp. Phys. Comm., 2013, 184
|    pp374-380, DOI: 10.1016/j.cpc.2012.09.022
|
|--------------------------------------------------------
 
|------------------- GPU DEVICE INFO --------------------
|
|            CUDA_VISIBLE_DEVICES: 0
|   CUDA Capable Devices Detected:      1
|           CUDA Device ID in use:      0
|                CUDA Device Name: GeForce GTX 1080 Ti
|     CUDA Device Global Mem Size:  11172 MB
| CUDA Device Num Multiprocessors:     28
|           CUDA Device Core Freq:   1.58 GHz
|
|--------------------------------------------------------
 
 
| Conditional Compilation Defines Used:
| PUBFFT
| BINTRAJ
| CUDA
| EMIL

| Largest sphere to fit in unit cell has radius =    29.613

| New format PARM file being parsed.
| Version =    1.000 Date = 11/03/17 Time = 14:56:09

| Note: 1-4 EEL scale factors are being read from the topology file.

| Note: 1-4 VDW scale factors are being read from the topology file.
| Duplicated    0 dihedrals

| Duplicated    0 dihedrals

--------------------------------------------------------------------------------
   1.  RESOURCE   USE: 
--------------------------------------------------------------------------------

 getting new box info from bottom of inpcrd
 NATOM  =   29433 NTYPES =      16 NBONH =   28406 MBONA  =    1038
 NTHETH =    2390 MTHETA =    1396 NPHIH =    4631 MPHIA  =    3488
 NHPARM =       0 NPARM  =       0 NNB   =   47902 NRES   =    9251
 NBONA  =    1038 NTHETA =    1396 NPHIA =    3488 NUMBND =      45
 NUMANG =      95 NPTRA  =      43 NATYP =      29 NPHB   =       1
 IFBOX  =       2 NMXRS  =      24 IFCAP =       0 NEXTRA =       0
 NCOPY  =       0

| Coordinate Index Table dimensions:    12   12   12
| Direct force subcell size =     6.0447    6.0447    6.0447

     BOX TYPE: TRUNCATED OCTAHEDRON

--------------------------------------------------------------------------------
   2.  CONTROL  DATA  FOR  THE  RUN
--------------------------------------------------------------------------------

default_name                                                                    

General flags:
     imin    =       0, nmropt  =       0

Nature and format of input:
     ntx     =       5, irest   =       1, ntrx    =       1

Nature and format of output:
     ntxo    =       1, ntpr    =     500, ntrx    =       1, ntwr    =     500
     iwrap   =       1, ntwx    =      20, ntwv    =      -1, ntwe    =       0
     ioutfm  =       1, ntwprt  =       0, idecomp =       0, rbornstat=      0

Potential function:
     ntf     =       1, ntb     =       1, igb     =       0, nsnb    =      25
     ipol    =       0, gbsa    =       0, iesp    =       0
     dielc   =   1.00000, cut     =   9.00000, intdiel =   1.00000

Frozen or restrained atoms:
     ibelly  =       0, ntr     =       0

Molecular dynamics:
     nstlim  =     20000, nscm    =      1000, nrespa  =         1
     t       =   0.00000, dt      =   0.00050, vlimit  =  -1.00000

| Intermolecular bonds treatment:
|     no_intermolecular_bonds =       1

| Energy averages sample interval:
|     ene_avg_sampling =     500

Ewald parameters:
     verbose =       0, ew_type =       0, nbflag  =       1, use_pme =       1
     vdwmeth =       1, eedmeth =       1, netfrc  =       1
     Box X =   72.537   Box Y =   72.537   Box Z =   72.537
     Alpha =  109.471   Beta  =  109.471   Gamma =  109.471
     NFFT1 =   80       NFFT2 =   80       NFFT3 =   80
     Cutoff=    9.000   Tol   =0.100E-04
     Ewald Coefficient =  0.30768
     Interpolation order =    4

--------------------------------------------------------------------------------
   3.  ATOMIC COORDINATES AND VELOCITIES
--------------------------------------------------------------------------------

default_name                                                                    
 begin time read from input coords =107010.000 ps

 
 Number of triangulated 3-point waters found:     9119

     Sum of charges from parm topology file =  -0.00000008
     Forcing neutrality...

| Dynamic Memory, Types Used:
| Reals              869451
| Integers           889566

| Nonbonded Pairs Initial Allocation:     6710724

| GPU memory information (estimate):
| KB of GPU memory in use:     98381
| KB of CPU memory in use:     41681

--------------------------------------------------------------------------------
   4.  RESULTS
--------------------------------------------------------------------------------

 ---------------------------------------------------
 APPROXIMATING switch and d/dx switch using CUBIC SPLINE INTERPOLATION
 using   5000.0 points per unit in tabled values
 TESTING RELATIVE ERROR over r ranging from 0.0 to cutoff
| CHECK switch(x): max rel err =   0.2738E-14   at   2.422500
| CHECK d/dx switch(x): max rel err =   0.8314E-11   at   2.736960
 ---------------------------------------------------
|---------------------------------------------------
| APPROXIMATING direct energy using CUBIC SPLINE INTERPOLATION
|  with   50.0 points per unit in tabled values
| Relative Error Limit not exceeded for r .gt.   2.39
| APPROXIMATING direct force using CUBIC SPLINE INTERPOLATION
|  with   50.0 points per unit in tabled values
| Relative Error Limit not exceeded for r .gt.   2.84
|---------------------------------------------------

 NSTEP =      500   TIME(PS) =  107010.250  TEMP(K) =   298.58  PRESS =     0.0
 Etot   =    -67075.8792  EKtot   =     26194.7832  EPtot      =    -93270.6624
 BOND   =     16501.0388  ANGLE   =      1024.0373  DIHED      =      1310.6396
 1-4 NB =       460.4356  1-4 EEL =      4628.1972  VDWAALS    =     16945.0846
 EELEC  =   -134140.0955  EHBOND  =         0.0000  RESTRAINT  =         0.0000
 ------------------------------------------------------------------------------

check COM velocity, temp:        0.002087     0.00(Removed)

 NSTEP =     1000   TIME(PS) =  107010.500  TEMP(K) =   298.66  PRESS =     0.0
 Etot   =    -67076.8723  EKtot   =     26201.8516  EPtot      =    -93278.7238
 BOND   =     16493.9655  ANGLE   =      1010.4885  DIHED      =      1312.1218
 1-4 NB =       449.1742  1-4 EEL =      4568.7901  VDWAALS    =     16880.9114
 EELEC  =   -133994.1753  EHBOND  =         0.0000  RESTRAINT  =         0.0000
 ------------------------------------------------------------------------------


 NSTEP =     1500   TIME(PS) =  107010.750  TEMP(K) =   301.69  PRESS =     0.0
 Etot   =    -67081.4715  EKtot   =     26467.4629  EPtot      =    -93548.9344
 BOND   =     16443.6807  ANGLE   =      1039.3857  DIHED      =      1343.9332
 1-4 NB =       439.2738  1-4 EEL =      4569.4652  VDWAALS    =     17185.5984
 EELEC  =   -134570.2714  EHBOND  =         0.0000  RESTRAINT  =         0.0000
 ------------------------------------------------------------------------------

check COM velocity, temp:        0.000006     0.00(Removed)

 NSTEP =     2000   TIME(PS) =  107011.000  TEMP(K) =   300.01  PRESS =     0.0
 Etot   =    -67080.9172  EKtot   =     26320.0859  EPtot      =    -93401.0031
 BOND   =     16429.5734  ANGLE   =       995.2150  DIHED      =      1329.9128
 1-4 NB =       444.2818  1-4 EEL =      4618.8653  VDWAALS    =     17261.7927
 EELEC  =   -134480.6441  EHBOND  =         0.0000  RESTRAINT  =         0.0000
 ------------------------------------------------------------------------------


 NSTEP =     2500   TIME(PS) =  107011.250  TEMP(K) =   299.28  PRESS =     0.0
 Etot   =    -67079.6117  EKtot   =     26255.5840  EPtot      =    -93335.1957
 BOND   =     16286.3022  ANGLE   =      1065.6017  DIHED      =      1324.5321
 1-4 NB =       425.2230  1-4 EEL =      4529.3967  VDWAALS    =     17032.7504
 EELEC  =   -133999.0018  EHBOND  =         0.0000  RESTRAINT  =         0.0000
 ------------------------------------------------------------------------------

check COM velocity, temp:        0.000003     0.00(Removed)

 NSTEP =     3000   TIME(PS) =  107011.500  TEMP(K) =   300.50  PRESS =     0.0
 Etot   =    -67078.5596  EKtot   =     26363.4297  EPtot      =    -93441.9893
 BOND   =     16261.9067  ANGLE   =      1098.6968  DIHED      =      1322.7334
 1-4 NB =       439.7238  1-4 EEL =      4606.8297  VDWAALS    =     17096.9618
 EELEC  =   -134268.8414  EHBOND  =         0.0000  RESTRAINT  =         0.0000
 ------------------------------------------------------------------------------


 NSTEP =     3500   TIME(PS) =  107011.750  TEMP(K) =   298.83  PRESS =     0.0
 Etot   =    -67078.0328  EKtot   =     26216.7012  EPtot      =    -93294.7339
 BOND   =     16356.0533  ANGLE   =      1072.5512  DIHED      =      1351.2110
 1-4 NB =       442.2352  1-4 EEL =      4613.3635  VDWAALS    =     17102.7687
 EELEC  =   -134232.9168  EHBOND  =         0.0000  RESTRAINT  =         0.0000
 ------------------------------------------------------------------------------

check COM velocity, temp:        0.000004     0.00(Removed)

 NSTEP =     4000   TIME(PS) =  107012.000  TEMP(K) =   298.26  PRESS =     0.0
 Etot   =    -67077.0157  EKtot   =     26166.6836  EPtot      =    -93243.6993
 BOND   =     16501.1981  ANGLE   =      1045.0449  DIHED      =      1367.6649
 1-4 NB =       450.4926  1-4 EEL =      4571.7917  VDWAALS    =     17139.5624
 EELEC  =   -134319.4540  EHBOND  =         0.0000  RESTRAINT  =         0.0000
 ------------------------------------------------------------------------------


 NSTEP =     4500   TIME(PS) =  107012.250  TEMP(K) =   298.84  PRESS =     0.0
 Etot   =    -67072.1227  EKtot   =     26217.7949  EPtot      =    -93289.9177
 BOND   =     16468.2852  ANGLE   =      1026.3228  DIHED      =      1335.1732
 1-4 NB =       441.3564  1-4 EEL =      4606.8409  VDWAALS    =     17049.8500
 EELEC  =   -134217.7461  EHBOND  =         0.0000  RESTRAINT  =         0.0000
 ------------------------------------------------------------------------------

check COM velocity, temp:        0.000005     0.00(Removed)

 NSTEP =     5000   TIME(PS) =  107012.500  TEMP(K) =   299.22  PRESS =     0.0
 Etot   =    -67077.2860  EKtot   =     26251.1660  EPtot      =    -93328.4520
 BOND   =     16531.2202  ANGLE   =      1009.7983  DIHED      =      1337.0473
 1-4 NB =       438.1883  1-4 EEL =      4593.1390  VDWAALS    =     17056.0394
 EELEC  =   -134293.8846  EHBOND  =         0.0000  RESTRAINT  =         0.0000
 ------------------------------------------------------------------------------


 NSTEP =     5500   TIME(PS) =  107012.750  TEMP(K) =   300.27  PRESS =     0.0
 Etot   =    -67083.0218  EKtot   =     26342.5293  EPtot      =    -93425.5511
 BOND   =     16441.5529  ANGLE   =       988.9686  DIHED      =      1318.3776
 1-4 NB =       466.7835  1-4 EEL =      4622.3679  VDWAALS    =     16953.8935
 EELEC  =   -134217.4951  EHBOND  =         0.0000  RESTRAINT  =         0.0000
 ------------------------------------------------------------------------------

check COM velocity, temp:        0.000005     0.00(Removed)

 NSTEP =     6000   TIME(PS) =  107013.000  TEMP(K) =   300.65  PRESS =     0.0
 Etot   =    -67079.8342  EKtot   =     26376.5664  EPtot      =    -93456.4006
 BOND   =     16505.0164  ANGLE   =      1038.6090  DIHED      =      1330.3425
 1-4 NB =       436.8318  1-4 EEL =      4546.5400  VDWAALS    =     17093.0677
 EELEC  =   -134406.8078  EHBOND  =         0.0000  RESTRAINT  =         0.0000
 ------------------------------------------------------------------------------


 NSTEP =     6500   TIME(PS) =  107013.250  TEMP(K) =   298.34  PRESS =     0.0
 Etot   =    -67078.5198  EKtot   =     26173.1855  EPtot      =    -93251.7053
 BOND   =     16484.2481  ANGLE   =      1051.4959  DIHED      =      1310.5503
 1-4 NB =       446.1905  1-4 EEL =      4597.8158  VDWAALS    =     16912.3599
 EELEC  =   -134054.3658  EHBOND  =         0.0000  RESTRAINT  =         0.0000
 ------------------------------------------------------------------------------

check COM velocity, temp:        0.000006     0.00(Removed)

 NSTEP =     7000   TIME(PS) =  107013.500  TEMP(K) =   301.38  PRESS =     0.0
 Etot   =    -67083.3978  EKtot   =     26440.3945  EPtot      =    -93523.7924
 BOND   =     16396.8580  ANGLE   =      1075.9716  DIHED      =      1346.7128
 1-4 NB =       452.2726  1-4 EEL =      4594.5095  VDWAALS    =     17171.0139
 EELEC  =   -134561.1307  EHBOND  =         0.0000  RESTRAINT  =         0.0000
 ------------------------------------------------------------------------------


 NSTEP =     7500   TIME(PS) =  107013.750  TEMP(K) =   300.26  PRESS =     0.0
 Etot   =    -67083.9861  EKtot   =     26342.3887  EPtot      =    -93426.3747
 BOND   =     16255.7417  ANGLE   =      1024.0165  DIHED      =      1344.0100
 1-4 NB =       449.3816  1-4 EEL =      4578.5933  VDWAALS    =     17199.6222
 EELEC  =   -134277.7401  EHBOND  =         0.0000  RESTRAINT  =         0.0000
 ------------------------------------------------------------------------------

check COM velocity, temp:        0.000003     0.00(Removed)

 NSTEP =     8000   TIME(PS) =  107014.000  TEMP(K) =   300.99  PRESS =     0.0
 Etot   =    -67077.5851  EKtot   =     26405.6113  EPtot      =    -93483.1964
 BOND   =     16408.6857  ANGLE   =      1051.0573  DIHED      =      1341.3171
 1-4 NB =       437.9255  1-4 EEL =      4622.7582  VDWAALS    =     17229.9924
 EELEC  =   -134574.9327  EHBOND  =         0.0000  RESTRAINT  =         0.0000
 ------------------------------------------------------------------------------


 NSTEP =     8500   TIME(PS) =  107014.250  TEMP(K) =   300.60  PRESS =     0.0
 Etot   =    -67076.3468  EKtot   =     26371.4570  EPtot      =    -93447.8038
 BOND   =     16418.9337  ANGLE   =      1055.2443  DIHED      =      1306.5415
 1-4 NB =       446.3435  1-4 EEL =      4633.2852  VDWAALS    =     17332.8905
 EELEC  =   -134641.0424  EHBOND  =         0.0000  RESTRAINT  =         0.0000
 ------------------------------------------------------------------------------

check COM velocity, temp:        0.000002     0.00(Removed)

 NSTEP =     9000   TIME(PS) =  107014.500  TEMP(K) =   300.87  PRESS =     0.0
 Etot   =    -67079.5032  EKtot   =     26395.7852  EPtot      =    -93475.2884
 BOND   =     16413.0700  ANGLE   =      1056.0001  DIHED      =      1342.9316
 1-4 NB =       456.7056  1-4 EEL =      4634.0247  VDWAALS    =     17087.5407
 EELEC  =   -134465.5611  EHBOND  =         0.0000  RESTRAINT  =         0.0000
 ------------------------------------------------------------------------------


 NSTEP =     9500   TIME(PS) =  107014.750  TEMP(K) =   300.36  PRESS =     0.0
 Etot   =    -67079.0613  EKtot   =     26350.5898  EPtot      =    -93429.6511
 BOND   =     16392.6419  ANGLE   =      1068.8902  DIHED      =      1334.5832
 1-4 NB =       447.2503  1-4 EEL =      4596.2894  VDWAALS    =     16956.7578
 EELEC  =   -134226.0639  EHBOND  =         0.0000  RESTRAINT  =         0.0000
 ------------------------------------------------------------------------------

check COM velocity, temp:        0.000003     0.00(Removed)

 NSTEP =    10000   TIME(PS) =  107015.000  TEMP(K) =   300.77  PRESS =     0.0
 Etot   =    -67075.8958  EKtot   =     26387.1035  EPtot      =    -93462.9994
 BOND   =     16437.6869  ANGLE   =      1041.2314  DIHED      =      1354.8043
 1-4 NB =       448.0076  1-4 EEL =      4592.4158  VDWAALS    =     17137.1763
 EELEC  =   -134474.3217  EHBOND  =         0.0000  RESTRAINT  =         0.0000
 ------------------------------------------------------------------------------


 NSTEP =    10500   TIME(PS) =  107015.250  TEMP(K) =   300.15  PRESS =     0.0
 Etot   =    -67076.7265  EKtot   =     26332.6973  EPtot      =    -93409.4238
 BOND   =     16360.1069  ANGLE   =      1009.5044  DIHED      =      1315.2908
 1-4 NB =       443.2676  1-4 EEL =      4564.4689  VDWAALS    =     16914.2845
 EELEC  =   -134016.3468  EHBOND  =         0.0000  RESTRAINT  =         0.0000
 ------------------------------------------------------------------------------

check COM velocity, temp:        0.000002     0.00(Removed)

 NSTEP =    11000   TIME(PS) =  107015.500  TEMP(K) =   301.17  PRESS =     0.0
 Etot   =    -67080.9862  EKtot   =     26422.1406  EPtot      =    -93503.1268
 BOND   =     16317.3247  ANGLE   =      1047.7310  DIHED      =      1332.3164
 1-4 NB =       433.6766  1-4 EEL =      4610.0693  VDWAALS    =     16835.9360
 EELEC  =   -134080.1808  EHBOND  =         0.0000  RESTRAINT  =         0.0000
 ------------------------------------------------------------------------------


 NSTEP =    11500   TIME(PS) =  107015.750  TEMP(K) =   299.09  PRESS =     0.0
 Etot   =    -67078.3917  EKtot   =     26239.3926  EPtot      =    -93317.7842
 BOND   =     16391.1850  ANGLE   =      1014.9404  DIHED      =      1303.5213
 1-4 NB =       449.4252  1-4 EEL =      4609.1707  VDWAALS    =     16909.8228
 EELEC  =   -133995.8497  EHBOND  =         0.0000  RESTRAINT  =         0.0000
 ------------------------------------------------------------------------------

check COM velocity, temp:        0.000003     0.00(Removed)

 NSTEP =    12000   TIME(PS) =  107016.000  TEMP(K) =   299.41  PRESS =     0.0
 Etot   =    -67081.9628  EKtot   =     26267.3086  EPtot      =    -93349.2714
 BOND   =     16339.7712  ANGLE   =      1023.2680  DIHED      =      1343.2913
 1-4 NB =       459.1309  1-4 EEL =      4631.0669  VDWAALS    =     16977.9457
 EELEC  =   -134123.7454  EHBOND  =         0.0000  RESTRAINT  =         0.0000
 ------------------------------------------------------------------------------


 NSTEP =    12500   TIME(PS) =  107016.250  TEMP(K) =   299.89  PRESS =     0.0
 Etot   =    -67078.6764  EKtot   =     26309.4121  EPtot      =    -93388.0885
 BOND   =     16466.7574  ANGLE   =      1051.3031  DIHED      =      1333.1475
 1-4 NB =       425.8945  1-4 EEL =      4590.8304  VDWAALS    =     17086.4607
 EELEC  =   -134342.4821  EHBOND  =         0.0000  RESTRAINT  =         0.0000
 ------------------------------------------------------------------------------

check COM velocity, temp:        0.000002     0.00(Removed)

 NSTEP =    13000   TIME(PS) =  107016.500  TEMP(K) =   299.54  PRESS =     0.0
 Etot   =    -67079.8560  EKtot   =     26279.0469  EPtot      =    -93358.9029
 BOND   =     16366.8225  ANGLE   =      1024.2103  DIHED      =      1312.8907
 1-4 NB =       447.4363  1-4 EEL =      4600.6993  VDWAALS    =     17354.5355
 EELEC  =   -134465.4975  EHBOND  =         0.0000  RESTRAINT  =         0.0000
 ------------------------------------------------------------------------------


 NSTEP =    13500   TIME(PS) =  107016.750  TEMP(K) =   300.01  PRESS =     0.0
 Etot   =    -67081.1454  EKtot   =     26320.0020  EPtot      =    -93401.1473
 BOND   =     16220.1638  ANGLE   =      1009.3730  DIHED      =      1325.3551
 1-4 NB =       449.3267  1-4 EEL =      4613.9718  VDWAALS    =     17041.7512
 EELEC  =   -134061.0890  EHBOND  =         0.0000  RESTRAINT  =         0.0000
 ------------------------------------------------------------------------------

check COM velocity, temp:        0.000003     0.00(Removed)

 NSTEP =    14000   TIME(PS) =  107017.000  TEMP(K) =   298.07  PRESS =     0.0
 Etot   =    -67077.2616  EKtot   =     26149.8438  EPtot      =    -93227.1054
 BOND   =     16426.6098  ANGLE   =      1045.9135  DIHED      =      1333.7948
 1-4 NB =       449.4690  1-4 EEL =      4623.8767  VDWAALS    =     17057.7186
 EELEC  =   -134164.4879  EHBOND  =         0.0000  RESTRAINT  =         0.0000
 ------------------------------------------------------------------------------


 NSTEP =    14500   TIME(PS) =  107017.250  TEMP(K) =   298.57  PRESS =     0.0
 Etot   =    -67073.1874  EKtot   =     26193.8398  EPtot      =    -93267.0272
 BOND   =     16531.6722  ANGLE   =      1023.5900  DIHED      =      1335.4858
 1-4 NB =       454.0663  1-4 EEL =      4574.7357  VDWAALS    =     16914.9876
 EELEC  =   -134101.5648  EHBOND  =         0.0000  RESTRAINT  =         0.0000
 ------------------------------------------------------------------------------

check COM velocity, temp:        0.000010     0.00(Removed)

 NSTEP =    15000   TIME(PS) =  107017.500  TEMP(K) =   298.84  PRESS =     0.0
 Etot   =    -67076.6917  EKtot   =     26217.6621  EPtot      =    -93294.3538
 BOND   =     16384.6074  ANGLE   =      1065.9235  DIHED      =      1340.3498
 1-4 NB =       442.7602  1-4 EEL =      4636.7023  VDWAALS    =     16918.1351
 EELEC  =   -134082.8322  EHBOND  =         0.0000  RESTRAINT  =         0.0000
 ------------------------------------------------------------------------------


 NSTEP =    15500   TIME(PS) =  107017.750  TEMP(K) =   300.85  PRESS =     0.0
 Etot   =    -67075.4334  EKtot   =     26394.1523  EPtot      =    -93469.5857
 BOND   =     16507.1537  ANGLE   =      1051.7252  DIHED      =      1332.4811
 1-4 NB =       444.7416  1-4 EEL =      4593.1104  VDWAALS    =     16998.5727
 EELEC  =   -134397.3704  EHBOND  =         0.0000  RESTRAINT  =         0.0000
 ------------------------------------------------------------------------------

check COM velocity, temp:        0.000006     0.00(Removed)

 NSTEP =    16000   TIME(PS) =  107018.000  TEMP(K) =   301.76  PRESS =     0.0
 Etot   =    -67080.7042  EKtot   =     26473.8086  EPtot      =    -93554.5128
 BOND   =     16418.8516  ANGLE   =      1031.0339  DIHED      =      1304.3421
 1-4 NB =       447.5242  1-4 EEL =      4607.1771  VDWAALS    =     16949.4670
 EELEC  =   -134312.9087  EHBOND  =         0.0000  RESTRAINT  =         0.0000
 ------------------------------------------------------------------------------


 NSTEP =    16500   TIME(PS) =  107018.250  TEMP(K) =   298.22  PRESS =     0.0
 Etot   =    -67078.3351  EKtot   =     26163.4199  EPtot      =    -93241.7551
 BOND   =     16747.6826  ANGLE   =      1048.2066  DIHED      =      1324.9225
 1-4 NB =       440.8396  1-4 EEL =      4583.7751  VDWAALS    =     17171.1982
 EELEC  =   -134558.3797  EHBOND  =         0.0000  RESTRAINT  =         0.0000
 ------------------------------------------------------------------------------

check COM velocity, temp:        0.000002     0.00(Removed)

 NSTEP =    17000   TIME(PS) =  107018.500  TEMP(K) =   299.49  PRESS =     0.0
 Etot   =    -67079.6077  EKtot   =     26274.6367  EPtot      =    -93354.2444
 BOND   =     16685.5460  ANGLE   =      1045.1818  DIHED      =      1331.0212
 1-4 NB =       444.0700  1-4 EEL =      4584.4936  VDWAALS    =     17025.2117
 EELEC  =   -134469.7688  EHBOND  =         0.0000  RESTRAINT  =         0.0000
 ------------------------------------------------------------------------------


 NSTEP =    17500   TIME(PS) =  107018.750  TEMP(K) =   301.58  PRESS =     0.0
 Etot   =    -67081.9840  EKtot   =     26457.7422  EPtot      =    -93539.7261
 BOND   =     16452.1870  ANGLE   =      1007.3622  DIHED      =      1302.3704
 1-4 NB =       458.6577  1-4 EEL =      4637.5318  VDWAALS    =     17134.5544
 EELEC  =   -134532.3897  EHBOND  =         0.0000  RESTRAINT  =         0.0000
 ------------------------------------------------------------------------------

check COM velocity, temp:        0.000002     0.00(Removed)

 NSTEP =    18000   TIME(PS) =  107019.000  TEMP(K) =   298.81  PRESS =     0.0
 Etot   =    -67072.7960  EKtot   =     26214.4746  EPtot      =    -93287.2707
 BOND   =     16495.8965  ANGLE   =      1025.9901  DIHED      =      1320.3679
 1-4 NB =       454.0804  1-4 EEL =      4638.8015  VDWAALS    =     17065.0628
 EELEC  =   -134287.4698  EHBOND  =         0.0000  RESTRAINT  =         0.0000
 ------------------------------------------------------------------------------


 NSTEP =    18500   TIME(PS) =  107019.250  TEMP(K) =   299.11  PRESS =     0.0
 Etot   =    -67077.2689  EKtot   =     26241.4043  EPtot      =    -93318.6732
 BOND   =     16375.4918  ANGLE   =       990.9405  DIHED      =      1353.6110
 1-4 NB =       459.6523  1-4 EEL =      4652.9595  VDWAALS    =     16972.3730
 EELEC  =   -134123.7012  EHBOND  =         0.0000  RESTRAINT  =         0.0000
 ------------------------------------------------------------------------------

check COM velocity, temp:        0.000005     0.00(Removed)

 NSTEP =    19000   TIME(PS) =  107019.500  TEMP(K) =   300.43  PRESS =     0.0
 Etot   =    -67081.8337  EKtot   =     26356.8594  EPtot      =    -93438.6931
 BOND   =     16208.1800  ANGLE   =      1083.0069  DIHED      =      1315.2390
 1-4 NB =       448.4260  1-4 EEL =      4598.9413  VDWAALS    =     17020.7204
 EELEC  =   -134113.2066  EHBOND  =         0.0000  RESTRAINT  =         0.0000
 ------------------------------------------------------------------------------


 NSTEP =    19500   TIME(PS) =  107019.750  TEMP(K) =   299.81  PRESS =     0.0
 Etot   =    -67081.5218  EKtot   =     26302.0762  EPtot      =    -93383.5979
 BOND   =     16350.9048  ANGLE   =      1042.4926  DIHED      =      1315.3805
 1-4 NB =       441.5015  1-4 EEL =      4574.1967  VDWAALS    =     17008.5740
 EELEC  =   -134116.6480  EHBOND  =         0.0000  RESTRAINT  =         0.0000
 ------------------------------------------------------------------------------

check COM velocity, temp:        0.000007     0.00(Removed)

 NSTEP =    20000   TIME(PS) =  107020.000  TEMP(K) =   296.10  PRESS =     0.0
 Etot   =    -67078.4890  EKtot   =     25977.3711  EPtot      =    -93055.8601
 BOND   =     16501.7731  ANGLE   =      1039.1934  DIHED      =      1324.5478
 1-4 NB =       451.3992  1-4 EEL =      4582.6595  VDWAALS    =     16957.7348
 EELEC  =   -133913.1679  EHBOND  =         0.0000  RESTRAINT  =         0.0000
 ------------------------------------------------------------------------------


      A V E R A G E S   O V E R      40 S T E P S


 NSTEP =    20000   TIME(PS) =  107020.000  TEMP(K) =   299.73  PRESS =     0.0
 Etot   =    -67078.6945  EKtot   =     26295.7111  EPtot      =    -93374.4056
 BOND   =     16424.4087  ANGLE   =      1037.9879  DIHED      =      1329.1217
 1-4 NB =       446.5856  1-4 EEL =      4600.8629  VDWAALS    =     17053.5170
 EELEC  =   -134266.8895  EHBOND  =         0.0000  RESTRAINT  =         0.0000
 ------------------------------------------------------------------------------


      R M S  F L U C T U A T I O N S


 NSTEP =    20000   TIME(PS) =  107020.000  TEMP(K) =     1.19  PRESS =     0.0
 Etot   =         2.7547  EKtot   =       104.0060  EPtot      =       105.2633
 BOND   =       106.2363  ANGLE   =        25.0077  DIHED      =        15.4094
 1-4 NB =         8.5778  1-4 EEL =        26.6322  VDWAALS    =       120.8645
 EELEC  =       196.1329  EHBOND  =         0.0000  RESTRAINT  =         0.0000
|E(PBS) =         0.6076
 ------------------------------------------------------------------------------

--------------------------------------------------------------------------------
   5.  TIMINGS
--------------------------------------------------------------------------------

|  NonSetup CPU Time in Major Routines:
|
|     Routine           Sec        %
|     ------------------------------
|     Nonbond           3.25   10.64
|     Bond              0.00    0.00
|     Angle             0.00    0.00
|     Dihedral          0.00    0.00
|     Shake             0.00    0.00
|     RunMD            27.23   89.24
|     Other             0.04    0.12
|     ------------------------------
|     Total            30.52

|  PME Nonbond Pairlist CPU Time:
|
|     Routine              Sec        %
|     ---------------------------------
|     Set Up Cit           0.00    0.00
|     Build List           0.00    0.00
|     ---------------------------------
|     Total                0.00    0.00

|  PME Direct Force CPU Time:
|
|     Routine              Sec        %
|     ---------------------------------
|     NonBonded Calc       0.00    0.00
|     Exclude Masked       0.00    0.00
|     Other                0.02    0.07
|     ---------------------------------
|     Total                0.02    0.07

|  PME Reciprocal Force CPU Time:
|
|     Routine              Sec        %
|     ---------------------------------
|     1D bspline           0.00    0.00
|     Grid Charges         0.00    0.00
|     Scalar Sum           0.00    0.00
|     Gradient Sum         0.00    0.00
|     FFT                  0.00    0.00
|     ---------------------------------
|     Total                0.00    0.00

|  Final Performance Info:
|     -----------------------------------------------------
|     Average timings for last   19500 steps:
|     Elapsed(s) =      31.25 Per Step(ms) =       1.60
|         ns/day =      26.96   seconds/ns =    3204.73
|
|     Average timings for all steps:
|     Elapsed(s) =      32.01 Per Step(ms) =       1.60
|         ns/day =      26.99   seconds/ns =    3200.67
|     -----------------------------------------------------

|  Setup CPU time:            1.20 seconds
|  NonSetup CPU time:        30.52 seconds
|  Total CPU time:           31.72 seconds     0.01 hours

|  Setup wall time:           4    seconds
|  NonSetup wall time:       32    seconds
|  Total wall time:          36    seconds     0.01 hours
