
          -------------------------------------------------------
          Amber 16 PMEMD                              2016
          -------------------------------------------------------

| PMEMD implementation of SANDER, Release 16

| Run on 11/12/2017 at 00:20:39

|   Executable path: /apps/amber16/bin/pmemd.cuda
| Working directory: /scratch/pbarletta/2pdz/run/lb/neq/data/2
|          Hostname: mordor

  [-O]verwriting output

File Assignments:
|   MDIN: pdt.in                                                                
|  MDOUT: 68plb_2.out                                                           
| INPCRD: ../1/68plb_1.rst7                                                     
|   PARM: /scratch/pbarletta/2pdz/top_files/lb.prmtop                           
| RESTRT: 68plb_2.rst7                                                          
|   REFC: refc                                                                  
|  MDVEL: mdvel                                                                 
|   MDEN: mden                                                                  
|  MDCRD: 68plb_2.nc                                                            
| MDINFO: mdinfo                                                                
|  MDFRC: mdfrc                                                                 


 Here is the input file:

!NVE run                                                                       
&cntrl                                                                         
imin = 0,                           ! No Minimization                          
nmropt = 0,                         ! No NMR restraints read                   
                                                                               
! Nature and format of the input                                               
ntx = 5,                            ! Coordinates and velocities will be read  
irest = 1,                          ! Do not run a new simulation              
                                                                               
! Nature and format of the output                                              
ioutfm = 1,			    ! NetCDF format for output files                             
ntxo = 1,                           ! rstrt file in ASCII format               
ntpr = 500,                         ! inf in output every ntpr steps           
ntwr = 500,                         ! rstrt file every ntwr steps              
ntwx = 20,                          ! mdcrd file every ntwx steps              
ntwv = -1,                          ! mdvel without velocities                 
ntwe = 0,                           ! Energies and temperatures not written in 
idecomp = 0,                        ! No energy decomposition                  
iwrap = 1,                          ! Coordinates of the restart and mdcrd file
                                                                               
! Frozen or restrained atoms                                                   
ibelly = 0,                         ! No frozen atoms                          
ntr=0,                              ! Harmonic potential restraints            
                                                                               
! Molecular dynamics                                                           
nstlim = 20000,                     ! Number of MD-steps                       
dt = 0.0005,                        ! Time step                                
                                                                               
! Temperature regulation                                                       
ntt = 0,                            ! Constant total energy                    
                                                                               
! P and V regulation                                                           
ntp = 0,                            ! No P control                             
ntb = 1,                            ! constant V                               
                                                                               
! SHAKE variables                                                              
ntc = 1,                            ! Bonds involving H are constrained        
ntf = 1,                            ! Bond interaction involving H are ommited.
                                                                               
cut = 9.0,                          ! Nonbonded cutoff                         
/                                                                              
&end                                                                           


Note: ig = -1. Setting random seed to   284954 based on wallclock time in 
      microseconds.
| irandom = 1, using AMBER's internal random number generator (default).
 
|--------------------- INFORMATION ----------------------
| GPU (CUDA) Version of PMEMD in use: NVIDIA GPU IN USE.
|                    Version 16.0.0
| 
|                      02/25/2016
| 
| Implementation by:
|                    Ross C. Walker     (SDSC)
|                    Scott Le Grand     (nVIDIA)
| 
| Precision model in use:
|      [SPFP] - Single Precision Forces, 64-bit Fixed Point
|               Accumulation. (Default)
| 
|--------------------------------------------------------
 
|----------------- CITATION INFORMATION -----------------
|
|    When publishing work that utilized the CUDA version
|    of AMBER, please cite the following in addition to
|    the regular AMBER citations:
|
|  - Romelia Salomon-Ferrer; Andreas W. Goetz; Duncan
|    Poole; Scott Le Grand; Ross C. Walker "Routine
|    microsecond molecular dynamics simulations with
|    AMBER - Part II: Particle Mesh Ewald", J. Chem.
|    Theory Comput., 2013, 9 (9), pp3878-3888,
|    DOI: 10.1021/ct400314y.
|
|  - Andreas W. Goetz; Mark J. Williamson; Dong Xu;
|    Duncan Poole; Scott Le Grand; Ross C. Walker
|    "Routine microsecond molecular dynamics simulations
|    with AMBER - Part I: Generalized Born", J. Chem.
|    Theory Comput., 2012, 8 (5), pp1542-1555.
|
|  - Scott Le Grand; Andreas W. Goetz; Ross C. Walker
|    "SPFP: Speed without compromise - a mixed precision
|    model for GPU accelerated molecular dynamics
|    simulations.", Comp. Phys. Comm., 2013, 184
|    pp374-380, DOI: 10.1016/j.cpc.2012.09.022
|
|--------------------------------------------------------
 
|------------------- GPU DEVICE INFO --------------------
|
|            CUDA_VISIBLE_DEVICES: 0
|   CUDA Capable Devices Detected:      1
|           CUDA Device ID in use:      0
|                CUDA Device Name: GeForce GTX 1080 Ti
|     CUDA Device Global Mem Size:  11172 MB
| CUDA Device Num Multiprocessors:     28
|           CUDA Device Core Freq:   1.58 GHz
|
|--------------------------------------------------------
 
 
| Conditional Compilation Defines Used:
| PUBFFT
| BINTRAJ
| CUDA
| EMIL

| Largest sphere to fit in unit cell has radius =    29.640

| New format PARM file being parsed.
| Version =    1.000 Date = 11/03/17 Time = 14:56:09

| Note: 1-4 EEL scale factors are being read from the topology file.

| Note: 1-4 VDW scale factors are being read from the topology file.
| Duplicated    0 dihedrals

| Duplicated    0 dihedrals

--------------------------------------------------------------------------------
   1.  RESOURCE   USE: 
--------------------------------------------------------------------------------

 getting new box info from bottom of inpcrd
 NATOM  =   29433 NTYPES =      16 NBONH =   28406 MBONA  =    1038
 NTHETH =    2390 MTHETA =    1396 NPHIH =    4631 MPHIA  =    3488
 NHPARM =       0 NPARM  =       0 NNB   =   47902 NRES   =    9251
 NBONA  =    1038 NTHETA =    1396 NPHIA =    3488 NUMBND =      45
 NUMANG =      95 NPTRA  =      43 NATYP =      29 NPHB   =       1
 IFBOX  =       2 NMXRS  =      24 IFCAP =       0 NEXTRA =       0
 NCOPY  =       0

| Coordinate Index Table dimensions:    12   12   12
| Direct force subcell size =     6.0503    6.0503    6.0503

     BOX TYPE: TRUNCATED OCTAHEDRON

--------------------------------------------------------------------------------
   2.  CONTROL  DATA  FOR  THE  RUN
--------------------------------------------------------------------------------

default_name                                                                    

General flags:
     imin    =       0, nmropt  =       0

Nature and format of input:
     ntx     =       5, irest   =       1, ntrx    =       1

Nature and format of output:
     ntxo    =       1, ntpr    =     500, ntrx    =       1, ntwr    =     500
     iwrap   =       1, ntwx    =      20, ntwv    =      -1, ntwe    =       0
     ioutfm  =       1, ntwprt  =       0, idecomp =       0, rbornstat=      0

Potential function:
     ntf     =       1, ntb     =       1, igb     =       0, nsnb    =      25
     ipol    =       0, gbsa    =       0, iesp    =       0
     dielc   =   1.00000, cut     =   9.00000, intdiel =   1.00000

Frozen or restrained atoms:
     ibelly  =       0, ntr     =       0

Molecular dynamics:
     nstlim  =     20000, nscm    =      1000, nrespa  =         1
     t       =   0.00000, dt      =   0.00050, vlimit  =  -1.00000

| Intermolecular bonds treatment:
|     no_intermolecular_bonds =       1

| Energy averages sample interval:
|     ene_avg_sampling =     500

Ewald parameters:
     verbose =       0, ew_type =       0, nbflag  =       1, use_pme =       1
     vdwmeth =       1, eedmeth =       1, netfrc  =       1
     Box X =   72.603   Box Y =   72.603   Box Z =   72.603
     Alpha =  109.471   Beta  =  109.471   Gamma =  109.471
     NFFT1 =   80       NFFT2 =   80       NFFT3 =   80
     Cutoff=    9.000   Tol   =0.100E-04
     Ewald Coefficient =  0.30768
     Interpolation order =    4

--------------------------------------------------------------------------------
   3.  ATOMIC COORDINATES AND VELOCITIES
--------------------------------------------------------------------------------

default_name                                                                    
 begin time read from input coords =141010.000 ps

 
 Number of triangulated 3-point waters found:     9119

     Sum of charges from parm topology file =  -0.00000008
     Forcing neutrality...

| Dynamic Memory, Types Used:
| Reals              869451
| Integers           889566

| Nonbonded Pairs Initial Allocation:     6710724

| GPU memory information (estimate):
| KB of GPU memory in use:     98381
| KB of CPU memory in use:     41681

--------------------------------------------------------------------------------
   4.  RESULTS
--------------------------------------------------------------------------------

 ---------------------------------------------------
 APPROXIMATING switch and d/dx switch using CUBIC SPLINE INTERPOLATION
 using   5000.0 points per unit in tabled values
 TESTING RELATIVE ERROR over r ranging from 0.0 to cutoff
| CHECK switch(x): max rel err =   0.2738E-14   at   2.422500
| CHECK d/dx switch(x): max rel err =   0.8314E-11   at   2.736960
 ---------------------------------------------------
|---------------------------------------------------
| APPROXIMATING direct energy using CUBIC SPLINE INTERPOLATION
|  with   50.0 points per unit in tabled values
| Relative Error Limit not exceeded for r .gt.   2.39
| APPROXIMATING direct force using CUBIC SPLINE INTERPOLATION
|  with   50.0 points per unit in tabled values
| Relative Error Limit not exceeded for r .gt.   2.84
|---------------------------------------------------

 NSTEP =      500   TIME(PS) =  141010.250  TEMP(K) =   299.65  PRESS =     0.0
 Etot   =    -67150.9470  EKtot   =     26288.8613  EPtot      =    -93439.8084
 BOND   =     16483.6474  ANGLE   =      1008.8703  DIHED      =      1330.5725
 1-4 NB =       449.0794  1-4 EEL =      4646.4672  VDWAALS    =     16836.9482
 EELEC  =   -134195.3934  EHBOND  =         0.0000  RESTRAINT  =         0.0000
 ------------------------------------------------------------------------------

check COM velocity, temp:        0.001733     0.00(Removed)

 NSTEP =     1000   TIME(PS) =  141010.500  TEMP(K) =   297.37  PRESS =     0.0
 Etot   =    -67147.3619  EKtot   =     26088.0625  EPtot      =    -93235.4244
 BOND   =     16500.3704  ANGLE   =      1056.0464  DIHED      =      1329.5853
 1-4 NB =       440.3604  1-4 EEL =      4615.4364  VDWAALS    =     17230.0517
 EELEC  =   -134407.2750  EHBOND  =         0.0000  RESTRAINT  =         0.0000
 ------------------------------------------------------------------------------


 NSTEP =     1500   TIME(PS) =  141010.750  TEMP(K) =   300.58  PRESS =     0.0
 Etot   =    -67145.2301  EKtot   =     26370.3164  EPtot      =    -93515.5465
 BOND   =     16421.4917  ANGLE   =      1015.7996  DIHED      =      1323.2445
 1-4 NB =       448.7884  1-4 EEL =      4648.3834  VDWAALS    =     17131.5347
 EELEC  =   -134504.7886  EHBOND  =         0.0000  RESTRAINT  =         0.0000
 ------------------------------------------------------------------------------

check COM velocity, temp:        0.000002     0.00(Removed)

 NSTEP =     2000   TIME(PS) =  141011.000  TEMP(K) =   302.07  PRESS =     0.0
 Etot   =    -67146.3754  EKtot   =     26500.9121  EPtot      =    -93647.2875
 BOND   =     16371.9609  ANGLE   =      1001.1605  DIHED      =      1352.7831
 1-4 NB =       449.8692  1-4 EEL =      4633.4570  VDWAALS    =     17110.9614
 EELEC  =   -134567.4797  EHBOND  =         0.0000  RESTRAINT  =         0.0000
 ------------------------------------------------------------------------------


 NSTEP =     2500   TIME(PS) =  141011.250  TEMP(K) =   299.85  PRESS =     0.0
 Etot   =    -67149.7281  EKtot   =     26306.3047  EPtot      =    -93456.0328
 BOND   =     16333.9626  ANGLE   =      1035.6805  DIHED      =      1346.0924
 1-4 NB =       449.0572  1-4 EEL =      4620.7103  VDWAALS    =     17178.6209
 EELEC  =   -134420.1567  EHBOND  =         0.0000  RESTRAINT  =         0.0000
 ------------------------------------------------------------------------------

check COM velocity, temp:        0.000004     0.00(Removed)

 NSTEP =     3000   TIME(PS) =  141011.500  TEMP(K) =   299.41  PRESS =     0.0
 Etot   =    -67151.2021  EKtot   =     26267.5527  EPtot      =    -93418.7548
 BOND   =     16548.1254  ANGLE   =      1039.8343  DIHED      =      1349.5433
 1-4 NB =       433.6077  1-4 EEL =      4607.1435  VDWAALS    =     17120.5161
 EELEC  =   -134517.5251  EHBOND  =         0.0000  RESTRAINT  =         0.0000
 ------------------------------------------------------------------------------


 NSTEP =     3500   TIME(PS) =  141011.750  TEMP(K) =   301.79  PRESS =     0.0
 Etot   =    -67153.8429  EKtot   =     26476.4629  EPtot      =    -93630.3058
 BOND   =     16537.0641  ANGLE   =      1012.4904  DIHED      =      1353.4375
 1-4 NB =       445.9197  1-4 EEL =      4643.3666  VDWAALS    =     17063.1413
 EELEC  =   -134685.7255  EHBOND  =         0.0000  RESTRAINT  =         0.0000
 ------------------------------------------------------------------------------

check COM velocity, temp:        0.000003     0.00(Removed)

 NSTEP =     4000   TIME(PS) =  141012.000  TEMP(K) =   299.46  PRESS =     0.0
 Etot   =    -67150.7276  EKtot   =     26271.4395  EPtot      =    -93422.1670
 BOND   =     16536.3997  ANGLE   =      1013.1509  DIHED      =      1340.4445
 1-4 NB =       435.3093  1-4 EEL =      4615.6307  VDWAALS    =     17070.8800
 EELEC  =   -134433.9821  EHBOND  =         0.0000  RESTRAINT  =         0.0000
 ------------------------------------------------------------------------------


 NSTEP =     4500   TIME(PS) =  141012.250  TEMP(K) =   300.82  PRESS =     0.0
 Etot   =    -67154.8322  EKtot   =     26391.5391  EPtot      =    -93546.3712
 BOND   =     16280.4926  ANGLE   =      1008.6548  DIHED      =      1336.9593
 1-4 NB =       458.3524  1-4 EEL =      4625.4079  VDWAALS    =     17176.3692
 EELEC  =   -134432.6074  EHBOND  =         0.0000  RESTRAINT  =         0.0000
 ------------------------------------------------------------------------------

check COM velocity, temp:        0.000006     0.00(Removed)

 NSTEP =     5000   TIME(PS) =  141012.500  TEMP(K) =   300.03  PRESS =     0.0
 Etot   =    -67151.4007  EKtot   =     26322.0215  EPtot      =    -93473.4222
 BOND   =     16431.1515  ANGLE   =      1007.5901  DIHED      =      1338.2939
 1-4 NB =       452.1426  1-4 EEL =      4659.5236  VDWAALS    =     17138.8384
 EELEC  =   -134500.9623  EHBOND  =         0.0000  RESTRAINT  =         0.0000
 ------------------------------------------------------------------------------


 NSTEP =     5500   TIME(PS) =  141012.750  TEMP(K) =   298.69  PRESS =     0.0
 Etot   =    -67150.3693  EKtot   =     26204.3066  EPtot      =    -93354.6759
 BOND   =     16455.8332  ANGLE   =      1018.8443  DIHED      =      1345.2146
 1-4 NB =       460.6222  1-4 EEL =      4664.7012  VDWAALS    =     17021.5620
 EELEC  =   -134321.4535  EHBOND  =         0.0000  RESTRAINT  =         0.0000
 ------------------------------------------------------------------------------

check COM velocity, temp:        0.000004     0.00(Removed)

 NSTEP =     6000   TIME(PS) =  141013.000  TEMP(K) =   299.86  PRESS =     0.0
 Etot   =    -67152.0421  EKtot   =     26306.5449  EPtot      =    -93458.5870
 BOND   =     16484.1212  ANGLE   =      1022.9168  DIHED      =      1346.7998
 1-4 NB =       448.2662  1-4 EEL =      4611.2292  VDWAALS    =     16963.9981
 EELEC  =   -134335.9183  EHBOND  =         0.0000  RESTRAINT  =         0.0000
 ------------------------------------------------------------------------------


 NSTEP =     6500   TIME(PS) =  141013.250  TEMP(K) =   299.40  PRESS =     0.0
 Etot   =    -67147.1414  EKtot   =     26266.5020  EPtot      =    -93413.6434
 BOND   =     16488.4806  ANGLE   =       996.1859  DIHED      =      1335.9672
 1-4 NB =       464.7971  1-4 EEL =      4688.5478  VDWAALS    =     17047.3452
 EELEC  =   -134434.9672  EHBOND  =         0.0000  RESTRAINT  =         0.0000
 ------------------------------------------------------------------------------

check COM velocity, temp:        0.000004     0.00(Removed)

 NSTEP =     7000   TIME(PS) =  141013.500  TEMP(K) =   300.15  PRESS =     0.0
 Etot   =    -67152.3325  EKtot   =     26331.8906  EPtot      =    -93484.2232
 BOND   =     16230.4371  ANGLE   =      1060.8451  DIHED      =      1333.1763
 1-4 NB =       446.6853  1-4 EEL =      4636.1587  VDWAALS    =     17132.8448
 EELEC  =   -134324.3704  EHBOND  =         0.0000  RESTRAINT  =         0.0000
 ------------------------------------------------------------------------------


 NSTEP =     7500   TIME(PS) =  141013.750  TEMP(K) =   298.58  PRESS =     0.0
 Etot   =    -67151.2305  EKtot   =     26194.5410  EPtot      =    -93345.7715
 BOND   =     16420.2720  ANGLE   =      1011.6957  DIHED      =      1349.0458
 1-4 NB =       432.4102  1-4 EEL =      4571.3873  VDWAALS    =     17260.2571
 EELEC  =   -134390.8398  EHBOND  =         0.0000  RESTRAINT  =         0.0000
 ------------------------------------------------------------------------------

check COM velocity, temp:        0.000004     0.00(Removed)

 NSTEP =     8000   TIME(PS) =  141014.000  TEMP(K) =   299.02  PRESS =     0.0
 Etot   =    -67151.3795  EKtot   =     26232.9727  EPtot      =    -93384.3522
 BOND   =     16262.1748  ANGLE   =      1042.1866  DIHED      =      1354.8624
 1-4 NB =       448.9487  1-4 EEL =      4624.8193  VDWAALS    =     17095.0985
 EELEC  =   -134212.4424  EHBOND  =         0.0000  RESTRAINT  =         0.0000
 ------------------------------------------------------------------------------


 NSTEP =     8500   TIME(PS) =  141014.250  TEMP(K) =   299.50  PRESS =     0.0
 Etot   =    -67150.4626  EKtot   =     26274.8828  EPtot      =    -93425.3455
 BOND   =     16495.4437  ANGLE   =      1018.5156  DIHED      =      1336.6816
 1-4 NB =       429.5879  1-4 EEL =      4629.0553  VDWAALS    =     17123.7414
 EELEC  =   -134458.3710  EHBOND  =         0.0000  RESTRAINT  =         0.0000
 ------------------------------------------------------------------------------

check COM velocity, temp:        0.000001     0.00(Removed)

 NSTEP =     9000   TIME(PS) =  141014.500  TEMP(K) =   298.39  PRESS =     0.0
 Etot   =    -67147.2152  EKtot   =     26178.3145  EPtot      =    -93325.5297
 BOND   =     16565.1066  ANGLE   =      1044.1642  DIHED      =      1344.4353
 1-4 NB =       439.1152  1-4 EEL =      4605.8798  VDWAALS    =     16912.9335
 EELEC  =   -134237.1643  EHBOND  =         0.0000  RESTRAINT  =         0.0000
 ------------------------------------------------------------------------------


 NSTEP =     9500   TIME(PS) =  141014.750  TEMP(K) =   298.58  PRESS =     0.0
 Etot   =    -67151.0021  EKtot   =     26194.3828  EPtot      =    -93345.3849
 BOND   =     16701.4466  ANGLE   =      1064.1618  DIHED      =      1340.7934
 1-4 NB =       445.9511  1-4 EEL =      4615.7440  VDWAALS    =     16938.0643
 EELEC  =   -134451.5461  EHBOND  =         0.0000  RESTRAINT  =         0.0000
 ------------------------------------------------------------------------------

check COM velocity, temp:        0.000003     0.00(Removed)

 NSTEP =    10000   TIME(PS) =  141015.000  TEMP(K) =   296.73  PRESS =     0.0
 Etot   =    -67150.0655  EKtot   =     26032.1582  EPtot      =    -93182.2237
 BOND   =     16654.9067  ANGLE   =      1062.9427  DIHED      =      1353.5408
 1-4 NB =       447.4507  1-4 EEL =      4602.1124  VDWAALS    =     16749.5817
 EELEC  =   -134052.7587  EHBOND  =         0.0000  RESTRAINT  =         0.0000
 ------------------------------------------------------------------------------


 NSTEP =    10500   TIME(PS) =  141015.250  TEMP(K) =   299.23  PRESS =     0.0
 Etot   =    -67148.4431  EKtot   =     26251.7910  EPtot      =    -93400.2342
 BOND   =     16538.0531  ANGLE   =      1019.6152  DIHED      =      1319.6715
 1-4 NB =       434.8872  1-4 EEL =      4616.5430  VDWAALS    =     17018.4105
 EELEC  =   -134347.4146  EHBOND  =         0.0000  RESTRAINT  =         0.0000
 ------------------------------------------------------------------------------

check COM velocity, temp:        0.000004     0.00(Removed)

 NSTEP =    11000   TIME(PS) =  141015.500  TEMP(K) =   300.12  PRESS =     0.0
 Etot   =    -67155.0486  EKtot   =     26329.8691  EPtot      =    -93484.9178
 BOND   =     16429.3484  ANGLE   =      1067.9171  DIHED      =      1327.5707
 1-4 NB =       421.7791  1-4 EEL =      4599.7624  VDWAALS    =     17210.0508
 EELEC  =   -134541.3463  EHBOND  =         0.0000  RESTRAINT  =         0.0000
 ------------------------------------------------------------------------------


 NSTEP =    11500   TIME(PS) =  141015.750  TEMP(K) =   298.60  PRESS =     0.0
 Etot   =    -67155.5582  EKtot   =     26196.6992  EPtot      =    -93352.2575
 BOND   =     16517.8010  ANGLE   =      1056.6069  DIHED      =      1341.0537
 1-4 NB =       445.3096  1-4 EEL =      4672.5645  VDWAALS    =     17027.6405
 EELEC  =   -134413.2337  EHBOND  =         0.0000  RESTRAINT  =         0.0000
 ------------------------------------------------------------------------------

check COM velocity, temp:        0.000005     0.00(Removed)

 NSTEP =    12000   TIME(PS) =  141016.000  TEMP(K) =   299.10  PRESS =     0.0
 Etot   =    -67150.3381  EKtot   =     26240.1582  EPtot      =    -93390.4963
 BOND   =     16503.2219  ANGLE   =      1079.2730  DIHED      =      1361.9079
 1-4 NB =       437.2620  1-4 EEL =      4639.8919  VDWAALS    =     16902.9836
 EELEC  =   -134315.0366  EHBOND  =         0.0000  RESTRAINT  =         0.0000
 ------------------------------------------------------------------------------


 NSTEP =    12500   TIME(PS) =  141016.250  TEMP(K) =   299.72  PRESS =     0.0
 Etot   =    -67151.5389  EKtot   =     26294.4023  EPtot      =    -93445.9412
 BOND   =     16657.9344  ANGLE   =      1022.1082  DIHED      =      1336.9873
 1-4 NB =       433.2978  1-4 EEL =      4604.6958  VDWAALS    =     17140.9663
 EELEC  =   -134641.9311  EHBOND  =         0.0000  RESTRAINT  =         0.0000
 ------------------------------------------------------------------------------

check COM velocity, temp:        0.000004     0.00(Removed)

 NSTEP =    13000   TIME(PS) =  141016.500  TEMP(K) =   300.35  PRESS =     0.0
 Etot   =    -67153.2608  EKtot   =     26350.1836  EPtot      =    -93503.4444
 BOND   =     16329.5360  ANGLE   =      1076.5572  DIHED      =      1346.2491
 1-4 NB =       454.0208  1-4 EEL =      4621.0903  VDWAALS    =     16915.0729
 EELEC  =   -134245.9708  EHBOND  =         0.0000  RESTRAINT  =         0.0000
 ------------------------------------------------------------------------------


 NSTEP =    13500   TIME(PS) =  141016.750  TEMP(K) =   302.14  PRESS =     0.0
 Etot   =    -67151.7021  EKtot   =     26506.5938  EPtot      =    -93658.2958
 BOND   =     16482.3675  ANGLE   =      1041.0472  DIHED      =      1332.7191
 1-4 NB =       448.3580  1-4 EEL =      4654.5268  VDWAALS    =     16962.0607
 EELEC  =   -134579.3752  EHBOND  =         0.0000  RESTRAINT  =         0.0000
 ------------------------------------------------------------------------------

check COM velocity, temp:        0.000004     0.00(Removed)

 NSTEP =    14000   TIME(PS) =  141017.000  TEMP(K) =   298.02  PRESS =     0.0
 Etot   =    -67148.2860  EKtot   =     26145.5410  EPtot      =    -93293.8271
 BOND   =     16468.4540  ANGLE   =      1087.5339  DIHED      =      1339.4556
 1-4 NB =       443.9306  1-4 EEL =      4628.5457  VDWAALS    =     17209.9898
 EELEC  =   -134471.7367  EHBOND  =         0.0000  RESTRAINT  =         0.0000
 ------------------------------------------------------------------------------


 NSTEP =    14500   TIME(PS) =  141017.250  TEMP(K) =   297.15  PRESS =     0.0
 Etot   =    -67149.7247  EKtot   =     26069.0684  EPtot      =    -93218.7931
 BOND   =     16455.9448  ANGLE   =      1057.9274  DIHED      =      1360.9482
 1-4 NB =       459.1619  1-4 EEL =      4644.3185  VDWAALS    =     17169.1256
 EELEC  =   -134366.2196  EHBOND  =         0.0000  RESTRAINT  =         0.0000
 ------------------------------------------------------------------------------

check COM velocity, temp:        0.000003     0.00(Removed)

 NSTEP =    15000   TIME(PS) =  141017.500  TEMP(K) =   301.07  PRESS =     0.0
 Etot   =    -67150.5032  EKtot   =     26412.9805  EPtot      =    -93563.4837
 BOND   =     16524.4127  ANGLE   =      1034.9882  DIHED      =      1352.1525
 1-4 NB =       457.9921  1-4 EEL =      4643.0147  VDWAALS    =     17029.2508
 EELEC  =   -134605.2946  EHBOND  =         0.0000  RESTRAINT  =         0.0000
 ------------------------------------------------------------------------------


 NSTEP =    15500   TIME(PS) =  141017.750  TEMP(K) =   298.99  PRESS =     0.0
 Etot   =    -67154.4342  EKtot   =     26230.5352  EPtot      =    -93384.9694
 BOND   =     16448.8262  ANGLE   =      1063.2585  DIHED      =      1345.3827
 1-4 NB =       448.6396  1-4 EEL =      4655.0446  VDWAALS    =     17670.8467
 EELEC  =   -135016.9676  EHBOND  =         0.0000  RESTRAINT  =         0.0000
 ------------------------------------------------------------------------------

check COM velocity, temp:        0.000004     0.00(Removed)

 NSTEP =    16000   TIME(PS) =  141018.000  TEMP(K) =   298.82  PRESS =     0.0
 Etot   =    -67147.8709  EKtot   =     26215.9570  EPtot      =    -93363.8279
 BOND   =     16712.5263  ANGLE   =      1057.8291  DIHED      =      1358.1970
 1-4 NB =       446.5212  1-4 EEL =      4609.5460  VDWAALS    =     17505.4191
 EELEC  =   -135053.8665  EHBOND  =         0.0000  RESTRAINT  =         0.0000
 ------------------------------------------------------------------------------


 NSTEP =    16500   TIME(PS) =  141018.250  TEMP(K) =   300.93  PRESS =     0.0
 Etot   =    -67150.2358  EKtot   =     26401.0898  EPtot      =    -93551.3257
 BOND   =     16587.4043  ANGLE   =      1085.3402  DIHED      =      1351.3264
 1-4 NB =       457.0547  1-4 EEL =      4627.3831  VDWAALS    =     17274.3282
 EELEC  =   -134934.1626  EHBOND  =         0.0000  RESTRAINT  =         0.0000
 ------------------------------------------------------------------------------

check COM velocity, temp:        0.000001     0.00(Removed)

 NSTEP =    17000   TIME(PS) =  141018.500  TEMP(K) =   299.24  PRESS =     0.0
 Etot   =    -67152.3066  EKtot   =     26252.1875  EPtot      =    -93404.4941
 BOND   =     16613.9549  ANGLE   =      1038.2619  DIHED      =      1337.3995
 1-4 NB =       455.4806  1-4 EEL =      4626.0613  VDWAALS    =     17055.4893
 EELEC  =   -134531.1415  EHBOND  =         0.0000  RESTRAINT  =         0.0000
 ------------------------------------------------------------------------------


 NSTEP =    17500   TIME(PS) =  141018.750  TEMP(K) =   299.15  PRESS =     0.0
 Etot   =    -67155.0956  EKtot   =     26244.8711  EPtot      =    -93399.9667
 BOND   =     16448.1803  ANGLE   =      1021.7466  DIHED      =      1341.4836
 1-4 NB =       445.6245  1-4 EEL =      4626.7350  VDWAALS    =     17206.5081
 EELEC  =   -134490.2449  EHBOND  =         0.0000  RESTRAINT  =         0.0000
 ------------------------------------------------------------------------------

check COM velocity, temp:        0.000004     0.00(Removed)

 NSTEP =    18000   TIME(PS) =  141019.000  TEMP(K) =   298.81  PRESS =     0.0
 Etot   =    -67148.0575  EKtot   =     26215.0469  EPtot      =    -93363.1044
 BOND   =     16527.5676  ANGLE   =      1035.6789  DIHED      =      1349.5498
 1-4 NB =       443.7523  1-4 EEL =      4599.7378  VDWAALS    =     16994.6831
 EELEC  =   -134314.0739  EHBOND  =         0.0000  RESTRAINT  =         0.0000
 ------------------------------------------------------------------------------


 NSTEP =    18500   TIME(PS) =  141019.250  TEMP(K) =   299.39  PRESS =     0.0
 Etot   =    -67149.9299  EKtot   =     26265.8633  EPtot      =    -93415.7932
 BOND   =     16263.0136  ANGLE   =      1018.7968  DIHED      =      1345.4865
 1-4 NB =       452.4960  1-4 EEL =      4649.4837  VDWAALS    =     17233.1168
 EELEC  =   -134378.1867  EHBOND  =         0.0000  RESTRAINT  =         0.0000
 ------------------------------------------------------------------------------

check COM velocity, temp:        0.000005     0.00(Removed)

 NSTEP =    19000   TIME(PS) =  141019.500  TEMP(K) =   298.28  PRESS =     0.0
 Etot   =    -67151.9528  EKtot   =     26168.5137  EPtot      =    -93320.4664
 BOND   =     16278.4569  ANGLE   =      1033.8762  DIHED      =      1352.7120
 1-4 NB =       452.5668  1-4 EEL =      4637.0738  VDWAALS    =     16896.3930
 EELEC  =   -133971.5451  EHBOND  =         0.0000  RESTRAINT  =         0.0000
 ------------------------------------------------------------------------------


 NSTEP =    19500   TIME(PS) =  141019.750  TEMP(K) =   296.86  PRESS =     0.0
 Etot   =    -67149.4316  EKtot   =     26043.5742  EPtot      =    -93193.0058
 BOND   =     16445.7029  ANGLE   =      1055.7988  DIHED      =      1344.0767
 1-4 NB =       443.5294  1-4 EEL =      4604.8023  VDWAALS    =     17061.3494
 EELEC  =   -134148.2654  EHBOND  =         0.0000  RESTRAINT  =         0.0000
 ------------------------------------------------------------------------------

check COM velocity, temp:        0.000006     0.00(Removed)

 NSTEP =    20000   TIME(PS) =  141020.000  TEMP(K) =   299.68  PRESS =     0.0
 Etot   =    -67149.0155  EKtot   =     26291.1836  EPtot      =    -93440.1991
 BOND   =     16429.8961  ANGLE   =      1007.6542  DIHED      =      1342.8425
 1-4 NB =       439.6034  1-4 EEL =      4666.4220  VDWAALS    =     16777.4426
 EELEC  =   -134104.0599  EHBOND  =         0.0000  RESTRAINT  =         0.0000
 ------------------------------------------------------------------------------


      A V E R A G E S   O V E R      40 S T E P S


 NSTEP =    20000   TIME(PS) =  141020.000  TEMP(K) =   299.39  PRESS =     0.0
 Etot   =    -67150.6906  EKtot   =     26265.6520  EPtot      =    -93416.3425
 BOND   =     16471.6373  ANGLE   =      1037.5888  DIHED      =      1343.2161
 1-4 NB =       446.1897  1-4 EEL =      4629.8101  VDWAALS    =     17089.1104
 EELEC  =   -134433.8950  EHBOND  =         0.0000  RESTRAINT  =         0.0000
 ------------------------------------------------------------------------------


      R M S  F L U C T U A T I O N S


 NSTEP =    20000   TIME(PS) =  141020.000  TEMP(K) =     1.25  PRESS =     0.0
 Etot   =         2.4475  EKtot   =       109.7662  EPtot      =       110.1901
 BOND   =       115.3779  ANGLE   =        24.7159  DIHED      =         9.6750
 1-4 NB =         9.0988  1-4 EEL =        23.3746  VDWAALS    =       172.2474
 EELEC  =       223.7826  EHBOND  =         0.0000  RESTRAINT  =         0.0000
|E(PBS) =         0.8158
 ------------------------------------------------------------------------------

--------------------------------------------------------------------------------
   5.  TIMINGS
--------------------------------------------------------------------------------

|  NonSetup CPU Time in Major Routines:
|
|     Routine           Sec        %
|     ------------------------------
|     Nonbond           3.54   11.59
|     Bond              0.00    0.00
|     Angle             0.00    0.00
|     Dihedral          0.00    0.00
|     Shake             0.00    0.00
|     RunMD            26.92   88.29
|     Other             0.04    0.12
|     ------------------------------
|     Total            30.50

|  PME Nonbond Pairlist CPU Time:
|
|     Routine              Sec        %
|     ---------------------------------
|     Set Up Cit           0.00    0.00
|     Build List           0.00    0.00
|     ---------------------------------
|     Total                0.00    0.00

|  PME Direct Force CPU Time:
|
|     Routine              Sec        %
|     ---------------------------------
|     NonBonded Calc       0.00    0.00
|     Exclude Masked       0.00    0.00
|     Other                0.02    0.07
|     ---------------------------------
|     Total                0.02    0.07

|  PME Reciprocal Force CPU Time:
|
|     Routine              Sec        %
|     ---------------------------------
|     1D bspline           0.00    0.00
|     Grid Charges         0.00    0.00
|     Scalar Sum           0.00    0.00
|     Gradient Sum         0.00    0.00
|     FFT                  0.00    0.00
|     ---------------------------------
|     Total                0.00    0.00

|  Final Performance Info:
|     -----------------------------------------------------
|     Average timings for last   19500 steps:
|     Elapsed(s) =      36.20 Per Step(ms) =       1.86
|         ns/day =      23.27   seconds/ns =    3713.33
|
|     Average timings for all steps:
|     Elapsed(s) =      36.97 Per Step(ms) =       1.85
|         ns/day =      23.37   seconds/ns =    3697.10
|     -----------------------------------------------------

|  Setup CPU time:            1.15 seconds
|  NonSetup CPU time:        30.50 seconds
|  Total CPU time:           31.65 seconds     0.01 hours

|  Setup wall time:           1    seconds
|  NonSetup wall time:       37    seconds
|  Total wall time:          38    seconds     0.01 hours
