
          -------------------------------------------------------
          Amber 16 PMEMD                              2016
          -------------------------------------------------------

| PMEMD implementation of SANDER, Release 16

| Run on 09/27/2017 at 15:00:46

|   Executable path: /apps/amber16/bin/pmemd.cuda
| Working directory: /scratch/pbarletta/pdz/run/lb/neq/data/2
|          Hostname: isengard

  [-O]verwriting output

File Assignments:
|   MDIN: pdt.in                                                                
|  MDOUT: 88plb_2.out                                                           
| INPCRD: ../1/88plb_1.rst7                                                     
|   PARM: /scratch/pbarletta/pdz/top_files/lb.prmtop                            
| RESTRT: 88plb_2.rst7                                                          
|   REFC: refc                                                                  
|  MDVEL: mdvel                                                                 
|   MDEN: mden                                                                  
|  MDCRD: 88plb_2.nc                                                            
| MDINFO: mdinfo                                                                
|  MDFRC: mdfrc                                                                 


 Here is the input file:

!NVE run                                                                       
&cntrl                                                                         
imin = 0,                           ! No Minimization                          
nmropt = 0,                         ! No NMR restraints read                   
                                                                               
! Nature and format of the input                                               
ntx = 5,                            ! Coordinates and velocities will be read  
irest = 1,                          ! Do not run a new simulation              
                                                                               
! Nature and format of the output                                              
ioutfm = 1,			    ! NetCDF format for output files                             
ntxo = 1,                           ! rstrt file in ASCII format               
ntpr = 500,                         ! inf in output every ntpr steps           
ntwr = 500,                         ! rstrt file every ntwr steps              
ntwx = 20,                          ! mdcrd file every ntwx steps              
ntwv = -1,                          ! mdvel without velocities                 
ntwe = 0,                           ! Energies and temperatures not written in 
idecomp = 0,                        ! No energy decomposition                  
iwrap = 1,                          ! Coordinates of the restart and mdcrd file
                                                                               
! Frozen or restrained atoms                                                   
ibelly = 0,                         ! No frozen atoms                          
ntr=0,                              ! Harmonic potential restraints            
                                                                               
! Molecular dynamics                                                           
nstlim = 20000,                     ! Number of MD-steps                       
dt = 0.0005,                        ! Time step                                
                                                                               
! Temperature regulation                                                       
ntt = 0,                            ! Constant total energy                    
                                                                               
! P and V regulation                                                           
ntp = 0,                            ! No P control                             
ntb = 1,                            ! constant V                               
                                                                               
! SHAKE variables                                                              
ntc = 1,                            ! Bonds involving H are constrained        
ntf = 1,                            ! Bond interaction involving H are ommited.
                                                                               
cut = 9.0,                          ! Nonbonded cutoff                         
/                                                                              
&end                                                                           


Note: ig = -1. Setting random seed to   616012 based on wallclock time in 
      microseconds.
| irandom = 1, using AMBER's internal random number generator (default).
 
|--------------------- INFORMATION ----------------------
| GPU (CUDA) Version of PMEMD in use: NVIDIA GPU IN USE.
|                    Version 16.0.0
| 
|                      02/25/2016
| 
| Implementation by:
|                    Ross C. Walker     (SDSC)
|                    Scott Le Grand     (nVIDIA)
| 
| Precision model in use:
|      [SPFP] - Single Precision Forces, 64-bit Fixed Point
|               Accumulation. (Default)
| 
|--------------------------------------------------------
 
|----------------- CITATION INFORMATION -----------------
|
|    When publishing work that utilized the CUDA version
|    of AMBER, please cite the following in addition to
|    the regular AMBER citations:
|
|  - Romelia Salomon-Ferrer; Andreas W. Goetz; Duncan
|    Poole; Scott Le Grand; Ross C. Walker "Routine
|    microsecond molecular dynamics simulations with
|    AMBER - Part II: Particle Mesh Ewald", J. Chem.
|    Theory Comput., 2013, 9 (9), pp3878-3888,
|    DOI: 10.1021/ct400314y.
|
|  - Andreas W. Goetz; Mark J. Williamson; Dong Xu;
|    Duncan Poole; Scott Le Grand; Ross C. Walker
|    "Routine microsecond molecular dynamics simulations
|    with AMBER - Part I: Generalized Born", J. Chem.
|    Theory Comput., 2012, 8 (5), pp1542-1555.
|
|  - Scott Le Grand; Andreas W. Goetz; Ross C. Walker
|    "SPFP: Speed without compromise - a mixed precision
|    model for GPU accelerated molecular dynamics
|    simulations.", Comp. Phys. Comm., 2013, 184
|    pp374-380, DOI: 10.1016/j.cpc.2012.09.022
|
|--------------------------------------------------------
 
|------------------- GPU DEVICE INFO --------------------
|
|            CUDA_VISIBLE_DEVICES: 0
|   CUDA Capable Devices Detected:      1
|           CUDA Device ID in use:      0
|                CUDA Device Name: Quadro GP100
|     CUDA Device Global Mem Size:  16273 MB
| CUDA Device Num Multiprocessors:     56
|           CUDA Device Core Freq:   1.44 GHz
|
|--------------------------------------------------------
 
 
| Conditional Compilation Defines Used:
| PUBFFT
| BINTRAJ
| CUDA
| EMIL

| Largest sphere to fit in unit cell has radius =    29.652

| New format PARM file being parsed.
| Version =    1.000 Date = 09/01/17 Time = 19:23:45

| Note: 1-4 EEL scale factors are being read from the topology file.

| Note: 1-4 VDW scale factors are being read from the topology file.
| Duplicated    0 dihedrals

| Duplicated    0 dihedrals

--------------------------------------------------------------------------------
   1.  RESOURCE   USE: 
--------------------------------------------------------------------------------

 getting new box info from bottom of inpcrd
 NATOM  =   29433 NTYPES =      16 NBONH =   28406 MBONA  =    1038
 NTHETH =    2390 MTHETA =    1396 NPHIH =    4771 MPHIA  =    4486
 NHPARM =       0 NPARM  =       0 NNB   =   47902 NRES   =    9251
 NBONA  =    1038 NTHETA =    1396 NPHIA =    4486 NUMBND =      69
 NUMANG =     160 NPTRA  =     189 NATYP =      34 NPHB   =       1
 IFBOX  =       2 NMXRS  =      24 IFCAP =       0 NEXTRA =       0
 NCOPY  =       0

| Coordinate Index Table dimensions:    12   12   12
| Direct force subcell size =     6.0526    6.0526    6.0526

     BOX TYPE: TRUNCATED OCTAHEDRON

--------------------------------------------------------------------------------
   2.  CONTROL  DATA  FOR  THE  RUN
--------------------------------------------------------------------------------

default_name                                                                    

General flags:
     imin    =       0, nmropt  =       0

Nature and format of input:
     ntx     =       5, irest   =       1, ntrx    =       1

Nature and format of output:
     ntxo    =       1, ntpr    =     500, ntrx    =       1, ntwr    =     500
     iwrap   =       1, ntwx    =      20, ntwv    =      -1, ntwe    =       0
     ioutfm  =       1, ntwprt  =       0, idecomp =       0, rbornstat=      0

Potential function:
     ntf     =       1, ntb     =       1, igb     =       0, nsnb    =      25
     ipol    =       0, gbsa    =       0, iesp    =       0
     dielc   =   1.00000, cut     =   9.00000, intdiel =   1.00000

Frozen or restrained atoms:
     ibelly  =       0, ntr     =       0

Molecular dynamics:
     nstlim  =     20000, nscm    =      1000, nrespa  =         1
     t       =   0.00000, dt      =   0.00050, vlimit  =  -1.00000

| Intermolecular bonds treatment:
|     no_intermolecular_bonds =       1

| Energy averages sample interval:
|     ene_avg_sampling =     500

Ewald parameters:
     verbose =       0, ew_type =       0, nbflag  =       1, use_pme =       1
     vdwmeth =       1, eedmeth =       1, netfrc  =       1
     Box X =   72.631   Box Y =   72.631   Box Z =   72.631
     Alpha =  109.471   Beta  =  109.471   Gamma =  109.471
     NFFT1 =   80       NFFT2 =   80       NFFT3 =   80
     Cutoff=    9.000   Tol   =0.100E-04
     Ewald Coefficient =  0.30768
     Interpolation order =    4

--------------------------------------------------------------------------------
   3.  ATOMIC COORDINATES AND VELOCITIES
--------------------------------------------------------------------------------

default_name                                                                    
 begin time read from input coords =181010.000 ps

 
 Number of triangulated 3-point waters found:     9119

     Sum of charges from parm topology file =  -0.00000008
     Forcing neutrality...

| Dynamic Memory, Types Used:
| Reals              870797
| Integers           902230

| Nonbonded Pairs Initial Allocation:     6710724

| GPU memory information (estimate):
| KB of GPU memory in use:    101822
| KB of CPU memory in use:     45122

--------------------------------------------------------------------------------
   4.  RESULTS
--------------------------------------------------------------------------------

 ---------------------------------------------------
 APPROXIMATING switch and d/dx switch using CUBIC SPLINE INTERPOLATION
 using   5000.0 points per unit in tabled values
 TESTING RELATIVE ERROR over r ranging from 0.0 to cutoff
| CHECK switch(x): max rel err =   0.2738E-14   at   2.422500
| CHECK d/dx switch(x): max rel err =   0.8314E-11   at   2.736960
 ---------------------------------------------------
|---------------------------------------------------
| APPROXIMATING direct energy using CUBIC SPLINE INTERPOLATION
|  with   50.0 points per unit in tabled values
| Relative Error Limit not exceeded for r .gt.   2.39
| APPROXIMATING direct force using CUBIC SPLINE INTERPOLATION
|  with   50.0 points per unit in tabled values
| Relative Error Limit not exceeded for r .gt.   2.84
|---------------------------------------------------

 NSTEP =      500   TIME(PS) =  181010.250  TEMP(K) =   300.71  PRESS =     0.0
 Etot   =    -66198.5882  EKtot   =     26381.1602  EPtot      =    -92579.7483
 BOND   =     16326.8160  ANGLE   =      1039.0272  DIHED      =      1669.0575
 1-4 NB =       446.4264  1-4 EEL =      4497.5688  VDWAALS    =     16998.9814
 EELEC  =   -133557.6256  EHBOND  =         0.0000  RESTRAINT  =         0.0000
 ------------------------------------------------------------------------------

check COM velocity, temp:        0.002472     0.01(Removed)

 NSTEP =     1000   TIME(PS) =  181010.500  TEMP(K) =   301.01  PRESS =     0.0
 Etot   =    -66196.0623  EKtot   =     26408.1445  EPtot      =    -92604.2068
 BOND   =     16321.9917  ANGLE   =      1047.6248  DIHED      =      1653.2606
 1-4 NB =       439.2746  1-4 EEL =      4423.4066  VDWAALS    =     16758.4541
 EELEC  =   -133248.2192  EHBOND  =         0.0000  RESTRAINT  =         0.0000
 ------------------------------------------------------------------------------


 NSTEP =     1500   TIME(PS) =  181010.750  TEMP(K) =   300.73  PRESS =     0.0
 Etot   =    -66196.8569  EKtot   =     26383.0703  EPtot      =    -92579.9272
 BOND   =     16267.3558  ANGLE   =      1073.1513  DIHED      =      1654.6766
 1-4 NB =       447.6954  1-4 EEL =      4463.7619  VDWAALS    =     16975.8130
 EELEC  =   -133462.3812  EHBOND  =         0.0000  RESTRAINT  =         0.0000
 ------------------------------------------------------------------------------

check COM velocity, temp:        0.000003     0.00(Removed)

 NSTEP =     2000   TIME(PS) =  181011.000  TEMP(K) =   303.45  PRESS =     0.0
 Etot   =    -66198.8096  EKtot   =     26622.1328  EPtot      =    -92820.9424
 BOND   =     16288.8289  ANGLE   =      1034.8132  DIHED      =      1668.1420
 1-4 NB =       442.6717  1-4 EEL =      4480.4063  VDWAALS    =     16911.5845
 EELEC  =   -133647.3891  EHBOND  =         0.0000  RESTRAINT  =         0.0000
 ------------------------------------------------------------------------------


 NSTEP =     2500   TIME(PS) =  181011.250  TEMP(K) =   300.13  PRESS =     0.0
 Etot   =    -66198.6172  EKtot   =     26330.3750  EPtot      =    -92528.9922
 BOND   =     16330.6027  ANGLE   =      1028.1130  DIHED      =      1654.4879
 1-4 NB =       453.0847  1-4 EEL =      4483.1363  VDWAALS    =     16416.4706
 EELEC  =   -132894.8874  EHBOND  =         0.0000  RESTRAINT  =         0.0000
 ------------------------------------------------------------------------------

check COM velocity, temp:        0.000001     0.00(Removed)

 NSTEP =     3000   TIME(PS) =  181011.500  TEMP(K) =   301.51  PRESS =     0.0
 Etot   =    -66192.7790  EKtot   =     26451.6504  EPtot      =    -92644.4294
 BOND   =     16379.9395  ANGLE   =      1079.7364  DIHED      =      1641.5722
 1-4 NB =       442.5276  1-4 EEL =      4488.4748  VDWAALS    =     16872.0423
 EELEC  =   -133548.7222  EHBOND  =         0.0000  RESTRAINT  =         0.0000
 ------------------------------------------------------------------------------


 NSTEP =     3500   TIME(PS) =  181011.750  TEMP(K) =   300.47  PRESS =     0.0
 Etot   =    -66194.6735  EKtot   =     26360.2793  EPtot      =    -92554.9528
 BOND   =     16557.1780  ANGLE   =      1058.6319  DIHED      =      1665.6641
 1-4 NB =       437.0524  1-4 EEL =      4445.3050  VDWAALS    =     17016.0191
 EELEC  =   -133734.8033  EHBOND  =         0.0000  RESTRAINT  =         0.0000
 ------------------------------------------------------------------------------

check COM velocity, temp:        0.000008     0.00(Removed)

 NSTEP =     4000   TIME(PS) =  181012.000  TEMP(K) =   302.28  PRESS =     0.0
 Etot   =    -66199.2782  EKtot   =     26518.9453  EPtot      =    -92718.2235
 BOND   =     16326.3278  ANGLE   =      1082.3008  DIHED      =      1638.0534
 1-4 NB =       458.0667  1-4 EEL =      4472.1004  VDWAALS    =     17072.1979
 EELEC  =   -133767.2704  EHBOND  =         0.0000  RESTRAINT  =         0.0000
 ------------------------------------------------------------------------------


 NSTEP =     4500   TIME(PS) =  181012.250  TEMP(K) =   301.98  PRESS =     0.0
 Etot   =    -66194.2089  EKtot   =     26492.4746  EPtot      =    -92686.6835
 BOND   =     16398.7897  ANGLE   =      1059.1538  DIHED      =      1648.3804
 1-4 NB =       452.5097  1-4 EEL =      4499.7721  VDWAALS    =     16714.6939
 EELEC  =   -133459.9832  EHBOND  =         0.0000  RESTRAINT  =         0.0000
 ------------------------------------------------------------------------------

check COM velocity, temp:        0.000001     0.00(Removed)

 NSTEP =     5000   TIME(PS) =  181012.500  TEMP(K) =   302.10  PRESS =     0.0
 Etot   =    -66193.5589  EKtot   =     26503.2227  EPtot      =    -92696.7815
 BOND   =     16575.5021  ANGLE   =      1062.9868  DIHED      =      1654.8986
 1-4 NB =       435.0707  1-4 EEL =      4415.6966  VDWAALS    =     16963.3128
 EELEC  =   -133804.2490  EHBOND  =         0.0000  RESTRAINT  =         0.0000
 ------------------------------------------------------------------------------


 NSTEP =     5500   TIME(PS) =  181012.750  TEMP(K) =   301.80  PRESS =     0.0
 Etot   =    -66193.8711  EKtot   =     26476.8574  EPtot      =    -92670.7285
 BOND   =     16619.6413  ANGLE   =      1017.9496  DIHED      =      1651.0372
 1-4 NB =       456.0243  1-4 EEL =      4553.1018  VDWAALS    =     16935.2792
 EELEC  =   -133903.7619  EHBOND  =         0.0000  RESTRAINT  =         0.0000
 ------------------------------------------------------------------------------

check COM velocity, temp:        0.000004     0.00(Removed)

 NSTEP =     6000   TIME(PS) =  181013.000  TEMP(K) =   301.79  PRESS =     0.0
 Etot   =    -66197.1717  EKtot   =     26476.1797  EPtot      =    -92673.3514
 BOND   =     16521.2256  ANGLE   =      1044.0059  DIHED      =      1676.4342
 1-4 NB =       442.6169  1-4 EEL =      4447.0062  VDWAALS    =     16980.7552
 EELEC  =   -133785.3953  EHBOND  =         0.0000  RESTRAINT  =         0.0000
 ------------------------------------------------------------------------------


 NSTEP =     6500   TIME(PS) =  181013.250  TEMP(K) =   301.39  PRESS =     0.0
 Etot   =    -66196.4009  EKtot   =     26440.7578  EPtot      =    -92637.1587
 BOND   =     16428.5173  ANGLE   =      1038.2925  DIHED      =      1657.9021
 1-4 NB =       451.3130  1-4 EEL =      4490.6323  VDWAALS    =     16754.7849
 EELEC  =   -133458.6009  EHBOND  =         0.0000  RESTRAINT  =         0.0000
 ------------------------------------------------------------------------------

check COM velocity, temp:        0.000003     0.00(Removed)

 NSTEP =     7000   TIME(PS) =  181013.500  TEMP(K) =   302.13  PRESS =     0.0
 Etot   =    -66195.1024  EKtot   =     26505.7734  EPtot      =    -92700.8759
 BOND   =     16458.8538  ANGLE   =      1080.5897  DIHED      =      1660.2670
 1-4 NB =       443.5453  1-4 EEL =      4449.5779  VDWAALS    =     16860.2188
 EELEC  =   -133653.9282  EHBOND  =         0.0000  RESTRAINT  =         0.0000
 ------------------------------------------------------------------------------


 NSTEP =     7500   TIME(PS) =  181013.750  TEMP(K) =   302.80  PRESS =     0.0
 Etot   =    -66196.5770  EKtot   =     26564.5000  EPtot      =    -92761.0770
 BOND   =     16390.6736  ANGLE   =      1012.8802  DIHED      =      1649.7164
 1-4 NB =       443.5025  1-4 EEL =      4468.6864  VDWAALS    =     16866.9691
 EELEC  =   -133593.5052  EHBOND  =         0.0000  RESTRAINT  =         0.0000
 ------------------------------------------------------------------------------

check COM velocity, temp:        0.000003     0.00(Removed)

 NSTEP =     8000   TIME(PS) =  181014.000  TEMP(K) =   301.39  PRESS =     0.0
 Etot   =    -66195.1280  EKtot   =     26441.3066  EPtot      =    -92636.4347
 BOND   =     16260.9666  ANGLE   =      1045.2248  DIHED      =      1674.3520
 1-4 NB =       461.2827  1-4 EEL =      4511.9222  VDWAALS    =     16778.5876
 EELEC  =   -133368.7705  EHBOND  =         0.0000  RESTRAINT  =         0.0000
 ------------------------------------------------------------------------------


 NSTEP =     8500   TIME(PS) =  181014.250  TEMP(K) =   302.90  PRESS =     0.0
 Etot   =    -66199.5789  EKtot   =     26573.8438  EPtot      =    -92773.4227
 BOND   =     16407.5531  ANGLE   =      1055.4830  DIHED      =      1652.5744
 1-4 NB =       431.8767  1-4 EEL =      4503.6863  VDWAALS    =     17288.8595
 EELEC  =   -134113.4557  EHBOND  =         0.0000  RESTRAINT  =         0.0000
 ------------------------------------------------------------------------------

check COM velocity, temp:        0.000004     0.00(Removed)

 NSTEP =     9000   TIME(PS) =  181014.500  TEMP(K) =   303.45  PRESS =     0.0
 Etot   =    -66197.1469  EKtot   =     26621.7129  EPtot      =    -92818.8598
 BOND   =     16515.4638  ANGLE   =      1023.5479  DIHED      =      1673.2718
 1-4 NB =       439.6687  1-4 EEL =      4512.6988  VDWAALS    =     17195.1215
 EELEC  =   -134178.6323  EHBOND  =         0.0000  RESTRAINT  =         0.0000
 ------------------------------------------------------------------------------


 NSTEP =     9500   TIME(PS) =  181014.750  TEMP(K) =   300.37  PRESS =     0.0
 Etot   =    -66194.8543  EKtot   =     26351.2812  EPtot      =    -92546.1355
 BOND   =     16534.1615  ANGLE   =      1050.1099  DIHED      =      1671.6644
 1-4 NB =       454.0473  1-4 EEL =      4535.9417  VDWAALS    =     16981.2152
 EELEC  =   -133773.2756  EHBOND  =         0.0000  RESTRAINT  =         0.0000
 ------------------------------------------------------------------------------

check COM velocity, temp:        0.000005     0.00(Removed)

 NSTEP =    10000   TIME(PS) =  181015.000  TEMP(K) =   300.57  PRESS =     0.0
 Etot   =    -66195.5595  EKtot   =     26369.3125  EPtot      =    -92564.8720
 BOND   =     16433.1403  ANGLE   =      1051.5782  DIHED      =      1640.5101
 1-4 NB =       448.3761  1-4 EEL =      4461.2861  VDWAALS    =     17311.6535
 EELEC  =   -133911.4164  EHBOND  =         0.0000  RESTRAINT  =         0.0000
 ------------------------------------------------------------------------------


 NSTEP =    10500   TIME(PS) =  181015.250  TEMP(K) =   299.65  PRESS =     0.0
 Etot   =    -66192.1249  EKtot   =     26288.4004  EPtot      =    -92480.5253
 BOND   =     16322.7783  ANGLE   =      1081.1887  DIHED      =      1618.6761
 1-4 NB =       434.0255  1-4 EEL =      4447.5539  VDWAALS    =     16992.8819
 EELEC  =   -133377.6297  EHBOND  =         0.0000  RESTRAINT  =         0.0000
 ------------------------------------------------------------------------------

check COM velocity, temp:        0.000007     0.00(Removed)

 NSTEP =    11000   TIME(PS) =  181015.500  TEMP(K) =   300.07  PRESS =     0.0
 Etot   =    -66194.1418  EKtot   =     26325.4395  EPtot      =    -92519.5813
 BOND   =     16711.1682  ANGLE   =      1008.1956  DIHED      =      1611.8082
 1-4 NB =       436.1328  1-4 EEL =      4539.4942  VDWAALS    =     16812.0375
 EELEC  =   -133638.4176  EHBOND  =         0.0000  RESTRAINT  =         0.0000
 ------------------------------------------------------------------------------


 NSTEP =    11500   TIME(PS) =  181015.750  TEMP(K) =   302.18  PRESS =     0.0
 Etot   =    -66198.2381  EKtot   =     26510.5801  EPtot      =    -92708.8182
 BOND   =     16420.9732  ANGLE   =      1044.2164  DIHED      =      1657.2007
 1-4 NB =       439.7918  1-4 EEL =      4488.5193  VDWAALS    =     16986.1219
 EELEC  =   -133745.6415  EHBOND  =         0.0000  RESTRAINT  =         0.0000
 ------------------------------------------------------------------------------

check COM velocity, temp:        0.000004     0.00(Removed)

 NSTEP =    12000   TIME(PS) =  181016.000  TEMP(K) =   302.15  PRESS =     0.0
 Etot   =    -66201.0468  EKtot   =     26507.4414  EPtot      =    -92708.4882
 BOND   =     16290.9313  ANGLE   =      1019.7048  DIHED      =      1639.3534
 1-4 NB =       445.4977  1-4 EEL =      4534.1485  VDWAALS    =     16960.2924
 EELEC  =   -133598.4163  EHBOND  =         0.0000  RESTRAINT  =         0.0000
 ------------------------------------------------------------------------------


 NSTEP =    12500   TIME(PS) =  181016.250  TEMP(K) =   303.50  PRESS =     0.0
 Etot   =    -66196.5026  EKtot   =     26626.0723  EPtot      =    -92822.5749
 BOND   =     16440.0348  ANGLE   =      1033.2756  DIHED      =      1646.4363
 1-4 NB =       437.0326  1-4 EEL =      4478.1690  VDWAALS    =     16933.9858
 EELEC  =   -133791.5090  EHBOND  =         0.0000  RESTRAINT  =         0.0000
 ------------------------------------------------------------------------------

check COM velocity, temp:        0.000003     0.00(Removed)

 NSTEP =    13000   TIME(PS) =  181016.500  TEMP(K) =   302.68  PRESS =     0.0
 Etot   =    -66197.2093  EKtot   =     26554.3965  EPtot      =    -92751.6058
 BOND   =     16612.9514  ANGLE   =      1065.5978  DIHED      =      1652.5596
 1-4 NB =       442.3115  1-4 EEL =      4432.1314  VDWAALS    =     16852.3596
 EELEC  =   -133809.5171  EHBOND  =         0.0000  RESTRAINT  =         0.0000
 ------------------------------------------------------------------------------


 NSTEP =    13500   TIME(PS) =  181016.750  TEMP(K) =   301.53  PRESS =     0.0
 Etot   =    -66194.7804  EKtot   =     26453.0918  EPtot      =    -92647.8722
 BOND   =     16390.1506  ANGLE   =      1064.2054  DIHED      =      1648.3114
 1-4 NB =       431.3138  1-4 EEL =      4465.5382  VDWAALS    =     17026.8295
 EELEC  =   -133674.2210  EHBOND  =         0.0000  RESTRAINT  =         0.0000
 ------------------------------------------------------------------------------

check COM velocity, temp:        0.000008     0.00(Removed)

 NSTEP =    14000   TIME(PS) =  181017.000  TEMP(K) =   300.79  PRESS =     0.0
 Etot   =    -66194.2020  EKtot   =     26388.8066  EPtot      =    -92583.0086
 BOND   =     16433.5628  ANGLE   =      1049.2524  DIHED      =      1647.9322
 1-4 NB =       444.4199  1-4 EEL =      4498.6977  VDWAALS    =     16918.3619
 EELEC  =   -133575.2355  EHBOND  =         0.0000  RESTRAINT  =         0.0000
 ------------------------------------------------------------------------------


 NSTEP =    14500   TIME(PS) =  181017.250  TEMP(K) =   304.76  PRESS =     0.0
 Etot   =    -66196.7943  EKtot   =     26736.3789  EPtot      =    -92933.1732
 BOND   =     16454.1727  ANGLE   =      1050.7239  DIHED      =      1667.8843
 1-4 NB =       433.9110  1-4 EEL =      4511.2823  VDWAALS    =     17157.8006
 EELEC  =   -134208.9479  EHBOND  =         0.0000  RESTRAINT  =         0.0000
 ------------------------------------------------------------------------------

check COM velocity, temp:        0.000002     0.00(Removed)

 NSTEP =    15000   TIME(PS) =  181017.500  TEMP(K) =   302.36  PRESS =     0.0
 Etot   =    -66196.5991  EKtot   =     26525.8379  EPtot      =    -92722.4370
 BOND   =     16448.4568  ANGLE   =      1028.4765  DIHED      =      1638.8544
 1-4 NB =       444.7733  1-4 EEL =      4504.6187  VDWAALS    =     16614.0419
 EELEC  =   -133401.6586  EHBOND  =         0.0000  RESTRAINT  =         0.0000
 ------------------------------------------------------------------------------


 NSTEP =    15500   TIME(PS) =  181017.750  TEMP(K) =   301.83  PRESS =     0.0
 Etot   =    -66196.6460  EKtot   =     26479.3633  EPtot      =    -92676.0093
 BOND   =     16503.8016  ANGLE   =      1031.4247  DIHED      =      1653.8013
 1-4 NB =       448.9151  1-4 EEL =      4519.1678  VDWAALS    =     16979.3122
 EELEC  =   -133812.4319  EHBOND  =         0.0000  RESTRAINT  =         0.0000
 ------------------------------------------------------------------------------

check COM velocity, temp:        0.000003     0.00(Removed)

 NSTEP =    16000   TIME(PS) =  181018.000  TEMP(K) =   302.01  PRESS =     0.0
 Etot   =    -66196.6929  EKtot   =     26495.1016  EPtot      =    -92691.7945
 BOND   =     16233.7071  ANGLE   =      1044.1617  DIHED      =      1632.7137
 1-4 NB =       448.9860  1-4 EEL =      4436.8705  VDWAALS    =     17090.5967
 EELEC  =   -133578.8301  EHBOND  =         0.0000  RESTRAINT  =         0.0000
 ------------------------------------------------------------------------------


 NSTEP =    16500   TIME(PS) =  181018.250  TEMP(K) =   301.38  PRESS =     0.0
 Etot   =    -66195.5942  EKtot   =     26440.0371  EPtot      =    -92635.6313
 BOND   =     16288.1003  ANGLE   =      1031.5832  DIHED      =      1658.1967
 1-4 NB =       430.9460  1-4 EEL =      4477.3739  VDWAALS    =     17207.4905
 EELEC  =   -133729.3219  EHBOND  =         0.0000  RESTRAINT  =         0.0000
 ------------------------------------------------------------------------------

check COM velocity, temp:        0.000003     0.00(Removed)

 NSTEP =    17000   TIME(PS) =  181018.500  TEMP(K) =   302.46  PRESS =     0.0
 Etot   =    -66190.0945  EKtot   =     26535.3301  EPtot      =    -92725.4246
 BOND   =     16375.4265  ANGLE   =      1018.0637  DIHED      =      1632.0639
 1-4 NB =       452.6914  1-4 EEL =      4506.5712  VDWAALS    =     17000.1226
 EELEC  =   -133710.3640  EHBOND  =         0.0000  RESTRAINT  =         0.0000
 ------------------------------------------------------------------------------


 NSTEP =    17500   TIME(PS) =  181018.750  TEMP(K) =   303.21  PRESS =     0.0
 Etot   =    -66192.4472  EKtot   =     26600.5195  EPtot      =    -92792.9668
 BOND   =     16320.3580  ANGLE   =      1066.5845  DIHED      =      1664.6640
 1-4 NB =       439.9774  1-4 EEL =      4480.0331  VDWAALS    =     17182.8221
 EELEC  =   -133947.4058  EHBOND  =         0.0000  RESTRAINT  =         0.0000
 ------------------------------------------------------------------------------

check COM velocity, temp:        0.000006     0.00(Removed)

 NSTEP =    18000   TIME(PS) =  181019.000  TEMP(K) =   302.49  PRESS =     0.0
 Etot   =    -66196.2800  EKtot   =     26537.9785  EPtot      =    -92734.2585
 BOND   =     16484.5698  ANGLE   =      1042.5023  DIHED      =      1655.8333
 1-4 NB =       451.8702  1-4 EEL =      4483.3112  VDWAALS    =     16939.2120
 EELEC  =   -133791.5572  EHBOND  =         0.0000  RESTRAINT  =         0.0000
 ------------------------------------------------------------------------------


 NSTEP =    18500   TIME(PS) =  181019.250  TEMP(K) =   300.22  PRESS =     0.0
 Etot   =    -66191.4304  EKtot   =     26338.0996  EPtot      =    -92529.5300
 BOND   =     16530.3339  ANGLE   =      1042.7154  DIHED      =      1646.2759
 1-4 NB =       447.3875  1-4 EEL =      4465.7932  VDWAALS    =     17118.5738
 EELEC  =   -133780.6097  EHBOND  =         0.0000  RESTRAINT  =         0.0000
 ------------------------------------------------------------------------------

check COM velocity, temp:        0.000003     0.00(Removed)

 NSTEP =    19000   TIME(PS) =  181019.500  TEMP(K) =   300.62  PRESS =     0.0
 Etot   =    -66194.4625  EKtot   =     26373.2227  EPtot      =    -92567.6851
 BOND   =     16435.0263  ANGLE   =      1066.4603  DIHED      =      1670.3318
 1-4 NB =       440.3135  1-4 EEL =      4501.4660  VDWAALS    =     16799.4515
 EELEC  =   -133480.7344  EHBOND  =         0.0000  RESTRAINT  =         0.0000
 ------------------------------------------------------------------------------


 NSTEP =    19500   TIME(PS) =  181019.750  TEMP(K) =   303.51  PRESS =     0.0
 Etot   =    -66199.1309  EKtot   =     26626.9102  EPtot      =    -92826.0411
 BOND   =     16255.1289  ANGLE   =      1085.2923  DIHED      =      1655.3833
 1-4 NB =       445.8615  1-4 EEL =      4450.3742  VDWAALS    =     16892.4106
 EELEC  =   -133610.4919  EHBOND  =         0.0000  RESTRAINT  =         0.0000
 ------------------------------------------------------------------------------

check COM velocity, temp:        0.000001     0.00(Removed)

 NSTEP =    20000   TIME(PS) =  181020.000  TEMP(K) =   303.70  PRESS =     0.0
 Etot   =    -66198.0230  EKtot   =     26643.5566  EPtot      =    -92841.5797
 BOND   =     16242.5035  ANGLE   =      1078.2900  DIHED      =      1666.8386
 1-4 NB =       439.0618  1-4 EEL =      4476.1236  VDWAALS    =     16932.8249
 EELEC  =   -133677.2221  EHBOND  =         0.0000  RESTRAINT  =         0.0000
 ------------------------------------------------------------------------------


      A V E R A G E S   O V E R      40 S T E P S


 NSTEP =    20000   TIME(PS) =  181020.000  TEMP(K) =   301.85  PRESS =     0.0
 Etot   =    -66195.9316  EKtot   =     26481.4886  EPtot      =    -92677.4202
 BOND   =     16413.4416  ANGLE   =      1048.4279  DIHED      =      1653.0261
 1-4 NB =       444.0463  1-4 EEL =      4482.5352  VDWAALS    =     16951.2636
 EELEC  =   -133670.1609  EHBOND  =         0.0000  RESTRAINT  =         0.0000
 ------------------------------------------------------------------------------


      R M S  F L U C T U A T I O N S


 NSTEP =    20000   TIME(PS) =  181020.000  TEMP(K) =     1.17  PRESS =     0.0
 Etot   =         2.3441  EKtot   =       102.6435  EPtot      =       103.5013
 BOND   =       113.6966  ANGLE   =        20.6739  DIHED      =        14.3172
 1-4 NB =         7.4728  1-4 EEL =        31.9486  VDWAALS    =       172.5184
 EELEC  =       241.8366  EHBOND  =         0.0000  RESTRAINT  =         0.0000
|E(PBS) =         0.9232
 ------------------------------------------------------------------------------

--------------------------------------------------------------------------------
   5.  TIMINGS
--------------------------------------------------------------------------------

|  NonSetup CPU Time in Major Routines:
|
|     Routine           Sec        %
|     ------------------------------
|     Nonbond           2.89   10.14
|     Bond              0.00    0.00
|     Angle             0.00    0.00
|     Dihedral          0.00    0.00
|     Shake             0.00    0.00
|     RunMD            25.56   89.75
|     Other             0.03    0.11
|     ------------------------------
|     Total            28.48

|  PME Nonbond Pairlist CPU Time:
|
|     Routine              Sec        %
|     ---------------------------------
|     Set Up Cit           0.00    0.00
|     Build List           0.00    0.00
|     ---------------------------------
|     Total                0.00    0.00

|  PME Direct Force CPU Time:
|
|     Routine              Sec        %
|     ---------------------------------
|     NonBonded Calc       0.00    0.00
|     Exclude Masked       0.00    0.00
|     Other                0.02    0.06
|     ---------------------------------
|     Total                0.02    0.06

|  PME Reciprocal Force CPU Time:
|
|     Routine              Sec        %
|     ---------------------------------
|     1D bspline           0.00    0.00
|     Grid Charges         0.00    0.00
|     Scalar Sum           0.00    0.00
|     Gradient Sum         0.00    0.00
|     FFT                  0.00    0.00
|     ---------------------------------
|     Total                0.00    0.00

|  Final Performance Info:
|     -----------------------------------------------------
|     Average timings for last   19500 steps:
|     Elapsed(s) =      28.28 Per Step(ms) =       1.45
|         ns/day =      29.79   seconds/ns =    2900.76
|
|     Average timings for all steps:
|     Elapsed(s) =      29.01 Per Step(ms) =       1.45
|         ns/day =      29.78   seconds/ns =    2901.47
|     -----------------------------------------------------

|  Setup CPU time:            1.09 seconds
|  NonSetup CPU time:        28.48 seconds
|  Total CPU time:           29.56 seconds     0.01 hours

|  Setup wall time:           1    seconds
|  NonSetup wall time:       29    seconds
|  Total wall time:          30    seconds     0.01 hours
