
          -------------------------------------------------------
          Amber 16 PMEMD                              2016
          -------------------------------------------------------

| PMEMD implementation of SANDER, Release 16

| Run on 08/24/2017 at 11:24:48

|   Executable path: /apps/amber16/bin/pmemd.cuda
| Working directory: /scratch/pbarletta/pdz/run/lb/neq/data/2
|          Hostname: mordor

  [-O]verwriting output

File Assignments:
|   MDIN: pdt.in                                                                
|  MDOUT: 89plb_2.out                                                           
| INPCRD: ../1/89plb_1.rst7                                                     
|   PARM: /scratch/pbarletta/pdz/top_files/lb.prmtop                            
| RESTRT: 89plb_2.rst7                                                          
|   REFC: refc                                                                  
|  MDVEL: mdvel                                                                 
|   MDEN: mden                                                                  
|  MDCRD: 89plb_2.nc                                                            
| MDINFO: mdinfo                                                                
|  MDFRC: mdfrc                                                                 


 Here is the input file:

!NVE run                                                                       
&cntrl                                                                         
imin = 0,                           ! No Minimization                          
nmropt = 0,                         ! No NMR restraints read                   
                                                                               
! Nature and format of the input                                               
ntx = 5,                            ! Coordinates and velocities will be read  
irest = 1,                          ! Restart simulation                       
                                                                               
! Nature and format of the output                                              
ioutfm = 1,			    ! NetCDF format for output files                             
ntxo = 1,                           ! rstrt file in ASCII format               
ntpr = 500,                         ! inf in output every ntpr steps           
ntwr = 500,                         ! rstrt file every ntwr steps              
ntwx = 20,                          ! mdcrd file every ntwx steps              
ntwv = -1,                          ! mdvel without velocities                 
ntwe = 0,                           ! Energies and temperatures not written in 
idecomp = 0,                        ! No energy decomposition                  
iwrap = 1,                          ! Coordinates of the restart and mdcrd file
                                                                               
! Frozen or restrained atoms                                                   
ibelly = 0,                         ! No frozen atoms                          
ntr=0,                              ! Harmonic potential restraints            
                                                                               
! Molecular dynamics                                                           
nstlim = 20000,                      ! Number of MD-steps                      
dt = 0.0005,                        ! Time step                                
                                                                               
! Temperature regulation                                                       
ntt = 3,                            ! Langevin thermostat                      
gamma_ln = 2,                       ! Gamma constant for Langevin              
temp0 = 300.0,                      ! Reference T at which the system is to be 
tempi = 300.0,                      ! Initial T                                
                                                                               
! P and V regulation                                                           
ntp = 0,                            ! No P control                             
ntb = 1,                            ! constant V                               
                                                                               
! SHAKE variables                                                              
ntc = 1,                            ! No SHAKE                                 
ntf = 1,                            ! Get E with allatom                       
                                                                               
cut = 9.0,                          ! Nonbonded cutoff                         
/                                                                              
&end                                                                           


Note: ig = -1. Setting random seed to   769707 based on wallclock time in 
      microseconds.
| irandom = 1, using AMBER's internal random number generator (default).
 
|--------------------- INFORMATION ----------------------
| GPU (CUDA) Version of PMEMD in use: NVIDIA GPU IN USE.
|                    Version 16.0.0
| 
|                      02/25/2016
| 
| Implementation by:
|                    Ross C. Walker     (SDSC)
|                    Scott Le Grand     (nVIDIA)
| 
| Precision model in use:
|      [SPFP] - Single Precision Forces, 64-bit Fixed Point
|               Accumulation. (Default)
| 
|--------------------------------------------------------
 
|----------------- CITATION INFORMATION -----------------
|
|    When publishing work that utilized the CUDA version
|    of AMBER, please cite the following in addition to
|    the regular AMBER citations:
|
|  - Romelia Salomon-Ferrer; Andreas W. Goetz; Duncan
|    Poole; Scott Le Grand; Ross C. Walker "Routine
|    microsecond molecular dynamics simulations with
|    AMBER - Part II: Particle Mesh Ewald", J. Chem.
|    Theory Comput., 2013, 9 (9), pp3878-3888,
|    DOI: 10.1021/ct400314y.
|
|  - Andreas W. Goetz; Mark J. Williamson; Dong Xu;
|    Duncan Poole; Scott Le Grand; Ross C. Walker
|    "Routine microsecond molecular dynamics simulations
|    with AMBER - Part I: Generalized Born", J. Chem.
|    Theory Comput., 2012, 8 (5), pp1542-1555.
|
|  - Scott Le Grand; Andreas W. Goetz; Ross C. Walker
|    "SPFP: Speed without compromise - a mixed precision
|    model for GPU accelerated molecular dynamics
|    simulations.", Comp. Phys. Comm., 2013, 184
|    pp374-380, DOI: 10.1016/j.cpc.2012.09.022
|
|--------------------------------------------------------
 
|------------------- GPU DEVICE INFO --------------------
|
|            CUDA_VISIBLE_DEVICES: 0
|   CUDA Capable Devices Detected:      1
|           CUDA Device ID in use:      0
|                CUDA Device Name: GeForce GTX TITAN
|     CUDA Device Global Mem Size:   6082 MB
| CUDA Device Num Multiprocessors:     14
|           CUDA Device Core Freq:   0.93 GHz
|
|--------------------------------------------------------
 
 
| Conditional Compilation Defines Used:
| PUBFFT
| BINTRAJ
| CUDA
| EMIL

| Largest sphere to fit in unit cell has radius =    26.281

| New format PARM file being parsed.
| Version =    1.000 Date = 09/04/12 Time = 16:08:43

| Note: 1-4 EEL scale factors are being read from the topology file.

| Note: 1-4 VDW scale factors are being read from the topology file.
| Duplicated    0 dihedrals

| Duplicated    0 dihedrals

--------------------------------------------------------------------------------
   1.  RESOURCE   USE: 
--------------------------------------------------------------------------------

 getting new box info from bottom of inpcrd
 NATOM  =   23082 NTYPES =      16 NBONH =   22055 MBONA  =    1038
 NTHETH =    2390 MTHETA =    1396 NPHIH =    4631 MPHIA  =    3488
 NHPARM =       0 NPARM  =       0 NNB   =   39434 NRES   =    7134
 NBONA  =    1038 NTHETA =    1396 NPHIA =    3488 NUMBND =      41
 NUMANG =      86 NPTRA  =      41 NATYP =      28 NPHB   =       1
 IFBOX  =       1 NMXRS  =      24 IFCAP =       0 NEXTRA =       0
 NCOPY  =       0

| Coordinate Index Table dimensions:    12   14   10
| Direct force subcell size =     5.0212    5.2012    5.2562

     BOX TYPE: RECTILINEAR

--------------------------------------------------------------------------------
   2.  CONTROL  DATA  FOR  THE  RUN
--------------------------------------------------------------------------------

default_name                                                                    

General flags:
     imin    =       0, nmropt  =       0

Nature and format of input:
     ntx     =       5, irest   =       1, ntrx    =       1

Nature and format of output:
     ntxo    =       1, ntpr    =     500, ntrx    =       1, ntwr    =     500
     iwrap   =       1, ntwx    =      20, ntwv    =      -1, ntwe    =       0
     ioutfm  =       1, ntwprt  =       0, idecomp =       0, rbornstat=      0

Potential function:
     ntf     =       1, ntb     =       1, igb     =       0, nsnb    =      25
     ipol    =       0, gbsa    =       0, iesp    =       0
     dielc   =   1.00000, cut     =   9.00000, intdiel =   1.00000

Frozen or restrained atoms:
     ibelly  =       0, ntr     =       0

Molecular dynamics:
     nstlim  =     20000, nscm    =      1000, nrespa  =         1
     t       =   0.00000, dt      =   0.00050, vlimit  =  -1.00000

Langevin dynamics temperature regulation:
     ig      =  769707
     temp0   = 300.00000, tempi   = 300.00000, gamma_ln=   2.00000

| Intermolecular bonds treatment:
|     no_intermolecular_bonds =       1

| Energy averages sample interval:
|     ene_avg_sampling =     500

Ewald parameters:
     verbose =       0, ew_type =       0, nbflag  =       1, use_pme =       1
     vdwmeth =       1, eedmeth =       1, netfrc  =       1
     Box X =   60.254   Box Y =   72.816   Box Z =   52.562
     Alpha =   90.000   Beta  =   90.000   Gamma =   90.000
     NFFT1 =   64       NFFT2 =   80       NFFT3 =   56
     Cutoff=    9.000   Tol   =0.100E-04
     Ewald Coefficient =  0.30768
     Interpolation order =    4

--------------------------------------------------------------------------------
   3.  ATOMIC COORDINATES AND VELOCITIES
--------------------------------------------------------------------------------

default_name                                                                    
 begin time read from input coords =    10.000 ps

 
 Number of triangulated 3-point waters found:     7002

     Sum of charges from parm topology file =  -0.00000008
     Forcing neutrality...

| Dynamic Memory, Types Used:
| Reals              710578
| Integers           737140

| Nonbonded Pairs Initial Allocation:     5262696

| GPU memory information (estimate):
| KB of GPU memory in use:    132483
| KB of CPU memory in use:     27891

--------------------------------------------------------------------------------
   4.  RESULTS
--------------------------------------------------------------------------------

 ---------------------------------------------------
 APPROXIMATING switch and d/dx switch using CUBIC SPLINE INTERPOLATION
 using   5000.0 points per unit in tabled values
 TESTING RELATIVE ERROR over r ranging from 0.0 to cutoff
| CHECK switch(x): max rel err =   0.2738E-14   at   2.422500
| CHECK d/dx switch(x): max rel err =   0.8314E-11   at   2.736960
 ---------------------------------------------------
|---------------------------------------------------
| APPROXIMATING direct energy using CUBIC SPLINE INTERPOLATION
|  with   50.0 points per unit in tabled values
| Relative Error Limit not exceeded for r .gt.   2.39
| APPROXIMATING direct force using CUBIC SPLINE INTERPOLATION
|  with   50.0 points per unit in tabled values
| Relative Error Limit not exceeded for r .gt.   2.84
|---------------------------------------------------

 NSTEP =      500   TIME(PS) =      10.250  TEMP(K) =   273.63  PRESS =     0.0
 Etot   =    -54358.6877  EKtot   =     18826.3184  EPtot      =    -73185.0061
 BOND   =      7051.1510  ANGLE   =      1010.8686  DIHED      =      1363.9714
 1-4 NB =       459.7661  1-4 EEL =      4688.5114  VDWAALS    =     11859.4772
 EELEC  =    -99618.7517  EHBOND  =         0.0000  RESTRAINT  =         0.0000
 ------------------------------------------------------------------------------


 NSTEP =     1000   TIME(PS) =      10.500  TEMP(K) =   286.63  PRESS =     0.0
 Etot   =    -52891.8814  EKtot   =     19720.8203  EPtot      =    -72612.7017
 BOND   =     10284.0724  ANGLE   =       978.2106  DIHED      =      1331.0624
 1-4 NB =       450.2701  1-4 EEL =      4679.4744  VDWAALS    =     11843.2505
 EELEC  =   -102179.0422  EHBOND  =         0.0000  RESTRAINT  =         0.0000
 ------------------------------------------------------------------------------


 NSTEP =     1500   TIME(PS) =      10.750  TEMP(K) =   292.24  PRESS =     0.0
 Etot   =    -52079.6399  EKtot   =     20106.8242  EPtot      =    -72186.4641
 BOND   =     11585.9503  ANGLE   =      1025.3080  DIHED      =      1328.9727
 1-4 NB =       461.3399  1-4 EEL =      4660.9765  VDWAALS    =     12095.4492
 EELEC  =   -103344.4607  EHBOND  =         0.0000  RESTRAINT  =         0.0000
 ------------------------------------------------------------------------------


 NSTEP =     2000   TIME(PS) =      11.000  TEMP(K) =   297.41  PRESS =     0.0
 Etot   =    -51733.9493  EKtot   =     20462.2910  EPtot      =    -72196.2403
 BOND   =     12022.9464  ANGLE   =       973.1082  DIHED      =      1328.3812
 1-4 NB =       449.9433  1-4 EEL =      4715.6285  VDWAALS    =     12185.9263
 EELEC  =   -103872.1741  EHBOND  =         0.0000  RESTRAINT  =         0.0000
 ------------------------------------------------------------------------------


 NSTEP =     2500   TIME(PS) =      11.250  TEMP(K) =   299.86  PRESS =     0.0
 Etot   =    -51570.0561  EKtot   =     20631.0996  EPtot      =    -72201.1557
 BOND   =     12209.8808  ANGLE   =      1035.9423  DIHED      =      1332.6526
 1-4 NB =       458.1515  1-4 EEL =      4667.7629  VDWAALS    =     12530.5031
 EELEC  =   -104436.0489  EHBOND  =         0.0000  RESTRAINT  =         0.0000
 ------------------------------------------------------------------------------


 NSTEP =     3000   TIME(PS) =      11.500  TEMP(K) =   300.22  PRESS =     0.0
 Etot   =    -51729.4216  EKtot   =     20655.8535  EPtot      =    -72385.2751
 BOND   =     12437.1742  ANGLE   =      1026.1901  DIHED      =      1316.6330
 1-4 NB =       453.9697  1-4 EEL =      4665.7391  VDWAALS    =     12395.5826
 EELEC  =   -104680.5638  EHBOND  =         0.0000  RESTRAINT  =         0.0000
 ------------------------------------------------------------------------------


 NSTEP =     3500   TIME(PS) =      11.750  TEMP(K) =   300.63  PRESS =     0.0
 Etot   =    -51713.0038  EKtot   =     20683.9531  EPtot      =    -72396.9570
 BOND   =     12513.1542  ANGLE   =      1043.6291  DIHED      =      1329.0797
 1-4 NB =       446.8659  1-4 EEL =      4661.5869  VDWAALS    =     12504.0532
 EELEC  =   -104895.3261  EHBOND  =         0.0000  RESTRAINT  =         0.0000
 ------------------------------------------------------------------------------


 NSTEP =     4000   TIME(PS) =      12.000  TEMP(K) =   298.54  PRESS =     0.0
 Etot   =    -51890.4271  EKtot   =     20540.2910  EPtot      =    -72430.7181
 BOND   =     12675.2601  ANGLE   =      1045.2036  DIHED      =      1334.6044
 1-4 NB =       458.9094  1-4 EEL =      4646.8289  VDWAALS    =     12778.3371
 EELEC  =   -105369.8615  EHBOND  =         0.0000  RESTRAINT  =         0.0000
 ------------------------------------------------------------------------------


 NSTEP =     4500   TIME(PS) =      12.250  TEMP(K) =   298.59  PRESS =     0.0
 Etot   =    -51943.2179  EKtot   =     20544.0742  EPtot      =    -72487.2921
 BOND   =     12590.5248  ANGLE   =      1031.8575  DIHED      =      1310.1449
 1-4 NB =       439.2577  1-4 EEL =      4690.7725  VDWAALS    =     12675.1512
 EELEC  =   -105225.0007  EHBOND  =         0.0000  RESTRAINT  =         0.0000
 ------------------------------------------------------------------------------


 NSTEP =     5000   TIME(PS) =      12.500  TEMP(K) =   299.23  PRESS =     0.0
 Etot   =    -51791.0328  EKtot   =     20587.6699  EPtot      =    -72378.7028
 BOND   =     12700.3305  ANGLE   =      1032.6662  DIHED      =      1322.8607
 1-4 NB =       467.7643  1-4 EEL =      4676.3292  VDWAALS    =     12673.7503
 EELEC  =   -105252.4038  EHBOND  =         0.0000  RESTRAINT  =         0.0000
 ------------------------------------------------------------------------------


 NSTEP =     5500   TIME(PS) =      12.750  TEMP(K) =   298.91  PRESS =     0.0
 Etot   =    -51963.8673  EKtot   =     20566.0742  EPtot      =    -72529.9415
 BOND   =     12596.9607  ANGLE   =      1016.4838  DIHED      =      1332.5446
 1-4 NB =       450.9349  1-4 EEL =      4601.6099  VDWAALS    =     12422.8810
 EELEC  =   -104951.3564  EHBOND  =         0.0000  RESTRAINT  =         0.0000
 ------------------------------------------------------------------------------


 NSTEP =     6000   TIME(PS) =      13.000  TEMP(K) =   299.06  PRESS =     0.0
 Etot   =    -52053.7668  EKtot   =     20575.7715  EPtot      =    -72629.5383
 BOND   =     12722.9582  ANGLE   =      1038.9278  DIHED      =      1343.0818
 1-4 NB =       433.0091  1-4 EEL =      4638.7352  VDWAALS    =     12778.2889
 EELEC  =   -105584.5393  EHBOND  =         0.0000  RESTRAINT  =         0.0000
 ------------------------------------------------------------------------------


 NSTEP =     6500   TIME(PS) =      13.250  TEMP(K) =   300.25  PRESS =     0.0
 Etot   =    -52044.4294  EKtot   =     20657.6680  EPtot      =    -72702.0973
 BOND   =     12634.1934  ANGLE   =      1001.2641  DIHED      =      1347.2455
 1-4 NB =       453.4523  1-4 EEL =      4678.2748  VDWAALS    =     12648.5439
 EELEC  =   -105465.0713  EHBOND  =         0.0000  RESTRAINT  =         0.0000
 ------------------------------------------------------------------------------


 NSTEP =     7000   TIME(PS) =      13.500  TEMP(K) =   299.05  PRESS =     0.0
 Etot   =    -52227.3814  EKtot   =     20575.5430  EPtot      =    -72802.9244
 BOND   =     12762.6616  ANGLE   =      1047.2897  DIHED      =      1326.5489
 1-4 NB =       461.7108  1-4 EEL =      4639.0165  VDWAALS    =     12886.6985
 EELEC  =   -105926.8504  EHBOND  =         0.0000  RESTRAINT  =         0.0000
 ------------------------------------------------------------------------------


 NSTEP =     7500   TIME(PS) =      13.750  TEMP(K) =   301.17  PRESS =     0.0
 Etot   =    -52059.6703  EKtot   =     20721.2441  EPtot      =    -72780.9144
 BOND   =     12826.5659  ANGLE   =      1042.8333  DIHED      =      1342.3058
 1-4 NB =       466.6919  1-4 EEL =      4628.4122  VDWAALS    =     12820.8919
 EELEC  =   -105908.6154  EHBOND  =         0.0000  RESTRAINT  =         0.0000
 ------------------------------------------------------------------------------


 NSTEP =     8000   TIME(PS) =      14.000  TEMP(K) =   297.76  PRESS =     0.0
 Etot   =    -52091.2996  EKtot   =     20486.9785  EPtot      =    -72578.2781
 BOND   =     13056.8460  ANGLE   =       986.2884  DIHED      =      1343.9696
 1-4 NB =       458.3452  1-4 EEL =      4641.6878  VDWAALS    =     13096.4840
 EELEC  =   -106161.8993  EHBOND  =         0.0000  RESTRAINT  =         0.0000
 ------------------------------------------------------------------------------


 NSTEP =     8500   TIME(PS) =      14.250  TEMP(K) =   299.82  PRESS =     0.0
 Etot   =    -51900.3087  EKtot   =     20628.6992  EPtot      =    -72529.0079
 BOND   =     12993.6625  ANGLE   =      1049.2335  DIHED      =      1346.5581
 1-4 NB =       443.3780  1-4 EEL =      4653.0690  VDWAALS    =     12763.3505
 EELEC  =   -105778.2594  EHBOND  =         0.0000  RESTRAINT  =         0.0000
 ------------------------------------------------------------------------------


 NSTEP =     9000   TIME(PS) =      14.500  TEMP(K) =   300.68  PRESS =     0.0
 Etot   =    -52105.3730  EKtot   =     20687.5020  EPtot      =    -72792.8750
 BOND   =     12847.2921  ANGLE   =      1039.5133  DIHED      =      1337.6832
 1-4 NB =       452.2097  1-4 EEL =      4669.8065  VDWAALS    =     12870.9322
 EELEC  =   -106010.3120  EHBOND  =         0.0000  RESTRAINT  =         0.0000
 ------------------------------------------------------------------------------


 NSTEP =     9500   TIME(PS) =      14.750  TEMP(K) =   298.88  PRESS =     0.0
 Etot   =    -52183.2730  EKtot   =     20563.9883  EPtot      =    -72747.2613
 BOND   =     12587.4258  ANGLE   =      1047.1455  DIHED      =      1339.7407
 1-4 NB =       445.7412  1-4 EEL =      4651.5723  VDWAALS    =     12725.3481
 EELEC  =   -105544.2349  EHBOND  =         0.0000  RESTRAINT  =         0.0000
 ------------------------------------------------------------------------------


 NSTEP =    10000   TIME(PS) =      15.000  TEMP(K) =   300.41  PRESS =     0.0
 Etot   =    -52223.7371  EKtot   =     20668.6816  EPtot      =    -72892.4188
 BOND   =     12693.4608  ANGLE   =      1017.7757  DIHED      =      1329.6831
 1-4 NB =       468.2373  1-4 EEL =      4688.4882  VDWAALS    =     12690.0774
 EELEC  =   -105780.1414  EHBOND  =         0.0000  RESTRAINT  =         0.0000
 ------------------------------------------------------------------------------


 NSTEP =    10500   TIME(PS) =      15.250  TEMP(K) =   303.27  PRESS =     0.0
 Etot   =    -52095.5838  EKtot   =     20865.5234  EPtot      =    -72961.1072
 BOND   =     12594.8167  ANGLE   =      1006.1933  DIHED      =      1320.4965
 1-4 NB =       460.4537  1-4 EEL =      4674.6330  VDWAALS    =     12881.4125
 EELEC  =   -105899.1129  EHBOND  =         0.0000  RESTRAINT  =         0.0000
 ------------------------------------------------------------------------------


 NSTEP =    11000   TIME(PS) =      15.500  TEMP(K) =   300.24  PRESS =     0.0
 Etot   =    -52074.5877  EKtot   =     20657.4160  EPtot      =    -72732.0037
 BOND   =     12727.5987  ANGLE   =      1044.4511  DIHED      =      1303.4804
 1-4 NB =       458.8802  1-4 EEL =      4654.2581  VDWAALS    =     12701.2333
 EELEC  =   -105621.9055  EHBOND  =         0.0000  RESTRAINT  =         0.0000
 ------------------------------------------------------------------------------


 NSTEP =    11500   TIME(PS) =      15.750  TEMP(K) =   300.79  PRESS =     0.0
 Etot   =    -52073.7082  EKtot   =     20695.0039  EPtot      =    -72768.7121
 BOND   =     12800.0659  ANGLE   =      1063.9121  DIHED      =      1318.8707
 1-4 NB =       447.3542  1-4 EEL =      4612.3148  VDWAALS    =     12709.6473
 EELEC  =   -105720.8771  EHBOND  =         0.0000  RESTRAINT  =         0.0000
 ------------------------------------------------------------------------------


 NSTEP =    12000   TIME(PS) =      16.000  TEMP(K) =   298.84  PRESS =     0.0
 Etot   =    -52160.5167  EKtot   =     20560.7324  EPtot      =    -72721.2492
 BOND   =     12849.9006  ANGLE   =      1041.2571  DIHED      =      1332.0412
 1-4 NB =       456.1973  1-4 EEL =      4617.4370  VDWAALS    =     12739.5037
 EELEC  =   -105757.5859  EHBOND  =         0.0000  RESTRAINT  =         0.0000
 ------------------------------------------------------------------------------


 NSTEP =    12500   TIME(PS) =      16.250  TEMP(K) =   297.75  PRESS =     0.0
 Etot   =    -52131.4547  EKtot   =     20485.6250  EPtot      =    -72617.0797
 BOND   =     12853.5742  ANGLE   =      1060.7647  DIHED      =      1328.8888
 1-4 NB =       456.0811  1-4 EEL =      4624.9420  VDWAALS    =     12819.6725
 EELEC  =   -105761.0030  EHBOND  =         0.0000  RESTRAINT  =         0.0000
 ------------------------------------------------------------------------------


 NSTEP =    13000   TIME(PS) =      16.500  TEMP(K) =   297.24  PRESS =     0.0
 Etot   =    -52317.9735  EKtot   =     20450.6465  EPtot      =    -72768.6199
 BOND   =     12791.9369  ANGLE   =       986.9841  DIHED      =      1326.7964
 1-4 NB =       436.8683  1-4 EEL =      4626.0276  VDWAALS    =     13036.5146
 EELEC  =   -105973.7479  EHBOND  =         0.0000  RESTRAINT  =         0.0000
 ------------------------------------------------------------------------------


 NSTEP =    13500   TIME(PS) =      16.750  TEMP(K) =   300.78  PRESS =     0.0
 Etot   =    -52223.2421  EKtot   =     20694.3711  EPtot      =    -72917.6131
 BOND   =     12830.6615  ANGLE   =       991.0691  DIHED      =      1327.4327
 1-4 NB =       459.8749  1-4 EEL =      4632.9191  VDWAALS    =     12893.8315
 EELEC  =   -106053.4020  EHBOND  =         0.0000  RESTRAINT  =         0.0000
 ------------------------------------------------------------------------------


 NSTEP =    14000   TIME(PS) =      17.000  TEMP(K) =   299.23  PRESS =     0.0
 Etot   =    -52210.7412  EKtot   =     20587.6230  EPtot      =    -72798.3643
 BOND   =     12845.0419  ANGLE   =      1023.2080  DIHED      =      1320.0241
 1-4 NB =       448.9464  1-4 EEL =      4638.6335  VDWAALS    =     12909.5308
 EELEC  =   -105983.7489  EHBOND  =         0.0000  RESTRAINT  =         0.0000
 ------------------------------------------------------------------------------


 NSTEP =    14500   TIME(PS) =      17.250  TEMP(K) =   298.28  PRESS =     0.0
 Etot   =    -52218.3194  EKtot   =     20522.4785  EPtot      =    -72740.7980
 BOND   =     12744.5805  ANGLE   =      1028.8081  DIHED      =      1291.8648
 1-4 NB =       457.5910  1-4 EEL =      4661.7102  VDWAALS    =     12717.0748
 EELEC  =   -105642.4274  EHBOND  =         0.0000  RESTRAINT  =         0.0000
 ------------------------------------------------------------------------------


 NSTEP =    15000   TIME(PS) =      17.500  TEMP(K) =   300.96  PRESS =     0.0
 Etot   =    -52236.3461  EKtot   =     20706.7090  EPtot      =    -72943.0551
 BOND   =     12719.6120  ANGLE   =      1024.9276  DIHED      =      1313.7041
 1-4 NB =       443.3112  1-4 EEL =      4618.7898  VDWAALS    =     12543.2883
 EELEC  =   -105606.6881  EHBOND  =         0.0000  RESTRAINT  =         0.0000
 ------------------------------------------------------------------------------


 NSTEP =    15500   TIME(PS) =      17.750  TEMP(K) =   300.63  PRESS =     0.0
 Etot   =    -52231.5332  EKtot   =     20684.1895  EPtot      =    -72915.7227
 BOND   =     12566.3030  ANGLE   =      1059.4601  DIHED      =      1309.5749
 1-4 NB =       459.9739  1-4 EEL =      4657.0929  VDWAALS    =     12806.0108
 EELEC  =   -105774.1383  EHBOND  =         0.0000  RESTRAINT  =         0.0000
 ------------------------------------------------------------------------------


 NSTEP =    16000   TIME(PS) =      18.000  TEMP(K) =   300.41  PRESS =     0.0
 Etot   =    -52164.8909  EKtot   =     20668.8281  EPtot      =    -72833.7190
 BOND   =     12885.5980  ANGLE   =       987.5804  DIHED      =      1322.3032
 1-4 NB =       457.6910  1-4 EEL =      4656.9720  VDWAALS    =     12838.1404
 EELEC  =   -105982.0040  EHBOND  =         0.0000  RESTRAINT  =         0.0000
 ------------------------------------------------------------------------------


 NSTEP =    16500   TIME(PS) =      18.250  TEMP(K) =   299.03  PRESS =     0.0
 Etot   =    -51982.5325  EKtot   =     20574.1504  EPtot      =    -72556.6829
 BOND   =     12697.9038  ANGLE   =      1040.8903  DIHED      =      1330.7727
 1-4 NB =       451.4243  1-4 EEL =      4631.9983  VDWAALS    =     12693.7936
 EELEC  =   -105403.4659  EHBOND  =         0.0000  RESTRAINT  =         0.0000
 ------------------------------------------------------------------------------


 NSTEP =    17000   TIME(PS) =      18.500  TEMP(K) =   299.07  PRESS =     0.0
 Etot   =    -52044.0952  EKtot   =     20576.9414  EPtot      =    -72621.0366
 BOND   =     12830.4765  ANGLE   =      1030.7137  DIHED      =      1321.5432
 1-4 NB =       437.3465  1-4 EEL =      4677.5270  VDWAALS    =     12656.6915
 EELEC  =   -105575.3351  EHBOND  =         0.0000  RESTRAINT  =         0.0000
 ------------------------------------------------------------------------------


 NSTEP =    17500   TIME(PS) =      18.750  TEMP(K) =   299.94  PRESS =     0.0
 Etot   =    -52201.6209  EKtot   =     20636.7500  EPtot      =    -72838.3709
 BOND   =     12701.0425  ANGLE   =      1014.6603  DIHED      =      1305.4541
 1-4 NB =       452.6922  1-4 EEL =      4707.9814  VDWAALS    =     12691.0625
 EELEC  =   -105711.2639  EHBOND  =         0.0000  RESTRAINT  =         0.0000
 ------------------------------------------------------------------------------


 NSTEP =    18000   TIME(PS) =      19.000  TEMP(K) =   297.34  PRESS =     0.0
 Etot   =    -52213.9972  EKtot   =     20457.9160  EPtot      =    -72671.9132
 BOND   =     13065.2610  ANGLE   =      1013.4723  DIHED      =      1324.2592
 1-4 NB =       458.0441  1-4 EEL =      4679.0413  VDWAALS    =     12784.7832
 EELEC  =   -105996.7744  EHBOND  =         0.0000  RESTRAINT  =         0.0000
 ------------------------------------------------------------------------------


 NSTEP =    18500   TIME(PS) =      19.250  TEMP(K) =   299.18  PRESS =     0.0
 Etot   =    -52267.3409  EKtot   =     20584.5254  EPtot      =    -72851.8663
 BOND   =     13016.2319  ANGLE   =      1048.9193  DIHED      =      1306.6635
 1-4 NB =       452.2447  1-4 EEL =      4653.4498  VDWAALS    =     12753.7329
 EELEC  =   -106083.1084  EHBOND  =         0.0000  RESTRAINT  =         0.0000
 ------------------------------------------------------------------------------


 NSTEP =    19000   TIME(PS) =      19.500  TEMP(K) =   298.78  PRESS =     0.0
 Etot   =    -52243.7398  EKtot   =     20556.9199  EPtot      =    -72800.6597
 BOND   =     12922.1766  ANGLE   =      1027.8793  DIHED      =      1347.4501
 1-4 NB =       447.2042  1-4 EEL =      4626.3139  VDWAALS    =     12624.7325
 EELEC  =   -105796.4163  EHBOND  =         0.0000  RESTRAINT  =         0.0000
 ------------------------------------------------------------------------------


 NSTEP =    19500   TIME(PS) =      19.750  TEMP(K) =   297.20  PRESS =     0.0
 Etot   =    -52365.1092  EKtot   =     20448.3613  EPtot      =    -72813.4705
 BOND   =     12916.7940  ANGLE   =       990.0678  DIHED      =      1318.1523
 1-4 NB =       444.0513  1-4 EEL =      4660.3102  VDWAALS    =     12884.4042
 EELEC  =   -106027.2505  EHBOND  =         0.0000  RESTRAINT  =         0.0000
 ------------------------------------------------------------------------------


 NSTEP =    20000   TIME(PS) =      20.000  TEMP(K) =   299.27  PRESS =     0.0
 Etot   =    -52147.7947  EKtot   =     20590.2734  EPtot      =    -72738.0681
 BOND   =     12889.4825  ANGLE   =       999.1118  DIHED      =      1337.4646
 1-4 NB =       451.2981  1-4 EEL =      4669.4745  VDWAALS    =     12970.1394
 EELEC  =   -106055.0390  EHBOND  =         0.0000  RESTRAINT  =         0.0000
 ------------------------------------------------------------------------------


      A V E R A G E S   O V E R      40 S T E P S


 NSTEP =    20000   TIME(PS) =      20.000  TEMP(K) =   298.28  PRESS =     0.0
 Etot   =    -52153.9888  EKtot   =     20522.4083  EPtot      =    -72676.3971
 BOND   =     12501.0383  ANGLE   =      1024.3517  DIHED      =      1327.3740
 1-4 NB =       452.9369  1-4 EEL =      4655.6527  VDWAALS    =     12672.5044
 EELEC  =   -105310.2552  EHBOND  =         0.0000  RESTRAINT  =         0.0000
 ------------------------------------------------------------------------------


      R M S  F L U C T U A T I O N S


 NSTEP =    20000   TIME(PS) =      20.000  TEMP(K) =     4.72  PRESS =     0.0
 Etot   =       414.6941  EKtot   =       324.4934  EPtot      =       218.1816
 BOND   =       988.1087  ANGLE   =        23.7268  DIHED      =        13.9517
 1-4 NB =         8.2981  1-4 EEL =        25.8159  VDWAALS    =       271.8893
 EELEC  =      1205.1286  EHBOND  =         0.0000  RESTRAINT  =         0.0000
 ------------------------------------------------------------------------------

--------------------------------------------------------------------------------
   5.  TIMINGS
--------------------------------------------------------------------------------

|  NonSetup CPU Time in Major Routines:
|
|     Routine           Sec        %
|     ------------------------------
|     Nonbond           4.23   10.72
|     Bond              0.00    0.00
|     Angle             0.00    0.00
|     Dihedral          0.00    0.00
|     Shake             0.00    0.00
|     RunMD            35.19   89.19
|     Other             0.04    0.09
|     ------------------------------
|     Total            39.45

|  PME Nonbond Pairlist CPU Time:
|
|     Routine              Sec        %
|     ---------------------------------
|     Set Up Cit           0.00    0.00
|     Build List           0.00    0.00
|     ---------------------------------
|     Total                0.00    0.00

|  PME Direct Force CPU Time:
|
|     Routine              Sec        %
|     ---------------------------------
|     NonBonded Calc       0.00    0.00
|     Exclude Masked       0.00    0.00
|     Other                0.01    0.03
|     ---------------------------------
|     Total                0.01    0.03

|  PME Reciprocal Force CPU Time:
|
|     Routine              Sec        %
|     ---------------------------------
|     1D bspline           0.00    0.00
|     Grid Charges         0.00    0.00
|     Scalar Sum           0.00    0.00
|     Gradient Sum         0.00    0.00
|     FFT                  0.00    0.00
|     ---------------------------------
|     Total                0.00    0.00

|  Final Performance Info:
|     -----------------------------------------------------
|     Average timings for last   19500 steps:
|     Elapsed(s) =      42.59 Per Step(ms) =       2.18
|         ns/day =      19.78   seconds/ns =    4367.76
|
|     Average timings for all steps:
|     Elapsed(s) =      43.53 Per Step(ms) =       2.18
|         ns/day =      19.85   seconds/ns =    4352.82
|     -----------------------------------------------------

|  Setup CPU time:            2.99 seconds
|  NonSetup CPU time:        39.45 seconds
|  Total CPU time:           42.44 seconds     0.01 hours

|  Setup wall time:           5    seconds
|  NonSetup wall time:       43    seconds
|  Total wall time:          48    seconds     0.01 hours
