
          -------------------------------------------------------
          Amber 16 PMEMD                              2016
          -------------------------------------------------------

| PMEMD implementation of SANDER, Release 16

| Run on 08/24/2017 at 11:31:12

|   Executable path: /apps/amber16/bin/pmemd.cuda
| Working directory: /scratch/pbarletta/pdz/run/lb/neq/data/2
|          Hostname: mordor

  [-O]verwriting output

File Assignments:
|   MDIN: pdt.in                                                                
|  MDOUT: 97plb_2.out                                                           
| INPCRD: ../1/97plb_1.rst7                                                     
|   PARM: /scratch/pbarletta/pdz/top_files/lb.prmtop                            
| RESTRT: 97plb_2.rst7                                                          
|   REFC: refc                                                                  
|  MDVEL: mdvel                                                                 
|   MDEN: mden                                                                  
|  MDCRD: 97plb_2.nc                                                            
| MDINFO: mdinfo                                                                
|  MDFRC: mdfrc                                                                 


 Here is the input file:

!NVE run                                                                       
&cntrl                                                                         
imin = 0,                           ! No Minimization                          
nmropt = 0,                         ! No NMR restraints read                   
                                                                               
! Nature and format of the input                                               
ntx = 5,                            ! Coordinates and velocities will be read  
irest = 1,                          ! Restart simulation                       
                                                                               
! Nature and format of the output                                              
ioutfm = 1,			    ! NetCDF format for output files                             
ntxo = 1,                           ! rstrt file in ASCII format               
ntpr = 500,                         ! inf in output every ntpr steps           
ntwr = 500,                         ! rstrt file every ntwr steps              
ntwx = 20,                          ! mdcrd file every ntwx steps              
ntwv = -1,                          ! mdvel without velocities                 
ntwe = 0,                           ! Energies and temperatures not written in 
idecomp = 0,                        ! No energy decomposition                  
iwrap = 1,                          ! Coordinates of the restart and mdcrd file
                                                                               
! Frozen or restrained atoms                                                   
ibelly = 0,                         ! No frozen atoms                          
ntr=0,                              ! Harmonic potential restraints            
                                                                               
! Molecular dynamics                                                           
nstlim = 20000,                      ! Number of MD-steps                      
dt = 0.0005,                        ! Time step                                
                                                                               
! Temperature regulation                                                       
ntt = 3,                            ! Langevin thermostat                      
gamma_ln = 2,                       ! Gamma constant for Langevin              
temp0 = 300.0,                      ! Reference T at which the system is to be 
tempi = 300.0,                      ! Initial T                                
                                                                               
! P and V regulation                                                           
ntp = 0,                            ! No P control                             
ntb = 1,                            ! constant V                               
                                                                               
! SHAKE variables                                                              
ntc = 1,                            ! No SHAKE                                 
ntf = 1,                            ! Get E with allatom                       
                                                                               
cut = 9.0,                          ! Nonbonded cutoff                         
/                                                                              
&end                                                                           


Note: ig = -1. Setting random seed to    93212 based on wallclock time in 
      microseconds.
| irandom = 1, using AMBER's internal random number generator (default).
 
|--------------------- INFORMATION ----------------------
| GPU (CUDA) Version of PMEMD in use: NVIDIA GPU IN USE.
|                    Version 16.0.0
| 
|                      02/25/2016
| 
| Implementation by:
|                    Ross C. Walker     (SDSC)
|                    Scott Le Grand     (nVIDIA)
| 
| Precision model in use:
|      [SPFP] - Single Precision Forces, 64-bit Fixed Point
|               Accumulation. (Default)
| 
|--------------------------------------------------------
 
|----------------- CITATION INFORMATION -----------------
|
|    When publishing work that utilized the CUDA version
|    of AMBER, please cite the following in addition to
|    the regular AMBER citations:
|
|  - Romelia Salomon-Ferrer; Andreas W. Goetz; Duncan
|    Poole; Scott Le Grand; Ross C. Walker "Routine
|    microsecond molecular dynamics simulations with
|    AMBER - Part II: Particle Mesh Ewald", J. Chem.
|    Theory Comput., 2013, 9 (9), pp3878-3888,
|    DOI: 10.1021/ct400314y.
|
|  - Andreas W. Goetz; Mark J. Williamson; Dong Xu;
|    Duncan Poole; Scott Le Grand; Ross C. Walker
|    "Routine microsecond molecular dynamics simulations
|    with AMBER - Part I: Generalized Born", J. Chem.
|    Theory Comput., 2012, 8 (5), pp1542-1555.
|
|  - Scott Le Grand; Andreas W. Goetz; Ross C. Walker
|    "SPFP: Speed without compromise - a mixed precision
|    model for GPU accelerated molecular dynamics
|    simulations.", Comp. Phys. Comm., 2013, 184
|    pp374-380, DOI: 10.1016/j.cpc.2012.09.022
|
|--------------------------------------------------------
 
|------------------- GPU DEVICE INFO --------------------
|
|            CUDA_VISIBLE_DEVICES: 0
|   CUDA Capable Devices Detected:      1
|           CUDA Device ID in use:      0
|                CUDA Device Name: GeForce GTX TITAN
|     CUDA Device Global Mem Size:   6082 MB
| CUDA Device Num Multiprocessors:     14
|           CUDA Device Core Freq:   0.93 GHz
|
|--------------------------------------------------------
 
 
| Conditional Compilation Defines Used:
| PUBFFT
| BINTRAJ
| CUDA
| EMIL

| Largest sphere to fit in unit cell has radius =    26.281

| New format PARM file being parsed.
| Version =    1.000 Date = 09/04/12 Time = 16:08:43

| Note: 1-4 EEL scale factors are being read from the topology file.

| Note: 1-4 VDW scale factors are being read from the topology file.
| Duplicated    0 dihedrals

| Duplicated    0 dihedrals

--------------------------------------------------------------------------------
   1.  RESOURCE   USE: 
--------------------------------------------------------------------------------

 getting new box info from bottom of inpcrd
 NATOM  =   23082 NTYPES =      16 NBONH =   22055 MBONA  =    1038
 NTHETH =    2390 MTHETA =    1396 NPHIH =    4631 MPHIA  =    3488
 NHPARM =       0 NPARM  =       0 NNB   =   39434 NRES   =    7134
 NBONA  =    1038 NTHETA =    1396 NPHIA =    3488 NUMBND =      41
 NUMANG =      86 NPTRA  =      41 NATYP =      28 NPHB   =       1
 IFBOX  =       1 NMXRS  =      24 IFCAP =       0 NEXTRA =       0
 NCOPY  =       0

| Coordinate Index Table dimensions:    12   14   10
| Direct force subcell size =     5.0212    5.2012    5.2562

     BOX TYPE: RECTILINEAR

--------------------------------------------------------------------------------
   2.  CONTROL  DATA  FOR  THE  RUN
--------------------------------------------------------------------------------

default_name                                                                    

General flags:
     imin    =       0, nmropt  =       0

Nature and format of input:
     ntx     =       5, irest   =       1, ntrx    =       1

Nature and format of output:
     ntxo    =       1, ntpr    =     500, ntrx    =       1, ntwr    =     500
     iwrap   =       1, ntwx    =      20, ntwv    =      -1, ntwe    =       0
     ioutfm  =       1, ntwprt  =       0, idecomp =       0, rbornstat=      0

Potential function:
     ntf     =       1, ntb     =       1, igb     =       0, nsnb    =      25
     ipol    =       0, gbsa    =       0, iesp    =       0
     dielc   =   1.00000, cut     =   9.00000, intdiel =   1.00000

Frozen or restrained atoms:
     ibelly  =       0, ntr     =       0

Molecular dynamics:
     nstlim  =     20000, nscm    =      1000, nrespa  =         1
     t       =   0.00000, dt      =   0.00050, vlimit  =  -1.00000

Langevin dynamics temperature regulation:
     ig      =   93212
     temp0   = 300.00000, tempi   = 300.00000, gamma_ln=   2.00000

| Intermolecular bonds treatment:
|     no_intermolecular_bonds =       1

| Energy averages sample interval:
|     ene_avg_sampling =     500

Ewald parameters:
     verbose =       0, ew_type =       0, nbflag  =       1, use_pme =       1
     vdwmeth =       1, eedmeth =       1, netfrc  =       1
     Box X =   60.254   Box Y =   72.816   Box Z =   52.562
     Alpha =   90.000   Beta  =   90.000   Gamma =   90.000
     NFFT1 =   64       NFFT2 =   80       NFFT3 =   56
     Cutoff=    9.000   Tol   =0.100E-04
     Ewald Coefficient =  0.30768
     Interpolation order =    4

--------------------------------------------------------------------------------
   3.  ATOMIC COORDINATES AND VELOCITIES
--------------------------------------------------------------------------------

default_name                                                                    
 begin time read from input coords =    10.000 ps

 
 Number of triangulated 3-point waters found:     7002

     Sum of charges from parm topology file =  -0.00000008
     Forcing neutrality...

| Dynamic Memory, Types Used:
| Reals              710578
| Integers           737140

| Nonbonded Pairs Initial Allocation:     5262696

| GPU memory information (estimate):
| KB of GPU memory in use:    132483
| KB of CPU memory in use:     27891

--------------------------------------------------------------------------------
   4.  RESULTS
--------------------------------------------------------------------------------

 ---------------------------------------------------
 APPROXIMATING switch and d/dx switch using CUBIC SPLINE INTERPOLATION
 using   5000.0 points per unit in tabled values
 TESTING RELATIVE ERROR over r ranging from 0.0 to cutoff
| CHECK switch(x): max rel err =   0.2738E-14   at   2.422500
| CHECK d/dx switch(x): max rel err =   0.8314E-11   at   2.736960
 ---------------------------------------------------
|---------------------------------------------------
| APPROXIMATING direct energy using CUBIC SPLINE INTERPOLATION
|  with   50.0 points per unit in tabled values
| Relative Error Limit not exceeded for r .gt.   2.39
| APPROXIMATING direct force using CUBIC SPLINE INTERPOLATION
|  with   50.0 points per unit in tabled values
| Relative Error Limit not exceeded for r .gt.   2.84
|---------------------------------------------------

 NSTEP =      500   TIME(PS) =      10.250  TEMP(K) =   271.16  PRESS =     0.0
 Etot   =    -54559.9795  EKtot   =     18656.3828  EPtot      =    -73216.3623
 BOND   =      7065.5056  ANGLE   =       997.3295  DIHED      =      1348.2858
 1-4 NB =       466.9511  1-4 EEL =      4671.8035  VDWAALS    =     11851.4959
 EELEC  =    -99617.7338  EHBOND  =         0.0000  RESTRAINT  =         0.0000
 ------------------------------------------------------------------------------


 NSTEP =     1000   TIME(PS) =      10.500  TEMP(K) =   286.10  PRESS =     0.0
 Etot   =    -53143.4188  EKtot   =     19684.0703  EPtot      =    -72827.4891
 BOND   =     10332.5100  ANGLE   =      1006.0281  DIHED      =      1333.1066
 1-4 NB =       436.7095  1-4 EEL =      4660.7401  VDWAALS    =     12107.5316
 EELEC  =   -102704.1150  EHBOND  =         0.0000  RESTRAINT  =         0.0000
 ------------------------------------------------------------------------------


 NSTEP =     1500   TIME(PS) =      10.750  TEMP(K) =   292.97  PRESS =     0.0
 Etot   =    -52330.2778  EKtot   =     20156.7852  EPtot      =    -72487.0629
 BOND   =     11690.1859  ANGLE   =      1033.3843  DIHED      =      1316.4910
 1-4 NB =       445.3546  1-4 EEL =      4636.8448  VDWAALS    =     12401.6246
 EELEC  =   -104010.9482  EHBOND  =         0.0000  RESTRAINT  =         0.0000
 ------------------------------------------------------------------------------


 NSTEP =     2000   TIME(PS) =      11.000  TEMP(K) =   296.45  PRESS =     0.0
 Etot   =    -51891.5812  EKtot   =     20396.8066  EPtot      =    -72288.3879
 BOND   =     12013.2237  ANGLE   =      1015.8632  DIHED      =      1332.3073
 1-4 NB =       463.6821  1-4 EEL =      4671.0123  VDWAALS    =     12524.8524
 EELEC  =   -104309.3288  EHBOND  =         0.0000  RESTRAINT  =         0.0000
 ------------------------------------------------------------------------------


 NSTEP =     2500   TIME(PS) =      11.250  TEMP(K) =   302.10  PRESS =     0.0
 Etot   =    -51702.9795  EKtot   =     20785.4492  EPtot      =    -72488.4287
 BOND   =     12331.7075  ANGLE   =      1030.9962  DIHED      =      1331.9892
 1-4 NB =       450.0731  1-4 EEL =      4685.6902  VDWAALS    =     12506.7849
 EELEC  =   -104825.6698  EHBOND  =         0.0000  RESTRAINT  =         0.0000
 ------------------------------------------------------------------------------


 NSTEP =     3000   TIME(PS) =      11.500  TEMP(K) =   301.65  PRESS =     0.0
 Etot   =    -51602.8702  EKtot   =     20754.1934  EPtot      =    -72357.0636
 BOND   =     12376.9209  ANGLE   =      1027.8304  DIHED      =      1296.5971
 1-4 NB =       450.1220  1-4 EEL =      4652.2938  VDWAALS    =     12675.2358
 EELEC  =   -104836.0636  EHBOND  =         0.0000  RESTRAINT  =         0.0000
 ------------------------------------------------------------------------------


 NSTEP =     3500   TIME(PS) =      11.750  TEMP(K) =   301.62  PRESS =     0.0
 Etot   =    -51564.5147  EKtot   =     20752.3984  EPtot      =    -72316.9131
 BOND   =     12715.6801  ANGLE   =      1027.1335  DIHED      =      1322.0167
 1-4 NB =       448.6606  1-4 EEL =      4642.9999  VDWAALS    =     12693.5335
 EELEC  =   -105166.9374  EHBOND  =         0.0000  RESTRAINT  =         0.0000
 ------------------------------------------------------------------------------


 NSTEP =     4000   TIME(PS) =      12.000  TEMP(K) =   301.12  PRESS =     0.0
 Etot   =    -51550.3512  EKtot   =     20717.5391  EPtot      =    -72267.8903
 BOND   =     12721.4428  ANGLE   =      1023.3845  DIHED      =      1322.4976
 1-4 NB =       442.3184  1-4 EEL =      4648.1616  VDWAALS    =     12601.0962
 EELEC  =   -105026.7912  EHBOND  =         0.0000  RESTRAINT  =         0.0000
 ------------------------------------------------------------------------------


 NSTEP =     4500   TIME(PS) =      12.250  TEMP(K) =   300.48  PRESS =     0.0
 Etot   =    -51527.9648  EKtot   =     20673.9590  EPtot      =    -72201.9238
 BOND   =     12872.0922  ANGLE   =       996.6444  DIHED      =      1347.2799
 1-4 NB =       456.8751  1-4 EEL =      4659.7606  VDWAALS    =     12732.8261
 EELEC  =   -105267.4022  EHBOND  =         0.0000  RESTRAINT  =         0.0000
 ------------------------------------------------------------------------------


 NSTEP =     5000   TIME(PS) =      12.500  TEMP(K) =   302.54  PRESS =     0.0
 Etot   =    -51813.7672  EKtot   =     20815.4238  EPtot      =    -72629.1911
 BOND   =     12724.2734  ANGLE   =      1020.1898  DIHED      =      1330.5691
 1-4 NB =       454.7102  1-4 EEL =      4642.5586  VDWAALS    =     12753.8361
 EELEC  =   -105555.3283  EHBOND  =         0.0000  RESTRAINT  =         0.0000
 ------------------------------------------------------------------------------


 NSTEP =     5500   TIME(PS) =      12.750  TEMP(K) =   301.90  PRESS =     0.0
 Etot   =    -51742.7173  EKtot   =     20771.3984  EPtot      =    -72514.1158
 BOND   =     12762.7885  ANGLE   =      1027.7486  DIHED      =      1334.6879
 1-4 NB =       462.2348  1-4 EEL =      4692.0578  VDWAALS    =     12813.2164
 EELEC  =   -105606.8497  EHBOND  =         0.0000  RESTRAINT  =         0.0000
 ------------------------------------------------------------------------------


 NSTEP =     6000   TIME(PS) =      13.000  TEMP(K) =   298.33  PRESS =     0.0
 Etot   =    -52068.5871  EKtot   =     20525.7812  EPtot      =    -72594.3683
 BOND   =     12772.4107  ANGLE   =      1023.5708  DIHED      =      1332.9703
 1-4 NB =       454.5739  1-4 EEL =      4684.1557  VDWAALS    =     12901.5725
 EELEC  =   -105763.6222  EHBOND  =         0.0000  RESTRAINT  =         0.0000
 ------------------------------------------------------------------------------


 NSTEP =     6500   TIME(PS) =      13.250  TEMP(K) =   300.95  PRESS =     0.0
 Etot   =    -51905.6831  EKtot   =     20706.4531  EPtot      =    -72612.1363
 BOND   =     12798.8320  ANGLE   =      1052.0068  DIHED      =      1322.8271
 1-4 NB =       454.5609  1-4 EEL =      4639.9105  VDWAALS    =     12704.4411
 EELEC  =   -105584.7147  EHBOND  =         0.0000  RESTRAINT  =         0.0000
 ------------------------------------------------------------------------------


 NSTEP =     7000   TIME(PS) =      13.500  TEMP(K) =   302.45  PRESS =     0.0
 Etot   =    -51993.9857  EKtot   =     20809.0508  EPtot      =    -72803.0364
 BOND   =     12883.7092  ANGLE   =      1039.3725  DIHED      =      1314.2563
 1-4 NB =       444.4521  1-4 EEL =      4623.4003  VDWAALS    =     12735.2879
 EELEC  =   -105843.5147  EHBOND  =         0.0000  RESTRAINT  =         0.0000
 ------------------------------------------------------------------------------


 NSTEP =     7500   TIME(PS) =      13.750  TEMP(K) =   300.07  PRESS =     0.0
 Etot   =    -52003.4534  EKtot   =     20645.3711  EPtot      =    -72648.8245
 BOND   =     12839.4658  ANGLE   =      1078.6183  DIHED      =      1325.3942
 1-4 NB =       459.2064  1-4 EEL =      4658.8039  VDWAALS    =     12577.8563
 EELEC  =   -105588.1693  EHBOND  =         0.0000  RESTRAINT  =         0.0000
 ------------------------------------------------------------------------------


 NSTEP =     8000   TIME(PS) =      14.000  TEMP(K) =   299.85  PRESS =     0.0
 Etot   =    -52065.8493  EKtot   =     20630.1309  EPtot      =    -72695.9802
 BOND   =     12968.6510  ANGLE   =      1000.0338  DIHED      =      1333.7484
 1-4 NB =       442.3860  1-4 EEL =      4624.4991  VDWAALS    =     12886.7644
 EELEC  =   -105952.0630  EHBOND  =         0.0000  RESTRAINT  =         0.0000
 ------------------------------------------------------------------------------


 NSTEP =     8500   TIME(PS) =      14.250  TEMP(K) =   300.13  PRESS =     0.0
 Etot   =    -51959.7669  EKtot   =     20650.0137  EPtot      =    -72609.7806
 BOND   =     12796.6914  ANGLE   =      1001.9518  DIHED      =      1340.3778
 1-4 NB =       446.6052  1-4 EEL =      4615.4757  VDWAALS    =     12761.9108
 EELEC  =   -105572.7933  EHBOND  =         0.0000  RESTRAINT  =         0.0000
 ------------------------------------------------------------------------------


 NSTEP =     9000   TIME(PS) =      14.500  TEMP(K) =   301.04  PRESS =     0.0
 Etot   =    -51921.0677  EKtot   =     20712.6289  EPtot      =    -72633.6966
 BOND   =     12642.4411  ANGLE   =      1058.4499  DIHED      =      1311.9199
 1-4 NB =       461.7095  1-4 EEL =      4635.0830  VDWAALS    =     12634.2782
 EELEC  =   -105377.5783  EHBOND  =         0.0000  RESTRAINT  =         0.0000
 ------------------------------------------------------------------------------


 NSTEP =     9500   TIME(PS) =      14.750  TEMP(K) =   302.24  PRESS =     0.0
 Etot   =    -51768.9428  EKtot   =     20794.7617  EPtot      =    -72563.7045
 BOND   =     12629.2095  ANGLE   =      1036.6255  DIHED      =      1325.3859
 1-4 NB =       447.3066  1-4 EEL =      4632.3949  VDWAALS    =     12756.6518
 EELEC  =   -105391.2788  EHBOND  =         0.0000  RESTRAINT  =         0.0000
 ------------------------------------------------------------------------------


 NSTEP =    10000   TIME(PS) =      15.000  TEMP(K) =   303.83  PRESS =     0.0
 Etot   =    -51615.3420  EKtot   =     20904.5020  EPtot      =    -72519.8439
 BOND   =     12735.9088  ANGLE   =      1022.0032  DIHED      =      1326.5401
 1-4 NB =       444.5026  1-4 EEL =      4624.9294  VDWAALS    =     12770.6996
 EELEC  =   -105444.4277  EHBOND  =         0.0000  RESTRAINT  =         0.0000
 ------------------------------------------------------------------------------


 NSTEP =    10500   TIME(PS) =      15.250  TEMP(K) =   301.31  PRESS =     0.0
 Etot   =    -51693.8777  EKtot   =     20731.2031  EPtot      =    -72425.0809
 BOND   =     12679.5935  ANGLE   =      1024.4409  DIHED      =      1332.2363
 1-4 NB =       440.9899  1-4 EEL =      4674.7036  VDWAALS    =     12633.1508
 EELEC  =   -105210.1957  EHBOND  =         0.0000  RESTRAINT  =         0.0000
 ------------------------------------------------------------------------------


 NSTEP =    11000   TIME(PS) =      15.500  TEMP(K) =   300.09  PRESS =     0.0
 Etot   =    -51682.9203  EKtot   =     20647.0156  EPtot      =    -72329.9359
 BOND   =     12909.7553  ANGLE   =       986.0764  DIHED      =      1350.3025
 1-4 NB =       434.1265  1-4 EEL =      4657.6465  VDWAALS    =     12611.7217
 EELEC  =   -105279.5648  EHBOND  =         0.0000  RESTRAINT  =         0.0000
 ------------------------------------------------------------------------------


 NSTEP =    11500   TIME(PS) =      15.750  TEMP(K) =   300.77  PRESS =     0.0
 Etot   =    -51740.4177  EKtot   =     20693.5801  EPtot      =    -72433.9978
 BOND   =     12945.5231  ANGLE   =      1012.7764  DIHED      =      1323.2926
 1-4 NB =       429.2889  1-4 EEL =      4669.4898  VDWAALS    =     12559.3645
 EELEC  =   -105373.7332  EHBOND  =         0.0000  RESTRAINT  =         0.0000
 ------------------------------------------------------------------------------


 NSTEP =    12000   TIME(PS) =      16.000  TEMP(K) =   302.76  PRESS =     0.0
 Etot   =    -51582.8814  EKtot   =     20830.5801  EPtot      =    -72413.4615
 BOND   =     12763.2991  ANGLE   =      1055.0733  DIHED      =      1360.9055
 1-4 NB =       446.1173  1-4 EEL =      4596.8765  VDWAALS    =     12539.9889
 EELEC  =   -105175.7220  EHBOND  =         0.0000  RESTRAINT  =         0.0000
 ------------------------------------------------------------------------------


 NSTEP =    12500   TIME(PS) =      16.250  TEMP(K) =   303.92  PRESS =     0.0
 Etot   =    -51540.4863  EKtot   =     20910.7891  EPtot      =    -72451.2753
 BOND   =     12792.2330  ANGLE   =      1038.8671  DIHED      =      1340.8240
 1-4 NB =       452.8189  1-4 EEL =      4668.1581  VDWAALS    =     12481.1156
 EELEC  =   -105225.2921  EHBOND  =         0.0000  RESTRAINT  =         0.0000
 ------------------------------------------------------------------------------


 NSTEP =    13000   TIME(PS) =      16.500  TEMP(K) =   300.26  PRESS =     0.0
 Etot   =    -51729.4293  EKtot   =     20658.3145  EPtot      =    -72387.7438
 BOND   =     12820.8502  ANGLE   =      1041.7772  DIHED      =      1320.1354
 1-4 NB =       441.9274  1-4 EEL =      4643.7140  VDWAALS    =     12775.2396
 EELEC  =   -105431.3874  EHBOND  =         0.0000  RESTRAINT  =         0.0000
 ------------------------------------------------------------------------------


 NSTEP =    13500   TIME(PS) =      16.750  TEMP(K) =   299.08  PRESS =     0.0
 Etot   =    -51865.3622  EKtot   =     20577.7051  EPtot      =    -72443.0673
 BOND   =     12775.0304  ANGLE   =      1016.8158  DIHED      =      1335.8006
 1-4 NB =       450.8489  1-4 EEL =      4637.3225  VDWAALS    =     12671.0533
 EELEC  =   -105329.9388  EHBOND  =         0.0000  RESTRAINT  =         0.0000
 ------------------------------------------------------------------------------


 NSTEP =    14000   TIME(PS) =      17.000  TEMP(K) =   299.28  PRESS =     0.0
 Etot   =    -51980.1548  EKtot   =     20591.0371  EPtot      =    -72571.1919
 BOND   =     12756.4263  ANGLE   =       988.2402  DIHED      =      1334.3873
 1-4 NB =       458.1095  1-4 EEL =      4689.6825  VDWAALS    =     12638.4349
 EELEC  =   -105436.4726  EHBOND  =         0.0000  RESTRAINT  =         0.0000
 ------------------------------------------------------------------------------


 NSTEP =    14500   TIME(PS) =      17.250  TEMP(K) =   300.18  PRESS =     0.0
 Etot   =    -51992.9803  EKtot   =     20653.4434  EPtot      =    -72646.4236
 BOND   =     12789.8130  ANGLE   =      1074.2051  DIHED      =      1301.2746
 1-4 NB =       436.7943  1-4 EEL =      4614.3482  VDWAALS    =     12840.7133
 EELEC  =   -105703.5723  EHBOND  =         0.0000  RESTRAINT  =         0.0000
 ------------------------------------------------------------------------------


 NSTEP =    15000   TIME(PS) =      17.500  TEMP(K) =   300.45  PRESS =     0.0
 Etot   =    -52013.8254  EKtot   =     20671.6426  EPtot      =    -72685.4680
 BOND   =     12716.2038  ANGLE   =      1036.8947  DIHED      =      1323.2256
 1-4 NB =       437.2908  1-4 EEL =      4656.0387  VDWAALS    =     12668.1713
 EELEC  =   -105523.2929  EHBOND  =         0.0000  RESTRAINT  =         0.0000
 ------------------------------------------------------------------------------


 NSTEP =    15500   TIME(PS) =      17.750  TEMP(K) =   298.68  PRESS =     0.0
 Etot   =    -51958.2243  EKtot   =     20549.7070  EPtot      =    -72507.9313
 BOND   =     12881.0409  ANGLE   =      1052.2565  DIHED      =      1332.6387
 1-4 NB =       447.6253  1-4 EEL =      4654.0825  VDWAALS    =     12727.1301
 EELEC  =   -105602.7053  EHBOND  =         0.0000  RESTRAINT  =         0.0000
 ------------------------------------------------------------------------------


 NSTEP =    16000   TIME(PS) =      18.000  TEMP(K) =   299.80  PRESS =     0.0
 Etot   =    -51923.2942  EKtot   =     20627.2969  EPtot      =    -72550.5911
 BOND   =     12637.2218  ANGLE   =      1051.6116  DIHED      =      1308.1364
 1-4 NB =       432.4143  1-4 EEL =      4653.9579  VDWAALS    =     12533.6056
 EELEC  =   -105167.5387  EHBOND  =         0.0000  RESTRAINT  =         0.0000
 ------------------------------------------------------------------------------


 NSTEP =    16500   TIME(PS) =      18.250  TEMP(K) =   299.20  PRESS =     0.0
 Etot   =    -51851.3395  EKtot   =     20585.6602  EPtot      =    -72436.9997
 BOND   =     12771.4497  ANGLE   =      1027.4550  DIHED      =      1333.4555
 1-4 NB =       447.8018  1-4 EEL =      4692.1518  VDWAALS    =     13021.6989
 EELEC  =   -105731.0123  EHBOND  =         0.0000  RESTRAINT  =         0.0000
 ------------------------------------------------------------------------------


 NSTEP =    17000   TIME(PS) =      18.500  TEMP(K) =   301.85  PRESS =     0.0
 Etot   =    -51920.0468  EKtot   =     20768.0859  EPtot      =    -72688.1327
 BOND   =     12743.1679  ANGLE   =      1037.8685  DIHED      =      1324.9255
 1-4 NB =       453.3396  1-4 EEL =      4636.6591  VDWAALS    =     12790.6359
 EELEC  =   -105674.7292  EHBOND  =         0.0000  RESTRAINT  =         0.0000
 ------------------------------------------------------------------------------


 NSTEP =    17500   TIME(PS) =      18.750  TEMP(K) =   300.50  PRESS =     0.0
 Etot   =    -51811.1569  EKtot   =     20675.4492  EPtot      =    -72486.6061
 BOND   =     12890.3912  ANGLE   =      1016.3935  DIHED      =      1332.7591
 1-4 NB =       452.0126  1-4 EEL =      4677.6807  VDWAALS    =     12586.8120
 EELEC  =   -105442.6552  EHBOND  =         0.0000  RESTRAINT  =         0.0000
 ------------------------------------------------------------------------------


 NSTEP =    18000   TIME(PS) =      19.000  TEMP(K) =   300.88  PRESS =     0.0
 Etot   =    -51973.8956  EKtot   =     20701.0723  EPtot      =    -72674.9679
 BOND   =     12947.3751  ANGLE   =      1036.3704  DIHED      =      1306.9277
 1-4 NB =       460.0823  1-4 EEL =      4668.9585  VDWAALS    =     12691.9169
 EELEC  =   -105786.5987  EHBOND  =         0.0000  RESTRAINT  =         0.0000
 ------------------------------------------------------------------------------


 NSTEP =    18500   TIME(PS) =      19.250  TEMP(K) =   302.54  PRESS =     0.0
 Etot   =    -51838.1269  EKtot   =     20815.1992  EPtot      =    -72653.3261
 BOND   =     12743.5442  ANGLE   =      1049.5906  DIHED      =      1330.6364
 1-4 NB =       453.8177  1-4 EEL =      4629.7029  VDWAALS    =     12552.6756
 EELEC  =   -105413.2935  EHBOND  =         0.0000  RESTRAINT  =         0.0000
 ------------------------------------------------------------------------------


 NSTEP =    19000   TIME(PS) =      19.500  TEMP(K) =   299.65  PRESS =     0.0
 Etot   =    -51864.5691  EKtot   =     20616.9043  EPtot      =    -72481.4734
 BOND   =     12699.9643  ANGLE   =      1017.8811  DIHED      =      1348.4881
 1-4 NB =       462.0800  1-4 EEL =      4665.4492  VDWAALS    =     12680.8639
 EELEC  =   -105356.2000  EHBOND  =         0.0000  RESTRAINT  =         0.0000
 ------------------------------------------------------------------------------


 NSTEP =    19500   TIME(PS) =      19.750  TEMP(K) =   297.65  PRESS =     0.0
 Etot   =    -52094.0735  EKtot   =     20478.7344  EPtot      =    -72572.8079
 BOND   =     12969.8739  ANGLE   =      1016.8926  DIHED      =      1334.2402
 1-4 NB =       457.4497  1-4 EEL =      4664.0973  VDWAALS    =     12628.7184
 EELEC  =   -105644.0801  EHBOND  =         0.0000  RESTRAINT  =         0.0000
 ------------------------------------------------------------------------------


 NSTEP =    20000   TIME(PS) =      20.000  TEMP(K) =   299.72  PRESS =     0.0
 Etot   =    -52097.4076  EKtot   =     20621.2637  EPtot      =    -72718.6712
 BOND   =     13017.7873  ANGLE   =      1033.4417  DIHED      =      1323.4471
 1-4 NB =       447.2556  1-4 EEL =      4626.2782  VDWAALS    =     12911.5697
 EELEC  =   -106078.4507  EHBOND  =         0.0000  RESTRAINT  =         0.0000
 ------------------------------------------------------------------------------


      A V E R A G E S   O V E R      40 S T E P S


 NSTEP =    20000   TIME(PS) =      20.000  TEMP(K) =   299.39  PRESS =     0.0
 Etot   =    -51947.1893  EKtot   =     20598.6946  EPtot      =    -72545.8838
 BOND   =     12523.1049  ANGLE   =      1028.3523  DIHED      =      1328.6822
 1-4 NB =       449.3797  1-4 EEL =      4651.9894  VDWAALS    =     12648.4019
 EELEC  =   -105175.7941  EHBOND  =         0.0000  RESTRAINT  =         0.0000
 ------------------------------------------------------------------------------


      R M S  F L U C T U A T I O N S


 NSTEP =    20000   TIME(PS) =      20.000  TEMP(K) =     5.41  PRESS =     0.0
 Etot   =       498.3200  EKtot   =       372.1339  EPtot      =       178.7705
 BOND   =       980.9723  ANGLE   =        20.9693  DIHED      =        13.0917
 1-4 NB =         9.0159  1-4 EEL =        23.0013  VDWAALS    =       201.1456
 EELEC  =      1056.7918  EHBOND  =         0.0000  RESTRAINT  =         0.0000
 ------------------------------------------------------------------------------

--------------------------------------------------------------------------------
   5.  TIMINGS
--------------------------------------------------------------------------------

|  NonSetup CPU Time in Major Routines:
|
|     Routine           Sec        %
|     ------------------------------
|     Nonbond           3.82    9.66
|     Bond              0.00    0.00
|     Angle             0.00    0.00
|     Dihedral          0.00    0.00
|     Shake             0.00    0.00
|     RunMD            35.64   90.26
|     Other             0.03    0.08
|     ------------------------------
|     Total            39.49

|  PME Nonbond Pairlist CPU Time:
|
|     Routine              Sec        %
|     ---------------------------------
|     Set Up Cit           0.00    0.00
|     Build List           0.00    0.00
|     ---------------------------------
|     Total                0.00    0.00

|  PME Direct Force CPU Time:
|
|     Routine              Sec        %
|     ---------------------------------
|     NonBonded Calc       0.00    0.00
|     Exclude Masked       0.00    0.00
|     Other                0.01    0.02
|     ---------------------------------
|     Total                0.01    0.02

|  PME Reciprocal Force CPU Time:
|
|     Routine              Sec        %
|     ---------------------------------
|     1D bspline           0.00    0.00
|     Grid Charges         0.00    0.00
|     Scalar Sum           0.00    0.00
|     Gradient Sum         0.00    0.00
|     FFT                  0.00    0.00
|     ---------------------------------
|     Total                0.00    0.00

|  Final Performance Info:
|     -----------------------------------------------------
|     Average timings for last   19500 steps:
|     Elapsed(s) =      42.27 Per Step(ms) =       2.17
|         ns/day =      19.93   seconds/ns =    4334.91
|
|     Average timings for all steps:
|     Elapsed(s) =      43.20 Per Step(ms) =       2.16
|         ns/day =      20.00   seconds/ns =    4320.43
|     -----------------------------------------------------

|  Setup CPU time:            2.94 seconds
|  NonSetup CPU time:        39.49 seconds
|  Total CPU time:           42.43 seconds     0.01 hours

|  Setup wall time:           5    seconds
|  NonSetup wall time:       43    seconds
|  Total wall time:          48    seconds     0.01 hours
