
          -------------------------------------------------------
          Amber 16 PMEMD                              2016
          -------------------------------------------------------

| PMEMD implementation of SANDER, Release 16

| Run on 08/25/2017 at 12:53:27

|   Executable path: /apps/amber16/bin/pmemd.cuda
| Working directory: /scratch/pbarletta/pdz/run/lb/neq/data/larga_4
|          Hostname: mordor

  [-O]verwriting output

File Assignments:
|   MDIN: pdt.in                                                                
|  MDOUT: T10pplb_4.out                                                         
| INPCRD: /scratch/pbarletta/pdz/run/lb/neq/data/corta_4/T10plb_4.rst7          
|   PARM: /scratch/pbarletta/pdz/top_files/lb.prmtop                            
| RESTRT: T10pplb_4.rst7                                                        
|   REFC: refc                                                                  
|  MDVEL: mdvel                                                                 
|   MDEN: mden                                                                  
|  MDCRD: T10pplb_4.nc                                                          
| MDINFO: mdinfo                                                                
|  MDFRC: mdfrc                                                                 


 Here is the input file:

!NVE run                                                                       
&cntrl                                                                         
imin = 0,                           ! No Minimization                          
nmropt = 0,                         ! No NMR restraints read                   
                                                                               
! Nature and format of the input                                               
ntx = 5,                            ! Coordinates will be read, assign new velo
irest = 1,                          ! Do not run a new simulation              
                                                                               
! Nature and format of the output                                              
ioutfm = 1,			    ! NetCDF format for output files                             
ntxo = 1,                           ! rstrt file in ASCII format               
ntpr = 500,                         ! inf in output every ntpr steps           
ntwr = 500,                         ! rstrt file every ntwr steps              
ntwx = 100,                         ! mdcrd file every ntwx steps              
ntwv = -1,                          ! mdvel without velocities                 
ntwe = 0,                           ! Energies and temperatures not written in 
idecomp = 0,                        ! No energy decomposition                  
iwrap = 1,                          ! Coordinates of the restart and mdcrd file
                                                                               
! Frozen or restrained atoms                                                   
ibelly = 0,                         ! No frozen atoms                          
ntr=0,                              ! Harmonic potential restraints            
                                                                               
! Molecular dynamics                                                           
nstlim = 40000,                      ! Number of MD-steps                      
dt = 0.0005,                        ! Time step                                
                                                                               
! Temperature regulation                                                       
ntt = 0,                            ! Constant total energy                    
                                                                               
! P and V regulation                                                           
ntp = 0,                            ! No P control                             
ntb = 1,                            ! constant V                               
                                                                               
! SHAKE variables                                                              
ntc = 1,                            ! Bonds involving H are constrained        
ntf = 1,                            ! Bond interaction involving H are ommited.
                                                                               
cut = 9.0,                          ! Nonbonded cutoff                         
/                                                                              
&end                                                                           


Note: ig = -1. Setting random seed to   900815 based on wallclock time in 
      microseconds.
| irandom = 1, using AMBER's internal random number generator (default).
 
|--------------------- INFORMATION ----------------------
| GPU (CUDA) Version of PMEMD in use: NVIDIA GPU IN USE.
|                    Version 16.0.0
| 
|                      02/25/2016
| 
| Implementation by:
|                    Ross C. Walker     (SDSC)
|                    Scott Le Grand     (nVIDIA)
| 
| Precision model in use:
|      [SPFP] - Single Precision Forces, 64-bit Fixed Point
|               Accumulation. (Default)
| 
|--------------------------------------------------------
 
|----------------- CITATION INFORMATION -----------------
|
|    When publishing work that utilized the CUDA version
|    of AMBER, please cite the following in addition to
|    the regular AMBER citations:
|
|  - Romelia Salomon-Ferrer; Andreas W. Goetz; Duncan
|    Poole; Scott Le Grand; Ross C. Walker "Routine
|    microsecond molecular dynamics simulations with
|    AMBER - Part II: Particle Mesh Ewald", J. Chem.
|    Theory Comput., 2013, 9 (9), pp3878-3888,
|    DOI: 10.1021/ct400314y.
|
|  - Andreas W. Goetz; Mark J. Williamson; Dong Xu;
|    Duncan Poole; Scott Le Grand; Ross C. Walker
|    "Routine microsecond molecular dynamics simulations
|    with AMBER - Part I: Generalized Born", J. Chem.
|    Theory Comput., 2012, 8 (5), pp1542-1555.
|
|  - Scott Le Grand; Andreas W. Goetz; Ross C. Walker
|    "SPFP: Speed without compromise - a mixed precision
|    model for GPU accelerated molecular dynamics
|    simulations.", Comp. Phys. Comm., 2013, 184
|    pp374-380, DOI: 10.1016/j.cpc.2012.09.022
|
|--------------------------------------------------------
 
|------------------- GPU DEVICE INFO --------------------
|
|            CUDA_VISIBLE_DEVICES: 0
|   CUDA Capable Devices Detected:      1
|           CUDA Device ID in use:      0
|                CUDA Device Name: GeForce GTX TITAN
|     CUDA Device Global Mem Size:   6082 MB
| CUDA Device Num Multiprocessors:     14
|           CUDA Device Core Freq:   0.93 GHz
|
|--------------------------------------------------------
 
 
| Conditional Compilation Defines Used:
| PUBFFT
| BINTRAJ
| CUDA
| EMIL

| Largest sphere to fit in unit cell has radius =    26.281

| New format PARM file being parsed.
| Version =    1.000 Date = 09/04/12 Time = 16:08:43

| Note: 1-4 EEL scale factors are being read from the topology file.

| Note: 1-4 VDW scale factors are being read from the topology file.
| Duplicated    0 dihedrals

| Duplicated    0 dihedrals

--------------------------------------------------------------------------------
   1.  RESOURCE   USE: 
--------------------------------------------------------------------------------

 getting new box info from bottom of inpcrd
 NATOM  =   23082 NTYPES =      16 NBONH =   22055 MBONA  =    1038
 NTHETH =    2390 MTHETA =    1396 NPHIH =    4631 MPHIA  =    3488
 NHPARM =       0 NPARM  =       0 NNB   =   39434 NRES   =    7134
 NBONA  =    1038 NTHETA =    1396 NPHIA =    3488 NUMBND =      41
 NUMANG =      86 NPTRA  =      41 NATYP =      28 NPHB   =       1
 IFBOX  =       1 NMXRS  =      24 IFCAP =       0 NEXTRA =       0
 NCOPY  =       0

| Coordinate Index Table dimensions:    12   14   10
| Direct force subcell size =     5.0212    5.2012    5.2562

     BOX TYPE: RECTILINEAR

--------------------------------------------------------------------------------
   2.  CONTROL  DATA  FOR  THE  RUN
--------------------------------------------------------------------------------

default_name                                                                    

General flags:
     imin    =       0, nmropt  =       0

Nature and format of input:
     ntx     =       5, irest   =       1, ntrx    =       1

Nature and format of output:
     ntxo    =       1, ntpr    =     500, ntrx    =       1, ntwr    =     500
     iwrap   =       1, ntwx    =     100, ntwv    =      -1, ntwe    =       0
     ioutfm  =       1, ntwprt  =       0, idecomp =       0, rbornstat=      0

Potential function:
     ntf     =       1, ntb     =       1, igb     =       0, nsnb    =      25
     ipol    =       0, gbsa    =       0, iesp    =       0
     dielc   =   1.00000, cut     =   9.00000, intdiel =   1.00000

Frozen or restrained atoms:
     ibelly  =       0, ntr     =       0

Molecular dynamics:
     nstlim  =     40000, nscm    =      1000, nrespa  =         1
     t       =   0.00000, dt      =   0.00050, vlimit  =  -1.00000

| Intermolecular bonds treatment:
|     no_intermolecular_bonds =       1

| Energy averages sample interval:
|     ene_avg_sampling =     500

Ewald parameters:
     verbose =       0, ew_type =       0, nbflag  =       1, use_pme =       1
     vdwmeth =       1, eedmeth =       1, netfrc  =       1
     Box X =   60.254   Box Y =   72.816   Box Z =   52.562
     Alpha =   90.000   Beta  =   90.000   Gamma =   90.000
     NFFT1 =   64       NFFT2 =   80       NFFT3 =   56
     Cutoff=    9.000   Tol   =0.100E-04
     Ewald Coefficient =  0.30768
     Interpolation order =    4

--------------------------------------------------------------------------------
   3.  ATOMIC COORDINATES AND VELOCITIES
--------------------------------------------------------------------------------

default_name                                                                    
 begin time read from input coords =    31.000 ps

 
 Number of triangulated 3-point waters found:     7002

     Sum of charges from parm topology file =  -0.00000008
     Forcing neutrality...

| Dynamic Memory, Types Used:
| Reals              710578
| Integers           737140

| Nonbonded Pairs Initial Allocation:     5262696

| GPU memory information (estimate):
| KB of GPU memory in use:     63171
| KB of CPU memory in use:     27891

--------------------------------------------------------------------------------
   4.  RESULTS
--------------------------------------------------------------------------------

 ---------------------------------------------------
 APPROXIMATING switch and d/dx switch using CUBIC SPLINE INTERPOLATION
 using   5000.0 points per unit in tabled values
 TESTING RELATIVE ERROR over r ranging from 0.0 to cutoff
| CHECK switch(x): max rel err =   0.2738E-14   at   2.422500
| CHECK d/dx switch(x): max rel err =   0.8314E-11   at   2.736960
 ---------------------------------------------------
|---------------------------------------------------
| APPROXIMATING direct energy using CUBIC SPLINE INTERPOLATION
|  with   50.0 points per unit in tabled values
| Relative Error Limit not exceeded for r .gt.   2.39
| APPROXIMATING direct force using CUBIC SPLINE INTERPOLATION
|  with   50.0 points per unit in tabled values
| Relative Error Limit not exceeded for r .gt.   2.84
|---------------------------------------------------

 NSTEP =      500   TIME(PS) =      31.250  TEMP(K) =   309.14  PRESS =     0.0
 Etot   =    -50828.7266  EKtot   =     21268.5059  EPtot      =    -72097.2324
 BOND   =     13044.9336  ANGLE   =      1220.6595  DIHED      =      1323.2560
 1-4 NB =       457.4236  1-4 EEL =      4571.1282  VDWAALS    =     12621.6010
 EELEC  =   -105336.2343  EHBOND  =         0.0000  RESTRAINT  =         0.0000
 ------------------------------------------------------------------------------

check COM velocity, temp:        0.000009     0.00(Removed)

 NSTEP =     1000   TIME(PS) =      31.500  TEMP(K) =   306.66  PRESS =     0.0
 Etot   =    -50824.7630  EKtot   =     21097.9316  EPtot      =    -71922.6946
 BOND   =     13075.1403  ANGLE   =      1174.5664  DIHED      =      1344.3632
 1-4 NB =       458.2107  1-4 EEL =      4660.6697  VDWAALS    =     12914.0947
 EELEC  =   -105549.7397  EHBOND  =         0.0000  RESTRAINT  =         0.0000
 ------------------------------------------------------------------------------


 NSTEP =     1500   TIME(PS) =      31.750  TEMP(K) =   305.61  PRESS =     0.0
 Etot   =    -50826.9529  EKtot   =     21025.8535  EPtot      =    -71852.8064
 BOND   =     13186.7157  ANGLE   =      1165.0676  DIHED      =      1359.4643
 1-4 NB =       457.0460  1-4 EEL =      4629.1166  VDWAALS    =     12761.2461
 EELEC  =   -105411.4627  EHBOND  =         0.0000  RESTRAINT  =         0.0000
 ------------------------------------------------------------------------------

check COM velocity, temp:        0.000004     0.00(Removed)

 NSTEP =     2000   TIME(PS) =      32.000  TEMP(K) =   308.94  PRESS =     0.0
 Etot   =    -50828.1795  EKtot   =     21254.6602  EPtot      =    -72082.8396
 BOND   =     13137.4092  ANGLE   =      1171.7714  DIHED      =      1353.4239
 1-4 NB =       465.2509  1-4 EEL =      4622.5017  VDWAALS    =     12559.7397
 EELEC  =   -105392.9364  EHBOND  =         0.0000  RESTRAINT  =         0.0000
 ------------------------------------------------------------------------------


 NSTEP =     2500   TIME(PS) =      32.250  TEMP(K) =   307.79  PRESS =     0.0
 Etot   =    -50831.6848  EKtot   =     21175.9375  EPtot      =    -72007.6223
 BOND   =     12826.8491  ANGLE   =      1161.8509  DIHED      =      1343.8417
 1-4 NB =       457.3201  1-4 EEL =      4659.3040  VDWAALS    =     12756.4054
 EELEC  =   -105213.1936  EHBOND  =         0.0000  RESTRAINT  =         0.0000
 ------------------------------------------------------------------------------

check COM velocity, temp:        0.000005     0.00(Removed)

 NSTEP =     3000   TIME(PS) =      32.500  TEMP(K) =   307.90  PRESS =     0.0
 Etot   =    -50827.8438  EKtot   =     21183.1191  EPtot      =    -72010.9629
 BOND   =     12931.3509  ANGLE   =      1187.8365  DIHED      =      1358.9620
 1-4 NB =       462.2690  1-4 EEL =      4672.3027  VDWAALS    =     12662.2592
 EELEC  =   -105285.9433  EHBOND  =         0.0000  RESTRAINT  =         0.0000
 ------------------------------------------------------------------------------


 NSTEP =     3500   TIME(PS) =      32.750  TEMP(K) =   305.66  PRESS =     0.0
 Etot   =    -50824.6923  EKtot   =     21029.0234  EPtot      =    -71853.7157
 BOND   =     12974.4715  ANGLE   =      1155.4809  DIHED      =      1367.9274
 1-4 NB =       449.0832  1-4 EEL =      4656.0426  VDWAALS    =     12625.8241
 EELEC  =   -105082.5455  EHBOND  =         0.0000  RESTRAINT  =         0.0000
 ------------------------------------------------------------------------------

check COM velocity, temp:        0.000006     0.00(Removed)

 NSTEP =     4000   TIME(PS) =      33.000  TEMP(K) =   305.90  PRESS =     0.0
 Etot   =    -50827.1273  EKtot   =     21046.0312  EPtot      =    -71873.1585
 BOND   =     12996.6980  ANGLE   =      1183.5738  DIHED      =      1351.9002
 1-4 NB =       453.8980  1-4 EEL =      4575.2560  VDWAALS    =     12729.4793
 EELEC  =   -105163.9638  EHBOND  =         0.0000  RESTRAINT  =         0.0000
 ------------------------------------------------------------------------------


 NSTEP =     4500   TIME(PS) =      33.250  TEMP(K) =   307.81  PRESS =     0.0
 Etot   =    -50828.5040  EKtot   =     21177.4570  EPtot      =    -72005.9610
 BOND   =     12888.0482  ANGLE   =      1172.8253  DIHED      =      1343.6133
 1-4 NB =       463.7273  1-4 EEL =      4637.6893  VDWAALS    =     12847.0026
 EELEC  =   -105358.8671  EHBOND  =         0.0000  RESTRAINT  =         0.0000
 ------------------------------------------------------------------------------

check COM velocity, temp:        0.000007     0.00(Removed)

 NSTEP =     5000   TIME(PS) =      33.500  TEMP(K) =   308.61  PRESS =     0.0
 Etot   =    -50831.8701  EKtot   =     21232.3418  EPtot      =    -72064.2119
 BOND   =     12819.8813  ANGLE   =      1164.0600  DIHED      =      1349.2717
 1-4 NB =       468.7583  1-4 EEL =      4621.4514  VDWAALS    =     12604.2629
 EELEC  =   -105091.8976  EHBOND  =         0.0000  RESTRAINT  =         0.0000
 ------------------------------------------------------------------------------


 NSTEP =     5500   TIME(PS) =      33.750  TEMP(K) =   309.55  PRESS =     0.0
 Etot   =    -50829.8722  EKtot   =     21296.7363  EPtot      =    -72126.6085
 BOND   =     12785.7810  ANGLE   =      1169.8180  DIHED      =      1344.4433
 1-4 NB =       453.9004  1-4 EEL =      4628.3952  VDWAALS    =     12830.8366
 EELEC  =   -105339.7832  EHBOND  =         0.0000  RESTRAINT  =         0.0000
 ------------------------------------------------------------------------------

check COM velocity, temp:        0.000006     0.00(Removed)

 NSTEP =     6000   TIME(PS) =      34.000  TEMP(K) =   306.48  PRESS =     0.0
 Etot   =    -50825.1523  EKtot   =     21085.9629  EPtot      =    -71911.1152
 BOND   =     12922.9275  ANGLE   =      1167.8369  DIHED      =      1328.8620
 1-4 NB =       439.1921  1-4 EEL =      4586.1768  VDWAALS    =     12754.6729
 EELEC  =   -105110.7834  EHBOND  =         0.0000  RESTRAINT  =         0.0000
 ------------------------------------------------------------------------------


 NSTEP =     6500   TIME(PS) =      34.250  TEMP(K) =   307.03  PRESS =     0.0
 Etot   =    -50826.4454  EKtot   =     21123.6289  EPtot      =    -71950.0743
 BOND   =     12917.6929  ANGLE   =      1085.0206  DIHED      =      1359.1291
 1-4 NB =       445.2964  1-4 EEL =      4587.2947  VDWAALS    =     12729.1646
 EELEC  =   -105073.6727  EHBOND  =         0.0000  RESTRAINT  =         0.0000
 ------------------------------------------------------------------------------

check COM velocity, temp:        0.000004     0.00(Removed)

 NSTEP =     7000   TIME(PS) =      34.500  TEMP(K) =   307.57  PRESS =     0.0
 Etot   =    -50831.6939  EKtot   =     21160.9902  EPtot      =    -71992.6842
 BOND   =     12941.4106  ANGLE   =      1153.4301  DIHED      =      1352.4328
 1-4 NB =       471.4151  1-4 EEL =      4639.8111  VDWAALS    =     12878.1852
 EELEC  =   -105429.3690  EHBOND  =         0.0000  RESTRAINT  =         0.0000
 ------------------------------------------------------------------------------


 NSTEP =     7500   TIME(PS) =      34.750  TEMP(K) =   307.63  PRESS =     0.0
 Etot   =    -50832.6696  EKtot   =     21164.4648  EPtot      =    -71997.1344
 BOND   =     12735.0853  ANGLE   =      1133.3999  DIHED      =      1345.1314
 1-4 NB =       454.5354  1-4 EEL =      4621.2643  VDWAALS    =     12702.5926
 EELEC  =   -104989.1434  EHBOND  =         0.0000  RESTRAINT  =         0.0000
 ------------------------------------------------------------------------------

check COM velocity, temp:        0.000007     0.00(Removed)

 NSTEP =     8000   TIME(PS) =      35.000  TEMP(K) =   308.00  PRESS =     0.0
 Etot   =    -50830.1146  EKtot   =     21190.5625  EPtot      =    -72020.6771
 BOND   =     12837.8159  ANGLE   =      1159.2555  DIHED      =      1354.0201
 1-4 NB =       457.8422  1-4 EEL =      4576.3538  VDWAALS    =     12855.8442
 EELEC  =   -105261.8088  EHBOND  =         0.0000  RESTRAINT  =         0.0000
 ------------------------------------------------------------------------------


 NSTEP =     8500   TIME(PS) =      35.250  TEMP(K) =   304.92  PRESS =     0.0
 Etot   =    -50827.4907  EKtot   =     20978.0293  EPtot      =    -71805.5200
 BOND   =     12828.5295  ANGLE   =      1129.9481  DIHED      =      1349.8605
 1-4 NB =       452.1245  1-4 EEL =      4651.2488  VDWAALS    =     12708.8906
 EELEC  =   -104926.1220  EHBOND  =         0.0000  RESTRAINT  =         0.0000
 ------------------------------------------------------------------------------

check COM velocity, temp:        0.000009     0.00(Removed)

 NSTEP =     9000   TIME(PS) =      35.500  TEMP(K) =   308.36  PRESS =     0.0
 Etot   =    -50830.1628  EKtot   =     21214.6973  EPtot      =    -72044.8600
 BOND   =     12811.4521  ANGLE   =      1154.1469  DIHED      =      1335.3781
 1-4 NB =       457.4159  1-4 EEL =      4628.1627  VDWAALS    =     12546.2234
 EELEC  =   -104977.6393  EHBOND  =         0.0000  RESTRAINT  =         0.0000
 ------------------------------------------------------------------------------


 NSTEP =     9500   TIME(PS) =      35.750  TEMP(K) =   306.75  PRESS =     0.0
 Etot   =    -50830.5290  EKtot   =     21104.6016  EPtot      =    -71935.1306
 BOND   =     12820.9411  ANGLE   =      1160.5370  DIHED      =      1353.6731
 1-4 NB =       451.0074  1-4 EEL =      4581.7925  VDWAALS    =     12641.8096
 EELEC  =   -104944.8913  EHBOND  =         0.0000  RESTRAINT  =         0.0000
 ------------------------------------------------------------------------------

check COM velocity, temp:        0.000003     0.00(Removed)

 NSTEP =    10000   TIME(PS) =      36.000  TEMP(K) =   305.93  PRESS =     0.0
 Etot   =    -50829.9838  EKtot   =     21047.8555  EPtot      =    -71877.8393
 BOND   =     12979.0469  ANGLE   =      1103.3164  DIHED      =      1359.8850
 1-4 NB =       459.7118  1-4 EEL =      4631.8819  VDWAALS    =     12661.1394
 EELEC  =   -105072.8207  EHBOND  =         0.0000  RESTRAINT  =         0.0000
 ------------------------------------------------------------------------------


 NSTEP =    10500   TIME(PS) =      36.250  TEMP(K) =   306.74  PRESS =     0.0
 Etot   =    -50827.3524  EKtot   =     21103.8926  EPtot      =    -71931.2450
 BOND   =     13081.3911  ANGLE   =      1167.4905  DIHED      =      1358.7139
 1-4 NB =       430.1027  1-4 EEL =      4554.4564  VDWAALS    =     12635.0579
 EELEC  =   -105158.4575  EHBOND  =         0.0000  RESTRAINT  =         0.0000
 ------------------------------------------------------------------------------

check COM velocity, temp:        0.000005     0.00(Removed)

 NSTEP =    11000   TIME(PS) =      36.500  TEMP(K) =   305.50  PRESS =     0.0
 Etot   =    -50825.9635  EKtot   =     21017.9316  EPtot      =    -71843.8952
 BOND   =     13195.7623  ANGLE   =      1176.6014  DIHED      =      1316.1122
 1-4 NB =       449.0099  1-4 EEL =      4599.6908  VDWAALS    =     12641.8645
 EELEC  =   -105222.9363  EHBOND  =         0.0000  RESTRAINT  =         0.0000
 ------------------------------------------------------------------------------


 NSTEP =    11500   TIME(PS) =      36.750  TEMP(K) =   305.78  PRESS =     0.0
 Etot   =    -50829.6757  EKtot   =     21037.8594  EPtot      =    -71867.5351
 BOND   =     13158.3585  ANGLE   =      1118.6398  DIHED      =      1344.8622
 1-4 NB =       449.1387  1-4 EEL =      4619.6171  VDWAALS    =     12623.7163
 EELEC  =   -105181.8678  EHBOND  =         0.0000  RESTRAINT  =         0.0000
 ------------------------------------------------------------------------------

check COM velocity, temp:        0.000003     0.00(Removed)

 NSTEP =    12000   TIME(PS) =      37.000  TEMP(K) =   306.70  PRESS =     0.0
 Etot   =    -50829.7994  EKtot   =     21100.6387  EPtot      =    -71930.4381
 BOND   =     13054.7739  ANGLE   =      1156.8741  DIHED      =      1344.3055
 1-4 NB =       439.7664  1-4 EEL =      4635.3980  VDWAALS    =     12761.6069
 EELEC  =   -105323.1629  EHBOND  =         0.0000  RESTRAINT  =         0.0000
 ------------------------------------------------------------------------------


 NSTEP =    12500   TIME(PS) =      37.250  TEMP(K) =   305.77  PRESS =     0.0
 Etot   =    -50826.4218  EKtot   =     21037.1523  EPtot      =    -71863.5741
 BOND   =     13073.6693  ANGLE   =      1128.4564  DIHED      =      1349.9724
 1-4 NB =       447.3138  1-4 EEL =      4599.3620  VDWAALS    =     12745.3383
 EELEC  =   -105207.6863  EHBOND  =         0.0000  RESTRAINT  =         0.0000
 ------------------------------------------------------------------------------

check COM velocity, temp:        0.000005     0.00(Removed)

 NSTEP =    13000   TIME(PS) =      37.500  TEMP(K) =   309.66  PRESS =     0.0
 Etot   =    -50832.8800  EKtot   =     21304.5488  EPtot      =    -72137.4289
 BOND   =     12994.3324  ANGLE   =      1122.4692  DIHED      =      1340.4358
 1-4 NB =       435.8334  1-4 EEL =      4588.8837  VDWAALS    =     12548.8899
 EELEC  =   -105168.2733  EHBOND  =         0.0000  RESTRAINT  =         0.0000
 ------------------------------------------------------------------------------


 NSTEP =    13500   TIME(PS) =      37.750  TEMP(K) =   306.58  PRESS =     0.0
 Etot   =    -50828.6343  EKtot   =     21092.5332  EPtot      =    -71921.1675
 BOND   =     13124.4485  ANGLE   =      1116.5643  DIHED      =      1346.5763
 1-4 NB =       450.3759  1-4 EEL =      4630.6620  VDWAALS    =     12573.0471
 EELEC  =   -105162.8416  EHBOND  =         0.0000  RESTRAINT  =         0.0000
 ------------------------------------------------------------------------------

check COM velocity, temp:        0.000003     0.00(Removed)

 NSTEP =    14000   TIME(PS) =      38.000  TEMP(K) =   307.84  PRESS =     0.0
 Etot   =    -50827.6633  EKtot   =     21179.5176  EPtot      =    -72007.1809
 BOND   =     13018.6186  ANGLE   =      1122.9257  DIHED      =      1354.0438
 1-4 NB =       447.5872  1-4 EEL =      4612.6092  VDWAALS    =     12644.1224
 EELEC  =   -105207.0878  EHBOND  =         0.0000  RESTRAINT  =         0.0000
 ------------------------------------------------------------------------------


 NSTEP =    14500   TIME(PS) =      38.250  TEMP(K) =   305.64  PRESS =     0.0
 Etot   =    -50825.9686  EKtot   =     21028.0312  EPtot      =    -71853.9999
 BOND   =     13001.9796  ANGLE   =      1123.8021  DIHED      =      1338.6182
 1-4 NB =       454.9912  1-4 EEL =      4604.8053  VDWAALS    =     12651.8047
 EELEC  =   -105030.0011  EHBOND  =         0.0000  RESTRAINT  =         0.0000
 ------------------------------------------------------------------------------

check COM velocity, temp:        0.000003     0.00(Removed)

 NSTEP =    15000   TIME(PS) =      38.500  TEMP(K) =   306.28  PRESS =     0.0
 Etot   =    -50825.8663  EKtot   =     21071.7949  EPtot      =    -71897.6612
 BOND   =     13097.0855  ANGLE   =      1093.5265  DIHED      =      1351.1904
 1-4 NB =       450.2120  1-4 EEL =      4614.9773  VDWAALS    =     12707.1791
 EELEC  =   -105211.8320  EHBOND  =         0.0000  RESTRAINT  =         0.0000
 ------------------------------------------------------------------------------


 NSTEP =    15500   TIME(PS) =      38.750  TEMP(K) =   307.71  PRESS =     0.0
 Etot   =    -50830.6680  EKtot   =     21170.1074  EPtot      =    -72000.7755
 BOND   =     12971.2106  ANGLE   =      1056.8634  DIHED      =      1363.8220
 1-4 NB =       463.0286  1-4 EEL =      4664.0474  VDWAALS    =     12593.0518
 EELEC  =   -105112.7994  EHBOND  =         0.0000  RESTRAINT  =         0.0000
 ------------------------------------------------------------------------------

check COM velocity, temp:        0.000006     0.00(Removed)

 NSTEP =    16000   TIME(PS) =      39.000  TEMP(K) =   306.42  PRESS =     0.0
 Etot   =    -50829.7514  EKtot   =     21081.8164  EPtot      =    -71911.5678
 BOND   =     12885.4517  ANGLE   =      1072.0152  DIHED      =      1348.1659
 1-4 NB =       461.9397  1-4 EEL =      4592.2232  VDWAALS    =     12461.3567
 EELEC  =   -104732.7204  EHBOND  =         0.0000  RESTRAINT  =         0.0000
 ------------------------------------------------------------------------------


 NSTEP =    16500   TIME(PS) =      39.250  TEMP(K) =   307.94  PRESS =     0.0
 Etot   =    -50829.5114  EKtot   =     21185.9434  EPtot      =    -72015.4547
 BOND   =     12969.5285  ANGLE   =      1067.1778  DIHED      =      1329.4317
 1-4 NB =       430.7269  1-4 EEL =      4570.5951  VDWAALS    =     12412.8315
 EELEC  =   -104795.7463  EHBOND  =         0.0000  RESTRAINT  =         0.0000
 ------------------------------------------------------------------------------

check COM velocity, temp:        0.000008     0.00(Removed)

 NSTEP =    17000   TIME(PS) =      39.500  TEMP(K) =   307.23  PRESS =     0.0
 Etot   =    -50826.6903  EKtot   =     21137.3242  EPtot      =    -71964.0146
 BOND   =     13043.9288  ANGLE   =      1109.4412  DIHED      =      1342.3635
 1-4 NB =       437.8572  1-4 EEL =      4608.0941  VDWAALS    =     12505.0326
 EELEC  =   -105010.7320  EHBOND  =         0.0000  RESTRAINT  =         0.0000
 ------------------------------------------------------------------------------


 NSTEP =    17500   TIME(PS) =      39.750  TEMP(K) =   304.72  PRESS =     0.0
 Etot   =    -50823.0880  EKtot   =     20964.4004  EPtot      =    -71787.4884
 BOND   =     13075.9393  ANGLE   =      1104.8684  DIHED      =      1328.5304
 1-4 NB =       457.7348  1-4 EEL =      4655.5371  VDWAALS    =     12839.4235
 EELEC  =   -105249.5218  EHBOND  =         0.0000  RESTRAINT  =         0.0000
 ------------------------------------------------------------------------------

check COM velocity, temp:        0.000005     0.00(Removed)

 NSTEP =    18000   TIME(PS) =      40.000  TEMP(K) =   304.48  PRESS =     0.0
 Etot   =    -50826.8746  EKtot   =     20948.4102  EPtot      =    -71775.2847
 BOND   =     13017.1962  ANGLE   =      1043.5881  DIHED      =      1356.1944
 1-4 NB =       473.1157  1-4 EEL =      4641.3436  VDWAALS    =     12753.9656
 EELEC  =   -105060.6884  EHBOND  =         0.0000  RESTRAINT  =         0.0000
 ------------------------------------------------------------------------------


 NSTEP =    18500   TIME(PS) =      40.250  TEMP(K) =   308.11  PRESS =     0.0
 Etot   =    -50833.6511  EKtot   =     21197.5840  EPtot      =    -72031.2351
 BOND   =     12823.7640  ANGLE   =      1116.0874  DIHED      =      1306.3298
 1-4 NB =       449.8393  1-4 EEL =      4708.3295  VDWAALS    =     12734.5119
 EELEC  =   -105170.0971  EHBOND  =         0.0000  RESTRAINT  =         0.0000
 ------------------------------------------------------------------------------

check COM velocity, temp:        0.000009     0.00(Removed)

 NSTEP =    19000   TIME(PS) =      40.500  TEMP(K) =   304.58  PRESS =     0.0
 Etot   =    -50824.6577  EKtot   =     20955.1699  EPtot      =    -71779.8276
 BOND   =     12800.6157  ANGLE   =      1103.0797  DIHED      =      1321.1446
 1-4 NB =       438.1800  1-4 EEL =      4610.8659  VDWAALS    =     12653.2383
 EELEC  =   -104706.9516  EHBOND  =         0.0000  RESTRAINT  =         0.0000
 ------------------------------------------------------------------------------


 NSTEP =    19500   TIME(PS) =      40.750  TEMP(K) =   305.81  PRESS =     0.0
 Etot   =    -50828.2256  EKtot   =     21039.4121  EPtot      =    -71867.6377
 BOND   =     12955.0070  ANGLE   =      1117.2072  DIHED      =      1330.8021
 1-4 NB =       439.5389  1-4 EEL =      4590.9602  VDWAALS    =     12625.9336
 EELEC  =   -104927.0866  EHBOND  =         0.0000  RESTRAINT  =         0.0000
 ------------------------------------------------------------------------------

check COM velocity, temp:        0.000006     0.00(Removed)

 NSTEP =    20000   TIME(PS) =      41.000  TEMP(K) =   306.66  PRESS =     0.0
 Etot   =    -50831.9663  EKtot   =     21097.8828  EPtot      =    -71929.8491
 BOND   =     12658.9191  ANGLE   =      1071.2828  DIHED      =      1324.8108
 1-4 NB =       439.1483  1-4 EEL =      4614.6384  VDWAALS    =     12869.1630
 EELEC  =   -104907.8116  EHBOND  =         0.0000  RESTRAINT  =         0.0000
 ------------------------------------------------------------------------------


 NSTEP =    20500   TIME(PS) =      41.250  TEMP(K) =   306.19  PRESS =     0.0
 Etot   =    -50828.4234  EKtot   =     21065.6875  EPtot      =    -71894.1109
 BOND   =     12722.8218  ANGLE   =      1111.6566  DIHED      =      1314.9184
 1-4 NB =       446.7652  1-4 EEL =      4591.1687  VDWAALS    =     12415.6647
 EELEC  =   -104497.1062  EHBOND  =         0.0000  RESTRAINT  =         0.0000
 ------------------------------------------------------------------------------

check COM velocity, temp:        0.000006     0.00(Removed)

 NSTEP =    21000   TIME(PS) =      41.500  TEMP(K) =   307.21  PRESS =     0.0
 Etot   =    -50830.4295  EKtot   =     21136.0996  EPtot      =    -71966.5291
 BOND   =     12799.4018  ANGLE   =      1078.7171  DIHED      =      1324.1730
 1-4 NB =       443.5125  1-4 EEL =      4619.2797  VDWAALS    =     12702.1966
 EELEC  =   -104933.8097  EHBOND  =         0.0000  RESTRAINT  =         0.0000
 ------------------------------------------------------------------------------


 NSTEP =    21500   TIME(PS) =      41.750  TEMP(K) =   306.91  PRESS =     0.0
 Etot   =    -50828.6276  EKtot   =     21115.3809  EPtot      =    -71944.0084
 BOND   =     12819.4613  ANGLE   =      1100.1475  DIHED      =      1353.9104
 1-4 NB =       446.3199  1-4 EEL =      4618.4455  VDWAALS    =     12517.6478
 EELEC  =   -104799.9407  EHBOND  =         0.0000  RESTRAINT  =         0.0000
 ------------------------------------------------------------------------------

check COM velocity, temp:        0.000004     0.00(Removed)

 NSTEP =    22000   TIME(PS) =      42.000  TEMP(K) =   308.10  PRESS =     0.0
 Etot   =    -50830.8581  EKtot   =     21197.0469  EPtot      =    -72027.9049
 BOND   =     12995.1955  ANGLE   =      1071.0844  DIHED      =      1336.5896
 1-4 NB =       433.2906  1-4 EEL =      4597.2402  VDWAALS    =     12752.8651
 EELEC  =   -105214.1703  EHBOND  =         0.0000  RESTRAINT  =         0.0000
 ------------------------------------------------------------------------------


 NSTEP =    22500   TIME(PS) =      42.250  TEMP(K) =   308.65  PRESS =     0.0
 Etot   =    -50834.0979  EKtot   =     21234.9668  EPtot      =    -72069.0647
 BOND   =     12893.6804  ANGLE   =      1063.1909  DIHED      =      1325.5199
 1-4 NB =       438.9336  1-4 EEL =      4612.1482  VDWAALS    =     12685.4517
 EELEC  =   -105087.9895  EHBOND  =         0.0000  RESTRAINT  =         0.0000
 ------------------------------------------------------------------------------

check COM velocity, temp:        0.000006     0.00(Removed)

 NSTEP =    23000   TIME(PS) =      42.500  TEMP(K) =   305.36  PRESS =     0.0
 Etot   =    -50829.6044  EKtot   =     21008.3105  EPtot      =    -71837.9149
 BOND   =     13089.4911  ANGLE   =      1121.2122  DIHED      =      1328.9024
 1-4 NB =       435.9603  1-4 EEL =      4585.1554  VDWAALS    =     12648.0930
 EELEC  =   -105046.7293  EHBOND  =         0.0000  RESTRAINT  =         0.0000
 ------------------------------------------------------------------------------


 NSTEP =    23500   TIME(PS) =      42.750  TEMP(K) =   307.76  PRESS =     0.0
 Etot   =    -50829.1497  EKtot   =     21173.6348  EPtot      =    -72002.7845
 BOND   =     13055.9552  ANGLE   =      1089.0956  DIHED      =      1337.5628
 1-4 NB =       430.0866  1-4 EEL =      4628.4799  VDWAALS    =     12506.0195
 EELEC  =   -105049.9840  EHBOND  =         0.0000  RESTRAINT  =         0.0000
 ------------------------------------------------------------------------------

check COM velocity, temp:        0.000004     0.00(Removed)

 NSTEP =    24000   TIME(PS) =      43.000  TEMP(K) =   307.23  PRESS =     0.0
 Etot   =    -50828.3241  EKtot   =     21137.5547  EPtot      =    -71965.8788
 BOND   =     13079.2197  ANGLE   =      1090.0098  DIHED      =      1311.3854
 1-4 NB =       442.1000  1-4 EEL =      4587.9680  VDWAALS    =     12609.3683
 EELEC  =   -105085.9299  EHBOND  =         0.0000  RESTRAINT  =         0.0000
 ------------------------------------------------------------------------------


 NSTEP =    24500   TIME(PS) =      43.250  TEMP(K) =   308.55  PRESS =     0.0
 Etot   =    -50830.0892  EKtot   =     21228.3359  EPtot      =    -72058.4251
 BOND   =     12828.1485  ANGLE   =      1105.2222  DIHED      =      1320.9946
 1-4 NB =       446.5158  1-4 EEL =      4620.7204  VDWAALS    =     12627.7387
 EELEC  =   -105007.7654  EHBOND  =         0.0000  RESTRAINT  =         0.0000
 ------------------------------------------------------------------------------

check COM velocity, temp:        0.000007     0.00(Removed)

 NSTEP =    25000   TIME(PS) =      43.500  TEMP(K) =   309.79  PRESS =     0.0
 Etot   =    -50831.8413  EKtot   =     21313.3555  EPtot      =    -72145.1967
 BOND   =     12769.3703  ANGLE   =      1067.8507  DIHED      =      1347.8264
 1-4 NB =       440.6414  1-4 EEL =      4603.1723  VDWAALS    =     12711.3780
 EELEC  =   -105085.4358  EHBOND  =         0.0000  RESTRAINT  =         0.0000
 ------------------------------------------------------------------------------


 NSTEP =    25500   TIME(PS) =      43.750  TEMP(K) =   305.85  PRESS =     0.0
 Etot   =    -50832.7163  EKtot   =     21042.0078  EPtot      =    -71874.7241
 BOND   =     12840.4741  ANGLE   =      1097.3792  DIHED      =      1329.1195
 1-4 NB =       445.6156  1-4 EEL =      4630.9686  VDWAALS    =     12588.1704
 EELEC  =   -104806.4516  EHBOND  =         0.0000  RESTRAINT  =         0.0000
 ------------------------------------------------------------------------------

check COM velocity, temp:        0.000006     0.00(Removed)

 NSTEP =    26000   TIME(PS) =      44.000  TEMP(K) =   306.15  PRESS =     0.0
 Etot   =    -50832.3502  EKtot   =     21062.8906  EPtot      =    -71895.2409
 BOND   =     12807.4654  ANGLE   =      1103.5419  DIHED      =      1319.6452
 1-4 NB =       445.4412  1-4 EEL =      4620.5838  VDWAALS    =     12348.8642
 EELEC  =   -104540.7826  EHBOND  =         0.0000  RESTRAINT  =         0.0000
 ------------------------------------------------------------------------------


 NSTEP =    26500   TIME(PS) =      44.250  TEMP(K) =   306.44  PRESS =     0.0
 Etot   =    -50829.7928  EKtot   =     21082.9121  EPtot      =    -71912.7049
 BOND   =     12879.4958  ANGLE   =      1080.1182  DIHED      =      1330.3824
 1-4 NB =       447.9475  1-4 EEL =      4631.1349  VDWAALS    =     12595.0800
 EELEC  =   -104876.8638  EHBOND  =         0.0000  RESTRAINT  =         0.0000
 ------------------------------------------------------------------------------

check COM velocity, temp:        0.000003     0.00(Removed)

 NSTEP =    27000   TIME(PS) =      44.500  TEMP(K) =   308.14  PRESS =     0.0
 Etot   =    -50826.0191  EKtot   =     21199.5957  EPtot      =    -72025.6148
 BOND   =     12813.9582  ANGLE   =      1067.4361  DIHED      =      1327.2388
 1-4 NB =       439.2704  1-4 EEL =      4619.5175  VDWAALS    =     12710.6699
 EELEC  =   -105003.7057  EHBOND  =         0.0000  RESTRAINT  =         0.0000
 ------------------------------------------------------------------------------


 NSTEP =    27500   TIME(PS) =      44.750  TEMP(K) =   304.84  PRESS =     0.0
 Etot   =    -50828.2915  EKtot   =     20972.6406  EPtot      =    -71800.9321
 BOND   =     12850.6837  ANGLE   =      1068.3441  DIHED      =      1315.0985
 1-4 NB =       452.0752  1-4 EEL =      4605.7415  VDWAALS    =     12689.8113
 EELEC  =   -104782.6864  EHBOND  =         0.0000  RESTRAINT  =         0.0000
 ------------------------------------------------------------------------------

check COM velocity, temp:        0.000004     0.00(Removed)

 NSTEP =    28000   TIME(PS) =      45.000  TEMP(K) =   307.07  PRESS =     0.0
 Etot   =    -50828.2475  EKtot   =     21126.5957  EPtot      =    -71954.8432
 BOND   =     12853.0180  ANGLE   =      1094.0714  DIHED      =      1341.3314
 1-4 NB =       450.9763  1-4 EEL =      4604.6396  VDWAALS    =     12615.1536
 EELEC  =   -104914.0335  EHBOND  =         0.0000  RESTRAINT  =         0.0000
 ------------------------------------------------------------------------------


 NSTEP =    28500   TIME(PS) =      45.250  TEMP(K) =   306.95  PRESS =     0.0
 Etot   =    -50828.6082  EKtot   =     21117.7266  EPtot      =    -71946.3347
 BOND   =     12926.3265  ANGLE   =      1095.2142  DIHED      =      1320.3125
 1-4 NB =       459.4233  1-4 EEL =      4615.0329  VDWAALS    =     12581.2105
 EELEC  =   -104943.8546  EHBOND  =         0.0000  RESTRAINT  =         0.0000
 ------------------------------------------------------------------------------

check COM velocity, temp:        0.000006     0.00(Removed)

 NSTEP =    29000   TIME(PS) =      45.500  TEMP(K) =   307.55  PRESS =     0.0
 Etot   =    -50826.7368  EKtot   =     21159.6230  EPtot      =    -71986.3599
 BOND   =     12885.8666  ANGLE   =      1073.1713  DIHED      =      1315.6169
 1-4 NB =       465.4715  1-4 EEL =      4675.8881  VDWAALS    =     12560.3217
 EELEC  =   -104962.6959  EHBOND  =         0.0000  RESTRAINT  =         0.0000
 ------------------------------------------------------------------------------


 NSTEP =    29500   TIME(PS) =      45.750  TEMP(K) =   307.45  PRESS =     0.0
 Etot   =    -50825.0775  EKtot   =     21152.3887  EPtot      =    -71977.4661
 BOND   =     12911.1356  ANGLE   =      1022.9415  DIHED      =      1326.7403
 1-4 NB =       442.2687  1-4 EEL =      4596.0183  VDWAALS    =     12598.9758
 EELEC  =   -104875.5464  EHBOND  =         0.0000  RESTRAINT  =         0.0000
 ------------------------------------------------------------------------------

check COM velocity, temp:        0.000007     0.00(Removed)

 NSTEP =    30000   TIME(PS) =      46.000  TEMP(K) =   306.16  PRESS =     0.0
 Etot   =    -50824.7577  EKtot   =     21063.9941  EPtot      =    -71888.7518
 BOND   =     13037.0067  ANGLE   =      1066.5338  DIHED      =      1318.1048
 1-4 NB =       449.2822  1-4 EEL =      4600.4797  VDWAALS    =     12814.8026
 EELEC  =   -105174.9617  EHBOND  =         0.0000  RESTRAINT  =         0.0000
 ------------------------------------------------------------------------------


 NSTEP =    30500   TIME(PS) =      46.250  TEMP(K) =   308.46  PRESS =     0.0
 Etot   =    -50830.3291  EKtot   =     21222.0918  EPtot      =    -72052.4209
 BOND   =     12996.5884  ANGLE   =      1080.1275  DIHED      =      1333.6820
 1-4 NB =       457.4484  1-4 EEL =      4602.1711  VDWAALS    =     12683.3233
 EELEC  =   -105205.7615  EHBOND  =         0.0000  RESTRAINT  =         0.0000
 ------------------------------------------------------------------------------

check COM velocity, temp:        0.000005     0.00(Removed)

 NSTEP =    31000   TIME(PS) =      46.500  TEMP(K) =   304.43  PRESS =     0.0
 Etot   =    -50828.3496  EKtot   =     20944.4375  EPtot      =    -71772.7871
 BOND   =     13156.9882  ANGLE   =      1108.8266  DIHED      =      1320.8037
 1-4 NB =       442.3656  1-4 EEL =      4621.8044  VDWAALS    =     12816.9666
 EELEC  =   -105240.5422  EHBOND  =         0.0000  RESTRAINT  =         0.0000
 ------------------------------------------------------------------------------


 NSTEP =    31500   TIME(PS) =      46.750  TEMP(K) =   305.52  PRESS =     0.0
 Etot   =    -50826.4655  EKtot   =     21019.8223  EPtot      =    -71846.2878
 BOND   =     13226.4557  ANGLE   =      1035.6140  DIHED      =      1337.5500
 1-4 NB =       449.6340  1-4 EEL =      4602.8739  VDWAALS    =     12810.0400
 EELEC  =   -105308.4556  EHBOND  =         0.0000  RESTRAINT  =         0.0000
 ------------------------------------------------------------------------------

check COM velocity, temp:        0.000003     0.00(Removed)

 NSTEP =    32000   TIME(PS) =      47.000  TEMP(K) =   305.33  PRESS =     0.0
 Etot   =    -50827.1352  EKtot   =     21006.3301  EPtot      =    -71833.4652
 BOND   =     12964.2400  ANGLE   =      1059.0977  DIHED      =      1336.2148
 1-4 NB =       446.4184  1-4 EEL =      4650.1039  VDWAALS    =     12411.4535
 EELEC  =   -104700.9935  EHBOND  =         0.0000  RESTRAINT  =         0.0000
 ------------------------------------------------------------------------------


 NSTEP =    32500   TIME(PS) =      47.250  TEMP(K) =   305.43  PRESS =     0.0
 Etot   =    -50827.2744  EKtot   =     21013.5137  EPtot      =    -71840.7881
 BOND   =     12953.8320  ANGLE   =      1086.1821  DIHED      =      1333.0832
 1-4 NB =       443.8295  1-4 EEL =      4595.4516  VDWAALS    =     12566.5533
 EELEC  =   -104819.7197  EHBOND  =         0.0000  RESTRAINT  =         0.0000
 ------------------------------------------------------------------------------

check COM velocity, temp:        0.000007     0.00(Removed)

 NSTEP =    33000   TIME(PS) =      47.500  TEMP(K) =   307.68  PRESS =     0.0
 Etot   =    -50830.5383  EKtot   =     21168.1953  EPtot      =    -71998.7336
 BOND   =     12888.8505  ANGLE   =      1077.5107  DIHED      =      1313.8470
 1-4 NB =       451.0506  1-4 EEL =      4601.3037  VDWAALS    =     12646.3120
 EELEC  =   -104977.6080  EHBOND  =         0.0000  RESTRAINT  =         0.0000
 ------------------------------------------------------------------------------


 NSTEP =    33500   TIME(PS) =      47.750  TEMP(K) =   307.83  PRESS =     0.0
 Etot   =    -50833.2195  EKtot   =     21178.2773  EPtot      =    -72011.4968
 BOND   =     12746.2501  ANGLE   =      1070.9056  DIHED      =      1315.1166
 1-4 NB =       449.6960  1-4 EEL =      4638.7765  VDWAALS    =     12501.9380
 EELEC  =   -104734.1797  EHBOND  =         0.0000  RESTRAINT  =         0.0000
 ------------------------------------------------------------------------------

check COM velocity, temp:        0.000001     0.00(Removed)

 NSTEP =    34000   TIME(PS) =      48.000  TEMP(K) =   306.32  PRESS =     0.0
 Etot   =    -50831.4098  EKtot   =     21074.3691  EPtot      =    -71905.7789
 BOND   =     12866.6902  ANGLE   =      1094.8634  DIHED      =      1306.3024
 1-4 NB =       448.6255  1-4 EEL =      4642.7421  VDWAALS    =     12444.5225
 EELEC  =   -104709.5249  EHBOND  =         0.0000  RESTRAINT  =         0.0000
 ------------------------------------------------------------------------------


 NSTEP =    34500   TIME(PS) =      48.250  TEMP(K) =   306.24  PRESS =     0.0
 Etot   =    -50830.4273  EKtot   =     21069.2168  EPtot      =    -71899.6441
 BOND   =     12977.4321  ANGLE   =      1091.5348  DIHED      =      1319.9188
 1-4 NB =       459.7946  1-4 EEL =      4608.1808  VDWAALS    =     12744.3494
 EELEC  =   -105100.8545  EHBOND  =         0.0000  RESTRAINT  =         0.0000
 ------------------------------------------------------------------------------

check COM velocity, temp:        0.000005     0.00(Removed)

 NSTEP =    35000   TIME(PS) =      48.500  TEMP(K) =   305.02  PRESS =     0.0
 Etot   =    -50829.7461  EKtot   =     20984.9668  EPtot      =    -71814.7129
 BOND   =     12963.0453  ANGLE   =      1096.6198  DIHED      =      1321.5165
 1-4 NB =       444.2168  1-4 EEL =      4614.9690  VDWAALS    =     12601.6267
 EELEC  =   -104856.7070  EHBOND  =         0.0000  RESTRAINT  =         0.0000
 ------------------------------------------------------------------------------


 NSTEP =    35500   TIME(PS) =      48.750  TEMP(K) =   304.79  PRESS =     0.0
 Etot   =    -50828.4513  EKtot   =     20969.1113  EPtot      =    -71797.5626
 BOND   =     12865.4018  ANGLE   =      1082.3799  DIHED      =      1348.4611
 1-4 NB =       450.4001  1-4 EEL =      4593.3949  VDWAALS    =     12329.2680
 EELEC  =   -104466.8685  EHBOND  =         0.0000  RESTRAINT  =         0.0000
 ------------------------------------------------------------------------------

check COM velocity, temp:        0.000007     0.00(Removed)

 NSTEP =    36000   TIME(PS) =      49.000  TEMP(K) =   306.42  PRESS =     0.0
 Etot   =    -50828.2909  EKtot   =     21081.2910  EPtot      =    -71909.5819
 BOND   =     12973.3232  ANGLE   =      1072.4421  DIHED      =      1315.7426
 1-4 NB =       459.3474  1-4 EEL =      4630.7240  VDWAALS    =     12536.5885
 EELEC  =   -104897.7497  EHBOND  =         0.0000  RESTRAINT  =         0.0000
 ------------------------------------------------------------------------------


 NSTEP =    36500   TIME(PS) =      49.250  TEMP(K) =   306.25  PRESS =     0.0
 Etot   =    -50830.5576  EKtot   =     21069.5410  EPtot      =    -71900.0986
 BOND   =     12855.9592  ANGLE   =      1085.4116  DIHED      =      1311.0148
 1-4 NB =       455.3678  1-4 EEL =      4638.6451  VDWAALS    =     12783.3759
 EELEC  =   -105029.8729  EHBOND  =         0.0000  RESTRAINT  =         0.0000
 ------------------------------------------------------------------------------

check COM velocity, temp:        0.000007     0.00(Removed)

 NSTEP =    37000   TIME(PS) =      49.500  TEMP(K) =   306.54  PRESS =     0.0
 Etot   =    -50829.1368  EKtot   =     21090.0137  EPtot      =    -71919.1505
 BOND   =     12916.4568  ANGLE   =      1094.4054  DIHED      =      1320.0621
 1-4 NB =       450.3579  1-4 EEL =      4616.9591  VDWAALS    =     12714.1096
 EELEC  =   -105031.5013  EHBOND  =         0.0000  RESTRAINT  =         0.0000
 ------------------------------------------------------------------------------


 NSTEP =    37500   TIME(PS) =      49.750  TEMP(K) =   305.35  PRESS =     0.0
 Etot   =    -50827.5989  EKtot   =     21007.8848  EPtot      =    -71835.4836
 BOND   =     13032.5964  ANGLE   =      1131.6395  DIHED      =      1314.4455
 1-4 NB =       442.9003  1-4 EEL =      4582.2919  VDWAALS    =     12703.2195
 EELEC  =   -105042.5766  EHBOND  =         0.0000  RESTRAINT  =         0.0000
 ------------------------------------------------------------------------------

check COM velocity, temp:        0.000004     0.00(Removed)

 NSTEP =    38000   TIME(PS) =      50.000  TEMP(K) =   307.52  PRESS =     0.0
 Etot   =    -50831.8267  EKtot   =     21157.2539  EPtot      =    -71989.0806
 BOND   =     12743.1281  ANGLE   =      1083.6650  DIHED      =      1347.8553
 1-4 NB =       456.0500  1-4 EEL =      4602.9779  VDWAALS    =     12441.6003
 EELEC  =   -104664.3572  EHBOND  =         0.0000  RESTRAINT  =         0.0000
 ------------------------------------------------------------------------------


 NSTEP =    38500   TIME(PS) =      50.250  TEMP(K) =   306.77  PRESS =     0.0
 Etot   =    -50828.6786  EKtot   =     21105.8047  EPtot      =    -71934.4833
 BOND   =     12717.4769  ANGLE   =      1105.2437  DIHED      =      1323.4726
 1-4 NB =       445.6977  1-4 EEL =      4632.1912  VDWAALS    =     12764.3329
 EELEC  =   -104922.8984  EHBOND  =         0.0000  RESTRAINT  =         0.0000
 ------------------------------------------------------------------------------

check COM velocity, temp:        0.000003     0.00(Removed)

 NSTEP =    39000   TIME(PS) =      50.500  TEMP(K) =   307.20  PRESS =     0.0
 Etot   =    -50829.2376  EKtot   =     21134.9531  EPtot      =    -71964.1907
 BOND   =     12754.7654  ANGLE   =      1110.4035  DIHED      =      1314.7699
 1-4 NB =       440.3198  1-4 EEL =      4570.5553  VDWAALS    =     12559.7671
 EELEC  =   -104714.7717  EHBOND  =         0.0000  RESTRAINT  =         0.0000
 ------------------------------------------------------------------------------


 NSTEP =    39500   TIME(PS) =      50.750  TEMP(K) =   308.80  PRESS =     0.0
 Etot   =    -50833.5728  EKtot   =     21245.0469  EPtot      =    -72078.6196
 BOND   =     12725.2307  ANGLE   =      1065.9063  DIHED      =      1322.2083
 1-4 NB =       447.3784  1-4 EEL =      4607.4029  VDWAALS    =     12690.1946
 EELEC  =   -104936.9408  EHBOND  =         0.0000  RESTRAINT  =         0.0000
 ------------------------------------------------------------------------------

check COM velocity, temp:        0.000006     0.00(Removed)

 NSTEP =    40000   TIME(PS) =      51.000  TEMP(K) =   306.69  PRESS =     0.0
 Etot   =    -50830.6993  EKtot   =     21100.4180  EPtot      =    -71931.1173
 BOND   =     12808.4673  ANGLE   =      1060.5942  DIHED      =      1344.1447
 1-4 NB =       451.0937  1-4 EEL =      4646.0676  VDWAALS    =     12703.4967
 EELEC  =   -104944.9815  EHBOND  =         0.0000  RESTRAINT  =         0.0000
 ------------------------------------------------------------------------------


      A V E R A G E S   O V E R      80 S T E P S


 NSTEP =    40000   TIME(PS) =      51.000  TEMP(K) =   306.84  PRESS =     0.0
 Etot   =    -50828.9594  EKtot   =     21110.5454  EPtot      =    -71939.5048
 BOND   =     12930.6939  ANGLE   =      1109.0459  DIHED      =      1335.2606
 1-4 NB =       449.6845  1-4 EEL =      4616.4789  VDWAALS    =     12651.3116
 EELEC  =   -105031.9803  EHBOND  =         0.0000  RESTRAINT  =         0.0000
 ------------------------------------------------------------------------------


      R M S  F L U C T U A T I O N S


 NSTEP =    40000   TIME(PS) =      51.000  TEMP(K) =     1.28  PRESS =     0.0
 Etot   =         2.4082  EKtot   =        88.3906  EPtot      =        89.5966
 BOND   =       128.2148  ANGLE   =        40.6183  DIHED      =        15.6735
 1-4 NB =         9.3127  1-4 EEL =        27.2551  VDWAALS    =       124.2946
 EELEC  =       218.6100  EHBOND  =         0.0000  RESTRAINT  =         0.0000
|E(PBS) =         0.7412
 ------------------------------------------------------------------------------

--------------------------------------------------------------------------------
   5.  TIMINGS
--------------------------------------------------------------------------------

|  NonSetup CPU Time in Major Routines:
|
|     Routine           Sec        %
|     ------------------------------
|     Nonbond           8.34   12.57
|     Bond              0.00    0.00
|     Angle             0.00    0.00
|     Dihedral          0.00    0.00
|     Shake             0.00    0.00
|     RunMD            57.92   87.34
|     Other             0.06    0.09
|     ------------------------------
|     Total            66.32

|  PME Nonbond Pairlist CPU Time:
|
|     Routine              Sec        %
|     ---------------------------------
|     Set Up Cit           0.00    0.00
|     Build List           0.00    0.00
|     ---------------------------------
|     Total                0.00    0.00

|  PME Direct Force CPU Time:
|
|     Routine              Sec        %
|     ---------------------------------
|     NonBonded Calc       0.00    0.00
|     Exclude Masked       0.00    0.00
|     Other                0.02    0.04
|     ---------------------------------
|     Total                0.02    0.04

|  PME Reciprocal Force CPU Time:
|
|     Routine              Sec        %
|     ---------------------------------
|     1D bspline           0.00    0.00
|     Grid Charges         0.00    0.00
|     Scalar Sum           0.00    0.00
|     Gradient Sum         0.00    0.00
|     FFT                  0.00    0.00
|     ---------------------------------
|     Total                0.00    0.00

|  Final Performance Info:
|     -----------------------------------------------------
|     Average timings for last    4000 steps:
|     Elapsed(s) =       6.65 Per Step(ms) =       1.66
|         ns/day =      25.98   seconds/ns =    3325.56
|
|     Average timings for all steps:
|     Elapsed(s) =      67.62 Per Step(ms) =       1.69
|         ns/day =      25.55   seconds/ns =    3381.12
|     -----------------------------------------------------

|  Setup CPU time:            2.55 seconds
|  NonSetup CPU time:        66.32 seconds
|  Total CPU time:           68.86 seconds     0.02 hours

|  Setup wall time:           3    seconds
|  NonSetup wall time:       67    seconds
|  Total wall time:          70    seconds     0.02 hours
