
          -------------------------------------------------------
          Amber 16 PMEMD                              2016
          -------------------------------------------------------

| PMEMD implementation of SANDER, Release 16

| Run on 08/25/2017 at 15:15:55

|   Executable path: /apps/amber16/bin/pmemd.cuda
| Working directory: /scratch/pbarletta/pdz/run/lb/neq/data/larga_4
|          Hostname: mordor

  [-O]verwriting output

File Assignments:
|   MDIN: pdt.in                                                                
|  MDOUT: T132pplb_4.out                                                        
| INPCRD: /scratch/pbarletta/pdz/run/lb/neq/data/corta_4/T132plb_4.rst7         
|   PARM: /scratch/pbarletta/pdz/top_files/lb.prmtop                            
| RESTRT: T132pplb_4.rst7                                                       
|   REFC: refc                                                                  
|  MDVEL: mdvel                                                                 
|   MDEN: mden                                                                  
|  MDCRD: T132pplb_4.nc                                                         
| MDINFO: mdinfo                                                                
|  MDFRC: mdfrc                                                                 


 Here is the input file:

!NVE run                                                                       
&cntrl                                                                         
imin = 0,                           ! No Minimization                          
nmropt = 0,                         ! No NMR restraints read                   
                                                                               
! Nature and format of the input                                               
ntx = 5,                            ! Coordinates will be read, assign new velo
irest = 1,                          ! Do not run a new simulation              
                                                                               
! Nature and format of the output                                              
ioutfm = 1,			    ! NetCDF format for output files                             
ntxo = 1,                           ! rstrt file in ASCII format               
ntpr = 500,                         ! inf in output every ntpr steps           
ntwr = 500,                         ! rstrt file every ntwr steps              
ntwx = 100,                         ! mdcrd file every ntwx steps              
ntwv = -1,                          ! mdvel without velocities                 
ntwe = 0,                           ! Energies and temperatures not written in 
idecomp = 0,                        ! No energy decomposition                  
iwrap = 1,                          ! Coordinates of the restart and mdcrd file
                                                                               
! Frozen or restrained atoms                                                   
ibelly = 0,                         ! No frozen atoms                          
ntr=0,                              ! Harmonic potential restraints            
                                                                               
! Molecular dynamics                                                           
nstlim = 40000,                      ! Number of MD-steps                      
dt = 0.0005,                        ! Time step                                
                                                                               
! Temperature regulation                                                       
ntt = 0,                            ! Constant total energy                    
                                                                               
! P and V regulation                                                           
ntp = 0,                            ! No P control                             
ntb = 1,                            ! constant V                               
                                                                               
! SHAKE variables                                                              
ntc = 1,                            ! Bonds involving H are constrained        
ntf = 1,                            ! Bond interaction involving H are ommited.
                                                                               
cut = 9.0,                          ! Nonbonded cutoff                         
/                                                                              
&end                                                                           


Note: ig = -1. Setting random seed to   725829 based on wallclock time in 
      microseconds.
| irandom = 1, using AMBER's internal random number generator (default).
 
|--------------------- INFORMATION ----------------------
| GPU (CUDA) Version of PMEMD in use: NVIDIA GPU IN USE.
|                    Version 16.0.0
| 
|                      02/25/2016
| 
| Implementation by:
|                    Ross C. Walker     (SDSC)
|                    Scott Le Grand     (nVIDIA)
| 
| Precision model in use:
|      [SPFP] - Single Precision Forces, 64-bit Fixed Point
|               Accumulation. (Default)
| 
|--------------------------------------------------------
 
|----------------- CITATION INFORMATION -----------------
|
|    When publishing work that utilized the CUDA version
|    of AMBER, please cite the following in addition to
|    the regular AMBER citations:
|
|  - Romelia Salomon-Ferrer; Andreas W. Goetz; Duncan
|    Poole; Scott Le Grand; Ross C. Walker "Routine
|    microsecond molecular dynamics simulations with
|    AMBER - Part II: Particle Mesh Ewald", J. Chem.
|    Theory Comput., 2013, 9 (9), pp3878-3888,
|    DOI: 10.1021/ct400314y.
|
|  - Andreas W. Goetz; Mark J. Williamson; Dong Xu;
|    Duncan Poole; Scott Le Grand; Ross C. Walker
|    "Routine microsecond molecular dynamics simulations
|    with AMBER - Part I: Generalized Born", J. Chem.
|    Theory Comput., 2012, 8 (5), pp1542-1555.
|
|  - Scott Le Grand; Andreas W. Goetz; Ross C. Walker
|    "SPFP: Speed without compromise - a mixed precision
|    model for GPU accelerated molecular dynamics
|    simulations.", Comp. Phys. Comm., 2013, 184
|    pp374-380, DOI: 10.1016/j.cpc.2012.09.022
|
|--------------------------------------------------------
 
|------------------- GPU DEVICE INFO --------------------
|
|            CUDA_VISIBLE_DEVICES: 0
|   CUDA Capable Devices Detected:      1
|           CUDA Device ID in use:      0
|                CUDA Device Name: GeForce GTX TITAN
|     CUDA Device Global Mem Size:   6082 MB
| CUDA Device Num Multiprocessors:     14
|           CUDA Device Core Freq:   0.93 GHz
|
|--------------------------------------------------------
 
 
| Conditional Compilation Defines Used:
| PUBFFT
| BINTRAJ
| CUDA
| EMIL

| Largest sphere to fit in unit cell has radius =    26.281

| New format PARM file being parsed.
| Version =    1.000 Date = 09/04/12 Time = 16:08:43

| Note: 1-4 EEL scale factors are being read from the topology file.

| Note: 1-4 VDW scale factors are being read from the topology file.
| Duplicated    0 dihedrals

| Duplicated    0 dihedrals

--------------------------------------------------------------------------------
   1.  RESOURCE   USE: 
--------------------------------------------------------------------------------

 getting new box info from bottom of inpcrd
 NATOM  =   23082 NTYPES =      16 NBONH =   22055 MBONA  =    1038
 NTHETH =    2390 MTHETA =    1396 NPHIH =    4631 MPHIA  =    3488
 NHPARM =       0 NPARM  =       0 NNB   =   39434 NRES   =    7134
 NBONA  =    1038 NTHETA =    1396 NPHIA =    3488 NUMBND =      41
 NUMANG =      86 NPTRA  =      41 NATYP =      28 NPHB   =       1
 IFBOX  =       1 NMXRS  =      24 IFCAP =       0 NEXTRA =       0
 NCOPY  =       0

| Coordinate Index Table dimensions:    12   14   10
| Direct force subcell size =     5.0212    5.2012    5.2562

     BOX TYPE: RECTILINEAR

--------------------------------------------------------------------------------
   2.  CONTROL  DATA  FOR  THE  RUN
--------------------------------------------------------------------------------

default_name                                                                    

General flags:
     imin    =       0, nmropt  =       0

Nature and format of input:
     ntx     =       5, irest   =       1, ntrx    =       1

Nature and format of output:
     ntxo    =       1, ntpr    =     500, ntrx    =       1, ntwr    =     500
     iwrap   =       1, ntwx    =     100, ntwv    =      -1, ntwe    =       0
     ioutfm  =       1, ntwprt  =       0, idecomp =       0, rbornstat=      0

Potential function:
     ntf     =       1, ntb     =       1, igb     =       0, nsnb    =      25
     ipol    =       0, gbsa    =       0, iesp    =       0
     dielc   =   1.00000, cut     =   9.00000, intdiel =   1.00000

Frozen or restrained atoms:
     ibelly  =       0, ntr     =       0

Molecular dynamics:
     nstlim  =     40000, nscm    =      1000, nrespa  =         1
     t       =   0.00000, dt      =   0.00050, vlimit  =  -1.00000

| Intermolecular bonds treatment:
|     no_intermolecular_bonds =       1

| Energy averages sample interval:
|     ene_avg_sampling =     500

Ewald parameters:
     verbose =       0, ew_type =       0, nbflag  =       1, use_pme =       1
     vdwmeth =       1, eedmeth =       1, netfrc  =       1
     Box X =   60.254   Box Y =   72.816   Box Z =   52.562
     Alpha =   90.000   Beta  =   90.000   Gamma =   90.000
     NFFT1 =   64       NFFT2 =   80       NFFT3 =   56
     Cutoff=    9.000   Tol   =0.100E-04
     Ewald Coefficient =  0.30768
     Interpolation order =    4

--------------------------------------------------------------------------------
   3.  ATOMIC COORDINATES AND VELOCITIES
--------------------------------------------------------------------------------

default_name                                                                    
 begin time read from input coords =    31.000 ps

 
 Number of triangulated 3-point waters found:     7002

     Sum of charges from parm topology file =  -0.00000008
     Forcing neutrality...

| Dynamic Memory, Types Used:
| Reals              710578
| Integers           737140

| Nonbonded Pairs Initial Allocation:     5262696

| GPU memory information (estimate):
| KB of GPU memory in use:     63171
| KB of CPU memory in use:     27891

--------------------------------------------------------------------------------
   4.  RESULTS
--------------------------------------------------------------------------------

 ---------------------------------------------------
 APPROXIMATING switch and d/dx switch using CUBIC SPLINE INTERPOLATION
 using   5000.0 points per unit in tabled values
 TESTING RELATIVE ERROR over r ranging from 0.0 to cutoff
| CHECK switch(x): max rel err =   0.2738E-14   at   2.422500
| CHECK d/dx switch(x): max rel err =   0.8314E-11   at   2.736960
 ---------------------------------------------------
|---------------------------------------------------
| APPROXIMATING direct energy using CUBIC SPLINE INTERPOLATION
|  with   50.0 points per unit in tabled values
| Relative Error Limit not exceeded for r .gt.   2.39
| APPROXIMATING direct force using CUBIC SPLINE INTERPOLATION
|  with   50.0 points per unit in tabled values
| Relative Error Limit not exceeded for r .gt.   2.84
|---------------------------------------------------

 NSTEP =      500   TIME(PS) =      31.250  TEMP(K) =   305.69  PRESS =     0.0
 Etot   =    -51448.9551  EKtot   =     21031.0742  EPtot      =    -72480.0293
 BOND   =     12969.1723  ANGLE   =      1175.3743  DIHED      =      1323.5505
 1-4 NB =       454.8253  1-4 EEL =      4626.2942  VDWAALS    =     12687.6032
 EELEC  =   -105716.8491  EHBOND  =         0.0000  RESTRAINT  =         0.0000
 ------------------------------------------------------------------------------

check COM velocity, temp:        0.000005     0.00(Removed)

 NSTEP =     1000   TIME(PS) =      31.500  TEMP(K) =   305.35  PRESS =     0.0
 Etot   =    -51447.7232  EKtot   =     21008.2031  EPtot      =    -72455.9263
 BOND   =     12948.2998  ANGLE   =      1218.8998  DIHED      =      1344.4874
 1-4 NB =       458.4392  1-4 EEL =      4632.2825  VDWAALS    =     12655.4540
 EELEC  =   -105713.7890  EHBOND  =         0.0000  RESTRAINT  =         0.0000
 ------------------------------------------------------------------------------


 NSTEP =     1500   TIME(PS) =      31.750  TEMP(K) =   305.00  PRESS =     0.0
 Etot   =    -51445.7370  EKtot   =     20983.6836  EPtot      =    -72429.4206
 BOND   =     12898.4982  ANGLE   =      1195.6489  DIHED      =      1330.3393
 1-4 NB =       450.6688  1-4 EEL =      4614.7032  VDWAALS    =     12739.9901
 EELEC  =   -105659.2691  EHBOND  =         0.0000  RESTRAINT  =         0.0000
 ------------------------------------------------------------------------------

check COM velocity, temp:        0.000005     0.00(Removed)

 NSTEP =     2000   TIME(PS) =      32.000  TEMP(K) =   304.07  PRESS =     0.0
 Etot   =    -51448.7958  EKtot   =     20919.9453  EPtot      =    -72368.7411
 BOND   =     12798.8346  ANGLE   =      1189.2128  DIHED      =      1353.5445
 1-4 NB =       452.7522  1-4 EEL =      4649.8340  VDWAALS    =     12615.6613
 EELEC  =   -105428.5805  EHBOND  =         0.0000  RESTRAINT  =         0.0000
 ------------------------------------------------------------------------------


 NSTEP =     2500   TIME(PS) =      32.250  TEMP(K) =   304.23  PRESS =     0.0
 Etot   =    -51445.5204  EKtot   =     20931.0586  EPtot      =    -72376.5789
 BOND   =     12742.1956  ANGLE   =      1175.3004  DIHED      =      1329.5658
 1-4 NB =       454.6308  1-4 EEL =      4646.1822  VDWAALS    =     12915.8453
 EELEC  =   -105640.2990  EHBOND  =         0.0000  RESTRAINT  =         0.0000
 ------------------------------------------------------------------------------

check COM velocity, temp:        0.000002     0.00(Removed)

 NSTEP =     3000   TIME(PS) =      32.500  TEMP(K) =   303.80  PRESS =     0.0
 Etot   =    -51445.0856  EKtot   =     20901.0977  EPtot      =    -72346.1833
 BOND   =     12920.2546  ANGLE   =      1122.8728  DIHED      =      1338.8578
 1-4 NB =       445.3961  1-4 EEL =      4654.9621  VDWAALS    =     12753.3818
 EELEC  =   -105581.9085  EHBOND  =         0.0000  RESTRAINT  =         0.0000
 ------------------------------------------------------------------------------


 NSTEP =     3500   TIME(PS) =      32.750  TEMP(K) =   302.06  PRESS =     0.0
 Etot   =    -51446.7640  EKtot   =     20781.3145  EPtot      =    -72228.0785
 BOND   =     12813.8888  ANGLE   =      1189.3144  DIHED      =      1353.8089
 1-4 NB =       457.6213  1-4 EEL =      4623.5718  VDWAALS    =     12394.0499
 EELEC  =   -105060.3335  EHBOND  =         0.0000  RESTRAINT  =         0.0000
 ------------------------------------------------------------------------------

check COM velocity, temp:        0.000003     0.00(Removed)

 NSTEP =     4000   TIME(PS) =      33.000  TEMP(K) =   303.59  PRESS =     0.0
 Etot   =    -51449.9281  EKtot   =     20886.6465  EPtot      =    -72336.5745
 BOND   =     12741.0093  ANGLE   =      1176.8300  DIHED      =      1326.0506
 1-4 NB =       451.6844  1-4 EEL =      4621.7231  VDWAALS    =     12528.3888
 EELEC  =   -105182.2607  EHBOND  =         0.0000  RESTRAINT  =         0.0000
 ------------------------------------------------------------------------------


 NSTEP =     4500   TIME(PS) =      33.250  TEMP(K) =   303.11  PRESS =     0.0
 Etot   =    -51448.0779  EKtot   =     20853.5703  EPtot      =    -72301.6483
 BOND   =     12956.7326  ANGLE   =      1184.4027  DIHED      =      1339.6354
 1-4 NB =       436.5610  1-4 EEL =      4578.2991  VDWAALS    =     12541.3094
 EELEC  =   -105338.5885  EHBOND  =         0.0000  RESTRAINT  =         0.0000
 ------------------------------------------------------------------------------

check COM velocity, temp:        0.000002     0.00(Removed)

 NSTEP =     5000   TIME(PS) =      33.500  TEMP(K) =   303.68  PRESS =     0.0
 Etot   =    -51448.8003  EKtot   =     20893.1836  EPtot      =    -72341.9839
 BOND   =     12930.1398  ANGLE   =      1228.3896  DIHED      =      1333.3485
 1-4 NB =       459.2664  1-4 EEL =      4632.8889  VDWAALS    =     12875.9904
 EELEC  =   -105802.0075  EHBOND  =         0.0000  RESTRAINT  =         0.0000
 ------------------------------------------------------------------------------


 NSTEP =     5500   TIME(PS) =      33.750  TEMP(K) =   305.38  PRESS =     0.0
 Etot   =    -51445.6784  EKtot   =     21009.7090  EPtot      =    -72455.3874
 BOND   =     12898.9703  ANGLE   =      1165.2603  DIHED      =      1335.8604
 1-4 NB =       452.3270  1-4 EEL =      4630.8496  VDWAALS    =     12715.9439
 EELEC  =   -105654.5988  EHBOND  =         0.0000  RESTRAINT  =         0.0000
 ------------------------------------------------------------------------------

check COM velocity, temp:        0.000002     0.00(Removed)

 NSTEP =     6000   TIME(PS) =      34.000  TEMP(K) =   303.97  PRESS =     0.0
 Etot   =    -51444.6821  EKtot   =     20913.2520  EPtot      =    -72357.9340
 BOND   =     12877.7822  ANGLE   =      1176.6730  DIHED      =      1327.8473
 1-4 NB =       426.7906  1-4 EEL =      4618.1946  VDWAALS    =     12851.0324
 EELEC  =   -105636.2541  EHBOND  =         0.0000  RESTRAINT  =         0.0000
 ------------------------------------------------------------------------------


 NSTEP =     6500   TIME(PS) =      34.250  TEMP(K) =   302.42  PRESS =     0.0
 Etot   =    -51446.2791  EKtot   =     20806.3496  EPtot      =    -72252.6287
 BOND   =     12905.7154  ANGLE   =      1135.3519  DIHED      =      1337.9808
 1-4 NB =       467.0736  1-4 EEL =      4599.9521  VDWAALS    =     12500.6515
 EELEC  =   -105199.3540  EHBOND  =         0.0000  RESTRAINT  =         0.0000
 ------------------------------------------------------------------------------

check COM velocity, temp:        0.000006     0.00(Removed)

 NSTEP =     7000   TIME(PS) =      34.500  TEMP(K) =   304.58  PRESS =     0.0
 Etot   =    -51443.0231  EKtot   =     20955.0391  EPtot      =    -72398.0622
 BOND   =     12902.6161  ANGLE   =      1126.0218  DIHED      =      1313.0871
 1-4 NB =       441.1593  1-4 EEL =      4631.7771  VDWAALS    =     12714.2925
 EELEC  =   -105527.0162  EHBOND  =         0.0000  RESTRAINT  =         0.0000
 ------------------------------------------------------------------------------


 NSTEP =     7500   TIME(PS) =      34.750  TEMP(K) =   304.42  PRESS =     0.0
 Etot   =    -51444.8632  EKtot   =     20943.8594  EPtot      =    -72388.7226
 BOND   =     12815.1346  ANGLE   =      1130.9633  DIHED      =      1324.3947
 1-4 NB =       462.7959  1-4 EEL =      4656.7627  VDWAALS    =     12677.5248
 EELEC  =   -105456.2987  EHBOND  =         0.0000  RESTRAINT  =         0.0000
 ------------------------------------------------------------------------------

check COM velocity, temp:        0.000011     0.00(Removed)

 NSTEP =     8000   TIME(PS) =      35.000  TEMP(K) =   303.48  PRESS =     0.0
 Etot   =    -51442.3897  EKtot   =     20879.1602  EPtot      =    -72321.5498
 BOND   =     12924.4729  ANGLE   =      1135.9277  DIHED      =      1349.0813
 1-4 NB =       449.4346  1-4 EEL =      4646.1994  VDWAALS    =     12699.4242
 EELEC  =   -105526.0899  EHBOND  =         0.0000  RESTRAINT  =         0.0000
 ------------------------------------------------------------------------------


 NSTEP =     8500   TIME(PS) =      35.250  TEMP(K) =   304.46  PRESS =     0.0
 Etot   =    -51442.5462  EKtot   =     20946.6621  EPtot      =    -72389.2083
 BOND   =     13072.1369  ANGLE   =      1102.3083  DIHED      =      1360.1216
 1-4 NB =       444.7971  1-4 EEL =      4610.5403  VDWAALS    =     13146.7403
 EELEC  =   -106125.8528  EHBOND  =         0.0000  RESTRAINT  =         0.0000
 ------------------------------------------------------------------------------

check COM velocity, temp:        0.000003     0.00(Removed)

 NSTEP =     9000   TIME(PS) =      35.500  TEMP(K) =   304.45  PRESS =     0.0
 Etot   =    -51444.3790  EKtot   =     20946.3672  EPtot      =    -72390.7462
 BOND   =     12810.8855  ANGLE   =      1098.3773  DIHED      =      1321.4551
 1-4 NB =       459.0235  1-4 EEL =      4633.0148  VDWAALS    =     12773.5672
 EELEC  =   -105487.0695  EHBOND  =         0.0000  RESTRAINT  =         0.0000
 ------------------------------------------------------------------------------


 NSTEP =     9500   TIME(PS) =      35.750  TEMP(K) =   304.17  PRESS =     0.0
 Etot   =    -51444.7048  EKtot   =     20926.5781  EPtot      =    -72371.2829
 BOND   =     12805.6884  ANGLE   =      1152.0352  DIHED      =      1330.6442
 1-4 NB =       464.8441  1-4 EEL =      4597.9049  VDWAALS    =     12610.1199
 EELEC  =   -105332.5195  EHBOND  =         0.0000  RESTRAINT  =         0.0000
 ------------------------------------------------------------------------------

check COM velocity, temp:        0.000005     0.00(Removed)

 NSTEP =    10000   TIME(PS) =      36.000  TEMP(K) =   304.57  PRESS =     0.0
 Etot   =    -51445.0647  EKtot   =     20954.0273  EPtot      =    -72399.0921
 BOND   =     12763.0162  ANGLE   =      1137.9795  DIHED      =      1318.6164
 1-4 NB =       438.5329  1-4 EEL =      4581.2980  VDWAALS    =     12699.8413
 EELEC  =   -105338.3764  EHBOND  =         0.0000  RESTRAINT  =         0.0000
 ------------------------------------------------------------------------------


 NSTEP =    10500   TIME(PS) =      36.250  TEMP(K) =   300.23  PRESS =     0.0
 Etot   =    -51442.6276  EKtot   =     20655.6309  EPtot      =    -72098.2585
 BOND   =     12984.9639  ANGLE   =      1068.8978  DIHED      =      1335.1071
 1-4 NB =       450.5421  1-4 EEL =      4616.6646  VDWAALS    =     12660.6620
 EELEC  =   -105215.0961  EHBOND  =         0.0000  RESTRAINT  =         0.0000
 ------------------------------------------------------------------------------

check COM velocity, temp:        0.000002     0.00(Removed)

 NSTEP =    11000   TIME(PS) =      36.500  TEMP(K) =   300.83  PRESS =     0.0
 Etot   =    -51442.9207  EKtot   =     20696.6562  EPtot      =    -72139.5770
 BOND   =     12917.9516  ANGLE   =      1073.5027  DIHED      =      1333.3261
 1-4 NB =       444.0896  1-4 EEL =      4607.0731  VDWAALS    =     12527.0551
 EELEC  =   -105042.5753  EHBOND  =         0.0000  RESTRAINT  =         0.0000
 ------------------------------------------------------------------------------


 NSTEP =    11500   TIME(PS) =      36.750  TEMP(K) =   303.77  PRESS =     0.0
 Etot   =    -51449.6684  EKtot   =     20899.3789  EPtot      =    -72349.0473
 BOND   =     12848.9382  ANGLE   =      1098.3741  DIHED      =      1348.7046
 1-4 NB =       444.3743  1-4 EEL =      4580.1878  VDWAALS    =     12588.8589
 EELEC  =   -105258.4852  EHBOND  =         0.0000  RESTRAINT  =         0.0000
 ------------------------------------------------------------------------------

check COM velocity, temp:        0.000006     0.00(Removed)

 NSTEP =    12000   TIME(PS) =      37.000  TEMP(K) =   303.90  PRESS =     0.0
 Etot   =    -51446.4502  EKtot   =     20907.9160  EPtot      =    -72354.3662
 BOND   =     12850.8757  ANGLE   =      1103.8887  DIHED      =      1329.7925
 1-4 NB =       449.8270  1-4 EEL =      4600.4480  VDWAALS    =     12771.3054
 EELEC  =   -105460.5034  EHBOND  =         0.0000  RESTRAINT  =         0.0000
 ------------------------------------------------------------------------------


 NSTEP =    12500   TIME(PS) =      37.250  TEMP(K) =   302.45  PRESS =     0.0
 Etot   =    -51446.3151  EKtot   =     20808.2031  EPtot      =    -72254.5182
 BOND   =     12821.8897  ANGLE   =      1093.6718  DIHED      =      1350.1276
 1-4 NB =       465.7989  1-4 EEL =      4644.9974  VDWAALS    =     12790.2897
 EELEC  =   -105421.2934  EHBOND  =         0.0000  RESTRAINT  =         0.0000
 ------------------------------------------------------------------------------

check COM velocity, temp:        0.000005     0.00(Removed)

 NSTEP =    13000   TIME(PS) =      37.500  TEMP(K) =   302.60  PRESS =     0.0
 Etot   =    -51444.9442  EKtot   =     20818.6621  EPtot      =    -72263.6063
 BOND   =     12964.1147  ANGLE   =      1110.1210  DIHED      =      1326.7453
 1-4 NB =       444.5644  1-4 EEL =      4646.2922  VDWAALS    =     12937.9914
 EELEC  =   -105693.4353  EHBOND  =         0.0000  RESTRAINT  =         0.0000
 ------------------------------------------------------------------------------


 NSTEP =    13500   TIME(PS) =      37.750  TEMP(K) =   301.65  PRESS =     0.0
 Etot   =    -51444.5532  EKtot   =     20753.1133  EPtot      =    -72197.6665
 BOND   =     13018.6659  ANGLE   =      1089.6052  DIHED      =      1323.7219
 1-4 NB =       434.8092  1-4 EEL =      4613.0418  VDWAALS    =     12677.1529
 EELEC  =   -105354.6633  EHBOND  =         0.0000  RESTRAINT  =         0.0000
 ------------------------------------------------------------------------------

check COM velocity, temp:        0.000008     0.00(Removed)

 NSTEP =    14000   TIME(PS) =      38.000  TEMP(K) =   301.57  PRESS =     0.0
 Etot   =    -51447.5230  EKtot   =     20748.0605  EPtot      =    -72195.5835
 BOND   =     12810.3579  ANGLE   =      1077.8503  DIHED      =      1340.8731
 1-4 NB =       448.6420  1-4 EEL =      4629.7713  VDWAALS    =     12465.3210
 EELEC  =   -104968.3992  EHBOND  =         0.0000  RESTRAINT  =         0.0000
 ------------------------------------------------------------------------------


 NSTEP =    14500   TIME(PS) =      38.250  TEMP(K) =   302.66  PRESS =     0.0
 Etot   =    -51446.5739  EKtot   =     20822.9688  EPtot      =    -72269.5426
 BOND   =     12815.5401  ANGLE   =      1093.8077  DIHED      =      1342.4508
 1-4 NB =       449.0503  1-4 EEL =      4613.0688  VDWAALS    =     12914.6163
 EELEC  =   -105498.0766  EHBOND  =         0.0000  RESTRAINT  =         0.0000
 ------------------------------------------------------------------------------

check COM velocity, temp:        0.000008     0.00(Removed)

 NSTEP =    15000   TIME(PS) =      38.500  TEMP(K) =   303.68  PRESS =     0.0
 Etot   =    -51446.0096  EKtot   =     20893.2285  EPtot      =    -72339.2381
 BOND   =     12894.5714  ANGLE   =      1079.8430  DIHED      =      1337.0606
 1-4 NB =       453.4006  1-4 EEL =      4643.1173  VDWAALS    =     12836.2379
 EELEC  =   -105583.4689  EHBOND  =         0.0000  RESTRAINT  =         0.0000
 ------------------------------------------------------------------------------


 NSTEP =    15500   TIME(PS) =      38.750  TEMP(K) =   303.28  PRESS =     0.0
 Etot   =    -51448.0569  EKtot   =     20865.7441  EPtot      =    -72313.8011
 BOND   =     12730.3833  ANGLE   =      1099.1990  DIHED      =      1341.4098
 1-4 NB =       448.1195  1-4 EEL =      4622.1621  VDWAALS    =     12577.7238
 EELEC  =   -105132.7985  EHBOND  =         0.0000  RESTRAINT  =         0.0000
 ------------------------------------------------------------------------------

check COM velocity, temp:        0.000001     0.00(Removed)

 NSTEP =    16000   TIME(PS) =      39.000  TEMP(K) =   304.52  PRESS =     0.0
 Etot   =    -51445.3764  EKtot   =     20950.7344  EPtot      =    -72396.1107
 BOND   =     12833.9675  ANGLE   =      1069.7713  DIHED      =      1327.2019
 1-4 NB =       446.3255  1-4 EEL =      4621.4348  VDWAALS    =     12738.7593
 EELEC  =   -105433.5711  EHBOND  =         0.0000  RESTRAINT  =         0.0000
 ------------------------------------------------------------------------------


 NSTEP =    16500   TIME(PS) =      39.250  TEMP(K) =   304.13  PRESS =     0.0
 Etot   =    -51445.4316  EKtot   =     20924.0820  EPtot      =    -72369.5137
 BOND   =     12850.9177  ANGLE   =      1143.1121  DIHED      =      1324.1772
 1-4 NB =       444.7304  1-4 EEL =      4560.5524  VDWAALS    =     12670.6995
 EELEC  =   -105363.7028  EHBOND  =         0.0000  RESTRAINT  =         0.0000
 ------------------------------------------------------------------------------

check COM velocity, temp:        0.000006     0.00(Removed)

 NSTEP =    17000   TIME(PS) =      39.500  TEMP(K) =   303.23  PRESS =     0.0
 Etot   =    -51448.3829  EKtot   =     20861.8379  EPtot      =    -72310.2208
 BOND   =     12740.0458  ANGLE   =      1108.9462  DIHED      =      1332.9289
 1-4 NB =       451.2527  1-4 EEL =      4626.7634  VDWAALS    =     12714.1307
 EELEC  =   -105284.2885  EHBOND  =         0.0000  RESTRAINT  =         0.0000
 ------------------------------------------------------------------------------


 NSTEP =    17500   TIME(PS) =      39.750  TEMP(K) =   302.86  PRESS =     0.0
 Etot   =    -51445.8958  EKtot   =     20836.4121  EPtot      =    -72282.3079
 BOND   =     12880.9570  ANGLE   =      1054.7942  DIHED      =      1327.5649
 1-4 NB =       451.1790  1-4 EEL =      4634.5974  VDWAALS    =     12752.3630
 EELEC  =   -105383.7633  EHBOND  =         0.0000  RESTRAINT  =         0.0000
 ------------------------------------------------------------------------------

check COM velocity, temp:        0.000007     0.00(Removed)

 NSTEP =    18000   TIME(PS) =      40.000  TEMP(K) =   304.26  PRESS =     0.0
 Etot   =    -51445.9353  EKtot   =     20933.0645  EPtot      =    -72378.9998
 BOND   =     12888.4566  ANGLE   =      1063.3268  DIHED      =      1313.4122
 1-4 NB =       450.2310  1-4 EEL =      4640.9972  VDWAALS    =     12681.5622
 EELEC  =   -105416.9857  EHBOND  =         0.0000  RESTRAINT  =         0.0000
 ------------------------------------------------------------------------------


 NSTEP =    18500   TIME(PS) =      40.250  TEMP(K) =   304.07  PRESS =     0.0
 Etot   =    -51447.9555  EKtot   =     20919.9668  EPtot      =    -72367.9223
 BOND   =     12868.7624  ANGLE   =      1045.9045  DIHED      =      1308.8768
 1-4 NB =       454.4856  1-4 EEL =      4613.5379  VDWAALS    =     12846.6336
 EELEC  =   -105506.1231  EHBOND  =         0.0000  RESTRAINT  =         0.0000
 ------------------------------------------------------------------------------

check COM velocity, temp:        0.000003     0.00(Removed)

 NSTEP =    19000   TIME(PS) =      40.500  TEMP(K) =   301.84  PRESS =     0.0
 Etot   =    -51448.6113  EKtot   =     20766.3906  EPtot      =    -72215.0019
 BOND   =     12696.1944  ANGLE   =      1108.1946  DIHED      =      1340.2256
 1-4 NB =       428.3766  1-4 EEL =      4613.8296  VDWAALS    =     12708.3108
 EELEC  =   -105110.1335  EHBOND  =         0.0000  RESTRAINT  =         0.0000
 ------------------------------------------------------------------------------


 NSTEP =    19500   TIME(PS) =      40.750  TEMP(K) =   301.48  PRESS =     0.0
 Etot   =    -51446.6649  EKtot   =     20741.8633  EPtot      =    -72188.5282
 BOND   =     12790.3915  ANGLE   =      1091.6788  DIHED      =      1319.6660
 1-4 NB =       449.2654  1-4 EEL =      4623.9061  VDWAALS    =     12714.7341
 EELEC  =   -105178.1700  EHBOND  =         0.0000  RESTRAINT  =         0.0000
 ------------------------------------------------------------------------------

check COM velocity, temp:        0.000008     0.00(Removed)

 NSTEP =    20000   TIME(PS) =      41.000  TEMP(K) =   303.22  PRESS =     0.0
 Etot   =    -51447.4653  EKtot   =     20861.6289  EPtot      =    -72309.0942
 BOND   =     12777.8930  ANGLE   =      1098.5306  DIHED      =      1348.7486
 1-4 NB =       441.7240  1-4 EEL =      4635.8721  VDWAALS    =     12707.0392
 EELEC  =   -105318.9016  EHBOND  =         0.0000  RESTRAINT  =         0.0000
 ------------------------------------------------------------------------------


 NSTEP =    20500   TIME(PS) =      41.250  TEMP(K) =   304.14  PRESS =     0.0
 Etot   =    -51445.8066  EKtot   =     20924.4961  EPtot      =    -72370.3027
 BOND   =     12973.0521  ANGLE   =      1087.0297  DIHED      =      1322.6737
 1-4 NB =       449.3740  1-4 EEL =      4655.7292  VDWAALS    =     12722.2236
 EELEC  =   -105580.3848  EHBOND  =         0.0000  RESTRAINT  =         0.0000
 ------------------------------------------------------------------------------

check COM velocity, temp:        0.000005     0.00(Removed)

 NSTEP =    21000   TIME(PS) =      41.500  TEMP(K) =   302.36  PRESS =     0.0
 Etot   =    -51443.6467  EKtot   =     20802.3379  EPtot      =    -72245.9846
 BOND   =     12823.1612  ANGLE   =      1107.0890  DIHED      =      1339.9969
 1-4 NB =       447.6908  1-4 EEL =      4607.7099  VDWAALS    =     12548.7795
 EELEC  =   -105120.4119  EHBOND  =         0.0000  RESTRAINT  =         0.0000
 ------------------------------------------------------------------------------


 NSTEP =    21500   TIME(PS) =      41.750  TEMP(K) =   301.53  PRESS =     0.0
 Etot   =    -51443.9282  EKtot   =     20745.4414  EPtot      =    -72189.3696
 BOND   =     13031.8627  ANGLE   =      1064.8181  DIHED      =      1350.0215
 1-4 NB =       435.3442  1-4 EEL =      4624.3709  VDWAALS    =     12813.7342
 EELEC  =   -105509.5212  EHBOND  =         0.0000  RESTRAINT  =         0.0000
 ------------------------------------------------------------------------------

check COM velocity, temp:        0.000006     0.00(Removed)

 NSTEP =    22000   TIME(PS) =      42.000  TEMP(K) =   300.29  PRESS =     0.0
 Etot   =    -51445.9742  EKtot   =     20659.8379  EPtot      =    -72105.8121
 BOND   =     12932.5392  ANGLE   =      1066.5333  DIHED      =      1319.7083
 1-4 NB =       431.9922  1-4 EEL =      4574.8791  VDWAALS    =     12546.1128
 EELEC  =   -104977.5770  EHBOND  =         0.0000  RESTRAINT  =         0.0000
 ------------------------------------------------------------------------------


 NSTEP =    22500   TIME(PS) =      42.250  TEMP(K) =   301.76  PRESS =     0.0
 Etot   =    -51444.7718  EKtot   =     20761.1191  EPtot      =    -72205.8909
 BOND   =     12871.7500  ANGLE   =      1098.4401  DIHED      =      1311.4066
 1-4 NB =       450.4937  1-4 EEL =      4627.1617  VDWAALS    =     12835.8814
 EELEC  =   -105401.0246  EHBOND  =         0.0000  RESTRAINT  =         0.0000
 ------------------------------------------------------------------------------

check COM velocity, temp:        0.000004     0.00(Removed)

 NSTEP =    23000   TIME(PS) =      42.500  TEMP(K) =   302.50  PRESS =     0.0
 Etot   =    -51444.9979  EKtot   =     20811.9238  EPtot      =    -72256.9217
 BOND   =     12895.4461  ANGLE   =      1071.1643  DIHED      =      1323.1189
 1-4 NB =       455.2755  1-4 EEL =      4596.7992  VDWAALS    =     12623.5944
 EELEC  =   -105222.3201  EHBOND  =         0.0000  RESTRAINT  =         0.0000
 ------------------------------------------------------------------------------


 NSTEP =    23500   TIME(PS) =      42.750  TEMP(K) =   301.59  PRESS =     0.0
 Etot   =    -51443.0518  EKtot   =     20748.9688  EPtot      =    -72192.0205
 BOND   =     12862.9895  ANGLE   =      1135.3402  DIHED      =      1317.7722
 1-4 NB =       443.3250  1-4 EEL =      4634.7900  VDWAALS    =     12720.3679
 EELEC  =   -105306.6053  EHBOND  =         0.0000  RESTRAINT  =         0.0000
 ------------------------------------------------------------------------------

check COM velocity, temp:        0.000001     0.00(Removed)

 NSTEP =    24000   TIME(PS) =      43.000  TEMP(K) =   301.93  PRESS =     0.0
 Etot   =    -51444.8046  EKtot   =     20772.7637  EPtot      =    -72217.5683
 BOND   =     12840.5986  ANGLE   =      1075.8605  DIHED      =      1290.7783
 1-4 NB =       449.2838  1-4 EEL =      4673.8336  VDWAALS    =     12701.6715
 EELEC  =   -105249.5946  EHBOND  =         0.0000  RESTRAINT  =         0.0000
 ------------------------------------------------------------------------------


 NSTEP =    24500   TIME(PS) =      43.250  TEMP(K) =   303.15  PRESS =     0.0
 Etot   =    -51446.4184  EKtot   =     20856.8145  EPtot      =    -72303.2329
 BOND   =     12681.7804  ANGLE   =      1082.2368  DIHED      =      1310.8776
 1-4 NB =       429.0522  1-4 EEL =      4619.5141  VDWAALS    =     12710.6610
 EELEC  =   -105137.3550  EHBOND  =         0.0000  RESTRAINT  =         0.0000
 ------------------------------------------------------------------------------

check COM velocity, temp:        0.000006     0.00(Removed)

 NSTEP =    25000   TIME(PS) =      43.500  TEMP(K) =   303.85  PRESS =     0.0
 Etot   =    -51445.4026  EKtot   =     20904.7559  EPtot      =    -72350.1585
 BOND   =     12705.6956  ANGLE   =      1074.9396  DIHED      =      1335.9200
 1-4 NB =       446.8629  1-4 EEL =      4640.2867  VDWAALS    =     12286.6686
 EELEC  =   -104840.5319  EHBOND  =         0.0000  RESTRAINT  =         0.0000
 ------------------------------------------------------------------------------


 NSTEP =    25500   TIME(PS) =      43.750  TEMP(K) =   302.03  PRESS =     0.0
 Etot   =    -51448.1020  EKtot   =     20779.2441  EPtot      =    -72227.3461
 BOND   =     12646.5368  ANGLE   =      1110.2186  DIHED      =      1317.7960
 1-4 NB =       460.0220  1-4 EEL =      4615.5200  VDWAALS    =     12509.6500
 EELEC  =   -104887.0895  EHBOND  =         0.0000  RESTRAINT  =         0.0000
 ------------------------------------------------------------------------------

check COM velocity, temp:        0.000004     0.00(Removed)

 NSTEP =    26000   TIME(PS) =      44.000  TEMP(K) =   304.37  PRESS =     0.0
 Etot   =    -51449.6561  EKtot   =     20940.6738  EPtot      =    -72390.3299
 BOND   =     12737.5838  ANGLE   =      1074.7476  DIHED      =      1340.5769
 1-4 NB =       451.9742  1-4 EEL =      4602.2496  VDWAALS    =     12628.3228
 EELEC  =   -105225.7846  EHBOND  =         0.0000  RESTRAINT  =         0.0000
 ------------------------------------------------------------------------------


 NSTEP =    26500   TIME(PS) =      44.250  TEMP(K) =   304.45  PRESS =     0.0
 Etot   =    -51448.5706  EKtot   =     20946.0996  EPtot      =    -72394.6702
 BOND   =     12765.4095  ANGLE   =      1040.8046  DIHED      =      1339.4265
 1-4 NB =       448.0506  1-4 EEL =      4682.7968  VDWAALS    =     12797.1791
 EELEC  =   -105468.3374  EHBOND  =         0.0000  RESTRAINT  =         0.0000
 ------------------------------------------------------------------------------

check COM velocity, temp:        0.000006     0.00(Removed)

 NSTEP =    27000   TIME(PS) =      44.500  TEMP(K) =   303.93  PRESS =     0.0
 Etot   =    -51446.5793  EKtot   =     20909.9902  EPtot      =    -72356.5696
 BOND   =     12831.9441  ANGLE   =      1098.5659  DIHED      =      1337.2132
 1-4 NB =       437.8738  1-4 EEL =      4585.8035  VDWAALS    =     12767.6876
 EELEC  =   -105415.6577  EHBOND  =         0.0000  RESTRAINT  =         0.0000
 ------------------------------------------------------------------------------


 NSTEP =    27500   TIME(PS) =      44.750  TEMP(K) =   302.68  PRESS =     0.0
 Etot   =    -51445.8493  EKtot   =     20823.9707  EPtot      =    -72269.8200
 BOND   =     12839.5976  ANGLE   =      1064.6443  DIHED      =      1338.2059
 1-4 NB =       454.7915  1-4 EEL =      4669.1289  VDWAALS    =     12383.0557
 EELEC  =   -105019.2439  EHBOND  =         0.0000  RESTRAINT  =         0.0000
 ------------------------------------------------------------------------------

check COM velocity, temp:        0.000004     0.00(Removed)

 NSTEP =    28000   TIME(PS) =      45.000  TEMP(K) =   304.32  PRESS =     0.0
 Etot   =    -51447.8371  EKtot   =     20936.7793  EPtot      =    -72384.6164
 BOND   =     12656.3110  ANGLE   =      1039.8358  DIHED      =      1321.4341
 1-4 NB =       459.4442  1-4 EEL =      4660.8007  VDWAALS    =     12570.1313
 EELEC  =   -105092.5736  EHBOND  =         0.0000  RESTRAINT  =         0.0000
 ------------------------------------------------------------------------------


 NSTEP =    28500   TIME(PS) =      45.250  TEMP(K) =   301.48  PRESS =     0.0
 Etot   =    -51450.0702  EKtot   =     20742.0234  EPtot      =    -72192.0937
 BOND   =     12711.7421  ANGLE   =      1054.9163  DIHED      =      1319.6547
 1-4 NB =       451.1385  1-4 EEL =      4626.1201  VDWAALS    =     12443.9643
 EELEC  =   -104799.6297  EHBOND  =         0.0000  RESTRAINT  =         0.0000
 ------------------------------------------------------------------------------

check COM velocity, temp:        0.000004     0.00(Removed)

 NSTEP =    29000   TIME(PS) =      45.500  TEMP(K) =   303.65  PRESS =     0.0
 Etot   =    -51446.5942  EKtot   =     20891.3066  EPtot      =    -72337.9008
 BOND   =     12941.0418  ANGLE   =      1090.3438  DIHED      =      1342.6167
 1-4 NB =       450.1607  1-4 EEL =      4614.7972  VDWAALS    =     12600.9749
 EELEC  =   -105377.8360  EHBOND  =         0.0000  RESTRAINT  =         0.0000
 ------------------------------------------------------------------------------


 NSTEP =    29500   TIME(PS) =      45.750  TEMP(K) =   304.88  PRESS =     0.0
 Etot   =    -51446.2612  EKtot   =     20975.7070  EPtot      =    -72421.9683
 BOND   =     12828.4334  ANGLE   =      1045.7806  DIHED      =      1305.5954
 1-4 NB =       441.2671  1-4 EEL =      4634.6457  VDWAALS    =     12630.6356
 EELEC  =   -105308.3261  EHBOND  =         0.0000  RESTRAINT  =         0.0000
 ------------------------------------------------------------------------------

check COM velocity, temp:        0.000008     0.00(Removed)

 NSTEP =    30000   TIME(PS) =      46.000  TEMP(K) =   302.87  PRESS =     0.0
 Etot   =    -51445.6667  EKtot   =     20837.2090  EPtot      =    -72282.8756
 BOND   =     12964.9338  ANGLE   =      1029.4695  DIHED      =      1321.6032
 1-4 NB =       435.8235  1-4 EEL =      4648.0523  VDWAALS    =     12768.6173
 EELEC  =   -105451.3752  EHBOND  =         0.0000  RESTRAINT  =         0.0000
 ------------------------------------------------------------------------------


 NSTEP =    30500   TIME(PS) =      46.250  TEMP(K) =   303.19  PRESS =     0.0
 Etot   =    -51445.1722  EKtot   =     20859.2676  EPtot      =    -72304.4397
 BOND   =     12881.6698  ANGLE   =      1068.4361  DIHED      =      1300.4734
 1-4 NB =       453.7714  1-4 EEL =      4607.9047  VDWAALS    =     12633.8981
 EELEC  =   -105250.5932  EHBOND  =         0.0000  RESTRAINT  =         0.0000
 ------------------------------------------------------------------------------

check COM velocity, temp:        0.000009     0.00(Removed)

 NSTEP =    31000   TIME(PS) =      46.500  TEMP(K) =   303.56  PRESS =     0.0
 Etot   =    -51447.7077  EKtot   =     20884.5938  EPtot      =    -72332.3014
 BOND   =     12684.4303  ANGLE   =      1105.3581  DIHED      =      1317.6044
 1-4 NB =       441.7270  1-4 EEL =      4604.0770  VDWAALS    =     12779.6661
 EELEC  =   -105265.1643  EHBOND  =         0.0000  RESTRAINT  =         0.0000
 ------------------------------------------------------------------------------


 NSTEP =    31500   TIME(PS) =      46.750  TEMP(K) =   302.63  PRESS =     0.0
 Etot   =    -51445.6461  EKtot   =     20820.5898  EPtot      =    -72266.2359
 BOND   =     12822.5139  ANGLE   =      1063.4035  DIHED      =      1331.7263
 1-4 NB =       446.3493  1-4 EEL =      4619.5081  VDWAALS    =     12827.6435
 EELEC  =   -105377.3804  EHBOND  =         0.0000  RESTRAINT  =         0.0000
 ------------------------------------------------------------------------------

check COM velocity, temp:        0.000007     0.00(Removed)

 NSTEP =    32000   TIME(PS) =      47.000  TEMP(K) =   304.32  PRESS =     0.0
 Etot   =    -51449.8828  EKtot   =     20937.3535  EPtot      =    -72387.2363
 BOND   =     12787.4548  ANGLE   =      1102.3205  DIHED      =      1336.1455
 1-4 NB =       444.2951  1-4 EEL =      4597.6526  VDWAALS    =     12364.0023
 EELEC  =   -105019.1071  EHBOND  =         0.0000  RESTRAINT  =         0.0000
 ------------------------------------------------------------------------------


 NSTEP =    32500   TIME(PS) =      47.250  TEMP(K) =   302.70  PRESS =     0.0
 Etot   =    -51446.9341  EKtot   =     20825.7930  EPtot      =    -72272.7271
 BOND   =     12744.1865  ANGLE   =      1095.9066  DIHED      =      1320.6233
 1-4 NB =       449.0202  1-4 EEL =      4614.5738  VDWAALS    =     12766.8985
 EELEC  =   -105263.9359  EHBOND  =         0.0000  RESTRAINT  =         0.0000
 ------------------------------------------------------------------------------

check COM velocity, temp:        0.000004     0.00(Removed)

 NSTEP =    33000   TIME(PS) =      47.500  TEMP(K) =   302.80  PRESS =     0.0
 Etot   =    -51445.6087  EKtot   =     20832.4941  EPtot      =    -72278.1029
 BOND   =     12645.4771  ANGLE   =      1096.1447  DIHED      =      1335.0955
 1-4 NB =       442.5805  1-4 EEL =      4625.6407  VDWAALS    =     12559.3079
 EELEC  =   -104982.3492  EHBOND  =         0.0000  RESTRAINT  =         0.0000
 ------------------------------------------------------------------------------


 NSTEP =    33500   TIME(PS) =      47.750  TEMP(K) =   303.79  PRESS =     0.0
 Etot   =    -51445.7230  EKtot   =     20900.3027  EPtot      =    -72346.0257
 BOND   =     12813.2311  ANGLE   =      1052.5572  DIHED      =      1322.5212
 1-4 NB =       434.6953  1-4 EEL =      4596.8098  VDWAALS    =     12604.4004
 EELEC  =   -105170.2407  EHBOND  =         0.0000  RESTRAINT  =         0.0000
 ------------------------------------------------------------------------------

check COM velocity, temp:        0.000010     0.00(Removed)

 NSTEP =    34000   TIME(PS) =      48.000  TEMP(K) =   303.58  PRESS =     0.0
 Etot   =    -51448.9623  EKtot   =     20885.9570  EPtot      =    -72334.9193
 BOND   =     12660.1203  ANGLE   =      1068.7546  DIHED      =      1323.0495
 1-4 NB =       440.2560  1-4 EEL =      4636.3501  VDWAALS    =     12476.8528
 EELEC  =   -104940.3026  EHBOND  =         0.0000  RESTRAINT  =         0.0000
 ------------------------------------------------------------------------------


 NSTEP =    34500   TIME(PS) =      48.250  TEMP(K) =   302.30  PRESS =     0.0
 Etot   =    -51448.3554  EKtot   =     20797.7695  EPtot      =    -72246.1249
 BOND   =     12724.6828  ANGLE   =      1104.1661  DIHED      =      1305.7703
 1-4 NB =       425.2088  1-4 EEL =      4610.2788  VDWAALS    =     12616.0712
 EELEC  =   -105032.3031  EHBOND  =         0.0000  RESTRAINT  =         0.0000
 ------------------------------------------------------------------------------

check COM velocity, temp:        0.000003     0.00(Removed)

 NSTEP =    35000   TIME(PS) =      48.500  TEMP(K) =   303.21  PRESS =     0.0
 Etot   =    -51446.1138  EKtot   =     20860.9922  EPtot      =    -72307.1060
 BOND   =     12752.6193  ANGLE   =      1079.5083  DIHED      =      1329.0398
 1-4 NB =       454.5306  1-4 EEL =      4657.5352  VDWAALS    =     12635.7311
 EELEC  =   -105216.0703  EHBOND  =         0.0000  RESTRAINT  =         0.0000
 ------------------------------------------------------------------------------


 NSTEP =    35500   TIME(PS) =      48.750  TEMP(K) =   302.54  PRESS =     0.0
 Etot   =    -51441.5821  EKtot   =     20814.8398  EPtot      =    -72256.4220
 BOND   =     12915.7968  ANGLE   =      1073.9342  DIHED      =      1316.2491
 1-4 NB =       439.2133  1-4 EEL =      4661.8860  VDWAALS    =     12813.5534
 EELEC  =   -105477.0548  EHBOND  =         0.0000  RESTRAINT  =         0.0000
 ------------------------------------------------------------------------------

check COM velocity, temp:        0.000004     0.00(Removed)

 NSTEP =    36000   TIME(PS) =      49.000  TEMP(K) =   301.29  PRESS =     0.0
 Etot   =    -51444.3679  EKtot   =     20728.7500  EPtot      =    -72173.1179
 BOND   =     12773.9375  ANGLE   =      1086.9804  DIHED      =      1334.8484
 1-4 NB =       443.6787  1-4 EEL =      4596.2309  VDWAALS    =     12715.0411
 EELEC  =   -105123.8349  EHBOND  =         0.0000  RESTRAINT  =         0.0000
 ------------------------------------------------------------------------------


 NSTEP =    36500   TIME(PS) =      49.250  TEMP(K) =   302.51  PRESS =     0.0
 Etot   =    -51444.7998  EKtot   =     20812.7129  EPtot      =    -72257.5127
 BOND   =     12872.7139  ANGLE   =      1027.8033  DIHED      =      1319.4429
 1-4 NB =       445.5238  1-4 EEL =      4591.1290  VDWAALS    =     12752.6316
 EELEC  =   -105266.7572  EHBOND  =         0.0000  RESTRAINT  =         0.0000
 ------------------------------------------------------------------------------

check COM velocity, temp:        0.000008     0.00(Removed)

 NSTEP =    37000   TIME(PS) =      49.500  TEMP(K) =   302.75  PRESS =     0.0
 Etot   =    -51446.3690  EKtot   =     20829.3691  EPtot      =    -72275.7381
 BOND   =     12825.1224  ANGLE   =      1067.5807  DIHED      =      1290.1053
 1-4 NB =       448.4647  1-4 EEL =      4632.2065  VDWAALS    =     12976.0654
 EELEC  =   -105515.2831  EHBOND  =         0.0000  RESTRAINT  =         0.0000
 ------------------------------------------------------------------------------


 NSTEP =    37500   TIME(PS) =      49.750  TEMP(K) =   304.84  PRESS =     0.0
 Etot   =    -51446.5308  EKtot   =     20972.5391  EPtot      =    -72419.0699
 BOND   =     12790.8551  ANGLE   =      1063.4045  DIHED      =      1321.0438
 1-4 NB =       447.2769  1-4 EEL =      4625.6347  VDWAALS    =     12768.7786
 EELEC  =   -105436.0634  EHBOND  =         0.0000  RESTRAINT  =         0.0000
 ------------------------------------------------------------------------------

check COM velocity, temp:        0.000010     0.00(Removed)

 NSTEP =    38000   TIME(PS) =      50.000  TEMP(K) =   304.01  PRESS =     0.0
 Etot   =    -51444.8707  EKtot   =     20915.8281  EPtot      =    -72360.6989
 BOND   =     12871.5111  ANGLE   =      1088.1533  DIHED      =      1316.6071
 1-4 NB =       439.1398  1-4 EEL =      4591.4046  VDWAALS    =     12660.1444
 EELEC  =   -105327.6590  EHBOND  =         0.0000  RESTRAINT  =         0.0000
 ------------------------------------------------------------------------------


 NSTEP =    38500   TIME(PS) =      50.250  TEMP(K) =   303.62  PRESS =     0.0
 Etot   =    -51447.3577  EKtot   =     20889.1133  EPtot      =    -72336.4709
 BOND   =     12930.9420  ANGLE   =      1032.5271  DIHED      =      1336.9810
 1-4 NB =       439.3242  1-4 EEL =      4592.0211  VDWAALS    =     12712.0845
 EELEC  =   -105380.3509  EHBOND  =         0.0000  RESTRAINT  =         0.0000
 ------------------------------------------------------------------------------

check COM velocity, temp:        0.000005     0.00(Removed)

 NSTEP =    39000   TIME(PS) =      50.500  TEMP(K) =   304.01  PRESS =     0.0
 Etot   =    -51449.2171  EKtot   =     20916.0293  EPtot      =    -72365.2464
 BOND   =     12772.4774  ANGLE   =      1081.2607  DIHED      =      1331.5083
 1-4 NB =       439.2373  1-4 EEL =      4615.6535  VDWAALS    =     12888.0952
 EELEC  =   -105493.4788  EHBOND  =         0.0000  RESTRAINT  =         0.0000
 ------------------------------------------------------------------------------


 NSTEP =    39500   TIME(PS) =      50.750  TEMP(K) =   305.99  PRESS =     0.0
 Etot   =    -51447.7594  EKtot   =     21052.3008  EPtot      =    -72500.0602
 BOND   =     12863.4418  ANGLE   =      1050.1235  DIHED      =      1312.6877
 1-4 NB =       439.7479  1-4 EEL =      4617.2467  VDWAALS    =     12691.9257
 EELEC  =   -105475.2334  EHBOND  =         0.0000  RESTRAINT  =         0.0000
 ------------------------------------------------------------------------------

check COM velocity, temp:        0.000005     0.00(Removed)

 NSTEP =    40000   TIME(PS) =      51.000  TEMP(K) =   304.36  PRESS =     0.0
 Etot   =    -51449.0853  EKtot   =     20939.8535  EPtot      =    -72388.9388
 BOND   =     12710.8740  ANGLE   =      1053.3467  DIHED      =      1304.8455
 1-4 NB =       462.0598  1-4 EEL =      4663.2956  VDWAALS    =     12849.3337
 EELEC  =   -105432.6941  EHBOND  =         0.0000  RESTRAINT  =         0.0000
 ------------------------------------------------------------------------------


      A V E R A G E S   O V E R      80 S T E P S


 NSTEP =    40000   TIME(PS) =      51.000  TEMP(K) =   303.31  PRESS =     0.0
 Etot   =    -51446.2799  EKtot   =     20867.3030  EPtot      =    -72313.5829
 BOND   =     12835.8469  ANGLE   =      1099.5577  DIHED      =      1328.2145
 1-4 NB =       447.3094  1-4 EEL =      4622.8447  VDWAALS    =     12688.5037
 EELEC  =   -105335.8598  EHBOND  =         0.0000  RESTRAINT  =         0.0000
 ------------------------------------------------------------------------------


      R M S  F L U C T U A T I O N S


 NSTEP =    40000   TIME(PS) =      51.000  TEMP(K) =     1.21  PRESS =     0.0
 Etot   =         1.9421  EKtot   =        83.4120  EPtot      =        83.9141
 BOND   =        94.3507  ANGLE   =        44.8347  DIHED      =        13.9169
 1-4 NB =         8.8551  1-4 EEL =        24.0591  VDWAALS    =       145.1589
 EELEC  =       235.6373  EHBOND  =         0.0000  RESTRAINT  =         0.0000
|E(PBS) =         0.7533
 ------------------------------------------------------------------------------

--------------------------------------------------------------------------------
   5.  TIMINGS
--------------------------------------------------------------------------------

|  NonSetup CPU Time in Major Routines:
|
|     Routine           Sec        %
|     ------------------------------
|     Nonbond           7.97   12.09
|     Bond              0.00    0.00
|     Angle             0.00    0.00
|     Dihedral          0.00    0.00
|     Shake             0.00    0.00
|     RunMD            57.87   87.79
|     Other             0.08    0.13
|     ------------------------------
|     Total            65.92

|  PME Nonbond Pairlist CPU Time:
|
|     Routine              Sec        %
|     ---------------------------------
|     Set Up Cit           0.00    0.00
|     Build List           0.00    0.00
|     ---------------------------------
|     Total                0.00    0.00

|  PME Direct Force CPU Time:
|
|     Routine              Sec        %
|     ---------------------------------
|     NonBonded Calc       0.00    0.00
|     Exclude Masked       0.00    0.00
|     Other                0.04    0.05
|     ---------------------------------
|     Total                0.04    0.05

|  PME Reciprocal Force CPU Time:
|
|     Routine              Sec        %
|     ---------------------------------
|     1D bspline           0.00    0.00
|     Grid Charges         0.00    0.00
|     Scalar Sum           0.00    0.00
|     Gradient Sum         0.00    0.00
|     FFT                  0.00    0.00
|     ---------------------------------
|     Total                0.00    0.00

|  Final Performance Info:
|     -----------------------------------------------------
|     Average timings for last    3500 steps:
|     Elapsed(s) =       5.83 Per Step(ms) =       1.66
|         ns/day =      25.95   seconds/ns =    3329.39
|
|     Average timings for all steps:
|     Elapsed(s) =      66.39 Per Step(ms) =       1.66
|         ns/day =      26.03   seconds/ns =    3319.60
|     -----------------------------------------------------

|  Setup CPU time:            2.61 seconds
|  NonSetup CPU time:        65.92 seconds
|  Total CPU time:           68.53 seconds     0.02 hours

|  Setup wall time:           3    seconds
|  NonSetup wall time:       66    seconds
|  Total wall time:          69    seconds     0.02 hours
