
          -------------------------------------------------------
          Amber 16 PMEMD                              2016
          -------------------------------------------------------

| PMEMD implementation of SANDER, Release 16

| Run on 08/25/2017 at 15:44:08

|   Executable path: /apps/amber16/bin/pmemd.cuda
| Working directory: /scratch/pbarletta/pdz/run/lb/neq/data/larga_4
|          Hostname: mordor

  [-O]verwriting output

File Assignments:
|   MDIN: pdt.in                                                                
|  MDOUT: T156pplb_4.out                                                        
| INPCRD: /scratch/pbarletta/pdz/run/lb/neq/data/corta_4/T156plb_4.rst7         
|   PARM: /scratch/pbarletta/pdz/top_files/lb.prmtop                            
| RESTRT: T156pplb_4.rst7                                                       
|   REFC: refc                                                                  
|  MDVEL: mdvel                                                                 
|   MDEN: mden                                                                  
|  MDCRD: T156pplb_4.nc                                                         
| MDINFO: mdinfo                                                                
|  MDFRC: mdfrc                                                                 


 Here is the input file:

!NVE run                                                                       
&cntrl                                                                         
imin = 0,                           ! No Minimization                          
nmropt = 0,                         ! No NMR restraints read                   
                                                                               
! Nature and format of the input                                               
ntx = 5,                            ! Coordinates will be read, assign new velo
irest = 1,                          ! Do not run a new simulation              
                                                                               
! Nature and format of the output                                              
ioutfm = 1,			    ! NetCDF format for output files                             
ntxo = 1,                           ! rstrt file in ASCII format               
ntpr = 500,                         ! inf in output every ntpr steps           
ntwr = 500,                         ! rstrt file every ntwr steps              
ntwx = 100,                         ! mdcrd file every ntwx steps              
ntwv = -1,                          ! mdvel without velocities                 
ntwe = 0,                           ! Energies and temperatures not written in 
idecomp = 0,                        ! No energy decomposition                  
iwrap = 1,                          ! Coordinates of the restart and mdcrd file
                                                                               
! Frozen or restrained atoms                                                   
ibelly = 0,                         ! No frozen atoms                          
ntr=0,                              ! Harmonic potential restraints            
                                                                               
! Molecular dynamics                                                           
nstlim = 40000,                      ! Number of MD-steps                      
dt = 0.0005,                        ! Time step                                
                                                                               
! Temperature regulation                                                       
ntt = 0,                            ! Constant total energy                    
                                                                               
! P and V regulation                                                           
ntp = 0,                            ! No P control                             
ntb = 1,                            ! constant V                               
                                                                               
! SHAKE variables                                                              
ntc = 1,                            ! Bonds involving H are constrained        
ntf = 1,                            ! Bond interaction involving H are ommited.
                                                                               
cut = 9.0,                          ! Nonbonded cutoff                         
/                                                                              
&end                                                                           


Note: ig = -1. Setting random seed to   224090 based on wallclock time in 
      microseconds.
| irandom = 1, using AMBER's internal random number generator (default).
 
|--------------------- INFORMATION ----------------------
| GPU (CUDA) Version of PMEMD in use: NVIDIA GPU IN USE.
|                    Version 16.0.0
| 
|                      02/25/2016
| 
| Implementation by:
|                    Ross C. Walker     (SDSC)
|                    Scott Le Grand     (nVIDIA)
| 
| Precision model in use:
|      [SPFP] - Single Precision Forces, 64-bit Fixed Point
|               Accumulation. (Default)
| 
|--------------------------------------------------------
 
|----------------- CITATION INFORMATION -----------------
|
|    When publishing work that utilized the CUDA version
|    of AMBER, please cite the following in addition to
|    the regular AMBER citations:
|
|  - Romelia Salomon-Ferrer; Andreas W. Goetz; Duncan
|    Poole; Scott Le Grand; Ross C. Walker "Routine
|    microsecond molecular dynamics simulations with
|    AMBER - Part II: Particle Mesh Ewald", J. Chem.
|    Theory Comput., 2013, 9 (9), pp3878-3888,
|    DOI: 10.1021/ct400314y.
|
|  - Andreas W. Goetz; Mark J. Williamson; Dong Xu;
|    Duncan Poole; Scott Le Grand; Ross C. Walker
|    "Routine microsecond molecular dynamics simulations
|    with AMBER - Part I: Generalized Born", J. Chem.
|    Theory Comput., 2012, 8 (5), pp1542-1555.
|
|  - Scott Le Grand; Andreas W. Goetz; Ross C. Walker
|    "SPFP: Speed without compromise - a mixed precision
|    model for GPU accelerated molecular dynamics
|    simulations.", Comp. Phys. Comm., 2013, 184
|    pp374-380, DOI: 10.1016/j.cpc.2012.09.022
|
|--------------------------------------------------------
 
|------------------- GPU DEVICE INFO --------------------
|
|            CUDA_VISIBLE_DEVICES: 0
|   CUDA Capable Devices Detected:      1
|           CUDA Device ID in use:      0
|                CUDA Device Name: GeForce GTX TITAN
|     CUDA Device Global Mem Size:   6082 MB
| CUDA Device Num Multiprocessors:     14
|           CUDA Device Core Freq:   0.93 GHz
|
|--------------------------------------------------------
 
 
| Conditional Compilation Defines Used:
| PUBFFT
| BINTRAJ
| CUDA
| EMIL

| Largest sphere to fit in unit cell has radius =    26.281

| New format PARM file being parsed.
| Version =    1.000 Date = 09/04/12 Time = 16:08:43

| Note: 1-4 EEL scale factors are being read from the topology file.

| Note: 1-4 VDW scale factors are being read from the topology file.
| Duplicated    0 dihedrals

| Duplicated    0 dihedrals

--------------------------------------------------------------------------------
   1.  RESOURCE   USE: 
--------------------------------------------------------------------------------

 getting new box info from bottom of inpcrd
 NATOM  =   23082 NTYPES =      16 NBONH =   22055 MBONA  =    1038
 NTHETH =    2390 MTHETA =    1396 NPHIH =    4631 MPHIA  =    3488
 NHPARM =       0 NPARM  =       0 NNB   =   39434 NRES   =    7134
 NBONA  =    1038 NTHETA =    1396 NPHIA =    3488 NUMBND =      41
 NUMANG =      86 NPTRA  =      41 NATYP =      28 NPHB   =       1
 IFBOX  =       1 NMXRS  =      24 IFCAP =       0 NEXTRA =       0
 NCOPY  =       0

| Coordinate Index Table dimensions:    12   14   10
| Direct force subcell size =     5.0212    5.2012    5.2562

     BOX TYPE: RECTILINEAR

--------------------------------------------------------------------------------
   2.  CONTROL  DATA  FOR  THE  RUN
--------------------------------------------------------------------------------

default_name                                                                    

General flags:
     imin    =       0, nmropt  =       0

Nature and format of input:
     ntx     =       5, irest   =       1, ntrx    =       1

Nature and format of output:
     ntxo    =       1, ntpr    =     500, ntrx    =       1, ntwr    =     500
     iwrap   =       1, ntwx    =     100, ntwv    =      -1, ntwe    =       0
     ioutfm  =       1, ntwprt  =       0, idecomp =       0, rbornstat=      0

Potential function:
     ntf     =       1, ntb     =       1, igb     =       0, nsnb    =      25
     ipol    =       0, gbsa    =       0, iesp    =       0
     dielc   =   1.00000, cut     =   9.00000, intdiel =   1.00000

Frozen or restrained atoms:
     ibelly  =       0, ntr     =       0

Molecular dynamics:
     nstlim  =     40000, nscm    =      1000, nrespa  =         1
     t       =   0.00000, dt      =   0.00050, vlimit  =  -1.00000

| Intermolecular bonds treatment:
|     no_intermolecular_bonds =       1

| Energy averages sample interval:
|     ene_avg_sampling =     500

Ewald parameters:
     verbose =       0, ew_type =       0, nbflag  =       1, use_pme =       1
     vdwmeth =       1, eedmeth =       1, netfrc  =       1
     Box X =   60.254   Box Y =   72.816   Box Z =   52.562
     Alpha =   90.000   Beta  =   90.000   Gamma =   90.000
     NFFT1 =   64       NFFT2 =   80       NFFT3 =   56
     Cutoff=    9.000   Tol   =0.100E-04
     Ewald Coefficient =  0.30768
     Interpolation order =    4

--------------------------------------------------------------------------------
   3.  ATOMIC COORDINATES AND VELOCITIES
--------------------------------------------------------------------------------

default_name                                                                    
 begin time read from input coords =    31.000 ps

 
 Number of triangulated 3-point waters found:     7002

     Sum of charges from parm topology file =  -0.00000008
     Forcing neutrality...

| Dynamic Memory, Types Used:
| Reals              710578
| Integers           737140

| Nonbonded Pairs Initial Allocation:     5262696

| GPU memory information (estimate):
| KB of GPU memory in use:     63171
| KB of CPU memory in use:     27891

--------------------------------------------------------------------------------
   4.  RESULTS
--------------------------------------------------------------------------------

 ---------------------------------------------------
 APPROXIMATING switch and d/dx switch using CUBIC SPLINE INTERPOLATION
 using   5000.0 points per unit in tabled values
 TESTING RELATIVE ERROR over r ranging from 0.0 to cutoff
| CHECK switch(x): max rel err =   0.2738E-14   at   2.422500
| CHECK d/dx switch(x): max rel err =   0.8314E-11   at   2.736960
 ---------------------------------------------------
|---------------------------------------------------
| APPROXIMATING direct energy using CUBIC SPLINE INTERPOLATION
|  with   50.0 points per unit in tabled values
| Relative Error Limit not exceeded for r .gt.   2.39
| APPROXIMATING direct force using CUBIC SPLINE INTERPOLATION
|  with   50.0 points per unit in tabled values
| Relative Error Limit not exceeded for r .gt.   2.84
|---------------------------------------------------

 NSTEP =      500   TIME(PS) =      31.250  TEMP(K) =   307.17  PRESS =     0.0
 Etot   =    -50862.3967  EKtot   =     21133.4199  EPtot      =    -71995.8167
 BOND   =     12757.9654  ANGLE   =      1223.0164  DIHED      =      1358.2917
 1-4 NB =       462.4197  1-4 EEL =      4625.5328  VDWAALS    =     12719.8242
 EELEC  =   -105142.8670  EHBOND  =         0.0000  RESTRAINT  =         0.0000
 ------------------------------------------------------------------------------

check COM velocity, temp:        0.000006     0.00(Removed)

 NSTEP =     1000   TIME(PS) =      31.500  TEMP(K) =   310.70  PRESS =     0.0
 Etot   =    -50867.3152  EKtot   =     21376.0488  EPtot      =    -72243.3640
 BOND   =     12765.9862  ANGLE   =      1185.5531  DIHED      =      1368.8901
 1-4 NB =       463.6283  1-4 EEL =      4657.0858  VDWAALS    =     12872.1427
 EELEC  =   -105556.6502  EHBOND  =         0.0000  RESTRAINT  =         0.0000
 ------------------------------------------------------------------------------


 NSTEP =     1500   TIME(PS) =      31.750  TEMP(K) =   308.83  PRESS =     0.0
 Etot   =    -50863.7060  EKtot   =     21247.5996  EPtot      =    -72111.3056
 BOND   =     12989.8971  ANGLE   =      1176.9190  DIHED      =      1341.3506
 1-4 NB =       446.6739  1-4 EEL =      4642.9654  VDWAALS    =     12759.8093
 EELEC  =   -105468.9210  EHBOND  =         0.0000  RESTRAINT  =         0.0000
 ------------------------------------------------------------------------------

check COM velocity, temp:        0.000004     0.00(Removed)

 NSTEP =     2000   TIME(PS) =      32.000  TEMP(K) =   307.97  PRESS =     0.0
 Etot   =    -50863.4114  EKtot   =     21187.9824  EPtot      =    -72051.3938
 BOND   =     12965.1025  ANGLE   =      1187.1415  DIHED      =      1343.2111
 1-4 NB =       470.8210  1-4 EEL =      4699.8664  VDWAALS    =     12733.4971
 EELEC  =   -105451.0335  EHBOND  =         0.0000  RESTRAINT  =         0.0000
 ------------------------------------------------------------------------------


 NSTEP =     2500   TIME(PS) =      32.250  TEMP(K) =   306.53  PRESS =     0.0
 Etot   =    -50863.4042  EKtot   =     21088.9473  EPtot      =    -71952.3515
 BOND   =     12950.9235  ANGLE   =      1208.3621  DIHED      =      1337.0861
 1-4 NB =       473.5288  1-4 EEL =      4654.0751  VDWAALS    =     12539.3411
 EELEC  =   -105115.6681  EHBOND  =         0.0000  RESTRAINT  =         0.0000
 ------------------------------------------------------------------------------

check COM velocity, temp:        0.000004     0.00(Removed)

 NSTEP =     3000   TIME(PS) =      32.500  TEMP(K) =   303.23  PRESS =     0.0
 Etot   =    -50860.5516  EKtot   =     20861.7949  EPtot      =    -71722.3465
 BOND   =     13093.0486  ANGLE   =      1198.5204  DIHED      =      1333.9012
 1-4 NB =       443.0591  1-4 EEL =      4674.2042  VDWAALS    =     12565.2094
 EELEC  =   -105030.2894  EHBOND  =         0.0000  RESTRAINT  =         0.0000
 ------------------------------------------------------------------------------


 NSTEP =     3500   TIME(PS) =      32.750  TEMP(K) =   307.00  PRESS =     0.0
 Etot   =    -50863.4194  EKtot   =     21121.3203  EPtot      =    -71984.7397
 BOND   =     13064.0636  ANGLE   =      1189.4794  DIHED      =      1344.7144
 1-4 NB =       445.3226  1-4 EEL =      4621.0456  VDWAALS    =     12690.8540
 EELEC  =   -105340.2192  EHBOND  =         0.0000  RESTRAINT  =         0.0000
 ------------------------------------------------------------------------------

check COM velocity, temp:        0.000004     0.00(Removed)

 NSTEP =     4000   TIME(PS) =      33.000  TEMP(K) =   306.44  PRESS =     0.0
 Etot   =    -50861.9802  EKtot   =     21083.0625  EPtot      =    -71945.0427
 BOND   =     13087.5340  ANGLE   =      1151.1258  DIHED      =      1370.6327
 1-4 NB =       463.0918  1-4 EEL =      4682.4801  VDWAALS    =     12727.7022
 EELEC  =   -105427.6093  EHBOND  =         0.0000  RESTRAINT  =         0.0000
 ------------------------------------------------------------------------------


 NSTEP =     4500   TIME(PS) =      33.250  TEMP(K) =   308.93  PRESS =     0.0
 Etot   =    -50861.7774  EKtot   =     21254.4395  EPtot      =    -72116.2169
 BOND   =     12997.3525  ANGLE   =      1141.8419  DIHED      =      1332.1689
 1-4 NB =       452.4382  1-4 EEL =      4644.5109  VDWAALS    =     12795.7675
 EELEC  =   -105480.2967  EHBOND  =         0.0000  RESTRAINT  =         0.0000
 ------------------------------------------------------------------------------

check COM velocity, temp:        0.000011     0.00(Removed)

 NSTEP =     5000   TIME(PS) =      33.500  TEMP(K) =   305.69  PRESS =     0.0
 Etot   =    -50863.5501  EKtot   =     21031.0742  EPtot      =    -71894.6243
 BOND   =     12803.9940  ANGLE   =      1190.3443  DIHED      =      1316.4937
 1-4 NB =       446.7704  1-4 EEL =      4711.7697  VDWAALS    =     12402.0099
 EELEC  =   -104766.0062  EHBOND  =         0.0000  RESTRAINT  =         0.0000
 ------------------------------------------------------------------------------


 NSTEP =     5500   TIME(PS) =      33.750  TEMP(K) =   310.33  PRESS =     0.0
 Etot   =    -50869.3502  EKtot   =     21350.8086  EPtot      =    -72220.1588
 BOND   =     12956.2638  ANGLE   =      1124.7015  DIHED      =      1346.8573
 1-4 NB =       449.5056  1-4 EEL =      4669.7602  VDWAALS    =     12925.2405
 EELEC  =   -105692.4876  EHBOND  =         0.0000  RESTRAINT  =         0.0000
 ------------------------------------------------------------------------------

check COM velocity, temp:        0.000006     0.00(Removed)

 NSTEP =     6000   TIME(PS) =      34.000  TEMP(K) =   307.29  PRESS =     0.0
 Etot   =    -50863.9018  EKtot   =     21141.4512  EPtot      =    -72005.3529
 BOND   =     12813.1293  ANGLE   =      1137.9822  DIHED      =      1332.0590
 1-4 NB =       455.1871  1-4 EEL =      4624.3290  VDWAALS    =     12666.2667
 EELEC  =   -105034.3062  EHBOND  =         0.0000  RESTRAINT  =         0.0000
 ------------------------------------------------------------------------------


 NSTEP =     6500   TIME(PS) =      34.250  TEMP(K) =   305.12  PRESS =     0.0
 Etot   =    -50862.7638  EKtot   =     20991.9492  EPtot      =    -71854.7130
 BOND   =     12845.3994  ANGLE   =      1161.9852  DIHED      =      1347.5023
 1-4 NB =       456.2477  1-4 EEL =      4603.6276  VDWAALS    =     12700.1492
 EELEC  =   -104969.6244  EHBOND  =         0.0000  RESTRAINT  =         0.0000
 ------------------------------------------------------------------------------

check COM velocity, temp:        0.000004     0.00(Removed)

 NSTEP =     7000   TIME(PS) =      34.500  TEMP(K) =   308.28  PRESS =     0.0
 Etot   =    -50865.4521  EKtot   =     21209.4785  EPtot      =    -72074.9306
 BOND   =     12920.2731  ANGLE   =      1161.9590  DIHED      =      1336.1795
 1-4 NB =       461.4908  1-4 EEL =      4613.4217  VDWAALS    =     12976.3935
 EELEC  =   -105544.6482  EHBOND  =         0.0000  RESTRAINT  =         0.0000
 ------------------------------------------------------------------------------


 NSTEP =     7500   TIME(PS) =      34.750  TEMP(K) =   308.78  PRESS =     0.0
 Etot   =    -50866.5157  EKtot   =     21243.8340  EPtot      =    -72110.3497
 BOND   =     12935.0330  ANGLE   =      1136.4788  DIHED      =      1357.3840
 1-4 NB =       442.5189  1-4 EEL =      4603.8543  VDWAALS    =     12690.6494
 EELEC  =   -105276.2680  EHBOND  =         0.0000  RESTRAINT  =         0.0000
 ------------------------------------------------------------------------------

check COM velocity, temp:        0.000005     0.00(Removed)

 NSTEP =     8000   TIME(PS) =      35.000  TEMP(K) =   308.65  PRESS =     0.0
 Etot   =    -50859.9230  EKtot   =     21235.0020  EPtot      =    -72094.9250
 BOND   =     13161.7197  ANGLE   =      1187.2964  DIHED      =      1334.4140
 1-4 NB =       455.0945  1-4 EEL =      4650.4648  VDWAALS    =     12707.6829
 EELEC  =   -105591.5974  EHBOND  =         0.0000  RESTRAINT  =         0.0000
 ------------------------------------------------------------------------------


 NSTEP =     8500   TIME(PS) =      35.250  TEMP(K) =   309.80  PRESS =     0.0
 Etot   =    -50867.0207  EKtot   =     21314.0723  EPtot      =    -72181.0930
 BOND   =     12862.4890  ANGLE   =      1156.2649  DIHED      =      1319.5714
 1-4 NB =       468.5238  1-4 EEL =      4617.4518  VDWAALS    =     12755.4154
 EELEC  =   -105360.8093  EHBOND  =         0.0000  RESTRAINT  =         0.0000
 ------------------------------------------------------------------------------

check COM velocity, temp:        0.000006     0.00(Removed)

 NSTEP =     9000   TIME(PS) =      35.500  TEMP(K) =   307.45  PRESS =     0.0
 Etot   =    -50865.2852  EKtot   =     21152.1055  EPtot      =    -72017.3907
 BOND   =     12957.2689  ANGLE   =      1127.5006  DIHED      =      1350.8687
 1-4 NB =       453.2870  1-4 EEL =      4641.7156  VDWAALS    =     12801.7235
 EELEC  =   -105349.7550  EHBOND  =         0.0000  RESTRAINT  =         0.0000
 ------------------------------------------------------------------------------


 NSTEP =     9500   TIME(PS) =      35.750  TEMP(K) =   305.45  PRESS =     0.0
 Etot   =    -50862.9525  EKtot   =     21014.5898  EPtot      =    -71877.5424
 BOND   =     12963.0933  ANGLE   =      1155.2718  DIHED      =      1341.4128
 1-4 NB =       443.4587  1-4 EEL =      4649.5996  VDWAALS    =     12426.3511
 EELEC  =   -104856.7298  EHBOND  =         0.0000  RESTRAINT  =         0.0000
 ------------------------------------------------------------------------------

check COM velocity, temp:        0.000011     0.00(Removed)

 NSTEP =    10000   TIME(PS) =      36.000  TEMP(K) =   303.95  PRESS =     0.0
 Etot   =    -50865.3187  EKtot   =     20911.4414  EPtot      =    -71776.7601
 BOND   =     12945.3295  ANGLE   =      1141.4673  DIHED      =      1342.4418
 1-4 NB =       436.4219  1-4 EEL =      4587.9209  VDWAALS    =     12901.5546
 EELEC  =   -105131.8961  EHBOND  =         0.0000  RESTRAINT  =         0.0000
 ------------------------------------------------------------------------------


 NSTEP =    10500   TIME(PS) =      36.250  TEMP(K) =   306.13  PRESS =     0.0
 Etot   =    -50862.3659  EKtot   =     21061.5918  EPtot      =    -71923.9577
 BOND   =     12860.1848  ANGLE   =      1218.8892  DIHED      =      1324.0615
 1-4 NB =       442.7544  1-4 EEL =      4597.7450  VDWAALS    =     12659.6211
 EELEC  =   -105027.2137  EHBOND  =         0.0000  RESTRAINT  =         0.0000
 ------------------------------------------------------------------------------

check COM velocity, temp:        0.000005     0.00(Removed)

 NSTEP =    11000   TIME(PS) =      36.500  TEMP(K) =   305.29  PRESS =     0.0
 Etot   =    -50861.9740  EKtot   =     21004.0312  EPtot      =    -71866.0053
 BOND   =     12919.8335  ANGLE   =      1164.8921  DIHED      =      1332.1685
 1-4 NB =       435.4354  1-4 EEL =      4604.8715  VDWAALS    =     12706.3127
 EELEC  =   -105029.5190  EHBOND  =         0.0000  RESTRAINT  =         0.0000
 ------------------------------------------------------------------------------


 NSTEP =    11500   TIME(PS) =      36.750  TEMP(K) =   308.08  PRESS =     0.0
 Etot   =    -50862.9662  EKtot   =     21195.4316  EPtot      =    -72058.3978
 BOND   =     12779.7555  ANGLE   =      1117.1991  DIHED      =      1351.0708
 1-4 NB =       471.0307  1-4 EEL =      4657.8700  VDWAALS    =     12543.8536
 EELEC  =   -104979.1774  EHBOND  =         0.0000  RESTRAINT  =         0.0000
 ------------------------------------------------------------------------------

check COM velocity, temp:        0.000008     0.00(Removed)

 NSTEP =    12000   TIME(PS) =      37.000  TEMP(K) =   307.09  PRESS =     0.0
 Etot   =    -50863.0704  EKtot   =     21127.3652  EPtot      =    -71990.4356
 BOND   =     12931.6007  ANGLE   =      1087.7862  DIHED      =      1326.3908
 1-4 NB =       445.5868  1-4 EEL =      4634.1497  VDWAALS    =     12853.8509
 EELEC  =   -105269.8008  EHBOND  =         0.0000  RESTRAINT  =         0.0000
 ------------------------------------------------------------------------------


 NSTEP =    12500   TIME(PS) =      37.250  TEMP(K) =   308.82  PRESS =     0.0
 Etot   =    -50864.6160  EKtot   =     21246.9980  EPtot      =    -72111.6140
 BOND   =     12667.0864  ANGLE   =      1151.7730  DIHED      =      1351.8061
 1-4 NB =       461.0404  1-4 EEL =      4619.0209  VDWAALS    =     12909.5074
 EELEC  =   -105271.8483  EHBOND  =         0.0000  RESTRAINT  =         0.0000
 ------------------------------------------------------------------------------

check COM velocity, temp:        0.000006     0.00(Removed)

 NSTEP =    13000   TIME(PS) =      37.500  TEMP(K) =   308.14  PRESS =     0.0
 Etot   =    -50864.7738  EKtot   =     21200.0469  EPtot      =    -72064.8207
 BOND   =     12843.0964  ANGLE   =      1146.8429  DIHED      =      1324.4602
 1-4 NB =       447.5866  1-4 EEL =      4629.5713  VDWAALS    =     12671.1636
 EELEC  =   -105127.5416  EHBOND  =         0.0000  RESTRAINT  =         0.0000
 ------------------------------------------------------------------------------


 NSTEP =    13500   TIME(PS) =      37.750  TEMP(K) =   305.64  PRESS =     0.0
 Etot   =    -50865.2925  EKtot   =     21028.2031  EPtot      =    -71893.4956
 BOND   =     12839.9371  ANGLE   =      1148.2112  DIHED      =      1349.1693
 1-4 NB =       451.6901  1-4 EEL =      4611.9018  VDWAALS    =     12758.7760
 EELEC  =   -105053.1811  EHBOND  =         0.0000  RESTRAINT  =         0.0000
 ------------------------------------------------------------------------------

check COM velocity, temp:        0.000007     0.00(Removed)

 NSTEP =    14000   TIME(PS) =      38.000  TEMP(K) =   304.85  PRESS =     0.0
 Etot   =    -50860.5821  EKtot   =     20973.8320  EPtot      =    -71834.4141
 BOND   =     12935.9153  ANGLE   =      1135.4293  DIHED      =      1326.8702
 1-4 NB =       463.3307  1-4 EEL =      4618.9774  VDWAALS    =     12592.1116
 EELEC  =   -104907.0487  EHBOND  =         0.0000  RESTRAINT  =         0.0000
 ------------------------------------------------------------------------------


 NSTEP =    14500   TIME(PS) =      38.250  TEMP(K) =   306.72  PRESS =     0.0
 Etot   =    -50865.0918  EKtot   =     21102.0703  EPtot      =    -71967.1621
 BOND   =     12762.4995  ANGLE   =      1109.4494  DIHED      =      1300.9963
 1-4 NB =       456.8268  1-4 EEL =      4654.7367  VDWAALS    =     12507.8353
 EELEC  =   -104759.5060  EHBOND  =         0.0000  RESTRAINT  =         0.0000
 ------------------------------------------------------------------------------

check COM velocity, temp:        0.000004     0.00(Removed)

 NSTEP =    15000   TIME(PS) =      38.500  TEMP(K) =   305.41  PRESS =     0.0
 Etot   =    -50864.7549  EKtot   =     21012.3672  EPtot      =    -71877.1221
 BOND   =     12684.6529  ANGLE   =      1143.9604  DIHED      =      1325.8788
 1-4 NB =       447.4745  1-4 EEL =      4584.0370  VDWAALS    =     12340.7932
 EELEC  =   -104403.9189  EHBOND  =         0.0000  RESTRAINT  =         0.0000
 ------------------------------------------------------------------------------


 NSTEP =    15500   TIME(PS) =      38.750  TEMP(K) =   305.93  PRESS =     0.0
 Etot   =    -50864.5105  EKtot   =     21047.5098  EPtot      =    -71912.0203
 BOND   =     12835.1272  ANGLE   =      1112.4485  DIHED      =      1343.1924
 1-4 NB =       454.4762  1-4 EEL =      4622.3194  VDWAALS    =     12679.6910
 EELEC  =   -104959.2750  EHBOND  =         0.0000  RESTRAINT  =         0.0000
 ------------------------------------------------------------------------------

check COM velocity, temp:        0.000003     0.00(Removed)

 NSTEP =    16000   TIME(PS) =      39.000  TEMP(K) =   306.11  PRESS =     0.0
 Etot   =    -50867.6485  EKtot   =     21060.2070  EPtot      =    -71927.8556
 BOND   =     12688.0327  ANGLE   =      1114.7886  DIHED      =      1302.2928
 1-4 NB =       454.8293  1-4 EEL =      4682.4534  VDWAALS    =     12638.4272
 EELEC  =   -104808.6795  EHBOND  =         0.0000  RESTRAINT  =         0.0000
 ------------------------------------------------------------------------------


 NSTEP =    16500   TIME(PS) =      39.250  TEMP(K) =   307.43  PRESS =     0.0
 Etot   =    -50862.3869  EKtot   =     21150.7422  EPtot      =    -72013.1291
 BOND   =     12864.0482  ANGLE   =      1109.8794  DIHED      =      1311.0534
 1-4 NB =       444.6706  1-4 EEL =      4687.0602  VDWAALS    =     12627.7119
 EELEC  =   -105057.5528  EHBOND  =         0.0000  RESTRAINT  =         0.0000
 ------------------------------------------------------------------------------

check COM velocity, temp:        0.000003     0.00(Removed)

 NSTEP =    17000   TIME(PS) =      39.500  TEMP(K) =   307.07  PRESS =     0.0
 Etot   =    -50862.9738  EKtot   =     21126.4609  EPtot      =    -71989.4347
 BOND   =     12864.2463  ANGLE   =      1147.4248  DIHED      =      1299.0867
 1-4 NB =       442.4925  1-4 EEL =      4663.3176  VDWAALS    =     12700.3327
 EELEC  =   -105106.3353  EHBOND  =         0.0000  RESTRAINT  =         0.0000
 ------------------------------------------------------------------------------


 NSTEP =    17500   TIME(PS) =      39.750  TEMP(K) =   308.52  PRESS =     0.0
 Etot   =    -50871.8764  EKtot   =     21225.9492  EPtot      =    -72097.8256
 BOND   =     12746.4369  ANGLE   =      1134.0875  DIHED      =      1304.9444
 1-4 NB =       444.8673  1-4 EEL =      4639.4790  VDWAALS    =     12582.0479
 EELEC  =   -104949.6885  EHBOND  =         0.0000  RESTRAINT  =         0.0000
 ------------------------------------------------------------------------------

check COM velocity, temp:        0.000007     0.00(Removed)

 NSTEP =    18000   TIME(PS) =      40.000  TEMP(K) =   307.46  PRESS =     0.0
 Etot   =    -50867.6863  EKtot   =     21153.4062  EPtot      =    -72021.0926
 BOND   =     12791.7386  ANGLE   =      1122.4259  DIHED      =      1314.1607
 1-4 NB =       448.2971  1-4 EEL =      4675.0464  VDWAALS    =     12607.7894
 EELEC  =   -104980.5507  EHBOND  =         0.0000  RESTRAINT  =         0.0000
 ------------------------------------------------------------------------------


 NSTEP =    18500   TIME(PS) =      40.250  TEMP(K) =   305.39  PRESS =     0.0
 Etot   =    -50866.0883  EKtot   =     21011.0059  EPtot      =    -71877.0942
 BOND   =     12763.9611  ANGLE   =      1149.6422  DIHED      =      1323.2045
 1-4 NB =       442.7237  1-4 EEL =      4628.6735  VDWAALS    =     12668.0558
 EELEC  =   -104853.3551  EHBOND  =         0.0000  RESTRAINT  =         0.0000
 ------------------------------------------------------------------------------

check COM velocity, temp:        0.000004     0.00(Removed)

 NSTEP =    19000   TIME(PS) =      40.500  TEMP(K) =   305.87  PRESS =     0.0
 Etot   =    -50860.5750  EKtot   =     21043.5898  EPtot      =    -71904.1648
 BOND   =     12956.6898  ANGLE   =      1079.6793  DIHED      =      1339.5149
 1-4 NB =       443.9481  1-4 EEL =      4635.1941  VDWAALS    =     12503.0826
 EELEC  =   -104862.2736  EHBOND  =         0.0000  RESTRAINT  =         0.0000
 ------------------------------------------------------------------------------


 NSTEP =    19500   TIME(PS) =      40.750  TEMP(K) =   306.47  PRESS =     0.0
 Etot   =    -50863.5346  EKtot   =     21085.0371  EPtot      =    -71948.5717
 BOND   =     13014.2511  ANGLE   =      1077.4247  DIHED      =      1322.9135
 1-4 NB =       443.6719  1-4 EEL =      4639.9304  VDWAALS    =     12610.2149
 EELEC  =   -105056.9780  EHBOND  =         0.0000  RESTRAINT  =         0.0000
 ------------------------------------------------------------------------------

check COM velocity, temp:        0.000006     0.00(Removed)

 NSTEP =    20000   TIME(PS) =      41.000  TEMP(K) =   308.95  PRESS =     0.0
 Etot   =    -50867.2911  EKtot   =     21255.7891  EPtot      =    -72123.0802
 BOND   =     12794.8623  ANGLE   =      1052.9868  DIHED      =      1335.8411
 1-4 NB =       444.2600  1-4 EEL =      4688.5850  VDWAALS    =     12518.3502
 EELEC  =   -104957.9656  EHBOND  =         0.0000  RESTRAINT  =         0.0000
 ------------------------------------------------------------------------------


 NSTEP =    20500   TIME(PS) =      41.250  TEMP(K) =   306.19  PRESS =     0.0
 Etot   =    -50862.1808  EKtot   =     21065.8359  EPtot      =    -71928.0167
 BOND   =     12748.2528  ANGLE   =      1104.6484  DIHED      =      1347.7245
 1-4 NB =       449.9392  1-4 EEL =      4690.5109  VDWAALS    =     12342.6273
 EELEC  =   -104611.7198  EHBOND  =         0.0000  RESTRAINT  =         0.0000
 ------------------------------------------------------------------------------

check COM velocity, temp:        0.000004     0.00(Removed)

 NSTEP =    21000   TIME(PS) =      41.500  TEMP(K) =   306.91  PRESS =     0.0
 Etot   =    -50860.5745  EKtot   =     21115.3789  EPtot      =    -71975.9535
 BOND   =     12766.0186  ANGLE   =      1095.2611  DIHED      =      1323.7579
 1-4 NB =       442.8304  1-4 EEL =      4695.0247  VDWAALS    =     12447.1164
 EELEC  =   -104745.9625  EHBOND  =         0.0000  RESTRAINT  =         0.0000
 ------------------------------------------------------------------------------


 NSTEP =    21500   TIME(PS) =      41.750  TEMP(K) =   305.54  PRESS =     0.0
 Etot   =    -50860.3132  EKtot   =     21020.7793  EPtot      =    -71881.0925
 BOND   =     12945.0000  ANGLE   =      1103.8995  DIHED      =      1339.1203
 1-4 NB =       424.3733  1-4 EEL =      4653.8953  VDWAALS    =     12438.9890
 EELEC  =   -104786.3698  EHBOND  =         0.0000  RESTRAINT  =         0.0000
 ------------------------------------------------------------------------------

check COM velocity, temp:        0.000007     0.00(Removed)

 NSTEP =    22000   TIME(PS) =      42.000  TEMP(K) =   304.41  PRESS =     0.0
 Etot   =    -50865.6214  EKtot   =     20943.0820  EPtot      =    -71808.7035
 BOND   =     12957.9630  ANGLE   =      1143.2271  DIHED      =      1338.3953
 1-4 NB =       442.5840  1-4 EEL =      4651.9539  VDWAALS    =     12594.6490
 EELEC  =   -104937.4758  EHBOND  =         0.0000  RESTRAINT  =         0.0000
 ------------------------------------------------------------------------------


 NSTEP =    22500   TIME(PS) =      42.250  TEMP(K) =   306.37  PRESS =     0.0
 Etot   =    -50866.3390  EKtot   =     21078.1797  EPtot      =    -71944.5187
 BOND   =     12937.8483  ANGLE   =      1099.1082  DIHED      =      1331.8583
 1-4 NB =       458.0021  1-4 EEL =      4658.0163  VDWAALS    =     12648.3927
 EELEC  =   -105077.7446  EHBOND  =         0.0000  RESTRAINT  =         0.0000
 ------------------------------------------------------------------------------

check COM velocity, temp:        0.000007     0.00(Removed)

 NSTEP =    23000   TIME(PS) =      42.500  TEMP(K) =   307.47  PRESS =     0.0
 Etot   =    -50867.3750  EKtot   =     21153.5469  EPtot      =    -72020.9219
 BOND   =     12813.9830  ANGLE   =      1097.1781  DIHED      =      1322.2226
 1-4 NB =       440.0628  1-4 EEL =      4644.7270  VDWAALS    =     12616.7227
 EELEC  =   -104955.8180  EHBOND  =         0.0000  RESTRAINT  =         0.0000
 ------------------------------------------------------------------------------


 NSTEP =    23500   TIME(PS) =      42.750  TEMP(K) =   309.34  PRESS =     0.0
 Etot   =    -50865.4631  EKtot   =     21282.3691  EPtot      =    -72147.8323
 BOND   =     12687.8182  ANGLE   =      1107.1562  DIHED      =      1314.1015
 1-4 NB =       424.0979  1-4 EEL =      4629.7420  VDWAALS    =     12555.9754
 EELEC  =   -104866.7235  EHBOND  =         0.0000  RESTRAINT  =         0.0000
 ------------------------------------------------------------------------------

check COM velocity, temp:        0.000005     0.00(Removed)

 NSTEP =    24000   TIME(PS) =      43.000  TEMP(K) =   306.26  PRESS =     0.0
 Etot   =    -50866.2640  EKtot   =     21070.7051  EPtot      =    -71936.9690
 BOND   =     12680.3583  ANGLE   =      1110.3096  DIHED      =      1315.9092
 1-4 NB =       448.0834  1-4 EEL =      4639.9039  VDWAALS    =     12477.5133
 EELEC  =   -104609.0467  EHBOND  =         0.0000  RESTRAINT  =         0.0000
 ------------------------------------------------------------------------------


 NSTEP =    24500   TIME(PS) =      43.250  TEMP(K) =   304.98  PRESS =     0.0
 Etot   =    -50863.5734  EKtot   =     20982.1562  EPtot      =    -71845.7297
 BOND   =     12729.1664  ANGLE   =      1150.6286  DIHED      =      1330.0643
 1-4 NB =       451.4990  1-4 EEL =      4610.9417  VDWAALS    =     12486.2265
 EELEC  =   -104604.2563  EHBOND  =         0.0000  RESTRAINT  =         0.0000
 ------------------------------------------------------------------------------

check COM velocity, temp:        0.000004     0.00(Removed)

 NSTEP =    25000   TIME(PS) =      43.500  TEMP(K) =   306.46  PRESS =     0.0
 Etot   =    -50861.6717  EKtot   =     21084.6289  EPtot      =    -71946.3006
 BOND   =     12787.7915  ANGLE   =      1071.0980  DIHED      =      1323.4406
 1-4 NB =       448.0319  1-4 EEL =      4635.9817  VDWAALS    =     12661.6848
 EELEC  =   -104874.3291  EHBOND  =         0.0000  RESTRAINT  =         0.0000
 ------------------------------------------------------------------------------


 NSTEP =    25500   TIME(PS) =      43.750  TEMP(K) =   308.47  PRESS =     0.0
 Etot   =    -50868.1611  EKtot   =     21222.5352  EPtot      =    -72090.6963
 BOND   =     12790.7979  ANGLE   =      1084.6683  DIHED      =      1339.8804
 1-4 NB =       454.2634  1-4 EEL =      4673.0264  VDWAALS    =     12509.2714
 EELEC  =   -104942.6041  EHBOND  =         0.0000  RESTRAINT  =         0.0000
 ------------------------------------------------------------------------------

check COM velocity, temp:        0.000008     0.00(Removed)

 NSTEP =    26000   TIME(PS) =      44.000  TEMP(K) =   307.60  PRESS =     0.0
 Etot   =    -50866.3178  EKtot   =     21162.7695  EPtot      =    -72029.0873
 BOND   =     12938.1686  ANGLE   =      1063.1035  DIHED      =      1327.0012
 1-4 NB =       444.1213  1-4 EEL =      4660.9392  VDWAALS    =     12878.4876
 EELEC  =   -105340.9087  EHBOND  =         0.0000  RESTRAINT  =         0.0000
 ------------------------------------------------------------------------------


 NSTEP =    26500   TIME(PS) =      44.250  TEMP(K) =   307.63  PRESS =     0.0
 Etot   =    -50862.5861  EKtot   =     21164.5801  EPtot      =    -72027.1662
 BOND   =     12724.1131  ANGLE   =      1147.4235  DIHED      =      1320.5327
 1-4 NB =       460.8528  1-4 EEL =      4673.9846  VDWAALS    =     12498.0289
 EELEC  =   -104852.1019  EHBOND  =         0.0000  RESTRAINT  =         0.0000
 ------------------------------------------------------------------------------

check COM velocity, temp:        0.000006     0.00(Removed)

 NSTEP =    27000   TIME(PS) =      44.500  TEMP(K) =   307.19  PRESS =     0.0
 Etot   =    -50861.4067  EKtot   =     21134.8730  EPtot      =    -71996.2797
 BOND   =     12780.4670  ANGLE   =      1068.5723  DIHED      =      1348.7810
 1-4 NB =       469.7619  1-4 EEL =      4656.0681  VDWAALS    =     12661.7438
 EELEC  =   -104981.6739  EHBOND  =         0.0000  RESTRAINT  =         0.0000
 ------------------------------------------------------------------------------


 NSTEP =    27500   TIME(PS) =      44.750  TEMP(K) =   307.39  PRESS =     0.0
 Etot   =    -50856.6611  EKtot   =     21148.6211  EPtot      =    -72005.2822
 BOND   =     12961.6401  ANGLE   =      1082.7650  DIHED      =      1332.9658
 1-4 NB =       444.2954  1-4 EEL =      4644.8950  VDWAALS    =     12491.7242
 EELEC  =   -104963.5676  EHBOND  =         0.0000  RESTRAINT  =         0.0000
 ------------------------------------------------------------------------------

check COM velocity, temp:        0.000007     0.00(Removed)

 NSTEP =    28000   TIME(PS) =      45.000  TEMP(K) =   305.32  PRESS =     0.0
 Etot   =    -50861.8772  EKtot   =     21005.8125  EPtot      =    -71867.6897
 BOND   =     12837.9561  ANGLE   =      1096.8947  DIHED      =      1326.6007
 1-4 NB =       458.1422  1-4 EEL =      4634.4862  VDWAALS    =     12519.6762
 EELEC  =   -104741.4458  EHBOND  =         0.0000  RESTRAINT  =         0.0000
 ------------------------------------------------------------------------------


 NSTEP =    28500   TIME(PS) =      45.250  TEMP(K) =   306.59  PRESS =     0.0
 Etot   =    -50862.4803  EKtot   =     21093.2305  EPtot      =    -71955.7107
 BOND   =     12951.6773  ANGLE   =      1058.9016  DIHED      =      1322.0012
 1-4 NB =       434.6282  1-4 EEL =      4633.7051  VDWAALS    =     12674.0058
 EELEC  =   -105030.6299  EHBOND  =         0.0000  RESTRAINT  =         0.0000
 ------------------------------------------------------------------------------

check COM velocity, temp:        0.000005     0.00(Removed)

 NSTEP =    29000   TIME(PS) =      45.500  TEMP(K) =   304.07  PRESS =     0.0
 Etot   =    -50862.1109  EKtot   =     20920.0996  EPtot      =    -71782.2105
 BOND   =     12971.0202  ANGLE   =      1114.5688  DIHED      =      1332.9068
 1-4 NB =       426.7304  1-4 EEL =      4613.8230  VDWAALS    =     12639.5439
 EELEC  =   -104880.8035  EHBOND  =         0.0000  RESTRAINT  =         0.0000
 ------------------------------------------------------------------------------


 NSTEP =    29500   TIME(PS) =      45.750  TEMP(K) =   306.81  PRESS =     0.0
 Etot   =    -50863.6033  EKtot   =     21108.3965  EPtot      =    -71971.9998
 BOND   =     12725.8490  ANGLE   =      1092.5654  DIHED      =      1318.3058
 1-4 NB =       444.9243  1-4 EEL =      4652.0169  VDWAALS    =     12590.6053
 EELEC  =   -104796.2665  EHBOND  =         0.0000  RESTRAINT  =         0.0000
 ------------------------------------------------------------------------------

check COM velocity, temp:        0.000007     0.00(Removed)

 NSTEP =    30000   TIME(PS) =      46.000  TEMP(K) =   307.70  PRESS =     0.0
 Etot   =    -50861.4028  EKtot   =     21169.5508  EPtot      =    -72030.9536
 BOND   =     12908.2948  ANGLE   =      1063.3382  DIHED      =      1325.9331
 1-4 NB =       436.7767  1-4 EEL =      4625.9489  VDWAALS    =     12748.3147
 EELEC  =   -105139.5600  EHBOND  =         0.0000  RESTRAINT  =         0.0000
 ------------------------------------------------------------------------------


 NSTEP =    30500   TIME(PS) =      46.250  TEMP(K) =   307.22  PRESS =     0.0
 Etot   =    -50863.7780  EKtot   =     21136.7969  EPtot      =    -72000.5749
 BOND   =     12774.7247  ANGLE   =      1099.2500  DIHED      =      1330.4893
 1-4 NB =       439.5475  1-4 EEL =      4644.3944  VDWAALS    =     12662.3189
 EELEC  =   -104951.2997  EHBOND  =         0.0000  RESTRAINT  =         0.0000
 ------------------------------------------------------------------------------

check COM velocity, temp:        0.000005     0.00(Removed)

 NSTEP =    31000   TIME(PS) =      46.500  TEMP(K) =   307.31  PRESS =     0.0
 Etot   =    -50867.0019  EKtot   =     21142.8496  EPtot      =    -72009.8515
 BOND   =     12670.4823  ANGLE   =      1082.3830  DIHED      =      1315.5530
 1-4 NB =       430.5687  1-4 EEL =      4630.7809  VDWAALS    =     12524.0275
 EELEC  =   -104663.6469  EHBOND  =         0.0000  RESTRAINT  =         0.0000
 ------------------------------------------------------------------------------


 NSTEP =    31500   TIME(PS) =      46.750  TEMP(K) =   306.12  PRESS =     0.0
 Etot   =    -50864.2744  EKtot   =     21061.1504  EPtot      =    -71925.4248
 BOND   =     12758.4671  ANGLE   =      1084.8582  DIHED      =      1317.4984
 1-4 NB =       433.3751  1-4 EEL =      4589.7918  VDWAALS    =     12264.7995
 EELEC  =   -104374.2148  EHBOND  =         0.0000  RESTRAINT  =         0.0000
 ------------------------------------------------------------------------------

check COM velocity, temp:        0.000009     0.00(Removed)

 NSTEP =    32000   TIME(PS) =      47.000  TEMP(K) =   305.87  PRESS =     0.0
 Etot   =    -50864.0784  EKtot   =     21043.5410  EPtot      =    -71907.6194
 BOND   =     12834.9071  ANGLE   =      1099.8052  DIHED      =      1311.3527
 1-4 NB =       435.6240  1-4 EEL =      4613.8349  VDWAALS    =     12577.3380
 EELEC  =   -104780.4813  EHBOND  =         0.0000  RESTRAINT  =         0.0000
 ------------------------------------------------------------------------------


 NSTEP =    32500   TIME(PS) =      47.250  TEMP(K) =   305.98  PRESS =     0.0
 Etot   =    -50865.2502  EKtot   =     21051.0254  EPtot      =    -71916.2756
 BOND   =     12956.3654  ANGLE   =      1073.1578  DIHED      =      1342.8647
 1-4 NB =       442.3638  1-4 EEL =      4671.6058  VDWAALS    =     12222.2392
 EELEC  =   -104624.8724  EHBOND  =         0.0000  RESTRAINT  =         0.0000
 ------------------------------------------------------------------------------

check COM velocity, temp:        0.000009     0.00(Removed)

 NSTEP =    33000   TIME(PS) =      47.500  TEMP(K) =   305.17  PRESS =     0.0
 Etot   =    -50861.4845  EKtot   =     20995.3359  EPtot      =    -71856.8204
 BOND   =     12920.1858  ANGLE   =      1087.1790  DIHED      =      1320.8438
 1-4 NB =       438.9233  1-4 EEL =      4644.7614  VDWAALS    =     12534.4558
 EELEC  =   -104803.1694  EHBOND  =         0.0000  RESTRAINT  =         0.0000
 ------------------------------------------------------------------------------


 NSTEP =    33500   TIME(PS) =      47.750  TEMP(K) =   303.92  PRESS =     0.0
 Etot   =    -50863.5252  EKtot   =     20909.6836  EPtot      =    -71773.2088
 BOND   =     12692.7623  ANGLE   =      1114.2042  DIHED      =      1324.9913
 1-4 NB =       449.9993  1-4 EEL =      4656.3740  VDWAALS    =     12359.6893
 EELEC  =   -104371.2292  EHBOND  =         0.0000  RESTRAINT  =         0.0000
 ------------------------------------------------------------------------------

check COM velocity, temp:        0.000006     0.00(Removed)

 NSTEP =    34000   TIME(PS) =      48.000  TEMP(K) =   308.47  PRESS =     0.0
 Etot   =    -50863.8981  EKtot   =     21222.4160  EPtot      =    -72086.3141
 BOND   =     12748.8987  ANGLE   =      1079.7330  DIHED      =      1328.9388
 1-4 NB =       439.6020  1-4 EEL =      4648.1989  VDWAALS    =     12698.8849
 EELEC  =   -105030.5705  EHBOND  =         0.0000  RESTRAINT  =         0.0000
 ------------------------------------------------------------------------------


 NSTEP =    34500   TIME(PS) =      48.250  TEMP(K) =   306.32  PRESS =     0.0
 Etot   =    -50862.1948  EKtot   =     21074.6680  EPtot      =    -71936.8628
 BOND   =     12858.1609  ANGLE   =      1078.9161  DIHED      =      1333.9159
 1-4 NB =       436.2543  1-4 EEL =      4624.8179  VDWAALS    =     12945.0614
 EELEC  =   -105213.9892  EHBOND  =         0.0000  RESTRAINT  =         0.0000
 ------------------------------------------------------------------------------

check COM velocity, temp:        0.000002     0.00(Removed)

 NSTEP =    35000   TIME(PS) =      48.500  TEMP(K) =   304.76  PRESS =     0.0
 Etot   =    -50862.7246  EKtot   =     20967.1621  EPtot      =    -71829.8867
 BOND   =     12901.2332  ANGLE   =      1058.5397  DIHED      =      1307.8704
 1-4 NB =       446.5465  1-4 EEL =      4650.6874  VDWAALS    =     12582.8452
 EELEC  =   -104777.6091  EHBOND  =         0.0000  RESTRAINT  =         0.0000
 ------------------------------------------------------------------------------


 NSTEP =    35500   TIME(PS) =      48.750  TEMP(K) =   304.78  PRESS =     0.0
 Etot   =    -50861.9899  EKtot   =     20968.6738  EPtot      =    -71830.6637
 BOND   =     12885.4593  ANGLE   =      1068.1216  DIHED      =      1325.1664
 1-4 NB =       455.6677  1-4 EEL =      4626.7803  VDWAALS    =     12598.8684
 EELEC  =   -104790.7273  EHBOND  =         0.0000  RESTRAINT  =         0.0000
 ------------------------------------------------------------------------------

check COM velocity, temp:        0.000006     0.00(Removed)

 NSTEP =    36000   TIME(PS) =      49.000  TEMP(K) =   308.94  PRESS =     0.0
 Etot   =    -50865.0980  EKtot   =     21254.8477  EPtot      =    -72119.9457
 BOND   =     12809.9455  ANGLE   =      1046.6367  DIHED      =      1317.5143
 1-4 NB =       456.2516  1-4 EEL =      4650.9316  VDWAALS    =     12934.2454
 EELEC  =   -105335.4708  EHBOND  =         0.0000  RESTRAINT  =         0.0000
 ------------------------------------------------------------------------------


 NSTEP =    36500   TIME(PS) =      49.250  TEMP(K) =   306.46  PRESS =     0.0
 Etot   =    -50866.6333  EKtot   =     21084.1973  EPtot      =    -71950.8306
 BOND   =     12911.4138  ANGLE   =      1089.0715  DIHED      =      1340.4993
 1-4 NB =       454.8808  1-4 EEL =      4616.2877  VDWAALS    =     12731.0213
 EELEC  =   -105094.0051  EHBOND  =         0.0000  RESTRAINT  =         0.0000
 ------------------------------------------------------------------------------

check COM velocity, temp:        0.000004     0.00(Removed)

 NSTEP =    37000   TIME(PS) =      49.500  TEMP(K) =   308.04  PRESS =     0.0
 Etot   =    -50865.4452  EKtot   =     21192.8672  EPtot      =    -72058.3124
 BOND   =     12742.8777  ANGLE   =      1088.7322  DIHED      =      1330.6839
 1-4 NB =       433.5221  1-4 EEL =      4631.2488  VDWAALS    =     12606.8102
 EELEC  =   -104892.1873  EHBOND  =         0.0000  RESTRAINT  =         0.0000
 ------------------------------------------------------------------------------


 NSTEP =    37500   TIME(PS) =      49.750  TEMP(K) =   305.97  PRESS =     0.0
 Etot   =    -50863.8635  EKtot   =     21050.7305  EPtot      =    -71914.5940
 BOND   =     12836.7405  ANGLE   =      1065.1109  DIHED      =      1322.0029
 1-4 NB =       448.4804  1-4 EEL =      4644.4629  VDWAALS    =     12399.4089
 EELEC  =   -104630.8004  EHBOND  =         0.0000  RESTRAINT  =         0.0000
 ------------------------------------------------------------------------------

check COM velocity, temp:        0.000002     0.00(Removed)

 NSTEP =    38000   TIME(PS) =      50.000  TEMP(K) =   305.35  PRESS =     0.0
 Etot   =    -50861.7540  EKtot   =     21007.7930  EPtot      =    -71869.5470
 BOND   =     12829.0256  ANGLE   =      1089.2112  DIHED      =      1322.4584
 1-4 NB =       455.3496  1-4 EEL =      4671.5464  VDWAALS    =     12662.2651
 EELEC  =   -104899.4034  EHBOND  =         0.0000  RESTRAINT  =         0.0000
 ------------------------------------------------------------------------------


 NSTEP =    38500   TIME(PS) =      50.250  TEMP(K) =   308.53  PRESS =     0.0
 Etot   =    -50867.3110  EKtot   =     21226.6230  EPtot      =    -72093.9341
 BOND   =     12800.1634  ANGLE   =      1093.6298  DIHED      =      1330.8259
 1-4 NB =       463.9488  1-4 EEL =      4651.4243  VDWAALS    =     12748.3692
 EELEC  =   -105182.2954  EHBOND  =         0.0000  RESTRAINT  =         0.0000
 ------------------------------------------------------------------------------

check COM velocity, temp:        0.000006     0.00(Removed)

 NSTEP =    39000   TIME(PS) =      50.500  TEMP(K) =   304.83  PRESS =     0.0
 Etot   =    -50865.2128  EKtot   =     20972.1895  EPtot      =    -71837.4022
 BOND   =     12761.6021  ANGLE   =      1069.7327  DIHED      =      1324.1083
 1-4 NB =       459.4828  1-4 EEL =      4650.4269  VDWAALS    =     12620.9804
 EELEC  =   -104723.7354  EHBOND  =         0.0000  RESTRAINT  =         0.0000
 ------------------------------------------------------------------------------


 NSTEP =    39500   TIME(PS) =      50.750  TEMP(K) =   306.10  PRESS =     0.0
 Etot   =    -50864.3653  EKtot   =     21059.4180  EPtot      =    -71923.7833
 BOND   =     12777.4540  ANGLE   =      1115.6387  DIHED      =      1326.8058
 1-4 NB =       432.0728  1-4 EEL =      4649.1209  VDWAALS    =     12740.7549
 EELEC  =   -104965.6304  EHBOND  =         0.0000  RESTRAINT  =         0.0000
 ------------------------------------------------------------------------------

check COM velocity, temp:        0.000005     0.00(Removed)

 NSTEP =    40000   TIME(PS) =      51.000  TEMP(K) =   307.14  PRESS =     0.0
 Etot   =    -50863.4439  EKtot   =     21131.2031  EPtot      =    -71994.6471
 BOND   =     12921.0922  ANGLE   =      1079.8092  DIHED      =      1309.9976
 1-4 NB =       437.1839  1-4 EEL =      4684.3540  VDWAALS    =     12816.8948
 EELEC  =   -105243.9789  EHBOND  =         0.0000  RESTRAINT  =         0.0000
 ------------------------------------------------------------------------------


      A V E R A G E S   O V E R      80 S T E P S


 NSTEP =    40000   TIME(PS) =      51.000  TEMP(K) =   306.79  PRESS =     0.0
 Etot   =    -50863.9921  EKtot   =     21106.7795  EPtot      =    -71970.7716
 BOND   =     12855.1996  ANGLE   =      1118.5934  DIHED      =      1330.3799
 1-4 NB =       448.3766  1-4 EEL =      4643.5255  VDWAALS    =     12634.3711
 EELEC  =   -105001.2177  EHBOND  =         0.0000  RESTRAINT  =         0.0000
 ------------------------------------------------------------------------------


      R M S  F L U C T U A T I O N S


 NSTEP =    40000   TIME(PS) =      51.000  TEMP(K) =     1.54  PRESS =     0.0
 Etot   =         2.4170  EKtot   =       105.7319  EPtot      =       106.6815
 BOND   =       107.7113  ANGLE   =        42.1464  DIHED      =        14.4746
 1-4 NB =        10.9124  1-4 EEL =        26.7749  VDWAALS    =       156.2820
 EELEC  =       277.4753  EHBOND  =         0.0000  RESTRAINT  =         0.0000
|E(PBS) =         0.8378
 ------------------------------------------------------------------------------

--------------------------------------------------------------------------------
   5.  TIMINGS
--------------------------------------------------------------------------------

|  NonSetup CPU Time in Major Routines:
|
|     Routine           Sec        %
|     ------------------------------
|     Nonbond           8.42   12.45
|     Bond              0.00    0.00
|     Angle             0.00    0.00
|     Dihedral          0.00    0.00
|     Shake             0.00    0.00
|     RunMD            59.17   87.46
|     Other             0.06    0.09
|     ------------------------------
|     Total            67.66

|  PME Nonbond Pairlist CPU Time:
|
|     Routine              Sec        %
|     ---------------------------------
|     Set Up Cit           0.00    0.00
|     Build List           0.00    0.00
|     ---------------------------------
|     Total                0.00    0.00

|  PME Direct Force CPU Time:
|
|     Routine              Sec        %
|     ---------------------------------
|     NonBonded Calc       0.00    0.00
|     Exclude Masked       0.00    0.00
|     Other                0.02    0.04
|     ---------------------------------
|     Total                0.02    0.04

|  PME Reciprocal Force CPU Time:
|
|     Routine              Sec        %
|     ---------------------------------
|     1D bspline           0.00    0.00
|     Grid Charges         0.00    0.00
|     Scalar Sum           0.00    0.00
|     Gradient Sum         0.00    0.00
|     FFT                  0.00    0.00
|     ---------------------------------
|     Total                0.00    0.00

|  Final Performance Info:
|     -----------------------------------------------------
|     Average timings for last    6000 steps:
|     Elapsed(s) =      10.75 Per Step(ms) =       1.79
|         ns/day =      24.11   seconds/ns =    3583.63
|
|     Average timings for all steps:
|     Elapsed(s) =      72.29 Per Step(ms) =       1.81
|         ns/day =      23.90   seconds/ns =    3614.43
|     -----------------------------------------------------

|  Setup CPU time:            1.62 seconds
|  NonSetup CPU time:        67.66 seconds
|  Total CPU time:           69.28 seconds     0.02 hours

|  Setup wall time:           4    seconds
|  NonSetup wall time:       72    seconds
|  Total wall time:          76    seconds     0.02 hours
