
          -------------------------------------------------------
          Amber 16 PMEMD                              2016
          -------------------------------------------------------

| PMEMD implementation of SANDER, Release 16

| Run on 08/25/2017 at 15:50:08

|   Executable path: /apps/amber16/bin/pmemd.cuda
| Working directory: /scratch/pbarletta/pdz/run/lb/neq/data/larga_4
|          Hostname: mordor

  [-O]verwriting output

File Assignments:
|   MDIN: pdt.in                                                                
|  MDOUT: T161pplb_4.out                                                        
| INPCRD: /scratch/pbarletta/pdz/run/lb/neq/data/corta_4/T161plb_4.rst7         
|   PARM: /scratch/pbarletta/pdz/top_files/lb.prmtop                            
| RESTRT: T161pplb_4.rst7                                                       
|   REFC: refc                                                                  
|  MDVEL: mdvel                                                                 
|   MDEN: mden                                                                  
|  MDCRD: T161pplb_4.nc                                                         
| MDINFO: mdinfo                                                                
|  MDFRC: mdfrc                                                                 


 Here is the input file:

!NVE run                                                                       
&cntrl                                                                         
imin = 0,                           ! No Minimization                          
nmropt = 0,                         ! No NMR restraints read                   
                                                                               
! Nature and format of the input                                               
ntx = 5,                            ! Coordinates will be read, assign new velo
irest = 1,                          ! Do not run a new simulation              
                                                                               
! Nature and format of the output                                              
ioutfm = 1,			    ! NetCDF format for output files                             
ntxo = 1,                           ! rstrt file in ASCII format               
ntpr = 500,                         ! inf in output every ntpr steps           
ntwr = 500,                         ! rstrt file every ntwr steps              
ntwx = 100,                         ! mdcrd file every ntwx steps              
ntwv = -1,                          ! mdvel without velocities                 
ntwe = 0,                           ! Energies and temperatures not written in 
idecomp = 0,                        ! No energy decomposition                  
iwrap = 1,                          ! Coordinates of the restart and mdcrd file
                                                                               
! Frozen or restrained atoms                                                   
ibelly = 0,                         ! No frozen atoms                          
ntr=0,                              ! Harmonic potential restraints            
                                                                               
! Molecular dynamics                                                           
nstlim = 40000,                      ! Number of MD-steps                      
dt = 0.0005,                        ! Time step                                
                                                                               
! Temperature regulation                                                       
ntt = 0,                            ! Constant total energy                    
                                                                               
! P and V regulation                                                           
ntp = 0,                            ! No P control                             
ntb = 1,                            ! constant V                               
                                                                               
! SHAKE variables                                                              
ntc = 1,                            ! Bonds involving H are constrained        
ntf = 1,                            ! Bond interaction involving H are ommited.
                                                                               
cut = 9.0,                          ! Nonbonded cutoff                         
/                                                                              
&end                                                                           


Note: ig = -1. Setting random seed to   179038 based on wallclock time in 
      microseconds.
| irandom = 1, using AMBER's internal random number generator (default).
 
|--------------------- INFORMATION ----------------------
| GPU (CUDA) Version of PMEMD in use: NVIDIA GPU IN USE.
|                    Version 16.0.0
| 
|                      02/25/2016
| 
| Implementation by:
|                    Ross C. Walker     (SDSC)
|                    Scott Le Grand     (nVIDIA)
| 
| Precision model in use:
|      [SPFP] - Single Precision Forces, 64-bit Fixed Point
|               Accumulation. (Default)
| 
|--------------------------------------------------------
 
|----------------- CITATION INFORMATION -----------------
|
|    When publishing work that utilized the CUDA version
|    of AMBER, please cite the following in addition to
|    the regular AMBER citations:
|
|  - Romelia Salomon-Ferrer; Andreas W. Goetz; Duncan
|    Poole; Scott Le Grand; Ross C. Walker "Routine
|    microsecond molecular dynamics simulations with
|    AMBER - Part II: Particle Mesh Ewald", J. Chem.
|    Theory Comput., 2013, 9 (9), pp3878-3888,
|    DOI: 10.1021/ct400314y.
|
|  - Andreas W. Goetz; Mark J. Williamson; Dong Xu;
|    Duncan Poole; Scott Le Grand; Ross C. Walker
|    "Routine microsecond molecular dynamics simulations
|    with AMBER - Part I: Generalized Born", J. Chem.
|    Theory Comput., 2012, 8 (5), pp1542-1555.
|
|  - Scott Le Grand; Andreas W. Goetz; Ross C. Walker
|    "SPFP: Speed without compromise - a mixed precision
|    model for GPU accelerated molecular dynamics
|    simulations.", Comp. Phys. Comm., 2013, 184
|    pp374-380, DOI: 10.1016/j.cpc.2012.09.022
|
|--------------------------------------------------------
 
|------------------- GPU DEVICE INFO --------------------
|
|            CUDA_VISIBLE_DEVICES: 0
|   CUDA Capable Devices Detected:      1
|           CUDA Device ID in use:      0
|                CUDA Device Name: GeForce GTX TITAN
|     CUDA Device Global Mem Size:   6082 MB
| CUDA Device Num Multiprocessors:     14
|           CUDA Device Core Freq:   0.93 GHz
|
|--------------------------------------------------------
 
 
| Conditional Compilation Defines Used:
| PUBFFT
| BINTRAJ
| CUDA
| EMIL

| Largest sphere to fit in unit cell has radius =    26.281

| New format PARM file being parsed.
| Version =    1.000 Date = 09/04/12 Time = 16:08:43

| Note: 1-4 EEL scale factors are being read from the topology file.

| Note: 1-4 VDW scale factors are being read from the topology file.
| Duplicated    0 dihedrals

| Duplicated    0 dihedrals

--------------------------------------------------------------------------------
   1.  RESOURCE   USE: 
--------------------------------------------------------------------------------

 getting new box info from bottom of inpcrd
 NATOM  =   23082 NTYPES =      16 NBONH =   22055 MBONA  =    1038
 NTHETH =    2390 MTHETA =    1396 NPHIH =    4631 MPHIA  =    3488
 NHPARM =       0 NPARM  =       0 NNB   =   39434 NRES   =    7134
 NBONA  =    1038 NTHETA =    1396 NPHIA =    3488 NUMBND =      41
 NUMANG =      86 NPTRA  =      41 NATYP =      28 NPHB   =       1
 IFBOX  =       1 NMXRS  =      24 IFCAP =       0 NEXTRA =       0
 NCOPY  =       0

| Coordinate Index Table dimensions:    12   14   10
| Direct force subcell size =     5.0212    5.2012    5.2562

     BOX TYPE: RECTILINEAR

--------------------------------------------------------------------------------
   2.  CONTROL  DATA  FOR  THE  RUN
--------------------------------------------------------------------------------

default_name                                                                    

General flags:
     imin    =       0, nmropt  =       0

Nature and format of input:
     ntx     =       5, irest   =       1, ntrx    =       1

Nature and format of output:
     ntxo    =       1, ntpr    =     500, ntrx    =       1, ntwr    =     500
     iwrap   =       1, ntwx    =     100, ntwv    =      -1, ntwe    =       0
     ioutfm  =       1, ntwprt  =       0, idecomp =       0, rbornstat=      0

Potential function:
     ntf     =       1, ntb     =       1, igb     =       0, nsnb    =      25
     ipol    =       0, gbsa    =       0, iesp    =       0
     dielc   =   1.00000, cut     =   9.00000, intdiel =   1.00000

Frozen or restrained atoms:
     ibelly  =       0, ntr     =       0

Molecular dynamics:
     nstlim  =     40000, nscm    =      1000, nrespa  =         1
     t       =   0.00000, dt      =   0.00050, vlimit  =  -1.00000

| Intermolecular bonds treatment:
|     no_intermolecular_bonds =       1

| Energy averages sample interval:
|     ene_avg_sampling =     500

Ewald parameters:
     verbose =       0, ew_type =       0, nbflag  =       1, use_pme =       1
     vdwmeth =       1, eedmeth =       1, netfrc  =       1
     Box X =   60.254   Box Y =   72.816   Box Z =   52.562
     Alpha =   90.000   Beta  =   90.000   Gamma =   90.000
     NFFT1 =   64       NFFT2 =   80       NFFT3 =   56
     Cutoff=    9.000   Tol   =0.100E-04
     Ewald Coefficient =  0.30768
     Interpolation order =    4

--------------------------------------------------------------------------------
   3.  ATOMIC COORDINATES AND VELOCITIES
--------------------------------------------------------------------------------

default_name                                                                    
 begin time read from input coords =    31.000 ps

 
 Number of triangulated 3-point waters found:     7002

     Sum of charges from parm topology file =  -0.00000008
     Forcing neutrality...

| Dynamic Memory, Types Used:
| Reals              710578
| Integers           737140

| Nonbonded Pairs Initial Allocation:     5262696

| GPU memory information (estimate):
| KB of GPU memory in use:     63171
| KB of CPU memory in use:     27891

--------------------------------------------------------------------------------
   4.  RESULTS
--------------------------------------------------------------------------------

 ---------------------------------------------------
 APPROXIMATING switch and d/dx switch using CUBIC SPLINE INTERPOLATION
 using   5000.0 points per unit in tabled values
 TESTING RELATIVE ERROR over r ranging from 0.0 to cutoff
| CHECK switch(x): max rel err =   0.2738E-14   at   2.422500
| CHECK d/dx switch(x): max rel err =   0.8314E-11   at   2.736960
 ---------------------------------------------------
|---------------------------------------------------
| APPROXIMATING direct energy using CUBIC SPLINE INTERPOLATION
|  with   50.0 points per unit in tabled values
| Relative Error Limit not exceeded for r .gt.   2.39
| APPROXIMATING direct force using CUBIC SPLINE INTERPOLATION
|  with   50.0 points per unit in tabled values
| Relative Error Limit not exceeded for r .gt.   2.84
|---------------------------------------------------

 NSTEP =      500   TIME(PS) =      31.250  TEMP(K) =   308.58  PRESS =     0.0
 Etot   =    -50991.4762  EKtot   =     21230.2930  EPtot      =    -72221.7691
 BOND   =     12934.6123  ANGLE   =      1258.5446  DIHED      =      1338.4070
 1-4 NB =       441.1547  1-4 EEL =      4598.1645  VDWAALS    =     12879.6006
 EELEC  =   -105672.2528  EHBOND  =         0.0000  RESTRAINT  =         0.0000
 ------------------------------------------------------------------------------

check COM velocity, temp:        0.000004     0.00(Removed)

 NSTEP =     1000   TIME(PS) =      31.500  TEMP(K) =   309.21  PRESS =     0.0
 Etot   =    -50991.3927  EKtot   =     21273.4922  EPtot      =    -72264.8849
 BOND   =     12959.1761  ANGLE   =      1215.2880  DIHED      =      1343.4372
 1-4 NB =       448.8564  1-4 EEL =      4627.2041  VDWAALS    =     12947.0405
 EELEC  =   -105805.8872  EHBOND  =         0.0000  RESTRAINT  =         0.0000
 ------------------------------------------------------------------------------


 NSTEP =     1500   TIME(PS) =      31.750  TEMP(K) =   307.72  PRESS =     0.0
 Etot   =    -50989.3890  EKtot   =     21170.9570  EPtot      =    -72160.3461
 BOND   =     12973.0816  ANGLE   =      1174.2848  DIHED      =      1348.7386
 1-4 NB =       452.2571  1-4 EEL =      4657.2066  VDWAALS    =     12533.6686
 EELEC  =   -105299.5835  EHBOND  =         0.0000  RESTRAINT  =         0.0000
 ------------------------------------------------------------------------------

check COM velocity, temp:        0.000010     0.00(Removed)

 NSTEP =     2000   TIME(PS) =      32.000  TEMP(K) =   307.13  PRESS =     0.0
 Etot   =    -50988.3089  EKtot   =     21130.1797  EPtot      =    -72118.4885
 BOND   =     12949.3930  ANGLE   =      1183.1725  DIHED      =      1335.4711
 1-4 NB =       448.7060  1-4 EEL =      4677.7603  VDWAALS    =     12694.4534
 EELEC  =   -105407.4449  EHBOND  =         0.0000  RESTRAINT  =         0.0000
 ------------------------------------------------------------------------------


 NSTEP =     2500   TIME(PS) =      32.250  TEMP(K) =   307.81  PRESS =     0.0
 Etot   =    -50991.0771  EKtot   =     21177.3398  EPtot      =    -72168.4169
 BOND   =     12895.4576  ANGLE   =      1144.1290  DIHED      =      1353.5893
 1-4 NB =       464.6963  1-4 EEL =      4684.9738  VDWAALS    =     12744.0957
 EELEC  =   -105455.3586  EHBOND  =         0.0000  RESTRAINT  =         0.0000
 ------------------------------------------------------------------------------

check COM velocity, temp:        0.000006     0.00(Removed)

 NSTEP =     3000   TIME(PS) =      32.500  TEMP(K) =   305.93  PRESS =     0.0
 Etot   =    -50987.9534  EKtot   =     21048.1230  EPtot      =    -72036.0765
 BOND   =     12940.6977  ANGLE   =      1149.9720  DIHED      =      1346.2488
 1-4 NB =       444.4393  1-4 EEL =      4660.4812  VDWAALS    =     12585.3836
 EELEC  =   -105163.2990  EHBOND  =         0.0000  RESTRAINT  =         0.0000
 ------------------------------------------------------------------------------


 NSTEP =     3500   TIME(PS) =      32.750  TEMP(K) =   307.09  PRESS =     0.0
 Etot   =    -50988.4183  EKtot   =     21127.7012  EPtot      =    -72116.1194
 BOND   =     12990.8816  ANGLE   =      1192.0708  DIHED      =      1315.0394
 1-4 NB =       469.0018  1-4 EEL =      4655.9579  VDWAALS    =     12687.5592
 EELEC  =   -105426.6300  EHBOND  =         0.0000  RESTRAINT  =         0.0000
 ------------------------------------------------------------------------------

check COM velocity, temp:        0.000005     0.00(Removed)

 NSTEP =     4000   TIME(PS) =      33.000  TEMP(K) =   304.90  PRESS =     0.0
 Etot   =    -50990.4051  EKtot   =     20976.8398  EPtot      =    -71967.2449
 BOND   =     12986.7869  ANGLE   =      1190.6860  DIHED      =      1349.6202
 1-4 NB =       454.4312  1-4 EEL =      4654.1287  VDWAALS    =     13006.4354
 EELEC  =   -105609.3333  EHBOND  =         0.0000  RESTRAINT  =         0.0000
 ------------------------------------------------------------------------------


 NSTEP =     4500   TIME(PS) =      33.250  TEMP(K) =   306.70  PRESS =     0.0
 Etot   =    -50987.5057  EKtot   =     21101.1055  EPtot      =    -72088.6112
 BOND   =     13110.6839  ANGLE   =      1086.1385  DIHED      =      1341.1974
 1-4 NB =       440.9389  1-4 EEL =      4660.2462  VDWAALS    =     12751.2508
 EELEC  =   -105479.0668  EHBOND  =         0.0000  RESTRAINT  =         0.0000
 ------------------------------------------------------------------------------

check COM velocity, temp:        0.000008     0.00(Removed)

 NSTEP =     5000   TIME(PS) =      33.500  TEMP(K) =   307.82  PRESS =     0.0
 Etot   =    -50989.7798  EKtot   =     21178.1641  EPtot      =    -72167.9439
 BOND   =     13017.7996  ANGLE   =      1140.8336  DIHED      =      1330.1065
 1-4 NB =       447.2460  1-4 EEL =      4666.7062  VDWAALS    =     13085.7542
 EELEC  =   -105856.3900  EHBOND  =         0.0000  RESTRAINT  =         0.0000
 ------------------------------------------------------------------------------


 NSTEP =     5500   TIME(PS) =      33.750  TEMP(K) =   305.34  PRESS =     0.0
 Etot   =    -50989.4844  EKtot   =     21007.1797  EPtot      =    -71996.6640
 BOND   =     12959.0337  ANGLE   =      1119.5161  DIHED      =      1344.8809
 1-4 NB =       458.8971  1-4 EEL =      4611.1275  VDWAALS    =     12834.1571
 EELEC  =   -105324.2764  EHBOND  =         0.0000  RESTRAINT  =         0.0000
 ------------------------------------------------------------------------------

check COM velocity, temp:        0.000004     0.00(Removed)

 NSTEP =     6000   TIME(PS) =      34.000  TEMP(K) =   307.31  PRESS =     0.0
 Etot   =    -50989.2594  EKtot   =     21142.8867  EPtot      =    -72132.1461
 BOND   =     12821.1262  ANGLE   =      1132.2362  DIHED      =      1345.3682
 1-4 NB =       454.3164  1-4 EEL =      4630.3544  VDWAALS    =     12647.0139
 EELEC  =   -105162.5614  EHBOND  =         0.0000  RESTRAINT  =         0.0000
 ------------------------------------------------------------------------------


 NSTEP =     6500   TIME(PS) =      34.250  TEMP(K) =   306.56  PRESS =     0.0
 Etot   =    -50992.9277  EKtot   =     21091.4785  EPtot      =    -72084.4062
 BOND   =     12910.9830  ANGLE   =      1178.1645  DIHED      =      1350.0297
 1-4 NB =       444.2809  1-4 EEL =      4629.6078  VDWAALS    =     12602.9401
 EELEC  =   -105200.4123  EHBOND  =         0.0000  RESTRAINT  =         0.0000
 ------------------------------------------------------------------------------

check COM velocity, temp:        0.000002     0.00(Removed)

 NSTEP =     7000   TIME(PS) =      34.500  TEMP(K) =   306.27  PRESS =     0.0
 Etot   =    -50989.6986  EKtot   =     21071.0898  EPtot      =    -72060.7885
 BOND   =     12901.9772  ANGLE   =      1125.4464  DIHED      =      1350.7893
 1-4 NB =       433.4783  1-4 EEL =      4637.2665  VDWAALS    =     12634.3944
 EELEC  =   -105144.1405  EHBOND  =         0.0000  RESTRAINT  =         0.0000
 ------------------------------------------------------------------------------


 NSTEP =     7500   TIME(PS) =      34.750  TEMP(K) =   305.91  PRESS =     0.0
 Etot   =    -50991.1299  EKtot   =     21046.4746  EPtot      =    -72037.6046
 BOND   =     12868.7085  ANGLE   =      1152.5786  DIHED      =      1330.3262
 1-4 NB =       457.9982  1-4 EEL =      4595.0240  VDWAALS    =     12393.0000
 EELEC  =   -104835.2400  EHBOND  =         0.0000  RESTRAINT  =         0.0000
 ------------------------------------------------------------------------------

check COM velocity, temp:        0.000007     0.00(Removed)

 NSTEP =     8000   TIME(PS) =      35.000  TEMP(K) =   305.34  PRESS =     0.0
 Etot   =    -50990.3273  EKtot   =     21007.5293  EPtot      =    -71997.8566
 BOND   =     12947.4618  ANGLE   =      1120.8478  DIHED      =      1369.8301
 1-4 NB =       439.6324  1-4 EEL =      4604.4662  VDWAALS    =     12676.0111
 EELEC  =   -105156.1061  EHBOND  =         0.0000  RESTRAINT  =         0.0000
 ------------------------------------------------------------------------------


 NSTEP =     8500   TIME(PS) =      35.250  TEMP(K) =   306.69  PRESS =     0.0
 Etot   =    -50990.9307  EKtot   =     21100.4551  EPtot      =    -72091.3858
 BOND   =     12758.1922  ANGLE   =      1085.0372  DIHED      =      1354.8089
 1-4 NB =       449.2895  1-4 EEL =      4636.3788  VDWAALS    =     12522.8615
 EELEC  =   -104897.9539  EHBOND  =         0.0000  RESTRAINT  =         0.0000
 ------------------------------------------------------------------------------

check COM velocity, temp:        0.000005     0.00(Removed)

 NSTEP =     9000   TIME(PS) =      35.500  TEMP(K) =   306.41  PRESS =     0.0
 Etot   =    -50989.6236  EKtot   =     21080.5820  EPtot      =    -72070.2056
 BOND   =     12679.8007  ANGLE   =      1130.7840  DIHED      =      1367.1384
 1-4 NB =       458.4440  1-4 EEL =      4634.4563  VDWAALS    =     12437.4917
 EELEC  =   -104778.3208  EHBOND  =         0.0000  RESTRAINT  =         0.0000
 ------------------------------------------------------------------------------


 NSTEP =     9500   TIME(PS) =      35.750  TEMP(K) =   306.71  PRESS =     0.0
 Etot   =    -50985.4722  EKtot   =     21101.2949  EPtot      =    -72086.7671
 BOND   =     12924.9128  ANGLE   =      1081.6122  DIHED      =      1370.6244
 1-4 NB =       460.5279  1-4 EEL =      4633.4615  VDWAALS    =     12478.4044
 EELEC  =   -105036.3103  EHBOND  =         0.0000  RESTRAINT  =         0.0000
 ------------------------------------------------------------------------------

check COM velocity, temp:        0.000006     0.00(Removed)

 NSTEP =    10000   TIME(PS) =      36.000  TEMP(K) =   305.30  PRESS =     0.0
 Etot   =    -50986.3953  EKtot   =     21004.5762  EPtot      =    -71990.9714
 BOND   =     12878.0661  ANGLE   =      1109.3061  DIHED      =      1347.8804
 1-4 NB =       448.5076  1-4 EEL =      4638.0917  VDWAALS    =     12534.6274
 EELEC  =   -104947.4507  EHBOND  =         0.0000  RESTRAINT  =         0.0000
 ------------------------------------------------------------------------------


 NSTEP =    10500   TIME(PS) =      36.250  TEMP(K) =   304.81  PRESS =     0.0
 Etot   =    -50988.1702  EKtot   =     20970.6133  EPtot      =    -71958.7835
 BOND   =     12899.4362  ANGLE   =      1083.3507  DIHED      =      1333.8429
 1-4 NB =       432.0150  1-4 EEL =      4650.5554  VDWAALS    =     12655.3873
 EELEC  =   -105013.3712  EHBOND  =         0.0000  RESTRAINT  =         0.0000
 ------------------------------------------------------------------------------

check COM velocity, temp:        0.000003     0.00(Removed)

 NSTEP =    11000   TIME(PS) =      36.500  TEMP(K) =   305.04  PRESS =     0.0
 Etot   =    -50986.9551  EKtot   =     20986.7090  EPtot      =    -71973.6641
 BOND   =     12743.5931  ANGLE   =      1092.4208  DIHED      =      1347.6652
 1-4 NB =       454.7048  1-4 EEL =      4664.0047  VDWAALS    =     12575.0166
 EELEC  =   -104851.0693  EHBOND  =         0.0000  RESTRAINT  =         0.0000
 ------------------------------------------------------------------------------


 NSTEP =    11500   TIME(PS) =      36.750  TEMP(K) =   306.84  PRESS =     0.0
 Etot   =    -50991.9549  EKtot   =     21110.4336  EPtot      =    -72102.3885
 BOND   =     12647.3326  ANGLE   =      1132.7948  DIHED      =      1308.8648
 1-4 NB =       458.2530  1-4 EEL =      4601.2019  VDWAALS    =     12579.5490
 EELEC  =   -104830.3847  EHBOND  =         0.0000  RESTRAINT  =         0.0000
 ------------------------------------------------------------------------------

check COM velocity, temp:        0.000005     0.00(Removed)

 NSTEP =    12000   TIME(PS) =      37.000  TEMP(K) =   303.28  PRESS =     0.0
 Etot   =    -50989.6656  EKtot   =     20865.3281  EPtot      =    -71854.9938
 BOND   =     12811.3061  ANGLE   =      1133.6556  DIHED      =      1322.9678
 1-4 NB =       453.8707  1-4 EEL =      4651.6430  VDWAALS    =     12599.4513
 EELEC  =   -104827.8884  EHBOND  =         0.0000  RESTRAINT  =         0.0000
 ------------------------------------------------------------------------------


 NSTEP =    12500   TIME(PS) =      37.250  TEMP(K) =   305.08  PRESS =     0.0
 Etot   =    -50986.8593  EKtot   =     20989.5098  EPtot      =    -71976.3691
 BOND   =     12802.6221  ANGLE   =      1082.4580  DIHED      =      1371.0503
 1-4 NB =       451.0075  1-4 EEL =      4653.8394  VDWAALS    =     12740.6183
 EELEC  =   -105077.9647  EHBOND  =         0.0000  RESTRAINT  =         0.0000
 ------------------------------------------------------------------------------

check COM velocity, temp:        0.000003     0.00(Removed)

 NSTEP =    13000   TIME(PS) =      37.500  TEMP(K) =   303.65  PRESS =     0.0
 Etot   =    -50987.7725  EKtot   =     20891.1953  EPtot      =    -71878.9678
 BOND   =     12811.9344  ANGLE   =      1147.2541  DIHED      =      1339.3927
 1-4 NB =       443.6174  1-4 EEL =      4593.3427  VDWAALS    =     12308.3231
 EELEC  =   -104522.8321  EHBOND  =         0.0000  RESTRAINT  =         0.0000
 ------------------------------------------------------------------------------


 NSTEP =    13500   TIME(PS) =      37.750  TEMP(K) =   306.40  PRESS =     0.0
 Etot   =    -50988.6199  EKtot   =     21079.8418  EPtot      =    -72068.4617
 BOND   =     12841.0928  ANGLE   =      1129.3829  DIHED      =      1359.4048
 1-4 NB =       450.9624  1-4 EEL =      4608.3396  VDWAALS    =     12676.2957
 EELEC  =   -105133.9400  EHBOND  =         0.0000  RESTRAINT  =         0.0000
 ------------------------------------------------------------------------------

check COM velocity, temp:        0.000007     0.00(Removed)

 NSTEP =    14000   TIME(PS) =      38.000  TEMP(K) =   303.96  PRESS =     0.0
 Etot   =    -50992.2666  EKtot   =     20912.1309  EPtot      =    -71904.3975
 BOND   =     12687.1198  ANGLE   =      1109.0656  DIHED      =      1338.4403
 1-4 NB =       436.5521  1-4 EEL =      4644.9767  VDWAALS    =     12446.0829
 EELEC  =   -104566.6349  EHBOND  =         0.0000  RESTRAINT  =         0.0000
 ------------------------------------------------------------------------------


 NSTEP =    14500   TIME(PS) =      38.250  TEMP(K) =   305.05  PRESS =     0.0
 Etot   =    -50989.3569  EKtot   =     20987.5117  EPtot      =    -71976.8686
 BOND   =     12872.6679  ANGLE   =      1124.7263  DIHED      =      1353.3981
 1-4 NB =       446.4515  1-4 EEL =      4601.7084  VDWAALS    =     12805.6401
 EELEC  =   -105181.4610  EHBOND  =         0.0000  RESTRAINT  =         0.0000
 ------------------------------------------------------------------------------

check COM velocity, temp:        0.000008     0.00(Removed)

 NSTEP =    15000   TIME(PS) =      38.500  TEMP(K) =   304.32  PRESS =     0.0
 Etot   =    -50991.8350  EKtot   =     20936.9434  EPtot      =    -71928.7783
 BOND   =     12708.1605  ANGLE   =      1048.5787  DIHED      =      1332.6906
 1-4 NB =       443.1550  1-4 EEL =      4675.8108  VDWAALS    =     12456.3859
 EELEC  =   -104593.5597  EHBOND  =         0.0000  RESTRAINT  =         0.0000
 ------------------------------------------------------------------------------


 NSTEP =    15500   TIME(PS) =      38.750  TEMP(K) =   306.64  PRESS =     0.0
 Etot   =    -50993.3446  EKtot   =     21096.7344  EPtot      =    -72090.0789
 BOND   =     12726.6307  ANGLE   =      1078.4486  DIHED      =      1343.7152
 1-4 NB =       459.3237  1-4 EEL =      4635.8728  VDWAALS    =     12739.3435
 EELEC  =   -105073.4135  EHBOND  =         0.0000  RESTRAINT  =         0.0000
 ------------------------------------------------------------------------------

check COM velocity, temp:        0.000010     0.00(Removed)

 NSTEP =    16000   TIME(PS) =      39.000  TEMP(K) =   304.79  PRESS =     0.0
 Etot   =    -50988.6059  EKtot   =     20969.5605  EPtot      =    -71958.1665
 BOND   =     12846.0143  ANGLE   =      1078.8159  DIHED      =      1347.1917
 1-4 NB =       443.6582  1-4 EEL =      4650.3147  VDWAALS    =     12521.8849
 EELEC  =   -104846.0463  EHBOND  =         0.0000  RESTRAINT  =         0.0000
 ------------------------------------------------------------------------------


 NSTEP =    16500   TIME(PS) =      39.250  TEMP(K) =   305.10  PRESS =     0.0
 Etot   =    -50986.6397  EKtot   =     20990.4961  EPtot      =    -71977.1358
 BOND   =     12999.5865  ANGLE   =      1106.9009  DIHED      =      1351.3483
 1-4 NB =       445.3156  1-4 EEL =      4631.8329  VDWAALS    =     12553.7364
 EELEC  =   -105065.8564  EHBOND  =         0.0000  RESTRAINT  =         0.0000
 ------------------------------------------------------------------------------

check COM velocity, temp:        0.000004     0.00(Removed)

 NSTEP =    17000   TIME(PS) =      39.500  TEMP(K) =   305.37  PRESS =     0.0
 Etot   =    -50989.7679  EKtot   =     21009.0957  EPtot      =    -71998.8636
 BOND   =     12900.7852  ANGLE   =      1048.6589  DIHED      =      1376.8181
 1-4 NB =       461.2713  1-4 EEL =      4684.2547  VDWAALS    =     12598.5485
 EELEC  =   -105069.2003  EHBOND  =         0.0000  RESTRAINT  =         0.0000
 ------------------------------------------------------------------------------


 NSTEP =    17500   TIME(PS) =      39.750  TEMP(K) =   307.54  PRESS =     0.0
 Etot   =    -50991.4999  EKtot   =     21158.4492  EPtot      =    -72149.9491
 BOND   =     12865.0919  ANGLE   =      1094.6824  DIHED      =      1336.5908
 1-4 NB =       444.8164  1-4 EEL =      4640.3784  VDWAALS    =     12583.7501
 EELEC  =   -105115.2590  EHBOND  =         0.0000  RESTRAINT  =         0.0000
 ------------------------------------------------------------------------------

check COM velocity, temp:        0.000001     0.00(Removed)

 NSTEP =    18000   TIME(PS) =      40.000  TEMP(K) =   304.99  PRESS =     0.0
 Etot   =    -50988.5921  EKtot   =     20983.4453  EPtot      =    -71972.0374
 BOND   =     13017.7525  ANGLE   =      1074.9554  DIHED      =      1339.5404
 1-4 NB =       443.6786  1-4 EEL =      4664.3890  VDWAALS    =     12548.8742
 EELEC  =   -105061.2274  EHBOND  =         0.0000  RESTRAINT  =         0.0000
 ------------------------------------------------------------------------------


 NSTEP =    18500   TIME(PS) =      40.250  TEMP(K) =   302.57  PRESS =     0.0
 Etot   =    -50986.7559  EKtot   =     20816.3672  EPtot      =    -71803.1231
 BOND   =     12962.1893  ANGLE   =      1085.4566  DIHED      =      1347.8237
 1-4 NB =       458.3532  1-4 EEL =      4642.1806  VDWAALS    =     12651.9404
 EELEC  =   -104951.0667  EHBOND  =         0.0000  RESTRAINT  =         0.0000
 ------------------------------------------------------------------------------

check COM velocity, temp:        0.000007     0.00(Removed)

 NSTEP =    19000   TIME(PS) =      40.500  TEMP(K) =   305.35  PRESS =     0.0
 Etot   =    -50988.3707  EKtot   =     21008.1602  EPtot      =    -71996.5308
 BOND   =     12896.3287  ANGLE   =      1107.3807  DIHED      =      1362.4384
 1-4 NB =       446.3767  1-4 EEL =      4649.5298  VDWAALS    =     12607.9680
 EELEC  =   -105066.5532  EHBOND  =         0.0000  RESTRAINT  =         0.0000
 ------------------------------------------------------------------------------


 NSTEP =    19500   TIME(PS) =      40.750  TEMP(K) =   303.29  PRESS =     0.0
 Etot   =    -50990.9448  EKtot   =     20866.1582  EPtot      =    -71857.1030
 BOND   =     12738.3010  ANGLE   =      1115.8279  DIHED      =      1340.7368
 1-4 NB =       447.4948  1-4 EEL =      4592.6289  VDWAALS    =     12654.9396
 EELEC  =   -104747.0320  EHBOND  =         0.0000  RESTRAINT  =         0.0000
 ------------------------------------------------------------------------------

check COM velocity, temp:        0.000004     0.00(Removed)

 NSTEP =    20000   TIME(PS) =      41.000  TEMP(K) =   304.65  PRESS =     0.0
 Etot   =    -50991.6535  EKtot   =     20959.9961  EPtot      =    -71951.6496
 BOND   =     12658.5279  ANGLE   =      1102.4636  DIHED      =      1354.2178
 1-4 NB =       457.4810  1-4 EEL =      4654.3962  VDWAALS    =     12725.1759
 EELEC  =   -104903.9120  EHBOND  =         0.0000  RESTRAINT  =         0.0000
 ------------------------------------------------------------------------------


 NSTEP =    20500   TIME(PS) =      41.250  TEMP(K) =   305.01  PRESS =     0.0
 Etot   =    -50992.9464  EKtot   =     20984.5840  EPtot      =    -71977.5304
 BOND   =     12910.1525  ANGLE   =      1109.8431  DIHED      =      1345.5411
 1-4 NB =       446.6781  1-4 EEL =      4605.4413  VDWAALS    =     12511.2039
 EELEC  =   -104906.3905  EHBOND  =         0.0000  RESTRAINT  =         0.0000
 ------------------------------------------------------------------------------

check COM velocity, temp:        0.000005     0.00(Removed)

 NSTEP =    21000   TIME(PS) =      41.500  TEMP(K) =   305.64  PRESS =     0.0
 Etot   =    -50995.3835  EKtot   =     21027.8438  EPtot      =    -72023.2272
 BOND   =     12632.7698  ANGLE   =      1079.5253  DIHED      =      1350.0022
 1-4 NB =       449.5217  1-4 EEL =      4647.9549  VDWAALS    =     12156.8146
 EELEC  =   -104339.8157  EHBOND  =         0.0000  RESTRAINT  =         0.0000
 ------------------------------------------------------------------------------


 NSTEP =    21500   TIME(PS) =      41.750  TEMP(K) =   304.33  PRESS =     0.0
 Etot   =    -50988.8183  EKtot   =     20937.5312  EPtot      =    -71926.3495
 BOND   =     12817.3319  ANGLE   =      1095.8090  DIHED      =      1354.5987
 1-4 NB =       436.0850  1-4 EEL =      4641.3243  VDWAALS    =     12701.6595
 EELEC  =   -104973.1579  EHBOND  =         0.0000  RESTRAINT  =         0.0000
 ------------------------------------------------------------------------------

check COM velocity, temp:        0.000010     0.00(Removed)

 NSTEP =    22000   TIME(PS) =      42.000  TEMP(K) =   305.54  PRESS =     0.0
 Etot   =    -50988.4844  EKtot   =     21021.2285  EPtot      =    -72009.7130
 BOND   =     12742.4839  ANGLE   =      1053.2143  DIHED      =      1335.4724
 1-4 NB =       445.7683  1-4 EEL =      4648.4841  VDWAALS    =     12279.2089
 EELEC  =   -104514.3449  EHBOND  =         0.0000  RESTRAINT  =         0.0000
 ------------------------------------------------------------------------------


 NSTEP =    22500   TIME(PS) =      42.250  TEMP(K) =   306.50  PRESS =     0.0
 Etot   =    -50987.4406  EKtot   =     21086.7871  EPtot      =    -72074.2277
 BOND   =     12718.9920  ANGLE   =      1081.3120  DIHED      =      1343.8497
 1-4 NB =       459.5318  1-4 EEL =      4665.2479  VDWAALS    =     12343.0013
 EELEC  =   -104686.1623  EHBOND  =         0.0000  RESTRAINT  =         0.0000
 ------------------------------------------------------------------------------

check COM velocity, temp:        0.000006     0.00(Removed)

 NSTEP =    23000   TIME(PS) =      42.500  TEMP(K) =   304.22  PRESS =     0.0
 Etot   =    -50991.2153  EKtot   =     20930.0723  EPtot      =    -71921.2876
 BOND   =     12620.7712  ANGLE   =      1082.2182  DIHED      =      1366.5607
 1-4 NB =       450.7163  1-4 EEL =      4666.8784  VDWAALS    =     12348.2560
 EELEC  =   -104456.6883  EHBOND  =         0.0000  RESTRAINT  =         0.0000
 ------------------------------------------------------------------------------


 NSTEP =    23500   TIME(PS) =      42.750  TEMP(K) =   304.39  PRESS =     0.0
 Etot   =    -50989.4270  EKtot   =     20941.9102  EPtot      =    -71931.3371
 BOND   =     12721.3161  ANGLE   =      1051.6906  DIHED      =      1333.7605
 1-4 NB =       444.4697  1-4 EEL =      4667.5039  VDWAALS    =     12347.0204
 EELEC  =   -104497.0983  EHBOND  =         0.0000  RESTRAINT  =         0.0000
 ------------------------------------------------------------------------------

check COM velocity, temp:        0.000010     0.00(Removed)

 NSTEP =    24000   TIME(PS) =      43.000  TEMP(K) =   304.37  PRESS =     0.0
 Etot   =    -50987.8720  EKtot   =     20940.4277  EPtot      =    -71928.2997
 BOND   =     12830.7044  ANGLE   =      1109.7782  DIHED      =      1336.1013
 1-4 NB =       444.0470  1-4 EEL =      4660.2014  VDWAALS    =     12322.1415
 EELEC  =   -104631.2736  EHBOND  =         0.0000  RESTRAINT  =         0.0000
 ------------------------------------------------------------------------------


 NSTEP =    24500   TIME(PS) =      43.250  TEMP(K) =   307.59  PRESS =     0.0
 Etot   =    -50992.8628  EKtot   =     21162.2383  EPtot      =    -72155.1011
 BOND   =     12605.3601  ANGLE   =      1063.4203  DIHED      =      1330.0076
 1-4 NB =       442.0052  1-4 EEL =      4663.8565  VDWAALS    =     12541.6730
 EELEC  =   -104801.4236  EHBOND  =         0.0000  RESTRAINT  =         0.0000
 ------------------------------------------------------------------------------

check COM velocity, temp:        0.000009     0.00(Removed)

 NSTEP =    25000   TIME(PS) =      43.500  TEMP(K) =   304.17  PRESS =     0.0
 Etot   =    -50992.5407  EKtot   =     20926.8555  EPtot      =    -71919.3961
 BOND   =     12702.8234  ANGLE   =      1066.0642  DIHED      =      1325.2298
 1-4 NB =       450.5608  1-4 EEL =      4649.9870  VDWAALS    =     12453.9693
 EELEC  =   -104568.0307  EHBOND  =         0.0000  RESTRAINT  =         0.0000
 ------------------------------------------------------------------------------


 NSTEP =    25500   TIME(PS) =      43.750  TEMP(K) =   306.81  PRESS =     0.0
 Etot   =    -50990.7711  EKtot   =     21108.6133  EPtot      =    -72099.3844
 BOND   =     12607.2795  ANGLE   =      1052.6281  DIHED      =      1326.0210
 1-4 NB =       445.2461  1-4 EEL =      4641.4794  VDWAALS    =     12253.4642
 EELEC  =   -104425.5026  EHBOND  =         0.0000  RESTRAINT  =         0.0000
 ------------------------------------------------------------------------------

check COM velocity, temp:        0.000007     0.00(Removed)

 NSTEP =    26000   TIME(PS) =      44.000  TEMP(K) =   305.96  PRESS =     0.0
 Etot   =    -50989.0934  EKtot   =     21049.8887  EPtot      =    -72038.9821
 BOND   =     12791.4690  ANGLE   =      1027.4832  DIHED      =      1348.1890
 1-4 NB =       442.7315  1-4 EEL =      4624.2676  VDWAALS    =     12575.3317
 EELEC  =   -104848.4542  EHBOND  =         0.0000  RESTRAINT  =         0.0000
 ------------------------------------------------------------------------------


 NSTEP =    26500   TIME(PS) =      44.250  TEMP(K) =   305.29  PRESS =     0.0
 Etot   =    -50990.5491  EKtot   =     21003.5664  EPtot      =    -71994.1155
 BOND   =     12758.5824  ANGLE   =      1077.4890  DIHED      =      1327.5747
 1-4 NB =       443.2314  1-4 EEL =      4650.5081  VDWAALS    =     12629.0968
 EELEC  =   -104880.5978  EHBOND  =         0.0000  RESTRAINT  =         0.0000
 ------------------------------------------------------------------------------

check COM velocity, temp:        0.000006     0.00(Removed)

 NSTEP =    27000   TIME(PS) =      44.500  TEMP(K) =   305.46  PRESS =     0.0
 Etot   =    -50993.5426  EKtot   =     21015.6602  EPtot      =    -72009.2027
 BOND   =     12545.8009  ANGLE   =      1075.8203  DIHED      =      1328.6187
 1-4 NB =       434.6312  1-4 EEL =      4598.5102  VDWAALS    =     12345.0101
 EELEC  =   -104337.5941  EHBOND  =         0.0000  RESTRAINT  =         0.0000
 ------------------------------------------------------------------------------


 NSTEP =    27500   TIME(PS) =      44.750  TEMP(K) =   305.42  PRESS =     0.0
 Etot   =    -50990.3075  EKtot   =     21012.9688  EPtot      =    -72003.2763
 BOND   =     12677.5836  ANGLE   =      1086.7242  DIHED      =      1342.0831
 1-4 NB =       442.3835  1-4 EEL =      4656.9694  VDWAALS    =     12658.8840
 EELEC  =   -104867.9040  EHBOND  =         0.0000  RESTRAINT  =         0.0000
 ------------------------------------------------------------------------------

check COM velocity, temp:        0.000006     0.00(Removed)

 NSTEP =    28000   TIME(PS) =      45.000  TEMP(K) =   305.08  PRESS =     0.0
 Etot   =    -50990.5036  EKtot   =     20989.1406  EPtot      =    -71979.6442
 BOND   =     12772.9284  ANGLE   =      1084.1326  DIHED      =      1341.2816
 1-4 NB =       427.9688  1-4 EEL =      4670.3527  VDWAALS    =     12541.0769
 EELEC  =   -104817.3852  EHBOND  =         0.0000  RESTRAINT  =         0.0000
 ------------------------------------------------------------------------------


 NSTEP =    28500   TIME(PS) =      45.250  TEMP(K) =   307.22  PRESS =     0.0
 Etot   =    -50990.3893  EKtot   =     21136.4531  EPtot      =    -72126.8424
 BOND   =     12757.6370  ANGLE   =      1090.1869  DIHED      =      1330.1256
 1-4 NB =       451.2053  1-4 EEL =      4595.1723  VDWAALS    =     12782.4256
 EELEC  =   -105133.5952  EHBOND  =         0.0000  RESTRAINT  =         0.0000
 ------------------------------------------------------------------------------

check COM velocity, temp:        0.000010     0.00(Removed)

 NSTEP =    29000   TIME(PS) =      45.500  TEMP(K) =   305.22  PRESS =     0.0
 Etot   =    -50988.2907  EKtot   =     20998.9473  EPtot      =    -71987.2380
 BOND   =     12837.7175  ANGLE   =      1024.1925  DIHED      =      1321.3611
 1-4 NB =       435.8815  1-4 EEL =      4651.2798  VDWAALS    =     12536.3487
 EELEC  =   -104794.0192  EHBOND  =         0.0000  RESTRAINT  =         0.0000
 ------------------------------------------------------------------------------


 NSTEP =    29500   TIME(PS) =      45.750  TEMP(K) =   307.17  PRESS =     0.0
 Etot   =    -50990.9646  EKtot   =     21133.1875  EPtot      =    -72124.1521
 BOND   =     12699.9217  ANGLE   =      1086.6555  DIHED      =      1350.1866
 1-4 NB =       455.2446  1-4 EEL =      4613.6908  VDWAALS    =     12516.2822
 EELEC  =   -104846.1336  EHBOND  =         0.0000  RESTRAINT  =         0.0000
 ------------------------------------------------------------------------------

check COM velocity, temp:        0.000007     0.00(Removed)

 NSTEP =    30000   TIME(PS) =      46.000  TEMP(K) =   304.75  PRESS =     0.0
 Etot   =    -50996.0466  EKtot   =     20966.8555  EPtot      =    -71962.9020
 BOND   =     12685.6636  ANGLE   =      1101.4977  DIHED      =      1337.1183
 1-4 NB =       459.5245  1-4 EEL =      4657.1758  VDWAALS    =     12553.1432
 EELEC  =   -104757.0252  EHBOND  =         0.0000  RESTRAINT  =         0.0000
 ------------------------------------------------------------------------------


 NSTEP =    30500   TIME(PS) =      46.250  TEMP(K) =   306.02  PRESS =     0.0
 Etot   =    -50992.8322  EKtot   =     21054.3262  EPtot      =    -72047.1584
 BOND   =     12837.5249  ANGLE   =      1008.4588  DIHED      =      1350.0011
 1-4 NB =       450.0792  1-4 EEL =      4635.1530  VDWAALS    =     12655.4113
 EELEC  =   -104983.7867  EHBOND  =         0.0000  RESTRAINT  =         0.0000
 ------------------------------------------------------------------------------

check COM velocity, temp:        0.000004     0.00(Removed)

 NSTEP =    31000   TIME(PS) =      46.500  TEMP(K) =   306.79  PRESS =     0.0
 Etot   =    -50991.7202  EKtot   =     21106.8555  EPtot      =    -72098.5757
 BOND   =     12755.9775  ANGLE   =      1045.1923  DIHED      =      1338.5342
 1-4 NB =       447.1113  1-4 EEL =      4605.0569  VDWAALS    =     12451.0864
 EELEC  =   -104741.5342  EHBOND  =         0.0000  RESTRAINT  =         0.0000
 ------------------------------------------------------------------------------


 NSTEP =    31500   TIME(PS) =      46.750  TEMP(K) =   303.28  PRESS =     0.0
 Etot   =    -50989.1553  EKtot   =     20865.5078  EPtot      =    -71854.6631
 BOND   =     12807.6813  ANGLE   =      1043.0323  DIHED      =      1349.4447
 1-4 NB =       448.4232  1-4 EEL =      4628.7058  VDWAALS    =     12524.0599
 EELEC  =   -104656.0104  EHBOND  =         0.0000  RESTRAINT  =         0.0000
 ------------------------------------------------------------------------------

check COM velocity, temp:        0.000007     0.00(Removed)

 NSTEP =    32000   TIME(PS) =      47.000  TEMP(K) =   305.61  PRESS =     0.0
 Etot   =    -50988.1484  EKtot   =     21025.5898  EPtot      =    -72013.7382
 BOND   =     12878.6685  ANGLE   =      1099.7946  DIHED      =      1325.5884
 1-4 NB =       435.4045  1-4 EEL =      4663.9576  VDWAALS    =     12557.2577
 EELEC  =   -104974.4097  EHBOND  =         0.0000  RESTRAINT  =         0.0000
 ------------------------------------------------------------------------------


 NSTEP =    32500   TIME(PS) =      47.250  TEMP(K) =   306.36  PRESS =     0.0
 Etot   =    -50990.1537  EKtot   =     21077.2637  EPtot      =    -72067.4174
 BOND   =     12834.9620  ANGLE   =      1104.8744  DIHED      =      1364.5834
 1-4 NB =       441.5456  1-4 EEL =      4628.4651  VDWAALS    =     12683.5584
 EELEC  =   -105125.4063  EHBOND  =         0.0000  RESTRAINT  =         0.0000
 ------------------------------------------------------------------------------

check COM velocity, temp:        0.000009     0.00(Removed)

 NSTEP =    33000   TIME(PS) =      47.500  TEMP(K) =   304.27  PRESS =     0.0
 Etot   =    -50992.0752  EKtot   =     20933.7500  EPtot      =    -71925.8252
 BOND   =     12766.9894  ANGLE   =      1115.7412  DIHED      =      1345.9356
 1-4 NB =       446.9702  1-4 EEL =      4661.6526  VDWAALS    =     12787.9906
 EELEC  =   -105051.1050  EHBOND  =         0.0000  RESTRAINT  =         0.0000
 ------------------------------------------------------------------------------


 NSTEP =    33500   TIME(PS) =      47.750  TEMP(K) =   304.81  PRESS =     0.0
 Etot   =    -50991.5763  EKtot   =     20970.6953  EPtot      =    -71962.2716
 BOND   =     12673.5522  ANGLE   =      1090.4325  DIHED      =      1377.4469
 1-4 NB =       445.1463  1-4 EEL =      4647.2057  VDWAALS    =     12333.9451
 EELEC  =   -104530.0003  EHBOND  =         0.0000  RESTRAINT  =         0.0000
 ------------------------------------------------------------------------------

check COM velocity, temp:        0.000004     0.00(Removed)

 NSTEP =    34000   TIME(PS) =      48.000  TEMP(K) =   304.35  PRESS =     0.0
 Etot   =    -50989.7216  EKtot   =     20938.9883  EPtot      =    -71928.7098
 BOND   =     12810.1914  ANGLE   =      1136.1116  DIHED      =      1343.3830
 1-4 NB =       438.5664  1-4 EEL =      4612.6947  VDWAALS    =     12531.6382
 EELEC  =   -104801.2952  EHBOND  =         0.0000  RESTRAINT  =         0.0000
 ------------------------------------------------------------------------------


 NSTEP =    34500   TIME(PS) =      48.250  TEMP(K) =   302.12  PRESS =     0.0
 Etot   =    -50989.0010  EKtot   =     20785.5879  EPtot      =    -71774.5889
 BOND   =     12739.8226  ANGLE   =      1081.7770  DIHED      =      1340.1043
 1-4 NB =       449.0661  1-4 EEL =      4653.6448  VDWAALS    =     12351.0805
 EELEC  =   -104390.0842  EHBOND  =         0.0000  RESTRAINT  =         0.0000
 ------------------------------------------------------------------------------

check COM velocity, temp:        0.000003     0.00(Removed)

 NSTEP =    35000   TIME(PS) =      48.500  TEMP(K) =   305.09  PRESS =     0.0
 Etot   =    -50991.3567  EKtot   =     20989.9961  EPtot      =    -71981.3528
 BOND   =     12659.9973  ANGLE   =      1081.5721  DIHED      =      1303.8511
 1-4 NB =       442.1749  1-4 EEL =      4618.8266  VDWAALS    =     12755.9606
 EELEC  =   -104843.7355  EHBOND  =         0.0000  RESTRAINT  =         0.0000
 ------------------------------------------------------------------------------


 NSTEP =    35500   TIME(PS) =      48.750  TEMP(K) =   303.72  PRESS =     0.0
 Etot   =    -50991.8333  EKtot   =     20896.1387  EPtot      =    -71887.9720
 BOND   =     12739.8819  ANGLE   =      1068.1551  DIHED      =      1345.5471
 1-4 NB =       434.4316  1-4 EEL =      4671.2814  VDWAALS    =     12574.9051
 EELEC  =   -104722.1742  EHBOND  =         0.0000  RESTRAINT  =         0.0000
 ------------------------------------------------------------------------------

check COM velocity, temp:        0.000011     0.00(Removed)

 NSTEP =    36000   TIME(PS) =      49.000  TEMP(K) =   303.80  PRESS =     0.0
 Etot   =    -50989.5720  EKtot   =     20901.4727  EPtot      =    -71891.0447
 BOND   =     12831.3467  ANGLE   =      1048.6262  DIHED      =      1363.8751
 1-4 NB =       446.1525  1-4 EEL =      4642.3329  VDWAALS    =     12643.4877
 EELEC  =   -104866.8657  EHBOND  =         0.0000  RESTRAINT  =         0.0000
 ------------------------------------------------------------------------------


 NSTEP =    36500   TIME(PS) =      49.250  TEMP(K) =   302.82  PRESS =     0.0
 Etot   =    -50989.8314  EKtot   =     20833.6191  EPtot      =    -71823.4505
 BOND   =     12897.4329  ANGLE   =      1083.3835  DIHED      =      1345.3395
 1-4 NB =       441.0881  1-4 EEL =      4673.9877  VDWAALS    =     12429.3645
 EELEC  =   -104694.0467  EHBOND  =         0.0000  RESTRAINT  =         0.0000
 ------------------------------------------------------------------------------

check COM velocity, temp:        0.000006     0.00(Removed)

 NSTEP =    37000   TIME(PS) =      49.500  TEMP(K) =   305.08  PRESS =     0.0
 Etot   =    -50990.7563  EKtot   =     20989.3848  EPtot      =    -71980.1410
 BOND   =     12779.3538  ANGLE   =      1082.2726  DIHED      =      1326.5072
 1-4 NB =       426.2481  1-4 EEL =      4660.8478  VDWAALS    =     12417.2278
 EELEC  =   -104672.5984  EHBOND  =         0.0000  RESTRAINT  =         0.0000
 ------------------------------------------------------------------------------


 NSTEP =    37500   TIME(PS) =      49.750  TEMP(K) =   301.76  PRESS =     0.0
 Etot   =    -50990.3369  EKtot   =     20760.9629  EPtot      =    -71751.2998
 BOND   =     12957.4244  ANGLE   =      1107.3954  DIHED      =      1358.1722
 1-4 NB =       448.3009  1-4 EEL =      4654.5671  VDWAALS    =     12326.1834
 EELEC  =   -104603.3432  EHBOND  =         0.0000  RESTRAINT  =         0.0000
 ------------------------------------------------------------------------------

check COM velocity, temp:        0.000007     0.00(Removed)

 NSTEP =    38000   TIME(PS) =      50.000  TEMP(K) =   304.49  PRESS =     0.0
 Etot   =    -50992.9099  EKtot   =     20948.5039  EPtot      =    -71941.4138
 BOND   =     12832.5236  ANGLE   =      1088.7957  DIHED      =      1334.0922
 1-4 NB =       450.7981  1-4 EEL =      4619.7918  VDWAALS    =     12535.3997
 EELEC  =   -104802.8150  EHBOND  =         0.0000  RESTRAINT  =         0.0000
 ------------------------------------------------------------------------------


 NSTEP =    38500   TIME(PS) =      50.250  TEMP(K) =   306.09  PRESS =     0.0
 Etot   =    -50991.5354  EKtot   =     21058.6270  EPtot      =    -72050.1623
 BOND   =     12686.4678  ANGLE   =      1040.1039  DIHED      =      1344.1364
 1-4 NB =       464.8781  1-4 EEL =      4661.8034  VDWAALS    =     12556.2495
 EELEC  =   -104803.8014  EHBOND  =         0.0000  RESTRAINT  =         0.0000
 ------------------------------------------------------------------------------

check COM velocity, temp:        0.000004     0.00(Removed)

 NSTEP =    39000   TIME(PS) =      50.500  TEMP(K) =   305.21  PRESS =     0.0
 Etot   =    -50991.8034  EKtot   =     20998.4922  EPtot      =    -71990.2956
 BOND   =     12673.2826  ANGLE   =      1067.8413  DIHED      =      1331.0823
 1-4 NB =       440.3226  1-4 EEL =      4640.1452  VDWAALS    =     12489.3651
 EELEC  =   -104632.3349  EHBOND  =         0.0000  RESTRAINT  =         0.0000
 ------------------------------------------------------------------------------


 NSTEP =    39500   TIME(PS) =      50.750  TEMP(K) =   305.20  PRESS =     0.0
 Etot   =    -50989.7628  EKtot   =     20997.8594  EPtot      =    -71987.6222
 BOND   =     12824.5409  ANGLE   =      1058.4657  DIHED      =      1327.5413
 1-4 NB =       456.8122  1-4 EEL =      4661.8167  VDWAALS    =     12637.4721
 EELEC  =   -104954.2712  EHBOND  =         0.0000  RESTRAINT  =         0.0000
 ------------------------------------------------------------------------------

check COM velocity, temp:        0.000004     0.00(Removed)

 NSTEP =    40000   TIME(PS) =      51.000  TEMP(K) =   305.07  PRESS =     0.0
 Etot   =    -50990.4719  EKtot   =     20988.6348  EPtot      =    -71979.1067
 BOND   =     12811.1377  ANGLE   =      1065.2209  DIHED      =      1340.1758
 1-4 NB =       448.4589  1-4 EEL =      4654.7088  VDWAALS    =     12486.9414
 EELEC  =   -104785.7503  EHBOND  =         0.0000  RESTRAINT  =         0.0000
 ------------------------------------------------------------------------------


      A V E R A G E S   O V E R      80 S T E P S


 NSTEP =    40000   TIME(PS) =      51.000  TEMP(K) =   305.44  PRESS =     0.0
 Etot   =    -50990.1574  EKtot   =     21014.4180  EPtot      =    -72004.5753
 BOND   =     12813.5169  ANGLE   =      1099.5607  DIHED      =      1343.3837
 1-4 NB =       447.5609  1-4 EEL =      4641.9650  VDWAALS    =     12572.8707
 EELEC  =   -104923.4332  EHBOND  =         0.0000  RESTRAINT  =         0.0000
 ------------------------------------------------------------------------------


      R M S  F L U C T U A T I O N S


 NSTEP =    40000   TIME(PS) =      51.000  TEMP(K) =     1.43  PRESS =     0.0
 Etot   =         2.0009  EKtot   =        98.6192  EPtot      =        98.8133
 BOND   =       115.9284  ANGLE   =        43.7587  DIHED      =        14.3431
 1-4 NB =         8.4709  1-4 EEL =        23.6667  VDWAALS    =       168.8097
 EELEC  =       317.4925  EHBOND  =         0.0000  RESTRAINT  =         0.0000
|E(PBS) =         0.8081
 ------------------------------------------------------------------------------

--------------------------------------------------------------------------------
   5.  TIMINGS
--------------------------------------------------------------------------------

|  NonSetup CPU Time in Major Routines:
|
|     Routine           Sec        %
|     ------------------------------
|     Nonbond           8.24   12.16
|     Bond              0.00    0.00
|     Angle             0.00    0.00
|     Dihedral          0.00    0.00
|     Shake             0.00    0.00
|     RunMD            59.48   87.76
|     Other             0.06    0.08
|     ------------------------------
|     Total            67.78

|  PME Nonbond Pairlist CPU Time:
|
|     Routine              Sec        %
|     ---------------------------------
|     Set Up Cit           0.00    0.00
|     Build List           0.00    0.00
|     ---------------------------------
|     Total                0.00    0.00

|  PME Direct Force CPU Time:
|
|     Routine              Sec        %
|     ---------------------------------
|     NonBonded Calc       0.00    0.00
|     Exclude Masked       0.00    0.00
|     Other                0.02    0.04
|     ---------------------------------
|     Total                0.02    0.04

|  PME Reciprocal Force CPU Time:
|
|     Routine              Sec        %
|     ---------------------------------
|     1D bspline           0.00    0.00
|     Grid Charges         0.00    0.00
|     Scalar Sum           0.00    0.00
|     Gradient Sum         0.00    0.00
|     FFT                  0.00    0.00
|     ---------------------------------
|     Total                0.00    0.00

|  Final Performance Info:
|     -----------------------------------------------------
|     Average timings for last    4500 steps:
|     Elapsed(s) =       7.79 Per Step(ms) =       1.73
|         ns/day =      24.96   seconds/ns =    3461.99
|
|     Average timings for all steps:
|     Elapsed(s) =      68.59 Per Step(ms) =       1.71
|         ns/day =      25.19   seconds/ns =    3429.60
|     -----------------------------------------------------

|  Setup CPU time:            1.76 seconds
|  NonSetup CPU time:        67.78 seconds
|  Total CPU time:           69.54 seconds     0.02 hours

|  Setup wall time:           3    seconds
|  NonSetup wall time:       69    seconds
|  Total wall time:          72    seconds     0.02 hours
