
          -------------------------------------------------------
          Amber 16 PMEMD                              2016
          -------------------------------------------------------

| PMEMD implementation of SANDER, Release 16

| Run on 08/25/2017 at 16:23:45

|   Executable path: /apps/amber16/bin/pmemd.cuda
| Working directory: /scratch/pbarletta/pdz/run/lb/neq/data/larga_4
|          Hostname: mordor

  [-O]verwriting output

File Assignments:
|   MDIN: pdt.in                                                                
|  MDOUT: T189pplb_4.out                                                        
| INPCRD: /scratch/pbarletta/pdz/run/lb/neq/data/corta_4/T189plb_4.rst7         
|   PARM: /scratch/pbarletta/pdz/top_files/lb.prmtop                            
| RESTRT: T189pplb_4.rst7                                                       
|   REFC: refc                                                                  
|  MDVEL: mdvel                                                                 
|   MDEN: mden                                                                  
|  MDCRD: T189pplb_4.nc                                                         
| MDINFO: mdinfo                                                                
|  MDFRC: mdfrc                                                                 


 Here is the input file:

!NVE run                                                                       
&cntrl                                                                         
imin = 0,                           ! No Minimization                          
nmropt = 0,                         ! No NMR restraints read                   
                                                                               
! Nature and format of the input                                               
ntx = 5,                            ! Coordinates will be read, assign new velo
irest = 1,                          ! Do not run a new simulation              
                                                                               
! Nature and format of the output                                              
ioutfm = 1,			    ! NetCDF format for output files                             
ntxo = 1,                           ! rstrt file in ASCII format               
ntpr = 500,                         ! inf in output every ntpr steps           
ntwr = 500,                         ! rstrt file every ntwr steps              
ntwx = 100,                         ! mdcrd file every ntwx steps              
ntwv = -1,                          ! mdvel without velocities                 
ntwe = 0,                           ! Energies and temperatures not written in 
idecomp = 0,                        ! No energy decomposition                  
iwrap = 1,                          ! Coordinates of the restart and mdcrd file
                                                                               
! Frozen or restrained atoms                                                   
ibelly = 0,                         ! No frozen atoms                          
ntr=0,                              ! Harmonic potential restraints            
                                                                               
! Molecular dynamics                                                           
nstlim = 40000,                      ! Number of MD-steps                      
dt = 0.0005,                        ! Time step                                
                                                                               
! Temperature regulation                                                       
ntt = 0,                            ! Constant total energy                    
                                                                               
! P and V regulation                                                           
ntp = 0,                            ! No P control                             
ntb = 1,                            ! constant V                               
                                                                               
! SHAKE variables                                                              
ntc = 1,                            ! Bonds involving H are constrained        
ntf = 1,                            ! Bond interaction involving H are ommited.
                                                                               
cut = 9.0,                          ! Nonbonded cutoff                         
/                                                                              
&end                                                                           


Note: ig = -1. Setting random seed to   331895 based on wallclock time in 
      microseconds.
| irandom = 1, using AMBER's internal random number generator (default).
 
|--------------------- INFORMATION ----------------------
| GPU (CUDA) Version of PMEMD in use: NVIDIA GPU IN USE.
|                    Version 16.0.0
| 
|                      02/25/2016
| 
| Implementation by:
|                    Ross C. Walker     (SDSC)
|                    Scott Le Grand     (nVIDIA)
| 
| Precision model in use:
|      [SPFP] - Single Precision Forces, 64-bit Fixed Point
|               Accumulation. (Default)
| 
|--------------------------------------------------------
 
|----------------- CITATION INFORMATION -----------------
|
|    When publishing work that utilized the CUDA version
|    of AMBER, please cite the following in addition to
|    the regular AMBER citations:
|
|  - Romelia Salomon-Ferrer; Andreas W. Goetz; Duncan
|    Poole; Scott Le Grand; Ross C. Walker "Routine
|    microsecond molecular dynamics simulations with
|    AMBER - Part II: Particle Mesh Ewald", J. Chem.
|    Theory Comput., 2013, 9 (9), pp3878-3888,
|    DOI: 10.1021/ct400314y.
|
|  - Andreas W. Goetz; Mark J. Williamson; Dong Xu;
|    Duncan Poole; Scott Le Grand; Ross C. Walker
|    "Routine microsecond molecular dynamics simulations
|    with AMBER - Part I: Generalized Born", J. Chem.
|    Theory Comput., 2012, 8 (5), pp1542-1555.
|
|  - Scott Le Grand; Andreas W. Goetz; Ross C. Walker
|    "SPFP: Speed without compromise - a mixed precision
|    model for GPU accelerated molecular dynamics
|    simulations.", Comp. Phys. Comm., 2013, 184
|    pp374-380, DOI: 10.1016/j.cpc.2012.09.022
|
|--------------------------------------------------------
 
|------------------- GPU DEVICE INFO --------------------
|
|            CUDA_VISIBLE_DEVICES: 0
|   CUDA Capable Devices Detected:      1
|           CUDA Device ID in use:      0
|                CUDA Device Name: GeForce GTX TITAN
|     CUDA Device Global Mem Size:   6082 MB
| CUDA Device Num Multiprocessors:     14
|           CUDA Device Core Freq:   0.93 GHz
|
|--------------------------------------------------------
 
 
| Conditional Compilation Defines Used:
| PUBFFT
| BINTRAJ
| CUDA
| EMIL

| Largest sphere to fit in unit cell has radius =    26.281

| New format PARM file being parsed.
| Version =    1.000 Date = 09/04/12 Time = 16:08:43

| Note: 1-4 EEL scale factors are being read from the topology file.

| Note: 1-4 VDW scale factors are being read from the topology file.
| Duplicated    0 dihedrals

| Duplicated    0 dihedrals

--------------------------------------------------------------------------------
   1.  RESOURCE   USE: 
--------------------------------------------------------------------------------

 getting new box info from bottom of inpcrd
 NATOM  =   23082 NTYPES =      16 NBONH =   22055 MBONA  =    1038
 NTHETH =    2390 MTHETA =    1396 NPHIH =    4631 MPHIA  =    3488
 NHPARM =       0 NPARM  =       0 NNB   =   39434 NRES   =    7134
 NBONA  =    1038 NTHETA =    1396 NPHIA =    3488 NUMBND =      41
 NUMANG =      86 NPTRA  =      41 NATYP =      28 NPHB   =       1
 IFBOX  =       1 NMXRS  =      24 IFCAP =       0 NEXTRA =       0
 NCOPY  =       0

| Coordinate Index Table dimensions:    12   14   10
| Direct force subcell size =     5.0212    5.2012    5.2562

     BOX TYPE: RECTILINEAR

--------------------------------------------------------------------------------
   2.  CONTROL  DATA  FOR  THE  RUN
--------------------------------------------------------------------------------

default_name                                                                    

General flags:
     imin    =       0, nmropt  =       0

Nature and format of input:
     ntx     =       5, irest   =       1, ntrx    =       1

Nature and format of output:
     ntxo    =       1, ntpr    =     500, ntrx    =       1, ntwr    =     500
     iwrap   =       1, ntwx    =     100, ntwv    =      -1, ntwe    =       0
     ioutfm  =       1, ntwprt  =       0, idecomp =       0, rbornstat=      0

Potential function:
     ntf     =       1, ntb     =       1, igb     =       0, nsnb    =      25
     ipol    =       0, gbsa    =       0, iesp    =       0
     dielc   =   1.00000, cut     =   9.00000, intdiel =   1.00000

Frozen or restrained atoms:
     ibelly  =       0, ntr     =       0

Molecular dynamics:
     nstlim  =     40000, nscm    =      1000, nrespa  =         1
     t       =   0.00000, dt      =   0.00050, vlimit  =  -1.00000

| Intermolecular bonds treatment:
|     no_intermolecular_bonds =       1

| Energy averages sample interval:
|     ene_avg_sampling =     500

Ewald parameters:
     verbose =       0, ew_type =       0, nbflag  =       1, use_pme =       1
     vdwmeth =       1, eedmeth =       1, netfrc  =       1
     Box X =   60.254   Box Y =   72.816   Box Z =   52.562
     Alpha =   90.000   Beta  =   90.000   Gamma =   90.000
     NFFT1 =   64       NFFT2 =   80       NFFT3 =   56
     Cutoff=    9.000   Tol   =0.100E-04
     Ewald Coefficient =  0.30768
     Interpolation order =    4

--------------------------------------------------------------------------------
   3.  ATOMIC COORDINATES AND VELOCITIES
--------------------------------------------------------------------------------

default_name                                                                    
 begin time read from input coords =    31.000 ps

 
 Number of triangulated 3-point waters found:     7002

     Sum of charges from parm topology file =  -0.00000008
     Forcing neutrality...

| Dynamic Memory, Types Used:
| Reals              710578
| Integers           737140

| Nonbonded Pairs Initial Allocation:     5262696

| GPU memory information (estimate):
| KB of GPU memory in use:     63171
| KB of CPU memory in use:     27891

--------------------------------------------------------------------------------
   4.  RESULTS
--------------------------------------------------------------------------------

 ---------------------------------------------------
 APPROXIMATING switch and d/dx switch using CUBIC SPLINE INTERPOLATION
 using   5000.0 points per unit in tabled values
 TESTING RELATIVE ERROR over r ranging from 0.0 to cutoff
| CHECK switch(x): max rel err =   0.2738E-14   at   2.422500
| CHECK d/dx switch(x): max rel err =   0.8314E-11   at   2.736960
 ---------------------------------------------------
|---------------------------------------------------
| APPROXIMATING direct energy using CUBIC SPLINE INTERPOLATION
|  with   50.0 points per unit in tabled values
| Relative Error Limit not exceeded for r .gt.   2.39
| APPROXIMATING direct force using CUBIC SPLINE INTERPOLATION
|  with   50.0 points per unit in tabled values
| Relative Error Limit not exceeded for r .gt.   2.84
|---------------------------------------------------

 NSTEP =      500   TIME(PS) =      31.250  TEMP(K) =   306.02  PRESS =     0.0
 Etot   =    -50952.8028  EKtot   =     21054.1895  EPtot      =    -72006.9922
 BOND   =     12939.9396  ANGLE   =      1142.0220  DIHED      =      1353.1186
 1-4 NB =       449.7196  1-4 EEL =      4648.2553  VDWAALS    =     12871.2557
 EELEC  =   -105411.3031  EHBOND  =         0.0000  RESTRAINT  =         0.0000
 ------------------------------------------------------------------------------

check COM velocity, temp:        0.000002     0.00(Removed)

 NSTEP =     1000   TIME(PS) =      31.500  TEMP(K) =   307.28  PRESS =     0.0
 Etot   =    -50953.7636  EKtot   =     21140.8145  EPtot      =    -72094.5781
 BOND   =     12929.6970  ANGLE   =      1191.4467  DIHED      =      1361.5233
 1-4 NB =       451.4950  1-4 EEL =      4659.8598  VDWAALS    =     12840.4515
 EELEC  =   -105529.0514  EHBOND  =         0.0000  RESTRAINT  =         0.0000
 ------------------------------------------------------------------------------


 NSTEP =     1500   TIME(PS) =      31.750  TEMP(K) =   303.28  PRESS =     0.0
 Etot   =    -50946.8984  EKtot   =     20865.2188  EPtot      =    -71812.1171
 BOND   =     12986.6899  ANGLE   =      1165.6733  DIHED      =      1362.1769
 1-4 NB =       464.8110  1-4 EEL =      4617.5462  VDWAALS    =     12734.4886
 EELEC  =   -105143.5031  EHBOND  =         0.0000  RESTRAINT  =         0.0000
 ------------------------------------------------------------------------------

check COM velocity, temp:        0.000001     0.00(Removed)

 NSTEP =     2000   TIME(PS) =      32.000  TEMP(K) =   304.38  PRESS =     0.0
 Etot   =    -50951.4142  EKtot   =     20941.0410  EPtot      =    -71892.4552
 BOND   =     12838.9514  ANGLE   =      1155.1607  DIHED      =      1355.7466
 1-4 NB =       429.7045  1-4 EEL =      4577.9032  VDWAALS    =     12404.9429
 EELEC  =   -104654.8645  EHBOND  =         0.0000  RESTRAINT  =         0.0000
 ------------------------------------------------------------------------------


 NSTEP =     2500   TIME(PS) =      32.250  TEMP(K) =   303.50  PRESS =     0.0
 Etot   =    -50950.5372  EKtot   =     20880.5938  EPtot      =    -71831.1310
 BOND   =     12891.1106  ANGLE   =      1204.9566  DIHED      =      1382.0877
 1-4 NB =       458.2641  1-4 EEL =      4652.0545  VDWAALS    =     12595.0488
 EELEC  =   -105014.6533  EHBOND  =         0.0000  RESTRAINT  =         0.0000
 ------------------------------------------------------------------------------

check COM velocity, temp:        0.000006     0.00(Removed)

 NSTEP =     3000   TIME(PS) =      32.500  TEMP(K) =   303.19  PRESS =     0.0
 Etot   =    -50946.2740  EKtot   =     20859.5723  EPtot      =    -71805.8462
 BOND   =     12974.3905  ANGLE   =      1140.9845  DIHED      =      1369.9964
 1-4 NB =       446.6851  1-4 EEL =      4626.9272  VDWAALS    =     12768.9697
 EELEC  =   -105133.7996  EHBOND  =         0.0000  RESTRAINT  =         0.0000
 ------------------------------------------------------------------------------


 NSTEP =     3500   TIME(PS) =      32.750  TEMP(K) =   307.53  PRESS =     0.0
 Etot   =    -50952.7303  EKtot   =     21158.2422  EPtot      =    -72110.9725
 BOND   =     12703.4532  ANGLE   =      1127.4054  DIHED      =      1327.7616
 1-4 NB =       460.5672  1-4 EEL =      4636.7226  VDWAALS    =     12625.5994
 EELEC  =   -104992.4819  EHBOND  =         0.0000  RESTRAINT  =         0.0000
 ------------------------------------------------------------------------------

check COM velocity, temp:        0.000006     0.00(Removed)

 NSTEP =     4000   TIME(PS) =      33.000  TEMP(K) =   306.05  PRESS =     0.0
 Etot   =    -50952.0367  EKtot   =     21055.8984  EPtot      =    -72007.9351
 BOND   =     12770.2738  ANGLE   =      1147.1418  DIHED      =      1339.8903
 1-4 NB =       442.9898  1-4 EEL =      4643.3618  VDWAALS    =     12453.1515
 EELEC  =   -104804.7442  EHBOND  =         0.0000  RESTRAINT  =         0.0000
 ------------------------------------------------------------------------------


 NSTEP =     4500   TIME(PS) =      33.250  TEMP(K) =   306.43  PRESS =     0.0
 Etot   =    -50954.8529  EKtot   =     21082.3457  EPtot      =    -72037.1986
 BOND   =     12634.6059  ANGLE   =      1159.1761  DIHED      =      1336.8349
 1-4 NB =       429.2569  1-4 EEL =      4647.5103  VDWAALS    =     12573.6246
 EELEC  =   -104818.2072  EHBOND  =         0.0000  RESTRAINT  =         0.0000
 ------------------------------------------------------------------------------

check COM velocity, temp:        0.000006     0.00(Removed)

 NSTEP =     5000   TIME(PS) =      33.500  TEMP(K) =   306.75  PRESS =     0.0
 Etot   =    -50950.9596  EKtot   =     21104.5371  EPtot      =    -72055.4967
 BOND   =     12902.7262  ANGLE   =      1124.2103  DIHED      =      1338.2851
 1-4 NB =       465.3405  1-4 EEL =      4637.9357  VDWAALS    =     12634.8949
 EELEC  =   -105158.8894  EHBOND  =         0.0000  RESTRAINT  =         0.0000
 ------------------------------------------------------------------------------


 NSTEP =     5500   TIME(PS) =      33.750  TEMP(K) =   307.14  PRESS =     0.0
 Etot   =    -50946.9626  EKtot   =     21131.0176  EPtot      =    -72077.9801
 BOND   =     13134.0924  ANGLE   =      1182.8342  DIHED      =      1340.1892
 1-4 NB =       442.3111  1-4 EEL =      4618.1273  VDWAALS    =     12578.5785
 EELEC  =   -105374.1129  EHBOND  =         0.0000  RESTRAINT  =         0.0000
 ------------------------------------------------------------------------------

check COM velocity, temp:        0.000007     0.00(Removed)

 NSTEP =     6000   TIME(PS) =      34.000  TEMP(K) =   307.14  PRESS =     0.0
 Etot   =    -50952.2733  EKtot   =     21130.9570  EPtot      =    -72083.2303
 BOND   =     12943.2150  ANGLE   =      1142.7956  DIHED      =      1350.3259
 1-4 NB =       452.4210  1-4 EEL =      4630.4011  VDWAALS    =     12681.9759
 EELEC  =   -105284.3648  EHBOND  =         0.0000  RESTRAINT  =         0.0000
 ------------------------------------------------------------------------------


 NSTEP =     6500   TIME(PS) =      34.250  TEMP(K) =   306.51  PRESS =     0.0
 Etot   =    -50953.3940  EKtot   =     21087.7637  EPtot      =    -72041.1577
 BOND   =     12703.1794  ANGLE   =      1087.8352  DIHED      =      1364.9711
 1-4 NB =       454.3686  1-4 EEL =      4625.9970  VDWAALS    =     12669.8545
 EELEC  =   -104947.3635  EHBOND  =         0.0000  RESTRAINT  =         0.0000
 ------------------------------------------------------------------------------

check COM velocity, temp:        0.000005     0.00(Removed)

 NSTEP =     7000   TIME(PS) =      34.500  TEMP(K) =   305.03  PRESS =     0.0
 Etot   =    -50951.2124  EKtot   =     20986.2148  EPtot      =    -71937.4272
 BOND   =     12884.8486  ANGLE   =      1114.6541  DIHED      =      1374.3133
 1-4 NB =       440.6681  1-4 EEL =      4661.9425  VDWAALS    =     12616.7334
 EELEC  =   -105030.5872  EHBOND  =         0.0000  RESTRAINT  =         0.0000
 ------------------------------------------------------------------------------


 NSTEP =     7500   TIME(PS) =      34.750  TEMP(K) =   305.24  PRESS =     0.0
 Etot   =    -50951.6120  EKtot   =     21000.5840  EPtot      =    -71952.1960
 BOND   =     12924.5346  ANGLE   =      1106.9698  DIHED      =      1337.6119
 1-4 NB =       445.9852  1-4 EEL =      4664.5460  VDWAALS    =     12538.5784
 EELEC  =   -104970.4220  EHBOND  =         0.0000  RESTRAINT  =         0.0000
 ------------------------------------------------------------------------------

check COM velocity, temp:        0.000003     0.00(Removed)

 NSTEP =     8000   TIME(PS) =      35.000  TEMP(K) =   302.92  PRESS =     0.0
 Etot   =    -50951.8172  EKtot   =     20840.5547  EPtot      =    -71792.3719
 BOND   =     12817.9369  ANGLE   =      1162.8811  DIHED      =      1349.9153
 1-4 NB =       447.9151  1-4 EEL =      4616.4034  VDWAALS    =     12487.2668
 EELEC  =   -104674.6905  EHBOND  =         0.0000  RESTRAINT  =         0.0000
 ------------------------------------------------------------------------------


 NSTEP =     8500   TIME(PS) =      35.250  TEMP(K) =   305.48  PRESS =     0.0
 Etot   =    -50954.5938  EKtot   =     21016.8633  EPtot      =    -71971.4571
 BOND   =     12779.9128  ANGLE   =      1118.3344  DIHED      =      1344.2064
 1-4 NB =       448.0629  1-4 EEL =      4641.9864  VDWAALS    =     12778.7044
 EELEC  =   -105082.6644  EHBOND  =         0.0000  RESTRAINT  =         0.0000
 ------------------------------------------------------------------------------

check COM velocity, temp:        0.000004     0.00(Removed)

 NSTEP =     9000   TIME(PS) =      35.500  TEMP(K) =   305.23  PRESS =     0.0
 Etot   =    -50953.2663  EKtot   =     20999.5586  EPtot      =    -71952.8248
 BOND   =     12711.6051  ANGLE   =      1090.9274  DIHED      =      1351.4095
 1-4 NB =       451.7107  1-4 EEL =      4649.8042  VDWAALS    =     12876.5061
 EELEC  =   -105084.7879  EHBOND  =         0.0000  RESTRAINT  =         0.0000
 ------------------------------------------------------------------------------


 NSTEP =     9500   TIME(PS) =      35.750  TEMP(K) =   306.44  PRESS =     0.0
 Etot   =    -50954.6743  EKtot   =     21082.6309  EPtot      =    -72037.3052
 BOND   =     12787.4751  ANGLE   =      1085.8267  DIHED      =      1365.1526
 1-4 NB =       450.8470  1-4 EEL =      4647.1717  VDWAALS    =     12633.5426
 EELEC  =   -105007.3208  EHBOND  =         0.0000  RESTRAINT  =         0.0000
 ------------------------------------------------------------------------------

check COM velocity, temp:        0.000005     0.00(Removed)

 NSTEP =    10000   TIME(PS) =      36.000  TEMP(K) =   308.00  PRESS =     0.0
 Etot   =    -50954.5333  EKtot   =     21190.5918  EPtot      =    -72145.1251
 BOND   =     12652.9212  ANGLE   =      1104.2019  DIHED      =      1327.2274
 1-4 NB =       458.6028  1-4 EEL =      4638.6851  VDWAALS    =     12655.0367
 EELEC  =   -104981.8002  EHBOND  =         0.0000  RESTRAINT  =         0.0000
 ------------------------------------------------------------------------------


 NSTEP =    10500   TIME(PS) =      36.250  TEMP(K) =   309.39  PRESS =     0.0
 Etot   =    -50954.2126  EKtot   =     21285.7148  EPtot      =    -72239.9275
 BOND   =     12798.7591  ANGLE   =      1076.4515  DIHED      =      1308.9018
 1-4 NB =       447.2762  1-4 EEL =      4633.4472  VDWAALS    =     13051.3960
 EELEC  =   -105556.1592  EHBOND  =         0.0000  RESTRAINT  =         0.0000
 ------------------------------------------------------------------------------

check COM velocity, temp:        0.000004     0.00(Removed)

 NSTEP =    11000   TIME(PS) =      36.500  TEMP(K) =   307.42  PRESS =     0.0
 Etot   =    -50954.1993  EKtot   =     21150.6035  EPtot      =    -72104.8028
 BOND   =     12818.9936  ANGLE   =      1100.6340  DIHED      =      1312.1452
 1-4 NB =       452.7030  1-4 EEL =      4629.1290  VDWAALS    =     12634.8745
 EELEC  =   -105053.2820  EHBOND  =         0.0000  RESTRAINT  =         0.0000
 ------------------------------------------------------------------------------


 NSTEP =    11500   TIME(PS) =      36.750  TEMP(K) =   305.60  PRESS =     0.0
 Etot   =    -50952.1609  EKtot   =     21025.0430  EPtot      =    -71977.2038
 BOND   =     12783.5264  ANGLE   =      1121.3806  DIHED      =      1341.3519
 1-4 NB =       459.0984  1-4 EEL =      4644.2131  VDWAALS    =     12527.9256
 EELEC  =   -104854.6998  EHBOND  =         0.0000  RESTRAINT  =         0.0000
 ------------------------------------------------------------------------------

check COM velocity, temp:        0.000006     0.00(Removed)

 NSTEP =    12000   TIME(PS) =      37.000  TEMP(K) =   305.74  PRESS =     0.0
 Etot   =    -50952.5320  EKtot   =     21034.6016  EPtot      =    -71987.1336
 BOND   =     12809.5281  ANGLE   =      1137.6671  DIHED      =      1349.9681
 1-4 NB =       435.9138  1-4 EEL =      4630.8338  VDWAALS    =     12758.1494
 EELEC  =   -105109.1939  EHBOND  =         0.0000  RESTRAINT  =         0.0000
 ------------------------------------------------------------------------------


 NSTEP =    12500   TIME(PS) =      37.250  TEMP(K) =   306.74  PRESS =     0.0
 Etot   =    -50953.4547  EKtot   =     21103.3965  EPtot      =    -72056.8511
 BOND   =     12920.2760  ANGLE   =      1133.0469  DIHED      =      1341.1374
 1-4 NB =       436.3411  1-4 EEL =      4616.8796  VDWAALS    =     12877.9882
 EELEC  =   -105382.5203  EHBOND  =         0.0000  RESTRAINT  =         0.0000
 ------------------------------------------------------------------------------

check COM velocity, temp:        0.000010     0.00(Removed)

 NSTEP =    13000   TIME(PS) =      37.500  TEMP(K) =   307.72  PRESS =     0.0
 Etot   =    -50949.9680  EKtot   =     21170.8711  EPtot      =    -72120.8391
 BOND   =     12903.0248  ANGLE   =      1078.2313  DIHED      =      1341.9692
 1-4 NB =       435.0175  1-4 EEL =      4622.3856  VDWAALS    =     12786.3514
 EELEC  =   -105287.8189  EHBOND  =         0.0000  RESTRAINT  =         0.0000
 ------------------------------------------------------------------------------


 NSTEP =    13500   TIME(PS) =      37.750  TEMP(K) =   305.67  PRESS =     0.0
 Etot   =    -50953.6518  EKtot   =     21030.2734  EPtot      =    -71983.9252
 BOND   =     12790.1019  ANGLE   =      1099.3648  DIHED      =      1336.7541
 1-4 NB =       461.6756  1-4 EEL =      4613.1264  VDWAALS    =     12803.5008
 EELEC  =   -105088.4489  EHBOND  =         0.0000  RESTRAINT  =         0.0000
 ------------------------------------------------------------------------------

check COM velocity, temp:        0.000002     0.00(Removed)

 NSTEP =    14000   TIME(PS) =      38.000  TEMP(K) =   307.20  PRESS =     0.0
 Etot   =    -50956.5145  EKtot   =     21135.0605  EPtot      =    -72091.5751
 BOND   =     12776.6924  ANGLE   =      1103.5978  DIHED      =      1331.5540
 1-4 NB =       442.9864  1-4 EEL =      4651.5795  VDWAALS    =     12731.3278
 EELEC  =   -105129.3131  EHBOND  =         0.0000  RESTRAINT  =         0.0000
 ------------------------------------------------------------------------------


 NSTEP =    14500   TIME(PS) =      38.250  TEMP(K) =   303.21  PRESS =     0.0
 Etot   =    -50954.8925  EKtot   =     20860.4824  EPtot      =    -71815.3749
 BOND   =     12880.4568  ANGLE   =      1169.2546  DIHED      =      1348.7535
 1-4 NB =       432.8827  1-4 EEL =      4587.3819  VDWAALS    =     12811.2331
 EELEC  =   -105045.3375  EHBOND  =         0.0000  RESTRAINT  =         0.0000
 ------------------------------------------------------------------------------

check COM velocity, temp:        0.000007     0.00(Removed)

 NSTEP =    15000   TIME(PS) =      38.500  TEMP(K) =   305.39  PRESS =     0.0
 Etot   =    -50952.3587  EKtot   =     21010.9395  EPtot      =    -71963.2982
 BOND   =     12778.5874  ANGLE   =      1090.1417  DIHED      =      1328.5091
 1-4 NB =       441.1389  1-4 EEL =      4659.4601  VDWAALS    =     12446.2124
 EELEC  =   -104707.3477  EHBOND  =         0.0000  RESTRAINT  =         0.0000
 ------------------------------------------------------------------------------


 NSTEP =    15500   TIME(PS) =      38.750  TEMP(K) =   306.62  PRESS =     0.0
 Etot   =    -50956.6121  EKtot   =     21095.2715  EPtot      =    -72051.8836
 BOND   =     12673.1985  ANGLE   =      1097.4317  DIHED      =      1335.2962
 1-4 NB =       441.8351  1-4 EEL =      4636.2131  VDWAALS    =     12587.7986
 EELEC  =   -104823.6567  EHBOND  =         0.0000  RESTRAINT  =         0.0000
 ------------------------------------------------------------------------------

check COM velocity, temp:        0.000004     0.00(Removed)

 NSTEP =    16000   TIME(PS) =      39.000  TEMP(K) =   303.05  PRESS =     0.0
 Etot   =    -50951.0797  EKtot   =     20849.9336  EPtot      =    -71801.0132
 BOND   =     12825.9262  ANGLE   =      1144.9312  DIHED      =      1336.4776
 1-4 NB =       471.9636  1-4 EEL =      4674.5211  VDWAALS    =     12400.4909
 EELEC  =   -104655.3239  EHBOND  =         0.0000  RESTRAINT  =         0.0000
 ------------------------------------------------------------------------------


 NSTEP =    16500   TIME(PS) =      39.250  TEMP(K) =   305.06  PRESS =     0.0
 Etot   =    -50954.8672  EKtot   =     20988.2109  EPtot      =    -71943.0781
 BOND   =     12959.9509  ANGLE   =      1074.0595  DIHED      =      1328.4399
 1-4 NB =       439.8812  1-4 EEL =      4610.4496  VDWAALS    =     12708.9443
 EELEC  =   -105064.8036  EHBOND  =         0.0000  RESTRAINT  =         0.0000
 ------------------------------------------------------------------------------

check COM velocity, temp:        0.000003     0.00(Removed)

 NSTEP =    17000   TIME(PS) =      39.500  TEMP(K) =   306.05  PRESS =     0.0
 Etot   =    -50956.9118  EKtot   =     21056.3887  EPtot      =    -72013.3005
 BOND   =     12811.5398  ANGLE   =      1087.3216  DIHED      =      1332.0846
 1-4 NB =       427.8709  1-4 EEL =      4596.4815  VDWAALS    =     12463.3388
 EELEC  =   -104731.9377  EHBOND  =         0.0000  RESTRAINT  =         0.0000
 ------------------------------------------------------------------------------


 NSTEP =    17500   TIME(PS) =      39.750  TEMP(K) =   305.47  PRESS =     0.0
 Etot   =    -50952.8082  EKtot   =     21015.9629  EPtot      =    -71968.7711
 BOND   =     12891.0662  ANGLE   =      1098.4617  DIHED      =      1335.0524
 1-4 NB =       431.3406  1-4 EEL =      4639.0882  VDWAALS    =     12638.3840
 EELEC  =   -105002.1642  EHBOND  =         0.0000  RESTRAINT  =         0.0000
 ------------------------------------------------------------------------------

check COM velocity, temp:        0.000005     0.00(Removed)

 NSTEP =    18000   TIME(PS) =      40.000  TEMP(K) =   305.81  PRESS =     0.0
 Etot   =    -50952.5126  EKtot   =     21039.3555  EPtot      =    -71991.8681
 BOND   =     12796.4306  ANGLE   =      1093.8377  DIHED      =      1353.1588
 1-4 NB =       451.2770  1-4 EEL =      4671.4911  VDWAALS    =     12647.5135
 EELEC  =   -105005.5768  EHBOND  =         0.0000  RESTRAINT  =         0.0000
 ------------------------------------------------------------------------------


 NSTEP =    18500   TIME(PS) =      40.250  TEMP(K) =   306.92  PRESS =     0.0
 Etot   =    -50957.5091  EKtot   =     21115.8691  EPtot      =    -72073.3783
 BOND   =     12854.2551  ANGLE   =      1120.0637  DIHED      =      1331.0071
 1-4 NB =       441.9945  1-4 EEL =      4624.4010  VDWAALS    =     12732.2276
 EELEC  =   -105177.3272  EHBOND  =         0.0000  RESTRAINT  =         0.0000
 ------------------------------------------------------------------------------

check COM velocity, temp:        0.000008     0.00(Removed)

 NSTEP =    19000   TIME(PS) =      40.500  TEMP(K) =   305.66  PRESS =     0.0
 Etot   =    -50955.7832  EKtot   =     21029.3281  EPtot      =    -71985.1114
 BOND   =     12713.4505  ANGLE   =      1082.0126  DIHED      =      1329.0908
 1-4 NB =       458.4987  1-4 EEL =      4652.1133  VDWAALS    =     12768.1184
 EELEC  =   -104988.3958  EHBOND  =         0.0000  RESTRAINT  =         0.0000
 ------------------------------------------------------------------------------


 NSTEP =    19500   TIME(PS) =      40.750  TEMP(K) =   304.17  PRESS =     0.0
 Etot   =    -50953.0468  EKtot   =     20926.6680  EPtot      =    -71879.7147
 BOND   =     12709.1768  ANGLE   =      1071.1671  DIHED      =      1305.1916
 1-4 NB =       436.7583  1-4 EEL =      4645.7210  VDWAALS    =     12658.5985
 EELEC  =   -104706.3280  EHBOND  =         0.0000  RESTRAINT  =         0.0000
 ------------------------------------------------------------------------------

check COM velocity, temp:        0.000010     0.00(Removed)

 NSTEP =    20000   TIME(PS) =      41.000  TEMP(K) =   304.83  PRESS =     0.0
 Etot   =    -50955.7771  EKtot   =     20972.2090  EPtot      =    -71927.9860
 BOND   =     12762.6959  ANGLE   =      1067.9955  DIHED      =      1325.0967
 1-4 NB =       441.9386  1-4 EEL =      4652.6088  VDWAALS    =     12767.3700
 EELEC  =   -104945.6916  EHBOND  =         0.0000  RESTRAINT  =         0.0000
 ------------------------------------------------------------------------------


 NSTEP =    20500   TIME(PS) =      41.250  TEMP(K) =   306.87  PRESS =     0.0
 Etot   =    -50957.4774  EKtot   =     21112.8633  EPtot      =    -72070.3407
 BOND   =     12566.0833  ANGLE   =      1099.0365  DIHED      =      1316.7128
 1-4 NB =       440.6245  1-4 EEL =      4624.1454  VDWAALS    =     12646.7411
 EELEC  =   -104763.6842  EHBOND  =         0.0000  RESTRAINT  =         0.0000
 ------------------------------------------------------------------------------

check COM velocity, temp:        0.000005     0.00(Removed)

 NSTEP =    21000   TIME(PS) =      41.500  TEMP(K) =   305.49  PRESS =     0.0
 Etot   =    -50953.1529  EKtot   =     21017.7051  EPtot      =    -71970.8580
 BOND   =     12750.0988  ANGLE   =      1074.6874  DIHED      =      1337.3291
 1-4 NB =       446.5920  1-4 EEL =      4648.7584  VDWAALS    =     12614.3400
 EELEC  =   -104842.6637  EHBOND  =         0.0000  RESTRAINT  =         0.0000
 ------------------------------------------------------------------------------


 NSTEP =    21500   TIME(PS) =      41.750  TEMP(K) =   306.22  PRESS =     0.0
 Etot   =    -50952.4933  EKtot   =     21067.8027  EPtot      =    -72020.2960
 BOND   =     12782.9301  ANGLE   =      1061.1854  DIHED      =      1325.0813
 1-4 NB =       450.9505  1-4 EEL =      4628.4495  VDWAALS    =     12708.7989
 EELEC  =   -104977.6916  EHBOND  =         0.0000  RESTRAINT  =         0.0000
 ------------------------------------------------------------------------------

check COM velocity, temp:        0.000005     0.00(Removed)

 NSTEP =    22000   TIME(PS) =      42.000  TEMP(K) =   304.93  PRESS =     0.0
 Etot   =    -50951.6936  EKtot   =     20978.8574  EPtot      =    -71930.5510
 BOND   =     12827.1818  ANGLE   =      1111.6465  DIHED      =      1318.9170
 1-4 NB =       442.0629  1-4 EEL =      4640.5292  VDWAALS    =     12633.8030
 EELEC  =   -104904.6916  EHBOND  =         0.0000  RESTRAINT  =         0.0000
 ------------------------------------------------------------------------------


 NSTEP =    22500   TIME(PS) =      42.250  TEMP(K) =   304.72  PRESS =     0.0
 Etot   =    -50950.7922  EKtot   =     20964.3242  EPtot      =    -71915.1164
 BOND   =     12726.1557  ANGLE   =      1104.4186  DIHED      =      1324.2326
 1-4 NB =       430.8003  1-4 EEL =      4607.8145  VDWAALS    =     12549.9635
 EELEC  =   -104658.5016  EHBOND  =         0.0000  RESTRAINT  =         0.0000
 ------------------------------------------------------------------------------

check COM velocity, temp:        0.000001     0.00(Removed)

 NSTEP =    23000   TIME(PS) =      42.500  TEMP(K) =   304.98  PRESS =     0.0
 Etot   =    -50949.9599  EKtot   =     20982.2793  EPtot      =    -71932.2392
 BOND   =     12851.8174  ANGLE   =      1049.8415  DIHED      =      1324.8306
 1-4 NB =       460.8720  1-4 EEL =      4675.8962  VDWAALS    =     12453.2802
 EELEC  =   -104748.7771  EHBOND  =         0.0000  RESTRAINT  =         0.0000
 ------------------------------------------------------------------------------


 NSTEP =    23500   TIME(PS) =      42.750  TEMP(K) =   306.27  PRESS =     0.0
 Etot   =    -50952.0083  EKtot   =     21071.4297  EPtot      =    -72023.4380
 BOND   =     12802.7444  ANGLE   =      1106.8686  DIHED      =      1340.4872
 1-4 NB =       449.5769  1-4 EEL =      4607.5563  VDWAALS    =     12542.1239
 EELEC  =   -104872.7953  EHBOND  =         0.0000  RESTRAINT  =         0.0000
 ------------------------------------------------------------------------------

check COM velocity, temp:        0.000008     0.00(Removed)

 NSTEP =    24000   TIME(PS) =      43.000  TEMP(K) =   307.36  PRESS =     0.0
 Etot   =    -50956.3986  EKtot   =     21146.3711  EPtot      =    -72102.7697
 BOND   =     12695.4344  ANGLE   =      1095.6990  DIHED      =      1334.9902
 1-4 NB =       443.1045  1-4 EEL =      4635.0960  VDWAALS    =     12546.9643
 EELEC  =   -104854.0580  EHBOND  =         0.0000  RESTRAINT  =         0.0000
 ------------------------------------------------------------------------------


 NSTEP =    24500   TIME(PS) =      43.250  TEMP(K) =   306.31  PRESS =     0.0
 Etot   =    -50954.6343  EKtot   =     21073.8926  EPtot      =    -72028.5269
 BOND   =     12882.8580  ANGLE   =      1049.2040  DIHED      =      1327.1131
 1-4 NB =       461.9210  1-4 EEL =      4644.6759  VDWAALS    =     12635.0622
 EELEC  =   -105029.3612  EHBOND  =         0.0000  RESTRAINT  =         0.0000
 ------------------------------------------------------------------------------

check COM velocity, temp:        0.000005     0.00(Removed)

 NSTEP =    25000   TIME(PS) =      43.500  TEMP(K) =   306.89  PRESS =     0.0
 Etot   =    -50952.9985  EKtot   =     21113.8320  EPtot      =    -72066.8305
 BOND   =     12858.2656  ANGLE   =      1077.6258  DIHED      =      1349.3000
 1-4 NB =       448.4535  1-4 EEL =      4661.2615  VDWAALS    =     12581.8771
 EELEC  =   -105043.6140  EHBOND  =         0.0000  RESTRAINT  =         0.0000
 ------------------------------------------------------------------------------


 NSTEP =    25500   TIME(PS) =      43.750  TEMP(K) =   305.75  PRESS =     0.0
 Etot   =    -50953.0648  EKtot   =     21035.4395  EPtot      =    -71988.5043
 BOND   =     12994.4804  ANGLE   =      1115.8772  DIHED      =      1338.8626
 1-4 NB =       449.1177  1-4 EEL =      4617.8863  VDWAALS    =     12577.0868
 EELEC  =   -105081.8154  EHBOND  =         0.0000  RESTRAINT  =         0.0000
 ------------------------------------------------------------------------------

check COM velocity, temp:        0.000002     0.00(Removed)

 NSTEP =    26000   TIME(PS) =      44.000  TEMP(K) =   304.88  PRESS =     0.0
 Etot   =    -50953.8140  EKtot   =     20975.6426  EPtot      =    -71929.4565
 BOND   =     12896.8568  ANGLE   =      1068.2075  DIHED      =      1345.8781
 1-4 NB =       460.9816  1-4 EEL =      4640.5187  VDWAALS    =     12659.6372
 EELEC  =   -105001.5364  EHBOND  =         0.0000  RESTRAINT  =         0.0000
 ------------------------------------------------------------------------------


 NSTEP =    26500   TIME(PS) =      44.250  TEMP(K) =   307.45  PRESS =     0.0
 Etot   =    -50954.1101  EKtot   =     21152.2266  EPtot      =    -72106.3366
 BOND   =     12737.3779  ANGLE   =      1065.5300  DIHED      =      1346.7816
 1-4 NB =       441.2338  1-4 EEL =      4642.5845  VDWAALS    =     12491.4329
 EELEC  =   -104831.2773  EHBOND  =         0.0000  RESTRAINT  =         0.0000
 ------------------------------------------------------------------------------

check COM velocity, temp:        0.000005     0.00(Removed)

 NSTEP =    27000   TIME(PS) =      44.500  TEMP(K) =   304.64  PRESS =     0.0
 Etot   =    -50953.2525  EKtot   =     20958.9297  EPtot      =    -71912.1822
 BOND   =     12920.5791  ANGLE   =      1108.5100  DIHED      =      1327.3568
 1-4 NB =       435.8342  1-4 EEL =      4621.9174  VDWAALS    =     12618.5578
 EELEC  =   -104944.9374  EHBOND  =         0.0000  RESTRAINT  =         0.0000
 ------------------------------------------------------------------------------


 NSTEP =    27500   TIME(PS) =      44.750  TEMP(K) =   304.99  PRESS =     0.0
 Etot   =    -50954.4600  EKtot   =     20982.9023  EPtot      =    -71937.3623
 BOND   =     12794.7645  ANGLE   =      1074.7575  DIHED      =      1333.8461
 1-4 NB =       450.4375  1-4 EEL =      4688.3433  VDWAALS    =     12744.2344
 EELEC  =   -105023.7454  EHBOND  =         0.0000  RESTRAINT  =         0.0000
 ------------------------------------------------------------------------------

check COM velocity, temp:        0.000006     0.00(Removed)

 NSTEP =    28000   TIME(PS) =      45.000  TEMP(K) =   305.82  PRESS =     0.0
 Etot   =    -50954.1729  EKtot   =     21040.1816  EPtot      =    -71994.3545
 BOND   =     12896.9554  ANGLE   =      1048.7864  DIHED      =      1329.0429
 1-4 NB =       455.6715  1-4 EEL =      4657.7200  VDWAALS    =     12366.6082
 EELEC  =   -104749.1389  EHBOND  =         0.0000  RESTRAINT  =         0.0000
 ------------------------------------------------------------------------------


 NSTEP =    28500   TIME(PS) =      45.250  TEMP(K) =   304.56  PRESS =     0.0
 Etot   =    -50954.6462  EKtot   =     20953.5000  EPtot      =    -71908.1462
 BOND   =     12764.5371  ANGLE   =      1084.6190  DIHED      =      1352.7898
 1-4 NB =       452.5427  1-4 EEL =      4593.3159  VDWAALS    =     12654.7799
 EELEC  =   -104810.7306  EHBOND  =         0.0000  RESTRAINT  =         0.0000
 ------------------------------------------------------------------------------

check COM velocity, temp:        0.000005     0.00(Removed)

 NSTEP =    29000   TIME(PS) =      45.500  TEMP(K) =   306.67  PRESS =     0.0
 Etot   =    -50954.8713  EKtot   =     21099.0762  EPtot      =    -72053.9475
 BOND   =     12708.0724  ANGLE   =      1081.3485  DIHED      =      1340.0615
 1-4 NB =       459.8841  1-4 EEL =      4633.0956  VDWAALS    =     12567.9298
 EELEC  =   -104844.3393  EHBOND  =         0.0000  RESTRAINT  =         0.0000
 ------------------------------------------------------------------------------


 NSTEP =    29500   TIME(PS) =      45.750  TEMP(K) =   305.99  PRESS =     0.0
 Etot   =    -50949.0702  EKtot   =     21051.9316  EPtot      =    -72001.0019
 BOND   =     12819.2736  ANGLE   =      1103.1157  DIHED      =      1329.2808
 1-4 NB =       439.3500  1-4 EEL =      4615.0846  VDWAALS    =     12627.6929
 EELEC  =   -104934.7994  EHBOND  =         0.0000  RESTRAINT  =         0.0000
 ------------------------------------------------------------------------------

check COM velocity, temp:        0.000004     0.00(Removed)

 NSTEP =    30000   TIME(PS) =      46.000  TEMP(K) =   303.09  PRESS =     0.0
 Etot   =    -50950.4117  EKtot   =     20852.3438  EPtot      =    -71802.7554
 BOND   =     12833.8420  ANGLE   =      1040.3693  DIHED      =      1316.5015
 1-4 NB =       436.4201  1-4 EEL =      4652.0083  VDWAALS    =     12543.8334
 EELEC  =   -104625.7300  EHBOND  =         0.0000  RESTRAINT  =         0.0000
 ------------------------------------------------------------------------------


 NSTEP =    30500   TIME(PS) =      46.250  TEMP(K) =   305.52  PRESS =     0.0
 Etot   =    -50951.5608  EKtot   =     21019.7207  EPtot      =    -71971.2815
 BOND   =     12777.8491  ANGLE   =      1070.2387  DIHED      =      1335.0778
 1-4 NB =       433.9972  1-4 EEL =      4615.7328  VDWAALS    =     12577.2615
 EELEC  =   -104781.4386  EHBOND  =         0.0000  RESTRAINT  =         0.0000
 ------------------------------------------------------------------------------

check COM velocity, temp:        0.000003     0.00(Removed)

 NSTEP =    31000   TIME(PS) =      46.500  TEMP(K) =   307.52  PRESS =     0.0
 Etot   =    -50955.2324  EKtot   =     21157.1445  EPtot      =    -72112.3769
 BOND   =     12745.4939  ANGLE   =      1047.5078  DIHED      =      1341.6670
 1-4 NB =       435.9402  1-4 EEL =      4629.8446  VDWAALS    =     12755.5165
 EELEC  =   -105068.3468  EHBOND  =         0.0000  RESTRAINT  =         0.0000
 ------------------------------------------------------------------------------


 NSTEP =    31500   TIME(PS) =      46.750  TEMP(K) =   304.40  PRESS =     0.0
 Etot   =    -50952.4096  EKtot   =     20942.4785  EPtot      =    -71894.8881
 BOND   =     12826.1289  ANGLE   =      1073.2244  DIHED      =      1324.2583
 1-4 NB =       440.8675  1-4 EEL =      4647.1343  VDWAALS    =     12597.0548
 EELEC  =   -104803.5563  EHBOND  =         0.0000  RESTRAINT  =         0.0000
 ------------------------------------------------------------------------------

check COM velocity, temp:        0.000005     0.00(Removed)

 NSTEP =    32000   TIME(PS) =      47.000  TEMP(K) =   303.38  PRESS =     0.0
 Etot   =    -50948.0846  EKtot   =     20872.1953  EPtot      =    -71820.2799
 BOND   =     12989.8777  ANGLE   =      1079.6414  DIHED      =      1338.9988
 1-4 NB =       439.6950  1-4 EEL =      4601.2901  VDWAALS    =     12514.6007
 EELEC  =   -104784.3837  EHBOND  =         0.0000  RESTRAINT  =         0.0000
 ------------------------------------------------------------------------------


 NSTEP =    32500   TIME(PS) =      47.250  TEMP(K) =   303.75  PRESS =     0.0
 Etot   =    -50953.4817  EKtot   =     20897.9844  EPtot      =    -71851.4661
 BOND   =     12911.8380  ANGLE   =      1077.0199  DIHED      =      1351.1360
 1-4 NB =       441.6078  1-4 EEL =      4652.9731  VDWAALS    =     12467.8867
 EELEC  =   -104753.9277  EHBOND  =         0.0000  RESTRAINT  =         0.0000
 ------------------------------------------------------------------------------

check COM velocity, temp:        0.000004     0.00(Removed)

 NSTEP =    33000   TIME(PS) =      47.500  TEMP(K) =   306.03  PRESS =     0.0
 Etot   =    -50958.2019  EKtot   =     21054.9121  EPtot      =    -72013.1140
 BOND   =     12702.5074  ANGLE   =      1075.8140  DIHED      =      1344.6921
 1-4 NB =       443.9488  1-4 EEL =      4657.7139  VDWAALS    =     12458.1831
 EELEC  =   -104695.9733  EHBOND  =         0.0000  RESTRAINT  =         0.0000
 ------------------------------------------------------------------------------


 NSTEP =    33500   TIME(PS) =      47.750  TEMP(K) =   305.68  PRESS =     0.0
 Etot   =    -50956.3817  EKtot   =     21030.9629  EPtot      =    -71987.3446
 BOND   =     12649.9228  ANGLE   =      1049.4720  DIHED      =      1338.4840
 1-4 NB =       444.8422  1-4 EEL =      4625.6929  VDWAALS    =     12420.2405
 EELEC  =   -104515.9990  EHBOND  =         0.0000  RESTRAINT  =         0.0000
 ------------------------------------------------------------------------------

check COM velocity, temp:        0.000004     0.00(Removed)

 NSTEP =    34000   TIME(PS) =      48.000  TEMP(K) =   305.60  PRESS =     0.0
 Etot   =    -50954.3175  EKtot   =     21025.3047  EPtot      =    -71979.6222
 BOND   =     12862.8072  ANGLE   =      1019.9465  DIHED      =      1354.6927
 1-4 NB =       448.5853  1-4 EEL =      4650.5200  VDWAALS    =     12518.0897
 EELEC  =   -104834.2636  EHBOND  =         0.0000  RESTRAINT  =         0.0000
 ------------------------------------------------------------------------------


 NSTEP =    34500   TIME(PS) =      48.250  TEMP(K) =   305.01  PRESS =     0.0
 Etot   =    -50948.8417  EKtot   =     20984.5098  EPtot      =    -71933.3515
 BOND   =     12840.3464  ANGLE   =      1039.5879  DIHED      =      1341.4082
 1-4 NB =       465.6491  1-4 EEL =      4648.6114  VDWAALS    =     12614.8320
 EELEC  =   -104883.7865  EHBOND  =         0.0000  RESTRAINT  =         0.0000
 ------------------------------------------------------------------------------

check COM velocity, temp:        0.000003     0.00(Removed)

 NSTEP =    35000   TIME(PS) =      48.500  TEMP(K) =   305.75  PRESS =     0.0
 Etot   =    -50952.1298  EKtot   =     21035.6250  EPtot      =    -71987.7548
 BOND   =     12782.4251  ANGLE   =      1059.2867  DIHED      =      1323.2035
 1-4 NB =       448.8594  1-4 EEL =      4638.0149  VDWAALS    =     12687.8692
 EELEC  =   -104927.4136  EHBOND  =         0.0000  RESTRAINT  =         0.0000
 ------------------------------------------------------------------------------


 NSTEP =    35500   TIME(PS) =      48.750  TEMP(K) =   305.01  PRESS =     0.0
 Etot   =    -50952.1949  EKtot   =     20984.4551  EPtot      =    -71936.6500
 BOND   =     12654.3249  ANGLE   =      1066.5250  DIHED      =      1353.2125
 1-4 NB =       448.1188  1-4 EEL =      4658.5691  VDWAALS    =     12512.2550
 EELEC  =   -104629.6552  EHBOND  =         0.0000  RESTRAINT  =         0.0000
 ------------------------------------------------------------------------------

check COM velocity, temp:        0.000005     0.00(Removed)

 NSTEP =    36000   TIME(PS) =      49.000  TEMP(K) =   304.81  PRESS =     0.0
 Etot   =    -50952.0211  EKtot   =     20970.7578  EPtot      =    -71922.7789
 BOND   =     12766.7697  ANGLE   =      1019.2343  DIHED      =      1347.8959
 1-4 NB =       458.2648  1-4 EEL =      4686.2363  VDWAALS    =     12465.9041
 EELEC  =   -104667.0839  EHBOND  =         0.0000  RESTRAINT  =         0.0000
 ------------------------------------------------------------------------------


 NSTEP =    36500   TIME(PS) =      49.250  TEMP(K) =   306.84  PRESS =     0.0
 Etot   =    -50954.3662  EKtot   =     21110.4102  EPtot      =    -72064.7764
 BOND   =     12826.9186  ANGLE   =      1048.8227  DIHED      =      1346.4593
 1-4 NB =       444.7042  1-4 EEL =      4636.9654  VDWAALS    =     12604.0041
 EELEC  =   -104972.6507  EHBOND  =         0.0000  RESTRAINT  =         0.0000
 ------------------------------------------------------------------------------

check COM velocity, temp:        0.000004     0.00(Removed)

 NSTEP =    37000   TIME(PS) =      49.500  TEMP(K) =   305.54  PRESS =     0.0
 Etot   =    -50951.2332  EKtot   =     21021.0293  EPtot      =    -71972.2625
 BOND   =     12956.8691  ANGLE   =      1072.1138  DIHED      =      1334.2515
 1-4 NB =       440.0240  1-4 EEL =      4602.6175  VDWAALS    =     12668.3918
 EELEC  =   -105046.5302  EHBOND  =         0.0000  RESTRAINT  =         0.0000
 ------------------------------------------------------------------------------


 NSTEP =    37500   TIME(PS) =      49.750  TEMP(K) =   303.67  PRESS =     0.0
 Etot   =    -50953.8677  EKtot   =     20892.6543  EPtot      =    -71846.5220
 BOND   =     12708.8760  ANGLE   =      1055.6482  DIHED      =      1354.0901
 1-4 NB =       447.5099  1-4 EEL =      4675.4306  VDWAALS    =     12546.8766
 EELEC  =   -104634.9535  EHBOND  =         0.0000  RESTRAINT  =         0.0000
 ------------------------------------------------------------------------------

check COM velocity, temp:        0.000006     0.00(Removed)

 NSTEP =    38000   TIME(PS) =      50.000  TEMP(K) =   306.22  PRESS =     0.0
 Etot   =    -50954.0207  EKtot   =     21067.8164  EPtot      =    -72021.8372
 BOND   =     12802.5122  ANGLE   =      1080.8273  DIHED      =      1309.8733
 1-4 NB =       440.4797  1-4 EEL =      4644.4153  VDWAALS    =     12801.0447
 EELEC  =   -105100.9895  EHBOND  =         0.0000  RESTRAINT  =         0.0000
 ------------------------------------------------------------------------------


 NSTEP =    38500   TIME(PS) =      50.250  TEMP(K) =   307.47  PRESS =     0.0
 Etot   =    -50953.6677  EKtot   =     21153.4980  EPtot      =    -72107.1658
 BOND   =     12779.8206  ANGLE   =      1045.7007  DIHED      =      1319.6865
 1-4 NB =       448.1524  1-4 EEL =      4680.7528  VDWAALS    =     12697.3273
 EELEC  =   -105078.6061  EHBOND  =         0.0000  RESTRAINT  =         0.0000
 ------------------------------------------------------------------------------

check COM velocity, temp:        0.000009     0.00(Removed)

 NSTEP =    39000   TIME(PS) =      50.500  TEMP(K) =   307.72  PRESS =     0.0
 Etot   =    -50955.0323  EKtot   =     21171.1660  EPtot      =    -72126.1983
 BOND   =     12865.6558  ANGLE   =      1030.8646  DIHED      =      1322.9210
 1-4 NB =       440.8667  1-4 EEL =      4638.6667  VDWAALS    =     12701.3417
 EELEC  =   -105126.5146  EHBOND  =         0.0000  RESTRAINT  =         0.0000
 ------------------------------------------------------------------------------


 NSTEP =    39500   TIME(PS) =      50.750  TEMP(K) =   303.09  PRESS =     0.0
 Etot   =    -50953.2952  EKtot   =     20852.7090  EPtot      =    -71806.0042
 BOND   =     12843.0192  ANGLE   =      1082.0498  DIHED      =      1289.6443
 1-4 NB =       446.0241  1-4 EEL =      4656.4486  VDWAALS    =     12297.9322
 EELEC  =   -104421.1224  EHBOND  =         0.0000  RESTRAINT  =         0.0000
 ------------------------------------------------------------------------------

check COM velocity, temp:        0.000004     0.00(Removed)

 NSTEP =    40000   TIME(PS) =      51.000  TEMP(K) =   305.01  PRESS =     0.0
 Etot   =    -50953.6056  EKtot   =     20984.8770  EPtot      =    -71938.4826
 BOND   =     12905.6767  ANGLE   =      1035.1764  DIHED      =      1325.1802
 1-4 NB =       462.7915  1-4 EEL =      4645.0428  VDWAALS    =     12802.1954
 EELEC  =   -105114.5455  EHBOND  =         0.0000  RESTRAINT  =         0.0000
 ------------------------------------------------------------------------------


      A V E R A G E S   O V E R      80 S T E P S


 NSTEP =    40000   TIME(PS) =      51.000  TEMP(K) =   305.66  PRESS =     0.0
 Etot   =    -50953.0611  EKtot   =     21029.5889  EPtot      =    -71982.6501
 BOND   =     12818.4893  ANGLE   =      1094.4066  DIHED      =      1338.0114
 1-4 NB =       446.9685  1-4 EEL =      4638.3000  VDWAALS    =     12628.6813
 EELEC  =   -104947.5071  EHBOND  =         0.0000  RESTRAINT  =         0.0000
 ------------------------------------------------------------------------------


      R M S  F L U C T U A T I O N S


 NSTEP =    40000   TIME(PS) =      51.000  TEMP(K) =     1.36  PRESS =     0.0
 Etot   =         2.3496  EKtot   =        93.7299  EPtot      =        94.6740
 BOND   =        98.0581  ANGLE   =        39.7648  DIHED      =        15.8331
 1-4 NB =         9.6645  1-4 EEL =        22.1507  VDWAALS    =       133.6933
 EELEC  =       218.3440  EHBOND  =         0.0000  RESTRAINT  =         0.0000
|E(PBS) =         0.7674
 ------------------------------------------------------------------------------

--------------------------------------------------------------------------------
   5.  TIMINGS
--------------------------------------------------------------------------------

|  NonSetup CPU Time in Major Routines:
|
|     Routine           Sec        %
|     ------------------------------
|     Nonbond           8.55   12.81
|     Bond              0.00    0.00
|     Angle             0.00    0.00
|     Dihedral          0.00    0.00
|     Shake             0.00    0.00
|     RunMD            58.11   87.11
|     Other             0.05    0.08
|     ------------------------------
|     Total            66.71

|  PME Nonbond Pairlist CPU Time:
|
|     Routine              Sec        %
|     ---------------------------------
|     Set Up Cit           0.00    0.00
|     Build List           0.00    0.00
|     ---------------------------------
|     Total                0.00    0.00

|  PME Direct Force CPU Time:
|
|     Routine              Sec        %
|     ---------------------------------
|     NonBonded Calc       0.00    0.00
|     Exclude Masked       0.00    0.00
|     Other                0.03    0.05
|     ---------------------------------
|     Total                0.03    0.05

|  PME Reciprocal Force CPU Time:
|
|     Routine              Sec        %
|     ---------------------------------
|     1D bspline           0.00    0.00
|     Grid Charges         0.00    0.00
|     Scalar Sum           0.00    0.00
|     Gradient Sum         0.00    0.00
|     FFT                  0.00    0.00
|     ---------------------------------
|     Total                0.00    0.00

|  Final Performance Info:
|     -----------------------------------------------------
|     Average timings for last    4500 steps:
|     Elapsed(s) =       7.54 Per Step(ms) =       1.68
|         ns/day =      25.77   seconds/ns =    3353.04
|
|     Average timings for all steps:
|     Elapsed(s) =      68.02 Per Step(ms) =       1.70
|         ns/day =      25.40   seconds/ns =    3401.23
|     -----------------------------------------------------

|  Setup CPU time:            2.35 seconds
|  NonSetup CPU time:        66.71 seconds
|  Total CPU time:           69.06 seconds     0.02 hours

|  Setup wall time:           4    seconds
|  NonSetup wall time:       68    seconds
|  Total wall time:          72    seconds     0.02 hours
