
          -------------------------------------------------------
          Amber 16 PMEMD                              2016
          -------------------------------------------------------

| PMEMD implementation of SANDER, Release 16

| Run on 08/25/2017 at 16:24:57

|   Executable path: /apps/amber16/bin/pmemd.cuda
| Working directory: /scratch/pbarletta/pdz/run/lb/neq/data/larga_4
|          Hostname: mordor

  [-O]verwriting output

File Assignments:
|   MDIN: pdt.in                                                                
|  MDOUT: T190pplb_4.out                                                        
| INPCRD: /scratch/pbarletta/pdz/run/lb/neq/data/corta_4/T190plb_4.rst7         
|   PARM: /scratch/pbarletta/pdz/top_files/lb.prmtop                            
| RESTRT: T190pplb_4.rst7                                                       
|   REFC: refc                                                                  
|  MDVEL: mdvel                                                                 
|   MDEN: mden                                                                  
|  MDCRD: T190pplb_4.nc                                                         
| MDINFO: mdinfo                                                                
|  MDFRC: mdfrc                                                                 


 Here is the input file:

!NVE run                                                                       
&cntrl                                                                         
imin = 0,                           ! No Minimization                          
nmropt = 0,                         ! No NMR restraints read                   
                                                                               
! Nature and format of the input                                               
ntx = 5,                            ! Coordinates will be read, assign new velo
irest = 1,                          ! Do not run a new simulation              
                                                                               
! Nature and format of the output                                              
ioutfm = 1,			    ! NetCDF format for output files                             
ntxo = 1,                           ! rstrt file in ASCII format               
ntpr = 500,                         ! inf in output every ntpr steps           
ntwr = 500,                         ! rstrt file every ntwr steps              
ntwx = 100,                         ! mdcrd file every ntwx steps              
ntwv = -1,                          ! mdvel without velocities                 
ntwe = 0,                           ! Energies and temperatures not written in 
idecomp = 0,                        ! No energy decomposition                  
iwrap = 1,                          ! Coordinates of the restart and mdcrd file
                                                                               
! Frozen or restrained atoms                                                   
ibelly = 0,                         ! No frozen atoms                          
ntr=0,                              ! Harmonic potential restraints            
                                                                               
! Molecular dynamics                                                           
nstlim = 40000,                      ! Number of MD-steps                      
dt = 0.0005,                        ! Time step                                
                                                                               
! Temperature regulation                                                       
ntt = 0,                            ! Constant total energy                    
                                                                               
! P and V regulation                                                           
ntp = 0,                            ! No P control                             
ntb = 1,                            ! constant V                               
                                                                               
! SHAKE variables                                                              
ntc = 1,                            ! Bonds involving H are constrained        
ntf = 1,                            ! Bond interaction involving H are ommited.
                                                                               
cut = 9.0,                          ! Nonbonded cutoff                         
/                                                                              
&end                                                                           


Note: ig = -1. Setting random seed to   155819 based on wallclock time in 
      microseconds.
| irandom = 1, using AMBER's internal random number generator (default).
 
|--------------------- INFORMATION ----------------------
| GPU (CUDA) Version of PMEMD in use: NVIDIA GPU IN USE.
|                    Version 16.0.0
| 
|                      02/25/2016
| 
| Implementation by:
|                    Ross C. Walker     (SDSC)
|                    Scott Le Grand     (nVIDIA)
| 
| Precision model in use:
|      [SPFP] - Single Precision Forces, 64-bit Fixed Point
|               Accumulation. (Default)
| 
|--------------------------------------------------------
 
|----------------- CITATION INFORMATION -----------------
|
|    When publishing work that utilized the CUDA version
|    of AMBER, please cite the following in addition to
|    the regular AMBER citations:
|
|  - Romelia Salomon-Ferrer; Andreas W. Goetz; Duncan
|    Poole; Scott Le Grand; Ross C. Walker "Routine
|    microsecond molecular dynamics simulations with
|    AMBER - Part II: Particle Mesh Ewald", J. Chem.
|    Theory Comput., 2013, 9 (9), pp3878-3888,
|    DOI: 10.1021/ct400314y.
|
|  - Andreas W. Goetz; Mark J. Williamson; Dong Xu;
|    Duncan Poole; Scott Le Grand; Ross C. Walker
|    "Routine microsecond molecular dynamics simulations
|    with AMBER - Part I: Generalized Born", J. Chem.
|    Theory Comput., 2012, 8 (5), pp1542-1555.
|
|  - Scott Le Grand; Andreas W. Goetz; Ross C. Walker
|    "SPFP: Speed without compromise - a mixed precision
|    model for GPU accelerated molecular dynamics
|    simulations.", Comp. Phys. Comm., 2013, 184
|    pp374-380, DOI: 10.1016/j.cpc.2012.09.022
|
|--------------------------------------------------------
 
|------------------- GPU DEVICE INFO --------------------
|
|            CUDA_VISIBLE_DEVICES: 0
|   CUDA Capable Devices Detected:      1
|           CUDA Device ID in use:      0
|                CUDA Device Name: GeForce GTX TITAN
|     CUDA Device Global Mem Size:   6082 MB
| CUDA Device Num Multiprocessors:     14
|           CUDA Device Core Freq:   0.93 GHz
|
|--------------------------------------------------------
 
 
| Conditional Compilation Defines Used:
| PUBFFT
| BINTRAJ
| CUDA
| EMIL

| Largest sphere to fit in unit cell has radius =    26.281

| New format PARM file being parsed.
| Version =    1.000 Date = 09/04/12 Time = 16:08:43

| Note: 1-4 EEL scale factors are being read from the topology file.

| Note: 1-4 VDW scale factors are being read from the topology file.
| Duplicated    0 dihedrals

| Duplicated    0 dihedrals

--------------------------------------------------------------------------------
   1.  RESOURCE   USE: 
--------------------------------------------------------------------------------

 getting new box info from bottom of inpcrd
 NATOM  =   23082 NTYPES =      16 NBONH =   22055 MBONA  =    1038
 NTHETH =    2390 MTHETA =    1396 NPHIH =    4631 MPHIA  =    3488
 NHPARM =       0 NPARM  =       0 NNB   =   39434 NRES   =    7134
 NBONA  =    1038 NTHETA =    1396 NPHIA =    3488 NUMBND =      41
 NUMANG =      86 NPTRA  =      41 NATYP =      28 NPHB   =       1
 IFBOX  =       1 NMXRS  =      24 IFCAP =       0 NEXTRA =       0
 NCOPY  =       0

| Coordinate Index Table dimensions:    12   14   10
| Direct force subcell size =     5.0212    5.2012    5.2562

     BOX TYPE: RECTILINEAR

--------------------------------------------------------------------------------
   2.  CONTROL  DATA  FOR  THE  RUN
--------------------------------------------------------------------------------

default_name                                                                    

General flags:
     imin    =       0, nmropt  =       0

Nature and format of input:
     ntx     =       5, irest   =       1, ntrx    =       1

Nature and format of output:
     ntxo    =       1, ntpr    =     500, ntrx    =       1, ntwr    =     500
     iwrap   =       1, ntwx    =     100, ntwv    =      -1, ntwe    =       0
     ioutfm  =       1, ntwprt  =       0, idecomp =       0, rbornstat=      0

Potential function:
     ntf     =       1, ntb     =       1, igb     =       0, nsnb    =      25
     ipol    =       0, gbsa    =       0, iesp    =       0
     dielc   =   1.00000, cut     =   9.00000, intdiel =   1.00000

Frozen or restrained atoms:
     ibelly  =       0, ntr     =       0

Molecular dynamics:
     nstlim  =     40000, nscm    =      1000, nrespa  =         1
     t       =   0.00000, dt      =   0.00050, vlimit  =  -1.00000

| Intermolecular bonds treatment:
|     no_intermolecular_bonds =       1

| Energy averages sample interval:
|     ene_avg_sampling =     500

Ewald parameters:
     verbose =       0, ew_type =       0, nbflag  =       1, use_pme =       1
     vdwmeth =       1, eedmeth =       1, netfrc  =       1
     Box X =   60.254   Box Y =   72.816   Box Z =   52.562
     Alpha =   90.000   Beta  =   90.000   Gamma =   90.000
     NFFT1 =   64       NFFT2 =   80       NFFT3 =   56
     Cutoff=    9.000   Tol   =0.100E-04
     Ewald Coefficient =  0.30768
     Interpolation order =    4

--------------------------------------------------------------------------------
   3.  ATOMIC COORDINATES AND VELOCITIES
--------------------------------------------------------------------------------

default_name                                                                    
 begin time read from input coords =    31.000 ps

 
 Number of triangulated 3-point waters found:     7002

     Sum of charges from parm topology file =  -0.00000008
     Forcing neutrality...

| Dynamic Memory, Types Used:
| Reals              710578
| Integers           737140

| Nonbonded Pairs Initial Allocation:     5262696

| GPU memory information (estimate):
| KB of GPU memory in use:     63171
| KB of CPU memory in use:     27891

--------------------------------------------------------------------------------
   4.  RESULTS
--------------------------------------------------------------------------------

 ---------------------------------------------------
 APPROXIMATING switch and d/dx switch using CUBIC SPLINE INTERPOLATION
 using   5000.0 points per unit in tabled values
 TESTING RELATIVE ERROR over r ranging from 0.0 to cutoff
| CHECK switch(x): max rel err =   0.2738E-14   at   2.422500
| CHECK d/dx switch(x): max rel err =   0.8314E-11   at   2.736960
 ---------------------------------------------------
|---------------------------------------------------
| APPROXIMATING direct energy using CUBIC SPLINE INTERPOLATION
|  with   50.0 points per unit in tabled values
| Relative Error Limit not exceeded for r .gt.   2.39
| APPROXIMATING direct force using CUBIC SPLINE INTERPOLATION
|  with   50.0 points per unit in tabled values
| Relative Error Limit not exceeded for r .gt.   2.84
|---------------------------------------------------

 NSTEP =      500   TIME(PS) =      31.250  TEMP(K) =   307.81  PRESS =     0.0
 Etot   =    -50865.4930  EKtot   =     21177.0703  EPtot      =    -72042.5634
 BOND   =     12978.3305  ANGLE   =      1215.5635  DIHED      =      1360.1233
 1-4 NB =       444.8247  1-4 EEL =      4610.6511  VDWAALS    =     12645.7033
 EELEC  =   -105297.7598  EHBOND  =         0.0000  RESTRAINT  =         0.0000
 ------------------------------------------------------------------------------

check COM velocity, temp:        0.000002     0.00(Removed)

 NSTEP =     1000   TIME(PS) =      31.500  TEMP(K) =   307.31  PRESS =     0.0
 Etot   =    -50863.5467  EKtot   =     21143.1230  EPtot      =    -72006.6698
 BOND   =     13024.2570  ANGLE   =      1197.0070  DIHED      =      1352.4933
 1-4 NB =       451.2905  1-4 EEL =      4650.6798  VDWAALS    =     12622.0222
 EELEC  =   -105304.4194  EHBOND  =         0.0000  RESTRAINT  =         0.0000
 ------------------------------------------------------------------------------


 NSTEP =     1500   TIME(PS) =      31.750  TEMP(K) =   305.99  PRESS =     0.0
 Etot   =    -50866.8628  EKtot   =     21051.9609  EPtot      =    -71918.8238
 BOND   =     13146.9042  ANGLE   =      1173.9493  DIHED      =      1342.5950
 1-4 NB =       456.0649  1-4 EEL =      4638.6171  VDWAALS    =     12639.8386
 EELEC  =   -105316.7928  EHBOND  =         0.0000  RESTRAINT  =         0.0000
 ------------------------------------------------------------------------------

check COM velocity, temp:        0.000008     0.00(Removed)

 NSTEP =     2000   TIME(PS) =      32.000  TEMP(K) =   308.23  PRESS =     0.0
 Etot   =    -50871.0925  EKtot   =     21206.0996  EPtot      =    -72077.1921
 BOND   =     13044.3338  ANGLE   =      1160.6890  DIHED      =      1351.7436
 1-4 NB =       470.4422  1-4 EEL =      4662.6509  VDWAALS    =     12701.4637
 EELEC  =   -105468.5153  EHBOND  =         0.0000  RESTRAINT  =         0.0000
 ------------------------------------------------------------------------------


 NSTEP =     2500   TIME(PS) =      32.250  TEMP(K) =   309.03  PRESS =     0.0
 Etot   =    -50869.0616  EKtot   =     21261.3145  EPtot      =    -72130.3760
 BOND   =     12898.3732  ANGLE   =      1218.2693  DIHED      =      1337.8437
 1-4 NB =       451.3590  1-4 EEL =      4668.6378  VDWAALS    =     12572.1170
 EELEC  =   -105276.9760  EHBOND  =         0.0000  RESTRAINT  =         0.0000
 ------------------------------------------------------------------------------

check COM velocity, temp:        0.000010     0.00(Removed)

 NSTEP =     3000   TIME(PS) =      32.500  TEMP(K) =   309.73  PRESS =     0.0
 Etot   =    -50866.7328  EKtot   =     21309.3066  EPtot      =    -72176.0395
 BOND   =     13024.6792  ANGLE   =      1154.8989  DIHED      =      1353.7137
 1-4 NB =       459.4589  1-4 EEL =      4596.8783  VDWAALS    =     12729.6270
 EELEC  =   -105495.2954  EHBOND  =         0.0000  RESTRAINT  =         0.0000
 ------------------------------------------------------------------------------


 NSTEP =     3500   TIME(PS) =      32.750  TEMP(K) =   308.14  PRESS =     0.0
 Etot   =    -50869.0340  EKtot   =     21199.5918  EPtot      =    -72068.6258
 BOND   =     13097.8880  ANGLE   =      1178.7588  DIHED      =      1337.5638
 1-4 NB =       457.5016  1-4 EEL =      4639.1300  VDWAALS    =     13014.8632
 EELEC  =   -105794.3313  EHBOND  =         0.0000  RESTRAINT  =         0.0000
 ------------------------------------------------------------------------------

check COM velocity, temp:        0.000006     0.00(Removed)

 NSTEP =     4000   TIME(PS) =      33.000  TEMP(K) =   308.72  PRESS =     0.0
 Etot   =    -50868.7894  EKtot   =     21239.6934  EPtot      =    -72108.4827
 BOND   =     12841.8411  ANGLE   =      1219.4157  DIHED      =      1319.3795
 1-4 NB =       445.9772  1-4 EEL =      4626.3300  VDWAALS    =     12585.3977
 EELEC  =   -105146.8240  EHBOND  =         0.0000  RESTRAINT  =         0.0000
 ------------------------------------------------------------------------------


 NSTEP =     4500   TIME(PS) =      33.250  TEMP(K) =   307.72  PRESS =     0.0
 Etot   =    -50869.1012  EKtot   =     21171.2715  EPtot      =    -72040.3727
 BOND   =     12918.8664  ANGLE   =      1183.5315  DIHED      =      1332.0163
 1-4 NB =       453.3322  1-4 EEL =      4680.5784  VDWAALS    =     12594.4956
 EELEC  =   -105203.1931  EHBOND  =         0.0000  RESTRAINT  =         0.0000
 ------------------------------------------------------------------------------

check COM velocity, temp:        0.000005     0.00(Removed)

 NSTEP =     5000   TIME(PS) =      33.500  TEMP(K) =   307.39  PRESS =     0.0
 Etot   =    -50869.4210  EKtot   =     21148.6250  EPtot      =    -72018.0460
 BOND   =     13046.1771  ANGLE   =      1168.5295  DIHED      =      1340.3397
 1-4 NB =       466.9269  1-4 EEL =      4653.2280  VDWAALS    =     12505.5992
 EELEC  =   -105198.8464  EHBOND  =         0.0000  RESTRAINT  =         0.0000
 ------------------------------------------------------------------------------


 NSTEP =     5500   TIME(PS) =      33.750  TEMP(K) =   306.77  PRESS =     0.0
 Etot   =    -50866.9994  EKtot   =     21105.8379  EPtot      =    -71972.8372
 BOND   =     13063.3686  ANGLE   =      1165.4435  DIHED      =      1313.7315
 1-4 NB =       444.6385  1-4 EEL =      4651.1800  VDWAALS    =     12679.4378
 EELEC  =   -105290.6372  EHBOND  =         0.0000  RESTRAINT  =         0.0000
 ------------------------------------------------------------------------------

check COM velocity, temp:        0.000008     0.00(Removed)

 NSTEP =     6000   TIME(PS) =      34.000  TEMP(K) =   308.94  PRESS =     0.0
 Etot   =    -50865.6848  EKtot   =     21254.8965  EPtot      =    -72120.5812
 BOND   =     12887.8593  ANGLE   =      1153.8960  DIHED      =      1320.2367
 1-4 NB =       446.3162  1-4 EEL =      4618.9469  VDWAALS    =     12811.1348
 EELEC  =   -105358.9711  EHBOND  =         0.0000  RESTRAINT  =         0.0000
 ------------------------------------------------------------------------------


 NSTEP =     6500   TIME(PS) =      34.250  TEMP(K) =   306.01  PRESS =     0.0
 Etot   =    -50866.4051  EKtot   =     21053.2734  EPtot      =    -71919.6785
 BOND   =     12840.3274  ANGLE   =      1186.5821  DIHED      =      1343.1487
 1-4 NB =       450.2188  1-4 EEL =      4645.8424  VDWAALS    =     12675.2718
 EELEC  =   -105061.0698  EHBOND  =         0.0000  RESTRAINT  =         0.0000
 ------------------------------------------------------------------------------

check COM velocity, temp:        0.000002     0.00(Removed)

 NSTEP =     7000   TIME(PS) =      34.500  TEMP(K) =   308.36  PRESS =     0.0
 Etot   =    -50866.7823  EKtot   =     21215.2793  EPtot      =    -72082.0616
 BOND   =     12878.2142  ANGLE   =      1138.5891  DIHED      =      1348.3903
 1-4 NB =       452.6442  1-4 EEL =      4686.1773  VDWAALS    =     12646.7986
 EELEC  =   -105232.8753  EHBOND  =         0.0000  RESTRAINT  =         0.0000
 ------------------------------------------------------------------------------


 NSTEP =     7500   TIME(PS) =      34.750  TEMP(K) =   304.94  PRESS =     0.0
 Etot   =    -50865.8420  EKtot   =     20980.0664  EPtot      =    -71845.9084
 BOND   =     12837.0832  ANGLE   =      1149.2862  DIHED      =      1339.5765
 1-4 NB =       458.0067  1-4 EEL =      4609.1761  VDWAALS    =     12495.4762
 EELEC  =   -104734.5133  EHBOND  =         0.0000  RESTRAINT  =         0.0000
 ------------------------------------------------------------------------------

check COM velocity, temp:        0.000004     0.00(Removed)

 NSTEP =     8000   TIME(PS) =      35.000  TEMP(K) =   308.59  PRESS =     0.0
 Etot   =    -50866.5287  EKtot   =     21230.6211  EPtot      =    -72097.1498
 BOND   =     12920.9312  ANGLE   =      1169.5462  DIHED      =      1300.3314
 1-4 NB =       447.3325  1-4 EEL =      4678.8084  VDWAALS    =     12503.0070
 EELEC  =   -105117.1066  EHBOND  =         0.0000  RESTRAINT  =         0.0000
 ------------------------------------------------------------------------------


 NSTEP =     8500   TIME(PS) =      35.250  TEMP(K) =   306.49  PRESS =     0.0
 Etot   =    -50865.7215  EKtot   =     21086.3359  EPtot      =    -71952.0574
 BOND   =     12936.0790  ANGLE   =      1104.0945  DIHED      =      1334.8159
 1-4 NB =       446.0548  1-4 EEL =      4670.1637  VDWAALS    =     12466.5710
 EELEC  =   -104909.8364  EHBOND  =         0.0000  RESTRAINT  =         0.0000
 ------------------------------------------------------------------------------

check COM velocity, temp:        0.000000     0.00(Removed)

 NSTEP =     9000   TIME(PS) =      35.500  TEMP(K) =   305.80  PRESS =     0.0
 Etot   =    -50864.3063  EKtot   =     21038.8652  EPtot      =    -71903.1715
 BOND   =     12811.0374  ANGLE   =      1119.5865  DIHED      =      1309.8629
 1-4 NB =       442.5423  1-4 EEL =      4676.5658  VDWAALS    =     12552.8827
 EELEC  =   -104815.6493  EHBOND  =         0.0000  RESTRAINT  =         0.0000
 ------------------------------------------------------------------------------


 NSTEP =     9500   TIME(PS) =      35.750  TEMP(K) =   307.09  PRESS =     0.0
 Etot   =    -50867.8486  EKtot   =     21127.9668  EPtot      =    -71995.8154
 BOND   =     12906.7224  ANGLE   =      1144.6946  DIHED      =      1314.1882
 1-4 NB =       442.0287  1-4 EEL =      4634.7652  VDWAALS    =     12652.2907
 EELEC  =   -105090.5051  EHBOND  =         0.0000  RESTRAINT  =         0.0000
 ------------------------------------------------------------------------------

check COM velocity, temp:        0.000004     0.00(Removed)

 NSTEP =    10000   TIME(PS) =      36.000  TEMP(K) =   307.09  PRESS =     0.0
 Etot   =    -50866.9832  EKtot   =     21127.7383  EPtot      =    -71994.7215
 BOND   =     12942.0905  ANGLE   =      1154.7048  DIHED      =      1333.0714
 1-4 NB =       438.8114  1-4 EEL =      4665.8397  VDWAALS    =     12776.2389
 EELEC  =   -105305.4782  EHBOND  =         0.0000  RESTRAINT  =         0.0000
 ------------------------------------------------------------------------------


 NSTEP =    10500   TIME(PS) =      36.250  TEMP(K) =   305.36  PRESS =     0.0
 Etot   =    -50864.2086  EKtot   =     21008.8184  EPtot      =    -71873.0270
 BOND   =     12960.8460  ANGLE   =      1113.1859  DIHED      =      1336.3900
 1-4 NB =       434.0516  1-4 EEL =      4624.8225  VDWAALS    =     12758.8031
 EELEC  =   -105101.1261  EHBOND  =         0.0000  RESTRAINT  =         0.0000
 ------------------------------------------------------------------------------

check COM velocity, temp:        0.000008     0.00(Removed)

 NSTEP =    11000   TIME(PS) =      36.500  TEMP(K) =   307.45  PRESS =     0.0
 Etot   =    -50864.7089  EKtot   =     21152.3926  EPtot      =    -72017.1015
 BOND   =     12852.1828  ANGLE   =      1118.6561  DIHED      =      1319.5397
 1-4 NB =       450.9681  1-4 EEL =      4648.6773  VDWAALS    =     12516.1044
 EELEC  =   -104923.2300  EHBOND  =         0.0000  RESTRAINT  =         0.0000
 ------------------------------------------------------------------------------


 NSTEP =    11500   TIME(PS) =      36.750  TEMP(K) =   305.14  PRESS =     0.0
 Etot   =    -50864.1544  EKtot   =     20993.7031  EPtot      =    -71857.8575
 BOND   =     13027.2130  ANGLE   =      1091.4857  DIHED      =      1332.1732
 1-4 NB =       439.5053  1-4 EEL =      4654.6107  VDWAALS    =     12719.5195
 EELEC  =   -105122.3649  EHBOND  =         0.0000  RESTRAINT  =         0.0000
 ------------------------------------------------------------------------------

check COM velocity, temp:        0.000007     0.00(Removed)

 NSTEP =    12000   TIME(PS) =      37.000  TEMP(K) =   304.90  PRESS =     0.0
 Etot   =    -50867.3680  EKtot   =     20977.0762  EPtot      =    -71844.4442
 BOND   =     12943.5197  ANGLE   =      1114.0105  DIHED      =      1324.3700
 1-4 NB =       443.4406  1-4 EEL =      4595.0975  VDWAALS    =     12414.0866
 EELEC  =   -104678.9692  EHBOND  =         0.0000  RESTRAINT  =         0.0000
 ------------------------------------------------------------------------------


 NSTEP =    12500   TIME(PS) =      37.250  TEMP(K) =   307.45  PRESS =     0.0
 Etot   =    -50870.6435  EKtot   =     21152.1484  EPtot      =    -72022.7920
 BOND   =     12901.0130  ANGLE   =      1057.1260  DIHED      =      1312.9671
 1-4 NB =       467.3706  1-4 EEL =      4700.8795  VDWAALS    =     12541.7532
 EELEC  =   -105003.9014  EHBOND  =         0.0000  RESTRAINT  =         0.0000
 ------------------------------------------------------------------------------

check COM velocity, temp:        0.000005     0.00(Removed)

 NSTEP =    13000   TIME(PS) =      37.500  TEMP(K) =   307.71  PRESS =     0.0
 Etot   =    -50868.7486  EKtot   =     21170.3203  EPtot      =    -72039.0689
 BOND   =     12773.1904  ANGLE   =      1143.6824  DIHED      =      1324.5496
 1-4 NB =       441.9863  1-4 EEL =      4598.8743  VDWAALS    =     12764.4504
 EELEC  =   -105085.8023  EHBOND  =         0.0000  RESTRAINT  =         0.0000
 ------------------------------------------------------------------------------


 NSTEP =    13500   TIME(PS) =      37.750  TEMP(K) =   307.23  PRESS =     0.0
 Etot   =    -50867.8161  EKtot   =     21137.0566  EPtot      =    -72004.8728
 BOND   =     12794.0667  ANGLE   =      1103.3001  DIHED      =      1319.5219
 1-4 NB =       435.6643  1-4 EEL =      4672.5026  VDWAALS    =     12738.5516
 EELEC  =   -105068.4799  EHBOND  =         0.0000  RESTRAINT  =         0.0000
 ------------------------------------------------------------------------------

check COM velocity, temp:        0.000004     0.00(Removed)

 NSTEP =    14000   TIME(PS) =      38.000  TEMP(K) =   306.68  PRESS =     0.0
 Etot   =    -50868.3806  EKtot   =     21099.4727  EPtot      =    -71967.8532
 BOND   =     12856.6641  ANGLE   =      1105.8838  DIHED      =      1321.0582
 1-4 NB =       440.1834  1-4 EEL =      4644.7959  VDWAALS    =     12619.6464
 EELEC  =   -104956.0849  EHBOND  =         0.0000  RESTRAINT  =         0.0000
 ------------------------------------------------------------------------------


 NSTEP =    14500   TIME(PS) =      38.250  TEMP(K) =   305.01  PRESS =     0.0
 Etot   =    -50861.4818  EKtot   =     20984.7969  EPtot      =    -71846.2787
 BOND   =     12795.4628  ANGLE   =      1086.8780  DIHED      =      1342.2376
 1-4 NB =       450.2362  1-4 EEL =      4700.4704  VDWAALS    =     12638.7827
 EELEC  =   -104860.3463  EHBOND  =         0.0000  RESTRAINT  =         0.0000
 ------------------------------------------------------------------------------

check COM velocity, temp:        0.000004     0.00(Removed)

 NSTEP =    15000   TIME(PS) =      38.500  TEMP(K) =   307.48  PRESS =     0.0
 Etot   =    -50863.6748  EKtot   =     21154.5762  EPtot      =    -72018.2510
 BOND   =     12776.4281  ANGLE   =      1106.8729  DIHED      =      1339.6139
 1-4 NB =       470.2481  1-4 EEL =      4650.7273  VDWAALS    =     12591.3185
 EELEC  =   -104953.4598  EHBOND  =         0.0000  RESTRAINT  =         0.0000
 ------------------------------------------------------------------------------


 NSTEP =    15500   TIME(PS) =      38.750  TEMP(K) =   308.44  PRESS =     0.0
 Etot   =    -50867.6195  EKtot   =     21220.6797  EPtot      =    -72088.2991
 BOND   =     12814.4092  ANGLE   =      1085.6785  DIHED      =      1325.3067
 1-4 NB =       446.7496  1-4 EEL =      4673.1579  VDWAALS    =     12823.3611
 EELEC  =   -105256.9621  EHBOND  =         0.0000  RESTRAINT  =         0.0000
 ------------------------------------------------------------------------------

check COM velocity, temp:        0.000004     0.00(Removed)

 NSTEP =    16000   TIME(PS) =      39.000  TEMP(K) =   306.67  PRESS =     0.0
 Etot   =    -50869.0415  EKtot   =     21098.5352  EPtot      =    -71967.5766
 BOND   =     12773.0391  ANGLE   =      1114.6647  DIHED      =      1353.6231
 1-4 NB =       445.1387  1-4 EEL =      4606.8439  VDWAALS    =     12591.6331
 EELEC  =   -104852.5192  EHBOND  =         0.0000  RESTRAINT  =         0.0000
 ------------------------------------------------------------------------------


 NSTEP =    16500   TIME(PS) =      39.250  TEMP(K) =   308.23  PRESS =     0.0
 Etot   =    -50867.9724  EKtot   =     21206.1055  EPtot      =    -72074.0779
 BOND   =     12964.2473  ANGLE   =      1104.3087  DIHED      =      1325.9294
 1-4 NB =       448.0653  1-4 EEL =      4674.5799  VDWAALS    =     12716.6179
 EELEC  =   -105307.8264  EHBOND  =         0.0000  RESTRAINT  =         0.0000
 ------------------------------------------------------------------------------

check COM velocity, temp:        0.000009     0.00(Removed)

 NSTEP =    17000   TIME(PS) =      39.500  TEMP(K) =   305.00  PRESS =     0.0
 Etot   =    -50864.9750  EKtot   =     20983.9492  EPtot      =    -71848.9242
 BOND   =     12897.8947  ANGLE   =      1120.1928  DIHED      =      1349.4856
 1-4 NB =       445.1344  1-4 EEL =      4678.3179  VDWAALS    =     12608.3982
 EELEC  =   -104948.3478  EHBOND  =         0.0000  RESTRAINT  =         0.0000
 ------------------------------------------------------------------------------


 NSTEP =    17500   TIME(PS) =      39.750  TEMP(K) =   305.59  PRESS =     0.0
 Etot   =    -50867.3096  EKtot   =     21024.3535  EPtot      =    -71891.6631
 BOND   =     12843.7758  ANGLE   =      1105.2940  DIHED      =      1325.1784
 1-4 NB =       433.5286  1-4 EEL =      4606.1039  VDWAALS    =     12659.2821
 EELEC  =   -104864.8259  EHBOND  =         0.0000  RESTRAINT  =         0.0000
 ------------------------------------------------------------------------------

check COM velocity, temp:        0.000006     0.00(Removed)

 NSTEP =    18000   TIME(PS) =      40.000  TEMP(K) =   304.89  PRESS =     0.0
 Etot   =    -50869.6783  EKtot   =     20976.3379  EPtot      =    -71846.0162
 BOND   =     12714.3244  ANGLE   =      1161.7510  DIHED      =      1348.0986
 1-4 NB =       439.8967  1-4 EEL =      4634.8993  VDWAALS    =     12591.8898
 EELEC  =   -104736.8760  EHBOND  =         0.0000  RESTRAINT  =         0.0000
 ------------------------------------------------------------------------------


 NSTEP =    18500   TIME(PS) =      40.250  TEMP(K) =   307.26  PRESS =     0.0
 Etot   =    -50868.1169  EKtot   =     21139.5508  EPtot      =    -72007.6677
 BOND   =     12846.5374  ANGLE   =      1061.7785  DIHED      =      1332.5654
 1-4 NB =       451.8709  1-4 EEL =      4667.7675  VDWAALS    =     12620.0761
 EELEC  =   -104988.2634  EHBOND  =         0.0000  RESTRAINT  =         0.0000
 ------------------------------------------------------------------------------

check COM velocity, temp:        0.000007     0.00(Removed)

 NSTEP =    19000   TIME(PS) =      40.500  TEMP(K) =   308.19  PRESS =     0.0
 Etot   =    -50865.7522  EKtot   =     21203.3613  EPtot      =    -72069.1135
 BOND   =     12911.9076  ANGLE   =      1071.0348  DIHED      =      1312.5939
 1-4 NB =       447.1970  1-4 EEL =      4657.8434  VDWAALS    =     12687.7132
 EELEC  =   -105157.4034  EHBOND  =         0.0000  RESTRAINT  =         0.0000
 ------------------------------------------------------------------------------


 NSTEP =    19500   TIME(PS) =      40.750  TEMP(K) =   306.25  PRESS =     0.0
 Etot   =    -50868.0911  EKtot   =     21069.6309  EPtot      =    -71937.7220
 BOND   =     12808.9244  ANGLE   =      1104.8622  DIHED      =      1328.6185
 1-4 NB =       451.0978  1-4 EEL =      4638.8412  VDWAALS    =     12572.4095
 EELEC  =   -104842.4755  EHBOND  =         0.0000  RESTRAINT  =         0.0000
 ------------------------------------------------------------------------------

check COM velocity, temp:        0.000004     0.00(Removed)

 NSTEP =    20000   TIME(PS) =      41.000  TEMP(K) =   306.18  PRESS =     0.0
 Etot   =    -50867.7457  EKtot   =     21064.8848  EPtot      =    -71932.6304
 BOND   =     12924.0789  ANGLE   =      1078.0271  DIHED      =      1334.1840
 1-4 NB =       449.4643  1-4 EEL =      4631.3078  VDWAALS    =     12729.1433
 EELEC  =   -105078.8357  EHBOND  =         0.0000  RESTRAINT  =         0.0000
 ------------------------------------------------------------------------------


 NSTEP =    20500   TIME(PS) =      41.250  TEMP(K) =   305.09  PRESS =     0.0
 Etot   =    -50867.8113  EKtot   =     20989.7344  EPtot      =    -71857.5457
 BOND   =     12764.5681  ANGLE   =      1114.0233  DIHED      =      1326.7512
 1-4 NB =       444.4427  1-4 EEL =      4644.7183  VDWAALS    =     12604.9060
 EELEC  =   -104756.9552  EHBOND  =         0.0000  RESTRAINT  =         0.0000
 ------------------------------------------------------------------------------

check COM velocity, temp:        0.000003     0.00(Removed)

 NSTEP =    21000   TIME(PS) =      41.500  TEMP(K) =   305.62  PRESS =     0.0
 Etot   =    -50866.2377  EKtot   =     21026.3984  EPtot      =    -71892.6361
 BOND   =     12664.7821  ANGLE   =      1110.8503  DIHED      =      1329.6178
 1-4 NB =       457.0125  1-4 EEL =      4657.4388  VDWAALS    =     12366.4882
 EELEC  =   -104478.8258  EHBOND  =         0.0000  RESTRAINT  =         0.0000
 ------------------------------------------------------------------------------


 NSTEP =    21500   TIME(PS) =      41.750  TEMP(K) =   308.84  PRESS =     0.0
 Etot   =    -50868.9021  EKtot   =     21248.0586  EPtot      =    -72116.9607
 BOND   =     12710.9352  ANGLE   =      1113.7035  DIHED      =      1318.5355
 1-4 NB =       447.8015  1-4 EEL =      4610.7609  VDWAALS    =     12505.0359
 EELEC  =   -104823.7331  EHBOND  =         0.0000  RESTRAINT  =         0.0000
 ------------------------------------------------------------------------------

check COM velocity, temp:        0.000009     0.00(Removed)

 NSTEP =    22000   TIME(PS) =      42.000  TEMP(K) =   307.64  PRESS =     0.0
 Etot   =    -50866.4954  EKtot   =     21165.4414  EPtot      =    -72031.9369
 BOND   =     12896.6457  ANGLE   =      1071.2669  DIHED      =      1309.4877
 1-4 NB =       446.5464  1-4 EEL =      4660.0503  VDWAALS    =     12745.4240
 EELEC  =   -105161.3577  EHBOND  =         0.0000  RESTRAINT  =         0.0000
 ------------------------------------------------------------------------------


 NSTEP =    22500   TIME(PS) =      42.250  TEMP(K) =   306.16  PRESS =     0.0
 Etot   =    -50862.5895  EKtot   =     21063.9434  EPtot      =    -71926.5328
 BOND   =     12856.9454  ANGLE   =      1045.5473  DIHED      =      1316.1581
 1-4 NB =       462.5940  1-4 EEL =      4687.3830  VDWAALS    =     12639.6418
 EELEC  =   -104934.8025  EHBOND  =         0.0000  RESTRAINT  =         0.0000
 ------------------------------------------------------------------------------

check COM velocity, temp:        0.000007     0.00(Removed)

 NSTEP =    23000   TIME(PS) =      42.500  TEMP(K) =   306.14  PRESS =     0.0
 Etot   =    -50865.4224  EKtot   =     21062.2422  EPtot      =    -71927.6645
 BOND   =     12734.9298  ANGLE   =      1071.4048  DIHED      =      1330.4520
 1-4 NB =       454.1154  1-4 EEL =      4665.9729  VDWAALS    =     12393.7323
 EELEC  =   -104578.2717  EHBOND  =         0.0000  RESTRAINT  =         0.0000
 ------------------------------------------------------------------------------


 NSTEP =    23500   TIME(PS) =      42.750  TEMP(K) =   307.91  PRESS =     0.0
 Etot   =    -50868.1958  EKtot   =     21184.1113  EPtot      =    -72052.3072
 BOND   =     12648.7438  ANGLE   =      1061.1077  DIHED      =      1339.8738
 1-4 NB =       447.1110  1-4 EEL =      4658.8507  VDWAALS    =     12500.7561
 EELEC  =   -104708.7502  EHBOND  =         0.0000  RESTRAINT  =         0.0000
 ------------------------------------------------------------------------------

check COM velocity, temp:        0.000006     0.00(Removed)

 NSTEP =    24000   TIME(PS) =      43.000  TEMP(K) =   305.48  PRESS =     0.0
 Etot   =    -50866.5365  EKtot   =     21017.0527  EPtot      =    -71883.5892
 BOND   =     12758.6226  ANGLE   =      1089.7991  DIHED      =      1342.9705
 1-4 NB =       432.3137  1-4 EEL =      4646.7715  VDWAALS    =     12591.4455
 EELEC  =   -104745.5121  EHBOND  =         0.0000  RESTRAINT  =         0.0000
 ------------------------------------------------------------------------------


 NSTEP =    24500   TIME(PS) =      43.250  TEMP(K) =   307.44  PRESS =     0.0
 Etot   =    -50869.1818  EKtot   =     21151.8359  EPtot      =    -72021.0177
 BOND   =     12670.1369  ANGLE   =      1105.4244  DIHED      =      1340.2647
 1-4 NB =       442.3083  1-4 EEL =      4635.6980  VDWAALS    =     12547.2242
 EELEC  =   -104762.0741  EHBOND  =         0.0000  RESTRAINT  =         0.0000
 ------------------------------------------------------------------------------

check COM velocity, temp:        0.000005     0.00(Removed)

 NSTEP =    25000   TIME(PS) =      43.500  TEMP(K) =   307.66  PRESS =     0.0
 Etot   =    -50865.1471  EKtot   =     21166.6680  EPtot      =    -72031.8150
 BOND   =     12937.5692  ANGLE   =      1102.5337  DIHED      =      1340.7564
 1-4 NB =       440.2576  1-4 EEL =      4630.2415  VDWAALS    =     12545.3165
 EELEC  =   -105028.4899  EHBOND  =         0.0000  RESTRAINT  =         0.0000
 ------------------------------------------------------------------------------


 NSTEP =    25500   TIME(PS) =      43.750  TEMP(K) =   305.70  PRESS =     0.0
 Etot   =    -50863.4599  EKtot   =     21031.6836  EPtot      =    -71895.1435
 BOND   =     12880.0014  ANGLE   =      1081.3917  DIHED      =      1315.7693
 1-4 NB =       438.6527  1-4 EEL =      4620.2294  VDWAALS    =     12464.0437
 EELEC  =   -104695.2317  EHBOND  =         0.0000  RESTRAINT  =         0.0000
 ------------------------------------------------------------------------------

check COM velocity, temp:        0.000007     0.00(Removed)

 NSTEP =    26000   TIME(PS) =      44.000  TEMP(K) =   307.04  PRESS =     0.0
 Etot   =    -50865.3263  EKtot   =     21124.2832  EPtot      =    -71989.6095
 BOND   =     12808.0822  ANGLE   =      1115.9078  DIHED      =      1305.4098
 1-4 NB =       447.6388  1-4 EEL =      4643.6609  VDWAALS    =     12572.6776
 EELEC  =   -104882.9866  EHBOND  =         0.0000  RESTRAINT  =         0.0000
 ------------------------------------------------------------------------------


 NSTEP =    26500   TIME(PS) =      44.250  TEMP(K) =   306.90  PRESS =     0.0
 Etot   =    -50868.5386  EKtot   =     21114.7891  EPtot      =    -71983.3276
 BOND   =     12830.5256  ANGLE   =      1110.9159  DIHED      =      1324.0083
 1-4 NB =       436.1311  1-4 EEL =      4660.1455  VDWAALS    =     12686.9621
 EELEC  =   -105032.0161  EHBOND  =         0.0000  RESTRAINT  =         0.0000
 ------------------------------------------------------------------------------

check COM velocity, temp:        0.000008     0.00(Removed)

 NSTEP =    27000   TIME(PS) =      44.500  TEMP(K) =   303.56  PRESS =     0.0
 Etot   =    -50863.1047  EKtot   =     20884.4727  EPtot      =    -71747.5774
 BOND   =     12918.5910  ANGLE   =      1060.5010  DIHED      =      1333.0358
 1-4 NB =       443.6070  1-4 EEL =      4692.1395  VDWAALS    =     12797.8788
 EELEC  =   -104993.3305  EHBOND  =         0.0000  RESTRAINT  =         0.0000
 ------------------------------------------------------------------------------


 NSTEP =    27500   TIME(PS) =      44.750  TEMP(K) =   304.91  PRESS =     0.0
 Etot   =    -50866.4547  EKtot   =     20977.3848  EPtot      =    -71843.8394
 BOND   =     12994.5976  ANGLE   =      1045.4373  DIHED      =      1329.4868
 1-4 NB =       448.1316  1-4 EEL =      4640.1871  VDWAALS    =     12324.2556
 EELEC  =   -104625.9354  EHBOND  =         0.0000  RESTRAINT  =         0.0000
 ------------------------------------------------------------------------------

check COM velocity, temp:        0.000008     0.00(Removed)

 NSTEP =    28000   TIME(PS) =      45.000  TEMP(K) =   305.26  PRESS =     0.0
 Etot   =    -50869.2689  EKtot   =     21001.6445  EPtot      =    -71870.9134
 BOND   =     12785.0341  ANGLE   =      1084.7656  DIHED      =      1325.3541
 1-4 NB =       435.7311  1-4 EEL =      4618.1144  VDWAALS    =     12809.7403
 EELEC  =   -104929.6530  EHBOND  =         0.0000  RESTRAINT  =         0.0000
 ------------------------------------------------------------------------------


 NSTEP =    28500   TIME(PS) =      45.250  TEMP(K) =   306.22  PRESS =     0.0
 Etot   =    -50869.3597  EKtot   =     21067.4922  EPtot      =    -71936.8519
 BOND   =     12758.0954  ANGLE   =      1106.3943  DIHED      =      1332.5037
 1-4 NB =       443.1073  1-4 EEL =      4644.5990  VDWAALS    =     12607.9530
 EELEC  =   -104829.5044  EHBOND  =         0.0000  RESTRAINT  =         0.0000
 ------------------------------------------------------------------------------

check COM velocity, temp:        0.000005     0.00(Removed)

 NSTEP =    29000   TIME(PS) =      45.500  TEMP(K) =   308.02  PRESS =     0.0
 Etot   =    -50868.0584  EKtot   =     21191.3438  EPtot      =    -72059.4022
 BOND   =     12828.3941  ANGLE   =      1063.3080  DIHED      =      1341.2931
 1-4 NB =       446.5541  1-4 EEL =      4641.6784  VDWAALS    =     12446.1571
 EELEC  =   -104826.7871  EHBOND  =         0.0000  RESTRAINT  =         0.0000
 ------------------------------------------------------------------------------


 NSTEP =    29500   TIME(PS) =      45.750  TEMP(K) =   307.42  PRESS =     0.0
 Etot   =    -50870.0078  EKtot   =     21150.4453  EPtot      =    -72020.4531
 BOND   =     12622.8605  ANGLE   =      1085.4195  DIHED      =      1333.6484
 1-4 NB =       436.3028  1-4 EEL =      4617.4494  VDWAALS    =     12631.7058
 EELEC  =   -104747.8395  EHBOND  =         0.0000  RESTRAINT  =         0.0000
 ------------------------------------------------------------------------------

check COM velocity, temp:        0.000007     0.00(Removed)

 NSTEP =    30000   TIME(PS) =      46.000  TEMP(K) =   307.99  PRESS =     0.0
 Etot   =    -50869.9380  EKtot   =     21189.8730  EPtot      =    -72059.8111
 BOND   =     12909.0911  ANGLE   =      1090.5014  DIHED      =      1342.4505
 1-4 NB =       431.3919  1-4 EEL =      4639.6427  VDWAALS    =     12566.0076
 EELEC  =   -105038.8961  EHBOND  =         0.0000  RESTRAINT  =         0.0000
 ------------------------------------------------------------------------------


 NSTEP =    30500   TIME(PS) =      46.250  TEMP(K) =   306.89  PRESS =     0.0
 Etot   =    -50866.2095  EKtot   =     21113.7812  EPtot      =    -71979.9908
 BOND   =     12902.1069  ANGLE   =      1081.6432  DIHED      =      1333.6641
 1-4 NB =       440.5619  1-4 EEL =      4643.9822  VDWAALS    =     12646.7424
 EELEC  =   -105028.6915  EHBOND  =         0.0000  RESTRAINT  =         0.0000
 ------------------------------------------------------------------------------

check COM velocity, temp:        0.000007     0.00(Removed)

 NSTEP =    31000   TIME(PS) =      46.500  TEMP(K) =   304.25  PRESS =     0.0
 Etot   =    -50867.8667  EKtot   =     20931.9277  EPtot      =    -71799.7945
 BOND   =     12873.3493  ANGLE   =      1085.2526  DIHED      =      1320.1604
 1-4 NB =       430.9391  1-4 EEL =      4659.9774  VDWAALS    =     12547.4000
 EELEC  =   -104716.8733  EHBOND  =         0.0000  RESTRAINT  =         0.0000
 ------------------------------------------------------------------------------


 NSTEP =    31500   TIME(PS) =      46.750  TEMP(K) =   309.43  PRESS =     0.0
 Etot   =    -50871.1631  EKtot   =     21288.9668  EPtot      =    -72160.1299
 BOND   =     12731.8911  ANGLE   =      1074.3272  DIHED      =      1317.3042
 1-4 NB =       434.8183  1-4 EEL =      4639.2545  VDWAALS    =     12874.7050
 EELEC  =   -105232.4302  EHBOND  =         0.0000  RESTRAINT  =         0.0000
 ------------------------------------------------------------------------------

check COM velocity, temp:        0.000003     0.00(Removed)

 NSTEP =    32000   TIME(PS) =      47.000  TEMP(K) =   308.04  PRESS =     0.0
 Etot   =    -50870.2090  EKtot   =     21193.2891  EPtot      =    -72063.4981
 BOND   =     12629.2346  ANGLE   =      1070.9718  DIHED      =      1309.1756
 1-4 NB =       446.7723  1-4 EEL =      4645.0101  VDWAALS    =     12422.5522
 EELEC  =   -104587.2146  EHBOND  =         0.0000  RESTRAINT  =         0.0000
 ------------------------------------------------------------------------------


 NSTEP =    32500   TIME(PS) =      47.250  TEMP(K) =   304.13  PRESS =     0.0
 Etot   =    -50861.9156  EKtot   =     20924.2930  EPtot      =    -71786.2086
 BOND   =     12919.7954  ANGLE   =      1090.1919  DIHED      =      1345.5173
 1-4 NB =       437.1586  1-4 EEL =      4635.5907  VDWAALS    =     12476.4174
 EELEC  =   -104690.8799  EHBOND  =         0.0000  RESTRAINT  =         0.0000
 ------------------------------------------------------------------------------

check COM velocity, temp:        0.000002     0.00(Removed)

 NSTEP =    33000   TIME(PS) =      47.500  TEMP(K) =   303.55  PRESS =     0.0
 Etot   =    -50864.3419  EKtot   =     20884.3770  EPtot      =    -71748.7188
 BOND   =     12858.9290  ANGLE   =      1042.4177  DIHED      =      1321.4631
 1-4 NB =       438.9832  1-4 EEL =      4606.7582  VDWAALS    =     12519.1702
 EELEC  =   -104536.4403  EHBOND  =         0.0000  RESTRAINT  =         0.0000
 ------------------------------------------------------------------------------


 NSTEP =    33500   TIME(PS) =      47.750  TEMP(K) =   307.26  PRESS =     0.0
 Etot   =    -50867.4598  EKtot   =     21139.4902  EPtot      =    -72006.9500
 BOND   =     12684.6566  ANGLE   =      1035.7354  DIHED      =      1304.4989
 1-4 NB =       433.8758  1-4 EEL =      4644.6019  VDWAALS    =     12415.7306
 EELEC  =   -104526.0491  EHBOND  =         0.0000  RESTRAINT  =         0.0000
 ------------------------------------------------------------------------------

check COM velocity, temp:        0.000005     0.00(Removed)

 NSTEP =    34000   TIME(PS) =      48.000  TEMP(K) =   304.90  PRESS =     0.0
 Etot   =    -50865.7775  EKtot   =     20977.2227  EPtot      =    -71843.0002
 BOND   =     12770.8883  ANGLE   =      1084.7928  DIHED      =      1313.5418
 1-4 NB =       432.9826  1-4 EEL =      4657.6964  VDWAALS    =     12645.0386
 EELEC  =   -104747.9407  EHBOND  =         0.0000  RESTRAINT  =         0.0000
 ------------------------------------------------------------------------------


 NSTEP =    34500   TIME(PS) =      48.250  TEMP(K) =   305.78  PRESS =     0.0
 Etot   =    -50870.4379  EKtot   =     21037.8477  EPtot      =    -71908.2856
 BOND   =     12475.9064  ANGLE   =      1072.2894  DIHED      =      1325.5989
 1-4 NB =       445.4494  1-4 EEL =      4666.4586  VDWAALS    =     12544.9408
 EELEC  =   -104438.9290  EHBOND  =         0.0000  RESTRAINT  =         0.0000
 ------------------------------------------------------------------------------

check COM velocity, temp:        0.000008     0.00(Removed)

 NSTEP =    35000   TIME(PS) =      48.500  TEMP(K) =   303.70  PRESS =     0.0
 Etot   =    -50863.1417  EKtot   =     20894.2910  EPtot      =    -71757.4327
 BOND   =     12649.9182  ANGLE   =      1067.5482  DIHED      =      1314.4709
 1-4 NB =       439.8730  1-4 EEL =      4604.1552  VDWAALS    =     12202.1836
 EELEC  =   -104035.5818  EHBOND  =         0.0000  RESTRAINT  =         0.0000
 ------------------------------------------------------------------------------


 NSTEP =    35500   TIME(PS) =      48.750  TEMP(K) =   306.10  PRESS =     0.0
 Etot   =    -50864.4472  EKtot   =     21059.2598  EPtot      =    -71923.7070
 BOND   =     12789.9650  ANGLE   =      1052.7905  DIHED      =      1328.7134
 1-4 NB =       443.0621  1-4 EEL =      4641.4131  VDWAALS    =     12713.0607
 EELEC  =   -104892.7117  EHBOND  =         0.0000  RESTRAINT  =         0.0000
 ------------------------------------------------------------------------------

check COM velocity, temp:        0.000008     0.00(Removed)

 NSTEP =    36000   TIME(PS) =      49.000  TEMP(K) =   307.24  PRESS =     0.0
 Etot   =    -50866.9027  EKtot   =     21138.3086  EPtot      =    -72005.2113
 BOND   =     12757.7119  ANGLE   =      1068.5715  DIHED      =      1321.5438
 1-4 NB =       450.1901  1-4 EEL =      4628.9828  VDWAALS    =     12569.7459
 EELEC  =   -104801.9573  EHBOND  =         0.0000  RESTRAINT  =         0.0000
 ------------------------------------------------------------------------------


 NSTEP =    36500   TIME(PS) =      49.250  TEMP(K) =   304.98  PRESS =     0.0
 Etot   =    -50865.9849  EKtot   =     20982.5938  EPtot      =    -71848.5787
 BOND   =     12976.1189  ANGLE   =      1098.6217  DIHED      =      1328.2816
 1-4 NB =       429.7088  1-4 EEL =      4581.9465  VDWAALS    =     12798.2438
 EELEC  =   -105061.5000  EHBOND  =         0.0000  RESTRAINT  =         0.0000
 ------------------------------------------------------------------------------

check COM velocity, temp:        0.000005     0.00(Removed)

 NSTEP =    37000   TIME(PS) =      49.500  TEMP(K) =   307.82  PRESS =     0.0
 Etot   =    -50868.0627  EKtot   =     21177.9395  EPtot      =    -72046.0022
 BOND   =     12778.8795  ANGLE   =      1036.7023  DIHED      =      1322.8985
 1-4 NB =       451.1992  1-4 EEL =      4640.1840  VDWAALS    =     12624.2627
 EELEC  =   -104900.1284  EHBOND  =         0.0000  RESTRAINT  =         0.0000
 ------------------------------------------------------------------------------


 NSTEP =    37500   TIME(PS) =      49.750  TEMP(K) =   307.12  PRESS =     0.0
 Etot   =    -50865.7002  EKtot   =     21129.6973  EPtot      =    -71995.3975
 BOND   =     12818.8630  ANGLE   =      1027.0959  DIHED      =      1319.4137
 1-4 NB =       465.6551  1-4 EEL =      4695.4679  VDWAALS    =     12510.6112
 EELEC  =   -104832.5043  EHBOND  =         0.0000  RESTRAINT  =         0.0000
 ------------------------------------------------------------------------------

check COM velocity, temp:        0.000006     0.00(Removed)

 NSTEP =    38000   TIME(PS) =      50.000  TEMP(K) =   306.86  PRESS =     0.0
 Etot   =    -50860.4776  EKtot   =     21111.5977  EPtot      =    -71972.0752
 BOND   =     12831.7181  ANGLE   =      1045.8841  DIHED      =      1306.9823
 1-4 NB =       447.9564  1-4 EEL =      4631.8083  VDWAALS    =     12482.4771
 EELEC  =   -104718.9015  EHBOND  =         0.0000  RESTRAINT  =         0.0000
 ------------------------------------------------------------------------------


 NSTEP =    38500   TIME(PS) =      50.250  TEMP(K) =   305.65  PRESS =     0.0
 Etot   =    -50866.1001  EKtot   =     21028.4902  EPtot      =    -71894.5904
 BOND   =     12827.7321  ANGLE   =      1053.1131  DIHED      =      1316.7069
 1-4 NB =       445.8833  1-4 EEL =      4617.2900  VDWAALS    =     12386.8567
 EELEC  =   -104542.1725  EHBOND  =         0.0000  RESTRAINT  =         0.0000
 ------------------------------------------------------------------------------

check COM velocity, temp:        0.000005     0.00(Removed)

 NSTEP =    39000   TIME(PS) =      50.500  TEMP(K) =   304.78  PRESS =     0.0
 Etot   =    -50865.6989  EKtot   =     20968.4844  EPtot      =    -71834.1832
 BOND   =     12862.5376  ANGLE   =      1054.1377  DIHED      =      1324.4947
 1-4 NB =       431.5241  1-4 EEL =      4643.5712  VDWAALS    =     12467.6272
 EELEC  =   -104618.0758  EHBOND  =         0.0000  RESTRAINT  =         0.0000
 ------------------------------------------------------------------------------


 NSTEP =    39500   TIME(PS) =      50.750  TEMP(K) =   305.44  PRESS =     0.0
 Etot   =    -50864.2554  EKtot   =     21014.2383  EPtot      =    -71878.4937
 BOND   =     12765.1776  ANGLE   =      1061.8658  DIHED      =      1321.6124
 1-4 NB =       443.3199  1-4 EEL =      4632.5568  VDWAALS    =     12540.1562
 EELEC  =   -104643.1825  EHBOND  =         0.0000  RESTRAINT  =         0.0000
 ------------------------------------------------------------------------------

check COM velocity, temp:        0.000003     0.00(Removed)

 NSTEP =    40000   TIME(PS) =      51.000  TEMP(K) =   308.27  PRESS =     0.0
 Etot   =    -50867.2023  EKtot   =     21208.5000  EPtot      =    -72075.7023
 BOND   =     12740.0164  ANGLE   =      1028.7693  DIHED      =      1317.3742
 1-4 NB =       455.9672  1-4 EEL =      4674.8811  VDWAALS    =     12603.6134
 EELEC  =   -104896.3240  EHBOND  =         0.0000  RESTRAINT  =         0.0000
 ------------------------------------------------------------------------------


      A V E R A G E S   O V E R      80 S T E P S


 NSTEP =    40000   TIME(PS) =      51.000  TEMP(K) =   306.68  PRESS =     0.0
 Etot   =    -50866.7889  EKtot   =     21099.5023  EPtot      =    -71966.2912
 BOND   =     12848.1205  ANGLE   =      1104.6079  DIHED      =      1328.5552
 1-4 NB =       446.0650  1-4 EEL =      4645.4161  VDWAALS    =     12601.4083
 EELEC  =   -104940.4642  EHBOND  =         0.0000  RESTRAINT  =         0.0000
 ------------------------------------------------------------------------------


      R M S  F L U C T U A T I O N S


 NSTEP =    40000   TIME(PS) =      51.000  TEMP(K) =     1.44  PRESS =     0.0
 Etot   =         2.2876  EKtot   =        99.0429  EPtot      =       100.0831
 BOND   =       117.7498  ANGLE   =        46.4182  DIHED      =        13.1014
 1-4 NB =         9.1771  1-4 EEL =        25.9409  VDWAALS    =       132.3257
 EELEC  =       279.2447  EHBOND  =         0.0000  RESTRAINT  =         0.0000
|E(PBS) =         0.6858
 ------------------------------------------------------------------------------

--------------------------------------------------------------------------------
   5.  TIMINGS
--------------------------------------------------------------------------------

|  NonSetup CPU Time in Major Routines:
|
|     Routine           Sec        %
|     ------------------------------
|     Nonbond           8.43   12.58
|     Bond              0.00    0.00
|     Angle             0.00    0.00
|     Dihedral          0.00    0.00
|     Shake             0.00    0.00
|     RunMD            58.50   87.30
|     Other             0.08    0.13
|     ------------------------------
|     Total            67.02

|  PME Nonbond Pairlist CPU Time:
|
|     Routine              Sec        %
|     ---------------------------------
|     Set Up Cit           0.00    0.00
|     Build List           0.00    0.00
|     ---------------------------------
|     Total                0.00    0.00

|  PME Direct Force CPU Time:
|
|     Routine              Sec        %
|     ---------------------------------
|     NonBonded Calc       0.00    0.00
|     Exclude Masked       0.00    0.00
|     Other                0.03    0.05
|     ---------------------------------
|     Total                0.03    0.05

|  PME Reciprocal Force CPU Time:
|
|     Routine              Sec        %
|     ---------------------------------
|     1D bspline           0.00    0.00
|     Grid Charges         0.00    0.00
|     Scalar Sum           0.00    0.00
|     Gradient Sum         0.00    0.00
|     FFT                  0.00    0.00
|     ---------------------------------
|     Total                0.00    0.00

|  Final Performance Info:
|     -----------------------------------------------------
|     Average timings for last    4000 steps:
|     Elapsed(s) =       6.67 Per Step(ms) =       1.67
|         ns/day =      25.90   seconds/ns =    3335.56
|
|     Average timings for all steps:
|     Elapsed(s) =      67.98 Per Step(ms) =       1.70
|         ns/day =      25.42   seconds/ns =    3399.01
|     -----------------------------------------------------

|  Setup CPU time:            2.29 seconds
|  NonSetup CPU time:        67.02 seconds
|  Total CPU time:           69.31 seconds     0.02 hours

|  Setup wall time:           4    seconds
|  NonSetup wall time:       68    seconds
|  Total wall time:          72    seconds     0.02 hours
