
          -------------------------------------------------------
          Amber 16 PMEMD                              2016
          -------------------------------------------------------

| PMEMD implementation of SANDER, Release 16

| Run on 08/25/2017 at 16:27:20

|   Executable path: /apps/amber16/bin/pmemd.cuda
| Working directory: /scratch/pbarletta/pdz/run/lb/neq/data/larga_4
|          Hostname: mordor

  [-O]verwriting output

File Assignments:
|   MDIN: pdt.in                                                                
|  MDOUT: T192pplb_4.out                                                        
| INPCRD: /scratch/pbarletta/pdz/run/lb/neq/data/corta_4/T192plb_4.rst7         
|   PARM: /scratch/pbarletta/pdz/top_files/lb.prmtop                            
| RESTRT: T192pplb_4.rst7                                                       
|   REFC: refc                                                                  
|  MDVEL: mdvel                                                                 
|   MDEN: mden                                                                  
|  MDCRD: T192pplb_4.nc                                                         
| MDINFO: mdinfo                                                                
|  MDFRC: mdfrc                                                                 


 Here is the input file:

!NVE run                                                                       
&cntrl                                                                         
imin = 0,                           ! No Minimization                          
nmropt = 0,                         ! No NMR restraints read                   
                                                                               
! Nature and format of the input                                               
ntx = 5,                            ! Coordinates will be read, assign new velo
irest = 1,                          ! Do not run a new simulation              
                                                                               
! Nature and format of the output                                              
ioutfm = 1,			    ! NetCDF format for output files                             
ntxo = 1,                           ! rstrt file in ASCII format               
ntpr = 500,                         ! inf in output every ntpr steps           
ntwr = 500,                         ! rstrt file every ntwr steps              
ntwx = 100,                         ! mdcrd file every ntwx steps              
ntwv = -1,                          ! mdvel without velocities                 
ntwe = 0,                           ! Energies and temperatures not written in 
idecomp = 0,                        ! No energy decomposition                  
iwrap = 1,                          ! Coordinates of the restart and mdcrd file
                                                                               
! Frozen or restrained atoms                                                   
ibelly = 0,                         ! No frozen atoms                          
ntr=0,                              ! Harmonic potential restraints            
                                                                               
! Molecular dynamics                                                           
nstlim = 40000,                      ! Number of MD-steps                      
dt = 0.0005,                        ! Time step                                
                                                                               
! Temperature regulation                                                       
ntt = 0,                            ! Constant total energy                    
                                                                               
! P and V regulation                                                           
ntp = 0,                            ! No P control                             
ntb = 1,                            ! constant V                               
                                                                               
! SHAKE variables                                                              
ntc = 1,                            ! Bonds involving H are constrained        
ntf = 1,                            ! Bond interaction involving H are ommited.
                                                                               
cut = 9.0,                          ! Nonbonded cutoff                         
/                                                                              
&end                                                                           


Note: ig = -1. Setting random seed to   322255 based on wallclock time in 
      microseconds.
| irandom = 1, using AMBER's internal random number generator (default).
 
|--------------------- INFORMATION ----------------------
| GPU (CUDA) Version of PMEMD in use: NVIDIA GPU IN USE.
|                    Version 16.0.0
| 
|                      02/25/2016
| 
| Implementation by:
|                    Ross C. Walker     (SDSC)
|                    Scott Le Grand     (nVIDIA)
| 
| Precision model in use:
|      [SPFP] - Single Precision Forces, 64-bit Fixed Point
|               Accumulation. (Default)
| 
|--------------------------------------------------------
 
|----------------- CITATION INFORMATION -----------------
|
|    When publishing work that utilized the CUDA version
|    of AMBER, please cite the following in addition to
|    the regular AMBER citations:
|
|  - Romelia Salomon-Ferrer; Andreas W. Goetz; Duncan
|    Poole; Scott Le Grand; Ross C. Walker "Routine
|    microsecond molecular dynamics simulations with
|    AMBER - Part II: Particle Mesh Ewald", J. Chem.
|    Theory Comput., 2013, 9 (9), pp3878-3888,
|    DOI: 10.1021/ct400314y.
|
|  - Andreas W. Goetz; Mark J. Williamson; Dong Xu;
|    Duncan Poole; Scott Le Grand; Ross C. Walker
|    "Routine microsecond molecular dynamics simulations
|    with AMBER - Part I: Generalized Born", J. Chem.
|    Theory Comput., 2012, 8 (5), pp1542-1555.
|
|  - Scott Le Grand; Andreas W. Goetz; Ross C. Walker
|    "SPFP: Speed without compromise - a mixed precision
|    model for GPU accelerated molecular dynamics
|    simulations.", Comp. Phys. Comm., 2013, 184
|    pp374-380, DOI: 10.1016/j.cpc.2012.09.022
|
|--------------------------------------------------------
 
|------------------- GPU DEVICE INFO --------------------
|
|            CUDA_VISIBLE_DEVICES: 0
|   CUDA Capable Devices Detected:      1
|           CUDA Device ID in use:      0
|                CUDA Device Name: GeForce GTX TITAN
|     CUDA Device Global Mem Size:   6082 MB
| CUDA Device Num Multiprocessors:     14
|           CUDA Device Core Freq:   0.93 GHz
|
|--------------------------------------------------------
 
 
| Conditional Compilation Defines Used:
| PUBFFT
| BINTRAJ
| CUDA
| EMIL

| Largest sphere to fit in unit cell has radius =    26.281

| New format PARM file being parsed.
| Version =    1.000 Date = 09/04/12 Time = 16:08:43

| Note: 1-4 EEL scale factors are being read from the topology file.

| Note: 1-4 VDW scale factors are being read from the topology file.
| Duplicated    0 dihedrals

| Duplicated    0 dihedrals

--------------------------------------------------------------------------------
   1.  RESOURCE   USE: 
--------------------------------------------------------------------------------

 getting new box info from bottom of inpcrd
 NATOM  =   23082 NTYPES =      16 NBONH =   22055 MBONA  =    1038
 NTHETH =    2390 MTHETA =    1396 NPHIH =    4631 MPHIA  =    3488
 NHPARM =       0 NPARM  =       0 NNB   =   39434 NRES   =    7134
 NBONA  =    1038 NTHETA =    1396 NPHIA =    3488 NUMBND =      41
 NUMANG =      86 NPTRA  =      41 NATYP =      28 NPHB   =       1
 IFBOX  =       1 NMXRS  =      24 IFCAP =       0 NEXTRA =       0
 NCOPY  =       0

| Coordinate Index Table dimensions:    12   14   10
| Direct force subcell size =     5.0212    5.2012    5.2562

     BOX TYPE: RECTILINEAR

--------------------------------------------------------------------------------
   2.  CONTROL  DATA  FOR  THE  RUN
--------------------------------------------------------------------------------

default_name                                                                    

General flags:
     imin    =       0, nmropt  =       0

Nature and format of input:
     ntx     =       5, irest   =       1, ntrx    =       1

Nature and format of output:
     ntxo    =       1, ntpr    =     500, ntrx    =       1, ntwr    =     500
     iwrap   =       1, ntwx    =     100, ntwv    =      -1, ntwe    =       0
     ioutfm  =       1, ntwprt  =       0, idecomp =       0, rbornstat=      0

Potential function:
     ntf     =       1, ntb     =       1, igb     =       0, nsnb    =      25
     ipol    =       0, gbsa    =       0, iesp    =       0
     dielc   =   1.00000, cut     =   9.00000, intdiel =   1.00000

Frozen or restrained atoms:
     ibelly  =       0, ntr     =       0

Molecular dynamics:
     nstlim  =     40000, nscm    =      1000, nrespa  =         1
     t       =   0.00000, dt      =   0.00050, vlimit  =  -1.00000

| Intermolecular bonds treatment:
|     no_intermolecular_bonds =       1

| Energy averages sample interval:
|     ene_avg_sampling =     500

Ewald parameters:
     verbose =       0, ew_type =       0, nbflag  =       1, use_pme =       1
     vdwmeth =       1, eedmeth =       1, netfrc  =       1
     Box X =   60.254   Box Y =   72.816   Box Z =   52.562
     Alpha =   90.000   Beta  =   90.000   Gamma =   90.000
     NFFT1 =   64       NFFT2 =   80       NFFT3 =   56
     Cutoff=    9.000   Tol   =0.100E-04
     Ewald Coefficient =  0.30768
     Interpolation order =    4

--------------------------------------------------------------------------------
   3.  ATOMIC COORDINATES AND VELOCITIES
--------------------------------------------------------------------------------

default_name                                                                    
 begin time read from input coords =    31.000 ps

 
 Number of triangulated 3-point waters found:     7002

     Sum of charges from parm topology file =  -0.00000008
     Forcing neutrality...

| Dynamic Memory, Types Used:
| Reals              710578
| Integers           737140

| Nonbonded Pairs Initial Allocation:     5262696

| GPU memory information (estimate):
| KB of GPU memory in use:     63171
| KB of CPU memory in use:     27891

--------------------------------------------------------------------------------
   4.  RESULTS
--------------------------------------------------------------------------------

 ---------------------------------------------------
 APPROXIMATING switch and d/dx switch using CUBIC SPLINE INTERPOLATION
 using   5000.0 points per unit in tabled values
 TESTING RELATIVE ERROR over r ranging from 0.0 to cutoff
| CHECK switch(x): max rel err =   0.2738E-14   at   2.422500
| CHECK d/dx switch(x): max rel err =   0.8314E-11   at   2.736960
 ---------------------------------------------------
|---------------------------------------------------
| APPROXIMATING direct energy using CUBIC SPLINE INTERPOLATION
|  with   50.0 points per unit in tabled values
| Relative Error Limit not exceeded for r .gt.   2.39
| APPROXIMATING direct force using CUBIC SPLINE INTERPOLATION
|  with   50.0 points per unit in tabled values
| Relative Error Limit not exceeded for r .gt.   2.84
|---------------------------------------------------

 NSTEP =      500   TIME(PS) =      31.250  TEMP(K) =   306.75  PRESS =     0.0
 Etot   =    -50899.0691  EKtot   =     21104.1074  EPtot      =    -72003.1765
 BOND   =     12701.6732  ANGLE   =      1177.7067  DIHED      =      1348.8616
 1-4 NB =       447.0452  1-4 EEL =      4610.5393  VDWAALS    =     12358.2008
 EELEC  =   -104647.2033  EHBOND  =         0.0000  RESTRAINT  =         0.0000
 ------------------------------------------------------------------------------

check COM velocity, temp:        0.000006     0.00(Removed)

 NSTEP =     1000   TIME(PS) =      31.500  TEMP(K) =   308.56  PRESS =     0.0
 Etot   =    -50898.1408  EKtot   =     21228.9434  EPtot      =    -72127.0841
 BOND   =     12874.2631  ANGLE   =      1148.0548  DIHED      =      1333.9380
 1-4 NB =       455.9730  1-4 EEL =      4698.4230  VDWAALS    =     12830.5527
 EELEC  =   -105468.2888  EHBOND  =         0.0000  RESTRAINT  =         0.0000
 ------------------------------------------------------------------------------


 NSTEP =     1500   TIME(PS) =      31.750  TEMP(K) =   309.24  PRESS =     0.0
 Etot   =    -50900.1942  EKtot   =     21275.5859  EPtot      =    -72175.7801
 BOND   =     12936.5399  ANGLE   =      1146.2846  DIHED      =      1319.0310
 1-4 NB =       444.2254  1-4 EEL =      4676.3723  VDWAALS    =     12878.9509
 EELEC  =   -105577.1842  EHBOND  =         0.0000  RESTRAINT  =         0.0000
 ------------------------------------------------------------------------------

check COM velocity, temp:        0.000009     0.00(Removed)

 NSTEP =     2000   TIME(PS) =      32.000  TEMP(K) =   308.06  PRESS =     0.0
 Etot   =    -50899.2614  EKtot   =     21194.3555  EPtot      =    -72093.6168
 BOND   =     12753.8569  ANGLE   =      1109.9914  DIHED      =      1357.3107
 1-4 NB =       443.0964  1-4 EEL =      4651.3125  VDWAALS    =     12593.9607
 EELEC  =   -105003.1454  EHBOND  =         0.0000  RESTRAINT  =         0.0000
 ------------------------------------------------------------------------------


 NSTEP =     2500   TIME(PS) =      32.250  TEMP(K) =   307.39  PRESS =     0.0
 Etot   =    -50900.8605  EKtot   =     21148.1230  EPtot      =    -72048.9835
 BOND   =     12874.6952  ANGLE   =      1194.1682  DIHED      =      1346.8791
 1-4 NB =       439.6117  1-4 EEL =      4594.4913  VDWAALS    =     12768.5112
 EELEC  =   -105267.3403  EHBOND  =         0.0000  RESTRAINT  =         0.0000
 ------------------------------------------------------------------------------

check COM velocity, temp:        0.000006     0.00(Removed)

 NSTEP =     3000   TIME(PS) =      32.500  TEMP(K) =   307.56  PRESS =     0.0
 Etot   =    -50902.8400  EKtot   =     21159.8281  EPtot      =    -72062.6681
 BOND   =     12875.0789  ANGLE   =      1148.7709  DIHED      =      1340.4351
 1-4 NB =       461.5598  1-4 EEL =      4611.1396  VDWAALS    =     12780.4126
 EELEC  =   -105280.0651  EHBOND  =         0.0000  RESTRAINT  =         0.0000
 ------------------------------------------------------------------------------


 NSTEP =     3500   TIME(PS) =      32.750  TEMP(K) =   306.76  PRESS =     0.0
 Etot   =    -50903.1828  EKtot   =     21105.0820  EPtot      =    -72008.2648
 BOND   =     12846.2111  ANGLE   =      1096.5332  DIHED      =      1348.7207
 1-4 NB =       453.9626  1-4 EEL =      4649.7627  VDWAALS    =     12658.0189
 EELEC  =   -105061.4740  EHBOND  =         0.0000  RESTRAINT  =         0.0000
 ------------------------------------------------------------------------------

check COM velocity, temp:        0.000005     0.00(Removed)

 NSTEP =     4000   TIME(PS) =      33.000  TEMP(K) =   306.31  PRESS =     0.0
 Etot   =    -50901.0830  EKtot   =     21074.1777  EPtot      =    -71975.2608
 BOND   =     12848.4341  ANGLE   =      1151.5523  DIHED      =      1346.6169
 1-4 NB =       452.5143  1-4 EEL =      4632.0730  VDWAALS    =     12581.4409
 EELEC  =   -104987.8923  EHBOND  =         0.0000  RESTRAINT  =         0.0000
 ------------------------------------------------------------------------------


 NSTEP =     4500   TIME(PS) =      33.250  TEMP(K) =   308.77  PRESS =     0.0
 Etot   =    -50901.7424  EKtot   =     21243.2578  EPtot      =    -72145.0002
 BOND   =     12702.6631  ANGLE   =      1163.1611  DIHED      =      1332.8902
 1-4 NB =       426.2978  1-4 EEL =      4621.7078  VDWAALS    =     12493.2245
 EELEC  =   -104884.9446  EHBOND  =         0.0000  RESTRAINT  =         0.0000
 ------------------------------------------------------------------------------

check COM velocity, temp:        0.000005     0.00(Removed)

 NSTEP =     5000   TIME(PS) =      33.500  TEMP(K) =   306.40  PRESS =     0.0
 Etot   =    -50897.1226  EKtot   =     21080.4473  EPtot      =    -71977.5698
 BOND   =     12901.9699  ANGLE   =      1124.1855  DIHED      =      1328.7589
 1-4 NB =       454.9333  1-4 EEL =      4655.6954  VDWAALS    =     12493.1322
 EELEC  =   -104936.2450  EHBOND  =         0.0000  RESTRAINT  =         0.0000
 ------------------------------------------------------------------------------


 NSTEP =     5500   TIME(PS) =      33.750  TEMP(K) =   305.80  PRESS =     0.0
 Etot   =    -50897.1773  EKtot   =     21039.0762  EPtot      =    -71936.2535
 BOND   =     12910.2460  ANGLE   =      1161.1220  DIHED      =      1365.9372
 1-4 NB =       435.5681  1-4 EEL =      4582.2762  VDWAALS    =     12561.3142
 EELEC  =   -104952.7173  EHBOND  =         0.0000  RESTRAINT  =         0.0000
 ------------------------------------------------------------------------------

check COM velocity, temp:        0.000004     0.00(Removed)

 NSTEP =     6000   TIME(PS) =      34.000  TEMP(K) =   306.15  PRESS =     0.0
 Etot   =    -50900.4828  EKtot   =     21062.8535  EPtot      =    -71963.3363
 BOND   =     12704.7968  ANGLE   =      1152.3388  DIHED      =      1319.2618
 1-4 NB =       457.2537  1-4 EEL =      4645.3601  VDWAALS    =     12457.6421
 EELEC  =   -104699.9897  EHBOND  =         0.0000  RESTRAINT  =         0.0000
 ------------------------------------------------------------------------------


 NSTEP =     6500   TIME(PS) =      34.250  TEMP(K) =   306.44  PRESS =     0.0
 Etot   =    -50896.8815  EKtot   =     21083.1699  EPtot      =    -71980.0514
 BOND   =     12843.4521  ANGLE   =      1135.0448  DIHED      =      1339.5812
 1-4 NB =       454.3149  1-4 EEL =      4607.4479  VDWAALS    =     12742.7436
 EELEC  =   -105102.6359  EHBOND  =         0.0000  RESTRAINT  =         0.0000
 ------------------------------------------------------------------------------

check COM velocity, temp:        0.000008     0.00(Removed)

 NSTEP =     7000   TIME(PS) =      34.500  TEMP(K) =   304.56  PRESS =     0.0
 Etot   =    -50898.5233  EKtot   =     20953.2695  EPtot      =    -71851.7929
 BOND   =     12830.9081  ANGLE   =      1145.7212  DIHED      =      1351.9253
 1-4 NB =       454.5000  1-4 EEL =      4639.9451  VDWAALS    =     12780.1462
 EELEC  =   -105054.9387  EHBOND  =         0.0000  RESTRAINT  =         0.0000
 ------------------------------------------------------------------------------


 NSTEP =     7500   TIME(PS) =      34.750  TEMP(K) =   305.61  PRESS =     0.0
 Etot   =    -50900.7157  EKtot   =     21026.0293  EPtot      =    -71926.7450
 BOND   =     12702.5429  ANGLE   =      1131.6839  DIHED      =      1340.3864
 1-4 NB =       443.6585  1-4 EEL =      4636.2732  VDWAALS    =     12684.0450
 EELEC  =   -104865.3349  EHBOND  =         0.0000  RESTRAINT  =         0.0000
 ------------------------------------------------------------------------------

check COM velocity, temp:        0.000004     0.00(Removed)

 NSTEP =     8000   TIME(PS) =      35.000  TEMP(K) =   306.87  PRESS =     0.0
 Etot   =    -50896.2553  EKtot   =     21112.7695  EPtot      =    -72009.0249
 BOND   =     12850.8450  ANGLE   =      1107.8360  DIHED      =      1328.2750
 1-4 NB =       442.8376  1-4 EEL =      4645.5131  VDWAALS    =     12652.7921
 EELEC  =   -105037.1237  EHBOND  =         0.0000  RESTRAINT  =         0.0000
 ------------------------------------------------------------------------------


 NSTEP =     8500   TIME(PS) =      35.250  TEMP(K) =   308.19  PRESS =     0.0
 Etot   =    -50898.8032  EKtot   =     21203.5391  EPtot      =    -72102.3423
 BOND   =     12812.1700  ANGLE   =      1108.4543  DIHED      =      1321.9594
 1-4 NB =       439.3309  1-4 EEL =      4642.6683  VDWAALS    =     12514.5114
 EELEC  =   -104941.4366  EHBOND  =         0.0000  RESTRAINT  =         0.0000
 ------------------------------------------------------------------------------

check COM velocity, temp:        0.000009     0.00(Removed)

 NSTEP =     9000   TIME(PS) =      35.500  TEMP(K) =   306.29  PRESS =     0.0
 Etot   =    -50898.3453  EKtot   =     21072.3418  EPtot      =    -71970.6871
 BOND   =     12814.3892  ANGLE   =      1117.0080  DIHED      =      1346.4327
 1-4 NB =       461.9027  1-4 EEL =      4610.4373  VDWAALS    =     12436.8761
 EELEC  =   -104757.7331  EHBOND  =         0.0000  RESTRAINT  =         0.0000
 ------------------------------------------------------------------------------


 NSTEP =     9500   TIME(PS) =      35.750  TEMP(K) =   306.60  PRESS =     0.0
 Etot   =    -50899.1377  EKtot   =     21093.7695  EPtot      =    -71992.9072
 BOND   =     13099.6520  ANGLE   =      1105.2562  DIHED      =      1325.1091
 1-4 NB =       439.5639  1-4 EEL =      4669.5635  VDWAALS    =     12686.4778
 EELEC  =   -105318.5297  EHBOND  =         0.0000  RESTRAINT  =         0.0000
 ------------------------------------------------------------------------------

check COM velocity, temp:        0.000007     0.00(Removed)

 NSTEP =    10000   TIME(PS) =      36.000  TEMP(K) =   306.21  PRESS =     0.0
 Etot   =    -50900.2300  EKtot   =     21066.7910  EPtot      =    -71967.0210
 BOND   =     12891.1685  ANGLE   =      1108.6966  DIHED      =      1338.4724
 1-4 NB =       458.1871  1-4 EEL =      4633.1127  VDWAALS    =     12815.4369
 EELEC  =   -105212.0952  EHBOND  =         0.0000  RESTRAINT  =         0.0000
 ------------------------------------------------------------------------------


 NSTEP =    10500   TIME(PS) =      36.250  TEMP(K) =   309.18  PRESS =     0.0
 Etot   =    -50898.4507  EKtot   =     21271.7305  EPtot      =    -72170.1812
 BOND   =     12944.3230  ANGLE   =      1136.5220  DIHED      =      1328.3857
 1-4 NB =       425.1588  1-4 EEL =      4622.0582  VDWAALS    =     12568.4546
 EELEC  =   -105195.0834  EHBOND  =         0.0000  RESTRAINT  =         0.0000
 ------------------------------------------------------------------------------

check COM velocity, temp:        0.000007     0.00(Removed)

 NSTEP =    11000   TIME(PS) =      36.500  TEMP(K) =   307.04  PRESS =     0.0
 Etot   =    -50900.6734  EKtot   =     21123.9004  EPtot      =    -72024.5738
 BOND   =     12736.0792  ANGLE   =      1115.7411  DIHED      =      1336.2284
 1-4 NB =       456.9574  1-4 EEL =      4708.1637  VDWAALS    =     12738.4796
 EELEC  =   -105116.2232  EHBOND  =         0.0000  RESTRAINT  =         0.0000
 ------------------------------------------------------------------------------


 NSTEP =    11500   TIME(PS) =      36.750  TEMP(K) =   304.67  PRESS =     0.0
 Etot   =    -50900.6392  EKtot   =     20961.4980  EPtot      =    -71862.1372
 BOND   =     12849.0971  ANGLE   =      1135.8526  DIHED      =      1329.8069
 1-4 NB =       436.7018  1-4 EEL =      4631.4600  VDWAALS    =     12374.9621
 EELEC  =   -104620.0177  EHBOND  =         0.0000  RESTRAINT  =         0.0000
 ------------------------------------------------------------------------------

check COM velocity, temp:        0.000003     0.00(Removed)

 NSTEP =    12000   TIME(PS) =      37.000  TEMP(K) =   306.42  PRESS =     0.0
 Etot   =    -50900.0261  EKtot   =     21081.7520  EPtot      =    -71981.7781
 BOND   =     12806.3620  ANGLE   =      1059.9869  DIHED      =      1321.5195
 1-4 NB =       452.3018  1-4 EEL =      4659.9495  VDWAALS    =     12381.3409
 EELEC  =   -104663.2388  EHBOND  =         0.0000  RESTRAINT  =         0.0000
 ------------------------------------------------------------------------------


 NSTEP =    12500   TIME(PS) =      37.250  TEMP(K) =   307.16  PRESS =     0.0
 Etot   =    -50898.7120  EKtot   =     21132.2871  EPtot      =    -72030.9991
 BOND   =     12952.5897  ANGLE   =      1102.0461  DIHED      =      1337.1854
 1-4 NB =       439.3654  1-4 EEL =      4620.1397  VDWAALS    =     12776.2102
 EELEC  =   -105258.5357  EHBOND  =         0.0000  RESTRAINT  =         0.0000
 ------------------------------------------------------------------------------

check COM velocity, temp:        0.000007     0.00(Removed)

 NSTEP =    13000   TIME(PS) =      37.500  TEMP(K) =   306.02  PRESS =     0.0
 Etot   =    -50899.3521  EKtot   =     21053.9375  EPtot      =    -71953.2896
 BOND   =     12846.0706  ANGLE   =      1093.9784  DIHED      =      1354.8368
 1-4 NB =       454.5224  1-4 EEL =      4661.3904  VDWAALS    =     12547.4409
 EELEC  =   -104911.5290  EHBOND  =         0.0000  RESTRAINT  =         0.0000
 ------------------------------------------------------------------------------


 NSTEP =    13500   TIME(PS) =      37.750  TEMP(K) =   308.54  PRESS =     0.0
 Etot   =    -50900.4877  EKtot   =     21227.2812  EPtot      =    -72127.7689
 BOND   =     12805.4929  ANGLE   =      1126.8170  DIHED      =      1325.4692
 1-4 NB =       445.1039  1-4 EEL =      4635.0722  VDWAALS    =     12427.7076
 EELEC  =   -104893.4317  EHBOND  =         0.0000  RESTRAINT  =         0.0000
 ------------------------------------------------------------------------------

check COM velocity, temp:        0.000007     0.00(Removed)

 NSTEP =    14000   TIME(PS) =      38.000  TEMP(K) =   308.17  PRESS =     0.0
 Etot   =    -50901.0206  EKtot   =     21201.7969  EPtot      =    -72102.8175
 BOND   =     13032.3683  ANGLE   =      1086.9653  DIHED      =      1327.9708
 1-4 NB =       448.5038  1-4 EEL =      4626.8720  VDWAALS    =     12955.8299
 EELEC  =   -105581.3276  EHBOND  =         0.0000  RESTRAINT  =         0.0000
 ------------------------------------------------------------------------------


 NSTEP =    14500   TIME(PS) =      38.250  TEMP(K) =   304.84  PRESS =     0.0
 Etot   =    -50898.5960  EKtot   =     20972.5781  EPtot      =    -71871.1741
 BOND   =     12927.9798  ANGLE   =      1124.7742  DIHED      =      1350.6868
 1-4 NB =       427.6093  1-4 EEL =      4618.4963  VDWAALS    =     12782.7557
 EELEC  =   -105103.4762  EHBOND  =         0.0000  RESTRAINT  =         0.0000
 ------------------------------------------------------------------------------

check COM velocity, temp:        0.000005     0.00(Removed)

 NSTEP =    15000   TIME(PS) =      38.500  TEMP(K) =   304.56  PRESS =     0.0
 Etot   =    -50897.1937  EKtot   =     20953.6367  EPtot      =    -71850.8304
 BOND   =     12980.5978  ANGLE   =      1118.0491  DIHED      =      1331.6683
 1-4 NB =       455.2453  1-4 EEL =      4629.4866  VDWAALS    =     12578.5765
 EELEC  =   -104944.4540  EHBOND  =         0.0000  RESTRAINT  =         0.0000
 ------------------------------------------------------------------------------


 NSTEP =    15500   TIME(PS) =      38.750  TEMP(K) =   303.86  PRESS =     0.0
 Etot   =    -50901.3665  EKtot   =     20905.6484  EPtot      =    -71807.0149
 BOND   =     12860.6549  ANGLE   =      1134.0377  DIHED      =      1322.8134
 1-4 NB =       431.7169  1-4 EEL =      4619.2507  VDWAALS    =     12684.4230
 EELEC  =   -104859.9116  EHBOND  =         0.0000  RESTRAINT  =         0.0000
 ------------------------------------------------------------------------------

check COM velocity, temp:        0.000009     0.00(Removed)

 NSTEP =    16000   TIME(PS) =      39.000  TEMP(K) =   304.85  PRESS =     0.0
 Etot   =    -50898.7479  EKtot   =     20973.2012  EPtot      =    -71871.9491
 BOND   =     12883.2973  ANGLE   =      1057.0639  DIHED      =      1326.0533
 1-4 NB =       444.1297  1-4 EEL =      4659.9186  VDWAALS    =     12701.8408
 EELEC  =   -104944.2526  EHBOND  =         0.0000  RESTRAINT  =         0.0000
 ------------------------------------------------------------------------------


 NSTEP =    16500   TIME(PS) =      39.250  TEMP(K) =   307.76  PRESS =     0.0
 Etot   =    -50899.3823  EKtot   =     21173.5723  EPtot      =    -72072.9545
 BOND   =     12866.3743  ANGLE   =      1138.6145  DIHED      =      1323.0100
 1-4 NB =       427.4008  1-4 EEL =      4623.7142  VDWAALS    =     13012.3862
 EELEC  =   -105464.4544  EHBOND  =         0.0000  RESTRAINT  =         0.0000
 ------------------------------------------------------------------------------

check COM velocity, temp:        0.000005     0.00(Removed)

 NSTEP =    17000   TIME(PS) =      39.500  TEMP(K) =   307.22  PRESS =     0.0
 Etot   =    -50897.1990  EKtot   =     21136.6016  EPtot      =    -72033.8005
 BOND   =     13014.2134  ANGLE   =      1067.8093  DIHED      =      1334.3965
 1-4 NB =       451.8235  1-4 EEL =      4597.4558  VDWAALS    =     12650.4343
 EELEC  =   -105149.9333  EHBOND  =         0.0000  RESTRAINT  =         0.0000
 ------------------------------------------------------------------------------


 NSTEP =    17500   TIME(PS) =      39.750  TEMP(K) =   306.85  PRESS =     0.0
 Etot   =    -50897.2125  EKtot   =     21111.1230  EPtot      =    -72008.3355
 BOND   =     12886.6246  ANGLE   =      1094.9070  DIHED      =      1326.4051
 1-4 NB =       458.2475  1-4 EEL =      4623.1373  VDWAALS    =     12741.5523
 EELEC  =   -105139.2094  EHBOND  =         0.0000  RESTRAINT  =         0.0000
 ------------------------------------------------------------------------------

check COM velocity, temp:        0.000009     0.00(Removed)

 NSTEP =    18000   TIME(PS) =      40.000  TEMP(K) =   305.26  PRESS =     0.0
 Etot   =    -50894.0445  EKtot   =     21001.6094  EPtot      =    -71895.6539
 BOND   =     12891.6032  ANGLE   =      1061.0048  DIHED      =      1340.2866
 1-4 NB =       452.1584  1-4 EEL =      4669.1114  VDWAALS    =     12723.1865
 EELEC  =   -105033.0048  EHBOND  =         0.0000  RESTRAINT  =         0.0000
 ------------------------------------------------------------------------------


 NSTEP =    18500   TIME(PS) =      40.250  TEMP(K) =   306.29  PRESS =     0.0
 Etot   =    -50897.2602  EKtot   =     21072.9023  EPtot      =    -71970.1626
 BOND   =     12920.7316  ANGLE   =      1091.9939  DIHED      =      1346.0992
 1-4 NB =       433.9070  1-4 EEL =      4633.2971  VDWAALS    =     12749.1592
 EELEC  =   -105145.3505  EHBOND  =         0.0000  RESTRAINT  =         0.0000
 ------------------------------------------------------------------------------

check COM velocity, temp:        0.000003     0.00(Removed)

 NSTEP =    19000   TIME(PS) =      40.500  TEMP(K) =   307.49  PRESS =     0.0
 Etot   =    -50901.9015  EKtot   =     21154.9980  EPtot      =    -72056.8996
 BOND   =     12775.5024  ANGLE   =      1059.5988  DIHED      =      1318.8994
 1-4 NB =       449.9984  1-4 EEL =      4684.6250  VDWAALS    =     12487.4094
 EELEC  =   -104832.9329  EHBOND  =         0.0000  RESTRAINT  =         0.0000
 ------------------------------------------------------------------------------


 NSTEP =    19500   TIME(PS) =      40.750  TEMP(K) =   305.50  PRESS =     0.0
 Etot   =    -50897.2783  EKtot   =     21018.5527  EPtot      =    -71915.8310
 BOND   =     12920.0310  ANGLE   =      1098.7822  DIHED      =      1325.4880
 1-4 NB =       442.2249  1-4 EEL =      4640.1747  VDWAALS    =     12476.7356
 EELEC  =   -104819.2675  EHBOND  =         0.0000  RESTRAINT  =         0.0000
 ------------------------------------------------------------------------------

check COM velocity, temp:        0.000004     0.00(Removed)

 NSTEP =    20000   TIME(PS) =      41.000  TEMP(K) =   305.27  PRESS =     0.0
 Etot   =    -50897.0790  EKtot   =     21002.4824  EPtot      =    -71899.5615
 BOND   =     12929.4538  ANGLE   =      1104.0950  DIHED      =      1303.9178
 1-4 NB =       449.8689  1-4 EEL =      4597.3189  VDWAALS    =     12549.5841
 EELEC  =   -104833.8000  EHBOND  =         0.0000  RESTRAINT  =         0.0000
 ------------------------------------------------------------------------------


 NSTEP =    20500   TIME(PS) =      41.250  TEMP(K) =   307.89  PRESS =     0.0
 Etot   =    -50900.8946  EKtot   =     21182.8574  EPtot      =    -72083.7520
 BOND   =     12812.6292  ANGLE   =      1077.2818  DIHED      =      1324.2593
 1-4 NB =       453.1440  1-4 EEL =      4620.3822  VDWAALS    =     12856.4780
 EELEC  =   -105227.9264  EHBOND  =         0.0000  RESTRAINT  =         0.0000
 ------------------------------------------------------------------------------

check COM velocity, temp:        0.000005     0.00(Removed)

 NSTEP =    21000   TIME(PS) =      41.500  TEMP(K) =   306.56  PRESS =     0.0
 Etot   =    -50898.7295  EKtot   =     21091.5156  EPtot      =    -71990.2451
 BOND   =     12763.7767  ANGLE   =      1120.2406  DIHED      =      1336.4451
 1-4 NB =       440.2355  1-4 EEL =      4616.7183  VDWAALS    =     12668.8195
 EELEC  =   -104936.4807  EHBOND  =         0.0000  RESTRAINT  =         0.0000
 ------------------------------------------------------------------------------


 NSTEP =    21500   TIME(PS) =      41.750  TEMP(K) =   305.84  PRESS =     0.0
 Etot   =    -50897.0241  EKtot   =     21041.5469  EPtot      =    -71938.5710
 BOND   =     12863.6525  ANGLE   =      1075.3735  DIHED      =      1334.2001
 1-4 NB =       436.4895  1-4 EEL =      4629.8922  VDWAALS    =     12929.8160
 EELEC  =   -105207.9948  EHBOND  =         0.0000  RESTRAINT  =         0.0000
 ------------------------------------------------------------------------------

check COM velocity, temp:        0.000005     0.00(Removed)

 NSTEP =    22000   TIME(PS) =      42.000  TEMP(K) =   306.32  PRESS =     0.0
 Etot   =    -50898.0303  EKtot   =     21074.8887  EPtot      =    -71972.9189
 BOND   =     12891.7096  ANGLE   =      1099.9146  DIHED      =      1316.1605
 1-4 NB =       426.7959  1-4 EEL =      4617.6287  VDWAALS    =     12477.8723
 EELEC  =   -104803.0006  EHBOND  =         0.0000  RESTRAINT  =         0.0000
 ------------------------------------------------------------------------------


 NSTEP =    22500   TIME(PS) =      42.250  TEMP(K) =   306.74  PRESS =     0.0
 Etot   =    -50897.9514  EKtot   =     21103.7031  EPtot      =    -72001.6546
 BOND   =     12727.2174  ANGLE   =      1107.1542  DIHED      =      1306.0787
 1-4 NB =       429.7755  1-4 EEL =      4631.7346  VDWAALS    =     12524.3277
 EELEC  =   -104727.9426  EHBOND  =         0.0000  RESTRAINT  =         0.0000
 ------------------------------------------------------------------------------

check COM velocity, temp:        0.000005     0.00(Removed)

 NSTEP =    23000   TIME(PS) =      42.500  TEMP(K) =   306.95  PRESS =     0.0
 Etot   =    -50898.1661  EKtot   =     21118.2402  EPtot      =    -72016.4063
 BOND   =     12783.0746  ANGLE   =      1090.0475  DIHED      =      1302.6423
 1-4 NB =       450.8937  1-4 EEL =      4654.0070  VDWAALS    =     12554.7167
 EELEC  =   -104851.7882  EHBOND  =         0.0000  RESTRAINT  =         0.0000
 ------------------------------------------------------------------------------


 NSTEP =    23500   TIME(PS) =      42.750  TEMP(K) =   305.90  PRESS =     0.0
 Etot   =    -50899.4325  EKtot   =     21046.0020  EPtot      =    -71945.4344
 BOND   =     12827.1152  ANGLE   =      1112.0234  DIHED      =      1311.8925
 1-4 NB =       449.1867  1-4 EEL =      4662.6540  VDWAALS    =     12748.9623
 EELEC  =   -105057.2684  EHBOND  =         0.0000  RESTRAINT  =         0.0000
 ------------------------------------------------------------------------------

check COM velocity, temp:        0.000005     0.00(Removed)

 NSTEP =    24000   TIME(PS) =      43.000  TEMP(K) =   305.95  PRESS =     0.0
 Etot   =    -50899.5768  EKtot   =     21048.9355  EPtot      =    -71948.5123
 BOND   =     12721.5522  ANGLE   =      1140.0855  DIHED      =      1312.2916
 1-4 NB =       453.2042  1-4 EEL =      4657.3294  VDWAALS    =     12778.3476
 EELEC  =   -105011.3229  EHBOND  =         0.0000  RESTRAINT  =         0.0000
 ------------------------------------------------------------------------------


 NSTEP =    24500   TIME(PS) =      43.250  TEMP(K) =   306.49  PRESS =     0.0
 Etot   =    -50898.3641  EKtot   =     21086.2422  EPtot      =    -71984.6063
 BOND   =     12939.9393  ANGLE   =      1053.9515  DIHED      =      1332.4770
 1-4 NB =       440.4134  1-4 EEL =      4682.9893  VDWAALS    =     12682.0707
 EELEC  =   -105116.4474  EHBOND  =         0.0000  RESTRAINT  =         0.0000
 ------------------------------------------------------------------------------

check COM velocity, temp:        0.000009     0.00(Removed)

 NSTEP =    25000   TIME(PS) =      43.500  TEMP(K) =   306.36  PRESS =     0.0
 Etot   =    -50898.5748  EKtot   =     21077.7500  EPtot      =    -71976.3248
 BOND   =     12919.5085  ANGLE   =      1077.6016  DIHED      =      1338.0406
 1-4 NB =       447.4905  1-4 EEL =      4662.5736  VDWAALS    =     12559.6863
 EELEC  =   -104981.2259  EHBOND  =         0.0000  RESTRAINT  =         0.0000
 ------------------------------------------------------------------------------


 NSTEP =    25500   TIME(PS) =      43.750  TEMP(K) =   305.44  PRESS =     0.0
 Etot   =    -50898.3303  EKtot   =     21014.4629  EPtot      =    -71912.7932
 BOND   =     12892.8441  ANGLE   =      1090.8160  DIHED      =      1334.6882
 1-4 NB =       440.2366  1-4 EEL =      4619.3194  VDWAALS    =     12688.3065
 EELEC  =   -104979.0039  EHBOND  =         0.0000  RESTRAINT  =         0.0000
 ------------------------------------------------------------------------------

check COM velocity, temp:        0.000008     0.00(Removed)

 NSTEP =    26000   TIME(PS) =      44.000  TEMP(K) =   304.84  PRESS =     0.0
 Etot   =    -50900.4352  EKtot   =     20973.0918  EPtot      =    -71873.5270
 BOND   =     12891.6567  ANGLE   =      1092.8566  DIHED      =      1329.0049
 1-4 NB =       453.8293  1-4 EEL =      4676.0452  VDWAALS    =     12658.3998
 EELEC  =   -104975.3195  EHBOND  =         0.0000  RESTRAINT  =         0.0000
 ------------------------------------------------------------------------------


 NSTEP =    26500   TIME(PS) =      44.250  TEMP(K) =   304.29  PRESS =     0.0
 Etot   =    -50897.0658  EKtot   =     20935.0664  EPtot      =    -71832.1322
 BOND   =     12901.3275  ANGLE   =      1078.3817  DIHED      =      1333.6283
 1-4 NB =       443.9172  1-4 EEL =      4657.2399  VDWAALS    =     12381.1943
 EELEC  =   -104627.8211  EHBOND  =         0.0000  RESTRAINT  =         0.0000
 ------------------------------------------------------------------------------

check COM velocity, temp:        0.000004     0.00(Removed)

 NSTEP =    27000   TIME(PS) =      44.500  TEMP(K) =   307.69  PRESS =     0.0
 Etot   =    -50899.7572  EKtot   =     21168.6895  EPtot      =    -72068.4466
 BOND   =     12859.3106  ANGLE   =      1067.1159  DIHED      =      1323.0985
 1-4 NB =       448.2584  1-4 EEL =      4645.4874  VDWAALS    =     12684.5425
 EELEC  =   -105096.2599  EHBOND  =         0.0000  RESTRAINT  =         0.0000
 ------------------------------------------------------------------------------


 NSTEP =    27500   TIME(PS) =      44.750  TEMP(K) =   308.41  PRESS =     0.0
 Etot   =    -50898.5801  EKtot   =     21218.6250  EPtot      =    -72117.2051
 BOND   =     12888.8723  ANGLE   =      1054.2894  DIHED      =      1339.9536
 1-4 NB =       440.0109  1-4 EEL =      4658.5964  VDWAALS    =     12592.6986
 EELEC  =   -105091.6262  EHBOND  =         0.0000  RESTRAINT  =         0.0000
 ------------------------------------------------------------------------------

check COM velocity, temp:        0.000006     0.00(Removed)

 NSTEP =    28000   TIME(PS) =      45.000  TEMP(K) =   304.77  PRESS =     0.0
 Etot   =    -50894.0591  EKtot   =     20968.3145  EPtot      =    -71862.3736
 BOND   =     12783.9513  ANGLE   =      1105.9109  DIHED      =      1316.2542
 1-4 NB =       446.9554  1-4 EEL =      4680.3625  VDWAALS    =     12560.5274
 EELEC  =   -104756.3354  EHBOND  =         0.0000  RESTRAINT  =         0.0000
 ------------------------------------------------------------------------------


 NSTEP =    28500   TIME(PS) =      45.250  TEMP(K) =   304.07  PRESS =     0.0
 Etot   =    -50895.4280  EKtot   =     20919.9473  EPtot      =    -71815.3753
 BOND   =     12991.2674  ANGLE   =      1032.5542  DIHED      =      1338.0413
 1-4 NB =       449.4890  1-4 EEL =      4669.3491  VDWAALS    =     12453.1995
 EELEC  =   -104749.2758  EHBOND  =         0.0000  RESTRAINT  =         0.0000
 ------------------------------------------------------------------------------

check COM velocity, temp:        0.000006     0.00(Removed)

 NSTEP =    29000   TIME(PS) =      45.500  TEMP(K) =   305.75  PRESS =     0.0
 Etot   =    -50899.2513  EKtot   =     21035.7754  EPtot      =    -71935.0267
 BOND   =     12807.5425  ANGLE   =      1100.1954  DIHED      =      1331.5530
 1-4 NB =       444.8540  1-4 EEL =      4643.8099  VDWAALS    =     12405.7852
 EELEC  =   -104668.7667  EHBOND  =         0.0000  RESTRAINT  =         0.0000
 ------------------------------------------------------------------------------


 NSTEP =    29500   TIME(PS) =      45.750  TEMP(K) =   305.95  PRESS =     0.0
 Etot   =    -50899.3919  EKtot   =     21048.9336  EPtot      =    -71948.3254
 BOND   =     13011.6763  ANGLE   =      1065.1561  DIHED      =      1343.7220
 1-4 NB =       449.5450  1-4 EEL =      4634.8771  VDWAALS    =     12741.3423
 EELEC  =   -105194.6443  EHBOND  =         0.0000  RESTRAINT  =         0.0000
 ------------------------------------------------------------------------------

check COM velocity, temp:        0.000003     0.00(Removed)

 NSTEP =    30000   TIME(PS) =      46.000  TEMP(K) =   306.18  PRESS =     0.0
 Etot   =    -50899.3516  EKtot   =     21064.9199  EPtot      =    -71964.2715
 BOND   =     12800.9177  ANGLE   =      1091.5741  DIHED      =      1322.3875
 1-4 NB =       451.1448  1-4 EEL =      4657.4841  VDWAALS    =     12590.0822
 EELEC  =   -104877.8620  EHBOND  =         0.0000  RESTRAINT  =         0.0000
 ------------------------------------------------------------------------------


 NSTEP =    30500   TIME(PS) =      46.250  TEMP(K) =   305.42  PRESS =     0.0
 Etot   =    -50901.0523  EKtot   =     21012.5195  EPtot      =    -71913.5718
 BOND   =     12692.4244  ANGLE   =      1079.1274  DIHED      =      1333.7019
 1-4 NB =       442.0747  1-4 EEL =      4662.0969  VDWAALS    =     12318.6008
 EELEC  =   -104441.5978  EHBOND  =         0.0000  RESTRAINT  =         0.0000
 ------------------------------------------------------------------------------

check COM velocity, temp:        0.000007     0.00(Removed)

 NSTEP =    31000   TIME(PS) =      46.500  TEMP(K) =   305.55  PRESS =     0.0
 Etot   =    -50898.3702  EKtot   =     21021.7988  EPtot      =    -71920.1691
 BOND   =     12840.8260  ANGLE   =      1113.6749  DIHED      =      1313.7602
 1-4 NB =       435.6254  1-4 EEL =      4608.1913  VDWAALS    =     12534.6757
 EELEC  =   -104766.9226  EHBOND  =         0.0000  RESTRAINT  =         0.0000
 ------------------------------------------------------------------------------


 NSTEP =    31500   TIME(PS) =      46.750  TEMP(K) =   305.54  PRESS =     0.0
 Etot   =    -50896.9972  EKtot   =     21021.1484  EPtot      =    -71918.1457
 BOND   =     12705.0301  ANGLE   =      1087.6020  DIHED      =      1347.2993
 1-4 NB =       440.1241  1-4 EEL =      4615.9368  VDWAALS    =     12517.1965
 EELEC  =   -104631.3344  EHBOND  =         0.0000  RESTRAINT  =         0.0000
 ------------------------------------------------------------------------------

check COM velocity, temp:        0.000002     0.00(Removed)

 NSTEP =    32000   TIME(PS) =      47.000  TEMP(K) =   305.80  PRESS =     0.0
 Etot   =    -50900.4844  EKtot   =     21039.2363  EPtot      =    -71939.7207
 BOND   =     12674.6416  ANGLE   =      1073.6269  DIHED      =      1312.9975
 1-4 NB =       438.3757  1-4 EEL =      4623.9195  VDWAALS    =     12343.3191
 EELEC  =   -104406.6010  EHBOND  =         0.0000  RESTRAINT  =         0.0000
 ------------------------------------------------------------------------------


 NSTEP =    32500   TIME(PS) =      47.250  TEMP(K) =   306.56  PRESS =     0.0
 Etot   =    -50900.5169  EKtot   =     21091.2148  EPtot      =    -71991.7317
 BOND   =     12742.2512  ANGLE   =      1081.9447  DIHED      =      1318.4655
 1-4 NB =       441.3353  1-4 EEL =      4638.0028  VDWAALS    =     12666.5282
 EELEC  =   -104880.2595  EHBOND  =         0.0000  RESTRAINT  =         0.0000
 ------------------------------------------------------------------------------

check COM velocity, temp:        0.000003     0.00(Removed)

 NSTEP =    33000   TIME(PS) =      47.500  TEMP(K) =   304.58  PRESS =     0.0
 Etot   =    -50896.7677  EKtot   =     20955.2168  EPtot      =    -71851.9845
 BOND   =     12957.6083  ANGLE   =      1059.0707  DIHED      =      1305.6693
 1-4 NB =       439.0725  1-4 EEL =      4612.6214  VDWAALS    =     12530.0680
 EELEC  =   -104756.0947  EHBOND  =         0.0000  RESTRAINT  =         0.0000
 ------------------------------------------------------------------------------


 NSTEP =    33500   TIME(PS) =      47.750  TEMP(K) =   304.70  PRESS =     0.0
 Etot   =    -50896.9060  EKtot   =     20963.2969  EPtot      =    -71860.2029
 BOND   =     12864.4965  ANGLE   =      1079.6179  DIHED      =      1316.5059
 1-4 NB =       444.1195  1-4 EEL =      4643.8776  VDWAALS    =     12545.2522
 EELEC  =   -104754.0725  EHBOND  =         0.0000  RESTRAINT  =         0.0000
 ------------------------------------------------------------------------------

check COM velocity, temp:        0.000005     0.00(Removed)

 NSTEP =    34000   TIME(PS) =      48.000  TEMP(K) =   304.76  PRESS =     0.0
 Etot   =    -50898.8506  EKtot   =     20967.4688  EPtot      =    -71866.3194
 BOND   =     12753.9328  ANGLE   =      1085.3946  DIHED      =      1322.7323
 1-4 NB =       424.6065  1-4 EEL =      4557.7969  VDWAALS    =     12170.3168
 EELEC  =   -104181.0992  EHBOND  =         0.0000  RESTRAINT  =         0.0000
 ------------------------------------------------------------------------------


 NSTEP =    34500   TIME(PS) =      48.250  TEMP(K) =   307.68  PRESS =     0.0
 Etot   =    -50903.3114  EKtot   =     21167.9316  EPtot      =    -72071.2431
 BOND   =     12622.2560  ANGLE   =      1106.7589  DIHED      =      1327.8102
 1-4 NB =       445.3133  1-4 EEL =      4635.1556  VDWAALS    =     12783.1410
 EELEC  =   -104991.6781  EHBOND  =         0.0000  RESTRAINT  =         0.0000
 ------------------------------------------------------------------------------

check COM velocity, temp:        0.000004     0.00(Removed)

 NSTEP =    35000   TIME(PS) =      48.500  TEMP(K) =   307.08  PRESS =     0.0
 Etot   =    -50901.2057  EKtot   =     21127.1465  EPtot      =    -72028.3522
 BOND   =     12688.6595  ANGLE   =      1090.3146  DIHED      =      1310.6807
 1-4 NB =       442.3778  1-4 EEL =      4636.4596  VDWAALS    =     12560.0865
 EELEC  =   -104756.9309  EHBOND  =         0.0000  RESTRAINT  =         0.0000
 ------------------------------------------------------------------------------


 NSTEP =    35500   TIME(PS) =      48.750  TEMP(K) =   304.94  PRESS =     0.0
 Etot   =    -50897.6215  EKtot   =     20979.8965  EPtot      =    -71877.5180
 BOND   =     12844.9729  ANGLE   =      1066.3520  DIHED      =      1316.6102
 1-4 NB =       440.7946  1-4 EEL =      4637.1776  VDWAALS    =     12687.1865
 EELEC  =   -104870.6118  EHBOND  =         0.0000  RESTRAINT  =         0.0000
 ------------------------------------------------------------------------------

check COM velocity, temp:        0.000010     0.00(Removed)

 NSTEP =    36000   TIME(PS) =      49.000  TEMP(K) =   303.85  PRESS =     0.0
 Etot   =    -50899.1564  EKtot   =     20904.8047  EPtot      =    -71803.9611
 BOND   =     12814.3783  ANGLE   =      1100.1425  DIHED      =      1334.5851
 1-4 NB =       443.8970  1-4 EEL =      4612.2686  VDWAALS    =     12400.1437
 EELEC  =   -104509.3762  EHBOND  =         0.0000  RESTRAINT  =         0.0000
 ------------------------------------------------------------------------------


 NSTEP =    36500   TIME(PS) =      49.250  TEMP(K) =   306.73  PRESS =     0.0
 Etot   =    -50902.4321  EKtot   =     21102.6855  EPtot      =    -72005.1177
 BOND   =     12844.1315  ANGLE   =      1079.9990  DIHED      =      1309.8149
 1-4 NB =       463.9015  1-4 EEL =      4662.1579  VDWAALS    =     12645.4304
 EELEC  =   -105010.5529  EHBOND  =         0.0000  RESTRAINT  =         0.0000
 ------------------------------------------------------------------------------

check COM velocity, temp:        0.000003     0.00(Removed)

 NSTEP =    37000   TIME(PS) =      49.500  TEMP(K) =   306.20  PRESS =     0.0
 Etot   =    -50898.9307  EKtot   =     21066.1543  EPtot      =    -71965.0850
 BOND   =     12983.6687  ANGLE   =      1051.8421  DIHED      =      1346.6348
 1-4 NB =       432.6088  1-4 EEL =      4631.7902  VDWAALS    =     12517.9542
 EELEC  =   -104929.5837  EHBOND  =         0.0000  RESTRAINT  =         0.0000
 ------------------------------------------------------------------------------


 NSTEP =    37500   TIME(PS) =      49.750  TEMP(K) =   305.86  PRESS =     0.0
 Etot   =    -50894.7885  EKtot   =     21043.2676  EPtot      =    -71938.0561
 BOND   =     13031.3511  ANGLE   =      1035.2033  DIHED      =      1338.1359
 1-4 NB =       434.2411  1-4 EEL =      4661.9431  VDWAALS    =     12507.1907
 EELEC  =   -104946.1213  EHBOND  =         0.0000  RESTRAINT  =         0.0000
 ------------------------------------------------------------------------------

check COM velocity, temp:        0.000006     0.00(Removed)

 NSTEP =    38000   TIME(PS) =      50.000  TEMP(K) =   304.89  PRESS =     0.0
 Etot   =    -50895.3602  EKtot   =     20976.3535  EPtot      =    -71871.7138
 BOND   =     12867.9666  ANGLE   =      1076.4155  DIHED      =      1332.2039
 1-4 NB =       428.9415  1-4 EEL =      4634.2404  VDWAALS    =     12522.9381
 EELEC  =   -104734.4197  EHBOND  =         0.0000  RESTRAINT  =         0.0000
 ------------------------------------------------------------------------------


 NSTEP =    38500   TIME(PS) =      50.250  TEMP(K) =   307.20  PRESS =     0.0
 Etot   =    -50901.2477  EKtot   =     21135.1660  EPtot      =    -72036.4138
 BOND   =     12630.5053  ANGLE   =      1077.8642  DIHED      =      1318.5118
 1-4 NB =       438.3927  1-4 EEL =      4585.7084  VDWAALS    =     12500.2470
 EELEC  =   -104587.6432  EHBOND  =         0.0000  RESTRAINT  =         0.0000
 ------------------------------------------------------------------------------

check COM velocity, temp:        0.000007     0.00(Removed)

 NSTEP =    39000   TIME(PS) =      50.500  TEMP(K) =   304.57  PRESS =     0.0
 Etot   =    -50896.0906  EKtot   =     20954.0332  EPtot      =    -71850.1238
 BOND   =     12784.4351  ANGLE   =      1072.1344  DIHED      =      1321.5098
 1-4 NB =       423.9372  1-4 EEL =      4626.9781  VDWAALS    =     12390.6830
 EELEC  =   -104469.8014  EHBOND  =         0.0000  RESTRAINT  =         0.0000
 ------------------------------------------------------------------------------


 NSTEP =    39500   TIME(PS) =      50.750  TEMP(K) =   305.66  PRESS =     0.0
 Etot   =    -50896.6549  EKtot   =     21029.2812  EPtot      =    -71925.9361
 BOND   =     12719.8466  ANGLE   =      1068.7883  DIHED      =      1329.7961
 1-4 NB =       452.5332  1-4 EEL =      4661.1570  VDWAALS    =     12597.5191
 EELEC  =   -104755.5765  EHBOND  =         0.0000  RESTRAINT  =         0.0000
 ------------------------------------------------------------------------------

check COM velocity, temp:        0.000003     0.00(Removed)

 NSTEP =    40000   TIME(PS) =      51.000  TEMP(K) =   308.61  PRESS =     0.0
 Etot   =    -50901.2236  EKtot   =     21232.0449  EPtot      =    -72133.2685
 BOND   =     12560.6413  ANGLE   =      1049.8127  DIHED      =      1332.1167
 1-4 NB =       441.6518  1-4 EEL =      4603.4740  VDWAALS    =     12490.2780
 EELEC  =   -104611.2431  EHBOND  =         0.0000  RESTRAINT  =         0.0000
 ------------------------------------------------------------------------------


      A V E R A G E S   O V E R      80 S T E P S


 NSTEP =    40000   TIME(PS) =      51.000  TEMP(K) =   306.30  PRESS =     0.0
 Etot   =    -50898.9129  EKtot   =     21073.3598  EPtot      =    -71972.2727
 BOND   =     12841.3571  ANGLE   =      1100.1303  DIHED      =      1330.1034
 1-4 NB =       444.2385  1-4 EEL =      4637.5580  VDWAALS    =     12605.5349
 EELEC  =   -104931.1948  EHBOND  =         0.0000  RESTRAINT  =         0.0000
 ------------------------------------------------------------------------------


      R M S  F L U C T U A T I O N S


 NSTEP =    40000   TIME(PS) =      51.000  TEMP(K) =     1.29  PRESS =     0.0
 Etot   =         1.9926  EKtot   =        88.5790  EPtot      =        89.4332
 BOND   =       102.1077  ANGLE   =        33.3232  DIHED      =        13.1012
 1-4 NB =         9.5141  1-4 EEL =        26.6855  VDWAALS    =       158.2651
 EELEC  =       258.6163  EHBOND  =         0.0000  RESTRAINT  =         0.0000
|E(PBS) =         0.6226
 ------------------------------------------------------------------------------

--------------------------------------------------------------------------------
   5.  TIMINGS
--------------------------------------------------------------------------------

|  NonSetup CPU Time in Major Routines:
|
|     Routine           Sec        %
|     ------------------------------
|     Nonbond           8.11   12.12
|     Bond              0.00    0.00
|     Angle             0.00    0.00
|     Dihedral          0.00    0.00
|     Shake             0.00    0.00
|     RunMD            58.67   87.74
|     Other             0.09    0.14
|     ------------------------------
|     Total            66.87

|  PME Nonbond Pairlist CPU Time:
|
|     Routine              Sec        %
|     ---------------------------------
|     Set Up Cit           0.00    0.00
|     Build List           0.00    0.00
|     ---------------------------------
|     Total                0.00    0.00

|  PME Direct Force CPU Time:
|
|     Routine              Sec        %
|     ---------------------------------
|     NonBonded Calc       0.00    0.00
|     Exclude Masked       0.00    0.00
|     Other                0.04    0.05
|     ---------------------------------
|     Total                0.04    0.05

|  PME Reciprocal Force CPU Time:
|
|     Routine              Sec        %
|     ---------------------------------
|     1D bspline           0.00    0.00
|     Grid Charges         0.00    0.00
|     Scalar Sum           0.00    0.00
|     Gradient Sum         0.00    0.00
|     FFT                  0.00    0.00
|     ---------------------------------
|     Total                0.00    0.00

|  Final Performance Info:
|     -----------------------------------------------------
|     Average timings for last    3500 steps:
|     Elapsed(s) =       6.29 Per Step(ms) =       1.80
|         ns/day =      24.05   seconds/ns =    3592.76
|
|     Average timings for all steps:
|     Elapsed(s) =      67.32 Per Step(ms) =       1.68
|         ns/day =      25.67   seconds/ns =    3365.94
|     -----------------------------------------------------

|  Setup CPU time:            2.12 seconds
|  NonSetup CPU time:        66.87 seconds
|  Total CPU time:           68.99 seconds     0.02 hours

|  Setup wall time:           3    seconds
|  NonSetup wall time:       67    seconds
|  Total wall time:          70    seconds     0.02 hours
