
          -------------------------------------------------------
          Amber 16 PMEMD                              2016
          -------------------------------------------------------

| PMEMD implementation of SANDER, Release 16

| Run on 08/25/2017 at 12:52:25

|   Executable path: /apps/amber16/bin/pmemd.cuda
| Working directory: /scratch/pbarletta/pdz/run/lb/neq/data/larga_4
|          Hostname: mordor

  [-O]verwriting output

File Assignments:
|   MDIN: pdt.in                                                                
|  MDOUT: T209pplb_4.out                                                        
| INPCRD: /scratch/pbarletta/pdz/run/lb/neq/data/corta_4/T209plb_4.rst7         
|   PARM: /scratch/pbarletta/pdz/top_files/lb.prmtop                            
| RESTRT: T209pplb_4.rst7                                                       
|   REFC: refc                                                                  
|  MDVEL: mdvel                                                                 
|   MDEN: mden                                                                  
|  MDCRD: T209pplb_4.nc                                                         
| MDINFO: mdinfo                                                                
|  MDFRC: mdfrc                                                                 


 Here is the input file:

!NVE run                                                                       
&cntrl                                                                         
imin = 0,                           ! No Minimization                          
nmropt = 0,                         ! No NMR restraints read                   
                                                                               
! Nature and format of the input                                               
ntx = 5,                            ! Coordinates will be read, assign new velo
irest = 1,                          ! Do not run a new simulation              
                                                                               
! Nature and format of the output                                              
ioutfm = 1,			    ! NetCDF format for output files                             
ntxo = 1,                           ! rstrt file in ASCII format               
ntpr = 500,                         ! inf in output every ntpr steps           
ntwr = 500,                         ! rstrt file every ntwr steps              
ntwx = 100,                         ! mdcrd file every ntwx steps              
ntwv = -1,                          ! mdvel without velocities                 
ntwe = 0,                           ! Energies and temperatures not written in 
idecomp = 0,                        ! No energy decomposition                  
iwrap = 1,                          ! Coordinates of the restart and mdcrd file
                                                                               
! Frozen or restrained atoms                                                   
ibelly = 0,                         ! No frozen atoms                          
ntr=0,                              ! Harmonic potential restraints            
                                                                               
! Molecular dynamics                                                           
nstlim = 40000,                      ! Number of MD-steps                      
dt = 0.0005,                        ! Time step                                
                                                                               
! Temperature regulation                                                       
ntt = 0,                            ! Constant total energy                    
                                                                               
! P and V regulation                                                           
ntp = 0,                            ! No P control                             
ntb = 1,                            ! constant V                               
                                                                               
! SHAKE variables                                                              
ntc = 1,                            ! Bonds involving H are constrained        
ntf = 1,                            ! Bond interaction involving H are ommited.
                                                                               
cut = 9.0,                          ! Nonbonded cutoff                         
/                                                                              
&end                                                                           


Note: ig = -1. Setting random seed to   561929 based on wallclock time in 
      microseconds.
| irandom = 1, using AMBER's internal random number generator (default).
 
|--------------------- INFORMATION ----------------------
| GPU (CUDA) Version of PMEMD in use: NVIDIA GPU IN USE.
|                    Version 16.0.0
| 
|                      02/25/2016
| 
| Implementation by:
|                    Ross C. Walker     (SDSC)
|                    Scott Le Grand     (nVIDIA)
| 
| Precision model in use:
|      [SPFP] - Single Precision Forces, 64-bit Fixed Point
|               Accumulation. (Default)
| 
|--------------------------------------------------------
 
|----------------- CITATION INFORMATION -----------------
|
|    When publishing work that utilized the CUDA version
|    of AMBER, please cite the following in addition to
|    the regular AMBER citations:
|
|  - Romelia Salomon-Ferrer; Andreas W. Goetz; Duncan
|    Poole; Scott Le Grand; Ross C. Walker "Routine
|    microsecond molecular dynamics simulations with
|    AMBER - Part II: Particle Mesh Ewald", J. Chem.
|    Theory Comput., 2013, 9 (9), pp3878-3888,
|    DOI: 10.1021/ct400314y.
|
|  - Andreas W. Goetz; Mark J. Williamson; Dong Xu;
|    Duncan Poole; Scott Le Grand; Ross C. Walker
|    "Routine microsecond molecular dynamics simulations
|    with AMBER - Part I: Generalized Born", J. Chem.
|    Theory Comput., 2012, 8 (5), pp1542-1555.
|
|  - Scott Le Grand; Andreas W. Goetz; Ross C. Walker
|    "SPFP: Speed without compromise - a mixed precision
|    model for GPU accelerated molecular dynamics
|    simulations.", Comp. Phys. Comm., 2013, 184
|    pp374-380, DOI: 10.1016/j.cpc.2012.09.022
|
|--------------------------------------------------------
 
|------------------- GPU DEVICE INFO --------------------
|
|            CUDA_VISIBLE_DEVICES: 1
|   CUDA Capable Devices Detected:      1
|           CUDA Device ID in use:      0
|                CUDA Device Name: GeForce GTX TITAN
|     CUDA Device Global Mem Size:   6082 MB
| CUDA Device Num Multiprocessors:     14
|           CUDA Device Core Freq:   0.93 GHz
|
|--------------------------------------------------------
 
 
| Conditional Compilation Defines Used:
| PUBFFT
| BINTRAJ
| CUDA
| EMIL

| Largest sphere to fit in unit cell has radius =    26.281

| New format PARM file being parsed.
| Version =    1.000 Date = 09/04/12 Time = 16:08:43

| Note: 1-4 EEL scale factors are being read from the topology file.

| Note: 1-4 VDW scale factors are being read from the topology file.
| Duplicated    0 dihedrals

| Duplicated    0 dihedrals

--------------------------------------------------------------------------------
   1.  RESOURCE   USE: 
--------------------------------------------------------------------------------

 getting new box info from bottom of inpcrd
 NATOM  =   23082 NTYPES =      16 NBONH =   22055 MBONA  =    1038
 NTHETH =    2390 MTHETA =    1396 NPHIH =    4631 MPHIA  =    3488
 NHPARM =       0 NPARM  =       0 NNB   =   39434 NRES   =    7134
 NBONA  =    1038 NTHETA =    1396 NPHIA =    3488 NUMBND =      41
 NUMANG =      86 NPTRA  =      41 NATYP =      28 NPHB   =       1
 IFBOX  =       1 NMXRS  =      24 IFCAP =       0 NEXTRA =       0
 NCOPY  =       0

| Coordinate Index Table dimensions:    12   14   10
| Direct force subcell size =     5.0212    5.2012    5.2562

     BOX TYPE: RECTILINEAR

--------------------------------------------------------------------------------
   2.  CONTROL  DATA  FOR  THE  RUN
--------------------------------------------------------------------------------

default_name                                                                    

General flags:
     imin    =       0, nmropt  =       0

Nature and format of input:
     ntx     =       5, irest   =       1, ntrx    =       1

Nature and format of output:
     ntxo    =       1, ntpr    =     500, ntrx    =       1, ntwr    =     500
     iwrap   =       1, ntwx    =     100, ntwv    =      -1, ntwe    =       0
     ioutfm  =       1, ntwprt  =       0, idecomp =       0, rbornstat=      0

Potential function:
     ntf     =       1, ntb     =       1, igb     =       0, nsnb    =      25
     ipol    =       0, gbsa    =       0, iesp    =       0
     dielc   =   1.00000, cut     =   9.00000, intdiel =   1.00000

Frozen or restrained atoms:
     ibelly  =       0, ntr     =       0

Molecular dynamics:
     nstlim  =     40000, nscm    =      1000, nrespa  =         1
     t       =   0.00000, dt      =   0.00050, vlimit  =  -1.00000

| Intermolecular bonds treatment:
|     no_intermolecular_bonds =       1

| Energy averages sample interval:
|     ene_avg_sampling =     500

Ewald parameters:
     verbose =       0, ew_type =       0, nbflag  =       1, use_pme =       1
     vdwmeth =       1, eedmeth =       1, netfrc  =       1
     Box X =   60.254   Box Y =   72.816   Box Z =   52.562
     Alpha =   90.000   Beta  =   90.000   Gamma =   90.000
     NFFT1 =   64       NFFT2 =   80       NFFT3 =   56
     Cutoff=    9.000   Tol   =0.100E-04
     Ewald Coefficient =  0.30768
     Interpolation order =    4

--------------------------------------------------------------------------------
   3.  ATOMIC COORDINATES AND VELOCITIES
--------------------------------------------------------------------------------

default_name                                                                    
 begin time read from input coords =    31.000 ps

 
 Number of triangulated 3-point waters found:     7002

     Sum of charges from parm topology file =  -0.00000008
     Forcing neutrality...

| Dynamic Memory, Types Used:
| Reals              710578
| Integers           737140

| Nonbonded Pairs Initial Allocation:     5262696

| GPU memory information (estimate):
| KB of GPU memory in use:     63171
| KB of CPU memory in use:     27891

--------------------------------------------------------------------------------
   4.  RESULTS
--------------------------------------------------------------------------------

 ---------------------------------------------------
 APPROXIMATING switch and d/dx switch using CUBIC SPLINE INTERPOLATION
 using   5000.0 points per unit in tabled values
 TESTING RELATIVE ERROR over r ranging from 0.0 to cutoff
| CHECK switch(x): max rel err =   0.2738E-14   at   2.422500
| CHECK d/dx switch(x): max rel err =   0.8314E-11   at   2.736960
 ---------------------------------------------------
|---------------------------------------------------
| APPROXIMATING direct energy using CUBIC SPLINE INTERPOLATION
|  with   50.0 points per unit in tabled values
| Relative Error Limit not exceeded for r .gt.   2.39
| APPROXIMATING direct force using CUBIC SPLINE INTERPOLATION
|  with   50.0 points per unit in tabled values
| Relative Error Limit not exceeded for r .gt.   2.84
|---------------------------------------------------

 NSTEP =      500   TIME(PS) =      31.250  TEMP(K) =   306.12  PRESS =     0.0
 Etot   =    -50970.1617  EKtot   =     21060.8535  EPtot      =    -72031.0152
 BOND   =     12894.2382  ANGLE   =      1212.6773  DIHED      =      1365.5088
 1-4 NB =       446.1359  1-4 EEL =      4586.5768  VDWAALS    =     12828.1574
 EELEC  =   -105364.3097  EHBOND  =         0.0000  RESTRAINT  =         0.0000
 ------------------------------------------------------------------------------

check COM velocity, temp:        0.000006     0.00(Removed)

 NSTEP =     1000   TIME(PS) =      31.500  TEMP(K) =   306.50  PRESS =     0.0
 Etot   =    -50968.9933  EKtot   =     21086.8457  EPtot      =    -72055.8390
 BOND   =     12880.8549  ANGLE   =      1196.9804  DIHED      =      1342.9239
 1-4 NB =       445.5065  1-4 EEL =      4624.2272  VDWAALS    =     12433.8429
 EELEC  =   -104980.1748  EHBOND  =         0.0000  RESTRAINT  =         0.0000
 ------------------------------------------------------------------------------


 NSTEP =     1500   TIME(PS) =      31.750  TEMP(K) =   307.52  PRESS =     0.0
 Etot   =    -50971.3369  EKtot   =     21157.4941  EPtot      =    -72128.8311
 BOND   =     12930.3802  ANGLE   =      1162.1946  DIHED      =      1336.2330
 1-4 NB =       446.9690  1-4 EEL =      4631.5306  VDWAALS    =     12539.2352
 EELEC  =   -105175.3738  EHBOND  =         0.0000  RESTRAINT  =         0.0000
 ------------------------------------------------------------------------------

check COM velocity, temp:        0.000006     0.00(Removed)

 NSTEP =     2000   TIME(PS) =      32.000  TEMP(K) =   306.26  PRESS =     0.0
 Etot   =    -50971.5483  EKtot   =     21070.3008  EPtot      =    -72041.8491
 BOND   =     12833.6710  ANGLE   =      1158.3881  DIHED      =      1354.5004
 1-4 NB =       459.0759  1-4 EEL =      4641.0351  VDWAALS    =     12707.3973
 EELEC  =   -105195.9169  EHBOND  =         0.0000  RESTRAINT  =         0.0000
 ------------------------------------------------------------------------------


 NSTEP =     2500   TIME(PS) =      32.250  TEMP(K) =   307.80  PRESS =     0.0
 Etot   =    -50971.4583  EKtot   =     21176.2168  EPtot      =    -72147.6751
 BOND   =     12826.8343  ANGLE   =      1205.5462  DIHED      =      1347.1885
 1-4 NB =       444.9650  1-4 EEL =      4607.4407  VDWAALS    =     12582.2844
 EELEC  =   -105161.9341  EHBOND  =         0.0000  RESTRAINT  =         0.0000
 ------------------------------------------------------------------------------

check COM velocity, temp:        0.000012     0.00(Removed)

 NSTEP =     3000   TIME(PS) =      32.500  TEMP(K) =   305.65  PRESS =     0.0
 Etot   =    -50967.8170  EKtot   =     21028.2656  EPtot      =    -71996.0826
 BOND   =     12941.8035  ANGLE   =      1208.3359  DIHED      =      1354.3479
 1-4 NB =       455.5525  1-4 EEL =      4615.9096  VDWAALS    =     12765.7220
 EELEC  =   -105337.7541  EHBOND  =         0.0000  RESTRAINT  =         0.0000
 ------------------------------------------------------------------------------


 NSTEP =     3500   TIME(PS) =      32.750  TEMP(K) =   306.17  PRESS =     0.0
 Etot   =    -50972.7783  EKtot   =     21064.2480  EPtot      =    -72037.0264
 BOND   =     12837.1112  ANGLE   =      1191.7950  DIHED      =      1335.6759
 1-4 NB =       445.3992  1-4 EEL =      4664.2298  VDWAALS    =     12534.0781
 EELEC  =   -105045.3155  EHBOND  =         0.0000  RESTRAINT  =         0.0000
 ------------------------------------------------------------------------------

check COM velocity, temp:        0.000002     0.00(Removed)

 NSTEP =     4000   TIME(PS) =      33.000  TEMP(K) =   306.85  PRESS =     0.0
 Etot   =    -50972.9428  EKtot   =     21111.4590  EPtot      =    -72084.4017
 BOND   =     12890.9945  ANGLE   =      1127.0801  DIHED      =      1334.4783
 1-4 NB =       471.0797  1-4 EEL =      4607.5827  VDWAALS    =     12699.9845
 EELEC  =   -105215.6015  EHBOND  =         0.0000  RESTRAINT  =         0.0000
 ------------------------------------------------------------------------------


 NSTEP =     4500   TIME(PS) =      33.250  TEMP(K) =   306.99  PRESS =     0.0
 Etot   =    -50967.7160  EKtot   =     21120.7715  EPtot      =    -72088.4875
 BOND   =     12846.8210  ANGLE   =      1135.1320  DIHED      =      1349.6197
 1-4 NB =       446.6479  1-4 EEL =      4622.8141  VDWAALS    =     12612.3777
 EELEC  =   -105101.8999  EHBOND  =         0.0000  RESTRAINT  =         0.0000
 ------------------------------------------------------------------------------

check COM velocity, temp:        0.000006     0.00(Removed)

 NSTEP =     5000   TIME(PS) =      33.500  TEMP(K) =   307.04  PRESS =     0.0
 Etot   =    -50969.4027  EKtot   =     21124.1719  EPtot      =    -72093.5745
 BOND   =     12721.0924  ANGLE   =      1165.8395  DIHED      =      1348.4084
 1-4 NB =       454.5122  1-4 EEL =      4629.9296  VDWAALS    =     12576.5108
 EELEC  =   -104989.8674  EHBOND  =         0.0000  RESTRAINT  =         0.0000
 ------------------------------------------------------------------------------


 NSTEP =     5500   TIME(PS) =      33.750  TEMP(K) =   305.58  PRESS =     0.0
 Etot   =    -50971.2061  EKtot   =     21023.9863  EPtot      =    -71995.1924
 BOND   =     12916.2418  ANGLE   =      1109.2813  DIHED      =      1378.7618
 1-4 NB =       445.7886  1-4 EEL =      4652.2183  VDWAALS    =     12794.2447
 EELEC  =   -105291.7291  EHBOND  =         0.0000  RESTRAINT  =         0.0000
 ------------------------------------------------------------------------------

check COM velocity, temp:        0.000004     0.00(Removed)

 NSTEP =     6000   TIME(PS) =      34.000  TEMP(K) =   304.86  PRESS =     0.0
 Etot   =    -50969.2878  EKtot   =     20974.3281  EPtot      =    -71943.6159
 BOND   =     12933.7488  ANGLE   =      1152.6775  DIHED      =      1334.9935
 1-4 NB =       434.7999  1-4 EEL =      4650.7356  VDWAALS    =     12629.7501
 EELEC  =   -105080.3213  EHBOND  =         0.0000  RESTRAINT  =         0.0000
 ------------------------------------------------------------------------------


 NSTEP =     6500   TIME(PS) =      34.250  TEMP(K) =   307.26  PRESS =     0.0
 Etot   =    -50973.0121  EKtot   =     21139.6895  EPtot      =    -72112.7016
 BOND   =     12782.5063  ANGLE   =      1156.1152  DIHED      =      1363.7881
 1-4 NB =       427.8256  1-4 EEL =      4615.2829  VDWAALS    =     12523.0321
 EELEC  =   -104981.2517  EHBOND  =         0.0000  RESTRAINT  =         0.0000
 ------------------------------------------------------------------------------

check COM velocity, temp:        0.000006     0.00(Removed)

 NSTEP =     7000   TIME(PS) =      34.500  TEMP(K) =   306.24  PRESS =     0.0
 Etot   =    -50970.9516  EKtot   =     21069.1094  EPtot      =    -72040.0610
 BOND   =     12619.7816  ANGLE   =      1179.8765  DIHED      =      1354.3228
 1-4 NB =       445.7989  1-4 EEL =      4628.0553  VDWAALS    =     12764.8351
 EELEC  =   -105032.7312  EHBOND  =         0.0000  RESTRAINT  =         0.0000
 ------------------------------------------------------------------------------


 NSTEP =     7500   TIME(PS) =      34.750  TEMP(K) =   307.05  PRESS =     0.0
 Etot   =    -50967.9998  EKtot   =     21125.0898  EPtot      =    -72093.0896
 BOND   =     12752.6139  ANGLE   =      1130.1728  DIHED      =      1348.3912
 1-4 NB =       450.6925  1-4 EEL =      4603.4768  VDWAALS    =     12861.9781
 EELEC  =   -105240.4150  EHBOND  =         0.0000  RESTRAINT  =         0.0000
 ------------------------------------------------------------------------------

check COM velocity, temp:        0.000002     0.00(Removed)

 NSTEP =     8000   TIME(PS) =      35.000  TEMP(K) =   307.62  PRESS =     0.0
 Etot   =    -50970.2338  EKtot   =     21163.7930  EPtot      =    -72134.0268
 BOND   =     12895.5324  ANGLE   =      1117.0194  DIHED      =      1321.1565
 1-4 NB =       436.4652  1-4 EEL =      4637.8668  VDWAALS    =     12497.1130
 EELEC  =   -105039.1800  EHBOND  =         0.0000  RESTRAINT  =         0.0000
 ------------------------------------------------------------------------------


 NSTEP =     8500   TIME(PS) =      35.250  TEMP(K) =   308.82  PRESS =     0.0
 Etot   =    -50973.4330  EKtot   =     21246.3438  EPtot      =    -72219.7767
 BOND   =     12821.1269  ANGLE   =      1144.0950  DIHED      =      1329.7200
 1-4 NB =       458.2055  1-4 EEL =      4645.4323  VDWAALS    =     12484.0025
 EELEC  =   -105102.3589  EHBOND  =         0.0000  RESTRAINT  =         0.0000
 ------------------------------------------------------------------------------

check COM velocity, temp:        0.000004     0.00(Removed)

 NSTEP =     9000   TIME(PS) =      35.500  TEMP(K) =   307.11  PRESS =     0.0
 Etot   =    -50974.3271  EKtot   =     21129.3730  EPtot      =    -72103.7001
 BOND   =     12609.0491  ANGLE   =      1087.7851  DIHED      =      1338.4235
 1-4 NB =       460.8126  1-4 EEL =      4609.0986  VDWAALS    =     12688.4795
 EELEC  =   -104897.3486  EHBOND  =         0.0000  RESTRAINT  =         0.0000
 ------------------------------------------------------------------------------


 NSTEP =     9500   TIME(PS) =      35.750  TEMP(K) =   307.51  PRESS =     0.0
 Etot   =    -50971.3711  EKtot   =     21156.3359  EPtot      =    -72127.7070
 BOND   =     12851.3254  ANGLE   =      1125.2019  DIHED      =      1352.1780
 1-4 NB =       465.7566  1-4 EEL =      4676.2739  VDWAALS    =     12884.9186
 EELEC  =   -105483.3614  EHBOND  =         0.0000  RESTRAINT  =         0.0000
 ------------------------------------------------------------------------------

check COM velocity, temp:        0.000006     0.00(Removed)

 NSTEP =    10000   TIME(PS) =      36.000  TEMP(K) =   305.72  PRESS =     0.0
 Etot   =    -50971.8756  EKtot   =     21033.4141  EPtot      =    -72005.2896
 BOND   =     12813.2355  ANGLE   =      1137.1234  DIHED      =      1344.8431
 1-4 NB =       436.5875  1-4 EEL =      4627.5758  VDWAALS    =     12564.2351
 EELEC  =   -104928.8901  EHBOND  =         0.0000  RESTRAINT  =         0.0000
 ------------------------------------------------------------------------------


 NSTEP =    10500   TIME(PS) =      36.250  TEMP(K) =   303.48  PRESS =     0.0
 Etot   =    -50971.4917  EKtot   =     20879.0664  EPtot      =    -71850.5582
 BOND   =     12863.4672  ANGLE   =      1136.0744  DIHED      =      1347.3534
 1-4 NB =       467.0715  1-4 EEL =      4655.0828  VDWAALS    =     12694.3881
 EELEC  =   -105013.9956  EHBOND  =         0.0000  RESTRAINT  =         0.0000
 ------------------------------------------------------------------------------

check COM velocity, temp:        0.000007     0.00(Removed)

 NSTEP =    11000   TIME(PS) =      36.500  TEMP(K) =   305.27  PRESS =     0.0
 Etot   =    -50967.5851  EKtot   =     21002.3164  EPtot      =    -71969.9015
 BOND   =     13037.8670  ANGLE   =      1144.2027  DIHED      =      1331.8380
 1-4 NB =       445.7740  1-4 EEL =      4626.7812  VDWAALS    =     12570.8848
 EELEC  =   -105127.2491  EHBOND  =         0.0000  RESTRAINT  =         0.0000
 ------------------------------------------------------------------------------


 NSTEP =    11500   TIME(PS) =      36.750  TEMP(K) =   304.75  PRESS =     0.0
 Etot   =    -50969.0264  EKtot   =     20966.3750  EPtot      =    -71935.4014
 BOND   =     12892.3926  ANGLE   =      1142.2911  DIHED      =      1342.2982
 1-4 NB =       434.8984  1-4 EEL =      4691.1292  VDWAALS    =     12732.3102
 EELEC  =   -105170.7211  EHBOND  =         0.0000  RESTRAINT  =         0.0000
 ------------------------------------------------------------------------------

check COM velocity, temp:        0.000005     0.00(Removed)

 NSTEP =    12000   TIME(PS) =      37.000  TEMP(K) =   305.87  PRESS =     0.0
 Etot   =    -50972.5660  EKtot   =     21043.6113  EPtot      =    -72016.1773
 BOND   =     12599.2147  ANGLE   =      1117.5178  DIHED      =      1338.9407
 1-4 NB =       448.4843  1-4 EEL =      4636.2865  VDWAALS    =     12406.1986
 EELEC  =   -104562.8199  EHBOND  =         0.0000  RESTRAINT  =         0.0000
 ------------------------------------------------------------------------------


 NSTEP =    12500   TIME(PS) =      37.250  TEMP(K) =   305.41  PRESS =     0.0
 Etot   =    -50969.4676  EKtot   =     21012.2656  EPtot      =    -71981.7332
 BOND   =     12797.4941  ANGLE   =      1150.0100  DIHED      =      1305.0924
 1-4 NB =       447.8752  1-4 EEL =      4588.1578  VDWAALS    =     12615.6389
 EELEC  =   -104886.0017  EHBOND  =         0.0000  RESTRAINT  =         0.0000
 ------------------------------------------------------------------------------

check COM velocity, temp:        0.000007     0.00(Removed)

 NSTEP =    13000   TIME(PS) =      37.500  TEMP(K) =   304.26  PRESS =     0.0
 Etot   =    -50971.6296  EKtot   =     20933.1016  EPtot      =    -71904.7311
 BOND   =     12754.6718  ANGLE   =      1105.6528  DIHED      =      1363.0141
 1-4 NB =       459.6123  1-4 EEL =      4643.3739  VDWAALS    =     12666.8834
 EELEC  =   -104897.9394  EHBOND  =         0.0000  RESTRAINT  =         0.0000
 ------------------------------------------------------------------------------


 NSTEP =    13500   TIME(PS) =      37.750  TEMP(K) =   305.97  PRESS =     0.0
 Etot   =    -50972.2270  EKtot   =     21050.3555  EPtot      =    -72022.5825
 BOND   =     12794.4259  ANGLE   =      1087.1861  DIHED      =      1341.1460
 1-4 NB =       451.5784  1-4 EEL =      4647.9592  VDWAALS    =     12817.2370
 EELEC  =   -105162.1152  EHBOND  =         0.0000  RESTRAINT  =         0.0000
 ------------------------------------------------------------------------------

check COM velocity, temp:        0.000005     0.00(Removed)

 NSTEP =    14000   TIME(PS) =      38.000  TEMP(K) =   305.33  PRESS =     0.0
 Etot   =    -50970.3211  EKtot   =     21006.6719  EPtot      =    -71976.9929
 BOND   =     12904.3489  ANGLE   =      1128.7314  DIHED      =      1319.0797
 1-4 NB =       447.8663  1-4 EEL =      4633.1482  VDWAALS    =     12739.4780
 EELEC  =   -105149.6455  EHBOND  =         0.0000  RESTRAINT  =         0.0000
 ------------------------------------------------------------------------------


 NSTEP =    14500   TIME(PS) =      38.250  TEMP(K) =   306.50  PRESS =     0.0
 Etot   =    -50970.8788  EKtot   =     21087.1855  EPtot      =    -72058.0644
 BOND   =     12756.8800  ANGLE   =      1131.6140  DIHED      =      1312.2569
 1-4 NB =       436.4655  1-4 EEL =      4614.7426  VDWAALS    =     12533.7995
 EELEC  =   -104843.8229  EHBOND  =         0.0000  RESTRAINT  =         0.0000
 ------------------------------------------------------------------------------

check COM velocity, temp:        0.000002     0.00(Removed)

 NSTEP =    15000   TIME(PS) =      38.500  TEMP(K) =   305.39  PRESS =     0.0
 Etot   =    -50969.3012  EKtot   =     21010.5234  EPtot      =    -71979.8247
 BOND   =     12869.0631  ANGLE   =      1082.7652  DIHED      =      1348.4425
 1-4 NB =       430.7723  1-4 EEL =      4624.3165  VDWAALS    =     12702.1709
 EELEC  =   -105037.3553  EHBOND  =         0.0000  RESTRAINT  =         0.0000
 ------------------------------------------------------------------------------


 NSTEP =    15500   TIME(PS) =      38.750  TEMP(K) =   305.74  PRESS =     0.0
 Etot   =    -50971.6309  EKtot   =     21034.5762  EPtot      =    -72006.2071
 BOND   =     12911.4334  ANGLE   =      1113.9704  DIHED      =      1354.0961
 1-4 NB =       434.4590  1-4 EEL =      4617.6056  VDWAALS    =     12893.5898
 EELEC  =   -105331.3613  EHBOND  =         0.0000  RESTRAINT  =         0.0000
 ------------------------------------------------------------------------------

check COM velocity, temp:        0.000009     0.00(Removed)

 NSTEP =    16000   TIME(PS) =      39.000  TEMP(K) =   305.70  PRESS =     0.0
 Etot   =    -50972.4761  EKtot   =     21032.0078  EPtot      =    -72004.4839
 BOND   =     12901.2942  ANGLE   =      1119.1669  DIHED      =      1351.1540
 1-4 NB =       451.2878  1-4 EEL =      4634.2684  VDWAALS    =     12645.4042
 EELEC  =   -105107.0595  EHBOND  =         0.0000  RESTRAINT  =         0.0000
 ------------------------------------------------------------------------------


 NSTEP =    16500   TIME(PS) =      39.250  TEMP(K) =   307.69  PRESS =     0.0
 Etot   =    -50972.0602  EKtot   =     21169.0215  EPtot      =    -72141.0817
 BOND   =     12747.0265  ANGLE   =      1111.1281  DIHED      =      1347.9962
 1-4 NB =       447.8453  1-4 EEL =      4648.6934  VDWAALS    =     12691.1493
 EELEC  =   -105134.9206  EHBOND  =         0.0000  RESTRAINT  =         0.0000
 ------------------------------------------------------------------------------

check COM velocity, temp:        0.000004     0.00(Removed)

 NSTEP =    17000   TIME(PS) =      39.500  TEMP(K) =   307.05  PRESS =     0.0
 Etot   =    -50970.5290  EKtot   =     21125.0840  EPtot      =    -72095.6129
 BOND   =     12769.0648  ANGLE   =      1099.4234  DIHED      =      1327.1907
 1-4 NB =       461.6890  1-4 EEL =      4653.9476  VDWAALS    =     12808.8103
 EELEC  =   -105215.7388  EHBOND  =         0.0000  RESTRAINT  =         0.0000
 ------------------------------------------------------------------------------


 NSTEP =    17500   TIME(PS) =      39.750  TEMP(K) =   307.93  PRESS =     0.0
 Etot   =    -50971.2557  EKtot   =     21185.4531  EPtot      =    -72156.7089
 BOND   =     12937.8230  ANGLE   =      1113.6639  DIHED      =      1332.5028
 1-4 NB =       444.9470  1-4 EEL =      4649.9201  VDWAALS    =     12966.0679
 EELEC  =   -105601.6335  EHBOND  =         0.0000  RESTRAINT  =         0.0000
 ------------------------------------------------------------------------------

check COM velocity, temp:        0.000008     0.00(Removed)

 NSTEP =    18000   TIME(PS) =      40.000  TEMP(K) =   305.92  PRESS =     0.0
 Etot   =    -50970.3298  EKtot   =     21047.1641  EPtot      =    -72017.4939
 BOND   =     12822.0583  ANGLE   =      1060.4054  DIHED      =      1342.3868
 1-4 NB =       445.1754  1-4 EEL =      4675.6319  VDWAALS    =     12722.8274
 EELEC  =   -105085.9790  EHBOND  =         0.0000  RESTRAINT  =         0.0000
 ------------------------------------------------------------------------------


 NSTEP =    18500   TIME(PS) =      40.250  TEMP(K) =   304.13  PRESS =     0.0
 Etot   =    -50969.0643  EKtot   =     20923.9297  EPtot      =    -71892.9940
 BOND   =     13114.3217  ANGLE   =      1109.8807  DIHED      =      1355.0708
 1-4 NB =       452.2417  1-4 EEL =      4611.4466  VDWAALS    =     12676.3849
 EELEC  =   -105212.3405  EHBOND  =         0.0000  RESTRAINT  =         0.0000
 ------------------------------------------------------------------------------

check COM velocity, temp:        0.000007     0.00(Removed)

 NSTEP =    19000   TIME(PS) =      40.500  TEMP(K) =   302.76  PRESS =     0.0
 Etot   =    -50968.3421  EKtot   =     20829.7285  EPtot      =    -71798.0707
 BOND   =     12952.9952  ANGLE   =      1154.2348  DIHED      =      1356.4027
 1-4 NB =       435.8794  1-4 EEL =      4593.6543  VDWAALS    =     12654.2558
 EELEC  =   -104945.4929  EHBOND  =         0.0000  RESTRAINT  =         0.0000
 ------------------------------------------------------------------------------


 NSTEP =    19500   TIME(PS) =      40.750  TEMP(K) =   307.78  PRESS =     0.0
 Etot   =    -50969.1046  EKtot   =     21175.2129  EPtot      =    -72144.3175
 BOND   =     12932.0078  ANGLE   =      1116.6115  DIHED      =      1325.6883
 1-4 NB =       434.9349  1-4 EEL =      4644.8214  VDWAALS    =     12707.3314
 EELEC  =   -105305.7129  EHBOND  =         0.0000  RESTRAINT  =         0.0000
 ------------------------------------------------------------------------------

check COM velocity, temp:        0.000008     0.00(Removed)

 NSTEP =    20000   TIME(PS) =      41.000  TEMP(K) =   305.19  PRESS =     0.0
 Etot   =    -50972.0651  EKtot   =     20996.6816  EPtot      =    -71968.7468
 BOND   =     12941.9487  ANGLE   =      1095.9729  DIHED      =      1343.1752
 1-4 NB =       440.9894  1-4 EEL =      4666.9449  VDWAALS    =     12935.0625
 EELEC  =   -105392.8404  EHBOND  =         0.0000  RESTRAINT  =         0.0000
 ------------------------------------------------------------------------------


 NSTEP =    20500   TIME(PS) =      41.250  TEMP(K) =   304.45  PRESS =     0.0
 Etot   =    -50966.8405  EKtot   =     20946.3359  EPtot      =    -71913.1765
 BOND   =     13114.5088  ANGLE   =      1070.4770  DIHED      =      1317.2740
 1-4 NB =       450.8277  1-4 EEL =      4643.8950  VDWAALS    =     12589.7999
 EELEC  =   -105099.9588  EHBOND  =         0.0000  RESTRAINT  =         0.0000
 ------------------------------------------------------------------------------

check COM velocity, temp:        0.000010     0.00(Removed)

 NSTEP =    21000   TIME(PS) =      41.500  TEMP(K) =   307.70  PRESS =     0.0
 Etot   =    -50972.1255  EKtot   =     21169.3340  EPtot      =    -72141.4595
 BOND   =     12926.0243  ANGLE   =      1077.8636  DIHED      =      1344.9219
 1-4 NB =       440.1105  1-4 EEL =      4623.6651  VDWAALS    =     12585.8184
 EELEC  =   -105139.8633  EHBOND  =         0.0000  RESTRAINT  =         0.0000
 ------------------------------------------------------------------------------


 NSTEP =    21500   TIME(PS) =      41.750  TEMP(K) =   306.29  PRESS =     0.0
 Etot   =    -50972.8505  EKtot   =     21072.6641  EPtot      =    -72045.5146
 BOND   =     13023.8429  ANGLE   =      1093.2449  DIHED      =      1325.5324
 1-4 NB =       445.6716  1-4 EEL =      4679.9429  VDWAALS    =     12610.9579
 EELEC  =   -105224.7072  EHBOND  =         0.0000  RESTRAINT  =         0.0000
 ------------------------------------------------------------------------------

check COM velocity, temp:        0.000005     0.00(Removed)

 NSTEP =    22000   TIME(PS) =      42.000  TEMP(K) =   305.42  PRESS =     0.0
 Etot   =    -50972.1218  EKtot   =     21012.7891  EPtot      =    -71984.9109
 BOND   =     13050.5600  ANGLE   =      1102.6518  DIHED      =      1345.3539
 1-4 NB =       440.6297  1-4 EEL =      4611.2757  VDWAALS    =     12812.6732
 EELEC  =   -105348.0552  EHBOND  =         0.0000  RESTRAINT  =         0.0000
 ------------------------------------------------------------------------------


 NSTEP =    22500   TIME(PS) =      42.250  TEMP(K) =   305.63  PRESS =     0.0
 Etot   =    -50970.5789  EKtot   =     21027.1875  EPtot      =    -71997.7664
 BOND   =     12966.2536  ANGLE   =      1098.2112  DIHED      =      1327.3240
 1-4 NB =       440.4091  1-4 EEL =      4622.8230  VDWAALS    =     12758.7699
 EELEC  =   -105211.5572  EHBOND  =         0.0000  RESTRAINT  =         0.0000
 ------------------------------------------------------------------------------

check COM velocity, temp:        0.000002     0.00(Removed)

 NSTEP =    23000   TIME(PS) =      42.500  TEMP(K) =   307.24  PRESS =     0.0
 Etot   =    -50971.5061  EKtot   =     21137.9766  EPtot      =    -72109.4827
 BOND   =     12965.5786  ANGLE   =      1052.4135  DIHED      =      1315.5643
 1-4 NB =       429.4730  1-4 EEL =      4637.3780  VDWAALS    =     12850.4517
 EELEC  =   -105360.3417  EHBOND  =         0.0000  RESTRAINT  =         0.0000
 ------------------------------------------------------------------------------


 NSTEP =    23500   TIME(PS) =      42.750  TEMP(K) =   305.02  PRESS =     0.0
 Etot   =    -50969.2057  EKtot   =     20985.4238  EPtot      =    -71954.6295
 BOND   =     12971.6741  ANGLE   =      1098.3846  DIHED      =      1339.7053
 1-4 NB =       436.8430  1-4 EEL =      4632.3265  VDWAALS    =     12792.9604
 EELEC  =   -105226.5234  EHBOND  =         0.0000  RESTRAINT  =         0.0000
 ------------------------------------------------------------------------------

check COM velocity, temp:        0.000005     0.00(Removed)

 NSTEP =    24000   TIME(PS) =      43.000  TEMP(K) =   304.65  PRESS =     0.0
 Etot   =    -50968.0363  EKtot   =     20959.9473  EPtot      =    -71927.9835
 BOND   =     13041.5966  ANGLE   =      1067.6659  DIHED      =      1326.5541
 1-4 NB =       439.3588  1-4 EEL =      4637.8405  VDWAALS    =     12464.5505
 EELEC  =   -104905.5499  EHBOND  =         0.0000  RESTRAINT  =         0.0000
 ------------------------------------------------------------------------------


 NSTEP =    24500   TIME(PS) =      43.250  TEMP(K) =   305.61  PRESS =     0.0
 Etot   =    -50968.7530  EKtot   =     21025.8457  EPtot      =    -71994.5987
 BOND   =     13021.4344  ANGLE   =      1111.0687  DIHED      =      1317.1092
 1-4 NB =       428.8684  1-4 EEL =      4644.7966  VDWAALS    =     12543.5022
 EELEC  =   -105061.3782  EHBOND  =         0.0000  RESTRAINT  =         0.0000
 ------------------------------------------------------------------------------

check COM velocity, temp:        0.000001     0.00(Removed)

 NSTEP =    25000   TIME(PS) =      43.500  TEMP(K) =   304.90  PRESS =     0.0
 Etot   =    -50969.7185  EKtot   =     20977.0586  EPtot      =    -71946.7771
 BOND   =     12896.6785  ANGLE   =      1083.5794  DIHED      =      1349.2465
 1-4 NB =       438.3687  1-4 EEL =      4661.1933  VDWAALS    =     12555.0845
 EELEC  =   -104930.9280  EHBOND  =         0.0000  RESTRAINT  =         0.0000
 ------------------------------------------------------------------------------


 NSTEP =    25500   TIME(PS) =      43.750  TEMP(K) =   302.99  PRESS =     0.0
 Etot   =    -50967.5398  EKtot   =     20845.8613  EPtot      =    -71813.4012
 BOND   =     13028.8687  ANGLE   =      1072.8367  DIHED      =      1331.3759
 1-4 NB =       439.8437  1-4 EEL =      4609.9671  VDWAALS    =     12752.0267
 EELEC  =   -105048.3198  EHBOND  =         0.0000  RESTRAINT  =         0.0000
 ------------------------------------------------------------------------------

check COM velocity, temp:        0.000006     0.00(Removed)

 NSTEP =    26000   TIME(PS) =      44.000  TEMP(K) =   305.11  PRESS =     0.0
 Etot   =    -50968.9673  EKtot   =     20991.2246  EPtot      =    -71960.1919
 BOND   =     13089.1481  ANGLE   =      1040.5920  DIHED      =      1339.7468
 1-4 NB =       436.3462  1-4 EEL =      4652.6807  VDWAALS    =     12470.0812
 EELEC  =   -104988.7869  EHBOND  =         0.0000  RESTRAINT  =         0.0000
 ------------------------------------------------------------------------------


 NSTEP =    26500   TIME(PS) =      44.250  TEMP(K) =   305.13  PRESS =     0.0
 Etot   =    -50972.0169  EKtot   =     20992.7832  EPtot      =    -71964.8001
 BOND   =     12901.3246  ANGLE   =      1073.0899  DIHED      =      1330.8669
 1-4 NB =       454.0951  1-4 EEL =      4650.7592  VDWAALS    =     12587.3452
 EELEC  =   -104962.2810  EHBOND  =         0.0000  RESTRAINT  =         0.0000
 ------------------------------------------------------------------------------

check COM velocity, temp:        0.000005     0.00(Removed)

 NSTEP =    27000   TIME(PS) =      44.500  TEMP(K) =   303.07  PRESS =     0.0
 Etot   =    -50972.4356  EKtot   =     20851.2715  EPtot      =    -71823.7071
 BOND   =     12859.8808  ANGLE   =      1086.3120  DIHED      =      1329.3249
 1-4 NB =       441.9087  1-4 EEL =      4626.0611  VDWAALS    =     12715.0870
 EELEC  =   -104882.2816  EHBOND  =         0.0000  RESTRAINT  =         0.0000
 ------------------------------------------------------------------------------


 NSTEP =    27500   TIME(PS) =      44.750  TEMP(K) =   305.78  PRESS =     0.0
 Etot   =    -50972.5763  EKtot   =     21037.8086  EPtot      =    -72010.3849
 BOND   =     12922.5666  ANGLE   =      1102.3373  DIHED      =      1340.5677
 1-4 NB =       443.9957  1-4 EEL =      4578.9567  VDWAALS    =     12490.4542
 EELEC  =   -104889.2631  EHBOND  =         0.0000  RESTRAINT  =         0.0000
 ------------------------------------------------------------------------------

check COM velocity, temp:        0.000005     0.00(Removed)

 NSTEP =    28000   TIME(PS) =      45.000  TEMP(K) =   304.37  PRESS =     0.0
 Etot   =    -50971.6670  EKtot   =     20940.3027  EPtot      =    -71911.9697
 BOND   =     12808.7731  ANGLE   =      1049.4063  DIHED      =      1313.3924
 1-4 NB =       454.2474  1-4 EEL =      4650.3866  VDWAALS    =     12650.6551
 EELEC  =   -104838.8307  EHBOND  =         0.0000  RESTRAINT  =         0.0000
 ------------------------------------------------------------------------------


 NSTEP =    28500   TIME(PS) =      45.250  TEMP(K) =   305.07  PRESS =     0.0
 Etot   =    -50970.2671  EKtot   =     20988.7988  EPtot      =    -71959.0659
 BOND   =     12946.2973  ANGLE   =      1098.5491  DIHED      =      1323.5510
 1-4 NB =       448.1119  1-4 EEL =      4648.9298  VDWAALS    =     12656.1940
 EELEC  =   -105080.6989  EHBOND  =         0.0000  RESTRAINT  =         0.0000
 ------------------------------------------------------------------------------

check COM velocity, temp:        0.000004     0.00(Removed)

 NSTEP =    29000   TIME(PS) =      45.500  TEMP(K) =   307.06  PRESS =     0.0
 Etot   =    -50970.6496  EKtot   =     21125.5898  EPtot      =    -72096.2394
 BOND   =     12935.0424  ANGLE   =      1079.2612  DIHED      =      1342.0366
 1-4 NB =       436.1102  1-4 EEL =      4598.9641  VDWAALS    =     12698.7389
 EELEC  =   -105186.3929  EHBOND  =         0.0000  RESTRAINT  =         0.0000
 ------------------------------------------------------------------------------


 NSTEP =    29500   TIME(PS) =      45.750  TEMP(K) =   307.75  PRESS =     0.0
 Etot   =    -50972.2915  EKtot   =     21173.1797  EPtot      =    -72145.4711
 BOND   =     12855.6643  ANGLE   =      1079.7447  DIHED      =      1319.6458
 1-4 NB =       433.8006  1-4 EEL =      4619.6888  VDWAALS    =     12445.2036
 EELEC  =   -104899.2188  EHBOND  =         0.0000  RESTRAINT  =         0.0000
 ------------------------------------------------------------------------------

check COM velocity, temp:        0.000004     0.00(Removed)

 NSTEP =    30000   TIME(PS) =      46.000  TEMP(K) =   307.87  PRESS =     0.0
 Etot   =    -50976.9231  EKtot   =     21181.1289  EPtot      =    -72158.0520
 BOND   =     12849.4447  ANGLE   =      1061.2618  DIHED      =      1324.7180
 1-4 NB =       438.3519  1-4 EEL =      4648.8693  VDWAALS    =     12620.6498
 EELEC  =   -105101.3475  EHBOND  =         0.0000  RESTRAINT  =         0.0000
 ------------------------------------------------------------------------------


 NSTEP =    30500   TIME(PS) =      46.250  TEMP(K) =   305.18  PRESS =     0.0
 Etot   =    -50972.5323  EKtot   =     20996.0371  EPtot      =    -71968.5694
 BOND   =     12832.8151  ANGLE   =      1081.7030  DIHED      =      1338.3420
 1-4 NB =       437.0802  1-4 EEL =      4618.4389  VDWAALS    =     12741.5032
 EELEC  =   -105018.4518  EHBOND  =         0.0000  RESTRAINT  =         0.0000
 ------------------------------------------------------------------------------

check COM velocity, temp:        0.000002     0.00(Removed)

 NSTEP =    31000   TIME(PS) =      46.500  TEMP(K) =   306.90  PRESS =     0.0
 Etot   =    -50975.5219  EKtot   =     21114.9219  EPtot      =    -72090.4437
 BOND   =     12709.0970  ANGLE   =      1089.5576  DIHED      =      1318.3972
 1-4 NB =       458.7911  1-4 EEL =      4656.6177  VDWAALS    =     12517.0081
 EELEC  =   -104839.9125  EHBOND  =         0.0000  RESTRAINT  =         0.0000
 ------------------------------------------------------------------------------


 NSTEP =    31500   TIME(PS) =      46.750  TEMP(K) =   305.03  PRESS =     0.0
 Etot   =    -50975.1036  EKtot   =     20985.8125  EPtot      =    -71960.9161
 BOND   =     12649.1730  ANGLE   =      1072.3115  DIHED      =      1331.5447
 1-4 NB =       424.0518  1-4 EEL =      4628.3932  VDWAALS    =     12644.0874
 EELEC  =   -104710.4776  EHBOND  =         0.0000  RESTRAINT  =         0.0000
 ------------------------------------------------------------------------------

check COM velocity, temp:        0.000002     0.00(Removed)

 NSTEP =    32000   TIME(PS) =      47.000  TEMP(K) =   304.05  PRESS =     0.0
 Etot   =    -50967.8071  EKtot   =     20918.7676  EPtot      =    -71886.5747
 BOND   =     12766.3177  ANGLE   =      1077.7365  DIHED      =      1351.9313
 1-4 NB =       439.5934  1-4 EEL =      4643.4345  VDWAALS    =     12467.8096
 EELEC  =   -104633.3977  EHBOND  =         0.0000  RESTRAINT  =         0.0000
 ------------------------------------------------------------------------------


 NSTEP =    32500   TIME(PS) =      47.250  TEMP(K) =   304.56  PRESS =     0.0
 Etot   =    -50972.3322  EKtot   =     20953.8301  EPtot      =    -71926.1623
 BOND   =     12660.3439  ANGLE   =      1071.1187  DIHED      =      1334.9413
 1-4 NB =       442.9830  1-4 EEL =      4618.1846  VDWAALS    =     12391.5945
 EELEC  =   -104445.3284  EHBOND  =         0.0000  RESTRAINT  =         0.0000
 ------------------------------------------------------------------------------

check COM velocity, temp:        0.000006     0.00(Removed)

 NSTEP =    33000   TIME(PS) =      47.500  TEMP(K) =   306.15  PRESS =     0.0
 Etot   =    -50973.8684  EKtot   =     21063.2539  EPtot      =    -72037.1223
 BOND   =     12744.8746  ANGLE   =      1057.0111  DIHED      =      1325.2680
 1-4 NB =       432.6948  1-4 EEL =      4599.6004  VDWAALS    =     12565.2656
 EELEC  =   -104761.8368  EHBOND  =         0.0000  RESTRAINT  =         0.0000
 ------------------------------------------------------------------------------


 NSTEP =    33500   TIME(PS) =      47.750  TEMP(K) =   305.04  PRESS =     0.0
 Etot   =    -50972.9784  EKtot   =     20986.4414  EPtot      =    -71959.4198
 BOND   =     12783.2072  ANGLE   =      1062.7932  DIHED      =      1334.1694
 1-4 NB =       433.5857  1-4 EEL =      4661.7157  VDWAALS    =     12749.5819
 EELEC  =   -104984.4729  EHBOND  =         0.0000  RESTRAINT  =         0.0000
 ------------------------------------------------------------------------------

check COM velocity, temp:        0.000004     0.00(Removed)

 NSTEP =    34000   TIME(PS) =      48.000  TEMP(K) =   306.24  PRESS =     0.0
 Etot   =    -50970.6089  EKtot   =     21069.4668  EPtot      =    -72040.0757
 BOND   =     12832.6805  ANGLE   =      1055.3759  DIHED      =      1352.8116
 1-4 NB =       445.8622  1-4 EEL =      4621.2197  VDWAALS    =     12478.6885
 EELEC  =   -104826.7140  EHBOND  =         0.0000  RESTRAINT  =         0.0000
 ------------------------------------------------------------------------------


 NSTEP =    34500   TIME(PS) =      48.250  TEMP(K) =   303.36  PRESS =     0.0
 Etot   =    -50969.1154  EKtot   =     20870.9004  EPtot      =    -71840.0157
 BOND   =     12868.9667  ANGLE   =      1058.9406  DIHED      =      1339.3075
 1-4 NB =       445.7253  1-4 EEL =      4649.6596  VDWAALS    =     12642.7268
 EELEC  =   -104845.3423  EHBOND  =         0.0000  RESTRAINT  =         0.0000
 ------------------------------------------------------------------------------

check COM velocity, temp:        0.000011     0.00(Removed)

 NSTEP =    35000   TIME(PS) =      48.500  TEMP(K) =   306.06  PRESS =     0.0
 Etot   =    -50971.3947  EKtot   =     21056.6035  EPtot      =    -72027.9982
 BOND   =     12740.4994  ANGLE   =      1053.8319  DIHED      =      1335.0039
 1-4 NB =       439.2721  1-4 EEL =      4650.0816  VDWAALS    =     12537.6626
 EELEC  =   -104784.3497  EHBOND  =         0.0000  RESTRAINT  =         0.0000
 ------------------------------------------------------------------------------


 NSTEP =    35500   TIME(PS) =      48.750  TEMP(K) =   304.12  PRESS =     0.0
 Etot   =    -50974.6925  EKtot   =     20923.3125  EPtot      =    -71898.0050
 BOND   =     12719.5519  ANGLE   =      1063.2461  DIHED      =      1347.2102
 1-4 NB =       446.0237  1-4 EEL =      4618.8570  VDWAALS    =     12410.0821
 EELEC  =   -104502.9761  EHBOND  =         0.0000  RESTRAINT  =         0.0000
 ------------------------------------------------------------------------------

check COM velocity, temp:        0.000007     0.00(Removed)

 NSTEP =    36000   TIME(PS) =      49.000  TEMP(K) =   302.34  PRESS =     0.0
 Etot   =    -50967.1262  EKtot   =     20800.6836  EPtot      =    -71767.8098
 BOND   =     12858.9487  ANGLE   =      1059.8503  DIHED      =      1355.1256
 1-4 NB =       434.1147  1-4 EEL =      4585.2584  VDWAALS    =     12523.4732
 EELEC  =   -104584.5806  EHBOND  =         0.0000  RESTRAINT  =         0.0000
 ------------------------------------------------------------------------------


 NSTEP =    36500   TIME(PS) =      49.250  TEMP(K) =   303.62  PRESS =     0.0
 Etot   =    -50966.1806  EKtot   =     20889.1543  EPtot      =    -71855.3349
 BOND   =     12955.1646  ANGLE   =      1074.8519  DIHED      =      1352.7380
 1-4 NB =       445.0434  1-4 EEL =      4655.9046  VDWAALS    =     12584.0384
 EELEC  =   -104923.0757  EHBOND  =         0.0000  RESTRAINT  =         0.0000
 ------------------------------------------------------------------------------

check COM velocity, temp:        0.000003     0.00(Removed)

 NSTEP =    37000   TIME(PS) =      49.500  TEMP(K) =   301.89  PRESS =     0.0
 Etot   =    -50970.0057  EKtot   =     20770.1777  EPtot      =    -71740.1834
 BOND   =     12915.6235  ANGLE   =      1080.6333  DIHED      =      1334.0703
 1-4 NB =       463.6410  1-4 EEL =      4643.5055  VDWAALS    =     12438.5078
 EELEC  =   -104616.1649  EHBOND  =         0.0000  RESTRAINT  =         0.0000
 ------------------------------------------------------------------------------


 NSTEP =    37500   TIME(PS) =      49.750  TEMP(K) =   304.31  PRESS =     0.0
 Etot   =    -50971.9811  EKtot   =     20936.4258  EPtot      =    -71908.4068
 BOND   =     12828.0551  ANGLE   =      1031.2776  DIHED      =      1344.7041
 1-4 NB =       449.8100  1-4 EEL =      4617.8518  VDWAALS    =     12466.7810
 EELEC  =   -104646.8864  EHBOND  =         0.0000  RESTRAINT  =         0.0000
 ------------------------------------------------------------------------------

check COM velocity, temp:        0.000003     0.00(Removed)

 NSTEP =    38000   TIME(PS) =      50.000  TEMP(K) =   303.42  PRESS =     0.0
 Etot   =    -50971.0804  EKtot   =     20874.8242  EPtot      =    -71845.9046
 BOND   =     12898.4132  ANGLE   =      1055.3179  DIHED      =      1324.2751
 1-4 NB =       442.2997  1-4 EEL =      4642.3769  VDWAALS    =     12493.9677
 EELEC  =   -104702.5550  EHBOND  =         0.0000  RESTRAINT  =         0.0000
 ------------------------------------------------------------------------------


 NSTEP =    38500   TIME(PS) =      50.250  TEMP(K) =   304.36  PRESS =     0.0
 Etot   =    -50971.4523  EKtot   =     20940.0684  EPtot      =    -71911.5206
 BOND   =     12799.2028  ANGLE   =      1050.8177  DIHED      =      1329.0257
 1-4 NB =       437.4371  1-4 EEL =      4642.9115  VDWAALS    =     12488.6643
 EELEC  =   -104659.5797  EHBOND  =         0.0000  RESTRAINT  =         0.0000
 ------------------------------------------------------------------------------

check COM velocity, temp:        0.000004     0.00(Removed)

 NSTEP =    39000   TIME(PS) =      50.500  TEMP(K) =   305.17  PRESS =     0.0
 Etot   =    -50974.1377  EKtot   =     20995.4707  EPtot      =    -71969.6084
 BOND   =     12962.4520  ANGLE   =      1109.5761  DIHED      =      1318.5212
 1-4 NB =       450.6377  1-4 EEL =      4634.9781  VDWAALS    =     12681.7560
 EELEC  =   -105127.5295  EHBOND  =         0.0000  RESTRAINT  =         0.0000
 ------------------------------------------------------------------------------


 NSTEP =    39500   TIME(PS) =      50.750  TEMP(K) =   306.69  PRESS =     0.0
 Etot   =    -50975.4897  EKtot   =     21100.0469  EPtot      =    -72075.5365
 BOND   =     12997.4458  ANGLE   =      1060.9743  DIHED      =      1321.7253
 1-4 NB =       447.7887  1-4 EEL =      4645.4208  VDWAALS    =     12612.7226
 EELEC  =   -105161.6140  EHBOND  =         0.0000  RESTRAINT  =         0.0000
 ------------------------------------------------------------------------------

check COM velocity, temp:        0.000007     0.00(Removed)

 NSTEP =    40000   TIME(PS) =      51.000  TEMP(K) =   305.58  PRESS =     0.0
 Etot   =    -50973.3713  EKtot   =     21023.8438  EPtot      =    -71997.2151
 BOND   =     12692.7151  ANGLE   =      1044.4606  DIHED      =      1349.1051
 1-4 NB =       443.8431  1-4 EEL =      4675.4772  VDWAALS    =     12562.9092
 EELEC  =   -104765.7255  EHBOND  =         0.0000  RESTRAINT  =         0.0000
 ------------------------------------------------------------------------------


      A V E R A G E S   O V E R      80 S T E P S


 NSTEP =    40000   TIME(PS) =      51.000  TEMP(K) =   305.65  PRESS =     0.0
 Etot   =    -50971.0382  EKtot   =     21028.5622  EPtot      =    -71999.6004
 BOND   =     12866.1184  ANGLE   =      1104.1770  DIHED      =      1338.2827
 1-4 NB =       444.7009  1-4 EEL =      4634.0687  VDWAALS    =     12635.0236
 EELEC  =   -105021.9717  EHBOND  =         0.0000  RESTRAINT  =         0.0000
 ------------------------------------------------------------------------------


      R M S  F L U C T U A T I O N S


 NSTEP =    40000   TIME(PS) =      51.000  TEMP(K) =     1.45  PRESS =     0.0
 Etot   =         2.1655  EKtot   =        99.4591  EPtot      =       100.2326
 BOND   =       112.4733  ANGLE   =        42.4008  DIHED      =        14.0206
 1-4 NB =         9.5333  1-4 EEL =        22.9128  VDWAALS    =       133.1522
 EELEC  =       229.9832  EHBOND  =         0.0000  RESTRAINT  =         0.0000
|E(PBS) =         0.7474
 ------------------------------------------------------------------------------

--------------------------------------------------------------------------------
   5.  TIMINGS
--------------------------------------------------------------------------------

|  NonSetup CPU Time in Major Routines:
|
|     Routine           Sec        %
|     ------------------------------
|     Nonbond           8.00   12.15
|     Bond              0.00    0.00
|     Angle             0.00    0.00
|     Dihedral          0.00    0.00
|     Shake             0.00    0.00
|     RunMD            57.85   87.79
|     Other             0.04    0.07
|     ------------------------------
|     Total            65.90

|  PME Nonbond Pairlist CPU Time:
|
|     Routine              Sec        %
|     ---------------------------------
|     Set Up Cit           0.00    0.00
|     Build List           0.00    0.00
|     ---------------------------------
|     Total                0.00    0.00

|  PME Direct Force CPU Time:
|
|     Routine              Sec        %
|     ---------------------------------
|     NonBonded Calc       0.00    0.00
|     Exclude Masked       0.00    0.00
|     Other                0.02    0.03
|     ---------------------------------
|     Total                0.02    0.03

|  PME Reciprocal Force CPU Time:
|
|     Routine              Sec        %
|     ---------------------------------
|     1D bspline           0.00    0.00
|     Grid Charges         0.00    0.00
|     Scalar Sum           0.00    0.00
|     Gradient Sum         0.00    0.00
|     FFT                  0.00    0.00
|     ---------------------------------
|     Total                0.00    0.00

|  Final Performance Info:
|     -----------------------------------------------------
|     Average timings for last    3000 steps:
|     Elapsed(s) =       5.32 Per Step(ms) =       1.77
|         ns/day =      24.37   seconds/ns =    3545.62
|
|     Average timings for all steps:
|     Elapsed(s) =      66.35 Per Step(ms) =       1.66
|         ns/day =      26.04   seconds/ns =    3317.75
|     -----------------------------------------------------

|  Setup CPU time:            2.76 seconds
|  NonSetup CPU time:        65.90 seconds
|  Total CPU time:           68.66 seconds     0.02 hours

|  Setup wall time:           3    seconds
|  NonSetup wall time:       66    seconds
|  Total wall time:          69    seconds     0.02 hours
