
          -------------------------------------------------------
          Amber 16 PMEMD                              2016
          -------------------------------------------------------

| PMEMD implementation of SANDER, Release 16

| Run on 08/25/2017 at 13:07:41

|   Executable path: /apps/amber16/bin/pmemd.cuda
| Working directory: /scratch/pbarletta/pdz/run/lb/neq/data/larga_4
|          Hostname: mordor

  [-O]verwriting output

File Assignments:
|   MDIN: pdt.in                                                                
|  MDOUT: T222pplb_4.out                                                        
| INPCRD: /scratch/pbarletta/pdz/run/lb/neq/data/corta_4/T222plb_4.rst7         
|   PARM: /scratch/pbarletta/pdz/top_files/lb.prmtop                            
| RESTRT: T222pplb_4.rst7                                                       
|   REFC: refc                                                                  
|  MDVEL: mdvel                                                                 
|   MDEN: mden                                                                  
|  MDCRD: T222pplb_4.nc                                                         
| MDINFO: mdinfo                                                                
|  MDFRC: mdfrc                                                                 


 Here is the input file:

!NVE run                                                                       
&cntrl                                                                         
imin = 0,                           ! No Minimization                          
nmropt = 0,                         ! No NMR restraints read                   
                                                                               
! Nature and format of the input                                               
ntx = 5,                            ! Coordinates will be read, assign new velo
irest = 1,                          ! Do not run a new simulation              
                                                                               
! Nature and format of the output                                              
ioutfm = 1,			    ! NetCDF format for output files                             
ntxo = 1,                           ! rstrt file in ASCII format               
ntpr = 500,                         ! inf in output every ntpr steps           
ntwr = 500,                         ! rstrt file every ntwr steps              
ntwx = 100,                         ! mdcrd file every ntwx steps              
ntwv = -1,                          ! mdvel without velocities                 
ntwe = 0,                           ! Energies and temperatures not written in 
idecomp = 0,                        ! No energy decomposition                  
iwrap = 1,                          ! Coordinates of the restart and mdcrd file
                                                                               
! Frozen or restrained atoms                                                   
ibelly = 0,                         ! No frozen atoms                          
ntr=0,                              ! Harmonic potential restraints            
                                                                               
! Molecular dynamics                                                           
nstlim = 40000,                      ! Number of MD-steps                      
dt = 0.0005,                        ! Time step                                
                                                                               
! Temperature regulation                                                       
ntt = 0,                            ! Constant total energy                    
                                                                               
! P and V regulation                                                           
ntp = 0,                            ! No P control                             
ntb = 1,                            ! constant V                               
                                                                               
! SHAKE variables                                                              
ntc = 1,                            ! Bonds involving H are constrained        
ntf = 1,                            ! Bond interaction involving H are ommited.
                                                                               
cut = 9.0,                          ! Nonbonded cutoff                         
/                                                                              
&end                                                                           


Note: ig = -1. Setting random seed to   635806 based on wallclock time in 
      microseconds.
| irandom = 1, using AMBER's internal random number generator (default).
 
|--------------------- INFORMATION ----------------------
| GPU (CUDA) Version of PMEMD in use: NVIDIA GPU IN USE.
|                    Version 16.0.0
| 
|                      02/25/2016
| 
| Implementation by:
|                    Ross C. Walker     (SDSC)
|                    Scott Le Grand     (nVIDIA)
| 
| Precision model in use:
|      [SPFP] - Single Precision Forces, 64-bit Fixed Point
|               Accumulation. (Default)
| 
|--------------------------------------------------------
 
|----------------- CITATION INFORMATION -----------------
|
|    When publishing work that utilized the CUDA version
|    of AMBER, please cite the following in addition to
|    the regular AMBER citations:
|
|  - Romelia Salomon-Ferrer; Andreas W. Goetz; Duncan
|    Poole; Scott Le Grand; Ross C. Walker "Routine
|    microsecond molecular dynamics simulations with
|    AMBER - Part II: Particle Mesh Ewald", J. Chem.
|    Theory Comput., 2013, 9 (9), pp3878-3888,
|    DOI: 10.1021/ct400314y.
|
|  - Andreas W. Goetz; Mark J. Williamson; Dong Xu;
|    Duncan Poole; Scott Le Grand; Ross C. Walker
|    "Routine microsecond molecular dynamics simulations
|    with AMBER - Part I: Generalized Born", J. Chem.
|    Theory Comput., 2012, 8 (5), pp1542-1555.
|
|  - Scott Le Grand; Andreas W. Goetz; Ross C. Walker
|    "SPFP: Speed without compromise - a mixed precision
|    model for GPU accelerated molecular dynamics
|    simulations.", Comp. Phys. Comm., 2013, 184
|    pp374-380, DOI: 10.1016/j.cpc.2012.09.022
|
|--------------------------------------------------------
 
|------------------- GPU DEVICE INFO --------------------
|
|            CUDA_VISIBLE_DEVICES: 1
|   CUDA Capable Devices Detected:      1
|           CUDA Device ID in use:      0
|                CUDA Device Name: GeForce GTX TITAN
|     CUDA Device Global Mem Size:   6082 MB
| CUDA Device Num Multiprocessors:     14
|           CUDA Device Core Freq:   0.93 GHz
|
|--------------------------------------------------------
 
 
| Conditional Compilation Defines Used:
| PUBFFT
| BINTRAJ
| CUDA
| EMIL

| Largest sphere to fit in unit cell has radius =    26.281

| New format PARM file being parsed.
| Version =    1.000 Date = 09/04/12 Time = 16:08:43

| Note: 1-4 EEL scale factors are being read from the topology file.

| Note: 1-4 VDW scale factors are being read from the topology file.
| Duplicated    0 dihedrals

| Duplicated    0 dihedrals

--------------------------------------------------------------------------------
   1.  RESOURCE   USE: 
--------------------------------------------------------------------------------

 getting new box info from bottom of inpcrd
 NATOM  =   23082 NTYPES =      16 NBONH =   22055 MBONA  =    1038
 NTHETH =    2390 MTHETA =    1396 NPHIH =    4631 MPHIA  =    3488
 NHPARM =       0 NPARM  =       0 NNB   =   39434 NRES   =    7134
 NBONA  =    1038 NTHETA =    1396 NPHIA =    3488 NUMBND =      41
 NUMANG =      86 NPTRA  =      41 NATYP =      28 NPHB   =       1
 IFBOX  =       1 NMXRS  =      24 IFCAP =       0 NEXTRA =       0
 NCOPY  =       0

| Coordinate Index Table dimensions:    12   14   10
| Direct force subcell size =     5.0212    5.2012    5.2562

     BOX TYPE: RECTILINEAR

--------------------------------------------------------------------------------
   2.  CONTROL  DATA  FOR  THE  RUN
--------------------------------------------------------------------------------

default_name                                                                    

General flags:
     imin    =       0, nmropt  =       0

Nature and format of input:
     ntx     =       5, irest   =       1, ntrx    =       1

Nature and format of output:
     ntxo    =       1, ntpr    =     500, ntrx    =       1, ntwr    =     500
     iwrap   =       1, ntwx    =     100, ntwv    =      -1, ntwe    =       0
     ioutfm  =       1, ntwprt  =       0, idecomp =       0, rbornstat=      0

Potential function:
     ntf     =       1, ntb     =       1, igb     =       0, nsnb    =      25
     ipol    =       0, gbsa    =       0, iesp    =       0
     dielc   =   1.00000, cut     =   9.00000, intdiel =   1.00000

Frozen or restrained atoms:
     ibelly  =       0, ntr     =       0

Molecular dynamics:
     nstlim  =     40000, nscm    =      1000, nrespa  =         1
     t       =   0.00000, dt      =   0.00050, vlimit  =  -1.00000

| Intermolecular bonds treatment:
|     no_intermolecular_bonds =       1

| Energy averages sample interval:
|     ene_avg_sampling =     500

Ewald parameters:
     verbose =       0, ew_type =       0, nbflag  =       1, use_pme =       1
     vdwmeth =       1, eedmeth =       1, netfrc  =       1
     Box X =   60.254   Box Y =   72.816   Box Z =   52.562
     Alpha =   90.000   Beta  =   90.000   Gamma =   90.000
     NFFT1 =   64       NFFT2 =   80       NFFT3 =   56
     Cutoff=    9.000   Tol   =0.100E-04
     Ewald Coefficient =  0.30768
     Interpolation order =    4

--------------------------------------------------------------------------------
   3.  ATOMIC COORDINATES AND VELOCITIES
--------------------------------------------------------------------------------

default_name                                                                    
 begin time read from input coords =    31.000 ps

 
 Number of triangulated 3-point waters found:     7002

     Sum of charges from parm topology file =  -0.00000008
     Forcing neutrality...

| Dynamic Memory, Types Used:
| Reals              710578
| Integers           737140

| Nonbonded Pairs Initial Allocation:     5262696

| GPU memory information (estimate):
| KB of GPU memory in use:     63171
| KB of CPU memory in use:     27891

--------------------------------------------------------------------------------
   4.  RESULTS
--------------------------------------------------------------------------------

 ---------------------------------------------------
 APPROXIMATING switch and d/dx switch using CUBIC SPLINE INTERPOLATION
 using   5000.0 points per unit in tabled values
 TESTING RELATIVE ERROR over r ranging from 0.0 to cutoff
| CHECK switch(x): max rel err =   0.2738E-14   at   2.422500
| CHECK d/dx switch(x): max rel err =   0.8314E-11   at   2.736960
 ---------------------------------------------------
|---------------------------------------------------
| APPROXIMATING direct energy using CUBIC SPLINE INTERPOLATION
|  with   50.0 points per unit in tabled values
| Relative Error Limit not exceeded for r .gt.   2.39
| APPROXIMATING direct force using CUBIC SPLINE INTERPOLATION
|  with   50.0 points per unit in tabled values
| Relative Error Limit not exceeded for r .gt.   2.84
|---------------------------------------------------

 NSTEP =      500   TIME(PS) =      31.250  TEMP(K) =   304.33  PRESS =     0.0
 Etot   =    -51374.7981  EKtot   =     20937.6406  EPtot      =    -72312.4387
 BOND   =     13036.5957  ANGLE   =      1135.8986  DIHED      =      1333.7012
 1-4 NB =       452.7815  1-4 EEL =      4685.3787  VDWAALS    =     12941.0195
 EELEC  =   -105897.8140  EHBOND  =         0.0000  RESTRAINT  =         0.0000
 ------------------------------------------------------------------------------

check COM velocity, temp:        0.000006     0.00(Removed)

 NSTEP =     1000   TIME(PS) =      31.500  TEMP(K) =   302.07  PRESS =     0.0
 Etot   =    -51375.1320  EKtot   =     20782.1504  EPtot      =    -72157.2824
 BOND   =     13008.2125  ANGLE   =      1174.8383  DIHED      =      1315.2979
 1-4 NB =       436.6325  1-4 EEL =      4644.0712  VDWAALS    =     12831.5886
 EELEC  =   -105567.9235  EHBOND  =         0.0000  RESTRAINT  =         0.0000
 ------------------------------------------------------------------------------


 NSTEP =     1500   TIME(PS) =      31.750  TEMP(K) =   303.43  PRESS =     0.0
 Etot   =    -51374.6851  EKtot   =     20876.0977  EPtot      =    -72250.7828
 BOND   =     12895.9371  ANGLE   =      1162.5028  DIHED      =      1317.8756
 1-4 NB =       454.3351  1-4 EEL =      4598.3017  VDWAALS    =     12808.0086
 EELEC  =   -105487.7437  EHBOND  =         0.0000  RESTRAINT  =         0.0000
 ------------------------------------------------------------------------------

check COM velocity, temp:        0.000002     0.00(Removed)

 NSTEP =     2000   TIME(PS) =      32.000  TEMP(K) =   304.87  PRESS =     0.0
 Etot   =    -51378.9221  EKtot   =     20974.7910  EPtot      =    -72353.7131
 BOND   =     12714.6236  ANGLE   =      1165.4458  DIHED      =      1337.6576
 1-4 NB =       456.0610  1-4 EEL =      4625.8796  VDWAALS    =     12646.6648
 EELEC  =   -105300.0455  EHBOND  =         0.0000  RESTRAINT  =         0.0000
 ------------------------------------------------------------------------------


 NSTEP =     2500   TIME(PS) =      32.250  TEMP(K) =   304.58  PRESS =     0.0
 Etot   =    -51379.9179  EKtot   =     20954.7500  EPtot      =    -72334.6679
 BOND   =     12819.4844  ANGLE   =      1138.7564  DIHED      =      1326.0223
 1-4 NB =       450.1476  1-4 EEL =      4603.7874  VDWAALS    =     12713.0499
 EELEC  =   -105385.9158  EHBOND  =         0.0000  RESTRAINT  =         0.0000
 ------------------------------------------------------------------------------

check COM velocity, temp:        0.000007     0.00(Removed)

 NSTEP =     3000   TIME(PS) =      32.500  TEMP(K) =   303.13  PRESS =     0.0
 Etot   =    -51375.0094  EKtot   =     20855.3477  EPtot      =    -72230.3571
 BOND   =     12885.7924  ANGLE   =      1142.1358  DIHED      =      1335.6271
 1-4 NB =       466.7127  1-4 EEL =      4622.9574  VDWAALS    =     12389.7887
 EELEC  =   -105073.3711  EHBOND  =         0.0000  RESTRAINT  =         0.0000
 ------------------------------------------------------------------------------


 NSTEP =     3500   TIME(PS) =      32.750  TEMP(K) =   305.14  PRESS =     0.0
 Etot   =    -51376.4694  EKtot   =     20993.6035  EPtot      =    -72370.0729
 BOND   =     12928.1577  ANGLE   =      1133.6215  DIHED      =      1324.9939
 1-4 NB =       444.7927  1-4 EEL =      4676.7352  VDWAALS    =     12862.8740
 EELEC  =   -105741.2478  EHBOND  =         0.0000  RESTRAINT  =         0.0000
 ------------------------------------------------------------------------------

check COM velocity, temp:        0.000002     0.00(Removed)

 NSTEP =     4000   TIME(PS) =      33.000  TEMP(K) =   304.83  PRESS =     0.0
 Etot   =    -51378.5287  EKtot   =     20972.1406  EPtot      =    -72350.6694
 BOND   =     12851.6123  ANGLE   =      1149.5093  DIHED      =      1336.4859
 1-4 NB =       440.6375  1-4 EEL =      4633.0431  VDWAALS    =     12868.7266
 EELEC  =   -105630.6841  EHBOND  =         0.0000  RESTRAINT  =         0.0000
 ------------------------------------------------------------------------------


 NSTEP =     4500   TIME(PS) =      33.250  TEMP(K) =   303.86  PRESS =     0.0
 Etot   =    -51375.3842  EKtot   =     20905.7441  EPtot      =    -72281.1284
 BOND   =     12942.1277  ANGLE   =      1130.1713  DIHED      =      1353.2963
 1-4 NB =       464.2905  1-4 EEL =      4677.4671  VDWAALS    =     12703.7556
 EELEC  =   -105552.2370  EHBOND  =         0.0000  RESTRAINT  =         0.0000
 ------------------------------------------------------------------------------

check COM velocity, temp:        0.000008     0.00(Removed)

 NSTEP =     5000   TIME(PS) =      33.500  TEMP(K) =   304.59  PRESS =     0.0
 Etot   =    -51379.9536  EKtot   =     20955.4961  EPtot      =    -72335.4497
 BOND   =     12809.6882  ANGLE   =      1085.3175  DIHED      =      1347.7468
 1-4 NB =       443.8305  1-4 EEL =      4699.2533  VDWAALS    =     12677.5729
 EELEC  =   -105398.8588  EHBOND  =         0.0000  RESTRAINT  =         0.0000
 ------------------------------------------------------------------------------


 NSTEP =     5500   TIME(PS) =      33.750  TEMP(K) =   304.49  PRESS =     0.0
 Etot   =    -51381.9720  EKtot   =     20948.8828  EPtot      =    -72330.8548
 BOND   =     12752.6664  ANGLE   =      1144.5168  DIHED      =      1337.2714
 1-4 NB =       453.7332  1-4 EEL =      4663.3314  VDWAALS    =     12842.0425
 EELEC  =   -105524.4165  EHBOND  =         0.0000  RESTRAINT  =         0.0000
 ------------------------------------------------------------------------------

check COM velocity, temp:        0.000006     0.00(Removed)

 NSTEP =     6000   TIME(PS) =      34.000  TEMP(K) =   302.29  PRESS =     0.0
 Etot   =    -51379.1922  EKtot   =     20797.1914  EPtot      =    -72176.3836
 BOND   =     12807.0894  ANGLE   =      1135.2145  DIHED      =      1336.2984
 1-4 NB =       456.3675  1-4 EEL =      4666.7254  VDWAALS    =     12794.7805
 EELEC  =   -105372.8592  EHBOND  =         0.0000  RESTRAINT  =         0.0000
 ------------------------------------------------------------------------------


 NSTEP =     6500   TIME(PS) =      34.250  TEMP(K) =   302.05  PRESS =     0.0
 Etot   =    -51376.1394  EKtot   =     20780.7422  EPtot      =    -72156.8816
 BOND   =     12892.4160  ANGLE   =      1115.7507  DIHED      =      1336.3322
 1-4 NB =       450.1442  1-4 EEL =      4643.2065  VDWAALS    =     12834.9102
 EELEC  =   -105429.6414  EHBOND  =         0.0000  RESTRAINT  =         0.0000
 ------------------------------------------------------------------------------

check COM velocity, temp:        0.000010     0.00(Removed)

 NSTEP =     7000   TIME(PS) =      34.500  TEMP(K) =   301.86  PRESS =     0.0
 Etot   =    -51377.4760  EKtot   =     20768.0898  EPtot      =    -72145.5659
 BOND   =     12761.9727  ANGLE   =      1102.0272  DIHED      =      1359.3586
 1-4 NB =       448.2570  1-4 EEL =      4678.3618  VDWAALS    =     12643.5190
 EELEC  =   -105139.0623  EHBOND  =         0.0000  RESTRAINT  =         0.0000
 ------------------------------------------------------------------------------


 NSTEP =     7500   TIME(PS) =      34.750  TEMP(K) =   306.02  PRESS =     0.0
 Etot   =    -51378.6477  EKtot   =     21054.0391  EPtot      =    -72432.6868
 BOND   =     12891.0633  ANGLE   =      1061.1375  DIHED      =      1358.8689
 1-4 NB =       441.4225  1-4 EEL =      4649.7014  VDWAALS    =     12692.9450
 EELEC  =   -105527.8253  EHBOND  =         0.0000  RESTRAINT  =         0.0000
 ------------------------------------------------------------------------------

check COM velocity, temp:        0.000007     0.00(Removed)

 NSTEP =     8000   TIME(PS) =      35.000  TEMP(K) =   304.66  PRESS =     0.0
 Etot   =    -51374.9660  EKtot   =     20960.3848  EPtot      =    -72335.3508
 BOND   =     12855.1430  ANGLE   =      1043.5637  DIHED      =      1350.1829
 1-4 NB =       452.6225  1-4 EEL =      4708.9676  VDWAALS    =     12807.6883
 EELEC  =   -105553.5187  EHBOND  =         0.0000  RESTRAINT  =         0.0000
 ------------------------------------------------------------------------------


 NSTEP =     8500   TIME(PS) =      35.250  TEMP(K) =   307.40  PRESS =     0.0
 Etot   =    -51379.9815  EKtot   =     21149.2852  EPtot      =    -72529.2666
 BOND   =     12853.5526  ANGLE   =      1111.5857  DIHED      =      1326.4911
 1-4 NB =       433.5592  1-4 EEL =      4653.5893  VDWAALS    =     12762.2238
 EELEC  =   -105670.2682  EHBOND  =         0.0000  RESTRAINT  =         0.0000
 ------------------------------------------------------------------------------

check COM velocity, temp:        0.000004     0.00(Removed)

 NSTEP =     9000   TIME(PS) =      35.500  TEMP(K) =   302.80  PRESS =     0.0
 Etot   =    -51381.7938  EKtot   =     20832.1719  EPtot      =    -72213.9657
 BOND   =     12789.6449  ANGLE   =      1104.7927  DIHED      =      1337.9057
 1-4 NB =       461.8195  1-4 EEL =      4655.0015  VDWAALS    =     12668.2299
 EELEC  =   -105231.3598  EHBOND  =         0.0000  RESTRAINT  =         0.0000
 ------------------------------------------------------------------------------


 NSTEP =     9500   TIME(PS) =      35.750  TEMP(K) =   306.32  PRESS =     0.0
 Etot   =    -51381.7438  EKtot   =     21075.0176  EPtot      =    -72456.7613
 BOND   =     12843.2830  ANGLE   =      1071.2084  DIHED      =      1329.2108
 1-4 NB =       446.3589  1-4 EEL =      4629.4774  VDWAALS    =     12457.8770
 EELEC  =   -105234.1769  EHBOND  =         0.0000  RESTRAINT  =         0.0000
 ------------------------------------------------------------------------------

check COM velocity, temp:        0.000006     0.00(Removed)

 NSTEP =    10000   TIME(PS) =      36.000  TEMP(K) =   304.43  PRESS =     0.0
 Etot   =    -51384.0632  EKtot   =     20944.9199  EPtot      =    -72328.9831
 BOND   =     12652.8153  ANGLE   =      1078.6226  DIHED      =      1327.2936
 1-4 NB =       453.6265  1-4 EEL =      4647.1007  VDWAALS    =     12757.3890
 EELEC  =   -105245.8309  EHBOND  =         0.0000  RESTRAINT  =         0.0000
 ------------------------------------------------------------------------------


 NSTEP =    10500   TIME(PS) =      36.250  TEMP(K) =   304.07  PRESS =     0.0
 Etot   =    -51381.2539  EKtot   =     20919.6465  EPtot      =    -72300.9004
 BOND   =     12802.2217  ANGLE   =      1082.9109  DIHED      =      1347.6594
 1-4 NB =       448.7872  1-4 EEL =      4644.9044  VDWAALS    =     12793.3933
 EELEC  =   -105420.7772  EHBOND  =         0.0000  RESTRAINT  =         0.0000
 ------------------------------------------------------------------------------

check COM velocity, temp:        0.000001     0.00(Removed)

 NSTEP =    11000   TIME(PS) =      36.500  TEMP(K) =   305.13  PRESS =     0.0
 Etot   =    -51382.8773  EKtot   =     20992.9668  EPtot      =    -72375.8441
 BOND   =     12485.9949  ANGLE   =      1068.7709  DIHED      =      1330.6621
 1-4 NB =       433.8166  1-4 EEL =      4680.3817  VDWAALS    =     12589.2909
 EELEC  =   -104964.7613  EHBOND  =         0.0000  RESTRAINT  =         0.0000
 ------------------------------------------------------------------------------


 NSTEP =    11500   TIME(PS) =      36.750  TEMP(K) =   303.56  PRESS =     0.0
 Etot   =    -51377.7920  EKtot   =     20884.7383  EPtot      =    -72262.5303
 BOND   =     12648.1031  ANGLE   =      1092.1730  DIHED      =      1333.4522
 1-4 NB =       450.0753  1-4 EEL =      4660.4423  VDWAALS    =     12690.9527
 EELEC  =   -105137.7288  EHBOND  =         0.0000  RESTRAINT  =         0.0000
 ------------------------------------------------------------------------------

check COM velocity, temp:        0.000002     0.00(Removed)

 NSTEP =    12000   TIME(PS) =      37.000  TEMP(K) =   303.19  PRESS =     0.0
 Etot   =    -51378.1052  EKtot   =     20859.5195  EPtot      =    -72237.6247
 BOND   =     12731.3527  ANGLE   =      1120.2568  DIHED      =      1317.1610
 1-4 NB =       442.9406  1-4 EEL =      4613.5933  VDWAALS    =     12543.9392
 EELEC  =   -105006.8683  EHBOND  =         0.0000  RESTRAINT  =         0.0000
 ------------------------------------------------------------------------------


 NSTEP =    12500   TIME(PS) =      37.250  TEMP(K) =   304.16  PRESS =     0.0
 Etot   =    -51379.6354  EKtot   =     20926.3379  EPtot      =    -72305.9733
 BOND   =     12672.3896  ANGLE   =      1093.4235  DIHED      =      1318.1537
 1-4 NB =       448.3410  1-4 EEL =      4641.4286  VDWAALS    =     12795.6063
 EELEC  =   -105275.3160  EHBOND  =         0.0000  RESTRAINT  =         0.0000
 ------------------------------------------------------------------------------

check COM velocity, temp:        0.000010     0.00(Removed)

 NSTEP =    13000   TIME(PS) =      37.500  TEMP(K) =   303.62  PRESS =     0.0
 Etot   =    -51380.5470  EKtot   =     20889.0156  EPtot      =    -72269.5626
 BOND   =     12699.1890  ANGLE   =      1077.2112  DIHED      =      1323.3352
 1-4 NB =       437.5278  1-4 EEL =      4653.7178  VDWAALS    =     12614.7589
 EELEC  =   -105075.3025  EHBOND  =         0.0000  RESTRAINT  =         0.0000
 ------------------------------------------------------------------------------


 NSTEP =    13500   TIME(PS) =      37.750  TEMP(K) =   302.14  PRESS =     0.0
 Etot   =    -51378.0113  EKtot   =     20786.8047  EPtot      =    -72164.8160
 BOND   =     12883.3026  ANGLE   =      1064.6734  DIHED      =      1310.7012
 1-4 NB =       452.9614  1-4 EEL =      4640.4961  VDWAALS    =     12588.1756
 EELEC  =   -105105.1263  EHBOND  =         0.0000  RESTRAINT  =         0.0000
 ------------------------------------------------------------------------------

check COM velocity, temp:        0.000003     0.00(Removed)

 NSTEP =    14000   TIME(PS) =      38.000  TEMP(K) =   299.83  PRESS =     0.0
 Etot   =    -51374.2883  EKtot   =     20628.3301  EPtot      =    -72002.6184
 BOND   =     12960.2818  ANGLE   =      1083.8233  DIHED      =      1330.5416
 1-4 NB =       456.3130  1-4 EEL =      4653.0536  VDWAALS    =     12646.0018
 EELEC  =   -105132.6336  EHBOND  =         0.0000  RESTRAINT  =         0.0000
 ------------------------------------------------------------------------------


 NSTEP =    14500   TIME(PS) =      38.250  TEMP(K) =   301.96  PRESS =     0.0
 Etot   =    -51379.7173  EKtot   =     20774.8945  EPtot      =    -72154.6118
 BOND   =     12735.7181  ANGLE   =      1077.0669  DIHED      =      1322.2271
 1-4 NB =       440.7941  1-4 EEL =      4652.6658  VDWAALS    =     12695.9300
 EELEC  =   -105079.0140  EHBOND  =         0.0000  RESTRAINT  =         0.0000
 ------------------------------------------------------------------------------

check COM velocity, temp:        0.000003     0.00(Removed)

 NSTEP =    15000   TIME(PS) =      38.500  TEMP(K) =   304.53  PRESS =     0.0
 Etot   =    -51380.7408  EKtot   =     20951.2441  EPtot      =    -72331.9849
 BOND   =     12620.1105  ANGLE   =      1061.1457  DIHED      =      1322.3274
 1-4 NB =       451.6134  1-4 EEL =      4632.1113  VDWAALS    =     12571.2004
 EELEC  =   -104990.4936  EHBOND  =         0.0000  RESTRAINT  =         0.0000
 ------------------------------------------------------------------------------


 NSTEP =    15500   TIME(PS) =      38.750  TEMP(K) =   303.66  PRESS =     0.0
 Etot   =    -51379.2582  EKtot   =     20891.4062  EPtot      =    -72270.6645
 BOND   =     12657.6272  ANGLE   =      1084.2895  DIHED      =      1332.4621
 1-4 NB =       447.1064  1-4 EEL =      4602.8366  VDWAALS    =     12496.4301
 EELEC  =   -104891.4164  EHBOND  =         0.0000  RESTRAINT  =         0.0000
 ------------------------------------------------------------------------------

check COM velocity, temp:        0.000005     0.00(Removed)

 NSTEP =    16000   TIME(PS) =      39.000  TEMP(K) =   302.40  PRESS =     0.0
 Etot   =    -51381.4777  EKtot   =     20804.7578  EPtot      =    -72186.2355
 BOND   =     12670.5649  ANGLE   =      1049.9898  DIHED      =      1350.6670
 1-4 NB =       457.4042  1-4 EEL =      4656.8032  VDWAALS    =     12565.5709
 EELEC  =   -104937.2355  EHBOND  =         0.0000  RESTRAINT  =         0.0000
 ------------------------------------------------------------------------------


 NSTEP =    16500   TIME(PS) =      39.250  TEMP(K) =   301.08  PRESS =     0.0
 Etot   =    -51375.7400  EKtot   =     20713.9199  EPtot      =    -72089.6599
 BOND   =     12711.3159  ANGLE   =      1105.8247  DIHED      =      1319.0021
 1-4 NB =       453.6762  1-4 EEL =      4644.9966  VDWAALS    =     12498.4934
 EELEC  =   -104822.9688  EHBOND  =         0.0000  RESTRAINT  =         0.0000
 ------------------------------------------------------------------------------

check COM velocity, temp:        0.000006     0.00(Removed)

 NSTEP =    17000   TIME(PS) =      39.500  TEMP(K) =   303.40  PRESS =     0.0
 Etot   =    -51382.4510  EKtot   =     20873.5586  EPtot      =    -72256.0095
 BOND   =     12632.7862  ANGLE   =      1077.1714  DIHED      =      1338.9321
 1-4 NB =       462.1427  1-4 EEL =      4673.7700  VDWAALS    =     12597.8226
 EELEC  =   -105038.6346  EHBOND  =         0.0000  RESTRAINT  =         0.0000
 ------------------------------------------------------------------------------


 NSTEP =    17500   TIME(PS) =      39.750  TEMP(K) =   302.62  PRESS =     0.0
 Etot   =    -51383.4280  EKtot   =     20820.2422  EPtot      =    -72203.6702
 BOND   =     12624.5784  ANGLE   =      1054.1938  DIHED      =      1310.7196
 1-4 NB =       453.1906  1-4 EEL =      4691.0834  VDWAALS    =     12591.0711
 EELEC  =   -104928.5072  EHBOND  =         0.0000  RESTRAINT  =         0.0000
 ------------------------------------------------------------------------------

check COM velocity, temp:        0.000009     0.00(Removed)

 NSTEP =    18000   TIME(PS) =      40.000  TEMP(K) =   303.85  PRESS =     0.0
 Etot   =    -51379.6341  EKtot   =     20904.9375  EPtot      =    -72284.5716
 BOND   =     12761.2782  ANGLE   =      1043.2593  DIHED      =      1336.4496
 1-4 NB =       450.6195  1-4 EEL =      4677.3755  VDWAALS    =     12656.2226
 EELEC  =   -105209.7762  EHBOND  =         0.0000  RESTRAINT  =         0.0000
 ------------------------------------------------------------------------------


 NSTEP =    18500   TIME(PS) =      40.250  TEMP(K) =   303.00  PRESS =     0.0
 Etot   =    -51381.2443  EKtot   =     20846.5469  EPtot      =    -72227.7911
 BOND   =     12690.5973  ANGLE   =      1090.2194  DIHED      =      1334.2234
 1-4 NB =       440.2477  1-4 EEL =      4627.8763  VDWAALS    =     12755.6955
 EELEC  =   -105166.6509  EHBOND  =         0.0000  RESTRAINT  =         0.0000
 ------------------------------------------------------------------------------

check COM velocity, temp:        0.000014     0.00(Removed)

 NSTEP =    19000   TIME(PS) =      40.500  TEMP(K) =   301.36  PRESS =     0.0
 Etot   =    -51377.8062  EKtot   =     20733.4512  EPtot      =    -72111.2574
 BOND   =     12797.6626  ANGLE   =      1062.5758  DIHED      =      1348.2618
 1-4 NB =       453.0632  1-4 EEL =      4653.4888  VDWAALS    =     12551.6367
 EELEC  =   -104977.9463  EHBOND  =         0.0000  RESTRAINT  =         0.0000
 ------------------------------------------------------------------------------


 NSTEP =    19500   TIME(PS) =      40.750  TEMP(K) =   301.79  PRESS =     0.0
 Etot   =    -51376.2342  EKtot   =     20762.8691  EPtot      =    -72139.1034
 BOND   =     12928.2248  ANGLE   =      1052.0262  DIHED      =      1345.4458
 1-4 NB =       444.4947  1-4 EEL =      4635.6251  VDWAALS    =     12767.8112
 EELEC  =   -105312.7311  EHBOND  =         0.0000  RESTRAINT  =         0.0000
 ------------------------------------------------------------------------------

check COM velocity, temp:        0.000005     0.00(Removed)

 NSTEP =    20000   TIME(PS) =      41.000  TEMP(K) =   303.13  PRESS =     0.0
 Etot   =    -51376.0389  EKtot   =     20855.0254  EPtot      =    -72231.0643
 BOND   =     12709.2084  ANGLE   =      1053.2474  DIHED      =      1321.6996
 1-4 NB =       440.1281  1-4 EEL =      4652.7536  VDWAALS    =     12655.3379
 EELEC  =   -105063.4393  EHBOND  =         0.0000  RESTRAINT  =         0.0000
 ------------------------------------------------------------------------------


 NSTEP =    20500   TIME(PS) =      41.250  TEMP(K) =   301.29  PRESS =     0.0
 Etot   =    -51374.8310  EKtot   =     20728.6133  EPtot      =    -72103.4442
 BOND   =     12804.8449  ANGLE   =      1040.9940  DIHED      =      1326.4034
 1-4 NB =       431.9497  1-4 EEL =      4621.3792  VDWAALS    =     12765.0911
 EELEC  =   -105094.1066  EHBOND  =         0.0000  RESTRAINT  =         0.0000
 ------------------------------------------------------------------------------

check COM velocity, temp:        0.000003     0.00(Removed)

 NSTEP =    21000   TIME(PS) =      41.500  TEMP(K) =   306.79  PRESS =     0.0
 Etot   =    -51380.4870  EKtot   =     21106.8242  EPtot      =    -72487.3112
 BOND   =     12773.2640  ANGLE   =      1054.0029  DIHED      =      1340.2225
 1-4 NB =       455.8212  1-4 EEL =      4615.6047  VDWAALS    =     12853.0456
 EELEC  =   -105579.2722  EHBOND  =         0.0000  RESTRAINT  =         0.0000
 ------------------------------------------------------------------------------


 NSTEP =    21500   TIME(PS) =      41.750  TEMP(K) =   302.18  PRESS =     0.0
 Etot   =    -51375.2052  EKtot   =     20790.1602  EPtot      =    -72165.3653
 BOND   =     12649.2395  ANGLE   =      1094.5422  DIHED      =      1325.8094
 1-4 NB =       440.7837  1-4 EEL =      4629.2332  VDWAALS    =     12713.1628
 EELEC  =   -105018.1361  EHBOND  =         0.0000  RESTRAINT  =         0.0000
 ------------------------------------------------------------------------------

check COM velocity, temp:        0.000005     0.00(Removed)

 NSTEP =    22000   TIME(PS) =      42.000  TEMP(K) =   303.93  PRESS =     0.0
 Etot   =    -51381.3120  EKtot   =     20910.4902  EPtot      =    -72291.8023
 BOND   =     12716.8687  ANGLE   =      1047.8433  DIHED      =      1320.8509
 1-4 NB =       449.2333  1-4 EEL =      4672.2123  VDWAALS    =     12819.3725
 EELEC  =   -105318.1833  EHBOND  =         0.0000  RESTRAINT  =         0.0000
 ------------------------------------------------------------------------------


 NSTEP =    22500   TIME(PS) =      42.250  TEMP(K) =   303.42  PRESS =     0.0
 Etot   =    -51379.4156  EKtot   =     20874.9648  EPtot      =    -72254.3804
 BOND   =     12908.7235  ANGLE   =      1082.6635  DIHED      =      1297.2637
 1-4 NB =       447.6948  1-4 EEL =      4663.9662  VDWAALS    =     12747.0642
 EELEC  =   -105401.7564  EHBOND  =         0.0000  RESTRAINT  =         0.0000
 ------------------------------------------------------------------------------

check COM velocity, temp:        0.000005     0.00(Removed)

 NSTEP =    23000   TIME(PS) =      42.500  TEMP(K) =   302.87  PRESS =     0.0
 Etot   =    -51381.1724  EKtot   =     20837.4688  EPtot      =    -72218.6412
 BOND   =     12842.5746  ANGLE   =      1049.1866  DIHED      =      1312.0697
 1-4 NB =       453.2076  1-4 EEL =      4661.0329  VDWAALS    =     12660.9450
 EELEC  =   -105197.6576  EHBOND  =         0.0000  RESTRAINT  =         0.0000
 ------------------------------------------------------------------------------


 NSTEP =    23500   TIME(PS) =      42.750  TEMP(K) =   303.07  PRESS =     0.0
 Etot   =    -51381.0395  EKtot   =     20851.2070  EPtot      =    -72232.2465
 BOND   =     12935.8670  ANGLE   =      1077.4595  DIHED      =      1335.9646
 1-4 NB =       436.9567  1-4 EEL =      4599.7230  VDWAALS    =     12862.1831
 EELEC  =   -105480.4004  EHBOND  =         0.0000  RESTRAINT  =         0.0000
 ------------------------------------------------------------------------------

check COM velocity, temp:        0.000002     0.00(Removed)

 NSTEP =    24000   TIME(PS) =      43.000  TEMP(K) =   305.34  PRESS =     0.0
 Etot   =    -51381.1050  EKtot   =     21007.4102  EPtot      =    -72388.5151
 BOND   =     12604.5008  ANGLE   =      1057.8833  DIHED      =      1322.8373
 1-4 NB =       455.0192  1-4 EEL =      4690.2381  VDWAALS    =     12511.4841
 EELEC  =   -105030.4780  EHBOND  =         0.0000  RESTRAINT  =         0.0000
 ------------------------------------------------------------------------------


 NSTEP =    24500   TIME(PS) =      43.250  TEMP(K) =   302.94  PRESS =     0.0
 Etot   =    -51379.5185  EKtot   =     20841.9492  EPtot      =    -72221.4678
 BOND   =     12639.6991  ANGLE   =      1044.9511  DIHED      =      1337.8473
 1-4 NB =       442.9108  1-4 EEL =      4646.3261  VDWAALS    =     12772.3291
 EELEC  =   -105105.5313  EHBOND  =         0.0000  RESTRAINT  =         0.0000
 ------------------------------------------------------------------------------

check COM velocity, temp:        0.000007     0.00(Removed)

 NSTEP =    25000   TIME(PS) =      43.500  TEMP(K) =   303.08  PRESS =     0.0
 Etot   =    -51376.8283  EKtot   =     20851.5508  EPtot      =    -72228.3791
 BOND   =     12775.1776  ANGLE   =      1014.7205  DIHED      =      1323.7526
 1-4 NB =       442.3204  1-4 EEL =      4640.2725  VDWAALS    =     12651.5583
 EELEC  =   -105076.1810  EHBOND  =         0.0000  RESTRAINT  =         0.0000
 ------------------------------------------------------------------------------


 NSTEP =    25500   TIME(PS) =      43.750  TEMP(K) =   304.37  PRESS =     0.0
 Etot   =    -51381.8345  EKtot   =     20940.7832  EPtot      =    -72322.6177
 BOND   =     12553.4359  ANGLE   =       987.3135  DIHED      =      1322.5996
 1-4 NB =       447.3486  1-4 EEL =      4630.2924  VDWAALS    =     12650.1500
 EELEC  =   -104913.7577  EHBOND  =         0.0000  RESTRAINT  =         0.0000
 ------------------------------------------------------------------------------

check COM velocity, temp:        0.000005     0.00(Removed)

 NSTEP =    26000   TIME(PS) =      44.000  TEMP(K) =   302.54  PRESS =     0.0
 Etot   =    -51376.9286  EKtot   =     20814.5371  EPtot      =    -72191.4657
 BOND   =     12632.6376  ANGLE   =      1044.8757  DIHED      =      1341.8405
 1-4 NB =       452.1565  1-4 EEL =      4704.1334  VDWAALS    =     12432.1094
 EELEC  =   -104799.2187  EHBOND  =         0.0000  RESTRAINT  =         0.0000
 ------------------------------------------------------------------------------


 NSTEP =    26500   TIME(PS) =      44.250  TEMP(K) =   301.78  PRESS =     0.0
 Etot   =    -51376.2526  EKtot   =     20762.5840  EPtot      =    -72138.8366
 BOND   =     12642.3966  ANGLE   =      1048.2832  DIHED      =      1289.3987
 1-4 NB =       443.1065  1-4 EEL =      4632.1126  VDWAALS    =     12883.8681
 EELEC  =   -105078.0023  EHBOND  =         0.0000  RESTRAINT  =         0.0000
 ------------------------------------------------------------------------------

check COM velocity, temp:        0.000003     0.00(Removed)

 NSTEP =    27000   TIME(PS) =      44.500  TEMP(K) =   304.69  PRESS =     0.0
 Etot   =    -51380.4276  EKtot   =     20962.1934  EPtot      =    -72342.6209
 BOND   =     12550.2808  ANGLE   =      1009.7419  DIHED      =      1310.1508
 1-4 NB =       437.9609  1-4 EEL =      4612.4291  VDWAALS    =     12913.1414
 EELEC  =   -105176.3258  EHBOND  =         0.0000  RESTRAINT  =         0.0000
 ------------------------------------------------------------------------------


 NSTEP =    27500   TIME(PS) =      44.750  TEMP(K) =   303.31  PRESS =     0.0
 Etot   =    -51377.2132  EKtot   =     20867.3418  EPtot      =    -72244.5550
 BOND   =     12767.6652  ANGLE   =      1041.4692  DIHED      =      1299.6852
 1-4 NB =       445.0092  1-4 EEL =      4656.5513  VDWAALS    =     12665.9494
 EELEC  =   -105120.8845  EHBOND  =         0.0000  RESTRAINT  =         0.0000
 ------------------------------------------------------------------------------

check COM velocity, temp:        0.000007     0.00(Removed)

 NSTEP =    28000   TIME(PS) =      45.000  TEMP(K) =   303.35  PRESS =     0.0
 Etot   =    -51382.2805  EKtot   =     20870.1875  EPtot      =    -72252.4680
 BOND   =     12672.8190  ANGLE   =      1104.5764  DIHED      =      1324.1458
 1-4 NB =       454.8882  1-4 EEL =      4641.8070  VDWAALS    =     12397.8934
 EELEC  =   -104848.5978  EHBOND  =         0.0000  RESTRAINT  =         0.0000
 ------------------------------------------------------------------------------


 NSTEP =    28500   TIME(PS) =      45.250  TEMP(K) =   304.58  PRESS =     0.0
 Etot   =    -51383.8634  EKtot   =     20955.2363  EPtot      =    -72339.0998
 BOND   =     12900.6172  ANGLE   =      1059.4399  DIHED      =      1310.6643
 1-4 NB =       458.4989  1-4 EEL =      4637.9154  VDWAALS    =     12607.2025
 EELEC  =   -105313.4378  EHBOND  =         0.0000  RESTRAINT  =         0.0000
 ------------------------------------------------------------------------------

check COM velocity, temp:        0.000011     0.00(Removed)

 NSTEP =    29000   TIME(PS) =      45.500  TEMP(K) =   300.11  PRESS =     0.0
 Etot   =    -51378.2149  EKtot   =     20647.4863  EPtot      =    -72025.7013
 BOND   =     12806.2614  ANGLE   =      1032.0195  DIHED      =      1317.7419
 1-4 NB =       441.8911  1-4 EEL =      4657.4395  VDWAALS    =     12556.6071
 EELEC  =   -104837.6617  EHBOND  =         0.0000  RESTRAINT  =         0.0000
 ------------------------------------------------------------------------------


 NSTEP =    29500   TIME(PS) =      45.750  TEMP(K) =   302.52  PRESS =     0.0
 Etot   =    -51379.5700  EKtot   =     20813.1523  EPtot      =    -72192.7224
 BOND   =     12737.9532  ANGLE   =      1064.9038  DIHED      =      1329.2991
 1-4 NB =       433.6515  1-4 EEL =      4649.2486  VDWAALS    =     12757.1379
 EELEC  =   -105164.9164  EHBOND  =         0.0000  RESTRAINT  =         0.0000
 ------------------------------------------------------------------------------

check COM velocity, temp:        0.000007     0.00(Removed)

 NSTEP =    30000   TIME(PS) =      46.000  TEMP(K) =   304.15  PRESS =     0.0
 Etot   =    -51381.5947  EKtot   =     20925.3262  EPtot      =    -72306.9208
 BOND   =     12820.5792  ANGLE   =      1020.4413  DIHED      =      1305.8901
 1-4 NB =       455.0189  1-4 EEL =      4627.2326  VDWAALS    =     12525.7467
 EELEC  =   -105061.8297  EHBOND  =         0.0000  RESTRAINT  =         0.0000
 ------------------------------------------------------------------------------


 NSTEP =    30500   TIME(PS) =      46.250  TEMP(K) =   302.45  PRESS =     0.0
 Etot   =    -51382.0383  EKtot   =     20808.1484  EPtot      =    -72190.1867
 BOND   =     12684.9522  ANGLE   =      1044.6451  DIHED      =      1344.7019
 1-4 NB =       441.9487  1-4 EEL =      4674.0320  VDWAALS    =     12272.5385
 EELEC  =   -104653.0051  EHBOND  =         0.0000  RESTRAINT  =         0.0000
 ------------------------------------------------------------------------------

check COM velocity, temp:        0.000007     0.00(Removed)

 NSTEP =    31000   TIME(PS) =      46.500  TEMP(K) =   301.37  PRESS =     0.0
 Etot   =    -51378.1137  EKtot   =     20734.1191  EPtot      =    -72112.2328
 BOND   =     12747.1787  ANGLE   =      1060.0618  DIHED      =      1308.0340
 1-4 NB =       454.9504  1-4 EEL =      4702.1771  VDWAALS    =     12588.1062
 EELEC  =   -104972.7410  EHBOND  =         0.0000  RESTRAINT  =         0.0000
 ------------------------------------------------------------------------------


 NSTEP =    31500   TIME(PS) =      46.750  TEMP(K) =   303.96  PRESS =     0.0
 Etot   =    -51382.1234  EKtot   =     20912.4512  EPtot      =    -72294.5745
 BOND   =     12521.2435  ANGLE   =      1020.0078  DIHED      =      1320.0171
 1-4 NB =       464.5589  1-4 EEL =      4661.9226  VDWAALS    =     12601.5475
 EELEC  =   -104883.8719  EHBOND  =         0.0000  RESTRAINT  =         0.0000
 ------------------------------------------------------------------------------

check COM velocity, temp:        0.000005     0.00(Removed)

 NSTEP =    32000   TIME(PS) =      47.000  TEMP(K) =   304.45  PRESS =     0.0
 Etot   =    -51383.6590  EKtot   =     20945.8125  EPtot      =    -72329.4715
 BOND   =     12632.1201  ANGLE   =      1070.8300  DIHED      =      1324.7409
 1-4 NB =       452.6814  1-4 EEL =      4616.0763  VDWAALS    =     12592.1380
 EELEC  =   -105018.0582  EHBOND  =         0.0000  RESTRAINT  =         0.0000
 ------------------------------------------------------------------------------


 NSTEP =    32500   TIME(PS) =      47.250  TEMP(K) =   304.59  PRESS =     0.0
 Etot   =    -51381.1803  EKtot   =     20955.5938  EPtot      =    -72336.7741
 BOND   =     12743.9787  ANGLE   =      1063.0180  DIHED      =      1330.7430
 1-4 NB =       451.6253  1-4 EEL =      4648.2617  VDWAALS    =     12733.5056
 EELEC  =   -105307.9065  EHBOND  =         0.0000  RESTRAINT  =         0.0000
 ------------------------------------------------------------------------------

check COM velocity, temp:        0.000005     0.00(Removed)

 NSTEP =    33000   TIME(PS) =      47.500  TEMP(K) =   302.99  PRESS =     0.0
 Etot   =    -51379.8983  EKtot   =     20845.5137  EPtot      =    -72225.4120
 BOND   =     12726.7769  ANGLE   =      1044.9438  DIHED      =      1346.5806
 1-4 NB =       447.4435  1-4 EEL =      4654.0314  VDWAALS    =     12648.9990
 EELEC  =   -105094.1872  EHBOND  =         0.0000  RESTRAINT  =         0.0000
 ------------------------------------------------------------------------------


 NSTEP =    33500   TIME(PS) =      47.750  TEMP(K) =   302.23  PRESS =     0.0
 Etot   =    -51377.2634  EKtot   =     20793.4434  EPtot      =    -72170.7067
 BOND   =     12672.0499  ANGLE   =      1063.8491  DIHED      =      1318.5104
 1-4 NB =       440.7773  1-4 EEL =      4598.1215  VDWAALS    =     12272.6964
 EELEC  =   -104536.7114  EHBOND  =         0.0000  RESTRAINT  =         0.0000
 ------------------------------------------------------------------------------

check COM velocity, temp:        0.000004     0.00(Removed)

 NSTEP =    34000   TIME(PS) =      48.000  TEMP(K) =   304.85  PRESS =     0.0
 Etot   =    -51379.0582  EKtot   =     20973.3887  EPtot      =    -72352.4468
 BOND   =     12771.3338  ANGLE   =      1069.2727  DIHED      =      1335.9487
 1-4 NB =       451.6896  1-4 EEL =      4615.2179  VDWAALS    =     12552.6589
 EELEC  =   -105148.5684  EHBOND  =         0.0000  RESTRAINT  =         0.0000
 ------------------------------------------------------------------------------


 NSTEP =    34500   TIME(PS) =      48.250  TEMP(K) =   304.77  PRESS =     0.0
 Etot   =    -51384.4740  EKtot   =     20967.8965  EPtot      =    -72352.3705
 BOND   =     12541.7642  ANGLE   =      1073.8876  DIHED      =      1318.2027
 1-4 NB =       446.8989  1-4 EEL =      4604.4216  VDWAALS    =     12727.0838
 EELEC  =   -105064.6292  EHBOND  =         0.0000  RESTRAINT  =         0.0000
 ------------------------------------------------------------------------------

check COM velocity, temp:        0.000003     0.00(Removed)

 NSTEP =    35000   TIME(PS) =      48.500  TEMP(K) =   304.98  PRESS =     0.0
 Etot   =    -51382.6023  EKtot   =     20982.7656  EPtot      =    -72365.3679
 BOND   =     12568.0730  ANGLE   =      1039.9495  DIHED      =      1320.8420
 1-4 NB =       446.8185  1-4 EEL =      4659.7806  VDWAALS    =     12760.7352
 EELEC  =   -105161.5668  EHBOND  =         0.0000  RESTRAINT  =         0.0000
 ------------------------------------------------------------------------------


 NSTEP =    35500   TIME(PS) =      48.750  TEMP(K) =   302.48  PRESS =     0.0
 Etot   =    -51382.1440  EKtot   =     20810.2129  EPtot      =    -72192.3569
 BOND   =     12589.3587  ANGLE   =      1062.5189  DIHED      =      1314.9542
 1-4 NB =       447.4229  1-4 EEL =      4624.6158  VDWAALS    =     12645.6036
 EELEC  =   -104876.8309  EHBOND  =         0.0000  RESTRAINT  =         0.0000
 ------------------------------------------------------------------------------

check COM velocity, temp:        0.000007     0.00(Removed)

 NSTEP =    36000   TIME(PS) =      49.000  TEMP(K) =   303.70  PRESS =     0.0
 Etot   =    -51378.8705  EKtot   =     20894.6582  EPtot      =    -72273.5287
 BOND   =     12887.7578  ANGLE   =      1074.3414  DIHED      =      1295.6482
 1-4 NB =       452.7099  1-4 EEL =      4664.8161  VDWAALS    =     12812.7039
 EELEC  =   -105461.5060  EHBOND  =         0.0000  RESTRAINT  =         0.0000
 ------------------------------------------------------------------------------


 NSTEP =    36500   TIME(PS) =      49.250  TEMP(K) =   302.50  PRESS =     0.0
 Etot   =    -51377.8052  EKtot   =     20811.9668  EPtot      =    -72189.7720
 BOND   =     12676.7196  ANGLE   =      1025.7700  DIHED      =      1306.8192
 1-4 NB =       446.9126  1-4 EEL =      4655.1609  VDWAALS    =     12501.1289
 EELEC  =   -104802.2833  EHBOND  =         0.0000  RESTRAINT  =         0.0000
 ------------------------------------------------------------------------------

check COM velocity, temp:        0.000006     0.00(Removed)

 NSTEP =    37000   TIME(PS) =      49.500  TEMP(K) =   303.99  PRESS =     0.0
 Etot   =    -51379.5597  EKtot   =     20914.1426  EPtot      =    -72293.7023
 BOND   =     12612.3888  ANGLE   =      1046.5313  DIHED      =      1309.5641
 1-4 NB =       443.1930  1-4 EEL =      4632.2657  VDWAALS    =     12616.6440
 EELEC  =   -104954.2893  EHBOND  =         0.0000  RESTRAINT  =         0.0000
 ------------------------------------------------------------------------------


 NSTEP =    37500   TIME(PS) =      49.750  TEMP(K) =   306.14  PRESS =     0.0
 Etot   =    -51379.8284  EKtot   =     21062.6230  EPtot      =    -72442.4515
 BOND   =     12566.1795  ANGLE   =      1037.1649  DIHED      =      1301.1950
 1-4 NB =       451.7086  1-4 EEL =      4661.5659  VDWAALS    =     12606.2750
 EELEC  =   -105066.5403  EHBOND  =         0.0000  RESTRAINT  =         0.0000
 ------------------------------------------------------------------------------

check COM velocity, temp:        0.000007     0.00(Removed)

 NSTEP =    38000   TIME(PS) =      50.000  TEMP(K) =   304.40  PRESS =     0.0
 Etot   =    -51379.8231  EKtot   =     20942.3535  EPtot      =    -72322.1767
 BOND   =     12541.9913  ANGLE   =      1064.7476  DIHED      =      1328.0160
 1-4 NB =       447.8257  1-4 EEL =      4655.4839  VDWAALS    =     12820.6973
 EELEC  =   -105180.9385  EHBOND  =         0.0000  RESTRAINT  =         0.0000
 ------------------------------------------------------------------------------


 NSTEP =    38500   TIME(PS) =      50.250  TEMP(K) =   302.82  PRESS =     0.0
 Etot   =    -51378.5071  EKtot   =     20833.7227  EPtot      =    -72212.2298
 BOND   =     12828.4219  ANGLE   =      1041.5679  DIHED      =      1317.9875
 1-4 NB =       463.4120  1-4 EEL =      4686.3725  VDWAALS    =     12611.4797
 EELEC  =   -105161.4714  EHBOND  =         0.0000  RESTRAINT  =         0.0000
 ------------------------------------------------------------------------------

check COM velocity, temp:        0.000005     0.00(Removed)

 NSTEP =    39000   TIME(PS) =      50.500  TEMP(K) =   302.44  PRESS =     0.0
 Etot   =    -51377.0737  EKtot   =     20808.0098  EPtot      =    -72185.0834
 BOND   =     12824.9495  ANGLE   =      1040.5960  DIHED      =      1330.7551
 1-4 NB =       437.0227  1-4 EEL =      4659.7320  VDWAALS    =     12594.0756
 EELEC  =   -105072.2144  EHBOND  =         0.0000  RESTRAINT  =         0.0000
 ------------------------------------------------------------------------------


 NSTEP =    39500   TIME(PS) =      50.750  TEMP(K) =   303.09  PRESS =     0.0
 Etot   =    -51379.7433  EKtot   =     20852.5410  EPtot      =    -72232.2843
 BOND   =     12850.3395  ANGLE   =      1061.1072  DIHED      =      1353.0749
 1-4 NB =       445.7391  1-4 EEL =      4673.4922  VDWAALS    =     12676.7396
 EELEC  =   -105292.7768  EHBOND  =         0.0000  RESTRAINT  =         0.0000
 ------------------------------------------------------------------------------

check COM velocity, temp:        0.000006     0.00(Removed)

 NSTEP =    40000   TIME(PS) =      51.000  TEMP(K) =   303.37  PRESS =     0.0
 Etot   =    -51379.6808  EKtot   =     20871.8027  EPtot      =    -72251.4835
 BOND   =     12845.5826  ANGLE   =      1059.9583  DIHED      =      1322.8185
 1-4 NB =       447.6700  1-4 EEL =      4647.7341  VDWAALS    =     12413.9516
 EELEC  =   -104989.1987  EHBOND  =         0.0000  RESTRAINT  =         0.0000
 ------------------------------------------------------------------------------


      A V E R A G E S   O V E R      80 S T E P S


 NSTEP =    40000   TIME(PS) =      51.000  TEMP(K) =   303.49  PRESS =     0.0
 Etot   =    -51379.2950  EKtot   =     20880.2417  EPtot      =    -72259.5366
 BOND   =     12749.7869  ANGLE   =      1074.0369  DIHED      =      1327.0699
 1-4 NB =       448.5227  1-4 EEL =      4649.2022  VDWAALS    =     12664.5668
 EELEC  =   -105172.7220  EHBOND  =         0.0000  RESTRAINT  =         0.0000
 ------------------------------------------------------------------------------


      R M S  F L U C T U A T I O N S


 NSTEP =    40000   TIME(PS) =      51.000  TEMP(K) =     1.41  PRESS =     0.0
 Etot   =         2.5467  EKtot   =        96.9771  EPtot      =        98.0718
 BOND   =       122.8614  ANGLE   =        37.9766  DIHED      =        14.7575
 1-4 NB =         7.6453  1-4 EEL =        25.7666  VDWAALS    =       139.6507
 EELEC  =       252.4989  EHBOND  =         0.0000  RESTRAINT  =         0.0000
|E(PBS) =         0.7428
 ------------------------------------------------------------------------------

--------------------------------------------------------------------------------
   5.  TIMINGS
--------------------------------------------------------------------------------

|  NonSetup CPU Time in Major Routines:
|
|     Routine           Sec        %
|     ------------------------------
|     Nonbond           8.34   12.59
|     Bond              0.00    0.00
|     Angle             0.00    0.00
|     Dihedral          0.00    0.00
|     Shake             0.00    0.00
|     RunMD            57.84   87.31
|     Other             0.07    0.10
|     ------------------------------
|     Total            66.25

|  PME Nonbond Pairlist CPU Time:
|
|     Routine              Sec        %
|     ---------------------------------
|     Set Up Cit           0.00    0.00
|     Build List           0.00    0.00
|     ---------------------------------
|     Total                0.00    0.00

|  PME Direct Force CPU Time:
|
|     Routine              Sec        %
|     ---------------------------------
|     NonBonded Calc       0.00    0.00
|     Exclude Masked       0.00    0.00
|     Other                0.03    0.05
|     ---------------------------------
|     Total                0.03    0.05

|  PME Reciprocal Force CPU Time:
|
|     Routine              Sec        %
|     ---------------------------------
|     1D bspline           0.00    0.00
|     Grid Charges         0.00    0.00
|     Scalar Sum           0.00    0.00
|     Gradient Sum         0.00    0.00
|     FFT                  0.00    0.00
|     ---------------------------------
|     Total                0.00    0.00

|  Final Performance Info:
|     -----------------------------------------------------
|     Average timings for last    3500 steps:
|     Elapsed(s) =       5.76 Per Step(ms) =       1.65
|         ns/day =      26.24   seconds/ns =    3293.15
|
|     Average timings for all steps:
|     Elapsed(s) =      66.24 Per Step(ms) =       1.66
|         ns/day =      26.09   seconds/ns =    3312.09
|     -----------------------------------------------------

|  Setup CPU time:            2.82 seconds
|  NonSetup CPU time:        66.25 seconds
|  Total CPU time:           69.07 seconds     0.02 hours

|  Setup wall time:           3    seconds
|  NonSetup wall time:       66    seconds
|  Total wall time:          69    seconds     0.02 hours
