
          -------------------------------------------------------
          Amber 16 PMEMD                              2016
          -------------------------------------------------------

| PMEMD implementation of SANDER, Release 16

| Run on 08/25/2017 at 14:01:29

|   Executable path: /apps/amber16/bin/pmemd.cuda
| Working directory: /scratch/pbarletta/pdz/run/lb/neq/data/larga_4
|          Hostname: mordor

  [-O]verwriting output

File Assignments:
|   MDIN: pdt.in                                                                
|  MDOUT: T268pplb_4.out                                                        
| INPCRD: /scratch/pbarletta/pdz/run/lb/neq/data/corta_4/T268plb_4.rst7         
|   PARM: /scratch/pbarletta/pdz/top_files/lb.prmtop                            
| RESTRT: T268pplb_4.rst7                                                       
|   REFC: refc                                                                  
|  MDVEL: mdvel                                                                 
|   MDEN: mden                                                                  
|  MDCRD: T268pplb_4.nc                                                         
| MDINFO: mdinfo                                                                
|  MDFRC: mdfrc                                                                 


 Here is the input file:

!NVE run                                                                       
&cntrl                                                                         
imin = 0,                           ! No Minimization                          
nmropt = 0,                         ! No NMR restraints read                   
                                                                               
! Nature and format of the input                                               
ntx = 5,                            ! Coordinates will be read, assign new velo
irest = 1,                          ! Do not run a new simulation              
                                                                               
! Nature and format of the output                                              
ioutfm = 1,			    ! NetCDF format for output files                             
ntxo = 1,                           ! rstrt file in ASCII format               
ntpr = 500,                         ! inf in output every ntpr steps           
ntwr = 500,                         ! rstrt file every ntwr steps              
ntwx = 100,                         ! mdcrd file every ntwx steps              
ntwv = -1,                          ! mdvel without velocities                 
ntwe = 0,                           ! Energies and temperatures not written in 
idecomp = 0,                        ! No energy decomposition                  
iwrap = 1,                          ! Coordinates of the restart and mdcrd file
                                                                               
! Frozen or restrained atoms                                                   
ibelly = 0,                         ! No frozen atoms                          
ntr=0,                              ! Harmonic potential restraints            
                                                                               
! Molecular dynamics                                                           
nstlim = 40000,                      ! Number of MD-steps                      
dt = 0.0005,                        ! Time step                                
                                                                               
! Temperature regulation                                                       
ntt = 0,                            ! Constant total energy                    
                                                                               
! P and V regulation                                                           
ntp = 0,                            ! No P control                             
ntb = 1,                            ! constant V                               
                                                                               
! SHAKE variables                                                              
ntc = 1,                            ! Bonds involving H are constrained        
ntf = 1,                            ! Bond interaction involving H are ommited.
                                                                               
cut = 9.0,                          ! Nonbonded cutoff                         
/                                                                              
&end                                                                           


Note: ig = -1. Setting random seed to   357118 based on wallclock time in 
      microseconds.
| irandom = 1, using AMBER's internal random number generator (default).
 
|--------------------- INFORMATION ----------------------
| GPU (CUDA) Version of PMEMD in use: NVIDIA GPU IN USE.
|                    Version 16.0.0
| 
|                      02/25/2016
| 
| Implementation by:
|                    Ross C. Walker     (SDSC)
|                    Scott Le Grand     (nVIDIA)
| 
| Precision model in use:
|      [SPFP] - Single Precision Forces, 64-bit Fixed Point
|               Accumulation. (Default)
| 
|--------------------------------------------------------
 
|----------------- CITATION INFORMATION -----------------
|
|    When publishing work that utilized the CUDA version
|    of AMBER, please cite the following in addition to
|    the regular AMBER citations:
|
|  - Romelia Salomon-Ferrer; Andreas W. Goetz; Duncan
|    Poole; Scott Le Grand; Ross C. Walker "Routine
|    microsecond molecular dynamics simulations with
|    AMBER - Part II: Particle Mesh Ewald", J. Chem.
|    Theory Comput., 2013, 9 (9), pp3878-3888,
|    DOI: 10.1021/ct400314y.
|
|  - Andreas W. Goetz; Mark J. Williamson; Dong Xu;
|    Duncan Poole; Scott Le Grand; Ross C. Walker
|    "Routine microsecond molecular dynamics simulations
|    with AMBER - Part I: Generalized Born", J. Chem.
|    Theory Comput., 2012, 8 (5), pp1542-1555.
|
|  - Scott Le Grand; Andreas W. Goetz; Ross C. Walker
|    "SPFP: Speed without compromise - a mixed precision
|    model for GPU accelerated molecular dynamics
|    simulations.", Comp. Phys. Comm., 2013, 184
|    pp374-380, DOI: 10.1016/j.cpc.2012.09.022
|
|--------------------------------------------------------
 
|------------------- GPU DEVICE INFO --------------------
|
|            CUDA_VISIBLE_DEVICES: 1
|   CUDA Capable Devices Detected:      1
|           CUDA Device ID in use:      0
|                CUDA Device Name: GeForce GTX TITAN
|     CUDA Device Global Mem Size:   6082 MB
| CUDA Device Num Multiprocessors:     14
|           CUDA Device Core Freq:   0.93 GHz
|
|--------------------------------------------------------
 
 
| Conditional Compilation Defines Used:
| PUBFFT
| BINTRAJ
| CUDA
| EMIL

| Largest sphere to fit in unit cell has radius =    26.281

| New format PARM file being parsed.
| Version =    1.000 Date = 09/04/12 Time = 16:08:43

| Note: 1-4 EEL scale factors are being read from the topology file.

| Note: 1-4 VDW scale factors are being read from the topology file.
| Duplicated    0 dihedrals

| Duplicated    0 dihedrals

--------------------------------------------------------------------------------
   1.  RESOURCE   USE: 
--------------------------------------------------------------------------------

 getting new box info from bottom of inpcrd
 NATOM  =   23082 NTYPES =      16 NBONH =   22055 MBONA  =    1038
 NTHETH =    2390 MTHETA =    1396 NPHIH =    4631 MPHIA  =    3488
 NHPARM =       0 NPARM  =       0 NNB   =   39434 NRES   =    7134
 NBONA  =    1038 NTHETA =    1396 NPHIA =    3488 NUMBND =      41
 NUMANG =      86 NPTRA  =      41 NATYP =      28 NPHB   =       1
 IFBOX  =       1 NMXRS  =      24 IFCAP =       0 NEXTRA =       0
 NCOPY  =       0

| Coordinate Index Table dimensions:    12   14   10
| Direct force subcell size =     5.0212    5.2012    5.2562

     BOX TYPE: RECTILINEAR

--------------------------------------------------------------------------------
   2.  CONTROL  DATA  FOR  THE  RUN
--------------------------------------------------------------------------------

default_name                                                                    

General flags:
     imin    =       0, nmropt  =       0

Nature and format of input:
     ntx     =       5, irest   =       1, ntrx    =       1

Nature and format of output:
     ntxo    =       1, ntpr    =     500, ntrx    =       1, ntwr    =     500
     iwrap   =       1, ntwx    =     100, ntwv    =      -1, ntwe    =       0
     ioutfm  =       1, ntwprt  =       0, idecomp =       0, rbornstat=      0

Potential function:
     ntf     =       1, ntb     =       1, igb     =       0, nsnb    =      25
     ipol    =       0, gbsa    =       0, iesp    =       0
     dielc   =   1.00000, cut     =   9.00000, intdiel =   1.00000

Frozen or restrained atoms:
     ibelly  =       0, ntr     =       0

Molecular dynamics:
     nstlim  =     40000, nscm    =      1000, nrespa  =         1
     t       =   0.00000, dt      =   0.00050, vlimit  =  -1.00000

| Intermolecular bonds treatment:
|     no_intermolecular_bonds =       1

| Energy averages sample interval:
|     ene_avg_sampling =     500

Ewald parameters:
     verbose =       0, ew_type =       0, nbflag  =       1, use_pme =       1
     vdwmeth =       1, eedmeth =       1, netfrc  =       1
     Box X =   60.254   Box Y =   72.816   Box Z =   52.562
     Alpha =   90.000   Beta  =   90.000   Gamma =   90.000
     NFFT1 =   64       NFFT2 =   80       NFFT3 =   56
     Cutoff=    9.000   Tol   =0.100E-04
     Ewald Coefficient =  0.30768
     Interpolation order =    4

--------------------------------------------------------------------------------
   3.  ATOMIC COORDINATES AND VELOCITIES
--------------------------------------------------------------------------------

default_name                                                                    
 begin time read from input coords =    31.000 ps

 
 Number of triangulated 3-point waters found:     7002

     Sum of charges from parm topology file =  -0.00000008
     Forcing neutrality...

| Dynamic Memory, Types Used:
| Reals              710578
| Integers           737140

| Nonbonded Pairs Initial Allocation:     5262696

| GPU memory information (estimate):
| KB of GPU memory in use:     63171
| KB of CPU memory in use:     27891

--------------------------------------------------------------------------------
   4.  RESULTS
--------------------------------------------------------------------------------

 ---------------------------------------------------
 APPROXIMATING switch and d/dx switch using CUBIC SPLINE INTERPOLATION
 using   5000.0 points per unit in tabled values
 TESTING RELATIVE ERROR over r ranging from 0.0 to cutoff
| CHECK switch(x): max rel err =   0.2738E-14   at   2.422500
| CHECK d/dx switch(x): max rel err =   0.8314E-11   at   2.736960
 ---------------------------------------------------
|---------------------------------------------------
| APPROXIMATING direct energy using CUBIC SPLINE INTERPOLATION
|  with   50.0 points per unit in tabled values
| Relative Error Limit not exceeded for r .gt.   2.39
| APPROXIMATING direct force using CUBIC SPLINE INTERPOLATION
|  with   50.0 points per unit in tabled values
| Relative Error Limit not exceeded for r .gt.   2.84
|---------------------------------------------------

 NSTEP =      500   TIME(PS) =      31.250  TEMP(K) =   304.78  PRESS =     0.0
 Etot   =    -50959.8183  EKtot   =     20968.8730  EPtot      =    -71928.6913
 BOND   =     12962.4262  ANGLE   =      1218.4511  DIHED      =      1361.2025
 1-4 NB =       454.1573  1-4 EEL =      4660.7902  VDWAALS    =     12792.4506
 EELEC  =   -105378.1692  EHBOND  =         0.0000  RESTRAINT  =         0.0000
 ------------------------------------------------------------------------------

check COM velocity, temp:        0.000011     0.00(Removed)

 NSTEP =     1000   TIME(PS) =      31.500  TEMP(K) =   308.90  PRESS =     0.0
 Etot   =    -50961.3106  EKtot   =     21252.3965  EPtot      =    -72213.7071
 BOND   =     12807.2609  ANGLE   =      1182.8999  DIHED      =      1346.5483
 1-4 NB =       441.8078  1-4 EEL =      4631.1502  VDWAALS    =     12519.2235
 EELEC  =   -105142.5978  EHBOND  =         0.0000  RESTRAINT  =         0.0000
 ------------------------------------------------------------------------------


 NSTEP =     1500   TIME(PS) =      31.750  TEMP(K) =   307.95  PRESS =     0.0
 Etot   =    -50958.2769  EKtot   =     21186.6582  EPtot      =    -72144.9351
 BOND   =     12891.9347  ANGLE   =      1232.3396  DIHED      =      1325.2361
 1-4 NB =       453.8958  1-4 EEL =      4602.5520  VDWAALS    =     12420.0964
 EELEC  =   -105070.9897  EHBOND  =         0.0000  RESTRAINT  =         0.0000
 ------------------------------------------------------------------------------

check COM velocity, temp:        0.000004     0.00(Removed)

 NSTEP =     2000   TIME(PS) =      32.000  TEMP(K) =   305.43  PRESS =     0.0
 Etot   =    -50955.9077  EKtot   =     21013.3301  EPtot      =    -71969.2377
 BOND   =     13025.9937  ANGLE   =      1246.4463  DIHED      =      1365.9570
 1-4 NB =       445.7397  1-4 EEL =      4606.2032  VDWAALS    =     12767.8171
 EELEC  =   -105427.3949  EHBOND  =         0.0000  RESTRAINT  =         0.0000
 ------------------------------------------------------------------------------


 NSTEP =     2500   TIME(PS) =      32.250  TEMP(K) =   308.54  PRESS =     0.0
 Etot   =    -50959.0980  EKtot   =     21227.4395  EPtot      =    -72186.5375
 BOND   =     12868.7890  ANGLE   =      1168.4379  DIHED      =      1332.0541
 1-4 NB =       455.0828  1-4 EEL =      4654.0386  VDWAALS    =     12692.7525
 EELEC  =   -105357.6923  EHBOND  =         0.0000  RESTRAINT  =         0.0000
 ------------------------------------------------------------------------------

check COM velocity, temp:        0.000006     0.00(Removed)

 NSTEP =     3000   TIME(PS) =      32.500  TEMP(K) =   303.04  PRESS =     0.0
 Etot   =    -50954.7211  EKtot   =     20848.8359  EPtot      =    -71803.5570
 BOND   =     12799.9220  ANGLE   =      1209.9676  DIHED      =      1334.3385
 1-4 NB =       445.8669  1-4 EEL =      4626.8937  VDWAALS    =     12765.1048
 EELEC  =   -104985.6506  EHBOND  =         0.0000  RESTRAINT  =         0.0000
 ------------------------------------------------------------------------------


 NSTEP =     3500   TIME(PS) =      32.750  TEMP(K) =   308.85  PRESS =     0.0
 Etot   =    -50956.3308  EKtot   =     21248.8457  EPtot      =    -72205.1765
 BOND   =     12814.9820  ANGLE   =      1203.7363  DIHED      =      1319.4585
 1-4 NB =       459.0436  1-4 EEL =      4634.5447  VDWAALS    =     12704.4475
 EELEC  =   -105341.3891  EHBOND  =         0.0000  RESTRAINT  =         0.0000
 ------------------------------------------------------------------------------

check COM velocity, temp:        0.000005     0.00(Removed)

 NSTEP =     4000   TIME(PS) =      33.000  TEMP(K) =   309.05  PRESS =     0.0
 Etot   =    -50959.1282  EKtot   =     21262.2578  EPtot      =    -72221.3860
 BOND   =     12808.7881  ANGLE   =      1125.8896  DIHED      =      1312.6460
 1-4 NB =       462.6292  1-4 EEL =      4614.1475  VDWAALS    =     12684.9695
 EELEC  =   -105230.4561  EHBOND  =         0.0000  RESTRAINT  =         0.0000
 ------------------------------------------------------------------------------


 NSTEP =     4500   TIME(PS) =      33.250  TEMP(K) =   305.28  PRESS =     0.0
 Etot   =    -50961.0643  EKtot   =     21002.9238  EPtot      =    -71963.9881
 BOND   =     12782.8220  ANGLE   =      1138.8239  DIHED      =      1317.4657
 1-4 NB =       464.4377  1-4 EEL =      4670.4817  VDWAALS    =     12560.1898
 EELEC  =   -104898.2089  EHBOND  =         0.0000  RESTRAINT  =         0.0000
 ------------------------------------------------------------------------------

check COM velocity, temp:        0.000007     0.00(Removed)

 NSTEP =     5000   TIME(PS) =      33.500  TEMP(K) =   305.23  PRESS =     0.0
 Etot   =    -50953.9125  EKtot   =     20999.9238  EPtot      =    -71953.8363
 BOND   =     12898.5143  ANGLE   =      1153.2357  DIHED      =      1316.4727
 1-4 NB =       452.9893  1-4 EEL =      4631.1020  VDWAALS    =     12664.0870
 EELEC  =   -105070.2374  EHBOND  =         0.0000  RESTRAINT  =         0.0000
 ------------------------------------------------------------------------------


 NSTEP =     5500   TIME(PS) =      33.750  TEMP(K) =   306.50  PRESS =     0.0
 Etot   =    -50957.7429  EKtot   =     21087.2988  EPtot      =    -72045.0417
 BOND   =     12914.5347  ANGLE   =      1133.1315  DIHED      =      1329.5771
 1-4 NB =       442.9309  1-4 EEL =      4618.5796  VDWAALS    =     12576.9217
 EELEC  =   -105060.7173  EHBOND  =         0.0000  RESTRAINT  =         0.0000
 ------------------------------------------------------------------------------

check COM velocity, temp:        0.000005     0.00(Removed)

 NSTEP =     6000   TIME(PS) =      34.000  TEMP(K) =   306.25  PRESS =     0.0
 Etot   =    -50961.4611  EKtot   =     21070.1523  EPtot      =    -72031.6135
 BOND   =     12944.2411  ANGLE   =      1106.8076  DIHED      =      1336.0951
 1-4 NB =       440.4117  1-4 EEL =      4618.3552  VDWAALS    =     12651.2415
 EELEC  =   -105128.7656  EHBOND  =         0.0000  RESTRAINT  =         0.0000
 ------------------------------------------------------------------------------


 NSTEP =     6500   TIME(PS) =      34.250  TEMP(K) =   307.93  PRESS =     0.0
 Etot   =    -50962.9883  EKtot   =     21185.3926  EPtot      =    -72148.3809
 BOND   =     12793.5811  ANGLE   =      1137.7846  DIHED      =      1336.7286
 1-4 NB =       442.9497  1-4 EEL =      4595.0200  VDWAALS    =     12359.2478
 EELEC  =   -104813.6928  EHBOND  =         0.0000  RESTRAINT  =         0.0000
 ------------------------------------------------------------------------------

check COM velocity, temp:        0.000004     0.00(Removed)

 NSTEP =     7000   TIME(PS) =      34.500  TEMP(K) =   308.46  PRESS =     0.0
 Etot   =    -50961.9458  EKtot   =     21222.0527  EPtot      =    -72183.9985
 BOND   =     12861.5053  ANGLE   =      1122.5439  DIHED      =      1321.7706
 1-4 NB =       454.9911  1-4 EEL =      4622.2590  VDWAALS    =     12695.2384
 EELEC  =   -105262.3068  EHBOND  =         0.0000  RESTRAINT  =         0.0000
 ------------------------------------------------------------------------------


 NSTEP =     7500   TIME(PS) =      34.750  TEMP(K) =   305.69  PRESS =     0.0
 Etot   =    -50959.5828  EKtot   =     21031.2891  EPtot      =    -71990.8719
 BOND   =     12761.4555  ANGLE   =      1122.3618  DIHED      =      1308.4925
 1-4 NB =       445.6901  1-4 EEL =      4630.4065  VDWAALS    =     12542.9314
 EELEC  =   -104802.2098  EHBOND  =         0.0000  RESTRAINT  =         0.0000
 ------------------------------------------------------------------------------

check COM velocity, temp:        0.000006     0.00(Removed)

 NSTEP =     8000   TIME(PS) =      35.000  TEMP(K) =   303.78  PRESS =     0.0
 Etot   =    -50956.9634  EKtot   =     20900.0605  EPtot      =    -71857.0239
 BOND   =     12775.9598  ANGLE   =      1147.9418  DIHED      =      1304.2093
 1-4 NB =       424.8325  1-4 EEL =      4619.0563  VDWAALS    =     12534.1531
 EELEC  =   -104663.1766  EHBOND  =         0.0000  RESTRAINT  =         0.0000
 ------------------------------------------------------------------------------


 NSTEP =     8500   TIME(PS) =      35.250  TEMP(K) =   307.47  PRESS =     0.0
 Etot   =    -50961.5797  EKtot   =     21153.7422  EPtot      =    -72115.3219
 BOND   =     12854.0639  ANGLE   =      1083.8777  DIHED      =      1307.4483
 1-4 NB =       454.7765  1-4 EEL =      4610.7375  VDWAALS    =     12526.0229
 EELEC  =   -104952.2487  EHBOND  =         0.0000  RESTRAINT  =         0.0000
 ------------------------------------------------------------------------------

check COM velocity, temp:        0.000007     0.00(Removed)

 NSTEP =     9000   TIME(PS) =      35.500  TEMP(K) =   305.65  PRESS =     0.0
 Etot   =    -50955.9499  EKtot   =     21028.4473  EPtot      =    -71984.3971
 BOND   =     12848.1467  ANGLE   =      1167.5241  DIHED      =      1321.6260
 1-4 NB =       448.8750  1-4 EEL =      4588.7808  VDWAALS    =     12601.7011
 EELEC  =   -104961.0509  EHBOND  =         0.0000  RESTRAINT  =         0.0000
 ------------------------------------------------------------------------------


 NSTEP =     9500   TIME(PS) =      35.750  TEMP(K) =   306.32  PRESS =     0.0
 Etot   =    -50962.9376  EKtot   =     21074.4590  EPtot      =    -72037.3966
 BOND   =     12553.9541  ANGLE   =      1144.7498  DIHED      =      1302.9847
 1-4 NB =       448.2247  1-4 EEL =      4603.1851  VDWAALS    =     12577.8294
 EELEC  =   -104668.3245  EHBOND  =         0.0000  RESTRAINT  =         0.0000
 ------------------------------------------------------------------------------

check COM velocity, temp:        0.000007     0.00(Removed)

 NSTEP =    10000   TIME(PS) =      36.000  TEMP(K) =   308.72  PRESS =     0.0
 Etot   =    -50962.9443  EKtot   =     21239.9453  EPtot      =    -72202.8896
 BOND   =     12592.5279  ANGLE   =      1107.2031  DIHED      =      1342.8360
 1-4 NB =       434.1533  1-4 EEL =      4620.7607  VDWAALS    =     12666.6544
 EELEC  =   -104967.0250  EHBOND  =         0.0000  RESTRAINT  =         0.0000
 ------------------------------------------------------------------------------


 NSTEP =    10500   TIME(PS) =      36.250  TEMP(K) =   304.83  PRESS =     0.0
 Etot   =    -50961.8492  EKtot   =     20972.1094  EPtot      =    -71933.9586
 BOND   =     12668.0812  ANGLE   =      1129.7489  DIHED      =      1353.4567
 1-4 NB =       455.5308  1-4 EEL =      4647.7451  VDWAALS    =     12364.2910
 EELEC  =   -104552.8124  EHBOND  =         0.0000  RESTRAINT  =         0.0000
 ------------------------------------------------------------------------------

check COM velocity, temp:        0.000004     0.00(Removed)

 NSTEP =    11000   TIME(PS) =      36.500  TEMP(K) =   306.69  PRESS =     0.0
 Etot   =    -50959.8808  EKtot   =     21099.8047  EPtot      =    -72059.6855
 BOND   =     12722.8409  ANGLE   =      1145.8651  DIHED      =      1314.7232
 1-4 NB =       454.6061  1-4 EEL =      4664.9329  VDWAALS    =     12910.3479
 EELEC  =   -105273.0016  EHBOND  =         0.0000  RESTRAINT  =         0.0000
 ------------------------------------------------------------------------------


 NSTEP =    11500   TIME(PS) =      36.750  TEMP(K) =   306.47  PRESS =     0.0
 Etot   =    -50961.0954  EKtot   =     21084.8711  EPtot      =    -72045.9664
 BOND   =     12716.3191  ANGLE   =      1170.4468  DIHED      =      1340.0321
 1-4 NB =       453.1806  1-4 EEL =      4633.6530  VDWAALS    =     12749.0956
 EELEC  =   -105108.6937  EHBOND  =         0.0000  RESTRAINT  =         0.0000
 ------------------------------------------------------------------------------

check COM velocity, temp:        0.000005     0.00(Removed)

 NSTEP =    12000   TIME(PS) =      37.000  TEMP(K) =   306.77  PRESS =     0.0
 Etot   =    -50963.7103  EKtot   =     21105.5605  EPtot      =    -72069.2709
 BOND   =     12752.7231  ANGLE   =      1149.9329  DIHED      =      1336.3725
 1-4 NB =       432.3190  1-4 EEL =      4617.7247  VDWAALS    =     12911.9730
 EELEC  =   -105270.3161  EHBOND  =         0.0000  RESTRAINT  =         0.0000
 ------------------------------------------------------------------------------


 NSTEP =    12500   TIME(PS) =      37.250  TEMP(K) =   307.58  PRESS =     0.0
 Etot   =    -50958.9140  EKtot   =     21161.2812  EPtot      =    -72120.1952
 BOND   =     12863.7141  ANGLE   =      1134.5599  DIHED      =      1325.9642
 1-4 NB =       433.1789  1-4 EEL =      4623.5340  VDWAALS    =     12754.7795
 EELEC  =   -105255.9258  EHBOND  =         0.0000  RESTRAINT  =         0.0000
 ------------------------------------------------------------------------------

check COM velocity, temp:        0.000006     0.00(Removed)

 NSTEP =    13000   TIME(PS) =      37.500  TEMP(K) =   307.14  PRESS =     0.0
 Etot   =    -50954.9986  EKtot   =     21130.8984  EPtot      =    -72085.8971
 BOND   =     12851.4626  ANGLE   =      1127.8456  DIHED      =      1319.8463
 1-4 NB =       457.6407  1-4 EEL =      4637.9021  VDWAALS    =     12692.4605
 EELEC  =   -105173.0549  EHBOND  =         0.0000  RESTRAINT  =         0.0000
 ------------------------------------------------------------------------------


 NSTEP =    13500   TIME(PS) =      37.750  TEMP(K) =   306.95  PRESS =     0.0
 Etot   =    -50953.6778  EKtot   =     21117.7637  EPtot      =    -72071.4415
 BOND   =     12829.6860  ANGLE   =      1118.4856  DIHED      =      1317.2087
 1-4 NB =       452.9183  1-4 EEL =      4612.6933  VDWAALS    =     12614.8098
 EELEC  =   -105017.2432  EHBOND  =         0.0000  RESTRAINT  =         0.0000
 ------------------------------------------------------------------------------

check COM velocity, temp:        0.000004     0.00(Removed)

 NSTEP =    14000   TIME(PS) =      38.000  TEMP(K) =   306.89  PRESS =     0.0
 Etot   =    -50957.7434  EKtot   =     21114.0215  EPtot      =    -72071.7649
 BOND   =     12753.4651  ANGLE   =      1109.3019  DIHED      =      1350.6445
 1-4 NB =       456.5658  1-4 EEL =      4632.7861  VDWAALS    =     12868.6447
 EELEC  =   -105243.1731  EHBOND  =         0.0000  RESTRAINT  =         0.0000
 ------------------------------------------------------------------------------


 NSTEP =    14500   TIME(PS) =      38.250  TEMP(K) =   305.56  PRESS =     0.0
 Etot   =    -50957.0022  EKtot   =     21022.4258  EPtot      =    -71979.4280
 BOND   =     12995.2945  ANGLE   =      1135.8031  DIHED      =      1332.7222
 1-4 NB =       450.2348  1-4 EEL =      4595.9229  VDWAALS    =     12795.5090
 EELEC  =   -105284.9144  EHBOND  =         0.0000  RESTRAINT  =         0.0000
 ------------------------------------------------------------------------------

check COM velocity, temp:        0.000007     0.00(Removed)

 NSTEP =    15000   TIME(PS) =      38.500  TEMP(K) =   305.27  PRESS =     0.0
 Etot   =    -50956.2812  EKtot   =     21002.7559  EPtot      =    -71959.0371
 BOND   =     12895.4495  ANGLE   =      1105.0404  DIHED      =      1322.4527
 1-4 NB =       460.2333  1-4 EEL =      4629.4622  VDWAALS    =     12464.9652
 EELEC  =   -104836.6405  EHBOND  =         0.0000  RESTRAINT  =         0.0000
 ------------------------------------------------------------------------------


 NSTEP =    15500   TIME(PS) =      38.750  TEMP(K) =   306.31  PRESS =     0.0
 Etot   =    -50959.5184  EKtot   =     21074.1230  EPtot      =    -72033.6414
 BOND   =     12852.1164  ANGLE   =      1129.9317  DIHED      =      1334.2152
 1-4 NB =       453.8519  1-4 EEL =      4596.5973  VDWAALS    =     12682.6154
 EELEC  =   -105082.9693  EHBOND  =         0.0000  RESTRAINT  =         0.0000
 ------------------------------------------------------------------------------

check COM velocity, temp:        0.000007     0.00(Removed)

 NSTEP =    16000   TIME(PS) =      39.000  TEMP(K) =   304.22  PRESS =     0.0
 Etot   =    -50957.1592  EKtot   =     20930.0566  EPtot      =    -71887.2158
 BOND   =     12864.1775  ANGLE   =      1119.0992  DIHED      =      1306.9409
 1-4 NB =       455.2306  1-4 EEL =      4648.3386  VDWAALS    =     12538.2926
 EELEC  =   -104819.2953  EHBOND  =         0.0000  RESTRAINT  =         0.0000
 ------------------------------------------------------------------------------


 NSTEP =    16500   TIME(PS) =      39.250  TEMP(K) =   303.74  PRESS =     0.0
 Etot   =    -50956.3548  EKtot   =     20897.3164  EPtot      =    -71853.6712
 BOND   =     12714.5185  ANGLE   =      1140.6983  DIHED      =      1323.5437
 1-4 NB =       436.2189  1-4 EEL =      4606.6218  VDWAALS    =     12519.4654
 EELEC  =   -104594.7378  EHBOND  =         0.0000  RESTRAINT  =         0.0000
 ------------------------------------------------------------------------------

check COM velocity, temp:        0.000005     0.00(Removed)

 NSTEP =    17000   TIME(PS) =      39.500  TEMP(K) =   305.49  PRESS =     0.0
 Etot   =    -50958.3338  EKtot   =     21017.3105  EPtot      =    -71975.6443
 BOND   =     12743.4175  ANGLE   =      1110.9479  DIHED      =      1338.4666
 1-4 NB =       450.8607  1-4 EEL =      4607.4007  VDWAALS    =     12544.0458
 EELEC  =   -104770.7834  EHBOND  =         0.0000  RESTRAINT  =         0.0000
 ------------------------------------------------------------------------------


 NSTEP =    17500   TIME(PS) =      39.750  TEMP(K) =   304.91  PRESS =     0.0
 Etot   =    -50958.3711  EKtot   =     20977.5234  EPtot      =    -71935.8946
 BOND   =     12745.5830  ANGLE   =      1070.1026  DIHED      =      1322.8506
 1-4 NB =       453.6807  1-4 EEL =      4713.6582  VDWAALS    =     12353.7676
 EELEC  =   -104595.5374  EHBOND  =         0.0000  RESTRAINT  =         0.0000
 ------------------------------------------------------------------------------

check COM velocity, temp:        0.000008     0.00(Removed)

 NSTEP =    18000   TIME(PS) =      40.000  TEMP(K) =   306.25  PRESS =     0.0
 Etot   =    -50961.4561  EKtot   =     21069.8828  EPtot      =    -72031.3389
 BOND   =     12694.9745  ANGLE   =      1139.7049  DIHED      =      1341.0740
 1-4 NB =       438.3294  1-4 EEL =      4638.6036  VDWAALS    =     12396.3693
 EELEC  =   -104680.3946  EHBOND  =         0.0000  RESTRAINT  =         0.0000
 ------------------------------------------------------------------------------


 NSTEP =    18500   TIME(PS) =      40.250  TEMP(K) =   306.31  PRESS =     0.0
 Etot   =    -50959.9796  EKtot   =     21073.9023  EPtot      =    -72033.8819
 BOND   =     12706.5971  ANGLE   =      1140.1938  DIHED      =      1319.1605
 1-4 NB =       446.0557  1-4 EEL =      4612.5518  VDWAALS    =     12562.3026
 EELEC  =   -104820.7434  EHBOND  =         0.0000  RESTRAINT  =         0.0000
 ------------------------------------------------------------------------------

check COM velocity, temp:        0.000005     0.00(Removed)

 NSTEP =    19000   TIME(PS) =      40.500  TEMP(K) =   308.14  PRESS =     0.0
 Etot   =    -50958.4518  EKtot   =     21199.5723  EPtot      =    -72158.0241
 BOND   =     12799.8066  ANGLE   =      1141.8892  DIHED      =      1330.3824
 1-4 NB =       446.6936  1-4 EEL =      4604.0501  VDWAALS    =     12523.4443
 EELEC  =   -105004.2902  EHBOND  =         0.0000  RESTRAINT  =         0.0000
 ------------------------------------------------------------------------------


 NSTEP =    19500   TIME(PS) =      40.750  TEMP(K) =   304.53  PRESS =     0.0
 Etot   =    -50959.1948  EKtot   =     20951.4473  EPtot      =    -71910.6420
 BOND   =     12585.8241  ANGLE   =      1126.1275  DIHED      =      1322.2899
 1-4 NB =       446.9550  1-4 EEL =      4630.4159  VDWAALS    =     12634.0556
 EELEC  =   -104656.3100  EHBOND  =         0.0000  RESTRAINT  =         0.0000
 ------------------------------------------------------------------------------

check COM velocity, temp:        0.000003     0.00(Removed)

 NSTEP =    20000   TIME(PS) =      41.000  TEMP(K) =   307.00  PRESS =     0.0
 Etot   =    -50962.7432  EKtot   =     21121.5293  EPtot      =    -72084.2725
 BOND   =     12600.3200  ANGLE   =      1113.9733  DIHED      =      1337.5104
 1-4 NB =       444.6139  1-4 EEL =      4617.5889  VDWAALS    =     12617.3916
 EELEC  =   -104815.6707  EHBOND  =         0.0000  RESTRAINT  =         0.0000
 ------------------------------------------------------------------------------


 NSTEP =    20500   TIME(PS) =      41.250  TEMP(K) =   305.34  PRESS =     0.0
 Etot   =    -50958.9309  EKtot   =     21007.1738  EPtot      =    -71966.1048
 BOND   =     12785.3992  ANGLE   =      1083.9117  DIHED      =      1321.6310
 1-4 NB =       452.7167  1-4 EEL =      4633.8251  VDWAALS    =     12418.4392
 EELEC  =   -104662.0276  EHBOND  =         0.0000  RESTRAINT  =         0.0000
 ------------------------------------------------------------------------------

check COM velocity, temp:        0.000003     0.00(Removed)

 NSTEP =    21000   TIME(PS) =      41.500  TEMP(K) =   305.40  PRESS =     0.0
 Etot   =    -50958.9487  EKtot   =     21011.1562  EPtot      =    -71970.1049
 BOND   =     12649.2829  ANGLE   =      1100.7413  DIHED      =      1291.7197
 1-4 NB =       460.3742  1-4 EEL =      4607.8117  VDWAALS    =     12606.9676
 EELEC  =   -104687.0024  EHBOND  =         0.0000  RESTRAINT  =         0.0000
 ------------------------------------------------------------------------------


 NSTEP =    21500   TIME(PS) =      41.750  TEMP(K) =   306.39  PRESS =     0.0
 Etot   =    -50958.6177  EKtot   =     21079.4844  EPtot      =    -72038.1020
 BOND   =     12569.0545  ANGLE   =      1106.3111  DIHED      =      1328.5053
 1-4 NB =       455.6470  1-4 EEL =      4626.3896  VDWAALS    =     12389.7032
 EELEC  =   -104513.7128  EHBOND  =         0.0000  RESTRAINT  =         0.0000
 ------------------------------------------------------------------------------

check COM velocity, temp:        0.000006     0.00(Removed)

 NSTEP =    22000   TIME(PS) =      42.000  TEMP(K) =   305.69  PRESS =     0.0
 Etot   =    -50958.1331  EKtot   =     21031.0332  EPtot      =    -71989.1663
 BOND   =     12749.4101  ANGLE   =      1088.7339  DIHED      =      1312.0776
 1-4 NB =       453.9223  1-4 EEL =      4636.0411  VDWAALS    =     12470.7083
 EELEC  =   -104700.0595  EHBOND  =         0.0000  RESTRAINT  =         0.0000
 ------------------------------------------------------------------------------


 NSTEP =    22500   TIME(PS) =      42.250  TEMP(K) =   305.60  PRESS =     0.0
 Etot   =    -50962.9231  EKtot   =     21024.9453  EPtot      =    -71987.8684
 BOND   =     12544.5566  ANGLE   =      1138.9746  DIHED      =      1326.6073
 1-4 NB =       440.7823  1-4 EEL =      4620.8839  VDWAALS    =     12407.4139
 EELEC  =   -104467.0870  EHBOND  =         0.0000  RESTRAINT  =         0.0000
 ------------------------------------------------------------------------------

check COM velocity, temp:        0.000008     0.00(Removed)

 NSTEP =    23000   TIME(PS) =      42.500  TEMP(K) =   305.30  PRESS =     0.0
 Etot   =    -50957.9888  EKtot   =     21004.6973  EPtot      =    -71962.6861
 BOND   =     12686.5003  ANGLE   =      1133.1777  DIHED      =      1298.3078
 1-4 NB =       448.7038  1-4 EEL =      4593.5316  VDWAALS    =     12451.5797
 EELEC  =   -104574.4869  EHBOND  =         0.0000  RESTRAINT  =         0.0000
 ------------------------------------------------------------------------------


 NSTEP =    23500   TIME(PS) =      42.750  TEMP(K) =   304.53  PRESS =     0.0
 Etot   =    -50958.3550  EKtot   =     20951.7285  EPtot      =    -71910.0836
 BOND   =     12565.0705  ANGLE   =      1093.9592  DIHED      =      1336.8584
 1-4 NB =       445.9794  1-4 EEL =      4578.0246  VDWAALS    =     12699.3460
 EELEC  =   -104629.3218  EHBOND  =         0.0000  RESTRAINT  =         0.0000
 ------------------------------------------------------------------------------

check COM velocity, temp:        0.000007     0.00(Removed)

 NSTEP =    24000   TIME(PS) =      43.000  TEMP(K) =   304.42  PRESS =     0.0
 Etot   =    -50959.0959  EKtot   =     20944.1250  EPtot      =    -71903.2209
 BOND   =     12830.2769  ANGLE   =      1149.1482  DIHED      =      1321.3061
 1-4 NB =       456.1778  1-4 EEL =      4628.4293  VDWAALS    =     12678.6084
 EELEC  =   -104967.1677  EHBOND  =         0.0000  RESTRAINT  =         0.0000
 ------------------------------------------------------------------------------


 NSTEP =    24500   TIME(PS) =      43.250  TEMP(K) =   306.25  PRESS =     0.0
 Etot   =    -50956.1988  EKtot   =     21070.0918  EPtot      =    -72026.2906
 BOND   =     12782.0462  ANGLE   =      1099.2865  DIHED      =      1311.2335
 1-4 NB =       444.6868  1-4 EEL =      4611.9749  VDWAALS    =     12664.9177
 EELEC  =   -104940.4364  EHBOND  =         0.0000  RESTRAINT  =         0.0000
 ------------------------------------------------------------------------------

check COM velocity, temp:        0.000003     0.00(Removed)

 NSTEP =    25000   TIME(PS) =      43.500  TEMP(K) =   304.30  PRESS =     0.0
 Etot   =    -50956.8819  EKtot   =     20935.8281  EPtot      =    -71892.7100
 BOND   =     12911.7850  ANGLE   =      1086.1872  DIHED      =      1326.6053
 1-4 NB =       448.3047  1-4 EEL =      4605.8147  VDWAALS    =     12351.2797
 EELEC  =   -104622.6866  EHBOND  =         0.0000  RESTRAINT  =         0.0000
 ------------------------------------------------------------------------------


 NSTEP =    25500   TIME(PS) =      43.750  TEMP(K) =   305.54  PRESS =     0.0
 Etot   =    -50958.0927  EKtot   =     21021.0840  EPtot      =    -71979.1767
 BOND   =     12734.9641  ANGLE   =      1121.9520  DIHED      =      1304.8266
 1-4 NB =       465.1640  1-4 EEL =      4611.9338  VDWAALS    =     12616.9915
 EELEC  =   -104835.0087  EHBOND  =         0.0000  RESTRAINT  =         0.0000
 ------------------------------------------------------------------------------

check COM velocity, temp:        0.000003     0.00(Removed)

 NSTEP =    26000   TIME(PS) =      44.000  TEMP(K) =   305.68  PRESS =     0.0
 Etot   =    -50960.5256  EKtot   =     21030.7832  EPtot      =    -71991.3088
 BOND   =     12706.8708  ANGLE   =      1114.5881  DIHED      =      1323.6042
 1-4 NB =       450.2725  1-4 EEL =      4654.4185  VDWAALS    =     12696.5681
 EELEC  =   -104937.6309  EHBOND  =         0.0000  RESTRAINT  =         0.0000
 ------------------------------------------------------------------------------


 NSTEP =    26500   TIME(PS) =      44.250  TEMP(K) =   305.85  PRESS =     0.0
 Etot   =    -50958.7495  EKtot   =     21042.6699  EPtot      =    -72001.4195
 BOND   =     12778.5771  ANGLE   =      1091.6722  DIHED      =      1317.9039
 1-4 NB =       457.7764  1-4 EEL =      4657.8849  VDWAALS    =     12577.9111
 EELEC  =   -104883.1450  EHBOND  =         0.0000  RESTRAINT  =         0.0000
 ------------------------------------------------------------------------------

check COM velocity, temp:        0.000002     0.00(Removed)

 NSTEP =    27000   TIME(PS) =      44.500  TEMP(K) =   307.60  PRESS =     0.0
 Etot   =    -50961.1563  EKtot   =     21162.6152  EPtot      =    -72123.7716
 BOND   =     12679.3546  ANGLE   =      1096.2073  DIHED      =      1344.3472
 1-4 NB =       442.8948  1-4 EEL =      4618.6363  VDWAALS    =     12640.8429
 EELEC  =   -104946.0547  EHBOND  =         0.0000  RESTRAINT  =         0.0000
 ------------------------------------------------------------------------------


 NSTEP =    27500   TIME(PS) =      44.750  TEMP(K) =   306.14  PRESS =     0.0
 Etot   =    -50959.7710  EKtot   =     21062.2715  EPtot      =    -72022.0425
 BOND   =     12517.9055  ANGLE   =      1113.6253  DIHED      =      1330.4379
 1-4 NB =       448.1049  1-4 EEL =      4591.1536  VDWAALS    =     12629.1012
 EELEC  =   -104652.3710  EHBOND  =         0.0000  RESTRAINT  =         0.0000
 ------------------------------------------------------------------------------

check COM velocity, temp:        0.000005     0.00(Removed)

 NSTEP =    28000   TIME(PS) =      45.000  TEMP(K) =   304.96  PRESS =     0.0
 Etot   =    -50958.0928  EKtot   =     20980.8867  EPtot      =    -71938.9795
 BOND   =     12756.4515  ANGLE   =      1093.5401  DIHED      =      1322.1270
 1-4 NB =       445.6983  1-4 EEL =      4601.1425  VDWAALS    =     12650.2835
 EELEC  =   -104808.2224  EHBOND  =         0.0000  RESTRAINT  =         0.0000
 ------------------------------------------------------------------------------


 NSTEP =    28500   TIME(PS) =      45.250  TEMP(K) =   305.06  PRESS =     0.0
 Etot   =    -50958.1697  EKtot   =     20987.7461  EPtot      =    -71945.9158
 BOND   =     12753.3123  ANGLE   =      1089.1184  DIHED      =      1336.9991
 1-4 NB =       456.4077  1-4 EEL =      4646.5239  VDWAALS    =     12662.5093
 EELEC  =   -104890.7865  EHBOND  =         0.0000  RESTRAINT  =         0.0000
 ------------------------------------------------------------------------------

check COM velocity, temp:        0.000001     0.00(Removed)

 NSTEP =    29000   TIME(PS) =      45.500  TEMP(K) =   304.81  PRESS =     0.0
 Etot   =    -50960.9295  EKtot   =     20970.6172  EPtot      =    -71931.5466
 BOND   =     12494.7306  ANGLE   =      1090.4473  DIHED      =      1345.7523
 1-4 NB =       458.9299  1-4 EEL =      4649.7119  VDWAALS    =     12582.0764
 EELEC  =   -104553.1950  EHBOND  =         0.0000  RESTRAINT  =         0.0000
 ------------------------------------------------------------------------------


 NSTEP =    29500   TIME(PS) =      45.750  TEMP(K) =   304.76  PRESS =     0.0
 Etot   =    -50959.2324  EKtot   =     20967.3867  EPtot      =    -71926.6191
 BOND   =     12675.7675  ANGLE   =      1109.0748  DIHED      =      1345.3717
 1-4 NB =       451.4787  1-4 EEL =      4619.7309  VDWAALS    =     12654.9895
 EELEC  =   -104783.0322  EHBOND  =         0.0000  RESTRAINT  =         0.0000
 ------------------------------------------------------------------------------

check COM velocity, temp:        0.000004     0.00(Removed)

 NSTEP =    30000   TIME(PS) =      46.000  TEMP(K) =   304.54  PRESS =     0.0
 Etot   =    -50955.0416  EKtot   =     20951.8926  EPtot      =    -71906.9342
 BOND   =     12930.5091  ANGLE   =      1109.9144  DIHED      =      1329.0058
 1-4 NB =       447.3069  1-4 EEL =      4611.8567  VDWAALS    =     12707.3999
 EELEC  =   -105042.9270  EHBOND  =         0.0000  RESTRAINT  =         0.0000
 ------------------------------------------------------------------------------


 NSTEP =    30500   TIME(PS) =      46.250  TEMP(K) =   307.05  PRESS =     0.0
 Etot   =    -50959.4570  EKtot   =     21124.6562  EPtot      =    -72084.1133
 BOND   =     12720.9995  ANGLE   =      1058.4290  DIHED      =      1338.4763
 1-4 NB =       467.0157  1-4 EEL =      4665.2069  VDWAALS    =     12687.8279
 EELEC  =   -105022.0687  EHBOND  =         0.0000  RESTRAINT  =         0.0000
 ------------------------------------------------------------------------------

check COM velocity, temp:        0.000004     0.00(Removed)

 NSTEP =    31000   TIME(PS) =      46.500  TEMP(K) =   305.21  PRESS =     0.0
 Etot   =    -50960.7933  EKtot   =     20998.5820  EPtot      =    -71959.3753
 BOND   =     12745.2335  ANGLE   =      1120.4618  DIHED      =      1344.3270
 1-4 NB =       465.5110  1-4 EEL =      4674.1873  VDWAALS    =     12757.8911
 EELEC  =   -105066.9869  EHBOND  =         0.0000  RESTRAINT  =         0.0000
 ------------------------------------------------------------------------------


 NSTEP =    31500   TIME(PS) =      46.750  TEMP(K) =   307.75  PRESS =     0.0
 Etot   =    -50960.9325  EKtot   =     21172.9844  EPtot      =    -72133.9169
 BOND   =     12712.9118  ANGLE   =      1063.0240  DIHED      =      1336.5479
 1-4 NB =       449.4352  1-4 EEL =      4607.7193  VDWAALS    =     12682.9687
 EELEC  =   -104986.5239  EHBOND  =         0.0000  RESTRAINT  =         0.0000
 ------------------------------------------------------------------------------

check COM velocity, temp:        0.000008     0.00(Removed)

 NSTEP =    32000   TIME(PS) =      47.000  TEMP(K) =   306.64  PRESS =     0.0
 Etot   =    -50959.3660  EKtot   =     21096.4023  EPtot      =    -72055.7683
 BOND   =     12837.4147  ANGLE   =      1074.1987  DIHED      =      1346.6866
 1-4 NB =       445.8550  1-4 EEL =      4604.4598  VDWAALS    =     12665.9060
 EELEC  =   -105030.2892  EHBOND  =         0.0000  RESTRAINT  =         0.0000
 ------------------------------------------------------------------------------


 NSTEP =    32500   TIME(PS) =      47.250  TEMP(K) =   306.59  PRESS =     0.0
 Etot   =    -50961.9375  EKtot   =     21093.4492  EPtot      =    -72055.3867
 BOND   =     12782.9864  ANGLE   =      1075.9309  DIHED      =      1342.2734
 1-4 NB =       444.1118  1-4 EEL =      4605.8189  VDWAALS    =     12533.0136
 EELEC  =   -104839.5217  EHBOND  =         0.0000  RESTRAINT  =         0.0000
 ------------------------------------------------------------------------------

check COM velocity, temp:        0.000005     0.00(Removed)

 NSTEP =    33000   TIME(PS) =      47.500  TEMP(K) =   304.97  PRESS =     0.0
 Etot   =    -50956.2179  EKtot   =     20981.7129  EPtot      =    -71937.9308
 BOND   =     12802.2505  ANGLE   =      1071.1714  DIHED      =      1342.9919
 1-4 NB =       454.2501  1-4 EEL =      4660.7822  VDWAALS    =     12382.9889
 EELEC  =   -104652.3658  EHBOND  =         0.0000  RESTRAINT  =         0.0000
 ------------------------------------------------------------------------------


 NSTEP =    33500   TIME(PS) =      47.750  TEMP(K) =   304.95  PRESS =     0.0
 Etot   =    -50958.2911  EKtot   =     20980.1855  EPtot      =    -71938.4767
 BOND   =     12770.9129  ANGLE   =      1098.5089  DIHED      =      1335.3455
 1-4 NB =       464.2014  1-4 EEL =      4594.9557  VDWAALS    =     12374.2500
 EELEC  =   -104576.6511  EHBOND  =         0.0000  RESTRAINT  =         0.0000
 ------------------------------------------------------------------------------

check COM velocity, temp:        0.000005     0.00(Removed)

 NSTEP =    34000   TIME(PS) =      48.000  TEMP(K) =   305.03  PRESS =     0.0
 Etot   =    -50958.9072  EKtot   =     20985.8262  EPtot      =    -71944.7334
 BOND   =     12688.0375  ANGLE   =      1131.7575  DIHED      =      1315.5356
 1-4 NB =       447.0001  1-4 EEL =      4612.0238  VDWAALS    =     12312.9033
 EELEC  =   -104451.9911  EHBOND  =         0.0000  RESTRAINT  =         0.0000
 ------------------------------------------------------------------------------


 NSTEP =    34500   TIME(PS) =      48.250  TEMP(K) =   303.94  PRESS =     0.0
 Etot   =    -50959.5571  EKtot   =     20911.2617  EPtot      =    -71870.8188
 BOND   =     12743.9213  ANGLE   =      1057.7230  DIHED      =      1330.3272
 1-4 NB =       439.0817  1-4 EEL =      4619.4372  VDWAALS    =     12658.9049
 EELEC  =   -104720.2142  EHBOND  =         0.0000  RESTRAINT  =         0.0000
 ------------------------------------------------------------------------------

check COM velocity, temp:        0.000004     0.00(Removed)

 NSTEP =    35000   TIME(PS) =      48.500  TEMP(K) =   305.14  PRESS =     0.0
 Etot   =    -50958.0165  EKtot   =     20993.8242  EPtot      =    -71951.8408
 BOND   =     12653.2030  ANGLE   =      1075.8691  DIHED      =      1362.2355
 1-4 NB =       459.3365  1-4 EEL =      4641.1589  VDWAALS    =     12524.1933
 EELEC  =   -104667.8369  EHBOND  =         0.0000  RESTRAINT  =         0.0000
 ------------------------------------------------------------------------------


 NSTEP =    35500   TIME(PS) =      48.750  TEMP(K) =   303.40  PRESS =     0.0
 Etot   =    -50956.2232  EKtot   =     20874.0820  EPtot      =    -71830.3052
 BOND   =     12890.2227  ANGLE   =      1046.6981  DIHED      =      1353.7171
 1-4 NB =       463.2310  1-4 EEL =      4667.2049  VDWAALS    =     12559.3379
 EELEC  =   -104810.7170  EHBOND  =         0.0000  RESTRAINT  =         0.0000
 ------------------------------------------------------------------------------

check COM velocity, temp:        0.000002     0.00(Removed)

 NSTEP =    36000   TIME(PS) =      49.000  TEMP(K) =   303.29  PRESS =     0.0
 Etot   =    -50957.2171  EKtot   =     20866.3105  EPtot      =    -71823.5276
 BOND   =     12817.5828  ANGLE   =      1121.5501  DIHED      =      1329.7942
 1-4 NB =       440.0349  1-4 EEL =      4576.5393  VDWAALS    =     12458.3547
 EELEC  =   -104567.3834  EHBOND  =         0.0000  RESTRAINT  =         0.0000
 ------------------------------------------------------------------------------


 NSTEP =    36500   TIME(PS) =      49.250  TEMP(K) =   303.02  PRESS =     0.0
 Etot   =    -50959.4506  EKtot   =     20847.4375  EPtot      =    -71806.8881
 BOND   =     12602.3249  ANGLE   =      1123.0070  DIHED      =      1344.4946
 1-4 NB =       436.4528  1-4 EEL =      4637.9840  VDWAALS    =     12476.9219
 EELEC  =   -104428.0732  EHBOND  =         0.0000  RESTRAINT  =         0.0000
 ------------------------------------------------------------------------------

check COM velocity, temp:        0.000006     0.00(Removed)

 NSTEP =    37000   TIME(PS) =      49.500  TEMP(K) =   302.98  PRESS =     0.0
 Etot   =    -50958.5022  EKtot   =     20844.7148  EPtot      =    -71803.2171
 BOND   =     12782.6509  ANGLE   =      1121.4306  DIHED      =      1311.1236
 1-4 NB =       429.5669  1-4 EEL =      4610.5383  VDWAALS    =     12418.6971
 EELEC  =   -104477.2245  EHBOND  =         0.0000  RESTRAINT  =         0.0000
 ------------------------------------------------------------------------------


 NSTEP =    37500   TIME(PS) =      49.750  TEMP(K) =   304.96  PRESS =     0.0
 Etot   =    -50957.8784  EKtot   =     20980.9883  EPtot      =    -71938.8666
 BOND   =     12572.0086  ANGLE   =      1079.1274  DIHED      =      1320.8295
 1-4 NB =       445.5755  1-4 EEL =      4615.2875  VDWAALS    =     12609.1657
 EELEC  =   -104580.8609  EHBOND  =         0.0000  RESTRAINT  =         0.0000
 ------------------------------------------------------------------------------

check COM velocity, temp:        0.000007     0.00(Removed)

 NSTEP =    38000   TIME(PS) =      50.000  TEMP(K) =   305.39  PRESS =     0.0
 Etot   =    -50956.0878  EKtot   =     21010.9414  EPtot      =    -71967.0292
 BOND   =     12439.5326  ANGLE   =      1086.2954  DIHED      =      1321.8368
 1-4 NB =       442.2697  1-4 EEL =      4563.8222  VDWAALS    =     12539.1347
 EELEC  =   -104359.9206  EHBOND  =         0.0000  RESTRAINT  =         0.0000
 ------------------------------------------------------------------------------


 NSTEP =    38500   TIME(PS) =      50.250  TEMP(K) =   307.22  PRESS =     0.0
 Etot   =    -50961.5653  EKtot   =     21136.7090  EPtot      =    -72098.2743
 BOND   =     12652.8376  ANGLE   =      1071.4211  DIHED      =      1324.8509
 1-4 NB =       440.8252  1-4 EEL =      4637.8117  VDWAALS    =     12587.8387
 EELEC  =   -104813.8594  EHBOND  =         0.0000  RESTRAINT  =         0.0000
 ------------------------------------------------------------------------------

check COM velocity, temp:        0.000012     0.00(Removed)

 NSTEP =    39000   TIME(PS) =      50.500  TEMP(K) =   304.16  PRESS =     0.0
 Etot   =    -50958.8492  EKtot   =     20926.2852  EPtot      =    -71885.1343
 BOND   =     12660.7157  ANGLE   =      1082.5924  DIHED      =      1334.7375
 1-4 NB =       460.4801  1-4 EEL =      4628.4981  VDWAALS    =     12505.8713
 EELEC  =   -104558.0294  EHBOND  =         0.0000  RESTRAINT  =         0.0000
 ------------------------------------------------------------------------------


 NSTEP =    39500   TIME(PS) =      50.750  TEMP(K) =   306.23  PRESS =     0.0
 Etot   =    -50960.3419  EKtot   =     21068.2656  EPtot      =    -72028.6075
 BOND   =     12630.6852  ANGLE   =      1064.4259  DIHED      =      1313.9936
 1-4 NB =       466.4818  1-4 EEL =      4671.9818  VDWAALS    =     12650.1594
 EELEC  =   -104826.3353  EHBOND  =         0.0000  RESTRAINT  =         0.0000
 ------------------------------------------------------------------------------

check COM velocity, temp:        0.000010     0.00(Removed)

 NSTEP =    40000   TIME(PS) =      51.000  TEMP(K) =   305.77  PRESS =     0.0
 Etot   =    -50959.5534  EKtot   =     21036.9082  EPtot      =    -71996.4616
 BOND   =     12555.8933  ANGLE   =      1098.6790  DIHED      =      1303.7113
 1-4 NB =       461.8561  1-4 EEL =      4630.6268  VDWAALS    =     12607.4299
 EELEC  =   -104654.6579  EHBOND  =         0.0000  RESTRAINT  =         0.0000
 ------------------------------------------------------------------------------


      A V E R A G E S   O V E R      80 S T E P S


 NSTEP =    40000   TIME(PS) =      51.000  TEMP(K) =   305.83  PRESS =     0.0
 Etot   =    -50958.9420  EKtot   =     21041.2278  EPtot      =    -72000.1698
 BOND   =     12751.0241  ANGLE   =      1119.3341  DIHED      =      1328.2759
 1-4 NB =       450.0786  1-4 EEL =      4624.5374  VDWAALS    =     12591.9138
 EELEC  =   -104865.3336  EHBOND  =         0.0000  RESTRAINT  =         0.0000
 ------------------------------------------------------------------------------


      R M S  F L U C T U A T I O N S


 NSTEP =    40000   TIME(PS) =      51.000  TEMP(K) =     1.45  PRESS =     0.0
 Etot   =         2.2235  EKtot   =        99.8344  EPtot      =       100.6746
 BOND   =       119.9948  ANGLE   =        39.1354  DIHED      =        15.0315
 1-4 NB =         9.0079  1-4 EEL =        25.1320  VDWAALS    =       132.4244
 EELEC  =       257.2909  EHBOND  =         0.0000  RESTRAINT  =         0.0000
|E(PBS) =         0.9476
 ------------------------------------------------------------------------------

--------------------------------------------------------------------------------
   5.  TIMINGS
--------------------------------------------------------------------------------

|  NonSetup CPU Time in Major Routines:
|
|     Routine           Sec        %
|     ------------------------------
|     Nonbond           7.92   11.92
|     Bond              0.00    0.00
|     Angle             0.00    0.00
|     Dihedral          0.00    0.00
|     Shake             0.00    0.00
|     RunMD            58.42   88.00
|     Other             0.05    0.08
|     ------------------------------
|     Total            66.39

|  PME Nonbond Pairlist CPU Time:
|
|     Routine              Sec        %
|     ---------------------------------
|     Set Up Cit           0.00    0.00
|     Build List           0.00    0.00
|     ---------------------------------
|     Total                0.00    0.00

|  PME Direct Force CPU Time:
|
|     Routine              Sec        %
|     ---------------------------------
|     NonBonded Calc       0.00    0.00
|     Exclude Masked       0.00    0.00
|     Other                0.03    0.04
|     ---------------------------------
|     Total                0.03    0.04

|  PME Reciprocal Force CPU Time:
|
|     Routine              Sec        %
|     ---------------------------------
|     1D bspline           0.00    0.00
|     Grid Charges         0.00    0.00
|     Scalar Sum           0.00    0.00
|     Gradient Sum         0.00    0.00
|     FFT                  0.00    0.00
|     ---------------------------------
|     Total                0.00    0.00

|  Final Performance Info:
|     -----------------------------------------------------
|     Average timings for last    4000 steps:
|     Elapsed(s) =       6.58 Per Step(ms) =       1.64
|         ns/day =      26.27   seconds/ns =    3289.02
|
|     Average timings for all steps:
|     Elapsed(s) =      67.22 Per Step(ms) =       1.68
|         ns/day =      25.71   seconds/ns =    3360.97
|     -----------------------------------------------------

|  Setup CPU time:            2.50 seconds
|  NonSetup CPU time:        66.39 seconds
|  Total CPU time:           68.88 seconds     0.02 hours

|  Setup wall time:           3    seconds
|  NonSetup wall time:       67    seconds
|  Total wall time:          70    seconds     0.02 hours
