
          -------------------------------------------------------
          Amber 16 PMEMD                              2016
          -------------------------------------------------------

| PMEMD implementation of SANDER, Release 16

| Run on 08/25/2017 at 14:09:38

|   Executable path: /apps/amber16/bin/pmemd.cuda
| Working directory: /scratch/pbarletta/pdz/run/lb/neq/data/larga_4
|          Hostname: mordor

  [-O]verwriting output

File Assignments:
|   MDIN: pdt.in                                                                
|  MDOUT: T275pplb_4.out                                                        
| INPCRD: /scratch/pbarletta/pdz/run/lb/neq/data/corta_4/T275plb_4.rst7         
|   PARM: /scratch/pbarletta/pdz/top_files/lb.prmtop                            
| RESTRT: T275pplb_4.rst7                                                       
|   REFC: refc                                                                  
|  MDVEL: mdvel                                                                 
|   MDEN: mden                                                                  
|  MDCRD: T275pplb_4.nc                                                         
| MDINFO: mdinfo                                                                
|  MDFRC: mdfrc                                                                 


 Here is the input file:

!NVE run                                                                       
&cntrl                                                                         
imin = 0,                           ! No Minimization                          
nmropt = 0,                         ! No NMR restraints read                   
                                                                               
! Nature and format of the input                                               
ntx = 5,                            ! Coordinates will be read, assign new velo
irest = 1,                          ! Do not run a new simulation              
                                                                               
! Nature and format of the output                                              
ioutfm = 1,			    ! NetCDF format for output files                             
ntxo = 1,                           ! rstrt file in ASCII format               
ntpr = 500,                         ! inf in output every ntpr steps           
ntwr = 500,                         ! rstrt file every ntwr steps              
ntwx = 100,                         ! mdcrd file every ntwx steps              
ntwv = -1,                          ! mdvel without velocities                 
ntwe = 0,                           ! Energies and temperatures not written in 
idecomp = 0,                        ! No energy decomposition                  
iwrap = 1,                          ! Coordinates of the restart and mdcrd file
                                                                               
! Frozen or restrained atoms                                                   
ibelly = 0,                         ! No frozen atoms                          
ntr=0,                              ! Harmonic potential restraints            
                                                                               
! Molecular dynamics                                                           
nstlim = 40000,                      ! Number of MD-steps                      
dt = 0.0005,                        ! Time step                                
                                                                               
! Temperature regulation                                                       
ntt = 0,                            ! Constant total energy                    
                                                                               
! P and V regulation                                                           
ntp = 0,                            ! No P control                             
ntb = 1,                            ! constant V                               
                                                                               
! SHAKE variables                                                              
ntc = 1,                            ! Bonds involving H are constrained        
ntf = 1,                            ! Bond interaction involving H are ommited.
                                                                               
cut = 9.0,                          ! Nonbonded cutoff                         
/                                                                              
&end                                                                           


Note: ig = -1. Setting random seed to   705514 based on wallclock time in 
      microseconds.
| irandom = 1, using AMBER's internal random number generator (default).
 
|--------------------- INFORMATION ----------------------
| GPU (CUDA) Version of PMEMD in use: NVIDIA GPU IN USE.
|                    Version 16.0.0
| 
|                      02/25/2016
| 
| Implementation by:
|                    Ross C. Walker     (SDSC)
|                    Scott Le Grand     (nVIDIA)
| 
| Precision model in use:
|      [SPFP] - Single Precision Forces, 64-bit Fixed Point
|               Accumulation. (Default)
| 
|--------------------------------------------------------
 
|----------------- CITATION INFORMATION -----------------
|
|    When publishing work that utilized the CUDA version
|    of AMBER, please cite the following in addition to
|    the regular AMBER citations:
|
|  - Romelia Salomon-Ferrer; Andreas W. Goetz; Duncan
|    Poole; Scott Le Grand; Ross C. Walker "Routine
|    microsecond molecular dynamics simulations with
|    AMBER - Part II: Particle Mesh Ewald", J. Chem.
|    Theory Comput., 2013, 9 (9), pp3878-3888,
|    DOI: 10.1021/ct400314y.
|
|  - Andreas W. Goetz; Mark J. Williamson; Dong Xu;
|    Duncan Poole; Scott Le Grand; Ross C. Walker
|    "Routine microsecond molecular dynamics simulations
|    with AMBER - Part I: Generalized Born", J. Chem.
|    Theory Comput., 2012, 8 (5), pp1542-1555.
|
|  - Scott Le Grand; Andreas W. Goetz; Ross C. Walker
|    "SPFP: Speed without compromise - a mixed precision
|    model for GPU accelerated molecular dynamics
|    simulations.", Comp. Phys. Comm., 2013, 184
|    pp374-380, DOI: 10.1016/j.cpc.2012.09.022
|
|--------------------------------------------------------
 
|------------------- GPU DEVICE INFO --------------------
|
|            CUDA_VISIBLE_DEVICES: 1
|   CUDA Capable Devices Detected:      1
|           CUDA Device ID in use:      0
|                CUDA Device Name: GeForce GTX TITAN
|     CUDA Device Global Mem Size:   6082 MB
| CUDA Device Num Multiprocessors:     14
|           CUDA Device Core Freq:   0.93 GHz
|
|--------------------------------------------------------
 
 
| Conditional Compilation Defines Used:
| PUBFFT
| BINTRAJ
| CUDA
| EMIL

| Largest sphere to fit in unit cell has radius =    26.281

| New format PARM file being parsed.
| Version =    1.000 Date = 09/04/12 Time = 16:08:43

| Note: 1-4 EEL scale factors are being read from the topology file.

| Note: 1-4 VDW scale factors are being read from the topology file.
| Duplicated    0 dihedrals

| Duplicated    0 dihedrals

--------------------------------------------------------------------------------
   1.  RESOURCE   USE: 
--------------------------------------------------------------------------------

 getting new box info from bottom of inpcrd
 NATOM  =   23082 NTYPES =      16 NBONH =   22055 MBONA  =    1038
 NTHETH =    2390 MTHETA =    1396 NPHIH =    4631 MPHIA  =    3488
 NHPARM =       0 NPARM  =       0 NNB   =   39434 NRES   =    7134
 NBONA  =    1038 NTHETA =    1396 NPHIA =    3488 NUMBND =      41
 NUMANG =      86 NPTRA  =      41 NATYP =      28 NPHB   =       1
 IFBOX  =       1 NMXRS  =      24 IFCAP =       0 NEXTRA =       0
 NCOPY  =       0

| Coordinate Index Table dimensions:    12   14   10
| Direct force subcell size =     5.0212    5.2012    5.2562

     BOX TYPE: RECTILINEAR

--------------------------------------------------------------------------------
   2.  CONTROL  DATA  FOR  THE  RUN
--------------------------------------------------------------------------------

default_name                                                                    

General flags:
     imin    =       0, nmropt  =       0

Nature and format of input:
     ntx     =       5, irest   =       1, ntrx    =       1

Nature and format of output:
     ntxo    =       1, ntpr    =     500, ntrx    =       1, ntwr    =     500
     iwrap   =       1, ntwx    =     100, ntwv    =      -1, ntwe    =       0
     ioutfm  =       1, ntwprt  =       0, idecomp =       0, rbornstat=      0

Potential function:
     ntf     =       1, ntb     =       1, igb     =       0, nsnb    =      25
     ipol    =       0, gbsa    =       0, iesp    =       0
     dielc   =   1.00000, cut     =   9.00000, intdiel =   1.00000

Frozen or restrained atoms:
     ibelly  =       0, ntr     =       0

Molecular dynamics:
     nstlim  =     40000, nscm    =      1000, nrespa  =         1
     t       =   0.00000, dt      =   0.00050, vlimit  =  -1.00000

| Intermolecular bonds treatment:
|     no_intermolecular_bonds =       1

| Energy averages sample interval:
|     ene_avg_sampling =     500

Ewald parameters:
     verbose =       0, ew_type =       0, nbflag  =       1, use_pme =       1
     vdwmeth =       1, eedmeth =       1, netfrc  =       1
     Box X =   60.254   Box Y =   72.816   Box Z =   52.562
     Alpha =   90.000   Beta  =   90.000   Gamma =   90.000
     NFFT1 =   64       NFFT2 =   80       NFFT3 =   56
     Cutoff=    9.000   Tol   =0.100E-04
     Ewald Coefficient =  0.30768
     Interpolation order =    4

--------------------------------------------------------------------------------
   3.  ATOMIC COORDINATES AND VELOCITIES
--------------------------------------------------------------------------------

default_name                                                                    
 begin time read from input coords =    31.000 ps

 
 Number of triangulated 3-point waters found:     7002

     Sum of charges from parm topology file =  -0.00000008
     Forcing neutrality...

| Dynamic Memory, Types Used:
| Reals              710578
| Integers           737140

| Nonbonded Pairs Initial Allocation:     5262696

| GPU memory information (estimate):
| KB of GPU memory in use:     63171
| KB of CPU memory in use:     27891

--------------------------------------------------------------------------------
   4.  RESULTS
--------------------------------------------------------------------------------

 ---------------------------------------------------
 APPROXIMATING switch and d/dx switch using CUBIC SPLINE INTERPOLATION
 using   5000.0 points per unit in tabled values
 TESTING RELATIVE ERROR over r ranging from 0.0 to cutoff
| CHECK switch(x): max rel err =   0.2738E-14   at   2.422500
| CHECK d/dx switch(x): max rel err =   0.8314E-11   at   2.736960
 ---------------------------------------------------
|---------------------------------------------------
| APPROXIMATING direct energy using CUBIC SPLINE INTERPOLATION
|  with   50.0 points per unit in tabled values
| Relative Error Limit not exceeded for r .gt.   2.39
| APPROXIMATING direct force using CUBIC SPLINE INTERPOLATION
|  with   50.0 points per unit in tabled values
| Relative Error Limit not exceeded for r .gt.   2.84
|---------------------------------------------------

 NSTEP =      500   TIME(PS) =      31.250  TEMP(K) =   306.41  PRESS =     0.0
 Etot   =    -51109.8838  EKtot   =     21080.8125  EPtot      =    -72190.6963
 BOND   =     12716.0523  ANGLE   =      1200.1130  DIHED      =      1343.6578
 1-4 NB =       448.9173  1-4 EEL =      4594.9133  VDWAALS    =     12962.2528
 EELEC  =   -105456.6030  EHBOND  =         0.0000  RESTRAINT  =         0.0000
 ------------------------------------------------------------------------------

check COM velocity, temp:        0.000004     0.00(Removed)

 NSTEP =     1000   TIME(PS) =      31.500  TEMP(K) =   305.37  PRESS =     0.0
 Etot   =    -51106.1847  EKtot   =     21009.5605  EPtot      =    -72115.7452
 BOND   =     12969.6472  ANGLE   =      1196.5205  DIHED      =      1335.8440
 1-4 NB =       427.9681  1-4 EEL =      4566.5938  VDWAALS    =     12900.9693
 EELEC  =   -105513.2880  EHBOND  =         0.0000  RESTRAINT  =         0.0000
 ------------------------------------------------------------------------------


 NSTEP =     1500   TIME(PS) =      31.750  TEMP(K) =   305.07  PRESS =     0.0
 Etot   =    -51108.3256  EKtot   =     20988.4707  EPtot      =    -72096.7963
 BOND   =     12991.9022  ANGLE   =      1199.5974  DIHED      =      1333.8251
 1-4 NB =       447.0658  1-4 EEL =      4577.9194  VDWAALS    =     12778.0164
 EELEC  =   -105425.1227  EHBOND  =         0.0000  RESTRAINT  =         0.0000
 ------------------------------------------------------------------------------

check COM velocity, temp:        0.000006     0.00(Removed)

 NSTEP =     2000   TIME(PS) =      32.000  TEMP(K) =   304.65  PRESS =     0.0
 Etot   =    -51108.0149  EKtot   =     20959.6191  EPtot      =    -72067.6341
 BOND   =     13035.9883  ANGLE   =      1178.0684  DIHED      =      1347.6462
 1-4 NB =       429.3345  1-4 EEL =      4559.1907  VDWAALS    =     12517.7440
 EELEC  =   -105135.6062  EHBOND  =         0.0000  RESTRAINT  =         0.0000
 ------------------------------------------------------------------------------


 NSTEP =     2500   TIME(PS) =      32.250  TEMP(K) =   305.00  PRESS =     0.0
 Etot   =    -51106.2196  EKtot   =     20984.0625  EPtot      =    -72090.2821
 BOND   =     12941.6916  ANGLE   =      1144.9802  DIHED      =      1316.7134
 1-4 NB =       446.6557  1-4 EEL =      4621.1497  VDWAALS    =     12716.3671
 EELEC  =   -105277.8399  EHBOND  =         0.0000  RESTRAINT  =         0.0000
 ------------------------------------------------------------------------------

check COM velocity, temp:        0.000002     0.00(Removed)

 NSTEP =     3000   TIME(PS) =      32.500  TEMP(K) =   304.88  PRESS =     0.0
 Etot   =    -51103.1528  EKtot   =     20975.4160  EPtot      =    -72078.5688
 BOND   =     12900.7129  ANGLE   =      1175.5231  DIHED      =      1340.3287
 1-4 NB =       427.9250  1-4 EEL =      4593.1397  VDWAALS    =     12710.6152
 EELEC  =   -105226.8134  EHBOND  =         0.0000  RESTRAINT  =         0.0000
 ------------------------------------------------------------------------------


 NSTEP =     3500   TIME(PS) =      32.750  TEMP(K) =   306.50  PRESS =     0.0
 Etot   =    -51108.6896  EKtot   =     21087.1289  EPtot      =    -72195.8185
 BOND   =     12858.1568  ANGLE   =      1193.0724  DIHED      =      1331.3541
 1-4 NB =       440.2684  1-4 EEL =      4551.6254  VDWAALS    =     12690.7394
 EELEC  =   -105261.0350  EHBOND  =         0.0000  RESTRAINT  =         0.0000
 ------------------------------------------------------------------------------

check COM velocity, temp:        0.000003     0.00(Removed)

 NSTEP =     4000   TIME(PS) =      33.000  TEMP(K) =   306.73  PRESS =     0.0
 Etot   =    -51109.2869  EKtot   =     21102.7207  EPtot      =    -72212.0076
 BOND   =     12786.1656  ANGLE   =      1202.9100  DIHED      =      1336.6564
 1-4 NB =       451.6089  1-4 EEL =      4584.9141  VDWAALS    =     12577.4560
 EELEC  =   -105151.7186  EHBOND  =         0.0000  RESTRAINT  =         0.0000
 ------------------------------------------------------------------------------


 NSTEP =     4500   TIME(PS) =      33.250  TEMP(K) =   304.71  PRESS =     0.0
 Etot   =    -51109.9590  EKtot   =     20963.7949  EPtot      =    -72073.7539
 BOND   =     12973.6252  ANGLE   =      1183.1917  DIHED      =      1333.9103
 1-4 NB =       431.4422  1-4 EEL =      4587.9688  VDWAALS    =     12606.7505
 EELEC  =   -105190.6427  EHBOND  =         0.0000  RESTRAINT  =         0.0000
 ------------------------------------------------------------------------------

check COM velocity, temp:        0.000004     0.00(Removed)

 NSTEP =     5000   TIME(PS) =      33.500  TEMP(K) =   305.02  PRESS =     0.0
 Etot   =    -51108.8849  EKtot   =     20985.5488  EPtot      =    -72094.4337
 BOND   =     12820.1028  ANGLE   =      1169.7028  DIHED      =      1332.6055
 1-4 NB =       448.1324  1-4 EEL =      4572.4506  VDWAALS    =     12716.5271
 EELEC  =   -105153.9549  EHBOND  =         0.0000  RESTRAINT  =         0.0000
 ------------------------------------------------------------------------------


 NSTEP =     5500   TIME(PS) =      33.750  TEMP(K) =   308.29  PRESS =     0.0
 Etot   =    -51109.6710  EKtot   =     21209.9316  EPtot      =    -72319.6027
 BOND   =     12797.6931  ANGLE   =      1159.7782  DIHED      =      1349.6866
 1-4 NB =       423.2274  1-4 EEL =      4564.9752  VDWAALS    =     12653.9141
 EELEC  =   -105268.8772  EHBOND  =         0.0000  RESTRAINT  =         0.0000
 ------------------------------------------------------------------------------

check COM velocity, temp:        0.000005     0.00(Removed)

 NSTEP =     6000   TIME(PS) =      34.000  TEMP(K) =   307.67  PRESS =     0.0
 Etot   =    -51114.2199  EKtot   =     21167.4805  EPtot      =    -72281.7004
 BOND   =     12839.7873  ANGLE   =      1156.6153  DIHED      =      1320.8730
 1-4 NB =       441.2945  1-4 EEL =      4542.4658  VDWAALS    =     12623.6613
 EELEC  =   -105206.3976  EHBOND  =         0.0000  RESTRAINT  =         0.0000
 ------------------------------------------------------------------------------


 NSTEP =     6500   TIME(PS) =      34.250  TEMP(K) =   304.63  PRESS =     0.0
 Etot   =    -51110.6439  EKtot   =     20958.0820  EPtot      =    -72068.7259
 BOND   =     12651.9380  ANGLE   =      1123.9390  DIHED      =      1331.1515
 1-4 NB =       438.8225  1-4 EEL =      4625.2223  VDWAALS    =     12457.1498
 EELEC  =   -104696.9490  EHBOND  =         0.0000  RESTRAINT  =         0.0000
 ------------------------------------------------------------------------------

check COM velocity, temp:        0.000005     0.00(Removed)

 NSTEP =     7000   TIME(PS) =      34.500  TEMP(K) =   305.84  PRESS =     0.0
 Etot   =    -51106.9750  EKtot   =     21041.8398  EPtot      =    -72148.8149
 BOND   =     12798.0121  ANGLE   =      1118.7318  DIHED      =      1331.8088
 1-4 NB =       460.2682  1-4 EEL =      4602.2326  VDWAALS    =     12554.3913
 EELEC  =   -105014.2597  EHBOND  =         0.0000  RESTRAINT  =         0.0000
 ------------------------------------------------------------------------------


 NSTEP =     7500   TIME(PS) =      34.750  TEMP(K) =   303.80  PRESS =     0.0
 Etot   =    -51105.2641  EKtot   =     20901.0781  EPtot      =    -72006.3423
 BOND   =     12758.7237  ANGLE   =      1165.8276  DIHED      =      1337.1402
 1-4 NB =       433.6266  1-4 EEL =      4580.8670  VDWAALS    =     12536.1060
 EELEC  =   -104818.6333  EHBOND  =         0.0000  RESTRAINT  =         0.0000
 ------------------------------------------------------------------------------

check COM velocity, temp:        0.000008     0.00(Removed)

 NSTEP =     8000   TIME(PS) =      35.000  TEMP(K) =   304.95  PRESS =     0.0
 Etot   =    -51107.0784  EKtot   =     20980.3535  EPtot      =    -72087.4319
 BOND   =     12731.7626  ANGLE   =      1172.3995  DIHED      =      1364.7151
 1-4 NB =       440.0998  1-4 EEL =      4557.5972  VDWAALS    =     12685.4911
 EELEC  =   -105039.4973  EHBOND  =         0.0000  RESTRAINT  =         0.0000
 ------------------------------------------------------------------------------


 NSTEP =     8500   TIME(PS) =      35.250  TEMP(K) =   305.66  PRESS =     0.0
 Etot   =    -51108.2705  EKtot   =     21029.1602  EPtot      =    -72137.4306
 BOND   =     12681.6215  ANGLE   =      1136.2728  DIHED      =      1323.0424
 1-4 NB =       437.0573  1-4 EEL =      4559.4406  VDWAALS    =     12633.6308
 EELEC  =   -104908.4961  EHBOND  =         0.0000  RESTRAINT  =         0.0000
 ------------------------------------------------------------------------------

check COM velocity, temp:        0.000006     0.00(Removed)

 NSTEP =     9000   TIME(PS) =      35.500  TEMP(K) =   303.76  PRESS =     0.0
 Etot   =    -51105.0672  EKtot   =     20898.4238  EPtot      =    -72003.4910
 BOND   =     12829.1745  ANGLE   =      1142.7619  DIHED      =      1315.1101
 1-4 NB =       452.2805  1-4 EEL =      4591.2779  VDWAALS    =     12806.8368
 EELEC  =   -105140.9328  EHBOND  =         0.0000  RESTRAINT  =         0.0000
 ------------------------------------------------------------------------------


 NSTEP =     9500   TIME(PS) =      35.750  TEMP(K) =   304.92  PRESS =     0.0
 Etot   =    -51107.7618  EKtot   =     20978.4180  EPtot      =    -72086.1798
 BOND   =     12885.3215  ANGLE   =      1162.5023  DIHED      =      1308.5136
 1-4 NB =       433.1494  1-4 EEL =      4597.4133  VDWAALS    =     12440.6459
 EELEC  =   -104913.7258  EHBOND  =         0.0000  RESTRAINT  =         0.0000
 ------------------------------------------------------------------------------

check COM velocity, temp:        0.000006     0.00(Removed)

 NSTEP =    10000   TIME(PS) =      36.000  TEMP(K) =   306.35  PRESS =     0.0
 Etot   =    -51109.6354  EKtot   =     21076.4844  EPtot      =    -72186.1198
 BOND   =     12848.7703  ANGLE   =      1120.9942  DIHED      =      1302.3663
 1-4 NB =       437.5576  1-4 EEL =      4579.9484  VDWAALS    =     12863.3165
 EELEC  =   -105339.0731  EHBOND  =         0.0000  RESTRAINT  =         0.0000
 ------------------------------------------------------------------------------


 NSTEP =    10500   TIME(PS) =      36.250  TEMP(K) =   305.56  PRESS =     0.0
 Etot   =    -51109.1564  EKtot   =     21022.3184  EPtot      =    -72131.4748
 BOND   =     12784.3675  ANGLE   =      1115.6413  DIHED      =      1325.0170
 1-4 NB =       453.6770  1-4 EEL =      4617.8795  VDWAALS    =     12753.4906
 EELEC  =   -105181.5476  EHBOND  =         0.0000  RESTRAINT  =         0.0000
 ------------------------------------------------------------------------------

check COM velocity, temp:        0.000008     0.00(Removed)

 NSTEP =    11000   TIME(PS) =      36.500  TEMP(K) =   306.69  PRESS =     0.0
 Etot   =    -51109.5605  EKtot   =     21100.1641  EPtot      =    -72209.7245
 BOND   =     12666.7787  ANGLE   =      1138.9427  DIHED      =      1325.1641
 1-4 NB =       453.2109  1-4 EEL =      4608.9266  VDWAALS    =     12661.9914
 EELEC  =   -105064.7388  EHBOND  =         0.0000  RESTRAINT  =         0.0000
 ------------------------------------------------------------------------------


 NSTEP =    11500   TIME(PS) =      36.750  TEMP(K) =   307.98  PRESS =     0.0
 Etot   =    -51112.9954  EKtot   =     21188.9238  EPtot      =    -72301.9193
 BOND   =     12619.9305  ANGLE   =      1103.6087  DIHED      =      1311.8728
 1-4 NB =       439.9602  1-4 EEL =      4580.2778  VDWAALS    =     12675.3133
 EELEC  =   -105032.8826  EHBOND  =         0.0000  RESTRAINT  =         0.0000
 ------------------------------------------------------------------------------

check COM velocity, temp:        0.000001     0.00(Removed)

 NSTEP =    12000   TIME(PS) =      37.000  TEMP(K) =   305.56  PRESS =     0.0
 Etot   =    -51108.6177  EKtot   =     21022.5469  EPtot      =    -72131.1646
 BOND   =     12607.2763  ANGLE   =      1068.1655  DIHED      =      1304.8369
 1-4 NB =       439.0861  1-4 EEL =      4569.6159  VDWAALS    =     12433.6723
 EELEC  =   -104553.8175  EHBOND  =         0.0000  RESTRAINT  =         0.0000
 ------------------------------------------------------------------------------


 NSTEP =    12500   TIME(PS) =      37.250  TEMP(K) =   305.54  PRESS =     0.0
 Etot   =    -51110.6372  EKtot   =     21021.2715  EPtot      =    -72131.9087
 BOND   =     12637.4504  ANGLE   =      1116.6359  DIHED      =      1332.8842
 1-4 NB =       430.5079  1-4 EEL =      4611.7767  VDWAALS    =     12361.7495
 EELEC  =   -104622.9133  EHBOND  =         0.0000  RESTRAINT  =         0.0000
 ------------------------------------------------------------------------------

check COM velocity, temp:        0.000010     0.00(Removed)

 NSTEP =    13000   TIME(PS) =      37.500  TEMP(K) =   305.09  PRESS =     0.0
 Etot   =    -51110.8421  EKtot   =     20989.8105  EPtot      =    -72100.6527
 BOND   =     12699.3183  ANGLE   =      1094.0246  DIHED      =      1325.0825
 1-4 NB =       442.9919  1-4 EEL =      4615.7870  VDWAALS    =     12567.9949
 EELEC  =   -104845.8519  EHBOND  =         0.0000  RESTRAINT  =         0.0000
 ------------------------------------------------------------------------------


 NSTEP =    13500   TIME(PS) =      37.750  TEMP(K) =   306.87  PRESS =     0.0
 Etot   =    -51110.6208  EKtot   =     21112.2637  EPtot      =    -72222.8845
 BOND   =     12751.2739  ANGLE   =      1117.2132  DIHED      =      1334.8973
 1-4 NB =       437.1887  1-4 EEL =      4573.6470  VDWAALS    =     12580.8796
 EELEC  =   -105017.9841  EHBOND  =         0.0000  RESTRAINT  =         0.0000
 ------------------------------------------------------------------------------

check COM velocity, temp:        0.000007     0.00(Removed)

 NSTEP =    14000   TIME(PS) =      38.000  TEMP(K) =   306.31  PRESS =     0.0
 Etot   =    -51114.3236  EKtot   =     21073.7363  EPtot      =    -72188.0599
 BOND   =     12827.9757  ANGLE   =      1069.9849  DIHED      =      1316.4249
 1-4 NB =       447.3332  1-4 EEL =      4591.3644  VDWAALS    =     12651.4384
 EELEC  =   -105092.5814  EHBOND  =         0.0000  RESTRAINT  =         0.0000
 ------------------------------------------------------------------------------


 NSTEP =    14500   TIME(PS) =      38.250  TEMP(K) =   305.12  PRESS =     0.0
 Etot   =    -51111.0081  EKtot   =     20992.3887  EPtot      =    -72103.3968
 BOND   =     12750.7941  ANGLE   =      1081.8549  DIHED      =      1327.4773
 1-4 NB =       442.8087  1-4 EEL =      4562.0645  VDWAALS    =     12720.3847
 EELEC  =   -104988.7810  EHBOND  =         0.0000  RESTRAINT  =         0.0000
 ------------------------------------------------------------------------------

check COM velocity, temp:        0.000009     0.00(Removed)

 NSTEP =    15000   TIME(PS) =      38.500  TEMP(K) =   306.24  PRESS =     0.0
 Etot   =    -51108.3567  EKtot   =     21069.1973  EPtot      =    -72177.5540
 BOND   =     12786.6898  ANGLE   =      1071.3015  DIHED      =      1329.7151
 1-4 NB =       426.4883  1-4 EEL =      4620.5826  VDWAALS    =     12961.2718
 EELEC  =   -105373.6030  EHBOND  =         0.0000  RESTRAINT  =         0.0000
 ------------------------------------------------------------------------------


 NSTEP =    15500   TIME(PS) =      38.750  TEMP(K) =   304.81  PRESS =     0.0
 Etot   =    -51109.6739  EKtot   =     20970.9707  EPtot      =    -72080.6446
 BOND   =     12803.9314  ANGLE   =      1109.3068  DIHED      =      1342.9090
 1-4 NB =       428.3976  1-4 EEL =      4569.3076  VDWAALS    =     12591.2230
 EELEC  =   -104925.7200  EHBOND  =         0.0000  RESTRAINT  =         0.0000
 ------------------------------------------------------------------------------

check COM velocity, temp:        0.000008     0.00(Removed)

 NSTEP =    16000   TIME(PS) =      39.000  TEMP(K) =   305.28  PRESS =     0.0
 Etot   =    -51106.3152  EKtot   =     21002.9824  EPtot      =    -72109.2977
 BOND   =     12872.4438  ANGLE   =      1068.4394  DIHED      =      1330.8947
 1-4 NB =       437.9376  1-4 EEL =      4601.2439  VDWAALS    =     12633.9828
 EELEC  =   -105054.2398  EHBOND  =         0.0000  RESTRAINT  =         0.0000
 ------------------------------------------------------------------------------


 NSTEP =    16500   TIME(PS) =      39.250  TEMP(K) =   304.91  PRESS =     0.0
 Etot   =    -51108.8726  EKtot   =     20977.8887  EPtot      =    -72086.7613
 BOND   =     12887.4663  ANGLE   =      1103.4926  DIHED      =      1321.2811
 1-4 NB =       447.1189  1-4 EEL =      4567.7672  VDWAALS    =     12509.9328
 EELEC  =   -104923.8203  EHBOND  =         0.0000  RESTRAINT  =         0.0000
 ------------------------------------------------------------------------------

check COM velocity, temp:        0.000001     0.00(Removed)

 NSTEP =    17000   TIME(PS) =      39.500  TEMP(K) =   306.66  PRESS =     0.0
 Etot   =    -51109.6527  EKtot   =     21097.7383  EPtot      =    -72207.3909
 BOND   =     12715.6714  ANGLE   =      1121.5667  DIHED      =      1312.5436
 1-4 NB =       448.2676  1-4 EEL =      4599.2793  VDWAALS    =     12803.7123
 EELEC  =   -105208.4317  EHBOND  =         0.0000  RESTRAINT  =         0.0000
 ------------------------------------------------------------------------------


 NSTEP =    17500   TIME(PS) =      39.750  TEMP(K) =   304.72  PRESS =     0.0
 Etot   =    -51108.5594  EKtot   =     20964.8008  EPtot      =    -72073.3602
 BOND   =     12744.4239  ANGLE   =      1096.2610  DIHED      =      1281.5030
 1-4 NB =       439.5388  1-4 EEL =      4583.5011  VDWAALS    =     12680.5888
 EELEC  =   -104899.1768  EHBOND  =         0.0000  RESTRAINT  =         0.0000
 ------------------------------------------------------------------------------

check COM velocity, temp:        0.000003     0.00(Removed)

 NSTEP =    18000   TIME(PS) =      40.000  TEMP(K) =   306.33  PRESS =     0.0
 Etot   =    -51110.3962  EKtot   =     21075.6113  EPtot      =    -72186.0075
 BOND   =     12798.6962  ANGLE   =      1076.4503  DIHED      =      1299.9383
 1-4 NB =       450.6601  1-4 EEL =      4657.8049  VDWAALS    =     12396.3966
 EELEC  =   -104865.9539  EHBOND  =         0.0000  RESTRAINT  =         0.0000
 ------------------------------------------------------------------------------


 NSTEP =    18500   TIME(PS) =      40.250  TEMP(K) =   305.00  PRESS =     0.0
 Etot   =    -51110.7906  EKtot   =     20983.7207  EPtot      =    -72094.5113
 BOND   =     12763.6888  ANGLE   =      1108.7812  DIHED      =      1322.1226
 1-4 NB =       451.3011  1-4 EEL =      4605.7049  VDWAALS    =     12346.8664
 EELEC  =   -104692.9763  EHBOND  =         0.0000  RESTRAINT  =         0.0000
 ------------------------------------------------------------------------------

check COM velocity, temp:        0.000005     0.00(Removed)

 NSTEP =    19000   TIME(PS) =      40.500  TEMP(K) =   306.44  PRESS =     0.0
 Etot   =    -51109.1433  EKtot   =     21083.2520  EPtot      =    -72192.3953
 BOND   =     12727.5601  ANGLE   =      1091.1034  DIHED      =      1334.4474
 1-4 NB =       443.4533  1-4 EEL =      4600.3175  VDWAALS    =     12641.7515
 EELEC  =   -105031.0286  EHBOND  =         0.0000  RESTRAINT  =         0.0000
 ------------------------------------------------------------------------------


 NSTEP =    19500   TIME(PS) =      40.750  TEMP(K) =   304.05  PRESS =     0.0
 Etot   =    -51107.7061  EKtot   =     20918.5762  EPtot      =    -72026.2823
 BOND   =     12815.4446  ANGLE   =      1070.9371  DIHED      =      1310.7120
 1-4 NB =       442.7106  1-4 EEL =      4564.8727  VDWAALS    =     12358.8901
 EELEC  =   -104589.8493  EHBOND  =         0.0000  RESTRAINT  =         0.0000
 ------------------------------------------------------------------------------

check COM velocity, temp:        0.000006     0.00(Removed)

 NSTEP =    20000   TIME(PS) =      41.000  TEMP(K) =   303.53  PRESS =     0.0
 Etot   =    -51108.2685  EKtot   =     20882.5938  EPtot      =    -71990.8623
 BOND   =     13002.4303  ANGLE   =      1100.8308  DIHED      =      1291.8824
 1-4 NB =       445.6722  1-4 EEL =      4575.4367  VDWAALS    =     12721.5448
 EELEC  =   -105128.6595  EHBOND  =         0.0000  RESTRAINT  =         0.0000
 ------------------------------------------------------------------------------


 NSTEP =    20500   TIME(PS) =      41.250  TEMP(K) =   304.11  PRESS =     0.0
 Etot   =    -51110.6547  EKtot   =     20922.9395  EPtot      =    -72033.5941
 BOND   =     12823.5317  ANGLE   =      1086.3181  DIHED      =      1313.3203
 1-4 NB =       434.8162  1-4 EEL =      4557.4932  VDWAALS    =     12684.0710
 EELEC  =   -104933.1447  EHBOND  =         0.0000  RESTRAINT  =         0.0000
 ------------------------------------------------------------------------------

check COM velocity, temp:        0.000007     0.00(Removed)

 NSTEP =    21000   TIME(PS) =      41.500  TEMP(K) =   308.32  PRESS =     0.0
 Etot   =    -51108.8335  EKtot   =     21212.4160  EPtot      =    -72321.2495
 BOND   =     12678.9143  ANGLE   =      1102.5426  DIHED      =      1299.6644
 1-4 NB =       432.5718  1-4 EEL =      4559.2066  VDWAALS    =     12661.4526
 EELEC  =   -105055.6018  EHBOND  =         0.0000  RESTRAINT  =         0.0000
 ------------------------------------------------------------------------------


 NSTEP =    21500   TIME(PS) =      41.750  TEMP(K) =   304.82  PRESS =     0.0
 Etot   =    -51110.7946  EKtot   =     20971.1621  EPtot      =    -72081.9568
 BOND   =     12688.9639  ANGLE   =      1119.5089  DIHED      =      1322.7961
 1-4 NB =       423.7228  1-4 EEL =      4540.8313  VDWAALS    =     12508.6687
 EELEC  =   -104686.4485  EHBOND  =         0.0000  RESTRAINT  =         0.0000
 ------------------------------------------------------------------------------

check COM velocity, temp:        0.000008     0.00(Removed)

 NSTEP =    22000   TIME(PS) =      42.000  TEMP(K) =   304.34  PRESS =     0.0
 Etot   =    -51109.8751  EKtot   =     20938.7852  EPtot      =    -72048.6602
 BOND   =     12410.1821  ANGLE   =      1075.4347  DIHED      =      1325.7260
 1-4 NB =       440.0973  1-4 EEL =      4578.6163  VDWAALS    =     12774.7729
 EELEC  =   -104653.4895  EHBOND  =         0.0000  RESTRAINT  =         0.0000
 ------------------------------------------------------------------------------


 NSTEP =    22500   TIME(PS) =      42.250  TEMP(K) =   306.03  PRESS =     0.0
 Etot   =    -51111.0874  EKtot   =     21054.8770  EPtot      =    -72165.9644
 BOND   =     12517.8367  ANGLE   =      1055.3020  DIHED      =      1306.2734
 1-4 NB =       441.3100  1-4 EEL =      4576.9062  VDWAALS    =     12696.0563
 EELEC  =   -104759.6490  EHBOND  =         0.0000  RESTRAINT  =         0.0000
 ------------------------------------------------------------------------------

check COM velocity, temp:        0.000003     0.00(Removed)

 NSTEP =    23000   TIME(PS) =      42.500  TEMP(K) =   306.49  PRESS =     0.0
 Etot   =    -51111.7062  EKtot   =     21086.2695  EPtot      =    -72197.9757
 BOND   =     12781.4426  ANGLE   =      1032.5271  DIHED      =      1317.4494
 1-4 NB =       459.4989  1-4 EEL =      4600.9865  VDWAALS    =     12489.2173
 EELEC  =   -104879.0975  EHBOND  =         0.0000  RESTRAINT  =         0.0000
 ------------------------------------------------------------------------------


 NSTEP =    23500   TIME(PS) =      42.750  TEMP(K) =   305.25  PRESS =     0.0
 Etot   =    -51106.7687  EKtot   =     21000.8633  EPtot      =    -72107.6320
 BOND   =     12886.6294  ANGLE   =      1097.4876  DIHED      =      1335.3137
 1-4 NB =       445.2702  1-4 EEL =      4577.8115  VDWAALS    =     13002.8863
 EELEC  =   -105453.0306  EHBOND  =         0.0000  RESTRAINT  =         0.0000
 ------------------------------------------------------------------------------

check COM velocity, temp:        0.000006     0.00(Removed)

 NSTEP =    24000   TIME(PS) =      43.000  TEMP(K) =   303.22  PRESS =     0.0
 Etot   =    -51104.4385  EKtot   =     20861.4473  EPtot      =    -71965.8857
 BOND   =     12960.7849  ANGLE   =      1092.6531  DIHED      =      1311.8364
 1-4 NB =       435.3567  1-4 EEL =      4545.3438  VDWAALS    =     12803.7407
 EELEC  =   -105115.6014  EHBOND  =         0.0000  RESTRAINT  =         0.0000
 ------------------------------------------------------------------------------


 NSTEP =    24500   TIME(PS) =      43.250  TEMP(K) =   304.86  PRESS =     0.0
 Etot   =    -51107.8290  EKtot   =     20974.2227  EPtot      =    -72082.0517
 BOND   =     12874.2147  ANGLE   =      1123.3038  DIHED      =      1322.1431
 1-4 NB =       434.6068  1-4 EEL =      4584.2709  VDWAALS    =     12585.9298
 EELEC  =   -105006.5207  EHBOND  =         0.0000  RESTRAINT  =         0.0000
 ------------------------------------------------------------------------------

check COM velocity, temp:        0.000003     0.00(Removed)

 NSTEP =    25000   TIME(PS) =      43.500  TEMP(K) =   306.45  PRESS =     0.0
 Etot   =    -51107.1831  EKtot   =     21083.4180  EPtot      =    -72190.6010
 BOND   =     12757.3423  ANGLE   =      1083.5090  DIHED      =      1311.4364
 1-4 NB =       446.2706  1-4 EEL =      4578.9460  VDWAALS    =     12807.8732
 EELEC  =   -105175.9786  EHBOND  =         0.0000  RESTRAINT  =         0.0000
 ------------------------------------------------------------------------------


 NSTEP =    25500   TIME(PS) =      43.750  TEMP(K) =   302.81  PRESS =     0.0
 Etot   =    -51108.4157  EKtot   =     20832.9141  EPtot      =    -71941.3298
 BOND   =     12755.4107  ANGLE   =      1092.7854  DIHED      =      1323.1209
 1-4 NB =       440.4524  1-4 EEL =      4575.6814  VDWAALS    =     12737.5676
 EELEC  =   -104866.3482  EHBOND  =         0.0000  RESTRAINT  =         0.0000
 ------------------------------------------------------------------------------

check COM velocity, temp:        0.000008     0.00(Removed)

 NSTEP =    26000   TIME(PS) =      44.000  TEMP(K) =   305.93  PRESS =     0.0
 Etot   =    -51113.4190  EKtot   =     21048.0371  EPtot      =    -72161.4562
 BOND   =     12464.3421  ANGLE   =      1113.8909  DIHED      =      1312.2955
 1-4 NB =       442.4028  1-4 EEL =      4626.2560  VDWAALS    =     12582.2067
 EELEC  =   -104702.8502  EHBOND  =         0.0000  RESTRAINT  =         0.0000
 ------------------------------------------------------------------------------


 NSTEP =    26500   TIME(PS) =      44.250  TEMP(K) =   303.54  PRESS =     0.0
 Etot   =    -51109.1985  EKtot   =     20883.2773  EPtot      =    -71992.4758
 BOND   =     12750.9497  ANGLE   =      1135.3850  DIHED      =      1334.5632
 1-4 NB =       437.1086  1-4 EEL =      4577.4898  VDWAALS    =     12656.9519
 EELEC  =   -104884.9239  EHBOND  =         0.0000  RESTRAINT  =         0.0000
 ------------------------------------------------------------------------------

check COM velocity, temp:        0.000005     0.00(Removed)

 NSTEP =    27000   TIME(PS) =      44.500  TEMP(K) =   303.74  PRESS =     0.0
 Etot   =    -51107.6027  EKtot   =     20896.9785  EPtot      =    -72004.5813
 BOND   =     12800.8849  ANGLE   =      1066.7854  DIHED      =      1322.4125
 1-4 NB =       435.6718  1-4 EEL =      4643.9043  VDWAALS    =     12817.9668
 EELEC  =   -105092.2069  EHBOND  =         0.0000  RESTRAINT  =         0.0000
 ------------------------------------------------------------------------------


 NSTEP =    27500   TIME(PS) =      44.750  TEMP(K) =   305.17  PRESS =     0.0
 Etot   =    -51112.1328  EKtot   =     20995.6035  EPtot      =    -72107.7363
 BOND   =     12632.9381  ANGLE   =      1091.9299  DIHED      =      1304.8337
 1-4 NB =       458.0232  1-4 EEL =      4642.4299  VDWAALS    =     12735.9499
 EELEC  =   -104973.8409  EHBOND  =         0.0000  RESTRAINT  =         0.0000
 ------------------------------------------------------------------------------

check COM velocity, temp:        0.000007     0.00(Removed)

 NSTEP =    28000   TIME(PS) =      45.000  TEMP(K) =   306.03  PRESS =     0.0
 Etot   =    -51108.9273  EKtot   =     21054.8066  EPtot      =    -72163.7339
 BOND   =     12697.9726  ANGLE   =      1090.7876  DIHED      =      1296.7643
 1-4 NB =       456.8524  1-4 EEL =      4598.7850  VDWAALS    =     12749.3134
 EELEC  =   -105054.2091  EHBOND  =         0.0000  RESTRAINT  =         0.0000
 ------------------------------------------------------------------------------


 NSTEP =    28500   TIME(PS) =      45.250  TEMP(K) =   305.41  PRESS =     0.0
 Etot   =    -51109.7125  EKtot   =     21011.8555  EPtot      =    -72121.5679
 BOND   =     12900.4597  ANGLE   =      1057.5127  DIHED      =      1332.0621
 1-4 NB =       482.2394  1-4 EEL =      4645.8143  VDWAALS    =     12663.4597
 EELEC  =   -105203.1159  EHBOND  =         0.0000  RESTRAINT  =         0.0000
 ------------------------------------------------------------------------------

check COM velocity, temp:        0.000004     0.00(Removed)

 NSTEP =    29000   TIME(PS) =      45.500  TEMP(K) =   303.45  PRESS =     0.0
 Etot   =    -51111.5798  EKtot   =     20877.0957  EPtot      =    -71988.6755
 BOND   =     12744.8183  ANGLE   =      1077.3655  DIHED      =      1318.4494
 1-4 NB =       445.6289  1-4 EEL =      4599.6178  VDWAALS    =     12855.2279
 EELEC  =   -105029.7834  EHBOND  =         0.0000  RESTRAINT  =         0.0000
 ------------------------------------------------------------------------------


 NSTEP =    29500   TIME(PS) =      45.750  TEMP(K) =   305.54  PRESS =     0.0
 Etot   =    -51110.0498  EKtot   =     21021.1504  EPtot      =    -72131.2002
 BOND   =     12658.9525  ANGLE   =      1041.4123  DIHED      =      1338.7447
 1-4 NB =       444.4587  1-4 EEL =      4600.7492  VDWAALS    =     12720.2559
 EELEC  =   -104935.7735  EHBOND  =         0.0000  RESTRAINT  =         0.0000
 ------------------------------------------------------------------------------

check COM velocity, temp:        0.000003     0.00(Removed)

 NSTEP =    30000   TIME(PS) =      46.000  TEMP(K) =   306.97  PRESS =     0.0
 Etot   =    -51110.9664  EKtot   =     21119.4551  EPtot      =    -72230.4215
 BOND   =     12722.9407  ANGLE   =      1072.0776  DIHED      =      1337.3393
 1-4 NB =       436.5217  1-4 EEL =      4629.1634  VDWAALS    =     12682.3212
 EELEC  =   -105110.7854  EHBOND  =         0.0000  RESTRAINT  =         0.0000
 ------------------------------------------------------------------------------


 NSTEP =    30500   TIME(PS) =      46.250  TEMP(K) =   303.65  PRESS =     0.0
 Etot   =    -51111.4736  EKtot   =     20891.1152  EPtot      =    -72002.5888
 BOND   =     12665.1272  ANGLE   =      1076.8658  DIHED      =      1327.4978
 1-4 NB =       454.7802  1-4 EEL =      4630.0314  VDWAALS    =     12718.1134
 EELEC  =   -104875.0047  EHBOND  =         0.0000  RESTRAINT  =         0.0000
 ------------------------------------------------------------------------------

check COM velocity, temp:        0.000004     0.00(Removed)

 NSTEP =    31000   TIME(PS) =      46.500  TEMP(K) =   302.67  PRESS =     0.0
 Etot   =    -51106.2943  EKtot   =     20823.8105  EPtot      =    -71930.1048
 BOND   =     12705.0761  ANGLE   =      1061.9573  DIHED      =      1332.9073
 1-4 NB =       451.4374  1-4 EEL =      4597.9911  VDWAALS    =     12613.0225
 EELEC  =   -104692.4965  EHBOND  =         0.0000  RESTRAINT  =         0.0000
 ------------------------------------------------------------------------------


 NSTEP =    31500   TIME(PS) =      46.750  TEMP(K) =   304.71  PRESS =     0.0
 Etot   =    -51107.6388  EKtot   =     20963.9941  EPtot      =    -72071.6329
 BOND   =     12723.0442  ANGLE   =      1054.7100  DIHED      =      1317.6912
 1-4 NB =       455.9888  1-4 EEL =      4639.8769  VDWAALS    =     12773.0408
 EELEC  =   -105035.9847  EHBOND  =         0.0000  RESTRAINT  =         0.0000
 ------------------------------------------------------------------------------

check COM velocity, temp:        0.000005     0.00(Removed)

 NSTEP =    32000   TIME(PS) =      47.000  TEMP(K) =   304.27  PRESS =     0.0
 Etot   =    -51109.8398  EKtot   =     20933.4707  EPtot      =    -72043.3105
 BOND   =     12617.8169  ANGLE   =      1055.4717  DIHED      =      1323.0343
 1-4 NB =       444.8810  1-4 EEL =      4578.0194  VDWAALS    =     12947.0985
 EELEC  =   -105009.6322  EHBOND  =         0.0000  RESTRAINT  =         0.0000
 ------------------------------------------------------------------------------


 NSTEP =    32500   TIME(PS) =      47.250  TEMP(K) =   303.37  PRESS =     0.0
 Etot   =    -51108.0134  EKtot   =     20871.9141  EPtot      =    -71979.9274
 BOND   =     12711.2904  ANGLE   =      1069.8581  DIHED      =      1321.4842
 1-4 NB =       451.7161  1-4 EEL =      4595.9819  VDWAALS    =     12658.8179
 EELEC  =   -104789.0759  EHBOND  =         0.0000  RESTRAINT  =         0.0000
 ------------------------------------------------------------------------------

check COM velocity, temp:        0.000009     0.00(Removed)

 NSTEP =    33000   TIME(PS) =      47.500  TEMP(K) =   302.21  PRESS =     0.0
 Etot   =    -51106.2465  EKtot   =     20792.1152  EPtot      =    -71898.3618
 BOND   =     12755.6805  ANGLE   =      1058.3345  DIHED      =      1347.5634
 1-4 NB =       437.3303  1-4 EEL =      4636.1029  VDWAALS    =     12455.4496
 EELEC  =   -104588.8230  EHBOND  =         0.0000  RESTRAINT  =         0.0000
 ------------------------------------------------------------------------------


 NSTEP =    33500   TIME(PS) =      47.750  TEMP(K) =   305.25  PRESS =     0.0
 Etot   =    -51108.9919  EKtot   =     21001.4004  EPtot      =    -72110.3923
 BOND   =     12604.5034  ANGLE   =      1111.1773  DIHED      =      1331.0364
 1-4 NB =       430.8913  1-4 EEL =      4581.2293  VDWAALS    =     12613.8016
 EELEC  =   -104783.0316  EHBOND  =         0.0000  RESTRAINT  =         0.0000
 ------------------------------------------------------------------------------

check COM velocity, temp:        0.000007     0.00(Removed)

 NSTEP =    34000   TIME(PS) =      48.000  TEMP(K) =   304.12  PRESS =     0.0
 Etot   =    -51109.9397  EKtot   =     20923.2207  EPtot      =    -72033.1604
 BOND   =     12565.2654  ANGLE   =      1100.5776  DIHED      =      1337.3022
 1-4 NB =       460.0015  1-4 EEL =      4567.4550  VDWAALS    =     12525.0104
 EELEC  =   -104588.7726  EHBOND  =         0.0000  RESTRAINT  =         0.0000
 ------------------------------------------------------------------------------


 NSTEP =    34500   TIME(PS) =      48.250  TEMP(K) =   304.02  PRESS =     0.0
 Etot   =    -51105.9309  EKtot   =     20916.3633  EPtot      =    -72022.2942
 BOND   =     12783.3675  ANGLE   =      1079.7562  DIHED      =      1300.4691
 1-4 NB =       426.0549  1-4 EEL =      4564.7905  VDWAALS    =     12639.2183
 EELEC  =   -104815.9506  EHBOND  =         0.0000  RESTRAINT  =         0.0000
 ------------------------------------------------------------------------------

check COM velocity, temp:        0.000005     0.00(Removed)

 NSTEP =    35000   TIME(PS) =      48.500  TEMP(K) =   303.40  PRESS =     0.0
 Etot   =    -51108.8087  EKtot   =     20874.0840  EPtot      =    -71982.8927
 BOND   =     12817.3481  ANGLE   =      1122.1515  DIHED      =      1326.5425
 1-4 NB =       438.5776  1-4 EEL =      4582.7932  VDWAALS    =     12735.8623
 EELEC  =   -105006.1679  EHBOND  =         0.0000  RESTRAINT  =         0.0000
 ------------------------------------------------------------------------------


 NSTEP =    35500   TIME(PS) =      48.750  TEMP(K) =   302.41  PRESS =     0.0
 Etot   =    -51107.8828  EKtot   =     20805.5801  EPtot      =    -71913.4629
 BOND   =     12894.5144  ANGLE   =      1092.1402  DIHED      =      1347.3748
 1-4 NB =       445.4977  1-4 EEL =      4588.6179  VDWAALS    =     12451.1263
 EELEC  =   -104732.7342  EHBOND  =         0.0000  RESTRAINT  =         0.0000
 ------------------------------------------------------------------------------

check COM velocity, temp:        0.000004     0.00(Removed)

 NSTEP =    36000   TIME(PS) =      49.000  TEMP(K) =   302.29  PRESS =     0.0
 Etot   =    -51106.2392  EKtot   =     20797.2773  EPtot      =    -71903.5166
 BOND   =     12744.7937  ANGLE   =      1103.5303  DIHED      =      1324.0281
 1-4 NB =       443.5189  1-4 EEL =      4563.2990  VDWAALS    =     12460.8337
 EELEC  =   -104543.5202  EHBOND  =         0.0000  RESTRAINT  =         0.0000
 ------------------------------------------------------------------------------


 NSTEP =    36500   TIME(PS) =      49.250  TEMP(K) =   302.92  PRESS =     0.0
 Etot   =    -51109.2566  EKtot   =     20841.0898  EPtot      =    -71950.3465
 BOND   =     12978.9028  ANGLE   =      1084.3180  DIHED      =      1324.1981
 1-4 NB =       445.0073  1-4 EEL =      4586.3185  VDWAALS    =     12406.3760
 EELEC  =   -104775.4672  EHBOND  =         0.0000  RESTRAINT  =         0.0000
 ------------------------------------------------------------------------------

check COM velocity, temp:        0.000010     0.00(Removed)

 NSTEP =    37000   TIME(PS) =      49.500  TEMP(K) =   304.68  PRESS =     0.0
 Etot   =    -51108.6175  EKtot   =     20962.1035  EPtot      =    -72070.7210
 BOND   =     12682.6673  ANGLE   =      1080.4212  DIHED      =      1336.4795
 1-4 NB =       437.6535  1-4 EEL =      4580.9535  VDWAALS    =     12564.1796
 EELEC  =   -104753.0757  EHBOND  =         0.0000  RESTRAINT  =         0.0000
 ------------------------------------------------------------------------------


 NSTEP =    37500   TIME(PS) =      49.750  TEMP(K) =   304.54  PRESS =     0.0
 Etot   =    -51109.6576  EKtot   =     20952.1738  EPtot      =    -72061.8315
 BOND   =     12618.1668  ANGLE   =      1106.1770  DIHED      =      1344.4061
 1-4 NB =       430.1902  1-4 EEL =      4553.0780  VDWAALS    =     12547.8938
 EELEC  =   -104661.7434  EHBOND  =         0.0000  RESTRAINT  =         0.0000
 ------------------------------------------------------------------------------

check COM velocity, temp:        0.000005     0.00(Removed)

 NSTEP =    38000   TIME(PS) =      50.000  TEMP(K) =   305.43  PRESS =     0.0
 Etot   =    -51111.6819  EKtot   =     21013.6426  EPtot      =    -72125.3245
 BOND   =     12645.0043  ANGLE   =      1082.0126  DIHED      =      1331.9020
 1-4 NB =       443.8487  1-4 EEL =      4567.2239  VDWAALS    =     12391.6341
 EELEC  =   -104586.9500  EHBOND  =         0.0000  RESTRAINT  =         0.0000
 ------------------------------------------------------------------------------


 NSTEP =    38500   TIME(PS) =      50.250  TEMP(K) =   303.51  PRESS =     0.0
 Etot   =    -51110.4657  EKtot   =     20881.0625  EPtot      =    -71991.5282
 BOND   =     12612.5572  ANGLE   =      1071.6670  DIHED      =      1344.8609
 1-4 NB =       455.3814  1-4 EEL =      4660.4308  VDWAALS    =     12375.9819
 EELEC  =   -104512.4073  EHBOND  =         0.0000  RESTRAINT  =         0.0000
 ------------------------------------------------------------------------------

check COM velocity, temp:        0.000001     0.00(Removed)

 NSTEP =    39000   TIME(PS) =      50.500  TEMP(K) =   303.48  PRESS =     0.0
 Etot   =    -51108.9181  EKtot   =     20879.6191  EPtot      =    -71988.5373
 BOND   =     12729.6521  ANGLE   =      1099.5173  DIHED      =      1328.4149
 1-4 NB =       460.7235  1-4 EEL =      4592.7531  VDWAALS    =     12605.6927
 EELEC  =   -104805.2909  EHBOND  =         0.0000  RESTRAINT  =         0.0000
 ------------------------------------------------------------------------------


 NSTEP =    39500   TIME(PS) =      50.750  TEMP(K) =   301.97  PRESS =     0.0
 Etot   =    -51108.9624  EKtot   =     20775.6074  EPtot      =    -71884.5698
 BOND   =     12812.7755  ANGLE   =      1062.0696  DIHED      =      1328.6983
 1-4 NB =       455.5609  1-4 EEL =      4604.9788  VDWAALS    =     12821.9515
 EELEC  =   -104970.6044  EHBOND  =         0.0000  RESTRAINT  =         0.0000
 ------------------------------------------------------------------------------

check COM velocity, temp:        0.000010     0.00(Removed)

 NSTEP =    40000   TIME(PS) =      51.000  TEMP(K) =   307.41  PRESS =     0.0
 Etot   =    -51109.8431  EKtot   =     21149.7070  EPtot      =    -72259.5501
 BOND   =     12748.8709  ANGLE   =      1069.5132  DIHED      =      1304.1873
 1-4 NB =       450.6744  1-4 EEL =      4622.2744  VDWAALS    =     12396.9651
 EELEC  =   -104852.0354  EHBOND  =         0.0000  RESTRAINT  =         0.0000
 ------------------------------------------------------------------------------


      A V E R A G E S   O V E R      80 S T E P S


 NSTEP =    40000   TIME(PS) =      51.000  TEMP(K) =   305.02  PRESS =     0.0
 Etot   =    -51109.0571  EKtot   =     20985.3259  EPtot      =    -72094.3829
 BOND   =     12762.5800  ANGLE   =      1107.2349  DIHED      =      1324.8147
 1-4 NB =       442.9701  1-4 EEL =      4590.2871  VDWAALS    =     12642.5452
 EELEC  =   -104964.8149  EHBOND  =         0.0000  RESTRAINT  =         0.0000
 ------------------------------------------------------------------------------


      R M S  F L U C T U A T I O N S


 NSTEP =    40000   TIME(PS) =      51.000  TEMP(K) =     1.41  PRESS =     0.0
 Etot   =         2.0730  EKtot   =        97.3016  EPtot      =        98.1541
 BOND   =       120.3163  ANGLE   =        41.0915  DIHED      =        14.6589
 1-4 NB =        10.2193  1-4 EEL =        27.1011  VDWAALS    =       151.8693
 EELEC  =       235.8361  EHBOND  =         0.0000  RESTRAINT  =         0.0000
|E(PBS) =         0.6845
 ------------------------------------------------------------------------------

--------------------------------------------------------------------------------
   5.  TIMINGS
--------------------------------------------------------------------------------

|  NonSetup CPU Time in Major Routines:
|
|     Routine           Sec        %
|     ------------------------------
|     Nonbond           7.97   12.11
|     Bond              0.00    0.00
|     Angle             0.00    0.00
|     Dihedral          0.00    0.00
|     Shake             0.00    0.00
|     RunMD            57.77   87.79
|     Other             0.06    0.10
|     ------------------------------
|     Total            65.80

|  PME Nonbond Pairlist CPU Time:
|
|     Routine              Sec        %
|     ---------------------------------
|     Set Up Cit           0.00    0.00
|     Build List           0.00    0.00
|     ---------------------------------
|     Total                0.00    0.00

|  PME Direct Force CPU Time:
|
|     Routine              Sec        %
|     ---------------------------------
|     NonBonded Calc       0.00    0.00
|     Exclude Masked       0.00    0.00
|     Other                0.02    0.04
|     ---------------------------------
|     Total                0.02    0.04

|  PME Reciprocal Force CPU Time:
|
|     Routine              Sec        %
|     ---------------------------------
|     1D bspline           0.00    0.00
|     Grid Charges         0.00    0.00
|     Scalar Sum           0.00    0.00
|     Gradient Sum         0.00    0.00
|     FFT                  0.00    0.00
|     ---------------------------------
|     Total                0.00    0.00

|  Final Performance Info:
|     -----------------------------------------------------
|     Average timings for last    3500 steps:
|     Elapsed(s) =       5.76 Per Step(ms) =       1.64
|         ns/day =      26.27   seconds/ns =    3289.00
|
|     Average timings for all steps:
|     Elapsed(s) =      66.45 Per Step(ms) =       1.66
|         ns/day =      26.00   seconds/ns =    3322.64
|     -----------------------------------------------------

|  Setup CPU time:            3.09 seconds
|  NonSetup CPU time:        65.80 seconds
|  Total CPU time:           68.90 seconds     0.02 hours

|  Setup wall time:           3    seconds
|  NonSetup wall time:       66    seconds
|  Total wall time:          69    seconds     0.02 hours
