
          -------------------------------------------------------
          Amber 16 PMEMD                              2016
          -------------------------------------------------------

| PMEMD implementation of SANDER, Release 16

| Run on 08/25/2017 at 14:13:07

|   Executable path: /apps/amber16/bin/pmemd.cuda
| Working directory: /scratch/pbarletta/pdz/run/lb/neq/data/larga_4
|          Hostname: mordor

  [-O]verwriting output

File Assignments:
|   MDIN: pdt.in                                                                
|  MDOUT: T278pplb_4.out                                                        
| INPCRD: /scratch/pbarletta/pdz/run/lb/neq/data/corta_4/T278plb_4.rst7         
|   PARM: /scratch/pbarletta/pdz/top_files/lb.prmtop                            
| RESTRT: T278pplb_4.rst7                                                       
|   REFC: refc                                                                  
|  MDVEL: mdvel                                                                 
|   MDEN: mden                                                                  
|  MDCRD: T278pplb_4.nc                                                         
| MDINFO: mdinfo                                                                
|  MDFRC: mdfrc                                                                 


 Here is the input file:

!NVE run                                                                       
&cntrl                                                                         
imin = 0,                           ! No Minimization                          
nmropt = 0,                         ! No NMR restraints read                   
                                                                               
! Nature and format of the input                                               
ntx = 5,                            ! Coordinates will be read, assign new velo
irest = 1,                          ! Do not run a new simulation              
                                                                               
! Nature and format of the output                                              
ioutfm = 1,			    ! NetCDF format for output files                             
ntxo = 1,                           ! rstrt file in ASCII format               
ntpr = 500,                         ! inf in output every ntpr steps           
ntwr = 500,                         ! rstrt file every ntwr steps              
ntwx = 100,                         ! mdcrd file every ntwx steps              
ntwv = -1,                          ! mdvel without velocities                 
ntwe = 0,                           ! Energies and temperatures not written in 
idecomp = 0,                        ! No energy decomposition                  
iwrap = 1,                          ! Coordinates of the restart and mdcrd file
                                                                               
! Frozen or restrained atoms                                                   
ibelly = 0,                         ! No frozen atoms                          
ntr=0,                              ! Harmonic potential restraints            
                                                                               
! Molecular dynamics                                                           
nstlim = 40000,                      ! Number of MD-steps                      
dt = 0.0005,                        ! Time step                                
                                                                               
! Temperature regulation                                                       
ntt = 0,                            ! Constant total energy                    
                                                                               
! P and V regulation                                                           
ntp = 0,                            ! No P control                             
ntb = 1,                            ! constant V                               
                                                                               
! SHAKE variables                                                              
ntc = 1,                            ! Bonds involving H are constrained        
ntf = 1,                            ! Bond interaction involving H are ommited.
                                                                               
cut = 9.0,                          ! Nonbonded cutoff                         
/                                                                              
&end                                                                           


Note: ig = -1. Setting random seed to   382707 based on wallclock time in 
      microseconds.
| irandom = 1, using AMBER's internal random number generator (default).
 
|--------------------- INFORMATION ----------------------
| GPU (CUDA) Version of PMEMD in use: NVIDIA GPU IN USE.
|                    Version 16.0.0
| 
|                      02/25/2016
| 
| Implementation by:
|                    Ross C. Walker     (SDSC)
|                    Scott Le Grand     (nVIDIA)
| 
| Precision model in use:
|      [SPFP] - Single Precision Forces, 64-bit Fixed Point
|               Accumulation. (Default)
| 
|--------------------------------------------------------
 
|----------------- CITATION INFORMATION -----------------
|
|    When publishing work that utilized the CUDA version
|    of AMBER, please cite the following in addition to
|    the regular AMBER citations:
|
|  - Romelia Salomon-Ferrer; Andreas W. Goetz; Duncan
|    Poole; Scott Le Grand; Ross C. Walker "Routine
|    microsecond molecular dynamics simulations with
|    AMBER - Part II: Particle Mesh Ewald", J. Chem.
|    Theory Comput., 2013, 9 (9), pp3878-3888,
|    DOI: 10.1021/ct400314y.
|
|  - Andreas W. Goetz; Mark J. Williamson; Dong Xu;
|    Duncan Poole; Scott Le Grand; Ross C. Walker
|    "Routine microsecond molecular dynamics simulations
|    with AMBER - Part I: Generalized Born", J. Chem.
|    Theory Comput., 2012, 8 (5), pp1542-1555.
|
|  - Scott Le Grand; Andreas W. Goetz; Ross C. Walker
|    "SPFP: Speed without compromise - a mixed precision
|    model for GPU accelerated molecular dynamics
|    simulations.", Comp. Phys. Comm., 2013, 184
|    pp374-380, DOI: 10.1016/j.cpc.2012.09.022
|
|--------------------------------------------------------
 
|------------------- GPU DEVICE INFO --------------------
|
|            CUDA_VISIBLE_DEVICES: 1
|   CUDA Capable Devices Detected:      1
|           CUDA Device ID in use:      0
|                CUDA Device Name: GeForce GTX TITAN
|     CUDA Device Global Mem Size:   6082 MB
| CUDA Device Num Multiprocessors:     14
|           CUDA Device Core Freq:   0.93 GHz
|
|--------------------------------------------------------
 
 
| Conditional Compilation Defines Used:
| PUBFFT
| BINTRAJ
| CUDA
| EMIL

| Largest sphere to fit in unit cell has radius =    26.281

| New format PARM file being parsed.
| Version =    1.000 Date = 09/04/12 Time = 16:08:43

| Note: 1-4 EEL scale factors are being read from the topology file.

| Note: 1-4 VDW scale factors are being read from the topology file.
| Duplicated    0 dihedrals

| Duplicated    0 dihedrals

--------------------------------------------------------------------------------
   1.  RESOURCE   USE: 
--------------------------------------------------------------------------------

 getting new box info from bottom of inpcrd
 NATOM  =   23082 NTYPES =      16 NBONH =   22055 MBONA  =    1038
 NTHETH =    2390 MTHETA =    1396 NPHIH =    4631 MPHIA  =    3488
 NHPARM =       0 NPARM  =       0 NNB   =   39434 NRES   =    7134
 NBONA  =    1038 NTHETA =    1396 NPHIA =    3488 NUMBND =      41
 NUMANG =      86 NPTRA  =      41 NATYP =      28 NPHB   =       1
 IFBOX  =       1 NMXRS  =      24 IFCAP =       0 NEXTRA =       0
 NCOPY  =       0

| Coordinate Index Table dimensions:    12   14   10
| Direct force subcell size =     5.0212    5.2012    5.2562

     BOX TYPE: RECTILINEAR

--------------------------------------------------------------------------------
   2.  CONTROL  DATA  FOR  THE  RUN
--------------------------------------------------------------------------------

default_name                                                                    

General flags:
     imin    =       0, nmropt  =       0

Nature and format of input:
     ntx     =       5, irest   =       1, ntrx    =       1

Nature and format of output:
     ntxo    =       1, ntpr    =     500, ntrx    =       1, ntwr    =     500
     iwrap   =       1, ntwx    =     100, ntwv    =      -1, ntwe    =       0
     ioutfm  =       1, ntwprt  =       0, idecomp =       0, rbornstat=      0

Potential function:
     ntf     =       1, ntb     =       1, igb     =       0, nsnb    =      25
     ipol    =       0, gbsa    =       0, iesp    =       0
     dielc   =   1.00000, cut     =   9.00000, intdiel =   1.00000

Frozen or restrained atoms:
     ibelly  =       0, ntr     =       0

Molecular dynamics:
     nstlim  =     40000, nscm    =      1000, nrespa  =         1
     t       =   0.00000, dt      =   0.00050, vlimit  =  -1.00000

| Intermolecular bonds treatment:
|     no_intermolecular_bonds =       1

| Energy averages sample interval:
|     ene_avg_sampling =     500

Ewald parameters:
     verbose =       0, ew_type =       0, nbflag  =       1, use_pme =       1
     vdwmeth =       1, eedmeth =       1, netfrc  =       1
     Box X =   60.254   Box Y =   72.816   Box Z =   52.562
     Alpha =   90.000   Beta  =   90.000   Gamma =   90.000
     NFFT1 =   64       NFFT2 =   80       NFFT3 =   56
     Cutoff=    9.000   Tol   =0.100E-04
     Ewald Coefficient =  0.30768
     Interpolation order =    4

--------------------------------------------------------------------------------
   3.  ATOMIC COORDINATES AND VELOCITIES
--------------------------------------------------------------------------------

default_name                                                                    
 begin time read from input coords =    31.000 ps

 
 Number of triangulated 3-point waters found:     7002

     Sum of charges from parm topology file =  -0.00000008
     Forcing neutrality...

| Dynamic Memory, Types Used:
| Reals              710578
| Integers           737140

| Nonbonded Pairs Initial Allocation:     5262696

| GPU memory information (estimate):
| KB of GPU memory in use:     63171
| KB of CPU memory in use:     27891

--------------------------------------------------------------------------------
   4.  RESULTS
--------------------------------------------------------------------------------

 ---------------------------------------------------
 APPROXIMATING switch and d/dx switch using CUBIC SPLINE INTERPOLATION
 using   5000.0 points per unit in tabled values
 TESTING RELATIVE ERROR over r ranging from 0.0 to cutoff
| CHECK switch(x): max rel err =   0.2738E-14   at   2.422500
| CHECK d/dx switch(x): max rel err =   0.8314E-11   at   2.736960
 ---------------------------------------------------
|---------------------------------------------------
| APPROXIMATING direct energy using CUBIC SPLINE INTERPOLATION
|  with   50.0 points per unit in tabled values
| Relative Error Limit not exceeded for r .gt.   2.39
| APPROXIMATING direct force using CUBIC SPLINE INTERPOLATION
|  with   50.0 points per unit in tabled values
| Relative Error Limit not exceeded for r .gt.   2.84
|---------------------------------------------------

 NSTEP =      500   TIME(PS) =      31.250  TEMP(K) =   306.29  PRESS =     0.0
 Etot   =    -51056.2999  EKtot   =     21072.7461  EPtot      =    -72129.0460
 BOND   =     12846.9324  ANGLE   =      1195.9165  DIHED      =      1340.5178
 1-4 NB =       454.9121  1-4 EEL =      4675.9967  VDWAALS    =     12606.9529
 EELEC  =   -105250.2743  EHBOND  =         0.0000  RESTRAINT  =         0.0000
 ------------------------------------------------------------------------------

check COM velocity, temp:        0.000002     0.00(Removed)

 NSTEP =     1000   TIME(PS) =      31.500  TEMP(K) =   304.44  PRESS =     0.0
 Etot   =    -51058.8020  EKtot   =     20945.1621  EPtot      =    -72003.9641
 BOND   =     12949.7522  ANGLE   =      1198.9975  DIHED      =      1327.2640
 1-4 NB =       460.0402  1-4 EEL =      4652.7402  VDWAALS    =     12723.9064
 EELEC  =   -105316.6646  EHBOND  =         0.0000  RESTRAINT  =         0.0000
 ------------------------------------------------------------------------------


 NSTEP =     1500   TIME(PS) =      31.750  TEMP(K) =   307.78  PRESS =     0.0
 Etot   =    -51056.5883  EKtot   =     21175.4395  EPtot      =    -72232.0277
 BOND   =     12961.3289  ANGLE   =      1193.5067  DIHED      =      1327.7921
 1-4 NB =       456.0891  1-4 EEL =      4651.3809  VDWAALS    =     12634.5615
 EELEC  =   -105456.6869  EHBOND  =         0.0000  RESTRAINT  =         0.0000
 ------------------------------------------------------------------------------

check COM velocity, temp:        0.000005     0.00(Removed)

 NSTEP =     2000   TIME(PS) =      32.000  TEMP(K) =   308.27  PRESS =     0.0
 Etot   =    -51061.7736  EKtot   =     21208.7305  EPtot      =    -72270.5040
 BOND   =     13173.0620  ANGLE   =      1167.7614  DIHED      =      1329.2481
 1-4 NB =       462.4882  1-4 EEL =      4642.2903  VDWAALS    =     12887.5437
 EELEC  =   -105932.8978  EHBOND  =         0.0000  RESTRAINT  =         0.0000
 ------------------------------------------------------------------------------


 NSTEP =     2500   TIME(PS) =      32.250  TEMP(K) =   307.01  PRESS =     0.0
 Etot   =    -51058.3421  EKtot   =     21122.2871  EPtot      =    -72180.6292
 BOND   =     13073.4070  ANGLE   =      1162.7167  DIHED      =      1339.3807
 1-4 NB =       452.9688  1-4 EEL =      4658.8530  VDWAALS    =     12930.2403
 EELEC  =   -105798.1956  EHBOND  =         0.0000  RESTRAINT  =         0.0000
 ------------------------------------------------------------------------------

check COM velocity, temp:        0.000005     0.00(Removed)

 NSTEP =     3000   TIME(PS) =      32.500  TEMP(K) =   306.15  PRESS =     0.0
 Etot   =    -51058.3801  EKtot   =     21063.0801  EPtot      =    -72121.4601
 BOND   =     13079.7773  ANGLE   =      1172.5644  DIHED      =      1336.1481
 1-4 NB =       460.7238  1-4 EEL =      4670.4242  VDWAALS    =     12693.3431
 EELEC  =   -105534.4410  EHBOND  =         0.0000  RESTRAINT  =         0.0000
 ------------------------------------------------------------------------------


 NSTEP =     3500   TIME(PS) =      32.750  TEMP(K) =   306.04  PRESS =     0.0
 Etot   =    -51058.6018  EKtot   =     21055.7266  EPtot      =    -72114.3283
 BOND   =     12866.7335  ANGLE   =      1179.6880  DIHED      =      1329.1388
 1-4 NB =       462.1978  1-4 EEL =      4678.0183  VDWAALS    =     12675.1679
 EELEC  =   -105305.2727  EHBOND  =         0.0000  RESTRAINT  =         0.0000
 ------------------------------------------------------------------------------

check COM velocity, temp:        0.000002     0.00(Removed)

 NSTEP =     4000   TIME(PS) =      33.000  TEMP(K) =   306.36  PRESS =     0.0
 Etot   =    -51057.7085  EKtot   =     21077.2871  EPtot      =    -72134.9956
 BOND   =     12980.1312  ANGLE   =      1148.6605  DIHED      =      1326.8418
 1-4 NB =       448.4632  1-4 EEL =      4662.6321  VDWAALS    =     12935.3856
 EELEC  =   -105637.1101  EHBOND  =         0.0000  RESTRAINT  =         0.0000
 ------------------------------------------------------------------------------


 NSTEP =     4500   TIME(PS) =      33.250  TEMP(K) =   307.14  PRESS =     0.0
 Etot   =    -51058.2057  EKtot   =     21130.7988  EPtot      =    -72189.0045
 BOND   =     13092.5213  ANGLE   =      1185.5753  DIHED      =      1330.8039
 1-4 NB =       447.2620  1-4 EEL =      4605.7081  VDWAALS    =     12616.0664
 EELEC  =   -105466.9416  EHBOND  =         0.0000  RESTRAINT  =         0.0000
 ------------------------------------------------------------------------------

check COM velocity, temp:        0.000011     0.00(Removed)

 NSTEP =     5000   TIME(PS) =      33.500  TEMP(K) =   305.99  PRESS =     0.0
 Etot   =    -51059.9356  EKtot   =     21051.8105  EPtot      =    -72111.7461
 BOND   =     12955.3441  ANGLE   =      1194.9663  DIHED      =      1342.9901
 1-4 NB =       436.2689  1-4 EEL =      4597.8075  VDWAALS    =     12889.7421
 EELEC  =   -105528.8650  EHBOND  =         0.0000  RESTRAINT  =         0.0000
 ------------------------------------------------------------------------------


 NSTEP =     5500   TIME(PS) =      33.750  TEMP(K) =   308.07  PRESS =     0.0
 Etot   =    -51059.6448  EKtot   =     21195.1113  EPtot      =    -72254.7561
 BOND   =     12946.6999  ANGLE   =      1139.1641  DIHED      =      1319.8507
 1-4 NB =       471.2835  1-4 EEL =      4679.6449  VDWAALS    =     12950.9101
 EELEC  =   -105762.3094  EHBOND  =         0.0000  RESTRAINT  =         0.0000
 ------------------------------------------------------------------------------

check COM velocity, temp:        0.000006     0.00(Removed)

 NSTEP =     6000   TIME(PS) =      34.000  TEMP(K) =   306.50  PRESS =     0.0
 Etot   =    -51061.4707  EKtot   =     21086.8242  EPtot      =    -72148.2950
 BOND   =     12656.4762  ANGLE   =      1144.0179  DIHED      =      1322.8896
 1-4 NB =       454.3416  1-4 EEL =      4651.1443  VDWAALS    =     12650.5612
 EELEC  =   -105027.7257  EHBOND  =         0.0000  RESTRAINT  =         0.0000
 ------------------------------------------------------------------------------


 NSTEP =     6500   TIME(PS) =      34.250  TEMP(K) =   308.46  PRESS =     0.0
 Etot   =    -51059.8365  EKtot   =     21221.8887  EPtot      =    -72281.7252
 BOND   =     12768.3969  ANGLE   =      1116.7780  DIHED      =      1334.4518
 1-4 NB =       454.5837  1-4 EEL =      4643.6233  VDWAALS    =     12791.6909
 EELEC  =   -105391.2498  EHBOND  =         0.0000  RESTRAINT  =         0.0000
 ------------------------------------------------------------------------------

check COM velocity, temp:        0.000007     0.00(Removed)

 NSTEP =     7000   TIME(PS) =      34.500  TEMP(K) =   304.99  PRESS =     0.0
 Etot   =    -51055.5190  EKtot   =     20982.9297  EPtot      =    -72038.4487
 BOND   =     12860.9704  ANGLE   =      1132.8823  DIHED      =      1319.9530
 1-4 NB =       455.7376  1-4 EEL =      4647.8887  VDWAALS    =     12584.8406
 EELEC  =   -105040.7213  EHBOND  =         0.0000  RESTRAINT  =         0.0000
 ------------------------------------------------------------------------------


 NSTEP =     7500   TIME(PS) =      34.750  TEMP(K) =   305.42  PRESS =     0.0
 Etot   =    -51057.6729  EKtot   =     21012.7637  EPtot      =    -72070.4365
 BOND   =     12860.3265  ANGLE   =      1127.4654  DIHED      =      1343.7630
 1-4 NB =       454.0815  1-4 EEL =      4686.8455  VDWAALS    =     12875.1406
 EELEC  =   -105418.0590  EHBOND  =         0.0000  RESTRAINT  =         0.0000
 ------------------------------------------------------------------------------

check COM velocity, temp:        0.000011     0.00(Removed)

 NSTEP =     8000   TIME(PS) =      35.000  TEMP(K) =   305.34  PRESS =     0.0
 Etot   =    -51056.3419  EKtot   =     21007.1387  EPtot      =    -72063.4806
 BOND   =     12929.5512  ANGLE   =      1165.8195  DIHED      =      1339.5144
 1-4 NB =       473.8630  1-4 EEL =      4602.7744  VDWAALS    =     12777.6556
 EELEC  =   -105352.6587  EHBOND  =         0.0000  RESTRAINT  =         0.0000
 ------------------------------------------------------------------------------


 NSTEP =     8500   TIME(PS) =      35.250  TEMP(K) =   305.00  PRESS =     0.0
 Etot   =    -51056.7263  EKtot   =     20983.9004  EPtot      =    -72040.6267
 BOND   =     12801.9535  ANGLE   =      1158.2029  DIHED      =      1338.3635
 1-4 NB =       455.6517  1-4 EEL =      4650.9520  VDWAALS    =     12629.6425
 EELEC  =   -105075.3928  EHBOND  =         0.0000  RESTRAINT  =         0.0000
 ------------------------------------------------------------------------------

check COM velocity, temp:        0.000004     0.00(Removed)

 NSTEP =     9000   TIME(PS) =      35.500  TEMP(K) =   308.74  PRESS =     0.0
 Etot   =    -51063.5422  EKtot   =     21241.0117  EPtot      =    -72304.5539
 BOND   =     12883.4435  ANGLE   =      1147.9317  DIHED      =      1299.1466
 1-4 NB =       457.6489  1-4 EEL =      4624.2627  VDWAALS    =     12698.2427
 EELEC  =   -105415.2300  EHBOND  =         0.0000  RESTRAINT  =         0.0000
 ------------------------------------------------------------------------------


 NSTEP =     9500   TIME(PS) =      35.750  TEMP(K) =   306.71  PRESS =     0.0
 Etot   =    -51065.5695  EKtot   =     21101.7520  EPtot      =    -72167.3215
 BOND   =     12711.7049  ANGLE   =      1156.2529  DIHED      =      1328.8751
 1-4 NB =       442.1448  1-4 EEL =      4637.7662  VDWAALS    =     12875.1235
 EELEC  =   -105319.1890  EHBOND  =         0.0000  RESTRAINT  =         0.0000
 ------------------------------------------------------------------------------

check COM velocity, temp:        0.000006     0.00(Removed)

 NSTEP =    10000   TIME(PS) =      36.000  TEMP(K) =   304.24  PRESS =     0.0
 Etot   =    -51057.9693  EKtot   =     20931.5879  EPtot      =    -71989.5572
 BOND   =     12972.4786  ANGLE   =      1182.8429  DIHED      =      1308.6390
 1-4 NB =       454.7849  1-4 EEL =      4646.6985  VDWAALS    =     12590.2008
 EELEC  =   -105145.2018  EHBOND  =         0.0000  RESTRAINT  =         0.0000
 ------------------------------------------------------------------------------


 NSTEP =    10500   TIME(PS) =      36.250  TEMP(K) =   305.47  PRESS =     0.0
 Etot   =    -51062.5053  EKtot   =     21015.8594  EPtot      =    -72078.3646
 BOND   =     12800.9222  ANGLE   =      1150.3574  DIHED      =      1325.6847
 1-4 NB =       443.0272  1-4 EEL =      4600.7197  VDWAALS    =     12812.9850
 EELEC  =   -105212.0609  EHBOND  =         0.0000  RESTRAINT  =         0.0000
 ------------------------------------------------------------------------------

check COM velocity, temp:        0.000004     0.00(Removed)

 NSTEP =    11000   TIME(PS) =      36.500  TEMP(K) =   305.85  PRESS =     0.0
 Etot   =    -51061.3724  EKtot   =     21042.4473  EPtot      =    -72103.8197
 BOND   =     12810.0970  ANGLE   =      1159.8211  DIHED      =      1330.5356
 1-4 NB =       430.0176  1-4 EEL =      4623.9355  VDWAALS    =     12442.4066
 EELEC  =   -104900.6332  EHBOND  =         0.0000  RESTRAINT  =         0.0000
 ------------------------------------------------------------------------------


 NSTEP =    11500   TIME(PS) =      36.750  TEMP(K) =   306.45  PRESS =     0.0
 Etot   =    -51062.0840  EKtot   =     21083.6523  EPtot      =    -72145.7363
 BOND   =     12648.0005  ANGLE   =      1123.1325  DIHED      =      1323.6242
 1-4 NB =       446.7724  1-4 EEL =      4687.2718  VDWAALS    =     12691.6667
 EELEC  =   -105066.2043  EHBOND  =         0.0000  RESTRAINT  =         0.0000
 ------------------------------------------------------------------------------

check COM velocity, temp:        0.000007     0.00(Removed)

 NSTEP =    12000   TIME(PS) =      37.000  TEMP(K) =   305.78  PRESS =     0.0
 Etot   =    -51061.5558  EKtot   =     21037.4453  EPtot      =    -72099.0011
 BOND   =     12777.2796  ANGLE   =      1153.4266  DIHED      =      1318.9153
 1-4 NB =       455.5516  1-4 EEL =      4637.6280  VDWAALS    =     12617.4017
 EELEC  =   -105059.2039  EHBOND  =         0.0000  RESTRAINT  =         0.0000
 ------------------------------------------------------------------------------


 NSTEP =    12500   TIME(PS) =      37.250  TEMP(K) =   303.65  PRESS =     0.0
 Etot   =    -51060.2291  EKtot   =     20890.9414  EPtot      =    -71951.1705
 BOND   =     12906.4082  ANGLE   =      1107.8695  DIHED      =      1337.6107
 1-4 NB =       432.0535  1-4 EEL =      4594.4566  VDWAALS    =     12527.7620
 EELEC  =   -104857.3311  EHBOND  =         0.0000  RESTRAINT  =         0.0000
 ------------------------------------------------------------------------------

check COM velocity, temp:        0.000004     0.00(Removed)

 NSTEP =    13000   TIME(PS) =      37.500  TEMP(K) =   305.44  PRESS =     0.0
 Etot   =    -51056.2293  EKtot   =     21014.2949  EPtot      =    -72070.5243
 BOND   =     12827.4337  ANGLE   =      1153.4394  DIHED      =      1333.2720
 1-4 NB =       449.5715  1-4 EEL =      4602.7465  VDWAALS    =     12497.9177
 EELEC  =   -104934.9051  EHBOND  =         0.0000  RESTRAINT  =         0.0000
 ------------------------------------------------------------------------------


 NSTEP =    13500   TIME(PS) =      37.750  TEMP(K) =   303.18  PRESS =     0.0
 Etot   =    -51055.2743  EKtot   =     20858.3281  EPtot      =    -71913.6024
 BOND   =     12887.0799  ANGLE   =      1114.9651  DIHED      =      1332.0131
 1-4 NB =       452.9045  1-4 EEL =      4667.8040  VDWAALS    =     12652.9256
 EELEC  =   -105021.2946  EHBOND  =         0.0000  RESTRAINT  =         0.0000
 ------------------------------------------------------------------------------

check COM velocity, temp:        0.000007     0.00(Removed)

 NSTEP =    14000   TIME(PS) =      38.000  TEMP(K) =   303.81  PRESS =     0.0
 Etot   =    -51055.7936  EKtot   =     20902.0879  EPtot      =    -71957.8815
 BOND   =     12732.9523  ANGLE   =      1114.8749  DIHED      =      1320.0872
 1-4 NB =       439.3178  1-4 EEL =      4648.1405  VDWAALS    =     12328.5208
 EELEC  =   -104541.7750  EHBOND  =         0.0000  RESTRAINT  =         0.0000
 ------------------------------------------------------------------------------


 NSTEP =    14500   TIME(PS) =      38.250  TEMP(K) =   305.48  PRESS =     0.0
 Etot   =    -51056.0200  EKtot   =     21016.9688  EPtot      =    -72072.9888
 BOND   =     12809.8656  ANGLE   =      1125.0283  DIHED      =      1301.2950
 1-4 NB =       446.0415  1-4 EEL =      4651.0004  VDWAALS    =     12671.2754
 EELEC  =   -105077.4950  EHBOND  =         0.0000  RESTRAINT  =         0.0000
 ------------------------------------------------------------------------------

check COM velocity, temp:        0.000006     0.00(Removed)

 NSTEP =    15000   TIME(PS) =      38.500  TEMP(K) =   304.73  PRESS =     0.0
 Etot   =    -51056.9523  EKtot   =     20965.3496  EPtot      =    -72022.3019
 BOND   =     12903.0382  ANGLE   =      1109.2764  DIHED      =      1318.7344
 1-4 NB =       446.7837  1-4 EEL =      4675.3858  VDWAALS    =     12711.1064
 EELEC  =   -105186.6269  EHBOND  =         0.0000  RESTRAINT  =         0.0000
 ------------------------------------------------------------------------------


 NSTEP =    15500   TIME(PS) =      38.750  TEMP(K) =   304.48  PRESS =     0.0
 Etot   =    -51056.1542  EKtot   =     20948.0996  EPtot      =    -72004.2538
 BOND   =     12920.2661  ANGLE   =      1169.9165  DIHED      =      1317.7157
 1-4 NB =       450.2287  1-4 EEL =      4659.3508  VDWAALS    =     12415.7860
 EELEC  =   -104937.5174  EHBOND  =         0.0000  RESTRAINT  =         0.0000
 ------------------------------------------------------------------------------

check COM velocity, temp:        0.000007     0.00(Removed)

 NSTEP =    16000   TIME(PS) =      39.000  TEMP(K) =   307.02  PRESS =     0.0
 Etot   =    -51057.9748  EKtot   =     21122.7734  EPtot      =    -72180.7482
 BOND   =     12820.9677  ANGLE   =      1092.3535  DIHED      =      1321.3761
 1-4 NB =       449.8349  1-4 EEL =      4647.1332  VDWAALS    =     12602.5332
 EELEC  =   -105114.9469  EHBOND  =         0.0000  RESTRAINT  =         0.0000
 ------------------------------------------------------------------------------


 NSTEP =    16500   TIME(PS) =      39.250  TEMP(K) =   304.32  PRESS =     0.0
 Etot   =    -51058.5421  EKtot   =     20937.3945  EPtot      =    -71995.9367
 BOND   =     12807.0033  ANGLE   =      1172.2651  DIHED      =      1348.4168
 1-4 NB =       434.5891  1-4 EEL =      4632.2990  VDWAALS    =     12787.1966
 EELEC  =   -105177.7066  EHBOND  =         0.0000  RESTRAINT  =         0.0000
 ------------------------------------------------------------------------------

check COM velocity, temp:        0.000005     0.00(Removed)

 NSTEP =    17000   TIME(PS) =      39.500  TEMP(K) =   305.44  PRESS =     0.0
 Etot   =    -51058.2679  EKtot   =     21014.1738  EPtot      =    -72072.4417
 BOND   =     12857.3131  ANGLE   =      1141.6673  DIHED      =      1324.7349
 1-4 NB =       449.1314  1-4 EEL =      4626.8827  VDWAALS    =     12408.6587
 EELEC  =   -104880.8298  EHBOND  =         0.0000  RESTRAINT  =         0.0000
 ------------------------------------------------------------------------------


 NSTEP =    17500   TIME(PS) =      39.750  TEMP(K) =   305.92  PRESS =     0.0
 Etot   =    -51060.3354  EKtot   =     21046.8359  EPtot      =    -72107.1713
 BOND   =     12785.0887  ANGLE   =      1099.6135  DIHED      =      1331.2351
 1-4 NB =       464.9038  1-4 EEL =      4648.8612  VDWAALS    =     12685.3846
 EELEC  =   -105122.2581  EHBOND  =         0.0000  RESTRAINT  =         0.0000
 ------------------------------------------------------------------------------

check COM velocity, temp:        0.000006     0.00(Removed)

 NSTEP =    18000   TIME(PS) =      40.000  TEMP(K) =   304.82  PRESS =     0.0
 Etot   =    -51058.3050  EKtot   =     20971.6543  EPtot      =    -72029.9593
 BOND   =     12761.5571  ANGLE   =      1130.5357  DIHED      =      1331.7144
 1-4 NB =       453.3632  1-4 EEL =      4689.5335  VDWAALS    =     12175.9650
 EELEC  =   -104572.6282  EHBOND  =         0.0000  RESTRAINT  =         0.0000
 ------------------------------------------------------------------------------


 NSTEP =    18500   TIME(PS) =      40.250  TEMP(K) =   307.64  PRESS =     0.0
 Etot   =    -51054.0269  EKtot   =     21165.7207  EPtot      =    -72219.7476
 BOND   =     12828.6338  ANGLE   =      1111.7598  DIHED      =      1329.3615
 1-4 NB =       438.7299  1-4 EEL =      4639.0191  VDWAALS    =     12787.5660
 EELEC  =   -105354.8177  EHBOND  =         0.0000  RESTRAINT  =         0.0000
 ------------------------------------------------------------------------------

check COM velocity, temp:        0.000007     0.00(Removed)

 NSTEP =    19000   TIME(PS) =      40.500  TEMP(K) =   305.13  PRESS =     0.0
 Etot   =    -51057.9825  EKtot   =     20992.5273  EPtot      =    -72050.5099
 BOND   =     12783.7640  ANGLE   =      1103.8094  DIHED      =      1336.0818
 1-4 NB =       460.4734  1-4 EEL =      4652.4643  VDWAALS    =     12828.7425
 EELEC  =   -105215.8452  EHBOND  =         0.0000  RESTRAINT  =         0.0000
 ------------------------------------------------------------------------------


 NSTEP =    19500   TIME(PS) =      40.750  TEMP(K) =   303.89  PRESS =     0.0
 Etot   =    -51059.2858  EKtot   =     20907.4551  EPtot      =    -71966.7408
 BOND   =     12893.7466  ANGLE   =      1107.8903  DIHED      =      1311.8361
 1-4 NB =       434.1371  1-4 EEL =      4656.2759  VDWAALS    =     12387.3666
 EELEC  =   -104757.9934  EHBOND  =         0.0000  RESTRAINT  =         0.0000
 ------------------------------------------------------------------------------

check COM velocity, temp:        0.000004     0.00(Removed)

 NSTEP =    20000   TIME(PS) =      41.000  TEMP(K) =   303.54  PRESS =     0.0
 Etot   =    -51057.2938  EKtot   =     20883.3652  EPtot      =    -71940.6590
 BOND   =     12730.5379  ANGLE   =      1124.8680  DIHED      =      1332.0860
 1-4 NB =       452.3327  1-4 EEL =      4633.5850  VDWAALS    =     12657.3551
 EELEC  =   -104871.4237  EHBOND  =         0.0000  RESTRAINT  =         0.0000
 ------------------------------------------------------------------------------


 NSTEP =    20500   TIME(PS) =      41.250  TEMP(K) =   304.20  PRESS =     0.0
 Etot   =    -51057.2709  EKtot   =     20928.7129  EPtot      =    -71985.9838
 BOND   =     12843.0222  ANGLE   =      1095.8262  DIHED      =      1342.3161
 1-4 NB =       443.7419  1-4 EEL =      4635.2591  VDWAALS    =     12419.1113
 EELEC  =   -104765.2607  EHBOND  =         0.0000  RESTRAINT  =         0.0000
 ------------------------------------------------------------------------------

check COM velocity, temp:        0.000007     0.00(Removed)

 NSTEP =    21000   TIME(PS) =      41.500  TEMP(K) =   303.84  PRESS =     0.0
 Etot   =    -51059.2759  EKtot   =     20904.2344  EPtot      =    -71963.5103
 BOND   =     12772.8564  ANGLE   =      1142.8584  DIHED      =      1318.9317
 1-4 NB =       445.7475  1-4 EEL =      4661.6912  VDWAALS    =     12520.8311
 EELEC  =   -104826.4265  EHBOND  =         0.0000  RESTRAINT  =         0.0000
 ------------------------------------------------------------------------------


 NSTEP =    21500   TIME(PS) =      41.750  TEMP(K) =   306.00  PRESS =     0.0
 Etot   =    -51059.0348  EKtot   =     21052.4102  EPtot      =    -72111.4449
 BOND   =     12777.0206  ANGLE   =      1111.1616  DIHED      =      1319.8514
 1-4 NB =       437.6162  1-4 EEL =      4646.5723  VDWAALS    =     12605.0960
 EELEC  =   -105008.7630  EHBOND  =         0.0000  RESTRAINT  =         0.0000
 ------------------------------------------------------------------------------

check COM velocity, temp:        0.000010     0.00(Removed)

 NSTEP =    22000   TIME(PS) =      42.000  TEMP(K) =   306.75  PRESS =     0.0
 Etot   =    -51057.8812  EKtot   =     21104.4922  EPtot      =    -72162.3734
 BOND   =     12721.0851  ANGLE   =      1102.0485  DIHED      =      1330.6780
 1-4 NB =       444.0120  1-4 EEL =      4656.7137  VDWAALS    =     12854.1958
 EELEC  =   -105271.1066  EHBOND  =         0.0000  RESTRAINT  =         0.0000
 ------------------------------------------------------------------------------


 NSTEP =    22500   TIME(PS) =      42.250  TEMP(K) =   306.09  PRESS =     0.0
 Etot   =    -51057.1172  EKtot   =     21059.1113  EPtot      =    -72116.2285
 BOND   =     12782.8337  ANGLE   =      1115.8963  DIHED      =      1313.1415
 1-4 NB =       441.2981  1-4 EEL =      4639.5717  VDWAALS    =     12666.7963
 EELEC  =   -105075.7661  EHBOND  =         0.0000  RESTRAINT  =         0.0000
 ------------------------------------------------------------------------------

check COM velocity, temp:        0.000003     0.00(Removed)

 NSTEP =    23000   TIME(PS) =      42.500  TEMP(K) =   306.30  PRESS =     0.0
 Etot   =    -51057.4029  EKtot   =     21073.4941  EPtot      =    -72130.8970
 BOND   =     12769.2898  ANGLE   =      1079.0786  DIHED      =      1311.4141
 1-4 NB =       452.8503  1-4 EEL =      4655.3889  VDWAALS    =     12566.9028
 EELEC  =   -104965.8216  EHBOND  =         0.0000  RESTRAINT  =         0.0000
 ------------------------------------------------------------------------------


 NSTEP =    23500   TIME(PS) =      42.750  TEMP(K) =   306.35  PRESS =     0.0
 Etot   =    -51059.0287  EKtot   =     21076.4609  EPtot      =    -72135.4896
 BOND   =     12969.8302  ANGLE   =      1107.7331  DIHED      =      1313.1652
 1-4 NB =       442.9906  1-4 EEL =      4658.6192  VDWAALS    =     12431.0144
 EELEC  =   -105058.8422  EHBOND  =         0.0000  RESTRAINT  =         0.0000
 ------------------------------------------------------------------------------

check COM velocity, temp:        0.000009     0.00(Removed)

 NSTEP =    24000   TIME(PS) =      43.000  TEMP(K) =   307.61  PRESS =     0.0
 Etot   =    -51063.4803  EKtot   =     21163.4844  EPtot      =    -72226.9646
 BOND   =     12830.5227  ANGLE   =      1091.3661  DIHED      =      1335.5652
 1-4 NB =       465.2332  1-4 EEL =      4644.8939  VDWAALS    =     12578.3482
 EELEC  =   -105172.8939  EHBOND  =         0.0000  RESTRAINT  =         0.0000
 ------------------------------------------------------------------------------


 NSTEP =    24500   TIME(PS) =      43.250  TEMP(K) =   310.50  PRESS =     0.0
 Etot   =    -51062.5021  EKtot   =     21362.1309  EPtot      =    -72424.6330
 BOND   =     12807.6637  ANGLE   =      1096.6163  DIHED      =      1314.5458
 1-4 NB =       427.5916  1-4 EEL =      4640.5069  VDWAALS    =     12617.1412
 EELEC  =   -105328.6986  EHBOND  =         0.0000  RESTRAINT  =         0.0000
 ------------------------------------------------------------------------------

check COM velocity, temp:        0.000006     0.00(Removed)

 NSTEP =    25000   TIME(PS) =      43.500  TEMP(K) =   303.42  PRESS =     0.0
 Etot   =    -51057.3693  EKtot   =     20875.0605  EPtot      =    -71932.4299
 BOND   =     12828.2722  ANGLE   =      1063.9313  DIHED      =      1322.9009
 1-4 NB =       454.4659  1-4 EEL =      4628.2478  VDWAALS    =     12611.6333
 EELEC  =   -104841.8813  EHBOND  =         0.0000  RESTRAINT  =         0.0000
 ------------------------------------------------------------------------------


 NSTEP =    25500   TIME(PS) =      43.750  TEMP(K) =   304.13  PRESS =     0.0
 Etot   =    -51062.5577  EKtot   =     20923.8281  EPtot      =    -71986.3858
 BOND   =     12668.6514  ANGLE   =      1080.1952  DIHED      =      1323.7936
 1-4 NB =       431.1589  1-4 EEL =      4644.0168  VDWAALS    =     12537.3214
 EELEC  =   -104671.5230  EHBOND  =         0.0000  RESTRAINT  =         0.0000
 ------------------------------------------------------------------------------

check COM velocity, temp:        0.000002     0.00(Removed)

 NSTEP =    26000   TIME(PS) =      44.000  TEMP(K) =   305.46  PRESS =     0.0
 Etot   =    -51060.7314  EKtot   =     21015.4707  EPtot      =    -72076.2021
 BOND   =     12745.9035  ANGLE   =      1099.7573  DIHED      =      1326.2689
 1-4 NB =       450.4810  1-4 EEL =      4657.5076  VDWAALS    =     12373.2624
 EELEC  =   -104729.3829  EHBOND  =         0.0000  RESTRAINT  =         0.0000
 ------------------------------------------------------------------------------


 NSTEP =    26500   TIME(PS) =      44.250  TEMP(K) =   303.78  PRESS =     0.0
 Etot   =    -51057.8753  EKtot   =     20899.9805  EPtot      =    -71957.8558
 BOND   =     12869.9249  ANGLE   =      1127.3572  DIHED      =      1348.3159
 1-4 NB =       446.0534  1-4 EEL =      4600.7037  VDWAALS    =     12573.6273
 EELEC  =   -104923.8381  EHBOND  =         0.0000  RESTRAINT  =         0.0000
 ------------------------------------------------------------------------------

check COM velocity, temp:        0.000003     0.00(Removed)

 NSTEP =    27000   TIME(PS) =      44.500  TEMP(K) =   305.22  PRESS =     0.0
 Etot   =    -51058.8391  EKtot   =     20998.9961  EPtot      =    -72057.8352
 BOND   =     12839.2463  ANGLE   =      1068.8954  DIHED      =      1315.0303
 1-4 NB =       442.7103  1-4 EEL =      4618.3437  VDWAALS    =     12896.6315
 EELEC  =   -105238.6927  EHBOND  =         0.0000  RESTRAINT  =         0.0000
 ------------------------------------------------------------------------------


 NSTEP =    27500   TIME(PS) =      44.750  TEMP(K) =   303.90  PRESS =     0.0
 Etot   =    -51058.6402  EKtot   =     20908.0293  EPtot      =    -71966.6695
 BOND   =     12743.7538  ANGLE   =      1105.2972  DIHED      =      1326.8446
 1-4 NB =       446.9070  1-4 EEL =      4647.4527  VDWAALS    =     12722.9797
 EELEC  =   -104959.9044  EHBOND  =         0.0000  RESTRAINT  =         0.0000
 ------------------------------------------------------------------------------

check COM velocity, temp:        0.000005     0.00(Removed)

 NSTEP =    28000   TIME(PS) =      45.000  TEMP(K) =   308.49  PRESS =     0.0
 Etot   =    -51060.9634  EKtot   =     21224.1270  EPtot      =    -72285.0903
 BOND   =     12897.2144  ANGLE   =      1116.2367  DIHED      =      1320.8840
 1-4 NB =       436.5133  1-4 EEL =      4614.5601  VDWAALS    =     12783.3568
 EELEC  =   -105453.8556  EHBOND  =         0.0000  RESTRAINT  =         0.0000
 ------------------------------------------------------------------------------


 NSTEP =    28500   TIME(PS) =      45.250  TEMP(K) =   308.09  PRESS =     0.0
 Etot   =    -51061.8947  EKtot   =     21196.1465  EPtot      =    -72258.0412
 BOND   =     12795.7536  ANGLE   =      1075.8563  DIHED      =      1329.9540
 1-4 NB =       443.7729  1-4 EEL =      4628.0198  VDWAALS    =     12512.6251
 EELEC  =   -105044.0229  EHBOND  =         0.0000  RESTRAINT  =         0.0000
 ------------------------------------------------------------------------------

check COM velocity, temp:        0.000006     0.00(Removed)

 NSTEP =    29000   TIME(PS) =      45.500  TEMP(K) =   304.91  PRESS =     0.0
 Etot   =    -51058.8727  EKtot   =     20977.3516  EPtot      =    -72036.2243
 BOND   =     12938.5729  ANGLE   =      1095.0150  DIHED      =      1333.6172
 1-4 NB =       438.2495  1-4 EEL =      4652.2707  VDWAALS    =     12545.4325
 EELEC  =   -105039.3820  EHBOND  =         0.0000  RESTRAINT  =         0.0000
 ------------------------------------------------------------------------------


 NSTEP =    29500   TIME(PS) =      45.750  TEMP(K) =   304.31  PRESS =     0.0
 Etot   =    -51058.7377  EKtot   =     20936.2051  EPtot      =    -71994.9428
 BOND   =     12689.9595  ANGLE   =      1090.4160  DIHED      =      1325.9800
 1-4 NB =       446.7518  1-4 EEL =      4648.9325  VDWAALS    =     12547.8299
 EELEC  =   -104744.8125  EHBOND  =         0.0000  RESTRAINT  =         0.0000
 ------------------------------------------------------------------------------

check COM velocity, temp:        0.000009     0.00(Removed)

 NSTEP =    30000   TIME(PS) =      46.000  TEMP(K) =   302.65  PRESS =     0.0
 Etot   =    -51055.7317  EKtot   =     20821.9258  EPtot      =    -71877.6575
 BOND   =     12709.6605  ANGLE   =      1069.6149  DIHED      =      1324.5943
 1-4 NB =       439.8874  1-4 EEL =      4665.3264  VDWAALS    =     12282.9556
 EELEC  =   -104369.6965  EHBOND  =         0.0000  RESTRAINT  =         0.0000
 ------------------------------------------------------------------------------


 NSTEP =    30500   TIME(PS) =      46.250  TEMP(K) =   305.25  PRESS =     0.0
 Etot   =    -51058.0665  EKtot   =     21001.0039  EPtot      =    -72059.0704
 BOND   =     12847.3870  ANGLE   =      1095.8589  DIHED      =      1326.5482
 1-4 NB =       435.3434  1-4 EEL =      4635.0300  VDWAALS    =     12489.5811
 EELEC  =   -104888.8189  EHBOND  =         0.0000  RESTRAINT  =         0.0000
 ------------------------------------------------------------------------------

check COM velocity, temp:        0.000007     0.00(Removed)

 NSTEP =    31000   TIME(PS) =      46.500  TEMP(K) =   304.56  PRESS =     0.0
 Etot   =    -51059.5135  EKtot   =     20953.7285  EPtot      =    -72013.2420
 BOND   =     12682.0450  ANGLE   =      1077.8810  DIHED      =      1337.6737
 1-4 NB =       440.5397  1-4 EEL =      4640.3267  VDWAALS    =     12353.5734
 EELEC  =   -104545.2815  EHBOND  =         0.0000  RESTRAINT  =         0.0000
 ------------------------------------------------------------------------------


 NSTEP =    31500   TIME(PS) =      46.750  TEMP(K) =   304.04  PRESS =     0.0
 Etot   =    -51057.1677  EKtot   =     20917.5371  EPtot      =    -71974.7048
 BOND   =     12895.0319  ANGLE   =      1052.9281  DIHED      =      1324.1784
 1-4 NB =       447.9377  1-4 EEL =      4655.8781  VDWAALS    =     12390.8066
 EELEC  =   -104741.4655  EHBOND  =         0.0000  RESTRAINT  =         0.0000
 ------------------------------------------------------------------------------

check COM velocity, temp:        0.000006     0.00(Removed)

 NSTEP =    32000   TIME(PS) =      47.000  TEMP(K) =   303.69  PRESS =     0.0
 Etot   =    -51061.0731  EKtot   =     20893.4277  EPtot      =    -71954.5009
 BOND   =     12936.6812  ANGLE   =      1093.6588  DIHED      =      1325.0930
 1-4 NB =       446.4971  1-4 EEL =      4636.6633  VDWAALS    =     12486.2683
 EELEC  =   -104879.3626  EHBOND  =         0.0000  RESTRAINT  =         0.0000
 ------------------------------------------------------------------------------


 NSTEP =    32500   TIME(PS) =      47.250  TEMP(K) =   305.88  PRESS =     0.0
 Etot   =    -51059.8028  EKtot   =     21044.5430  EPtot      =    -72104.3457
 BOND   =     12687.4432  ANGLE   =      1027.7696  DIHED      =      1337.3476
 1-4 NB =       450.3094  1-4 EEL =      4662.4699  VDWAALS    =     12722.8530
 EELEC  =   -104992.5385  EHBOND  =         0.0000  RESTRAINT  =         0.0000
 ------------------------------------------------------------------------------

check COM velocity, temp:        0.000008     0.00(Removed)

 NSTEP =    33000   TIME(PS) =      47.500  TEMP(K) =   304.06  PRESS =     0.0
 Etot   =    -51054.0585  EKtot   =     20919.4531  EPtot      =    -71973.5117
 BOND   =     12671.3760  ANGLE   =      1051.5649  DIHED      =      1287.0215
 1-4 NB =       445.8979  1-4 EEL =      4674.2059  VDWAALS    =     12684.1453
 EELEC  =   -104787.7232  EHBOND  =         0.0000  RESTRAINT  =         0.0000
 ------------------------------------------------------------------------------


 NSTEP =    33500   TIME(PS) =      47.750  TEMP(K) =   305.32  PRESS =     0.0
 Etot   =    -51058.5683  EKtot   =     21005.9258  EPtot      =    -72064.4941
 BOND   =     12822.3591  ANGLE   =      1089.0656  DIHED      =      1305.2989
 1-4 NB =       437.5850  1-4 EEL =      4658.8444  VDWAALS    =     12492.3783
 EELEC  =   -104870.0254  EHBOND  =         0.0000  RESTRAINT  =         0.0000
 ------------------------------------------------------------------------------

check COM velocity, temp:        0.000005     0.00(Removed)

 NSTEP =    34000   TIME(PS) =      48.000  TEMP(K) =   305.45  PRESS =     0.0
 Etot   =    -51065.1549  EKtot   =     21014.7383  EPtot      =    -72079.8932
 BOND   =     12737.5881  ANGLE   =      1060.7755  DIHED      =      1318.1422
 1-4 NB =       439.5916  1-4 EEL =      4628.6136  VDWAALS    =     12401.9440
 EELEC  =   -104666.5482  EHBOND  =         0.0000  RESTRAINT  =         0.0000
 ------------------------------------------------------------------------------


 NSTEP =    34500   TIME(PS) =      48.250  TEMP(K) =   304.23  PRESS =     0.0
 Etot   =    -51064.2575  EKtot   =     20930.5547  EPtot      =    -71994.8122
 BOND   =     12678.9170  ANGLE   =      1060.4727  DIHED      =      1309.4026
 1-4 NB =       445.4223  1-4 EEL =      4672.2569  VDWAALS    =     12823.2892
 EELEC  =   -104984.5729  EHBOND  =         0.0000  RESTRAINT  =         0.0000
 ------------------------------------------------------------------------------

check COM velocity, temp:        0.000007     0.00(Removed)

 NSTEP =    35000   TIME(PS) =      48.500  TEMP(K) =   305.94  PRESS =     0.0
 Etot   =    -51062.1830  EKtot   =     21048.2461  EPtot      =    -72110.4290
 BOND   =     12733.5984  ANGLE   =      1061.5490  DIHED      =      1295.1240
 1-4 NB =       438.5675  1-4 EEL =      4637.8848  VDWAALS    =     12520.3822
 EELEC  =   -104797.5350  EHBOND  =         0.0000  RESTRAINT  =         0.0000
 ------------------------------------------------------------------------------


 NSTEP =    35500   TIME(PS) =      48.750  TEMP(K) =   303.48  PRESS =     0.0
 Etot   =    -51058.5047  EKtot   =     20879.4375  EPtot      =    -71937.9422
 BOND   =     12667.1668  ANGLE   =      1050.9612  DIHED      =      1323.0399
 1-4 NB =       433.7135  1-4 EEL =      4652.0769  VDWAALS    =     12405.2592
 EELEC  =   -104470.1596  EHBOND  =         0.0000  RESTRAINT  =         0.0000
 ------------------------------------------------------------------------------

check COM velocity, temp:        0.000005     0.00(Removed)

 NSTEP =    36000   TIME(PS) =      49.000  TEMP(K) =   306.14  PRESS =     0.0
 Etot   =    -51057.5738  EKtot   =     21062.5234  EPtot      =    -72120.0972
 BOND   =     12754.9573  ANGLE   =      1066.3913  DIHED      =      1333.6675
 1-4 NB =       436.2948  1-4 EEL =      4612.4230  VDWAALS    =     12369.5955
 EELEC  =   -104693.4266  EHBOND  =         0.0000  RESTRAINT  =         0.0000
 ------------------------------------------------------------------------------


 NSTEP =    36500   TIME(PS) =      49.250  TEMP(K) =   303.66  PRESS =     0.0
 Etot   =    -51058.2620  EKtot   =     20891.8984  EPtot      =    -71950.1605
 BOND   =     12713.3446  ANGLE   =      1070.3956  DIHED      =      1301.3069
 1-4 NB =       439.8885  1-4 EEL =      4604.5310  VDWAALS    =     12339.9924
 EELEC  =   -104419.6194  EHBOND  =         0.0000  RESTRAINT  =         0.0000
 ------------------------------------------------------------------------------

check COM velocity, temp:        0.000003     0.00(Removed)

 NSTEP =    37000   TIME(PS) =      49.500  TEMP(K) =   306.01  PRESS =     0.0
 Etot   =    -51058.9527  EKtot   =     21053.6250  EPtot      =    -72112.5777
 BOND   =     12721.7727  ANGLE   =      1012.9951  DIHED      =      1305.2692
 1-4 NB =       457.8460  1-4 EEL =      4640.6322  VDWAALS    =     12611.0034
 EELEC  =   -104862.0964  EHBOND  =         0.0000  RESTRAINT  =         0.0000
 ------------------------------------------------------------------------------


 NSTEP =    37500   TIME(PS) =      49.750  TEMP(K) =   306.57  PRESS =     0.0
 Etot   =    -51060.4020  EKtot   =     21092.0020  EPtot      =    -72152.4039
 BOND   =     12573.7129  ANGLE   =      1039.1447  DIHED      =      1311.9158
 1-4 NB =       438.4788  1-4 EEL =      4625.1976  VDWAALS    =     12492.5084
 EELEC  =   -104633.3621  EHBOND  =         0.0000  RESTRAINT  =         0.0000
 ------------------------------------------------------------------------------

check COM velocity, temp:        0.000003     0.00(Removed)

 NSTEP =    38000   TIME(PS) =      50.000  TEMP(K) =   303.01  PRESS =     0.0
 Etot   =    -51055.1435  EKtot   =     20846.6621  EPtot      =    -71901.8056
 BOND   =     12636.1221  ANGLE   =      1103.7365  DIHED      =      1335.0173
 1-4 NB =       438.3309  1-4 EEL =      4652.1706  VDWAALS    =     12420.6759
 EELEC  =   -104487.8589  EHBOND  =         0.0000  RESTRAINT  =         0.0000
 ------------------------------------------------------------------------------


 NSTEP =    38500   TIME(PS) =      50.250  TEMP(K) =   301.98  PRESS =     0.0
 Etot   =    -51053.4120  EKtot   =     20775.8672  EPtot      =    -71829.2792
 BOND   =     12823.8391  ANGLE   =      1070.1629  DIHED      =      1325.3435
 1-4 NB =       409.8244  1-4 EEL =      4599.8979  VDWAALS    =     12450.5596
 EELEC  =   -104508.9065  EHBOND  =         0.0000  RESTRAINT  =         0.0000
 ------------------------------------------------------------------------------

check COM velocity, temp:        0.000004     0.00(Removed)

 NSTEP =    39000   TIME(PS) =      50.500  TEMP(K) =   303.91  PRESS =     0.0
 Etot   =    -51056.6384  EKtot   =     20908.8086  EPtot      =    -71965.4470
 BOND   =     12754.2292  ANGLE   =      1078.1733  DIHED      =      1344.0533
 1-4 NB =       425.8255  1-4 EEL =      4608.5220  VDWAALS    =     12469.6002
 EELEC  =   -104645.8504  EHBOND  =         0.0000  RESTRAINT  =         0.0000
 ------------------------------------------------------------------------------


 NSTEP =    39500   TIME(PS) =      50.750  TEMP(K) =   305.25  PRESS =     0.0
 Etot   =    -51062.2042  EKtot   =     21001.0449  EPtot      =    -72063.2492
 BOND   =     12657.3607  ANGLE   =      1070.5359  DIHED      =      1320.9029
 1-4 NB =       454.8588  1-4 EEL =      4674.2559  VDWAALS    =     12555.7922
 EELEC  =   -104796.9557  EHBOND  =         0.0000  RESTRAINT  =         0.0000
 ------------------------------------------------------------------------------

check COM velocity, temp:        0.000006     0.00(Removed)

 NSTEP =    40000   TIME(PS) =      51.000  TEMP(K) =   305.34  PRESS =     0.0
 Etot   =    -51060.2298  EKtot   =     21007.5137  EPtot      =    -72067.7434
 BOND   =     12873.3505  ANGLE   =      1079.3200  DIHED      =      1316.8301
 1-4 NB =       446.9075  1-4 EEL =      4595.8640  VDWAALS    =     12576.5722
 EELEC  =   -104956.5877  EHBOND  =         0.0000  RESTRAINT  =         0.0000
 ------------------------------------------------------------------------------


      A V E R A G E S   O V E R      80 S T E P S


 NSTEP =    40000   TIME(PS) =      51.000  TEMP(K) =   305.46  PRESS =     0.0
 Etot   =    -51058.8936  EKtot   =     21015.4443  EPtot      =    -72074.3380
 BOND   =     12819.1533  ANGLE   =      1113.5885  DIHED      =      1324.9109
 1-4 NB =       446.6624  1-4 EEL =      4643.1786  VDWAALS    =     12605.1414
 EELEC  =   -105026.9731  EHBOND  =         0.0000  RESTRAINT  =         0.0000
 ------------------------------------------------------------------------------


      R M S  F L U C T U A T I O N S


 NSTEP =    40000   TIME(PS) =      51.000  TEMP(K) =     1.57  PRESS =     0.0
 Etot   =         2.5174  EKtot   =       108.0377  EPtot      =       109.0843
 BOND   =       112.9899  ANGLE   =        42.7543  DIHED      =        12.1367
 1-4 NB =        10.6173  1-4 EEL =        23.3120  VDWAALS    =       170.9911
 EELEC  =       327.6447  EHBOND  =         0.0000  RESTRAINT  =         0.0000
|E(PBS) =         0.7756
 ------------------------------------------------------------------------------

--------------------------------------------------------------------------------
   5.  TIMINGS
--------------------------------------------------------------------------------

|  NonSetup CPU Time in Major Routines:
|
|     Routine           Sec        %
|     ------------------------------
|     Nonbond           7.81   11.83
|     Bond              0.00    0.00
|     Angle             0.00    0.00
|     Dihedral          0.00    0.00
|     Shake             0.00    0.00
|     RunMD            58.11   88.07
|     Other             0.06    0.10
|     ------------------------------
|     Total            65.98

|  PME Nonbond Pairlist CPU Time:
|
|     Routine              Sec        %
|     ---------------------------------
|     Set Up Cit           0.00    0.00
|     Build List           0.00    0.00
|     ---------------------------------
|     Total                0.00    0.00

|  PME Direct Force CPU Time:
|
|     Routine              Sec        %
|     ---------------------------------
|     NonBonded Calc       0.00    0.00
|     Exclude Masked       0.00    0.00
|     Other                0.03    0.05
|     ---------------------------------
|     Total                0.03    0.05

|  PME Reciprocal Force CPU Time:
|
|     Routine              Sec        %
|     ---------------------------------
|     1D bspline           0.00    0.00
|     Grid Charges         0.00    0.00
|     Scalar Sum           0.00    0.00
|     Gradient Sum         0.00    0.00
|     FFT                  0.00    0.00
|     ---------------------------------
|     Total                0.00    0.00

|  Final Performance Info:
|     -----------------------------------------------------
|     Average timings for last    3500 steps:
|     Elapsed(s) =       6.43 Per Step(ms) =       1.84
|         ns/day =      23.52   seconds/ns =    3673.37
|
|     Average timings for all steps:
|     Elapsed(s) =      67.17 Per Step(ms) =       1.68
|         ns/day =      25.73   seconds/ns =    3358.37
|     -----------------------------------------------------

|  Setup CPU time:            2.79 seconds
|  NonSetup CPU time:        65.98 seconds
|  Total CPU time:           68.77 seconds     0.02 hours

|  Setup wall time:           3    seconds
|  NonSetup wall time:       67    seconds
|  Total wall time:          70    seconds     0.02 hours
