
          -------------------------------------------------------
          Amber 16 PMEMD                              2016
          -------------------------------------------------------

| PMEMD implementation of SANDER, Release 16

| Run on 08/25/2017 at 14:37:37

|   Executable path: /apps/amber16/bin/pmemd.cuda
| Working directory: /scratch/pbarletta/pdz/run/lb/neq/data/larga_4
|          Hostname: mordor

  [-O]verwriting output

File Assignments:
|   MDIN: pdt.in                                                                
|  MDOUT: T299pplb_4.out                                                        
| INPCRD: /scratch/pbarletta/pdz/run/lb/neq/data/corta_4/T299plb_4.rst7         
|   PARM: /scratch/pbarletta/pdz/top_files/lb.prmtop                            
| RESTRT: T299pplb_4.rst7                                                       
|   REFC: refc                                                                  
|  MDVEL: mdvel                                                                 
|   MDEN: mden                                                                  
|  MDCRD: T299pplb_4.nc                                                         
| MDINFO: mdinfo                                                                
|  MDFRC: mdfrc                                                                 


 Here is the input file:

!NVE run                                                                       
&cntrl                                                                         
imin = 0,                           ! No Minimization                          
nmropt = 0,                         ! No NMR restraints read                   
                                                                               
! Nature and format of the input                                               
ntx = 5,                            ! Coordinates will be read, assign new velo
irest = 1,                          ! Do not run a new simulation              
                                                                               
! Nature and format of the output                                              
ioutfm = 1,			    ! NetCDF format for output files                             
ntxo = 1,                           ! rstrt file in ASCII format               
ntpr = 500,                         ! inf in output every ntpr steps           
ntwr = 500,                         ! rstrt file every ntwr steps              
ntwx = 100,                         ! mdcrd file every ntwx steps              
ntwv = -1,                          ! mdvel without velocities                 
ntwe = 0,                           ! Energies and temperatures not written in 
idecomp = 0,                        ! No energy decomposition                  
iwrap = 1,                          ! Coordinates of the restart and mdcrd file
                                                                               
! Frozen or restrained atoms                                                   
ibelly = 0,                         ! No frozen atoms                          
ntr=0,                              ! Harmonic potential restraints            
                                                                               
! Molecular dynamics                                                           
nstlim = 40000,                      ! Number of MD-steps                      
dt = 0.0005,                        ! Time step                                
                                                                               
! Temperature regulation                                                       
ntt = 0,                            ! Constant total energy                    
                                                                               
! P and V regulation                                                           
ntp = 0,                            ! No P control                             
ntb = 1,                            ! constant V                               
                                                                               
! SHAKE variables                                                              
ntc = 1,                            ! Bonds involving H are constrained        
ntf = 1,                            ! Bond interaction involving H are ommited.
                                                                               
cut = 9.0,                          ! Nonbonded cutoff                         
/                                                                              
&end                                                                           


Note: ig = -1. Setting random seed to   411030 based on wallclock time in 
      microseconds.
| irandom = 1, using AMBER's internal random number generator (default).
 
|--------------------- INFORMATION ----------------------
| GPU (CUDA) Version of PMEMD in use: NVIDIA GPU IN USE.
|                    Version 16.0.0
| 
|                      02/25/2016
| 
| Implementation by:
|                    Ross C. Walker     (SDSC)
|                    Scott Le Grand     (nVIDIA)
| 
| Precision model in use:
|      [SPFP] - Single Precision Forces, 64-bit Fixed Point
|               Accumulation. (Default)
| 
|--------------------------------------------------------
 
|----------------- CITATION INFORMATION -----------------
|
|    When publishing work that utilized the CUDA version
|    of AMBER, please cite the following in addition to
|    the regular AMBER citations:
|
|  - Romelia Salomon-Ferrer; Andreas W. Goetz; Duncan
|    Poole; Scott Le Grand; Ross C. Walker "Routine
|    microsecond molecular dynamics simulations with
|    AMBER - Part II: Particle Mesh Ewald", J. Chem.
|    Theory Comput., 2013, 9 (9), pp3878-3888,
|    DOI: 10.1021/ct400314y.
|
|  - Andreas W. Goetz; Mark J. Williamson; Dong Xu;
|    Duncan Poole; Scott Le Grand; Ross C. Walker
|    "Routine microsecond molecular dynamics simulations
|    with AMBER - Part I: Generalized Born", J. Chem.
|    Theory Comput., 2012, 8 (5), pp1542-1555.
|
|  - Scott Le Grand; Andreas W. Goetz; Ross C. Walker
|    "SPFP: Speed without compromise - a mixed precision
|    model for GPU accelerated molecular dynamics
|    simulations.", Comp. Phys. Comm., 2013, 184
|    pp374-380, DOI: 10.1016/j.cpc.2012.09.022
|
|--------------------------------------------------------
 
|------------------- GPU DEVICE INFO --------------------
|
|            CUDA_VISIBLE_DEVICES: 1
|   CUDA Capable Devices Detected:      1
|           CUDA Device ID in use:      0
|                CUDA Device Name: GeForce GTX TITAN
|     CUDA Device Global Mem Size:   6082 MB
| CUDA Device Num Multiprocessors:     14
|           CUDA Device Core Freq:   0.93 GHz
|
|--------------------------------------------------------
 
 
| Conditional Compilation Defines Used:
| PUBFFT
| BINTRAJ
| CUDA
| EMIL

| Largest sphere to fit in unit cell has radius =    26.281

| New format PARM file being parsed.
| Version =    1.000 Date = 09/04/12 Time = 16:08:43

| Note: 1-4 EEL scale factors are being read from the topology file.

| Note: 1-4 VDW scale factors are being read from the topology file.
| Duplicated    0 dihedrals

| Duplicated    0 dihedrals

--------------------------------------------------------------------------------
   1.  RESOURCE   USE: 
--------------------------------------------------------------------------------

 getting new box info from bottom of inpcrd
 NATOM  =   23082 NTYPES =      16 NBONH =   22055 MBONA  =    1038
 NTHETH =    2390 MTHETA =    1396 NPHIH =    4631 MPHIA  =    3488
 NHPARM =       0 NPARM  =       0 NNB   =   39434 NRES   =    7134
 NBONA  =    1038 NTHETA =    1396 NPHIA =    3488 NUMBND =      41
 NUMANG =      86 NPTRA  =      41 NATYP =      28 NPHB   =       1
 IFBOX  =       1 NMXRS  =      24 IFCAP =       0 NEXTRA =       0
 NCOPY  =       0

| Coordinate Index Table dimensions:    12   14   10
| Direct force subcell size =     5.0212    5.2012    5.2562

     BOX TYPE: RECTILINEAR

--------------------------------------------------------------------------------
   2.  CONTROL  DATA  FOR  THE  RUN
--------------------------------------------------------------------------------

default_name                                                                    

General flags:
     imin    =       0, nmropt  =       0

Nature and format of input:
     ntx     =       5, irest   =       1, ntrx    =       1

Nature and format of output:
     ntxo    =       1, ntpr    =     500, ntrx    =       1, ntwr    =     500
     iwrap   =       1, ntwx    =     100, ntwv    =      -1, ntwe    =       0
     ioutfm  =       1, ntwprt  =       0, idecomp =       0, rbornstat=      0

Potential function:
     ntf     =       1, ntb     =       1, igb     =       0, nsnb    =      25
     ipol    =       0, gbsa    =       0, iesp    =       0
     dielc   =   1.00000, cut     =   9.00000, intdiel =   1.00000

Frozen or restrained atoms:
     ibelly  =       0, ntr     =       0

Molecular dynamics:
     nstlim  =     40000, nscm    =      1000, nrespa  =         1
     t       =   0.00000, dt      =   0.00050, vlimit  =  -1.00000

| Intermolecular bonds treatment:
|     no_intermolecular_bonds =       1

| Energy averages sample interval:
|     ene_avg_sampling =     500

Ewald parameters:
     verbose =       0, ew_type =       0, nbflag  =       1, use_pme =       1
     vdwmeth =       1, eedmeth =       1, netfrc  =       1
     Box X =   60.254   Box Y =   72.816   Box Z =   52.562
     Alpha =   90.000   Beta  =   90.000   Gamma =   90.000
     NFFT1 =   64       NFFT2 =   80       NFFT3 =   56
     Cutoff=    9.000   Tol   =0.100E-04
     Ewald Coefficient =  0.30768
     Interpolation order =    4

--------------------------------------------------------------------------------
   3.  ATOMIC COORDINATES AND VELOCITIES
--------------------------------------------------------------------------------

default_name                                                                    
 begin time read from input coords =    31.000 ps

 
 Number of triangulated 3-point waters found:     7002

     Sum of charges from parm topology file =  -0.00000008
     Forcing neutrality...

| Dynamic Memory, Types Used:
| Reals              710578
| Integers           737140

| Nonbonded Pairs Initial Allocation:     5262696

| GPU memory information (estimate):
| KB of GPU memory in use:     63171
| KB of CPU memory in use:     27891

--------------------------------------------------------------------------------
   4.  RESULTS
--------------------------------------------------------------------------------

 ---------------------------------------------------
 APPROXIMATING switch and d/dx switch using CUBIC SPLINE INTERPOLATION
 using   5000.0 points per unit in tabled values
 TESTING RELATIVE ERROR over r ranging from 0.0 to cutoff
| CHECK switch(x): max rel err =   0.2738E-14   at   2.422500
| CHECK d/dx switch(x): max rel err =   0.8314E-11   at   2.736960
 ---------------------------------------------------
|---------------------------------------------------
| APPROXIMATING direct energy using CUBIC SPLINE INTERPOLATION
|  with   50.0 points per unit in tabled values
| Relative Error Limit not exceeded for r .gt.   2.39
| APPROXIMATING direct force using CUBIC SPLINE INTERPOLATION
|  with   50.0 points per unit in tabled values
| Relative Error Limit not exceeded for r .gt.   2.84
|---------------------------------------------------

 NSTEP =      500   TIME(PS) =      31.250  TEMP(K) =   306.07  PRESS =     0.0
 Etot   =    -51072.6157  EKtot   =     21057.8086  EPtot      =    -72130.4243
 BOND   =     13004.0313  ANGLE   =      1156.3615  DIHED      =      1352.6774
 1-4 NB =       451.2640  1-4 EEL =      4634.0790  VDWAALS    =     12629.3288
 EELEC  =   -105358.1663  EHBOND  =         0.0000  RESTRAINT  =         0.0000
 ------------------------------------------------------------------------------

check COM velocity, temp:        0.000006     0.00(Removed)

 NSTEP =     1000   TIME(PS) =      31.500  TEMP(K) =   305.54  PRESS =     0.0
 Etot   =    -51076.5948  EKtot   =     21021.1035  EPtot      =    -72097.6983
 BOND   =     13022.5258  ANGLE   =      1181.4555  DIHED      =      1347.7697
 1-4 NB =       453.0020  1-4 EEL =      4674.6248  VDWAALS    =     12565.9422
 EELEC  =   -105343.0184  EHBOND  =         0.0000  RESTRAINT  =         0.0000
 ------------------------------------------------------------------------------


 NSTEP =     1500   TIME(PS) =      31.750  TEMP(K) =   306.07  PRESS =     0.0
 Etot   =    -51071.7054  EKtot   =     21057.7051  EPtot      =    -72129.4104
 BOND   =     13049.3557  ANGLE   =      1207.1629  DIHED      =      1343.9030
 1-4 NB =       442.0334  1-4 EEL =      4615.4555  VDWAALS    =     12939.2776
 EELEC  =   -105726.5985  EHBOND  =         0.0000  RESTRAINT  =         0.0000
 ------------------------------------------------------------------------------

check COM velocity, temp:        0.000002     0.00(Removed)

 NSTEP =     2000   TIME(PS) =      32.000  TEMP(K) =   307.05  PRESS =     0.0
 Etot   =    -51072.9905  EKtot   =     21124.7832  EPtot      =    -72197.7737
 BOND   =     12916.2320  ANGLE   =      1177.2382  DIHED      =      1339.0964
 1-4 NB =       471.4362  1-4 EEL =      4604.7576  VDWAALS    =     12776.2877
 EELEC  =   -105482.8217  EHBOND  =         0.0000  RESTRAINT  =         0.0000
 ------------------------------------------------------------------------------


 NSTEP =     2500   TIME(PS) =      32.250  TEMP(K) =   306.57  PRESS =     0.0
 Etot   =    -51073.1521  EKtot   =     21092.1602  EPtot      =    -72165.3123
 BOND   =     12847.0155  ANGLE   =      1154.9576  DIHED      =      1304.8859
 1-4 NB =       468.6454  1-4 EEL =      4680.6532  VDWAALS    =     12503.5002
 EELEC  =   -105124.9702  EHBOND  =         0.0000  RESTRAINT  =         0.0000
 ------------------------------------------------------------------------------

check COM velocity, temp:        0.000001     0.00(Removed)

 NSTEP =     3000   TIME(PS) =      32.500  TEMP(K) =   304.72  PRESS =     0.0
 Etot   =    -51069.1612  EKtot   =     20964.7012  EPtot      =    -72033.8624
 BOND   =     12982.4337  ANGLE   =      1216.4835  DIHED      =      1366.3292
 1-4 NB =       448.5326  1-4 EEL =      4614.4704  VDWAALS    =     12759.6603
 EELEC  =   -105421.7720  EHBOND  =         0.0000  RESTRAINT  =         0.0000
 ------------------------------------------------------------------------------


 NSTEP =     3500   TIME(PS) =      32.750  TEMP(K) =   306.36  PRESS =     0.0
 Etot   =    -51074.0910  EKtot   =     21077.4355  EPtot      =    -72151.5266
 BOND   =     12827.5669  ANGLE   =      1152.7831  DIHED      =      1369.1576
 1-4 NB =       451.6008  1-4 EEL =      4617.3924  VDWAALS    =     12692.9389
 EELEC  =   -105262.9663  EHBOND  =         0.0000  RESTRAINT  =         0.0000
 ------------------------------------------------------------------------------

check COM velocity, temp:        0.000010     0.00(Removed)

 NSTEP =     4000   TIME(PS) =      33.000  TEMP(K) =   305.70  PRESS =     0.0
 Etot   =    -51073.5097  EKtot   =     21032.0547  EPtot      =    -72105.5644
 BOND   =     12833.1143  ANGLE   =      1170.2125  DIHED      =      1358.0605
 1-4 NB =       449.9701  1-4 EEL =      4638.5851  VDWAALS    =     12664.7669
 EELEC  =   -105220.2738  EHBOND  =         0.0000  RESTRAINT  =         0.0000
 ------------------------------------------------------------------------------


 NSTEP =     4500   TIME(PS) =      33.250  TEMP(K) =   304.51  PRESS =     0.0
 Etot   =    -51068.3931  EKtot   =     20950.4648  EPtot      =    -72018.8580
 BOND   =     12818.6697  ANGLE   =      1156.1875  DIHED      =      1335.3297
 1-4 NB =       455.2065  1-4 EEL =      4611.7451  VDWAALS    =     12606.5067
 EELEC  =   -105002.5032  EHBOND  =         0.0000  RESTRAINT  =         0.0000
 ------------------------------------------------------------------------------

check COM velocity, temp:        0.000009     0.00(Removed)

 NSTEP =     5000   TIME(PS) =      33.500  TEMP(K) =   305.04  PRESS =     0.0
 Etot   =    -51072.4454  EKtot   =     20986.5957  EPtot      =    -72059.0411
 BOND   =     12814.1231  ANGLE   =      1135.8795  DIHED      =      1362.7055
 1-4 NB =       453.6164  1-4 EEL =      4639.3878  VDWAALS    =     12631.0890
 EELEC  =   -105095.8423  EHBOND  =         0.0000  RESTRAINT  =         0.0000
 ------------------------------------------------------------------------------


 NSTEP =     5500   TIME(PS) =      33.750  TEMP(K) =   305.80  PRESS =     0.0
 Etot   =    -51072.1782  EKtot   =     21039.1309  EPtot      =    -72111.3090
 BOND   =     12824.7027  ANGLE   =      1126.2260  DIHED      =      1332.1171
 1-4 NB =       446.5485  1-4 EEL =      4646.1872  VDWAALS    =     12547.7661
 EELEC  =   -105034.8567  EHBOND  =         0.0000  RESTRAINT  =         0.0000
 ------------------------------------------------------------------------------

check COM velocity, temp:        0.000008     0.00(Removed)

 NSTEP =     6000   TIME(PS) =      34.000  TEMP(K) =   305.32  PRESS =     0.0
 Etot   =    -51072.2577  EKtot   =     21006.1016  EPtot      =    -72078.3592
 BOND   =     12991.3874  ANGLE   =      1129.5320  DIHED      =      1348.3174
 1-4 NB =       461.8750  1-4 EEL =      4661.0377  VDWAALS    =     12822.6634
 EELEC  =   -105493.1722  EHBOND  =         0.0000  RESTRAINT  =         0.0000
 ------------------------------------------------------------------------------


 NSTEP =     6500   TIME(PS) =      34.250  TEMP(K) =   305.58  PRESS =     0.0
 Etot   =    -51074.2084  EKtot   =     21023.6270  EPtot      =    -72097.8354
 BOND   =     12839.2215  ANGLE   =      1140.5180  DIHED      =      1351.9042
 1-4 NB =       447.9305  1-4 EEL =      4624.1702  VDWAALS    =     12720.5876
 EELEC  =   -105222.1674  EHBOND  =         0.0000  RESTRAINT  =         0.0000
 ------------------------------------------------------------------------------

check COM velocity, temp:        0.000005     0.00(Removed)

 NSTEP =     7000   TIME(PS) =      34.500  TEMP(K) =   303.93  PRESS =     0.0
 Etot   =    -51073.4085  EKtot   =     20909.9355  EPtot      =    -71983.3440
 BOND   =     12875.3888  ANGLE   =      1139.1629  DIHED      =      1322.2924
 1-4 NB =       466.6638  1-4 EEL =      4659.0991  VDWAALS    =     12631.6030
 EELEC  =   -105077.5539  EHBOND  =         0.0000  RESTRAINT  =         0.0000
 ------------------------------------------------------------------------------


 NSTEP =     7500   TIME(PS) =      34.750  TEMP(K) =   304.01  PRESS =     0.0
 Etot   =    -51072.5925  EKtot   =     20915.7324  EPtot      =    -71988.3250
 BOND   =     12907.7838  ANGLE   =      1140.3906  DIHED      =      1337.6841
 1-4 NB =       431.7430  1-4 EEL =      4629.6995  VDWAALS    =     12860.8727
 EELEC  =   -105296.4987  EHBOND  =         0.0000  RESTRAINT  =         0.0000
 ------------------------------------------------------------------------------

check COM velocity, temp:        0.000003     0.00(Removed)

 NSTEP =     8000   TIME(PS) =      35.000  TEMP(K) =   305.14  PRESS =     0.0
 Etot   =    -51073.1186  EKtot   =     20993.6621  EPtot      =    -72066.7807
 BOND   =     12964.9554  ANGLE   =      1121.3523  DIHED      =      1330.7913
 1-4 NB =       435.4712  1-4 EEL =      4668.6654  VDWAALS    =     12614.2211
 EELEC  =   -105202.2375  EHBOND  =         0.0000  RESTRAINT  =         0.0000
 ------------------------------------------------------------------------------


 NSTEP =     8500   TIME(PS) =      35.250  TEMP(K) =   304.52  PRESS =     0.0
 Etot   =    -51068.7746  EKtot   =     20951.1523  EPtot      =    -72019.9270
 BOND   =     12782.7986  ANGLE   =      1104.8823  DIHED      =      1314.1786
 1-4 NB =       445.0045  1-4 EEL =      4681.5216  VDWAALS    =     12357.5920
 EELEC  =   -104705.9044  EHBOND  =         0.0000  RESTRAINT  =         0.0000
 ------------------------------------------------------------------------------

check COM velocity, temp:        0.000003     0.00(Removed)

 NSTEP =     9000   TIME(PS) =      35.500  TEMP(K) =   303.41  PRESS =     0.0
 Etot   =    -51067.8470  EKtot   =     20874.2871  EPtot      =    -71942.1341
 BOND   =     12775.0137  ANGLE   =      1123.5515  DIHED      =      1335.4289
 1-4 NB =       443.8648  1-4 EEL =      4642.2672  VDWAALS    =     12633.5940
 EELEC  =   -104895.8542  EHBOND  =         0.0000  RESTRAINT  =         0.0000
 ------------------------------------------------------------------------------


 NSTEP =     9500   TIME(PS) =      35.750  TEMP(K) =   305.77  PRESS =     0.0
 Etot   =    -51073.3805  EKtot   =     21036.6387  EPtot      =    -72110.0192
 BOND   =     12787.4642  ANGLE   =      1113.2770  DIHED      =      1342.4266
 1-4 NB =       454.5111  1-4 EEL =      4617.5123  VDWAALS    =     12778.9609
 EELEC  =   -105204.1713  EHBOND  =         0.0000  RESTRAINT  =         0.0000
 ------------------------------------------------------------------------------

check COM velocity, temp:        0.000003     0.00(Removed)

 NSTEP =    10000   TIME(PS) =      36.000  TEMP(K) =   306.58  PRESS =     0.0
 Etot   =    -51071.2638  EKtot   =     21092.4355  EPtot      =    -72163.6993
 BOND   =     12819.6232  ANGLE   =      1154.4493  DIHED      =      1306.4947
 1-4 NB =       447.9231  1-4 EEL =      4666.0587  VDWAALS    =     12642.1906
 EELEC  =   -105200.4390  EHBOND  =         0.0000  RESTRAINT  =         0.0000
 ------------------------------------------------------------------------------


 NSTEP =    10500   TIME(PS) =      36.250  TEMP(K) =   304.06  PRESS =     0.0
 Etot   =    -51069.3539  EKtot   =     20918.9941  EPtot      =    -71988.3481
 BOND   =     12808.0156  ANGLE   =      1152.4547  DIHED      =      1332.3804
 1-4 NB =       438.8675  1-4 EEL =      4644.9990  VDWAALS    =     12551.5054
 EELEC  =   -104916.5707  EHBOND  =         0.0000  RESTRAINT  =         0.0000
 ------------------------------------------------------------------------------

check COM velocity, temp:        0.000012     0.00(Removed)

 NSTEP =    11000   TIME(PS) =      36.500  TEMP(K) =   306.61  PRESS =     0.0
 Etot   =    -51073.0121  EKtot   =     21094.7461  EPtot      =    -72167.7582
 BOND   =     12888.0751  ANGLE   =      1109.0199  DIHED      =      1333.8199
 1-4 NB =       448.2490  1-4 EEL =      4619.2951  VDWAALS    =     12780.5042
 EELEC  =   -105346.7215  EHBOND  =         0.0000  RESTRAINT  =         0.0000
 ------------------------------------------------------------------------------


 NSTEP =    11500   TIME(PS) =      36.750  TEMP(K) =   304.47  PRESS =     0.0
 Etot   =    -51070.5462  EKtot   =     20947.6680  EPtot      =    -72018.2142
 BOND   =     12671.0079  ANGLE   =      1148.6721  DIHED      =      1331.6415
 1-4 NB =       437.2724  1-4 EEL =      4666.7094  VDWAALS    =     12696.4104
 EELEC  =   -104969.9279  EHBOND  =         0.0000  RESTRAINT  =         0.0000
 ------------------------------------------------------------------------------

check COM velocity, temp:        0.000006     0.00(Removed)

 NSTEP =    12000   TIME(PS) =      37.000  TEMP(K) =   304.64  PRESS =     0.0
 Etot   =    -51072.9074  EKtot   =     20959.2910  EPtot      =    -72032.1985
 BOND   =     12595.8230  ANGLE   =      1179.0798  DIHED      =      1357.2001
 1-4 NB =       447.9352  1-4 EEL =      4601.6147  VDWAALS    =     12701.0369
 EELEC  =   -104914.8882  EHBOND  =         0.0000  RESTRAINT  =         0.0000
 ------------------------------------------------------------------------------


 NSTEP =    12500   TIME(PS) =      37.250  TEMP(K) =   306.05  PRESS =     0.0
 Etot   =    -51073.3310  EKtot   =     21055.8945  EPtot      =    -72129.2255
 BOND   =     12752.6708  ANGLE   =      1130.7565  DIHED      =      1333.2335
 1-4 NB =       445.8037  1-4 EEL =      4637.0643  VDWAALS    =     12430.9191
 EELEC  =   -104859.6734  EHBOND  =         0.0000  RESTRAINT  =         0.0000
 ------------------------------------------------------------------------------

check COM velocity, temp:        0.000006     0.00(Removed)

 NSTEP =    13000   TIME(PS) =      37.500  TEMP(K) =   306.55  PRESS =     0.0
 Etot   =    -51074.7160  EKtot   =     21090.5449  EPtot      =    -72165.2609
 BOND   =     12826.1989  ANGLE   =      1106.8594  DIHED      =      1304.7855
 1-4 NB =       449.0789  1-4 EEL =      4613.5859  VDWAALS    =     12674.3780
 EELEC  =   -105140.1475  EHBOND  =         0.0000  RESTRAINT  =         0.0000
 ------------------------------------------------------------------------------


 NSTEP =    13500   TIME(PS) =      37.750  TEMP(K) =   305.21  PRESS =     0.0
 Etot   =    -51069.7036  EKtot   =     20998.2383  EPtot      =    -72067.9419
 BOND   =     12854.7941  ANGLE   =      1159.1017  DIHED      =      1329.6468
 1-4 NB =       445.3115  1-4 EEL =      4619.2394  VDWAALS    =     12541.5428
 EELEC  =   -105017.5781  EHBOND  =         0.0000  RESTRAINT  =         0.0000
 ------------------------------------------------------------------------------

check COM velocity, temp:        0.000006     0.00(Removed)

 NSTEP =    14000   TIME(PS) =      38.000  TEMP(K) =   304.89  PRESS =     0.0
 Etot   =    -51072.1573  EKtot   =     20976.0684  EPtot      =    -72048.2256
 BOND   =     12805.7671  ANGLE   =      1130.1050  DIHED      =      1343.9961
 1-4 NB =       430.0296  1-4 EEL =      4621.0387  VDWAALS    =     12619.1622
 EELEC  =   -104998.3244  EHBOND  =         0.0000  RESTRAINT  =         0.0000
 ------------------------------------------------------------------------------


 NSTEP =    14500   TIME(PS) =      38.250  TEMP(K) =   306.05  PRESS =     0.0
 Etot   =    -51071.3952  EKtot   =     21056.3242  EPtot      =    -72127.7195
 BOND   =     12809.9349  ANGLE   =      1135.5092  DIHED      =      1317.3989
 1-4 NB =       444.9982  1-4 EEL =      4642.5640  VDWAALS    =     12604.2453
 EELEC  =   -105082.3699  EHBOND  =         0.0000  RESTRAINT  =         0.0000
 ------------------------------------------------------------------------------

check COM velocity, temp:        0.000009     0.00(Removed)

 NSTEP =    15000   TIME(PS) =      38.500  TEMP(K) =   303.99  PRESS =     0.0
 Etot   =    -51070.3256  EKtot   =     20914.3438  EPtot      =    -71984.6693
 BOND   =     12837.5098  ANGLE   =      1093.3367  DIHED      =      1330.4612
 1-4 NB =       442.0191  1-4 EEL =      4611.9206  VDWAALS    =     12547.9851
 EELEC  =   -104847.9018  EHBOND  =         0.0000  RESTRAINT  =         0.0000
 ------------------------------------------------------------------------------


 NSTEP =    15500   TIME(PS) =      38.750  TEMP(K) =   304.42  PRESS =     0.0
 Etot   =    -51072.0202  EKtot   =     20943.8359  EPtot      =    -72015.8561
 BOND   =     12841.9848  ANGLE   =      1091.7107  DIHED      =      1324.4858
 1-4 NB =       433.7594  1-4 EEL =      4647.2427  VDWAALS    =     12788.4514
 EELEC  =   -105143.4908  EHBOND  =         0.0000  RESTRAINT  =         0.0000
 ------------------------------------------------------------------------------

check COM velocity, temp:        0.000003     0.00(Removed)

 NSTEP =    16000   TIME(PS) =      39.000  TEMP(K) =   302.27  PRESS =     0.0
 Etot   =    -51070.1432  EKtot   =     20796.3750  EPtot      =    -71866.5182
 BOND   =     12792.4932  ANGLE   =      1106.3283  DIHED      =      1325.5244
 1-4 NB =       434.3013  1-4 EEL =      4632.0915  VDWAALS    =     12819.5119
 EELEC  =   -104976.7686  EHBOND  =         0.0000  RESTRAINT  =         0.0000
 ------------------------------------------------------------------------------


 NSTEP =    16500   TIME(PS) =      39.250  TEMP(K) =   305.23  PRESS =     0.0
 Etot   =    -51070.6486  EKtot   =     20999.9219  EPtot      =    -72070.5705
 BOND   =     12807.6951  ANGLE   =      1077.7732  DIHED      =      1339.3661
 1-4 NB =       443.5136  1-4 EEL =      4674.2085  VDWAALS    =     12611.3480
 EELEC  =   -105024.4750  EHBOND  =         0.0000  RESTRAINT  =         0.0000
 ------------------------------------------------------------------------------

check COM velocity, temp:        0.000005     0.00(Removed)

 NSTEP =    17000   TIME(PS) =      39.500  TEMP(K) =   302.84  PRESS =     0.0
 Etot   =    -51071.1938  EKtot   =     20835.5176  EPtot      =    -71906.7113
 BOND   =     12943.0129  ANGLE   =      1074.9725  DIHED      =      1331.6211
 1-4 NB =       454.0454  1-4 EEL =      4663.5842  VDWAALS    =     12537.4480
 EELEC  =   -104911.3955  EHBOND  =         0.0000  RESTRAINT  =         0.0000
 ------------------------------------------------------------------------------


 NSTEP =    17500   TIME(PS) =      39.750  TEMP(K) =   304.64  PRESS =     0.0
 Etot   =    -51073.8289  EKtot   =     20958.9375  EPtot      =    -72032.7664
 BOND   =     12868.0318  ANGLE   =      1098.7928  DIHED      =      1328.9905
 1-4 NB =       447.1456  1-4 EEL =      4674.8888  VDWAALS    =     12764.8614
 EELEC  =   -105215.4773  EHBOND  =         0.0000  RESTRAINT  =         0.0000
 ------------------------------------------------------------------------------

check COM velocity, temp:        0.000009     0.00(Removed)

 NSTEP =    18000   TIME(PS) =      40.000  TEMP(K) =   306.20  PRESS =     0.0
 Etot   =    -51076.2277  EKtot   =     21066.2285  EPtot      =    -72142.4562
 BOND   =     12638.7195  ANGLE   =      1088.7992  DIHED      =      1327.2179
 1-4 NB =       431.4170  1-4 EEL =      4650.1142  VDWAALS    =     12539.4192
 EELEC  =   -104818.1431  EHBOND  =         0.0000  RESTRAINT  =         0.0000
 ------------------------------------------------------------------------------


 NSTEP =    18500   TIME(PS) =      40.250  TEMP(K) =   305.32  PRESS =     0.0
 Etot   =    -51072.3251  EKtot   =     21005.5527  EPtot      =    -72077.8778
 BOND   =     12665.5178  ANGLE   =      1107.6397  DIHED      =      1340.5822
 1-4 NB =       440.2485  1-4 EEL =      4639.6617  VDWAALS    =     12565.6777
 EELEC  =   -104837.2054  EHBOND  =         0.0000  RESTRAINT  =         0.0000
 ------------------------------------------------------------------------------

check COM velocity, temp:        0.000004     0.00(Removed)

 NSTEP =    19000   TIME(PS) =      40.500  TEMP(K) =   304.11  PRESS =     0.0
 Etot   =    -51071.2131  EKtot   =     20922.4590  EPtot      =    -71993.6721
 BOND   =     12764.3778  ANGLE   =      1050.2509  DIHED      =      1346.2934
 1-4 NB =       465.6982  1-4 EEL =      4682.0116  VDWAALS    =     12437.8888
 EELEC  =   -104740.1928  EHBOND  =         0.0000  RESTRAINT  =         0.0000
 ------------------------------------------------------------------------------


 NSTEP =    19500   TIME(PS) =      40.750  TEMP(K) =   303.54  PRESS =     0.0
 Etot   =    -51071.4192  EKtot   =     20883.1621  EPtot      =    -71954.5813
 BOND   =     12638.2753  ANGLE   =      1099.5109  DIHED      =      1371.1031
 1-4 NB =       441.2756  1-4 EEL =      4628.7756  VDWAALS    =     12643.1519
 EELEC  =   -104776.6738  EHBOND  =         0.0000  RESTRAINT  =         0.0000
 ------------------------------------------------------------------------------

check COM velocity, temp:        0.000008     0.00(Removed)

 NSTEP =    20000   TIME(PS) =      41.000  TEMP(K) =   302.31  PRESS =     0.0
 Etot   =    -51070.0848  EKtot   =     20798.9863  EPtot      =    -71869.0711
 BOND   =     12811.5579  ANGLE   =      1102.2098  DIHED      =      1330.7171
 1-4 NB =       444.1812  1-4 EEL =      4656.9005  VDWAALS    =     12570.7382
 EELEC  =   -104785.3758  EHBOND  =         0.0000  RESTRAINT  =         0.0000
 ------------------------------------------------------------------------------


 NSTEP =    20500   TIME(PS) =      41.250  TEMP(K) =   305.54  PRESS =     0.0
 Etot   =    -51072.3859  EKtot   =     21020.9980  EPtot      =    -72093.3840
 BOND   =     12851.6769  ANGLE   =      1104.6588  DIHED      =      1323.0715
 1-4 NB =       439.1435  1-4 EEL =      4625.1532  VDWAALS    =     12699.8600
 EELEC  =   -105136.9478  EHBOND  =         0.0000  RESTRAINT  =         0.0000
 ------------------------------------------------------------------------------

check COM velocity, temp:        0.000006     0.00(Removed)

 NSTEP =    21000   TIME(PS) =      41.500  TEMP(K) =   305.94  PRESS =     0.0
 Etot   =    -51073.2785  EKtot   =     21048.4277  EPtot      =    -72121.7062
 BOND   =     12707.4933  ANGLE   =      1097.2212  DIHED      =      1333.8086
 1-4 NB =       451.4684  1-4 EEL =      4646.8460  VDWAALS    =     12714.9410
 EELEC  =   -105073.4848  EHBOND  =         0.0000  RESTRAINT  =         0.0000
 ------------------------------------------------------------------------------


 NSTEP =    21500   TIME(PS) =      41.750  TEMP(K) =   305.31  PRESS =     0.0
 Etot   =    -51068.7084  EKtot   =     21004.8750  EPtot      =    -72073.5834
 BOND   =     12829.7409  ANGLE   =      1069.0053  DIHED      =      1354.8257
 1-4 NB =       438.5952  1-4 EEL =      4635.5049  VDWAALS    =     12690.4007
 EELEC  =   -105091.6561  EHBOND  =         0.0000  RESTRAINT  =         0.0000
 ------------------------------------------------------------------------------

check COM velocity, temp:        0.000009     0.00(Removed)

 NSTEP =    22000   TIME(PS) =      42.000  TEMP(K) =   304.59  PRESS =     0.0
 Etot   =    -51070.4953  EKtot   =     20955.6133  EPtot      =    -72026.1086
 BOND   =     12837.6479  ANGLE   =      1123.5482  DIHED      =      1295.6693
 1-4 NB =       442.8055  1-4 EEL =      4645.5661  VDWAALS    =     12512.3759
 EELEC  =   -104883.7215  EHBOND  =         0.0000  RESTRAINT  =         0.0000
 ------------------------------------------------------------------------------


 NSTEP =    22500   TIME(PS) =      42.250  TEMP(K) =   303.48  PRESS =     0.0
 Etot   =    -51073.2217  EKtot   =     20879.3809  EPtot      =    -71952.6025
 BOND   =     12767.9535  ANGLE   =      1093.2356  DIHED      =      1341.4156
 1-4 NB =       452.6786  1-4 EEL =      4681.7218  VDWAALS    =     12710.6118
 EELEC  =   -105000.2194  EHBOND  =         0.0000  RESTRAINT  =         0.0000
 ------------------------------------------------------------------------------

check COM velocity, temp:        0.000008     0.00(Removed)

 NSTEP =    23000   TIME(PS) =      42.500  TEMP(K) =   306.17  PRESS =     0.0
 Etot   =    -51071.6219  EKtot   =     21064.2461  EPtot      =    -72135.8680
 BOND   =     12854.5901  ANGLE   =      1054.3324  DIHED      =      1309.3621
 1-4 NB =       451.9646  1-4 EEL =      4660.4085  VDWAALS    =     12696.1071
 EELEC  =   -105162.6328  EHBOND  =         0.0000  RESTRAINT  =         0.0000
 ------------------------------------------------------------------------------


 NSTEP =    23500   TIME(PS) =      42.750  TEMP(K) =   303.62  PRESS =     0.0
 Etot   =    -51069.1578  EKtot   =     20889.0039  EPtot      =    -71958.1617
 BOND   =     12757.1042  ANGLE   =      1068.2605  DIHED      =      1337.4188
 1-4 NB =       456.1118  1-4 EEL =      4630.5354  VDWAALS    =     12560.5479
 EELEC  =   -104768.1402  EHBOND  =         0.0000  RESTRAINT  =         0.0000
 ------------------------------------------------------------------------------

check COM velocity, temp:        0.000002     0.00(Removed)

 NSTEP =    24000   TIME(PS) =      43.000  TEMP(K) =   305.61  PRESS =     0.0
 Etot   =    -51072.5949  EKtot   =     21026.1191  EPtot      =    -72098.7141
 BOND   =     12766.4062  ANGLE   =      1080.1777  DIHED      =      1334.5128
 1-4 NB =       453.2542  1-4 EEL =      4650.6538  VDWAALS    =     12842.0686
 EELEC  =   -105225.7874  EHBOND  =         0.0000  RESTRAINT  =         0.0000
 ------------------------------------------------------------------------------


 NSTEP =    24500   TIME(PS) =      43.250  TEMP(K) =   306.74  PRESS =     0.0
 Etot   =    -51077.2299  EKtot   =     21103.2715  EPtot      =    -72180.5014
 BOND   =     12710.2836  ANGLE   =      1056.0934  DIHED      =      1322.5835
 1-4 NB =       442.1344  1-4 EEL =      4688.9866  VDWAALS    =     12699.3925
 EELEC  =   -105099.9754  EHBOND  =         0.0000  RESTRAINT  =         0.0000
 ------------------------------------------------------------------------------

check COM velocity, temp:        0.000004     0.00(Removed)

 NSTEP =    25000   TIME(PS) =      43.500  TEMP(K) =   305.85  PRESS =     0.0
 Etot   =    -51074.1996  EKtot   =     21042.5977  EPtot      =    -72116.7973
 BOND   =     12891.0003  ANGLE   =      1056.3357  DIHED      =      1329.7713
 1-4 NB =       453.2243  1-4 EEL =      4682.2652  VDWAALS    =     12860.5584
 EELEC  =   -105389.9524  EHBOND  =         0.0000  RESTRAINT  =         0.0000
 ------------------------------------------------------------------------------


 NSTEP =    25500   TIME(PS) =      43.750  TEMP(K) =   306.34  PRESS =     0.0
 Etot   =    -51072.9638  EKtot   =     21076.3008  EPtot      =    -72149.2646
 BOND   =     12820.1203  ANGLE   =      1091.4246  DIHED      =      1328.2346
 1-4 NB =       454.4312  1-4 EEL =      4654.6897  VDWAALS    =     12659.5326
 EELEC  =   -105157.6978  EHBOND  =         0.0000  RESTRAINT  =         0.0000
 ------------------------------------------------------------------------------

check COM velocity, temp:        0.000008     0.00(Removed)

 NSTEP =    26000   TIME(PS) =      44.000  TEMP(K) =   305.21  PRESS =     0.0
 Etot   =    -51071.7673  EKtot   =     20998.3301  EPtot      =    -72070.0974
 BOND   =     12931.3936  ANGLE   =      1105.3691  DIHED      =      1305.3901
 1-4 NB =       444.4830  1-4 EEL =      4657.7782  VDWAALS    =     12849.5363
 EELEC  =   -105364.0478  EHBOND  =         0.0000  RESTRAINT  =         0.0000
 ------------------------------------------------------------------------------


 NSTEP =    26500   TIME(PS) =      44.250  TEMP(K) =   303.67  PRESS =     0.0
 Etot   =    -51070.7256  EKtot   =     20892.5000  EPtot      =    -71963.2256
 BOND   =     12790.1198  ANGLE   =      1052.6210  DIHED      =      1339.3145
 1-4 NB =       462.5111  1-4 EEL =      4671.8036  VDWAALS    =     12463.2629
 EELEC  =   -104742.8586  EHBOND  =         0.0000  RESTRAINT  =         0.0000
 ------------------------------------------------------------------------------

check COM velocity, temp:        0.000007     0.00(Removed)

 NSTEP =    27000   TIME(PS) =      44.500  TEMP(K) =   307.55  PRESS =     0.0
 Etot   =    -51075.0871  EKtot   =     21159.2637  EPtot      =    -72234.3507
 BOND   =     12780.3155  ANGLE   =      1065.9805  DIHED      =      1324.0758
 1-4 NB =       447.5787  1-4 EEL =      4626.1077  VDWAALS    =     12863.6911
 EELEC  =   -105342.1001  EHBOND  =         0.0000  RESTRAINT  =         0.0000
 ------------------------------------------------------------------------------


 NSTEP =    27500   TIME(PS) =      44.750  TEMP(K) =   304.29  PRESS =     0.0
 Etot   =    -51073.9701  EKtot   =     20935.2148  EPtot      =    -72009.1849
 BOND   =     12791.2291  ANGLE   =      1080.2732  DIHED      =      1317.0443
 1-4 NB =       452.1965  1-4 EEL =      4650.0731  VDWAALS    =     12540.5667
 EELEC  =   -104840.5678  EHBOND  =         0.0000  RESTRAINT  =         0.0000
 ------------------------------------------------------------------------------

check COM velocity, temp:        0.000008     0.00(Removed)

 NSTEP =    28000   TIME(PS) =      45.000  TEMP(K) =   303.79  PRESS =     0.0
 Etot   =    -51070.4366  EKtot   =     20900.2988  EPtot      =    -71970.7355
 BOND   =     13024.9509  ANGLE   =      1045.1819  DIHED      =      1318.2895
 1-4 NB =       448.7816  1-4 EEL =      4664.2969  VDWAALS    =     12596.6011
 EELEC  =   -105068.8374  EHBOND  =         0.0000  RESTRAINT  =         0.0000
 ------------------------------------------------------------------------------


 NSTEP =    28500   TIME(PS) =      45.250  TEMP(K) =   305.67  PRESS =     0.0
 Etot   =    -51072.6082  EKtot   =     21030.0195  EPtot      =    -72102.6277
 BOND   =     12777.9724  ANGLE   =      1074.9185  DIHED      =      1330.2633
 1-4 NB =       430.8612  1-4 EEL =      4642.0634  VDWAALS    =     12570.8107
 EELEC  =   -104929.5173  EHBOND  =         0.0000  RESTRAINT  =         0.0000
 ------------------------------------------------------------------------------

check COM velocity, temp:        0.000006     0.00(Removed)

 NSTEP =    29000   TIME(PS) =      45.500  TEMP(K) =   305.22  PRESS =     0.0
 Etot   =    -51070.5419  EKtot   =     20999.0840  EPtot      =    -72069.6258
 BOND   =     12824.8196  ANGLE   =      1046.5583  DIHED      =      1333.3632
 1-4 NB =       449.1909  1-4 EEL =      4611.5278  VDWAALS    =     12451.2415
 EELEC  =   -104786.3272  EHBOND  =         0.0000  RESTRAINT  =         0.0000
 ------------------------------------------------------------------------------


 NSTEP =    29500   TIME(PS) =      45.750  TEMP(K) =   305.93  PRESS =     0.0
 Etot   =    -51071.4394  EKtot   =     21047.7402  EPtot      =    -72119.1797
 BOND   =     12763.9416  ANGLE   =      1080.0324  DIHED      =      1312.9113
 1-4 NB =       438.6210  1-4 EEL =      4632.3826  VDWAALS    =     12569.1049
 EELEC  =   -104916.1735  EHBOND  =         0.0000  RESTRAINT  =         0.0000
 ------------------------------------------------------------------------------

check COM velocity, temp:        0.000004     0.00(Removed)

 NSTEP =    30000   TIME(PS) =      46.000  TEMP(K) =   306.45  PRESS =     0.0
 Etot   =    -51071.7082  EKtot   =     21083.4688  EPtot      =    -72155.1770
 BOND   =     12683.0274  ANGLE   =      1046.8015  DIHED      =      1306.3372
 1-4 NB =       449.9571  1-4 EEL =      4651.9211  VDWAALS    =     12772.2690
 EELEC  =   -105065.4902  EHBOND  =         0.0000  RESTRAINT  =         0.0000
 ------------------------------------------------------------------------------


 NSTEP =    30500   TIME(PS) =      46.250  TEMP(K) =   305.09  PRESS =     0.0
 Etot   =    -51072.7759  EKtot   =     20989.7715  EPtot      =    -72062.5474
 BOND   =     12818.6418  ANGLE   =      1015.0590  DIHED      =      1335.0602
 1-4 NB =       439.1660  1-4 EEL =      4598.9366  VDWAALS    =     12579.8450
 EELEC  =   -104849.2560  EHBOND  =         0.0000  RESTRAINT  =         0.0000
 ------------------------------------------------------------------------------

check COM velocity, temp:        0.000005     0.00(Removed)

 NSTEP =    31000   TIME(PS) =      46.500  TEMP(K) =   304.11  PRESS =     0.0
 Etot   =    -51071.3804  EKtot   =     20922.9004  EPtot      =    -71994.2808
 BOND   =     12871.9203  ANGLE   =      1055.6684  DIHED      =      1309.4071
 1-4 NB =       441.9403  1-4 EEL =      4620.9134  VDWAALS    =     12467.1589
 EELEC  =   -104761.2892  EHBOND  =         0.0000  RESTRAINT  =         0.0000
 ------------------------------------------------------------------------------


 NSTEP =    31500   TIME(PS) =      46.750  TEMP(K) =   304.32  PRESS =     0.0
 Etot   =    -51072.9567  EKtot   =     20936.9688  EPtot      =    -72009.9254
 BOND   =     12738.7364  ANGLE   =      1082.5248  DIHED      =      1317.9122
 1-4 NB =       456.5329  1-4 EEL =      4653.7714  VDWAALS    =     12364.8208
 EELEC  =   -104624.2238  EHBOND  =         0.0000  RESTRAINT  =         0.0000
 ------------------------------------------------------------------------------

check COM velocity, temp:        0.000009     0.00(Removed)

 NSTEP =    32000   TIME(PS) =      47.000  TEMP(K) =   304.52  PRESS =     0.0
 Etot   =    -51072.0918  EKtot   =     20950.6211  EPtot      =    -72022.7129
 BOND   =     12918.3008  ANGLE   =      1054.7920  DIHED      =      1319.6309
 1-4 NB =       441.2624  1-4 EEL =      4603.2708  VDWAALS    =     12663.9567
 EELEC  =   -105023.9266  EHBOND  =         0.0000  RESTRAINT  =         0.0000
 ------------------------------------------------------------------------------


 NSTEP =    32500   TIME(PS) =      47.250  TEMP(K) =   303.54  PRESS =     0.0
 Etot   =    -51067.8915  EKtot   =     20883.3320  EPtot      =    -71951.2236
 BOND   =     12861.0172  ANGLE   =      1094.0277  DIHED      =      1321.0838
 1-4 NB =       443.9042  1-4 EEL =      4626.8244  VDWAALS    =     12541.6876
 EELEC  =   -104839.7685  EHBOND  =         0.0000  RESTRAINT  =         0.0000
 ------------------------------------------------------------------------------

check COM velocity, temp:        0.000013     0.00(Removed)

 NSTEP =    33000   TIME(PS) =      47.500  TEMP(K) =   303.79  PRESS =     0.0
 Etot   =    -51068.7871  EKtot   =     20900.8203  EPtot      =    -71969.6074
 BOND   =     12897.3666  ANGLE   =      1038.8805  DIHED      =      1318.0567
 1-4 NB =       444.7453  1-4 EEL =      4607.9661  VDWAALS    =     12782.1943
 EELEC  =   -105058.8168  EHBOND  =         0.0000  RESTRAINT  =         0.0000
 ------------------------------------------------------------------------------


 NSTEP =    33500   TIME(PS) =      47.750  TEMP(K) =   305.57  PRESS =     0.0
 Etot   =    -51069.9865  EKtot   =     21023.2500  EPtot      =    -72093.2365
 BOND   =     12704.6789  ANGLE   =      1064.4203  DIHED      =      1329.9168
 1-4 NB =       442.8320  1-4 EEL =      4621.3874  VDWAALS    =     12552.9013
 EELEC  =   -104809.3730  EHBOND  =         0.0000  RESTRAINT  =         0.0000
 ------------------------------------------------------------------------------

check COM velocity, temp:        0.000009     0.00(Removed)

 NSTEP =    34000   TIME(PS) =      48.000  TEMP(K) =   304.73  PRESS =     0.0
 Etot   =    -51075.2671  EKtot   =     20965.0312  EPtot      =    -72040.2984
 BOND   =     12758.3776  ANGLE   =      1038.9254  DIHED      =      1332.7489
 1-4 NB =       447.2667  1-4 EEL =      4588.5530  VDWAALS    =     12358.3399
 EELEC  =   -104564.5097  EHBOND  =         0.0000  RESTRAINT  =         0.0000
 ------------------------------------------------------------------------------


 NSTEP =    34500   TIME(PS) =      48.250  TEMP(K) =   304.79  PRESS =     0.0
 Etot   =    -51073.5823  EKtot   =     20969.4180  EPtot      =    -72043.0003
 BOND   =     12686.1816  ANGLE   =      1077.5559  DIHED      =      1321.5647
 1-4 NB =       457.2545  1-4 EEL =      4636.2903  VDWAALS    =     12531.0915
 EELEC  =   -104752.9390  EHBOND  =         0.0000  RESTRAINT  =         0.0000
 ------------------------------------------------------------------------------

check COM velocity, temp:        0.000006     0.00(Removed)

 NSTEP =    35000   TIME(PS) =      48.500  TEMP(K) =   304.73  PRESS =     0.0
 Etot   =    -51070.8753  EKtot   =     20965.3750  EPtot      =    -72036.2503
 BOND   =     12973.4365  ANGLE   =      1101.1385  DIHED      =      1327.5423
 1-4 NB =       446.9807  1-4 EEL =      4642.7614  VDWAALS    =     12457.0440
 EELEC  =   -104985.1538  EHBOND  =         0.0000  RESTRAINT  =         0.0000
 ------------------------------------------------------------------------------


 NSTEP =    35500   TIME(PS) =      48.750  TEMP(K) =   303.84  PRESS =     0.0
 Etot   =    -51073.4680  EKtot   =     20904.0977  EPtot      =    -71977.5657
 BOND   =     12954.9266  ANGLE   =      1082.1716  DIHED      =      1303.0681
 1-4 NB =       451.3223  1-4 EEL =      4640.0536  VDWAALS    =     12714.0110
 EELEC  =   -105123.1189  EHBOND  =         0.0000  RESTRAINT  =         0.0000
 ------------------------------------------------------------------------------

check COM velocity, temp:        0.000003     0.00(Removed)

 NSTEP =    36000   TIME(PS) =      49.000  TEMP(K) =   304.53  PRESS =     0.0
 Etot   =    -51071.3184  EKtot   =     20951.4531  EPtot      =    -72022.7715
 BOND   =     12776.9955  ANGLE   =      1091.7266  DIHED      =      1310.7496
 1-4 NB =       442.3076  1-4 EEL =      4642.9463  VDWAALS    =     12441.4640
 EELEC  =   -104728.9610  EHBOND  =         0.0000  RESTRAINT  =         0.0000
 ------------------------------------------------------------------------------


 NSTEP =    36500   TIME(PS) =      49.250  TEMP(K) =   303.87  PRESS =     0.0
 Etot   =    -51068.6758  EKtot   =     20906.1621  EPtot      =    -71974.8380
 BOND   =     12937.7068  ANGLE   =      1046.7988  DIHED      =      1308.8309
 1-4 NB =       452.0485  1-4 EEL =      4657.7098  VDWAALS    =     12390.1333
 EELEC  =   -104768.0660  EHBOND  =         0.0000  RESTRAINT  =         0.0000
 ------------------------------------------------------------------------------

check COM velocity, temp:        0.000005     0.00(Removed)

 NSTEP =    37000   TIME(PS) =      49.500  TEMP(K) =   303.43  PRESS =     0.0
 Etot   =    -51068.2019  EKtot   =     20875.7559  EPtot      =    -71943.9578
 BOND   =     12857.1154  ANGLE   =      1083.5464  DIHED      =      1307.5692
 1-4 NB =       451.5836  1-4 EEL =      4631.1806  VDWAALS    =     12545.8056
 EELEC  =   -104820.7586  EHBOND  =         0.0000  RESTRAINT  =         0.0000
 ------------------------------------------------------------------------------


 NSTEP =    37500   TIME(PS) =      49.750  TEMP(K) =   305.56  PRESS =     0.0
 Etot   =    -51072.7249  EKtot   =     21022.1875  EPtot      =    -72094.9124
 BOND   =     12804.0619  ANGLE   =      1052.2431  DIHED      =      1308.4427
 1-4 NB =       455.6943  1-4 EEL =      4641.0320  VDWAALS    =     12623.3480
 EELEC  =   -104979.7345  EHBOND  =         0.0000  RESTRAINT  =         0.0000
 ------------------------------------------------------------------------------

check COM velocity, temp:        0.000006     0.00(Removed)

 NSTEP =    38000   TIME(PS) =      50.000  TEMP(K) =   306.76  PRESS =     0.0
 Etot   =    -51072.3464  EKtot   =     21104.8203  EPtot      =    -72177.1667
 BOND   =     12812.7195  ANGLE   =      1047.4524  DIHED      =      1320.8885
 1-4 NB =       439.1432  1-4 EEL =      4589.3390  VDWAALS    =     12824.6684
 EELEC  =   -105211.3777  EHBOND  =         0.0000  RESTRAINT  =         0.0000
 ------------------------------------------------------------------------------


 NSTEP =    38500   TIME(PS) =      50.250  TEMP(K) =   302.79  PRESS =     0.0
 Etot   =    -51070.5774  EKtot   =     20831.5449  EPtot      =    -71902.1223
 BOND   =     12918.2335  ANGLE   =      1056.1144  DIHED      =      1320.7621
 1-4 NB =       456.6616  1-4 EEL =      4640.6019  VDWAALS    =     12767.8598
 EELEC  =   -105062.3556  EHBOND  =         0.0000  RESTRAINT  =         0.0000
 ------------------------------------------------------------------------------

check COM velocity, temp:        0.000004     0.00(Removed)

 NSTEP =    39000   TIME(PS) =      50.500  TEMP(K) =   301.46  PRESS =     0.0
 Etot   =    -51072.6284  EKtot   =     20740.6348  EPtot      =    -71813.2632
 BOND   =     12817.9855  ANGLE   =      1059.2324  DIHED      =      1327.1384
 1-4 NB =       451.6917  1-4 EEL =      4683.0761  VDWAALS    =     12495.9180
 EELEC  =   -104648.3054  EHBOND  =         0.0000  RESTRAINT  =         0.0000
 ------------------------------------------------------------------------------


 NSTEP =    39500   TIME(PS) =      50.750  TEMP(K) =   301.86  PRESS =     0.0
 Etot   =    -51070.8820  EKtot   =     20768.0215  EPtot      =    -71838.9034
 BOND   =     12832.1525  ANGLE   =      1043.3723  DIHED      =      1343.4339
 1-4 NB =       458.5712  1-4 EEL =      4646.9363  VDWAALS    =     12275.8016
 EELEC  =   -104439.1711  EHBOND  =         0.0000  RESTRAINT  =         0.0000
 ------------------------------------------------------------------------------

check COM velocity, temp:        0.000005     0.00(Removed)

 NSTEP =    40000   TIME(PS) =      51.000  TEMP(K) =   305.47  PRESS =     0.0
 Etot   =    -51070.8567  EKtot   =     21016.0996  EPtot      =    -72086.9563
 BOND   =     12694.3739  ANGLE   =      1040.2639  DIHED      =      1345.1008
 1-4 NB =       446.7663  1-4 EEL =      4662.6189  VDWAALS    =     12411.9828
 EELEC  =   -104688.0629  EHBOND  =         0.0000  RESTRAINT  =         0.0000
 ------------------------------------------------------------------------------


      A V E R A G E S   O V E R      80 S T E P S


 NSTEP =    40000   TIME(PS) =      51.000  TEMP(K) =   304.91  PRESS =     0.0
 Etot   =    -51071.8957  EKtot   =     20977.6953  EPtot      =    -72049.5910
 BOND   =     12826.2698  ANGLE   =      1099.5361  DIHED      =      1330.1073
 1-4 NB =       447.7458  1-4 EEL =      4641.2667  VDWAALS    =     12623.9881
 EELEC  =   -105018.5049  EHBOND  =         0.0000  RESTRAINT  =         0.0000
 ------------------------------------------------------------------------------


      R M S  F L U C T U A T I O N S


 NSTEP =    40000   TIME(PS) =      51.000  TEMP(K) =     1.24  PRESS =     0.0
 Etot   =         1.9681  EKtot   =        85.1983  EPtot      =        86.1624
 BOND   =        93.0062  ANGLE   =        43.4166  DIHED      =        16.1753
 1-4 NB =         8.4891  1-4 EEL =        23.7879  VDWAALS    =       139.1729
 EELEC  =       236.6590  EHBOND  =         0.0000  RESTRAINT  =         0.0000
|E(PBS) =         0.9436
 ------------------------------------------------------------------------------

--------------------------------------------------------------------------------
   5.  TIMINGS
--------------------------------------------------------------------------------

|  NonSetup CPU Time in Major Routines:
|
|     Routine           Sec        %
|     ------------------------------
|     Nonbond           8.14   12.34
|     Bond              0.00    0.00
|     Angle             0.00    0.00
|     Dihedral          0.00    0.00
|     Shake             0.00    0.00
|     RunMD            57.83   87.60
|     Other             0.04    0.07
|     ------------------------------
|     Total            66.02

|  PME Nonbond Pairlist CPU Time:
|
|     Routine              Sec        %
|     ---------------------------------
|     Set Up Cit           0.00    0.00
|     Build List           0.00    0.00
|     ---------------------------------
|     Total                0.00    0.00

|  PME Direct Force CPU Time:
|
|     Routine              Sec        %
|     ---------------------------------
|     NonBonded Calc       0.00    0.00
|     Exclude Masked       0.00    0.00
|     Other                0.02    0.03
|     ---------------------------------
|     Total                0.02    0.03

|  PME Reciprocal Force CPU Time:
|
|     Routine              Sec        %
|     ---------------------------------
|     1D bspline           0.00    0.00
|     Grid Charges         0.00    0.00
|     Scalar Sum           0.00    0.00
|     Gradient Sum         0.00    0.00
|     FFT                  0.00    0.00
|     ---------------------------------
|     Total                0.00    0.00

|  Final Performance Info:
|     -----------------------------------------------------
|     Average timings for last    3500 steps:
|     Elapsed(s) =       5.86 Per Step(ms) =       1.68
|         ns/day =      25.78   seconds/ns =    3351.02
|
|     Average timings for all steps:
|     Elapsed(s) =      66.23 Per Step(ms) =       1.66
|         ns/day =      26.09   seconds/ns =    3311.65
|     -----------------------------------------------------

|  Setup CPU time:            2.56 seconds
|  NonSetup CPU time:        66.02 seconds
|  Total CPU time:           68.58 seconds     0.02 hours

|  Setup wall time:           3    seconds
|  NonSetup wall time:       66    seconds
|  Total wall time:          69    seconds     0.02 hours
