
          -------------------------------------------------------
          Amber 16 PMEMD                              2016
          -------------------------------------------------------

| PMEMD implementation of SANDER, Release 16

| Run on 08/25/2017 at 15:00:56

|   Executable path: /apps/amber16/bin/pmemd.cuda
| Working directory: /scratch/pbarletta/pdz/run/lb/neq/data/larga_4
|          Hostname: mordor

  [-O]verwriting output

File Assignments:
|   MDIN: pdt.in                                                                
|  MDOUT: T319pplb_4.out                                                        
| INPCRD: /scratch/pbarletta/pdz/run/lb/neq/data/corta_4/T319plb_4.rst7         
|   PARM: /scratch/pbarletta/pdz/top_files/lb.prmtop                            
| RESTRT: T319pplb_4.rst7                                                       
|   REFC: refc                                                                  
|  MDVEL: mdvel                                                                 
|   MDEN: mden                                                                  
|  MDCRD: T319pplb_4.nc                                                         
| MDINFO: mdinfo                                                                
|  MDFRC: mdfrc                                                                 


 Here is the input file:

!NVE run                                                                       
&cntrl                                                                         
imin = 0,                           ! No Minimization                          
nmropt = 0,                         ! No NMR restraints read                   
                                                                               
! Nature and format of the input                                               
ntx = 5,                            ! Coordinates will be read, assign new velo
irest = 1,                          ! Do not run a new simulation              
                                                                               
! Nature and format of the output                                              
ioutfm = 1,			    ! NetCDF format for output files                             
ntxo = 1,                           ! rstrt file in ASCII format               
ntpr = 500,                         ! inf in output every ntpr steps           
ntwr = 500,                         ! rstrt file every ntwr steps              
ntwx = 100,                         ! mdcrd file every ntwx steps              
ntwv = -1,                          ! mdvel without velocities                 
ntwe = 0,                           ! Energies and temperatures not written in 
idecomp = 0,                        ! No energy decomposition                  
iwrap = 1,                          ! Coordinates of the restart and mdcrd file
                                                                               
! Frozen or restrained atoms                                                   
ibelly = 0,                         ! No frozen atoms                          
ntr=0,                              ! Harmonic potential restraints            
                                                                               
! Molecular dynamics                                                           
nstlim = 40000,                      ! Number of MD-steps                      
dt = 0.0005,                        ! Time step                                
                                                                               
! Temperature regulation                                                       
ntt = 0,                            ! Constant total energy                    
                                                                               
! P and V regulation                                                           
ntp = 0,                            ! No P control                             
ntb = 1,                            ! constant V                               
                                                                               
! SHAKE variables                                                              
ntc = 1,                            ! Bonds involving H are constrained        
ntf = 1,                            ! Bond interaction involving H are ommited.
                                                                               
cut = 9.0,                          ! Nonbonded cutoff                         
/                                                                              
&end                                                                           


Note: ig = -1. Setting random seed to   228450 based on wallclock time in 
      microseconds.
| irandom = 1, using AMBER's internal random number generator (default).
 
|--------------------- INFORMATION ----------------------
| GPU (CUDA) Version of PMEMD in use: NVIDIA GPU IN USE.
|                    Version 16.0.0
| 
|                      02/25/2016
| 
| Implementation by:
|                    Ross C. Walker     (SDSC)
|                    Scott Le Grand     (nVIDIA)
| 
| Precision model in use:
|      [SPFP] - Single Precision Forces, 64-bit Fixed Point
|               Accumulation. (Default)
| 
|--------------------------------------------------------
 
|----------------- CITATION INFORMATION -----------------
|
|    When publishing work that utilized the CUDA version
|    of AMBER, please cite the following in addition to
|    the regular AMBER citations:
|
|  - Romelia Salomon-Ferrer; Andreas W. Goetz; Duncan
|    Poole; Scott Le Grand; Ross C. Walker "Routine
|    microsecond molecular dynamics simulations with
|    AMBER - Part II: Particle Mesh Ewald", J. Chem.
|    Theory Comput., 2013, 9 (9), pp3878-3888,
|    DOI: 10.1021/ct400314y.
|
|  - Andreas W. Goetz; Mark J. Williamson; Dong Xu;
|    Duncan Poole; Scott Le Grand; Ross C. Walker
|    "Routine microsecond molecular dynamics simulations
|    with AMBER - Part I: Generalized Born", J. Chem.
|    Theory Comput., 2012, 8 (5), pp1542-1555.
|
|  - Scott Le Grand; Andreas W. Goetz; Ross C. Walker
|    "SPFP: Speed without compromise - a mixed precision
|    model for GPU accelerated molecular dynamics
|    simulations.", Comp. Phys. Comm., 2013, 184
|    pp374-380, DOI: 10.1016/j.cpc.2012.09.022
|
|--------------------------------------------------------
 
|------------------- GPU DEVICE INFO --------------------
|
|            CUDA_VISIBLE_DEVICES: 1
|   CUDA Capable Devices Detected:      1
|           CUDA Device ID in use:      0
|                CUDA Device Name: GeForce GTX TITAN
|     CUDA Device Global Mem Size:   6082 MB
| CUDA Device Num Multiprocessors:     14
|           CUDA Device Core Freq:   0.93 GHz
|
|--------------------------------------------------------
 
 
| Conditional Compilation Defines Used:
| PUBFFT
| BINTRAJ
| CUDA
| EMIL

| Largest sphere to fit in unit cell has radius =    26.281

| New format PARM file being parsed.
| Version =    1.000 Date = 09/04/12 Time = 16:08:43

| Note: 1-4 EEL scale factors are being read from the topology file.

| Note: 1-4 VDW scale factors are being read from the topology file.
| Duplicated    0 dihedrals

| Duplicated    0 dihedrals

--------------------------------------------------------------------------------
   1.  RESOURCE   USE: 
--------------------------------------------------------------------------------

 getting new box info from bottom of inpcrd
 NATOM  =   23082 NTYPES =      16 NBONH =   22055 MBONA  =    1038
 NTHETH =    2390 MTHETA =    1396 NPHIH =    4631 MPHIA  =    3488
 NHPARM =       0 NPARM  =       0 NNB   =   39434 NRES   =    7134
 NBONA  =    1038 NTHETA =    1396 NPHIA =    3488 NUMBND =      41
 NUMANG =      86 NPTRA  =      41 NATYP =      28 NPHB   =       1
 IFBOX  =       1 NMXRS  =      24 IFCAP =       0 NEXTRA =       0
 NCOPY  =       0

| Coordinate Index Table dimensions:    12   14   10
| Direct force subcell size =     5.0212    5.2012    5.2562

     BOX TYPE: RECTILINEAR

--------------------------------------------------------------------------------
   2.  CONTROL  DATA  FOR  THE  RUN
--------------------------------------------------------------------------------

default_name                                                                    

General flags:
     imin    =       0, nmropt  =       0

Nature and format of input:
     ntx     =       5, irest   =       1, ntrx    =       1

Nature and format of output:
     ntxo    =       1, ntpr    =     500, ntrx    =       1, ntwr    =     500
     iwrap   =       1, ntwx    =     100, ntwv    =      -1, ntwe    =       0
     ioutfm  =       1, ntwprt  =       0, idecomp =       0, rbornstat=      0

Potential function:
     ntf     =       1, ntb     =       1, igb     =       0, nsnb    =      25
     ipol    =       0, gbsa    =       0, iesp    =       0
     dielc   =   1.00000, cut     =   9.00000, intdiel =   1.00000

Frozen or restrained atoms:
     ibelly  =       0, ntr     =       0

Molecular dynamics:
     nstlim  =     40000, nscm    =      1000, nrespa  =         1
     t       =   0.00000, dt      =   0.00050, vlimit  =  -1.00000

| Intermolecular bonds treatment:
|     no_intermolecular_bonds =       1

| Energy averages sample interval:
|     ene_avg_sampling =     500

Ewald parameters:
     verbose =       0, ew_type =       0, nbflag  =       1, use_pme =       1
     vdwmeth =       1, eedmeth =       1, netfrc  =       1
     Box X =   60.254   Box Y =   72.816   Box Z =   52.562
     Alpha =   90.000   Beta  =   90.000   Gamma =   90.000
     NFFT1 =   64       NFFT2 =   80       NFFT3 =   56
     Cutoff=    9.000   Tol   =0.100E-04
     Ewald Coefficient =  0.30768
     Interpolation order =    4

--------------------------------------------------------------------------------
   3.  ATOMIC COORDINATES AND VELOCITIES
--------------------------------------------------------------------------------

default_name                                                                    
 begin time read from input coords =    31.000 ps

 
 Number of triangulated 3-point waters found:     7002

     Sum of charges from parm topology file =  -0.00000008
     Forcing neutrality...

| Dynamic Memory, Types Used:
| Reals              710578
| Integers           737140

| Nonbonded Pairs Initial Allocation:     5262696

| GPU memory information (estimate):
| KB of GPU memory in use:     63171
| KB of CPU memory in use:     27891

--------------------------------------------------------------------------------
   4.  RESULTS
--------------------------------------------------------------------------------

 ---------------------------------------------------
 APPROXIMATING switch and d/dx switch using CUBIC SPLINE INTERPOLATION
 using   5000.0 points per unit in tabled values
 TESTING RELATIVE ERROR over r ranging from 0.0 to cutoff
| CHECK switch(x): max rel err =   0.2738E-14   at   2.422500
| CHECK d/dx switch(x): max rel err =   0.8314E-11   at   2.736960
 ---------------------------------------------------
|---------------------------------------------------
| APPROXIMATING direct energy using CUBIC SPLINE INTERPOLATION
|  with   50.0 points per unit in tabled values
| Relative Error Limit not exceeded for r .gt.   2.39
| APPROXIMATING direct force using CUBIC SPLINE INTERPOLATION
|  with   50.0 points per unit in tabled values
| Relative Error Limit not exceeded for r .gt.   2.84
|---------------------------------------------------

 NSTEP =      500   TIME(PS) =      31.250  TEMP(K) =   305.49  PRESS =     0.0
 Etot   =    -51010.6797  EKtot   =     21017.3223  EPtot      =    -72028.0020
 BOND   =     12866.4736  ANGLE   =      1218.1102  DIHED      =      1350.4770
 1-4 NB =       447.3425  1-4 EEL =      4655.7352  VDWAALS    =     12717.3985
 EELEC  =   -105283.5390  EHBOND  =         0.0000  RESTRAINT  =         0.0000
 ------------------------------------------------------------------------------

check COM velocity, temp:        0.000006     0.00(Removed)

 NSTEP =     1000   TIME(PS) =      31.500  TEMP(K) =   305.09  PRESS =     0.0
 Etot   =    -51011.8350  EKtot   =     20990.1445  EPtot      =    -72001.9796
 BOND   =     12896.1555  ANGLE   =      1142.2288  DIHED      =      1357.3093
 1-4 NB =       448.4140  1-4 EEL =      4652.6828  VDWAALS    =     12645.1156
 EELEC  =   -105143.8857  EHBOND  =         0.0000  RESTRAINT  =         0.0000
 ------------------------------------------------------------------------------


 NSTEP =     1500   TIME(PS) =      31.750  TEMP(K) =   309.05  PRESS =     0.0
 Etot   =    -51012.3865  EKtot   =     21262.6016  EPtot      =    -72274.9881
 BOND   =     12820.0773  ANGLE   =      1153.0597  DIHED      =      1329.1664
 1-4 NB =       442.2134  1-4 EEL =      4624.1350  VDWAALS    =     12570.2795
 EELEC  =   -105213.9194  EHBOND  =         0.0000  RESTRAINT  =         0.0000
 ------------------------------------------------------------------------------

check COM velocity, temp:        0.000007     0.00(Removed)

 NSTEP =     2000   TIME(PS) =      32.000  TEMP(K) =   304.75  PRESS =     0.0
 Etot   =    -51007.8539  EKtot   =     20966.5195  EPtot      =    -71974.3734
 BOND   =     12968.7189  ANGLE   =      1152.6438  DIHED      =      1338.9301
 1-4 NB =       452.7276  1-4 EEL =      4649.7672  VDWAALS    =     12977.3813
 EELEC  =   -105514.5423  EHBOND  =         0.0000  RESTRAINT  =         0.0000
 ------------------------------------------------------------------------------


 NSTEP =     2500   TIME(PS) =      32.250  TEMP(K) =   304.25  PRESS =     0.0
 Etot   =    -51003.3105  EKtot   =     20932.5234  EPtot      =    -71935.8340
 BOND   =     12971.4773  ANGLE   =      1134.9222  DIHED      =      1329.8974
 1-4 NB =       465.6704  1-4 EEL =      4673.4003  VDWAALS    =     12706.2242
 EELEC  =   -105217.4258  EHBOND  =         0.0000  RESTRAINT  =         0.0000
 ------------------------------------------------------------------------------

check COM velocity, temp:        0.000006     0.00(Removed)

 NSTEP =     3000   TIME(PS) =      32.500  TEMP(K) =   306.52  PRESS =     0.0
 Etot   =    -51004.7014  EKtot   =     21088.6484  EPtot      =    -72093.3498
 BOND   =     12991.3237  ANGLE   =      1173.3152  DIHED      =      1345.5801
 1-4 NB =       444.7621  1-4 EEL =      4621.1904  VDWAALS    =     12680.6256
 EELEC  =   -105350.1469  EHBOND  =         0.0000  RESTRAINT  =         0.0000
 ------------------------------------------------------------------------------


 NSTEP =     3500   TIME(PS) =      32.750  TEMP(K) =   304.87  PRESS =     0.0
 Etot   =    -51007.9598  EKtot   =     20974.6699  EPtot      =    -71982.6297
 BOND   =     12808.9845  ANGLE   =      1109.1155  DIHED      =      1340.6810
 1-4 NB =       458.8629  1-4 EEL =      4687.5223  VDWAALS    =     12383.7364
 EELEC  =   -104771.5322  EHBOND  =         0.0000  RESTRAINT  =         0.0000
 ------------------------------------------------------------------------------

check COM velocity, temp:        0.000009     0.00(Removed)

 NSTEP =     4000   TIME(PS) =      33.000  TEMP(K) =   304.06  PRESS =     0.0
 Etot   =    -51006.2726  EKtot   =     20919.1953  EPtot      =    -71925.4679
 BOND   =     12871.3536  ANGLE   =      1169.8049  DIHED      =      1321.0720
 1-4 NB =       452.6739  1-4 EEL =      4642.0501  VDWAALS    =     12624.5505
 EELEC  =   -105006.9728  EHBOND  =         0.0000  RESTRAINT  =         0.0000
 ------------------------------------------------------------------------------


 NSTEP =     4500   TIME(PS) =      33.250  TEMP(K) =   306.75  PRESS =     0.0
 Etot   =    -51004.7429  EKtot   =     21104.1465  EPtot      =    -72108.8894
 BOND   =     12735.3117  ANGLE   =      1177.8670  DIHED      =      1342.7008
 1-4 NB =       447.4022  1-4 EEL =      4617.1728  VDWAALS    =     12973.9435
 EELEC  =   -105403.2875  EHBOND  =         0.0000  RESTRAINT  =         0.0000
 ------------------------------------------------------------------------------

check COM velocity, temp:        0.000005     0.00(Removed)

 NSTEP =     5000   TIME(PS) =      33.500  TEMP(K) =   306.23  PRESS =     0.0
 Etot   =    -51009.9978  EKtot   =     21068.8125  EPtot      =    -72078.8103
 BOND   =     12880.2986  ANGLE   =      1124.2786  DIHED      =      1329.7489
 1-4 NB =       459.2218  1-4 EEL =      4642.8093  VDWAALS    =     12706.3405
 EELEC  =   -105221.5080  EHBOND  =         0.0000  RESTRAINT  =         0.0000
 ------------------------------------------------------------------------------


 NSTEP =     5500   TIME(PS) =      33.750  TEMP(K) =   303.95  PRESS =     0.0
 Etot   =    -51008.0170  EKtot   =     20911.8418  EPtot      =    -71919.8588
 BOND   =     12969.0813  ANGLE   =      1162.1782  DIHED      =      1343.7267
 1-4 NB =       462.7228  1-4 EEL =      4594.5065  VDWAALS    =     12753.3494
 EELEC  =   -105205.4237  EHBOND  =         0.0000  RESTRAINT  =         0.0000
 ------------------------------------------------------------------------------

check COM velocity, temp:        0.000010     0.00(Removed)

 NSTEP =     6000   TIME(PS) =      34.000  TEMP(K) =   302.34  PRESS =     0.0
 Etot   =    -51005.9973  EKtot   =     20800.5781  EPtot      =    -71806.5754
 BOND   =     12859.9431  ANGLE   =      1138.4523  DIHED      =      1357.2923
 1-4 NB =       441.3535  1-4 EEL =      4636.7579  VDWAALS    =     12466.2919
 EELEC  =   -104706.6664  EHBOND  =         0.0000  RESTRAINT  =         0.0000
 ------------------------------------------------------------------------------


 NSTEP =     6500   TIME(PS) =      34.250  TEMP(K) =   305.21  PRESS =     0.0
 Etot   =    -51012.1548  EKtot   =     20998.5977  EPtot      =    -72010.7524
 BOND   =     12835.7911  ANGLE   =      1123.3865  DIHED      =      1372.3841
 1-4 NB =       449.1883  1-4 EEL =      4663.0445  VDWAALS    =     12810.0663
 EELEC  =   -105264.6132  EHBOND  =         0.0000  RESTRAINT  =         0.0000
 ------------------------------------------------------------------------------

check COM velocity, temp:        0.000008     0.00(Removed)

 NSTEP =     7000   TIME(PS) =      34.500  TEMP(K) =   305.96  PRESS =     0.0
 Etot   =    -51014.5261  EKtot   =     21049.7441  EPtot      =    -72064.2703
 BOND   =     12729.7331  ANGLE   =      1093.4238  DIHED      =      1342.6456
 1-4 NB =       463.6492  1-4 EEL =      4655.0741  VDWAALS    =     12771.8007
 EELEC  =   -105120.5967  EHBOND  =         0.0000  RESTRAINT  =         0.0000
 ------------------------------------------------------------------------------


 NSTEP =     7500   TIME(PS) =      34.750  TEMP(K) =   306.97  PRESS =     0.0
 Etot   =    -51015.6463  EKtot   =     21119.1406  EPtot      =    -72134.7869
 BOND   =     12618.1888  ANGLE   =      1130.8363  DIHED      =      1352.0318
 1-4 NB =       447.8404  1-4 EEL =      4624.5611  VDWAALS    =     12735.7128
 EELEC  =   -105043.9581  EHBOND  =         0.0000  RESTRAINT  =         0.0000
 ------------------------------------------------------------------------------

check COM velocity, temp:        0.000004     0.00(Removed)

 NSTEP =     8000   TIME(PS) =      35.000  TEMP(K) =   306.24  PRESS =     0.0
 Etot   =    -51012.1456  EKtot   =     21068.8867  EPtot      =    -72081.0323
 BOND   =     12907.7417  ANGLE   =      1082.6809  DIHED      =      1328.0449
 1-4 NB =       471.1879  1-4 EEL =      4661.5268  VDWAALS    =     12403.8523
 EELEC  =   -104936.0669  EHBOND  =         0.0000  RESTRAINT  =         0.0000
 ------------------------------------------------------------------------------


 NSTEP =     8500   TIME(PS) =      35.250  TEMP(K) =   304.14  PRESS =     0.0
 Etot   =    -51009.2596  EKtot   =     20924.7969  EPtot      =    -71934.0564
 BOND   =     12808.7122  ANGLE   =      1064.5422  DIHED      =      1344.2431
 1-4 NB =       438.1521  1-4 EEL =      4651.1254  VDWAALS    =     12706.3667
 EELEC  =   -104947.1981  EHBOND  =         0.0000  RESTRAINT  =         0.0000
 ------------------------------------------------------------------------------

check COM velocity, temp:        0.000002     0.00(Removed)

 NSTEP =     9000   TIME(PS) =      35.500  TEMP(K) =   307.14  PRESS =     0.0
 Etot   =    -51012.1760  EKtot   =     21131.3262  EPtot      =    -72143.5021
 BOND   =     12789.6311  ANGLE   =      1116.7589  DIHED      =      1318.6322
 1-4 NB =       442.7083  1-4 EEL =      4627.5855  VDWAALS    =     12863.2711
 EELEC  =   -105302.0892  EHBOND  =         0.0000  RESTRAINT  =         0.0000
 ------------------------------------------------------------------------------


 NSTEP =     9500   TIME(PS) =      35.750  TEMP(K) =   305.26  PRESS =     0.0
 Etot   =    -51011.7033  EKtot   =     21001.8008  EPtot      =    -72013.5041
 BOND   =     12761.5791  ANGLE   =      1130.6948  DIHED      =      1333.0168
 1-4 NB =       463.1799  1-4 EEL =      4695.5120  VDWAALS    =     12644.4331
 EELEC  =   -105041.9197  EHBOND  =         0.0000  RESTRAINT  =         0.0000
 ------------------------------------------------------------------------------

check COM velocity, temp:        0.000011     0.00(Removed)

 NSTEP =    10000   TIME(PS) =      36.000  TEMP(K) =   305.96  PRESS =     0.0
 Etot   =    -51005.4655  EKtot   =     21050.0801  EPtot      =    -72055.5456
 BOND   =     13136.0583  ANGLE   =      1084.9954  DIHED      =      1337.5081
 1-4 NB =       449.0547  1-4 EEL =      4697.6490  VDWAALS    =     12628.9090
 EELEC  =   -105389.7202  EHBOND  =         0.0000  RESTRAINT  =         0.0000
 ------------------------------------------------------------------------------


 NSTEP =    10500   TIME(PS) =      36.250  TEMP(K) =   304.66  PRESS =     0.0
 Etot   =    -51006.9113  EKtot   =     20960.1426  EPtot      =    -71967.0539
 BOND   =     13068.0806  ANGLE   =      1203.5296  DIHED      =      1341.2731
 1-4 NB =       447.0612  1-4 EEL =      4624.4502  VDWAALS    =     12680.6203
 EELEC  =   -105332.0688  EHBOND  =         0.0000  RESTRAINT  =         0.0000
 ------------------------------------------------------------------------------

check COM velocity, temp:        0.000003     0.00(Removed)

 NSTEP =    11000   TIME(PS) =      36.500  TEMP(K) =   305.77  PRESS =     0.0
 Etot   =    -51007.8936  EKtot   =     21036.9941  EPtot      =    -72044.8877
 BOND   =     12946.4633  ANGLE   =      1077.4305  DIHED      =      1332.6862
 1-4 NB =       468.2494  1-4 EEL =      4619.2674  VDWAALS    =     12580.6621
 EELEC  =   -105069.6466  EHBOND  =         0.0000  RESTRAINT  =         0.0000
 ------------------------------------------------------------------------------


 NSTEP =    11500   TIME(PS) =      36.750  TEMP(K) =   307.10  PRESS =     0.0
 Etot   =    -51012.3768  EKtot   =     21128.3320  EPtot      =    -72140.7089
 BOND   =     12762.4158  ANGLE   =      1098.3277  DIHED      =      1322.1666
 1-4 NB =       455.3384  1-4 EEL =      4669.3273  VDWAALS    =     12694.6514
 EELEC  =   -105142.9360  EHBOND  =         0.0000  RESTRAINT  =         0.0000
 ------------------------------------------------------------------------------

check COM velocity, temp:        0.000006     0.00(Removed)

 NSTEP =    12000   TIME(PS) =      37.000  TEMP(K) =   306.24  PRESS =     0.0
 Etot   =    -51008.5227  EKtot   =     21069.0977  EPtot      =    -72077.6204
 BOND   =     12757.8301  ANGLE   =      1100.8421  DIHED      =      1340.1039
 1-4 NB =       436.4511  1-4 EEL =      4573.7369  VDWAALS    =     12818.6489
 EELEC  =   -105105.2333  EHBOND  =         0.0000  RESTRAINT  =         0.0000
 ------------------------------------------------------------------------------


 NSTEP =    12500   TIME(PS) =      37.250  TEMP(K) =   304.10  PRESS =     0.0
 Etot   =    -51006.2195  EKtot   =     20921.6855  EPtot      =    -71927.9051
 BOND   =     12789.1719  ANGLE   =      1110.1832  DIHED      =      1326.1052
 1-4 NB =       449.1463  1-4 EEL =      4636.8359  VDWAALS    =     12660.1351
 EELEC  =   -104899.4826  EHBOND  =         0.0000  RESTRAINT  =         0.0000
 ------------------------------------------------------------------------------

check COM velocity, temp:        0.000003     0.00(Removed)

 NSTEP =    13000   TIME(PS) =      37.500  TEMP(K) =   307.47  PRESS =     0.0
 Etot   =    -51011.9987  EKtot   =     21154.1191  EPtot      =    -72166.1179
 BOND   =     12743.6382  ANGLE   =      1128.0664  DIHED      =      1346.9766
 1-4 NB =       446.5737  1-4 EEL =      4651.6045  VDWAALS    =     12797.5295
 EELEC  =   -105280.5067  EHBOND  =         0.0000  RESTRAINT  =         0.0000
 ------------------------------------------------------------------------------


 NSTEP =    13500   TIME(PS) =      37.750  TEMP(K) =   305.86  PRESS =     0.0
 Etot   =    -51009.9154  EKtot   =     21043.2109  EPtot      =    -72053.1263
 BOND   =     12768.9558  ANGLE   =      1126.1009  DIHED      =      1322.1360
 1-4 NB =       448.7005  1-4 EEL =      4647.9744  VDWAALS    =     12643.0301
 EELEC  =   -105010.0240  EHBOND  =         0.0000  RESTRAINT  =         0.0000
 ------------------------------------------------------------------------------

check COM velocity, temp:        0.000004     0.00(Removed)

 NSTEP =    14000   TIME(PS) =      38.000  TEMP(K) =   305.02  PRESS =     0.0
 Etot   =    -51011.8037  EKtot   =     20985.2363  EPtot      =    -71997.0401
 BOND   =     12748.0265  ANGLE   =      1136.7898  DIHED      =      1317.6390
 1-4 NB =       451.2347  1-4 EEL =      4590.4738  VDWAALS    =     12784.8599
 EELEC  =   -105026.0638  EHBOND  =         0.0000  RESTRAINT  =         0.0000
 ------------------------------------------------------------------------------


 NSTEP =    14500   TIME(PS) =      38.250  TEMP(K) =   303.84  PRESS =     0.0
 Etot   =    -51009.8036  EKtot   =     20904.0918  EPtot      =    -71913.8953
 BOND   =     12788.8773  ANGLE   =      1109.6706  DIHED      =      1317.6690
 1-4 NB =       459.3094  1-4 EEL =      4633.7656  VDWAALS    =     12667.8140
 EELEC  =   -104891.0012  EHBOND  =         0.0000  RESTRAINT  =         0.0000
 ------------------------------------------------------------------------------

check COM velocity, temp:        0.000003     0.00(Removed)

 NSTEP =    15000   TIME(PS) =      38.500  TEMP(K) =   305.41  PRESS =     0.0
 Etot   =    -51006.9893  EKtot   =     21011.7305  EPtot      =    -72018.7197
 BOND   =     12906.1934  ANGLE   =      1128.4546  DIHED      =      1326.2366
 1-4 NB =       454.2590  1-4 EEL =      4623.6044  VDWAALS    =     12684.8412
 EELEC  =   -105142.3091  EHBOND  =         0.0000  RESTRAINT  =         0.0000
 ------------------------------------------------------------------------------


 NSTEP =    15500   TIME(PS) =      38.750  TEMP(K) =   305.74  PRESS =     0.0
 Etot   =    -51010.6227  EKtot   =     21034.7402  EPtot      =    -72045.3629
 BOND   =     12697.0902  ANGLE   =      1107.7830  DIHED      =      1331.8160
 1-4 NB =       469.2684  1-4 EEL =      4658.5974  VDWAALS    =     12515.7302
 EELEC  =   -104825.6481  EHBOND  =         0.0000  RESTRAINT  =         0.0000
 ------------------------------------------------------------------------------

check COM velocity, temp:        0.000010     0.00(Removed)

 NSTEP =    16000   TIME(PS) =      39.000  TEMP(K) =   307.53  PRESS =     0.0
 Etot   =    -51011.4982  EKtot   =     21157.9688  EPtot      =    -72169.4670
 BOND   =     12759.4951  ANGLE   =      1122.2642  DIHED      =      1322.2548
 1-4 NB =       458.6203  1-4 EEL =      4662.1838  VDWAALS    =     12518.7303
 EELEC  =   -105013.0154  EHBOND  =         0.0000  RESTRAINT  =         0.0000
 ------------------------------------------------------------------------------


 NSTEP =    16500   TIME(PS) =      39.250  TEMP(K) =   304.59  PRESS =     0.0
 Etot   =    -51006.0344  EKtot   =     20955.8652  EPtot      =    -71961.8996
 BOND   =     12876.4171  ANGLE   =      1100.2354  DIHED      =      1326.0646
 1-4 NB =       458.4596  1-4 EEL =      4665.5984  VDWAALS    =     12800.9488
 EELEC  =   -105189.6233  EHBOND  =         0.0000  RESTRAINT  =         0.0000
 ------------------------------------------------------------------------------

check COM velocity, temp:        0.000006     0.00(Removed)

 NSTEP =    17000   TIME(PS) =      39.500  TEMP(K) =   306.50  PRESS =     0.0
 Etot   =    -51008.0491  EKtot   =     21087.0273  EPtot      =    -72095.0764
 BOND   =     12803.4430  ANGLE   =      1086.5510  DIHED      =      1322.4151
 1-4 NB =       448.3554  1-4 EEL =      4655.4280  VDWAALS    =     12574.7448
 EELEC  =   -104986.0137  EHBOND  =         0.0000  RESTRAINT  =         0.0000
 ------------------------------------------------------------------------------


 NSTEP =    17500   TIME(PS) =      39.750  TEMP(K) =   303.41  PRESS =     0.0
 Etot   =    -51010.1991  EKtot   =     20874.2910  EPtot      =    -71884.4901
 BOND   =     12664.8833  ANGLE   =      1106.6870  DIHED      =      1332.3979
 1-4 NB =       451.6395  1-4 EEL =      4654.0716  VDWAALS    =     12453.9972
 EELEC  =   -104548.1667  EHBOND  =         0.0000  RESTRAINT  =         0.0000
 ------------------------------------------------------------------------------

check COM velocity, temp:        0.000008     0.00(Removed)

 NSTEP =    18000   TIME(PS) =      40.000  TEMP(K) =   305.64  PRESS =     0.0
 Etot   =    -51006.5952  EKtot   =     21027.7051  EPtot      =    -72034.3002
 BOND   =     12980.3582  ANGLE   =      1085.7681  DIHED      =      1318.9803
 1-4 NB =       428.3897  1-4 EEL =      4589.2526  VDWAALS    =     12746.1923
 EELEC  =   -105183.2414  EHBOND  =         0.0000  RESTRAINT  =         0.0000
 ------------------------------------------------------------------------------


 NSTEP =    18500   TIME(PS) =      40.250  TEMP(K) =   303.47  PRESS =     0.0
 Etot   =    -51012.2848  EKtot   =     20878.3594  EPtot      =    -71890.6442
 BOND   =     12944.5334  ANGLE   =      1067.1268  DIHED      =      1326.0756
 1-4 NB =       442.5523  1-4 EEL =      4670.5718  VDWAALS    =     12514.3657
 EELEC  =   -104855.8698  EHBOND  =         0.0000  RESTRAINT  =         0.0000
 ------------------------------------------------------------------------------

check COM velocity, temp:        0.000004     0.00(Removed)

 NSTEP =    19000   TIME(PS) =      40.500  TEMP(K) =   304.95  PRESS =     0.0
 Etot   =    -51010.3837  EKtot   =     20980.5762  EPtot      =    -71990.9599
 BOND   =     12935.5919  ANGLE   =      1055.8165  DIHED      =      1315.1714
 1-4 NB =       436.6324  1-4 EEL =      4665.6916  VDWAALS    =     12901.9057
 EELEC  =   -105301.7694  EHBOND  =         0.0000  RESTRAINT  =         0.0000
 ------------------------------------------------------------------------------


 NSTEP =    19500   TIME(PS) =      40.750  TEMP(K) =   305.12  PRESS =     0.0
 Etot   =    -51009.0864  EKtot   =     20992.1738  EPtot      =    -72001.2603
 BOND   =     12827.6991  ANGLE   =      1101.7437  DIHED      =      1322.7171
 1-4 NB =       448.8941  1-4 EEL =      4634.5011  VDWAALS    =     12633.0346
 EELEC  =   -104969.8501  EHBOND  =         0.0000  RESTRAINT  =         0.0000
 ------------------------------------------------------------------------------

check COM velocity, temp:        0.000003     0.00(Removed)

 NSTEP =    20000   TIME(PS) =      41.000  TEMP(K) =   307.65  PRESS =     0.0
 Etot   =    -51012.3069  EKtot   =     21165.9609  EPtot      =    -72178.2678
 BOND   =     12743.8306  ANGLE   =      1100.1774  DIHED      =      1314.0583
 1-4 NB =       433.2575  1-4 EEL =      4654.7027  VDWAALS    =     12714.9791
 EELEC  =   -105139.2733  EHBOND  =         0.0000  RESTRAINT  =         0.0000
 ------------------------------------------------------------------------------


 NSTEP =    20500   TIME(PS) =      41.250  TEMP(K) =   305.34  PRESS =     0.0
 Etot   =    -51007.5520  EKtot   =     21007.1016  EPtot      =    -72014.6536
 BOND   =     12885.6915  ANGLE   =      1061.8829  DIHED      =      1295.8714
 1-4 NB =       458.7625  1-4 EEL =      4713.7803  VDWAALS    =     12520.0080
 EELEC  =   -104950.6503  EHBOND  =         0.0000  RESTRAINT  =         0.0000
 ------------------------------------------------------------------------------

check COM velocity, temp:        0.000006     0.00(Removed)

 NSTEP =    21000   TIME(PS) =      41.500  TEMP(K) =   305.69  PRESS =     0.0
 Etot   =    -51009.2533  EKtot   =     21031.3066  EPtot      =    -72040.5599
 BOND   =     12911.0579  ANGLE   =      1077.8518  DIHED      =      1320.1892
 1-4 NB =       451.1850  1-4 EEL =      4675.4997  VDWAALS    =     12669.7234
 EELEC  =   -105146.0670  EHBOND  =         0.0000  RESTRAINT  =         0.0000
 ------------------------------------------------------------------------------


 NSTEP =    21500   TIME(PS) =      41.750  TEMP(K) =   305.70  PRESS =     0.0
 Etot   =    -51009.6309  EKtot   =     21032.3047  EPtot      =    -72041.9356
 BOND   =     12928.0724  ANGLE   =      1063.8636  DIHED      =      1345.9903
 1-4 NB =       462.9302  1-4 EEL =      4661.6312  VDWAALS    =     12685.5569
 EELEC  =   -105189.9803  EHBOND  =         0.0000  RESTRAINT  =         0.0000
 ------------------------------------------------------------------------------

check COM velocity, temp:        0.000012     0.00(Removed)

 NSTEP =    22000   TIME(PS) =      42.000  TEMP(K) =   305.20  PRESS =     0.0
 Etot   =    -51008.6340  EKtot   =     20997.3496  EPtot      =    -72005.9836
 BOND   =     12947.4695  ANGLE   =      1083.7614  DIHED      =      1344.1545
 1-4 NB =       457.9455  1-4 EEL =      4632.5907  VDWAALS    =     12488.5081
 EELEC  =   -104960.4134  EHBOND  =         0.0000  RESTRAINT  =         0.0000
 ------------------------------------------------------------------------------


 NSTEP =    22500   TIME(PS) =      42.250  TEMP(K) =   306.04  PRESS =     0.0
 Etot   =    -51009.2196  EKtot   =     21055.5645  EPtot      =    -72064.7841
 BOND   =     12912.2492  ANGLE   =      1100.9546  DIHED      =      1336.7498
 1-4 NB =       452.7551  1-4 EEL =      4656.5775  VDWAALS    =     12773.7089
 EELEC  =   -105297.7793  EHBOND  =         0.0000  RESTRAINT  =         0.0000
 ------------------------------------------------------------------------------

check COM velocity, temp:        0.000002     0.00(Removed)

 NSTEP =    23000   TIME(PS) =      42.500  TEMP(K) =   305.77  PRESS =     0.0
 Etot   =    -51006.9111  EKtot   =     21037.0703  EPtot      =    -72043.9814
 BOND   =     12852.6624  ANGLE   =      1081.8456  DIHED      =      1338.7126
 1-4 NB =       444.0475  1-4 EEL =      4670.3960  VDWAALS    =     12704.4821
 EELEC  =   -105136.1274  EHBOND  =         0.0000  RESTRAINT  =         0.0000
 ------------------------------------------------------------------------------


 NSTEP =    23500   TIME(PS) =      42.750  TEMP(K) =   305.73  PRESS =     0.0
 Etot   =    -51009.9956  EKtot   =     21033.8770  EPtot      =    -72043.8725
 BOND   =     12856.1541  ANGLE   =      1126.1704  DIHED      =      1330.6528
 1-4 NB =       435.3521  1-4 EEL =      4635.6698  VDWAALS    =     12744.8094
 EELEC  =   -105172.6811  EHBOND  =         0.0000  RESTRAINT  =         0.0000
 ------------------------------------------------------------------------------

check COM velocity, temp:        0.000005     0.00(Removed)

 NSTEP =    24000   TIME(PS) =      43.000  TEMP(K) =   306.19  PRESS =     0.0
 Etot   =    -51008.7187  EKtot   =     21065.6191  EPtot      =    -72074.3379
 BOND   =     12854.0144  ANGLE   =      1070.7024  DIHED      =      1313.8422
 1-4 NB =       448.7022  1-4 EEL =      4678.8302  VDWAALS    =     12796.7750
 EELEC  =   -105237.2043  EHBOND  =         0.0000  RESTRAINT  =         0.0000
 ------------------------------------------------------------------------------


 NSTEP =    24500   TIME(PS) =      43.250  TEMP(K) =   305.58  PRESS =     0.0
 Etot   =    -51008.2478  EKtot   =     21023.6270  EPtot      =    -72031.8748
 BOND   =     12932.1336  ANGLE   =      1051.5467  DIHED      =      1323.6186
 1-4 NB =       440.4507  1-4 EEL =      4649.3361  VDWAALS    =     12576.8543
 EELEC  =   -105005.8148  EHBOND  =         0.0000  RESTRAINT  =         0.0000
 ------------------------------------------------------------------------------

check COM velocity, temp:        0.000007     0.00(Removed)

 NSTEP =    25000   TIME(PS) =      43.500  TEMP(K) =   304.53  PRESS =     0.0
 Etot   =    -51009.3485  EKtot   =     20951.8242  EPtot      =    -71961.1727
 BOND   =     12996.9971  ANGLE   =      1063.6292  DIHED      =      1327.8811
 1-4 NB =       428.5822  1-4 EEL =      4703.9895  VDWAALS    =     12548.7594
 EELEC  =   -105031.0113  EHBOND  =         0.0000  RESTRAINT  =         0.0000
 ------------------------------------------------------------------------------


 NSTEP =    25500   TIME(PS) =      43.750  TEMP(K) =   305.27  PRESS =     0.0
 Etot   =    -51012.1932  EKtot   =     21002.7070  EPtot      =    -72014.9002
 BOND   =     12526.2087  ANGLE   =      1064.2150  DIHED      =      1312.8015
 1-4 NB =       442.1698  1-4 EEL =      4627.8692  VDWAALS    =     12525.3833
 EELEC  =   -104513.5477  EHBOND  =         0.0000  RESTRAINT  =         0.0000
 ------------------------------------------------------------------------------

check COM velocity, temp:        0.000012     0.00(Removed)

 NSTEP =    26000   TIME(PS) =      44.000  TEMP(K) =   308.31  PRESS =     0.0
 Etot   =    -51012.5108  EKtot   =     21211.3359  EPtot      =    -72223.8467
 BOND   =     12661.0474  ANGLE   =      1029.1180  DIHED      =      1307.5958
 1-4 NB =       463.4448  1-4 EEL =      4690.9619  VDWAALS    =     12425.7417
 EELEC  =   -104801.7564  EHBOND  =         0.0000  RESTRAINT  =         0.0000
 ------------------------------------------------------------------------------


 NSTEP =    26500   TIME(PS) =      44.250  TEMP(K) =   306.01  PRESS =     0.0
 Etot   =    -51010.3796  EKtot   =     21053.5352  EPtot      =    -72063.9148
 BOND   =     12737.9935  ANGLE   =      1074.2036  DIHED      =      1316.8346
 1-4 NB =       467.5175  1-4 EEL =      4664.9592  VDWAALS    =     12414.8811
 EELEC  =   -104740.3042  EHBOND  =         0.0000  RESTRAINT  =         0.0000
 ------------------------------------------------------------------------------

check COM velocity, temp:        0.000006     0.00(Removed)

 NSTEP =    27000   TIME(PS) =      44.500  TEMP(K) =   305.59  PRESS =     0.0
 Etot   =    -51011.7910  EKtot   =     21024.6719  EPtot      =    -72036.4628
 BOND   =     13086.8430  ANGLE   =      1049.0489  DIHED      =      1320.2168
 1-4 NB =       460.4633  1-4 EEL =      4642.0846  VDWAALS    =     12559.3773
 EELEC  =   -105154.4968  EHBOND  =         0.0000  RESTRAINT  =         0.0000
 ------------------------------------------------------------------------------


 NSTEP =    27500   TIME(PS) =      44.750  TEMP(K) =   306.43  PRESS =     0.0
 Etot   =    -51012.8270  EKtot   =     21082.4316  EPtot      =    -72095.2587
 BOND   =     12843.1550  ANGLE   =      1072.0826  DIHED      =      1328.9868
 1-4 NB =       452.5431  1-4 EEL =      4652.1721  VDWAALS    =     12497.7129
 EELEC  =   -104941.9112  EHBOND  =         0.0000  RESTRAINT  =         0.0000
 ------------------------------------------------------------------------------

check COM velocity, temp:        0.000004     0.00(Removed)

 NSTEP =    28000   TIME(PS) =      45.000  TEMP(K) =   306.54  PRESS =     0.0
 Etot   =    -51008.3728  EKtot   =     21090.0020  EPtot      =    -72098.3748
 BOND   =     12862.7732  ANGLE   =      1070.6259  DIHED      =      1319.8786
 1-4 NB =       432.7839  1-4 EEL =      4616.1299  VDWAALS    =     12702.4491
 EELEC  =   -105103.0154  EHBOND  =         0.0000  RESTRAINT  =         0.0000
 ------------------------------------------------------------------------------


 NSTEP =    28500   TIME(PS) =      45.250  TEMP(K) =   304.92  PRESS =     0.0
 Etot   =    -51006.9195  EKtot   =     20978.6738  EPtot      =    -71985.5933
 BOND   =     12911.2310  ANGLE   =      1069.6550  DIHED      =      1335.8581
 1-4 NB =       456.0837  1-4 EEL =      4608.6329  VDWAALS    =     12412.8686
 EELEC  =   -104779.9225  EHBOND  =         0.0000  RESTRAINT  =         0.0000
 ------------------------------------------------------------------------------

check COM velocity, temp:        0.000003     0.00(Removed)

 NSTEP =    29000   TIME(PS) =      45.500  TEMP(K) =   304.47  PRESS =     0.0
 Etot   =    -51006.8606  EKtot   =     20947.3301  EPtot      =    -71954.1906
 BOND   =     12929.1647  ANGLE   =      1070.2369  DIHED      =      1313.1367
 1-4 NB =       442.8989  1-4 EEL =      4663.8137  VDWAALS    =     12767.3206
 EELEC  =   -105140.7621  EHBOND  =         0.0000  RESTRAINT  =         0.0000
 ------------------------------------------------------------------------------


 NSTEP =    29500   TIME(PS) =      45.750  TEMP(K) =   305.30  PRESS =     0.0
 Etot   =    -51009.1137  EKtot   =     21004.7344  EPtot      =    -72013.8481
 BOND   =     12821.6968  ANGLE   =      1054.2505  DIHED      =      1308.5040
 1-4 NB =       452.9804  1-4 EEL =      4650.7478  VDWAALS    =     12658.4704
 EELEC  =   -104960.4979  EHBOND  =         0.0000  RESTRAINT  =         0.0000
 ------------------------------------------------------------------------------

check COM velocity, temp:        0.000007     0.00(Removed)

 NSTEP =    30000   TIME(PS) =      46.000  TEMP(K) =   304.89  PRESS =     0.0
 Etot   =    -51011.0652  EKtot   =     20976.4590  EPtot      =    -71987.5242
 BOND   =     12940.0341  ANGLE   =      1072.3684  DIHED      =      1307.0866
 1-4 NB =       438.9781  1-4 EEL =      4619.9045  VDWAALS    =     12500.6924
 EELEC  =   -104866.5883  EHBOND  =         0.0000  RESTRAINT  =         0.0000
 ------------------------------------------------------------------------------


 NSTEP =    30500   TIME(PS) =      46.250  TEMP(K) =   306.48  PRESS =     0.0
 Etot   =    -51006.1909  EKtot   =     21085.7207  EPtot      =    -72091.9116
 BOND   =     13084.5489  ANGLE   =      1069.8931  DIHED      =      1328.7960
 1-4 NB =       445.3953  1-4 EEL =      4646.3769  VDWAALS    =     12600.2626
 EELEC  =   -105267.1844  EHBOND  =         0.0000  RESTRAINT  =         0.0000
 ------------------------------------------------------------------------------

check COM velocity, temp:        0.000006     0.00(Removed)

 NSTEP =    31000   TIME(PS) =      46.500  TEMP(K) =   307.73  PRESS =     0.0
 Etot   =    -51010.1745  EKtot   =     21171.7109  EPtot      =    -72181.8854
 BOND   =     12859.1339  ANGLE   =      1047.3054  DIHED      =      1290.2675
 1-4 NB =       458.7271  1-4 EEL =      4656.0686  VDWAALS    =     12628.6311
 EELEC  =   -105122.0190  EHBOND  =         0.0000  RESTRAINT  =         0.0000
 ------------------------------------------------------------------------------


 NSTEP =    31500   TIME(PS) =      46.750  TEMP(K) =   305.99  PRESS =     0.0
 Etot   =    -51010.5412  EKtot   =     21052.2559  EPtot      =    -72062.7971
 BOND   =     12763.4508  ANGLE   =      1043.5222  DIHED      =      1295.5443
 1-4 NB =       433.7025  1-4 EEL =      4582.8246  VDWAALS    =     12448.2725
 EELEC  =   -104630.1139  EHBOND  =         0.0000  RESTRAINT  =         0.0000
 ------------------------------------------------------------------------------

check COM velocity, temp:        0.000004     0.00(Removed)

 NSTEP =    32000   TIME(PS) =      47.000  TEMP(K) =   305.44  PRESS =     0.0
 Etot   =    -51009.1062  EKtot   =     21013.8789  EPtot      =    -72022.9851
 BOND   =     12945.0701  ANGLE   =      1104.5858  DIHED      =      1309.9497
 1-4 NB =       448.9589  1-4 EEL =      4636.6784  VDWAALS    =     12936.8807
 EELEC  =   -105405.1086  EHBOND  =         0.0000  RESTRAINT  =         0.0000
 ------------------------------------------------------------------------------


 NSTEP =    32500   TIME(PS) =      47.250  TEMP(K) =   303.87  PRESS =     0.0
 Etot   =    -51007.7882  EKtot   =     20906.0215  EPtot      =    -71913.8097
 BOND   =     12807.6008  ANGLE   =      1077.1169  DIHED      =      1333.4394
 1-4 NB =       447.3067  1-4 EEL =      4689.3086  VDWAALS    =     12565.8778
 EELEC  =   -104834.4599  EHBOND  =         0.0000  RESTRAINT  =         0.0000
 ------------------------------------------------------------------------------

check COM velocity, temp:        0.000007     0.00(Removed)

 NSTEP =    33000   TIME(PS) =      47.500  TEMP(K) =   304.64  PRESS =     0.0
 Etot   =    -51010.5385  EKtot   =     20958.9219  EPtot      =    -71969.4604
 BOND   =     12640.6987  ANGLE   =      1125.2228  DIHED      =      1323.1488
 1-4 NB =       437.9736  1-4 EEL =      4647.3042  VDWAALS    =     12143.6176
 EELEC  =   -104287.4262  EHBOND  =         0.0000  RESTRAINT  =         0.0000
 ------------------------------------------------------------------------------


 NSTEP =    33500   TIME(PS) =      47.750  TEMP(K) =   304.47  PRESS =     0.0
 Etot   =    -51008.4739  EKtot   =     20947.3711  EPtot      =    -71955.8450
 BOND   =     12667.2902  ANGLE   =      1068.0011  DIHED      =      1321.3727
 1-4 NB =       460.2121  1-4 EEL =      4625.3416  VDWAALS    =     12368.3296
 EELEC  =   -104466.3925  EHBOND  =         0.0000  RESTRAINT  =         0.0000
 ------------------------------------------------------------------------------

check COM velocity, temp:        0.000002     0.00(Removed)

 NSTEP =    34000   TIME(PS) =      48.000  TEMP(K) =   305.86  PRESS =     0.0
 Etot   =    -51010.9423  EKtot   =     21043.1484  EPtot      =    -72054.0907
 BOND   =     12604.2574  ANGLE   =      1064.8211  DIHED      =      1322.4680
 1-4 NB =       441.4858  1-4 EEL =      4674.9076  VDWAALS    =     12475.6371
 EELEC  =   -104637.6677  EHBOND  =         0.0000  RESTRAINT  =         0.0000
 ------------------------------------------------------------------------------


 NSTEP =    34500   TIME(PS) =      48.250  TEMP(K) =   305.00  PRESS =     0.0
 Etot   =    -51010.2984  EKtot   =     20984.0684  EPtot      =    -71994.3668
 BOND   =     12750.7719  ANGLE   =      1073.6469  DIHED      =      1308.7480
 1-4 NB =       450.4256  1-4 EEL =      4660.0015  VDWAALS    =     12610.8608
 EELEC  =   -104848.8215  EHBOND  =         0.0000  RESTRAINT  =         0.0000
 ------------------------------------------------------------------------------

check COM velocity, temp:        0.000011     0.00(Removed)

 NSTEP =    35000   TIME(PS) =      48.500  TEMP(K) =   304.46  PRESS =     0.0
 Etot   =    -51009.3093  EKtot   =     20946.7422  EPtot      =    -71956.0515
 BOND   =     12795.1556  ANGLE   =      1101.1066  DIHED      =      1323.8362
 1-4 NB =       436.0474  1-4 EEL =      4659.2376  VDWAALS    =     12569.7254
 EELEC  =   -104841.1603  EHBOND  =         0.0000  RESTRAINT  =         0.0000
 ------------------------------------------------------------------------------


 NSTEP =    35500   TIME(PS) =      48.750  TEMP(K) =   308.02  PRESS =     0.0
 Etot   =    -51011.5943  EKtot   =     21191.9160  EPtot      =    -72203.5103
 BOND   =     12716.3839  ANGLE   =      1051.3807  DIHED      =      1313.3121
 1-4 NB =       442.1115  1-4 EEL =      4661.3879  VDWAALS    =     12701.2214
 EELEC  =   -105089.3078  EHBOND  =         0.0000  RESTRAINT  =         0.0000
 ------------------------------------------------------------------------------

check COM velocity, temp:        0.000003     0.00(Removed)

 NSTEP =    36000   TIME(PS) =      49.000  TEMP(K) =   303.63  PRESS =     0.0
 Etot   =    -51011.7142  EKtot   =     20889.4473  EPtot      =    -71901.1615
 BOND   =     12680.7008  ANGLE   =      1093.5613  DIHED      =      1341.1773
 1-4 NB =       446.3691  1-4 EEL =      4645.4838  VDWAALS    =     12372.3076
 EELEC  =   -104480.7615  EHBOND  =         0.0000  RESTRAINT  =         0.0000
 ------------------------------------------------------------------------------


 NSTEP =    36500   TIME(PS) =      49.250  TEMP(K) =   303.91  PRESS =     0.0
 Etot   =    -51012.2184  EKtot   =     20908.9258  EPtot      =    -71921.1442
 BOND   =     12888.0661  ANGLE   =      1113.6325  DIHED      =      1309.2298
 1-4 NB =       451.7941  1-4 EEL =      4659.4824  VDWAALS    =     12532.3273
 EELEC  =   -104875.6764  EHBOND  =         0.0000  RESTRAINT  =         0.0000
 ------------------------------------------------------------------------------

check COM velocity, temp:        0.000001     0.00(Removed)

 NSTEP =    37000   TIME(PS) =      49.500  TEMP(K) =   306.18  PRESS =     0.0
 Etot   =    -51012.4481  EKtot   =     21065.0195  EPtot      =    -72077.4677
 BOND   =     12830.3101  ANGLE   =      1051.9279  DIHED      =      1320.1075
 1-4 NB =       453.1018  1-4 EEL =      4669.1048  VDWAALS    =     12505.7038
 EELEC  =   -104907.7236  EHBOND  =         0.0000  RESTRAINT  =         0.0000
 ------------------------------------------------------------------------------


 NSTEP =    37500   TIME(PS) =      49.750  TEMP(K) =   304.51  PRESS =     0.0
 Etot   =    -51014.1157  EKtot   =     20950.1953  EPtot      =    -71964.3110
 BOND   =     12765.6266  ANGLE   =      1060.9304  DIHED      =      1315.2324
 1-4 NB =       446.1063  1-4 EEL =      4670.0973  VDWAALS    =     12694.4144
 EELEC  =   -104916.7184  EHBOND  =         0.0000  RESTRAINT  =         0.0000
 ------------------------------------------------------------------------------

check COM velocity, temp:        0.000005     0.00(Removed)

 NSTEP =    38000   TIME(PS) =      50.000  TEMP(K) =   307.03  PRESS =     0.0
 Etot   =    -51011.0696  EKtot   =     21123.2480  EPtot      =    -72134.3176
 BOND   =     12920.1157  ANGLE   =      1079.4465  DIHED      =      1322.4031
 1-4 NB =       450.5978  1-4 EEL =      4617.0917  VDWAALS    =     12903.8370
 EELEC  =   -105427.8093  EHBOND  =         0.0000  RESTRAINT  =         0.0000
 ------------------------------------------------------------------------------


 NSTEP =    38500   TIME(PS) =      50.250  TEMP(K) =   304.67  PRESS =     0.0
 Etot   =    -51010.9897  EKtot   =     20961.0098  EPtot      =    -71971.9994
 BOND   =     12841.9133  ANGLE   =      1072.7204  DIHED      =      1323.1887
 1-4 NB =       449.3396  1-4 EEL =      4661.7845  VDWAALS    =     12416.1041
 EELEC  =   -104737.0499  EHBOND  =         0.0000  RESTRAINT  =         0.0000
 ------------------------------------------------------------------------------

check COM velocity, temp:        0.000002     0.00(Removed)

 NSTEP =    39000   TIME(PS) =      50.500  TEMP(K) =   304.92  PRESS =     0.0
 Etot   =    -51007.5755  EKtot   =     20978.6562  EPtot      =    -71986.2318
 BOND   =     12853.7659  ANGLE   =      1057.3009  DIHED      =      1293.0799
 1-4 NB =       447.6752  1-4 EEL =      4637.9369  VDWAALS    =     12379.8514
 EELEC  =   -104655.8419  EHBOND  =         0.0000  RESTRAINT  =         0.0000
 ------------------------------------------------------------------------------


 NSTEP =    39500   TIME(PS) =      50.750  TEMP(K) =   303.93  PRESS =     0.0
 Etot   =    -51006.5077  EKtot   =     20910.5742  EPtot      =    -71917.0819
 BOND   =     12625.9322  ANGLE   =      1097.9695  DIHED      =      1317.8454
 1-4 NB =       450.6507  1-4 EEL =      4634.8813  VDWAALS    =     12712.3705
 EELEC  =   -104756.7315  EHBOND  =         0.0000  RESTRAINT  =         0.0000
 ------------------------------------------------------------------------------

check COM velocity, temp:        0.000004     0.00(Removed)

 NSTEP =    40000   TIME(PS) =      51.000  TEMP(K) =   303.41  PRESS =     0.0
 Etot   =    -51006.3189  EKtot   =     20874.5508  EPtot      =    -71880.8697
 BOND   =     12798.5143  ANGLE   =      1081.0172  DIHED      =      1312.2694
 1-4 NB =       445.7523  1-4 EEL =      4693.0665  VDWAALS    =     12696.4866
 EELEC  =   -104907.9761  EHBOND  =         0.0000  RESTRAINT  =         0.0000
 ------------------------------------------------------------------------------


      A V E R A G E S   O V E R      80 S T E P S


 NSTEP =    40000   TIME(PS) =      51.000  TEMP(K) =   305.47  PRESS =     0.0
 Etot   =    -51009.5473  EKtot   =     21016.5199  EPtot      =    -72026.0673
 BOND   =     12837.1948  ANGLE   =      1097.2496  DIHED      =      1326.4251
 1-4 NB =       449.6879  1-4 EEL =      4648.7424  VDWAALS    =     12629.9234
 EELEC  =   -105015.2905  EHBOND  =         0.0000  RESTRAINT  =         0.0000
 ------------------------------------------------------------------------------


      R M S  F L U C T U A T I O N S


 NSTEP =    40000   TIME(PS) =      51.000  TEMP(K) =     1.24  PRESS =     0.0
 Etot   =         2.4654  EKtot   =        85.3957  EPtot      =        86.2610
 BOND   =       116.2027  ANGLE   =        37.6850  DIHED      =        14.9732
 1-4 NB =         9.5247  1-4 EEL =        27.2463  VDWAALS    =       155.1399
 EELEC  =       246.3725  EHBOND  =         0.0000  RESTRAINT  =         0.0000
|E(PBS) =         0.8527
 ------------------------------------------------------------------------------

--------------------------------------------------------------------------------
   5.  TIMINGS
--------------------------------------------------------------------------------

|  NonSetup CPU Time in Major Routines:
|
|     Routine           Sec        %
|     ------------------------------
|     Nonbond           8.36   12.69
|     Bond              0.00    0.00
|     Angle             0.00    0.00
|     Dihedral          0.00    0.00
|     Shake             0.00    0.00
|     RunMD            57.47   87.23
|     Other             0.05    0.08
|     ------------------------------
|     Total            65.88

|  PME Nonbond Pairlist CPU Time:
|
|     Routine              Sec        %
|     ---------------------------------
|     Set Up Cit           0.00    0.00
|     Build List           0.00    0.00
|     ---------------------------------
|     Total                0.00    0.00

|  PME Direct Force CPU Time:
|
|     Routine              Sec        %
|     ---------------------------------
|     NonBonded Calc       0.00    0.00
|     Exclude Masked       0.00    0.00
|     Other                0.02    0.03
|     ---------------------------------
|     Total                0.02    0.03

|  PME Reciprocal Force CPU Time:
|
|     Routine              Sec        %
|     ---------------------------------
|     1D bspline           0.00    0.00
|     Grid Charges         0.00    0.00
|     Scalar Sum           0.00    0.00
|     Gradient Sum         0.00    0.00
|     FFT                  0.00    0.00
|     ---------------------------------
|     Total                0.00    0.00

|  Final Performance Info:
|     -----------------------------------------------------
|     Average timings for last    3500 steps:
|     Elapsed(s) =       5.78 Per Step(ms) =       1.65
|         ns/day =      26.14   seconds/ns =    3305.69
|
|     Average timings for all steps:
|     Elapsed(s) =      66.16 Per Step(ms) =       1.65
|         ns/day =      26.12   seconds/ns =    3307.97
|     -----------------------------------------------------

|  Setup CPU time:            2.66 seconds
|  NonSetup CPU time:        65.88 seconds
|  Total CPU time:           68.54 seconds     0.02 hours

|  Setup wall time:           3    seconds
|  NonSetup wall time:       66    seconds
|  Total wall time:          69    seconds     0.02 hours
