
          -------------------------------------------------------
          Amber 16 PMEMD                              2016
          -------------------------------------------------------

| PMEMD implementation of SANDER, Release 16

| Run on 08/25/2017 at 13:21:29

|   Executable path: /apps/amber16/bin/pmemd.cuda
| Working directory: /scratch/pbarletta/pdz/run/lb/neq/data/larga_4
|          Hostname: mordor

  [-O]verwriting output

File Assignments:
|   MDIN: pdt.in                                                                
|  MDOUT: T34pplb_4.out                                                         
| INPCRD: /scratch/pbarletta/pdz/run/lb/neq/data/corta_4/T34plb_4.rst7          
|   PARM: /scratch/pbarletta/pdz/top_files/lb.prmtop                            
| RESTRT: T34pplb_4.rst7                                                        
|   REFC: refc                                                                  
|  MDVEL: mdvel                                                                 
|   MDEN: mden                                                                  
|  MDCRD: T34pplb_4.nc                                                          
| MDINFO: mdinfo                                                                
|  MDFRC: mdfrc                                                                 


 Here is the input file:

!NVE run                                                                       
&cntrl                                                                         
imin = 0,                           ! No Minimization                          
nmropt = 0,                         ! No NMR restraints read                   
                                                                               
! Nature and format of the input                                               
ntx = 5,                            ! Coordinates will be read, assign new velo
irest = 1,                          ! Do not run a new simulation              
                                                                               
! Nature and format of the output                                              
ioutfm = 1,			    ! NetCDF format for output files                             
ntxo = 1,                           ! rstrt file in ASCII format               
ntpr = 500,                         ! inf in output every ntpr steps           
ntwr = 500,                         ! rstrt file every ntwr steps              
ntwx = 100,                         ! mdcrd file every ntwx steps              
ntwv = -1,                          ! mdvel without velocities                 
ntwe = 0,                           ! Energies and temperatures not written in 
idecomp = 0,                        ! No energy decomposition                  
iwrap = 1,                          ! Coordinates of the restart and mdcrd file
                                                                               
! Frozen or restrained atoms                                                   
ibelly = 0,                         ! No frozen atoms                          
ntr=0,                              ! Harmonic potential restraints            
                                                                               
! Molecular dynamics                                                           
nstlim = 40000,                      ! Number of MD-steps                      
dt = 0.0005,                        ! Time step                                
                                                                               
! Temperature regulation                                                       
ntt = 0,                            ! Constant total energy                    
                                                                               
! P and V regulation                                                           
ntp = 0,                            ! No P control                             
ntb = 1,                            ! constant V                               
                                                                               
! SHAKE variables                                                              
ntc = 1,                            ! Bonds involving H are constrained        
ntf = 1,                            ! Bond interaction involving H are ommited.
                                                                               
cut = 9.0,                          ! Nonbonded cutoff                         
/                                                                              
&end                                                                           


Note: ig = -1. Setting random seed to   403574 based on wallclock time in 
      microseconds.
| irandom = 1, using AMBER's internal random number generator (default).
 
|--------------------- INFORMATION ----------------------
| GPU (CUDA) Version of PMEMD in use: NVIDIA GPU IN USE.
|                    Version 16.0.0
| 
|                      02/25/2016
| 
| Implementation by:
|                    Ross C. Walker     (SDSC)
|                    Scott Le Grand     (nVIDIA)
| 
| Precision model in use:
|      [SPFP] - Single Precision Forces, 64-bit Fixed Point
|               Accumulation. (Default)
| 
|--------------------------------------------------------
 
|----------------- CITATION INFORMATION -----------------
|
|    When publishing work that utilized the CUDA version
|    of AMBER, please cite the following in addition to
|    the regular AMBER citations:
|
|  - Romelia Salomon-Ferrer; Andreas W. Goetz; Duncan
|    Poole; Scott Le Grand; Ross C. Walker "Routine
|    microsecond molecular dynamics simulations with
|    AMBER - Part II: Particle Mesh Ewald", J. Chem.
|    Theory Comput., 2013, 9 (9), pp3878-3888,
|    DOI: 10.1021/ct400314y.
|
|  - Andreas W. Goetz; Mark J. Williamson; Dong Xu;
|    Duncan Poole; Scott Le Grand; Ross C. Walker
|    "Routine microsecond molecular dynamics simulations
|    with AMBER - Part I: Generalized Born", J. Chem.
|    Theory Comput., 2012, 8 (5), pp1542-1555.
|
|  - Scott Le Grand; Andreas W. Goetz; Ross C. Walker
|    "SPFP: Speed without compromise - a mixed precision
|    model for GPU accelerated molecular dynamics
|    simulations.", Comp. Phys. Comm., 2013, 184
|    pp374-380, DOI: 10.1016/j.cpc.2012.09.022
|
|--------------------------------------------------------
 
|------------------- GPU DEVICE INFO --------------------
|
|            CUDA_VISIBLE_DEVICES: 0
|   CUDA Capable Devices Detected:      1
|           CUDA Device ID in use:      0
|                CUDA Device Name: GeForce GTX TITAN
|     CUDA Device Global Mem Size:   6082 MB
| CUDA Device Num Multiprocessors:     14
|           CUDA Device Core Freq:   0.93 GHz
|
|--------------------------------------------------------
 
 
| Conditional Compilation Defines Used:
| PUBFFT
| BINTRAJ
| CUDA
| EMIL

| Largest sphere to fit in unit cell has radius =    26.281

| New format PARM file being parsed.
| Version =    1.000 Date = 09/04/12 Time = 16:08:43

| Note: 1-4 EEL scale factors are being read from the topology file.

| Note: 1-4 VDW scale factors are being read from the topology file.
| Duplicated    0 dihedrals

| Duplicated    0 dihedrals

--------------------------------------------------------------------------------
   1.  RESOURCE   USE: 
--------------------------------------------------------------------------------

 getting new box info from bottom of inpcrd
 NATOM  =   23082 NTYPES =      16 NBONH =   22055 MBONA  =    1038
 NTHETH =    2390 MTHETA =    1396 NPHIH =    4631 MPHIA  =    3488
 NHPARM =       0 NPARM  =       0 NNB   =   39434 NRES   =    7134
 NBONA  =    1038 NTHETA =    1396 NPHIA =    3488 NUMBND =      41
 NUMANG =      86 NPTRA  =      41 NATYP =      28 NPHB   =       1
 IFBOX  =       1 NMXRS  =      24 IFCAP =       0 NEXTRA =       0
 NCOPY  =       0

| Coordinate Index Table dimensions:    12   14   10
| Direct force subcell size =     5.0212    5.2012    5.2562

     BOX TYPE: RECTILINEAR

--------------------------------------------------------------------------------
   2.  CONTROL  DATA  FOR  THE  RUN
--------------------------------------------------------------------------------

default_name                                                                    

General flags:
     imin    =       0, nmropt  =       0

Nature and format of input:
     ntx     =       5, irest   =       1, ntrx    =       1

Nature and format of output:
     ntxo    =       1, ntpr    =     500, ntrx    =       1, ntwr    =     500
     iwrap   =       1, ntwx    =     100, ntwv    =      -1, ntwe    =       0
     ioutfm  =       1, ntwprt  =       0, idecomp =       0, rbornstat=      0

Potential function:
     ntf     =       1, ntb     =       1, igb     =       0, nsnb    =      25
     ipol    =       0, gbsa    =       0, iesp    =       0
     dielc   =   1.00000, cut     =   9.00000, intdiel =   1.00000

Frozen or restrained atoms:
     ibelly  =       0, ntr     =       0

Molecular dynamics:
     nstlim  =     40000, nscm    =      1000, nrespa  =         1
     t       =   0.00000, dt      =   0.00050, vlimit  =  -1.00000

| Intermolecular bonds treatment:
|     no_intermolecular_bonds =       1

| Energy averages sample interval:
|     ene_avg_sampling =     500

Ewald parameters:
     verbose =       0, ew_type =       0, nbflag  =       1, use_pme =       1
     vdwmeth =       1, eedmeth =       1, netfrc  =       1
     Box X =   60.254   Box Y =   72.816   Box Z =   52.562
     Alpha =   90.000   Beta  =   90.000   Gamma =   90.000
     NFFT1 =   64       NFFT2 =   80       NFFT3 =   56
     Cutoff=    9.000   Tol   =0.100E-04
     Ewald Coefficient =  0.30768
     Interpolation order =    4

--------------------------------------------------------------------------------
   3.  ATOMIC COORDINATES AND VELOCITIES
--------------------------------------------------------------------------------

default_name                                                                    
 begin time read from input coords =    31.000 ps

 
 Number of triangulated 3-point waters found:     7002

     Sum of charges from parm topology file =  -0.00000008
     Forcing neutrality...

| Dynamic Memory, Types Used:
| Reals              710578
| Integers           737140

| Nonbonded Pairs Initial Allocation:     5262696

| GPU memory information (estimate):
| KB of GPU memory in use:     63171
| KB of CPU memory in use:     27891

--------------------------------------------------------------------------------
   4.  RESULTS
--------------------------------------------------------------------------------

 ---------------------------------------------------
 APPROXIMATING switch and d/dx switch using CUBIC SPLINE INTERPOLATION
 using   5000.0 points per unit in tabled values
 TESTING RELATIVE ERROR over r ranging from 0.0 to cutoff
| CHECK switch(x): max rel err =   0.2738E-14   at   2.422500
| CHECK d/dx switch(x): max rel err =   0.8314E-11   at   2.736960
 ---------------------------------------------------
|---------------------------------------------------
| APPROXIMATING direct energy using CUBIC SPLINE INTERPOLATION
|  with   50.0 points per unit in tabled values
| Relative Error Limit not exceeded for r .gt.   2.39
| APPROXIMATING direct force using CUBIC SPLINE INTERPOLATION
|  with   50.0 points per unit in tabled values
| Relative Error Limit not exceeded for r .gt.   2.84
|---------------------------------------------------

 NSTEP =      500   TIME(PS) =      31.250  TEMP(K) =   306.20  PRESS =     0.0
 Etot   =    -50971.8243  EKtot   =     21066.4336  EPtot      =    -72038.2579
 BOND   =     12933.1931  ANGLE   =      1239.1605  DIHED      =      1345.9423
 1-4 NB =       442.8364  1-4 EEL =      4542.5133  VDWAALS    =     12641.4685
 EELEC  =   -105183.3720  EHBOND  =         0.0000  RESTRAINT  =         0.0000
 ------------------------------------------------------------------------------

check COM velocity, temp:        0.000005     0.00(Removed)

 NSTEP =     1000   TIME(PS) =      31.500  TEMP(K) =   306.29  PRESS =     0.0
 Etot   =    -50970.2299  EKtot   =     21072.8027  EPtot      =    -72043.0326
 BOND   =     12910.7868  ANGLE   =      1182.3456  DIHED      =      1343.3826
 1-4 NB =       454.4329  1-4 EEL =      4619.8669  VDWAALS    =     12798.6139
 EELEC  =   -105352.4613  EHBOND  =         0.0000  RESTRAINT  =         0.0000
 ------------------------------------------------------------------------------


 NSTEP =     1500   TIME(PS) =      31.750  TEMP(K) =   307.07  PRESS =     0.0
 Etot   =    -50973.8045  EKtot   =     21126.0098  EPtot      =    -72099.8142
 BOND   =     12897.5703  ANGLE   =      1172.5667  DIHED      =      1333.7051
 1-4 NB =       451.0610  1-4 EEL =      4630.4495  VDWAALS    =     12860.4660
 EELEC  =   -105445.6329  EHBOND  =         0.0000  RESTRAINT  =         0.0000
 ------------------------------------------------------------------------------

check COM velocity, temp:        0.000005     0.00(Removed)

 NSTEP =     2000   TIME(PS) =      32.000  TEMP(K) =   306.87  PRESS =     0.0
 Etot   =    -50975.9551  EKtot   =     21112.5117  EPtot      =    -72088.4668
 BOND   =     12893.7207  ANGLE   =      1192.3007  DIHED      =      1336.3411
 1-4 NB =       428.4429  1-4 EEL =      4584.6082  VDWAALS    =     12749.8498
 EELEC  =   -105273.7302  EHBOND  =         0.0000  RESTRAINT  =         0.0000
 ------------------------------------------------------------------------------


 NSTEP =     2500   TIME(PS) =      32.250  TEMP(K) =   305.87  PRESS =     0.0
 Etot   =    -50975.1157  EKtot   =     21043.7207  EPtot      =    -72018.8364
 BOND   =     12844.3121  ANGLE   =      1196.7268  DIHED      =      1332.6244
 1-4 NB =       452.9122  1-4 EEL =      4615.1664  VDWAALS    =     12693.0992
 EELEC  =   -105153.6775  EHBOND  =         0.0000  RESTRAINT  =         0.0000
 ------------------------------------------------------------------------------

check COM velocity, temp:        0.000004     0.00(Removed)

 NSTEP =     3000   TIME(PS) =      32.500  TEMP(K) =   307.14  PRESS =     0.0
 Etot   =    -50975.4713  EKtot   =     21131.4238  EPtot      =    -72106.8952
 BOND   =     12725.3524  ANGLE   =      1125.1553  DIHED      =      1329.7463
 1-4 NB =       445.5518  1-4 EEL =      4608.4233  VDWAALS    =     12952.0059
 EELEC  =   -105293.1302  EHBOND  =         0.0000  RESTRAINT  =         0.0000
 ------------------------------------------------------------------------------


 NSTEP =     3500   TIME(PS) =      32.750  TEMP(K) =   307.75  PRESS =     0.0
 Etot   =    -50968.9247  EKtot   =     21173.0117  EPtot      =    -72141.9365
 BOND   =     12784.6709  ANGLE   =      1134.4905  DIHED      =      1333.6391
 1-4 NB =       458.3724  1-4 EEL =      4610.3663  VDWAALS    =     12825.0893
 EELEC  =   -105288.5649  EHBOND  =         0.0000  RESTRAINT  =         0.0000
 ------------------------------------------------------------------------------

check COM velocity, temp:        0.000006     0.00(Removed)

 NSTEP =     4000   TIME(PS) =      33.000  TEMP(K) =   306.35  PRESS =     0.0
 Etot   =    -50973.1548  EKtot   =     21076.6914  EPtot      =    -72049.8462
 BOND   =     12812.7955  ANGLE   =      1168.7488  DIHED      =      1340.3820
 1-4 NB =       459.3241  1-4 EEL =      4639.7664  VDWAALS    =     12855.9017
 EELEC  =   -105326.7648  EHBOND  =         0.0000  RESTRAINT  =         0.0000
 ------------------------------------------------------------------------------


 NSTEP =     4500   TIME(PS) =      33.250  TEMP(K) =   304.68  PRESS =     0.0
 Etot   =    -50970.2648  EKtot   =     20961.9043  EPtot      =    -71932.1691
 BOND   =     12965.7918  ANGLE   =      1156.5816  DIHED      =      1337.5350
 1-4 NB =       461.8660  1-4 EEL =      4602.1563  VDWAALS    =     12670.1031
 EELEC  =   -105126.2028  EHBOND  =         0.0000  RESTRAINT  =         0.0000
 ------------------------------------------------------------------------------

check COM velocity, temp:        0.000003     0.00(Removed)

 NSTEP =     5000   TIME(PS) =      33.500  TEMP(K) =   306.17  PRESS =     0.0
 Etot   =    -50974.2089  EKtot   =     21064.0469  EPtot      =    -72038.2558
 BOND   =     12926.8497  ANGLE   =      1193.0886  DIHED      =      1344.3579
 1-4 NB =       452.6908  1-4 EEL =      4603.4260  VDWAALS    =     12516.8863
 EELEC  =   -105075.5550  EHBOND  =         0.0000  RESTRAINT  =         0.0000
 ------------------------------------------------------------------------------


 NSTEP =     5500   TIME(PS) =      33.750  TEMP(K) =   304.27  PRESS =     0.0
 Etot   =    -50974.5624  EKtot   =     20933.9805  EPtot      =    -71908.5428
 BOND   =     12769.8237  ANGLE   =      1180.2315  DIHED      =      1348.0514
 1-4 NB =       451.9806  1-4 EEL =      4642.5999  VDWAALS    =     12652.2973
 EELEC  =   -104953.5272  EHBOND  =         0.0000  RESTRAINT  =         0.0000
 ------------------------------------------------------------------------------

check COM velocity, temp:        0.000003     0.00(Removed)

 NSTEP =     6000   TIME(PS) =      34.000  TEMP(K) =   305.28  PRESS =     0.0
 Etot   =    -50973.5930  EKtot   =     21002.9492  EPtot      =    -71976.5422
 BOND   =     12646.7208  ANGLE   =      1181.0731  DIHED      =      1350.4119
 1-4 NB =       437.7397  1-4 EEL =      4547.3118  VDWAALS    =     12608.3090
 EELEC  =   -104748.1085  EHBOND  =         0.0000  RESTRAINT  =         0.0000
 ------------------------------------------------------------------------------


 NSTEP =     6500   TIME(PS) =      34.250  TEMP(K) =   305.69  PRESS =     0.0
 Etot   =    -50969.5917  EKtot   =     21031.4570  EPtot      =    -72001.0487
 BOND   =     12910.6112  ANGLE   =      1188.2376  DIHED      =      1336.6285
 1-4 NB =       448.8748  1-4 EEL =      4595.9069  VDWAALS    =     12747.0218
 EELEC  =   -105228.3295  EHBOND  =         0.0000  RESTRAINT  =         0.0000
 ------------------------------------------------------------------------------

check COM velocity, temp:        0.000005     0.00(Removed)

 NSTEP =     7000   TIME(PS) =      34.500  TEMP(K) =   302.32  PRESS =     0.0
 Etot   =    -50969.6364  EKtot   =     20799.2031  EPtot      =    -71768.8395
 BOND   =     13047.3052  ANGLE   =      1120.3726  DIHED      =      1338.4283
 1-4 NB =       446.7327  1-4 EEL =      4602.9618  VDWAALS    =     12512.1714
 EELEC  =   -104836.8115  EHBOND  =         0.0000  RESTRAINT  =         0.0000
 ------------------------------------------------------------------------------


 NSTEP =     7500   TIME(PS) =      34.750  TEMP(K) =   303.54  PRESS =     0.0
 Etot   =    -50970.3856  EKtot   =     20883.1758  EPtot      =    -71853.5614
 BOND   =     12944.9208  ANGLE   =      1172.6876  DIHED      =      1304.0930
 1-4 NB =       445.4055  1-4 EEL =      4600.4184  VDWAALS    =     12623.6261
 EELEC  =   -104944.7128  EHBOND  =         0.0000  RESTRAINT  =         0.0000
 ------------------------------------------------------------------------------

check COM velocity, temp:        0.000007     0.00(Removed)

 NSTEP =     8000   TIME(PS) =      35.000  TEMP(K) =   307.16  PRESS =     0.0
 Etot   =    -50975.4296  EKtot   =     21132.2031  EPtot      =    -72107.6328
 BOND   =     12773.6681  ANGLE   =      1122.0446  DIHED      =      1322.5792
 1-4 NB =       434.9756  1-4 EEL =      4562.7534  VDWAALS    =     12514.4994
 EELEC  =   -104838.1530  EHBOND  =         0.0000  RESTRAINT  =         0.0000
 ------------------------------------------------------------------------------


 NSTEP =     8500   TIME(PS) =      35.250  TEMP(K) =   305.29  PRESS =     0.0
 Etot   =    -50974.3949  EKtot   =     21003.9805  EPtot      =    -71978.3754
 BOND   =     12800.3003  ANGLE   =      1152.9156  DIHED      =      1310.7172
 1-4 NB =       440.9400  1-4 EEL =      4636.1040  VDWAALS    =     12589.2761
 EELEC  =   -104908.6285  EHBOND  =         0.0000  RESTRAINT  =         0.0000
 ------------------------------------------------------------------------------

check COM velocity, temp:        0.000001     0.00(Removed)

 NSTEP =     9000   TIME(PS) =      35.500  TEMP(K) =   303.51  PRESS =     0.0
 Etot   =    -50970.5976  EKtot   =     20881.2090  EPtot      =    -71851.8066
 BOND   =     12911.3723  ANGLE   =      1133.0756  DIHED      =      1337.9241
 1-4 NB =       447.6311  1-4 EEL =      4608.9190  VDWAALS    =     12781.7980
 EELEC  =   -105072.5266  EHBOND  =         0.0000  RESTRAINT  =         0.0000
 ------------------------------------------------------------------------------


 NSTEP =     9500   TIME(PS) =      35.750  TEMP(K) =   306.66  PRESS =     0.0
 Etot   =    -50972.5481  EKtot   =     21098.3379  EPtot      =    -72070.8859
 BOND   =     12815.5879  ANGLE   =      1152.3967  DIHED      =      1309.8222
 1-4 NB =       447.5478  1-4 EEL =      4596.0648  VDWAALS    =     12532.1217
 EELEC  =   -104924.4272  EHBOND  =         0.0000  RESTRAINT  =         0.0000
 ------------------------------------------------------------------------------

check COM velocity, temp:        0.000003     0.00(Removed)

 NSTEP =    10000   TIME(PS) =      36.000  TEMP(K) =   304.38  PRESS =     0.0
 Etot   =    -50971.6232  EKtot   =     20941.1582  EPtot      =    -71912.7814
 BOND   =     12732.2598  ANGLE   =      1134.4482  DIHED      =      1342.0495
 1-4 NB =       457.6880  1-4 EEL =      4599.9129  VDWAALS    =     12655.7771
 EELEC  =   -104834.9169  EHBOND  =         0.0000  RESTRAINT  =         0.0000
 ------------------------------------------------------------------------------


 NSTEP =    10500   TIME(PS) =      36.250  TEMP(K) =   303.80  PRESS =     0.0
 Etot   =    -50969.5553  EKtot   =     20901.1543  EPtot      =    -71870.7096
 BOND   =     12909.8441  ANGLE   =      1129.5251  DIHED      =      1314.5221
 1-4 NB =       439.5179  1-4 EEL =      4597.0981  VDWAALS    =     12879.0733
 EELEC  =   -105140.2903  EHBOND  =         0.0000  RESTRAINT  =         0.0000
 ------------------------------------------------------------------------------

check COM velocity, temp:        0.000008     0.00(Removed)

 NSTEP =    11000   TIME(PS) =      36.500  TEMP(K) =   303.18  PRESS =     0.0
 Etot   =    -50971.2405  EKtot   =     20858.6367  EPtot      =    -71829.8772
 BOND   =     13038.5997  ANGLE   =      1163.8387  DIHED      =      1358.6374
 1-4 NB =       443.5968  1-4 EEL =      4635.0220  VDWAALS    =     12592.3489
 EELEC  =   -105061.9207  EHBOND  =         0.0000  RESTRAINT  =         0.0000
 ------------------------------------------------------------------------------


 NSTEP =    11500   TIME(PS) =      36.750  TEMP(K) =   305.61  PRESS =     0.0
 Etot   =    -50975.1119  EKtot   =     21025.7715  EPtot      =    -72000.8834
 BOND   =     12846.7292  ANGLE   =      1147.0165  DIHED      =      1312.4673
 1-4 NB =       460.9103  1-4 EEL =      4595.7154  VDWAALS    =     12595.3062
 EELEC  =   -104959.0283  EHBOND  =         0.0000  RESTRAINT  =         0.0000
 ------------------------------------------------------------------------------

check COM velocity, temp:        0.000003     0.00(Removed)

 NSTEP =    12000   TIME(PS) =      37.000  TEMP(K) =   305.05  PRESS =     0.0
 Etot   =    -50970.7984  EKtot   =     20987.2012  EPtot      =    -71957.9996
 BOND   =     12763.6486  ANGLE   =      1125.7155  DIHED      =      1322.5679
 1-4 NB =       458.4104  1-4 EEL =      4613.6001  VDWAALS    =     12555.5133
 EELEC  =   -104797.4554  EHBOND  =         0.0000  RESTRAINT  =         0.0000
 ------------------------------------------------------------------------------


 NSTEP =    12500   TIME(PS) =      37.250  TEMP(K) =   304.22  PRESS =     0.0
 Etot   =    -50970.8771  EKtot   =     20930.3184  EPtot      =    -71901.1955
 BOND   =     12823.2351  ANGLE   =      1151.0121  DIHED      =      1325.2956
 1-4 NB =       446.9206  1-4 EEL =      4594.7439  VDWAALS    =     12623.9162
 EELEC  =   -104866.3188  EHBOND  =         0.0000  RESTRAINT  =         0.0000
 ------------------------------------------------------------------------------

check COM velocity, temp:        0.000005     0.00(Removed)

 NSTEP =    13000   TIME(PS) =      37.500  TEMP(K) =   306.21  PRESS =     0.0
 Etot   =    -50973.0226  EKtot   =     21067.3965  EPtot      =    -72040.4191
 BOND   =     12791.8164  ANGLE   =      1189.2581  DIHED      =      1306.7659
 1-4 NB =       448.6961  1-4 EEL =      4596.2232  VDWAALS    =     12716.4353
 EELEC  =   -105089.6142  EHBOND  =         0.0000  RESTRAINT  =         0.0000
 ------------------------------------------------------------------------------


 NSTEP =    13500   TIME(PS) =      37.750  TEMP(K) =   306.71  PRESS =     0.0
 Etot   =    -50972.0562  EKtot   =     21101.1914  EPtot      =    -72073.2476
 BOND   =     12937.4575  ANGLE   =      1099.6441  DIHED      =      1356.0309
 1-4 NB =       452.4405  1-4 EEL =      4584.0845  VDWAALS    =     12818.7722
 EELEC  =   -105321.6772  EHBOND  =         0.0000  RESTRAINT  =         0.0000
 ------------------------------------------------------------------------------

check COM velocity, temp:        0.000006     0.00(Removed)

 NSTEP =    14000   TIME(PS) =      38.000  TEMP(K) =   306.23  PRESS =     0.0
 Etot   =    -50975.6986  EKtot   =     21068.7090  EPtot      =    -72044.4076
 BOND   =     12967.5803  ANGLE   =      1148.6627  DIHED      =      1325.6493
 1-4 NB =       455.3882  1-4 EEL =      4616.7307  VDWAALS    =     12785.3347
 EELEC  =   -105343.7535  EHBOND  =         0.0000  RESTRAINT  =         0.0000
 ------------------------------------------------------------------------------


 NSTEP =    14500   TIME(PS) =      38.250  TEMP(K) =   306.07  PRESS =     0.0
 Etot   =    -50971.9523  EKtot   =     21057.6230  EPtot      =    -72029.5754
 BOND   =     12978.6230  ANGLE   =      1135.8517  DIHED      =      1314.4145
 1-4 NB =       438.4053  1-4 EEL =      4557.2358  VDWAALS    =     12762.8469
 EELEC  =   -105216.9527  EHBOND  =         0.0000  RESTRAINT  =         0.0000
 ------------------------------------------------------------------------------

check COM velocity, temp:        0.000004     0.00(Removed)

 NSTEP =    15000   TIME(PS) =      38.500  TEMP(K) =   304.52  PRESS =     0.0
 Etot   =    -50970.1533  EKtot   =     20950.5605  EPtot      =    -71920.7138
 BOND   =     13057.6005  ANGLE   =      1101.3466  DIHED      =      1301.6494
 1-4 NB =       438.7564  1-4 EEL =      4572.7685  VDWAALS    =     12698.2491
 EELEC  =   -105091.0844  EHBOND  =         0.0000  RESTRAINT  =         0.0000
 ------------------------------------------------------------------------------


 NSTEP =    15500   TIME(PS) =      38.750  TEMP(K) =   305.19  PRESS =     0.0
 Etot   =    -50971.9066  EKtot   =     20996.9551  EPtot      =    -71968.8617
 BOND   =     12866.2787  ANGLE   =      1122.9545  DIHED      =      1324.5524
 1-4 NB =       448.0682  1-4 EEL =      4609.8971  VDWAALS    =     12915.3100
 EELEC  =   -105255.9226  EHBOND  =         0.0000  RESTRAINT  =         0.0000
 ------------------------------------------------------------------------------

check COM velocity, temp:        0.000004     0.00(Removed)

 NSTEP =    16000   TIME(PS) =      39.000  TEMP(K) =   303.72  PRESS =     0.0
 Etot   =    -50969.1677  EKtot   =     20895.5215  EPtot      =    -71864.6892
 BOND   =     12984.7015  ANGLE   =      1112.8652  DIHED      =      1327.4006
 1-4 NB =       453.1334  1-4 EEL =      4630.4061  VDWAALS    =     12676.9651
 EELEC  =   -105050.1611  EHBOND  =         0.0000  RESTRAINT  =         0.0000
 ------------------------------------------------------------------------------


 NSTEP =    16500   TIME(PS) =      39.250  TEMP(K) =   304.56  PRESS =     0.0
 Etot   =    -50971.2888  EKtot   =     20953.6172  EPtot      =    -71924.9059
 BOND   =     12916.5858  ANGLE   =      1121.9802  DIHED      =      1314.0490
 1-4 NB =       442.6376  1-4 EEL =      4591.5652  VDWAALS    =     12760.3043
 EELEC  =   -105072.0282  EHBOND  =         0.0000  RESTRAINT  =         0.0000
 ------------------------------------------------------------------------------

check COM velocity, temp:        0.000007     0.00(Removed)

 NSTEP =    17000   TIME(PS) =      39.500  TEMP(K) =   305.11  PRESS =     0.0
 Etot   =    -50971.7883  EKtot   =     20991.4062  EPtot      =    -71963.1946
 BOND   =     12991.5086  ANGLE   =      1187.3786  DIHED      =      1325.7044
 1-4 NB =       459.9198  1-4 EEL =      4578.0769  VDWAALS    =     12604.5756
 EELEC  =   -105110.3584  EHBOND  =         0.0000  RESTRAINT  =         0.0000
 ------------------------------------------------------------------------------


 NSTEP =    17500   TIME(PS) =      39.750  TEMP(K) =   304.69  PRESS =     0.0
 Etot   =    -50973.1039  EKtot   =     20962.3184  EPtot      =    -71935.4223
 BOND   =     12912.6920  ANGLE   =      1060.1715  DIHED      =      1312.9609
 1-4 NB =       455.3497  1-4 EEL =      4609.8077  VDWAALS    =     12592.5858
 EELEC  =   -104878.9899  EHBOND  =         0.0000  RESTRAINT  =         0.0000
 ------------------------------------------------------------------------------

check COM velocity, temp:        0.000006     0.00(Removed)

 NSTEP =    18000   TIME(PS) =      40.000  TEMP(K) =   308.81  PRESS =     0.0
 Etot   =    -50974.7781  EKtot   =     21246.2656  EPtot      =    -72221.0438
 BOND   =     12839.9214  ANGLE   =      1132.6428  DIHED      =      1307.5233
 1-4 NB =       442.2611  1-4 EEL =      4585.8344  VDWAALS    =     12774.0053
 EELEC  =   -105303.2321  EHBOND  =         0.0000  RESTRAINT  =         0.0000
 ------------------------------------------------------------------------------


 NSTEP =    18500   TIME(PS) =      40.250  TEMP(K) =   307.52  PRESS =     0.0
 Etot   =    -50973.2493  EKtot   =     21156.9121  EPtot      =    -72130.1614
 BOND   =     12869.4059  ANGLE   =      1092.3668  DIHED      =      1320.0579
 1-4 NB =       453.3569  1-4 EEL =      4608.5178  VDWAALS    =     12604.7749
 EELEC  =   -105078.6416  EHBOND  =         0.0000  RESTRAINT  =         0.0000
 ------------------------------------------------------------------------------

check COM velocity, temp:        0.000005     0.00(Removed)

 NSTEP =    19000   TIME(PS) =      40.500  TEMP(K) =   301.50  PRESS =     0.0
 Etot   =    -50969.7303  EKtot   =     20743.3711  EPtot      =    -71713.1014
 BOND   =     12958.9021  ANGLE   =      1124.3121  DIHED      =      1342.0651
 1-4 NB =       444.9631  1-4 EEL =      4610.8615  VDWAALS    =     12500.3471
 EELEC  =   -104694.5525  EHBOND  =         0.0000  RESTRAINT  =         0.0000
 ------------------------------------------------------------------------------


 NSTEP =    19500   TIME(PS) =      40.750  TEMP(K) =   305.08  PRESS =     0.0
 Etot   =    -50972.5887  EKtot   =     20989.5312  EPtot      =    -71962.1199
 BOND   =     12778.7407  ANGLE   =      1152.7780  DIHED      =      1310.4237
 1-4 NB =       434.2933  1-4 EEL =      4555.4359  VDWAALS    =     12452.0991
 EELEC  =   -104645.8908  EHBOND  =         0.0000  RESTRAINT  =         0.0000
 ------------------------------------------------------------------------------

check COM velocity, temp:        0.000008     0.00(Removed)

 NSTEP =    20000   TIME(PS) =      41.000  TEMP(K) =   307.05  PRESS =     0.0
 Etot   =    -50973.1344  EKtot   =     21124.7363  EPtot      =    -72097.8707
 BOND   =     12818.3687  ANGLE   =      1104.3615  DIHED      =      1315.3238
 1-4 NB =       448.7376  1-4 EEL =      4595.3410  VDWAALS    =     12668.4583
 EELEC  =   -105048.4616  EHBOND  =         0.0000  RESTRAINT  =         0.0000
 ------------------------------------------------------------------------------


 NSTEP =    20500   TIME(PS) =      41.250  TEMP(K) =   308.26  PRESS =     0.0
 Etot   =    -50976.8218  EKtot   =     21208.4844  EPtot      =    -72185.3062
 BOND   =     12857.0090  ANGLE   =      1131.7826  DIHED      =      1343.9462
 1-4 NB =       442.6627  1-4 EEL =      4605.6268  VDWAALS    =     12800.8440
 EELEC  =   -105367.1775  EHBOND  =         0.0000  RESTRAINT  =         0.0000
 ------------------------------------------------------------------------------

check COM velocity, temp:        0.000007     0.00(Removed)

 NSTEP =    21000   TIME(PS) =      41.500  TEMP(K) =   306.78  PRESS =     0.0
 Etot   =    -50972.7497  EKtot   =     21106.2422  EPtot      =    -72078.9919
 BOND   =     12804.9633  ANGLE   =      1119.4243  DIHED      =      1334.0292
 1-4 NB =       439.9649  1-4 EEL =      4563.4919  VDWAALS    =     12696.9797
 EELEC  =   -105037.8452  EHBOND  =         0.0000  RESTRAINT  =         0.0000
 ------------------------------------------------------------------------------


 NSTEP =    21500   TIME(PS) =      41.750  TEMP(K) =   303.44  PRESS =     0.0
 Etot   =    -50970.2816  EKtot   =     20876.2520  EPtot      =    -71846.5336
 BOND   =     12988.9238  ANGLE   =      1148.0912  DIHED      =      1326.7712
 1-4 NB =       438.9475  1-4 EEL =      4575.3343  VDWAALS    =     12807.9424
 EELEC  =   -105132.5440  EHBOND  =         0.0000  RESTRAINT  =         0.0000
 ------------------------------------------------------------------------------

check COM velocity, temp:        0.000011     0.00(Removed)

 NSTEP =    22000   TIME(PS) =      42.000  TEMP(K) =   306.47  PRESS =     0.0
 Etot   =    -50973.8137  EKtot   =     21084.8125  EPtot      =    -72058.6262
 BOND   =     12779.0069  ANGLE   =      1150.4158  DIHED      =      1333.3436
 1-4 NB =       454.4693  1-4 EEL =      4607.4829  VDWAALS    =     12799.8623
 EELEC  =   -105183.2071  EHBOND  =         0.0000  RESTRAINT  =         0.0000
 ------------------------------------------------------------------------------


 NSTEP =    22500   TIME(PS) =      42.250  TEMP(K) =   306.28  PRESS =     0.0
 Etot   =    -50972.7026  EKtot   =     21072.1504  EPtot      =    -72044.8530
 BOND   =     12807.4499  ANGLE   =      1149.2932  DIHED      =      1343.9237
 1-4 NB =       450.3966  1-4 EEL =      4563.4176  VDWAALS    =     12585.1091
 EELEC  =   -104944.4431  EHBOND  =         0.0000  RESTRAINT  =         0.0000
 ------------------------------------------------------------------------------

check COM velocity, temp:        0.000010     0.00(Removed)

 NSTEP =    23000   TIME(PS) =      42.500  TEMP(K) =   306.60  PRESS =     0.0
 Etot   =    -50975.2866  EKtot   =     21093.8574  EPtot      =    -72069.1440
 BOND   =     12843.0136  ANGLE   =      1145.4008  DIHED      =      1308.7679
 1-4 NB =       451.4712  1-4 EEL =      4629.8919  VDWAALS    =     12803.1622
 EELEC  =   -105250.8516  EHBOND  =         0.0000  RESTRAINT  =         0.0000
 ------------------------------------------------------------------------------


 NSTEP =    23500   TIME(PS) =      42.750  TEMP(K) =   308.47  PRESS =     0.0
 Etot   =    -50974.8167  EKtot   =     21222.6953  EPtot      =    -72197.5121
 BOND   =     12955.2603  ANGLE   =      1129.5526  DIHED      =      1333.0129
 1-4 NB =       456.4371  1-4 EEL =      4588.5557  VDWAALS    =     12712.3536
 EELEC  =   -105372.6844  EHBOND  =         0.0000  RESTRAINT  =         0.0000
 ------------------------------------------------------------------------------

check COM velocity, temp:        0.000009     0.00(Removed)

 NSTEP =    24000   TIME(PS) =      43.000  TEMP(K) =   304.89  PRESS =     0.0
 Etot   =    -50973.4445  EKtot   =     20976.0020  EPtot      =    -71949.4465
 BOND   =     13072.4081  ANGLE   =      1097.7830  DIHED      =      1350.4153
 1-4 NB =       437.3089  1-4 EEL =      4563.6887  VDWAALS    =     12826.0079
 EELEC  =   -105297.0582  EHBOND  =         0.0000  RESTRAINT  =         0.0000
 ------------------------------------------------------------------------------


 NSTEP =    24500   TIME(PS) =      43.250  TEMP(K) =   306.45  PRESS =     0.0
 Etot   =    -50973.6565  EKtot   =     21083.6250  EPtot      =    -72057.2815
 BOND   =     12997.6991  ANGLE   =      1139.2456  DIHED      =      1315.8578
 1-4 NB =       444.9013  1-4 EEL =      4645.2153  VDWAALS    =     12674.6618
 EELEC  =   -105274.8624  EHBOND  =         0.0000  RESTRAINT  =         0.0000
 ------------------------------------------------------------------------------

check COM velocity, temp:        0.000009     0.00(Removed)

 NSTEP =    25000   TIME(PS) =      43.500  TEMP(K) =   305.14  PRESS =     0.0
 Etot   =    -50970.0691  EKtot   =     20993.8027  EPtot      =    -71963.8718
 BOND   =     13111.5215  ANGLE   =      1122.8621  DIHED      =      1332.6404
 1-4 NB =       446.7879  1-4 EEL =      4578.5563  VDWAALS    =     12582.1021
 EELEC  =   -105138.3421  EHBOND  =         0.0000  RESTRAINT  =         0.0000
 ------------------------------------------------------------------------------


 NSTEP =    25500   TIME(PS) =      43.750  TEMP(K) =   303.56  PRESS =     0.0
 Etot   =    -50970.1688  EKtot   =     20884.6562  EPtot      =    -71854.8251
 BOND   =     12910.1085  ANGLE   =      1146.0425  DIHED      =      1317.1697
 1-4 NB =       446.0160  1-4 EEL =      4584.6989  VDWAALS    =     12214.4730
 EELEC  =   -104473.3337  EHBOND  =         0.0000  RESTRAINT  =         0.0000
 ------------------------------------------------------------------------------

check COM velocity, temp:        0.000006     0.00(Removed)

 NSTEP =    26000   TIME(PS) =      44.000  TEMP(K) =   304.48  PRESS =     0.0
 Etot   =    -50971.3527  EKtot   =     20948.3965  EPtot      =    -71919.7492
 BOND   =     12904.7601  ANGLE   =      1160.8182  DIHED      =      1315.4238
 1-4 NB =       452.0324  1-4 EEL =      4606.2468  VDWAALS    =     12682.8573
 EELEC  =   -105041.8877  EHBOND  =         0.0000  RESTRAINT  =         0.0000
 ------------------------------------------------------------------------------


 NSTEP =    26500   TIME(PS) =      44.250  TEMP(K) =   306.48  PRESS =     0.0
 Etot   =    -50973.9128  EKtot   =     21085.4062  EPtot      =    -72059.3191
 BOND   =     12964.7744  ANGLE   =      1104.0565  DIHED      =      1314.0127
 1-4 NB =       425.5329  1-4 EEL =      4592.0614  VDWAALS    =     12558.5635
 EELEC  =   -105018.3205  EHBOND  =         0.0000  RESTRAINT  =         0.0000
 ------------------------------------------------------------------------------

check COM velocity, temp:        0.000004     0.00(Removed)

 NSTEP =    27000   TIME(PS) =      44.500  TEMP(K) =   304.79  PRESS =     0.0
 Etot   =    -50969.0278  EKtot   =     20969.2637  EPtot      =    -71938.2915
 BOND   =     12983.7336  ANGLE   =      1145.9326  DIHED      =      1328.4362
 1-4 NB =       456.2316  1-4 EEL =      4616.1712  VDWAALS    =     12270.6638
 EELEC  =   -104739.4605  EHBOND  =         0.0000  RESTRAINT  =         0.0000
 ------------------------------------------------------------------------------


 NSTEP =    27500   TIME(PS) =      44.750  TEMP(K) =   307.20  PRESS =     0.0
 Etot   =    -50974.9595  EKtot   =     21135.2168  EPtot      =    -72110.1763
 BOND   =     12798.1537  ANGLE   =      1132.6865  DIHED      =      1322.1197
 1-4 NB =       438.5599  1-4 EEL =      4557.9839  VDWAALS    =     12791.8587
 EELEC  =   -105151.5388  EHBOND  =         0.0000  RESTRAINT  =         0.0000
 ------------------------------------------------------------------------------

check COM velocity, temp:        0.000005     0.00(Removed)

 NSTEP =    28000   TIME(PS) =      45.000  TEMP(K) =   304.60  PRESS =     0.0
 Etot   =    -50972.5766  EKtot   =     20956.0977  EPtot      =    -71928.6743
 BOND   =     12951.1983  ANGLE   =      1122.1893  DIHED      =      1329.7516
 1-4 NB =       447.7317  1-4 EEL =      4562.8557  VDWAALS    =     12526.8079
 EELEC  =   -104869.2086  EHBOND  =         0.0000  RESTRAINT  =         0.0000
 ------------------------------------------------------------------------------


 NSTEP =    28500   TIME(PS) =      45.250  TEMP(K) =   303.01  PRESS =     0.0
 Etot   =    -50973.1100  EKtot   =     20846.6543  EPtot      =    -71819.7643
 BOND   =     12910.0964  ANGLE   =      1124.1440  DIHED      =      1325.2297
 1-4 NB =       445.1005  1-4 EEL =      4596.7380  VDWAALS    =     12742.0304
 EELEC  =   -104963.1033  EHBOND  =         0.0000  RESTRAINT  =         0.0000
 ------------------------------------------------------------------------------

check COM velocity, temp:        0.000004     0.00(Removed)

 NSTEP =    29000   TIME(PS) =      45.500  TEMP(K) =   306.00  PRESS =     0.0
 Etot   =    -50975.0781  EKtot   =     21052.3535  EPtot      =    -72027.4317
 BOND   =     12854.1919  ANGLE   =      1101.6853  DIHED      =      1333.6065
 1-4 NB =       456.3146  1-4 EEL =      4599.8235  VDWAALS    =     12722.3892
 EELEC  =   -105095.4427  EHBOND  =         0.0000  RESTRAINT  =         0.0000
 ------------------------------------------------------------------------------


 NSTEP =    29500   TIME(PS) =      45.750  TEMP(K) =   305.77  PRESS =     0.0
 Etot   =    -50968.6083  EKtot   =     21036.7266  EPtot      =    -72005.3349
 BOND   =     12812.0160  ANGLE   =      1106.9179  DIHED      =      1319.6376
 1-4 NB =       453.4318  1-4 EEL =      4606.1066  VDWAALS    =     12561.5418
 EELEC  =   -104864.9867  EHBOND  =         0.0000  RESTRAINT  =         0.0000
 ------------------------------------------------------------------------------

check COM velocity, temp:        0.000006     0.00(Removed)

 NSTEP =    30000   TIME(PS) =      46.000  TEMP(K) =   307.10  PRESS =     0.0
 Etot   =    -50973.4442  EKtot   =     21128.2598  EPtot      =    -72101.7040
 BOND   =     12845.2930  ANGLE   =      1101.1248  DIHED      =      1315.7020
 1-4 NB =       465.1008  1-4 EEL =      4604.8358  VDWAALS    =     12517.5641
 EELEC  =   -104951.3245  EHBOND  =         0.0000  RESTRAINT  =         0.0000
 ------------------------------------------------------------------------------


 NSTEP =    30500   TIME(PS) =      46.250  TEMP(K) =   306.60  PRESS =     0.0
 Etot   =    -50975.8248  EKtot   =     21094.1230  EPtot      =    -72069.9478
 BOND   =     12899.1328  ANGLE   =      1118.1661  DIHED      =      1328.4522
 1-4 NB =       447.4640  1-4 EEL =      4591.4798  VDWAALS    =     12870.9319
 EELEC  =   -105325.5746  EHBOND  =         0.0000  RESTRAINT  =         0.0000
 ------------------------------------------------------------------------------

check COM velocity, temp:        0.000007     0.00(Removed)

 NSTEP =    31000   TIME(PS) =      46.500  TEMP(K) =   304.60  PRESS =     0.0
 Etot   =    -50972.2047  EKtot   =     20956.6016  EPtot      =    -71928.8062
 BOND   =     12890.6617  ANGLE   =      1108.0497  DIHED      =      1332.5575
 1-4 NB =       438.8650  1-4 EEL =      4600.1100  VDWAALS    =     12795.1069
 EELEC  =   -105094.1571  EHBOND  =         0.0000  RESTRAINT  =         0.0000
 ------------------------------------------------------------------------------


 NSTEP =    31500   TIME(PS) =      46.750  TEMP(K) =   304.41  PRESS =     0.0
 Etot   =    -50968.5351  EKtot   =     20942.9805  EPtot      =    -71911.5156
 BOND   =     12915.9275  ANGLE   =      1073.6010  DIHED      =      1318.1409
 1-4 NB =       455.1031  1-4 EEL =      4614.6966  VDWAALS    =     12802.8719
 EELEC  =   -105091.8566  EHBOND  =         0.0000  RESTRAINT  =         0.0000
 ------------------------------------------------------------------------------

check COM velocity, temp:        0.000007     0.00(Removed)

 NSTEP =    32000   TIME(PS) =      47.000  TEMP(K) =   306.11  PRESS =     0.0
 Etot   =    -50971.2732  EKtot   =     21060.5742  EPtot      =    -72031.8474
 BOND   =     13010.0009  ANGLE   =      1094.9717  DIHED      =      1297.5927
 1-4 NB =       456.5939  1-4 EEL =      4595.1226  VDWAALS    =     12595.4938
 EELEC  =   -105081.6229  EHBOND  =         0.0000  RESTRAINT  =         0.0000
 ------------------------------------------------------------------------------


 NSTEP =    32500   TIME(PS) =      47.250  TEMP(K) =   307.16  PRESS =     0.0
 Etot   =    -50974.2873  EKtot   =     21132.7852  EPtot      =    -72107.0725
 BOND   =     12942.2267  ANGLE   =      1108.9103  DIHED      =      1356.2944
 1-4 NB =       448.3457  1-4 EEL =      4596.4310  VDWAALS    =     12567.8199
 EELEC  =   -105127.1003  EHBOND  =         0.0000  RESTRAINT  =         0.0000
 ------------------------------------------------------------------------------

check COM velocity, temp:        0.000010     0.00(Removed)

 NSTEP =    33000   TIME(PS) =      47.500  TEMP(K) =   307.65  PRESS =     0.0
 Etot   =    -50975.7914  EKtot   =     21166.0176  EPtot      =    -72141.8090
 BOND   =     12895.1242  ANGLE   =      1100.3650  DIHED      =      1319.3649
 1-4 NB =       445.7644  1-4 EEL =      4588.9300  VDWAALS    =     12669.1913
 EELEC  =   -105160.5489  EHBOND  =         0.0000  RESTRAINT  =         0.0000
 ------------------------------------------------------------------------------


 NSTEP =    33500   TIME(PS) =      47.750  TEMP(K) =   306.56  PRESS =     0.0
 Etot   =    -50972.7776  EKtot   =     21091.0859  EPtot      =    -72063.8635
 BOND   =     12952.4392  ANGLE   =      1109.8923  DIHED      =      1304.4126
 1-4 NB =       443.1088  1-4 EEL =      4556.9250  VDWAALS    =     12830.7915
 EELEC  =   -105261.4330  EHBOND  =         0.0000  RESTRAINT  =         0.0000
 ------------------------------------------------------------------------------

check COM velocity, temp:        0.000010     0.00(Removed)

 NSTEP =    34000   TIME(PS) =      48.000  TEMP(K) =   306.41  PRESS =     0.0
 Etot   =    -50973.4178  EKtot   =     21080.9316  EPtot      =    -72054.3494
 BOND   =     12823.6440  ANGLE   =      1131.7563  DIHED      =      1337.3060
 1-4 NB =       449.2458  1-4 EEL =      4569.5313  VDWAALS    =     12660.2379
 EELEC  =   -105026.0708  EHBOND  =         0.0000  RESTRAINT  =         0.0000
 ------------------------------------------------------------------------------


 NSTEP =    34500   TIME(PS) =      48.250  TEMP(K) =   306.00  PRESS =     0.0
 Etot   =    -50974.9270  EKtot   =     21052.3438  EPtot      =    -72027.2707
 BOND   =     12838.5815  ANGLE   =      1081.7501  DIHED      =      1314.9816
 1-4 NB =       448.1086  1-4 EEL =      4614.0431  VDWAALS    =     12592.0354
 EELEC  =   -104916.7710  EHBOND  =         0.0000  RESTRAINT  =         0.0000
 ------------------------------------------------------------------------------

check COM velocity, temp:        0.000006     0.00(Removed)

 NSTEP =    35000   TIME(PS) =      48.500  TEMP(K) =   305.40  PRESS =     0.0
 Etot   =    -50971.0224  EKtot   =     21011.1426  EPtot      =    -71982.1650
 BOND   =     12958.4825  ANGLE   =      1097.9614  DIHED      =      1309.6745
 1-4 NB =       449.4253  1-4 EEL =      4568.0006  VDWAALS    =     12928.6264
 EELEC  =   -105294.3357  EHBOND  =         0.0000  RESTRAINT  =         0.0000
 ------------------------------------------------------------------------------


 NSTEP =    35500   TIME(PS) =      48.750  TEMP(K) =   302.41  PRESS =     0.0
 Etot   =    -50970.2301  EKtot   =     20805.6660  EPtot      =    -71775.8961
 BOND   =     12737.7111  ANGLE   =      1137.4811  DIHED      =      1317.8697
 1-4 NB =       439.6916  1-4 EEL =      4568.1874  VDWAALS    =     12518.3858
 EELEC  =   -104495.2228  EHBOND  =         0.0000  RESTRAINT  =         0.0000
 ------------------------------------------------------------------------------

check COM velocity, temp:        0.000007     0.00(Removed)

 NSTEP =    36000   TIME(PS) =      49.000  TEMP(K) =   307.31  PRESS =     0.0
 Etot   =    -50976.6910  EKtot   =     21142.7383  EPtot      =    -72119.4293
 BOND   =     12761.6719  ANGLE   =      1091.0112  DIHED      =      1289.1551
 1-4 NB =       433.7354  1-4 EEL =      4550.7947  VDWAALS    =     12731.9317
 EELEC  =   -104977.7293  EHBOND  =         0.0000  RESTRAINT  =         0.0000
 ------------------------------------------------------------------------------


 NSTEP =    36500   TIME(PS) =      49.250  TEMP(K) =   305.28  PRESS =     0.0
 Etot   =    -50975.1906  EKtot   =     21002.9277  EPtot      =    -71978.1184
 BOND   =     12770.4627  ANGLE   =      1076.2372  DIHED      =      1315.7071
 1-4 NB =       439.4901  1-4 EEL =      4586.1121  VDWAALS    =     12742.7545
 EELEC  =   -104908.8820  EHBOND  =         0.0000  RESTRAINT  =         0.0000
 ------------------------------------------------------------------------------

check COM velocity, temp:        0.000007     0.00(Removed)

 NSTEP =    37000   TIME(PS) =      49.500  TEMP(K) =   305.25  PRESS =     0.0
 Etot   =    -50971.8128  EKtot   =     21001.2891  EPtot      =    -71973.1019
 BOND   =     12810.5046  ANGLE   =      1061.0109  DIHED      =      1309.3059
 1-4 NB =       438.6575  1-4 EEL =      4594.5909  VDWAALS    =     12693.4089
 EELEC  =   -104880.5805  EHBOND  =         0.0000  RESTRAINT  =         0.0000
 ------------------------------------------------------------------------------


 NSTEP =    37500   TIME(PS) =      49.750  TEMP(K) =   306.17  PRESS =     0.0
 Etot   =    -50967.9975  EKtot   =     21064.2344  EPtot      =    -72032.2319
 BOND   =     12957.1840  ANGLE   =      1103.0732  DIHED      =      1320.3717
 1-4 NB =       436.8991  1-4 EEL =      4594.6341  VDWAALS    =     12645.6051
 EELEC  =   -105089.9991  EHBOND  =         0.0000  RESTRAINT  =         0.0000
 ------------------------------------------------------------------------------

check COM velocity, temp:        0.000013     0.00(Removed)

 NSTEP =    38000   TIME(PS) =      50.000  TEMP(K) =   305.77  PRESS =     0.0
 Etot   =    -50972.7681  EKtot   =     21036.6367  EPtot      =    -72009.4048
 BOND   =     12708.2730  ANGLE   =      1092.3263  DIHED      =      1307.0344
 1-4 NB =       453.0176  1-4 EEL =      4557.4396  VDWAALS    =     12504.2955
 EELEC  =   -104631.7913  EHBOND  =         0.0000  RESTRAINT  =         0.0000
 ------------------------------------------------------------------------------


 NSTEP =    38500   TIME(PS) =      50.250  TEMP(K) =   305.41  PRESS =     0.0
 Etot   =    -50971.9306  EKtot   =     21012.2539  EPtot      =    -71984.1845
 BOND   =     12826.4873  ANGLE   =      1053.0224  DIHED      =      1328.4250
 1-4 NB =       443.0407  1-4 EEL =      4612.2026  VDWAALS    =     12634.8216
 EELEC  =   -104882.1842  EHBOND  =         0.0000  RESTRAINT  =         0.0000
 ------------------------------------------------------------------------------

check COM velocity, temp:        0.000002     0.00(Removed)

 NSTEP =    39000   TIME(PS) =      50.500  TEMP(K) =   303.40  PRESS =     0.0
 Etot   =    -50970.9805  EKtot   =     20874.0391  EPtot      =    -71845.0196
 BOND   =     12882.1366  ANGLE   =      1082.2162  DIHED      =      1327.4514
 1-4 NB =       445.4641  1-4 EEL =      4638.1957  VDWAALS    =     12553.7472
 EELEC  =   -104774.2308  EHBOND  =         0.0000  RESTRAINT  =         0.0000
 ------------------------------------------------------------------------------


 NSTEP =    39500   TIME(PS) =      50.750  TEMP(K) =   305.24  PRESS =     0.0
 Etot   =    -50973.8118  EKtot   =     21000.6406  EPtot      =    -71974.4524
 BOND   =     12773.4598  ANGLE   =      1067.3153  DIHED      =      1317.3809
 1-4 NB =       454.9989  1-4 EEL =      4593.0841  VDWAALS    =     12658.5067
 EELEC  =   -104839.1982  EHBOND  =         0.0000  RESTRAINT  =         0.0000
 ------------------------------------------------------------------------------

check COM velocity, temp:        0.000005     0.00(Removed)

 NSTEP =    40000   TIME(PS) =      51.000  TEMP(K) =   305.39  PRESS =     0.0
 Etot   =    -50973.1817  EKtot   =     21010.3750  EPtot      =    -71983.5567
 BOND   =     12864.2234  ANGLE   =      1084.5262  DIHED      =      1306.5417
 1-4 NB =       432.8279  1-4 EEL =      4607.9628  VDWAALS    =     12779.8271
 EELEC  =   -105059.4658  EHBOND  =         0.0000  RESTRAINT  =         0.0000
 ------------------------------------------------------------------------------


      A V E R A G E S   O V E R      80 S T E P S


 NSTEP =    40000   TIME(PS) =      51.000  TEMP(K) =   305.57  PRESS =     0.0
 Etot   =    -50972.5382  EKtot   =     21023.0719  EPtot      =    -71995.6101
 BOND   =     12880.8721  ANGLE   =      1129.4428  DIHED      =      1325.2280
 1-4 NB =       447.2752  1-4 EEL =      4595.4490  VDWAALS    =     12675.1471
 EELEC  =   -105049.0243  EHBOND  =         0.0000  RESTRAINT  =         0.0000
 ------------------------------------------------------------------------------


      R M S  F L U C T U A T I O N S


 NSTEP =    40000   TIME(PS) =      51.000  TEMP(K) =     1.45  PRESS =     0.0
 Etot   =         2.1489  EKtot   =        99.9755  EPtot      =       101.2447
 BOND   =        91.6847  ANGLE   =        36.0632  DIHED      =        14.5751
 1-4 NB =         7.9972  1-4 EEL =        23.7075  VDWAALS    =       134.8023
 EELEC  =       206.5436  EHBOND  =         0.0000  RESTRAINT  =         0.0000
|E(PBS) =         0.8636
 ------------------------------------------------------------------------------

--------------------------------------------------------------------------------
   5.  TIMINGS
--------------------------------------------------------------------------------

|  NonSetup CPU Time in Major Routines:
|
|     Routine           Sec        %
|     ------------------------------
|     Nonbond           8.11   12.30
|     Bond              0.00    0.00
|     Angle             0.00    0.00
|     Dihedral          0.00    0.00
|     Shake             0.00    0.00
|     RunMD            57.75   87.61
|     Other             0.06    0.09
|     ------------------------------
|     Total            65.92

|  PME Nonbond Pairlist CPU Time:
|
|     Routine              Sec        %
|     ---------------------------------
|     Set Up Cit           0.00    0.00
|     Build List           0.00    0.00
|     ---------------------------------
|     Total                0.00    0.00

|  PME Direct Force CPU Time:
|
|     Routine              Sec        %
|     ---------------------------------
|     NonBonded Calc       0.00    0.00
|     Exclude Masked       0.00    0.00
|     Other                0.03    0.04
|     ---------------------------------
|     Total                0.03    0.04

|  PME Reciprocal Force CPU Time:
|
|     Routine              Sec        %
|     ---------------------------------
|     1D bspline           0.00    0.00
|     Grid Charges         0.00    0.00
|     Scalar Sum           0.00    0.00
|     Gradient Sum         0.00    0.00
|     FFT                  0.00    0.00
|     ---------------------------------
|     Total                0.00    0.00

|  Final Performance Info:
|     -----------------------------------------------------
|     Average timings for last    3000 steps:
|     Elapsed(s) =       5.38 Per Step(ms) =       1.79
|         ns/day =      24.08   seconds/ns =    3588.22
|
|     Average timings for all steps:
|     Elapsed(s) =      66.56 Per Step(ms) =       1.66
|         ns/day =      25.96   seconds/ns =    3328.08
|     -----------------------------------------------------

|  Setup CPU time:            2.56 seconds
|  NonSetup CPU time:        65.92 seconds
|  Total CPU time:           68.48 seconds     0.02 hours

|  Setup wall time:           3    seconds
|  NonSetup wall time:       67    seconds
|  Total wall time:          70    seconds     0.02 hours
