
          -------------------------------------------------------
          Amber 16 PMEMD                              2016
          -------------------------------------------------------

| PMEMD implementation of SANDER, Release 16

| Run on 08/25/2017 at 15:57:16

|   Executable path: /apps/amber16/bin/pmemd.cuda
| Working directory: /scratch/pbarletta/pdz/run/lb/neq/data/larga_4
|          Hostname: mordor

  [-O]verwriting output

File Assignments:
|   MDIN: pdt.in                                                                
|  MDOUT: T367pplb_4.out                                                        
| INPCRD: /scratch/pbarletta/pdz/run/lb/neq/data/corta_4/T367plb_4.rst7         
|   PARM: /scratch/pbarletta/pdz/top_files/lb.prmtop                            
| RESTRT: T367pplb_4.rst7                                                       
|   REFC: refc                                                                  
|  MDVEL: mdvel                                                                 
|   MDEN: mden                                                                  
|  MDCRD: T367pplb_4.nc                                                         
| MDINFO: mdinfo                                                                
|  MDFRC: mdfrc                                                                 


 Here is the input file:

!NVE run                                                                       
&cntrl                                                                         
imin = 0,                           ! No Minimization                          
nmropt = 0,                         ! No NMR restraints read                   
                                                                               
! Nature and format of the input                                               
ntx = 5,                            ! Coordinates will be read, assign new velo
irest = 1,                          ! Do not run a new simulation              
                                                                               
! Nature and format of the output                                              
ioutfm = 1,			    ! NetCDF format for output files                             
ntxo = 1,                           ! rstrt file in ASCII format               
ntpr = 500,                         ! inf in output every ntpr steps           
ntwr = 500,                         ! rstrt file every ntwr steps              
ntwx = 100,                         ! mdcrd file every ntwx steps              
ntwv = -1,                          ! mdvel without velocities                 
ntwe = 0,                           ! Energies and temperatures not written in 
idecomp = 0,                        ! No energy decomposition                  
iwrap = 1,                          ! Coordinates of the restart and mdcrd file
                                                                               
! Frozen or restrained atoms                                                   
ibelly = 0,                         ! No frozen atoms                          
ntr=0,                              ! Harmonic potential restraints            
                                                                               
! Molecular dynamics                                                           
nstlim = 40000,                      ! Number of MD-steps                      
dt = 0.0005,                        ! Time step                                
                                                                               
! Temperature regulation                                                       
ntt = 0,                            ! Constant total energy                    
                                                                               
! P and V regulation                                                           
ntp = 0,                            ! No P control                             
ntb = 1,                            ! constant V                               
                                                                               
! SHAKE variables                                                              
ntc = 1,                            ! Bonds involving H are constrained        
ntf = 1,                            ! Bond interaction involving H are ommited.
                                                                               
cut = 9.0,                          ! Nonbonded cutoff                         
/                                                                              
&end                                                                           


Note: ig = -1. Setting random seed to   251195 based on wallclock time in 
      microseconds.
| irandom = 1, using AMBER's internal random number generator (default).
 
|--------------------- INFORMATION ----------------------
| GPU (CUDA) Version of PMEMD in use: NVIDIA GPU IN USE.
|                    Version 16.0.0
| 
|                      02/25/2016
| 
| Implementation by:
|                    Ross C. Walker     (SDSC)
|                    Scott Le Grand     (nVIDIA)
| 
| Precision model in use:
|      [SPFP] - Single Precision Forces, 64-bit Fixed Point
|               Accumulation. (Default)
| 
|--------------------------------------------------------
 
|----------------- CITATION INFORMATION -----------------
|
|    When publishing work that utilized the CUDA version
|    of AMBER, please cite the following in addition to
|    the regular AMBER citations:
|
|  - Romelia Salomon-Ferrer; Andreas W. Goetz; Duncan
|    Poole; Scott Le Grand; Ross C. Walker "Routine
|    microsecond molecular dynamics simulations with
|    AMBER - Part II: Particle Mesh Ewald", J. Chem.
|    Theory Comput., 2013, 9 (9), pp3878-3888,
|    DOI: 10.1021/ct400314y.
|
|  - Andreas W. Goetz; Mark J. Williamson; Dong Xu;
|    Duncan Poole; Scott Le Grand; Ross C. Walker
|    "Routine microsecond molecular dynamics simulations
|    with AMBER - Part I: Generalized Born", J. Chem.
|    Theory Comput., 2012, 8 (5), pp1542-1555.
|
|  - Scott Le Grand; Andreas W. Goetz; Ross C. Walker
|    "SPFP: Speed without compromise - a mixed precision
|    model for GPU accelerated molecular dynamics
|    simulations.", Comp. Phys. Comm., 2013, 184
|    pp374-380, DOI: 10.1016/j.cpc.2012.09.022
|
|--------------------------------------------------------
 
|------------------- GPU DEVICE INFO --------------------
|
|            CUDA_VISIBLE_DEVICES: 1
|   CUDA Capable Devices Detected:      1
|           CUDA Device ID in use:      0
|                CUDA Device Name: GeForce GTX TITAN
|     CUDA Device Global Mem Size:   6082 MB
| CUDA Device Num Multiprocessors:     14
|           CUDA Device Core Freq:   0.93 GHz
|
|--------------------------------------------------------
 
 
| Conditional Compilation Defines Used:
| PUBFFT
| BINTRAJ
| CUDA
| EMIL

| Largest sphere to fit in unit cell has radius =    26.281

| New format PARM file being parsed.
| Version =    1.000 Date = 09/04/12 Time = 16:08:43

| Note: 1-4 EEL scale factors are being read from the topology file.

| Note: 1-4 VDW scale factors are being read from the topology file.
| Duplicated    0 dihedrals

| Duplicated    0 dihedrals

--------------------------------------------------------------------------------
   1.  RESOURCE   USE: 
--------------------------------------------------------------------------------

 getting new box info from bottom of inpcrd
 NATOM  =   23082 NTYPES =      16 NBONH =   22055 MBONA  =    1038
 NTHETH =    2390 MTHETA =    1396 NPHIH =    4631 MPHIA  =    3488
 NHPARM =       0 NPARM  =       0 NNB   =   39434 NRES   =    7134
 NBONA  =    1038 NTHETA =    1396 NPHIA =    3488 NUMBND =      41
 NUMANG =      86 NPTRA  =      41 NATYP =      28 NPHB   =       1
 IFBOX  =       1 NMXRS  =      24 IFCAP =       0 NEXTRA =       0
 NCOPY  =       0

| Coordinate Index Table dimensions:    12   14   10
| Direct force subcell size =     5.0212    5.2012    5.2562

     BOX TYPE: RECTILINEAR

--------------------------------------------------------------------------------
   2.  CONTROL  DATA  FOR  THE  RUN
--------------------------------------------------------------------------------

default_name                                                                    

General flags:
     imin    =       0, nmropt  =       0

Nature and format of input:
     ntx     =       5, irest   =       1, ntrx    =       1

Nature and format of output:
     ntxo    =       1, ntpr    =     500, ntrx    =       1, ntwr    =     500
     iwrap   =       1, ntwx    =     100, ntwv    =      -1, ntwe    =       0
     ioutfm  =       1, ntwprt  =       0, idecomp =       0, rbornstat=      0

Potential function:
     ntf     =       1, ntb     =       1, igb     =       0, nsnb    =      25
     ipol    =       0, gbsa    =       0, iesp    =       0
     dielc   =   1.00000, cut     =   9.00000, intdiel =   1.00000

Frozen or restrained atoms:
     ibelly  =       0, ntr     =       0

Molecular dynamics:
     nstlim  =     40000, nscm    =      1000, nrespa  =         1
     t       =   0.00000, dt      =   0.00050, vlimit  =  -1.00000

| Intermolecular bonds treatment:
|     no_intermolecular_bonds =       1

| Energy averages sample interval:
|     ene_avg_sampling =     500

Ewald parameters:
     verbose =       0, ew_type =       0, nbflag  =       1, use_pme =       1
     vdwmeth =       1, eedmeth =       1, netfrc  =       1
     Box X =   60.254   Box Y =   72.816   Box Z =   52.562
     Alpha =   90.000   Beta  =   90.000   Gamma =   90.000
     NFFT1 =   64       NFFT2 =   80       NFFT3 =   56
     Cutoff=    9.000   Tol   =0.100E-04
     Ewald Coefficient =  0.30768
     Interpolation order =    4

--------------------------------------------------------------------------------
   3.  ATOMIC COORDINATES AND VELOCITIES
--------------------------------------------------------------------------------

default_name                                                                    
 begin time read from input coords =    31.000 ps

 
 Number of triangulated 3-point waters found:     7002

     Sum of charges from parm topology file =  -0.00000008
     Forcing neutrality...

| Dynamic Memory, Types Used:
| Reals              710578
| Integers           737140

| Nonbonded Pairs Initial Allocation:     5262696

| GPU memory information (estimate):
| KB of GPU memory in use:     63171
| KB of CPU memory in use:     27891

--------------------------------------------------------------------------------
   4.  RESULTS
--------------------------------------------------------------------------------

 ---------------------------------------------------
 APPROXIMATING switch and d/dx switch using CUBIC SPLINE INTERPOLATION
 using   5000.0 points per unit in tabled values
 TESTING RELATIVE ERROR over r ranging from 0.0 to cutoff
| CHECK switch(x): max rel err =   0.2738E-14   at   2.422500
| CHECK d/dx switch(x): max rel err =   0.8314E-11   at   2.736960
 ---------------------------------------------------
|---------------------------------------------------
| APPROXIMATING direct energy using CUBIC SPLINE INTERPOLATION
|  with   50.0 points per unit in tabled values
| Relative Error Limit not exceeded for r .gt.   2.39
| APPROXIMATING direct force using CUBIC SPLINE INTERPOLATION
|  with   50.0 points per unit in tabled values
| Relative Error Limit not exceeded for r .gt.   2.84
|---------------------------------------------------

 NSTEP =      500   TIME(PS) =      31.250  TEMP(K) =   305.69  PRESS =     0.0
 Etot   =    -51158.2369  EKtot   =     21031.4707  EPtot      =    -72189.7076
 BOND   =     13120.7355  ANGLE   =      1240.9335  DIHED      =      1371.6531
 1-4 NB =       458.7198  1-4 EEL =      4645.5859  VDWAALS    =     12889.8866
 EELEC  =   -105917.2220  EHBOND  =         0.0000  RESTRAINT  =         0.0000
 ------------------------------------------------------------------------------

check COM velocity, temp:        0.000008     0.00(Removed)

 NSTEP =     1000   TIME(PS) =      31.500  TEMP(K) =   307.21  PRESS =     0.0
 Etot   =    -51162.1023  EKtot   =     21136.0879  EPtot      =    -72298.1902
 BOND   =     13003.9940  ANGLE   =      1166.7902  DIHED      =      1337.3577
 1-4 NB =       442.4165  1-4 EEL =      4694.0873  VDWAALS    =     12579.7618
 EELEC  =   -105522.5976  EHBOND  =         0.0000  RESTRAINT  =         0.0000
 ------------------------------------------------------------------------------


 NSTEP =     1500   TIME(PS) =      31.750  TEMP(K) =   304.70  PRESS =     0.0
 Etot   =    -51159.6973  EKtot   =     20963.4180  EPtot      =    -72123.1153
 BOND   =     13239.6220  ANGLE   =      1167.8722  DIHED      =      1355.3295
 1-4 NB =       432.9662  1-4 EEL =      4649.9523  VDWAALS    =     12901.4700
 EELEC  =   -105870.3276  EHBOND  =         0.0000  RESTRAINT  =         0.0000
 ------------------------------------------------------------------------------

check COM velocity, temp:        0.000007     0.00(Removed)

 NSTEP =     2000   TIME(PS) =      32.000  TEMP(K) =   305.45  PRESS =     0.0
 Etot   =    -51165.7682  EKtot   =     21014.6133  EPtot      =    -72180.3815
 BOND   =     12950.8550  ANGLE   =      1178.5411  DIHED      =      1354.8332
 1-4 NB =       439.3894  1-4 EEL =      4631.6502  VDWAALS    =     12756.5586
 EELEC  =   -105492.2090  EHBOND  =         0.0000  RESTRAINT  =         0.0000
 ------------------------------------------------------------------------------


 NSTEP =     2500   TIME(PS) =      32.250  TEMP(K) =   305.71  PRESS =     0.0
 Etot   =    -51166.5542  EKtot   =     21032.6797  EPtot      =    -72199.2338
 BOND   =     12780.1007  ANGLE   =      1176.8481  DIHED      =      1343.6352
 1-4 NB =       451.9688  1-4 EEL =      4613.7621  VDWAALS    =     12708.7735
 EELEC  =   -105274.3222  EHBOND  =         0.0000  RESTRAINT  =         0.0000
 ------------------------------------------------------------------------------

check COM velocity, temp:        0.000007     0.00(Removed)

 NSTEP =     3000   TIME(PS) =      32.500  TEMP(K) =   307.59  PRESS =     0.0
 Etot   =    -51166.5318  EKtot   =     21162.1133  EPtot      =    -72328.6450
 BOND   =     13025.2289  ANGLE   =      1138.8819  DIHED      =      1345.6452
 1-4 NB =       452.4731  1-4 EEL =      4677.4834  VDWAALS    =     12940.7076
 EELEC  =   -105909.0652  EHBOND  =         0.0000  RESTRAINT  =         0.0000
 ------------------------------------------------------------------------------


 NSTEP =     3500   TIME(PS) =      32.750  TEMP(K) =   306.59  PRESS =     0.0
 Etot   =    -51161.6027  EKtot   =     21093.1953  EPtot      =    -72254.7980
 BOND   =     12934.6438  ANGLE   =      1149.6079  DIHED      =      1331.7359
 1-4 NB =       451.6950  1-4 EEL =      4658.0606  VDWAALS    =     12703.2387
 EELEC  =   -105483.7798  EHBOND  =         0.0000  RESTRAINT  =         0.0000
 ------------------------------------------------------------------------------

check COM velocity, temp:        0.000009     0.00(Removed)

 NSTEP =     4000   TIME(PS) =      33.000  TEMP(K) =   304.57  PRESS =     0.0
 Etot   =    -51163.2332  EKtot   =     20954.2676  EPtot      =    -72117.5008
 BOND   =     12994.8523  ANGLE   =      1121.7266  DIHED      =      1336.2703
 1-4 NB =       441.7651  1-4 EEL =      4703.9261  VDWAALS    =     12714.6952
 EELEC  =   -105430.7364  EHBOND  =         0.0000  RESTRAINT  =         0.0000
 ------------------------------------------------------------------------------


 NSTEP =     4500   TIME(PS) =      33.250  TEMP(K) =   304.17  PRESS =     0.0
 Etot   =    -51160.4582  EKtot   =     20926.5391  EPtot      =    -72086.9972
 BOND   =     12986.2502  ANGLE   =      1154.6923  DIHED      =      1349.3067
 1-4 NB =       456.0865  1-4 EEL =      4680.2662  VDWAALS    =     12433.8961
 EELEC  =   -105147.4952  EHBOND  =         0.0000  RESTRAINT  =         0.0000
 ------------------------------------------------------------------------------

check COM velocity, temp:        0.000001     0.00(Removed)

 NSTEP =     5000   TIME(PS) =      33.500  TEMP(K) =   304.48  PRESS =     0.0
 Etot   =    -51162.9361  EKtot   =     20948.1699  EPtot      =    -72111.1061
 BOND   =     12948.1438  ANGLE   =      1138.1371  DIHED      =      1350.9732
 1-4 NB =       460.7016  1-4 EEL =      4632.2725  VDWAALS    =     12968.5595
 EELEC  =   -105609.8938  EHBOND  =         0.0000  RESTRAINT  =         0.0000
 ------------------------------------------------------------------------------


 NSTEP =     5500   TIME(PS) =      33.750  TEMP(K) =   304.99  PRESS =     0.0
 Etot   =    -51164.3181  EKtot   =     20983.4297  EPtot      =    -72147.7478
 BOND   =     12947.5831  ANGLE   =      1153.0990  DIHED      =      1333.1676
 1-4 NB =       451.1394  1-4 EEL =      4623.3168  VDWAALS    =     12898.9133
 EELEC  =   -105554.9670  EHBOND  =         0.0000  RESTRAINT  =         0.0000
 ------------------------------------------------------------------------------

check COM velocity, temp:        0.000007     0.00(Removed)

 NSTEP =     6000   TIME(PS) =      34.000  TEMP(K) =   305.78  PRESS =     0.0
 Etot   =    -51159.2272  EKtot   =     21037.7480  EPtot      =    -72196.9753
 BOND   =     12921.4557  ANGLE   =      1121.2372  DIHED      =      1328.3653
 1-4 NB =       429.9536  1-4 EEL =      4629.9678  VDWAALS    =     12569.7157
 EELEC  =   -105197.6706  EHBOND  =         0.0000  RESTRAINT  =         0.0000
 ------------------------------------------------------------------------------


 NSTEP =     6500   TIME(PS) =      34.250  TEMP(K) =   306.60  PRESS =     0.0
 Etot   =    -51163.8276  EKtot   =     21094.2324  EPtot      =    -72258.0600
 BOND   =     12898.0211  ANGLE   =      1110.8220  DIHED      =      1336.0010
 1-4 NB =       458.7404  1-4 EEL =      4673.0003  VDWAALS    =     12795.1994
 EELEC  =   -105529.8440  EHBOND  =         0.0000  RESTRAINT  =         0.0000
 ------------------------------------------------------------------------------

check COM velocity, temp:        0.000001     0.00(Removed)

 NSTEP =     7000   TIME(PS) =      34.500  TEMP(K) =   307.40  PRESS =     0.0
 Etot   =    -51163.5936  EKtot   =     21149.0781  EPtot      =    -72312.6717
 BOND   =     12926.2586  ANGLE   =      1125.0193  DIHED      =      1312.0008
 1-4 NB =       445.2960  1-4 EEL =      4691.5310  VDWAALS    =     12582.2285
 EELEC  =   -105395.0060  EHBOND  =         0.0000  RESTRAINT  =         0.0000
 ------------------------------------------------------------------------------


 NSTEP =     7500   TIME(PS) =      34.750  TEMP(K) =   308.49  PRESS =     0.0
 Etot   =    -51167.1443  EKtot   =     21224.2070  EPtot      =    -72391.3513
 BOND   =     12714.0429  ANGLE   =      1116.3408  DIHED      =      1317.9953
 1-4 NB =       465.8291  1-4 EEL =      4649.3048  VDWAALS    =     12859.4809
 EELEC  =   -105514.3452  EHBOND  =         0.0000  RESTRAINT  =         0.0000
 ------------------------------------------------------------------------------

check COM velocity, temp:        0.000006     0.00(Removed)

 NSTEP =     8000   TIME(PS) =      35.000  TEMP(K) =   308.49  PRESS =     0.0
 Etot   =    -51167.3273  EKtot   =     21223.6621  EPtot      =    -72390.9894
 BOND   =     12768.2193  ANGLE   =      1124.5637  DIHED      =      1356.7531
 1-4 NB =       464.7452  1-4 EEL =      4689.9947  VDWAALS    =     12969.4047
 EELEC  =   -105764.6702  EHBOND  =         0.0000  RESTRAINT  =         0.0000
 ------------------------------------------------------------------------------


 NSTEP =     8500   TIME(PS) =      35.250  TEMP(K) =   304.84  PRESS =     0.0
 Etot   =    -51160.0159  EKtot   =     20972.6523  EPtot      =    -72132.6682
 BOND   =     12805.2745  ANGLE   =      1142.6281  DIHED      =      1324.3119
 1-4 NB =       434.2880  1-4 EEL =      4647.2157  VDWAALS    =     12751.0789
 EELEC  =   -105237.4653  EHBOND  =         0.0000  RESTRAINT  =         0.0000
 ------------------------------------------------------------------------------

check COM velocity, temp:        0.000006     0.00(Removed)

 NSTEP =     9000   TIME(PS) =      35.500  TEMP(K) =   304.64  PRESS =     0.0
 Etot   =    -51161.1504  EKtot   =     20959.3594  EPtot      =    -72120.5098
 BOND   =     12810.1916  ANGLE   =      1113.8518  DIHED      =      1344.2286
 1-4 NB =       455.4032  1-4 EEL =      4616.1440  VDWAALS    =     12792.8989
 EELEC  =   -105253.2279  EHBOND  =         0.0000  RESTRAINT  =         0.0000
 ------------------------------------------------------------------------------


 NSTEP =     9500   TIME(PS) =      35.750  TEMP(K) =   306.72  PRESS =     0.0
 Etot   =    -51162.4753  EKtot   =     21102.3301  EPtot      =    -72264.8054
 BOND   =     12956.5408  ANGLE   =      1065.5092  DIHED      =      1318.0590
 1-4 NB =       450.8834  1-4 EEL =      4692.0569  VDWAALS    =     12792.6314
 EELEC  =   -105540.4861  EHBOND  =         0.0000  RESTRAINT  =         0.0000
 ------------------------------------------------------------------------------

check COM velocity, temp:        0.000005     0.00(Removed)

 NSTEP =    10000   TIME(PS) =      36.000  TEMP(K) =   304.39  PRESS =     0.0
 Etot   =    -51164.3536  EKtot   =     20941.5996  EPtot      =    -72105.9532
 BOND   =     12849.8791  ANGLE   =      1101.3208  DIHED      =      1311.0554
 1-4 NB =       449.8445  1-4 EEL =      4632.8373  VDWAALS    =     12554.2895
 EELEC  =   -105005.1797  EHBOND  =         0.0000  RESTRAINT  =         0.0000
 ------------------------------------------------------------------------------


 NSTEP =    10500   TIME(PS) =      36.250  TEMP(K) =   306.50  PRESS =     0.0
 Etot   =    -51165.3558  EKtot   =     21086.9766  EPtot      =    -72252.3323
 BOND   =     12664.5418  ANGLE   =      1105.3072  DIHED      =      1321.8020
 1-4 NB =       443.6651  1-4 EEL =      4666.7005  VDWAALS    =     12593.6764
 EELEC  =   -105048.0254  EHBOND  =         0.0000  RESTRAINT  =         0.0000
 ------------------------------------------------------------------------------

check COM velocity, temp:        0.000004     0.00(Removed)

 NSTEP =    11000   TIME(PS) =      36.500  TEMP(K) =   304.76  PRESS =     0.0
 Etot   =    -51162.2368  EKtot   =     20967.6387  EPtot      =    -72129.8755
 BOND   =     12571.9202  ANGLE   =      1081.9951  DIHED      =      1311.6919
 1-4 NB =       446.8059  1-4 EEL =      4651.3994  VDWAALS    =     12687.3826
 EELEC  =   -104881.0706  EHBOND  =         0.0000  RESTRAINT  =         0.0000
 ------------------------------------------------------------------------------


 NSTEP =    11500   TIME(PS) =      36.750  TEMP(K) =   304.74  PRESS =     0.0
 Etot   =    -51158.5254  EKtot   =     20966.3086  EPtot      =    -72124.8340
 BOND   =     12698.8211  ANGLE   =      1109.0659  DIHED      =      1338.6260
 1-4 NB =       445.5497  1-4 EEL =      4635.5849  VDWAALS    =     12630.5532
 EELEC  =   -104983.0349  EHBOND  =         0.0000  RESTRAINT  =         0.0000
 ------------------------------------------------------------------------------

check COM velocity, temp:        0.000005     0.00(Removed)

 NSTEP =    12000   TIME(PS) =      37.000  TEMP(K) =   305.88  PRESS =     0.0
 Etot   =    -51161.6547  EKtot   =     21044.2852  EPtot      =    -72205.9398
 BOND   =     12772.3654  ANGLE   =      1132.3639  DIHED      =      1334.9966
 1-4 NB =       448.8148  1-4 EEL =      4663.9852  VDWAALS    =     12824.3956
 EELEC  =   -105382.8614  EHBOND  =         0.0000  RESTRAINT  =         0.0000
 ------------------------------------------------------------------------------


 NSTEP =    12500   TIME(PS) =      37.250  TEMP(K) =   304.89  PRESS =     0.0
 Etot   =    -51161.0284  EKtot   =     20976.4551  EPtot      =    -72137.4835
 BOND   =     13002.5726  ANGLE   =      1130.4848  DIHED      =      1319.2959
 1-4 NB =       447.8727  1-4 EEL =      4598.5801  VDWAALS    =     12717.7420
 EELEC  =   -105354.0315  EHBOND  =         0.0000  RESTRAINT  =         0.0000
 ------------------------------------------------------------------------------

check COM velocity, temp:        0.000008     0.00(Removed)

 NSTEP =    13000   TIME(PS) =      37.500  TEMP(K) =   303.69  PRESS =     0.0
 Etot   =    -51159.0700  EKtot   =     20893.9004  EPtot      =    -72052.9704
 BOND   =     12733.6534  ANGLE   =      1100.2883  DIHED      =      1317.6709
 1-4 NB =       458.2112  1-4 EEL =      4653.0071  VDWAALS    =     12491.2918
 EELEC  =   -104807.0930  EHBOND  =         0.0000  RESTRAINT  =         0.0000
 ------------------------------------------------------------------------------


 NSTEP =    13500   TIME(PS) =      37.750  TEMP(K) =   302.88  PRESS =     0.0
 Etot   =    -51158.2675  EKtot   =     20838.0957  EPtot      =    -71996.3632
 BOND   =     12894.3463  ANGLE   =      1074.4715  DIHED      =      1313.9530
 1-4 NB =       459.4225  1-4 EEL =      4682.9602  VDWAALS    =     12646.8088
 EELEC  =   -105068.3256  EHBOND  =         0.0000  RESTRAINT  =         0.0000
 ------------------------------------------------------------------------------

check COM velocity, temp:        0.000003     0.00(Removed)

 NSTEP =    14000   TIME(PS) =      38.000  TEMP(K) =   303.30  PRESS =     0.0
 Etot   =    -51159.0349  EKtot   =     20867.0938  EPtot      =    -72026.1287
 BOND   =     12796.5276  ANGLE   =      1148.3196  DIHED      =      1327.8574
 1-4 NB =       446.9355  1-4 EEL =      4627.3513  VDWAALS    =     12517.9809
 EELEC  =   -104891.1010  EHBOND  =         0.0000  RESTRAINT  =         0.0000
 ------------------------------------------------------------------------------


 NSTEP =    14500   TIME(PS) =      38.250  TEMP(K) =   305.89  PRESS =     0.0
 Etot   =    -51163.5988  EKtot   =     21044.8223  EPtot      =    -72208.4211
 BOND   =     12831.3772  ANGLE   =      1088.9578  DIHED      =      1326.9008
 1-4 NB =       450.9838  1-4 EEL =      4624.9977  VDWAALS    =     12608.0424
 EELEC  =   -105139.6808  EHBOND  =         0.0000  RESTRAINT  =         0.0000
 ------------------------------------------------------------------------------

check COM velocity, temp:        0.000007     0.00(Removed)

 NSTEP =    15000   TIME(PS) =      38.500  TEMP(K) =   306.81  PRESS =     0.0
 Etot   =    -51164.8518  EKtot   =     21108.4434  EPtot      =    -72273.2952
 BOND   =     12933.2723  ANGLE   =      1095.4282  DIHED      =      1322.2998
 1-4 NB =       442.8677  1-4 EEL =      4624.3678  VDWAALS    =     13004.1607
 EELEC  =   -105695.6917  EHBOND  =         0.0000  RESTRAINT  =         0.0000
 ------------------------------------------------------------------------------


 NSTEP =    15500   TIME(PS) =      38.750  TEMP(K) =   308.63  PRESS =     0.0
 Etot   =    -51166.9192  EKtot   =     21233.8887  EPtot      =    -72400.8079
 BOND   =     12677.7802  ANGLE   =      1090.7054  DIHED      =      1337.0605
 1-4 NB =       437.7152  1-4 EEL =      4615.5295  VDWAALS    =     12581.6765
 EELEC  =   -105141.2751  EHBOND  =         0.0000  RESTRAINT  =         0.0000
 ------------------------------------------------------------------------------

check COM velocity, temp:        0.000008     0.00(Removed)

 NSTEP =    16000   TIME(PS) =      39.000  TEMP(K) =   305.58  PRESS =     0.0
 Etot   =    -51163.8053  EKtot   =     21024.0156  EPtot      =    -72187.8209
 BOND   =     12591.2773  ANGLE   =      1059.6019  DIHED      =      1345.1366
 1-4 NB =       456.4874  1-4 EEL =      4651.5146  VDWAALS    =     12644.6991
 EELEC  =   -104936.5379  EHBOND  =         0.0000  RESTRAINT  =         0.0000
 ------------------------------------------------------------------------------


 NSTEP =    16500   TIME(PS) =      39.250  TEMP(K) =   305.01  PRESS =     0.0
 Etot   =    -51162.6941  EKtot   =     20984.7852  EPtot      =    -72147.4793
 BOND   =     12738.8606  ANGLE   =      1102.4587  DIHED      =      1308.9490
 1-4 NB =       444.3011  1-4 EEL =      4654.4423  VDWAALS    =     12493.7030
 EELEC  =   -104890.1940  EHBOND  =         0.0000  RESTRAINT  =         0.0000
 ------------------------------------------------------------------------------

check COM velocity, temp:        0.000004     0.00(Removed)

 NSTEP =    17000   TIME(PS) =      39.500  TEMP(K) =   306.03  PRESS =     0.0
 Etot   =    -51162.7041  EKtot   =     21054.6191  EPtot      =    -72217.3233
 BOND   =     12763.8521  ANGLE   =      1070.4035  DIHED      =      1324.3119
 1-4 NB =       437.4593  1-4 EEL =      4619.5854  VDWAALS    =     12932.4591
 EELEC  =   -105365.3947  EHBOND  =         0.0000  RESTRAINT  =         0.0000
 ------------------------------------------------------------------------------


 NSTEP =    17500   TIME(PS) =      39.750  TEMP(K) =   305.18  PRESS =     0.0
 Etot   =    -51165.2643  EKtot   =     20996.2812  EPtot      =    -72161.5456
 BOND   =     12732.2265  ANGLE   =      1125.2408  DIHED      =      1328.5891
 1-4 NB =       445.3437  1-4 EEL =      4633.3783  VDWAALS    =     12489.4753
 EELEC  =   -104915.7993  EHBOND  =         0.0000  RESTRAINT  =         0.0000
 ------------------------------------------------------------------------------

check COM velocity, temp:        0.000002     0.00(Removed)

 NSTEP =    18000   TIME(PS) =      40.000  TEMP(K) =   305.03  PRESS =     0.0
 Etot   =    -51163.1519  EKtot   =     20985.9473  EPtot      =    -72149.0992
 BOND   =     13121.1349  ANGLE   =      1076.8906  DIHED      =      1326.9827
 1-4 NB =       444.1105  1-4 EEL =      4578.3521  VDWAALS    =     12844.7733
 EELEC  =   -105541.3435  EHBOND  =         0.0000  RESTRAINT  =         0.0000
 ------------------------------------------------------------------------------


 NSTEP =    18500   TIME(PS) =      40.250  TEMP(K) =   304.72  PRESS =     0.0
 Etot   =    -51164.7350  EKtot   =     20964.6211  EPtot      =    -72129.3561
 BOND   =     12876.9994  ANGLE   =      1097.1450  DIHED      =      1321.7948
 1-4 NB =       420.1225  1-4 EEL =      4602.4609  VDWAALS    =     12521.4194
 EELEC  =   -104969.2980  EHBOND  =         0.0000  RESTRAINT  =         0.0000
 ------------------------------------------------------------------------------

check COM velocity, temp:        0.000009     0.00(Removed)

 NSTEP =    19000   TIME(PS) =      40.500  TEMP(K) =   306.88  PRESS =     0.0
 Etot   =    -51163.2001  EKtot   =     21113.0352  EPtot      =    -72276.2353
 BOND   =     12712.7020  ANGLE   =      1087.4970  DIHED      =      1324.5455
 1-4 NB =       426.2695  1-4 EEL =      4599.2058  VDWAALS    =     12890.5288
 EELEC  =   -105316.9839  EHBOND  =         0.0000  RESTRAINT  =         0.0000
 ------------------------------------------------------------------------------


 NSTEP =    19500   TIME(PS) =      40.750  TEMP(K) =   306.97  PRESS =     0.0
 Etot   =    -51164.6064  EKtot   =     21119.4297  EPtot      =    -72284.0360
 BOND   =     12810.8667  ANGLE   =      1058.3669  DIHED      =      1346.0160
 1-4 NB =       447.7944  1-4 EEL =      4623.4461  VDWAALS    =     12794.5903
 EELEC  =   -105365.1164  EHBOND  =         0.0000  RESTRAINT  =         0.0000
 ------------------------------------------------------------------------------

check COM velocity, temp:        0.000008     0.00(Removed)

 NSTEP =    20000   TIME(PS) =      41.000  TEMP(K) =   304.77  PRESS =     0.0
 Etot   =    -51163.2032  EKtot   =     20968.2012  EPtot      =    -72131.4044
 BOND   =     12824.5487  ANGLE   =      1106.8637  DIHED      =      1313.9512
 1-4 NB =       447.7881  1-4 EEL =      4665.3766  VDWAALS    =     12846.8693
 EELEC  =   -105336.8019  EHBOND  =         0.0000  RESTRAINT  =         0.0000
 ------------------------------------------------------------------------------


 NSTEP =    20500   TIME(PS) =      41.250  TEMP(K) =   306.72  PRESS =     0.0
 Etot   =    -51161.7592  EKtot   =     21101.9043  EPtot      =    -72263.6635
 BOND   =     12880.0593  ANGLE   =      1097.6540  DIHED      =      1344.6105
 1-4 NB =       448.4741  1-4 EEL =      4661.9536  VDWAALS    =     12625.9696
 EELEC  =   -105322.3845  EHBOND  =         0.0000  RESTRAINT  =         0.0000
 ------------------------------------------------------------------------------

check COM velocity, temp:        0.000004     0.00(Removed)

 NSTEP =    21000   TIME(PS) =      41.500  TEMP(K) =   303.04  PRESS =     0.0
 Etot   =    -51160.4937  EKtot   =     20849.0918  EPtot      =    -72009.5855
 BOND   =     12750.6813  ANGLE   =      1102.6148  DIHED      =      1335.6272
 1-4 NB =       447.7143  1-4 EEL =      4628.6655  VDWAALS    =     12544.6960
 EELEC  =   -104819.5845  EHBOND  =         0.0000  RESTRAINT  =         0.0000
 ------------------------------------------------------------------------------


 NSTEP =    21500   TIME(PS) =      41.750  TEMP(K) =   305.82  PRESS =     0.0
 Etot   =    -51162.7386  EKtot   =     21040.5723  EPtot      =    -72203.3109
 BOND   =     12765.6304  ANGLE   =      1070.8598  DIHED      =      1332.2384
 1-4 NB =       436.4638  1-4 EEL =      4663.0266  VDWAALS    =     12746.2675
 EELEC  =   -105217.7975  EHBOND  =         0.0000  RESTRAINT  =         0.0000
 ------------------------------------------------------------------------------

check COM velocity, temp:        0.000004     0.00(Removed)

 NSTEP =    22000   TIME(PS) =      42.000  TEMP(K) =   305.32  PRESS =     0.0
 Etot   =    -51161.0173  EKtot   =     21006.0117  EPtot      =    -72167.0290
 BOND   =     12778.7367  ANGLE   =      1063.7864  DIHED      =      1303.0979
 1-4 NB =       445.0529  1-4 EEL =      4708.6063  VDWAALS    =     12701.4776
 EELEC  =   -105167.7867  EHBOND  =         0.0000  RESTRAINT  =         0.0000
 ------------------------------------------------------------------------------


 NSTEP =    22500   TIME(PS) =      42.250  TEMP(K) =   306.27  PRESS =     0.0
 Etot   =    -51166.3549  EKtot   =     21071.0801  EPtot      =    -72237.4350
 BOND   =     12934.1363  ANGLE   =      1079.6686  DIHED      =      1302.0784
 1-4 NB =       443.4792  1-4 EEL =      4610.7257  VDWAALS    =     12629.5003
 EELEC  =   -105237.0234  EHBOND  =         0.0000  RESTRAINT  =         0.0000
 ------------------------------------------------------------------------------

check COM velocity, temp:        0.000003     0.00(Removed)

 NSTEP =    23000   TIME(PS) =      42.500  TEMP(K) =   305.67  PRESS =     0.0
 Etot   =    -51166.4849  EKtot   =     21030.2090  EPtot      =    -72196.6939
 BOND   =     12735.7094  ANGLE   =      1090.8313  DIHED      =      1340.0179
 1-4 NB =       441.6651  1-4 EEL =      4661.0543  VDWAALS    =     12290.1939
 EELEC  =   -104756.1658  EHBOND  =         0.0000  RESTRAINT  =         0.0000
 ------------------------------------------------------------------------------


 NSTEP =    23500   TIME(PS) =      42.750  TEMP(K) =   306.69  PRESS =     0.0
 Etot   =    -51165.3160  EKtot   =     21100.2949  EPtot      =    -72265.6109
 BOND   =     12821.3541  ANGLE   =      1085.6767  DIHED      =      1309.9080
 1-4 NB =       435.4324  1-4 EEL =      4661.4124  VDWAALS    =     12534.3691
 EELEC  =   -105113.7637  EHBOND  =         0.0000  RESTRAINT  =         0.0000
 ------------------------------------------------------------------------------

check COM velocity, temp:        0.000002     0.00(Removed)

 NSTEP =    24000   TIME(PS) =      43.000  TEMP(K) =   304.22  PRESS =     0.0
 Etot   =    -51162.9889  EKtot   =     20929.8926  EPtot      =    -72092.8815
 BOND   =     12730.0587  ANGLE   =      1081.4496  DIHED      =      1323.5204
 1-4 NB =       454.1271  1-4 EEL =      4620.5232  VDWAALS    =     12607.5667
 EELEC  =   -104910.1271  EHBOND  =         0.0000  RESTRAINT  =         0.0000
 ------------------------------------------------------------------------------


 NSTEP =    24500   TIME(PS) =      43.250  TEMP(K) =   305.10  PRESS =     0.0
 Etot   =    -51164.5033  EKtot   =     20990.9980  EPtot      =    -72155.5013
 BOND   =     12751.0662  ANGLE   =      1084.7890  DIHED      =      1319.6458
 1-4 NB =       453.0154  1-4 EEL =      4619.6102  VDWAALS    =     12613.6777
 EELEC  =   -104997.3056  EHBOND  =         0.0000  RESTRAINT  =         0.0000
 ------------------------------------------------------------------------------

check COM velocity, temp:        0.000007     0.00(Removed)

 NSTEP =    25000   TIME(PS) =      43.500  TEMP(K) =   303.62  PRESS =     0.0
 Etot   =    -51162.4774  EKtot   =     20889.0156  EPtot      =    -72051.4930
 BOND   =     12835.1824  ANGLE   =      1040.8887  DIHED      =      1353.5220
 1-4 NB =       448.8359  1-4 EEL =      4670.1745  VDWAALS    =     12547.0644
 EELEC  =   -104947.1610  EHBOND  =         0.0000  RESTRAINT  =         0.0000
 ------------------------------------------------------------------------------


 NSTEP =    25500   TIME(PS) =      43.750  TEMP(K) =   306.33  PRESS =     0.0
 Etot   =    -51162.1883  EKtot   =     21075.0742  EPtot      =    -72237.2626
 BOND   =     12806.6897  ANGLE   =      1058.2343  DIHED      =      1313.7446
 1-4 NB =       444.1625  1-4 EEL =      4606.3888  VDWAALS    =     12572.2433
 EELEC  =   -105038.7256  EHBOND  =         0.0000  RESTRAINT  =         0.0000
 ------------------------------------------------------------------------------

check COM velocity, temp:        0.000005     0.00(Removed)

 NSTEP =    26000   TIME(PS) =      44.000  TEMP(K) =   303.44  PRESS =     0.0
 Etot   =    -51157.6175  EKtot   =     20876.7441  EPtot      =    -72034.3616
 BOND   =     13080.6377  ANGLE   =      1064.5598  DIHED      =      1307.4372
 1-4 NB =       432.2421  1-4 EEL =      4617.8720  VDWAALS    =     12783.4940
 EELEC  =   -105320.6043  EHBOND  =         0.0000  RESTRAINT  =         0.0000
 ------------------------------------------------------------------------------


 NSTEP =    26500   TIME(PS) =      44.250  TEMP(K) =   302.70  PRESS =     0.0
 Etot   =    -51159.2643  EKtot   =     20825.3691  EPtot      =    -71984.6334
 BOND   =     12823.5008  ANGLE   =      1054.9686  DIHED      =      1311.5222
 1-4 NB =       457.5029  1-4 EEL =      4664.5945  VDWAALS    =     12631.2240
 EELEC  =   -104927.9464  EHBOND  =         0.0000  RESTRAINT  =         0.0000
 ------------------------------------------------------------------------------

check COM velocity, temp:        0.000008     0.00(Removed)

 NSTEP =    27000   TIME(PS) =      44.500  TEMP(K) =   304.11  PRESS =     0.0
 Etot   =    -51163.3138  EKtot   =     20922.6113  EPtot      =    -72085.9251
 BOND   =     12699.8688  ANGLE   =      1081.4654  DIHED      =      1315.3395
 1-4 NB =       442.3192  1-4 EEL =      4618.8846  VDWAALS    =     12763.1096
 EELEC  =   -105006.9121  EHBOND  =         0.0000  RESTRAINT  =         0.0000
 ------------------------------------------------------------------------------


 NSTEP =    27500   TIME(PS) =      44.750  TEMP(K) =   306.46  PRESS =     0.0
 Etot   =    -51165.0571  EKtot   =     21084.1230  EPtot      =    -72249.1802
 BOND   =     12810.5172  ANGLE   =      1081.4656  DIHED      =      1324.9256
 1-4 NB =       449.8022  1-4 EEL =      4637.8280  VDWAALS    =     12971.9542
 EELEC  =   -105525.6728  EHBOND  =         0.0000  RESTRAINT  =         0.0000
 ------------------------------------------------------------------------------

check COM velocity, temp:        0.000003     0.00(Removed)

 NSTEP =    28000   TIME(PS) =      45.000  TEMP(K) =   303.86  PRESS =     0.0
 Etot   =    -51160.6406  EKtot   =     20905.2676  EPtot      =    -72065.9082
 BOND   =     12857.8852  ANGLE   =      1078.3496  DIHED      =      1342.7168
 1-4 NB =       446.1598  1-4 EEL =      4668.4042  VDWAALS    =     12520.5056
 EELEC  =   -104979.9292  EHBOND  =         0.0000  RESTRAINT  =         0.0000
 ------------------------------------------------------------------------------


 NSTEP =    28500   TIME(PS) =      45.250  TEMP(K) =   305.54  PRESS =     0.0
 Etot   =    -51161.7792  EKtot   =     21021.2383  EPtot      =    -72183.0175
 BOND   =     12851.2557  ANGLE   =      1103.6957  DIHED      =      1319.6804
 1-4 NB =       441.6124  1-4 EEL =      4653.6975  VDWAALS    =     12702.2187
 EELEC  =   -105255.1780  EHBOND  =         0.0000  RESTRAINT  =         0.0000
 ------------------------------------------------------------------------------

check COM velocity, temp:        0.000003     0.00(Removed)

 NSTEP =    29000   TIME(PS) =      45.500  TEMP(K) =   305.09  PRESS =     0.0
 Etot   =    -51162.3128  EKtot   =     20989.9785  EPtot      =    -72152.2913
 BOND   =     12658.3982  ANGLE   =      1048.3669  DIHED      =      1349.0879
 1-4 NB =       455.9622  1-4 EEL =      4653.4171  VDWAALS    =     12627.6343
 EELEC  =   -104945.1580  EHBOND  =         0.0000  RESTRAINT  =         0.0000
 ------------------------------------------------------------------------------


 NSTEP =    29500   TIME(PS) =      45.750  TEMP(K) =   307.06  PRESS =     0.0
 Etot   =    -51159.4647  EKtot   =     21125.9023  EPtot      =    -72285.3670
 BOND   =     12648.2706  ANGLE   =      1069.2564  DIHED      =      1361.8569
 1-4 NB =       448.1588  1-4 EEL =      4654.7812  VDWAALS    =     12637.6720
 EELEC  =   -105105.3630  EHBOND  =         0.0000  RESTRAINT  =         0.0000
 ------------------------------------------------------------------------------

check COM velocity, temp:        0.000004     0.00(Removed)

 NSTEP =    30000   TIME(PS) =      46.000  TEMP(K) =   304.64  PRESS =     0.0
 Etot   =    -51163.6112  EKtot   =     20959.3066  EPtot      =    -72122.9178
 BOND   =     12784.1041  ANGLE   =      1064.5531  DIHED      =      1338.9043
 1-4 NB =       462.9859  1-4 EEL =      4713.9561  VDWAALS    =     12465.3514
 EELEC  =   -104952.7727  EHBOND  =         0.0000  RESTRAINT  =         0.0000
 ------------------------------------------------------------------------------


 NSTEP =    30500   TIME(PS) =      46.250  TEMP(K) =   305.87  PRESS =     0.0
 Etot   =    -51163.1730  EKtot   =     21043.5898  EPtot      =    -72206.7629
 BOND   =     12792.7228  ANGLE   =      1097.1502  DIHED      =      1337.0372
 1-4 NB =       446.2645  1-4 EEL =      4626.1441  VDWAALS    =     12692.7243
 EELEC  =   -105198.8059  EHBOND  =         0.0000  RESTRAINT  =         0.0000
 ------------------------------------------------------------------------------

check COM velocity, temp:        0.000012     0.00(Removed)

 NSTEP =    31000   TIME(PS) =      46.500  TEMP(K) =   305.14  PRESS =     0.0
 Etot   =    -51162.3107  EKtot   =     20993.2305  EPtot      =    -72155.5411
 BOND   =     12911.4174  ANGLE   =      1084.1284  DIHED      =      1342.5961
 1-4 NB =       440.0594  1-4 EEL =      4675.0880  VDWAALS    =     12633.4569
 EELEC  =   -105242.2872  EHBOND  =         0.0000  RESTRAINT  =         0.0000
 ------------------------------------------------------------------------------


 NSTEP =    31500   TIME(PS) =      46.750  TEMP(K) =   306.72  PRESS =     0.0
 Etot   =    -51167.6873  EKtot   =     21102.5312  EPtot      =    -72270.2185
 BOND   =     12745.1499  ANGLE   =      1077.4265  DIHED      =      1310.4342
 1-4 NB =       453.9126  1-4 EEL =      4667.3722  VDWAALS    =     12507.6643
 EELEC  =   -105032.1782  EHBOND  =         0.0000  RESTRAINT  =         0.0000
 ------------------------------------------------------------------------------

check COM velocity, temp:        0.000005     0.00(Removed)

 NSTEP =    32000   TIME(PS) =      47.000  TEMP(K) =   304.09  PRESS =     0.0
 Etot   =    -51162.7529  EKtot   =     20921.0371  EPtot      =    -72083.7900
 BOND   =     12796.5584  ANGLE   =      1030.6516  DIHED      =      1346.9936
 1-4 NB =       442.7233  1-4 EEL =      4609.7916  VDWAALS    =     12575.9992
 EELEC  =   -104886.5077  EHBOND  =         0.0000  RESTRAINT  =         0.0000
 ------------------------------------------------------------------------------


 NSTEP =    32500   TIME(PS) =      47.250  TEMP(K) =   304.92  PRESS =     0.0
 Etot   =    -51162.4489  EKtot   =     20978.1641  EPtot      =    -72140.6130
 BOND   =     12925.0810  ANGLE   =      1098.4602  DIHED      =      1317.2790
 1-4 NB =       457.7143  1-4 EEL =      4626.9127  VDWAALS    =     12911.5460
 EELEC  =   -105477.6061  EHBOND  =         0.0000  RESTRAINT  =         0.0000
 ------------------------------------------------------------------------------

check COM velocity, temp:        0.000003     0.00(Removed)

 NSTEP =    33000   TIME(PS) =      47.500  TEMP(K) =   305.58  PRESS =     0.0
 Etot   =    -51164.1597  EKtot   =     21023.5664  EPtot      =    -72187.7261
 BOND   =     12989.9839  ANGLE   =      1066.2757  DIHED      =      1316.3051
 1-4 NB =       453.3313  1-4 EEL =      4648.5962  VDWAALS    =     12760.1392
 EELEC  =   -105422.3575  EHBOND  =         0.0000  RESTRAINT  =         0.0000
 ------------------------------------------------------------------------------


 NSTEP =    33500   TIME(PS) =      47.750  TEMP(K) =   305.00  PRESS =     0.0
 Etot   =    -51162.7139  EKtot   =     20984.0508  EPtot      =    -72146.7647
 BOND   =     12992.7221  ANGLE   =      1051.4921  DIHED      =      1346.2545
 1-4 NB =       437.6836  1-4 EEL =      4643.7359  VDWAALS    =     12616.2304
 EELEC  =   -105234.8833  EHBOND  =         0.0000  RESTRAINT  =         0.0000
 ------------------------------------------------------------------------------

check COM velocity, temp:        0.000006     0.00(Removed)

 NSTEP =    34000   TIME(PS) =      48.000  TEMP(K) =   304.72  PRESS =     0.0
 Etot   =    -51163.1796  EKtot   =     20964.4375  EPtot      =    -72127.6171
 BOND   =     12880.9314  ANGLE   =      1080.2770  DIHED      =      1314.3175
 1-4 NB =       439.1667  1-4 EEL =      4653.3159  VDWAALS    =     12993.5749
 EELEC  =   -105489.2004  EHBOND  =         0.0000  RESTRAINT  =         0.0000
 ------------------------------------------------------------------------------


 NSTEP =    34500   TIME(PS) =      48.250  TEMP(K) =   305.89  PRESS =     0.0
 Etot   =    -51163.3924  EKtot   =     21045.2070  EPtot      =    -72208.5994
 BOND   =     12765.0496  ANGLE   =      1072.6643  DIHED      =      1327.6667
 1-4 NB =       436.1368  1-4 EEL =      4630.2801  VDWAALS    =     12621.2538
 EELEC  =   -105061.6508  EHBOND  =         0.0000  RESTRAINT  =         0.0000
 ------------------------------------------------------------------------------

check COM velocity, temp:        0.000005     0.00(Removed)

 NSTEP =    35000   TIME(PS) =      48.500  TEMP(K) =   305.57  PRESS =     0.0
 Etot   =    -51162.5864  EKtot   =     21022.8105  EPtot      =    -72185.3970
 BOND   =     12972.1974  ANGLE   =      1068.8592  DIHED      =      1347.5228
 1-4 NB =       440.3782  1-4 EEL =      4653.0164  VDWAALS    =     12816.0529
 EELEC  =   -105483.4237  EHBOND  =         0.0000  RESTRAINT  =         0.0000
 ------------------------------------------------------------------------------


 NSTEP =    35500   TIME(PS) =      48.750  TEMP(K) =   302.70  PRESS =     0.0
 Etot   =    -51162.3538  EKtot   =     20825.4121  EPtot      =    -71987.7659
 BOND   =     12885.0290  ANGLE   =      1103.5668  DIHED      =      1329.7736
 1-4 NB =       440.7885  1-4 EEL =      4637.3974  VDWAALS    =     12650.2386
 EELEC  =   -105034.5598  EHBOND  =         0.0000  RESTRAINT  =         0.0000
 ------------------------------------------------------------------------------

check COM velocity, temp:        0.000008     0.00(Removed)

 NSTEP =    36000   TIME(PS) =      49.000  TEMP(K) =   303.72  PRESS =     0.0
 Etot   =    -51163.2930  EKtot   =     20895.7637  EPtot      =    -72059.0567
 BOND   =     12772.9071  ANGLE   =      1090.5484  DIHED      =      1341.1674
 1-4 NB =       431.4774  1-4 EEL =      4600.3220  VDWAALS    =     12632.1515
 EELEC  =   -104927.6305  EHBOND  =         0.0000  RESTRAINT  =         0.0000
 ------------------------------------------------------------------------------


 NSTEP =    36500   TIME(PS) =      49.250  TEMP(K) =   303.50  PRESS =     0.0
 Etot   =    -51163.6846  EKtot   =     20880.7676  EPtot      =    -72044.4522
 BOND   =     12791.8990  ANGLE   =      1087.8546  DIHED      =      1349.9781
 1-4 NB =       453.9281  1-4 EEL =      4665.7483  VDWAALS    =     12520.2372
 EELEC  =   -104914.0975  EHBOND  =         0.0000  RESTRAINT  =         0.0000
 ------------------------------------------------------------------------------

check COM velocity, temp:        0.000006     0.00(Removed)

 NSTEP =    37000   TIME(PS) =      49.500  TEMP(K) =   306.22  PRESS =     0.0
 Etot   =    -51165.2375  EKtot   =     21067.7227  EPtot      =    -72232.9601
 BOND   =     12855.5729  ANGLE   =      1035.7852  DIHED      =      1350.8868
 1-4 NB =       459.9096  1-4 EEL =      4642.8677  VDWAALS    =     12780.4358
 EELEC  =   -105358.4181  EHBOND  =         0.0000  RESTRAINT  =         0.0000
 ------------------------------------------------------------------------------


 NSTEP =    37500   TIME(PS) =      49.750  TEMP(K) =   304.88  PRESS =     0.0
 Etot   =    -51161.5253  EKtot   =     20975.4062  EPtot      =    -72136.9315
 BOND   =     13048.9258  ANGLE   =      1071.9613  DIHED      =      1337.2252
 1-4 NB =       450.3250  1-4 EEL =      4621.5940  VDWAALS    =     12703.0632
 EELEC  =   -105370.0260  EHBOND  =         0.0000  RESTRAINT  =         0.0000
 ------------------------------------------------------------------------------

check COM velocity, temp:        0.000008     0.00(Removed)

 NSTEP =    38000   TIME(PS) =      50.000  TEMP(K) =   306.19  PRESS =     0.0
 Etot   =    -51160.4162  EKtot   =     21065.5312  EPtot      =    -72225.9475
 BOND   =     12867.9339  ANGLE   =      1102.9865  DIHED      =      1340.5222
 1-4 NB =       453.5147  1-4 EEL =      4616.0363  VDWAALS    =     12751.6199
 EELEC  =   -105358.5608  EHBOND  =         0.0000  RESTRAINT  =         0.0000
 ------------------------------------------------------------------------------


 NSTEP =    38500   TIME(PS) =      50.250  TEMP(K) =   306.00  PRESS =     0.0
 Etot   =    -51163.1257  EKtot   =     21052.8594  EPtot      =    -72215.9851
 BOND   =     12906.8321  ANGLE   =      1058.9555  DIHED      =      1315.3740
 1-4 NB =       435.4571  1-4 EEL =      4647.8033  VDWAALS    =     12744.7768
 EELEC  =   -105325.1840  EHBOND  =         0.0000  RESTRAINT  =         0.0000
 ------------------------------------------------------------------------------

check COM velocity, temp:        0.000007     0.00(Removed)

 NSTEP =    39000   TIME(PS) =      50.500  TEMP(K) =   303.98  PRESS =     0.0
 Etot   =    -51161.8231  EKtot   =     20913.9766  EPtot      =    -72075.7997
 BOND   =     12862.3773  ANGLE   =      1056.2015  DIHED      =      1335.6177
 1-4 NB =       434.9482  1-4 EEL =      4647.9181  VDWAALS    =     12804.1554
 EELEC  =   -105217.0179  EHBOND  =         0.0000  RESTRAINT  =         0.0000
 ------------------------------------------------------------------------------


 NSTEP =    39500   TIME(PS) =      50.750  TEMP(K) =   304.94  PRESS =     0.0
 Etot   =    -51156.3131  EKtot   =     20980.0723  EPtot      =    -72136.3854
 BOND   =     13042.2399  ANGLE   =      1072.3309  DIHED      =      1341.8572
 1-4 NB =       438.1328  1-4 EEL =      4590.3322  VDWAALS    =     12854.6775
 EELEC  =   -105475.9559  EHBOND  =         0.0000  RESTRAINT  =         0.0000
 ------------------------------------------------------------------------------

check COM velocity, temp:        0.000006     0.00(Removed)

 NSTEP =    40000   TIME(PS) =      51.000  TEMP(K) =   304.95  PRESS =     0.0
 Etot   =    -51159.4558  EKtot   =     20980.7285  EPtot      =    -72140.1843
 BOND   =     12825.7044  ANGLE   =      1078.9302  DIHED      =      1334.3259
 1-4 NB =       440.7172  1-4 EEL =      4626.8445  VDWAALS    =     12496.1607
 EELEC  =   -104942.8671  EHBOND  =         0.0000  RESTRAINT  =         0.0000
 ------------------------------------------------------------------------------


      A V E R A G E S   O V E R      80 S T E P S


 NSTEP =    40000   TIME(PS) =      51.000  TEMP(K) =   305.36  PRESS =     0.0
 Etot   =    -51162.6935  EKtot   =     21008.7656  EPtot      =    -72171.4591
 BOND   =     12849.5815  ANGLE   =      1096.7490  DIHED      =      1331.2966
 1-4 NB =       446.4320  1-4 EEL =      4644.1417  VDWAALS    =     12693.8496
 EELEC  =   -105233.5094  EHBOND  =         0.0000  RESTRAINT  =         0.0000
 ------------------------------------------------------------------------------


      R M S  F L U C T U A T I O N S


 NSTEP =    40000   TIME(PS) =      51.000  TEMP(K) =     1.30  PRESS =     0.0
 Etot   =         2.4012  EKtot   =        89.3797  EPtot      =        90.6623
 BOND   =       124.4900  ANGLE   =        36.6673  DIHED      =        15.1101
 1-4 NB =         9.0441  1-4 EEL =        28.1925  VDWAALS    =       150.8312
 EELEC  =       270.1101  EHBOND  =         0.0000  RESTRAINT  =         0.0000
|E(PBS) =         0.8528
 ------------------------------------------------------------------------------

--------------------------------------------------------------------------------
   5.  TIMINGS
--------------------------------------------------------------------------------

|  NonSetup CPU Time in Major Routines:
|
|     Routine           Sec        %
|     ------------------------------
|     Nonbond           8.51   12.75
|     Bond              0.00    0.00
|     Angle             0.00    0.00
|     Dihedral          0.00    0.00
|     Shake             0.00    0.00
|     RunMD            58.14   87.09
|     Other             0.10    0.16
|     ------------------------------
|     Total            66.76

|  PME Nonbond Pairlist CPU Time:
|
|     Routine              Sec        %
|     ---------------------------------
|     Set Up Cit           0.00    0.00
|     Build List           0.00    0.00
|     ---------------------------------
|     Total                0.00    0.00

|  PME Direct Force CPU Time:
|
|     Routine              Sec        %
|     ---------------------------------
|     NonBonded Calc       0.00    0.00
|     Exclude Masked       0.00    0.00
|     Other                0.04    0.06
|     ---------------------------------
|     Total                0.04    0.06

|  PME Reciprocal Force CPU Time:
|
|     Routine              Sec        %
|     ---------------------------------
|     1D bspline           0.00    0.00
|     Grid Charges         0.00    0.00
|     Scalar Sum           0.00    0.00
|     Gradient Sum         0.00    0.00
|     FFT                  0.00    0.00
|     ---------------------------------
|     Total                0.00    0.00

|  Final Performance Info:
|     -----------------------------------------------------
|     Average timings for last    5000 steps:
|     Elapsed(s) =       8.41 Per Step(ms) =       1.68
|         ns/day =      25.70   seconds/ns =    3362.14
|
|     Average timings for all steps:
|     Elapsed(s) =      68.85 Per Step(ms) =       1.72
|         ns/day =      25.10   seconds/ns =    3442.41
|     -----------------------------------------------------

|  Setup CPU time:            1.77 seconds
|  NonSetup CPU time:        66.76 seconds
|  Total CPU time:           68.53 seconds     0.02 hours

|  Setup wall time:           3    seconds
|  NonSetup wall time:       69    seconds
|  Total wall time:          72    seconds     0.02 hours
