
          -------------------------------------------------------
          Amber 16 PMEMD                              2016
          -------------------------------------------------------

| PMEMD implementation of SANDER, Release 16

| Run on 08/25/2017 at 16:08:05

|   Executable path: /apps/amber16/bin/pmemd.cuda
| Working directory: /scratch/pbarletta/pdz/run/lb/neq/data/larga_4
|          Hostname: mordor

  [-O]verwriting output

File Assignments:
|   MDIN: pdt.in                                                                
|  MDOUT: T376pplb_4.out                                                        
| INPCRD: /scratch/pbarletta/pdz/run/lb/neq/data/corta_4/T376plb_4.rst7         
|   PARM: /scratch/pbarletta/pdz/top_files/lb.prmtop                            
| RESTRT: T376pplb_4.rst7                                                       
|   REFC: refc                                                                  
|  MDVEL: mdvel                                                                 
|   MDEN: mden                                                                  
|  MDCRD: T376pplb_4.nc                                                         
| MDINFO: mdinfo                                                                
|  MDFRC: mdfrc                                                                 


 Here is the input file:

!NVE run                                                                       
&cntrl                                                                         
imin = 0,                           ! No Minimization                          
nmropt = 0,                         ! No NMR restraints read                   
                                                                               
! Nature and format of the input                                               
ntx = 5,                            ! Coordinates will be read, assign new velo
irest = 1,                          ! Do not run a new simulation              
                                                                               
! Nature and format of the output                                              
ioutfm = 1,			    ! NetCDF format for output files                             
ntxo = 1,                           ! rstrt file in ASCII format               
ntpr = 500,                         ! inf in output every ntpr steps           
ntwr = 500,                         ! rstrt file every ntwr steps              
ntwx = 100,                         ! mdcrd file every ntwx steps              
ntwv = -1,                          ! mdvel without velocities                 
ntwe = 0,                           ! Energies and temperatures not written in 
idecomp = 0,                        ! No energy decomposition                  
iwrap = 1,                          ! Coordinates of the restart and mdcrd file
                                                                               
! Frozen or restrained atoms                                                   
ibelly = 0,                         ! No frozen atoms                          
ntr=0,                              ! Harmonic potential restraints            
                                                                               
! Molecular dynamics                                                           
nstlim = 40000,                      ! Number of MD-steps                      
dt = 0.0005,                        ! Time step                                
                                                                               
! Temperature regulation                                                       
ntt = 0,                            ! Constant total energy                    
                                                                               
! P and V regulation                                                           
ntp = 0,                            ! No P control                             
ntb = 1,                            ! constant V                               
                                                                               
! SHAKE variables                                                              
ntc = 1,                            ! Bonds involving H are constrained        
ntf = 1,                            ! Bond interaction involving H are ommited.
                                                                               
cut = 9.0,                          ! Nonbonded cutoff                         
/                                                                              
&end                                                                           


Note: ig = -1. Setting random seed to   426780 based on wallclock time in 
      microseconds.
| irandom = 1, using AMBER's internal random number generator (default).
 
|--------------------- INFORMATION ----------------------
| GPU (CUDA) Version of PMEMD in use: NVIDIA GPU IN USE.
|                    Version 16.0.0
| 
|                      02/25/2016
| 
| Implementation by:
|                    Ross C. Walker     (SDSC)
|                    Scott Le Grand     (nVIDIA)
| 
| Precision model in use:
|      [SPFP] - Single Precision Forces, 64-bit Fixed Point
|               Accumulation. (Default)
| 
|--------------------------------------------------------
 
|----------------- CITATION INFORMATION -----------------
|
|    When publishing work that utilized the CUDA version
|    of AMBER, please cite the following in addition to
|    the regular AMBER citations:
|
|  - Romelia Salomon-Ferrer; Andreas W. Goetz; Duncan
|    Poole; Scott Le Grand; Ross C. Walker "Routine
|    microsecond molecular dynamics simulations with
|    AMBER - Part II: Particle Mesh Ewald", J. Chem.
|    Theory Comput., 2013, 9 (9), pp3878-3888,
|    DOI: 10.1021/ct400314y.
|
|  - Andreas W. Goetz; Mark J. Williamson; Dong Xu;
|    Duncan Poole; Scott Le Grand; Ross C. Walker
|    "Routine microsecond molecular dynamics simulations
|    with AMBER - Part I: Generalized Born", J. Chem.
|    Theory Comput., 2012, 8 (5), pp1542-1555.
|
|  - Scott Le Grand; Andreas W. Goetz; Ross C. Walker
|    "SPFP: Speed without compromise - a mixed precision
|    model for GPU accelerated molecular dynamics
|    simulations.", Comp. Phys. Comm., 2013, 184
|    pp374-380, DOI: 10.1016/j.cpc.2012.09.022
|
|--------------------------------------------------------
 
|------------------- GPU DEVICE INFO --------------------
|
|            CUDA_VISIBLE_DEVICES: 1
|   CUDA Capable Devices Detected:      1
|           CUDA Device ID in use:      0
|                CUDA Device Name: GeForce GTX TITAN
|     CUDA Device Global Mem Size:   6082 MB
| CUDA Device Num Multiprocessors:     14
|           CUDA Device Core Freq:   0.93 GHz
|
|--------------------------------------------------------
 
 
| Conditional Compilation Defines Used:
| PUBFFT
| BINTRAJ
| CUDA
| EMIL

| Largest sphere to fit in unit cell has radius =    26.281

| New format PARM file being parsed.
| Version =    1.000 Date = 09/04/12 Time = 16:08:43

| Note: 1-4 EEL scale factors are being read from the topology file.

| Note: 1-4 VDW scale factors are being read from the topology file.
| Duplicated    0 dihedrals

| Duplicated    0 dihedrals

--------------------------------------------------------------------------------
   1.  RESOURCE   USE: 
--------------------------------------------------------------------------------

 getting new box info from bottom of inpcrd
 NATOM  =   23082 NTYPES =      16 NBONH =   22055 MBONA  =    1038
 NTHETH =    2390 MTHETA =    1396 NPHIH =    4631 MPHIA  =    3488
 NHPARM =       0 NPARM  =       0 NNB   =   39434 NRES   =    7134
 NBONA  =    1038 NTHETA =    1396 NPHIA =    3488 NUMBND =      41
 NUMANG =      86 NPTRA  =      41 NATYP =      28 NPHB   =       1
 IFBOX  =       1 NMXRS  =      24 IFCAP =       0 NEXTRA =       0
 NCOPY  =       0

| Coordinate Index Table dimensions:    12   14   10
| Direct force subcell size =     5.0212    5.2012    5.2562

     BOX TYPE: RECTILINEAR

--------------------------------------------------------------------------------
   2.  CONTROL  DATA  FOR  THE  RUN
--------------------------------------------------------------------------------

default_name                                                                    

General flags:
     imin    =       0, nmropt  =       0

Nature and format of input:
     ntx     =       5, irest   =       1, ntrx    =       1

Nature and format of output:
     ntxo    =       1, ntpr    =     500, ntrx    =       1, ntwr    =     500
     iwrap   =       1, ntwx    =     100, ntwv    =      -1, ntwe    =       0
     ioutfm  =       1, ntwprt  =       0, idecomp =       0, rbornstat=      0

Potential function:
     ntf     =       1, ntb     =       1, igb     =       0, nsnb    =      25
     ipol    =       0, gbsa    =       0, iesp    =       0
     dielc   =   1.00000, cut     =   9.00000, intdiel =   1.00000

Frozen or restrained atoms:
     ibelly  =       0, ntr     =       0

Molecular dynamics:
     nstlim  =     40000, nscm    =      1000, nrespa  =         1
     t       =   0.00000, dt      =   0.00050, vlimit  =  -1.00000

| Intermolecular bonds treatment:
|     no_intermolecular_bonds =       1

| Energy averages sample interval:
|     ene_avg_sampling =     500

Ewald parameters:
     verbose =       0, ew_type =       0, nbflag  =       1, use_pme =       1
     vdwmeth =       1, eedmeth =       1, netfrc  =       1
     Box X =   60.254   Box Y =   72.816   Box Z =   52.562
     Alpha =   90.000   Beta  =   90.000   Gamma =   90.000
     NFFT1 =   64       NFFT2 =   80       NFFT3 =   56
     Cutoff=    9.000   Tol   =0.100E-04
     Ewald Coefficient =  0.30768
     Interpolation order =    4

--------------------------------------------------------------------------------
   3.  ATOMIC COORDINATES AND VELOCITIES
--------------------------------------------------------------------------------

default_name                                                                    
 begin time read from input coords =    31.000 ps

 
 Number of triangulated 3-point waters found:     7002

     Sum of charges from parm topology file =  -0.00000008
     Forcing neutrality...

| Dynamic Memory, Types Used:
| Reals              710578
| Integers           737140

| Nonbonded Pairs Initial Allocation:     5262696

| GPU memory information (estimate):
| KB of GPU memory in use:     63171
| KB of CPU memory in use:     27891

--------------------------------------------------------------------------------
   4.  RESULTS
--------------------------------------------------------------------------------

 ---------------------------------------------------
 APPROXIMATING switch and d/dx switch using CUBIC SPLINE INTERPOLATION
 using   5000.0 points per unit in tabled values
 TESTING RELATIVE ERROR over r ranging from 0.0 to cutoff
| CHECK switch(x): max rel err =   0.2738E-14   at   2.422500
| CHECK d/dx switch(x): max rel err =   0.8314E-11   at   2.736960
 ---------------------------------------------------
|---------------------------------------------------
| APPROXIMATING direct energy using CUBIC SPLINE INTERPOLATION
|  with   50.0 points per unit in tabled values
| Relative Error Limit not exceeded for r .gt.   2.39
| APPROXIMATING direct force using CUBIC SPLINE INTERPOLATION
|  with   50.0 points per unit in tabled values
| Relative Error Limit not exceeded for r .gt.   2.84
|---------------------------------------------------

 NSTEP =      500   TIME(PS) =      31.250  TEMP(K) =   306.75  PRESS =     0.0
 Etot   =    -51066.9461  EKtot   =     21104.3906  EPtot      =    -72171.3368
 BOND   =     12950.1057  ANGLE   =      1214.6293  DIHED      =      1339.5480
 1-4 NB =       451.0095  1-4 EEL =      4619.8810  VDWAALS    =     12691.6836
 EELEC  =   -105438.1939  EHBOND  =         0.0000  RESTRAINT  =         0.0000
 ------------------------------------------------------------------------------

check COM velocity, temp:        0.000007     0.00(Removed)

 NSTEP =     1000   TIME(PS) =      31.500  TEMP(K) =   309.01  PRESS =     0.0
 Etot   =    -51069.6253  EKtot   =     21259.7832  EPtot      =    -72329.4085
 BOND   =     12783.4506  ANGLE   =      1168.9576  DIHED      =      1324.6850
 1-4 NB =       448.8803  1-4 EEL =      4627.9219  VDWAALS    =     12675.1667
 EELEC  =   -105358.4708  EHBOND  =         0.0000  RESTRAINT  =         0.0000
 ------------------------------------------------------------------------------


 NSTEP =     1500   TIME(PS) =      31.750  TEMP(K) =   305.97  PRESS =     0.0
 Etot   =    -51068.1006  EKtot   =     21050.7852  EPtot      =    -72118.8857
 BOND   =     12943.3636  ANGLE   =      1204.3751  DIHED      =      1362.4537
 1-4 NB =       446.2916  1-4 EEL =      4654.8260  VDWAALS    =     12686.1876
 EELEC  =   -105416.3832  EHBOND  =         0.0000  RESTRAINT  =         0.0000
 ------------------------------------------------------------------------------

check COM velocity, temp:        0.000008     0.00(Removed)

 NSTEP =     2000   TIME(PS) =      32.000  TEMP(K) =   304.31  PRESS =     0.0
 Etot   =    -51062.8647  EKtot   =     20936.1387  EPtot      =    -71999.0033
 BOND   =     12892.3144  ANGLE   =      1150.3685  DIHED      =      1359.3022
 1-4 NB =       448.9184  1-4 EEL =      4674.3419  VDWAALS    =     12851.4884
 EELEC  =   -105375.7371  EHBOND  =         0.0000  RESTRAINT  =         0.0000
 ------------------------------------------------------------------------------


 NSTEP =     2500   TIME(PS) =      32.250  TEMP(K) =   306.04  PRESS =     0.0
 Etot   =    -51064.1353  EKtot   =     21055.1855  EPtot      =    -72119.3209
 BOND   =     13141.5480  ANGLE   =      1191.7223  DIHED      =      1362.3958
 1-4 NB =       434.9748  1-4 EEL =      4619.7666  VDWAALS    =     12513.1783
 EELEC  =   -105382.9067  EHBOND  =         0.0000  RESTRAINT  =         0.0000
 ------------------------------------------------------------------------------

check COM velocity, temp:        0.000007     0.00(Removed)

 NSTEP =     3000   TIME(PS) =      32.500  TEMP(K) =   306.71  PRESS =     0.0
 Etot   =    -51065.9270  EKtot   =     21101.8340  EPtot      =    -72167.7610
 BOND   =     12892.9933  ANGLE   =      1124.2797  DIHED      =      1337.5143
 1-4 NB =       458.5523  1-4 EEL =      4603.3102  VDWAALS    =     12892.4125
 EELEC  =   -105476.8234  EHBOND  =         0.0000  RESTRAINT  =         0.0000
 ------------------------------------------------------------------------------


 NSTEP =     3500   TIME(PS) =      32.750  TEMP(K) =   309.06  PRESS =     0.0
 Etot   =    -51069.1544  EKtot   =     21262.9375  EPtot      =    -72332.0919
 BOND   =     12955.2353  ANGLE   =      1113.5073  DIHED      =      1349.5958
 1-4 NB =       451.2884  1-4 EEL =      4652.7850  VDWAALS    =     12802.6396
 EELEC  =   -105657.1433  EHBOND  =         0.0000  RESTRAINT  =         0.0000
 ------------------------------------------------------------------------------

check COM velocity, temp:        0.000002     0.00(Removed)

 NSTEP =     4000   TIME(PS) =      33.000  TEMP(K) =   306.03  PRESS =     0.0
 Etot   =    -51067.9569  EKtot   =     21054.9277  EPtot      =    -72122.8846
 BOND   =     12950.8817  ANGLE   =      1211.9146  DIHED      =      1303.1524
 1-4 NB =       446.9035  1-4 EEL =      4601.0015  VDWAALS    =     12606.9994
 EELEC  =   -105243.7378  EHBOND  =         0.0000  RESTRAINT  =         0.0000
 ------------------------------------------------------------------------------


 NSTEP =     4500   TIME(PS) =      33.250  TEMP(K) =   305.80  PRESS =     0.0
 Etot   =    -51061.3505  EKtot   =     21038.9277  EPtot      =    -72100.2782
 BOND   =     12971.0131  ANGLE   =      1136.0173  DIHED      =      1330.1221
 1-4 NB =       453.0859  1-4 EEL =      4684.3534  VDWAALS    =     12643.0863
 EELEC  =   -105317.9563  EHBOND  =         0.0000  RESTRAINT  =         0.0000
 ------------------------------------------------------------------------------

check COM velocity, temp:        0.000004     0.00(Removed)

 NSTEP =     5000   TIME(PS) =      33.500  TEMP(K) =   307.23  PRESS =     0.0
 Etot   =    -51065.2550  EKtot   =     21137.3320  EPtot      =    -72202.5870
 BOND   =     12856.0223  ANGLE   =      1125.2259  DIHED      =      1327.7826
 1-4 NB =       456.6529  1-4 EEL =      4678.4137  VDWAALS    =     12388.9052
 EELEC  =   -105035.5897  EHBOND  =         0.0000  RESTRAINT  =         0.0000
 ------------------------------------------------------------------------------


 NSTEP =     5500   TIME(PS) =      33.750  TEMP(K) =   305.78  PRESS =     0.0
 Etot   =    -51064.6267  EKtot   =     21037.7773  EPtot      =    -72102.4040
 BOND   =     12948.5917  ANGLE   =      1189.5672  DIHED      =      1332.4431
 1-4 NB =       457.1524  1-4 EEL =      4627.1397  VDWAALS    =     12957.9968
 EELEC  =   -105615.2949  EHBOND  =         0.0000  RESTRAINT  =         0.0000
 ------------------------------------------------------------------------------

check COM velocity, temp:        0.000007     0.00(Removed)

 NSTEP =     6000   TIME(PS) =      34.000  TEMP(K) =   307.00  PRESS =     0.0
 Etot   =    -51063.4993  EKtot   =     21121.6133  EPtot      =    -72185.1126
 BOND   =     13002.0652  ANGLE   =      1145.6038  DIHED      =      1308.7373
 1-4 NB =       450.5514  1-4 EEL =      4647.7971  VDWAALS    =     12611.4390
 EELEC  =   -105351.3064  EHBOND  =         0.0000  RESTRAINT  =         0.0000
 ------------------------------------------------------------------------------


 NSTEP =     6500   TIME(PS) =      34.250  TEMP(K) =   305.88  PRESS =     0.0
 Etot   =    -51059.7161  EKtot   =     21044.3750  EPtot      =    -72104.0911
 BOND   =     12902.2501  ANGLE   =      1077.4610  DIHED      =      1341.9813
 1-4 NB =       462.8938  1-4 EEL =      4680.7137  VDWAALS    =     12624.8963
 EELEC  =   -105194.2873  EHBOND  =         0.0000  RESTRAINT  =         0.0000
 ------------------------------------------------------------------------------

check COM velocity, temp:        0.000006     0.00(Removed)

 NSTEP =     7000   TIME(PS) =      34.500  TEMP(K) =   306.50  PRESS =     0.0
 Etot   =    -51065.8089  EKtot   =     21087.3711  EPtot      =    -72153.1800
 BOND   =     12885.1392  ANGLE   =      1122.7793  DIHED      =      1321.2982
 1-4 NB =       446.0008  1-4 EEL =      4683.4228  VDWAALS    =     12507.4548
 EELEC  =   -105119.2750  EHBOND  =         0.0000  RESTRAINT  =         0.0000
 ------------------------------------------------------------------------------


 NSTEP =     7500   TIME(PS) =      34.750  TEMP(K) =   305.09  PRESS =     0.0
 Etot   =    -51064.5996  EKtot   =     20989.8242  EPtot      =    -72054.4238
 BOND   =     12897.0279  ANGLE   =      1168.7442  DIHED      =      1339.3138
 1-4 NB =       452.0510  1-4 EEL =      4658.2027  VDWAALS    =     12637.9054
 EELEC  =   -105207.6688  EHBOND  =         0.0000  RESTRAINT  =         0.0000
 ------------------------------------------------------------------------------

check COM velocity, temp:        0.000009     0.00(Removed)

 NSTEP =     8000   TIME(PS) =      35.000  TEMP(K) =   304.45  PRESS =     0.0
 Etot   =    -51060.8760  EKtot   =     20946.1270  EPtot      =    -72007.0029
 BOND   =     13142.0811  ANGLE   =      1134.9661  DIHED      =      1331.6550
 1-4 NB =       461.5533  1-4 EEL =      4714.4564  VDWAALS    =     12892.0982
 EELEC  =   -105683.8131  EHBOND  =         0.0000  RESTRAINT  =         0.0000
 ------------------------------------------------------------------------------


 NSTEP =     8500   TIME(PS) =      35.250  TEMP(K) =   304.52  PRESS =     0.0
 Etot   =    -51060.8581  EKtot   =     20951.1777  EPtot      =    -72012.0358
 BOND   =     13004.6426  ANGLE   =      1154.8878  DIHED      =      1325.9330
 1-4 NB =       456.2003  1-4 EEL =      4632.5510  VDWAALS    =     12572.8160
 EELEC  =   -105159.0665  EHBOND  =         0.0000  RESTRAINT  =         0.0000
 ------------------------------------------------------------------------------

check COM velocity, temp:        0.000003     0.00(Removed)

 NSTEP =     9000   TIME(PS) =      35.500  TEMP(K) =   303.08  PRESS =     0.0
 Etot   =    -51062.0915  EKtot   =     20852.0879  EPtot      =    -71914.1794
 BOND   =     12932.3285  ANGLE   =      1140.0737  DIHED      =      1335.8006
 1-4 NB =       441.3164  1-4 EEL =      4665.5574  VDWAALS    =     12760.5504
 EELEC  =   -105189.8064  EHBOND  =         0.0000  RESTRAINT  =         0.0000
 ------------------------------------------------------------------------------


 NSTEP =     9500   TIME(PS) =      35.750  TEMP(K) =   304.40  PRESS =     0.0
 Etot   =    -51065.0554  EKtot   =     20942.6992  EPtot      =    -72007.7546
 BOND   =     12774.0039  ANGLE   =      1177.0153  DIHED      =      1330.8103
 1-4 NB =       466.6716  1-4 EEL =      4620.9421  VDWAALS    =     12481.7825
 EELEC  =   -104858.9804  EHBOND  =         0.0000  RESTRAINT  =         0.0000
 ------------------------------------------------------------------------------

check COM velocity, temp:        0.000006     0.00(Removed)

 NSTEP =    10000   TIME(PS) =      36.000  TEMP(K) =   304.92  PRESS =     0.0
 Etot   =    -51065.2588  EKtot   =     20978.3301  EPtot      =    -72043.5888
 BOND   =     12821.6358  ANGLE   =      1116.2726  DIHED      =      1309.8411
 1-4 NB =       443.7691  1-4 EEL =      4695.8505  VDWAALS    =     12367.9243
 EELEC  =   -104798.8822  EHBOND  =         0.0000  RESTRAINT  =         0.0000
 ------------------------------------------------------------------------------


 NSTEP =    10500   TIME(PS) =      36.250  TEMP(K) =   306.82  PRESS =     0.0
 Etot   =    -51063.1667  EKtot   =     21109.0000  EPtot      =    -72172.1667
 BOND   =     12892.4373  ANGLE   =      1099.8737  DIHED      =      1351.4921
 1-4 NB =       445.8747  1-4 EEL =      4644.1411  VDWAALS    =     12428.4232
 EELEC  =   -105034.4088  EHBOND  =         0.0000  RESTRAINT  =         0.0000
 ------------------------------------------------------------------------------

check COM velocity, temp:        0.000003     0.00(Removed)

 NSTEP =    11000   TIME(PS) =      36.500  TEMP(K) =   303.94  PRESS =     0.0
 Etot   =    -51063.9192  EKtot   =     20911.1035  EPtot      =    -71975.0227
 BOND   =     12915.7146  ANGLE   =      1108.5085  DIHED      =      1350.5754
 1-4 NB =       439.2718  1-4 EEL =      4635.8182  VDWAALS    =     12392.3712
 EELEC  =   -104817.2823  EHBOND  =         0.0000  RESTRAINT  =         0.0000
 ------------------------------------------------------------------------------


 NSTEP =    11500   TIME(PS) =      36.750  TEMP(K) =   306.24  PRESS =     0.0
 Etot   =    -51061.4264  EKtot   =     21068.9336  EPtot      =    -72130.3600
 BOND   =     12864.4425  ANGLE   =      1065.8987  DIHED      =      1309.3339
 1-4 NB =       450.3226  1-4 EEL =      4692.2051  VDWAALS    =     12627.5896
 EELEC  =   -105140.1525  EHBOND  =         0.0000  RESTRAINT  =         0.0000
 ------------------------------------------------------------------------------

check COM velocity, temp:        0.000005     0.00(Removed)

 NSTEP =    12000   TIME(PS) =      37.000  TEMP(K) =   303.45  PRESS =     0.0
 Etot   =    -51058.4766  EKtot   =     20877.0918  EPtot      =    -71935.5684
 BOND   =     12885.6166  ANGLE   =      1111.7147  DIHED      =      1349.5111
 1-4 NB =       453.5121  1-4 EEL =      4591.5842  VDWAALS    =     12505.6705
 EELEC  =   -104833.1777  EHBOND  =         0.0000  RESTRAINT  =         0.0000
 ------------------------------------------------------------------------------


 NSTEP =    12500   TIME(PS) =      37.250  TEMP(K) =   305.43  PRESS =     0.0
 Etot   =    -51059.8879  EKtot   =     21013.2246  EPtot      =    -72073.1125
 BOND   =     12991.2917  ANGLE   =      1116.0123  DIHED      =      1333.2149
 1-4 NB =       454.8005  1-4 EEL =      4634.3808  VDWAALS    =     12524.6340
 EELEC  =   -105127.4466  EHBOND  =         0.0000  RESTRAINT  =         0.0000
 ------------------------------------------------------------------------------

check COM velocity, temp:        0.000005     0.00(Removed)

 NSTEP =    13000   TIME(PS) =      37.500  TEMP(K) =   305.66  PRESS =     0.0
 Etot   =    -51065.4123  EKtot   =     21028.9609  EPtot      =    -72094.3733
 BOND   =     12976.5711  ANGLE   =      1112.2564  DIHED      =      1320.6751
 1-4 NB =       453.8113  1-4 EEL =      4644.0462  VDWAALS    =     12836.3340
 EELEC  =   -105438.0674  EHBOND  =         0.0000  RESTRAINT  =         0.0000
 ------------------------------------------------------------------------------


 NSTEP =    13500   TIME(PS) =      37.750  TEMP(K) =   304.68  PRESS =     0.0
 Etot   =    -51063.2404  EKtot   =     20961.8320  EPtot      =    -72025.0724
 BOND   =     12806.5859  ANGLE   =      1127.5420  DIHED      =      1303.4439
 1-4 NB =       455.7320  1-4 EEL =      4679.7744  VDWAALS    =     12566.5691
 EELEC  =   -104964.7199  EHBOND  =         0.0000  RESTRAINT  =         0.0000
 ------------------------------------------------------------------------------

check COM velocity, temp:        0.000007     0.00(Removed)

 NSTEP =    14000   TIME(PS) =      38.000  TEMP(K) =   304.97  PRESS =     0.0
 Etot   =    -51062.6722  EKtot   =     20981.9023  EPtot      =    -72044.5745
 BOND   =     12747.7493  ANGLE   =      1125.9283  DIHED      =      1325.1500
 1-4 NB =       449.9780  1-4 EEL =      4643.8199  VDWAALS    =     12529.7790
 EELEC  =   -104866.9789  EHBOND  =         0.0000  RESTRAINT  =         0.0000
 ------------------------------------------------------------------------------


 NSTEP =    14500   TIME(PS) =      38.250  TEMP(K) =   304.02  PRESS =     0.0
 Etot   =    -51064.1516  EKtot   =     20916.6855  EPtot      =    -71980.8371
 BOND   =     12831.6632  ANGLE   =      1138.7540  DIHED      =      1310.3716
 1-4 NB =       437.7620  1-4 EEL =      4630.3004  VDWAALS    =     12475.0053
 EELEC  =   -104804.6938  EHBOND  =         0.0000  RESTRAINT  =         0.0000
 ------------------------------------------------------------------------------

check COM velocity, temp:        0.000007     0.00(Removed)

 NSTEP =    15000   TIME(PS) =      38.500  TEMP(K) =   302.48  PRESS =     0.0
 Etot   =    -51059.8788  EKtot   =     20810.5586  EPtot      =    -71870.4374
 BOND   =     12926.4664  ANGLE   =      1124.1728  DIHED      =      1331.4952
 1-4 NB =       449.9719  1-4 EEL =      4671.5746  VDWAALS    =     12662.9176
 EELEC  =   -105037.0358  EHBOND  =         0.0000  RESTRAINT  =         0.0000
 ------------------------------------------------------------------------------


 NSTEP =    15500   TIME(PS) =      38.750  TEMP(K) =   306.73  PRESS =     0.0
 Etot   =    -51060.5591  EKtot   =     21102.6309  EPtot      =    -72163.1899
 BOND   =     12745.5486  ANGLE   =      1120.1407  DIHED      =      1339.8693
 1-4 NB =       456.4009  1-4 EEL =      4655.5936  VDWAALS    =     12629.0715
 EELEC  =   -105109.8146  EHBOND  =         0.0000  RESTRAINT  =         0.0000
 ------------------------------------------------------------------------------

check COM velocity, temp:        0.000004     0.00(Removed)

 NSTEP =    16000   TIME(PS) =      39.000  TEMP(K) =   304.45  PRESS =     0.0
 Etot   =    -51061.9995  EKtot   =     20945.8555  EPtot      =    -72007.8549
 BOND   =     12733.5680  ANGLE   =      1110.5780  DIHED      =      1347.6914
 1-4 NB =       444.9105  1-4 EEL =      4664.3687  VDWAALS    =     12714.6985
 EELEC  =   -105023.6700  EHBOND  =         0.0000  RESTRAINT  =         0.0000
 ------------------------------------------------------------------------------


 NSTEP =    16500   TIME(PS) =      39.250  TEMP(K) =   305.18  PRESS =     0.0
 Etot   =    -51061.4003  EKtot   =     20996.0293  EPtot      =    -72057.4296
 BOND   =     12585.5372  ANGLE   =      1093.2912  DIHED      =      1321.8732
 1-4 NB =       460.9489  1-4 EEL =      4660.1874  VDWAALS    =     12402.5200
 EELEC  =   -104581.7876  EHBOND  =         0.0000  RESTRAINT  =         0.0000
 ------------------------------------------------------------------------------

check COM velocity, temp:        0.000004     0.00(Removed)

 NSTEP =    17000   TIME(PS) =      39.500  TEMP(K) =   302.70  PRESS =     0.0
 Etot   =    -51060.4812  EKtot   =     20825.4805  EPtot      =    -71885.9617
 BOND   =     12811.8378  ANGLE   =      1106.4574  DIHED      =      1320.2331
 1-4 NB =       455.1954  1-4 EEL =      4676.8413  VDWAALS    =     12640.0787
 EELEC  =   -104896.6055  EHBOND  =         0.0000  RESTRAINT  =         0.0000
 ------------------------------------------------------------------------------


 NSTEP =    17500   TIME(PS) =      39.750  TEMP(K) =   302.86  PRESS =     0.0
 Etot   =    -51062.7994  EKtot   =     20836.8770  EPtot      =    -71899.6764
 BOND   =     12832.4878  ANGLE   =      1105.2578  DIHED      =      1302.2774
 1-4 NB =       442.9113  1-4 EEL =      4637.8612  VDWAALS    =     12549.9609
 EELEC  =   -104770.4327  EHBOND  =         0.0000  RESTRAINT  =         0.0000
 ------------------------------------------------------------------------------

check COM velocity, temp:        0.000003     0.00(Removed)

 NSTEP =    18000   TIME(PS) =      40.000  TEMP(K) =   307.42  PRESS =     0.0
 Etot   =    -51062.8752  EKtot   =     21150.1777  EPtot      =    -72213.0529
 BOND   =     12836.2528  ANGLE   =      1109.0138  DIHED      =      1317.6061
 1-4 NB =       459.6664  1-4 EEL =      4693.4542  VDWAALS    =     12773.4229
 EELEC  =   -105402.4691  EHBOND  =         0.0000  RESTRAINT  =         0.0000
 ------------------------------------------------------------------------------


 NSTEP =    18500   TIME(PS) =      40.250  TEMP(K) =   305.35  PRESS =     0.0
 Etot   =    -51063.1988  EKtot   =     21007.7930  EPtot      =    -72070.9918
 BOND   =     12801.4929  ANGLE   =      1125.2196  DIHED      =      1326.2221
 1-4 NB =       445.5266  1-4 EEL =      4628.9984  VDWAALS    =     12742.2513
 EELEC  =   -105140.7026  EHBOND  =         0.0000  RESTRAINT  =         0.0000
 ------------------------------------------------------------------------------

check COM velocity, temp:        0.000007     0.00(Removed)

 NSTEP =    19000   TIME(PS) =      40.500  TEMP(K) =   305.40  PRESS =     0.0
 Etot   =    -51063.9069  EKtot   =     21011.3965  EPtot      =    -72075.3034
 BOND   =     12714.5266  ANGLE   =      1119.6759  DIHED      =      1321.4080
 1-4 NB =       451.1349  1-4 EEL =      4677.4052  VDWAALS    =     12830.1938
 EELEC  =   -105189.6477  EHBOND  =         0.0000  RESTRAINT  =         0.0000
 ------------------------------------------------------------------------------


 NSTEP =    19500   TIME(PS) =      40.750  TEMP(K) =   307.94  PRESS =     0.0
 Etot   =    -51068.4223  EKtot   =     21185.9180  EPtot      =    -72254.3403
 BOND   =     12656.9270  ANGLE   =      1133.7622  DIHED      =      1327.0578
 1-4 NB =       441.0292  1-4 EEL =      4617.8106  VDWAALS    =     12686.2895
 EELEC  =   -105117.2165  EHBOND  =         0.0000  RESTRAINT  =         0.0000
 ------------------------------------------------------------------------------

check COM velocity, temp:        0.000009     0.00(Removed)

 NSTEP =    20000   TIME(PS) =      41.000  TEMP(K) =   306.19  PRESS =     0.0
 Etot   =    -51065.3545  EKtot   =     21065.6953  EPtot      =    -72131.0498
 BOND   =     12810.9339  ANGLE   =      1078.7248  DIHED      =      1341.0942
 1-4 NB =       436.0969  1-4 EEL =      4674.7624  VDWAALS    =     12537.3152
 EELEC  =   -105009.9772  EHBOND  =         0.0000  RESTRAINT  =         0.0000
 ------------------------------------------------------------------------------


 NSTEP =    20500   TIME(PS) =      41.250  TEMP(K) =   306.78  PRESS =     0.0
 Etot   =    -51067.8576  EKtot   =     21106.6621  EPtot      =    -72174.5197
 BOND   =     12864.1904  ANGLE   =      1090.1731  DIHED      =      1351.2388
 1-4 NB =       440.5860  1-4 EEL =      4653.7048  VDWAALS    =     12525.4099
 EELEC  =   -105099.8227  EHBOND  =         0.0000  RESTRAINT  =         0.0000
 ------------------------------------------------------------------------------

check COM velocity, temp:        0.000009     0.00(Removed)

 NSTEP =    21000   TIME(PS) =      41.500  TEMP(K) =   307.87  PRESS =     0.0
 Etot   =    -51066.2677  EKtot   =     21181.2129  EPtot      =    -72247.4806
 BOND   =     12924.5612  ANGLE   =      1093.3386  DIHED      =      1351.3996
 1-4 NB =       437.3692  1-4 EEL =      4636.2941  VDWAALS    =     12719.6242
 EELEC  =   -105410.0676  EHBOND  =         0.0000  RESTRAINT  =         0.0000
 ------------------------------------------------------------------------------


 NSTEP =    21500   TIME(PS) =      41.750  TEMP(K) =   304.10  PRESS =     0.0
 Etot   =    -51061.7699  EKtot   =     20921.7188  EPtot      =    -71983.4887
 BOND   =     12943.9908  ANGLE   =      1077.8811  DIHED      =      1329.3016
 1-4 NB =       455.0156  1-4 EEL =      4610.5284  VDWAALS    =     12661.6755
 EELEC  =   -105061.8817  EHBOND  =         0.0000  RESTRAINT  =         0.0000
 ------------------------------------------------------------------------------

check COM velocity, temp:        0.000005     0.00(Removed)

 NSTEP =    22000   TIME(PS) =      42.000  TEMP(K) =   305.99  PRESS =     0.0
 Etot   =    -51063.4255  EKtot   =     21051.9141  EPtot      =    -72115.3395
 BOND   =     12889.6582  ANGLE   =      1119.5680  DIHED      =      1344.2125
 1-4 NB =       445.8521  1-4 EEL =      4663.0090  VDWAALS    =     12762.3663
 EELEC  =   -105340.0056  EHBOND  =         0.0000  RESTRAINT  =         0.0000
 ------------------------------------------------------------------------------


 NSTEP =    22500   TIME(PS) =      42.250  TEMP(K) =   303.45  PRESS =     0.0
 Etot   =    -51057.3305  EKtot   =     20877.3320  EPtot      =    -71934.6626
 BOND   =     12871.8323  ANGLE   =      1078.7889  DIHED      =      1319.4141
 1-4 NB =       463.3915  1-4 EEL =      4693.2858  VDWAALS    =     12674.6852
 EELEC  =   -105036.0604  EHBOND  =         0.0000  RESTRAINT  =         0.0000
 ------------------------------------------------------------------------------

check COM velocity, temp:        0.000002     0.00(Removed)

 NSTEP =    23000   TIME(PS) =      42.500  TEMP(K) =   303.56  PRESS =     0.0
 Etot   =    -51060.5266  EKtot   =     20885.0273  EPtot      =    -71945.5539
 BOND   =     12986.9477  ANGLE   =      1104.6927  DIHED      =      1302.3317
 1-4 NB =       438.8641  1-4 EEL =      4588.9071  VDWAALS    =     12704.0170
 EELEC  =   -105071.3142  EHBOND  =         0.0000  RESTRAINT  =         0.0000
 ------------------------------------------------------------------------------


 NSTEP =    23500   TIME(PS) =      42.750  TEMP(K) =   305.64  PRESS =     0.0
 Etot   =    -51065.0793  EKtot   =     21028.1309  EPtot      =    -72093.2101
 BOND   =     12959.8119  ANGLE   =      1083.0188  DIHED      =      1324.0121
 1-4 NB =       438.0572  1-4 EEL =      4652.9607  VDWAALS    =     12540.9022
 EELEC  =   -105091.9731  EHBOND  =         0.0000  RESTRAINT  =         0.0000
 ------------------------------------------------------------------------------

check COM velocity, temp:        0.000006     0.00(Removed)

 NSTEP =    24000   TIME(PS) =      43.000  TEMP(K) =   304.95  PRESS =     0.0
 Etot   =    -51063.3386  EKtot   =     20980.6680  EPtot      =    -72044.0065
 BOND   =     12816.9514  ANGLE   =      1091.5798  DIHED      =      1325.7971
 1-4 NB =       449.7478  1-4 EEL =      4689.2323  VDWAALS    =     12556.1610
 EELEC  =   -104973.4759  EHBOND  =         0.0000  RESTRAINT  =         0.0000
 ------------------------------------------------------------------------------


 NSTEP =    24500   TIME(PS) =      43.250  TEMP(K) =   304.78  PRESS =     0.0
 Etot   =    -51060.9080  EKtot   =     20968.3906  EPtot      =    -72029.2986
 BOND   =     12745.8079  ANGLE   =      1083.2405  DIHED      =      1340.5134
 1-4 NB =       426.0702  1-4 EEL =      4638.0665  VDWAALS    =     12543.4010
 EELEC  =   -104806.3980  EHBOND  =         0.0000  RESTRAINT  =         0.0000
 ------------------------------------------------------------------------------

check COM velocity, temp:        0.000006     0.00(Removed)

 NSTEP =    25000   TIME(PS) =      43.500  TEMP(K) =   304.54  PRESS =     0.0
 Etot   =    -51063.3132  EKtot   =     20952.5566  EPtot      =    -72015.8698
 BOND   =     12863.7535  ANGLE   =      1081.4826  DIHED      =      1319.9511
 1-4 NB =       449.9585  1-4 EEL =      4652.3883  VDWAALS    =     12483.4092
 EELEC  =   -104866.8129  EHBOND  =         0.0000  RESTRAINT  =         0.0000
 ------------------------------------------------------------------------------


 NSTEP =    25500   TIME(PS) =      43.750  TEMP(K) =   307.08  PRESS =     0.0
 Etot   =    -51063.6633  EKtot   =     21126.6797  EPtot      =    -72190.3430
 BOND   =     12664.7635  ANGLE   =      1088.8388  DIHED      =      1321.2466
 1-4 NB =       444.7145  1-4 EEL =      4658.2865  VDWAALS    =     12619.4721
 EELEC  =   -104987.6649  EHBOND  =         0.0000  RESTRAINT  =         0.0000
 ------------------------------------------------------------------------------

check COM velocity, temp:        0.000005     0.00(Removed)

 NSTEP =    26000   TIME(PS) =      44.000  TEMP(K) =   305.29  PRESS =     0.0
 Etot   =    -51060.4551  EKtot   =     21004.0410  EPtot      =    -72064.4961
 BOND   =     12716.2304  ANGLE   =      1057.3475  DIHED      =      1327.7079
 1-4 NB =       431.9461  1-4 EEL =      4676.6387  VDWAALS    =     12644.7371
 EELEC  =   -104919.1039  EHBOND  =         0.0000  RESTRAINT  =         0.0000
 ------------------------------------------------------------------------------


 NSTEP =    26500   TIME(PS) =      44.250  TEMP(K) =   303.30  PRESS =     0.0
 Etot   =    -51057.9877  EKtot   =     20867.1465  EPtot      =    -71925.1341
 BOND   =     12839.7214  ANGLE   =      1109.2667  DIHED      =      1318.7442
 1-4 NB =       446.3898  1-4 EEL =      4620.4562  VDWAALS    =     12477.6177
 EELEC  =   -104737.3301  EHBOND  =         0.0000  RESTRAINT  =         0.0000
 ------------------------------------------------------------------------------

check COM velocity, temp:        0.000005     0.00(Removed)

 NSTEP =    27000   TIME(PS) =      44.500  TEMP(K) =   304.70  PRESS =     0.0
 Etot   =    -51063.0083  EKtot   =     20962.9570  EPtot      =    -72025.9653
 BOND   =     12694.1341  ANGLE   =      1069.3420  DIHED      =      1331.6896
 1-4 NB =       431.7453  1-4 EEL =      4625.1438  VDWAALS    =     12507.0653
 EELEC  =   -104685.0853  EHBOND  =         0.0000  RESTRAINT  =         0.0000
 ------------------------------------------------------------------------------


 NSTEP =    27500   TIME(PS) =      44.750  TEMP(K) =   304.81  PRESS =     0.0
 Etot   =    -51062.4570  EKtot   =     20970.9375  EPtot      =    -72033.3945
 BOND   =     12807.1812  ANGLE   =      1028.6883  DIHED      =      1343.6918
 1-4 NB =       444.7860  1-4 EEL =      4671.1355  VDWAALS    =     12719.2710
 EELEC  =   -105048.1483  EHBOND  =         0.0000  RESTRAINT  =         0.0000
 ------------------------------------------------------------------------------

check COM velocity, temp:        0.000010     0.00(Removed)

 NSTEP =    28000   TIME(PS) =      45.000  TEMP(K) =   303.84  PRESS =     0.0
 Etot   =    -51061.9240  EKtot   =     20903.9004  EPtot      =    -71965.8244
 BOND   =     12736.3646  ANGLE   =      1086.9976  DIHED      =      1340.8954
 1-4 NB =       442.1581  1-4 EEL =      4657.6634  VDWAALS    =     12577.2185
 EELEC  =   -104807.1221  EHBOND  =         0.0000  RESTRAINT  =         0.0000
 ------------------------------------------------------------------------------


 NSTEP =    28500   TIME(PS) =      45.250  TEMP(K) =   302.59  PRESS =     0.0
 Etot   =    -51062.7896  EKtot   =     20818.3926  EPtot      =    -71881.1822
 BOND   =     12714.1889  ANGLE   =      1089.7954  DIHED      =      1340.0652
 1-4 NB =       449.9524  1-4 EEL =      4650.9301  VDWAALS    =     12435.7286
 EELEC  =   -104561.8429  EHBOND  =         0.0000  RESTRAINT  =         0.0000
 ------------------------------------------------------------------------------

check COM velocity, temp:        0.000004     0.00(Removed)

 NSTEP =    29000   TIME(PS) =      45.500  TEMP(K) =   304.18  PRESS =     0.0
 Etot   =    -51069.6364  EKtot   =     20927.5977  EPtot      =    -71997.2341
 BOND   =     12648.9305  ANGLE   =      1076.9997  DIHED      =      1342.8685
 1-4 NB =       450.0725  1-4 EEL =      4655.6824  VDWAALS    =     12393.7135
 EELEC  =   -104565.5012  EHBOND  =         0.0000  RESTRAINT  =         0.0000
 ------------------------------------------------------------------------------


 NSTEP =    29500   TIME(PS) =      45.750  TEMP(K) =   306.37  PRESS =     0.0
 Etot   =    -51068.3922  EKtot   =     21078.1504  EPtot      =    -72146.5426
 BOND   =     12826.2304  ANGLE   =      1091.5346  DIHED      =      1336.6154
 1-4 NB =       449.7390  1-4 EEL =      4697.2953  VDWAALS    =     12718.6487
 EELEC  =   -105266.6061  EHBOND  =         0.0000  RESTRAINT  =         0.0000
 ------------------------------------------------------------------------------

check COM velocity, temp:        0.000005     0.00(Removed)

 NSTEP =    30000   TIME(PS) =      46.000  TEMP(K) =   305.92  PRESS =     0.0
 Etot   =    -51065.5989  EKtot   =     21047.2148  EPtot      =    -72112.8137
 BOND   =     12881.2529  ANGLE   =      1066.2715  DIHED      =      1337.7908
 1-4 NB =       439.0117  1-4 EEL =      4627.2842  VDWAALS    =     12723.0429
 EELEC  =   -105187.4678  EHBOND  =         0.0000  RESTRAINT  =         0.0000
 ------------------------------------------------------------------------------


 NSTEP =    30500   TIME(PS) =      46.250  TEMP(K) =   305.85  PRESS =     0.0
 Etot   =    -51064.3661  EKtot   =     21042.6680  EPtot      =    -72107.0340
 BOND   =     12810.1350  ANGLE   =      1072.5482  DIHED      =      1341.9552
 1-4 NB =       442.2168  1-4 EEL =      4683.8266  VDWAALS    =     12536.0725
 EELEC  =   -104993.7884  EHBOND  =         0.0000  RESTRAINT  =         0.0000
 ------------------------------------------------------------------------------

check COM velocity, temp:        0.000005     0.00(Removed)

 NSTEP =    31000   TIME(PS) =      46.500  TEMP(K) =   305.56  PRESS =     0.0
 Etot   =    -51064.7122  EKtot   =     21022.5293  EPtot      =    -72087.2415
 BOND   =     12666.4570  ANGLE   =      1084.5554  DIHED      =      1331.8679
 1-4 NB =       436.9074  1-4 EEL =      4619.3943  VDWAALS    =     12626.5626
 EELEC  =   -104852.9860  EHBOND  =         0.0000  RESTRAINT  =         0.0000
 ------------------------------------------------------------------------------


 NSTEP =    31500   TIME(PS) =      46.750  TEMP(K) =   305.56  PRESS =     0.0
 Etot   =    -51065.1897  EKtot   =     21022.2324  EPtot      =    -72087.4222
 BOND   =     12654.9628  ANGLE   =      1079.3591  DIHED      =      1319.4065
 1-4 NB =       452.8789  1-4 EEL =      4661.5912  VDWAALS    =     12409.4638
 EELEC  =   -104665.0846  EHBOND  =         0.0000  RESTRAINT  =         0.0000
 ------------------------------------------------------------------------------

check COM velocity, temp:        0.000004     0.00(Removed)

 NSTEP =    32000   TIME(PS) =      47.000  TEMP(K) =   304.00  PRESS =     0.0
 Etot   =    -51065.6977  EKtot   =     20915.2891  EPtot      =    -71980.9868
 BOND   =     12716.3830  ANGLE   =      1056.9977  DIHED      =      1327.3741
 1-4 NB =       439.0529  1-4 EEL =      4685.0771  VDWAALS    =     12746.9146
 EELEC  =   -104952.7861  EHBOND  =         0.0000  RESTRAINT  =         0.0000
 ------------------------------------------------------------------------------


 NSTEP =    32500   TIME(PS) =      47.250  TEMP(K) =   304.09  PRESS =     0.0
 Etot   =    -51067.2272  EKtot   =     20921.5156  EPtot      =    -71988.7429
 BOND   =     12791.8134  ANGLE   =      1099.0532  DIHED      =      1318.4633
 1-4 NB =       429.8006  1-4 EEL =      4586.7798  VDWAALS    =     12617.6667
 EELEC  =   -104832.3200  EHBOND  =         0.0000  RESTRAINT  =         0.0000
 ------------------------------------------------------------------------------

check COM velocity, temp:        0.000001     0.00(Removed)

 NSTEP =    33000   TIME(PS) =      47.500  TEMP(K) =   307.56  PRESS =     0.0
 Etot   =    -51062.6410  EKtot   =     21160.2754  EPtot      =    -72222.9164
 BOND   =     12858.8893  ANGLE   =      1054.4334  DIHED      =      1348.8595
 1-4 NB =       457.1242  1-4 EEL =      4700.5574  VDWAALS    =     12532.8119
 EELEC  =   -105175.5921  EHBOND  =         0.0000  RESTRAINT  =         0.0000
 ------------------------------------------------------------------------------


 NSTEP =    33500   TIME(PS) =      47.750  TEMP(K) =   304.42  PRESS =     0.0
 Etot   =    -51060.3881  EKtot   =     20944.0078  EPtot      =    -72004.3959
 BOND   =     12977.0270  ANGLE   =      1067.5142  DIHED      =      1366.6267
 1-4 NB =       440.0218  1-4 EEL =      4635.0186  VDWAALS    =     12801.4237
 EELEC  =   -105292.0278  EHBOND  =         0.0000  RESTRAINT  =         0.0000
 ------------------------------------------------------------------------------

check COM velocity, temp:        0.000006     0.00(Removed)

 NSTEP =    34000   TIME(PS) =      48.000  TEMP(K) =   306.19  PRESS =     0.0
 Etot   =    -51060.7805  EKtot   =     21065.8867  EPtot      =    -72126.6673
 BOND   =     12971.6216  ANGLE   =      1022.6391  DIHED      =      1346.8583
 1-4 NB =       443.8776  1-4 EEL =      4698.4175  VDWAALS    =     12938.3424
 EELEC  =   -105548.4238  EHBOND  =         0.0000  RESTRAINT  =         0.0000
 ------------------------------------------------------------------------------


 NSTEP =    34500   TIME(PS) =      48.250  TEMP(K) =   306.03  PRESS =     0.0
 Etot   =    -51062.1905  EKtot   =     21054.6875  EPtot      =    -72116.8780
 BOND   =     12942.3110  ANGLE   =      1072.7212  DIHED      =      1333.4844
 1-4 NB =       441.1829  1-4 EEL =      4630.9926  VDWAALS    =     12513.5407
 EELEC  =   -105051.1108  EHBOND  =         0.0000  RESTRAINT  =         0.0000
 ------------------------------------------------------------------------------

check COM velocity, temp:        0.000006     0.00(Removed)

 NSTEP =    35000   TIME(PS) =      48.500  TEMP(K) =   305.41  PRESS =     0.0
 Etot   =    -51064.0095  EKtot   =     21012.3730  EPtot      =    -72076.3826
 BOND   =     12789.5116  ANGLE   =      1072.1230  DIHED      =      1344.7073
 1-4 NB =       430.3851  1-4 EEL =      4613.8093  VDWAALS    =     12456.1343
 EELEC  =   -104783.0532  EHBOND  =         0.0000  RESTRAINT  =         0.0000
 ------------------------------------------------------------------------------


 NSTEP =    35500   TIME(PS) =      48.750  TEMP(K) =   305.73  PRESS =     0.0
 Etot   =    -51062.4098  EKtot   =     21033.9297  EPtot      =    -72096.3395
 BOND   =     12901.4877  ANGLE   =      1071.0418  DIHED      =      1311.6890
 1-4 NB =       457.7366  1-4 EEL =      4591.1508  VDWAALS    =     12737.5557
 EELEC  =   -105167.0011  EHBOND  =         0.0000  RESTRAINT  =         0.0000
 ------------------------------------------------------------------------------

check COM velocity, temp:        0.000002     0.00(Removed)

 NSTEP =    36000   TIME(PS) =      49.000  TEMP(K) =   306.04  PRESS =     0.0
 Etot   =    -51063.5816  EKtot   =     21055.1094  EPtot      =    -72118.6909
 BOND   =     12865.8235  ANGLE   =      1086.3321  DIHED      =      1329.2428
 1-4 NB =       448.5718  1-4 EEL =      4646.4363  VDWAALS    =     12603.1867
 EELEC  =   -105098.2842  EHBOND  =         0.0000  RESTRAINT  =         0.0000
 ------------------------------------------------------------------------------


 NSTEP =    36500   TIME(PS) =      49.250  TEMP(K) =   305.57  PRESS =     0.0
 Etot   =    -51061.5569  EKtot   =     21023.0332  EPtot      =    -72084.5901
 BOND   =     12885.9110  ANGLE   =      1067.2795  DIHED      =      1327.1542
 1-4 NB =       428.3953  1-4 EEL =      4645.9992  VDWAALS    =     12513.7391
 EELEC  =   -104953.0684  EHBOND  =         0.0000  RESTRAINT  =         0.0000
 ------------------------------------------------------------------------------

check COM velocity, temp:        0.000002     0.00(Removed)

 NSTEP =    37000   TIME(PS) =      49.500  TEMP(K) =   304.99  PRESS =     0.0
 Etot   =    -51063.4480  EKtot   =     20982.9180  EPtot      =    -72046.3660
 BOND   =     12806.2175  ANGLE   =      1085.1703  DIHED      =      1331.2191
 1-4 NB =       444.1741  1-4 EEL =      4680.6419  VDWAALS    =     12445.3405
 EELEC  =   -104839.1294  EHBOND  =         0.0000  RESTRAINT  =         0.0000
 ------------------------------------------------------------------------------


 NSTEP =    37500   TIME(PS) =      49.750  TEMP(K) =   303.91  PRESS =     0.0
 Etot   =    -51063.3043  EKtot   =     20908.7676  EPtot      =    -71972.0719
 BOND   =     13021.2275  ANGLE   =      1056.4030  DIHED      =      1330.2829
 1-4 NB =       457.0002  1-4 EEL =      4688.8361  VDWAALS    =     12544.4195
 EELEC  =   -105070.2412  EHBOND  =         0.0000  RESTRAINT  =         0.0000
 ------------------------------------------------------------------------------

check COM velocity, temp:        0.000007     0.00(Removed)

 NSTEP =    38000   TIME(PS) =      50.000  TEMP(K) =   304.49  PRESS =     0.0
 Etot   =    -51065.4144  EKtot   =     20948.8848  EPtot      =    -72014.2992
 BOND   =     12890.0521  ANGLE   =      1066.0123  DIHED      =      1303.1480
 1-4 NB =       439.3522  1-4 EEL =      4590.9196  VDWAALS    =     12676.8330
 EELEC  =   -104980.6164  EHBOND  =         0.0000  RESTRAINT  =         0.0000
 ------------------------------------------------------------------------------


 NSTEP =    38500   TIME(PS) =      50.250  TEMP(K) =   304.28  PRESS =     0.0
 Etot   =    -51060.5529  EKtot   =     20934.2402  EPtot      =    -71994.7931
 BOND   =     12937.4636  ANGLE   =      1042.8503  DIHED      =      1337.9217
 1-4 NB =       444.0626  1-4 EEL =      4688.5041  VDWAALS    =     12652.3907
 EELEC  =   -105097.9861  EHBOND  =         0.0000  RESTRAINT  =         0.0000
 ------------------------------------------------------------------------------

check COM velocity, temp:        0.000006     0.00(Removed)

 NSTEP =    39000   TIME(PS) =      50.500  TEMP(K) =   304.11  PRESS =     0.0
 Etot   =    -51061.9348  EKtot   =     20922.8574  EPtot      =    -71984.7923
 BOND   =     12781.1631  ANGLE   =      1103.8919  DIHED      =      1312.8435
 1-4 NB =       444.2964  1-4 EEL =      4631.2995  VDWAALS    =     12795.8803
 EELEC  =   -105054.1669  EHBOND  =         0.0000  RESTRAINT  =         0.0000
 ------------------------------------------------------------------------------


 NSTEP =    39500   TIME(PS) =      50.750  TEMP(K) =   305.66  PRESS =     0.0
 Etot   =    -51065.1812  EKtot   =     21029.1582  EPtot      =    -72094.3394
 BOND   =     12769.1856  ANGLE   =      1065.4865  DIHED      =      1339.2214
 1-4 NB =       436.3284  1-4 EEL =      4665.2342  VDWAALS    =     12510.0880
 EELEC  =   -104879.8834  EHBOND  =         0.0000  RESTRAINT  =         0.0000
 ------------------------------------------------------------------------------

check COM velocity, temp:        0.000004     0.00(Removed)

 NSTEP =    40000   TIME(PS) =      51.000  TEMP(K) =   302.63  PRESS =     0.0
 Etot   =    -51063.2306  EKtot   =     20820.8906  EPtot      =    -71884.1212
 BOND   =     12956.1891  ANGLE   =      1076.0247  DIHED      =      1332.1765
 1-4 NB =       442.5262  1-4 EEL =      4605.0224  VDWAALS    =     12643.0237
 EELEC  =   -104939.0837  EHBOND  =         0.0000  RESTRAINT  =         0.0000
 ------------------------------------------------------------------------------


      A V E R A G E S   O V E R      80 S T E P S


 NSTEP =    40000   TIME(PS) =      51.000  TEMP(K) =   305.28  PRESS =     0.0
 Etot   =    -51063.5060  EKtot   =     21003.0332  EPtot      =    -72066.5392
 BOND   =     12855.0585  ANGLE   =      1104.6554  DIHED      =      1331.3619
 1-4 NB =       446.8862  1-4 EEL =      4650.8321  VDWAALS    =     12618.8908
 EELEC  =   -105074.2241  EHBOND  =         0.0000  RESTRAINT  =         0.0000
 ------------------------------------------------------------------------------


      R M S  F L U C T U A T I O N S


 NSTEP =    40000   TIME(PS) =      51.000  TEMP(K) =     1.41  PRESS =     0.0
 Etot   =         2.6373  EKtot   =        97.0564  EPtot      =        98.4174
 BOND   =       108.4896  ANGLE   =        39.7826  DIHED      =        14.6663
 1-4 NB =         8.7303  1-4 EEL =        30.7653  VDWAALS    =       136.2764
 EELEC  =       249.5362  EHBOND  =         0.0000  RESTRAINT  =         0.0000
|E(PBS) =         0.7923
 ------------------------------------------------------------------------------

--------------------------------------------------------------------------------
   5.  TIMINGS
--------------------------------------------------------------------------------

|  NonSetup CPU Time in Major Routines:
|
|     Routine           Sec        %
|     ------------------------------
|     Nonbond           8.49   12.75
|     Bond              0.00    0.00
|     Angle             0.00    0.00
|     Dihedral          0.00    0.00
|     Shake             0.00    0.00
|     RunMD            57.98   87.10
|     Other             0.10    0.14
|     ------------------------------
|     Total            66.57

|  PME Nonbond Pairlist CPU Time:
|
|     Routine              Sec        %
|     ---------------------------------
|     Set Up Cit           0.00    0.00
|     Build List           0.00    0.00
|     ---------------------------------
|     Total                0.00    0.00

|  PME Direct Force CPU Time:
|
|     Routine              Sec        %
|     ---------------------------------
|     NonBonded Calc       0.00    0.00
|     Exclude Masked       0.00    0.00
|     Other                0.03    0.05
|     ---------------------------------
|     Total                0.03    0.05

|  PME Reciprocal Force CPU Time:
|
|     Routine              Sec        %
|     ---------------------------------
|     1D bspline           0.00    0.00
|     Grid Charges         0.00    0.00
|     Scalar Sum           0.00    0.00
|     Gradient Sum         0.00    0.00
|     FFT                  0.00    0.00
|     ---------------------------------
|     Total                0.00    0.00

|  Final Performance Info:
|     -----------------------------------------------------
|     Average timings for last    5000 steps:
|     Elapsed(s) =       8.33 Per Step(ms) =       1.67
|         ns/day =      25.94   seconds/ns =    3330.19
|
|     Average timings for all steps:
|     Elapsed(s) =      68.61 Per Step(ms) =       1.72
|         ns/day =      25.19   seconds/ns =    3430.54
|     -----------------------------------------------------

|  Setup CPU time:            2.06 seconds
|  NonSetup CPU time:        66.57 seconds
|  Total CPU time:           68.63 seconds     0.02 hours

|  Setup wall time:           4    seconds
|  NonSetup wall time:       69    seconds
|  Total wall time:          73    seconds     0.02 hours
