
          -------------------------------------------------------
          Amber 16 PMEMD                              2016
          -------------------------------------------------------

| PMEMD implementation of SANDER, Release 16

| Run on 08/25/2017 at 16:16:31

|   Executable path: /apps/amber16/bin/pmemd.cuda
| Working directory: /scratch/pbarletta/pdz/run/lb/neq/data/larga_4
|          Hostname: mordor

  [-O]verwriting output

File Assignments:
|   MDIN: pdt.in                                                                
|  MDOUT: T383pplb_4.out                                                        
| INPCRD: /scratch/pbarletta/pdz/run/lb/neq/data/corta_4/T383plb_4.rst7         
|   PARM: /scratch/pbarletta/pdz/top_files/lb.prmtop                            
| RESTRT: T383pplb_4.rst7                                                       
|   REFC: refc                                                                  
|  MDVEL: mdvel                                                                 
|   MDEN: mden                                                                  
|  MDCRD: T383pplb_4.nc                                                         
| MDINFO: mdinfo                                                                
|  MDFRC: mdfrc                                                                 


 Here is the input file:

!NVE run                                                                       
&cntrl                                                                         
imin = 0,                           ! No Minimization                          
nmropt = 0,                         ! No NMR restraints read                   
                                                                               
! Nature and format of the input                                               
ntx = 5,                            ! Coordinates will be read, assign new velo
irest = 1,                          ! Do not run a new simulation              
                                                                               
! Nature and format of the output                                              
ioutfm = 1,			    ! NetCDF format for output files                             
ntxo = 1,                           ! rstrt file in ASCII format               
ntpr = 500,                         ! inf in output every ntpr steps           
ntwr = 500,                         ! rstrt file every ntwr steps              
ntwx = 100,                         ! mdcrd file every ntwx steps              
ntwv = -1,                          ! mdvel without velocities                 
ntwe = 0,                           ! Energies and temperatures not written in 
idecomp = 0,                        ! No energy decomposition                  
iwrap = 1,                          ! Coordinates of the restart and mdcrd file
                                                                               
! Frozen or restrained atoms                                                   
ibelly = 0,                         ! No frozen atoms                          
ntr=0,                              ! Harmonic potential restraints            
                                                                               
! Molecular dynamics                                                           
nstlim = 40000,                      ! Number of MD-steps                      
dt = 0.0005,                        ! Time step                                
                                                                               
! Temperature regulation                                                       
ntt = 0,                            ! Constant total energy                    
                                                                               
! P and V regulation                                                           
ntp = 0,                            ! No P control                             
ntb = 1,                            ! constant V                               
                                                                               
! SHAKE variables                                                              
ntc = 1,                            ! Bonds involving H are constrained        
ntf = 1,                            ! Bond interaction involving H are ommited.
                                                                               
cut = 9.0,                          ! Nonbonded cutoff                         
/                                                                              
&end                                                                           


Note: ig = -1. Setting random seed to   833188 based on wallclock time in 
      microseconds.
| irandom = 1, using AMBER's internal random number generator (default).
 
|--------------------- INFORMATION ----------------------
| GPU (CUDA) Version of PMEMD in use: NVIDIA GPU IN USE.
|                    Version 16.0.0
| 
|                      02/25/2016
| 
| Implementation by:
|                    Ross C. Walker     (SDSC)
|                    Scott Le Grand     (nVIDIA)
| 
| Precision model in use:
|      [SPFP] - Single Precision Forces, 64-bit Fixed Point
|               Accumulation. (Default)
| 
|--------------------------------------------------------
 
|----------------- CITATION INFORMATION -----------------
|
|    When publishing work that utilized the CUDA version
|    of AMBER, please cite the following in addition to
|    the regular AMBER citations:
|
|  - Romelia Salomon-Ferrer; Andreas W. Goetz; Duncan
|    Poole; Scott Le Grand; Ross C. Walker "Routine
|    microsecond molecular dynamics simulations with
|    AMBER - Part II: Particle Mesh Ewald", J. Chem.
|    Theory Comput., 2013, 9 (9), pp3878-3888,
|    DOI: 10.1021/ct400314y.
|
|  - Andreas W. Goetz; Mark J. Williamson; Dong Xu;
|    Duncan Poole; Scott Le Grand; Ross C. Walker
|    "Routine microsecond molecular dynamics simulations
|    with AMBER - Part I: Generalized Born", J. Chem.
|    Theory Comput., 2012, 8 (5), pp1542-1555.
|
|  - Scott Le Grand; Andreas W. Goetz; Ross C. Walker
|    "SPFP: Speed without compromise - a mixed precision
|    model for GPU accelerated molecular dynamics
|    simulations.", Comp. Phys. Comm., 2013, 184
|    pp374-380, DOI: 10.1016/j.cpc.2012.09.022
|
|--------------------------------------------------------
 
|------------------- GPU DEVICE INFO --------------------
|
|            CUDA_VISIBLE_DEVICES: 1
|   CUDA Capable Devices Detected:      1
|           CUDA Device ID in use:      0
|                CUDA Device Name: GeForce GTX TITAN
|     CUDA Device Global Mem Size:   6082 MB
| CUDA Device Num Multiprocessors:     14
|           CUDA Device Core Freq:   0.93 GHz
|
|--------------------------------------------------------
 
 
| Conditional Compilation Defines Used:
| PUBFFT
| BINTRAJ
| CUDA
| EMIL

| Largest sphere to fit in unit cell has radius =    26.281

| New format PARM file being parsed.
| Version =    1.000 Date = 09/04/12 Time = 16:08:43

| Note: 1-4 EEL scale factors are being read from the topology file.

| Note: 1-4 VDW scale factors are being read from the topology file.
| Duplicated    0 dihedrals

| Duplicated    0 dihedrals

--------------------------------------------------------------------------------
   1.  RESOURCE   USE: 
--------------------------------------------------------------------------------

 getting new box info from bottom of inpcrd
 NATOM  =   23082 NTYPES =      16 NBONH =   22055 MBONA  =    1038
 NTHETH =    2390 MTHETA =    1396 NPHIH =    4631 MPHIA  =    3488
 NHPARM =       0 NPARM  =       0 NNB   =   39434 NRES   =    7134
 NBONA  =    1038 NTHETA =    1396 NPHIA =    3488 NUMBND =      41
 NUMANG =      86 NPTRA  =      41 NATYP =      28 NPHB   =       1
 IFBOX  =       1 NMXRS  =      24 IFCAP =       0 NEXTRA =       0
 NCOPY  =       0

| Coordinate Index Table dimensions:    12   14   10
| Direct force subcell size =     5.0212    5.2012    5.2562

     BOX TYPE: RECTILINEAR

--------------------------------------------------------------------------------
   2.  CONTROL  DATA  FOR  THE  RUN
--------------------------------------------------------------------------------

default_name                                                                    

General flags:
     imin    =       0, nmropt  =       0

Nature and format of input:
     ntx     =       5, irest   =       1, ntrx    =       1

Nature and format of output:
     ntxo    =       1, ntpr    =     500, ntrx    =       1, ntwr    =     500
     iwrap   =       1, ntwx    =     100, ntwv    =      -1, ntwe    =       0
     ioutfm  =       1, ntwprt  =       0, idecomp =       0, rbornstat=      0

Potential function:
     ntf     =       1, ntb     =       1, igb     =       0, nsnb    =      25
     ipol    =       0, gbsa    =       0, iesp    =       0
     dielc   =   1.00000, cut     =   9.00000, intdiel =   1.00000

Frozen or restrained atoms:
     ibelly  =       0, ntr     =       0

Molecular dynamics:
     nstlim  =     40000, nscm    =      1000, nrespa  =         1
     t       =   0.00000, dt      =   0.00050, vlimit  =  -1.00000

| Intermolecular bonds treatment:
|     no_intermolecular_bonds =       1

| Energy averages sample interval:
|     ene_avg_sampling =     500

Ewald parameters:
     verbose =       0, ew_type =       0, nbflag  =       1, use_pme =       1
     vdwmeth =       1, eedmeth =       1, netfrc  =       1
     Box X =   60.254   Box Y =   72.816   Box Z =   52.562
     Alpha =   90.000   Beta  =   90.000   Gamma =   90.000
     NFFT1 =   64       NFFT2 =   80       NFFT3 =   56
     Cutoff=    9.000   Tol   =0.100E-04
     Ewald Coefficient =  0.30768
     Interpolation order =    4

--------------------------------------------------------------------------------
   3.  ATOMIC COORDINATES AND VELOCITIES
--------------------------------------------------------------------------------

default_name                                                                    
 begin time read from input coords =    31.000 ps

 
 Number of triangulated 3-point waters found:     7002

     Sum of charges from parm topology file =  -0.00000008
     Forcing neutrality...

| Dynamic Memory, Types Used:
| Reals              710578
| Integers           737140

| Nonbonded Pairs Initial Allocation:     5262696

| GPU memory information (estimate):
| KB of GPU memory in use:     63171
| KB of CPU memory in use:     27891

--------------------------------------------------------------------------------
   4.  RESULTS
--------------------------------------------------------------------------------

 ---------------------------------------------------
 APPROXIMATING switch and d/dx switch using CUBIC SPLINE INTERPOLATION
 using   5000.0 points per unit in tabled values
 TESTING RELATIVE ERROR over r ranging from 0.0 to cutoff
| CHECK switch(x): max rel err =   0.2738E-14   at   2.422500
| CHECK d/dx switch(x): max rel err =   0.8314E-11   at   2.736960
 ---------------------------------------------------
|---------------------------------------------------
| APPROXIMATING direct energy using CUBIC SPLINE INTERPOLATION
|  with   50.0 points per unit in tabled values
| Relative Error Limit not exceeded for r .gt.   2.39
| APPROXIMATING direct force using CUBIC SPLINE INTERPOLATION
|  with   50.0 points per unit in tabled values
| Relative Error Limit not exceeded for r .gt.   2.84
|---------------------------------------------------

 NSTEP =      500   TIME(PS) =      31.250  TEMP(K) =   307.81  PRESS =     0.0
 Etot   =    -50698.6980  EKtot   =     21177.4199  EPtot      =    -71876.1179
 BOND   =     12902.2860  ANGLE   =      1173.5753  DIHED      =      1335.4085
 1-4 NB =       476.3881  1-4 EEL =      4667.3195  VDWAALS    =     12476.5802
 EELEC  =   -104907.6755  EHBOND  =         0.0000  RESTRAINT  =         0.0000
 ------------------------------------------------------------------------------

check COM velocity, temp:        0.000006     0.00(Removed)

 NSTEP =     1000   TIME(PS) =      31.500  TEMP(K) =   305.70  PRESS =     0.0
 Etot   =    -50691.1486  EKtot   =     21032.1719  EPtot      =    -71723.3204
 BOND   =     13043.7885  ANGLE   =      1179.0729  DIHED      =      1336.8611
 1-4 NB =       461.6394  1-4 EEL =      4653.5645  VDWAALS    =     12376.0740
 EELEC  =   -104774.3209  EHBOND  =         0.0000  RESTRAINT  =         0.0000
 ------------------------------------------------------------------------------


 NSTEP =     1500   TIME(PS) =      31.750  TEMP(K) =   308.01  PRESS =     0.0
 Etot   =    -50695.9719  EKtot   =     21190.6270  EPtot      =    -71886.5989
 BOND   =     12893.8110  ANGLE   =      1137.5794  DIHED      =      1333.0519
 1-4 NB =       450.5161  1-4 EEL =      4621.4208  VDWAALS    =     12391.2822
 EELEC  =   -104714.2603  EHBOND  =         0.0000  RESTRAINT  =         0.0000
 ------------------------------------------------------------------------------

check COM velocity, temp:        0.000004     0.00(Removed)

 NSTEP =     2000   TIME(PS) =      32.000  TEMP(K) =   307.75  PRESS =     0.0
 Etot   =    -50701.0169  EKtot   =     21173.2012  EPtot      =    -71874.2180
 BOND   =     12786.7703  ANGLE   =      1141.3467  DIHED      =      1340.8811
 1-4 NB =       441.0801  1-4 EEL =      4659.0453  VDWAALS    =     12550.7667
 EELEC  =   -104794.1083  EHBOND  =         0.0000  RESTRAINT  =         0.0000
 ------------------------------------------------------------------------------


 NSTEP =     2500   TIME(PS) =      32.250  TEMP(K) =   307.34  PRESS =     0.0
 Etot   =    -50695.9053  EKtot   =     21144.7891  EPtot      =    -71840.6944
 BOND   =     12916.7279  ANGLE   =      1178.2599  DIHED      =      1352.1027
 1-4 NB =       464.0916  1-4 EEL =      4631.0136  VDWAALS    =     12420.1364
 EELEC  =   -104803.0266  EHBOND  =         0.0000  RESTRAINT  =         0.0000
 ------------------------------------------------------------------------------

check COM velocity, temp:        0.000007     0.00(Removed)

 NSTEP =     3000   TIME(PS) =      32.500  TEMP(K) =   307.23  PRESS =     0.0
 Etot   =    -50692.3343  EKtot   =     21137.0781  EPtot      =    -71829.4125
 BOND   =     12966.5472  ANGLE   =      1120.2013  DIHED      =      1336.3318
 1-4 NB =       455.5026  1-4 EEL =      4621.6512  VDWAALS    =     12553.2486
 EELEC  =   -104882.8952  EHBOND  =         0.0000  RESTRAINT  =         0.0000
 ------------------------------------------------------------------------------


 NSTEP =     3500   TIME(PS) =      32.750  TEMP(K) =   308.97  PRESS =     0.0
 Etot   =    -50697.6133  EKtot   =     21257.2910  EPtot      =    -71954.9043
 BOND   =     12779.2876  ANGLE   =      1137.1799  DIHED      =      1359.8842
 1-4 NB =       451.7930  1-4 EEL =      4656.0889  VDWAALS    =     12510.5604
 EELEC  =   -104849.6983  EHBOND  =         0.0000  RESTRAINT  =         0.0000
 ------------------------------------------------------------------------------

check COM velocity, temp:        0.000007     0.00(Removed)

 NSTEP =     4000   TIME(PS) =      33.000  TEMP(K) =   307.72  PRESS =     0.0
 Etot   =    -50694.6845  EKtot   =     21170.8223  EPtot      =    -71865.5068
 BOND   =     13167.2096  ANGLE   =      1169.2442  DIHED      =      1357.3913
 1-4 NB =       453.8488  1-4 EEL =      4637.8824  VDWAALS    =     12913.2321
 EELEC  =   -105564.3153  EHBOND  =         0.0000  RESTRAINT  =         0.0000
 ------------------------------------------------------------------------------


 NSTEP =     4500   TIME(PS) =      33.250  TEMP(K) =   308.46  PRESS =     0.0
 Etot   =    -50694.4973  EKtot   =     21221.7949  EPtot      =    -71916.2922
 BOND   =     13090.3262  ANGLE   =      1147.1395  DIHED      =      1352.9732
 1-4 NB =       459.0939  1-4 EEL =      4629.6041  VDWAALS    =     12736.5395
 EELEC  =   -105331.9685  EHBOND  =         0.0000  RESTRAINT  =         0.0000
 ------------------------------------------------------------------------------

check COM velocity, temp:        0.000004     0.00(Removed)

 NSTEP =     5000   TIME(PS) =      33.500  TEMP(K) =   308.72  PRESS =     0.0
 Etot   =    -50697.2991  EKtot   =     21239.6895  EPtot      =    -71936.9885
 BOND   =     12937.4498  ANGLE   =      1132.3534  DIHED      =      1351.8457
 1-4 NB =       442.0216  1-4 EEL =      4593.3747  VDWAALS    =     12697.0822
 EELEC  =   -105091.1159  EHBOND  =         0.0000  RESTRAINT  =         0.0000
 ------------------------------------------------------------------------------


 NSTEP =     5500   TIME(PS) =      33.750  TEMP(K) =   309.42  PRESS =     0.0
 Etot   =    -50698.7657  EKtot   =     21287.7402  EPtot      =    -71986.5059
 BOND   =     12837.8426  ANGLE   =      1098.6679  DIHED      =      1339.1083
 1-4 NB =       444.9874  1-4 EEL =      4590.4488  VDWAALS    =     12623.9896
 EELEC  =   -104921.5505  EHBOND  =         0.0000  RESTRAINT  =         0.0000
 ------------------------------------------------------------------------------

check COM velocity, temp:        0.000011     0.00(Removed)

 NSTEP =     6000   TIME(PS) =      34.000  TEMP(K) =   308.42  PRESS =     0.0
 Etot   =    -50696.5316  EKtot   =     21219.0605  EPtot      =    -71915.5921
 BOND   =     12822.6284  ANGLE   =      1113.8881  DIHED      =      1333.7526
 1-4 NB =       450.7603  1-4 EEL =      4633.0011  VDWAALS    =     12458.5971
 EELEC  =   -104728.2197  EHBOND  =         0.0000  RESTRAINT  =         0.0000
 ------------------------------------------------------------------------------


 NSTEP =     6500   TIME(PS) =      34.250  TEMP(K) =   308.85  PRESS =     0.0
 Etot   =    -50695.9876  EKtot   =     21248.6406  EPtot      =    -71944.6283
 BOND   =     12955.8079  ANGLE   =      1099.9519  DIHED      =      1330.5078
 1-4 NB =       458.8140  1-4 EEL =      4702.9963  VDWAALS    =     12688.1825
 EELEC  =   -105180.8887  EHBOND  =         0.0000  RESTRAINT  =         0.0000
 ------------------------------------------------------------------------------

check COM velocity, temp:        0.000004     0.00(Removed)

 NSTEP =     7000   TIME(PS) =      34.500  TEMP(K) =   307.48  PRESS =     0.0
 Etot   =    -50692.4174  EKtot   =     21154.6094  EPtot      =    -71847.0267
 BOND   =     12961.6576  ANGLE   =      1118.0754  DIHED      =      1351.1759
 1-4 NB =       432.5316  1-4 EEL =      4601.8900  VDWAALS    =     12580.4666
 EELEC  =   -104892.8239  EHBOND  =         0.0000  RESTRAINT  =         0.0000
 ------------------------------------------------------------------------------


 NSTEP =     7500   TIME(PS) =      34.750  TEMP(K) =   306.28  PRESS =     0.0
 Etot   =    -50695.1649  EKtot   =     21071.7070  EPtot      =    -71766.8720
 BOND   =     13053.8928  ANGLE   =      1111.2976  DIHED      =      1354.9974
 1-4 NB =       461.3957  1-4 EEL =      4616.0971  VDWAALS    =     12499.8048
 EELEC  =   -104864.3575  EHBOND  =         0.0000  RESTRAINT  =         0.0000
 ------------------------------------------------------------------------------

check COM velocity, temp:        0.000009     0.00(Removed)

 NSTEP =     8000   TIME(PS) =      35.000  TEMP(K) =   308.31  PRESS =     0.0
 Etot   =    -50701.0252  EKtot   =     21211.3828  EPtot      =    -71912.4080
 BOND   =     12936.7961  ANGLE   =      1111.3218  DIHED      =      1338.3500
 1-4 NB =       443.5896  1-4 EEL =      4622.1468  VDWAALS    =     13050.1546
 EELEC  =   -105414.7668  EHBOND  =         0.0000  RESTRAINT  =         0.0000
 ------------------------------------------------------------------------------


 NSTEP =     8500   TIME(PS) =      35.250  TEMP(K) =   306.94  PRESS =     0.0
 Etot   =    -50694.4730  EKtot   =     21117.6543  EPtot      =    -71812.1273
 BOND   =     13031.5113  ANGLE   =      1091.3723  DIHED      =      1345.9724
 1-4 NB =       449.1704  1-4 EEL =      4637.0945  VDWAALS    =     12555.4472
 EELEC  =   -104922.6954  EHBOND  =         0.0000  RESTRAINT  =         0.0000
 ------------------------------------------------------------------------------

check COM velocity, temp:        0.000005     0.00(Removed)

 NSTEP =     9000   TIME(PS) =      35.500  TEMP(K) =   305.95  PRESS =     0.0
 Etot   =    -50694.7411  EKtot   =     21048.9473  EPtot      =    -71743.6884
 BOND   =     13006.1274  ANGLE   =      1116.5971  DIHED      =      1358.7574
 1-4 NB =       454.5547  1-4 EEL =      4607.1688  VDWAALS    =     12442.6618
 EELEC  =   -104729.5556  EHBOND  =         0.0000  RESTRAINT  =         0.0000
 ------------------------------------------------------------------------------


 NSTEP =     9500   TIME(PS) =      35.750  TEMP(K) =   306.74  PRESS =     0.0
 Etot   =    -50698.6179  EKtot   =     21103.5137  EPtot      =    -71802.1316
 BOND   =     12904.0057  ANGLE   =      1082.2392  DIHED      =      1337.0955
 1-4 NB =       444.5484  1-4 EEL =      4601.8056  VDWAALS    =     12734.9273
 EELEC  =   -104906.7532  EHBOND  =         0.0000  RESTRAINT  =         0.0000
 ------------------------------------------------------------------------------

check COM velocity, temp:        0.000003     0.00(Removed)

 NSTEP =    10000   TIME(PS) =      36.000  TEMP(K) =   309.14  PRESS =     0.0
 Etot   =    -50698.3471  EKtot   =     21268.6055  EPtot      =    -71966.9525
 BOND   =     12998.3672  ANGLE   =      1093.5817  DIHED      =      1346.8636
 1-4 NB =       441.5316  1-4 EEL =      4603.9001  VDWAALS    =     12682.7038
 EELEC  =   -105133.9004  EHBOND  =         0.0000  RESTRAINT  =         0.0000
 ------------------------------------------------------------------------------


 NSTEP =    10500   TIME(PS) =      36.250  TEMP(K) =   308.20  PRESS =     0.0
 Etot   =    -50698.3294  EKtot   =     21204.1719  EPtot      =    -71902.5012
 BOND   =     12820.1324  ANGLE   =      1159.3923  DIHED      =      1353.1707
 1-4 NB =       449.4035  1-4 EEL =      4604.2285  VDWAALS    =     12503.9769
 EELEC  =   -104792.8055  EHBOND  =         0.0000  RESTRAINT  =         0.0000
 ------------------------------------------------------------------------------

check COM velocity, temp:        0.000004     0.00(Removed)

 NSTEP =    11000   TIME(PS) =      36.500  TEMP(K) =   305.59  PRESS =     0.0
 Etot   =    -50693.5212  EKtot   =     21024.2969  EPtot      =    -71717.8181
 BOND   =     13017.9633  ANGLE   =      1109.8242  DIHED      =      1338.8952
 1-4 NB =       445.9856  1-4 EEL =      4627.1145  VDWAALS    =     12711.0117
 EELEC  =   -104968.6126  EHBOND  =         0.0000  RESTRAINT  =         0.0000
 ------------------------------------------------------------------------------


 NSTEP =    11500   TIME(PS) =      36.750  TEMP(K) =   308.01  PRESS =     0.0
 Etot   =    -50693.6843  EKtot   =     21190.6758  EPtot      =    -71884.3601
 BOND   =     12909.9897  ANGLE   =      1128.7094  DIHED      =      1343.8323
 1-4 NB =       431.9765  1-4 EEL =      4590.6617  VDWAALS    =     12614.6920
 EELEC  =   -104904.2218  EHBOND  =         0.0000  RESTRAINT  =         0.0000
 ------------------------------------------------------------------------------

check COM velocity, temp:        0.000005     0.00(Removed)

 NSTEP =    12000   TIME(PS) =      37.000  TEMP(K) =   306.57  PRESS =     0.0
 Etot   =    -50696.3152  EKtot   =     21091.7656  EPtot      =    -71788.0809
 BOND   =     13014.2275  ANGLE   =      1066.4294  DIHED      =      1329.1473
 1-4 NB =       455.5920  1-4 EEL =      4594.3157  VDWAALS    =     12671.4614
 EELEC  =   -104919.2542  EHBOND  =         0.0000  RESTRAINT  =         0.0000
 ------------------------------------------------------------------------------


 NSTEP =    12500   TIME(PS) =      37.250  TEMP(K) =   307.63  PRESS =     0.0
 Etot   =    -50694.6439  EKtot   =     21165.1465  EPtot      =    -71859.7904
 BOND   =     12817.9234  ANGLE   =      1107.2717  DIHED      =      1324.2042
 1-4 NB =       451.9970  1-4 EEL =      4586.8558  VDWAALS    =     12600.8678
 EELEC  =   -104748.9104  EHBOND  =         0.0000  RESTRAINT  =         0.0000
 ------------------------------------------------------------------------------

check COM velocity, temp:        0.000006     0.00(Removed)

 NSTEP =    13000   TIME(PS) =      37.500  TEMP(K) =   308.31  PRESS =     0.0
 Etot   =    -50699.0751  EKtot   =     21211.5742  EPtot      =    -71910.6493
 BOND   =     12867.8046  ANGLE   =      1107.8565  DIHED      =      1342.2844
 1-4 NB =       443.9135  1-4 EEL =      4596.4325  VDWAALS    =     12553.1474
 EELEC  =   -104822.0883  EHBOND  =         0.0000  RESTRAINT  =         0.0000
 ------------------------------------------------------------------------------


 NSTEP =    13500   TIME(PS) =      37.750  TEMP(K) =   309.09  PRESS =     0.0
 Etot   =    -50694.9066  EKtot   =     21265.0371  EPtot      =    -71959.9437
 BOND   =     12721.6875  ANGLE   =      1116.9183  DIHED      =      1340.4723
 1-4 NB =       431.8978  1-4 EEL =      4570.1397  VDWAALS    =     12416.2475
 EELEC  =   -104557.3068  EHBOND  =         0.0000  RESTRAINT  =         0.0000
 ------------------------------------------------------------------------------

check COM velocity, temp:        0.000007     0.00(Removed)

 NSTEP =    14000   TIME(PS) =      38.000  TEMP(K) =   307.55  PRESS =     0.0
 Etot   =    -50695.7605  EKtot   =     21159.1484  EPtot      =    -71854.9089
 BOND   =     12821.0022  ANGLE   =      1092.9083  DIHED      =      1328.8751
 1-4 NB =       451.3032  1-4 EEL =      4608.3808  VDWAALS    =     12472.0468
 EELEC  =   -104629.4253  EHBOND  =         0.0000  RESTRAINT  =         0.0000
 ------------------------------------------------------------------------------


 NSTEP =    14500   TIME(PS) =      38.250  TEMP(K) =   309.95  PRESS =     0.0
 Etot   =    -50698.3091  EKtot   =     21324.1797  EPtot      =    -72022.4888
 BOND   =     12734.9800  ANGLE   =      1071.9339  DIHED      =      1358.3740
 1-4 NB =       445.3577  1-4 EEL =      4585.8587  VDWAALS    =     12838.1770
 EELEC  =   -105057.1700  EHBOND  =         0.0000  RESTRAINT  =         0.0000
 ------------------------------------------------------------------------------

check COM velocity, temp:        0.000007     0.00(Removed)

 NSTEP =    15000   TIME(PS) =      38.500  TEMP(K) =   306.93  PRESS =     0.0
 Etot   =    -50696.4630  EKtot   =     21116.3672  EPtot      =    -71812.8302
 BOND   =     13040.4213  ANGLE   =      1066.3774  DIHED      =      1363.0748
 1-4 NB =       447.8478  1-4 EEL =      4650.4660  VDWAALS    =     12725.8160
 EELEC  =   -105106.8334  EHBOND  =         0.0000  RESTRAINT  =         0.0000
 ------------------------------------------------------------------------------


 NSTEP =    15500   TIME(PS) =      38.750  TEMP(K) =   303.91  PRESS =     0.0
 Etot   =    -50695.1675  EKtot   =     20908.5723  EPtot      =    -71603.7398
 BOND   =     13112.0858  ANGLE   =      1157.9277  DIHED      =      1333.8295
 1-4 NB =       434.0178  1-4 EEL =      4604.9996  VDWAALS    =     12739.5275
 EELEC  =   -104986.1277  EHBOND  =         0.0000  RESTRAINT  =         0.0000
 ------------------------------------------------------------------------------

check COM velocity, temp:        0.000008     0.00(Removed)

 NSTEP =    16000   TIME(PS) =      39.000  TEMP(K) =   306.62  PRESS =     0.0
 Etot   =    -50694.8553  EKtot   =     21095.6543  EPtot      =    -71790.5096
 BOND   =     13036.8462  ANGLE   =      1130.8843  DIHED      =      1341.6801
 1-4 NB =       443.3467  1-4 EEL =      4593.6995  VDWAALS    =     12627.2785
 EELEC  =   -104964.2449  EHBOND  =         0.0000  RESTRAINT  =         0.0000
 ------------------------------------------------------------------------------


 NSTEP =    16500   TIME(PS) =      39.250  TEMP(K) =   308.94  PRESS =     0.0
 Etot   =    -50697.1150  EKtot   =     21254.8535  EPtot      =    -71951.9685
 BOND   =     12941.1567  ANGLE   =      1081.4226  DIHED      =      1327.2122
 1-4 NB =       451.6208  1-4 EEL =      4629.3342  VDWAALS    =     12628.7691
 EELEC  =   -105011.4842  EHBOND  =         0.0000  RESTRAINT  =         0.0000
 ------------------------------------------------------------------------------

check COM velocity, temp:        0.000004     0.00(Removed)

 NSTEP =    17000   TIME(PS) =      39.500  TEMP(K) =   306.17  PRESS =     0.0
 Etot   =    -50698.4838  EKtot   =     21064.0625  EPtot      =    -71762.5463
 BOND   =     12794.4315  ANGLE   =      1084.8411  DIHED      =      1335.3355
 1-4 NB =       450.7473  1-4 EEL =      4626.8883  VDWAALS    =     12530.8690
 EELEC  =   -104585.6588  EHBOND  =         0.0000  RESTRAINT  =         0.0000
 ------------------------------------------------------------------------------


 NSTEP =    17500   TIME(PS) =      39.750  TEMP(K) =   309.11  PRESS =     0.0
 Etot   =    -50695.4828  EKtot   =     21266.6211  EPtot      =    -71962.1039
 BOND   =     12786.8148  ANGLE   =      1084.6549  DIHED      =      1328.5838
 1-4 NB =       433.1157  1-4 EEL =      4607.2493  VDWAALS    =     12766.3393
 EELEC  =   -104968.8617  EHBOND  =         0.0000  RESTRAINT  =         0.0000
 ------------------------------------------------------------------------------

check COM velocity, temp:        0.000005     0.00(Removed)

 NSTEP =    18000   TIME(PS) =      40.000  TEMP(K) =   306.93  PRESS =     0.0
 Etot   =    -50691.7087  EKtot   =     21116.8652  EPtot      =    -71808.5739
 BOND   =     13078.7995  ANGLE   =      1054.0306  DIHED      =      1338.0757
 1-4 NB =       445.5680  1-4 EEL =      4614.5104  VDWAALS    =     12612.3136
 EELEC  =   -104951.8718  EHBOND  =         0.0000  RESTRAINT  =         0.0000
 ------------------------------------------------------------------------------


 NSTEP =    18500   TIME(PS) =      40.250  TEMP(K) =   305.55  PRESS =     0.0
 Etot   =    -50693.4962  EKtot   =     21022.0410  EPtot      =    -71715.5372
 BOND   =     12897.1681  ANGLE   =      1104.3883  DIHED      =      1312.5665
 1-4 NB =       434.7396  1-4 EEL =      4636.4735  VDWAALS    =     12336.5496
 EELEC  =   -104437.4229  EHBOND  =         0.0000  RESTRAINT  =         0.0000
 ------------------------------------------------------------------------------

check COM velocity, temp:        0.000006     0.00(Removed)

 NSTEP =    19000   TIME(PS) =      40.500  TEMP(K) =   308.40  PRESS =     0.0
 Etot   =    -50697.3745  EKtot   =     21217.6523  EPtot      =    -71915.0268
 BOND   =     12913.0191  ANGLE   =      1093.3440  DIHED      =      1344.2432
 1-4 NB =       445.8246  1-4 EEL =      4621.4984  VDWAALS    =     12426.8449
 EELEC  =   -104759.8010  EHBOND  =         0.0000  RESTRAINT  =         0.0000
 ------------------------------------------------------------------------------


 NSTEP =    19500   TIME(PS) =      40.750  TEMP(K) =   307.44  PRESS =     0.0
 Etot   =    -50698.7411  EKtot   =     21151.6562  EPtot      =    -71850.3974
 BOND   =     12928.8075  ANGLE   =      1065.6524  DIHED      =      1344.0821
 1-4 NB =       444.3119  1-4 EEL =      4601.2941  VDWAALS    =     12523.2583
 EELEC  =   -104757.8035  EHBOND  =         0.0000  RESTRAINT  =         0.0000
 ------------------------------------------------------------------------------

check COM velocity, temp:        0.000005     0.00(Removed)

 NSTEP =    20000   TIME(PS) =      41.000  TEMP(K) =   307.10  PRESS =     0.0
 Etot   =    -50697.8272  EKtot   =     21128.5137  EPtot      =    -71826.3409
 BOND   =     12875.5372  ANGLE   =      1101.5800  DIHED      =      1339.3274
 1-4 NB =       427.8081  1-4 EEL =      4624.8509  VDWAALS    =     12470.1881
 EELEC  =   -104665.6325  EHBOND  =         0.0000  RESTRAINT  =         0.0000
 ------------------------------------------------------------------------------


 NSTEP =    20500   TIME(PS) =      41.250  TEMP(K) =   307.46  PRESS =     0.0
 Etot   =    -50697.8265  EKtot   =     21153.3516  EPtot      =    -71851.1780
 BOND   =     12897.2010  ANGLE   =      1108.2299  DIHED      =      1384.4322
 1-4 NB =       433.8995  1-4 EEL =      4583.6212  VDWAALS    =     12508.1262
 EELEC  =   -104766.6881  EHBOND  =         0.0000  RESTRAINT  =         0.0000
 ------------------------------------------------------------------------------

check COM velocity, temp:        0.000003     0.00(Removed)

 NSTEP =    21000   TIME(PS) =      41.500  TEMP(K) =   307.52  PRESS =     0.0
 Etot   =    -50696.0926  EKtot   =     21157.0762  EPtot      =    -71853.1688
 BOND   =     12844.0055  ANGLE   =      1078.8327  DIHED      =      1347.2582
 1-4 NB =       435.7508  1-4 EEL =      4631.9639  VDWAALS    =     12553.7433
 EELEC  =   -104744.7232  EHBOND  =         0.0000  RESTRAINT  =         0.0000
 ------------------------------------------------------------------------------


 NSTEP =    21500   TIME(PS) =      41.750  TEMP(K) =   308.26  PRESS =     0.0
 Etot   =    -50698.8692  EKtot   =     21207.8438  EPtot      =    -71906.7129
 BOND   =     12808.4510  ANGLE   =      1136.0423  DIHED      =      1326.0695
 1-4 NB =       448.0388  1-4 EEL =      4618.2568  VDWAALS    =     12394.9527
 EELEC  =   -104638.5240  EHBOND  =         0.0000  RESTRAINT  =         0.0000
 ------------------------------------------------------------------------------

check COM velocity, temp:        0.000003     0.00(Removed)

 NSTEP =    22000   TIME(PS) =      42.000  TEMP(K) =   306.55  PRESS =     0.0
 Etot   =    -50698.1033  EKtot   =     21090.3730  EPtot      =    -71788.4763
 BOND   =     13000.9575  ANGLE   =      1091.1094  DIHED      =      1356.5086
 1-4 NB =       443.2939  1-4 EEL =      4619.2327  VDWAALS    =     12571.6420
 EELEC  =   -104871.2204  EHBOND  =         0.0000  RESTRAINT  =         0.0000
 ------------------------------------------------------------------------------


 NSTEP =    22500   TIME(PS) =      42.250  TEMP(K) =   308.37  PRESS =     0.0
 Etot   =    -50696.8015  EKtot   =     21215.3867  EPtot      =    -71912.1882
 BOND   =     12894.6365  ANGLE   =      1098.3821  DIHED      =      1337.8542
 1-4 NB =       440.9186  1-4 EEL =      4584.8809  VDWAALS    =     12623.5183
 EELEC  =   -104892.3788  EHBOND  =         0.0000  RESTRAINT  =         0.0000
 ------------------------------------------------------------------------------

check COM velocity, temp:        0.000003     0.00(Removed)

 NSTEP =    23000   TIME(PS) =      42.500  TEMP(K) =   308.56  PRESS =     0.0
 Etot   =    -50696.9633  EKtot   =     21228.7715  EPtot      =    -71925.7348
 BOND   =     12911.6813  ANGLE   =      1100.2398  DIHED      =      1328.5732
 1-4 NB =       446.8784  1-4 EEL =      4599.7064  VDWAALS    =     12792.4031
 EELEC  =   -105105.2170  EHBOND  =         0.0000  RESTRAINT  =         0.0000
 ------------------------------------------------------------------------------


 NSTEP =    23500   TIME(PS) =      42.750  TEMP(K) =   305.21  PRESS =     0.0
 Etot   =    -50696.8371  EKtot   =     20998.2207  EPtot      =    -71695.0578
 BOND   =     13067.7976  ANGLE   =      1098.7102  DIHED      =      1345.4606
 1-4 NB =       461.8252  1-4 EEL =      4639.4976  VDWAALS    =     12741.6949
 EELEC  =   -105050.0439  EHBOND  =         0.0000  RESTRAINT  =         0.0000
 ------------------------------------------------------------------------------

check COM velocity, temp:        0.000004     0.00(Removed)

 NSTEP =    24000   TIME(PS) =      43.000  TEMP(K) =   306.76  PRESS =     0.0
 Etot   =    -50695.3168  EKtot   =     21104.8320  EPtot      =    -71800.1489
 BOND   =     12862.0228  ANGLE   =      1076.4594  DIHED      =      1340.4639
 1-4 NB =       460.2518  1-4 EEL =      4605.6099  VDWAALS    =     12409.5867
 EELEC  =   -104554.5434  EHBOND  =         0.0000  RESTRAINT  =         0.0000
 ------------------------------------------------------------------------------


 NSTEP =    24500   TIME(PS) =      43.250  TEMP(K) =   306.42  PRESS =     0.0
 Etot   =    -50691.1685  EKtot   =     21081.2734  EPtot      =    -71772.4419
 BOND   =     12954.3112  ANGLE   =      1099.2867  DIHED      =      1324.7633
 1-4 NB =       453.3688  1-4 EEL =      4644.3577  VDWAALS    =     12143.3899
 EELEC  =   -104391.9194  EHBOND  =         0.0000  RESTRAINT  =         0.0000
 ------------------------------------------------------------------------------

check COM velocity, temp:        0.000011     0.00(Removed)

 NSTEP =    25000   TIME(PS) =      43.500  TEMP(K) =   306.58  PRESS =     0.0
 Etot   =    -50693.7765  EKtot   =     21092.3438  EPtot      =    -71786.1202
 BOND   =     12927.1728  ANGLE   =      1078.4690  DIHED      =      1347.0615
 1-4 NB =       439.1412  1-4 EEL =      4641.6779  VDWAALS    =     12587.1399
 EELEC  =   -104806.7825  EHBOND  =         0.0000  RESTRAINT  =         0.0000
 ------------------------------------------------------------------------------


 NSTEP =    25500   TIME(PS) =      43.750  TEMP(K) =   307.43  PRESS =     0.0
 Etot   =    -50696.4353  EKtot   =     21151.3594  EPtot      =    -71847.7946
 BOND   =     12709.3193  ANGLE   =      1090.2605  DIHED      =      1342.5175
 1-4 NB =       452.0392  1-4 EEL =      4648.8883  VDWAALS    =     12409.7242
 EELEC  =   -104500.5437  EHBOND  =         0.0000  RESTRAINT  =         0.0000
 ------------------------------------------------------------------------------

check COM velocity, temp:        0.000004     0.00(Removed)

 NSTEP =    26000   TIME(PS) =      44.000  TEMP(K) =   308.69  PRESS =     0.0
 Etot   =    -50697.3713  EKtot   =     21238.0176  EPtot      =    -71935.3888
 BOND   =     12724.2425  ANGLE   =      1080.4423  DIHED      =      1326.2453
 1-4 NB =       442.6376  1-4 EEL =      4629.0085  VDWAALS    =     12532.4019
 EELEC  =   -104670.3669  EHBOND  =         0.0000  RESTRAINT  =         0.0000
 ------------------------------------------------------------------------------


 NSTEP =    26500   TIME(PS) =      44.250  TEMP(K) =   308.94  PRESS =     0.0
 Etot   =    -50694.2057  EKtot   =     21254.6914  EPtot      =    -71948.8971
 BOND   =     12777.1012  ANGLE   =      1113.7579  DIHED      =      1354.3903
 1-4 NB =       443.1009  1-4 EEL =      4628.8118  VDWAALS    =     12717.0529
 EELEC  =   -104983.1122  EHBOND  =         0.0000  RESTRAINT  =         0.0000
 ------------------------------------------------------------------------------

check COM velocity, temp:        0.000004     0.00(Removed)

 NSTEP =    27000   TIME(PS) =      44.500  TEMP(K) =   306.44  PRESS =     0.0
 Etot   =    -50696.0058  EKtot   =     21082.6738  EPtot      =    -71778.6796
 BOND   =     12744.5255  ANGLE   =      1137.6964  DIHED      =      1349.8862
 1-4 NB =       458.2861  1-4 EEL =      4596.0678  VDWAALS    =     12734.4920
 EELEC  =   -104799.6336  EHBOND  =         0.0000  RESTRAINT  =         0.0000
 ------------------------------------------------------------------------------


 NSTEP =    27500   TIME(PS) =      44.750  TEMP(K) =   309.22  PRESS =     0.0
 Etot   =    -50700.8806  EKtot   =     21274.4258  EPtot      =    -71975.3064
 BOND   =     12727.2625  ANGLE   =      1097.2559  DIHED      =      1328.2749
 1-4 NB =       439.5676  1-4 EEL =      4631.6334  VDWAALS    =     12388.0475
 EELEC  =   -104587.3481  EHBOND  =         0.0000  RESTRAINT  =         0.0000
 ------------------------------------------------------------------------------

check COM velocity, temp:        0.000008     0.00(Removed)

 NSTEP =    28000   TIME(PS) =      45.000  TEMP(K) =   307.72  PRESS =     0.0
 Etot   =    -50696.2231  EKtot   =     21170.7793  EPtot      =    -71867.0024
 BOND   =     12847.1693  ANGLE   =      1072.0222  DIHED      =      1345.9546
 1-4 NB =       455.4530  1-4 EEL =      4620.6746  VDWAALS    =     12671.8869
 EELEC  =   -104880.1629  EHBOND  =         0.0000  RESTRAINT  =         0.0000
 ------------------------------------------------------------------------------


 NSTEP =    28500   TIME(PS) =      45.250  TEMP(K) =   307.63  PRESS =     0.0
 Etot   =    -50698.0883  EKtot   =     21164.7422  EPtot      =    -71862.8305
 BOND   =     12867.1484  ANGLE   =      1051.2813  DIHED      =      1350.2034
 1-4 NB =       439.7750  1-4 EEL =      4635.4399  VDWAALS    =     12711.6492
 EELEC  =   -104918.3276  EHBOND  =         0.0000  RESTRAINT  =         0.0000
 ------------------------------------------------------------------------------

check COM velocity, temp:        0.000006     0.00(Removed)

 NSTEP =    29000   TIME(PS) =      45.500  TEMP(K) =   306.85  PRESS =     0.0
 Etot   =    -50699.4549  EKtot   =     21111.4062  EPtot      =    -71810.8612
 BOND   =     12773.8886  ANGLE   =      1110.2222  DIHED      =      1324.7005
 1-4 NB =       459.1490  1-4 EEL =      4610.8459  VDWAALS    =     12489.9424
 EELEC  =   -104579.6099  EHBOND  =         0.0000  RESTRAINT  =         0.0000
 ------------------------------------------------------------------------------


 NSTEP =    29500   TIME(PS) =      45.750  TEMP(K) =   309.59  PRESS =     0.0
 Etot   =    -50696.6829  EKtot   =     21299.4961  EPtot      =    -71996.1790
 BOND   =     12854.2931  ANGLE   =      1103.9614  DIHED      =      1327.0068
 1-4 NB =       451.4737  1-4 EEL =      4577.2187  VDWAALS    =     12496.7480
 EELEC  =   -104806.8806  EHBOND  =         0.0000  RESTRAINT  =         0.0000
 ------------------------------------------------------------------------------

check COM velocity, temp:        0.000006     0.00(Removed)

 NSTEP =    30000   TIME(PS) =      46.000  TEMP(K) =   304.86  PRESS =     0.0
 Etot   =    -50695.1445  EKtot   =     20973.9219  EPtot      =    -71669.0664
 BOND   =     12899.1162  ANGLE   =      1117.7795  DIHED      =      1344.8182
 1-4 NB =       444.3285  1-4 EEL =      4637.5928  VDWAALS    =     12731.9163
 EELEC  =   -104844.6179  EHBOND  =         0.0000  RESTRAINT  =         0.0000
 ------------------------------------------------------------------------------


 NSTEP =    30500   TIME(PS) =      46.250  TEMP(K) =   307.93  PRESS =     0.0
 Etot   =    -50697.8398  EKtot   =     21185.6016  EPtot      =    -71883.4414
 BOND   =     12791.3607  ANGLE   =      1091.0824  DIHED      =      1327.5218
 1-4 NB =       459.2198  1-4 EEL =      4643.1743  VDWAALS    =     12285.1913
 EELEC  =   -104480.9918  EHBOND  =         0.0000  RESTRAINT  =         0.0000
 ------------------------------------------------------------------------------

check COM velocity, temp:        0.000006     0.00(Removed)

 NSTEP =    31000   TIME(PS) =      46.500  TEMP(K) =   305.91  PRESS =     0.0
 Etot   =    -50697.7536  EKtot   =     21046.7227  EPtot      =    -71744.4763
 BOND   =     12829.9312  ANGLE   =      1133.4192  DIHED      =      1356.4754
 1-4 NB =       429.8457  1-4 EEL =      4580.8723  VDWAALS    =     12489.6060
 EELEC  =   -104564.6260  EHBOND  =         0.0000  RESTRAINT  =         0.0000
 ------------------------------------------------------------------------------


 NSTEP =    31500   TIME(PS) =      46.750  TEMP(K) =   307.08  PRESS =     0.0
 Etot   =    -50693.2093  EKtot   =     21127.2461  EPtot      =    -71820.4554
 BOND   =     12886.7001  ANGLE   =      1078.4266  DIHED      =      1342.1270
 1-4 NB =       438.0006  1-4 EEL =      4631.1176  VDWAALS    =     12464.5737
 EELEC  =   -104661.4010  EHBOND  =         0.0000  RESTRAINT  =         0.0000
 ------------------------------------------------------------------------------

check COM velocity, temp:        0.000008     0.00(Removed)

 NSTEP =    32000   TIME(PS) =      47.000  TEMP(K) =   306.90  PRESS =     0.0
 Etot   =    -50695.9035  EKtot   =     21114.6602  EPtot      =    -71810.5636
 BOND   =     12898.9193  ANGLE   =      1117.7605  DIHED      =      1351.5480
 1-4 NB =       446.3900  1-4 EEL =      4626.3594  VDWAALS    =     12656.0384
 EELEC  =   -104907.5793  EHBOND  =         0.0000  RESTRAINT  =         0.0000
 ------------------------------------------------------------------------------


 NSTEP =    32500   TIME(PS) =      47.250  TEMP(K) =   306.07  PRESS =     0.0
 Etot   =    -50696.6469  EKtot   =     21057.7402  EPtot      =    -71754.3871
 BOND   =     12843.5033  ANGLE   =      1094.5302  DIHED      =      1360.6928
 1-4 NB =       435.8926  1-4 EEL =      4596.3554  VDWAALS    =     12413.9738
 EELEC  =   -104499.3352  EHBOND  =         0.0000  RESTRAINT  =         0.0000
 ------------------------------------------------------------------------------

check COM velocity, temp:        0.000007     0.00(Removed)

 NSTEP =    33000   TIME(PS) =      47.500  TEMP(K) =   305.94  PRESS =     0.0
 Etot   =    -50693.0016  EKtot   =     21048.8770  EPtot      =    -71741.8785
 BOND   =     12905.8009  ANGLE   =      1100.2242  DIHED      =      1361.0985
 1-4 NB =       444.0959  1-4 EEL =      4603.3901  VDWAALS    =     12686.2831
 EELEC  =   -104842.7713  EHBOND  =         0.0000  RESTRAINT  =         0.0000
 ------------------------------------------------------------------------------


 NSTEP =    33500   TIME(PS) =      47.750  TEMP(K) =   305.90  PRESS =     0.0
 Etot   =    -50693.8145  EKtot   =     21046.0645  EPtot      =    -71739.8789
 BOND   =     13016.9900  ANGLE   =      1089.3344  DIHED      =      1355.3264
 1-4 NB =       430.4968  1-4 EEL =      4636.0921  VDWAALS    =     12370.5689
 EELEC  =   -104638.6875  EHBOND  =         0.0000  RESTRAINT  =         0.0000
 ------------------------------------------------------------------------------

check COM velocity, temp:        0.000003     0.00(Removed)

 NSTEP =    34000   TIME(PS) =      48.000  TEMP(K) =   306.72  PRESS =     0.0
 Etot   =    -50693.0238  EKtot   =     21102.0430  EPtot      =    -71795.0668
 BOND   =     12985.0978  ANGLE   =      1061.7713  DIHED      =      1331.1376
 1-4 NB =       446.7739  1-4 EEL =      4664.7440  VDWAALS    =     12893.7218
 EELEC  =   -105178.3132  EHBOND  =         0.0000  RESTRAINT  =         0.0000
 ------------------------------------------------------------------------------


 NSTEP =    34500   TIME(PS) =      48.250  TEMP(K) =   305.96  PRESS =     0.0
 Etot   =    -50691.9472  EKtot   =     21049.6875  EPtot      =    -71741.6347
 BOND   =     12937.1820  ANGLE   =      1091.5062  DIHED      =      1342.0560
 1-4 NB =       458.0121  1-4 EEL =      4609.7809  VDWAALS    =     12516.0573
 EELEC  =   -104696.2293  EHBOND  =         0.0000  RESTRAINT  =         0.0000
 ------------------------------------------------------------------------------

check COM velocity, temp:        0.000005     0.00(Removed)

 NSTEP =    35000   TIME(PS) =      48.500  TEMP(K) =   306.11  PRESS =     0.0
 Etot   =    -50691.8500  EKtot   =     21059.9668  EPtot      =    -71751.8168
 BOND   =     12999.9728  ANGLE   =      1090.9710  DIHED      =      1346.3879
 1-4 NB =       440.0785  1-4 EEL =      4603.8122  VDWAALS    =     12492.1947
 EELEC  =   -104725.2339  EHBOND  =         0.0000  RESTRAINT  =         0.0000
 ------------------------------------------------------------------------------


 NSTEP =    35500   TIME(PS) =      48.750  TEMP(K) =   306.71  PRESS =     0.0
 Etot   =    -50696.2973  EKtot   =     21101.4512  EPtot      =    -71797.7484
 BOND   =     13010.1889  ANGLE   =      1090.6773  DIHED      =      1329.5532
 1-4 NB =       441.5848  1-4 EEL =      4618.8814  VDWAALS    =     12684.5898
 EELEC  =   -104973.2238  EHBOND  =         0.0000  RESTRAINT  =         0.0000
 ------------------------------------------------------------------------------

check COM velocity, temp:        0.000005     0.00(Removed)

 NSTEP =    36000   TIME(PS) =      49.000  TEMP(K) =   306.70  PRESS =     0.0
 Etot   =    -50699.6116  EKtot   =     21100.6914  EPtot      =    -71800.3030
 BOND   =     12928.4417  ANGLE   =      1104.1583  DIHED      =      1334.9289
 1-4 NB =       437.3266  1-4 EEL =      4609.2028  VDWAALS    =     12670.3800
 EELEC  =   -104884.7414  EHBOND  =         0.0000  RESTRAINT  =         0.0000
 ------------------------------------------------------------------------------


 NSTEP =    36500   TIME(PS) =      49.250  TEMP(K) =   309.74  PRESS =     0.0
 Etot   =    -50696.2549  EKtot   =     21309.9004  EPtot      =    -72006.1553
 BOND   =     12762.2314  ANGLE   =      1093.7447  DIHED      =      1353.7114
 1-4 NB =       449.2099  1-4 EEL =      4617.5447  VDWAALS    =     12711.9513
 EELEC  =   -104994.5487  EHBOND  =         0.0000  RESTRAINT  =         0.0000
 ------------------------------------------------------------------------------

check COM velocity, temp:        0.000005     0.00(Removed)

 NSTEP =    37000   TIME(PS) =      49.500  TEMP(K) =   306.92  PRESS =     0.0
 Etot   =    -50697.7058  EKtot   =     21115.9707  EPtot      =    -71813.6765
 BOND   =     12830.5095  ANGLE   =      1052.9746  DIHED      =      1331.9212
 1-4 NB =       447.1605  1-4 EEL =      4631.5687  VDWAALS    =     12368.3482
 EELEC  =   -104476.1592  EHBOND  =         0.0000  RESTRAINT  =         0.0000
 ------------------------------------------------------------------------------


 NSTEP =    37500   TIME(PS) =      49.750  TEMP(K) =   306.42  PRESS =     0.0
 Etot   =    -50694.5410  EKtot   =     21081.6230  EPtot      =    -71776.1640
 BOND   =     12993.5715  ANGLE   =      1056.8216  DIHED      =      1343.9275
 1-4 NB =       435.7782  1-4 EEL =      4605.5281  VDWAALS    =     12548.5309
 EELEC  =   -104760.3218  EHBOND  =         0.0000  RESTRAINT  =         0.0000
 ------------------------------------------------------------------------------

check COM velocity, temp:        0.000002     0.00(Removed)

 NSTEP =    38000   TIME(PS) =      50.000  TEMP(K) =   307.70  PRESS =     0.0
 Etot   =    -50697.5139  EKtot   =     21169.6875  EPtot      =    -71867.2014
 BOND   =     12730.9566  ANGLE   =      1070.0212  DIHED      =      1336.3051
 1-4 NB =       446.9361  1-4 EEL =      4587.8375  VDWAALS    =     12691.3117
 EELEC  =   -104730.5696  EHBOND  =         0.0000  RESTRAINT  =         0.0000
 ------------------------------------------------------------------------------


 NSTEP =    38500   TIME(PS) =      50.250  TEMP(K) =   309.03  PRESS =     0.0
 Etot   =    -50697.3379  EKtot   =     21261.4297  EPtot      =    -71958.7676
 BOND   =     12683.6602  ANGLE   =      1073.0418  DIHED      =      1329.7903
 1-4 NB =       441.8826  1-4 EEL =      4631.1670  VDWAALS    =     12687.9601
 EELEC  =   -104806.2695  EHBOND  =         0.0000  RESTRAINT  =         0.0000
 ------------------------------------------------------------------------------

check COM velocity, temp:        0.000006     0.00(Removed)

 NSTEP =    39000   TIME(PS) =      50.500  TEMP(K) =   308.12  PRESS =     0.0
 Etot   =    -50694.1010  EKtot   =     21198.5137  EPtot      =    -71892.6147
 BOND   =     12911.5908  ANGLE   =      1104.5482  DIHED      =      1345.1104
 1-4 NB =       439.3213  1-4 EEL =      4606.0487  VDWAALS    =     12623.1680
 EELEC  =   -104922.4020  EHBOND  =         0.0000  RESTRAINT  =         0.0000
 ------------------------------------------------------------------------------


 NSTEP =    39500   TIME(PS) =      50.750  TEMP(K) =   307.64  PRESS =     0.0
 Etot   =    -50696.6905  EKtot   =     21165.2441  EPtot      =    -71861.9346
 BOND   =     12973.7697  ANGLE   =      1090.4519  DIHED      =      1326.5338
 1-4 NB =       438.1915  1-4 EEL =      4618.2215  VDWAALS    =     12428.7206
 EELEC  =   -104737.8236  EHBOND  =         0.0000  RESTRAINT  =         0.0000
 ------------------------------------------------------------------------------

check COM velocity, temp:        0.000002     0.00(Removed)

 NSTEP =    40000   TIME(PS) =      51.000  TEMP(K) =   306.05  PRESS =     0.0
 Etot   =    -50698.0191  EKtot   =     21056.2363  EPtot      =    -71754.2554
 BOND   =     12964.5038  ANGLE   =      1085.0420  DIHED      =      1343.0950
 1-4 NB =       451.5341  1-4 EEL =      4582.1516  VDWAALS    =     12702.3468
 EELEC  =   -104882.9286  EHBOND  =         0.0000  RESTRAINT  =         0.0000
 ------------------------------------------------------------------------------


      A V E R A G E S   O V E R      80 S T E P S


 NSTEP =    40000   TIME(PS) =      51.000  TEMP(K) =   307.40  PRESS =     0.0
 Etot   =    -50696.1476  EKtot   =     21148.8243  EPtot      =    -71844.9720
 BOND   =     12901.2603  ANGLE   =      1103.1280  DIHED      =      1341.7784
 1-4 NB =       446.3893  1-4 EEL =      4618.1450  VDWAALS    =     12578.8424
 EELEC  =   -104834.5154  EHBOND  =         0.0000  RESTRAINT  =         0.0000
 ------------------------------------------------------------------------------


      R M S  F L U C T U A T I O N S


 NSTEP =    40000   TIME(PS) =      51.000  TEMP(K) =     1.23  PRESS =     0.0
 Etot   =         2.2812  EKtot   =        84.4182  EPtot      =        85.3093
 BOND   =       105.3183  ANGLE   =        28.8121  DIHED      =        11.8861
 1-4 NB =         9.2456  1-4 EEL =        23.5718  VDWAALS    =       152.7275
 EELEC  =       212.3174  EHBOND  =         0.0000  RESTRAINT  =         0.0000
|E(PBS) =         1.0427
 ------------------------------------------------------------------------------

--------------------------------------------------------------------------------
   5.  TIMINGS
--------------------------------------------------------------------------------

|  NonSetup CPU Time in Major Routines:
|
|     Routine           Sec        %
|     ------------------------------
|     Nonbond           8.35   12.44
|     Bond              0.00    0.00
|     Angle             0.00    0.00
|     Dihedral          0.00    0.00
|     Shake             0.00    0.00
|     RunMD            58.71   87.47
|     Other             0.06    0.08
|     ------------------------------
|     Total            67.12

|  PME Nonbond Pairlist CPU Time:
|
|     Routine              Sec        %
|     ---------------------------------
|     Set Up Cit           0.00    0.00
|     Build List           0.00    0.00
|     ---------------------------------
|     Total                0.00    0.00

|  PME Direct Force CPU Time:
|
|     Routine              Sec        %
|     ---------------------------------
|     NonBonded Calc       0.00    0.00
|     Exclude Masked       0.00    0.00
|     Other                0.00    0.01
|     ---------------------------------
|     Total                0.00    0.01

|  PME Reciprocal Force CPU Time:
|
|     Routine              Sec        %
|     ---------------------------------
|     1D bspline           0.00    0.00
|     Grid Charges         0.00    0.00
|     Scalar Sum           0.00    0.00
|     Gradient Sum         0.00    0.00
|     FFT                  0.00    0.00
|     ---------------------------------
|     Total                0.00    0.00

|  Final Performance Info:
|     -----------------------------------------------------
|     Average timings for last    4000 steps:
|     Elapsed(s) =       6.56 Per Step(ms) =       1.64
|         ns/day =      26.32   seconds/ns =    3282.25
|
|     Average timings for all steps:
|     Elapsed(s) =      67.98 Per Step(ms) =       1.70
|         ns/day =      25.42   seconds/ns =    3398.91
|     -----------------------------------------------------

|  Setup CPU time:            1.78 seconds
|  NonSetup CPU time:        67.12 seconds
|  Total CPU time:           68.90 seconds     0.02 hours

|  Setup wall time:           3    seconds
|  NonSetup wall time:       68    seconds
|  Total wall time:          71    seconds     0.02 hours
