
          -------------------------------------------------------
          Amber 16 PMEMD                              2016
          -------------------------------------------------------

| PMEMD implementation of SANDER, Release 16

| Run on 08/25/2017 at 12:45:14

|   Executable path: /apps/amber16/bin/pmemd.cuda
| Working directory: /scratch/pbarletta/pdz/run/lb/neq/data/larga_4
|          Hostname: mordor

  [-O]verwriting output

File Assignments:
|   MDIN: pdt.in                                                                
|  MDOUT: T3pplb_4.out                                                          
| INPCRD: /scratch/pbarletta/pdz/run/lb/neq/data/corta_4/T3plb_4.rst7           
|   PARM: /scratch/pbarletta/pdz/top_files/lb.prmtop                            
| RESTRT: T3pplb_4.rst7                                                         
|   REFC: refc                                                                  
|  MDVEL: mdvel                                                                 
|   MDEN: mden                                                                  
|  MDCRD: T3pplb_4.nc                                                           
| MDINFO: mdinfo                                                                
|  MDFRC: mdfrc                                                                 


 Here is the input file:

!NVE run                                                                       
&cntrl                                                                         
imin = 0,                           ! No Minimization                          
nmropt = 0,                         ! No NMR restraints read                   
                                                                               
! Nature and format of the input                                               
ntx = 5,                            ! Coordinates will be read, assign new velo
irest = 1,                          ! Do not run a new simulation              
                                                                               
! Nature and format of the output                                              
ioutfm = 1,			    ! NetCDF format for output files                             
ntxo = 1,                           ! rstrt file in ASCII format               
ntpr = 500,                         ! inf in output every ntpr steps           
ntwr = 500,                         ! rstrt file every ntwr steps              
ntwx = 100,                         ! mdcrd file every ntwx steps              
ntwv = -1,                          ! mdvel without velocities                 
ntwe = 0,                           ! Energies and temperatures not written in 
idecomp = 0,                        ! No energy decomposition                  
iwrap = 1,                          ! Coordinates of the restart and mdcrd file
                                                                               
! Frozen or restrained atoms                                                   
ibelly = 0,                         ! No frozen atoms                          
ntr=0,                              ! Harmonic potential restraints            
                                                                               
! Molecular dynamics                                                           
nstlim = 40000,                      ! Number of MD-steps                      
dt = 0.0005,                        ! Time step                                
                                                                               
! Temperature regulation                                                       
ntt = 0,                            ! Constant total energy                    
                                                                               
! P and V regulation                                                           
ntp = 0,                            ! No P control                             
ntb = 1,                            ! constant V                               
                                                                               
! SHAKE variables                                                              
ntc = 1,                            ! Bonds involving H are constrained        
ntf = 1,                            ! Bond interaction involving H are ommited.
                                                                               
cut = 9.0,                          ! Nonbonded cutoff                         
/                                                                              
&end                                                                           


Note: ig = -1. Setting random seed to   100080 based on wallclock time in 
      microseconds.
| irandom = 1, using AMBER's internal random number generator (default).
 
|--------------------- INFORMATION ----------------------
| GPU (CUDA) Version of PMEMD in use: NVIDIA GPU IN USE.
|                    Version 16.0.0
| 
|                      02/25/2016
| 
| Implementation by:
|                    Ross C. Walker     (SDSC)
|                    Scott Le Grand     (nVIDIA)
| 
| Precision model in use:
|      [SPFP] - Single Precision Forces, 64-bit Fixed Point
|               Accumulation. (Default)
| 
|--------------------------------------------------------
 
|----------------- CITATION INFORMATION -----------------
|
|    When publishing work that utilized the CUDA version
|    of AMBER, please cite the following in addition to
|    the regular AMBER citations:
|
|  - Romelia Salomon-Ferrer; Andreas W. Goetz; Duncan
|    Poole; Scott Le Grand; Ross C. Walker "Routine
|    microsecond molecular dynamics simulations with
|    AMBER - Part II: Particle Mesh Ewald", J. Chem.
|    Theory Comput., 2013, 9 (9), pp3878-3888,
|    DOI: 10.1021/ct400314y.
|
|  - Andreas W. Goetz; Mark J. Williamson; Dong Xu;
|    Duncan Poole; Scott Le Grand; Ross C. Walker
|    "Routine microsecond molecular dynamics simulations
|    with AMBER - Part I: Generalized Born", J. Chem.
|    Theory Comput., 2012, 8 (5), pp1542-1555.
|
|  - Scott Le Grand; Andreas W. Goetz; Ross C. Walker
|    "SPFP: Speed without compromise - a mixed precision
|    model for GPU accelerated molecular dynamics
|    simulations.", Comp. Phys. Comm., 2013, 184
|    pp374-380, DOI: 10.1016/j.cpc.2012.09.022
|
|--------------------------------------------------------
 
|------------------- GPU DEVICE INFO --------------------
|
|            CUDA_VISIBLE_DEVICES: 0
|   CUDA Capable Devices Detected:      1
|           CUDA Device ID in use:      0
|                CUDA Device Name: GeForce GTX TITAN
|     CUDA Device Global Mem Size:   6082 MB
| CUDA Device Num Multiprocessors:     14
|           CUDA Device Core Freq:   0.93 GHz
|
|--------------------------------------------------------
 
 
| Conditional Compilation Defines Used:
| PUBFFT
| BINTRAJ
| CUDA
| EMIL

| Largest sphere to fit in unit cell has radius =    26.281

| New format PARM file being parsed.
| Version =    1.000 Date = 09/04/12 Time = 16:08:43

| Note: 1-4 EEL scale factors are being read from the topology file.

| Note: 1-4 VDW scale factors are being read from the topology file.
| Duplicated    0 dihedrals

| Duplicated    0 dihedrals

--------------------------------------------------------------------------------
   1.  RESOURCE   USE: 
--------------------------------------------------------------------------------

 getting new box info from bottom of inpcrd
 NATOM  =   23082 NTYPES =      16 NBONH =   22055 MBONA  =    1038
 NTHETH =    2390 MTHETA =    1396 NPHIH =    4631 MPHIA  =    3488
 NHPARM =       0 NPARM  =       0 NNB   =   39434 NRES   =    7134
 NBONA  =    1038 NTHETA =    1396 NPHIA =    3488 NUMBND =      41
 NUMANG =      86 NPTRA  =      41 NATYP =      28 NPHB   =       1
 IFBOX  =       1 NMXRS  =      24 IFCAP =       0 NEXTRA =       0
 NCOPY  =       0

| Coordinate Index Table dimensions:    12   14   10
| Direct force subcell size =     5.0212    5.2012    5.2562

     BOX TYPE: RECTILINEAR

--------------------------------------------------------------------------------
   2.  CONTROL  DATA  FOR  THE  RUN
--------------------------------------------------------------------------------

default_name                                                                    

General flags:
     imin    =       0, nmropt  =       0

Nature and format of input:
     ntx     =       5, irest   =       1, ntrx    =       1

Nature and format of output:
     ntxo    =       1, ntpr    =     500, ntrx    =       1, ntwr    =     500
     iwrap   =       1, ntwx    =     100, ntwv    =      -1, ntwe    =       0
     ioutfm  =       1, ntwprt  =       0, idecomp =       0, rbornstat=      0

Potential function:
     ntf     =       1, ntb     =       1, igb     =       0, nsnb    =      25
     ipol    =       0, gbsa    =       0, iesp    =       0
     dielc   =   1.00000, cut     =   9.00000, intdiel =   1.00000

Frozen or restrained atoms:
     ibelly  =       0, ntr     =       0

Molecular dynamics:
     nstlim  =     40000, nscm    =      1000, nrespa  =         1
     t       =   0.00000, dt      =   0.00050, vlimit  =  -1.00000

| Intermolecular bonds treatment:
|     no_intermolecular_bonds =       1

| Energy averages sample interval:
|     ene_avg_sampling =     500

Ewald parameters:
     verbose =       0, ew_type =       0, nbflag  =       1, use_pme =       1
     vdwmeth =       1, eedmeth =       1, netfrc  =       1
     Box X =   60.254   Box Y =   72.816   Box Z =   52.562
     Alpha =   90.000   Beta  =   90.000   Gamma =   90.000
     NFFT1 =   64       NFFT2 =   80       NFFT3 =   56
     Cutoff=    9.000   Tol   =0.100E-04
     Ewald Coefficient =  0.30768
     Interpolation order =    4

--------------------------------------------------------------------------------
   3.  ATOMIC COORDINATES AND VELOCITIES
--------------------------------------------------------------------------------

default_name                                                                    
 begin time read from input coords =    31.000 ps

 
 Number of triangulated 3-point waters found:     7002

     Sum of charges from parm topology file =  -0.00000008
     Forcing neutrality...

| Dynamic Memory, Types Used:
| Reals              710578
| Integers           737140

| Nonbonded Pairs Initial Allocation:     5262696

| GPU memory information (estimate):
| KB of GPU memory in use:     63171
| KB of CPU memory in use:     27891

--------------------------------------------------------------------------------
   4.  RESULTS
--------------------------------------------------------------------------------

 ---------------------------------------------------
 APPROXIMATING switch and d/dx switch using CUBIC SPLINE INTERPOLATION
 using   5000.0 points per unit in tabled values
 TESTING RELATIVE ERROR over r ranging from 0.0 to cutoff
| CHECK switch(x): max rel err =   0.2738E-14   at   2.422500
| CHECK d/dx switch(x): max rel err =   0.8314E-11   at   2.736960
 ---------------------------------------------------
|---------------------------------------------------
| APPROXIMATING direct energy using CUBIC SPLINE INTERPOLATION
|  with   50.0 points per unit in tabled values
| Relative Error Limit not exceeded for r .gt.   2.39
| APPROXIMATING direct force using CUBIC SPLINE INTERPOLATION
|  with   50.0 points per unit in tabled values
| Relative Error Limit not exceeded for r .gt.   2.84
|---------------------------------------------------

 NSTEP =      500   TIME(PS) =      31.250  TEMP(K) =   308.87  PRESS =     0.0
 Etot   =    -50989.8624  EKtot   =     21250.3516  EPtot      =    -72240.2140
 BOND   =     13064.6926  ANGLE   =      1237.4644  DIHED      =      1327.8896
 1-4 NB =       457.8081  1-4 EEL =      4637.8122  VDWAALS    =     13111.3993
 EELEC  =   -106077.2801  EHBOND  =         0.0000  RESTRAINT  =         0.0000
 ------------------------------------------------------------------------------

check COM velocity, temp:        0.000007     0.00(Removed)

 NSTEP =     1000   TIME(PS) =      31.500  TEMP(K) =   306.15  PRESS =     0.0
 Etot   =    -50988.3718  EKtot   =     21063.0215  EPtot      =    -72051.3933
 BOND   =     13046.0387  ANGLE   =      1279.8476  DIHED      =      1349.3867
 1-4 NB =       458.6730  1-4 EEL =      4646.3451  VDWAALS    =     12825.4368
 EELEC  =   -105657.1211  EHBOND  =         0.0000  RESTRAINT  =         0.0000
 ------------------------------------------------------------------------------


 NSTEP =     1500   TIME(PS) =      31.750  TEMP(K) =   306.94  PRESS =     0.0
 Etot   =    -50992.3528  EKtot   =     21117.3301  EPtot      =    -72109.6828
 BOND   =     12756.1417  ANGLE   =      1220.8500  DIHED      =      1348.2236
 1-4 NB =       446.7556  1-4 EEL =      4640.3717  VDWAALS    =     12717.1194
 EELEC  =   -105239.1448  EHBOND  =         0.0000  RESTRAINT  =         0.0000
 ------------------------------------------------------------------------------

check COM velocity, temp:        0.000008     0.00(Removed)

 NSTEP =     2000   TIME(PS) =      32.000  TEMP(K) =   306.31  PRESS =     0.0
 Etot   =    -50996.3888  EKtot   =     21074.1504  EPtot      =    -72070.5392
 BOND   =     12641.7402  ANGLE   =      1220.3184  DIHED      =      1344.1848
 1-4 NB =       450.6967  1-4 EEL =      4595.4313  VDWAALS    =     12850.2573
 EELEC  =   -105173.1680  EHBOND  =         0.0000  RESTRAINT  =         0.0000
 ------------------------------------------------------------------------------


 NSTEP =     2500   TIME(PS) =      32.250  TEMP(K) =   309.27  PRESS =     0.0
 Etot   =    -50996.9103  EKtot   =     21277.8789  EPtot      =    -72274.7892
 BOND   =     12855.7998  ANGLE   =      1158.3628  DIHED      =      1349.3110
 1-4 NB =       460.6446  1-4 EEL =      4644.5936  VDWAALS    =     12869.8204
 EELEC  =   -105613.3214  EHBOND  =         0.0000  RESTRAINT  =         0.0000
 ------------------------------------------------------------------------------

check COM velocity, temp:        0.000005     0.00(Removed)

 NSTEP =     3000   TIME(PS) =      32.500  TEMP(K) =   307.14  PRESS =     0.0
 Etot   =    -50991.3506  EKtot   =     21131.0020  EPtot      =    -72122.3525
 BOND   =     13060.2493  ANGLE   =      1194.4896  DIHED      =      1334.0969
 1-4 NB =       451.3759  1-4 EEL =      4613.3323  VDWAALS    =     12859.3936
 EELEC  =   -105635.2901  EHBOND  =         0.0000  RESTRAINT  =         0.0000
 ------------------------------------------------------------------------------


 NSTEP =     3500   TIME(PS) =      32.750  TEMP(K) =   306.21  PRESS =     0.0
 Etot   =    -50985.7424  EKtot   =     21067.2480  EPtot      =    -72052.9904
 BOND   =     13100.6912  ANGLE   =      1210.3019  DIHED      =      1354.8907
 1-4 NB =       437.1067  1-4 EEL =      4661.7575  VDWAALS    =     12678.9711
 EELEC  =   -105496.7096  EHBOND  =         0.0000  RESTRAINT  =         0.0000
 ------------------------------------------------------------------------------

check COM velocity, temp:        0.000008     0.00(Removed)

 NSTEP =     4000   TIME(PS) =      33.000  TEMP(K) =   307.83  PRESS =     0.0
 Etot   =    -50991.8149  EKtot   =     21178.8105  EPtot      =    -72170.6255
 BOND   =     13099.1295  ANGLE   =      1153.4508  DIHED      =      1334.1778
 1-4 NB =       453.4764  1-4 EEL =      4585.9460  VDWAALS    =     12696.0055
 EELEC  =   -105492.8114  EHBOND  =         0.0000  RESTRAINT  =         0.0000
 ------------------------------------------------------------------------------


 NSTEP =     4500   TIME(PS) =      33.250  TEMP(K) =   305.32  PRESS =     0.0
 Etot   =    -50990.0898  EKtot   =     21005.6172  EPtot      =    -71995.7070
 BOND   =     13084.1223  ANGLE   =      1190.3155  DIHED      =      1334.5311
 1-4 NB =       453.4040  1-4 EEL =      4622.3716  VDWAALS    =     12786.3744
 EELEC  =   -105466.8259  EHBOND  =         0.0000  RESTRAINT  =         0.0000
 ------------------------------------------------------------------------------

check COM velocity, temp:        0.000008     0.00(Removed)

 NSTEP =     5000   TIME(PS) =      33.500  TEMP(K) =   307.71  PRESS =     0.0
 Etot   =    -50990.8916  EKtot   =     21170.1523  EPtot      =    -72161.0440
 BOND   =     13124.7622  ANGLE   =      1186.8622  DIHED      =      1319.2906
 1-4 NB =       441.6835  1-4 EEL =      4610.5693  VDWAALS    =     12636.4614
 EELEC  =   -105480.6732  EHBOND  =         0.0000  RESTRAINT  =         0.0000
 ------------------------------------------------------------------------------


 NSTEP =     5500   TIME(PS) =      33.750  TEMP(K) =   306.05  PRESS =     0.0
 Etot   =    -50992.7822  EKtot   =     21056.0176  EPtot      =    -72048.7998
 BOND   =     12889.6859  ANGLE   =      1150.0833  DIHED      =      1339.4611
 1-4 NB =       466.8190  1-4 EEL =      4634.4507  VDWAALS    =     12662.9482
 EELEC  =   -105192.2480  EHBOND  =         0.0000  RESTRAINT  =         0.0000
 ------------------------------------------------------------------------------

check COM velocity, temp:        0.000006     0.00(Removed)

 NSTEP =     6000   TIME(PS) =      34.000  TEMP(K) =   307.38  PRESS =     0.0
 Etot   =    -50991.3338  EKtot   =     21147.8184  EPtot      =    -72139.1521
 BOND   =     12960.4397  ANGLE   =      1126.6772  DIHED      =      1333.7353
 1-4 NB =       450.1348  1-4 EEL =      4579.1273  VDWAALS    =     12459.9635
 EELEC  =   -105049.2300  EHBOND  =         0.0000  RESTRAINT  =         0.0000
 ------------------------------------------------------------------------------


 NSTEP =     6500   TIME(PS) =      34.250  TEMP(K) =   305.47  PRESS =     0.0
 Etot   =    -50987.6058  EKtot   =     21016.1953  EPtot      =    -72003.8012
 BOND   =     12999.0842  ANGLE   =      1129.8699  DIHED      =      1328.4040
 1-4 NB =       438.7352  1-4 EEL =      4661.3348  VDWAALS    =     12652.8237
 EELEC  =   -105214.0529  EHBOND  =         0.0000  RESTRAINT  =         0.0000
 ------------------------------------------------------------------------------

check COM velocity, temp:        0.000007     0.00(Removed)

 NSTEP =     7000   TIME(PS) =      34.500  TEMP(K) =   305.16  PRESS =     0.0
 Etot   =    -50988.4314  EKtot   =     20994.7500  EPtot      =    -71983.1814
 BOND   =     13019.0902  ANGLE   =      1165.1348  DIHED      =      1338.1722
 1-4 NB =       449.0685  1-4 EEL =      4617.8298  VDWAALS    =     12891.4526
 EELEC  =   -105463.9295  EHBOND  =         0.0000  RESTRAINT  =         0.0000
 ------------------------------------------------------------------------------


 NSTEP =     7500   TIME(PS) =      34.750  TEMP(K) =   308.03  PRESS =     0.0
 Etot   =    -50993.1643  EKtot   =     21192.5547  EPtot      =    -72185.7190
 BOND   =     13056.9269  ANGLE   =      1151.2566  DIHED      =      1336.5298
 1-4 NB =       445.6909  1-4 EEL =      4597.5934  VDWAALS    =     12817.1625
 EELEC  =   -105590.8791  EHBOND  =         0.0000  RESTRAINT  =         0.0000
 ------------------------------------------------------------------------------

check COM velocity, temp:        0.000003     0.00(Removed)

 NSTEP =     8000   TIME(PS) =      35.000  TEMP(K) =   307.34  PRESS =     0.0
 Etot   =    -50992.1448  EKtot   =     21144.8301  EPtot      =    -72136.9749
 BOND   =     12951.3520  ANGLE   =      1154.7499  DIHED      =      1335.2602
 1-4 NB =       457.6609  1-4 EEL =      4599.7437  VDWAALS    =     12696.5831
 EELEC  =   -105332.3246  EHBOND  =         0.0000  RESTRAINT  =         0.0000
 ------------------------------------------------------------------------------


 NSTEP =     8500   TIME(PS) =      35.250  TEMP(K) =   308.37  PRESS =     0.0
 Etot   =    -50990.1197  EKtot   =     21215.7871  EPtot      =    -72205.9068
 BOND   =     12808.6301  ANGLE   =      1142.8211  DIHED      =      1316.9298
 1-4 NB =       440.6914  1-4 EEL =      4648.1980  VDWAALS    =     12900.4497
 EELEC  =   -105463.6269  EHBOND  =         0.0000  RESTRAINT  =         0.0000
 ------------------------------------------------------------------------------

check COM velocity, temp:        0.000003     0.00(Removed)

 NSTEP =     9000   TIME(PS) =      35.500  TEMP(K) =   308.73  PRESS =     0.0
 Etot   =    -50993.3126  EKtot   =     21240.4297  EPtot      =    -72233.7423
 BOND   =     12854.6911  ANGLE   =      1165.6303  DIHED      =      1329.9823
 1-4 NB =       463.2846  1-4 EEL =      4642.2426  VDWAALS    =     12783.5329
 EELEC  =   -105473.1061  EHBOND  =         0.0000  RESTRAINT  =         0.0000
 ------------------------------------------------------------------------------


 NSTEP =     9500   TIME(PS) =      35.750  TEMP(K) =   307.32  PRESS =     0.0
 Etot   =    -50989.7057  EKtot   =     21143.7324  EPtot      =    -72133.4381
 BOND   =     12814.6417  ANGLE   =      1168.4876  DIHED      =      1330.9346
 1-4 NB =       454.4869  1-4 EEL =      4639.8206  VDWAALS    =     12926.7607
 EELEC  =   -105468.5701  EHBOND  =         0.0000  RESTRAINT  =         0.0000
 ------------------------------------------------------------------------------

check COM velocity, temp:        0.000006     0.00(Removed)

 NSTEP =    10000   TIME(PS) =      36.000  TEMP(K) =   304.76  PRESS =     0.0
 Etot   =    -50987.2266  EKtot   =     20967.5762  EPtot      =    -71954.8028
 BOND   =     13031.7934  ANGLE   =      1139.5837  DIHED      =      1337.7299
 1-4 NB =       445.4275  1-4 EEL =      4585.1119  VDWAALS    =     12807.0663
 EELEC  =   -105301.5155  EHBOND  =         0.0000  RESTRAINT  =         0.0000
 ------------------------------------------------------------------------------


 NSTEP =    10500   TIME(PS) =      36.250  TEMP(K) =   307.43  PRESS =     0.0
 Etot   =    -50988.9147  EKtot   =     21150.7441  EPtot      =    -72139.6588
 BOND   =     12946.5399  ANGLE   =      1127.7113  DIHED      =      1324.3407
 1-4 NB =       437.8678  1-4 EEL =      4639.2892  VDWAALS    =     12882.2535
 EELEC  =   -105497.6611  EHBOND  =         0.0000  RESTRAINT  =         0.0000
 ------------------------------------------------------------------------------

check COM velocity, temp:        0.000008     0.00(Removed)

 NSTEP =    11000   TIME(PS) =      36.500  TEMP(K) =   306.04  PRESS =     0.0
 Etot   =    -50992.0396  EKtot   =     21055.4727  EPtot      =    -72047.5123
 BOND   =     12944.4348  ANGLE   =      1104.1294  DIHED      =      1347.2409
 1-4 NB =       449.8693  1-4 EEL =      4698.4546  VDWAALS    =     12633.3113
 EELEC  =   -105224.9526  EHBOND  =         0.0000  RESTRAINT  =         0.0000
 ------------------------------------------------------------------------------


 NSTEP =    11500   TIME(PS) =      36.750  TEMP(K) =   306.01  PRESS =     0.0
 Etot   =    -50989.7686  EKtot   =     21053.3535  EPtot      =    -72043.1221
 BOND   =     13064.2168  ANGLE   =      1129.0881  DIHED      =      1334.5640
 1-4 NB =       457.4717  1-4 EEL =      4612.7630  VDWAALS    =     12661.6807
 EELEC  =   -105302.9066  EHBOND  =         0.0000  RESTRAINT  =         0.0000
 ------------------------------------------------------------------------------

check COM velocity, temp:        0.000007     0.00(Removed)

 NSTEP =    12000   TIME(PS) =      37.000  TEMP(K) =   303.81  PRESS =     0.0
 Etot   =    -50987.3422  EKtot   =     20902.0918  EPtot      =    -71889.4340
 BOND   =     13002.3062  ANGLE   =      1168.6849  DIHED      =      1330.4030
 1-4 NB =       440.5194  1-4 EEL =      4627.8019  VDWAALS    =     12864.3851
 EELEC  =   -105323.5345  EHBOND  =         0.0000  RESTRAINT  =         0.0000
 ------------------------------------------------------------------------------


 NSTEP =    12500   TIME(PS) =      37.250  TEMP(K) =   306.13  PRESS =     0.0
 Etot   =    -50990.5881  EKtot   =     21061.4551  EPtot      =    -72052.0431
 BOND   =     12931.2688  ANGLE   =      1174.5250  DIHED      =      1338.9142
 1-4 NB =       444.8391  1-4 EEL =      4573.2509  VDWAALS    =     12642.8486
 EELEC  =   -105157.6898  EHBOND  =         0.0000  RESTRAINT  =         0.0000
 ------------------------------------------------------------------------------

check COM velocity, temp:        0.000005     0.00(Removed)

 NSTEP =    13000   TIME(PS) =      37.500  TEMP(K) =   303.49  PRESS =     0.0
 Etot   =    -50989.2434  EKtot   =     20880.1816  EPtot      =    -71869.4251
 BOND   =     12914.6033  ANGLE   =      1137.4977  DIHED      =      1322.1167
 1-4 NB =       461.9337  1-4 EEL =      4602.0204  VDWAALS    =     12841.8909
 EELEC  =   -105149.4878  EHBOND  =         0.0000  RESTRAINT  =         0.0000
 ------------------------------------------------------------------------------


 NSTEP =    13500   TIME(PS) =      37.750  TEMP(K) =   305.17  PRESS =     0.0
 Etot   =    -50990.5311  EKtot   =     20995.5449  EPtot      =    -71986.0760
 BOND   =     12868.7065  ANGLE   =      1149.3218  DIHED      =      1332.9845
 1-4 NB =       439.3827  1-4 EEL =      4647.4194  VDWAALS    =     12758.8206
 EELEC  =   -105182.7116  EHBOND  =         0.0000  RESTRAINT  =         0.0000
 ------------------------------------------------------------------------------

check COM velocity, temp:        0.000008     0.00(Removed)

 NSTEP =    14000   TIME(PS) =      38.000  TEMP(K) =   304.94  PRESS =     0.0
 Etot   =    -50992.8058  EKtot   =     20979.6777  EPtot      =    -71972.4835
 BOND   =     12872.5620  ANGLE   =      1118.1595  DIHED      =      1334.5929
 1-4 NB =       463.9835  1-4 EEL =      4640.8176  VDWAALS    =     12724.7170
 EELEC  =   -105127.3161  EHBOND  =         0.0000  RESTRAINT  =         0.0000
 ------------------------------------------------------------------------------


 NSTEP =    14500   TIME(PS) =      38.250  TEMP(K) =   306.34  PRESS =     0.0
 Etot   =    -50993.8196  EKtot   =     21075.9961  EPtot      =    -72069.8157
 BOND   =     12820.5637  ANGLE   =      1101.3661  DIHED      =      1339.8749
 1-4 NB =       465.7386  1-4 EEL =      4651.9029  VDWAALS    =     12535.5378
 EELEC  =   -104984.7997  EHBOND  =         0.0000  RESTRAINT  =         0.0000
 ------------------------------------------------------------------------------

check COM velocity, temp:        0.000004     0.00(Removed)

 NSTEP =    15000   TIME(PS) =      38.500  TEMP(K) =   307.31  PRESS =     0.0
 Etot   =    -50996.8769  EKtot   =     21142.6816  EPtot      =    -72139.5586
 BOND   =     12618.4670  ANGLE   =      1154.9885  DIHED      =      1339.1084
 1-4 NB =       441.7546  1-4 EEL =      4622.5969  VDWAALS    =     12807.6044
 EELEC  =   -105124.0783  EHBOND  =         0.0000  RESTRAINT  =         0.0000
 ------------------------------------------------------------------------------


 NSTEP =    15500   TIME(PS) =      38.750  TEMP(K) =   305.79  PRESS =     0.0
 Etot   =    -50993.9788  EKtot   =     21038.4062  EPtot      =    -72032.3851
 BOND   =     12853.2321  ANGLE   =      1086.7361  DIHED      =      1358.1408
 1-4 NB =       446.3744  1-4 EEL =      4643.4605  VDWAALS    =     12943.8871
 EELEC  =   -105364.2160  EHBOND  =         0.0000  RESTRAINT  =         0.0000
 ------------------------------------------------------------------------------

check COM velocity, temp:        0.000003     0.00(Removed)

 NSTEP =    16000   TIME(PS) =      39.000  TEMP(K) =   305.33  PRESS =     0.0
 Etot   =    -50992.9270  EKtot   =     21006.6816  EPtot      =    -71999.6087
 BOND   =     12904.4702  ANGLE   =      1103.6121  DIHED      =      1355.1580
 1-4 NB =       449.1945  1-4 EEL =      4600.1711  VDWAALS    =     12574.0542
 EELEC  =   -104986.2687  EHBOND  =         0.0000  RESTRAINT  =         0.0000
 ------------------------------------------------------------------------------


 NSTEP =    16500   TIME(PS) =      39.250  TEMP(K) =   305.62  PRESS =     0.0
 Etot   =    -50990.6177  EKtot   =     21026.6641  EPtot      =    -72017.2817
 BOND   =     13048.3291  ANGLE   =      1105.0087  DIHED      =      1322.2881
 1-4 NB =       451.0674  1-4 EEL =      4653.0705  VDWAALS    =     12717.3234
 EELEC  =   -105314.3691  EHBOND  =         0.0000  RESTRAINT  =         0.0000
 ------------------------------------------------------------------------------

check COM velocity, temp:        0.000003     0.00(Removed)

 NSTEP =    17000   TIME(PS) =      39.500  TEMP(K) =   305.66  PRESS =     0.0
 Etot   =    -50988.3346  EKtot   =     21029.4531  EPtot      =    -72017.7878
 BOND   =     13040.6599  ANGLE   =      1088.1837  DIHED      =      1332.3719
 1-4 NB =       445.0458  1-4 EEL =      4608.2548  VDWAALS    =     12661.5936
 EELEC  =   -105193.8975  EHBOND  =         0.0000  RESTRAINT  =         0.0000
 ------------------------------------------------------------------------------


 NSTEP =    17500   TIME(PS) =      39.750  TEMP(K) =   304.34  PRESS =     0.0
 Etot   =    -50989.2260  EKtot   =     20938.6406  EPtot      =    -71927.8666
 BOND   =     12790.8163  ANGLE   =      1134.9691  DIHED      =      1336.2089
 1-4 NB =       437.5860  1-4 EEL =      4609.1435  VDWAALS    =     12680.4596
 EELEC  =   -104917.0501  EHBOND  =         0.0000  RESTRAINT  =         0.0000
 ------------------------------------------------------------------------------

check COM velocity, temp:        0.000006     0.00(Removed)

 NSTEP =    18000   TIME(PS) =      40.000  TEMP(K) =   307.07  PRESS =     0.0
 Etot   =    -50994.5908  EKtot   =     21126.4531  EPtot      =    -72121.0440
 BOND   =     12865.0249  ANGLE   =      1102.0861  DIHED      =      1342.8856
 1-4 NB =       428.8816  1-4 EEL =      4618.5069  VDWAALS    =     12816.1000
 EELEC  =   -105294.5290  EHBOND  =         0.0000  RESTRAINT  =         0.0000
 ------------------------------------------------------------------------------


 NSTEP =    18500   TIME(PS) =      40.250  TEMP(K) =   308.06  PRESS =     0.0
 Etot   =    -50991.4546  EKtot   =     21194.4141  EPtot      =    -72185.8687
 BOND   =     12820.0387  ANGLE   =      1115.0268  DIHED      =      1349.9665
 1-4 NB =       460.7868  1-4 EEL =      4640.3410  VDWAALS    =     12745.8905
 EELEC  =   -105317.9190  EHBOND  =         0.0000  RESTRAINT  =         0.0000
 ------------------------------------------------------------------------------

check COM velocity, temp:        0.000004     0.00(Removed)

 NSTEP =    19000   TIME(PS) =      40.500  TEMP(K) =   307.99  PRESS =     0.0
 Etot   =    -50992.2325  EKtot   =     21189.6348  EPtot      =    -72181.8673
 BOND   =     12850.2330  ANGLE   =      1109.7756  DIHED      =      1322.3441
 1-4 NB =       468.5431  1-4 EEL =      4643.6584  VDWAALS    =     12868.1378
 EELEC  =   -105444.5594  EHBOND  =         0.0000  RESTRAINT  =         0.0000
 ------------------------------------------------------------------------------


 NSTEP =    19500   TIME(PS) =      40.750  TEMP(K) =   304.64  PRESS =     0.0
 Etot   =    -50993.3414  EKtot   =     20958.9727  EPtot      =    -71952.3141
 BOND   =     12847.3254  ANGLE   =      1089.2051  DIHED      =      1333.4641
 1-4 NB =       474.6925  1-4 EEL =      4667.2394  VDWAALS    =     12449.8769
 EELEC  =   -104814.1174  EHBOND  =         0.0000  RESTRAINT  =         0.0000
 ------------------------------------------------------------------------------

check COM velocity, temp:        0.000008     0.00(Removed)

 NSTEP =    20000   TIME(PS) =      41.000  TEMP(K) =   308.78  PRESS =     0.0
 Etot   =    -50992.7879  EKtot   =     21243.8281  EPtot      =    -72236.6160
 BOND   =     12966.0237  ANGLE   =      1103.7840  DIHED      =      1323.2422
 1-4 NB =       446.0997  1-4 EEL =      4626.0434  VDWAALS    =     12752.3687
 EELEC  =   -105454.1777  EHBOND  =         0.0000  RESTRAINT  =         0.0000
 ------------------------------------------------------------------------------


 NSTEP =    20500   TIME(PS) =      41.250  TEMP(K) =   305.32  PRESS =     0.0
 Etot   =    -50990.8874  EKtot   =     21005.6953  EPtot      =    -71996.5827
 BOND   =     12954.3488  ANGLE   =      1119.2174  DIHED      =      1312.8549
 1-4 NB =       450.9011  1-4 EEL =      4637.7638  VDWAALS    =     12839.3020
 EELEC  =   -105310.9707  EHBOND  =         0.0000  RESTRAINT  =         0.0000
 ------------------------------------------------------------------------------

check COM velocity, temp:        0.000004     0.00(Removed)

 NSTEP =    21000   TIME(PS) =      41.500  TEMP(K) =   306.01  PRESS =     0.0
 Etot   =    -50987.9989  EKtot   =     21053.6797  EPtot      =    -72041.6786
 BOND   =     12928.1702  ANGLE   =      1118.3168  DIHED      =      1306.0130
 1-4 NB =       441.4278  1-4 EEL =      4606.7450  VDWAALS    =     12903.3934
 EELEC  =   -105345.7449  EHBOND  =         0.0000  RESTRAINT  =         0.0000
 ------------------------------------------------------------------------------


 NSTEP =    21500   TIME(PS) =      41.750  TEMP(K) =   306.82  PRESS =     0.0
 Etot   =    -50988.9986  EKtot   =     21109.1406  EPtot      =    -72098.1392
 BOND   =     12893.8268  ANGLE   =      1113.3759  DIHED      =      1342.8799
 1-4 NB =       452.9876  1-4 EEL =      4611.0181  VDWAALS    =     12654.8298
 EELEC  =   -105167.0574  EHBOND  =         0.0000  RESTRAINT  =         0.0000
 ------------------------------------------------------------------------------

check COM velocity, temp:        0.000007     0.00(Removed)

 NSTEP =    22000   TIME(PS) =      42.000  TEMP(K) =   303.97  PRESS =     0.0
 Etot   =    -50990.3125  EKtot   =     20912.7637  EPtot      =    -71903.0762
 BOND   =     13046.7176  ANGLE   =      1096.0173  DIHED      =      1352.0353
 1-4 NB =       444.1542  1-4 EEL =      4633.8628  VDWAALS    =     12739.8721
 EELEC  =   -105215.7355  EHBOND  =         0.0000  RESTRAINT  =         0.0000
 ------------------------------------------------------------------------------


 NSTEP =    22500   TIME(PS) =      42.250  TEMP(K) =   306.11  PRESS =     0.0
 Etot   =    -50990.1650  EKtot   =     21060.5762  EPtot      =    -72050.7412
 BOND   =     12990.9107  ANGLE   =      1077.4250  DIHED      =      1324.9452
 1-4 NB =       458.3705  1-4 EEL =      4646.6578  VDWAALS    =     12620.3524
 EELEC  =   -105169.4028  EHBOND  =         0.0000  RESTRAINT  =         0.0000
 ------------------------------------------------------------------------------

check COM velocity, temp:        0.000008     0.00(Removed)

 NSTEP =    23000   TIME(PS) =      42.500  TEMP(K) =   304.76  PRESS =     0.0
 Etot   =    -50991.5718  EKtot   =     20967.4180  EPtot      =    -71958.9898
 BOND   =     12946.7201  ANGLE   =      1111.8807  DIHED      =      1302.0955
 1-4 NB =       451.1095  1-4 EEL =      4610.7777  VDWAALS    =     12686.9017
 EELEC  =   -105068.4751  EHBOND  =         0.0000  RESTRAINT  =         0.0000
 ------------------------------------------------------------------------------


 NSTEP =    23500   TIME(PS) =      42.750  TEMP(K) =   306.69  PRESS =     0.0
 Etot   =    -50993.0248  EKtot   =     21100.0664  EPtot      =    -72093.0912
 BOND   =     12804.6682  ANGLE   =      1077.4131  DIHED      =      1342.2370
 1-4 NB =       441.8802  1-4 EEL =      4607.2243  VDWAALS    =     12667.0105
 EELEC  =   -105033.5244  EHBOND  =         0.0000  RESTRAINT  =         0.0000
 ------------------------------------------------------------------------------

check COM velocity, temp:        0.000004     0.00(Removed)

 NSTEP =    24000   TIME(PS) =      43.000  TEMP(K) =   302.39  PRESS =     0.0
 Etot   =    -50991.3848  EKtot   =     20804.0547  EPtot      =    -71795.4395
 BOND   =     12814.2521  ANGLE   =      1068.5047  DIHED      =      1326.3425
 1-4 NB =       453.0498  1-4 EEL =      4587.6544  VDWAALS    =     12496.8964
 EELEC  =   -104542.1394  EHBOND  =         0.0000  RESTRAINT  =         0.0000
 ------------------------------------------------------------------------------


 NSTEP =    24500   TIME(PS) =      43.250  TEMP(K) =   307.01  PRESS =     0.0
 Etot   =    -50991.1637  EKtot   =     21122.0000  EPtot      =    -72113.1637
 BOND   =     12855.8135  ANGLE   =      1050.2015  DIHED      =      1335.3843
 1-4 NB =       447.0653  1-4 EEL =      4569.0659  VDWAALS    =     12738.1901
 EELEC  =   -105108.8843  EHBOND  =         0.0000  RESTRAINT  =         0.0000
 ------------------------------------------------------------------------------

check COM velocity, temp:        0.000005     0.00(Removed)

 NSTEP =    25000   TIME(PS) =      43.500  TEMP(K) =   306.21  PRESS =     0.0
 Etot   =    -50991.8557  EKtot   =     21066.8848  EPtot      =    -72058.7405
 BOND   =     12878.1469  ANGLE   =      1089.7074  DIHED      =      1333.6368
 1-4 NB =       429.0789  1-4 EEL =      4611.2878  VDWAALS    =     12405.8262
 EELEC  =   -104806.4244  EHBOND  =         0.0000  RESTRAINT  =         0.0000
 ------------------------------------------------------------------------------


 NSTEP =    25500   TIME(PS) =      43.750  TEMP(K) =   306.38  PRESS =     0.0
 Etot   =    -50993.9790  EKtot   =     21078.6133  EPtot      =    -72072.5923
 BOND   =     12781.8124  ANGLE   =      1118.9003  DIHED      =      1302.9045
 1-4 NB =       443.5632  1-4 EEL =      4610.1205  VDWAALS    =     12618.6025
 EELEC  =   -104948.4957  EHBOND  =         0.0000  RESTRAINT  =         0.0000
 ------------------------------------------------------------------------------

check COM velocity, temp:        0.000007     0.00(Removed)

 NSTEP =    26000   TIME(PS) =      44.000  TEMP(K) =   305.47  PRESS =     0.0
 Etot   =    -50988.7463  EKtot   =     21016.5391  EPtot      =    -72005.2854
 BOND   =     12863.0339  ANGLE   =      1106.4116  DIHED      =      1330.8150
 1-4 NB =       450.5818  1-4 EEL =      4566.0834  VDWAALS    =     12790.5112
 EELEC  =   -105112.7222  EHBOND  =         0.0000  RESTRAINT  =         0.0000
 ------------------------------------------------------------------------------


 NSTEP =    26500   TIME(PS) =      44.250  TEMP(K) =   306.65  PRESS =     0.0
 Etot   =    -50988.5081  EKtot   =     21097.1562  EPtot      =    -72085.6644
 BOND   =     12878.7638  ANGLE   =      1041.1459  DIHED      =      1334.2726
 1-4 NB =       435.5955  1-4 EEL =      4658.7744  VDWAALS    =     12403.2240
 EELEC  =   -104837.4406  EHBOND  =         0.0000  RESTRAINT  =         0.0000
 ------------------------------------------------------------------------------

check COM velocity, temp:        0.000004     0.00(Removed)

 NSTEP =    27000   TIME(PS) =      44.500  TEMP(K) =   305.07  PRESS =     0.0
 Etot   =    -50993.3799  EKtot   =     20988.4980  EPtot      =    -71981.8780
 BOND   =     12934.5454  ANGLE   =      1110.3791  DIHED      =      1338.2809
 1-4 NB =       444.2739  1-4 EEL =      4585.2988  VDWAALS    =     12682.5418
 EELEC  =   -105077.1978  EHBOND  =         0.0000  RESTRAINT  =         0.0000
 ------------------------------------------------------------------------------


 NSTEP =    27500   TIME(PS) =      44.750  TEMP(K) =   306.44  PRESS =     0.0
 Etot   =    -50995.5576  EKtot   =     21082.6172  EPtot      =    -72078.1748
 BOND   =     12638.5808  ANGLE   =      1073.4267  DIHED      =      1331.3026
 1-4 NB =       462.1207  1-4 EEL =      4669.4936  VDWAALS    =     12511.1096
 EELEC  =   -104764.2088  EHBOND  =         0.0000  RESTRAINT  =         0.0000
 ------------------------------------------------------------------------------

check COM velocity, temp:        0.000008     0.00(Removed)

 NSTEP =    28000   TIME(PS) =      45.000  TEMP(K) =   307.51  PRESS =     0.0
 Etot   =    -50993.9271  EKtot   =     21156.7676  EPtot      =    -72150.6947
 BOND   =     12824.0612  ANGLE   =      1062.7919  DIHED      =      1319.6224
 1-4 NB =       451.6416  1-4 EEL =      4630.6737  VDWAALS    =     12604.2805
 EELEC  =   -105043.7661  EHBOND  =         0.0000  RESTRAINT  =         0.0000
 ------------------------------------------------------------------------------


 NSTEP =    28500   TIME(PS) =      45.250  TEMP(K) =   307.70  PRESS =     0.0
 Etot   =    -50992.2470  EKtot   =     21169.4336  EPtot      =    -72161.6806
 BOND   =     12723.0908  ANGLE   =      1109.0937  DIHED      =      1329.7085
 1-4 NB =       442.5563  1-4 EEL =      4616.2500  VDWAALS    =     12467.0887
 EELEC  =   -104849.4686  EHBOND  =         0.0000  RESTRAINT  =         0.0000
 ------------------------------------------------------------------------------

check COM velocity, temp:        0.000003     0.00(Removed)

 NSTEP =    29000   TIME(PS) =      45.500  TEMP(K) =   306.68  PRESS =     0.0
 Etot   =    -50989.9901  EKtot   =     21099.2012  EPtot      =    -72089.1913
 BOND   =     12885.9637  ANGLE   =      1067.7096  DIHED      =      1344.6611
 1-4 NB =       458.7524  1-4 EEL =      4638.2297  VDWAALS    =     12577.1367
 EELEC  =   -105061.6443  EHBOND  =         0.0000  RESTRAINT  =         0.0000
 ------------------------------------------------------------------------------


 NSTEP =    29500   TIME(PS) =      45.750  TEMP(K) =   307.64  PRESS =     0.0
 Etot   =    -50990.7988  EKtot   =     21165.7988  EPtot      =    -72156.5977
 BOND   =     12855.9636  ANGLE   =      1069.5622  DIHED      =      1352.1595
 1-4 NB =       452.4567  1-4 EEL =      4669.3665  VDWAALS    =     12740.0864
 EELEC  =   -105296.1926  EHBOND  =         0.0000  RESTRAINT  =         0.0000
 ------------------------------------------------------------------------------

check COM velocity, temp:        0.000005     0.00(Removed)

 NSTEP =    30000   TIME(PS) =      46.000  TEMP(K) =   309.17  PRESS =     0.0
 Etot   =    -50991.1629  EKtot   =     21270.6152  EPtot      =    -72261.7781
 BOND   =     12814.6951  ANGLE   =      1083.8083  DIHED      =      1349.1619
 1-4 NB =       439.0386  1-4 EEL =      4618.6461  VDWAALS    =     12465.7214
 EELEC  =   -105032.8494  EHBOND  =         0.0000  RESTRAINT  =         0.0000
 ------------------------------------------------------------------------------


 NSTEP =    30500   TIME(PS) =      46.250  TEMP(K) =   307.52  PRESS =     0.0
 Etot   =    -50989.7987  EKtot   =     21157.5273  EPtot      =    -72147.3261
 BOND   =     13159.6518  ANGLE   =      1070.3401  DIHED      =      1349.5779
 1-4 NB =       443.4593  1-4 EEL =      4583.4474  VDWAALS    =     12905.8965
 EELEC  =   -105659.6992  EHBOND  =         0.0000  RESTRAINT  =         0.0000
 ------------------------------------------------------------------------------

check COM velocity, temp:        0.000004     0.00(Removed)

 NSTEP =    31000   TIME(PS) =      46.500  TEMP(K) =   305.63  PRESS =     0.0
 Etot   =    -50990.1633  EKtot   =     21027.3418  EPtot      =    -72017.5051
 BOND   =     12936.6673  ANGLE   =      1083.5378  DIHED      =      1325.5623
 1-4 NB =       442.7158  1-4 EEL =      4603.8838  VDWAALS    =     12780.4183
 EELEC  =   -105190.2905  EHBOND  =         0.0000  RESTRAINT  =         0.0000
 ------------------------------------------------------------------------------


 NSTEP =    31500   TIME(PS) =      46.750  TEMP(K) =   305.31  PRESS =     0.0
 Etot   =    -50994.4099  EKtot   =     21005.0508  EPtot      =    -71999.4607
 BOND   =     12836.0914  ANGLE   =      1105.2336  DIHED      =      1300.3392
 1-4 NB =       442.0850  1-4 EEL =      4629.1461  VDWAALS    =     12573.8966
 EELEC  =   -104886.2526  EHBOND  =         0.0000  RESTRAINT  =         0.0000
 ------------------------------------------------------------------------------

check COM velocity, temp:        0.000010     0.00(Removed)

 NSTEP =    32000   TIME(PS) =      47.000  TEMP(K) =   306.00  PRESS =     0.0
 Etot   =    -50993.8201  EKtot   =     21052.4570  EPtot      =    -72046.2771
 BOND   =     12700.0097  ANGLE   =      1114.7704  DIHED      =      1321.0222
 1-4 NB =       443.9809  1-4 EEL =      4587.3216  VDWAALS    =     12681.7849
 EELEC  =   -104895.1669  EHBOND  =         0.0000  RESTRAINT  =         0.0000
 ------------------------------------------------------------------------------


 NSTEP =    32500   TIME(PS) =      47.250  TEMP(K) =   305.56  PRESS =     0.0
 Etot   =    -50991.9045  EKtot   =     21022.1465  EPtot      =    -72014.0509
 BOND   =     12782.6631  ANGLE   =      1083.7620  DIHED      =      1321.6540
 1-4 NB =       442.6987  1-4 EEL =      4627.0124  VDWAALS    =     12429.6428
 EELEC  =   -104701.4841  EHBOND  =         0.0000  RESTRAINT  =         0.0000
 ------------------------------------------------------------------------------

check COM velocity, temp:        0.000006     0.00(Removed)

 NSTEP =    33000   TIME(PS) =      47.500  TEMP(K) =   306.42  PRESS =     0.0
 Etot   =    -50992.4082  EKtot   =     21081.5684  EPtot      =    -72073.9765
 BOND   =     12730.6922  ANGLE   =      1061.7392  DIHED      =      1327.9993
 1-4 NB =       445.9302  1-4 EEL =      4634.0069  VDWAALS    =     12869.4396
 EELEC  =   -105143.7839  EHBOND  =         0.0000  RESTRAINT  =         0.0000
 ------------------------------------------------------------------------------


 NSTEP =    33500   TIME(PS) =      47.750  TEMP(K) =   306.17  PRESS =     0.0
 Etot   =    -50992.6271  EKtot   =     21064.4766  EPtot      =    -72057.1036
 BOND   =     12783.6596  ANGLE   =      1070.7402  DIHED      =      1302.6816
 1-4 NB =       441.5677  1-4 EEL =      4613.0967  VDWAALS    =     12752.8572
 EELEC  =   -105021.7066  EHBOND  =         0.0000  RESTRAINT  =         0.0000
 ------------------------------------------------------------------------------

check COM velocity, temp:        0.000004     0.00(Removed)

 NSTEP =    34000   TIME(PS) =      48.000  TEMP(K) =   306.20  PRESS =     0.0
 Etot   =    -50993.8048  EKtot   =     21066.3535  EPtot      =    -72060.1583
 BOND   =     12602.3338  ANGLE   =      1041.1832  DIHED      =      1316.9537
 1-4 NB =       446.1182  1-4 EEL =      4625.6521  VDWAALS    =     12480.9471
 EELEC  =   -104573.3464  EHBOND  =         0.0000  RESTRAINT  =         0.0000
 ------------------------------------------------------------------------------


 NSTEP =    34500   TIME(PS) =      48.250  TEMP(K) =   307.11  PRESS =     0.0
 Etot   =    -50992.3195  EKtot   =     21129.0469  EPtot      =    -72121.3663
 BOND   =     12810.0083  ANGLE   =      1132.2542  DIHED      =      1319.1563
 1-4 NB =       441.2076  1-4 EEL =      4639.0208  VDWAALS    =     12634.6292
 EELEC  =   -105097.6428  EHBOND  =         0.0000  RESTRAINT  =         0.0000
 ------------------------------------------------------------------------------

check COM velocity, temp:        0.000004     0.00(Removed)

 NSTEP =    35000   TIME(PS) =      48.500  TEMP(K) =   307.74  PRESS =     0.0
 Etot   =    -50993.9743  EKtot   =     21172.2461  EPtot      =    -72166.2204
 BOND   =     12701.3508  ANGLE   =      1077.0322  DIHED      =      1342.4404
 1-4 NB =       441.4038  1-4 EEL =      4616.8905  VDWAALS    =     12590.5551
 EELEC  =   -104935.8932  EHBOND  =         0.0000  RESTRAINT  =         0.0000
 ------------------------------------------------------------------------------


 NSTEP =    35500   TIME(PS) =      48.750  TEMP(K) =   308.18  PRESS =     0.0
 Etot   =    -50994.7050  EKtot   =     21202.8066  EPtot      =    -72197.5117
 BOND   =     12720.3258  ANGLE   =      1085.7652  DIHED      =      1326.6173
 1-4 NB =       452.4613  1-4 EEL =      4636.9256  VDWAALS    =     12578.3084
 EELEC  =   -104997.9152  EHBOND  =         0.0000  RESTRAINT  =         0.0000
 ------------------------------------------------------------------------------

check COM velocity, temp:        0.000006     0.00(Removed)

 NSTEP =    36000   TIME(PS) =      49.000  TEMP(K) =   302.69  PRESS =     0.0
 Etot   =    -50987.9166  EKtot   =     20825.1602  EPtot      =    -71813.0768
 BOND   =     12905.8515  ANGLE   =      1070.6367  DIHED      =      1326.7903
 1-4 NB =       434.2614  1-4 EEL =      4617.3454  VDWAALS    =     12602.2649
 EELEC  =   -104770.2270  EHBOND  =         0.0000  RESTRAINT  =         0.0000
 ------------------------------------------------------------------------------


 NSTEP =    36500   TIME(PS) =      49.250  TEMP(K) =   306.09  PRESS =     0.0
 Etot   =    -50988.8030  EKtot   =     21059.0000  EPtot      =    -72047.8030
 BOND   =     12950.4592  ANGLE   =      1068.7268  DIHED      =      1327.6977
 1-4 NB =       445.9916  1-4 EEL =      4612.4159  VDWAALS    =     12454.4744
 EELEC  =   -104907.5686  EHBOND  =         0.0000  RESTRAINT  =         0.0000
 ------------------------------------------------------------------------------

check COM velocity, temp:        0.000005     0.00(Removed)

 NSTEP =    37000   TIME(PS) =      49.500  TEMP(K) =   304.47  PRESS =     0.0
 Etot   =    -50988.6689  EKtot   =     20947.2383  EPtot      =    -71935.9072
 BOND   =     12873.8868  ANGLE   =      1132.4986  DIHED      =      1355.9795
 1-4 NB =       447.4566  1-4 EEL =      4623.5783  VDWAALS    =     12803.5186
 EELEC  =   -105172.8255  EHBOND  =         0.0000  RESTRAINT  =         0.0000
 ------------------------------------------------------------------------------


 NSTEP =    37500   TIME(PS) =      49.750  TEMP(K) =   304.46  PRESS =     0.0
 Etot   =    -50988.9438  EKtot   =     20946.3828  EPtot      =    -71935.3267
 BOND   =     12840.2334  ANGLE   =      1073.9804  DIHED      =      1332.7063
 1-4 NB =       463.2308  1-4 EEL =      4634.8546  VDWAALS    =     12686.7272
 EELEC  =   -104967.0594  EHBOND  =         0.0000  RESTRAINT  =         0.0000
 ------------------------------------------------------------------------------

check COM velocity, temp:        0.000011     0.00(Removed)

 NSTEP =    38000   TIME(PS) =      50.000  TEMP(K) =   307.51  PRESS =     0.0
 Etot   =    -50992.2334  EKtot   =     21156.3125  EPtot      =    -72148.5459
 BOND   =     12922.4926  ANGLE   =      1086.5392  DIHED      =      1346.6515
 1-4 NB =       450.4052  1-4 EEL =      4617.7841  VDWAALS    =     12632.0390
 EELEC  =   -105204.4576  EHBOND  =         0.0000  RESTRAINT  =         0.0000
 ------------------------------------------------------------------------------


 NSTEP =    38500   TIME(PS) =      50.250  TEMP(K) =   305.90  PRESS =     0.0
 Etot   =    -50990.8444  EKtot   =     21046.1094  EPtot      =    -72036.9538
 BOND   =     13027.5333  ANGLE   =      1057.7840  DIHED      =      1324.8061
 1-4 NB =       455.7479  1-4 EEL =      4653.0397  VDWAALS    =     12605.5924
 EELEC  =   -105161.4573  EHBOND  =         0.0000  RESTRAINT  =         0.0000
 ------------------------------------------------------------------------------

check COM velocity, temp:        0.000009     0.00(Removed)

 NSTEP =    39000   TIME(PS) =      50.500  TEMP(K) =   308.39  PRESS =     0.0
 Etot   =    -50992.3346  EKtot   =     21217.3984  EPtot      =    -72209.7331
 BOND   =     12933.1804  ANGLE   =      1115.5413  DIHED      =      1313.0270
 1-4 NB =       458.9119  1-4 EEL =      4597.7223  VDWAALS    =     12876.0329
 EELEC  =   -105504.1488  EHBOND  =         0.0000  RESTRAINT  =         0.0000
 ------------------------------------------------------------------------------


 NSTEP =    39500   TIME(PS) =      50.750  TEMP(K) =   305.53  PRESS =     0.0
 Etot   =    -50992.1395  EKtot   =     21020.5625  EPtot      =    -72012.7020
 BOND   =     12939.0688  ANGLE   =      1047.7933  DIHED      =      1334.2715
 1-4 NB =       456.5457  1-4 EEL =      4659.8987  VDWAALS    =     12464.9260
 EELEC  =   -104915.2060  EHBOND  =         0.0000  RESTRAINT  =         0.0000
 ------------------------------------------------------------------------------

check COM velocity, temp:        0.000010     0.00(Removed)

 NSTEP =    40000   TIME(PS) =      51.000  TEMP(K) =   306.95  PRESS =     0.0
 Etot   =    -50990.6820  EKtot   =     21118.1016  EPtot      =    -72108.7835
 BOND   =     12786.6257  ANGLE   =      1062.5283  DIHED      =      1301.0995
 1-4 NB =       453.0934  1-4 EEL =      4619.8802  VDWAALS    =     12587.2501
 EELEC  =   -104919.2608  EHBOND  =         0.0000  RESTRAINT  =         0.0000
 ------------------------------------------------------------------------------


      A V E R A G E S   O V E R      80 S T E P S


 NSTEP =    40000   TIME(PS) =      51.000  TEMP(K) =   306.35  PRESS =     0.0
 Etot   =    -50991.3648  EKtot   =     21076.8801  EPtot      =    -72068.2449
 BOND   =     12893.0800  ANGLE   =      1116.9762  DIHED      =      1332.1460
 1-4 NB =       449.1892  1-4 EEL =      4623.8513  VDWAALS    =     12697.4600
 EELEC  =   -105180.9476  EHBOND  =         0.0000  RESTRAINT  =         0.0000
 ------------------------------------------------------------------------------


      R M S  F L U C T U A T I O N S


 NSTEP =    40000   TIME(PS) =      51.000  TEMP(K) =     1.42  PRESS =     0.0
 Etot   =         2.3003  EKtot   =        97.7269  EPtot      =        98.5732
 BOND   =       121.4525  ANGLE   =        47.5613  DIHED      =        13.4206
 1-4 NB =         9.0761  1-4 EEL =        25.6185  VDWAALS    =       147.1048
 EELEC  =       269.9837  EHBOND  =         0.0000  RESTRAINT  =         0.0000
|E(PBS) =         0.7398
 ------------------------------------------------------------------------------

--------------------------------------------------------------------------------
   5.  TIMINGS
--------------------------------------------------------------------------------

|  NonSetup CPU Time in Major Routines:
|
|     Routine           Sec        %
|     ------------------------------
|     Nonbond           8.14   12.19
|     Bond              0.00    0.00
|     Angle             0.00    0.00
|     Dihedral          0.00    0.00
|     Shake             0.00    0.00
|     RunMD            58.56   87.67
|     Other             0.09    0.14
|     ------------------------------
|     Total            66.79

|  PME Nonbond Pairlist CPU Time:
|
|     Routine              Sec        %
|     ---------------------------------
|     Set Up Cit           0.00    0.00
|     Build List           0.00    0.00
|     ---------------------------------
|     Total                0.00    0.00

|  PME Direct Force CPU Time:
|
|     Routine              Sec        %
|     ---------------------------------
|     NonBonded Calc       0.00    0.00
|     Exclude Masked       0.00    0.00
|     Other                0.04    0.05
|     ---------------------------------
|     Total                0.04    0.05

|  PME Reciprocal Force CPU Time:
|
|     Routine              Sec        %
|     ---------------------------------
|     1D bspline           0.00    0.00
|     Grid Charges         0.00    0.00
|     Scalar Sum           0.00    0.00
|     Gradient Sum         0.00    0.00
|     FFT                  0.00    0.00
|     ---------------------------------
|     Total                0.00    0.00

|  Final Performance Info:
|     -----------------------------------------------------
|     Average timings for last    4000 steps:
|     Elapsed(s) =       6.95 Per Step(ms) =       1.74
|         ns/day =      24.86   seconds/ns =    3475.79
|
|     Average timings for all steps:
|     Elapsed(s) =      67.19 Per Step(ms) =       1.68
|         ns/day =      25.72   seconds/ns =    3359.26
|     -----------------------------------------------------

|  Setup CPU time:            2.60 seconds
|  NonSetup CPU time:        66.79 seconds
|  Total CPU time:           69.39 seconds     0.02 hours

|  Setup wall time:           3    seconds
|  NonSetup wall time:       67    seconds
|  Total wall time:          70    seconds     0.02 hours
