
          -------------------------------------------------------
          Amber 16 PMEMD                              2016
          -------------------------------------------------------

| PMEMD implementation of SANDER, Release 16

| Run on 08/25/2017 at 13:34:21

|   Executable path: /apps/amber16/bin/pmemd.cuda
| Working directory: /scratch/pbarletta/pdz/run/lb/neq/data/larga_4
|          Hostname: mordor

  [-O]verwriting output

File Assignments:
|   MDIN: pdt.in                                                                
|  MDOUT: T45pplb_4.out                                                         
| INPCRD: /scratch/pbarletta/pdz/run/lb/neq/data/corta_4/T45plb_4.rst7          
|   PARM: /scratch/pbarletta/pdz/top_files/lb.prmtop                            
| RESTRT: T45pplb_4.rst7                                                        
|   REFC: refc                                                                  
|  MDVEL: mdvel                                                                 
|   MDEN: mden                                                                  
|  MDCRD: T45pplb_4.nc                                                          
| MDINFO: mdinfo                                                                
|  MDFRC: mdfrc                                                                 


 Here is the input file:

!NVE run                                                                       
&cntrl                                                                         
imin = 0,                           ! No Minimization                          
nmropt = 0,                         ! No NMR restraints read                   
                                                                               
! Nature and format of the input                                               
ntx = 5,                            ! Coordinates will be read, assign new velo
irest = 1,                          ! Do not run a new simulation              
                                                                               
! Nature and format of the output                                              
ioutfm = 1,			    ! NetCDF format for output files                             
ntxo = 1,                           ! rstrt file in ASCII format               
ntpr = 500,                         ! inf in output every ntpr steps           
ntwr = 500,                         ! rstrt file every ntwr steps              
ntwx = 100,                         ! mdcrd file every ntwx steps              
ntwv = -1,                          ! mdvel without velocities                 
ntwe = 0,                           ! Energies and temperatures not written in 
idecomp = 0,                        ! No energy decomposition                  
iwrap = 1,                          ! Coordinates of the restart and mdcrd file
                                                                               
! Frozen or restrained atoms                                                   
ibelly = 0,                         ! No frozen atoms                          
ntr=0,                              ! Harmonic potential restraints            
                                                                               
! Molecular dynamics                                                           
nstlim = 40000,                      ! Number of MD-steps                      
dt = 0.0005,                        ! Time step                                
                                                                               
! Temperature regulation                                                       
ntt = 0,                            ! Constant total energy                    
                                                                               
! P and V regulation                                                           
ntp = 0,                            ! No P control                             
ntb = 1,                            ! constant V                               
                                                                               
! SHAKE variables                                                              
ntc = 1,                            ! Bonds involving H are constrained        
ntf = 1,                            ! Bond interaction involving H are ommited.
                                                                               
cut = 9.0,                          ! Nonbonded cutoff                         
/                                                                              
&end                                                                           


Note: ig = -1. Setting random seed to   869251 based on wallclock time in 
      microseconds.
| irandom = 1, using AMBER's internal random number generator (default).
 
|--------------------- INFORMATION ----------------------
| GPU (CUDA) Version of PMEMD in use: NVIDIA GPU IN USE.
|                    Version 16.0.0
| 
|                      02/25/2016
| 
| Implementation by:
|                    Ross C. Walker     (SDSC)
|                    Scott Le Grand     (nVIDIA)
| 
| Precision model in use:
|      [SPFP] - Single Precision Forces, 64-bit Fixed Point
|               Accumulation. (Default)
| 
|--------------------------------------------------------
 
|----------------- CITATION INFORMATION -----------------
|
|    When publishing work that utilized the CUDA version
|    of AMBER, please cite the following in addition to
|    the regular AMBER citations:
|
|  - Romelia Salomon-Ferrer; Andreas W. Goetz; Duncan
|    Poole; Scott Le Grand; Ross C. Walker "Routine
|    microsecond molecular dynamics simulations with
|    AMBER - Part II: Particle Mesh Ewald", J. Chem.
|    Theory Comput., 2013, 9 (9), pp3878-3888,
|    DOI: 10.1021/ct400314y.
|
|  - Andreas W. Goetz; Mark J. Williamson; Dong Xu;
|    Duncan Poole; Scott Le Grand; Ross C. Walker
|    "Routine microsecond molecular dynamics simulations
|    with AMBER - Part I: Generalized Born", J. Chem.
|    Theory Comput., 2012, 8 (5), pp1542-1555.
|
|  - Scott Le Grand; Andreas W. Goetz; Ross C. Walker
|    "SPFP: Speed without compromise - a mixed precision
|    model for GPU accelerated molecular dynamics
|    simulations.", Comp. Phys. Comm., 2013, 184
|    pp374-380, DOI: 10.1016/j.cpc.2012.09.022
|
|--------------------------------------------------------
 
|------------------- GPU DEVICE INFO --------------------
|
|            CUDA_VISIBLE_DEVICES: 0
|   CUDA Capable Devices Detected:      1
|           CUDA Device ID in use:      0
|                CUDA Device Name: GeForce GTX TITAN
|     CUDA Device Global Mem Size:   6082 MB
| CUDA Device Num Multiprocessors:     14
|           CUDA Device Core Freq:   0.93 GHz
|
|--------------------------------------------------------
 
 
| Conditional Compilation Defines Used:
| PUBFFT
| BINTRAJ
| CUDA
| EMIL

| Largest sphere to fit in unit cell has radius =    26.281

| New format PARM file being parsed.
| Version =    1.000 Date = 09/04/12 Time = 16:08:43

| Note: 1-4 EEL scale factors are being read from the topology file.

| Note: 1-4 VDW scale factors are being read from the topology file.
| Duplicated    0 dihedrals

| Duplicated    0 dihedrals

--------------------------------------------------------------------------------
   1.  RESOURCE   USE: 
--------------------------------------------------------------------------------

 getting new box info from bottom of inpcrd
 NATOM  =   23082 NTYPES =      16 NBONH =   22055 MBONA  =    1038
 NTHETH =    2390 MTHETA =    1396 NPHIH =    4631 MPHIA  =    3488
 NHPARM =       0 NPARM  =       0 NNB   =   39434 NRES   =    7134
 NBONA  =    1038 NTHETA =    1396 NPHIA =    3488 NUMBND =      41
 NUMANG =      86 NPTRA  =      41 NATYP =      28 NPHB   =       1
 IFBOX  =       1 NMXRS  =      24 IFCAP =       0 NEXTRA =       0
 NCOPY  =       0

| Coordinate Index Table dimensions:    12   14   10
| Direct force subcell size =     5.0212    5.2012    5.2562

     BOX TYPE: RECTILINEAR

--------------------------------------------------------------------------------
   2.  CONTROL  DATA  FOR  THE  RUN
--------------------------------------------------------------------------------

default_name                                                                    

General flags:
     imin    =       0, nmropt  =       0

Nature and format of input:
     ntx     =       5, irest   =       1, ntrx    =       1

Nature and format of output:
     ntxo    =       1, ntpr    =     500, ntrx    =       1, ntwr    =     500
     iwrap   =       1, ntwx    =     100, ntwv    =      -1, ntwe    =       0
     ioutfm  =       1, ntwprt  =       0, idecomp =       0, rbornstat=      0

Potential function:
     ntf     =       1, ntb     =       1, igb     =       0, nsnb    =      25
     ipol    =       0, gbsa    =       0, iesp    =       0
     dielc   =   1.00000, cut     =   9.00000, intdiel =   1.00000

Frozen or restrained atoms:
     ibelly  =       0, ntr     =       0

Molecular dynamics:
     nstlim  =     40000, nscm    =      1000, nrespa  =         1
     t       =   0.00000, dt      =   0.00050, vlimit  =  -1.00000

| Intermolecular bonds treatment:
|     no_intermolecular_bonds =       1

| Energy averages sample interval:
|     ene_avg_sampling =     500

Ewald parameters:
     verbose =       0, ew_type =       0, nbflag  =       1, use_pme =       1
     vdwmeth =       1, eedmeth =       1, netfrc  =       1
     Box X =   60.254   Box Y =   72.816   Box Z =   52.562
     Alpha =   90.000   Beta  =   90.000   Gamma =   90.000
     NFFT1 =   64       NFFT2 =   80       NFFT3 =   56
     Cutoff=    9.000   Tol   =0.100E-04
     Ewald Coefficient =  0.30768
     Interpolation order =    4

--------------------------------------------------------------------------------
   3.  ATOMIC COORDINATES AND VELOCITIES
--------------------------------------------------------------------------------

default_name                                                                    
 begin time read from input coords =    31.000 ps

 
 Number of triangulated 3-point waters found:     7002

     Sum of charges from parm topology file =  -0.00000008
     Forcing neutrality...

| Dynamic Memory, Types Used:
| Reals              710578
| Integers           737140

| Nonbonded Pairs Initial Allocation:     5262696

| GPU memory information (estimate):
| KB of GPU memory in use:     63171
| KB of CPU memory in use:     27891

--------------------------------------------------------------------------------
   4.  RESULTS
--------------------------------------------------------------------------------

 ---------------------------------------------------
 APPROXIMATING switch and d/dx switch using CUBIC SPLINE INTERPOLATION
 using   5000.0 points per unit in tabled values
 TESTING RELATIVE ERROR over r ranging from 0.0 to cutoff
| CHECK switch(x): max rel err =   0.2738E-14   at   2.422500
| CHECK d/dx switch(x): max rel err =   0.8314E-11   at   2.736960
 ---------------------------------------------------
|---------------------------------------------------
| APPROXIMATING direct energy using CUBIC SPLINE INTERPOLATION
|  with   50.0 points per unit in tabled values
| Relative Error Limit not exceeded for r .gt.   2.39
| APPROXIMATING direct force using CUBIC SPLINE INTERPOLATION
|  with   50.0 points per unit in tabled values
| Relative Error Limit not exceeded for r .gt.   2.84
|---------------------------------------------------

 NSTEP =      500   TIME(PS) =      31.250  TEMP(K) =   307.09  PRESS =     0.0
 Etot   =    -50836.7746  EKtot   =     21127.6777  EPtot      =    -71964.4524
 BOND   =     13046.7571  ANGLE   =      1222.8500  DIHED      =      1347.5846
 1-4 NB =       438.6312  1-4 EEL =      4586.1486  VDWAALS    =     12817.4111
 EELEC  =   -105423.8350  EHBOND  =         0.0000  RESTRAINT  =         0.0000
 ------------------------------------------------------------------------------

check COM velocity, temp:        0.000010     0.00(Removed)

 NSTEP =     1000   TIME(PS) =      31.500  TEMP(K) =   306.34  PRESS =     0.0
 Etot   =    -50835.9602  EKtot   =     21076.0312  EPtot      =    -71911.9915
 BOND   =     12952.5198  ANGLE   =      1165.1416  DIHED      =      1333.3129
 1-4 NB =       475.6768  1-4 EEL =      4632.9631  VDWAALS    =     12631.3025
 EELEC  =   -105102.9081  EHBOND  =         0.0000  RESTRAINT  =         0.0000
 ------------------------------------------------------------------------------


 NSTEP =     1500   TIME(PS) =      31.750  TEMP(K) =   306.96  PRESS =     0.0
 Etot   =    -50836.4916  EKtot   =     21118.7930  EPtot      =    -71955.2846
 BOND   =     12765.0019  ANGLE   =      1182.1843  DIHED      =      1355.7041
 1-4 NB =       459.6975  1-4 EEL =      4615.7310  VDWAALS    =     12670.4219
 EELEC  =   -105004.0252  EHBOND  =         0.0000  RESTRAINT  =         0.0000
 ------------------------------------------------------------------------------

check COM velocity, temp:        0.000003     0.00(Removed)

 NSTEP =     2000   TIME(PS) =      32.000  TEMP(K) =   307.68  PRESS =     0.0
 Etot   =    -50833.7885  EKtot   =     21168.3906  EPtot      =    -72002.1791
 BOND   =     12929.2906  ANGLE   =      1223.0848  DIHED      =      1327.4897
 1-4 NB =       447.9770  1-4 EEL =      4596.0017  VDWAALS    =     12840.4231
 EELEC  =   -105366.4459  EHBOND  =         0.0000  RESTRAINT  =         0.0000
 ------------------------------------------------------------------------------


 NSTEP =     2500   TIME(PS) =      32.250  TEMP(K) =   307.13  PRESS =     0.0
 Etot   =    -50837.8679  EKtot   =     21130.3926  EPtot      =    -71968.2605
 BOND   =     12820.2088  ANGLE   =      1175.0942  DIHED      =      1346.8835
 1-4 NB =       454.1811  1-4 EEL =      4626.9593  VDWAALS    =     12687.7094
 EELEC  =   -105079.2968  EHBOND  =         0.0000  RESTRAINT  =         0.0000
 ------------------------------------------------------------------------------

check COM velocity, temp:        0.000008     0.00(Removed)

 NSTEP =     3000   TIME(PS) =      32.500  TEMP(K) =   308.17  PRESS =     0.0
 Etot   =    -50836.8948  EKtot   =     21202.1836  EPtot      =    -72039.0784
 BOND   =     12923.9776  ANGLE   =      1194.9952  DIHED      =      1341.7531
 1-4 NB =       451.6830  1-4 EEL =      4588.4674  VDWAALS    =     12516.7462
 EELEC  =   -105056.7008  EHBOND  =         0.0000  RESTRAINT  =         0.0000
 ------------------------------------------------------------------------------


 NSTEP =     3500   TIME(PS) =      32.750  TEMP(K) =   306.50  PRESS =     0.0
 Etot   =    -50837.7665  EKtot   =     21086.9375  EPtot      =    -71924.7040
 BOND   =     12943.4665  ANGLE   =      1174.6527  DIHED      =      1334.6037
 1-4 NB =       448.9935  1-4 EEL =      4598.3187  VDWAALS    =     12751.3345
 EELEC  =   -105176.0736  EHBOND  =         0.0000  RESTRAINT  =         0.0000
 ------------------------------------------------------------------------------

check COM velocity, temp:        0.000004     0.00(Removed)

 NSTEP =     4000   TIME(PS) =      33.000  TEMP(K) =   305.69  PRESS =     0.0
 Etot   =    -50837.5421  EKtot   =     21031.5020  EPtot      =    -71869.0440
 BOND   =     12937.8453  ANGLE   =      1192.6093  DIHED      =      1315.0563
 1-4 NB =       450.5366  1-4 EEL =      4610.9752  VDWAALS    =     12741.9471
 EELEC  =   -105118.0138  EHBOND  =         0.0000  RESTRAINT  =         0.0000
 ------------------------------------------------------------------------------


 NSTEP =     4500   TIME(PS) =      33.250  TEMP(K) =   307.64  PRESS =     0.0
 Etot   =    -50841.0614  EKtot   =     21165.2461  EPtot      =    -72006.3075
 BOND   =     12698.3049  ANGLE   =      1176.9266  DIHED      =      1336.1105
 1-4 NB =       448.2694  1-4 EEL =      4588.4738  VDWAALS    =     12789.4145
 EELEC  =   -105043.8072  EHBOND  =         0.0000  RESTRAINT  =         0.0000
 ------------------------------------------------------------------------------

check COM velocity, temp:        0.000003     0.00(Removed)

 NSTEP =     5000   TIME(PS) =      33.500  TEMP(K) =   307.02  PRESS =     0.0
 Etot   =    -50841.6068  EKtot   =     21122.6699  EPtot      =    -71964.2767
 BOND   =     12752.2671  ANGLE   =      1167.5229  DIHED      =      1337.7056
 1-4 NB =       446.6164  1-4 EEL =      4576.8384  VDWAALS    =     12534.5428
 EELEC  =   -104779.7699  EHBOND  =         0.0000  RESTRAINT  =         0.0000
 ------------------------------------------------------------------------------


 NSTEP =     5500   TIME(PS) =      33.750  TEMP(K) =   307.54  PRESS =     0.0
 Etot   =    -50838.9889  EKtot   =     21158.8477  EPtot      =    -71997.8365
 BOND   =     12916.4684  ANGLE   =      1183.4156  DIHED      =      1352.7428
 1-4 NB =       456.0388  1-4 EEL =      4624.1394  VDWAALS    =     12672.9910
 EELEC  =   -105203.6326  EHBOND  =         0.0000  RESTRAINT  =         0.0000
 ------------------------------------------------------------------------------

check COM velocity, temp:        0.000009     0.00(Removed)

 NSTEP =     6000   TIME(PS) =      34.000  TEMP(K) =   307.73  PRESS =     0.0
 Etot   =    -50833.7328  EKtot   =     21171.6562  EPtot      =    -72005.3891
 BOND   =     12960.7790  ANGLE   =      1104.9949  DIHED      =      1358.8730
 1-4 NB =       441.7951  1-4 EEL =      4645.0536  VDWAALS    =     12634.1415
 EELEC  =   -105151.0261  EHBOND  =         0.0000  RESTRAINT  =         0.0000
 ------------------------------------------------------------------------------


 NSTEP =     6500   TIME(PS) =      34.250  TEMP(K) =   306.71  PRESS =     0.0
 Etot   =    -50837.5883  EKtot   =     21101.2461  EPtot      =    -71938.8344
 BOND   =     13073.8918  ANGLE   =      1150.1621  DIHED      =      1352.3712
 1-4 NB =       446.9001  1-4 EEL =      4567.0740  VDWAALS    =     12626.0469
 EELEC  =   -105155.2806  EHBOND  =         0.0000  RESTRAINT  =         0.0000
 ------------------------------------------------------------------------------

check COM velocity, temp:        0.000001     0.00(Removed)

 NSTEP =     7000   TIME(PS) =      34.500  TEMP(K) =   308.05  PRESS =     0.0
 Etot   =    -50838.5476  EKtot   =     21193.5312  EPtot      =    -72032.0788
 BOND   =     12886.4490  ANGLE   =      1143.7387  DIHED      =      1351.0873
 1-4 NB =       449.5318  1-4 EEL =      4648.5842  VDWAALS    =     12435.0295
 EELEC  =   -104946.4993  EHBOND  =         0.0000  RESTRAINT  =         0.0000
 ------------------------------------------------------------------------------


 NSTEP =     7500   TIME(PS) =      34.750  TEMP(K) =   307.19  PRESS =     0.0
 Etot   =    -50835.1455  EKtot   =     21134.6738  EPtot      =    -71969.8193
 BOND   =     12939.3168  ANGLE   =      1141.2454  DIHED      =      1345.9053
 1-4 NB =       458.1718  1-4 EEL =      4673.6355  VDWAALS    =     12738.4070
 EELEC  =   -105266.5010  EHBOND  =         0.0000  RESTRAINT  =         0.0000
 ------------------------------------------------------------------------------

check COM velocity, temp:        0.000009     0.00(Removed)

 NSTEP =     8000   TIME(PS) =      35.000  TEMP(K) =   307.51  PRESS =     0.0
 Etot   =    -50838.8153  EKtot   =     21156.8125  EPtot      =    -71995.6278
 BOND   =     12898.7106  ANGLE   =      1159.3004  DIHED      =      1330.4771
 1-4 NB =       452.5962  1-4 EEL =      4610.6609  VDWAALS    =     12812.0468
 EELEC  =   -105259.4198  EHBOND  =         0.0000  RESTRAINT  =         0.0000
 ------------------------------------------------------------------------------


 NSTEP =     8500   TIME(PS) =      35.250  TEMP(K) =   306.24  PRESS =     0.0
 Etot   =    -50836.9664  EKtot   =     21069.0449  EPtot      =    -71906.0113
 BOND   =     13082.6476  ANGLE   =      1174.8776  DIHED      =      1318.1968
 1-4 NB =       449.1733  1-4 EEL =      4637.6562  VDWAALS    =     12481.8983
 EELEC  =   -105050.4612  EHBOND  =         0.0000  RESTRAINT  =         0.0000
 ------------------------------------------------------------------------------

check COM velocity, temp:        0.000005     0.00(Removed)

 NSTEP =     9000   TIME(PS) =      35.500  TEMP(K) =   306.96  PRESS =     0.0
 Etot   =    -50834.1207  EKtot   =     21118.5234  EPtot      =    -71952.6442
 BOND   =     13045.4750  ANGLE   =      1134.3068  DIHED      =      1329.9111
 1-4 NB =       458.1173  1-4 EEL =      4580.0600  VDWAALS    =     12769.8489
 EELEC  =   -105270.3633  EHBOND  =         0.0000  RESTRAINT  =         0.0000
 ------------------------------------------------------------------------------


 NSTEP =     9500   TIME(PS) =      35.750  TEMP(K) =   308.81  PRESS =     0.0
 Etot   =    -50836.5282  EKtot   =     21246.2676  EPtot      =    -72082.7958
 BOND   =     12913.0577  ANGLE   =      1094.2805  DIHED      =      1346.6786
 1-4 NB =       450.5352  1-4 EEL =      4617.7939  VDWAALS    =     12629.8436
 EELEC  =   -105134.9853  EHBOND  =         0.0000  RESTRAINT  =         0.0000
 ------------------------------------------------------------------------------

check COM velocity, temp:        0.000006     0.00(Removed)

 NSTEP =    10000   TIME(PS) =      36.000  TEMP(K) =   306.92  PRESS =     0.0
 Etot   =    -50838.5405  EKtot   =     21116.2148  EPtot      =    -71954.7553
 BOND   =     13121.5198  ANGLE   =      1139.5368  DIHED      =      1355.6180
 1-4 NB =       448.4700  1-4 EEL =      4594.2400  VDWAALS    =     12797.9613
 EELEC  =   -105412.1011  EHBOND  =         0.0000  RESTRAINT  =         0.0000
 ------------------------------------------------------------------------------


 NSTEP =    10500   TIME(PS) =      36.250  TEMP(K) =   306.74  PRESS =     0.0
 Etot   =    -50834.2098  EKtot   =     21103.6270  EPtot      =    -71937.8367
 BOND   =     12956.5693  ANGLE   =      1134.9313  DIHED      =      1366.5843
 1-4 NB =       465.6782  1-4 EEL =      4663.8523  VDWAALS    =     12384.3758
 EELEC  =   -104909.8280  EHBOND  =         0.0000  RESTRAINT  =         0.0000
 ------------------------------------------------------------------------------

check COM velocity, temp:        0.000007     0.00(Removed)

 NSTEP =    11000   TIME(PS) =      36.500  TEMP(K) =   307.30  PRESS =     0.0
 Etot   =    -50836.6825  EKtot   =     21142.1387  EPtot      =    -71978.8212
 BOND   =     12850.9410  ANGLE   =      1132.5690  DIHED      =      1295.2297
 1-4 NB =       448.7055  1-4 EEL =      4628.0840  VDWAALS    =     12524.8400
 EELEC  =   -104859.1904  EHBOND  =         0.0000  RESTRAINT  =         0.0000
 ------------------------------------------------------------------------------


 NSTEP =    11500   TIME(PS) =      36.750  TEMP(K) =   307.96  PRESS =     0.0
 Etot   =    -50837.2435  EKtot   =     21187.5859  EPtot      =    -72024.8295
 BOND   =     12969.6324  ANGLE   =      1167.7125  DIHED      =      1335.4551
 1-4 NB =       450.7866  1-4 EEL =      4624.9058  VDWAALS    =     12603.3927
 EELEC  =   -105176.7146  EHBOND  =         0.0000  RESTRAINT  =         0.0000
 ------------------------------------------------------------------------------

check COM velocity, temp:        0.000005     0.00(Removed)

 NSTEP =    12000   TIME(PS) =      37.000  TEMP(K) =   307.58  PRESS =     0.0
 Etot   =    -50840.8795  EKtot   =     21161.5703  EPtot      =    -72002.4498
 BOND   =     12759.2893  ANGLE   =      1135.4680  DIHED      =      1378.9804
 1-4 NB =       459.9371  1-4 EEL =      4648.2907  VDWAALS    =     12595.0025
 EELEC  =   -104979.4177  EHBOND  =         0.0000  RESTRAINT  =         0.0000
 ------------------------------------------------------------------------------


 NSTEP =    12500   TIME(PS) =      37.250  TEMP(K) =   305.32  PRESS =     0.0
 Etot   =    -50835.0422  EKtot   =     21005.9395  EPtot      =    -71840.9816
 BOND   =     12838.6904  ANGLE   =      1106.1332  DIHED      =      1339.3017
 1-4 NB =       455.3476  1-4 EEL =      4668.5623  VDWAALS    =     12512.2775
 EELEC  =   -104761.2942  EHBOND  =         0.0000  RESTRAINT  =         0.0000
 ------------------------------------------------------------------------------

check COM velocity, temp:        0.000005     0.00(Removed)

 NSTEP =    13000   TIME(PS) =      37.500  TEMP(K) =   306.09  PRESS =     0.0
 Etot   =    -50833.2467  EKtot   =     21059.0977  EPtot      =    -71892.3443
 BOND   =     12785.1611  ANGLE   =      1123.8086  DIHED      =      1336.4554
 1-4 NB =       453.0940  1-4 EEL =      4627.1235  VDWAALS    =     12635.8006
 EELEC  =   -104853.7875  EHBOND  =         0.0000  RESTRAINT  =         0.0000
 ------------------------------------------------------------------------------


 NSTEP =    13500   TIME(PS) =      37.750  TEMP(K) =   305.44  PRESS =     0.0
 Etot   =    -50835.9574  EKtot   =     21014.0840  EPtot      =    -71850.0414
 BOND   =     12664.6616  ANGLE   =      1085.1389  DIHED      =      1329.1273
 1-4 NB =       452.9934  1-4 EEL =      4602.8301  VDWAALS    =     12562.0960
 EELEC  =   -104546.8886  EHBOND  =         0.0000  RESTRAINT  =         0.0000
 ------------------------------------------------------------------------------

check COM velocity, temp:        0.000009     0.00(Removed)

 NSTEP =    14000   TIME(PS) =      38.000  TEMP(K) =   305.60  PRESS =     0.0
 Etot   =    -50834.4809  EKtot   =     21024.9082  EPtot      =    -71859.3891
 BOND   =     12726.4804  ANGLE   =      1086.7901  DIHED      =      1350.5309
 1-4 NB =       463.9450  1-4 EEL =      4617.7278  VDWAALS    =     12399.7716
 EELEC  =   -104504.6350  EHBOND  =         0.0000  RESTRAINT  =         0.0000
 ------------------------------------------------------------------------------


 NSTEP =    14500   TIME(PS) =      38.250  TEMP(K) =   306.08  PRESS =     0.0
 Etot   =    -50836.9860  EKtot   =     21058.2656  EPtot      =    -71895.2516
 BOND   =     12770.9350  ANGLE   =      1101.2159  DIHED      =      1333.2709
 1-4 NB =       444.8579  1-4 EEL =      4656.1265  VDWAALS    =     12506.5730
 EELEC  =   -104708.2308  EHBOND  =         0.0000  RESTRAINT  =         0.0000
 ------------------------------------------------------------------------------

check COM velocity, temp:        0.000015     0.00(Removed)

 NSTEP =    15000   TIME(PS) =      38.500  TEMP(K) =   304.80  PRESS =     0.0
 Etot   =    -50834.2507  EKtot   =     20970.0781  EPtot      =    -71804.3289
 BOND   =     12821.6764  ANGLE   =      1094.9641  DIHED      =      1328.2087
 1-4 NB =       440.2805  1-4 EEL =      4608.7296  VDWAALS    =     12402.4300
 EELEC  =   -104500.6182  EHBOND  =         0.0000  RESTRAINT  =         0.0000
 ------------------------------------------------------------------------------


 NSTEP =    15500   TIME(PS) =      38.750  TEMP(K) =   306.78  PRESS =     0.0
 Etot   =    -50831.7647  EKtot   =     21106.1445  EPtot      =    -71937.9092
 BOND   =     12786.8342  ANGLE   =      1052.2565  DIHED      =      1320.6612
 1-4 NB =       460.0881  1-4 EEL =      4621.4014  VDWAALS    =     12633.1429
 EELEC  =   -104812.2935  EHBOND  =         0.0000  RESTRAINT  =         0.0000
 ------------------------------------------------------------------------------

check COM velocity, temp:        0.000011     0.00(Removed)

 NSTEP =    16000   TIME(PS) =      39.000  TEMP(K) =   306.99  PRESS =     0.0
 Etot   =    -50831.7029  EKtot   =     21120.5664  EPtot      =    -71952.2693
 BOND   =     12888.6340  ANGLE   =      1069.3934  DIHED      =      1345.5739
 1-4 NB =       444.8906  1-4 EEL =      4627.2896  VDWAALS    =     12619.2805
 EELEC  =   -104947.3313  EHBOND  =         0.0000  RESTRAINT  =         0.0000
 ------------------------------------------------------------------------------


 NSTEP =    16500   TIME(PS) =      39.250  TEMP(K) =   306.56  PRESS =     0.0
 Etot   =    -50837.4604  EKtot   =     21091.1230  EPtot      =    -71928.5834
 BOND   =     12914.9670  ANGLE   =      1042.2139  DIHED      =      1342.7874
 1-4 NB =       457.2692  1-4 EEL =      4618.2895  VDWAALS    =     12877.9015
 EELEC  =   -105182.0120  EHBOND  =         0.0000  RESTRAINT  =         0.0000
 ------------------------------------------------------------------------------

check COM velocity, temp:        0.000008     0.00(Removed)

 NSTEP =    17000   TIME(PS) =      39.500  TEMP(K) =   309.76  PRESS =     0.0
 Etot   =    -50838.6895  EKtot   =     21311.5938  EPtot      =    -72150.2833
 BOND   =     12707.8549  ANGLE   =      1070.1068  DIHED      =      1333.0819
 1-4 NB =       454.3687  1-4 EEL =      4571.0919  VDWAALS    =     12713.1445
 EELEC  =   -104999.9318  EHBOND  =         0.0000  RESTRAINT  =         0.0000
 ------------------------------------------------------------------------------


 NSTEP =    17500   TIME(PS) =      39.750  TEMP(K) =   305.94  PRESS =     0.0
 Etot   =    -50839.4697  EKtot   =     21048.2109  EPtot      =    -71887.6807
 BOND   =     12772.7880  ANGLE   =      1069.6248  DIHED      =      1334.6774
 1-4 NB =       440.7755  1-4 EEL =      4609.5850  VDWAALS    =     12738.5594
 EELEC  =   -104853.6907  EHBOND  =         0.0000  RESTRAINT  =         0.0000
 ------------------------------------------------------------------------------

check COM velocity, temp:        0.000006     0.00(Removed)

 NSTEP =    18000   TIME(PS) =      40.000  TEMP(K) =   305.42  PRESS =     0.0
 Etot   =    -50833.6470  EKtot   =     21013.0840  EPtot      =    -71846.7310
 BOND   =     12911.6422  ANGLE   =      1050.7630  DIHED      =      1347.3225
 1-4 NB =       439.8765  1-4 EEL =      4620.9628  VDWAALS    =     12709.3740
 EELEC  =   -104926.6720  EHBOND  =         0.0000  RESTRAINT  =         0.0000
 ------------------------------------------------------------------------------


 NSTEP =    18500   TIME(PS) =      40.250  TEMP(K) =   305.94  PRESS =     0.0
 Etot   =    -50835.1932  EKtot   =     21048.4551  EPtot      =    -71883.6483
 BOND   =     12992.6904  ANGLE   =      1093.0398  DIHED      =      1318.3550
 1-4 NB =       430.9105  1-4 EEL =      4591.4296  VDWAALS    =     12677.7354
 EELEC  =   -104987.8089  EHBOND  =         0.0000  RESTRAINT  =         0.0000
 ------------------------------------------------------------------------------

check COM velocity, temp:        0.000004     0.00(Removed)

 NSTEP =    19000   TIME(PS) =      40.500  TEMP(K) =   306.02  PRESS =     0.0
 Etot   =    -50835.8155  EKtot   =     21053.9297  EPtot      =    -71889.7452
 BOND   =     12830.9215  ANGLE   =      1108.9458  DIHED      =      1296.7720
 1-4 NB =       448.9030  1-4 EEL =      4669.2851  VDWAALS    =     12429.1419
 EELEC  =   -104673.7145  EHBOND  =         0.0000  RESTRAINT  =         0.0000
 ------------------------------------------------------------------------------


 NSTEP =    19500   TIME(PS) =      40.750  TEMP(K) =   305.77  PRESS =     0.0
 Etot   =    -50837.5476  EKtot   =     21037.1523  EPtot      =    -71874.7000
 BOND   =     12881.5694  ANGLE   =      1085.1025  DIHED      =      1344.4628
 1-4 NB =       437.0087  1-4 EEL =      4637.4910  VDWAALS    =     12547.5752
 EELEC  =   -104807.9096  EHBOND  =         0.0000  RESTRAINT  =         0.0000
 ------------------------------------------------------------------------------

check COM velocity, temp:        0.000003     0.00(Removed)

 NSTEP =    20000   TIME(PS) =      41.000  TEMP(K) =   306.55  PRESS =     0.0
 Etot   =    -50837.6826  EKtot   =     21090.2109  EPtot      =    -71927.8936
 BOND   =     12870.2764  ANGLE   =      1078.2069  DIHED      =      1318.1465
 1-4 NB =       457.6012  1-4 EEL =      4632.3423  VDWAALS    =     12653.0549
 EELEC  =   -104937.5217  EHBOND  =         0.0000  RESTRAINT  =         0.0000
 ------------------------------------------------------------------------------


 NSTEP =    20500   TIME(PS) =      41.250  TEMP(K) =   306.28  PRESS =     0.0
 Etot   =    -50837.2328  EKtot   =     21072.1738  EPtot      =    -71909.4066
 BOND   =     12885.3315  ANGLE   =      1085.3105  DIHED      =      1338.1529
 1-4 NB =       443.8561  1-4 EEL =      4595.0487  VDWAALS    =     12628.2908
 EELEC  =   -104885.3971  EHBOND  =         0.0000  RESTRAINT  =         0.0000
 ------------------------------------------------------------------------------

check COM velocity, temp:        0.000007     0.00(Removed)

 NSTEP =    21000   TIME(PS) =      41.500  TEMP(K) =   304.56  PRESS =     0.0
 Etot   =    -50832.6168  EKtot   =     20953.5781  EPtot      =    -71786.1949
 BOND   =     13000.0240  ANGLE   =      1128.7004  DIHED      =      1347.1891
 1-4 NB =       445.8490  1-4 EEL =      4601.1160  VDWAALS    =     12796.1256
 EELEC  =   -105105.1989  EHBOND  =         0.0000  RESTRAINT  =         0.0000
 ------------------------------------------------------------------------------


 NSTEP =    21500   TIME(PS) =      41.750  TEMP(K) =   306.53  PRESS =     0.0
 Etot   =    -50835.5860  EKtot   =     21089.2520  EPtot      =    -71924.8380
 BOND   =     12832.4654  ANGLE   =      1078.4234  DIHED      =      1314.2171
 1-4 NB =       460.6695  1-4 EEL =      4648.1851  VDWAALS    =     12550.3546
 EELEC  =   -104809.1532  EHBOND  =         0.0000  RESTRAINT  =         0.0000
 ------------------------------------------------------------------------------

check COM velocity, temp:        0.000010     0.00(Removed)

 NSTEP =    22000   TIME(PS) =      42.000  TEMP(K) =   306.64  PRESS =     0.0
 Etot   =    -50838.3384  EKtot   =     21096.7695  EPtot      =    -71935.1080
 BOND   =     12600.5615  ANGLE   =      1103.8146  DIHED      =      1335.6465
 1-4 NB =       450.4126  1-4 EEL =      4618.8482  VDWAALS    =     12670.4440
 EELEC  =   -104714.8354  EHBOND  =         0.0000  RESTRAINT  =         0.0000
 ------------------------------------------------------------------------------


 NSTEP =    22500   TIME(PS) =      42.250  TEMP(K) =   305.56  PRESS =     0.0
 Etot   =    -50839.8834  EKtot   =     21022.4219  EPtot      =    -71862.3053
 BOND   =     12671.4136  ANGLE   =      1094.0978  DIHED      =      1321.5591
 1-4 NB =       442.7913  1-4 EEL =      4598.4525  VDWAALS    =     12444.0470
 EELEC  =   -104434.6666  EHBOND  =         0.0000  RESTRAINT  =         0.0000
 ------------------------------------------------------------------------------

check COM velocity, temp:        0.000009     0.00(Removed)

 NSTEP =    23000   TIME(PS) =      42.500  TEMP(K) =   307.10  PRESS =     0.0
 Etot   =    -50835.0981  EKtot   =     21128.5312  EPtot      =    -71963.6293
 BOND   =     12946.4213  ANGLE   =      1106.6087  DIHED      =      1335.5474
 1-4 NB =       436.0455  1-4 EEL =      4588.1900  VDWAALS    =     12725.7010
 EELEC  =   -105102.1433  EHBOND  =         0.0000  RESTRAINT  =         0.0000
 ------------------------------------------------------------------------------


 NSTEP =    23500   TIME(PS) =      42.750  TEMP(K) =   305.34  PRESS =     0.0
 Etot   =    -50834.2970  EKtot   =     21007.5625  EPtot      =    -71841.8595
 BOND   =     12801.7122  ANGLE   =      1070.5286  DIHED      =      1316.0335
 1-4 NB =       451.3026  1-4 EEL =      4631.2286  VDWAALS    =     12505.0235
 EELEC  =   -104617.6886  EHBOND  =         0.0000  RESTRAINT  =         0.0000
 ------------------------------------------------------------------------------

check COM velocity, temp:        0.000005     0.00(Removed)

 NSTEP =    24000   TIME(PS) =      43.000  TEMP(K) =   306.30  PRESS =     0.0
 Etot   =    -50836.4386  EKtot   =     21073.1445  EPtot      =    -71909.5831
 BOND   =     12775.4223  ANGLE   =      1121.9357  DIHED      =      1325.8480
 1-4 NB =       443.5472  1-4 EEL =      4586.5715  VDWAALS    =     12307.0388
 EELEC  =   -104469.9467  EHBOND  =         0.0000  RESTRAINT  =         0.0000
 ------------------------------------------------------------------------------


 NSTEP =    24500   TIME(PS) =      43.250  TEMP(K) =   306.86  PRESS =     0.0
 Etot   =    -50837.7047  EKtot   =     21111.6562  EPtot      =    -71949.3609
 BOND   =     12945.6324  ANGLE   =      1097.6752  DIHED      =      1331.3913
 1-4 NB =       439.1334  1-4 EEL =      4590.8713  VDWAALS    =     12582.0729
 EELEC  =   -104936.1374  EHBOND  =         0.0000  RESTRAINT  =         0.0000
 ------------------------------------------------------------------------------

check COM velocity, temp:        0.000006     0.00(Removed)

 NSTEP =    25000   TIME(PS) =      43.500  TEMP(K) =   305.60  PRESS =     0.0
 Etot   =    -50835.5355  EKtot   =     21024.8652  EPtot      =    -71860.4007
 BOND   =     12794.8173  ANGLE   =      1069.4765  DIHED      =      1347.9118
 1-4 NB =       452.3127  1-4 EEL =      4639.1845  VDWAALS    =     12771.6549
 EELEC  =   -104935.7583  EHBOND  =         0.0000  RESTRAINT  =         0.0000
 ------------------------------------------------------------------------------


 NSTEP =    25500   TIME(PS) =      43.750  TEMP(K) =   305.91  PRESS =     0.0
 Etot   =    -50836.7792  EKtot   =     21046.6641  EPtot      =    -71883.4433
 BOND   =     12778.9535  ANGLE   =      1096.4639  DIHED      =      1343.9709
 1-4 NB =       452.6737  1-4 EEL =      4605.7165  VDWAALS    =     12839.4429
 EELEC  =   -105000.6647  EHBOND  =         0.0000  RESTRAINT  =         0.0000
 ------------------------------------------------------------------------------

check COM velocity, temp:        0.000002     0.00(Removed)

 NSTEP =    26000   TIME(PS) =      44.000  TEMP(K) =   303.69  PRESS =     0.0
 Etot   =    -50835.8166  EKtot   =     20893.5059  EPtot      =    -71729.3225
 BOND   =     12908.4627  ANGLE   =      1091.9948  DIHED      =      1330.7168
 1-4 NB =       442.8143  1-4 EEL =      4591.5186  VDWAALS    =     12608.6829
 EELEC  =   -104703.5125  EHBOND  =         0.0000  RESTRAINT  =         0.0000
 ------------------------------------------------------------------------------


 NSTEP =    26500   TIME(PS) =      44.250  TEMP(K) =   305.13  PRESS =     0.0
 Etot   =    -50836.2471  EKtot   =     20993.1484  EPtot      =    -71829.3956
 BOND   =     12982.2286  ANGLE   =      1101.4811  DIHED      =      1378.5929
 1-4 NB =       435.7496  1-4 EEL =      4572.0523  VDWAALS    =     12681.9825
 EELEC  =   -104981.4826  EHBOND  =         0.0000  RESTRAINT  =         0.0000
 ------------------------------------------------------------------------------

check COM velocity, temp:        0.000004     0.00(Removed)

 NSTEP =    27000   TIME(PS) =      44.500  TEMP(K) =   306.77  PRESS =     0.0
 Etot   =    -50837.1401  EKtot   =     21105.4551  EPtot      =    -71942.5952
 BOND   =     12906.7939  ANGLE   =      1090.5843  DIHED      =      1362.3278
 1-4 NB =       433.6335  1-4 EEL =      4605.8258  VDWAALS    =     12707.8186
 EELEC  =   -105049.5792  EHBOND  =         0.0000  RESTRAINT  =         0.0000
 ------------------------------------------------------------------------------


 NSTEP =    27500   TIME(PS) =      44.750  TEMP(K) =   307.32  PRESS =     0.0
 Etot   =    -50837.9284  EKtot   =     21143.4707  EPtot      =    -71981.3991
 BOND   =     12740.7227  ANGLE   =      1071.2454  DIHED      =      1344.7908
 1-4 NB =       451.2095  1-4 EEL =      4620.4626  VDWAALS    =     12489.3891
 EELEC  =   -104699.2191  EHBOND  =         0.0000  RESTRAINT  =         0.0000
 ------------------------------------------------------------------------------

check COM velocity, temp:        0.000004     0.00(Removed)

 NSTEP =    28000   TIME(PS) =      45.000  TEMP(K) =   305.49  PRESS =     0.0
 Etot   =    -50834.8801  EKtot   =     21017.2852  EPtot      =    -71852.1652
 BOND   =     13054.6626  ANGLE   =      1063.8980  DIHED      =      1318.8095
 1-4 NB =       444.4915  1-4 EEL =      4618.9449  VDWAALS    =     12665.2843
 EELEC  =   -105018.2560  EHBOND  =         0.0000  RESTRAINT  =         0.0000
 ------------------------------------------------------------------------------


 NSTEP =    28500   TIME(PS) =      45.250  TEMP(K) =   304.97  PRESS =     0.0
 Etot   =    -50833.6491  EKtot   =     20982.1426  EPtot      =    -71815.7917
 BOND   =     12859.9672  ANGLE   =      1102.2410  DIHED      =      1311.7655
 1-4 NB =       458.9090  1-4 EEL =      4647.2579  VDWAALS    =     12478.7431
 EELEC  =   -104674.6755  EHBOND  =         0.0000  RESTRAINT  =         0.0000
 ------------------------------------------------------------------------------

check COM velocity, temp:        0.000003     0.00(Removed)

 NSTEP =    29000   TIME(PS) =      45.500  TEMP(K) =   304.87  PRESS =     0.0
 Etot   =    -50835.2868  EKtot   =     20975.0586  EPtot      =    -71810.3454
 BOND   =     12851.8673  ANGLE   =      1059.3367  DIHED      =      1330.5824
 1-4 NB =       437.8798  1-4 EEL =      4623.7225  VDWAALS    =     12429.0083
 EELEC  =   -104542.7424  EHBOND  =         0.0000  RESTRAINT  =         0.0000
 ------------------------------------------------------------------------------


 NSTEP =    29500   TIME(PS) =      45.750  TEMP(K) =   307.09  PRESS =     0.0
 Etot   =    -50839.1240  EKtot   =     21127.7656  EPtot      =    -71966.8896
 BOND   =     12743.4301  ANGLE   =      1087.8467  DIHED      =      1330.1175
 1-4 NB =       457.1045  1-4 EEL =      4661.7737  VDWAALS    =     12818.7196
 EELEC  =   -105065.8817  EHBOND  =         0.0000  RESTRAINT  =         0.0000
 ------------------------------------------------------------------------------

check COM velocity, temp:        0.000007     0.00(Removed)

 NSTEP =    30000   TIME(PS) =      46.000  TEMP(K) =   307.18  PRESS =     0.0
 Etot   =    -50838.3617  EKtot   =     21133.7656  EPtot      =    -71972.1273
 BOND   =     12743.9348  ANGLE   =      1106.0267  DIHED      =      1330.2060
 1-4 NB =       460.3294  1-4 EEL =      4607.9038  VDWAALS    =     12689.4635
 EELEC  =   -104909.9914  EHBOND  =         0.0000  RESTRAINT  =         0.0000
 ------------------------------------------------------------------------------


 NSTEP =    30500   TIME(PS) =      46.250  TEMP(K) =   306.46  PRESS =     0.0
 Etot   =    -50836.5572  EKtot   =     21084.3965  EPtot      =    -71920.9536
 BOND   =     12870.5361  ANGLE   =      1095.0092  DIHED      =      1347.0060
 1-4 NB =       450.0690  1-4 EEL =      4601.7177  VDWAALS    =     12562.5417
 EELEC  =   -104847.8334  EHBOND  =         0.0000  RESTRAINT  =         0.0000
 ------------------------------------------------------------------------------

check COM velocity, temp:        0.000004     0.00(Removed)

 NSTEP =    31000   TIME(PS) =      46.500  TEMP(K) =   306.97  PRESS =     0.0
 Etot   =    -50841.4313  EKtot   =     21119.5000  EPtot      =    -71960.9313
 BOND   =     12780.0095  ANGLE   =      1073.9945  DIHED      =      1312.0246
 1-4 NB =       438.9903  1-4 EEL =      4600.9191  VDWAALS    =     12577.1260
 EELEC  =   -104743.9954  EHBOND  =         0.0000  RESTRAINT  =         0.0000
 ------------------------------------------------------------------------------


 NSTEP =    31500   TIME(PS) =      46.750  TEMP(K) =   306.42  PRESS =     0.0
 Etot   =    -50838.0942  EKtot   =     21081.3730  EPtot      =    -71919.4673
 BOND   =     12800.4631  ANGLE   =      1080.3896  DIHED      =      1320.0543
 1-4 NB =       441.8420  1-4 EEL =      4599.4194  VDWAALS    =     12746.8332
 EELEC  =   -104908.4690  EHBOND  =         0.0000  RESTRAINT  =         0.0000
 ------------------------------------------------------------------------------

check COM velocity, temp:        0.000006     0.00(Removed)

 NSTEP =    32000   TIME(PS) =      47.000  TEMP(K) =   308.54  PRESS =     0.0
 Etot   =    -50838.7855  EKtot   =     21227.1602  EPtot      =    -72065.9457
 BOND   =     12903.6677  ANGLE   =      1043.9640  DIHED      =      1304.4699
 1-4 NB =       441.4425  1-4 EEL =      4547.3645  VDWAALS    =     12725.4150
 EELEC  =   -105032.2694  EHBOND  =         0.0000  RESTRAINT  =         0.0000
 ------------------------------------------------------------------------------


 NSTEP =    32500   TIME(PS) =      47.250  TEMP(K) =   307.56  PRESS =     0.0
 Etot   =    -50838.6116  EKtot   =     21160.1680  EPtot      =    -71998.7796
 BOND   =     12855.8300  ANGLE   =      1016.7845  DIHED      =      1340.2137
 1-4 NB =       440.7197  1-4 EEL =      4593.7582  VDWAALS    =     12753.1570
 EELEC  =   -104999.2426  EHBOND  =         0.0000  RESTRAINT  =         0.0000
 ------------------------------------------------------------------------------

check COM velocity, temp:        0.000006     0.00(Removed)

 NSTEP =    33000   TIME(PS) =      47.500  TEMP(K) =   305.25  PRESS =     0.0
 Etot   =    -50837.2608  EKtot   =     21000.8828  EPtot      =    -71838.1436
 BOND   =     12735.9368  ANGLE   =      1089.5332  DIHED      =      1328.0405
 1-4 NB =       460.8472  1-4 EEL =      4623.8414  VDWAALS    =     12559.9052
 EELEC  =   -104636.2480  EHBOND  =         0.0000  RESTRAINT  =         0.0000
 ------------------------------------------------------------------------------


 NSTEP =    33500   TIME(PS) =      47.750  TEMP(K) =   307.11  PRESS =     0.0
 Etot   =    -50837.9467  EKtot   =     21129.0801  EPtot      =    -71967.0268
 BOND   =     12759.4342  ANGLE   =      1070.3503  DIHED      =      1330.1492
 1-4 NB =       443.4493  1-4 EEL =      4631.6600  VDWAALS    =     12556.7249
 EELEC  =   -104758.7947  EHBOND  =         0.0000  RESTRAINT  =         0.0000
 ------------------------------------------------------------------------------

check COM velocity, temp:        0.000006     0.00(Removed)

 NSTEP =    34000   TIME(PS) =      48.000  TEMP(K) =   308.28  PRESS =     0.0
 Etot   =    -50837.5606  EKtot   =     21209.6270  EPtot      =    -72047.1876
 BOND   =     12663.5170  ANGLE   =      1059.8038  DIHED      =      1317.6361
 1-4 NB =       440.8154  1-4 EEL =      4574.6005  VDWAALS    =     12550.0475
 EELEC  =   -104653.6078  EHBOND  =         0.0000  RESTRAINT  =         0.0000
 ------------------------------------------------------------------------------


 NSTEP =    34500   TIME(PS) =      48.250  TEMP(K) =   306.01  PRESS =     0.0
 Etot   =    -50837.4371  EKtot   =     21053.4688  EPtot      =    -71890.9059
 BOND   =     12837.1192  ANGLE   =      1074.0363  DIHED      =      1343.2766
 1-4 NB =       447.3153  1-4 EEL =      4593.2497  VDWAALS    =     12460.1723
 EELEC  =   -104646.0753  EHBOND  =         0.0000  RESTRAINT  =         0.0000
 ------------------------------------------------------------------------------

check COM velocity, temp:        0.000005     0.00(Removed)

 NSTEP =    35000   TIME(PS) =      48.500  TEMP(K) =   305.92  PRESS =     0.0
 Etot   =    -50836.2877  EKtot   =     21047.0566  EPtot      =    -71883.3443
 BOND   =     12928.8696  ANGLE   =      1053.2431  DIHED      =      1354.8207
 1-4 NB =       450.2873  1-4 EEL =      4634.1945  VDWAALS    =     12530.9775
 EELEC  =   -104835.7371  EHBOND  =         0.0000  RESTRAINT  =         0.0000
 ------------------------------------------------------------------------------


 NSTEP =    35500   TIME(PS) =      48.750  TEMP(K) =   305.73  PRESS =     0.0
 Etot   =    -50839.4683  EKtot   =     21034.4082  EPtot      =    -71873.8765
 BOND   =     12822.1764  ANGLE   =      1049.6529  DIHED      =      1346.8387
 1-4 NB =       458.3818  1-4 EEL =      4643.3818  VDWAALS    =     12592.8549
 EELEC  =   -104787.1631  EHBOND  =         0.0000  RESTRAINT  =         0.0000
 ------------------------------------------------------------------------------

check COM velocity, temp:        0.000007     0.00(Removed)

 NSTEP =    36000   TIME(PS) =      49.000  TEMP(K) =   305.21  PRESS =     0.0
 Etot   =    -50837.8005  EKtot   =     20998.5859  EPtot      =    -71836.3864
 BOND   =     12584.7979  ANGLE   =      1111.3768  DIHED      =      1321.4688
 1-4 NB =       451.8331  1-4 EEL =      4663.1021  VDWAALS    =     12499.0557
 EELEC  =   -104468.0208  EHBOND  =         0.0000  RESTRAINT  =         0.0000
 ------------------------------------------------------------------------------


 NSTEP =    36500   TIME(PS) =      49.250  TEMP(K) =   305.44  PRESS =     0.0
 Etot   =    -50834.1038  EKtot   =     21013.9277  EPtot      =    -71848.0315
 BOND   =     12897.1182  ANGLE   =      1089.8983  DIHED      =      1338.5471
 1-4 NB =       449.3449  1-4 EEL =      4623.3971  VDWAALS    =     12588.0277
 EELEC  =   -104834.3649  EHBOND  =         0.0000  RESTRAINT  =         0.0000
 ------------------------------------------------------------------------------

check COM velocity, temp:        0.000005     0.00(Removed)

 NSTEP =    37000   TIME(PS) =      49.500  TEMP(K) =   305.67  PRESS =     0.0
 Etot   =    -50832.7468  EKtot   =     21029.8066  EPtot      =    -71862.5534
 BOND   =     13071.9873  ANGLE   =      1061.1244  DIHED      =      1343.9944
 1-4 NB =       438.7637  1-4 EEL =      4623.9616  VDWAALS    =     12507.5193
 EELEC  =   -104909.9041  EHBOND  =         0.0000  RESTRAINT  =         0.0000
 ------------------------------------------------------------------------------


 NSTEP =    37500   TIME(PS) =      49.750  TEMP(K) =   306.91  PRESS =     0.0
 Etot   =    -50840.0395  EKtot   =     21115.4199  EPtot      =    -71955.4594
 BOND   =     12689.4292  ANGLE   =      1109.1664  DIHED      =      1346.0258
 1-4 NB =       445.7704  1-4 EEL =      4640.6294  VDWAALS    =     12888.4302
 EELEC  =   -105074.9108  EHBOND  =         0.0000  RESTRAINT  =         0.0000
 ------------------------------------------------------------------------------

check COM velocity, temp:        0.000004     0.00(Removed)

 NSTEP =    38000   TIME(PS) =      50.000  TEMP(K) =   307.55  PRESS =     0.0
 Etot   =    -50840.9881  EKtot   =     21159.2715  EPtot      =    -72000.2596
 BOND   =     12880.2659  ANGLE   =      1089.3056  DIHED      =      1341.9770
 1-4 NB =       452.2123  1-4 EEL =      4640.0328  VDWAALS    =     12709.6756
 EELEC  =   -105113.7288  EHBOND  =         0.0000  RESTRAINT  =         0.0000
 ------------------------------------------------------------------------------


 NSTEP =    38500   TIME(PS) =      50.250  TEMP(K) =   306.76  PRESS =     0.0
 Etot   =    -50836.7991  EKtot   =     21104.7617  EPtot      =    -71941.5608
 BOND   =     12863.8722  ANGLE   =      1085.0589  DIHED      =      1313.9366
 1-4 NB =       427.3502  1-4 EEL =      4583.8105  VDWAALS    =     12701.5259
 EELEC  =   -104917.1152  EHBOND  =         0.0000  RESTRAINT  =         0.0000
 ------------------------------------------------------------------------------

check COM velocity, temp:        0.000006     0.00(Removed)

 NSTEP =    39000   TIME(PS) =      50.500  TEMP(K) =   307.41  PRESS =     0.0
 Etot   =    -50839.0441  EKtot   =     21149.4062  EPtot      =    -71988.4504
 BOND   =     12849.4114  ANGLE   =      1066.5864  DIHED      =      1316.3739
 1-4 NB =       454.0268  1-4 EEL =      4613.6597  VDWAALS    =     12702.4852
 EELEC  =   -104990.9938  EHBOND  =         0.0000  RESTRAINT  =         0.0000
 ------------------------------------------------------------------------------


 NSTEP =    39500   TIME(PS) =      50.750  TEMP(K) =   307.20  PRESS =     0.0
 Etot   =    -50835.4223  EKtot   =     21134.9414  EPtot      =    -71970.3637
 BOND   =     12970.8253  ANGLE   =      1062.1560  DIHED      =      1302.0563
 1-4 NB =       448.2367  1-4 EEL =      4628.1255  VDWAALS    =     12825.4779
 EELEC  =   -105207.2414  EHBOND  =         0.0000  RESTRAINT  =         0.0000
 ------------------------------------------------------------------------------

check COM velocity, temp:        0.000007     0.00(Removed)

 NSTEP =    40000   TIME(PS) =      51.000  TEMP(K) =   307.06  PRESS =     0.0
 Etot   =    -50837.7285  EKtot   =     21125.4727  EPtot      =    -71963.2011
 BOND   =     12824.9937  ANGLE   =      1098.6574  DIHED      =      1295.5430
 1-4 NB =       443.2527  1-4 EEL =      4596.8323  VDWAALS    =     12697.2692
 EELEC  =   -104919.7495  EHBOND  =         0.0000  RESTRAINT  =         0.0000
 ------------------------------------------------------------------------------


      A V E R A G E S   O V E R      80 S T E P S


 NSTEP =    40000   TIME(PS) =      51.000  TEMP(K) =   306.56  PRESS =     0.0
 Etot   =    -50836.8092  EKtot   =     21091.5167  EPtot      =    -71928.3260
 BOND   =     12859.0657  ANGLE   =      1106.2136  DIHED      =      1334.6610
 1-4 NB =       448.8322  1-4 EEL =      4615.9464  VDWAALS    =     12630.3681
 EELEC  =   -104923.4129  EHBOND  =         0.0000  RESTRAINT  =         0.0000
 ------------------------------------------------------------------------------


      R M S  F L U C T U A T I O N S


 NSTEP =    40000   TIME(PS) =      51.000  TEMP(K) =     1.04  PRESS =     0.0
 Etot   =         2.2021  EKtot   =        71.6634  EPtot      =        72.5309
 BOND   =       112.2394  ANGLE   =        44.0330  DIHED      =        16.9573
 1-4 NB =         8.4310  1-4 EEL =        26.3074  VDWAALS    =       128.5534
 EELEC  =       224.6568  EHBOND  =         0.0000  RESTRAINT  =         0.0000
|E(PBS) =         0.8482
 ------------------------------------------------------------------------------

--------------------------------------------------------------------------------
   5.  TIMINGS
--------------------------------------------------------------------------------

|  NonSetup CPU Time in Major Routines:
|
|     Routine           Sec        %
|     ------------------------------
|     Nonbond           8.19   12.38
|     Bond              0.00    0.00
|     Angle             0.00    0.00
|     Dihedral          0.00    0.00
|     Shake             0.00    0.00
|     RunMD            57.90   87.51
|     Other             0.08    0.11
|     ------------------------------
|     Total            66.16

|  PME Nonbond Pairlist CPU Time:
|
|     Routine              Sec        %
|     ---------------------------------
|     Set Up Cit           0.00    0.00
|     Build List           0.00    0.00
|     ---------------------------------
|     Total                0.00    0.00

|  PME Direct Force CPU Time:
|
|     Routine              Sec        %
|     ---------------------------------
|     NonBonded Calc       0.00    0.00
|     Exclude Masked       0.00    0.00
|     Other                0.02    0.04
|     ---------------------------------
|     Total                0.02    0.04

|  PME Reciprocal Force CPU Time:
|
|     Routine              Sec        %
|     ---------------------------------
|     1D bspline           0.00    0.00
|     Grid Charges         0.00    0.00
|     Scalar Sum           0.00    0.00
|     Gradient Sum         0.00    0.00
|     FFT                  0.00    0.00
|     ---------------------------------
|     Total                0.00    0.00

|  Final Performance Info:
|     -----------------------------------------------------
|     Average timings for last    3500 steps:
|     Elapsed(s) =       6.15 Per Step(ms) =       1.76
|         ns/day =      24.58   seconds/ns =    3514.89
|
|     Average timings for all steps:
|     Elapsed(s) =      66.51 Per Step(ms) =       1.66
|         ns/day =      25.98   seconds/ns =    3325.63
|     -----------------------------------------------------

|  Setup CPU time:            2.64 seconds
|  NonSetup CPU time:        66.16 seconds
|  Total CPU time:           68.80 seconds     0.02 hours

|  Setup wall time:           3    seconds
|  NonSetup wall time:       66    seconds
|  Total wall time:          69    seconds     0.02 hours
