
          -------------------------------------------------------
          Amber 16 PMEMD                              2016
          -------------------------------------------------------

| PMEMD implementation of SANDER, Release 16

| Run on 08/25/2017 at 14:03:35

|   Executable path: /apps/amber16/bin/pmemd.cuda
| Working directory: /scratch/pbarletta/pdz/run/lb/neq/data/larga_4
|          Hostname: mordor

  [-O]verwriting output

File Assignments:
|   MDIN: pdt.in                                                                
|  MDOUT: T70pplb_4.out                                                         
| INPCRD: /scratch/pbarletta/pdz/run/lb/neq/data/corta_4/T70plb_4.rst7          
|   PARM: /scratch/pbarletta/pdz/top_files/lb.prmtop                            
| RESTRT: T70pplb_4.rst7                                                        
|   REFC: refc                                                                  
|  MDVEL: mdvel                                                                 
|   MDEN: mden                                                                  
|  MDCRD: T70pplb_4.nc                                                          
| MDINFO: mdinfo                                                                
|  MDFRC: mdfrc                                                                 


 Here is the input file:

!NVE run                                                                       
&cntrl                                                                         
imin = 0,                           ! No Minimization                          
nmropt = 0,                         ! No NMR restraints read                   
                                                                               
! Nature and format of the input                                               
ntx = 5,                            ! Coordinates will be read, assign new velo
irest = 1,                          ! Do not run a new simulation              
                                                                               
! Nature and format of the output                                              
ioutfm = 1,			    ! NetCDF format for output files                             
ntxo = 1,                           ! rstrt file in ASCII format               
ntpr = 500,                         ! inf in output every ntpr steps           
ntwr = 500,                         ! rstrt file every ntwr steps              
ntwx = 100,                         ! mdcrd file every ntwx steps              
ntwv = -1,                          ! mdvel without velocities                 
ntwe = 0,                           ! Energies and temperatures not written in 
idecomp = 0,                        ! No energy decomposition                  
iwrap = 1,                          ! Coordinates of the restart and mdcrd file
                                                                               
! Frozen or restrained atoms                                                   
ibelly = 0,                         ! No frozen atoms                          
ntr=0,                              ! Harmonic potential restraints            
                                                                               
! Molecular dynamics                                                           
nstlim = 40000,                      ! Number of MD-steps                      
dt = 0.0005,                        ! Time step                                
                                                                               
! Temperature regulation                                                       
ntt = 0,                            ! Constant total energy                    
                                                                               
! P and V regulation                                                           
ntp = 0,                            ! No P control                             
ntb = 1,                            ! constant V                               
                                                                               
! SHAKE variables                                                              
ntc = 1,                            ! Bonds involving H are constrained        
ntf = 1,                            ! Bond interaction involving H are ommited.
                                                                               
cut = 9.0,                          ! Nonbonded cutoff                         
/                                                                              
&end                                                                           


Note: ig = -1. Setting random seed to   367096 based on wallclock time in 
      microseconds.
| irandom = 1, using AMBER's internal random number generator (default).
 
|--------------------- INFORMATION ----------------------
| GPU (CUDA) Version of PMEMD in use: NVIDIA GPU IN USE.
|                    Version 16.0.0
| 
|                      02/25/2016
| 
| Implementation by:
|                    Ross C. Walker     (SDSC)
|                    Scott Le Grand     (nVIDIA)
| 
| Precision model in use:
|      [SPFP] - Single Precision Forces, 64-bit Fixed Point
|               Accumulation. (Default)
| 
|--------------------------------------------------------
 
|----------------- CITATION INFORMATION -----------------
|
|    When publishing work that utilized the CUDA version
|    of AMBER, please cite the following in addition to
|    the regular AMBER citations:
|
|  - Romelia Salomon-Ferrer; Andreas W. Goetz; Duncan
|    Poole; Scott Le Grand; Ross C. Walker "Routine
|    microsecond molecular dynamics simulations with
|    AMBER - Part II: Particle Mesh Ewald", J. Chem.
|    Theory Comput., 2013, 9 (9), pp3878-3888,
|    DOI: 10.1021/ct400314y.
|
|  - Andreas W. Goetz; Mark J. Williamson; Dong Xu;
|    Duncan Poole; Scott Le Grand; Ross C. Walker
|    "Routine microsecond molecular dynamics simulations
|    with AMBER - Part I: Generalized Born", J. Chem.
|    Theory Comput., 2012, 8 (5), pp1542-1555.
|
|  - Scott Le Grand; Andreas W. Goetz; Ross C. Walker
|    "SPFP: Speed without compromise - a mixed precision
|    model for GPU accelerated molecular dynamics
|    simulations.", Comp. Phys. Comm., 2013, 184
|    pp374-380, DOI: 10.1016/j.cpc.2012.09.022
|
|--------------------------------------------------------
 
|------------------- GPU DEVICE INFO --------------------
|
|            CUDA_VISIBLE_DEVICES: 0
|   CUDA Capable Devices Detected:      1
|           CUDA Device ID in use:      0
|                CUDA Device Name: GeForce GTX TITAN
|     CUDA Device Global Mem Size:   6082 MB
| CUDA Device Num Multiprocessors:     14
|           CUDA Device Core Freq:   0.93 GHz
|
|--------------------------------------------------------
 
 
| Conditional Compilation Defines Used:
| PUBFFT
| BINTRAJ
| CUDA
| EMIL

| Largest sphere to fit in unit cell has radius =    26.281

| New format PARM file being parsed.
| Version =    1.000 Date = 09/04/12 Time = 16:08:43

| Note: 1-4 EEL scale factors are being read from the topology file.

| Note: 1-4 VDW scale factors are being read from the topology file.
| Duplicated    0 dihedrals

| Duplicated    0 dihedrals

--------------------------------------------------------------------------------
   1.  RESOURCE   USE: 
--------------------------------------------------------------------------------

 getting new box info from bottom of inpcrd
 NATOM  =   23082 NTYPES =      16 NBONH =   22055 MBONA  =    1038
 NTHETH =    2390 MTHETA =    1396 NPHIH =    4631 MPHIA  =    3488
 NHPARM =       0 NPARM  =       0 NNB   =   39434 NRES   =    7134
 NBONA  =    1038 NTHETA =    1396 NPHIA =    3488 NUMBND =      41
 NUMANG =      86 NPTRA  =      41 NATYP =      28 NPHB   =       1
 IFBOX  =       1 NMXRS  =      24 IFCAP =       0 NEXTRA =       0
 NCOPY  =       0

| Coordinate Index Table dimensions:    12   14   10
| Direct force subcell size =     5.0212    5.2012    5.2562

     BOX TYPE: RECTILINEAR

--------------------------------------------------------------------------------
   2.  CONTROL  DATA  FOR  THE  RUN
--------------------------------------------------------------------------------

default_name                                                                    

General flags:
     imin    =       0, nmropt  =       0

Nature and format of input:
     ntx     =       5, irest   =       1, ntrx    =       1

Nature and format of output:
     ntxo    =       1, ntpr    =     500, ntrx    =       1, ntwr    =     500
     iwrap   =       1, ntwx    =     100, ntwv    =      -1, ntwe    =       0
     ioutfm  =       1, ntwprt  =       0, idecomp =       0, rbornstat=      0

Potential function:
     ntf     =       1, ntb     =       1, igb     =       0, nsnb    =      25
     ipol    =       0, gbsa    =       0, iesp    =       0
     dielc   =   1.00000, cut     =   9.00000, intdiel =   1.00000

Frozen or restrained atoms:
     ibelly  =       0, ntr     =       0

Molecular dynamics:
     nstlim  =     40000, nscm    =      1000, nrespa  =         1
     t       =   0.00000, dt      =   0.00050, vlimit  =  -1.00000

| Intermolecular bonds treatment:
|     no_intermolecular_bonds =       1

| Energy averages sample interval:
|     ene_avg_sampling =     500

Ewald parameters:
     verbose =       0, ew_type =       0, nbflag  =       1, use_pme =       1
     vdwmeth =       1, eedmeth =       1, netfrc  =       1
     Box X =   60.254   Box Y =   72.816   Box Z =   52.562
     Alpha =   90.000   Beta  =   90.000   Gamma =   90.000
     NFFT1 =   64       NFFT2 =   80       NFFT3 =   56
     Cutoff=    9.000   Tol   =0.100E-04
     Ewald Coefficient =  0.30768
     Interpolation order =    4

--------------------------------------------------------------------------------
   3.  ATOMIC COORDINATES AND VELOCITIES
--------------------------------------------------------------------------------

default_name                                                                    
 begin time read from input coords =    31.000 ps

 
 Number of triangulated 3-point waters found:     7002

     Sum of charges from parm topology file =  -0.00000008
     Forcing neutrality...

| Dynamic Memory, Types Used:
| Reals              710578
| Integers           737140

| Nonbonded Pairs Initial Allocation:     5262696

| GPU memory information (estimate):
| KB of GPU memory in use:     63171
| KB of CPU memory in use:     27891

--------------------------------------------------------------------------------
   4.  RESULTS
--------------------------------------------------------------------------------

 ---------------------------------------------------
 APPROXIMATING switch and d/dx switch using CUBIC SPLINE INTERPOLATION
 using   5000.0 points per unit in tabled values
 TESTING RELATIVE ERROR over r ranging from 0.0 to cutoff
| CHECK switch(x): max rel err =   0.2738E-14   at   2.422500
| CHECK d/dx switch(x): max rel err =   0.8314E-11   at   2.736960
 ---------------------------------------------------
|---------------------------------------------------
| APPROXIMATING direct energy using CUBIC SPLINE INTERPOLATION
|  with   50.0 points per unit in tabled values
| Relative Error Limit not exceeded for r .gt.   2.39
| APPROXIMATING direct force using CUBIC SPLINE INTERPOLATION
|  with   50.0 points per unit in tabled values
| Relative Error Limit not exceeded for r .gt.   2.84
|---------------------------------------------------

 NSTEP =      500   TIME(PS) =      31.250  TEMP(K) =   308.64  PRESS =     0.0
 Etot   =    -50921.5470  EKtot   =     21234.3145  EPtot      =    -72155.8615
 BOND   =     12919.6976  ANGLE   =      1228.8815  DIHED      =      1356.2320
 1-4 NB =       454.8423  1-4 EEL =      4583.7190  VDWAALS    =     12637.8434
 EELEC  =   -105337.0772  EHBOND  =         0.0000  RESTRAINT  =         0.0000
 ------------------------------------------------------------------------------

check COM velocity, temp:        0.000004     0.00(Removed)

 NSTEP =     1000   TIME(PS) =      31.500  TEMP(K) =   306.46  PRESS =     0.0
 Etot   =    -50918.1772  EKtot   =     21084.4824  EPtot      =    -72002.6596
 BOND   =     13012.6888  ANGLE   =      1255.8964  DIHED      =      1336.5484
 1-4 NB =       434.5583  1-4 EEL =      4573.5754  VDWAALS    =     12621.9359
 EELEC  =   -105237.8626  EHBOND  =         0.0000  RESTRAINT  =         0.0000
 ------------------------------------------------------------------------------


 NSTEP =     1500   TIME(PS) =      31.750  TEMP(K) =   307.88  PRESS =     0.0
 Etot   =    -50916.2872  EKtot   =     21182.2676  EPtot      =    -72098.5548
 BOND   =     12947.2426  ANGLE   =      1184.9452  DIHED      =      1358.6899
 1-4 NB =       454.3615  1-4 EEL =      4646.8281  VDWAALS    =     12721.0572
 EELEC  =   -105411.6793  EHBOND  =         0.0000  RESTRAINT  =         0.0000
 ------------------------------------------------------------------------------

check COM velocity, temp:        0.000007     0.00(Removed)

 NSTEP =     2000   TIME(PS) =      32.000  TEMP(K) =   307.04  PRESS =     0.0
 Etot   =    -50914.6101  EKtot   =     21124.3066  EPtot      =    -72038.9167
 BOND   =     12989.7098  ANGLE   =      1128.4097  DIHED      =      1362.6675
 1-4 NB =       455.6918  1-4 EEL =      4672.5791  VDWAALS    =     12639.3653
 EELEC  =   -105287.3399  EHBOND  =         0.0000  RESTRAINT  =         0.0000
 ------------------------------------------------------------------------------


 NSTEP =     2500   TIME(PS) =      32.250  TEMP(K) =   307.38  PRESS =     0.0
 Etot   =    -50916.4394  EKtot   =     21147.4375  EPtot      =    -72063.8769
 BOND   =     13038.4345  ANGLE   =      1236.6146  DIHED      =      1338.1924
 1-4 NB =       453.2136  1-4 EEL =      4600.4612  VDWAALS    =     12909.0077
 EELEC  =   -105639.8009  EHBOND  =         0.0000  RESTRAINT  =         0.0000
 ------------------------------------------------------------------------------

check COM velocity, temp:        0.000002     0.00(Removed)

 NSTEP =     3000   TIME(PS) =      32.500  TEMP(K) =   304.73  PRESS =     0.0
 Etot   =    -50916.8569  EKtot   =     20965.1543  EPtot      =    -71882.0112
 BOND   =     13135.1553  ANGLE   =      1177.7794  DIHED      =      1348.9224
 1-4 NB =       457.4366  1-4 EEL =      4648.0819  VDWAALS    =     12888.1973
 EELEC  =   -105537.5842  EHBOND  =         0.0000  RESTRAINT  =         0.0000
 ------------------------------------------------------------------------------


 NSTEP =     3500   TIME(PS) =      32.750  TEMP(K) =   309.03  PRESS =     0.0
 Etot   =    -50917.9246  EKtot   =     21260.9082  EPtot      =    -72178.8328
 BOND   =     13219.4022  ANGLE   =      1232.7718  DIHED      =      1376.6870
 1-4 NB =       454.2425  1-4 EEL =      4584.4009  VDWAALS    =     13010.1085
 EELEC  =   -106056.4458  EHBOND  =         0.0000  RESTRAINT  =         0.0000
 ------------------------------------------------------------------------------

check COM velocity, temp:        0.000006     0.00(Removed)

 NSTEP =     4000   TIME(PS) =      33.000  TEMP(K) =   308.19  PRESS =     0.0
 Etot   =    -50919.6403  EKtot   =     21203.0410  EPtot      =    -72122.6813
 BOND   =     13178.7405  ANGLE   =      1186.9480  DIHED      =      1351.9755
 1-4 NB =       458.6793  1-4 EEL =      4641.9543  VDWAALS    =     12858.8808
 EELEC  =   -105799.8597  EHBOND  =         0.0000  RESTRAINT  =         0.0000
 ------------------------------------------------------------------------------


 NSTEP =     4500   TIME(PS) =      33.250  TEMP(K) =   306.61  PRESS =     0.0
 Etot   =    -50921.0494  EKtot   =     21094.7090  EPtot      =    -72015.7583
 BOND   =     13091.3626  ANGLE   =      1149.5143  DIHED      =      1340.5417
 1-4 NB =       441.0381  1-4 EEL =      4605.7703  VDWAALS    =     12568.6341
 EELEC  =   -105212.6195  EHBOND  =         0.0000  RESTRAINT  =         0.0000
 ------------------------------------------------------------------------------

check COM velocity, temp:        0.000004     0.00(Removed)

 NSTEP =     5000   TIME(PS) =      33.500  TEMP(K) =   305.14  PRESS =     0.0
 Etot   =    -50918.6632  EKtot   =     20993.3984  EPtot      =    -71912.0616
 BOND   =     12836.1723  ANGLE   =      1198.1768  DIHED      =      1337.1488
 1-4 NB =       454.3041  1-4 EEL =      4624.8782  VDWAALS    =     12382.2586
 EELEC  =   -104745.0004  EHBOND  =         0.0000  RESTRAINT  =         0.0000
 ------------------------------------------------------------------------------


 NSTEP =     5500   TIME(PS) =      33.750  TEMP(K) =   306.87  PRESS =     0.0
 Etot   =    -50921.5230  EKtot   =     21112.6309  EPtot      =    -72034.1539
 BOND   =     12861.1594  ANGLE   =      1131.3471  DIHED      =      1348.2370
 1-4 NB =       433.3077  1-4 EEL =      4609.2156  VDWAALS    =     12593.6134
 EELEC  =   -105011.0342  EHBOND  =         0.0000  RESTRAINT  =         0.0000
 ------------------------------------------------------------------------------

check COM velocity, temp:        0.000006     0.00(Removed)

 NSTEP =     6000   TIME(PS) =      34.000  TEMP(K) =   308.37  PRESS =     0.0
 Etot   =    -50921.5688  EKtot   =     21215.6816  EPtot      =    -72137.2504
 BOND   =     12838.4652  ANGLE   =      1147.8487  DIHED      =      1336.7270
 1-4 NB =       435.6997  1-4 EEL =      4607.6128  VDWAALS    =     12532.8967
 EELEC  =   -105036.5005  EHBOND  =         0.0000  RESTRAINT  =         0.0000
 ------------------------------------------------------------------------------


 NSTEP =     6500   TIME(PS) =      34.250  TEMP(K) =   307.40  PRESS =     0.0
 Etot   =    -50917.9645  EKtot   =     21148.6660  EPtot      =    -72066.6305
 BOND   =     13070.5879  ANGLE   =      1159.0540  DIHED      =      1348.1057
 1-4 NB =       451.3922  1-4 EEL =      4597.7917  VDWAALS    =     12755.5878
 EELEC  =   -105449.1498  EHBOND  =         0.0000  RESTRAINT  =         0.0000
 ------------------------------------------------------------------------------

check COM velocity, temp:        0.000006     0.00(Removed)

 NSTEP =     7000   TIME(PS) =      34.500  TEMP(K) =   308.26  PRESS =     0.0
 Etot   =    -50920.6125  EKtot   =     21207.8301  EPtot      =    -72128.4426
 BOND   =     13023.6133  ANGLE   =      1161.7443  DIHED      =      1345.0620
 1-4 NB =       448.4445  1-4 EEL =      4568.7485  VDWAALS    =     12456.5284
 EELEC  =   -105132.5836  EHBOND  =         0.0000  RESTRAINT  =         0.0000
 ------------------------------------------------------------------------------


 NSTEP =     7500   TIME(PS) =      34.750  TEMP(K) =   308.25  PRESS =     0.0
 Etot   =    -50923.3287  EKtot   =     21207.3984  EPtot      =    -72130.7272
 BOND   =     12910.0162  ANGLE   =      1159.6037  DIHED      =      1382.1124
 1-4 NB =       442.4110  1-4 EEL =      4624.0664  VDWAALS    =     12732.0565
 EELEC  =   -105380.9934  EHBOND  =         0.0000  RESTRAINT  =         0.0000
 ------------------------------------------------------------------------------

check COM velocity, temp:        0.000004     0.00(Removed)

 NSTEP =     8000   TIME(PS) =      35.000  TEMP(K) =   308.52  PRESS =     0.0
 Etot   =    -50921.9288  EKtot   =     21225.8301  EPtot      =    -72147.7589
 BOND   =     12936.2170  ANGLE   =      1189.1033  DIHED      =      1342.9344
 1-4 NB =       445.3107  1-4 EEL =      4607.7213  VDWAALS    =     12714.8969
 EELEC  =   -105383.9424  EHBOND  =         0.0000  RESTRAINT  =         0.0000
 ------------------------------------------------------------------------------


 NSTEP =     8500   TIME(PS) =      35.250  TEMP(K) =   306.06  PRESS =     0.0
 Etot   =    -50920.1727  EKtot   =     21056.6504  EPtot      =    -71976.8231
 BOND   =     12938.9592  ANGLE   =      1165.8507  DIHED      =      1355.3545
 1-4 NB =       445.7669  1-4 EEL =      4627.0523  VDWAALS    =     12787.5730
 EELEC  =   -105297.3797  EHBOND  =         0.0000  RESTRAINT  =         0.0000
 ------------------------------------------------------------------------------

check COM velocity, temp:        0.000009     0.00(Removed)

 NSTEP =     9000   TIME(PS) =      35.500  TEMP(K) =   305.30  PRESS =     0.0
 Etot   =    -50918.2461  EKtot   =     21004.7578  EPtot      =    -71923.0039
 BOND   =     13010.5301  ANGLE   =      1150.8659  DIHED      =      1342.7738
 1-4 NB =       441.9723  1-4 EEL =      4616.7209  VDWAALS    =     12802.4986
 EELEC  =   -105288.3656  EHBOND  =         0.0000  RESTRAINT  =         0.0000
 ------------------------------------------------------------------------------


 NSTEP =     9500   TIME(PS) =      35.750  TEMP(K) =   306.71  PRESS =     0.0
 Etot   =    -50918.7203  EKtot   =     21101.8203  EPtot      =    -72020.5407
 BOND   =     12886.5955  ANGLE   =      1165.9766  DIHED      =      1343.6290
 1-4 NB =       447.9789  1-4 EEL =      4599.1011  VDWAALS    =     12593.7117
 EELEC  =   -105057.5335  EHBOND  =         0.0000  RESTRAINT  =         0.0000
 ------------------------------------------------------------------------------

check COM velocity, temp:        0.000002     0.00(Removed)

 NSTEP =    10000   TIME(PS) =      36.000  TEMP(K) =   304.56  PRESS =     0.0
 Etot   =    -50920.5991  EKtot   =     20953.6719  EPtot      =    -71874.2710
 BOND   =     13012.0733  ANGLE   =      1165.6966  DIHED      =      1342.2034
 1-4 NB =       450.0104  1-4 EEL =      4611.0549  VDWAALS    =     12750.8961
 EELEC  =   -105206.2056  EHBOND  =         0.0000  RESTRAINT  =         0.0000
 ------------------------------------------------------------------------------


 NSTEP =    10500   TIME(PS) =      36.250  TEMP(K) =   306.33  PRESS =     0.0
 Etot   =    -50924.9963  EKtot   =     21075.5352  EPtot      =    -72000.5315
 BOND   =     12737.6044  ANGLE   =      1106.5332  DIHED      =      1337.5928
 1-4 NB =       445.6629  1-4 EEL =      4651.3926  VDWAALS    =     12489.3824
 EELEC  =   -104768.6998  EHBOND  =         0.0000  RESTRAINT  =         0.0000
 ------------------------------------------------------------------------------

check COM velocity, temp:        0.000004     0.00(Removed)

 NSTEP =    11000   TIME(PS) =      36.500  TEMP(K) =   305.82  PRESS =     0.0
 Etot   =    -50918.9444  EKtot   =     21040.2500  EPtot      =    -71959.1944
 BOND   =     12856.6624  ANGLE   =      1130.6185  DIHED      =      1345.3795
 1-4 NB =       446.1466  1-4 EEL =      4627.5907  VDWAALS    =     12950.6618
 EELEC  =   -105316.2538  EHBOND  =         0.0000  RESTRAINT  =         0.0000
 ------------------------------------------------------------------------------


 NSTEP =    11500   TIME(PS) =      36.750  TEMP(K) =   303.82  PRESS =     0.0
 Etot   =    -50914.5605  EKtot   =     20902.4844  EPtot      =    -71817.0449
 BOND   =     12945.6913  ANGLE   =      1166.6496  DIHED      =      1351.4115
 1-4 NB =       454.4073  1-4 EEL =      4646.2080  VDWAALS    =     12476.0914
 EELEC  =   -104857.5040  EHBOND  =         0.0000  RESTRAINT  =         0.0000
 ------------------------------------------------------------------------------

check COM velocity, temp:        0.000008     0.00(Removed)

 NSTEP =    12000   TIME(PS) =      37.000  TEMP(K) =   306.70  PRESS =     0.0
 Etot   =    -50918.5371  EKtot   =     21100.9863  EPtot      =    -72019.5234
 BOND   =     12826.7523  ANGLE   =      1126.3117  DIHED      =      1354.4782
 1-4 NB =       446.4716  1-4 EEL =      4610.9423  VDWAALS    =     12523.4936
 EELEC  =   -104907.9731  EHBOND  =         0.0000  RESTRAINT  =         0.0000
 ------------------------------------------------------------------------------


 NSTEP =    12500   TIME(PS) =      37.250  TEMP(K) =   308.20  PRESS =     0.0
 Etot   =    -50918.6115  EKtot   =     21204.0742  EPtot      =    -72122.6857
 BOND   =     12973.2278  ANGLE   =      1075.0623  DIHED      =      1326.1532
 1-4 NB =       447.6913  1-4 EEL =      4633.4757  VDWAALS    =     12800.8314
 EELEC  =   -105379.1273  EHBOND  =         0.0000  RESTRAINT  =         0.0000
 ------------------------------------------------------------------------------

check COM velocity, temp:        0.000006     0.00(Removed)

 NSTEP =    13000   TIME(PS) =      37.500  TEMP(K) =   303.67  PRESS =     0.0
 Etot   =    -50921.4357  EKtot   =     20892.5059  EPtot      =    -71813.9415
 BOND   =     12868.1251  ANGLE   =      1147.0713  DIHED      =      1338.8954
 1-4 NB =       443.5474  1-4 EEL =      4612.4769  VDWAALS    =     12814.4945
 EELEC  =   -105038.5519  EHBOND  =         0.0000  RESTRAINT  =         0.0000
 ------------------------------------------------------------------------------


 NSTEP =    13500   TIME(PS) =      37.750  TEMP(K) =   307.16  PRESS =     0.0
 Etot   =    -50920.2619  EKtot   =     21132.6348  EPtot      =    -72052.8966
 BOND   =     12855.7872  ANGLE   =      1155.3145  DIHED      =      1345.7473
 1-4 NB =       450.8013  1-4 EEL =      4626.9324  VDWAALS    =     12459.5845
 EELEC  =   -104947.0636  EHBOND  =         0.0000  RESTRAINT  =         0.0000
 ------------------------------------------------------------------------------

check COM velocity, temp:        0.000005     0.00(Removed)

 NSTEP =    14000   TIME(PS) =      38.000  TEMP(K) =   304.48  PRESS =     0.0
 Etot   =    -50916.3320  EKtot   =     20948.2930  EPtot      =    -71864.6250
 BOND   =     12958.4345  ANGLE   =      1131.2293  DIHED      =      1316.9227
 1-4 NB =       430.4699  1-4 EEL =      4565.6579  VDWAALS    =     12702.2594
 EELEC  =   -104969.5986  EHBOND  =         0.0000  RESTRAINT  =         0.0000
 ------------------------------------------------------------------------------


 NSTEP =    14500   TIME(PS) =      38.250  TEMP(K) =   304.60  PRESS =     0.0
 Etot   =    -50919.0204  EKtot   =     20956.6328  EPtot      =    -71875.6532
 BOND   =     12932.6219  ANGLE   =      1114.2094  DIHED      =      1343.6935
 1-4 NB =       440.5085  1-4 EEL =      4611.6453  VDWAALS    =     12364.7922
 EELEC  =   -104683.1240  EHBOND  =         0.0000  RESTRAINT  =         0.0000
 ------------------------------------------------------------------------------

check COM velocity, temp:        0.000002     0.00(Removed)

 NSTEP =    15000   TIME(PS) =      38.500  TEMP(K) =   309.32  PRESS =     0.0
 Etot   =    -50923.6445  EKtot   =     21281.1914  EPtot      =    -72204.8359
 BOND   =     12834.6033  ANGLE   =      1071.4576  DIHED      =      1333.1276
 1-4 NB =       445.1102  1-4 EEL =      4635.0138  VDWAALS    =     12516.1315
 EELEC  =   -105040.2801  EHBOND  =         0.0000  RESTRAINT  =         0.0000
 ------------------------------------------------------------------------------


 NSTEP =    15500   TIME(PS) =      38.750  TEMP(K) =   307.22  PRESS =     0.0
 Etot   =    -50922.5486  EKtot   =     21136.7266  EPtot      =    -72059.2751
 BOND   =     12932.2759  ANGLE   =      1129.7981  DIHED      =      1345.2975
 1-4 NB =       434.7115  1-4 EEL =      4612.0437  VDWAALS    =     12815.7036
 EELEC  =   -105329.1054  EHBOND  =         0.0000  RESTRAINT  =         0.0000
 ------------------------------------------------------------------------------

check COM velocity, temp:        0.000005     0.00(Removed)

 NSTEP =    16000   TIME(PS) =      39.000  TEMP(K) =   306.96  PRESS =     0.0
 Etot   =    -50920.1533  EKtot   =     21118.6973  EPtot      =    -72038.8506
 BOND   =     12861.7764  ANGLE   =      1117.0012  DIHED      =      1330.4931
 1-4 NB =       445.6895  1-4 EEL =      4624.7815  VDWAALS    =     12603.8871
 EELEC  =   -105022.4794  EHBOND  =         0.0000  RESTRAINT  =         0.0000
 ------------------------------------------------------------------------------


 NSTEP =    16500   TIME(PS) =      39.250  TEMP(K) =   308.93  PRESS =     0.0
 Etot   =    -50921.9857  EKtot   =     21254.3281  EPtot      =    -72176.3138
 BOND   =     12786.7479  ANGLE   =      1141.6823  DIHED      =      1343.5645
 1-4 NB =       447.8216  1-4 EEL =      4652.4469  VDWAALS    =     12535.8494
 EELEC  =   -105084.4266  EHBOND  =         0.0000  RESTRAINT  =         0.0000
 ------------------------------------------------------------------------------

check COM velocity, temp:        0.000008     0.00(Removed)

 NSTEP =    17000   TIME(PS) =      39.500  TEMP(K) =   306.58  PRESS =     0.0
 Etot   =    -50919.6765  EKtot   =     21092.5859  EPtot      =    -72012.2624
 BOND   =     12912.9900  ANGLE   =      1099.9573  DIHED      =      1373.8019
 1-4 NB =       443.7741  1-4 EEL =      4613.7743  VDWAALS    =     12706.0371
 EELEC  =   -105162.5971  EHBOND  =         0.0000  RESTRAINT  =         0.0000
 ------------------------------------------------------------------------------


 NSTEP =    17500   TIME(PS) =      39.750  TEMP(K) =   305.23  PRESS =     0.0
 Etot   =    -50918.9194  EKtot   =     20999.7090  EPtot      =    -71918.6284
 BOND   =     12931.4331  ANGLE   =      1106.2644  DIHED      =      1356.3159
 1-4 NB =       462.0864  1-4 EEL =      4623.6469  VDWAALS    =     12803.2375
 EELEC  =   -105201.6127  EHBOND  =         0.0000  RESTRAINT  =         0.0000
 ------------------------------------------------------------------------------

check COM velocity, temp:        0.000002     0.00(Removed)

 NSTEP =    18000   TIME(PS) =      40.000  TEMP(K) =   306.86  PRESS =     0.0
 Etot   =    -50919.8084  EKtot   =     21111.9922  EPtot      =    -72031.8006
 BOND   =     12923.1347  ANGLE   =      1116.5561  DIHED      =      1352.1800
 1-4 NB =       453.8525  1-4 EEL =      4646.4809  VDWAALS    =     12620.2190
 EELEC  =   -105144.2238  EHBOND  =         0.0000  RESTRAINT  =         0.0000
 ------------------------------------------------------------------------------


 NSTEP =    18500   TIME(PS) =      40.250  TEMP(K) =   304.30  PRESS =     0.0
 Etot   =    -50918.0452  EKtot   =     20935.9258  EPtot      =    -71853.9710
 BOND   =     12959.0705  ANGLE   =      1111.1010  DIHED      =      1348.0913
 1-4 NB =       442.5861  1-4 EEL =      4635.6350  VDWAALS    =     12476.8307
 EELEC  =   -104827.2855  EHBOND  =         0.0000  RESTRAINT  =         0.0000
 ------------------------------------------------------------------------------

check COM velocity, temp:        0.000007     0.00(Removed)

 NSTEP =    19000   TIME(PS) =      40.500  TEMP(K) =   305.09  PRESS =     0.0
 Etot   =    -50918.3005  EKtot   =     20990.3906  EPtot      =    -71908.6911
 BOND   =     12885.1053  ANGLE   =      1101.1224  DIHED      =      1355.2246
 1-4 NB =       441.1340  1-4 EEL =      4649.0413  VDWAALS    =     12344.8871
 EELEC  =   -104685.2058  EHBOND  =         0.0000  RESTRAINT  =         0.0000
 ------------------------------------------------------------------------------


 NSTEP =    19500   TIME(PS) =      40.750  TEMP(K) =   308.06  PRESS =     0.0
 Etot   =    -50923.6240  EKtot   =     21194.2578  EPtot      =    -72117.8818
 BOND   =     12801.5557  ANGLE   =      1091.6211  DIHED      =      1360.0442
 1-4 NB =       443.1833  1-4 EEL =      4623.1906  VDWAALS    =     12699.8310
 EELEC  =   -105137.3077  EHBOND  =         0.0000  RESTRAINT  =         0.0000
 ------------------------------------------------------------------------------

check COM velocity, temp:        0.000003     0.00(Removed)

 NSTEP =    20000   TIME(PS) =      41.000  TEMP(K) =   305.72  PRESS =     0.0
 Etot   =    -50919.4188  EKtot   =     21033.1504  EPtot      =    -71952.5692
 BOND   =     12884.0364  ANGLE   =      1104.3744  DIHED      =      1339.9158
 1-4 NB =       457.5502  1-4 EEL =      4669.7203  VDWAALS    =     12960.9999
 EELEC  =   -105369.1662  EHBOND  =         0.0000  RESTRAINT  =         0.0000
 ------------------------------------------------------------------------------


 NSTEP =    20500   TIME(PS) =      41.250  TEMP(K) =   307.97  PRESS =     0.0
 Etot   =    -50922.1371  EKtot   =     21188.2500  EPtot      =    -72110.3871
 BOND   =     12742.2190  ANGLE   =      1045.6999  DIHED      =      1350.3109
 1-4 NB =       461.3423  1-4 EEL =      4634.9680  VDWAALS    =     12320.9442
 EELEC  =   -104665.8713  EHBOND  =         0.0000  RESTRAINT  =         0.0000
 ------------------------------------------------------------------------------

check COM velocity, temp:        0.000004     0.00(Removed)

 NSTEP =    21000   TIME(PS) =      41.500  TEMP(K) =   305.53  PRESS =     0.0
 Etot   =    -50925.0592  EKtot   =     21020.1055  EPtot      =    -71945.1646
 BOND   =     12855.6419  ANGLE   =      1157.7093  DIHED      =      1339.1682
 1-4 NB =       435.6943  1-4 EEL =      4655.4507  VDWAALS    =     12671.1136
 EELEC  =   -105059.9426  EHBOND  =         0.0000  RESTRAINT  =         0.0000
 ------------------------------------------------------------------------------


 NSTEP =    21500   TIME(PS) =      41.750  TEMP(K) =   305.48  PRESS =     0.0
 Etot   =    -50918.7667  EKtot   =     21017.1836  EPtot      =    -71935.9503
 BOND   =     12841.4381  ANGLE   =      1086.4771  DIHED      =      1334.6615
 1-4 NB =       459.8404  1-4 EEL =      4637.2438  VDWAALS    =     12712.2935
 EELEC  =   -105007.9047  EHBOND  =         0.0000  RESTRAINT  =         0.0000
 ------------------------------------------------------------------------------

check COM velocity, temp:        0.000007     0.00(Removed)

 NSTEP =    22000   TIME(PS) =      42.000  TEMP(K) =   306.86  PRESS =     0.0
 Etot   =    -50920.4438  EKtot   =     21111.6016  EPtot      =    -72032.0454
 BOND   =     12927.0545  ANGLE   =      1080.5323  DIHED      =      1341.5362
 1-4 NB =       454.4292  1-4 EEL =      4656.3787  VDWAALS    =     12713.8909
 EELEC  =   -105205.8673  EHBOND  =         0.0000  RESTRAINT  =         0.0000
 ------------------------------------------------------------------------------


 NSTEP =    22500   TIME(PS) =      42.250  TEMP(K) =   306.19  PRESS =     0.0
 Etot   =    -50921.0433  EKtot   =     21065.5508  EPtot      =    -71986.5941
 BOND   =     12936.8018  ANGLE   =      1118.5013  DIHED      =      1328.8375
 1-4 NB =       432.3723  1-4 EEL =      4656.3058  VDWAALS    =     12616.8263
 EELEC  =   -105076.2392  EHBOND  =         0.0000  RESTRAINT  =         0.0000
 ------------------------------------------------------------------------------

check COM velocity, temp:        0.000005     0.00(Removed)

 NSTEP =    23000   TIME(PS) =      42.500  TEMP(K) =   306.70  PRESS =     0.0
 Etot   =    -50923.8325  EKtot   =     21100.7324  EPtot      =    -72024.5649
 BOND   =     12695.8353  ANGLE   =      1138.7088  DIHED      =      1333.2641
 1-4 NB =       451.2882  1-4 EEL =      4638.2818  VDWAALS    =     12689.9724
 EELEC  =   -104971.9154  EHBOND  =         0.0000  RESTRAINT  =         0.0000
 ------------------------------------------------------------------------------


 NSTEP =    23500   TIME(PS) =      42.750  TEMP(K) =   305.17  PRESS =     0.0
 Etot   =    -50920.8720  EKtot   =     20995.5566  EPtot      =    -71916.4286
 BOND   =     12958.4359  ANGLE   =      1095.1538  DIHED      =      1341.1935
 1-4 NB =       458.9945  1-4 EEL =      4658.5421  VDWAALS    =     12689.9658
 EELEC  =   -105118.7143  EHBOND  =         0.0000  RESTRAINT  =         0.0000
 ------------------------------------------------------------------------------

check COM velocity, temp:        0.000009     0.00(Removed)

 NSTEP =    24000   TIME(PS) =      43.000  TEMP(K) =   307.01  PRESS =     0.0
 Etot   =    -50918.4983  EKtot   =     21122.1836  EPtot      =    -72040.6819
 BOND   =     12885.5226  ANGLE   =      1093.1345  DIHED      =      1334.4999
 1-4 NB =       456.5318  1-4 EEL =      4686.3054  VDWAALS    =     12477.0437
 EELEC  =   -104973.7198  EHBOND  =         0.0000  RESTRAINT  =         0.0000
 ------------------------------------------------------------------------------


 NSTEP =    24500   TIME(PS) =      43.250  TEMP(K) =   306.07  PRESS =     0.0
 Etot   =    -50918.7577  EKtot   =     21057.4746  EPtot      =    -71976.2323
 BOND   =     12930.2920  ANGLE   =      1133.6465  DIHED      =      1324.0753
 1-4 NB =       456.0981  1-4 EEL =      4633.9768  VDWAALS    =     12690.0505
 EELEC  =   -105144.3715  EHBOND  =         0.0000  RESTRAINT  =         0.0000
 ------------------------------------------------------------------------------

check COM velocity, temp:        0.000007     0.00(Removed)

 NSTEP =    25000   TIME(PS) =      43.500  TEMP(K) =   306.01  PRESS =     0.0
 Etot   =    -50917.2700  EKtot   =     21053.2363  EPtot      =    -71970.5063
 BOND   =     12868.6807  ANGLE   =      1104.8032  DIHED      =      1346.4036
 1-4 NB =       446.1796  1-4 EEL =      4607.6134  VDWAALS    =     12570.8997
 EELEC  =   -104915.0864  EHBOND  =         0.0000  RESTRAINT  =         0.0000
 ------------------------------------------------------------------------------


 NSTEP =    25500   TIME(PS) =      43.750  TEMP(K) =   306.70  PRESS =     0.0
 Etot   =    -50918.3517  EKtot   =     21100.8086  EPtot      =    -72019.1603
 BOND   =     12783.8655  ANGLE   =      1113.4621  DIHED      =      1328.8778
 1-4 NB =       445.0975  1-4 EEL =      4661.1818  VDWAALS    =     12600.6375
 EELEC  =   -104952.2824  EHBOND  =         0.0000  RESTRAINT  =         0.0000
 ------------------------------------------------------------------------------

check COM velocity, temp:        0.000003     0.00(Removed)

 NSTEP =    26000   TIME(PS) =      44.000  TEMP(K) =   306.67  PRESS =     0.0
 Etot   =    -50921.7505  EKtot   =     21098.6445  EPtot      =    -72020.3951
 BOND   =     12764.1696  ANGLE   =      1076.8365  DIHED      =      1345.2245
 1-4 NB =       459.9444  1-4 EEL =      4598.1743  VDWAALS    =     12738.2545
 EELEC  =   -105002.9988  EHBOND  =         0.0000  RESTRAINT  =         0.0000
 ------------------------------------------------------------------------------


 NSTEP =    26500   TIME(PS) =      44.250  TEMP(K) =   306.22  PRESS =     0.0
 Etot   =    -50924.4804  EKtot   =     21067.5684  EPtot      =    -71992.0488
 BOND   =     12900.5826  ANGLE   =      1115.3707  DIHED      =      1318.9233
 1-4 NB =       458.2072  1-4 EEL =      4673.1136  VDWAALS    =     12798.0000
 EELEC  =   -105256.2461  EHBOND  =         0.0000  RESTRAINT  =         0.0000
 ------------------------------------------------------------------------------

check COM velocity, temp:        0.000003     0.00(Removed)

 NSTEP =    27000   TIME(PS) =      44.500  TEMP(K) =   305.41  PRESS =     0.0
 Etot   =    -50919.7848  EKtot   =     21011.8086  EPtot      =    -71931.5934
 BOND   =     12758.8853  ANGLE   =      1094.1589  DIHED      =      1349.7266
 1-4 NB =       443.3070  1-4 EEL =      4635.5085  VDWAALS    =     12586.9548
 EELEC  =   -104800.1344  EHBOND  =         0.0000  RESTRAINT  =         0.0000
 ------------------------------------------------------------------------------


 NSTEP =    27500   TIME(PS) =      44.750  TEMP(K) =   307.30  PRESS =     0.0
 Etot   =    -50915.2542  EKtot   =     21142.3613  EPtot      =    -72057.6155
 BOND   =     12691.2100  ANGLE   =      1101.2519  DIHED      =      1332.3244
 1-4 NB =       461.2130  1-4 EEL =      4607.8255  VDWAALS    =     12697.7138
 EELEC  =   -104949.1540  EHBOND  =         0.0000  RESTRAINT  =         0.0000
 ------------------------------------------------------------------------------

check COM velocity, temp:        0.000003     0.00(Removed)

 NSTEP =    28000   TIME(PS) =      45.000  TEMP(K) =   307.52  PRESS =     0.0
 Etot   =    -50919.7183  EKtot   =     21157.0547  EPtot      =    -72076.7730
 BOND   =     12848.0000  ANGLE   =      1060.6964  DIHED      =      1322.1995
 1-4 NB =       468.0872  1-4 EEL =      4657.6354  VDWAALS    =     12736.3412
 EELEC  =   -105169.7327  EHBOND  =         0.0000  RESTRAINT  =         0.0000
 ------------------------------------------------------------------------------


 NSTEP =    28500   TIME(PS) =      45.250  TEMP(K) =   308.25  PRESS =     0.0
 Etot   =    -50921.3349  EKtot   =     21207.2773  EPtot      =    -72128.6122
 BOND   =     12863.4997  ANGLE   =      1073.4492  DIHED      =      1322.2458
 1-4 NB =       461.7794  1-4 EEL =      4617.1265  VDWAALS    =     12833.1701
 EELEC  =   -105299.8828  EHBOND  =         0.0000  RESTRAINT  =         0.0000
 ------------------------------------------------------------------------------

check COM velocity, temp:        0.000004     0.00(Removed)

 NSTEP =    29000   TIME(PS) =      45.500  TEMP(K) =   306.23  PRESS =     0.0
 Etot   =    -50916.7626  EKtot   =     21068.8184  EPtot      =    -71985.5809
 BOND   =     12990.7459  ANGLE   =      1086.5542  DIHED      =      1346.8825
 1-4 NB =       440.8131  1-4 EEL =      4566.6652  VDWAALS    =     12860.8937
 EELEC  =   -105278.1357  EHBOND  =         0.0000  RESTRAINT  =         0.0000
 ------------------------------------------------------------------------------


 NSTEP =    29500   TIME(PS) =      45.750  TEMP(K) =   306.42  PRESS =     0.0
 Etot   =    -50915.2342  EKtot   =     21081.7793  EPtot      =    -71997.0135
 BOND   =     12832.3436  ANGLE   =      1098.9851  DIHED      =      1329.4749
 1-4 NB =       444.4199  1-4 EEL =      4623.2667  VDWAALS    =     12465.9142
 EELEC  =   -104791.4179  EHBOND  =         0.0000  RESTRAINT  =         0.0000
 ------------------------------------------------------------------------------

check COM velocity, temp:        0.000007     0.00(Removed)

 NSTEP =    30000   TIME(PS) =      46.000  TEMP(K) =   306.92  PRESS =     0.0
 Etot   =    -50919.7243  EKtot   =     21115.7734  EPtot      =    -72035.4977
 BOND   =     12836.2978  ANGLE   =      1106.0530  DIHED      =      1345.1118
 1-4 NB =       453.3413  1-4 EEL =      4603.6546  VDWAALS    =     12758.6550
 EELEC  =   -105138.6112  EHBOND  =         0.0000  RESTRAINT  =         0.0000
 ------------------------------------------------------------------------------


 NSTEP =    30500   TIME(PS) =      46.250  TEMP(K) =   305.09  PRESS =     0.0
 Etot   =    -50922.1573  EKtot   =     20990.3105  EPtot      =    -71912.4678
 BOND   =     12928.9970  ANGLE   =      1124.0415  DIHED      =      1340.5835
 1-4 NB =       446.5604  1-4 EEL =      4612.0117  VDWAALS    =     12726.2783
 EELEC  =   -105090.9403  EHBOND  =         0.0000  RESTRAINT  =         0.0000
 ------------------------------------------------------------------------------

check COM velocity, temp:        0.000008     0.00(Removed)

 NSTEP =    31000   TIME(PS) =      46.500  TEMP(K) =   305.54  PRESS =     0.0
 Etot   =    -50918.5528  EKtot   =     21020.7539  EPtot      =    -71939.3067
 BOND   =     12991.1985  ANGLE   =      1105.0771  DIHED      =      1351.5203
 1-4 NB =       455.0380  1-4 EEL =      4603.1807  VDWAALS    =     12706.3750
 EELEC  =   -105151.6963  EHBOND  =         0.0000  RESTRAINT  =         0.0000
 ------------------------------------------------------------------------------


 NSTEP =    31500   TIME(PS) =      46.750  TEMP(K) =   305.81  PRESS =     0.0
 Etot   =    -50918.9754  EKtot   =     21039.4492  EPtot      =    -71958.4246
 BOND   =     12792.1591  ANGLE   =      1074.4784  DIHED      =      1315.6202
 1-4 NB =       447.6445  1-4 EEL =      4639.1495  VDWAALS    =     12840.8641
 EELEC  =   -105068.3404  EHBOND  =         0.0000  RESTRAINT  =         0.0000
 ------------------------------------------------------------------------------

check COM velocity, temp:        0.000003     0.00(Removed)

 NSTEP =    32000   TIME(PS) =      47.000  TEMP(K) =   305.05  PRESS =     0.0
 Etot   =    -50922.1365  EKtot   =     20987.4688  EPtot      =    -71909.6053
 BOND   =     12887.2324  ANGLE   =      1076.3264  DIHED      =      1306.8865
 1-4 NB =       437.1415  1-4 EEL =      4634.6101  VDWAALS    =     12766.0448
 EELEC  =   -105017.8470  EHBOND  =         0.0000  RESTRAINT  =         0.0000
 ------------------------------------------------------------------------------


 NSTEP =    32500   TIME(PS) =      47.250  TEMP(K) =   307.94  PRESS =     0.0
 Etot   =    -50922.8302  EKtot   =     21186.0000  EPtot      =    -72108.8302
 BOND   =     12836.1559  ANGLE   =      1084.4124  DIHED      =      1357.1376
 1-4 NB =       442.8300  1-4 EEL =      4602.7677  VDWAALS    =     12636.6923
 EELEC  =   -105068.8262  EHBOND  =         0.0000  RESTRAINT  =         0.0000
 ------------------------------------------------------------------------------

check COM velocity, temp:        0.000006     0.00(Removed)

 NSTEP =    33000   TIME(PS) =      47.500  TEMP(K) =   307.39  PRESS =     0.0
 Etot   =    -50925.1986  EKtot   =     21148.5996  EPtot      =    -72073.7982
 BOND   =     12888.2462  ANGLE   =      1079.9253  DIHED      =      1352.7752
 1-4 NB =       449.1371  1-4 EEL =      4684.2538  VDWAALS    =     12634.1833
 EELEC  =   -105162.3193  EHBOND  =         0.0000  RESTRAINT  =         0.0000
 ------------------------------------------------------------------------------


 NSTEP =    33500   TIME(PS) =      47.750  TEMP(K) =   307.44  PRESS =     0.0
 Etot   =    -50922.8219  EKtot   =     21151.6992  EPtot      =    -72074.5211
 BOND   =     12724.3551  ANGLE   =      1062.2880  DIHED      =      1329.1436
 1-4 NB =       444.1559  1-4 EEL =      4621.9857  VDWAALS    =     12291.1711
 EELEC  =   -104547.6205  EHBOND  =         0.0000  RESTRAINT  =         0.0000
 ------------------------------------------------------------------------------

check COM velocity, temp:        0.000008     0.00(Removed)

 NSTEP =    34000   TIME(PS) =      48.000  TEMP(K) =   307.52  PRESS =     0.0
 Etot   =    -50918.0037  EKtot   =     21156.9375  EPtot      =    -72074.9412
 BOND   =     12767.4384  ANGLE   =      1103.9236  DIHED      =      1337.2842
 1-4 NB =       453.5213  1-4 EEL =      4612.2383  VDWAALS    =     12634.0367
 EELEC  =   -104983.3836  EHBOND  =         0.0000  RESTRAINT  =         0.0000
 ------------------------------------------------------------------------------


 NSTEP =    34500   TIME(PS) =      48.250  TEMP(K) =   305.20  PRESS =     0.0
 Etot   =    -50915.5622  EKtot   =     20997.7715  EPtot      =    -71913.3336
 BOND   =     13031.1008  ANGLE   =      1092.9190  DIHED      =      1325.0551
 1-4 NB =       449.2096  1-4 EEL =      4637.4865  VDWAALS    =     12386.9708
 EELEC  =   -104836.0755  EHBOND  =         0.0000  RESTRAINT  =         0.0000
 ------------------------------------------------------------------------------

check COM velocity, temp:        0.000010     0.00(Removed)

 NSTEP =    35000   TIME(PS) =      48.500  TEMP(K) =   304.08  PRESS =     0.0
 Etot   =    -50919.9952  EKtot   =     20920.8828  EPtot      =    -71840.8781
 BOND   =     12888.8894  ANGLE   =      1023.9417  DIHED      =      1341.5654
 1-4 NB =       445.9988  1-4 EEL =      4605.0943  VDWAALS    =     12681.1647
 EELEC  =   -104827.5324  EHBOND  =         0.0000  RESTRAINT  =         0.0000
 ------------------------------------------------------------------------------


 NSTEP =    35500   TIME(PS) =      48.750  TEMP(K) =   303.70  PRESS =     0.0
 Etot   =    -50921.1372  EKtot   =     20894.5879  EPtot      =    -71815.7251
 BOND   =     12864.0230  ANGLE   =      1090.9667  DIHED      =      1335.9866
 1-4 NB =       444.5798  1-4 EEL =      4635.8952  VDWAALS    =     12481.5945
 EELEC  =   -104668.7708  EHBOND  =         0.0000  RESTRAINT  =         0.0000
 ------------------------------------------------------------------------------

check COM velocity, temp:        0.000006     0.00(Removed)

 NSTEP =    36000   TIME(PS) =      49.000  TEMP(K) =   306.60  PRESS =     0.0
 Etot   =    -50920.4326  EKtot   =     21093.6602  EPtot      =    -72014.0928
 BOND   =     12802.3533  ANGLE   =      1045.0223  DIHED      =      1315.0257
 1-4 NB =       447.8590  1-4 EEL =      4657.6928  VDWAALS    =     12538.3575
 EELEC  =   -104820.4034  EHBOND  =         0.0000  RESTRAINT  =         0.0000
 ------------------------------------------------------------------------------


 NSTEP =    36500   TIME(PS) =      49.250  TEMP(K) =   306.60  PRESS =     0.0
 Etot   =    -50920.7067  EKtot   =     21094.1914  EPtot      =    -72014.8981
 BOND   =     12902.5614  ANGLE   =      1085.3381  DIHED      =      1329.5334
 1-4 NB =       444.4368  1-4 EEL =      4653.2660  VDWAALS    =     12748.1889
 EELEC  =   -105178.2227  EHBOND  =         0.0000  RESTRAINT  =         0.0000
 ------------------------------------------------------------------------------

check COM velocity, temp:        0.000006     0.00(Removed)

 NSTEP =    37000   TIME(PS) =      49.500  TEMP(K) =   307.12  PRESS =     0.0
 Etot   =    -50924.0508  EKtot   =     21129.9551  EPtot      =    -72054.0059
 BOND   =     12803.5818  ANGLE   =      1102.2927  DIHED      =      1342.2950
 1-4 NB =       444.6054  1-4 EEL =      4604.2076  VDWAALS    =     12718.9420
 EELEC  =   -105069.9303  EHBOND  =         0.0000  RESTRAINT  =         0.0000
 ------------------------------------------------------------------------------


 NSTEP =    37500   TIME(PS) =      49.750  TEMP(K) =   306.63  PRESS =     0.0
 Etot   =    -50922.0597  EKtot   =     21096.1211  EPtot      =    -72018.1808
 BOND   =     12743.5123  ANGLE   =      1083.4735  DIHED      =      1342.0688
 1-4 NB =       452.0546  1-4 EEL =      4581.5338  VDWAALS    =     12547.2910
 EELEC  =   -104768.1147  EHBOND  =         0.0000  RESTRAINT  =         0.0000
 ------------------------------------------------------------------------------

check COM velocity, temp:        0.000002     0.00(Removed)

 NSTEP =    38000   TIME(PS) =      50.000  TEMP(K) =   305.58  PRESS =     0.0
 Etot   =    -50921.6297  EKtot   =     21023.9688  EPtot      =    -71945.5984
 BOND   =     12642.4680  ANGLE   =      1091.6804  DIHED      =      1342.3339
 1-4 NB =       446.0446  1-4 EEL =      4653.2810  VDWAALS    =     12560.0458
 EELEC  =   -104681.4522  EHBOND  =         0.0000  RESTRAINT  =         0.0000
 ------------------------------------------------------------------------------


 NSTEP =    38500   TIME(PS) =      50.250  TEMP(K) =   305.17  PRESS =     0.0
 Etot   =    -50919.5302  EKtot   =     20995.4766  EPtot      =    -71915.0067
 BOND   =     12740.5441  ANGLE   =      1086.5699  DIHED      =      1347.6376
 1-4 NB =       443.4226  1-4 EEL =      4611.2329  VDWAALS    =     12548.4995
 EELEC  =   -104692.9133  EHBOND  =         0.0000  RESTRAINT  =         0.0000
 ------------------------------------------------------------------------------

check COM velocity, temp:        0.000006     0.00(Removed)

 NSTEP =    39000   TIME(PS) =      50.500  TEMP(K) =   305.65  PRESS =     0.0
 Etot   =    -50920.0159  EKtot   =     21028.2910  EPtot      =    -71948.3069
 BOND   =     12877.2288  ANGLE   =      1062.6222  DIHED      =      1357.9609
 1-4 NB =       434.0556  1-4 EEL =      4628.1970  VDWAALS    =     12604.5781
 EELEC  =   -104912.9496  EHBOND  =         0.0000  RESTRAINT  =         0.0000
 ------------------------------------------------------------------------------


 NSTEP =    39500   TIME(PS) =      50.750  TEMP(K) =   304.21  PRESS =     0.0
 Etot   =    -50915.7465  EKtot   =     20929.7637  EPtot      =    -71845.5102
 BOND   =     12838.7397  ANGLE   =      1042.9696  DIHED      =      1333.3920
 1-4 NB =       441.5194  1-4 EEL =      4631.8479  VDWAALS    =     12602.0231
 EELEC  =   -104736.0019  EHBOND  =         0.0000  RESTRAINT  =         0.0000
 ------------------------------------------------------------------------------

check COM velocity, temp:        0.000009     0.00(Removed)

 NSTEP =    40000   TIME(PS) =      51.000  TEMP(K) =   305.92  PRESS =     0.0
 Etot   =    -50913.8146  EKtot   =     21047.1934  EPtot      =    -71961.0079
 BOND   =     12929.2437  ANGLE   =      1036.2563  DIHED      =      1324.9273
 1-4 NB =       431.6325  1-4 EEL =      4640.2448  VDWAALS    =     12554.3703
 EELEC  =   -104877.6828  EHBOND  =         0.0000  RESTRAINT  =         0.0000
 ------------------------------------------------------------------------------


      A V E R A G E S   O V E R      80 S T E P S


 NSTEP =    40000   TIME(PS) =      51.000  TEMP(K) =   306.44  PRESS =     0.0
 Etot   =    -50919.8640  EKtot   =     21083.0520  EPtot      =    -72002.9160
 BOND   =     12891.4501  ANGLE   =      1118.2084  DIHED      =      1341.7094
 1-4 NB =       447.9287  1-4 EEL =      4626.0353  VDWAALS    =     12650.7495
 EELEC  =   -105078.9974  EHBOND  =         0.0000  RESTRAINT  =         0.0000
 ------------------------------------------------------------------------------


      R M S  F L U C T U A T I O N S


 NSTEP =    40000   TIME(PS) =      51.000  TEMP(K) =     1.34  PRESS =     0.0
 Etot   =         2.5783  EKtot   =        91.8691  EPtot      =        92.6144
 BOND   =       106.1692  ANGLE   =        46.7929  DIHED      =        13.4756
 1-4 NB =         8.0768  1-4 EEL =        26.2917  VDWAALS    =       151.6915
 EELEC  =       263.7484  EHBOND  =         0.0000  RESTRAINT  =         0.0000
|E(PBS) =         1.1007
 ------------------------------------------------------------------------------

--------------------------------------------------------------------------------
   5.  TIMINGS
--------------------------------------------------------------------------------

|  NonSetup CPU Time in Major Routines:
|
|     Routine           Sec        %
|     ------------------------------
|     Nonbond           8.44   12.70
|     Bond              0.00    0.00
|     Angle             0.00    0.00
|     Dihedral          0.00    0.00
|     Shake             0.00    0.00
|     RunMD            57.97   87.19
|     Other             0.08    0.11
|     ------------------------------
|     Total            66.49

|  PME Nonbond Pairlist CPU Time:
|
|     Routine              Sec        %
|     ---------------------------------
|     Set Up Cit           0.00    0.00
|     Build List           0.00    0.00
|     ---------------------------------
|     Total                0.00    0.00

|  PME Direct Force CPU Time:
|
|     Routine              Sec        %
|     ---------------------------------
|     NonBonded Calc       0.00    0.00
|     Exclude Masked       0.00    0.00
|     Other                0.03    0.05
|     ---------------------------------
|     Total                0.03    0.05

|  PME Reciprocal Force CPU Time:
|
|     Routine              Sec        %
|     ---------------------------------
|     1D bspline           0.00    0.00
|     Grid Charges         0.00    0.00
|     Scalar Sum           0.00    0.00
|     Gradient Sum         0.00    0.00
|     FFT                  0.00    0.00
|     ---------------------------------
|     Total                0.00    0.00

|  Final Performance Info:
|     -----------------------------------------------------
|     Average timings for last    3500 steps:
|     Elapsed(s) =       5.72 Per Step(ms) =       1.64
|         ns/day =      26.42   seconds/ns =    3270.06
|
|     Average timings for all steps:
|     Elapsed(s) =      66.97 Per Step(ms) =       1.67
|         ns/day =      25.80   seconds/ns =    3348.62
|     -----------------------------------------------------

|  Setup CPU time:            2.72 seconds
|  NonSetup CPU time:        66.49 seconds
|  Total CPU time:           69.20 seconds     0.02 hours

|  Setup wall time:           3    seconds
|  NonSetup wall time:       67    seconds
|  Total wall time:          70    seconds     0.02 hours
