
          -------------------------------------------------------
          Amber 16 PMEMD                              2016
          -------------------------------------------------------

| PMEMD implementation of SANDER, Release 16

| Run on 08/25/2017 at 14:37:26

|   Executable path: /apps/amber16/bin/pmemd.cuda
| Working directory: /scratch/pbarletta/pdz/run/lb/neq/data/larga_4
|          Hostname: mordor

  [-O]verwriting output

File Assignments:
|   MDIN: pdt.in                                                                
|  MDOUT: T99pplb_4.out                                                         
| INPCRD: /scratch/pbarletta/pdz/run/lb/neq/data/corta_4/T99plb_4.rst7          
|   PARM: /scratch/pbarletta/pdz/top_files/lb.prmtop                            
| RESTRT: T99pplb_4.rst7                                                        
|   REFC: refc                                                                  
|  MDVEL: mdvel                                                                 
|   MDEN: mden                                                                  
|  MDCRD: T99pplb_4.nc                                                          
| MDINFO: mdinfo                                                                
|  MDFRC: mdfrc                                                                 


 Here is the input file:

!NVE run                                                                       
&cntrl                                                                         
imin = 0,                           ! No Minimization                          
nmropt = 0,                         ! No NMR restraints read                   
                                                                               
! Nature and format of the input                                               
ntx = 5,                            ! Coordinates will be read, assign new velo
irest = 1,                          ! Do not run a new simulation              
                                                                               
! Nature and format of the output                                              
ioutfm = 1,			    ! NetCDF format for output files                             
ntxo = 1,                           ! rstrt file in ASCII format               
ntpr = 500,                         ! inf in output every ntpr steps           
ntwr = 500,                         ! rstrt file every ntwr steps              
ntwx = 100,                         ! mdcrd file every ntwx steps              
ntwv = -1,                          ! mdvel without velocities                 
ntwe = 0,                           ! Energies and temperatures not written in 
idecomp = 0,                        ! No energy decomposition                  
iwrap = 1,                          ! Coordinates of the restart and mdcrd file
                                                                               
! Frozen or restrained atoms                                                   
ibelly = 0,                         ! No frozen atoms                          
ntr=0,                              ! Harmonic potential restraints            
                                                                               
! Molecular dynamics                                                           
nstlim = 40000,                      ! Number of MD-steps                      
dt = 0.0005,                        ! Time step                                
                                                                               
! Temperature regulation                                                       
ntt = 0,                            ! Constant total energy                    
                                                                               
! P and V regulation                                                           
ntp = 0,                            ! No P control                             
ntb = 1,                            ! constant V                               
                                                                               
! SHAKE variables                                                              
ntc = 1,                            ! Bonds involving H are constrained        
ntf = 1,                            ! Bond interaction involving H are ommited.
                                                                               
cut = 9.0,                          ! Nonbonded cutoff                         
/                                                                              
&end                                                                           


Note: ig = -1. Setting random seed to   378934 based on wallclock time in 
      microseconds.
| irandom = 1, using AMBER's internal random number generator (default).
 
|--------------------- INFORMATION ----------------------
| GPU (CUDA) Version of PMEMD in use: NVIDIA GPU IN USE.
|                    Version 16.0.0
| 
|                      02/25/2016
| 
| Implementation by:
|                    Ross C. Walker     (SDSC)
|                    Scott Le Grand     (nVIDIA)
| 
| Precision model in use:
|      [SPFP] - Single Precision Forces, 64-bit Fixed Point
|               Accumulation. (Default)
| 
|--------------------------------------------------------
 
|----------------- CITATION INFORMATION -----------------
|
|    When publishing work that utilized the CUDA version
|    of AMBER, please cite the following in addition to
|    the regular AMBER citations:
|
|  - Romelia Salomon-Ferrer; Andreas W. Goetz; Duncan
|    Poole; Scott Le Grand; Ross C. Walker "Routine
|    microsecond molecular dynamics simulations with
|    AMBER - Part II: Particle Mesh Ewald", J. Chem.
|    Theory Comput., 2013, 9 (9), pp3878-3888,
|    DOI: 10.1021/ct400314y.
|
|  - Andreas W. Goetz; Mark J. Williamson; Dong Xu;
|    Duncan Poole; Scott Le Grand; Ross C. Walker
|    "Routine microsecond molecular dynamics simulations
|    with AMBER - Part I: Generalized Born", J. Chem.
|    Theory Comput., 2012, 8 (5), pp1542-1555.
|
|  - Scott Le Grand; Andreas W. Goetz; Ross C. Walker
|    "SPFP: Speed without compromise - a mixed precision
|    model for GPU accelerated molecular dynamics
|    simulations.", Comp. Phys. Comm., 2013, 184
|    pp374-380, DOI: 10.1016/j.cpc.2012.09.022
|
|--------------------------------------------------------
 
|------------------- GPU DEVICE INFO --------------------
|
|            CUDA_VISIBLE_DEVICES: 0
|   CUDA Capable Devices Detected:      1
|           CUDA Device ID in use:      0
|                CUDA Device Name: GeForce GTX TITAN
|     CUDA Device Global Mem Size:   6082 MB
| CUDA Device Num Multiprocessors:     14
|           CUDA Device Core Freq:   0.93 GHz
|
|--------------------------------------------------------
 
 
| Conditional Compilation Defines Used:
| PUBFFT
| BINTRAJ
| CUDA
| EMIL

| Largest sphere to fit in unit cell has radius =    26.281

| New format PARM file being parsed.
| Version =    1.000 Date = 09/04/12 Time = 16:08:43

| Note: 1-4 EEL scale factors are being read from the topology file.

| Note: 1-4 VDW scale factors are being read from the topology file.
| Duplicated    0 dihedrals

| Duplicated    0 dihedrals

--------------------------------------------------------------------------------
   1.  RESOURCE   USE: 
--------------------------------------------------------------------------------

 getting new box info from bottom of inpcrd
 NATOM  =   23082 NTYPES =      16 NBONH =   22055 MBONA  =    1038
 NTHETH =    2390 MTHETA =    1396 NPHIH =    4631 MPHIA  =    3488
 NHPARM =       0 NPARM  =       0 NNB   =   39434 NRES   =    7134
 NBONA  =    1038 NTHETA =    1396 NPHIA =    3488 NUMBND =      41
 NUMANG =      86 NPTRA  =      41 NATYP =      28 NPHB   =       1
 IFBOX  =       1 NMXRS  =      24 IFCAP =       0 NEXTRA =       0
 NCOPY  =       0

| Coordinate Index Table dimensions:    12   14   10
| Direct force subcell size =     5.0212    5.2012    5.2562

     BOX TYPE: RECTILINEAR

--------------------------------------------------------------------------------
   2.  CONTROL  DATA  FOR  THE  RUN
--------------------------------------------------------------------------------

default_name                                                                    

General flags:
     imin    =       0, nmropt  =       0

Nature and format of input:
     ntx     =       5, irest   =       1, ntrx    =       1

Nature and format of output:
     ntxo    =       1, ntpr    =     500, ntrx    =       1, ntwr    =     500
     iwrap   =       1, ntwx    =     100, ntwv    =      -1, ntwe    =       0
     ioutfm  =       1, ntwprt  =       0, idecomp =       0, rbornstat=      0

Potential function:
     ntf     =       1, ntb     =       1, igb     =       0, nsnb    =      25
     ipol    =       0, gbsa    =       0, iesp    =       0
     dielc   =   1.00000, cut     =   9.00000, intdiel =   1.00000

Frozen or restrained atoms:
     ibelly  =       0, ntr     =       0

Molecular dynamics:
     nstlim  =     40000, nscm    =      1000, nrespa  =         1
     t       =   0.00000, dt      =   0.00050, vlimit  =  -1.00000

| Intermolecular bonds treatment:
|     no_intermolecular_bonds =       1

| Energy averages sample interval:
|     ene_avg_sampling =     500

Ewald parameters:
     verbose =       0, ew_type =       0, nbflag  =       1, use_pme =       1
     vdwmeth =       1, eedmeth =       1, netfrc  =       1
     Box X =   60.254   Box Y =   72.816   Box Z =   52.562
     Alpha =   90.000   Beta  =   90.000   Gamma =   90.000
     NFFT1 =   64       NFFT2 =   80       NFFT3 =   56
     Cutoff=    9.000   Tol   =0.100E-04
     Ewald Coefficient =  0.30768
     Interpolation order =    4

--------------------------------------------------------------------------------
   3.  ATOMIC COORDINATES AND VELOCITIES
--------------------------------------------------------------------------------

default_name                                                                    
 begin time read from input coords =    31.000 ps

 
 Number of triangulated 3-point waters found:     7002

     Sum of charges from parm topology file =  -0.00000008
     Forcing neutrality...

| Dynamic Memory, Types Used:
| Reals              710578
| Integers           737140

| Nonbonded Pairs Initial Allocation:     5262696

| GPU memory information (estimate):
| KB of GPU memory in use:     63171
| KB of CPU memory in use:     27891

--------------------------------------------------------------------------------
   4.  RESULTS
--------------------------------------------------------------------------------

 ---------------------------------------------------
 APPROXIMATING switch and d/dx switch using CUBIC SPLINE INTERPOLATION
 using   5000.0 points per unit in tabled values
 TESTING RELATIVE ERROR over r ranging from 0.0 to cutoff
| CHECK switch(x): max rel err =   0.2738E-14   at   2.422500
| CHECK d/dx switch(x): max rel err =   0.8314E-11   at   2.736960
 ---------------------------------------------------
|---------------------------------------------------
| APPROXIMATING direct energy using CUBIC SPLINE INTERPOLATION
|  with   50.0 points per unit in tabled values
| Relative Error Limit not exceeded for r .gt.   2.39
| APPROXIMATING direct force using CUBIC SPLINE INTERPOLATION
|  with   50.0 points per unit in tabled values
| Relative Error Limit not exceeded for r .gt.   2.84
|---------------------------------------------------

 NSTEP =      500   TIME(PS) =      31.250  TEMP(K) =   305.91  PRESS =     0.0
 Etot   =    -50711.9346  EKtot   =     21046.4492  EPtot      =    -71758.3839
 BOND   =     12761.7215  ANGLE   =      1231.1287  DIHED      =      1362.0548
 1-4 NB =       467.2712  1-4 EEL =      4646.9851  VDWAALS    =     12644.5458
 EELEC  =   -104872.0909  EHBOND  =         0.0000  RESTRAINT  =         0.0000
 ------------------------------------------------------------------------------

check COM velocity, temp:        0.000006     0.00(Removed)

 NSTEP =     1000   TIME(PS) =      31.500  TEMP(K) =   309.80  PRESS =     0.0
 Etot   =    -50709.7673  EKtot   =     21313.7969  EPtot      =    -72023.5642
 BOND   =     12971.9385  ANGLE   =      1223.1797  DIHED      =      1370.1374
 1-4 NB =       440.0393  1-4 EEL =      4638.6678  VDWAALS    =     12719.4785
 EELEC  =   -105387.0053  EHBOND  =         0.0000  RESTRAINT  =         0.0000
 ------------------------------------------------------------------------------


 NSTEP =     1500   TIME(PS) =      31.750  TEMP(K) =   308.42  PRESS =     0.0
 Etot   =    -50712.0081  EKtot   =     21219.4375  EPtot      =    -71931.4456
 BOND   =     12908.6499  ANGLE   =      1201.1657  DIHED      =      1343.8143
 1-4 NB =       449.2350  1-4 EEL =      4633.5110  VDWAALS    =     12812.6841
 EELEC  =   -105280.5056  EHBOND  =         0.0000  RESTRAINT  =         0.0000
 ------------------------------------------------------------------------------

check COM velocity, temp:        0.000003     0.00(Removed)

 NSTEP =     2000   TIME(PS) =      32.000  TEMP(K) =   309.63  PRESS =     0.0
 Etot   =    -50709.0876  EKtot   =     21302.2168  EPtot      =    -72011.3044
 BOND   =     12920.9722  ANGLE   =      1184.7179  DIHED      =      1342.6646
 1-4 NB =       442.0313  1-4 EEL =      4638.9990  VDWAALS    =     12656.2923
 EELEC  =   -105196.9817  EHBOND  =         0.0000  RESTRAINT  =         0.0000
 ------------------------------------------------------------------------------


 NSTEP =     2500   TIME(PS) =      32.250  TEMP(K) =   308.90  PRESS =     0.0
 Etot   =    -50710.6149  EKtot   =     21251.8691  EPtot      =    -71962.4841
 BOND   =     12892.8220  ANGLE   =      1277.1263  DIHED      =      1351.6771
 1-4 NB =       448.3677  1-4 EEL =      4629.8777  VDWAALS    =     12667.7270
 EELEC  =   -105230.0818  EHBOND  =         0.0000  RESTRAINT  =         0.0000
 ------------------------------------------------------------------------------

check COM velocity, temp:        0.000008     0.00(Removed)

 NSTEP =     3000   TIME(PS) =      32.500  TEMP(K) =   308.51  PRESS =     0.0
 Etot   =    -50710.4192  EKtot   =     21225.5254  EPtot      =    -71935.9445
 BOND   =     12911.7319  ANGLE   =      1230.7788  DIHED      =      1336.2254
 1-4 NB =       453.2576  1-4 EEL =      4650.0213  VDWAALS    =     12690.3230
 EELEC  =   -105208.2825  EHBOND  =         0.0000  RESTRAINT  =         0.0000
 ------------------------------------------------------------------------------


 NSTEP =     3500   TIME(PS) =      32.750  TEMP(K) =   309.83  PRESS =     0.0
 Etot   =    -50708.3247  EKtot   =     21316.3613  EPtot      =    -72024.6861
 BOND   =     12869.7605  ANGLE   =      1244.3716  DIHED      =      1352.3443
 1-4 NB =       445.1606  1-4 EEL =      4661.4937  VDWAALS    =     12629.9463
 EELEC  =   -105227.7630  EHBOND  =         0.0000  RESTRAINT  =         0.0000
 ------------------------------------------------------------------------------

check COM velocity, temp:        0.000003     0.00(Removed)

 NSTEP =     4000   TIME(PS) =      33.000  TEMP(K) =   308.30  PRESS =     0.0
 Etot   =    -50712.5749  EKtot   =     21211.1719  EPtot      =    -71923.7468
 BOND   =     12885.4304  ANGLE   =      1186.4102  DIHED      =      1337.1281
 1-4 NB =       451.5059  1-4 EEL =      4632.8339  VDWAALS    =     12722.8364
 EELEC  =   -105139.8917  EHBOND  =         0.0000  RESTRAINT  =         0.0000
 ------------------------------------------------------------------------------


 NSTEP =     4500   TIME(PS) =      33.250  TEMP(K) =   308.64  PRESS =     0.0
 Etot   =    -50711.9116  EKtot   =     21234.2480  EPtot      =    -71946.1596
 BOND   =     12949.4405  ANGLE   =      1154.7374  DIHED      =      1317.1874
 1-4 NB =       450.2620  1-4 EEL =      4616.8912  VDWAALS    =     12538.5186
 EELEC  =   -104973.1967  EHBOND  =         0.0000  RESTRAINT  =         0.0000
 ------------------------------------------------------------------------------

check COM velocity, temp:        0.000009     0.00(Removed)

 NSTEP =     5000   TIME(PS) =      33.500  TEMP(K) =   308.52  PRESS =     0.0
 Etot   =    -50708.8325  EKtot   =     21226.2812  EPtot      =    -71935.1137
 BOND   =     13042.2344  ANGLE   =      1175.3524  DIHED      =      1321.5427
 1-4 NB =       456.0295  1-4 EEL =      4630.1436  VDWAALS    =     12645.1151
 EELEC  =   -105205.5315  EHBOND  =         0.0000  RESTRAINT  =         0.0000
 ------------------------------------------------------------------------------


 NSTEP =     5500   TIME(PS) =      33.750  TEMP(K) =   308.59  PRESS =     0.0
 Etot   =    -50709.8038  EKtot   =     21230.6016  EPtot      =    -71940.4053
 BOND   =     12824.5686  ANGLE   =      1214.7372  DIHED      =      1358.3651
 1-4 NB =       439.1728  1-4 EEL =      4629.4555  VDWAALS    =     12742.7357
 EELEC  =   -105149.4402  EHBOND  =         0.0000  RESTRAINT  =         0.0000
 ------------------------------------------------------------------------------

check COM velocity, temp:        0.000003     0.00(Removed)

 NSTEP =     6000   TIME(PS) =      34.000  TEMP(K) =   306.60  PRESS =     0.0
 Etot   =    -50712.7465  EKtot   =     21093.8281  EPtot      =    -71806.5747
 BOND   =     12712.6644  ANGLE   =      1172.8505  DIHED      =      1340.9276
 1-4 NB =       478.0007  1-4 EEL =      4663.6854  VDWAALS    =     12406.3906
 EELEC  =   -104581.0938  EHBOND  =         0.0000  RESTRAINT  =         0.0000
 ------------------------------------------------------------------------------


 NSTEP =     6500   TIME(PS) =      34.250  TEMP(K) =   308.78  PRESS =     0.0
 Etot   =    -50712.7941  EKtot   =     21243.6172  EPtot      =    -71956.4113
 BOND   =     12870.4936  ANGLE   =      1131.4799  DIHED      =      1352.2829
 1-4 NB =       456.9966  1-4 EEL =      4633.0630  VDWAALS    =     12707.8225
 EELEC  =   -105108.5498  EHBOND  =         0.0000  RESTRAINT  =         0.0000
 ------------------------------------------------------------------------------

check COM velocity, temp:        0.000003     0.00(Removed)

 NSTEP =     7000   TIME(PS) =      34.500  TEMP(K) =   308.01  PRESS =     0.0
 Etot   =    -50711.9445  EKtot   =     21190.9551  EPtot      =    -71902.8996
 BOND   =     12971.9796  ANGLE   =      1130.8782  DIHED      =      1309.0818
 1-4 NB =       446.8292  1-4 EEL =      4643.5531  VDWAALS    =     12785.4582
 EELEC  =   -105190.6798  EHBOND  =         0.0000  RESTRAINT  =         0.0000
 ------------------------------------------------------------------------------


 NSTEP =     7500   TIME(PS) =      34.750  TEMP(K) =   309.18  PRESS =     0.0
 Etot   =    -50713.7563  EKtot   =     21271.6543  EPtot      =    -71985.4106
 BOND   =     12837.6996  ANGLE   =      1172.1524  DIHED      =      1319.9246
 1-4 NB =       453.7539  1-4 EEL =      4618.0062  VDWAALS    =     12825.8983
 EELEC  =   -105212.8458  EHBOND  =         0.0000  RESTRAINT  =         0.0000
 ------------------------------------------------------------------------------

check COM velocity, temp:        0.000002     0.00(Removed)

 NSTEP =     8000   TIME(PS) =      35.000  TEMP(K) =   308.47  PRESS =     0.0
 Etot   =    -50712.2696  EKtot   =     21222.7676  EPtot      =    -71935.0372
 BOND   =     12950.4250  ANGLE   =      1158.5372  DIHED      =      1372.2578
 1-4 NB =       452.5528  1-4 EEL =      4615.7740  VDWAALS    =     12522.0882
 EELEC  =   -105006.6722  EHBOND  =         0.0000  RESTRAINT  =         0.0000
 ------------------------------------------------------------------------------


 NSTEP =     8500   TIME(PS) =      35.250  TEMP(K) =   309.56  PRESS =     0.0
 Etot   =    -50712.2217  EKtot   =     21297.4355  EPtot      =    -72009.6572
 BOND   =     12913.2143  ANGLE   =      1117.7819  DIHED      =      1318.0467
 1-4 NB =       437.4563  1-4 EEL =      4612.1980  VDWAALS    =     12707.8190
 EELEC  =   -105116.1733  EHBOND  =         0.0000  RESTRAINT  =         0.0000
 ------------------------------------------------------------------------------

check COM velocity, temp:        0.000009     0.00(Removed)

 NSTEP =     9000   TIME(PS) =      35.500  TEMP(K) =   307.18  PRESS =     0.0
 Etot   =    -50713.3536  EKtot   =     21133.8047  EPtot      =    -71847.1583
 BOND   =     12858.6341  ANGLE   =      1157.3279  DIHED      =      1358.4700
 1-4 NB =       443.9824  1-4 EEL =      4641.0880  VDWAALS    =     12442.2928
 EELEC  =   -104748.9536  EHBOND  =         0.0000  RESTRAINT  =         0.0000
 ------------------------------------------------------------------------------


 NSTEP =     9500   TIME(PS) =      35.750  TEMP(K) =   305.70  PRESS =     0.0
 Etot   =    -50711.4371  EKtot   =     21031.9805  EPtot      =    -71743.4176
 BOND   =     12948.1858  ANGLE   =      1108.4521  DIHED      =      1332.2476
 1-4 NB =       453.2001  1-4 EEL =      4633.2189  VDWAALS    =     12517.5441
 EELEC  =   -104736.2663  EHBOND  =         0.0000  RESTRAINT  =         0.0000
 ------------------------------------------------------------------------------

check COM velocity, temp:        0.000011     0.00(Removed)

 NSTEP =    10000   TIME(PS) =      36.000  TEMP(K) =   306.78  PRESS =     0.0
 Etot   =    -50711.3226  EKtot   =     21106.2109  EPtot      =    -71817.5336
 BOND   =     12910.8877  ANGLE   =      1183.5519  DIHED      =      1320.2371
 1-4 NB =       443.4856  1-4 EEL =      4572.1076  VDWAALS    =     12543.3129
 EELEC  =   -104791.1163  EHBOND  =         0.0000  RESTRAINT  =         0.0000
 ------------------------------------------------------------------------------


 NSTEP =    10500   TIME(PS) =      36.250  TEMP(K) =   308.74  PRESS =     0.0
 Etot   =    -50712.0078  EKtot   =     21241.0566  EPtot      =    -71953.0644
 BOND   =     12986.5827  ANGLE   =      1125.2474  DIHED      =      1331.5905
 1-4 NB =       449.0687  1-4 EEL =      4645.7300  VDWAALS    =     12789.3178
 EELEC  =   -105280.6016  EHBOND  =         0.0000  RESTRAINT  =         0.0000
 ------------------------------------------------------------------------------

check COM velocity, temp:        0.000006     0.00(Removed)

 NSTEP =    11000   TIME(PS) =      36.500  TEMP(K) =   307.96  PRESS =     0.0
 Etot   =    -50711.3698  EKtot   =     21187.5723  EPtot      =    -71898.9420
 BOND   =     12809.1428  ANGLE   =      1146.5262  DIHED      =      1350.1261
 1-4 NB =       462.2231  1-4 EEL =      4625.4312  VDWAALS    =     12709.8654
 EELEC  =   -105002.2569  EHBOND  =         0.0000  RESTRAINT  =         0.0000
 ------------------------------------------------------------------------------


 NSTEP =    11500   TIME(PS) =      36.750  TEMP(K) =   307.50  PRESS =     0.0
 Etot   =    -50709.7169  EKtot   =     21155.8340  EPtot      =    -71865.5509
 BOND   =     12845.0230  ANGLE   =      1149.4839  DIHED      =      1329.4991
 1-4 NB =       437.5953  1-4 EEL =      4609.7379  VDWAALS    =     12505.9386
 EELEC  =   -104742.8288  EHBOND  =         0.0000  RESTRAINT  =         0.0000
 ------------------------------------------------------------------------------

check COM velocity, temp:        0.000006     0.00(Removed)

 NSTEP =    12000   TIME(PS) =      37.000  TEMP(K) =   304.21  PRESS =     0.0
 Etot   =    -50709.4512  EKtot   =     20929.8242  EPtot      =    -71639.2754
 BOND   =     12938.6653  ANGLE   =      1149.8946  DIHED      =      1350.7166
 1-4 NB =       437.3492  1-4 EEL =      4638.4863  VDWAALS    =     12586.7784
 EELEC  =   -104741.1659  EHBOND  =         0.0000  RESTRAINT  =         0.0000
 ------------------------------------------------------------------------------


 NSTEP =    12500   TIME(PS) =      37.250  TEMP(K) =   308.90  PRESS =     0.0
 Etot   =    -50711.0812  EKtot   =     21251.9082  EPtot      =    -71962.9894
 BOND   =     12715.3431  ANGLE   =      1136.7497  DIHED      =      1355.9515
 1-4 NB =       464.3547  1-4 EEL =      4700.6473  VDWAALS    =     12551.0360
 EELEC  =   -104887.0716  EHBOND  =         0.0000  RESTRAINT  =         0.0000
 ------------------------------------------------------------------------------

check COM velocity, temp:        0.000002     0.00(Removed)

 NSTEP =    13000   TIME(PS) =      37.500  TEMP(K) =   306.96  PRESS =     0.0
 Etot   =    -50707.6537  EKtot   =     21118.9102  EPtot      =    -71826.5639
 BOND   =     12833.1914  ANGLE   =      1161.2449  DIHED      =      1349.0096
 1-4 NB =       449.9847  1-4 EEL =      4598.5322  VDWAALS    =     12790.6905
 EELEC  =   -105009.2172  EHBOND  =         0.0000  RESTRAINT  =         0.0000
 ------------------------------------------------------------------------------


 NSTEP =    13500   TIME(PS) =      37.750  TEMP(K) =   308.42  PRESS =     0.0
 Etot   =    -50710.7599  EKtot   =     21219.0605  EPtot      =    -71929.8204
 BOND   =     12872.8047  ANGLE   =      1101.2222  DIHED      =      1334.0553
 1-4 NB =       448.9312  1-4 EEL =      4691.0996  VDWAALS    =     12609.3505
 EELEC  =   -104987.2840  EHBOND  =         0.0000  RESTRAINT  =         0.0000
 ------------------------------------------------------------------------------

check COM velocity, temp:        0.000006     0.00(Removed)

 NSTEP =    14000   TIME(PS) =      38.000  TEMP(K) =   304.87  PRESS =     0.0
 Etot   =    -50708.9483  EKtot   =     20975.0996  EPtot      =    -71684.0479
 BOND   =     12984.9263  ANGLE   =      1116.4699  DIHED      =      1341.0890
 1-4 NB =       454.6026  1-4 EEL =      4637.8627  VDWAALS    =     12556.8908
 EELEC  =   -104775.8892  EHBOND  =         0.0000  RESTRAINT  =         0.0000
 ------------------------------------------------------------------------------


 NSTEP =    14500   TIME(PS) =      38.250  TEMP(K) =   306.06  PRESS =     0.0
 Etot   =    -50709.7436  EKtot   =     21056.7344  EPtot      =    -71766.4779
 BOND   =     12967.4074  ANGLE   =      1118.2894  DIHED      =      1331.3818
 1-4 NB =       459.1999  1-4 EEL =      4663.5359  VDWAALS    =     12485.2109
 EELEC  =   -104791.5031  EHBOND  =         0.0000  RESTRAINT  =         0.0000
 ------------------------------------------------------------------------------

check COM velocity, temp:        0.000008     0.00(Removed)

 NSTEP =    15000   TIME(PS) =      38.500  TEMP(K) =   306.62  PRESS =     0.0
 Etot   =    -50712.8447  EKtot   =     21095.4863  EPtot      =    -71808.3311
 BOND   =     12893.6653  ANGLE   =      1171.5950  DIHED      =      1363.2909
 1-4 NB =       438.7557  1-4 EEL =      4594.7666  VDWAALS    =     12738.1682
 EELEC  =   -105008.5727  EHBOND  =         0.0000  RESTRAINT  =         0.0000
 ------------------------------------------------------------------------------


 NSTEP =    15500   TIME(PS) =      38.750  TEMP(K) =   308.07  PRESS =     0.0
 Etot   =    -50711.6476  EKtot   =     21195.3809  EPtot      =    -71907.0285
 BOND   =     12931.0216  ANGLE   =      1064.6944  DIHED      =      1321.6150
 1-4 NB =       453.2602  1-4 EEL =      4688.5679  VDWAALS    =     12670.9917
 EELEC  =   -105037.1792  EHBOND  =         0.0000  RESTRAINT  =         0.0000
 ------------------------------------------------------------------------------

check COM velocity, temp:        0.000006     0.00(Removed)

 NSTEP =    16000   TIME(PS) =      39.000  TEMP(K) =   305.85  PRESS =     0.0
 Etot   =    -50709.5566  EKtot   =     21042.4277  EPtot      =    -71751.9844
 BOND   =     12983.9149  ANGLE   =      1102.5318  DIHED      =      1320.9472
 1-4 NB =       438.1610  1-4 EEL =      4591.8767  VDWAALS    =     12655.8817
 EELEC  =   -104845.2976  EHBOND  =         0.0000  RESTRAINT  =         0.0000
 ------------------------------------------------------------------------------


 NSTEP =    16500   TIME(PS) =      39.250  TEMP(K) =   306.53  PRESS =     0.0
 Etot   =    -50708.8796  EKtot   =     21089.0176  EPtot      =    -71797.8971
 BOND   =     12862.9288  ANGLE   =      1110.7505  DIHED      =      1346.5208
 1-4 NB =       448.6799  1-4 EEL =      4634.3259  VDWAALS    =     12570.7694
 EELEC  =   -104771.8725  EHBOND  =         0.0000  RESTRAINT  =         0.0000
 ------------------------------------------------------------------------------

check COM velocity, temp:        0.000007     0.00(Removed)

 NSTEP =    17000   TIME(PS) =      39.500  TEMP(K) =   307.90  PRESS =     0.0
 Etot   =    -50709.2206  EKtot   =     21183.3398  EPtot      =    -71892.5604
 BOND   =     12808.1585  ANGLE   =      1095.7478  DIHED      =      1328.2950
 1-4 NB =       455.8513  1-4 EEL =      4638.5132  VDWAALS    =     12513.2150
 EELEC  =   -104732.3412  EHBOND  =         0.0000  RESTRAINT  =         0.0000
 ------------------------------------------------------------------------------


 NSTEP =    17500   TIME(PS) =      39.750  TEMP(K) =   306.75  PRESS =     0.0
 Etot   =    -50708.5382  EKtot   =     21104.4824  EPtot      =    -71813.0207
 BOND   =     12937.1155  ANGLE   =      1076.7291  DIHED      =      1337.7143
 1-4 NB =       452.9038  1-4 EEL =      4615.5404  VDWAALS    =     12657.0929
 EELEC  =   -104890.1167  EHBOND  =         0.0000  RESTRAINT  =         0.0000
 ------------------------------------------------------------------------------

check COM velocity, temp:        0.000007     0.00(Removed)

 NSTEP =    18000   TIME(PS) =      40.000  TEMP(K) =   309.81  PRESS =     0.0
 Etot   =    -50711.3940  EKtot   =     21314.8438  EPtot      =    -72026.2377
 BOND   =     12755.8821  ANGLE   =      1099.7652  DIHED      =      1337.4427
 1-4 NB =       462.9933  1-4 EEL =      4669.9762  VDWAALS    =     12735.5908
 EELEC  =   -105087.8881  EHBOND  =         0.0000  RESTRAINT  =         0.0000
 ------------------------------------------------------------------------------


 NSTEP =    18500   TIME(PS) =      40.250  TEMP(K) =   307.13  PRESS =     0.0
 Etot   =    -50712.5280  EKtot   =     21130.3828  EPtot      =    -71842.9108
 BOND   =     12755.8887  ANGLE   =      1102.2692  DIHED      =      1306.8975
 1-4 NB =       444.6831  1-4 EEL =      4630.3297  VDWAALS    =     12672.2511
 EELEC  =   -104755.2301  EHBOND  =         0.0000  RESTRAINT  =         0.0000
 ------------------------------------------------------------------------------

check COM velocity, temp:        0.000003     0.00(Removed)

 NSTEP =    19000   TIME(PS) =      40.500  TEMP(K) =   305.64  PRESS =     0.0
 Etot   =    -50710.1468  EKtot   =     21027.5820  EPtot      =    -71737.7288
 BOND   =     12872.6068  ANGLE   =      1078.9033  DIHED      =      1342.4175
 1-4 NB =       450.3058  1-4 EEL =      4583.1824  VDWAALS    =     12674.1366
 EELEC  =   -104739.2812  EHBOND  =         0.0000  RESTRAINT  =         0.0000
 ------------------------------------------------------------------------------


 NSTEP =    19500   TIME(PS) =      40.750  TEMP(K) =   306.70  PRESS =     0.0
 Etot   =    -50712.2576  EKtot   =     21100.5176  EPtot      =    -71812.7752
 BOND   =     12766.8766  ANGLE   =      1125.8956  DIHED      =      1346.8373
 1-4 NB =       472.6291  1-4 EEL =      4632.7290  VDWAALS    =     12540.5307
 EELEC  =   -104698.2734  EHBOND  =         0.0000  RESTRAINT  =         0.0000
 ------------------------------------------------------------------------------

check COM velocity, temp:        0.000009     0.00(Removed)

 NSTEP =    20000   TIME(PS) =      41.000  TEMP(K) =   306.31  PRESS =     0.0
 Etot   =    -50711.2158  EKtot   =     21073.8301  EPtot      =    -71785.0459
 BOND   =     12720.7779  ANGLE   =      1078.1490  DIHED      =      1334.9810
 1-4 NB =       455.1407  1-4 EEL =      4641.7128  VDWAALS    =     12444.1665
 EELEC  =   -104459.9737  EHBOND  =         0.0000  RESTRAINT  =         0.0000
 ------------------------------------------------------------------------------


 NSTEP =    20500   TIME(PS) =      41.250  TEMP(K) =   304.92  PRESS =     0.0
 Etot   =    -50707.6164  EKtot   =     20978.1660  EPtot      =    -71685.7825
 BOND   =     12954.4156  ANGLE   =      1092.2052  DIHED      =      1310.4987
 1-4 NB =       447.0365  1-4 EEL =      4602.7758  VDWAALS    =     12728.3397
 EELEC  =   -104821.0539  EHBOND  =         0.0000  RESTRAINT  =         0.0000
 ------------------------------------------------------------------------------

check COM velocity, temp:        0.000006     0.00(Removed)

 NSTEP =    21000   TIME(PS) =      41.500  TEMP(K) =   305.21  PRESS =     0.0
 Etot   =    -50710.6957  EKtot   =     20998.3945  EPtot      =    -71709.0902
 BOND   =     12708.3289  ANGLE   =      1095.6325  DIHED      =      1335.2918
 1-4 NB =       439.7352  1-4 EEL =      4654.0163  VDWAALS    =     12343.5940
 EELEC  =   -104285.6889  EHBOND  =         0.0000  RESTRAINT  =         0.0000
 ------------------------------------------------------------------------------


 NSTEP =    21500   TIME(PS) =      41.750  TEMP(K) =   306.99  PRESS =     0.0
 Etot   =    -50707.6068  EKtot   =     21120.4453  EPtot      =    -71828.0522
 BOND   =     12808.9472  ANGLE   =      1099.6563  DIHED      =      1323.2045
 1-4 NB =       435.8745  1-4 EEL =      4584.5160  VDWAALS    =     12566.2838
 EELEC  =   -104646.5344  EHBOND  =         0.0000  RESTRAINT  =         0.0000
 ------------------------------------------------------------------------------

check COM velocity, temp:        0.000003     0.00(Removed)

 NSTEP =    22000   TIME(PS) =      42.000  TEMP(K) =   305.39  PRESS =     0.0
 Etot   =    -50707.0238  EKtot   =     21010.9277  EPtot      =    -71717.9515
 BOND   =     12696.2850  ANGLE   =      1099.3883  DIHED      =      1341.9116
 1-4 NB =       441.3809  1-4 EEL =      4649.9918  VDWAALS    =     12588.1834
 EELEC  =   -104535.0926  EHBOND  =         0.0000  RESTRAINT  =         0.0000
 ------------------------------------------------------------------------------


 NSTEP =    22500   TIME(PS) =      42.250  TEMP(K) =   308.51  PRESS =     0.0
 Etot   =    -50709.9984  EKtot   =     21225.2168  EPtot      =    -71935.2152
 BOND   =     12808.1083  ANGLE   =      1069.1160  DIHED      =      1320.2499
 1-4 NB =       443.3160  1-4 EEL =      4629.1254  VDWAALS    =     12707.0220
 EELEC  =   -104912.1528  EHBOND  =         0.0000  RESTRAINT  =         0.0000
 ------------------------------------------------------------------------------

check COM velocity, temp:        0.000006     0.00(Removed)

 NSTEP =    23000   TIME(PS) =      42.500  TEMP(K) =   305.25  PRESS =     0.0
 Etot   =    -50707.7583  EKtot   =     21000.9551  EPtot      =    -71708.7134
 BOND   =     12789.7953  ANGLE   =      1094.4645  DIHED      =      1320.0651
 1-4 NB =       450.0718  1-4 EEL =      4648.8732  VDWAALS    =     12370.7169
 EELEC  =   -104382.7002  EHBOND  =         0.0000  RESTRAINT  =         0.0000
 ------------------------------------------------------------------------------


 NSTEP =    23500   TIME(PS) =      42.750  TEMP(K) =   306.26  PRESS =     0.0
 Etot   =    -50707.0065  EKtot   =     21070.2988  EPtot      =    -71777.3053
 BOND   =     12699.3384  ANGLE   =      1079.9354  DIHED      =      1304.5810
 1-4 NB =       452.0893  1-4 EEL =      4620.3078  VDWAALS    =     12507.4811
 EELEC  =   -104441.0383  EHBOND  =         0.0000  RESTRAINT  =         0.0000
 ------------------------------------------------------------------------------

check COM velocity, temp:        0.000004     0.00(Removed)

 NSTEP =    24000   TIME(PS) =      43.000  TEMP(K) =   305.96  PRESS =     0.0
 Etot   =    -50707.4740  EKtot   =     21049.6387  EPtot      =    -71757.1127
 BOND   =     12839.9265  ANGLE   =      1072.8030  DIHED      =      1328.2919
 1-4 NB =       444.6363  1-4 EEL =      4652.3648  VDWAALS    =     12399.4801
 EELEC  =   -104494.6154  EHBOND  =         0.0000  RESTRAINT  =         0.0000
 ------------------------------------------------------------------------------


 NSTEP =    24500   TIME(PS) =      43.250  TEMP(K) =   305.48  PRESS =     0.0
 Etot   =    -50711.2497  EKtot   =     21016.6543  EPtot      =    -71727.9040
 BOND   =     12841.2206  ANGLE   =      1114.2969  DIHED      =      1327.3461
 1-4 NB =       436.8046  1-4 EEL =      4643.2351  VDWAALS    =     12521.5685
 EELEC  =   -104612.3758  EHBOND  =         0.0000  RESTRAINT  =         0.0000
 ------------------------------------------------------------------------------

check COM velocity, temp:        0.000005     0.00(Removed)

 NSTEP =    25000   TIME(PS) =      43.500  TEMP(K) =   305.16  PRESS =     0.0
 Etot   =    -50712.5577  EKtot   =     20994.5293  EPtot      =    -71707.0870
 BOND   =     12897.0873  ANGLE   =      1097.6966  DIHED      =      1329.7756
 1-4 NB =       449.1460  1-4 EEL =      4619.9797  VDWAALS    =     12451.2395
 EELEC  =   -104552.0118  EHBOND  =         0.0000  RESTRAINT  =         0.0000
 ------------------------------------------------------------------------------


 NSTEP =    25500   TIME(PS) =      43.750  TEMP(K) =   305.53  PRESS =     0.0
 Etot   =    -50709.2258  EKtot   =     21020.4238  EPtot      =    -71729.6497
 BOND   =     13002.3440  ANGLE   =      1098.1957  DIHED      =      1310.4500
 1-4 NB =       432.2522  1-4 EEL =      4604.2960  VDWAALS    =     12470.9645
 EELEC  =   -104648.1520  EHBOND  =         0.0000  RESTRAINT  =         0.0000
 ------------------------------------------------------------------------------

check COM velocity, temp:        0.000002     0.00(Removed)

 NSTEP =    26000   TIME(PS) =      44.000  TEMP(K) =   306.83  PRESS =     0.0
 Etot   =    -50709.6633  EKtot   =     21110.0762  EPtot      =    -71819.7395
 BOND   =     12868.0838  ANGLE   =      1113.2524  DIHED      =      1317.7994
 1-4 NB =       438.2922  1-4 EEL =      4638.9267  VDWAALS    =     12359.7504
 EELEC  =   -104555.8445  EHBOND  =         0.0000  RESTRAINT  =         0.0000
 ------------------------------------------------------------------------------


 NSTEP =    26500   TIME(PS) =      44.250  TEMP(K) =   306.48  PRESS =     0.0
 Etot   =    -50708.7311  EKtot   =     21085.5020  EPtot      =    -71794.2330
 BOND   =     13046.4311  ANGLE   =      1043.5856  DIHED      =      1329.0981
 1-4 NB =       451.9527  1-4 EEL =      4600.8958  VDWAALS    =     12750.8073
 EELEC  =   -105017.0038  EHBOND  =         0.0000  RESTRAINT  =         0.0000
 ------------------------------------------------------------------------------

check COM velocity, temp:        0.000009     0.00(Removed)

 NSTEP =    27000   TIME(PS) =      44.500  TEMP(K) =   307.32  PRESS =     0.0
 Etot   =    -50706.3689  EKtot   =     21143.7969  EPtot      =    -71850.1657
 BOND   =     12983.4908  ANGLE   =      1066.0714  DIHED      =      1321.3874
 1-4 NB =       454.6332  1-4 EEL =      4630.0597  VDWAALS    =     12676.1662
 EELEC  =   -104981.9744  EHBOND  =         0.0000  RESTRAINT  =         0.0000
 ------------------------------------------------------------------------------


 NSTEP =    27500   TIME(PS) =      44.750  TEMP(K) =   306.88  PRESS =     0.0
 Etot   =    -50708.1851  EKtot   =     21113.2598  EPtot      =    -71821.4449
 BOND   =     12967.6068  ANGLE   =      1056.3878  DIHED      =      1336.6740
 1-4 NB =       450.3208  1-4 EEL =      4627.7061  VDWAALS    =     12757.8246
 EELEC  =   -105017.9650  EHBOND  =         0.0000  RESTRAINT  =         0.0000
 ------------------------------------------------------------------------------

check COM velocity, temp:        0.000002     0.00(Removed)

 NSTEP =    28000   TIME(PS) =      45.000  TEMP(K) =   307.15  PRESS =     0.0
 Etot   =    -50711.5914  EKtot   =     21131.8789  EPtot      =    -71843.4703
 BOND   =     12900.6172  ANGLE   =      1089.8665  DIHED      =      1299.3067
 1-4 NB =       450.0749  1-4 EEL =      4624.5706  VDWAALS    =     12591.5054
 EELEC  =   -104799.4116  EHBOND  =         0.0000  RESTRAINT  =         0.0000
 ------------------------------------------------------------------------------


 NSTEP =    28500   TIME(PS) =      45.250  TEMP(K) =   308.35  PRESS =     0.0
 Etot   =    -50708.3922  EKtot   =     21214.1934  EPtot      =    -71922.5855
 BOND   =     12875.9374  ANGLE   =      1042.6251  DIHED      =      1335.6837
 1-4 NB =       436.6426  1-4 EEL =      4610.5842  VDWAALS    =     12439.5189
 EELEC  =   -104663.5775  EHBOND  =         0.0000  RESTRAINT  =         0.0000
 ------------------------------------------------------------------------------

check COM velocity, temp:        0.000007     0.00(Removed)

 NSTEP =    29000   TIME(PS) =      45.500  TEMP(K) =   305.82  PRESS =     0.0
 Etot   =    -50710.4464  EKtot   =     21040.0801  EPtot      =    -71750.5265
 BOND   =     12961.2893  ANGLE   =      1070.5869  DIHED      =      1319.8814
 1-4 NB =       458.9029  1-4 EEL =      4638.0940  VDWAALS    =     12469.2835
 EELEC  =   -104668.5644  EHBOND  =         0.0000  RESTRAINT  =         0.0000
 ------------------------------------------------------------------------------


 NSTEP =    29500   TIME(PS) =      45.750  TEMP(K) =   308.89  PRESS =     0.0
 Etot   =    -50712.7267  EKtot   =     21251.6172  EPtot      =    -71964.3439
 BOND   =     12751.7562  ANGLE   =      1091.6816  DIHED      =      1321.2102
 1-4 NB =       449.4118  1-4 EEL =      4639.3994  VDWAALS    =     12615.2521
 EELEC  =   -104833.0552  EHBOND  =         0.0000  RESTRAINT  =         0.0000
 ------------------------------------------------------------------------------

check COM velocity, temp:        0.000010     0.00(Removed)

 NSTEP =    30000   TIME(PS) =      46.000  TEMP(K) =   306.71  PRESS =     0.0
 Etot   =    -50709.7228  EKtot   =     21101.2949  EPtot      =    -71811.0177
 BOND   =     12783.6630  ANGLE   =      1082.2066  DIHED      =      1340.5312
 1-4 NB =       452.2988  1-4 EEL =      4692.5016  VDWAALS    =     12469.1939
 EELEC  =   -104631.4128  EHBOND  =         0.0000  RESTRAINT  =         0.0000
 ------------------------------------------------------------------------------


 NSTEP =    30500   TIME(PS) =      46.250  TEMP(K) =   307.07  PRESS =     0.0
 Etot   =    -50709.5866  EKtot   =     21126.5098  EPtot      =    -71836.0963
 BOND   =     12894.6715  ANGLE   =      1075.2448  DIHED      =      1352.3955
 1-4 NB =       456.2229  1-4 EEL =      4641.6279  VDWAALS    =     12584.9471
 EELEC  =   -104841.2061  EHBOND  =         0.0000  RESTRAINT  =         0.0000
 ------------------------------------------------------------------------------

check COM velocity, temp:        0.000004     0.00(Removed)

 NSTEP =    31000   TIME(PS) =      46.500  TEMP(K) =   307.33  PRESS =     0.0
 Etot   =    -50711.4377  EKtot   =     21143.9941  EPtot      =    -71855.4319
 BOND   =     12669.7836  ANGLE   =      1073.5932  DIHED      =      1338.6462
 1-4 NB =       424.2108  1-4 EEL =      4688.8395  VDWAALS    =     12648.1205
 EELEC  =   -104698.6258  EHBOND  =         0.0000  RESTRAINT  =         0.0000
 ------------------------------------------------------------------------------


 NSTEP =    31500   TIME(PS) =      46.750  TEMP(K) =   306.89  PRESS =     0.0
 Etot   =    -50712.0705  EKtot   =     21114.2070  EPtot      =    -71826.2775
 BOND   =     12702.6972  ANGLE   =      1097.1661  DIHED      =      1330.7062
 1-4 NB =       456.4006  1-4 EEL =      4625.1391  VDWAALS    =     12571.5155
 EELEC  =   -104609.9020  EHBOND  =         0.0000  RESTRAINT  =         0.0000
 ------------------------------------------------------------------------------

check COM velocity, temp:        0.000005     0.00(Removed)

 NSTEP =    32000   TIME(PS) =      47.000  TEMP(K) =   307.43  PRESS =     0.0
 Etot   =    -50712.5475  EKtot   =     21150.8906  EPtot      =    -71863.4381
 BOND   =     12796.1191  ANGLE   =      1040.8413  DIHED      =      1327.4717
 1-4 NB =       445.4480  1-4 EEL =      4617.6913  VDWAALS    =     12715.4582
 EELEC  =   -104806.4677  EHBOND  =         0.0000  RESTRAINT  =         0.0000
 ------------------------------------------------------------------------------


 NSTEP =    32500   TIME(PS) =      47.250  TEMP(K) =   307.31  PRESS =     0.0
 Etot   =    -50711.5492  EKtot   =     21142.8965  EPtot      =    -71854.4457
 BOND   =     12696.7138  ANGLE   =      1098.6558  DIHED      =      1351.0826
 1-4 NB =       445.5288  1-4 EEL =      4658.4068  VDWAALS    =     12518.3358
 EELEC  =   -104623.1693  EHBOND  =         0.0000  RESTRAINT  =         0.0000
 ------------------------------------------------------------------------------

check COM velocity, temp:        0.000008     0.00(Removed)

 NSTEP =    33000   TIME(PS) =      47.500  TEMP(K) =   307.06  PRESS =     0.0
 Etot   =    -50708.3212  EKtot   =     21125.3613  EPtot      =    -71833.6825
 BOND   =     12766.7947  ANGLE   =      1072.8601  DIHED      =      1354.9461
 1-4 NB =       449.3671  1-4 EEL =      4630.1513  VDWAALS    =     12631.6085
 EELEC  =   -104739.4102  EHBOND  =         0.0000  RESTRAINT  =         0.0000
 ------------------------------------------------------------------------------


 NSTEP =    33500   TIME(PS) =      47.750  TEMP(K) =   307.32  PRESS =     0.0
 Etot   =    -50709.9007  EKtot   =     21143.4336  EPtot      =    -71853.3343
 BOND   =     12776.9132  ANGLE   =      1077.6599  DIHED      =      1359.3631
 1-4 NB =       438.4572  1-4 EEL =      4590.7909  VDWAALS    =     12637.0383
 EELEC  =   -104733.5570  EHBOND  =         0.0000  RESTRAINT  =         0.0000
 ------------------------------------------------------------------------------

check COM velocity, temp:        0.000006     0.00(Removed)

 NSTEP =    34000   TIME(PS) =      48.000  TEMP(K) =   306.23  PRESS =     0.0
 Etot   =    -50710.1198  EKtot   =     21068.4785  EPtot      =    -71778.5984
 BOND   =     12717.0545  ANGLE   =      1045.5773  DIHED      =      1328.3136
 1-4 NB =       444.4830  1-4 EEL =      4664.8226  VDWAALS    =     12428.6413
 EELEC  =   -104407.4906  EHBOND  =         0.0000  RESTRAINT  =         0.0000
 ------------------------------------------------------------------------------


 NSTEP =    34500   TIME(PS) =      48.250  TEMP(K) =   304.75  PRESS =     0.0
 Etot   =    -50706.8563  EKtot   =     20966.4355  EPtot      =    -71673.2918
 BOND   =     12778.0370  ANGLE   =      1073.0819  DIHED      =      1346.3318
 1-4 NB =       451.0191  1-4 EEL =      4661.8103  VDWAALS    =     12598.5695
 EELEC  =   -104582.1414  EHBOND  =         0.0000  RESTRAINT  =         0.0000
 ------------------------------------------------------------------------------

check COM velocity, temp:        0.000009     0.00(Removed)

 NSTEP =    35000   TIME(PS) =      48.500  TEMP(K) =   307.66  PRESS =     0.0
 Etot   =    -50711.3250  EKtot   =     21167.1387  EPtot      =    -71878.4637
 BOND   =     12758.2483  ANGLE   =      1082.4327  DIHED      =      1346.2181
 1-4 NB =       447.9313  1-4 EEL =      4624.0369  VDWAALS    =     12726.9369
 EELEC  =   -104864.2679  EHBOND  =         0.0000  RESTRAINT  =         0.0000
 ------------------------------------------------------------------------------


 NSTEP =    35500   TIME(PS) =      48.750  TEMP(K) =   306.95  PRESS =     0.0
 Etot   =    -50712.2329  EKtot   =     21117.9824  EPtot      =    -71830.2153
 BOND   =     12684.8910  ANGLE   =      1055.7963  DIHED      =      1314.1665
 1-4 NB =       450.8203  1-4 EEL =      4665.1614  VDWAALS    =     12670.7728
 EELEC  =   -104671.8234  EHBOND  =         0.0000  RESTRAINT  =         0.0000
 ------------------------------------------------------------------------------

check COM velocity, temp:        0.000006     0.00(Removed)

 NSTEP =    36000   TIME(PS) =      49.000  TEMP(K) =   306.95  PRESS =     0.0
 Etot   =    -50711.2364  EKtot   =     21118.0801  EPtot      =    -71829.3165
 BOND   =     12685.5642  ANGLE   =      1067.3819  DIHED      =      1346.8649
 1-4 NB =       440.9746  1-4 EEL =      4662.4190  VDWAALS    =     12727.3336
 EELEC  =   -104759.8548  EHBOND  =         0.0000  RESTRAINT  =         0.0000
 ------------------------------------------------------------------------------


 NSTEP =    36500   TIME(PS) =      49.250  TEMP(K) =   304.44  PRESS =     0.0
 Etot   =    -50707.6733  EKtot   =     20945.6152  EPtot      =    -71653.2885
 BOND   =     12884.5946  ANGLE   =      1056.4783  DIHED      =      1310.1796
 1-4 NB =       461.7103  1-4 EEL =      4655.6940  VDWAALS    =     12734.9714
 EELEC  =   -104756.9168  EHBOND  =         0.0000  RESTRAINT  =         0.0000
 ------------------------------------------------------------------------------

check COM velocity, temp:        0.000006     0.00(Removed)

 NSTEP =    37000   TIME(PS) =      49.500  TEMP(K) =   310.37  PRESS =     0.0
 Etot   =    -50710.2032  EKtot   =     21353.3145  EPtot      =    -72063.5176
 BOND   =     12689.0264  ANGLE   =      1054.9899  DIHED      =      1312.1486
 1-4 NB =       438.1387  1-4 EEL =      4641.7470  VDWAALS    =     12574.5053
 EELEC  =   -104774.0734  EHBOND  =         0.0000  RESTRAINT  =         0.0000
 ------------------------------------------------------------------------------


 NSTEP =    37500   TIME(PS) =      49.750  TEMP(K) =   304.64  PRESS =     0.0
 Etot   =    -50706.1074  EKtot   =     20959.4316  EPtot      =    -71665.5390
 BOND   =     12672.9390  ANGLE   =      1047.3550  DIHED      =      1320.1236
 1-4 NB =       455.2776  1-4 EEL =      4646.4604  VDWAALS    =     12607.9940
 EELEC  =   -104415.6885  EHBOND  =         0.0000  RESTRAINT  =         0.0000
 ------------------------------------------------------------------------------

check COM velocity, temp:        0.000003     0.00(Removed)

 NSTEP =    38000   TIME(PS) =      50.000  TEMP(K) =   305.37  PRESS =     0.0
 Etot   =    -50709.4470  EKtot   =     21009.6172  EPtot      =    -71719.0642
 BOND   =     12619.4109  ANGLE   =      1100.1034  DIHED      =      1310.4104
 1-4 NB =       430.0962  1-4 EEL =      4627.5200  VDWAALS    =     12531.2525
 EELEC  =   -104337.8576  EHBOND  =         0.0000  RESTRAINT  =         0.0000
 ------------------------------------------------------------------------------


 NSTEP =    38500   TIME(PS) =      50.250  TEMP(K) =   306.95  PRESS =     0.0
 Etot   =    -50710.0008  EKtot   =     21117.8672  EPtot      =    -71827.8679
 BOND   =     12601.6191  ANGLE   =      1077.3552  DIHED      =      1327.4404
 1-4 NB =       434.4227  1-4 EEL =      4622.6338  VDWAALS    =     12338.2260
 EELEC  =   -104229.5651  EHBOND  =         0.0000  RESTRAINT  =         0.0000
 ------------------------------------------------------------------------------

check COM velocity, temp:        0.000012     0.00(Removed)

 NSTEP =    39000   TIME(PS) =      50.500  TEMP(K) =   305.94  PRESS =     0.0
 Etot   =    -50706.3845  EKtot   =     21048.6523  EPtot      =    -71755.0369
 BOND   =     12959.2848  ANGLE   =      1064.4617  DIHED      =      1320.7861
 1-4 NB =       464.4967  1-4 EEL =      4640.8723  VDWAALS    =     12444.7392
 EELEC  =   -104649.6776  EHBOND  =         0.0000  RESTRAINT  =         0.0000
 ------------------------------------------------------------------------------


 NSTEP =    39500   TIME(PS) =      50.750  TEMP(K) =   306.33  PRESS =     0.0
 Etot   =    -50710.3784  EKtot   =     21075.2676  EPtot      =    -71785.6460
 BOND   =     12691.1936  ANGLE   =      1058.1606  DIHED      =      1338.5635
 1-4 NB =       465.7378  1-4 EEL =      4649.9288  VDWAALS    =     12518.2069
 EELEC  =   -104507.4372  EHBOND  =         0.0000  RESTRAINT  =         0.0000
 ------------------------------------------------------------------------------

check COM velocity, temp:        0.000004     0.00(Removed)

 NSTEP =    40000   TIME(PS) =      51.000  TEMP(K) =   305.30  PRESS =     0.0
 Etot   =    -50709.9861  EKtot   =     21004.6289  EPtot      =    -71714.6150
 BOND   =     12712.1243  ANGLE   =      1049.9113  DIHED      =      1350.6688
 1-4 NB =       457.0987  1-4 EEL =      4666.4696  VDWAALS    =     12432.6113
 EELEC  =   -104383.4990  EHBOND  =         0.0000  RESTRAINT  =         0.0000
 ------------------------------------------------------------------------------


      A V E R A G E S   O V E R      80 S T E P S


 NSTEP =    40000   TIME(PS) =      51.000  TEMP(K) =   307.10  PRESS =     0.0
 Etot   =    -50710.2187  EKtot   =     21128.0082  EPtot      =    -71838.2269
 BOND   =     12838.7216  ANGLE   =      1112.5955  DIHED      =      1334.2133
 1-4 NB =       448.9747  1-4 EEL =      4635.8575  VDWAALS    =     12597.6583
 EELEC  =   -104806.2478  EHBOND  =         0.0000  RESTRAINT  =         0.0000
 ------------------------------------------------------------------------------


      R M S  F L U C T U A T I O N S


 NSTEP =    40000   TIME(PS) =      51.000  TEMP(K) =     1.44  PRESS =     0.0
 Etot   =         1.8517  EKtot   =        99.2326  EPtot      =        99.9305
 BOND   =       106.9198  ANGLE   =        52.8708  DIHED      =        16.2213
 1-4 NB =         9.6084  1-4 EEL =        25.3683  VDWAALS    =       120.8803
 EELEC  =       260.6503  EHBOND  =         0.0000  RESTRAINT  =         0.0000
|E(PBS) =         0.8856
 ------------------------------------------------------------------------------

--------------------------------------------------------------------------------
   5.  TIMINGS
--------------------------------------------------------------------------------

|  NonSetup CPU Time in Major Routines:
|
|     Routine           Sec        %
|     ------------------------------
|     Nonbond           8.09   12.26
|     Bond              0.00    0.00
|     Angle             0.00    0.00
|     Dihedral          0.00    0.00
|     Shake             0.00    0.00
|     RunMD            57.84   87.65
|     Other             0.06    0.10
|     ------------------------------
|     Total            66.00

|  PME Nonbond Pairlist CPU Time:
|
|     Routine              Sec        %
|     ---------------------------------
|     Set Up Cit           0.00    0.00
|     Build List           0.00    0.00
|     ---------------------------------
|     Total                0.00    0.00

|  PME Direct Force CPU Time:
|
|     Routine              Sec        %
|     ---------------------------------
|     NonBonded Calc       0.00    0.00
|     Exclude Masked       0.00    0.00
|     Other                0.03    0.05
|     ---------------------------------
|     Total                0.03    0.05

|  PME Reciprocal Force CPU Time:
|
|     Routine              Sec        %
|     ---------------------------------
|     1D bspline           0.00    0.00
|     Grid Charges         0.00    0.00
|     Scalar Sum           0.00    0.00
|     Gradient Sum         0.00    0.00
|     FFT                  0.00    0.00
|     ---------------------------------
|     Total                0.00    0.00

|  Final Performance Info:
|     -----------------------------------------------------
|     Average timings for last    3500 steps:
|     Elapsed(s) =       6.06 Per Step(ms) =       1.73
|         ns/day =      24.96   seconds/ns =    3462.22
|
|     Average timings for all steps:
|     Elapsed(s) =      66.45 Per Step(ms) =       1.66
|         ns/day =      26.00   seconds/ns =    3322.49
|     -----------------------------------------------------

|  Setup CPU time:            2.57 seconds
|  NonSetup CPU time:        66.00 seconds
|  Total CPU time:           68.56 seconds     0.02 hours

|  Setup wall time:           3    seconds
|  NonSetup wall time:       67    seconds
|  Total wall time:          70    seconds     0.02 hours
