
          -------------------------------------------------------
          Amber 16 PMEMD                              2016
          -------------------------------------------------------

| PMEMD implementation of SANDER, Release 16

| Run on 09/02/2017 at 23:35:42

|   Executable path: /apps/amber16/bin/pmemd
| Working directory: /scratch/pbarletta/pdz/run/lb/mhe/m
|          Hostname: Unknown
  [-O]verwriting output

File Assignments:
|   MDIN: mmin.in                                                               
|  MDOUT: mmin.out                                                              
| INPCRD: mlb.rst7                                                              
|   PARM: /scratch/pbarletta/pdz/top_files/lb.prmtop                            
| RESTRT: mmlb.rst7                                                             
|   REFC: lb.rst7                                                               
|  MDVEL: mdvel                                                                 
|   MDEN: mden                                                                  
|  MDCRD: mdcrd                                                                 
| MDINFO: mdinfo                                                                
|  MDFRC: mdfrc                                                                 


 Here is the input file:

Minimization with Cartesian restraints                                         
&cntrl                                                                         
imin=1,                                                                        
ntmin=1,                                ! Steepest Descent, then Conjugate Grad
ncyc=100,                               ! 100 steps of Steepest Descent        
maxcyc=500,                             ! 400 steps of Conjugate Gradient      
ntpr=5,                                                                        
&end                                                                           


Note: ig = -1. Setting random seed to   855125 based on wallclock time in 
      microseconds.
| irandom = 1, using AMBER's internal random number generator (default).
 
 
| Conditional Compilation Defines Used:
| PUBFFT
| BINTRAJ
| EMIL

| Largest sphere to fit in unit cell has radius =    30.959

| New format PARM file being parsed.
| Version =    1.000 Date = 09/01/17 Time = 19:23:45

| Note: 1-4 EEL scale factors are being read from the topology file.

| Note: 1-4 VDW scale factors are being read from the topology file.
| Duplicated    0 dihedrals

| Duplicated    0 dihedrals

--------------------------------------------------------------------------------
   1.  RESOURCE   USE: 
--------------------------------------------------------------------------------

 getting box info from netcdf restart file
 NATOM  =   29433 NTYPES =      16 NBONH =   28406 MBONA  =    1038
 NTHETH =    2390 MTHETA =    1396 NPHIH =    4771 MPHIA  =    4486
 NHPARM =       0 NPARM  =       0 NNB   =   47902 NRES   =    9251
 NBONA  =    1038 NTHETA =    1396 NPHIA =    4486 NUMBND =      69
 NUMANG =     160 NPTRA  =     189 NATYP =      34 NPHB   =       1
 IFBOX  =       2 NMXRS  =      24 IFCAP =       0 NEXTRA =       0
 NCOPY  =       0

| Coordinate Index Table dimensions:    14   14   14
| Direct force subcell size =     5.4167    5.4167    5.4167

     BOX TYPE: TRUNCATED OCTAHEDRON

--------------------------------------------------------------------------------
   2.  CONTROL  DATA  FOR  THE  RUN
--------------------------------------------------------------------------------

default_name                                                                    

General flags:
     imin    =       1, nmropt  =       0

Nature and format of input:
     ntx     =       1, irest   =       0, ntrx    =       1

Nature and format of output:
     ntxo    =       2, ntpr    =       5, ntrx    =       1, ntwr    =       1
     iwrap   =       0, ntwx    =       0, ntwv    =       0, ntwe    =       0
     ioutfm  =       1, ntwprt  =       0, idecomp =       0, rbornstat=      0

Potential function:
     ntf     =       1, ntb     =       1, igb     =       0, nsnb    =      25
     ipol    =       0, gbsa    =       0, iesp    =       0
     dielc   =   1.00000, cut     =   8.00000, intdiel =   1.00000

Frozen or restrained atoms:
     ibelly  =       0, ntr     =       0

Energy minimization:
     maxcyc  =     500, ncyc    =     100, ntmin   =       1
     dx0     =   0.01000, drms    =   0.00010

| Intermolecular bonds treatment:
|     no_intermolecular_bonds =       1

| Energy averages sample interval:
|     ene_avg_sampling =       1

Ewald parameters:
     verbose =       0, ew_type =       0, nbflag  =       1, use_pme =       1
     vdwmeth =       1, eedmeth =       1, netfrc  =       0
     Box X =   75.834   Box Y =   75.834   Box Z =   75.834
     Alpha =  109.471   Beta  =  109.471   Gamma =  109.471
     NFFT1 =   80       NFFT2 =   80       NFFT3 =   80
     Cutoff=    8.000   Tol   =0.100E-04
     Ewald Coefficient =  0.34864
     Interpolation order =    4

--------------------------------------------------------------------------------
   3.  ATOMIC COORDINATES AND VELOCITIES
--------------------------------------------------------------------------------

default_name                                                                    
 begin time read from input coords =     0.000 ps

 
 Number of triangulated 3-point waters found:     9119

     Sum of charges from parm topology file =  -0.00000008
     Forcing neutrality...

| Dynamic Memory, Types Used:
| Reals              772898
| Integers           827192

| Nonbonded Pairs Initial Allocation:     4916046

--------------------------------------------------------------------------------
   4.  RESULTS
--------------------------------------------------------------------------------

 ---------------------------------------------------
 APPROXIMATING switch and d/dx switch using CUBIC SPLINE INTERPOLATION
 using   5000.0 points per unit in tabled values
 TESTING RELATIVE ERROR over r ranging from 0.0 to cutoff
| CHECK switch(x): max rel err =   0.2738E-14   at   2.422500
| CHECK d/dx switch(x): max rel err =   0.8332E-11   at   2.782960
 ---------------------------------------------------
|---------------------------------------------------
| APPROXIMATING direct energy using CUBIC SPLINE INTERPOLATION
|  with   50.0 points per unit in tabled values
| Relative Error Limit not exceeded for r .gt.   2.47
| APPROXIMATING direct force using CUBIC SPLINE INTERPOLATION
|  with   50.0 points per unit in tabled values
| Relative Error Limit not exceeded for r .gt.   2.89
|---------------------------------------------------


   NSTEP       ENERGY          RMS            GMAX         NAME    NUMBER
      1      -1.1226E+05     1.3333E+00     4.7578E+01     CD       1587

 BOND    =     8107.4920  ANGLE   =      226.2200  DIHED      =     1669.6985
 VDWAALS =    18945.6458  EEL     =  -146765.9666  HBOND      =        0.0000
 1-4 VDW =      631.0921  1-4 EEL =     4928.6576  RESTRAINT  =        0.0000


   NSTEP       ENERGY          RMS            GMAX         NAME    NUMBER
      5      -1.1228E+05     1.1802E+00     3.5068E+01     HD22      474

 BOND    =     8107.0279  ANGLE   =      229.4537  DIHED      =     1670.0333
 VDWAALS =    18925.0705  EEL     =  -146767.5166  HBOND      =        0.0000
 1-4 VDW =      629.8323  1-4 EEL =     4924.9926  RESTRAINT  =        0.0000


   NSTEP       ENERGY          RMS            GMAX         NAME    NUMBER
     10      -1.1234E+05     9.6277E-01     2.9192E+01     HD22      474

 BOND    =     8108.8074  ANGLE   =      240.3361  DIHED      =     1671.1944
 VDWAALS =    18873.7287  EEL     =  -146772.4206  HBOND      =        0.0000
 1-4 VDW =      625.7132  1-4 EEL =     4913.5422  RESTRAINT  =        0.0000


   NSTEP       ENERGY          RMS            GMAX         NAME    NUMBER
     15      -1.1245E+05     7.5054E-01     2.1388E+01     HD22      474

 BOND    =     8107.9744  ANGLE   =      264.2956  DIHED      =     1674.0026
 VDWAALS =    18787.9731  EEL     =  -146785.9542  HBOND      =        0.0000
 1-4 VDW =      613.6999  1-4 EEL =     4883.9097  RESTRAINT  =        0.0000


   NSTEP       ENERGY          RMS            GMAX         NAME    NUMBER
     20      -1.1267E+05     5.4572E-01     1.2510E+01     HD22      474

 BOND    =     8101.0749  ANGLE   =      292.5513  DIHED      =     1677.1351
 VDWAALS =    18685.2771  EEL     =  -146826.8274  HBOND      =        0.0000
 1-4 VDW =      580.7937  1-4 EEL =     4820.8609  RESTRAINT  =        0.0000


   NSTEP       ENERGY          RMS            GMAX         NAME    NUMBER
     25      -1.1279E+05     2.3367E+00     8.4387E+01     CG        739

 BOND    =     8177.0994  ANGLE   =      306.2156  DIHED      =     1676.9639
 VDWAALS =    18631.4159  EEL     =  -146901.9857  HBOND      =        0.0000
 1-4 VDW =      546.0384  1-4 EEL =     4773.4248  RESTRAINT  =        0.0000


   NSTEP       ENERGY          RMS            GMAX         NAME    NUMBER
     30      -1.1291E+05     4.4658E-01     8.9670E+00     HG       1559

 BOND    =     8098.2156  ANGLE   =      305.5361  DIHED      =     1676.5130
 VDWAALS =    18621.0566  EEL     =  -146909.1362  HBOND      =        0.0000
 1-4 VDW =      538.6627  1-4 EEL =     4762.3027  RESTRAINT  =        0.0000


   NSTEP       ENERGY          RMS            GMAX         NAME    NUMBER
     35      -1.1296E+05     8.6403E-01     2.6311E+01     CZ        906

 BOND    =     8102.7857  ANGLE   =      308.3727  DIHED      =     1675.7554
 VDWAALS =    18610.6183  EEL     =  -146937.4558  HBOND      =        0.0000
 1-4 VDW =      527.9644  1-4 EEL =     4748.9641  RESTRAINT  =        0.0000


   NSTEP       ENERGY          RMS            GMAX         NAME    NUMBER
     40      -1.1302E+05     5.4188E-01     1.2926E+01     CZ       1417

 BOND    =     8100.3231  ANGLE   =      309.5819  DIHED      =     1675.1070
 VDWAALS =    18604.7566  EEL     =  -146965.7717  HBOND      =        0.0000
 1-4 VDW =      520.0779  1-4 EEL =     4740.0662  RESTRAINT  =        0.0000


   NSTEP       ENERGY          RMS            GMAX         NAME    NUMBER
     45      -1.1306E+05     6.4448E-01     1.7973E+01     CZ       1417

 BOND    =     8102.6290  ANGLE   =      311.5090  DIHED      =     1674.3672
 VDWAALS =    18600.1415  EEL     =  -146994.7093  HBOND      =        0.0000
 1-4 VDW =      512.3070  1-4 EEL =     4730.7671  RESTRAINT  =        0.0000


   NSTEP       ENERGY          RMS            GMAX         NAME    NUMBER
     50      -1.1310E+05     9.7508E-01     3.0823E+01     CZ       1417

 BOND    =     8108.9558  ANGLE   =      313.5279  DIHED      =     1673.7087
 VDWAALS =    18597.7108  EEL     =  -147019.3189  HBOND      =        0.0000
 1-4 VDW =      506.2133  1-4 EEL =     4723.2045  RESTRAINT  =        0.0000


   NSTEP       ENERGY          RMS            GMAX         NAME    NUMBER
     55      -1.1314E+05     1.0754E+00     3.6197E+01     CZ        906

 BOND    =     8112.6762  ANGLE   =      315.3386  DIHED      =     1672.9685
 VDWAALS =    18596.4553  EEL     =  -147048.6249  HBOND      =        0.0000
 1-4 VDW =      499.9620  1-4 EEL =     4715.5837  RESTRAINT  =        0.0000


   NSTEP       ENERGY          RMS            GMAX         NAME    NUMBER
     60      -1.1317E+05     1.0454E+00     3.5786E+01     CZ        906

 BOND    =     8114.0692  ANGLE   =      316.5601  DIHED      =     1672.3289
 VDWAALS =    18596.4364  EEL     =  -147075.1296  HBOND      =        0.0000
 1-4 VDW =      495.0118  1-4 EEL =     4709.6688  RESTRAINT  =        0.0000


   NSTEP       ENERGY          RMS            GMAX         NAME    NUMBER
     65      -1.1321E+05     1.0680E+00     3.6296E+01     CZ        906

 BOND    =     8116.6098  ANGLE   =      317.9821  DIHED      =     1671.6386
 VDWAALS =    18597.5078  EEL     =  -147103.5191  HBOND      =        0.0000
 1-4 VDW =      490.1065  1-4 EEL =     4703.6422  RESTRAINT  =        0.0000


   NSTEP       ENERGY          RMS            GMAX         NAME    NUMBER
     70      -1.1325E+05     3.4532E-01     8.0736E+00     HG       1559

 BOND    =     8114.0622  ANGLE   =      317.7989  DIHED      =     1671.0177
 VDWAALS =    18599.3370  EEL     =  -147137.5377  HBOND      =        0.0000
 1-4 VDW =      485.6672  1-4 EEL =     4699.6170  RESTRAINT  =        0.0000


   NSTEP       ENERGY          RMS            GMAX         NAME    NUMBER
     75      -1.1326E+05     1.1885E+00     4.0208E+01     CZ        906

 BOND    =     8123.7363  ANGLE   =      320.5323  DIHED      =     1670.3793
 VDWAALS =    18601.8135  EEL     =  -147156.0729  HBOND      =        0.0000
 1-4 VDW =      482.1171  1-4 EEL =     4693.6369  RESTRAINT  =        0.0000


   NSTEP       ENERGY          RMS            GMAX         NAME    NUMBER
     80      -1.1329E+05     1.2398E+00     4.3060E+01     CZ        906

 BOND    =     8127.1862  ANGLE   =      321.8627  DIHED      =     1669.6952
 VDWAALS =    18605.2657  EEL     =  -147184.5734  HBOND      =        0.0000
 1-4 VDW =      478.2501  1-4 EEL =     4688.6426  RESTRAINT  =        0.0000


   NSTEP       ENERGY          RMS            GMAX         NAME    NUMBER
     85      -1.1334E+05     3.9322E-01     1.0948E+01     CZ        906

 BOND    =     8123.2496  ANGLE   =      321.1709  DIHED      =     1669.0227
 VDWAALS =    18609.3119  EEL     =  -147223.7180  HBOND      =        0.0000
 1-4 VDW =      474.2416  1-4 EEL =     4685.4630  RESTRAINT  =        0.0000


   NSTEP       ENERGY          RMS            GMAX         NAME    NUMBER
     90      -1.1337E+05     2.9374E-01     7.4491E+00     HG       1559

 BOND    =     8123.1676  ANGLE   =      321.9970  DIHED      =     1668.4854
 VDWAALS =    18612.9329  EEL     =  -147245.3127  HBOND      =        0.0000
 1-4 VDW =      471.6422  1-4 EEL =     4681.8743  RESTRAINT  =        0.0000


   NSTEP       ENERGY          RMS            GMAX         NAME    NUMBER
     95      -1.1339E+05     2.9060E-01     7.2452E+00     HG       1559

 BOND    =     8125.9693  ANGLE   =      322.9645  DIHED      =     1667.8235
 VDWAALS =    18617.9055  EEL     =  -147273.8789  HBOND      =        0.0000
 1-4 VDW =      468.5358  1-4 EEL =     4677.8701  RESTRAINT  =        0.0000


   NSTEP       ENERGY          RMS            GMAX         NAME    NUMBER
    100      -1.1342E+05     5.4315E-01     2.0112E+01     CD       1385

 BOND    =     8134.8138  ANGLE   =      324.1227  DIHED      =     1667.0766
 VDWAALS =    18624.0315  EEL     =  -147309.2685  HBOND      =        0.0000
 1-4 VDW =      465.1199  1-4 EEL =     4673.9862  RESTRAINT  =        0.0000


   NSTEP       ENERGY          RMS            GMAX         NAME    NUMBER
    105      -1.1345E+05     2.7447E-01     6.3414E+00     HG       1559

 BOND    =     8131.5536  ANGLE   =      324.9838  DIHED      =     1666.3765
 VDWAALS =    18630.2645  EEL     =  -147336.1683  HBOND      =        0.0000
 1-4 VDW =      462.3452  1-4 EEL =     4669.7126  RESTRAINT  =        0.0000


   NSTEP       ENERGY          RMS            GMAX         NAME    NUMBER
    110      -1.1387E+05     1.9566E+00     2.8102E+02     HG       1559

 BOND    =     8337.3184  ANGLE   =      382.3007  DIHED      =     1666.8196
 VDWAALS =    18936.1678  EEL     =  -148156.3373  HBOND      =        0.0000
 1-4 VDW =      390.7853  1-4 EEL =     4577.7285  RESTRAINT  =        0.0000


   NSTEP       ENERGY          RMS            GMAX         NAME    NUMBER
    115      -1.1407E+05     1.0058E+00     7.4182E+01     CD        952

 BOND    =     8315.3899  ANGLE   =      471.0481  DIHED      =     1677.6417
 VDWAALS =    19053.8289  EEL     =  -148479.3090  HBOND      =        0.0000
 1-4 VDW =      370.2280  1-4 EEL =     4522.0679  RESTRAINT  =        0.0000


   NSTEP       ENERGY          RMS            GMAX         NAME    NUMBER
    120      -1.1413E+05     9.9400E-01     5.2870E+01     OG       1558

 BOND    =     8352.1031  ANGLE   =      479.6254  DIHED      =     1677.3278
 VDWAALS =    19079.1866  EEL     =  -148604.8117  HBOND      =        0.0000
 1-4 VDW =      373.3407  1-4 EEL =     4508.3566  RESTRAINT  =        0.0000


   NSTEP       ENERGY          RMS            GMAX         NAME    NUMBER
    125      -1.1425E+05     9.2798E-01     6.9888E+01     HG       1559

 BOND    =     8375.4847  ANGLE   =      451.1723  DIHED      =     1673.9559
 VDWAALS =    19192.2759  EEL     =  -148818.0767  HBOND      =        0.0000
 1-4 VDW =      369.4640  1-4 EEL =     4501.9140  RESTRAINT  =        0.0000


   NSTEP       ENERGY          RMS            GMAX         NAME    NUMBER
    130      -1.1426E+05     8.7161E-01     6.4957E+01     HG       1559

 BOND    =     8371.3151  ANGLE   =      451.0544  DIHED      =     1673.8918
 VDWAALS =    19192.2605  EEL     =  -148816.1905  HBOND      =        0.0000
 1-4 VDW =      369.4936  1-4 EEL =     4501.9212  RESTRAINT  =        0.0000


   NSTEP       ENERGY          RMS            GMAX         NAME    NUMBER
    135      -1.1431E+05     6.1814E-01     3.9178E+01     CD        952

 BOND    =     8327.1592  ANGLE   =      453.2476  DIHED      =     1668.2780
 VDWAALS =    19185.7232  EEL     =  -148822.0558  HBOND      =        0.0000
 1-4 VDW =      373.6082  1-4 EEL =     4506.8788  RESTRAINT  =        0.0000


   NSTEP       ENERGY          RMS            GMAX         NAME    NUMBER
    140      -1.1436E+05     9.1402E-01     7.5271E+01     CD        952

 BOND    =     8356.6851  ANGLE   =      432.6591  DIHED      =     1662.2192
 VDWAALS =    19217.7228  EEL     =  -148936.4006  HBOND      =        0.0000
 1-4 VDW =      378.3527  1-4 EEL =     4531.1669  RESTRAINT  =        0.0000


   NSTEP       ENERGY          RMS            GMAX         NAME    NUMBER
    145      -1.1447E+05     6.6649E-01     3.9896E+01     HB2      1556

 BOND    =     8341.9538  ANGLE   =      370.5822  DIHED      =     1647.4972
 VDWAALS =    19301.2510  EEL     =  -149104.6933  HBOND      =        0.0000
 1-4 VDW =      394.0915  1-4 EEL =     4577.2885  RESTRAINT  =        0.0000


   NSTEP       ENERGY          RMS            GMAX         NAME    NUMBER
    150      -1.1456E+05     8.2101E-01     7.7445E+01     CD        952

 BOND    =     8343.7259  ANGLE   =      351.7990  DIHED      =     1638.1306
 VDWAALS =    19356.3162  EEL     =  -149266.4424  HBOND      =        0.0000
 1-4 VDW =      417.8329  1-4 EEL =     4602.5452  RESTRAINT  =        0.0000


   NSTEP       ENERGY          RMS            GMAX         NAME    NUMBER
    155      -1.1456E+05     7.6181E-01     6.8724E+01     CD        952

 BOND    =     8340.9000  ANGLE   =      350.9822  DIHED      =     1638.0758
 VDWAALS =    19356.1990  EEL     =  -149264.8631  HBOND      =        0.0000
 1-4 VDW =      417.8313  1-4 EEL =     4602.5131  RESTRAINT  =        0.0000


   NSTEP       ENERGY          RMS            GMAX         NAME    NUMBER
    160      -1.1460E+05     4.3349E-01     2.8739E+01     CD        952

 BOND    =     8329.1872  ANGLE   =      341.2456  DIHED      =     1636.9284
 VDWAALS =    19357.8625  EEL     =  -149280.2896  HBOND      =        0.0000
 1-4 VDW =      415.5525  1-4 EEL =     4600.2603  RESTRAINT  =        0.0000


   NSTEP       ENERGY          RMS            GMAX         NAME    NUMBER
    165      -1.1463E+05     6.6554E-01     3.3754E+01     CD        952

 BOND    =     8363.7406  ANGLE   =      345.1283  DIHED      =     1635.6095
 VDWAALS =    19359.1033  EEL     =  -149336.8118  HBOND      =        0.0000
 1-4 VDW =      408.8519  1-4 EEL =     4591.8984  RESTRAINT  =        0.0000


   NSTEP       ENERGY          RMS            GMAX         NAME    NUMBER
    170      -1.1469E+05     5.6311E-01     2.5216E+01     CD        952

 BOND    =     8362.7287  ANGLE   =      360.0043  DIHED      =     1636.7022
 VDWAALS =    19394.9223  EEL     =  -149423.0422  HBOND      =        0.0000
 1-4 VDW =      399.0357  1-4 EEL =     4577.3772  RESTRAINT  =        0.0000


   NSTEP       ENERGY          RMS            GMAX         NAME    NUMBER
    175      -1.1474E+05     7.1771E-01     5.9555E+01     CD       1005

 BOND    =     8388.6591  ANGLE   =      373.7231  DIHED      =     1639.2396
 VDWAALS =    19449.0637  EEL     =  -149548.8002  HBOND      =        0.0000
 1-4 VDW =      393.5540  1-4 EEL =     4569.1084  RESTRAINT  =        0.0000


   NSTEP       ENERGY          RMS            GMAX         NAME    NUMBER
    180      -1.1474E+05     6.5254E-01     4.9410E+01     CD       1005

 BOND    =     8383.6947  ANGLE   =      373.1491  DIHED      =     1639.1517
 VDWAALS =    19449.0493  EEL     =  -149545.5774  HBOND      =        0.0000
 1-4 VDW =      393.5722  1-4 EEL =     4569.1330  RESTRAINT  =        0.0000


   NSTEP       ENERGY          RMS            GMAX         NAME    NUMBER
    185      -1.1477E+05     4.2422E-01     1.8404E+01     OG       1558

 BOND    =     8372.3276  ANGLE   =      364.8947  DIHED      =     1636.0602
 VDWAALS =    19456.5988  EEL     =  -149570.2619  HBOND      =        0.0000
 1-4 VDW =      394.2035  1-4 EEL =     4571.3132  RESTRAINT  =        0.0000


   NSTEP       ENERGY          RMS            GMAX         NAME    NUMBER
    190      -1.1480E+05     5.2488E-01     2.3050E+01     O        8122

 BOND    =     8392.3886  ANGLE   =      356.9549  DIHED      =     1634.1669
 VDWAALS =    19480.2464  EEL     =  -149632.5591  HBOND      =        0.0000
 1-4 VDW =      395.1793  1-4 EEL =     4575.8968  RESTRAINT  =        0.0000


   NSTEP       ENERGY          RMS            GMAX         NAME    NUMBER
    195      -1.1485E+05     5.7976E-01     4.3469E+01     CD       1005

 BOND    =     8389.2143  ANGLE   =      344.7896  DIHED      =     1629.6795
 VDWAALS =    19552.6590  EEL     =  -149752.7031  HBOND      =        0.0000
 1-4 VDW =      402.0396  1-4 EEL =     4584.7878  RESTRAINT  =        0.0000


   NSTEP       ENERGY          RMS            GMAX         NAME    NUMBER
    200      -1.1488E+05     6.7188E-01     3.9272E+01     CB       1555

 BOND    =     8392.2756  ANGLE   =      354.4671  DIHED      =     1627.8152
 VDWAALS =    19588.9111  EEL     =  -149837.5599  HBOND      =        0.0000
 1-4 VDW =      408.0759  1-4 EEL =     4585.3160  RESTRAINT  =        0.0000


   NSTEP       ENERGY          RMS            GMAX         NAME    NUMBER
    205      -1.1488E+05     5.9671E-01     3.4239E+01     CB       1555

 BOND    =     8388.7316  ANGLE   =      353.7726  DIHED      =     1627.7564
 VDWAALS =    19588.9305  EEL     =  -149835.8314  HBOND      =        0.0000
 1-4 VDW =      408.0145  1-4 EEL =     4585.3570  RESTRAINT  =        0.0000


   NSTEP       ENERGY          RMS            GMAX         NAME    NUMBER
    210      -1.1492E+05     5.1421E-01     2.5648E+01     CD       1005

 BOND    =     8383.5313  ANGLE   =      342.0147  DIHED      =     1627.3116
 VDWAALS =    19593.1673  EEL     =  -149851.6242  HBOND      =        0.0000
 1-4 VDW =      404.8879  1-4 EEL =     4585.6064  RESTRAINT  =        0.0000


   NSTEP       ENERGY          RMS            GMAX         NAME    NUMBER
    215      -1.1494E+05     5.2584E-01     3.2715E+01     OG       1558

 BOND    =     8407.2273  ANGLE   =      344.9274  DIHED      =     1626.4301
 VDWAALS =    19594.2471  EEL     =  -149898.5389  HBOND      =        0.0000
 1-4 VDW =      401.0388  1-4 EEL =     4583.0593  RESTRAINT  =        0.0000


   NSTEP       ENERGY          RMS            GMAX         NAME    NUMBER
    220      -1.1498E+05     4.4520E-01     2.7055E+01     CD       1005

 BOND    =     8397.1848  ANGLE   =      353.9956  DIHED      =     1628.1350
 VDWAALS =    19616.9809  EEL     =  -149953.7874  HBOND      =        0.0000
 1-4 VDW =      398.8722  1-4 EEL =     4580.1460  RESTRAINT  =        0.0000


   NSTEP       ENERGY          RMS            GMAX         NAME    NUMBER
    225      -1.1501E+05     6.5365E-01     5.2115E+01     CD       1005

 BOND    =     8424.9112  ANGLE   =      362.4430  DIHED      =     1630.5435
 VDWAALS =    19662.1150  EEL     =  -150064.6371  HBOND      =        0.0000
 1-4 VDW =      396.5722  1-4 EEL =     4579.0021  RESTRAINT  =        0.0000


   NSTEP       ENERGY          RMS            GMAX         NAME    NUMBER
    230      -1.1501E+05     5.9491E-01     4.2967E+01     CD       1005

 BOND    =     8420.7544  ANGLE   =      361.9630  DIHED      =     1630.4343
 VDWAALS =    19662.1643  EEL     =  -150061.9929  HBOND      =        0.0000
 1-4 VDW =      396.5700  1-4 EEL =     4578.9918  RESTRAINT  =        0.0000


   NSTEP       ENERGY          RMS            GMAX         NAME    NUMBER
    235      -1.1505E+05     4.4516E-01     2.8301E+01     OG       1558

 BOND    =     8416.9445  ANGLE   =      351.3990  DIHED      =     1626.2396
 VDWAALS =    19672.5965  EEL     =  -150088.5173  HBOND      =        0.0000
 1-4 VDW =      396.0568  1-4 EEL =     4579.3056  RESTRAINT  =        0.0000


   NSTEP       ENERGY          RMS            GMAX         NAME    NUMBER
    240      -1.1507E+05     4.9705E-01     3.1911E+01     O        8122

 BOND    =     8431.8310  ANGLE   =      346.0897  DIHED      =     1624.4773
 VDWAALS =    19694.8395  EEL     =  -150140.8329  HBOND      =        0.0000
 1-4 VDW =      396.5834  1-4 EEL =     4580.3801  RESTRAINT  =        0.0000


   NSTEP       ENERGY          RMS            GMAX         NAME    NUMBER
    245      -1.1511E+05     6.1042E-01     5.0966E+01     CD       1005

 BOND    =     8435.1314  ANGLE   =      343.6385  DIHED      =     1621.0605
 VDWAALS =    19755.8934  EEL     =  -150248.5857  HBOND      =        0.0000
 1-4 VDW =      401.6767  1-4 EEL =     4583.6603  RESTRAINT  =        0.0000


   NSTEP       ENERGY          RMS            GMAX         NAME    NUMBER
    250      -1.1513E+05     6.0796E-01     3.5601E+01     CB       1555

 BOND    =     8427.6044  ANGLE   =      351.4964  DIHED      =     1619.9001
 VDWAALS =    19780.1665  EEL     =  -150294.7985  HBOND      =        0.0000
 1-4 VDW =      403.9029  1-4 EEL =     4582.3814  RESTRAINT  =        0.0000


   NSTEP       ENERGY          RMS            GMAX         NAME    NUMBER
    255      -1.1513E+05     5.3030E-01     3.0488E+01     CB       1555

 BOND    =     8425.4658  ANGLE   =      350.7544  DIHED      =     1619.8464
 VDWAALS =    19780.1533  EEL     =  -150294.1290  HBOND      =        0.0000
 1-4 VDW =      403.8552  1-4 EEL =     4582.3837  RESTRAINT  =        0.0000


   NSTEP       ENERGY          RMS            GMAX         NAME    NUMBER
    260      -1.1516E+05     4.6740E-01     2.9161E+01     CD       1005

 BOND    =     8423.9273  ANGLE   =      341.7231  DIHED      =     1619.7841
 VDWAALS =    19781.8909  EEL     =  -150309.5454  HBOND      =        0.0000
 1-4 VDW =      401.7019  1-4 EEL =     4582.1819  RESTRAINT  =        0.0000


   NSTEP       ENERGY          RMS            GMAX         NAME    NUMBER
    265      -1.1518E+05     4.8062E-01     3.3689E+01     O        8122

 BOND    =     8438.3116  ANGLE   =      342.4053  DIHED      =     1619.0275
 VDWAALS =    19783.0490  EEL     =  -150344.1647  HBOND      =        0.0000
 1-4 VDW =      398.9230  1-4 EEL =     4580.0673  RESTRAINT  =        0.0000


   NSTEP       ENERGY          RMS            GMAX         NAME    NUMBER
    270      -1.1521E+05     4.2340E-01     2.3178E+01     CD       1005

 BOND    =     8435.5632  ANGLE   =      349.8773  DIHED      =     1620.3701
 VDWAALS =    19803.1256  EEL     =  -150400.7244  HBOND      =        0.0000
 1-4 VDW =      397.7439  1-4 EEL =     4579.5343  RESTRAINT  =        0.0000


   NSTEP       ENERGY          RMS            GMAX         NAME    NUMBER
    275      -1.1524E+05     6.6969E-01     4.6972E+01     CD       1005

 BOND    =     8457.8054  ANGLE   =      360.4173  DIHED      =     1622.4798
 VDWAALS =    19844.9845  EEL     =  -150505.5635  HBOND      =        0.0000
 1-4 VDW =      396.1740  1-4 EEL =     4579.4149  RESTRAINT  =        0.0000


   NSTEP       ENERGY          RMS            GMAX         NAME    NUMBER
    280      -1.1525E+05     6.1401E-01     3.9334E+01     CD       1005

 BOND    =     8455.1074  ANGLE   =      359.8677  DIHED      =     1622.3680
 VDWAALS =    19845.0313  EEL     =  -150504.3337  HBOND      =        0.0000
 1-4 VDW =      396.1624  1-4 EEL =     4579.4107  RESTRAINT  =        0.0000


   NSTEP       ENERGY          RMS            GMAX         NAME    NUMBER
    285      -1.1528E+05     4.1619E-01     2.8526E+01     OG       1558

 BOND    =     8449.9996  ANGLE   =      347.4950  DIHED      =     1618.1699
 VDWAALS =    19854.5739  EEL     =  -150526.9767  HBOND      =        0.0000
 1-4 VDW =      395.3426  1-4 EEL =     4579.2295  RESTRAINT  =        0.0000


   NSTEP       ENERGY          RMS            GMAX         NAME    NUMBER
    290      -1.1530E+05     4.6518E-01     3.3150E+01     O        8122

 BOND    =     8460.4851  ANGLE   =      342.8802  DIHED      =     1616.6267
 VDWAALS =    19872.5913  EEL     =  -150567.7006  HBOND      =        0.0000
 1-4 VDW =      395.5245  1-4 EEL =     4579.1575  RESTRAINT  =        0.0000


   NSTEP       ENERGY          RMS            GMAX         NAME    NUMBER
    295      -1.1534E+05     6.5528E-01     5.5845E+01     CD       1005

 BOND    =     8471.5313  ANGLE   =      342.7470  DIHED      =     1613.6895
 VDWAALS =    19927.4730  EEL     =  -150673.2641  HBOND      =        0.0000
 1-4 VDW =      399.3297  1-4 EEL =     4581.1566  RESTRAINT  =        0.0000


   NSTEP       ENERGY          RMS            GMAX         NAME    NUMBER
    300      -1.1536E+05     5.9695E-01     3.0321E+01     CB       1555

 BOND    =     8460.4834  ANGLE   =      348.8483  DIHED      =     1612.8402
 VDWAALS =    19945.8967  EEL     =  -150705.4641  HBOND      =        0.0000
 1-4 VDW =      400.5373  1-4 EEL =     4579.9866  RESTRAINT  =        0.0000


   NSTEP       ENERGY          RMS            GMAX         NAME    NUMBER
    305      -1.1536E+05     5.0633E-01     2.5455E+01     CB       1555

 BOND    =     8459.4472  ANGLE   =      348.2493  DIHED      =     1612.7887
 VDWAALS =    19945.9373  EEL     =  -150706.1403  HBOND      =        0.0000
 1-4 VDW =      400.4802  1-4 EEL =     4579.9730  RESTRAINT  =        0.0000


   NSTEP       ENERGY          RMS            GMAX         NAME    NUMBER
    310      -1.1538E+05     4.6805E-01     1.9269E+01     OG       1558

 BOND    =     8461.0839  ANGLE   =      341.2017  DIHED      =     1613.0044
 VDWAALS =    19946.6829  EEL     =  -150722.6958  HBOND      =        0.0000
 1-4 VDW =      398.8030  1-4 EEL =     4579.2396  RESTRAINT  =        0.0000


   NSTEP       ENERGY          RMS            GMAX         NAME    NUMBER
    315      -1.1541E+05     6.0056E-01     3.4047E+01     CD       1005

 BOND    =     8470.0469  ANGLE   =      344.2052  DIHED      =     1612.1559
 VDWAALS =    19950.4919  EEL     =  -150763.0397  HBOND      =        0.0000
 1-4 VDW =      396.5355  1-4 EEL =     4577.7262  RESTRAINT  =        0.0000


   NSTEP       ENERGY          RMS            GMAX         NAME    NUMBER
    320      -1.1544E+05     5.0908E-01     3.4474E+01     OG       1558

 BOND    =     8467.7818  ANGLE   =      348.0725  DIHED      =     1613.3429
 VDWAALS =    19967.9829  EEL     =  -150806.8019  HBOND      =        0.0000
 1-4 VDW =      396.2044  1-4 EEL =     4578.1385  RESTRAINT  =        0.0000


   NSTEP       ENERGY          RMS            GMAX         NAME    NUMBER
    325      -1.1549E+05     6.4972E-01     3.6550E+01     O        8122

 BOND    =     8485.8122  ANGLE   =      354.1031  DIHED      =     1614.0244
 VDWAALS =    20022.2115  EEL     =  -150941.7429  HBOND      =        0.0000
 1-4 VDW =      394.2790  1-4 EEL =     4578.3180  RESTRAINT  =        0.0000


   NSTEP       ENERGY          RMS            GMAX         NAME    NUMBER
    330      -1.1549E+05     5.9673E-01     3.2605E+01     O        8122

 BOND    =     8485.1309  ANGLE   =      353.6804  DIHED      =     1613.9317
 VDWAALS =    20022.2553  EEL     =  -150942.4557  HBOND      =        0.0000
 1-4 VDW =      394.2702  1-4 EEL =     4578.2927  RESTRAINT  =        0.0000


   NSTEP       ENERGY          RMS            GMAX         NAME    NUMBER
    335      -1.1552E+05     3.2858E-01     2.0060E+01     OG       1558

 BOND    =     8481.6627  ANGLE   =      344.8766  DIHED      =     1610.9746
 VDWAALS =    20029.4134  EEL     =  -150961.4137  HBOND      =        0.0000
 1-4 VDW =      393.9310  1-4 EEL =     4577.7785  RESTRAINT  =        0.0000


   NSTEP       ENERGY          RMS            GMAX         NAME    NUMBER
    340      -1.1554E+05     4.3220E-01     2.5399E+01     CD       1005

 BOND    =     8487.5143  ANGLE   =      342.7632  DIHED      =     1609.6260
 VDWAALS =    20045.1406  EEL     =  -150993.0918  HBOND      =        0.0000
 1-4 VDW =      393.9918  1-4 EEL =     4576.7543  RESTRAINT  =        0.0000


   NSTEP       ENERGY          RMS            GMAX         NAME    NUMBER
    345      -1.1558E+05     6.4000E-01     4.6164E+01     CB       1555

 BOND    =     8498.8550  ANGLE   =      344.1773  DIHED      =     1606.8411
 VDWAALS =    20112.9933  EEL     =  -151117.4469  HBOND      =        0.0000
 1-4 VDW =      398.0644  1-4 EEL =     4577.7681  RESTRAINT  =        0.0000


   NSTEP       ENERGY          RMS            GMAX         NAME    NUMBER
    350      -1.1560E+05     5.6630E-01     3.2122E+01     CD       1005

 BOND    =     8501.7891  ANGLE   =      354.2822  DIHED      =     1605.8245
 VDWAALS =    20142.7601  EEL     =  -151182.6659  HBOND      =        0.0000
 1-4 VDW =      399.7762  1-4 EEL =     4576.1690  RESTRAINT  =        0.0000


   NSTEP       ENERGY          RMS            GMAX         NAME    NUMBER
    355      -1.1560E+05     4.9500E-01     2.4087E+01     CD       1005

 BOND    =     8501.2612  ANGLE   =      353.7317  DIHED      =     1605.7835
 VDWAALS =    20142.6992  EEL     =  -151183.3662  HBOND      =        0.0000
 1-4 VDW =      399.7147  1-4 EEL =     4576.1589  RESTRAINT  =        0.0000


   NSTEP       ENERGY          RMS            GMAX         NAME    NUMBER
    360      -1.1564E+05     5.0698E-01     2.0795E+01     C         602

 BOND    =     8503.5045  ANGLE   =      343.9547  DIHED      =     1606.1956
 VDWAALS =    20138.6607  EEL     =  -151199.5981  HBOND      =        0.0000
 1-4 VDW =      396.9112  1-4 EEL =     4575.2614  RESTRAINT  =        0.0000


   NSTEP       ENERGY          RMS            GMAX         NAME    NUMBER
    365      -1.1566E+05     5.7934E-01     4.1176E+01     CD       1005

 BOND    =     8512.2592  ANGLE   =      344.2751  DIHED      =     1605.2552
 VDWAALS =    20139.0447  EEL     =  -151235.0420  HBOND      =        0.0000
 1-4 VDW =      394.4245  1-4 EEL =     4575.2637  RESTRAINT  =        0.0000


   NSTEP       ENERGY          RMS            GMAX         NAME    NUMBER
    370      -1.1568E+05     4.0477E-01     2.1500E+01     OG       1558

 BOND    =     8503.9224  ANGLE   =      345.8460  DIHED      =     1606.0247
 VDWAALS =    20150.9080  EEL     =  -151258.1806  HBOND      =        0.0000
 1-4 VDW =      394.2704  1-4 EEL =     4576.1879  RESTRAINT  =        0.0000


   NSTEP       ENERGY          RMS            GMAX         NAME    NUMBER
    375      -1.1572E+05     5.6207E-01     2.8986E+01     O        8122

 BOND    =     8521.7421  ANGLE   =      347.2889  DIHED      =     1605.7602
 VDWAALS =    20193.9067  EEL     =  -151362.2246  HBOND      =        0.0000
 1-4 VDW =      393.2512  1-4 EEL =     4577.4460  RESTRAINT  =        0.0000


   NSTEP       ENERGY          RMS            GMAX         NAME    NUMBER
    380      -1.1572E+05     5.0772E-01     2.5889E+01     O        8122

 BOND    =     8521.2733  ANGLE   =      346.9138  DIHED      =     1605.6834
 VDWAALS =    20193.9808  EEL     =  -151363.0830  HBOND      =        0.0000
 1-4 VDW =      393.2374  1-4 EEL =     4577.4105  RESTRAINT  =        0.0000


   NSTEP       ENERGY          RMS            GMAX         NAME    NUMBER
    385      -1.1574E+05     2.6260E-01     1.1540E+01     OG       1558

 BOND    =     8516.6282  ANGLE   =      342.0440  DIHED      =     1604.1090
 VDWAALS =    20198.3121  EEL     =  -151373.3137  HBOND      =        0.0000
 1-4 VDW =      392.9773  1-4 EEL =     4576.5823  RESTRAINT  =        0.0000


   NSTEP       ENERGY          RMS            GMAX         NAME    NUMBER
    390      -1.1575E+05     3.7417E-01     1.7735E+01     OG       1558

 BOND    =     8521.0035  ANGLE   =      342.0314  DIHED      =     1603.5500
 VDWAALS =    20209.0794  EEL     =  -151395.5726  HBOND      =        0.0000
 1-4 VDW =      392.8388  1-4 EEL =     4574.9156  RESTRAINT  =        0.0000


   NSTEP       ENERGY          RMS            GMAX         NAME    NUMBER
    395      -1.1584E+05     7.6689E-01     4.7212E+01     CB       1555

 BOND    =     8558.7257  ANGLE   =      355.2877  DIHED      =     1602.8011
 VDWAALS =    20338.6652  EEL     =  -151664.3316  HBOND      =        0.0000
 1-4 VDW =      398.0265  1-4 EEL =     4571.1781  RESTRAINT  =        0.0000


   NSTEP       ENERGY          RMS            GMAX         NAME    NUMBER
    400      -1.1592E+05     6.6842E-01     2.6788E+01     H1       3722

 BOND    =     8565.7935  ANGLE   =      377.6846  DIHED      =     1599.5105
 VDWAALS =    20482.0912  EEL     =  -151914.8280  HBOND      =        0.0000
 1-4 VDW =      403.5952  1-4 EEL =     4566.9770  RESTRAINT  =        0.0000


   NSTEP       ENERGY          RMS            GMAX         NAME    NUMBER
    405      -1.1592E+05     6.2352E-01     2.3065E+01     H1       3722

 BOND    =     8566.5545  ANGLE   =      377.2121  DIHED      =     1599.4583
 VDWAALS =    20481.8983  EEL     =  -151916.6030  HBOND      =        0.0000
 1-4 VDW =      403.5395  1-4 EEL =     4566.9429  RESTRAINT  =        0.0000


   NSTEP       ENERGY          RMS            GMAX         NAME    NUMBER
    410      -1.1600E+05     1.3057E+00     9.9555E+01     CG        611

 BOND    =     8606.5511  ANGLE   =      354.4312  DIHED      =     1597.9893
 VDWAALS =    20459.6148  EEL     =  -151974.9916  HBOND      =        0.0000
 1-4 VDW =      394.5053  1-4 EEL =     4566.6114  RESTRAINT  =        0.0000


   NSTEP       ENERGY          RMS            GMAX         NAME    NUMBER
    415      -1.1604E+05     4.3566E-01     2.0231E+01     CG        611

 BOND    =     8577.2344  ANGLE   =      343.4749  DIHED      =     1596.0127
 VDWAALS =    20459.2475  EEL     =  -151976.9407  HBOND      =        0.0000
 1-4 VDW =      392.6544  1-4 EEL =     4570.5426  RESTRAINT  =        0.0000


   NSTEP       ENERGY          RMS            GMAX         NAME    NUMBER
    420      -1.1605E+05     3.5423E-01     2.2067E+01     CD       1005

 BOND    =     8579.4949  ANGLE   =      341.3864  DIHED      =     1597.1722
 VDWAALS =    20470.3177  EEL     =  -152007.4975  HBOND      =        0.0000
 1-4 VDW =      390.8183  1-4 EEL =     4574.2703  RESTRAINT  =        0.0000


   NSTEP       ENERGY          RMS            GMAX         NAME    NUMBER
    425      -1.1607E+05     4.2639E-01     2.4229E+01     CD       1005

 BOND    =     8587.3894  ANGLE   =      344.1833  DIHED      =     1598.6456
 VDWAALS =    20483.8572  EEL     =  -152046.0431  HBOND      =        0.0000
 1-4 VDW =      390.1510  1-4 EEL =     4575.2422  RESTRAINT  =        0.0000


   NSTEP       ENERGY          RMS            GMAX         NAME    NUMBER
    430      -1.1607E+05     3.5215E-01     1.3622E+01     CD       1005

 BOND    =     8586.1588  ANGLE   =      343.9269  DIHED      =     1598.5079
 VDWAALS =    20484.0057  EEL     =  -152046.4516  HBOND      =        0.0000
 1-4 VDW =      390.1298  1-4 EEL =     4575.2373  RESTRAINT  =        0.0000


   NSTEP       ENERGY          RMS            GMAX         NAME    NUMBER
    435      -1.1608E+05     3.7845E-01     2.0384E+01     OG       1558

 BOND    =     8583.7164  ANGLE   =      340.5481  DIHED      =     1596.1901
 VDWAALS =    20488.9739  EEL     =  -152057.7759  HBOND      =        0.0000
 1-4 VDW =      390.3969  1-4 EEL =     4574.1409  RESTRAINT  =        0.0000


   NSTEP       ENERGY          RMS            GMAX         NAME    NUMBER
    440      -1.1611E+05     4.4792E-01     2.5189E+01     CB       1555

 BOND    =     8597.7703  ANGLE   =      342.2782  DIHED      =     1595.0382
 VDWAALS =    20520.7217  EEL     =  -152128.0366  HBOND      =        0.0000
 1-4 VDW =      392.7672  1-4 EEL =     4569.7867  RESTRAINT  =        0.0000


   NSTEP       ENERGY          RMS            GMAX         NAME    NUMBER
    445      -1.1613E+05     4.9384E-01     3.0822E+01     CD        262

 BOND    =     8593.7011  ANGLE   =      345.2498  DIHED      =     1593.9346
 VDWAALS =    20550.1978  EEL     =  -152175.1115  HBOND      =        0.0000
 1-4 VDW =      394.9421  1-4 EEL =     4570.4236  RESTRAINT  =        0.0000


   NSTEP       ENERGY          RMS            GMAX         NAME    NUMBER
    450      -1.1617E+05     5.5926E-01     2.3662E+01     CD        262

 BOND    =     8604.0464  ANGLE   =      355.9843  DIHED      =     1593.0060
 VDWAALS =    20608.3969  EEL     =  -152295.8826  HBOND      =        0.0000
 1-4 VDW =      396.8342  1-4 EEL =     4571.0410  RESTRAINT  =        0.0000


   NSTEP       ENERGY          RMS            GMAX         NAME    NUMBER
    455      -1.1617E+05     5.1005E-01     1.8647E+01     CD        262

 BOND    =     8603.8507  ANGLE   =      355.3868  DIHED      =     1592.9699
 VDWAALS =    20608.2836  EEL     =  -152296.4473  HBOND      =        0.0000
 1-4 VDW =      396.7865  1-4 EEL =     4571.0034  RESTRAINT  =        0.0000


   NSTEP       ENERGY          RMS            GMAX         NAME    NUMBER
    460      -1.1620E+05     6.0846E-01     3.4721E+01     CD        262

 BOND    =     8606.9864  ANGLE   =      344.9813  DIHED      =     1593.7718
 VDWAALS =    20603.4878  EEL     =  -152310.6151  HBOND      =        0.0000
 1-4 VDW =      393.1755  1-4 EEL =     4568.2362  RESTRAINT  =        0.0000


   NSTEP       ENERGY          RMS            GMAX         NAME    NUMBER
    465      -1.1622E+05     4.1919E-01     2.0385E+01     O        3721

 BOND    =     8611.5069  ANGLE   =      340.5413  DIHED      =     1592.5244
 VDWAALS =    20601.2537  EEL     =  -152328.4988  HBOND      =        0.0000
 1-4 VDW =      391.3216  1-4 EEL =     4569.6700  RESTRAINT  =        0.0000


   NSTEP       ENERGY          RMS            GMAX         NAME    NUMBER
    470      -1.1624E+05     4.4378E-01     3.6629E+01     CD       1005

 BOND    =     8611.6658  ANGLE   =      339.5727  DIHED      =     1593.4767
 VDWAALS =    20615.2508  EEL     =  -152364.0120  HBOND      =        0.0000
 1-4 VDW =      389.8693  1-4 EEL =     4573.9634  RESTRAINT  =        0.0000


   NSTEP       ENERGY          RMS            GMAX         NAME    NUMBER
    475      -1.1625E+05     3.8014E-01     1.9405E+01     O        3721

 BOND    =     8616.5844  ANGLE   =      341.0790  DIHED      =     1594.2650
 VDWAALS =    20625.3246  EEL     =  -152392.9104  HBOND      =        0.0000
 1-4 VDW =      389.7098  1-4 EEL =     4575.1989  RESTRAINT  =        0.0000


   NSTEP       ENERGY          RMS            GMAX         NAME    NUMBER
    480      -1.1625E+05     3.1256E-01     1.5517E+01     O        3721

 BOND    =     8615.7972  ANGLE   =      340.8175  DIHED      =     1594.1445
 VDWAALS =    20625.3868  EEL     =  -152393.4514  HBOND      =        0.0000
 1-4 VDW =      389.6933  1-4 EEL =     4575.1071  RESTRAINT  =        0.0000


   NSTEP       ENERGY          RMS            GMAX         NAME    NUMBER
    485      -1.1627E+05     3.6301E-01     2.2655E+01     CD       1005

 BOND    =     8616.0728  ANGLE   =      338.6349  DIHED      =     1592.4802
 VDWAALS =    20629.8490  EEL     =  -152405.2244  HBOND      =        0.0000
 1-4 VDW =      389.8024  1-4 EEL =     4573.1612  RESTRAINT  =        0.0000


   NSTEP       ENERGY          RMS            GMAX         NAME    NUMBER
    490      -1.1629E+05     3.6091E-01     2.0607E+01     CB       1555

 BOND    =     8625.1843  ANGLE   =      340.1764  DIHED      =     1591.7599
 VDWAALS =    20655.0508  EEL     =  -152460.6823  HBOND      =        0.0000
 1-4 VDW =      391.0666  1-4 EEL =     4569.4519  RESTRAINT  =        0.0000


   NSTEP       ENERGY          RMS            GMAX         NAME    NUMBER
    495      -1.1631E+05     4.9874E-01     3.7544E+01     CD        262

 BOND    =     8630.2046  ANGLE   =      343.7958  DIHED      =     1590.7559
 VDWAALS =    20696.8281  EEL     =  -152535.5274  HBOND      =        0.0000
 1-4 VDW =      393.6956  1-4 EEL =     4570.2422  RESTRAINT  =        0.0000


   NSTEP       ENERGY          RMS            GMAX         NAME    NUMBER
    500      -1.1635E+05     5.5000E-01     3.6423E+01     CD        262

 BOND    =     8637.2316  ANGLE   =      354.6449  DIHED      =     1589.8712
 VDWAALS =    20750.2037  EEL     =  -152648.4982  HBOND      =        0.0000
 1-4 VDW =      395.3771  1-4 EEL =     4571.2445  RESTRAINT  =        0.0000


  Maximum number of minimization cycles reached.


                    FINAL RESULTS



   NSTEP       ENERGY          RMS            GMAX         NAME    NUMBER
    500      -1.1635E+05     5.5000E-01     3.6423E+01     CD        262

 BOND    =     8637.2316  ANGLE   =      354.6449  DIHED      =     1589.8712
 VDWAALS =    20750.2037  EEL     =  -152648.4982  HBOND      =        0.0000
 1-4 VDW =      395.3771  1-4 EEL =     4571.2445  RESTRAINT  =        0.0000
--------------------------------------------------------------------------------
   5.  TIMINGS
--------------------------------------------------------------------------------

|  NonSetup CPU Time in Major Routines:
|
|     Routine           Sec        %
|     ------------------------------
|     Nonbond         106.23   97.49
|     Bond              0.37    0.34
|     Angle             0.42    0.39
|     Dihedral          1.48    1.36
|     Shake             0.00    0.00
|     Other             0.46    0.43
|     ------------------------------
|     Total           108.97

|  PME Nonbond Pairlist CPU Time:
|
|     Routine              Sec        %
|     ---------------------------------
|     Set Up Cit           0.02    0.01
|     Build List           1.30    1.20
|     ---------------------------------
|     Total                1.32    1.21

|  PME Direct Force CPU Time:
|
|     Routine              Sec        %
|     ---------------------------------
|     NonBonded Calc      61.37   56.32
|     Exclude Masked       1.14    1.04
|     Other                0.34    0.31
|     ---------------------------------
|     Total               62.85   57.67

|  PME Reciprocal Force CPU Time:
|
|     Routine              Sec        %
|     ---------------------------------
|     1D bspline           1.06    0.97
|     Grid Charges         2.35    2.15
|     Scalar Sum          22.72   20.85
|     Gradient Sum         3.56    3.27
|     FFT                 12.31   11.30
|     ---------------------------------
|     Total               42.00   38.54

|  Setup CPU time:            0.20 seconds
|  NonSetup CPU time:       108.97 seconds
|  Total CPU time:          109.18 seconds     0.03 hours

|  Setup wall time:           0    seconds
|  NonSetup wall time:      109    seconds
|  Total wall time:         109    seconds     0.03 hours
